{"target": 0.6484144, "params": {"max_depth": 4.768564841838636, "min_child_weight": 3.1135910406089757}, "datetime": {"datetime": "2020-04-24 21:24:10", "elapsed": 397.797885, "delta": 2.685995}}
{"target": 0.6484144, "params": {"max_depth": 4.771689571468244, "min_child_weight": 3.1799298285766433}, "datetime": {"datetime": "2020-04-24 21:24:13", "elapsed": 401.094994, "delta": 3.297109}}
{"target": 0.6484144, "params": {"max_depth": 4.942560495894417, "min_child_weight": 3.2320471081728224}, "datetime": {"datetime": "2020-04-24 21:24:16", "elapsed": 403.775879, "delta": 2.680885}}
{"target": 0.6484144, "params": {"max_depth": 4.954228476680836, "min_child_weight": 3.0109898977108527}, "datetime": {"datetime": "2020-04-24 21:24:19", "elapsed": 406.9436, "delta": 3.167721}}
{"target": 0.6484144, "params": {"max_depth": 4.846120634574963, "min_child_weight": 3.2410530833790694}, "datetime": {"datetime": "2020-04-24 21:24:22", "elapsed": 409.657333, "delta": 2.713733}}
{"target": 0.6484144, "params": {"max_depth": 4.884773934005236, "min_child_weight": 3.095496118895885}, "datetime": {"datetime": "2020-04-24 21:24:25", "elapsed": 412.792306, "delta": 3.134973}}
{"target": 0.6484144, "params": {"max_depth": 4.861003239916363, "min_child_weight": 3.089873439921493}, "datetime": {"datetime": "2020-04-24 21:24:28", "elapsed": 415.345338, "delta": 2.553032}}
{"target": 0.6484144, "params": {"max_depth": 4.961289007412848, "min_child_weight": 2.841677673047557}, "datetime": {"datetime": "2020-04-24 21:24:31", "elapsed": 418.623236, "delta": 3.277898}}
{"target": 0.6484144, "params": {"max_depth": 5.072761226854284, "min_child_weight": 2.8763638536075713}, "datetime": {"datetime": "2020-04-24 21:24:34", "elapsed": 421.343199, "delta": 2.719963}}
{"target": 0.6484144, "params": {"max_depth": 4.881814002785142, "min_child_weight": 3.2053886605998496}, "datetime": {"datetime": "2020-04-24 21:24:37", "elapsed": 424.161289, "delta": 2.81809}}
{"target": 0.6484144, "params": {"max_depth": 5.006089951333976, "min_child_weight": 2.7973767397414684}, "datetime": {"datetime": "2020-04-24 21:24:40", "elapsed": 427.254347, "delta": 3.093058}}
{"target": 0.6484144, "params": {"max_depth": 4.8850978467601855, "min_child_weight": 3.2068742198739457}, "datetime": {"datetime": "2020-04-24 21:24:43", "elapsed": 430.6402, "delta": 3.385853}}
{"target": 0.6484144, "params": {"max_depth": 4.832410735017325, "min_child_weight": 3.2095927288235524}, "datetime": {"datetime": "2020-04-24 21:24:46", "elapsed": 433.770063, "delta": 3.129863}}
{"target": 0.6484144, "params": {"max_depth": 4.989863012815089, "min_child_weight": 2.902049530600964}, "datetime": {"datetime": "2020-04-24 21:24:50", "elapsed": 437.546158, "delta": 3.776095}}
{"target": 0.6484144, "params": {"max_depth": 4.999467995798219, "min_child_weight": 2.823873598835169}, "datetime": {"datetime": "2020-04-24 21:24:53", "elapsed": 440.770265, "delta": 3.224107}}
{"target": 0.6484144, "params": {"max_depth": 4.8521088030209025, "min_child_weight": 3.1180886985218716}, "datetime": {"datetime": "2020-04-24 21:24:56", "elapsed": 443.523544, "delta": 2.753279}}
{"target": 0.6484144, "params": {"max_depth": 5.047729415536958, "min_child_weight": 2.796010219378107}, "datetime": {"datetime": "2020-04-24 21:24:59", "elapsed": 446.878609, "delta": 3.355065}}
{"target": 0.6484144, "params": {"max_depth": 4.780756204776713, "min_child_weight": 3.163268988995742}, "datetime": {"datetime": "2020-04-24 21:25:02", "elapsed": 449.718127, "delta": 2.839518}}
{"target": 0.6484144, "params": {"max_depth": 4.969448359776757, "min_child_weight": 3.0489130971029685}, "datetime": {"datetime": "2020-04-24 21:25:06", "elapsed": 453.231498, "delta": 3.513371}}
{"target": 0.6484144, "params": {"max_depth": 4.828916219728427, "min_child_weight": 3.1352290000036707}, "datetime": {"datetime": "2020-04-24 21:25:09", "elapsed": 456.308821, "delta": 3.077323}}
{"target": 0.6352162, "params": {"alpha": 0.9793378566099347, "lam": 0.6579473263776839, "max_depth": 5.0, "min_child_weight": 3.0}, "datetime": {"datetime": "2020-04-24 21:25:09", "elapsed": 457.099086, "delta": 0.790265}}
{"target": 0.6312412000000001, "params": {"alpha": 0.2209972334428434, "lam": 0.1994955113418121, "max_depth": 5.0, "min_child_weight": 3.0}, "datetime": {"datetime": "2020-04-24 21:25:10", "elapsed": 457.903902, "delta": 0.804816}}
{"target": 0.6310977999999999, "params": {"alpha": 0.17337650769472412, "lam": 0.6231492166730785, "max_depth": 5.0, "min_child_weight": 3.0}, "datetime": {"datetime": "2020-04-24 21:25:11", "elapsed": 458.708183, "delta": 0.804281}}
{"target": 0.6384019999999999, "params": {"alpha": 0.10607900431978123, "lam": 0.6675009318385379, "max_depth": 5.0, "min_child_weight": 3.0}, "datetime": {"datetime": "2020-04-24 21:25:12", "elapsed": 459.507263, "delta": 0.79908}}
{"target": 0.6377572, "params": {"alpha": 0.3912925938925954, "lam": 0.42658248097236273, "max_depth": 5.0, "min_child_weight": 3.0}, "datetime": {"datetime": "2020-04-24 21:25:13", "elapsed": 460.295135, "delta": 0.787872}}
{"target": 0.6294458, "params": {"alpha": 0.11268119842470559, "lam": 0.4817840545209916, "max_depth": 5.0, "min_child_weight": 3.0}, "datetime": {"datetime": "2020-04-24 21:25:13", "elapsed": 461.081777, "delta": 0.786642}}
{"target": 0.6268960000000001, "params": {"alpha": 0.7332455262691608, "lam": 0.008988609669551506, "max_depth": 5.0, "min_child_weight": 3.0}, "datetime": {"datetime": "2020-04-24 21:25:14", "elapsed": 461.869343, "delta": 0.787566}}
{"target": 0.6320834, "params": {"alpha": 0.047492234557942714, "lam": 0.9001702562639815, "max_depth": 5.0, "min_child_weight": 3.0}, "datetime": {"datetime": "2020-04-24 21:25:15", "elapsed": 462.654484, "delta": 0.785141}}
{"target": 0.632738, "params": {"alpha": 0.5201520910508254, "lam": 0.2208451319763305, "max_depth": 5.0, "min_child_weight": 3.0}, "datetime": {"datetime": "2020-04-24 21:25:16", "elapsed": 463.448105, "delta": 0.793621}}
{"target": 0.631572, "params": {"alpha": 0.3330253993111123, "lam": 0.24166237636116672, "max_depth": 5.0, "min_child_weight": 3.0}, "datetime": {"datetime": "2020-04-24 21:25:17", "elapsed": 464.249223, "delta": 0.801118}}
{"target": 0.6500958, "params": {"alpha": 1.0, "lam": 1.0, "max_depth": 5.0, "min_child_weight": 3.0}, "datetime": {"datetime": "2020-04-24 21:25:18", "elapsed": 465.318643, "delta": 1.06942}}
{"target": 0.6260070000000001, "params": {"alpha": 0.0, "lam": 0.0, "max_depth": 5.0, "min_child_weight": 3.0}, "datetime": {"datetime": "2020-04-24 21:25:19", "elapsed": 466.473968, "delta": 1.155325}}
{"target": 0.6500980000000001, "params": {"alpha": 0.6769360266783939, "lam": 1.0, "max_depth": 5.0, "min_child_weight": 3.0}, "datetime": {"datetime": "2020-04-24 21:25:20", "elapsed": 467.700765, "delta": 1.226797}}
{"target": 0.6260305999999999, "params": {"alpha": 1.0, "lam": 0.0, "max_depth": 5.0, "min_child_weight": 3.0}, "datetime": {"datetime": "2020-04-24 21:25:21", "elapsed": 468.886002, "delta": 1.185237}}
{"target": 0.6265259999999999, "params": {"alpha": 0.7065472865652825, "lam": 0.7595560660463707, "max_depth": 5.0, "min_child_weight": 3.0}, "datetime": {"datetime": "2020-04-24 21:25:22", "elapsed": 470.124723, "delta": 1.238721}}
{"target": 0.6400132000000001, "params": {"alpha": 0.9979782841329126, "lam": 0.30290769681404095, "max_depth": 5.0, "min_child_weight": 3.0}, "datetime": {"datetime": "2020-04-24 21:25:24", "elapsed": 471.262866, "delta": 1.138143}}
{"target": 0.6486753999999999, "params": {"alpha": 0.40604753022758977, "lam": 0.9973908927477305, "max_depth": 5.0, "min_child_weight": 3.0}, "datetime": {"datetime": "2020-04-24 21:25:25", "elapsed": 472.44474, "delta": 1.181874}}
{"target": 0.6500966, "params": {"alpha": 0.837831070598771, "lam": 0.9987334802681669, "max_depth": 5.0, "min_child_weight": 3.0}, "datetime": {"datetime": "2020-04-24 21:25:26", "elapsed": 473.627075, "delta": 1.182335}}
{"target": 0.6325082, "params": {"alpha": 0.7899098729664611, "lam": 0.3952931976364923, "max_depth": 5.0, "min_child_weight": 3.0}, "datetime": {"datetime": "2020-04-24 21:25:27", "elapsed": 475.06175, "delta": 1.434675}}
{"target": 0.6500988000000001, "params": {"alpha": 0.5560748300816711, "lam": 0.9997364372176587, "max_depth": 5.0, "min_child_weight": 3.0}, "datetime": {"datetime": "2020-04-24 21:25:29", "elapsed": 476.348041, "delta": 1.286291}}
{"target": 0.6500958000000001, "params": {"alpha": 0.9004906749320456, "lam": 0.998010013621952, "max_depth": 5.0, "min_child_weight": 3.0}, "datetime": {"datetime": "2020-04-24 21:25:30", "elapsed": 477.796408, "delta": 1.448367}}
{"target": 0.6500984, "params": {"alpha": 0.49924189957809517, "lam": 0.9991710648903731, "max_depth": 5.0, "min_child_weight": 3.0}, "datetime": {"datetime": "2020-04-24 21:25:32", "elapsed": 479.269651, "delta": 1.473243}}
{"target": 0.6500984, "params": {"alpha": 0.49924189957809517, "lam": 0.9991710648903731, "max_depth": 5.0, "min_child_weight": 3.0}, "datetime": {"datetime": "2020-04-24 21:25:32", "elapsed": 479.852651, "delta": 0.583}}
{"target": 0.6500984, "params": {"alpha": 0.49924189957809517, "lam": 0.9991710648903731, "max_depth": 5.0, "min_child_weight": 3.0}, "datetime": {"datetime": "2020-04-24 21:25:33", "elapsed": 480.46061, "delta": 0.607959}}
{"target": 0.6500984, "params": {"alpha": 0.49924189957809517, "lam": 0.9991710648903731, "max_depth": 5.0, "min_child_weight": 3.0}, "datetime": {"datetime": "2020-04-24 21:25:33", "elapsed": 481.033299, "delta": 0.572689}}
{"target": 0.6500976, "params": {"alpha": 0.7057371568632488, "lam": 0.9996272509677181, "max_depth": 5.0, "min_child_weight": 3.0}, "datetime": {"datetime": "2020-04-24 21:25:35", "elapsed": 482.366025, "delta": 1.332726}}
{"target": 0.6500976, "params": {"alpha": 0.7057371568632488, "lam": 0.9996272509677181, "max_depth": 5.0, "min_child_weight": 3.0}, "datetime": {"datetime": "2020-04-24 21:25:35", "elapsed": 482.911043, "delta": 0.545018}}
{"target": 0.6500986, "params": {"alpha": 0.5618272244007788, "lam": 0.999991880891375, "max_depth": 5.0, "min_child_weight": 3.0}, "datetime": {"datetime": "2020-04-24 21:25:37", "elapsed": 484.344303, "delta": 1.43326}}
{"target": 0.6500964, "params": {"alpha": 0.9198620600788082, "lam": 0.9999009142870087, "max_depth": 5.0, "min_child_weight": 3.0}, "datetime": {"datetime": "2020-04-24 21:25:38", "elapsed": 485.928238, "delta": 1.583935}}
{"target": 0.6499927999999999, "params": {"alpha": 0.9862757224201242, "lam": 0.9937376359928297, "max_depth": 5.0, "min_child_weight": 3.0}, "datetime": {"datetime": "2020-04-24 21:25:40", "elapsed": 487.315224, "delta": 1.386986}}
{"target": 0.6500968, "params": {"alpha": 0.8095758266862071, "lam": 0.9989956472273916, "max_depth": 5.0, "min_child_weight": 3.0}, "datetime": {"datetime": "2020-04-24 21:25:41", "elapsed": 488.824662, "delta": 1.509438}}
{"target": 0.6500968, "params": {"alpha": 0.8095758266862071, "lam": 0.9989956472273916, "max_depth": 5.0, "min_child_weight": 3.0}, "datetime": {"datetime": "2020-04-24 21:25:42", "elapsed": 489.287256, "delta": 0.462594}}
{"target": 0.6499931999999999, "params": {"alpha": 0.997488608532412, "lam": 0.9943974378501391, "max_depth": 5.0, "min_child_weight": 3.0}, "datetime": {"datetime": "2020-04-24 21:25:43", "elapsed": 490.634635, "delta": 1.347379}}
{"target": 0.6499931999999999, "params": {"alpha": 0.997488608532412, "lam": 0.9943974378501391, "max_depth": 5.0, "min_child_weight": 3.0}, "datetime": {"datetime": "2020-04-24 21:25:43", "elapsed": 491.07935, "delta": 0.444715}}
{"target": 0.6499931999999999, "params": {"alpha": 0.997488608532412, "lam": 0.9943974378501391, "max_depth": 5.0, "min_child_weight": 3.0}, "datetime": {"datetime": "2020-04-24 21:25:44", "elapsed": 491.760902, "delta": 0.681552}}
{"target": 0.6500980000000001, "params": {"alpha": 0.6266745171422609, "lam": 0.9999951988550315, "max_depth": 5.0, "min_child_weight": 3.0}, "datetime": {"datetime": "2020-04-24 21:25:46", "elapsed": 493.175111, "delta": 1.414209}}
{"target": 0.6500980000000001, "params": {"alpha": 0.6266745171422609, "lam": 0.9999951988550315, "max_depth": 5.0, "min_child_weight": 3.0}, "datetime": {"datetime": "2020-04-24 21:25:46", "elapsed": 493.769965, "delta": 0.594854}}
{"target": 0.6500968, "params": {"alpha": 0.7901017623005594, "lam": 0.9989873077785248, "max_depth": 5.0, "min_child_weight": 3.0}, "datetime": {"datetime": "2020-04-24 21:25:48", "elapsed": 495.301802, "delta": 1.531837}}
{"target": 0.650096, "params": {"alpha": 0.9684952607964148, "lam": 0.9996600908275548, "max_depth": 5.0, "min_child_weight": 3.0}, "datetime": {"datetime": "2020-04-24 21:25:49", "elapsed": 496.630483, "delta": 1.328681}}
{"target": 0.650096, "params": {"alpha": 0.9684952607964148, "lam": 0.9996600908275548, "max_depth": 5.0, "min_child_weight": 3.0}, "datetime": {"datetime": "2020-04-24 21:25:49", "elapsed": 497.037826, "delta": 0.407343}}
{"target": 0.6500964, "params": {"alpha": 0.9070611295951991, "lam": 0.9997396850669484, "max_depth": 5.0, "min_child_weight": 3.0}, "datetime": {"datetime": "2020-04-24 21:25:51", "elapsed": 498.504615, "delta": 1.466789}}
{"target": 0.6500959999999999, "params": {"alpha": 0.9980253824456572, "lam": 0.9997694223281028, "max_depth": 5.0, "min_child_weight": 3.0}, "datetime": {"datetime": "2020-04-24 21:25:52", "elapsed": 499.981756, "delta": 1.477141}}
{"target": 0.6500978, "params": {"alpha": 0.6708137734202531, "lam": 0.9995571651869842, "max_depth": 5.0, "min_child_weight": 3.0}, "datetime": {"datetime": "2020-04-24 21:25:54", "elapsed": 501.791819, "delta": 1.810063}}
{"target": 0.6500972, "params": {"alpha": 0.7418099228464812, "lam": 0.9999774664423257, "max_depth": 5.0, "min_child_weight": 3.0}, "datetime": {"datetime": "2020-04-24 21:25:56", "elapsed": 503.209148, "delta": 1.417329}}
{"target": 0.6500990000000001, "params": {"alpha": 0.4901995025684728, "lam": 0.9997533335211735, "max_depth": 5.0, "min_child_weight": 3.0}, "datetime": {"datetime": "2020-04-24 21:25:57", "elapsed": 504.554583, "delta": 1.345435}}
{"target": 0.6500972, "params": {"alpha": 0.8186036861739833, "lam": 0.9999110820117463, "max_depth": 5.0, "min_child_weight": 3.0}, "datetime": {"datetime": "2020-04-24 21:25:58", "elapsed": 506.050601, "delta": 1.496018}}
{"target": 0.6500986, "params": {"alpha": 0.5313967872728322, "lam": 0.9992915970941268, "max_depth": 5.0, "min_child_weight": 3.0}, "datetime": {"datetime": "2020-04-24 21:26:00", "elapsed": 507.62095, "delta": 1.570349}}
{"target": 0.6500953999999999, "params": {"alpha": 0.9971553755106195, "lam": 0.998927246086514, "max_depth": 5.0, "min_child_weight": 3.0}, "datetime": {"datetime": "2020-04-24 21:26:01", "elapsed": 508.974676, "delta": 1.353726}}
{"target": 0.6500982, "params": {"alpha": 0.6327499897252731, "lam": 0.999827669627175, "max_depth": 5.0, "min_child_weight": 3.0}, "datetime": {"datetime": "2020-04-24 21:26:03", "elapsed": 510.514828, "delta": 1.540152}}
{"target": 0.6500962, "params": {"alpha": 0.8998154777743539, "lam": 0.9995114401573063, "max_depth": 5.0, "min_child_weight": 3.0}, "datetime": {"datetime": "2020-04-24 21:26:04", "elapsed": 511.943787, "delta": 1.428959}}
{"target": 0.6500984000000001, "params": {"alpha": 0.5549783318875852, "lam": 0.9992667196921742, "max_depth": 5.0, "min_child_weight": 3.0}, "datetime": {"datetime": "2020-04-24 21:26:06", "elapsed": 513.377689, "delta": 1.433902}}
{"target": 0.6500966, "params": {"alpha": 0.8935688251274528, "lam": 0.9998768272312302, "max_depth": 5.0, "min_child_weight": 3.0}, "datetime": {"datetime": "2020-04-24 21:26:07", "elapsed": 514.815778, "delta": 1.438089}}
{"target": 0.6500958000000001, "params": {"alpha": 0.9974345540718451, "lam": 0.9992859029056295, "max_depth": 5.0, "min_child_weight": 3.0}, "datetime": {"datetime": "2020-04-24 21:26:09", "elapsed": 516.395613, "delta": 1.579835}}
{"target": 0.6500958000000001, "params": {"alpha": 0.9974345540718451, "lam": 0.9992859029056295, "max_depth": 5.0, "min_child_weight": 3.0}, "datetime": {"datetime": "2020-04-24 21:26:09", "elapsed": 517.01566, "delta": 0.620047}}
{"target": 0.6500958000000001, "params": {"alpha": 0.9974345540718451, "lam": 0.9992859029056295, "max_depth": 5.0, "min_child_weight": 3.0}, "datetime": {"datetime": "2020-04-24 21:26:10", "elapsed": 517.730509, "delta": 0.714849}}
{"target": 0.650099, "params": {"alpha": 0.48210978720906317, "lam": 0.9999698564415915, "max_depth": 5.0, "min_child_weight": 3.0}, "datetime": {"datetime": "2020-04-24 21:26:12", "elapsed": 519.429303, "delta": 1.698794}}
{"target": 0.650097, "params": {"alpha": 0.7917664494619121, "lam": 0.9996563063474299, "max_depth": 5.0, "min_child_weight": 3.0}, "datetime": {"datetime": "2020-04-24 21:26:13", "elapsed": 520.992387, "delta": 1.563084}}
{"target": 0.6500952, "params": {"alpha": 0.9992947526474107, "lam": 0.9983403557616702, "max_depth": 5.0, "min_child_weight": 3.0}, "datetime": {"datetime": "2020-04-24 21:26:15", "elapsed": 522.350948, "delta": 1.358561}}
{"target": 0.6500958, "params": {"alpha": 0.9999993025494267, "lam": 0.9999999896535465, "max_depth": 5.0, "min_child_weight": 3.0}, "datetime": {"datetime": "2020-04-24 21:26:16", "elapsed": 523.947646, "delta": 1.596698}}
{"target": 0.6500968, "params": {"alpha": 0.8146056331937157, "lam": 0.9996501925454511, "max_depth": 5.0, "min_child_weight": 3.0}, "datetime": {"datetime": "2020-04-24 21:26:18", "elapsed": 525.633342, "delta": 1.685696}}
{"target": 0.6500973999999999, "params": {"alpha": 0.7354783915151877, "lam": 0.9996630274973438, "max_depth": 5.0, "min_child_weight": 3.0}, "datetime": {"datetime": "2020-04-24 21:26:20", "elapsed": 527.235183, "delta": 1.601841}}
{"target": 0.6500973999999999, "params": {"alpha": 0.7354783915151877, "lam": 0.9996630274973438, "max_depth": 5.0, "min_child_weight": 3.0}, "datetime": {"datetime": "2020-04-24 21:26:20", "elapsed": 528.028447, "delta": 0.793264}}
{"target": 0.6500980000000001, "params": {"alpha": 0.6184990217152958, "lam": 0.9997214280518039, "max_depth": 5.0, "min_child_weight": 3.0}, "datetime": {"datetime": "2020-04-24 21:26:22", "elapsed": 529.593682, "delta": 1.565235}}
{"target": 0.6500986, "params": {"alpha": 0.5031509520791878, "lam": 0.9990841634817228, "max_depth": 5.0, "min_child_weight": 3.0}, "datetime": {"datetime": "2020-04-24 21:26:24", "elapsed": 531.164605, "delta": 1.570923}}
{"target": 0.6500984, "params": {"alpha": 0.573577510875018, "lam": 0.99941802190965, "max_depth": 5.0, "min_child_weight": 3.0}, "datetime": {"datetime": "2020-04-24 21:26:25", "elapsed": 532.816715, "delta": 1.65211}}
{"target": 0.6500984, "params": {"alpha": 0.573577510875018, "lam": 0.99941802190965, "max_depth": 5.0, "min_child_weight": 3.0}, "datetime": {"datetime": "2020-04-24 21:26:26", "elapsed": 533.776065, "delta": 0.95935}}
{"target": 0.6500966, "params": {"alpha": 0.9002756729794591, "lam": 0.9998423207200267, "max_depth": 5.0, "min_child_weight": 3.0}, "datetime": {"datetime": "2020-04-24 21:26:28", "elapsed": 535.473936, "delta": 1.697871}}
{"target": 0.6500990000000001, "params": {"alpha": 0.47824131623372323, "lam": 0.9998335763116774, "max_depth": 5.0, "min_child_weight": 3.0}, "datetime": {"datetime": "2020-04-24 21:26:29", "elapsed": 537.074782, "delta": 1.600846}}
{"target": 0.6500990000000001, "params": {"alpha": 0.47824131623372323, "lam": 0.9998335763116774, "max_depth": 5.0, "min_child_weight": 3.0}, "datetime": {"datetime": "2020-04-24 21:26:30", "elapsed": 537.979463, "delta": 0.904681}}
{"target": 0.6500986, "params": {"alpha": 0.5160863324756378, "lam": 0.9993951239598446, "max_depth": 5.0, "min_child_weight": 3.0}, "datetime": {"datetime": "2020-04-24 21:26:32", "elapsed": 539.813861, "delta": 1.834398}}
{"target": 0.6500982000000001, "params": {"alpha": 0.6227683979215899, "lam": 0.9999068169450408, "max_depth": 5.0, "min_child_weight": 3.0}, "datetime": {"datetime": "2020-04-24 21:26:34", "elapsed": 541.526512, "delta": 1.712651}}
{"target": 0.6500966, "params": {"alpha": 0.9066713867186863, "lam": 0.9999616287719254, "max_depth": 5.0, "min_child_weight": 3.0}, "datetime": {"datetime": "2020-04-24 21:26:36", "elapsed": 543.199343, "delta": 1.672831}}
{"target": 0.6500982, "params": {"alpha": 0.5827137933753023, "lam": 0.9997177196545871, "max_depth": 5.0, "min_child_weight": 3.0}, "datetime": {"datetime": "2020-04-24 21:26:37", "elapsed": 544.802327, "delta": 1.602984}}
{"target": 0.6500976, "params": {"alpha": 0.7181270994633099, "lam": 0.9995516271190716, "max_depth": 5.0, "min_child_weight": 3.0}, "datetime": {"datetime": "2020-04-24 21:26:39", "elapsed": 546.455703, "delta": 1.653376}}
{"target": 0.6500999999999999, "params": {"alpha": 0.34240805865124224, "lam": 0.9998898491403071, "max_depth": 5.0, "min_child_weight": 3.0}, "datetime": {"datetime": "2020-04-24 21:26:41", "elapsed": 548.188092, "delta": 1.732389}}
{"target": 0.6500999999999999, "params": {"alpha": 0.30037017438244673, "lam": 0.9999528482138702, "max_depth": 5.0, "min_child_weight": 3.0}, "datetime": {"datetime": "2020-04-24 21:26:42", "elapsed": 550.008922, "delta": 1.82083}}
{"target": 0.6500998000000001, "params": {"alpha": 0.38316863438060356, "lam": 0.9999791502297033, "max_depth": 5.0, "min_child_weight": 3.0}, "datetime": {"datetime": "2020-04-24 21:26:44", "elapsed": 551.816699, "delta": 1.807777}}
{"target": 0.6501005999999999, "params": {"alpha": 0.2591573438171202, "lam": 0.9999561852223213, "max_depth": 5.0, "min_child_weight": 3.0}, "datetime": {"datetime": "2020-04-24 21:26:46", "elapsed": 553.677464, "delta": 1.860765}}
{"target": 0.6260226, "params": {"alpha": 0.3030887286687347, "lam": 0.0008597853259237898, "max_depth": 5.0, "min_child_weight": 3.0}, "datetime": {"datetime": "2020-04-24 21:26:48", "elapsed": 555.53355, "delta": 1.856086}}
