{"target": 0.6484144, "params": {"max_depth": 4.8764753824902805, "min_child_weight": 3.2668156063275706}, "datetime": {"datetime": "2020-04-26 11:41:30", "elapsed": 162.967883, "delta": 2.032382}}
{"target": 0.6484144, "params": {"max_depth": 4.978258077114647, "min_child_weight": 3.168160726659366}, "datetime": {"datetime": "2020-04-26 11:41:32", "elapsed": 164.707194, "delta": 1.739311}}
{"target": 0.6484144, "params": {"max_depth": 5.014421377808198, "min_child_weight": 3.27353615487987}, "datetime": {"datetime": "2020-04-26 11:41:33", "elapsed": 166.621236, "delta": 1.914042}}
{"target": 0.6484144, "params": {"max_depth": 5.083663709895641, "min_child_weight": 3.1567891245149564}, "datetime": {"datetime": "2020-04-26 11:41:35", "elapsed": 168.412328, "delta": 1.791092}}
{"target": 0.6484144, "params": {"max_depth": 5.064377314428152, "min_child_weight": 3.173826068586213}, "datetime": {"datetime": "2020-04-26 11:41:37", "elapsed": 170.076385, "delta": 1.664057}}
{"target": 0.6484144, "params": {"max_depth": 5.047597231218884, "min_child_weight": 3.151497031545851}, "datetime": {"datetime": "2020-04-26 11:41:39", "elapsed": 172.10028, "delta": 2.023895}}
{"target": 0.6484144, "params": {"max_depth": 5.021965374497837, "min_child_weight": 3.210687253613217}, "datetime": {"datetime": "2020-04-26 11:41:41", "elapsed": 173.971435, "delta": 1.871155}}
{"target": 0.6484144, "params": {"max_depth": 5.033551795681367, "min_child_weight": 3.1296127371080686}, "datetime": {"datetime": "2020-04-26 11:41:43", "elapsed": 175.77138, "delta": 1.799945}}
{"target": 0.6484144, "params": {"max_depth": 4.866131383553398, "min_child_weight": 3.2249388412887487}, "datetime": {"datetime": "2020-04-26 11:41:44", "elapsed": 177.581976, "delta": 1.810596}}
{"target": 0.6484144, "params": {"max_depth": 5.041900854192238, "min_child_weight": 3.168085352607595}, "datetime": {"datetime": "2020-04-26 11:41:46", "elapsed": 179.430586, "delta": 1.84861}}
{"target": 0.6484144, "params": {"max_depth": 5.0133510013467255, "min_child_weight": 3.1563565030840275}, "datetime": {"datetime": "2020-04-26 11:41:48", "elapsed": 181.253786, "delta": 1.8232}}
{"target": 0.6484144, "params": {"max_depth": 5.058562571757324, "min_child_weight": 3.3164641779641464}, "datetime": {"datetime": "2020-04-26 11:41:50", "elapsed": 183.098449, "delta": 1.844663}}
{"target": 0.6484144, "params": {"max_depth": 5.031808023549235, "min_child_weight": 3.2016360087861204}, "datetime": {"datetime": "2020-04-26 11:41:52", "elapsed": 185.115562, "delta": 2.017113}}
{"target": 0.6484144, "params": {"max_depth": 4.935297243143976, "min_child_weight": 3.2481191897028663}, "datetime": {"datetime": "2020-04-26 11:41:54", "elapsed": 186.91038, "delta": 1.794818}}
{"target": 0.6484144, "params": {"max_depth": 5.034735865947903, "min_child_weight": 3.290222657521039}, "datetime": {"datetime": "2020-04-26 11:41:56", "elapsed": 188.962533, "delta": 2.052153}}
{"target": 0.6484144, "params": {"max_depth": 5.079700492170976, "min_child_weight": 3.1418067830435006}, "datetime": {"datetime": "2020-04-26 11:41:58", "elapsed": 190.951596, "delta": 1.989063}}
{"target": 0.6484144, "params": {"max_depth": 4.967597211813686, "min_child_weight": 3.200288683727811}, "datetime": {"datetime": "2020-04-26 11:42:00", "elapsed": 193.08013, "delta": 2.128534}}
{"target": 0.6484144, "params": {"max_depth": 5.038301077087329, "min_child_weight": 3.212285544856402}, "datetime": {"datetime": "2020-04-26 11:42:02", "elapsed": 195.087173, "delta": 2.007043}}
{"target": 0.6484144, "params": {"max_depth": 4.969649821114611, "min_child_weight": 3.1442916977401323}, "datetime": {"datetime": "2020-04-26 11:42:04", "elapsed": 197.126511, "delta": 2.039338}}
{"target": 0.6484144, "params": {"max_depth": 5.042053310927823, "min_child_weight": 3.32594465917228}, "datetime": {"datetime": "2020-04-26 11:42:06", "elapsed": 199.116878, "delta": 1.990367}}
{"target": 0.6484144, "params": {"max_depth": 5.058806626275594, "min_child_weight": 3.188355161449264}, "datetime": {"datetime": "2020-04-26 11:42:08", "elapsed": 201.199179, "delta": 2.082301}}
{"target": 0.6484144, "params": {"max_depth": 5.041451816941226, "min_child_weight": 3.1580894291634594}, "datetime": {"datetime": "2020-04-26 11:42:10", "elapsed": 203.208896, "delta": 2.009717}}
{"target": 0.6484144, "params": {"max_depth": 4.914754665737832, "min_child_weight": 3.2242295475690455}, "datetime": {"datetime": "2020-04-26 11:42:12", "elapsed": 205.043218, "delta": 1.834322}}
{"target": 0.6484144, "params": {"max_depth": 4.9028735680188005, "min_child_weight": 3.211714990527393}, "datetime": {"datetime": "2020-04-26 11:42:14", "elapsed": 206.980886, "delta": 1.937668}}
{"target": 0.6484144, "params": {"max_depth": 5.065441177621037, "min_child_weight": 3.106888937095535}, "datetime": {"datetime": "2020-04-26 11:42:16", "elapsed": 209.030764, "delta": 2.049878}}
{"target": 0.6484144, "params": {"max_depth": 5.078589664255945, "min_child_weight": 3.1332728679860002}, "datetime": {"datetime": "2020-04-26 11:42:18", "elapsed": 210.839731, "delta": 1.808967}}
{"target": 0.6484144, "params": {"max_depth": 5.00196282582654, "min_child_weight": 3.219430949670153}, "datetime": {"datetime": "2020-04-26 11:42:20", "elapsed": 212.665691, "delta": 1.82596}}
{"target": 0.6484144, "params": {"max_depth": 4.971092092582694, "min_child_weight": 3.1530390176871763}, "datetime": {"datetime": "2020-04-26 11:42:21", "elapsed": 214.446151, "delta": 1.78046}}
{"target": 0.6484144, "params": {"max_depth": 5.077152712165149, "min_child_weight": 3.188606922622353}, "datetime": {"datetime": "2020-04-26 11:42:23", "elapsed": 216.318962, "delta": 1.872811}}
{"target": 0.6484144, "params": {"max_depth": 5.016268543806246, "min_child_weight": 3.3836714466871367}, "datetime": {"datetime": "2020-04-26 11:42:26", "elapsed": 218.703074, "delta": 2.384112}}
{"target": 0.6484144, "params": {"max_depth": 5.113292206321636, "min_child_weight": 3.2330176539374755}, "datetime": {"datetime": "2020-04-26 11:42:28", "elapsed": 220.961822, "delta": 2.258748}}
{"target": 0.6484144, "params": {"max_depth": 5.051774772821392, "min_child_weight": 3.128846165656596}, "datetime": {"datetime": "2020-04-26 11:42:30", "elapsed": 222.943021, "delta": 1.981199}}
{"target": 0.6484144, "params": {"max_depth": 5.009971544508637, "min_child_weight": 3.2179176650165733}, "datetime": {"datetime": "2020-04-26 11:42:32", "elapsed": 224.933882, "delta": 1.990861}}
{"target": 0.6484144, "params": {"max_depth": 4.8665279551345915, "min_child_weight": 3.2716892847982444}, "datetime": {"datetime": "2020-04-26 11:42:34", "elapsed": 226.872595, "delta": 1.938713}}
{"target": 0.6484144, "params": {"max_depth": 5.060791117429504, "min_child_weight": 3.1354816559787295}, "datetime": {"datetime": "2020-04-26 11:42:36", "elapsed": 228.852201, "delta": 1.979606}}
{"target": 0.6484144, "params": {"max_depth": 5.017544744535449, "min_child_weight": 3.1883447208351434}, "datetime": {"datetime": "2020-04-26 11:42:38", "elapsed": 230.848333, "delta": 1.996132}}
{"target": 0.6484144, "params": {"max_depth": 4.917246976591301, "min_child_weight": 3.238898655570833}, "datetime": {"datetime": "2020-04-26 11:42:40", "elapsed": 233.386442, "delta": 2.538109}}
{"target": 0.6484144, "params": {"max_depth": 5.000782482237842, "min_child_weight": 3.203304425799436}, "datetime": {"datetime": "2020-04-26 11:42:42", "elapsed": 235.220447, "delta": 1.834005}}
{"target": 0.6484144, "params": {"max_depth": 5.019376949714048, "min_child_weight": 3.3571694376942207}, "datetime": {"datetime": "2020-04-26 11:42:44", "elapsed": 237.185261, "delta": 1.964814}}
{"target": 0.6484144, "params": {"max_depth": 5.056143276562073, "min_child_weight": 3.125676256976291}, "datetime": {"datetime": "2020-04-26 11:42:46", "elapsed": 239.378262, "delta": 2.193001}}
{"target": 0.6484144, "params": {"max_depth": 5.064623182905531, "min_child_weight": 3.2595388099645364}, "datetime": {"datetime": "2020-04-26 11:42:48", "elapsed": 241.424791, "delta": 2.046529}}
{"target": 0.6484144, "params": {"max_depth": 5.099194350780079, "min_child_weight": 3.178457469749446}, "datetime": {"datetime": "2020-04-26 11:42:50", "elapsed": 243.16072, "delta": 1.735929}}
{"target": 0.6484144, "params": {"max_depth": 5.045165886816553, "min_child_weight": 3.1897130870032666}, "datetime": {"datetime": "2020-04-26 11:42:52", "elapsed": 245.327728, "delta": 2.167008}}
{"target": 0.6484144, "params": {"max_depth": 4.988164890349843, "min_child_weight": 3.2166822978633083}, "datetime": {"datetime": "2020-04-26 11:42:54", "elapsed": 247.372122, "delta": 2.044394}}
{"target": 0.6484144, "params": {"max_depth": 5.069566577939522, "min_child_weight": 3.2437789274586137}, "datetime": {"datetime": "2020-04-26 11:42:56", "elapsed": 249.405399, "delta": 2.033277}}
{"target": 0.6484144, "params": {"max_depth": 4.9661124054456485, "min_child_weight": 3.1698744194477193}, "datetime": {"datetime": "2020-04-26 11:42:58", "elapsed": 251.550095, "delta": 2.144696}}
{"target": 0.6484144, "params": {"max_depth": 5.0304253525007825, "min_child_weight": 3.2361534180944256}, "datetime": {"datetime": "2020-04-26 11:43:01", "elapsed": 253.75141, "delta": 2.201315}}
{"target": 0.6484144, "params": {"max_depth": 5.027806852875207, "min_child_weight": 3.1267364540338303}, "datetime": {"datetime": "2020-04-26 11:43:03", "elapsed": 256.262554, "delta": 2.511144}}
{"target": 0.6484144, "params": {"max_depth": 4.960537541646071, "min_child_weight": 3.3187960075399805}, "datetime": {"datetime": "2020-04-26 11:43:05", "elapsed": 258.575694, "delta": 2.31314}}
{"target": 0.6484144, "params": {"max_depth": 4.850111513672045, "min_child_weight": 3.320061916724022}, "datetime": {"datetime": "2020-04-26 11:43:08", "elapsed": 260.680372, "delta": 2.104678}}
{"target": 0.6484144, "params": {"max_depth": 5.114627894236902, "min_child_weight": 3.2140043014280337}, "datetime": {"datetime": "2020-04-26 11:43:10", "elapsed": 262.780006, "delta": 2.099634}}
{"target": 0.6484144, "params": {"max_depth": 5.050434102766468, "min_child_weight": 3.222249566590302}, "datetime": {"datetime": "2020-04-26 11:43:12", "elapsed": 264.878364, "delta": 2.098358}}
{"target": 0.6484144, "params": {"max_depth": 5.07916257609602, "min_child_weight": 3.2318078482063015}, "datetime": {"datetime": "2020-04-26 11:43:14", "elapsed": 267.277252, "delta": 2.398888}}
{"target": 0.6484144, "params": {"max_depth": 4.9805727927823265, "min_child_weight": 3.2520370881208613}, "datetime": {"datetime": "2020-04-26 11:43:16", "elapsed": 269.453942, "delta": 2.17669}}
{"target": 0.6484144, "params": {"max_depth": 4.909135991853297, "min_child_weight": 3.1968811219443714}, "datetime": {"datetime": "2020-04-26 11:43:18", "elapsed": 271.509756, "delta": 2.055814}}
{"target": 0.6484144, "params": {"max_depth": 5.015480201271911, "min_child_weight": 3.1346081962055865}, "datetime": {"datetime": "2020-04-26 11:43:21", "elapsed": 273.748559, "delta": 2.238803}}
{"target": 0.6484144, "params": {"max_depth": 5.072774011998191, "min_child_weight": 3.204523748544158}, "datetime": {"datetime": "2020-04-26 11:43:23", "elapsed": 276.44678, "delta": 2.698221}}
{"target": 0.6484144, "params": {"max_depth": 4.8107423668311915, "min_child_weight": 3.3830566528913533}, "datetime": {"datetime": "2020-04-26 11:43:25", "elapsed": 278.518602, "delta": 2.071822}}
{"target": 0.6484144, "params": {"max_depth": 4.940254810634166, "min_child_weight": 3.217604161209957}, "datetime": {"datetime": "2020-04-26 11:43:28", "elapsed": 280.76929, "delta": 2.250688}}
{"target": 0.6484144, "params": {"max_depth": 5.063248905866187, "min_child_weight": 3.3306347736532462}, "datetime": {"datetime": "2020-04-26 11:43:29", "elapsed": 282.610919, "delta": 1.841629}}
{"target": 0.6484144, "params": {"max_depth": 5.028168094369327, "min_child_weight": 3.201221000930529}, "datetime": {"datetime": "2020-04-26 11:43:32", "elapsed": 285.305489, "delta": 2.69457}}
{"target": 0.6484144, "params": {"max_depth": 4.967454079147066, "min_child_weight": 3.3032513249339726}, "datetime": {"datetime": "2020-04-26 11:43:35", "elapsed": 287.661714, "delta": 2.356225}}
{"target": 0.6484144, "params": {"max_depth": 4.975715517088101, "min_child_weight": 3.1680208084950703}, "datetime": {"datetime": "2020-04-26 11:43:37", "elapsed": 289.935443, "delta": 2.273729}}
{"target": 0.6484144, "params": {"max_depth": 5.030033368291895, "min_child_weight": 3.2372114628258535}, "datetime": {"datetime": "2020-04-26 11:43:39", "elapsed": 292.043828, "delta": 2.108385}}
{"target": 0.6484144, "params": {"max_depth": 4.786411008769568, "min_child_weight": 3.3142960861087105}, "datetime": {"datetime": "2020-04-26 11:43:41", "elapsed": 294.188729, "delta": 2.144901}}
{"target": 0.6484144, "params": {"max_depth": 4.794631084680258, "min_child_weight": 3.33207329273734}, "datetime": {"datetime": "2020-04-26 11:43:43", "elapsed": 296.44386, "delta": 2.255131}}
{"target": 0.6484144, "params": {"max_depth": 4.959027176263867, "min_child_weight": 3.1777036745071716}, "datetime": {"datetime": "2020-04-26 11:43:46", "elapsed": 298.879983, "delta": 2.436123}}
{"target": 0.6484144, "params": {"max_depth": 4.893870571190761, "min_child_weight": 3.3085844796371164}, "datetime": {"datetime": "2020-04-26 11:43:49", "elapsed": 301.637122, "delta": 2.757139}}
{"target": 0.6484144, "params": {"max_depth": 4.889995197369403, "min_child_weight": 3.216139153788661}, "datetime": {"datetime": "2020-04-26 11:43:51", "elapsed": 304.175701, "delta": 2.538579}}
{"target": 0.6484144, "params": {"max_depth": 5.002545800761794, "min_child_weight": 3.2060918363823703}, "datetime": {"datetime": "2020-04-26 11:43:53", "elapsed": 306.276973, "delta": 2.101272}}
{"target": 0.6484144, "params": {"max_depth": 4.899407653627617, "min_child_weight": 3.2086799288873165}, "datetime": {"datetime": "2020-04-26 11:43:55", "elapsed": 308.578633, "delta": 2.30166}}
{"target": 0.6484144, "params": {"max_depth": 4.862988160593477, "min_child_weight": 3.2128038429086883}, "datetime": {"datetime": "2020-04-26 11:43:58", "elapsed": 311.081752, "delta": 2.503119}}
{"target": 0.6484144, "params": {"max_depth": 4.980893286934053, "min_child_weight": 3.3093265649897097}, "datetime": {"datetime": "2020-04-26 11:44:00", "elapsed": 313.304728, "delta": 2.222976}}
{"target": 0.6484144, "params": {"max_depth": 4.953614685822907, "min_child_weight": 3.161837263575544}, "datetime": {"datetime": "2020-04-26 11:44:03", "elapsed": 315.841495, "delta": 2.536767}}
{"target": 0.6484144, "params": {"max_depth": 5.0156942339038375, "min_child_weight": 3.225094315342317}, "datetime": {"datetime": "2020-04-26 11:44:05", "elapsed": 318.319698, "delta": 2.478203}}
{"target": 0.6484144, "params": {"max_depth": 5.00394430882122, "min_child_weight": 3.163789378095706}, "datetime": {"datetime": "2020-04-26 11:44:08", "elapsed": 320.982038, "delta": 2.66234}}
{"target": 0.6484144, "params": {"max_depth": 5.041509789215542, "min_child_weight": 3.2168173067759156}, "datetime": {"datetime": "2020-04-26 11:44:11", "elapsed": 323.645769, "delta": 2.663731}}
{"target": 0.6484144, "params": {"max_depth": 4.9758024592111925, "min_child_weight": 3.1480133140792583}, "datetime": {"datetime": "2020-04-26 11:44:13", "elapsed": 326.54094, "delta": 2.895171}}
{"target": 0.6484144, "params": {"max_depth": 4.916697426121142, "min_child_weight": 3.359652369893889}, "datetime": {"datetime": "2020-04-26 11:44:16", "elapsed": 329.452446, "delta": 2.911506}}
{"target": 0.6484144, "params": {"max_depth": 4.981784161469088, "min_child_weight": 3.3571131378092036}, "datetime": {"datetime": "2020-04-26 11:44:19", "elapsed": 332.57558, "delta": 3.123134}}
{"target": 0.6484144, "params": {"max_depth": 4.917234275745949, "min_child_weight": 3.229386741398864}, "datetime": {"datetime": "2020-04-26 11:44:22", "elapsed": 334.902251, "delta": 2.326671}}
{"target": 0.6484144, "params": {"max_depth": 4.779942233446091, "min_child_weight": 3.356680058647934}, "datetime": {"datetime": "2020-04-26 11:44:24", "elapsed": 337.529507, "delta": 2.627256}}
{"target": 0.6484144, "params": {"max_depth": 4.992917260686049, "min_child_weight": 3.380822753272156}, "datetime": {"datetime": "2020-04-26 11:44:27", "elapsed": 339.942303, "delta": 2.412796}}
{"target": 0.6484144, "params": {"max_depth": 5.014364386388216, "min_child_weight": 3.1313034044368493}, "datetime": {"datetime": "2020-04-26 11:44:29", "elapsed": 342.563105, "delta": 2.620802}}
{"target": 0.6484144, "params": {"max_depth": 4.914957014933082, "min_child_weight": 3.3775493662311487}, "datetime": {"datetime": "2020-04-26 11:44:32", "elapsed": 344.785638, "delta": 2.222533}}
{"target": 0.6484144, "params": {"max_depth": 5.041455786113223, "min_child_weight": 3.300662204779756}, "datetime": {"datetime": "2020-04-26 11:44:34", "elapsed": 347.535158, "delta": 2.74952}}
{"target": 0.6484144, "params": {"max_depth": 4.950148858900509, "min_child_weight": 3.215468309300979}, "datetime": {"datetime": "2020-04-26 11:44:37", "elapsed": 350.362547, "delta": 2.827389}}
{"target": 0.6484144, "params": {"max_depth": 4.997640110690194, "min_child_weight": 3.2437848150644415}, "datetime": {"datetime": "2020-04-26 11:44:40", "elapsed": 352.951984, "delta": 2.589437}}
{"target": 0.6484144, "params": {"max_depth": 5.097521690776704, "min_child_weight": 3.2551153641861568}, "datetime": {"datetime": "2020-04-26 11:44:43", "elapsed": 355.742305, "delta": 2.790321}}
{"target": 0.6484144, "params": {"max_depth": 5.050639328567389, "min_child_weight": 3.189686526579991}, "datetime": {"datetime": "2020-04-26 11:44:45", "elapsed": 358.112635, "delta": 2.37033}}
{"target": 0.6484144, "params": {"max_depth": 4.718422352911848, "min_child_weight": 3.374957226930799}, "datetime": {"datetime": "2020-04-26 11:44:48", "elapsed": 360.849377, "delta": 2.736742}}
{"target": 0.6484144, "params": {"max_depth": 4.849061525491262, "min_child_weight": 3.2070610312126857}, "datetime": {"datetime": "2020-04-26 11:44:50", "elapsed": 363.536424, "delta": 2.687047}}
{"target": 0.6484144, "params": {"max_depth": 4.857712975378, "min_child_weight": 3.362514954108403}, "datetime": {"datetime": "2020-04-26 11:44:53", "elapsed": 366.320927, "delta": 2.784503}}
{"target": 0.6484144, "params": {"max_depth": 4.66925192265678, "min_child_weight": 3.384597628021209}, "datetime": {"datetime": "2020-04-26 11:44:56", "elapsed": 369.083819, "delta": 2.762892}}
{"target": 0.6484144, "params": {"max_depth": 4.710000639371261, "min_child_weight": 3.342969017379985}, "datetime": {"datetime": "2020-04-26 11:44:59", "elapsed": 372.15591, "delta": 3.072091}}
{"target": 0.6484144, "params": {"max_depth": 4.857358748490747, "min_child_weight": 3.3838242497386632}, "datetime": {"datetime": "2020-04-26 11:45:02", "elapsed": 374.848634, "delta": 2.692724}}
{"target": 0.6484144, "params": {"max_depth": 4.7086294494221645, "min_child_weight": 3.341503165241031}, "datetime": {"datetime": "2020-04-26 11:45:05", "elapsed": 378.122101, "delta": 3.273467}}
{"target": 0.6484144, "params": {"max_depth": 4.732194875781736, "min_child_weight": 3.332465988354426}, "datetime": {"datetime": "2020-04-26 11:45:08", "elapsed": 380.764126, "delta": 2.642025}}
{"target": 0.6484144, "params": {"max_depth": 4.6309320310316515, "min_child_weight": 3.459899625747596}, "datetime": {"datetime": "2020-04-26 11:45:11", "elapsed": 383.7538, "delta": 2.989674}}
{"target": 0.6484144, "params": {"max_depth": 4.668335708712166, "min_child_weight": 3.3978294545492567}, "datetime": {"datetime": "2020-04-26 11:45:13", "elapsed": 386.58474, "delta": 2.83094}}
{"target": 0.6484144, "params": {"max_depth": 4.608085896511896, "min_child_weight": 3.4616326331255123}, "datetime": {"datetime": "2020-04-26 11:45:16", "elapsed": 389.048257, "delta": 2.463517}}
{"target": 0.6484144, "params": {"max_depth": 4.539471318463707, "min_child_weight": 3.4811901825955744}, "datetime": {"datetime": "2020-04-26 11:45:19", "elapsed": 391.740898, "delta": 2.692641}}
{"target": 0.6484144, "params": {"max_depth": 4.5098859485153735, "min_child_weight": 3.468054117818355}, "datetime": {"datetime": "2020-04-26 11:45:21", "elapsed": 394.625429, "delta": 2.884531}}
{"target": 0.6204322, "params": {"max_depth": 4.4901947802443996, "min_child_weight": 3.4803189691485388}, "datetime": {"datetime": "2020-04-26 11:45:24", "elapsed": 397.569942, "delta": 2.944513}}
{"target": 0.603758, "params": {"max_depth": 3.0, "min_child_weight": 8.625803020355901}, "datetime": {"datetime": "2020-04-26 11:45:27", "elapsed": 400.155548, "delta": 2.585606}}
{"target": 0.6357974, "params": {"max_depth": 5.145946243092804, "min_child_weight": 5.593968938254061}, "datetime": {"datetime": "2020-04-26 11:45:30", "elapsed": 402.844168, "delta": 2.68862}}
{"target": 0.5990164, "params": {"max_depth": 9.996259039860666, "min_child_weight": 2.8862007176047424}, "datetime": {"datetime": "2020-04-26 11:45:34", "elapsed": 406.64685, "delta": 3.802682}}
{"target": 0.599179, "params": {"max_depth": 3.0, "min_child_weight": 2.023506147550457}, "datetime": {"datetime": "2020-04-26 11:45:36", "elapsed": 409.248783, "delta": 2.601933}}
{"target": 0.611381, "params": {"max_depth": 7.4368493675638945, "min_child_weight": 2.424407413345989}, "datetime": {"datetime": "2020-04-26 11:45:39", "elapsed": 411.799659, "delta": 2.550876}}
{"target": 0.6135619999999999, "params": {"max_depth": 8.390252865430062, "min_child_weight": 3.7260303450637617}, "datetime": {"datetime": "2020-04-26 11:45:42", "elapsed": 414.739934, "delta": 2.940275}}
{"target": 0.604272, "params": {"max_depth": 8.943930016791349, "min_child_weight": 1.0072733002114718}, "datetime": {"datetime": "2020-04-26 11:45:45", "elapsed": 417.937658, "delta": 3.197724}}
{"target": 0.604073, "params": {"max_depth": 3.0214539754122645, "min_child_weight": 6.133682586624136}, "datetime": {"datetime": "2020-04-26 11:45:48", "elapsed": 420.772255, "delta": 2.834597}}
