{"target": 0.6064874, "params": {"alpha": 0.2591573438171202, "colsample_bytree": 0.5572064643117465, "lam": 0.9999561852223213, "max_depth": 5.0, "min_child_weight": 3.0, "subsample": 0.9}, "datetime": {"datetime": "2020-04-24 21:42:27", "elapsed": 1494.164043, "delta": 3.266318}}
