{"target": 0.6484144, "params": {"max_depth": 5.048842532805582, "min_child_weight": 2.7897326014792165}, "datetime": {"datetime": "2020-04-24 21:20:07", "elapsed": 155.010125, "delta": 1.624061}}
{"target": 0.6484144, "params": {"max_depth": 5.015129072053321, "min_child_weight": 2.9691964626118916}, "datetime": {"datetime": "2020-04-24 21:20:09", "elapsed": 156.748187, "delta": 1.738062}}
{"target": 0.6484144, "params": {"max_depth": 5.022097013547123, "min_child_weight": 2.9753542738146823}, "datetime": {"datetime": "2020-04-24 21:20:11", "elapsed": 158.514765, "delta": 1.766578}}
{"target": 0.6484144, "params": {"max_depth": 4.94572070484848, "min_child_weight": 3.066300639860708}, "datetime": {"datetime": "2020-04-24 21:20:13", "elapsed": 160.301905, "delta": 1.78714}}
{"target": 0.6432156, "params": {"max_depth": 6.333506241117448, "min_child_weight": 9.254448469234708}, "datetime": {"datetime": "2020-04-24 21:20:14", "elapsed": 162.083972, "delta": 1.782067}}
{"target": 0.6484144, "params": {"max_depth": 4.980228590749966, "min_child_weight": 3.140799001067929}, "datetime": {"datetime": "2020-04-24 21:20:16", "elapsed": 163.712511, "delta": 1.628539}}
{"target": 0.6484144, "params": {"max_depth": 4.938347405145459, "min_child_weight": 2.9749669661363565}, "datetime": {"datetime": "2020-04-24 21:20:18", "elapsed": 165.462811, "delta": 1.7503}}
{"target": 0.6484144, "params": {"max_depth": 4.8895916772722, "min_child_weight": 3.2148737527521316}, "datetime": {"datetime": "2020-04-24 21:20:20", "elapsed": 167.166251, "delta": 1.70344}}
{"target": 0.6484144, "params": {"max_depth": 4.988340711588856, "min_child_weight": 2.8566097664524404}, "datetime": {"datetime": "2020-04-24 21:20:21", "elapsed": 168.879276, "delta": 1.713025}}
{"target": 0.6484144, "params": {"max_depth": 4.932616278085021, "min_child_weight": 2.9651293416670192}, "datetime": {"datetime": "2020-04-24 21:20:23", "elapsed": 170.456606, "delta": 1.57733}}
{"target": 0.6484144, "params": {"max_depth": 4.8382694305275615, "min_child_weight": 3.132275087622837}, "datetime": {"datetime": "2020-04-24 21:20:25", "elapsed": 172.1909, "delta": 1.734294}}
{"target": 0.6484144, "params": {"max_depth": 4.967062370176219, "min_child_weight": 2.9071355018852474}, "datetime": {"datetime": "2020-04-24 21:20:26", "elapsed": 173.800586, "delta": 1.609686}}
{"target": 0.6484144, "params": {"max_depth": 4.854868355377075, "min_child_weight": 3.1946152001222927}, "datetime": {"datetime": "2020-04-24 21:20:28", "elapsed": 175.38032, "delta": 1.579734}}
{"target": 0.6484144, "params": {"max_depth": 4.983729115354488, "min_child_weight": 2.9508733165374283}, "datetime": {"datetime": "2020-04-24 21:20:29", "elapsed": 177.031242, "delta": 1.650922}}
{"target": 0.6484144, "params": {"max_depth": 4.9554000551679165, "min_child_weight": 3.0449640923864516}, "datetime": {"datetime": "2020-04-24 21:20:31", "elapsed": 178.653171, "delta": 1.621929}}
{"target": 0.6484144, "params": {"max_depth": 4.872827518365532, "min_child_weight": 3.086777225252489}, "datetime": {"datetime": "2020-04-24 21:20:33", "elapsed": 180.558735, "delta": 1.905564}}
{"target": 0.6484144, "params": {"max_depth": 4.98302855641796, "min_child_weight": 3.024501389534349}, "datetime": {"datetime": "2020-04-24 21:20:35", "elapsed": 182.232634, "delta": 1.673899}}
{"target": 0.6484144, "params": {"max_depth": 4.973510852572495, "min_child_weight": 2.8273395033880284}, "datetime": {"datetime": "2020-04-24 21:20:36", "elapsed": 184.119508, "delta": 1.886874}}
{"target": 0.6484144, "params": {"max_depth": 4.929213121258699, "min_child_weight": 3.0323203210298493}, "datetime": {"datetime": "2020-04-24 21:20:38", "elapsed": 185.926771, "delta": 1.807263}}
{"target": 0.6484144, "params": {"max_depth": 5.020090029966871, "min_child_weight": 2.806133158489674}, "datetime": {"datetime": "2020-04-24 21:20:40", "elapsed": 187.816582, "delta": 1.889811}}
{"target": 0.6484144, "params": {"max_depth": 4.792970432340237, "min_child_weight": 3.126063161856038}, "datetime": {"datetime": "2020-04-24 21:20:42", "elapsed": 189.634684, "delta": 1.818102}}
{"target": 0.6484144, "params": {"max_depth": 4.890180940450611, "min_child_weight": 3.0206702574050546}, "datetime": {"datetime": "2020-04-24 21:20:44", "elapsed": 191.253828, "delta": 1.619144}}
{"target": 0.6484144, "params": {"max_depth": 4.892128229017247, "min_child_weight": 3.1726688378066896}, "datetime": {"datetime": "2020-04-24 21:20:45", "elapsed": 192.958704, "delta": 1.704876}}
{"target": 0.6484144, "params": {"max_depth": 5.011199393225624, "min_child_weight": 2.87561201306655}, "datetime": {"datetime": "2020-04-24 21:20:47", "elapsed": 194.75057, "delta": 1.791866}}
{"target": 0.6484144, "params": {"max_depth": 4.890558228831935, "min_child_weight": 3.1802585436579767}, "datetime": {"datetime": "2020-04-24 21:20:49", "elapsed": 196.639975, "delta": 1.889405}}
{"target": 0.6484144, "params": {"max_depth": 4.9329641151608214, "min_child_weight": 2.8976601763709837}, "datetime": {"datetime": "2020-04-24 21:20:51", "elapsed": 198.425329, "delta": 1.785354}}
{"target": 0.6484144, "params": {"max_depth": 4.93293350285245, "min_child_weight": 3.1110330363667598}, "datetime": {"datetime": "2020-04-24 21:20:53", "elapsed": 200.584878, "delta": 2.159549}}
{"target": 0.6484144, "params": {"max_depth": 4.909341255982655, "min_child_weight": 2.9543933999469916}, "datetime": {"datetime": "2020-04-24 21:20:55", "elapsed": 202.417437, "delta": 1.832559}}
{"target": 0.6484144, "params": {"max_depth": 5.034333760838505, "min_child_weight": 2.9313442669545293}, "datetime": {"datetime": "2020-04-24 21:20:57", "elapsed": 204.341767, "delta": 1.92433}}
{"target": 0.6484144, "params": {"max_depth": 4.971069505137148, "min_child_weight": 3.174255599190006}, "datetime": {"datetime": "2020-04-24 21:20:59", "elapsed": 206.506997, "delta": 2.16523}}
{"target": 0.6484144, "params": {"max_depth": 4.99336846930801, "min_child_weight": 2.970920647700705}, "datetime": {"datetime": "2020-04-24 21:21:01", "elapsed": 208.528396, "delta": 2.021399}}
{"target": 0.6484144, "params": {"max_depth": 4.918684517435107, "min_child_weight": 3.091503382798418}, "datetime": {"datetime": "2020-04-24 21:21:03", "elapsed": 210.487297, "delta": 1.958901}}
{"target": 0.6484144, "params": {"max_depth": 4.913038972932753, "min_child_weight": 3.0087291509944674}, "datetime": {"datetime": "2020-04-24 21:21:05", "elapsed": 212.288832, "delta": 1.801535}}
{"target": 0.6484144, "params": {"max_depth": 5.01097741282888, "min_child_weight": 2.8026278660121604}, "datetime": {"datetime": "2020-04-24 21:21:07", "elapsed": 214.341881, "delta": 2.053049}}
{"target": 0.6484144, "params": {"max_depth": 5.056281448812103, "min_child_weight": 2.9566338519137414}, "datetime": {"datetime": "2020-04-24 21:21:09", "elapsed": 216.257304, "delta": 1.915423}}
{"target": 0.6484144, "params": {"max_depth": 4.9865579533242705, "min_child_weight": 3.125798699236204}, "datetime": {"datetime": "2020-04-24 21:21:10", "elapsed": 218.146894, "delta": 1.88959}}
{"target": 0.6484144, "params": {"max_depth": 4.782292773458586, "min_child_weight": 3.131529221607323}, "datetime": {"datetime": "2020-04-24 21:21:12", "elapsed": 220.023554, "delta": 1.87666}}
{"target": 0.6484144, "params": {"max_depth": 4.906964507587271, "min_child_weight": 2.9726215414090396}, "datetime": {"datetime": "2020-04-24 21:21:14", "elapsed": 221.926263, "delta": 1.902709}}
{"target": 0.6484144, "params": {"max_depth": 5.012868199260939, "min_child_weight": 2.8644467714175406}, "datetime": {"datetime": "2020-04-24 21:21:16", "elapsed": 223.721635, "delta": 1.795372}}
{"target": 0.6484144, "params": {"max_depth": 4.9427636410102345, "min_child_weight": 3.1253410932149652}, "datetime": {"datetime": "2020-04-24 21:21:18", "elapsed": 225.757609, "delta": 2.035974}}
{"target": 0.6484144, "params": {"max_depth": 4.904212800292388, "min_child_weight": 3.160069694775206}, "datetime": {"datetime": "2020-04-24 21:21:20", "elapsed": 227.810669, "delta": 2.05306}}
{"target": 0.6484144, "params": {"max_depth": 4.873385833759407, "min_child_weight": 3.071660026821515}, "datetime": {"datetime": "2020-04-24 21:21:22", "elapsed": 229.750681, "delta": 1.940012}}
{"target": 0.6484144, "params": {"max_depth": 4.917849919305445, "min_child_weight": 2.9835026367485313}, "datetime": {"datetime": "2020-04-24 21:21:24", "elapsed": 231.545258, "delta": 1.794577}}
{"target": 0.6484144, "params": {"max_depth": 5.039336721456134, "min_child_weight": 2.9279043738314012}, "datetime": {"datetime": "2020-04-24 21:21:26", "elapsed": 233.56976, "delta": 2.024502}}
{"target": 0.6484144, "params": {"max_depth": 4.889061238108029, "min_child_weight": 2.9727553606693844}, "datetime": {"datetime": "2020-04-24 21:21:28", "elapsed": 235.448531, "delta": 1.878771}}
{"target": 0.6484144, "params": {"max_depth": 4.913051610053016, "min_child_weight": 2.9817420576076374}, "datetime": {"datetime": "2020-04-24 21:21:30", "elapsed": 237.457294, "delta": 2.008763}}
{"target": 0.6484144, "params": {"max_depth": 4.897994472914083, "min_child_weight": 3.2075517819209276}, "datetime": {"datetime": "2020-04-24 21:21:32", "elapsed": 239.392188, "delta": 1.934894}}
{"target": 0.6484144, "params": {"max_depth": 5.0059181058241435, "min_child_weight": 2.8253983502954783}, "datetime": {"datetime": "2020-04-24 21:21:34", "elapsed": 241.256979, "delta": 1.864791}}
{"target": 0.6484144, "params": {"max_depth": 4.748988397778217, "min_child_weight": 3.1879832179016043}, "datetime": {"datetime": "2020-04-24 21:21:36", "elapsed": 243.26297, "delta": 2.005991}}
{"target": 0.6484144, "params": {"max_depth": 4.857915253493278, "min_child_weight": 3.156530901129858}, "datetime": {"datetime": "2020-04-24 21:21:38", "elapsed": 245.388497, "delta": 2.125527}}
{"target": 0.6484144, "params": {"max_depth": 4.766616284147542, "min_child_weight": 3.164423051228364}, "datetime": {"datetime": "2020-04-24 21:21:40", "elapsed": 247.466303, "delta": 2.077806}}
{"target": 0.6484144, "params": {"max_depth": 4.847392078126564, "min_child_weight": 3.2276563583941256}, "datetime": {"datetime": "2020-04-24 21:21:42", "elapsed": 249.702546, "delta": 2.236243}}
{"target": 0.6484144, "params": {"max_depth": 4.919200536306923, "min_child_weight": 3.0330763811617008}, "datetime": {"datetime": "2020-04-24 21:21:44", "elapsed": 251.700428, "delta": 1.997882}}
{"target": 0.6484144, "params": {"max_depth": 5.00180668311774, "min_child_weight": 2.877542485435513}, "datetime": {"datetime": "2020-04-24 21:21:46", "elapsed": 253.618845, "delta": 1.918417}}
{"target": 0.6484144, "params": {"max_depth": 4.946729882836841, "min_child_weight": 2.8785251523721254}, "datetime": {"datetime": "2020-04-24 21:21:48", "elapsed": 255.836946, "delta": 2.218101}}
{"target": 0.6484144, "params": {"max_depth": 4.789007886258876, "min_child_weight": 3.212473152441003}, "datetime": {"datetime": "2020-04-24 21:21:50", "elapsed": 257.801544, "delta": 1.964598}}
{"target": 0.6484144, "params": {"max_depth": 4.927278841675292, "min_child_weight": 2.924414155483058}, "datetime": {"datetime": "2020-04-24 21:21:52", "elapsed": 259.713791, "delta": 1.912247}}
{"target": 0.6484144, "params": {"max_depth": 4.951346942234724, "min_child_weight": 3.1051097444327826}, "datetime": {"datetime": "2020-04-24 21:21:54", "elapsed": 261.921282, "delta": 2.207491}}
{"target": 0.6484144, "params": {"max_depth": 4.931398725598367, "min_child_weight": 3.101012166553199}, "datetime": {"datetime": "2020-04-24 21:21:56", "elapsed": 263.93116, "delta": 2.009878}}
{"target": 0.6484144, "params": {"max_depth": 5.037891803981051, "min_child_weight": 2.7565826936814077}, "datetime": {"datetime": "2020-04-24 21:21:58", "elapsed": 265.907118, "delta": 1.975958}}
{"target": 0.6484144, "params": {"max_depth": 5.023778317784904, "min_child_weight": 2.786068074945095}, "datetime": {"datetime": "2020-04-24 21:22:00", "elapsed": 268.020674, "delta": 2.113556}}
{"target": 0.6484144, "params": {"max_depth": 4.935301119620677, "min_child_weight": 3.0606912383807}, "datetime": {"datetime": "2020-04-24 21:22:03", "elapsed": 270.365122, "delta": 2.344448}}
{"target": 0.6484144, "params": {"max_depth": 4.812767386509248, "min_child_weight": 3.216876541246904}, "datetime": {"datetime": "2020-04-24 21:22:05", "elapsed": 272.92115, "delta": 2.556028}}
{"target": 0.6484144, "params": {"max_depth": 5.030305236432898, "min_child_weight": 2.9429685323346866}, "datetime": {"datetime": "2020-04-24 21:22:07", "elapsed": 274.78495, "delta": 1.8638}}
{"target": 0.6484144, "params": {"max_depth": 4.845263456541335, "min_child_weight": 3.1703939003789}, "datetime": {"datetime": "2020-04-24 21:22:09", "elapsed": 276.868765, "delta": 2.083815}}
{"target": 0.6484144, "params": {"max_depth": 4.857263140042628, "min_child_weight": 3.1660804355279017}, "datetime": {"datetime": "2020-04-24 21:22:11", "elapsed": 278.944544, "delta": 2.075779}}
{"target": 0.6484144, "params": {"max_depth": 4.789570073553354, "min_child_weight": 3.116977963492559}, "datetime": {"datetime": "2020-04-24 21:22:14", "elapsed": 281.167962, "delta": 2.223418}}
{"target": 0.6484144, "params": {"max_depth": 4.9465959241013255, "min_child_weight": 2.918528107206216}, "datetime": {"datetime": "2020-04-24 21:22:16", "elapsed": 283.33513, "delta": 2.167168}}
{"target": 0.6484144, "params": {"max_depth": 4.897853084939713, "min_child_weight": 3.113299823656698}, "datetime": {"datetime": "2020-04-24 21:22:18", "elapsed": 285.866156, "delta": 2.531026}}
{"target": 0.6484144, "params": {"max_depth": 4.91306728494819, "min_child_weight": 3.143319737159548}, "datetime": {"datetime": "2020-04-24 21:22:20", "elapsed": 288.051713, "delta": 2.185557}}
{"target": 0.6484144, "params": {"max_depth": 5.041013253983582, "min_child_weight": 2.7805732293192693}, "datetime": {"datetime": "2020-04-24 21:22:23", "elapsed": 290.459758, "delta": 2.408045}}
{"target": 0.6484144, "params": {"max_depth": 4.958301284881736, "min_child_weight": 2.969840906589928}, "datetime": {"datetime": "2020-04-24 21:22:26", "elapsed": 293.199537, "delta": 2.739779}}
{"target": 0.6484144, "params": {"max_depth": 5.0436039690972745, "min_child_weight": 2.790443067218509}, "datetime": {"datetime": "2020-04-24 21:22:28", "elapsed": 295.41974, "delta": 2.220203}}
{"target": 0.6484144, "params": {"max_depth": 4.926533549469248, "min_child_weight": 3.0850899827330727}, "datetime": {"datetime": "2020-04-24 21:22:30", "elapsed": 297.524703, "delta": 2.104963}}
{"target": 0.6484144, "params": {"max_depth": 4.8855464456532225, "min_child_weight": 3.12276892313456}, "datetime": {"datetime": "2020-04-24 21:22:32", "elapsed": 299.896791, "delta": 2.372088}}
{"target": 0.6484144, "params": {"max_depth": 4.845886361392008, "min_child_weight": 3.2386841963706936}, "datetime": {"datetime": "2020-04-24 21:22:35", "elapsed": 302.210901, "delta": 2.31411}}
{"target": 0.6484144, "params": {"max_depth": 5.056603407916315, "min_child_weight": 2.7779024950143447}, "datetime": {"datetime": "2020-04-24 21:22:37", "elapsed": 304.43023, "delta": 2.219329}}
{"target": 0.6484144, "params": {"max_depth": 4.76413544427654, "min_child_weight": 3.201267042609768}, "datetime": {"datetime": "2020-04-24 21:22:39", "elapsed": 306.586394, "delta": 2.156164}}
{"target": 0.6484144, "params": {"max_depth": 4.942759006613062, "min_child_weight": 2.9580388230026613}, "datetime": {"datetime": "2020-04-24 21:22:41", "elapsed": 309.061934, "delta": 2.47554}}
{"target": 0.6484144, "params": {"max_depth": 5.025422019042419, "min_child_weight": 2.911457421769822}, "datetime": {"datetime": "2020-04-24 21:22:44", "elapsed": 311.393021, "delta": 2.331087}}
{"target": 0.6484144, "params": {"max_depth": 4.96422512891997, "min_child_weight": 2.828088615349123}, "datetime": {"datetime": "2020-04-24 21:22:46", "elapsed": 313.722778, "delta": 2.329757}}
{"target": 0.6484144, "params": {"max_depth": 4.960066961916596, "min_child_weight": 3.1233794377196875}, "datetime": {"datetime": "2020-04-24 21:22:49", "elapsed": 316.468789, "delta": 2.746011}}
{"target": 0.6484144, "params": {"max_depth": 4.904808300199839, "min_child_weight": 2.9998405830092896}, "datetime": {"datetime": "2020-04-24 21:22:51", "elapsed": 318.698001, "delta": 2.229212}}
{"target": 0.6484144, "params": {"max_depth": 4.898112707705727, "min_child_weight": 3.0160139141066624}, "datetime": {"datetime": "2020-04-24 21:22:53", "elapsed": 320.794266, "delta": 2.096265}}
{"target": 0.6484144, "params": {"max_depth": 5.063196309417358, "min_child_weight": 2.861869205649147}, "datetime": {"datetime": "2020-04-24 21:22:55", "elapsed": 322.880173, "delta": 2.085907}}
{"target": 0.6484144, "params": {"max_depth": 5.019349221158864, "min_child_weight": 2.766131980679261}, "datetime": {"datetime": "2020-04-24 21:22:58", "elapsed": 325.632381, "delta": 2.752208}}
{"target": 0.6484144, "params": {"max_depth": 4.861150597706982, "min_child_weight": 3.0474187083141677}, "datetime": {"datetime": "2020-04-24 21:23:01", "elapsed": 328.181916, "delta": 2.549535}}
{"target": 0.6484144, "params": {"max_depth": 4.927235907082149, "min_child_weight": 2.9708806874302836}, "datetime": {"datetime": "2020-04-24 21:23:03", "elapsed": 330.718565, "delta": 2.536649}}
{"target": 0.6484144, "params": {"max_depth": 4.892715848433202, "min_child_weight": 3.162935843968586}, "datetime": {"datetime": "2020-04-24 21:23:06", "elapsed": 333.327953, "delta": 2.609388}}
{"target": 0.6484144, "params": {"max_depth": 4.918343598511633, "min_child_weight": 3.118008650012131}, "datetime": {"datetime": "2020-04-24 21:23:08", "elapsed": 335.751796, "delta": 2.423843}}
{"target": 0.6484144, "params": {"max_depth": 5.007031028879366, "min_child_weight": 2.8211936254654804}, "datetime": {"datetime": "2020-04-24 21:23:11", "elapsed": 338.214846, "delta": 2.46305}}
{"target": 0.6484144, "params": {"max_depth": 4.869755997361105, "min_child_weight": 3.101606772887103}, "datetime": {"datetime": "2020-04-24 21:23:13", "elapsed": 340.804201, "delta": 2.589355}}
{"target": 0.6484144, "params": {"max_depth": 4.917773617857996, "min_child_weight": 3.0690055895010544}, "datetime": {"datetime": "2020-04-24 21:23:15", "elapsed": 343.06832, "delta": 2.264119}}
{"target": 0.6484144, "params": {"max_depth": 4.966858676353176, "min_child_weight": 2.8767686314749286}, "datetime": {"datetime": "2020-04-24 21:23:18", "elapsed": 345.405151, "delta": 2.336831}}
{"target": 0.6484144, "params": {"max_depth": 4.956802578611146, "min_child_weight": 2.899591162278201}, "datetime": {"datetime": "2020-04-24 21:23:21", "elapsed": 348.213868, "delta": 2.808717}}
{"target": 0.6484144, "params": {"max_depth": 5.042630271174592, "min_child_weight": 2.730506543916409}, "datetime": {"datetime": "2020-04-24 21:23:23", "elapsed": 350.311867, "delta": 2.097999}}
{"target": 0.6484144, "params": {"max_depth": 4.85451997385664, "min_child_weight": 3.158776332845167}, "datetime": {"datetime": "2020-04-24 21:23:25", "elapsed": 353.032643, "delta": 2.720776}}
{"target": 0.6484144, "params": {"max_depth": 4.857508200547551, "min_child_weight": 3.2230585397884686}, "datetime": {"datetime": "2020-04-24 21:23:28", "elapsed": 355.352383, "delta": 2.31974}}
{"target": 0.6484144, "params": {"max_depth": 5.05048212067102, "min_child_weight": 2.860015960768414}, "datetime": {"datetime": "2020-04-24 21:23:30", "elapsed": 358.151074, "delta": 2.798691}}
{"target": 0.6484144, "params": {"max_depth": 4.960300846898559, "min_child_weight": 3.0365162612041354}, "datetime": {"datetime": "2020-04-24 21:23:33", "elapsed": 360.769339, "delta": 2.618265}}
{"target": 0.6484144, "params": {"max_depth": 4.868994656831624, "min_child_weight": 3.0847977081519935}, "datetime": {"datetime": "2020-04-24 21:23:36", "elapsed": 363.414283, "delta": 2.644944}}
{"target": 0.6484144, "params": {"max_depth": 5.008740360143135, "min_child_weight": 2.842258402577291}, "datetime": {"datetime": "2020-04-24 21:23:38", "elapsed": 366.112775, "delta": 2.698492}}
{"target": 0.6484144, "params": {"max_depth": 5.0157313918178925, "min_child_weight": 2.9111237922610704}, "datetime": {"datetime": "2020-04-24 21:23:42", "elapsed": 369.30686, "delta": 3.194085}}
{"target": 0.6484144, "params": {"max_depth": 4.951331154596637, "min_child_weight": 2.9985162086512243}, "datetime": {"datetime": "2020-04-24 21:23:45", "elapsed": 372.351112, "delta": 3.044252}}
{"target": 0.6484144, "params": {"max_depth": 4.903773844104524, "min_child_weight": 2.9496412954016}, "datetime": {"datetime": "2020-04-24 21:23:47", "elapsed": 375.000467, "delta": 2.649355}}
{"target": 0.6484144, "params": {"max_depth": 4.927881552740844, "min_child_weight": 3.1451623857171893}, "datetime": {"datetime": "2020-04-24 21:23:50", "elapsed": 377.336701, "delta": 2.336234}}
{"target": 0.6484144, "params": {"max_depth": 5.027221244611787, "min_child_weight": 2.817273532326949}, "datetime": {"datetime": "2020-04-24 21:23:52", "elapsed": 379.782824, "delta": 2.446123}}
{"target": 0.6484144, "params": {"max_depth": 4.844755422750369, "min_child_weight": 3.256382345518786}, "datetime": {"datetime": "2020-04-24 21:23:55", "elapsed": 382.61958, "delta": 2.836756}}
{"target": 0.6484144, "params": {"max_depth": 5.009168485884862, "min_child_weight": 3.0366346535945916}, "datetime": {"datetime": "2020-04-24 21:23:58", "elapsed": 385.723495, "delta": 3.103915}}
{"target": 0.6484144, "params": {"max_depth": 4.72133602629354, "min_child_weight": 3.146621440830636}, "datetime": {"datetime": "2020-04-24 21:24:01", "elapsed": 388.879976, "delta": 3.156481}}
{"target": 0.6484144, "params": {"max_depth": 4.721930920280569, "min_child_weight": 3.218329270172844}, "datetime": {"datetime": "2020-04-24 21:24:05", "elapsed": 392.175492, "delta": 3.295516}}
{"target": 0.6484144, "params": {"max_depth": 4.839361044997443, "min_child_weight": 3.095293703586149}, "datetime": {"datetime": "2020-04-24 21:24:07", "elapsed": 395.11189, "delta": 2.936398}}
