{"target": 0.5932554, "params": {"alpha": 0.4182622485244081, "colsample_bytree": 0.5543188396481343, "lam": 0.9985278039074194, "max_depth": 5.0, "min_child_weight": 3.0, "subsample": 0.5004212633617239}, "datetime": {"datetime": "2020-04-26 11:59:14", "elapsed": 1227.396052, "delta": 3.050936}}
{"target": 0.6087232, "params": {"alpha": 0.4182622485244081, "colsample_bytree": 0.6063455858634458, "lam": 0.9985278039074194, "max_depth": 5.0, "min_child_weight": 3.0, "subsample": 0.8066889996580247}, "datetime": {"datetime": "2020-04-26 11:59:17", "elapsed": 1229.90153, "delta": 2.505478}}
{"target": 0.6176959999999999, "params": {"alpha": 0.4182622485244081, "colsample_bytree": 0.8989692997774917, "lam": 0.9985278039074194, "max_depth": 5.0, "min_child_weight": 3.0, "subsample": 0.5372017232036049}, "datetime": {"datetime": "2020-04-26 11:59:19", "elapsed": 1232.470287, "delta": 2.568757}}
{"target": 0.6244642, "params": {"alpha": 0.4182622485244081, "colsample_bytree": 0.8643362583062832, "lam": 0.9985278039074194, "max_depth": 5.0, "min_child_weight": 3.0, "subsample": 0.5008630406251113}, "datetime": {"datetime": "2020-04-26 11:59:22", "elapsed": 1235.027288, "delta": 2.557001}}
{"target": 0.6470296, "params": {"alpha": 0.4182622485244081, "colsample_bytree": 0.8782801028183795, "lam": 0.9985278039074194, "max_depth": 5.0, "min_child_weight": 3.0, "subsample": 0.8268530838040891}, "datetime": {"datetime": "2020-04-26 11:59:25", "elapsed": 1238.111653, "delta": 3.084365}}
{"target": 0.6295729999999999, "params": {"alpha": 0.4182622485244081, "colsample_bytree": 0.7075926907071343, "lam": 0.9985278039074194, "max_depth": 5.0, "min_child_weight": 3.0, "subsample": 0.8394329069678752}, "datetime": {"datetime": "2020-04-26 11:59:28", "elapsed": 1241.179013, "delta": 3.06736}}
{"target": 0.6051466, "params": {"alpha": 0.4182622485244081, "colsample_bytree": 0.5015140346285613, "lam": 0.9985278039074194, "max_depth": 5.0, "min_child_weight": 3.0, "subsample": 0.8534408983245112}, "datetime": {"datetime": "2020-04-26 11:59:31", "elapsed": 1244.211894, "delta": 3.032881}}
{"target": 0.6341393999999999, "params": {"alpha": 0.4182622485244081, "colsample_bytree": 0.7817513942424652, "lam": 0.9985278039074194, "max_depth": 5.0, "min_child_weight": 3.0, "subsample": 0.8317669261446078}, "datetime": {"datetime": "2020-04-26 11:59:34", "elapsed": 1246.945195, "delta": 2.733301}}
{"target": 0.6287052, "params": {"alpha": 0.4182622485244081, "colsample_bytree": 0.876801913009287, "lam": 0.9985278039074194, "max_depth": 5.0, "min_child_weight": 3.0, "subsample": 0.8046112032207524}, "datetime": {"datetime": "2020-04-26 11:59:36", "elapsed": 1249.493891, "delta": 2.548696}}
{"target": 0.6049733999999999, "params": {"alpha": 0.4182622485244081, "colsample_bytree": 0.7295696319813003, "lam": 0.9985278039074194, "max_depth": 5.0, "min_child_weight": 3.0, "subsample": 0.5498256131219731}, "datetime": {"datetime": "2020-04-26 11:59:39", "elapsed": 1252.138208, "delta": 2.644317}}
{"target": 0.6432392, "params": {"alpha": 0.4182622485244081, "colsample_bytree": 0.8983067888442731, "lam": 0.9985278039074194, "max_depth": 5.0, "min_child_weight": 3.0, "subsample": 0.8380893343001532}, "datetime": {"datetime": "2020-04-26 11:59:42", "elapsed": 1255.450292, "delta": 3.312084}}
{"target": 0.6208826, "params": {"alpha": 0.4182622485244081, "colsample_bytree": 0.7673593680378193, "lam": 0.9985278039074194, "max_depth": 5.0, "min_child_weight": 3.0, "subsample": 0.5016625448121096}, "datetime": {"datetime": "2020-04-26 11:59:45", "elapsed": 1257.944689, "delta": 2.494397}}
{"target": 0.6216053999999999, "params": {"alpha": 0.4182622485244081, "colsample_bytree": 0.7472002188869507, "lam": 0.9985278039074194, "max_depth": 5.0, "min_child_weight": 3.0, "subsample": 0.6476831618795456}, "datetime": {"datetime": "2020-04-26 11:59:48", "elapsed": 1260.703664, "delta": 2.758975}}
{"target": 0.6170932, "params": {"alpha": 0.4182622485244081, "colsample_bytree": 0.6850216329046895, "lam": 0.9985278039074194, "max_depth": 5.0, "min_child_weight": 3.0, "subsample": 0.6607359341569593}, "datetime": {"datetime": "2020-04-26 11:59:50", "elapsed": 1263.16213, "delta": 2.458466}}
{"target": 0.6133224, "params": {"alpha": 0.4182622485244081, "colsample_bytree": 0.8273896704051681, "lam": 0.9985278039074194, "max_depth": 5.0, "min_child_weight": 3.0, "subsample": 0.6025548529740403}, "datetime": {"datetime": "2020-04-26 11:59:53", "elapsed": 1266.593935, "delta": 3.431805}}
{"target": 0.6125617999999999, "params": {"alpha": 0.4182622485244081, "colsample_bytree": 0.7308075105704059, "lam": 0.9985278039074194, "max_depth": 5.0, "min_child_weight": 3.0, "subsample": 0.6016295738779789}, "datetime": {"datetime": "2020-04-26 11:59:56", "elapsed": 1269.486572, "delta": 2.892637}}
{"target": 0.6222922000000001, "params": {"alpha": 0.4182622485244081, "colsample_bytree": 0.6800247975756598, "lam": 0.9985278039074194, "max_depth": 5.0, "min_child_weight": 3.0, "subsample": 0.7641668357257594}, "datetime": {"datetime": "2020-04-26 12:00:00", "elapsed": 1272.803854, "delta": 3.317282}}
{"target": 0.6080208, "params": {"alpha": 0.4182622485244081, "colsample_bytree": 0.6015506836662623, "lam": 0.9985278039074194, "max_depth": 5.0, "min_child_weight": 3.0, "subsample": 0.664583474605592}, "datetime": {"datetime": "2020-04-26 12:00:03", "elapsed": 1276.14939, "delta": 3.345536}}
{"target": 0.6276345999999999, "params": {"alpha": 0.4182622485244081, "colsample_bytree": 0.8997541793559136, "lam": 0.9985278039074194, "max_depth": 5.0, "min_child_weight": 3.0, "subsample": 0.7426719327663625}, "datetime": {"datetime": "2020-04-26 12:00:06", "elapsed": 1279.415549, "delta": 3.266159}}
{"target": 0.6414494, "params": {"alpha": 0.4182622485244081, "colsample_bytree": 0.8749937938831327, "lam": 0.9985278039074194, "max_depth": 5.0, "min_child_weight": 3.0, "subsample": 0.8390137610511379}, "datetime": {"datetime": "2020-04-26 12:00:10", "elapsed": 1282.876101, "delta": 3.460552}}
{"target": 0.6127402, "params": {"alpha": 0.4182622485244081, "colsample_bytree": 0.5919743658227525, "lam": 0.9985278039074194, "max_depth": 5.0, "min_child_weight": 3.0, "subsample": 0.8599039803545296}, "datetime": {"datetime": "2020-04-26 12:00:13", "elapsed": 1286.258288, "delta": 3.382187}}
{"target": 0.6177874, "params": {"alpha": 0.4182622485244081, "colsample_bytree": 0.8018490942201446, "lam": 0.9985278039074194, "max_depth": 5.0, "min_child_weight": 3.0, "subsample": 0.5355822096841987}, "datetime": {"datetime": "2020-04-26 12:00:17", "elapsed": 1290.048635, "delta": 3.790347}}
{"target": 0.598742, "params": {"alpha": 0.4182622485244081, "colsample_bytree": 0.5393833496268704, "lam": 0.9985278039074194, "max_depth": 5.0, "min_child_weight": 3.0, "subsample": 0.8707114125133282}, "datetime": {"datetime": "2020-04-26 12:00:20", "elapsed": 1293.001105, "delta": 2.95247}}
{"target": 0.6296306, "params": {"alpha": 0.4182622485244081, "colsample_bytree": 0.6171027123608064, "lam": 0.9985278039074194, "max_depth": 5.0, "min_child_weight": 3.0, "subsample": 0.8996983739647837}, "datetime": {"datetime": "2020-04-26 12:00:23", "elapsed": 1295.829021, "delta": 2.827916}}
{"target": 0.6366704, "params": {"alpha": 0.4182622485244081, "colsample_bytree": 0.7834781986435242, "lam": 0.9985278039074194, "max_depth": 5.0, "min_child_weight": 3.0, "subsample": 0.783218452283209}, "datetime": {"datetime": "2020-04-26 12:00:26", "elapsed": 1298.98096, "delta": 3.151939}}
{"target": 0.6275820000000001, "params": {"alpha": 0.4182622485244081, "colsample_bytree": 0.8085916273904253, "lam": 0.9985278039074194, "max_depth": 5.0, "min_child_weight": 3.0, "subsample": 0.7678561963645285}, "datetime": {"datetime": "2020-04-26 12:00:29", "elapsed": 1301.923061, "delta": 2.942101}}
{"target": 0.6215742, "params": {"alpha": 0.4182622485244081, "colsample_bytree": 0.7642731363811843, "lam": 0.9985278039074194, "max_depth": 5.0, "min_child_weight": 3.0, "subsample": 0.7180613319160787}, "datetime": {"datetime": "2020-04-26 12:00:32", "elapsed": 1305.464707, "delta": 3.541646}}
{"target": 0.6204528, "params": {"alpha": 0.4182622485244081, "colsample_bytree": 0.8542844249661723, "lam": 0.9985278039074194, "max_depth": 5.0, "min_child_weight": 3.0, "subsample": 0.6900480009011389}, "datetime": {"datetime": "2020-04-26 12:00:35", "elapsed": 1308.492406, "delta": 3.027699}}
{"target": 0.6492496, "params": {"alpha": 0.4182622485244081, "colsample_bytree": 0.871636627525603, "lam": 0.9985278039074194, "max_depth": 5.0, "min_child_weight": 3.0, "subsample": 0.8264322822046155}, "datetime": {"datetime": "2020-04-26 12:00:38", "elapsed": 1311.514595, "delta": 3.022189}}
{"target": 0.647644, "params": {"alpha": 0.4182622485244081, "colsample_bytree": 0.8663258382846348, "lam": 0.9985278039074194, "max_depth": 5.0, "min_child_weight": 3.0, "subsample": 0.8288074062444246}, "datetime": {"datetime": "2020-04-26 12:00:42", "elapsed": 1314.737975, "delta": 3.22338}}
{"target": 0.6523608000000001, "params": {"alpha": 0.4182622485244081, "colsample_bytree": 0.869978069787546, "lam": 0.9985278039074194, "max_depth": 5.0, "min_child_weight": 3.0, "subsample": 0.8276932107099159}, "datetime": {"datetime": "2020-04-26 12:00:44", "elapsed": 1317.394268, "delta": 2.656293}}
{"target": 0.6126761999999999, "params": {"alpha": 0.4182622485244081, "colsample_bytree": 0.6731592065302067, "lam": 0.9985278039074194, "max_depth": 5.0, "min_child_weight": 3.0, "subsample": 0.5305173226404563}, "datetime": {"datetime": "2020-04-26 12:00:47", "elapsed": 1320.155284, "delta": 2.761016}}
{"target": 0.595272, "params": {"alpha": 0.4182622485244081, "colsample_bytree": 0.6270552404633591, "lam": 0.9985278039074194, "max_depth": 5.0, "min_child_weight": 3.0, "subsample": 0.5765888305439507}, "datetime": {"datetime": "2020-04-26 12:00:50", "elapsed": 1323.32353, "delta": 3.168246}}
{"target": 0.6491012, "params": {"alpha": 0.4182622485244081, "colsample_bytree": 0.8701752329823585, "lam": 0.9985278039074194, "max_depth": 5.0, "min_child_weight": 3.0, "subsample": 0.8249737478120351}, "datetime": {"datetime": "2020-04-26 12:00:53", "elapsed": 1326.040483, "delta": 2.716953}}
{"target": 0.6534258, "params": {"alpha": 0.4182622485244081, "colsample_bytree": 0.8675524954973395, "lam": 0.9985278039074194, "max_depth": 5.0, "min_child_weight": 3.0, "subsample": 0.8260477098383423}, "datetime": {"datetime": "2020-04-26 12:00:56", "elapsed": 1329.186388, "delta": 3.145905}}
{"target": 0.6444976, "params": {"alpha": 0.4182622485244081, "colsample_bytree": 0.8694898187746037, "lam": 0.9985278039074194, "max_depth": 5.0, "min_child_weight": 3.0, "subsample": 0.8298219578116484}, "datetime": {"datetime": "2020-04-26 12:00:59", "elapsed": 1332.198488, "delta": 3.0121}}
{"target": 0.6421146, "params": {"alpha": 0.4182622485244081, "colsample_bytree": 0.8660277339579889, "lam": 0.9985278039074194, "max_depth": 5.0, "min_child_weight": 3.0, "subsample": 0.8238866525553259}, "datetime": {"datetime": "2020-04-26 12:01:02", "elapsed": 1335.231325, "delta": 3.032837}}
{"target": 0.6475873999999999, "params": {"alpha": 0.4182622485244081, "colsample_bytree": 0.8726930165384538, "lam": 0.9985278039074194, "max_depth": 5.0, "min_child_weight": 3.0, "subsample": 0.8255788425576871}, "datetime": {"datetime": "2020-04-26 12:01:06", "elapsed": 1338.822517, "delta": 3.591192}}
{"target": 0.6504996000000001, "params": {"alpha": 0.4182622485244081, "colsample_bytree": 0.8741833653505997, "lam": 0.9985278039074194, "max_depth": 5.0, "min_child_weight": 3.0, "subsample": 0.8270143210357959}, "datetime": {"datetime": "2020-04-26 12:01:09", "elapsed": 1341.804461, "delta": 2.981944}}
{"target": 0.6451781999999999, "params": {"alpha": 0.4182622485244081, "colsample_bytree": 0.8733899143649202, "lam": 0.9985278039074194, "max_depth": 5.0, "min_child_weight": 3.0, "subsample": 0.8263540762496158}, "datetime": {"datetime": "2020-04-26 12:01:12", "elapsed": 1345.275559, "delta": 3.471098}}
{"target": 0.649581, "params": {"alpha": 0.4182622485244081, "colsample_bytree": 0.8727860263337155, "lam": 0.9985278039074194, "max_depth": 5.0, "min_child_weight": 3.0, "subsample": 0.8271178960813872}, "datetime": {"datetime": "2020-04-26 12:01:15", "elapsed": 1348.218335, "delta": 2.942776}}
{"target": 0.651179, "params": {"alpha": 0.4182622485244081, "colsample_bytree": 0.8711291603316121, "lam": 0.9985278039074194, "max_depth": 5.0, "min_child_weight": 3.0, "subsample": 0.8280361436733998}, "datetime": {"datetime": "2020-04-26 12:01:19", "elapsed": 1351.663106, "delta": 3.444771}}
{"target": 0.6482946, "params": {"alpha": 0.4182622485244081, "colsample_bytree": 0.8694498236624741, "lam": 0.9985278039074194, "max_depth": 5.0, "min_child_weight": 3.0, "subsample": 0.8257206741664116}, "datetime": {"datetime": "2020-04-26 12:01:22", "elapsed": 1355.307473, "delta": 3.644367}}
{"target": 0.6538684, "params": {"alpha": 0.4182622485244081, "colsample_bytree": 0.8719627382136537, "lam": 0.9985278039074194, "max_depth": 5.0, "min_child_weight": 3.0, "subsample": 0.8276129921360939}, "datetime": {"datetime": "2020-04-26 12:01:26", "elapsed": 1358.675397, "delta": 3.367924}}
{"target": 0.6473034, "params": {"alpha": 0.4182622485244081, "colsample_bytree": 0.8731205167782261, "lam": 0.9985278039074194, "max_depth": 5.0, "min_child_weight": 3.0, "subsample": 0.8293901715032024}, "datetime": {"datetime": "2020-04-26 12:01:28", "elapsed": 1361.51661, "delta": 2.841213}}
{"target": 0.6475951999999999, "params": {"alpha": 0.4182622485244081, "colsample_bytree": 0.8745635875784945, "lam": 0.9985278039074194, "max_depth": 5.0, "min_child_weight": 3.0, "subsample": 0.8288309822903697}, "datetime": {"datetime": "2020-04-26 12:01:32", "elapsed": 1364.804478, "delta": 3.287868}}
{"target": 0.6501918, "params": {"alpha": 0.4182622485244081, "colsample_bytree": 0.8758885581405915, "lam": 0.9985278039074194, "max_depth": 5.0, "min_child_weight": 3.0, "subsample": 0.8274199442936523}, "datetime": {"datetime": "2020-04-26 12:01:34", "elapsed": 1367.563558, "delta": 2.75908}}
{"target": 0.6470316, "params": {"alpha": 0.4182622485244081, "colsample_bytree": 0.8751728108083101, "lam": 0.9985278039074194, "max_depth": 5.0, "min_child_weight": 3.0, "subsample": 0.8268604585793782}, "datetime": {"datetime": "2020-04-26 12:01:38", "elapsed": 1370.696615, "delta": 3.133057}}
{"target": 0.644608, "params": {"alpha": 0.4182622485244081, "colsample_bytree": 0.873581988116281, "lam": 0.9985278039074194, "max_depth": 5.0, "min_child_weight": 3.0, "subsample": 0.8254261482470124}, "datetime": {"datetime": "2020-04-26 12:01:40", "elapsed": 1373.568412, "delta": 2.871797}}
{"target": 0.646551, "params": {"alpha": 0.4182622485244081, "colsample_bytree": 0.8746204625509206, "lam": 0.9985278039074194, "max_depth": 5.0, "min_child_weight": 3.0, "subsample": 0.8284222134056773}, "datetime": {"datetime": "2020-04-26 12:01:44", "elapsed": 1377.016452, "delta": 3.44804}}
{"target": 0.6403473999999999, "params": {"alpha": 0.4182622485244081, "colsample_bytree": 0.8712893857913915, "lam": 0.9985278039074194, "max_depth": 5.0, "min_child_weight": 3.0, "subsample": 0.8305117876119772}, "datetime": {"datetime": "2020-04-26 12:01:46", "elapsed": 1379.077287, "delta": 2.060835}}
{"target": 0.6493084, "params": {"alpha": 0.4182622485244081, "colsample_bytree": 0.8712819850363809, "lam": 0.9985278039074194, "max_depth": 5.0, "min_child_weight": 3.0, "subsample": 0.8265139808345506}, "datetime": {"datetime": "2020-04-26 12:01:50", "elapsed": 1382.71499, "delta": 3.637703}}
{"target": 0.6511226000000001, "params": {"alpha": 0.4182622485244081, "colsample_bytree": 0.8687600777520115, "lam": 0.9985278039074194, "max_depth": 5.0, "min_child_weight": 3.0, "subsample": 0.8259550676004863}, "datetime": {"datetime": "2020-04-26 12:01:53", "elapsed": 1386.466848, "delta": 3.751858}}
{"target": 0.6457366, "params": {"alpha": 0.4182622485244081, "colsample_bytree": 0.869642062940374, "lam": 0.9985278039074194, "max_depth": 5.0, "min_child_weight": 3.0, "subsample": 0.8235715331234255}, "datetime": {"datetime": "2020-04-26 12:01:57", "elapsed": 1390.19773, "delta": 3.730882}}
{"target": 0.644608, "params": {"alpha": 0.4182622485244081, "colsample_bytree": 0.8695686353025522, "lam": 0.9985278039074194, "max_depth": 5.0, "min_child_weight": 3.0, "subsample": 0.825424090000687}, "datetime": {"datetime": "2020-04-26 12:02:01", "elapsed": 1394.418787, "delta": 4.221057}}
{"target": 0.6470334, "params": {"alpha": 0.4182622485244081, "colsample_bytree": 0.8728968371296855, "lam": 0.9985278039074194, "max_depth": 5.0, "min_child_weight": 3.0, "subsample": 0.8268701385338855}, "datetime": {"datetime": "2020-04-26 12:02:05", "elapsed": 1398.202473, "delta": 3.783686}}
{"target": 0.6533774, "params": {"alpha": 0.4182622485244081, "colsample_bytree": 0.8723022637425377, "lam": 0.9985278039074194, "max_depth": 5.0, "min_child_weight": 3.0, "subsample": 0.8261084553309062}, "datetime": {"datetime": "2020-04-26 12:02:09", "elapsed": 1401.709378, "delta": 3.506905}}
{"target": 0.651733, "params": {"alpha": 0.4182622485244081, "colsample_bytree": 0.8746280612898123, "lam": 0.9985278039074194, "max_depth": 5.0, "min_child_weight": 3.0, "subsample": 0.8266240377541825}, "datetime": {"datetime": "2020-04-26 12:02:12", "elapsed": 1404.825449, "delta": 3.116071}}
{"target": 0.6372246, "params": {"alpha": 0.4182622485244081, "colsample_bytree": 0.7815862624801724, "lam": 0.9985278039074194, "max_depth": 5.0, "min_child_weight": 3.0, "subsample": 0.8999350360152465}, "datetime": {"datetime": "2020-04-26 12:02:15", "elapsed": 1408.221489, "delta": 3.39604}}
{"target": 0.6433224, "params": {"alpha": 0.4182622485244081, "colsample_bytree": 0.8754010433718094, "lam": 0.9985278039074194, "max_depth": 5.0, "min_child_weight": 3.0, "subsample": 0.8254391067857945}, "datetime": {"datetime": "2020-04-26 12:02:18", "elapsed": 1411.395683, "delta": 3.174194}}
{"target": 0.6491640000000001, "params": {"alpha": 0.4182622485244081, "colsample_bytree": 0.8677620979962863, "lam": 0.9985278039074194, "max_depth": 5.0, "min_child_weight": 3.0, "subsample": 0.8247524811427708}, "datetime": {"datetime": "2020-04-26 12:02:21", "elapsed": 1414.308815, "delta": 2.913132}}
{"target": 0.6485768, "params": {"alpha": 0.4182622485244081, "colsample_bytree": 0.8686518783475261, "lam": 0.9985278039074194, "max_depth": 5.0, "min_child_weight": 3.0, "subsample": 0.8269849459097576}, "datetime": {"datetime": "2020-04-26 12:02:25", "elapsed": 1417.924096, "delta": 3.615281}}
{"target": 0.6479242, "params": {"alpha": 0.4182622485244081, "colsample_bytree": 0.869850075116039, "lam": 0.9985278039074194, "max_depth": 5.0, "min_child_weight": 3.0, "subsample": 0.825887081192689}, "datetime": {"datetime": "2020-04-26 12:02:28", "elapsed": 1421.136203, "delta": 3.212107}}
{"target": 0.6501918, "params": {"alpha": 0.4182622485244081, "colsample_bytree": 0.8689563576347845, "lam": 0.9985278039074194, "max_depth": 5.0, "min_child_weight": 3.0, "subsample": 0.8273903705289047}, "datetime": {"datetime": "2020-04-26 12:02:32", "elapsed": 1425.153137, "delta": 4.016934}}
{"target": 0.6486092, "params": {"alpha": 0.4182622485244081, "colsample_bytree": 0.8704784669260754, "lam": 0.9985278039074194, "max_depth": 5.0, "min_child_weight": 3.0, "subsample": 0.8256883936979844}, "datetime": {"datetime": "2020-04-26 12:02:35", "elapsed": 1428.260246, "delta": 3.107109}}
{"target": 0.6497143999999999, "params": {"alpha": 0.4182622485244081, "colsample_bytree": 0.8685361790508395, "lam": 0.9985278039074194, "max_depth": 5.0, "min_child_weight": 3.0, "subsample": 0.8267570645269715}, "datetime": {"datetime": "2020-04-26 12:02:38", "elapsed": 1431.195832, "delta": 2.935586}}
{"target": 0.6476442, "params": {"alpha": 0.4182622485244081, "colsample_bytree": 0.8731339238107532, "lam": 0.9985278039074194, "max_depth": 5.0, "min_child_weight": 3.0, "subsample": 0.8287956138203284}, "datetime": {"datetime": "2020-04-26 12:02:42", "elapsed": 1434.926542, "delta": 3.73071}}
{"target": 0.65338, "params": {"alpha": 0.4182622485244081, "colsample_bytree": 0.8695163459806797, "lam": 0.9985278039074194, "max_depth": 5.0, "min_child_weight": 3.0, "subsample": 0.8261642509080416}, "datetime": {"datetime": "2020-04-26 12:02:46", "elapsed": 1439.254201, "delta": 4.327659}}
{"target": 0.6427560000000001, "params": {"alpha": 0.4182622485244081, "colsample_bytree": 0.8682658525582427, "lam": 0.9985278039074194, "max_depth": 5.0, "min_child_weight": 3.0, "subsample": 0.8306573701689535}, "datetime": {"datetime": "2020-04-26 12:02:50", "elapsed": 1442.713383, "delta": 3.459182}}
{"target": 0.6498612, "params": {"alpha": 0.4182622485244081, "colsample_bytree": 0.8158620546886608, "lam": 0.9985278039074194, "max_depth": 5.0, "min_child_weight": 3.0, "subsample": 0.8342827559808466}, "datetime": {"datetime": "2020-04-26 12:02:53", "elapsed": 1446.064513, "delta": 3.35113}}
{"target": 0.6387758, "params": {"alpha": 0.4182622485244081, "colsample_bytree": 0.8137166737092385, "lam": 0.9985278039074194, "max_depth": 5.0, "min_child_weight": 3.0, "subsample": 0.843278529647274}, "datetime": {"datetime": "2020-04-26 12:02:56", "elapsed": 1449.097588, "delta": 3.033075}}
{"target": 0.5856264, "params": {"alpha": 0.4182622485244081, "colsample_bytree": 0.5488181786603907, "lam": 0.9985278039074194, "max_depth": 5.0, "min_child_weight": 3.0, "subsample": 0.5627894624099882}, "datetime": {"datetime": "2020-04-26 12:03:00", "elapsed": 1452.927432, "delta": 3.829844}}
{"target": 0.5977946, "params": {"alpha": 0.4182622485244081, "colsample_bytree": 0.5000650865930255, "lam": 0.9985278039074194, "max_depth": 5.0, "min_child_weight": 3.0, "subsample": 0.6696637318493192}, "datetime": {"datetime": "2020-04-26 12:03:03", "elapsed": 1456.046345, "delta": 3.118913}}
