{"target": 0.6430273999999999, "params": {"alpha": 0.4182622485244081, "colsample_bytree": 0.8238778698034223, "lam": 0.9985278039074194, "max_depth": 5.0, "min_child_weight": 3.0, "subsample": 0.8278646335929263}, "datetime": {"datetime": "2020-04-26 12:03:07", "elapsed": 1459.865357, "delta": 3.819012}}
{"target": 0.6433464, "params": {"alpha": 0.4182622485244081, "colsample_bytree": 0.8065968964933964, "lam": 0.9985278039074194, "max_depth": 5.0, "min_child_weight": 3.0, "subsample": 0.8272379722396599}, "datetime": {"datetime": "2020-04-26 12:03:10", "elapsed": 1463.425453, "delta": 3.560096}}
{"target": 0.6384648, "params": {"alpha": 0.4182622485244081, "colsample_bytree": 0.8998571535491805, "lam": 0.9985278039074194, "max_depth": 5.0, "min_child_weight": 3.0, "subsample": 0.8654918129169153}, "datetime": {"datetime": "2020-04-26 12:03:14", "elapsed": 1466.923525, "delta": 3.498072}}
{"target": 0.6215718000000001, "params": {"alpha": 0.4182622485244081, "colsample_bytree": 0.8215061661137792, "lam": 0.9985278039074194, "max_depth": 5.0, "min_child_weight": 3.0, "subsample": 0.726562380893325}, "datetime": {"datetime": "2020-04-26 12:03:18", "elapsed": 1470.878336, "delta": 3.954811}}
{"target": 0.6375564, "params": {"alpha": 0.4182622485244081, "colsample_bytree": 0.7613211336639183, "lam": 0.9985278039074194, "max_depth": 5.0, "min_child_weight": 3.0, "subsample": 0.7647260701236749}, "datetime": {"datetime": "2020-04-26 12:03:21", "elapsed": 1474.161356, "delta": 3.28302}}
{"target": 0.6491636000000001, "params": {"alpha": 0.4182622485244081, "colsample_bytree": 0.8694665249146908, "lam": 0.9985278039074194, "max_depth": 5.0, "min_child_weight": 3.0, "subsample": 0.8247418436910012}, "datetime": {"datetime": "2020-04-26 12:03:25", "elapsed": 1477.960527, "delta": 3.799171}}
{"target": 0.6446088000000001, "params": {"alpha": 0.4182622485244081, "colsample_bytree": 0.870196828068432, "lam": 0.9985278039074194, "max_depth": 5.0, "min_child_weight": 3.0, "subsample": 0.8254081163874314}, "datetime": {"datetime": "2020-04-26 12:03:29", "elapsed": 1482.469255, "delta": 4.508728}}
{"target": 0.6451784, "params": {"alpha": 0.4182622485244081, "colsample_bytree": 0.8700398022493345, "lam": 0.9985278039074194, "max_depth": 5.0, "min_child_weight": 3.0, "subsample": 0.8263172690978058}, "datetime": {"datetime": "2020-04-26 12:03:33", "elapsed": 1485.944824, "delta": 3.475569}}
{"target": 0.6534252, "params": {"alpha": 0.4182622485244081, "colsample_bytree": 0.8687631440016896, "lam": 0.9985278039074194, "max_depth": 5.0, "min_child_weight": 3.0, "subsample": 0.8260206840159052}, "datetime": {"datetime": "2020-04-26 12:03:37", "elapsed": 1490.191607, "delta": 4.246783}}
{"target": 0.648297, "params": {"alpha": 0.4182622485244081, "colsample_bytree": 0.8664843559923004, "lam": 0.9985278039074194, "max_depth": 5.0, "min_child_weight": 3.0, "subsample": 0.8257683727080252}, "datetime": {"datetime": "2020-04-26 12:03:41", "elapsed": 1493.915051, "delta": 3.723444}}
{"target": 0.6487564000000001, "params": {"alpha": 0.4182622485244081, "colsample_bytree": 0.8726241668358943, "lam": 0.9985278039074194, "max_depth": 5.0, "min_child_weight": 3.0, "subsample": 0.8252049651240566}, "datetime": {"datetime": "2020-04-26 12:03:45", "elapsed": 1498.382155, "delta": 4.467104}}
{"target": 0.649056, "params": {"alpha": 0.4182622485244081, "colsample_bytree": 0.8718086877522266, "lam": 0.9985278039074194, "max_depth": 5.0, "min_child_weight": 3.0, "subsample": 0.8249864400681644}, "datetime": {"datetime": "2020-04-26 12:03:50", "elapsed": 1502.949634, "delta": 4.567479}}
{"target": 0.6470984000000001, "params": {"alpha": 0.4182622485244081, "colsample_bytree": 0.8715833046339436, "lam": 0.9985278039074194, "max_depth": 5.0, "min_child_weight": 3.0, "subsample": 0.8246509650174831}, "datetime": {"datetime": "2020-04-26 12:03:53", "elapsed": 1506.493896, "delta": 3.544262}}
{"target": 0.6513426, "params": {"alpha": 0.4182622485244081, "colsample_bytree": 0.8694718396825046, "lam": 0.9985278039074194, "max_depth": 5.0, "min_child_weight": 3.0, "subsample": 0.8265828692528542}, "datetime": {"datetime": "2020-04-26 12:03:58", "elapsed": 1510.958212, "delta": 4.464316}}
{"target": 0.6491636000000001, "params": {"alpha": 0.4182622485244081, "colsample_bytree": 0.8680722945918593, "lam": 0.9985278039074194, "max_depth": 5.0, "min_child_weight": 3.0, "subsample": 0.824734104801959}, "datetime": {"datetime": "2020-04-26 12:04:02", "elapsed": 1514.692916, "delta": 3.734704}}
{"target": 0.6485998000000001, "params": {"alpha": 0.4182622485244081, "colsample_bytree": 0.8721199012557147, "lam": 0.9985278039074194, "max_depth": 5.0, "min_child_weight": 3.0, "subsample": 0.825257434254256}, "datetime": {"datetime": "2020-04-26 12:04:06", "elapsed": 1519.238312, "delta": 4.545396}}
{"target": 0.645177, "params": {"alpha": 0.4182622485244081, "colsample_bytree": 0.8685739671511792, "lam": 0.9985278039074194, "max_depth": 5.0, "min_child_weight": 3.0, "subsample": 0.8263691945747293}, "datetime": {"datetime": "2020-04-26 12:04:10", "elapsed": 1523.534145, "delta": 4.295833}}
{"target": 0.65338, "params": {"alpha": 0.4182622485244081, "colsample_bytree": 0.8676613950917744, "lam": 0.9985278039074194, "max_depth": 5.0, "min_child_weight": 3.0, "subsample": 0.8261845552305231}, "datetime": {"datetime": "2020-04-26 12:04:15", "elapsed": 1528.215634, "delta": 4.681489}}
{"target": 0.6152876, "params": {"alpha": 0.4182622485244081, "colsample_bytree": 0.6181144488541008, "lam": 0.9985278039074194, "max_depth": 5.0, "min_child_weight": 3.0, "subsample": 0.7132033357774166}, "datetime": {"datetime": "2020-04-26 12:04:19", "elapsed": 1531.997692, "delta": 3.782058}}
{"target": 0.6523901999999999, "params": {"alpha": 0.4182622485244081, "colsample_bytree": 0.8707771192706548, "lam": 0.9985278039074194, "max_depth": 5.0, "min_child_weight": 3.0, "subsample": 0.8277702688922488}, "datetime": {"datetime": "2020-04-26 12:04:23", "elapsed": 1535.796483, "delta": 3.798791}}
{"target": 0.644096, "params": {"alpha": 0.4182622485244081, "colsample_bytree": 0.8704687628109105, "lam": 0.9985278039074194, "max_depth": 5.0, "min_child_weight": 3.0, "subsample": 0.8245278807112859}, "datetime": {"datetime": "2020-04-26 12:04:26", "elapsed": 1539.122299, "delta": 3.325816}}
{"target": 0.6540796, "params": {"alpha": 0.4182622485244081, "colsample_bytree": 0.8701224744873283, "lam": 0.9985278039074194, "max_depth": 5.0, "min_child_weight": 3.0, "subsample": 0.827479587091857}, "datetime": {"datetime": "2020-04-26 12:04:31", "elapsed": 1543.89962, "delta": 4.777321}}
{"target": 0.6533878000000001, "params": {"alpha": 0.4182622485244081, "colsample_bytree": 0.8693178308760463, "lam": 0.9985278039074194, "max_depth": 5.0, "min_child_weight": 3.0, "subsample": 0.8261987217113471}, "datetime": {"datetime": "2020-04-26 12:04:35", "elapsed": 1547.809937, "delta": 3.910317}}
{"target": 0.6258738, "params": {"alpha": 0.4182622485244081, "colsample_bytree": 0.8871092262094926, "lam": 0.9985278039074194, "max_depth": 5.0, "min_child_weight": 3.0, "subsample": 0.6692501233247767}, "datetime": {"datetime": "2020-04-26 12:04:39", "elapsed": 1552.010744, "delta": 4.200807}}
{"target": 0.6523900000000001, "params": {"alpha": 0.4182622485244081, "colsample_bytree": 0.8673013377535332, "lam": 0.9985278039074194, "max_depth": 5.0, "min_child_weight": 3.0, "subsample": 0.8277856556089032}, "datetime": {"datetime": "2020-04-26 12:04:43", "elapsed": 1556.457354, "delta": 4.44661}}
{"target": 0.6462704, "params": {"alpha": 0.4182622485244081, "colsample_bytree": 0.8687660272918062, "lam": 0.9985278039074194, "max_depth": 5.0, "min_child_weight": 3.0, "subsample": 0.828160068462913}, "datetime": {"datetime": "2020-04-26 12:04:47", "elapsed": 1560.538809, "delta": 4.081455}}
{"target": 0.6447458, "params": {"alpha": 0.4182622485244081, "colsample_bytree": 0.8658930599946113, "lam": 0.9985278039074194, "max_depth": 5.0, "min_child_weight": 3.0, "subsample": 0.8253775214094686}, "datetime": {"datetime": "2020-04-26 12:04:51", "elapsed": 1564.623716, "delta": 4.084907}}
{"target": 0.649683, "params": {"alpha": 0.4182622485244081, "colsample_bytree": 0.8691728547546614, "lam": 0.9985278039074194, "max_depth": 5.0, "min_child_weight": 3.0, "subsample": 0.8268099343813815}, "datetime": {"datetime": "2020-04-26 12:04:55", "elapsed": 1568.614735, "delta": 3.991019}}
{"target": 0.65338, "params": {"alpha": 0.4182622485244081, "colsample_bytree": 0.8686935033587815, "lam": 0.9985278039074194, "max_depth": 5.0, "min_child_weight": 3.0, "subsample": 0.8261724274050459}, "datetime": {"datetime": "2020-04-26 12:05:00", "elapsed": 1573.335654, "delta": 4.720919}}
{"target": 0.6517328000000001, "params": {"alpha": 0.4182622485244081, "colsample_bytree": 0.866635902110229, "lam": 0.9985278039074194, "max_depth": 5.0, "min_child_weight": 3.0, "subsample": 0.8266747031716712}, "datetime": {"datetime": "2020-04-26 12:05:05", "elapsed": 1578.239094, "delta": 4.90344}}
{"target": 0.6491006, "params": {"alpha": 0.4182622485244081, "colsample_bytree": 0.867285708202026, "lam": 0.9985278039074194, "max_depth": 5.0, "min_child_weight": 3.0, "subsample": 0.824905765933601}, "datetime": {"datetime": "2020-04-26 12:05:09", "elapsed": 1582.456494, "delta": 4.2174}}
{"target": 0.6504992, "params": {"alpha": 0.4182622485244081, "colsample_bytree": 0.8719730308623419, "lam": 0.9985278039074194, "max_depth": 5.0, "min_child_weight": 3.0, "subsample": 0.8270307709289426}, "datetime": {"datetime": "2020-04-26 12:05:13", "elapsed": 1585.696037, "delta": 3.239543}}
{"target": 0.6446612, "params": {"alpha": 0.4182622485244081, "colsample_bytree": 0.8722582555807665, "lam": 0.9985278039074194, "max_depth": 5.0, "min_child_weight": 3.0, "subsample": 0.8263939799299431}, "datetime": {"datetime": "2020-04-26 12:05:17", "elapsed": 1590.041741, "delta": 4.345704}}
{"target": 0.6470330000000001, "params": {"alpha": 0.4182622485244081, "colsample_bytree": 0.8666831885545985, "lam": 0.9985278039074194, "max_depth": 5.0, "min_child_weight": 3.0, "subsample": 0.8268886501483824}, "datetime": {"datetime": "2020-04-26 12:05:22", "elapsed": 1594.758704, "delta": 4.716963}}
{"target": 0.6504332, "params": {"alpha": 0.4182622485244081, "colsample_bytree": 0.8707624465344866, "lam": 0.9985278039074194, "max_depth": 5.0, "min_child_weight": 3.0, "subsample": 0.8270025072142577}, "datetime": {"datetime": "2020-04-26 12:05:26", "elapsed": 1599.126387, "delta": 4.367683}}
{"target": 0.6412150000000001, "params": {"alpha": 0.4182622485244081, "colsample_bytree": 0.8654594349414702, "lam": 0.9985278039074194, "max_depth": 5.0, "min_child_weight": 3.0, "subsample": 0.8301665171732309}, "datetime": {"datetime": "2020-04-26 12:05:31", "elapsed": 1603.690109, "delta": 4.563722}}
{"target": 0.617482, "params": {"alpha": 0.4182622485244081, "colsample_bytree": 0.8131416993191645, "lam": 0.9985278039074194, "max_depth": 5.0, "min_child_weight": 3.0, "subsample": 0.6485043940136376}, "datetime": {"datetime": "2020-04-26 12:05:35", "elapsed": 1608.014557, "delta": 4.324448}}
{"target": 0.6065618, "params": {"alpha": 0.4182622485244081, "colsample_bytree": 0.875476821868238, "lam": 0.9985278039074194, "max_depth": 5.0, "min_child_weight": 3.0, "subsample": 0.6038672672544706}, "datetime": {"datetime": "2020-04-26 12:05:39", "elapsed": 1612.374044, "delta": 4.359487}}
{"target": 0.6514797999999999, "params": {"alpha": 0.4182622485244081, "colsample_bytree": 0.8697664017456823, "lam": 0.9985278039074194, "max_depth": 5.0, "min_child_weight": 3.0, "subsample": 0.8267129515220686}, "datetime": {"datetime": "2020-04-26 12:05:43", "elapsed": 1616.528777, "delta": 4.154733}}
{"target": 0.6304272, "params": {"alpha": 0.4182622485244081, "colsample_bytree": 0.6332478275453963, "lam": 0.9985278039074194, "max_depth": 5.0, "min_child_weight": 3.0, "subsample": 0.8708777652179609}, "datetime": {"datetime": "2020-04-26 12:05:48", "elapsed": 1621.603745, "delta": 5.074968}}
{"target": 0.632639, "params": {"alpha": 0.4182622485244081, "colsample_bytree": 0.8824499208793892, "lam": 0.9985278039074194, "max_depth": 5.0, "min_child_weight": 3.0, "subsample": 0.8999627369871509}, "datetime": {"datetime": "2020-04-26 12:05:53", "elapsed": 1626.359885, "delta": 4.75614}}
{"target": 0.6491792000000001, "params": {"alpha": 0.4182622485244081, "colsample_bytree": 0.8660050082316348, "lam": 0.9985278039074194, "max_depth": 5.0, "min_child_weight": 3.0, "subsample": 0.8250464034388809}, "datetime": {"datetime": "2020-04-26 12:05:58", "elapsed": 1630.879653, "delta": 4.519768}}
{"target": 0.6534252, "params": {"alpha": 0.4182622485244081, "colsample_bytree": 0.8684346757826518, "lam": 0.9985278039074194, "max_depth": 5.0, "min_child_weight": 3.0, "subsample": 0.8260146089752403}, "datetime": {"datetime": "2020-04-26 12:06:01", "elapsed": 1634.133483, "delta": 3.25383}}
{"target": 0.6479248, "params": {"alpha": 0.4182622485244081, "colsample_bytree": 0.8666522283387392, "lam": 0.9985278039074194, "max_depth": 5.0, "min_child_weight": 3.0, "subsample": 0.8258721873852308}, "datetime": {"datetime": "2020-04-26 12:06:06", "elapsed": 1639.049073, "delta": 4.91559}}
{"target": 0.6487894000000001, "params": {"alpha": 0.4182622485244081, "colsample_bytree": 0.8664303073895046, "lam": 0.9985278039074194, "max_depth": 5.0, "min_child_weight": 3.0, "subsample": 0.8252432264374088}, "datetime": {"datetime": "2020-04-26 12:06:10", "elapsed": 1642.91251, "delta": 3.863437}}
{"target": 0.6433224, "params": {"alpha": 0.4182622485244081, "colsample_bytree": 0.8707701222948762, "lam": 0.9985278039074194, "max_depth": 5.0, "min_child_weight": 3.0, "subsample": 0.8254470139264609}, "datetime": {"datetime": "2020-04-26 12:06:14", "elapsed": 1647.433625, "delta": 4.521115}}
{"target": 0.6487894000000001, "params": {"alpha": 0.4182622485244081, "colsample_bytree": 0.8684605777137244, "lam": 0.9985278039074194, "max_depth": 5.0, "min_child_weight": 3.0, "subsample": 0.8252325732129365}, "datetime": {"datetime": "2020-04-26 12:06:19", "elapsed": 1652.469204, "delta": 5.035579}}
{"target": 0.6487562, "params": {"alpha": 0.4182622485244081, "colsample_bytree": 0.8704276123916073, "lam": 0.9985278039074194, "max_depth": 5.0, "min_child_weight": 3.0, "subsample": 0.8251923088504058}, "datetime": {"datetime": "2020-04-26 12:06:23", "elapsed": 1656.264651, "delta": 3.795447}}
{"target": 0.6480684, "params": {"alpha": 0.4182622485244081, "colsample_bytree": 0.8727141612065499, "lam": 0.9985278039074194, "max_depth": 5.0, "min_child_weight": 3.0, "subsample": 0.8291189626934383}, "datetime": {"datetime": "2020-04-26 12:06:28", "elapsed": 1660.649606, "delta": 4.384955}}
{"target": 0.6447458, "params": {"alpha": 0.4182622485244081, "colsample_bytree": 0.8687943647014986, "lam": 0.9985278039074194, "max_depth": 5.0, "min_child_weight": 3.0, "subsample": 0.8253777968707734}, "datetime": {"datetime": "2020-04-26 12:06:33", "elapsed": 1665.706926, "delta": 5.05732}}
{"target": 0.6487576, "params": {"alpha": 0.4182622485244081, "colsample_bytree": 0.8708956989752614, "lam": 0.9985278039074194, "max_depth": 5.0, "min_child_weight": 3.0, "subsample": 0.8252141321843277}, "datetime": {"datetime": "2020-04-26 12:06:37", "elapsed": 1669.738914, "delta": 4.031988}}
{"target": 0.653426, "params": {"alpha": 0.4182622485244081, "colsample_bytree": 0.8682740595800507, "lam": 0.9985278039074194, "max_depth": 5.0, "min_child_weight": 3.0, "subsample": 0.8260545823422883}, "datetime": {"datetime": "2020-04-26 12:06:41", "elapsed": 1674.065732, "delta": 4.326818}}
{"target": 0.6504964, "params": {"alpha": 0.4182622485244081, "colsample_bytree": 0.868419914772429, "lam": 0.9985278039074194, "max_depth": 5.0, "min_child_weight": 3.0, "subsample": 0.827062614161705}, "datetime": {"datetime": "2020-04-26 12:06:46", "elapsed": 1679.004814, "delta": 4.939082}}
{"target": 0.6487556, "params": {"alpha": 0.4182622485244081, "colsample_bytree": 0.8670503580173817, "lam": 0.9985278039074194, "max_depth": 5.0, "min_child_weight": 3.0, "subsample": 0.8251672287026833}, "datetime": {"datetime": "2020-04-26 12:06:51", "elapsed": 1683.973764, "delta": 4.96895}}
{"target": 0.6094915999999999, "params": {"alpha": 0.4182622485244081, "colsample_bytree": 0.5355612050144989, "lam": 0.9985278039074194, "max_depth": 5.0, "min_child_weight": 3.0, "subsample": 0.7639830805442449}, "datetime": {"datetime": "2020-04-26 12:06:56", "elapsed": 1689.102462, "delta": 5.128698}}
{"target": 0.6531948, "params": {"alpha": 0.4182622485244081, "colsample_bytree": 0.8693145310266079, "lam": 0.9985278039074194, "max_depth": 5.0, "min_child_weight": 3.0, "subsample": 0.8262031583627429}, "datetime": {"datetime": "2020-04-26 12:07:00", "elapsed": 1692.901447, "delta": 3.798985}}
{"target": 0.6510119999999999, "params": {"alpha": 0.4182622485244081, "colsample_bytree": 0.8703087565436791, "lam": 0.9985278039074194, "max_depth": 5.0, "min_child_weight": 3.0, "subsample": 0.8257728883224555}, "datetime": {"datetime": "2020-04-26 12:07:06", "elapsed": 1699.172915, "delta": 6.271468}}
{"target": 0.6253026, "params": {"alpha": 0.4182622485244081, "colsample_bytree": 0.6623060485851047, "lam": 0.9985278039074194, "max_depth": 5.0, "min_child_weight": 3.0, "subsample": 0.7235153642923472}, "datetime": {"datetime": "2020-04-26 12:07:12", "elapsed": 1705.479082, "delta": 6.306167}}
{"target": 0.6470332000000001, "params": {"alpha": 0.4182622485244081, "colsample_bytree": 0.8677045741587226, "lam": 0.9985278039074194, "max_depth": 5.0, "min_child_weight": 3.0, "subsample": 0.8269260884470395}, "datetime": {"datetime": "2020-04-26 12:07:19", "elapsed": 1711.720291, "delta": 6.241209}}
{"target": 0.6485996, "params": {"alpha": 0.4182622485244081, "colsample_bytree": 0.8716279675155445, "lam": 0.9985278039074194, "max_depth": 5.0, "min_child_weight": 3.0, "subsample": 0.8252730177207113}, "datetime": {"datetime": "2020-04-26 12:07:24", "elapsed": 1716.990092, "delta": 5.269801}}
{"target": 0.6523608000000001, "params": {"alpha": 0.4182622485244081, "colsample_bytree": 0.8712488409970178, "lam": 0.9985278039074194, "max_depth": 5.0, "min_child_weight": 3.0, "subsample": 0.827712239559943}, "datetime": {"datetime": "2020-04-26 12:07:32", "elapsed": 1725.449647, "delta": 8.459555}}
{"target": 0.6417726, "params": {"alpha": 0.4182622485244081, "colsample_bytree": 0.8684666393152884, "lam": 0.9985278039074194, "max_depth": 5.0, "min_child_weight": 3.0, "subsample": 0.8244153395983229}, "datetime": {"datetime": "2020-04-26 12:07:40", "elapsed": 1732.694673, "delta": 7.245026}}
{"target": 0.6519302, "params": {"alpha": 0.4182622485244081, "colsample_bytree": 0.8704775728537734, "lam": 0.9985278039074194, "max_depth": 5.0, "min_child_weight": 3.0, "subsample": 0.8272514157855504}, "datetime": {"datetime": "2020-04-26 12:07:47", "elapsed": 1739.985578, "delta": 7.290905}}
{"target": 0.5751692, "params": {"alpha": 0.4182622485244081, "colsample_bytree": 0.500661688018526, "lam": 0.9985278039074194, "max_depth": 5.0, "min_child_weight": 3.0, "subsample": 0.5738989104074113}, "datetime": {"datetime": "2020-04-26 12:07:53", "elapsed": 1746.119478, "delta": 6.1339}}
{"target": 0.6517328000000001, "params": {"alpha": 0.4182622485244081, "colsample_bytree": 0.8683322473485261, "lam": 0.9985278039074194, "max_depth": 5.0, "min_child_weight": 3.0, "subsample": 0.8266553011204067}, "datetime": {"datetime": "2020-04-26 12:08:00", "elapsed": 1752.869826, "delta": 6.750348}}
{"target": 0.6019148, "params": {"alpha": 0.4182622485244081, "colsample_bytree": 0.5379687405610432, "lam": 0.9985278039074194, "max_depth": 5.0, "min_child_weight": 3.0, "subsample": 0.6255060941342573}, "datetime": {"datetime": "2020-04-26 12:08:06", "elapsed": 1759.174413, "delta": 6.304587}}
{"target": 0.6119206, "params": {"alpha": 0.4182622485244081, "colsample_bytree": 0.5828473312704617, "lam": 0.9985278039074194, "max_depth": 5.0, "min_child_weight": 3.0, "subsample": 0.7740427489246395}, "datetime": {"datetime": "2020-04-26 12:08:12", "elapsed": 1765.034369, "delta": 5.859956}}
{"target": 0.6511788000000001, "params": {"alpha": 0.4182622485244081, "colsample_bytree": 0.8691203073746733, "lam": 0.9985278039074194, "max_depth": 5.0, "min_child_weight": 3.0, "subsample": 0.8279899851514123}, "datetime": {"datetime": "2020-04-26 12:08:20", "elapsed": 1772.634912, "delta": 7.600543}}
{"target": 0.6121059999999999, "params": {"alpha": 0.4182622485244081, "colsample_bytree": 0.5349715397600742, "lam": 0.9985278039074194, "max_depth": 5.0, "min_child_weight": 3.0, "subsample": 0.7125718761541842}, "datetime": {"datetime": "2020-04-26 12:08:26", "elapsed": 1779.326493, "delta": 6.691581}}
{"target": 0.6494850000000001, "params": {"alpha": 0.4182622485244081, "colsample_bytree": 0.8714497337660081, "lam": 0.9985278039074194, "max_depth": 5.0, "min_child_weight": 3.0, "subsample": 0.8265745648395891}, "datetime": {"datetime": "2020-04-26 12:08:34", "elapsed": 1786.975914, "delta": 7.649421}}
{"target": 0.6531948, "params": {"alpha": 0.4182622485244081, "colsample_bytree": 0.8693748576618991, "lam": 0.9985278039074194, "max_depth": 5.0, "min_child_weight": 3.0, "subsample": 0.826207394017429}, "datetime": {"datetime": "2020-04-26 12:08:40", "elapsed": 1793.594056, "delta": 6.618142}}
{"target": 0.6341140000000001, "params": {"alpha": 0.4182622485244081, "colsample_bytree": 0.8774907662531428, "lam": 0.9985278039074194, "max_depth": 5.0, "min_child_weight": 3.0, "subsample": 0.760398375773454}, "datetime": {"datetime": "2020-04-26 12:08:47", "elapsed": 1799.83425, "delta": 6.240194}}
{"target": 0.6465544, "params": {"alpha": 0.4182622485244081, "colsample_bytree": 0.8689590426365423, "lam": 0.9985278039074194, "max_depth": 5.0, "min_child_weight": 3.0, "subsample": 0.8284495234964492}, "datetime": {"datetime": "2020-04-26 12:08:54", "elapsed": 1807.286041, "delta": 7.451791}}
