{"target": 0.6500978, "params": {"alpha": 0.6724575193710457, "lam": 0.9999122723928519, "max_depth": 5.0, "min_child_weight": 3.0}, "datetime": {"datetime": "2020-04-24 21:30:12", "elapsed": 760.118198, "delta": 2.458728}}
{"target": 0.6500986, "params": {"alpha": 0.6014710022908383, "lam": 0.9996866619721492, "max_depth": 5.0, "min_child_weight": 3.0}, "datetime": {"datetime": "2020-04-24 21:30:15", "elapsed": 762.772844, "delta": 2.654646}}
{"target": 0.650097, "params": {"alpha": 0.8152497352405923, "lam": 0.9998351583354034, "max_depth": 5.0, "min_child_weight": 3.0}, "datetime": {"datetime": "2020-04-24 21:30:18", "elapsed": 765.613512, "delta": 2.840668}}
{"target": 0.6500964, "params": {"alpha": 0.8952654116791963, "lam": 0.9996280252642774, "max_depth": 5.0, "min_child_weight": 3.0}, "datetime": {"datetime": "2020-04-24 21:30:20", "elapsed": 768.031954, "delta": 2.418442}}
{"target": 0.6500966, "params": {"alpha": 0.8887584329557713, "lam": 0.9998320433977311, "max_depth": 5.0, "min_child_weight": 3.0}, "datetime": {"datetime": "2020-04-24 21:30:23", "elapsed": 770.479887, "delta": 2.447933}}
{"target": 0.6500992, "params": {"alpha": 0.4412396165217909, "lam": 0.9997354489350916, "max_depth": 5.0, "min_child_weight": 3.0}, "datetime": {"datetime": "2020-04-24 21:30:25", "elapsed": 772.816592, "delta": 2.336705}}
{"target": 0.6500990000000001, "params": {"alpha": 0.4690430952600473, "lam": 0.9999412855151906, "max_depth": 5.0, "min_child_weight": 3.0}, "datetime": {"datetime": "2020-04-24 21:30:28", "elapsed": 775.537379, "delta": 2.720787}}
{"target": 0.6500996, "params": {"alpha": 0.3929249740628291, "lam": 0.9994790281333368, "max_depth": 5.0, "min_child_weight": 3.0}, "datetime": {"datetime": "2020-04-24 21:30:31", "elapsed": 778.690644, "delta": 3.153265}}
{"target": 0.6500998, "params": {"alpha": 0.34148594745897065, "lam": 0.9992361700331173, "max_depth": 5.0, "min_child_weight": 3.0}, "datetime": {"datetime": "2020-04-24 21:30:34", "elapsed": 781.472491, "delta": 2.781847}}
{"target": 0.6500978, "params": {"alpha": 0.6978054386552652, "lam": 0.9999726123589745, "max_depth": 5.0, "min_child_weight": 3.0}, "datetime": {"datetime": "2020-04-24 21:30:37", "elapsed": 784.307955, "delta": 2.835464}}
{"target": 0.6500972, "params": {"alpha": 0.7491260394108196, "lam": 0.9999282427086449, "max_depth": 5.0, "min_child_weight": 3.0}, "datetime": {"datetime": "2020-04-24 21:30:39", "elapsed": 787.112328, "delta": 2.804373}}
{"target": 0.6500959999999999, "params": {"alpha": 0.9893880035504944, "lam": 0.9999137983460669, "max_depth": 5.0, "min_child_weight": 3.0}, "datetime": {"datetime": "2020-04-24 21:30:42", "elapsed": 789.926126, "delta": 2.813798}}
{"target": 0.6500988, "params": {"alpha": 0.5227451172771426, "lam": 0.9998199645864777, "max_depth": 5.0, "min_child_weight": 3.0}, "datetime": {"datetime": "2020-04-24 21:30:45", "elapsed": 792.731817, "delta": 2.805691}}
{"target": 0.6500980000000001, "params": {"alpha": 0.6218746860673275, "lam": 0.9997013450630828, "max_depth": 5.0, "min_child_weight": 3.0}, "datetime": {"datetime": "2020-04-24 21:30:48", "elapsed": 795.416788, "delta": 2.684971}}
{"target": 0.6500988000000001, "params": {"alpha": 0.5195113056739362, "lam": 0.9999979010858666, "max_depth": 5.0, "min_child_weight": 3.0}, "datetime": {"datetime": "2020-04-24 21:30:50", "elapsed": 798.009981, "delta": 2.593193}}
{"target": 0.6500976, "params": {"alpha": 0.7066847202427361, "lam": 0.9999272481473044, "max_depth": 5.0, "min_child_weight": 3.0}, "datetime": {"datetime": "2020-04-24 21:30:53", "elapsed": 800.840743, "delta": 2.830762}}
{"target": 0.6500952, "params": {"alpha": 0.9993660263968577, "lam": 0.9986129354195691, "max_depth": 5.0, "min_child_weight": 3.0}, "datetime": {"datetime": "2020-04-24 21:30:56", "elapsed": 803.47585, "delta": 2.635107}}
{"target": 0.6501002, "params": {"alpha": 0.28599499493465075, "lam": 0.9998651959720256, "max_depth": 5.0, "min_child_weight": 3.0}, "datetime": {"datetime": "2020-04-24 21:30:58", "elapsed": 806.10294, "delta": 2.62709}}
{"target": 0.6500966, "params": {"alpha": 0.9139912231480977, "lam": 0.9998226396659105, "max_depth": 5.0, "min_child_weight": 3.0}, "datetime": {"datetime": "2020-04-24 21:31:01", "elapsed": 808.676326, "delta": 2.573386}}
{"target": 0.6500958, "params": {"alpha": 0.994543859226874, "lam": 0.9996806278772802, "max_depth": 5.0, "min_child_weight": 3.0}, "datetime": {"datetime": "2020-04-24 21:31:04", "elapsed": 811.64421, "delta": 2.967884}}
{"target": 0.6500984, "params": {"alpha": 0.5807849819821147, "lam": 0.9999711273269681, "max_depth": 5.0, "min_child_weight": 3.0}, "datetime": {"datetime": "2020-04-24 21:31:07", "elapsed": 814.517871, "delta": 2.873661}}
{"target": 0.6500962, "params": {"alpha": 0.9533434748869934, "lam": 0.9998334674853896, "max_depth": 5.0, "min_child_weight": 3.0}, "datetime": {"datetime": "2020-04-24 21:31:10", "elapsed": 817.227893, "delta": 2.710022}}
{"target": 0.6500996000000001, "params": {"alpha": 0.37269185046308007, "lam": 0.9999800337016659, "max_depth": 5.0, "min_child_weight": 3.0}, "datetime": {"datetime": "2020-04-24 21:31:12", "elapsed": 819.981092, "delta": 2.753199}}
{"target": 0.6500973999999999, "params": {"alpha": 0.7927359512680933, "lam": 0.9999755567970654, "max_depth": 5.0, "min_child_weight": 3.0}, "datetime": {"datetime": "2020-04-24 21:31:15", "elapsed": 823.074005, "delta": 3.092913}}
{"target": 0.6500956, "params": {"alpha": 0.9979864753707207, "lam": 0.9988495291412348, "max_depth": 5.0, "min_child_weight": 3.0}, "datetime": {"datetime": "2020-04-24 21:31:18", "elapsed": 826.140869, "delta": 3.066864}}
{"target": 0.6500996, "params": {"alpha": 0.35844347894863693, "lam": 0.999605277167262, "max_depth": 5.0, "min_child_weight": 3.0}, "datetime": {"datetime": "2020-04-24 21:31:21", "elapsed": 829.083292, "delta": 2.942423}}
{"target": 0.6501, "params": {"alpha": 0.33559336729178935, "lam": 0.9999650135564995, "max_depth": 5.0, "min_child_weight": 3.0}, "datetime": {"datetime": "2020-04-24 21:31:25", "elapsed": 832.570272, "delta": 3.48698}}
{"target": 0.650099, "params": {"alpha": 0.4931170005736295, "lam": 0.9999268611444159, "max_depth": 5.0, "min_child_weight": 3.0}, "datetime": {"datetime": "2020-04-24 21:31:28", "elapsed": 835.814566, "delta": 3.244294}}
{"target": 0.6500992, "params": {"alpha": 0.46047691545550284, "lam": 0.9997489003059574, "max_depth": 5.0, "min_child_weight": 3.0}, "datetime": {"datetime": "2020-04-24 21:31:31", "elapsed": 838.734076, "delta": 2.91951}}
{"target": 0.6501004, "params": {"alpha": 0.2938436603179526, "lam": 0.9999511290271618, "max_depth": 5.0, "min_child_weight": 3.0}, "datetime": {"datetime": "2020-04-24 21:31:34", "elapsed": 841.85562, "delta": 3.121544}}
{"target": 0.6500972, "params": {"alpha": 0.8054161287394632, "lam": 0.9999380885044923, "max_depth": 5.0, "min_child_weight": 3.0}, "datetime": {"datetime": "2020-04-24 21:31:37", "elapsed": 845.038735, "delta": 3.183115}}
{"target": 0.6500994, "params": {"alpha": 0.4101863597697044, "lam": 0.9994826686985194, "max_depth": 5.0, "min_child_weight": 3.0}, "datetime": {"datetime": "2020-04-24 21:31:41", "elapsed": 848.361294, "delta": 3.322559}}
{"target": 0.6500975999999999, "params": {"alpha": 0.731172710283268, "lam": 0.9999405230842482, "max_depth": 5.0, "min_child_weight": 3.0}, "datetime": {"datetime": "2020-04-24 21:31:44", "elapsed": 851.409701, "delta": 3.048407}}
{"target": 0.6500954, "params": {"alpha": 0.9928000283067412, "lam": 0.9995836887054127, "max_depth": 5.0, "min_child_weight": 3.0}, "datetime": {"datetime": "2020-04-24 21:31:47", "elapsed": 854.629794, "delta": 3.220093}}
{"target": 0.6500998, "params": {"alpha": 0.3348650564780955, "lam": 0.9997017974637712, "max_depth": 5.0, "min_child_weight": 3.0}, "datetime": {"datetime": "2020-04-24 21:31:50", "elapsed": 857.654552, "delta": 3.024758}}
{"target": 0.6500962, "params": {"alpha": 0.9225225806445702, "lam": 0.999686414267896, "max_depth": 5.0, "min_child_weight": 3.0}, "datetime": {"datetime": "2020-04-24 21:31:53", "elapsed": 860.929633, "delta": 3.275081}}
{"target": 0.6500964, "params": {"alpha": 0.9077043960967255, "lam": 0.9998991224781189, "max_depth": 5.0, "min_child_weight": 3.0}, "datetime": {"datetime": "2020-04-24 21:31:57", "elapsed": 864.287179, "delta": 3.357546}}
{"target": 0.6500982, "params": {"alpha": 0.5857059633954853, "lam": 0.99971259902075, "max_depth": 5.0, "min_child_weight": 3.0}, "datetime": {"datetime": "2020-04-24 21:32:00", "elapsed": 867.509097, "delta": 3.221918}}
{"target": 0.6500966, "params": {"alpha": 0.8348748203181016, "lam": 0.9993114146849486, "max_depth": 5.0, "min_child_weight": 3.0}, "datetime": {"datetime": "2020-04-24 21:32:04", "elapsed": 871.318314, "delta": 3.809217}}
{"target": 0.6500986, "params": {"alpha": 0.572379949240278, "lam": 0.9999476092925462, "max_depth": 5.0, "min_child_weight": 3.0}, "datetime": {"datetime": "2020-04-24 21:32:07", "elapsed": 874.533291, "delta": 3.214977}}
{"target": 0.6500988000000001, "params": {"alpha": 0.5284547924014386, "lam": 0.9998972734254339, "max_depth": 5.0, "min_child_weight": 3.0}, "datetime": {"datetime": "2020-04-24 21:32:10", "elapsed": 877.904672, "delta": 3.371381}}
{"target": 0.6500996000000001, "params": {"alpha": 0.39783168034163996, "lam": 0.99996065040703, "max_depth": 5.0, "min_child_weight": 3.0}, "datetime": {"datetime": "2020-04-24 21:32:14", "elapsed": 881.305649, "delta": 3.400977}}
{"target": 0.6500978, "params": {"alpha": 0.6937721571647473, "lam": 0.999940871252805, "max_depth": 5.0, "min_child_weight": 3.0}, "datetime": {"datetime": "2020-04-24 21:32:17", "elapsed": 884.846711, "delta": 3.541062}}
{"target": 0.6501, "params": {"alpha": 0.31373866006902895, "lam": 0.999657754220784, "max_depth": 5.0, "min_child_weight": 3.0}, "datetime": {"datetime": "2020-04-24 21:32:21", "elapsed": 888.170474, "delta": 3.323763}}
{"target": 0.6500999999999999, "params": {"alpha": 0.3299977653066366, "lam": 0.9999381415245996, "max_depth": 5.0, "min_child_weight": 3.0}, "datetime": {"datetime": "2020-04-24 21:32:24", "elapsed": 891.543841, "delta": 3.373367}}
{"target": 0.6500966000000001, "params": {"alpha": 0.8534001121591233, "lam": 0.9996886677725474, "max_depth": 5.0, "min_child_weight": 3.0}, "datetime": {"datetime": "2020-04-24 21:32:27", "elapsed": 895.151593, "delta": 3.607752}}
{"target": 0.6500982, "params": {"alpha": 0.5961195363170626, "lam": 0.9999478211308961, "max_depth": 5.0, "min_child_weight": 3.0}, "datetime": {"datetime": "2020-04-24 21:32:31", "elapsed": 898.605984, "delta": 3.454391}}
{"target": 0.6500982000000001, "params": {"alpha": 0.6380159343110848, "lam": 0.9998836182935577, "max_depth": 5.0, "min_child_weight": 3.0}, "datetime": {"datetime": "2020-04-24 21:32:35", "elapsed": 902.185885, "delta": 3.579901}}
{"target": 0.6500966, "params": {"alpha": 0.8871666249107579, "lam": 0.9999707738182467, "max_depth": 5.0, "min_child_weight": 3.0}, "datetime": {"datetime": "2020-04-24 21:32:38", "elapsed": 905.464348, "delta": 3.278463}}
{"target": 0.650097, "params": {"alpha": 0.7982574831730875, "lam": 0.9998603833062238, "max_depth": 5.0, "min_child_weight": 3.0}, "datetime": {"datetime": "2020-04-24 21:32:41", "elapsed": 908.933224, "delta": 3.468876}}
{"target": 0.6500976, "params": {"alpha": 0.7145422036829546, "lam": 0.9998605272692085, "max_depth": 5.0, "min_child_weight": 3.0}, "datetime": {"datetime": "2020-04-24 21:32:45", "elapsed": 912.449589, "delta": 3.516365}}
{"target": 0.6500990000000001, "params": {"alpha": 0.4779034086524552, "lam": 0.999809313016662, "max_depth": 5.0, "min_child_weight": 3.0}, "datetime": {"datetime": "2020-04-24 21:32:48", "elapsed": 915.572852, "delta": 3.123263}}
{"target": 0.6500992, "params": {"alpha": 0.4404627814178561, "lam": 0.9993103638457178, "max_depth": 5.0, "min_child_weight": 3.0}, "datetime": {"datetime": "2020-04-24 21:32:52", "elapsed": 919.21035, "delta": 3.637498}}
{"target": 0.6500966, "params": {"alpha": 0.8410563885744478, "lam": 0.999306076586534, "max_depth": 5.0, "min_child_weight": 3.0}, "datetime": {"datetime": "2020-04-24 21:32:55", "elapsed": 922.969564, "delta": 3.759214}}
{"target": 0.6500978, "params": {"alpha": 0.7168551904540132, "lam": 0.9999813495345379, "max_depth": 5.0, "min_child_weight": 3.0}, "datetime": {"datetime": "2020-04-24 21:32:59", "elapsed": 926.228579, "delta": 3.259015}}
{"target": 0.6500961999999999, "params": {"alpha": 0.9337915592385556, "lam": 0.9997677282942273, "max_depth": 5.0, "min_child_weight": 3.0}, "datetime": {"datetime": "2020-04-24 21:33:02", "elapsed": 929.705125, "delta": 3.476546}}
{"target": 0.6500959999999999, "params": {"alpha": 0.9596339726174541, "lam": 0.9995931495771457, "max_depth": 5.0, "min_child_weight": 3.0}, "datetime": {"datetime": "2020-04-24 21:33:06", "elapsed": 933.2742, "delta": 3.569075}}
{"target": 0.6500986, "params": {"alpha": 0.5304813637931082, "lam": 0.9999194937921748, "max_depth": 5.0, "min_child_weight": 3.0}, "datetime": {"datetime": "2020-04-24 21:33:09", "elapsed": 936.790564, "delta": 3.516364}}
{"target": 0.6500975999999999, "params": {"alpha": 0.7427367506736268, "lam": 0.9999134089513488, "max_depth": 5.0, "min_child_weight": 3.0}, "datetime": {"datetime": "2020-04-24 21:33:13", "elapsed": 940.396738, "delta": 3.606174}}
{"target": 0.6500994, "params": {"alpha": 0.4122787749470117, "lam": 0.99976471802094, "max_depth": 5.0, "min_child_weight": 3.0}, "datetime": {"datetime": "2020-04-24 21:33:16", "elapsed": 943.967029, "delta": 3.570291}}
{"target": 0.6500958, "params": {"alpha": 0.9417220036263487, "lam": 0.9992629315535684, "max_depth": 5.0, "min_child_weight": 3.0}, "datetime": {"datetime": "2020-04-24 21:33:20", "elapsed": 947.649724, "delta": 3.682695}}
{"target": 0.6500988000000001, "params": {"alpha": 0.5053271822162868, "lam": 0.9996436615136999, "max_depth": 5.0, "min_child_weight": 3.0}, "datetime": {"datetime": "2020-04-24 21:33:23", "elapsed": 951.147323, "delta": 3.497599}}
{"target": 0.6500998, "params": {"alpha": 0.34537844045054267, "lam": 0.9997086044973849, "max_depth": 5.0, "min_child_weight": 3.0}, "datetime": {"datetime": "2020-04-24 21:33:27", "elapsed": 954.678995, "delta": 3.531672}}
{"target": 0.650099, "params": {"alpha": 0.483946897390643, "lam": 0.9995670404771686, "max_depth": 5.0, "min_child_weight": 3.0}, "datetime": {"datetime": "2020-04-24 21:33:31", "elapsed": 958.25184, "delta": 3.572845}}
{"target": 0.6500982, "params": {"alpha": 0.6095658914033216, "lam": 0.9998930135777812, "max_depth": 5.0, "min_child_weight": 3.0}, "datetime": {"datetime": "2020-04-24 21:33:34", "elapsed": 962.054077, "delta": 3.802237}}
{"target": 0.6501002, "params": {"alpha": 0.3068725600749481, "lam": 0.9997622627497953, "max_depth": 5.0, "min_child_weight": 3.0}, "datetime": {"datetime": "2020-04-24 21:33:38", "elapsed": 965.60295, "delta": 3.548873}}
{"target": 0.6500954, "params": {"alpha": 0.9895541850961388, "lam": 0.9991083630163431, "max_depth": 5.0, "min_child_weight": 3.0}, "datetime": {"datetime": "2020-04-24 21:33:42", "elapsed": 969.669508, "delta": 4.066558}}
{"target": 0.6110238, "params": {"alpha": 0.2591573438171202, "colsample_bytree": 0.6433443300934374, "lam": 0.9999561852223213, "max_depth": 5.0, "min_child_weight": 3.0, "subsample": 0.5314220489795713}, "datetime": {"datetime": "2020-04-24 21:33:43", "elapsed": 970.453222, "delta": 0.783714}}
{"target": 0.6285953999999999, "params": {"alpha": 0.2591573438171202, "colsample_bytree": 0.8806868929381371, "lam": 0.9999561852223213, "max_depth": 5.0, "min_child_weight": 3.0, "subsample": 0.7291735409155642}, "datetime": {"datetime": "2020-04-24 21:33:44", "elapsed": 971.259454, "delta": 0.806232}}
{"target": 0.613725, "params": {"alpha": 0.2591573438171202, "colsample_bytree": 0.8369016763759536, "lam": 0.9999561852223213, "max_depth": 5.0, "min_child_weight": 3.0, "subsample": 0.6612670100659006}, "datetime": {"datetime": "2020-04-24 21:33:44", "elapsed": 972.043236, "delta": 0.783782}}
{"target": 0.6325025999999999, "params": {"alpha": 0.2591573438171202, "colsample_bytree": 0.7175887132124386, "lam": 0.9999561852223213, "max_depth": 5.0, "min_child_weight": 3.0, "subsample": 0.88501938866109}, "datetime": {"datetime": "2020-04-24 21:33:45", "elapsed": 972.825463, "delta": 0.782227}}
{"target": 0.6225501999999999, "params": {"alpha": 0.2591573438171202, "colsample_bytree": 0.7743144193173578, "lam": 0.9999561852223213, "max_depth": 5.0, "min_child_weight": 3.0, "subsample": 0.729865955955617}, "datetime": {"datetime": "2020-04-24 21:33:46", "elapsed": 973.60857, "delta": 0.783107}}
{"target": 0.593214, "params": {"alpha": 0.2591573438171202, "colsample_bytree": 0.5748698179845175, "lam": 0.9999561852223213, "max_depth": 5.0, "min_child_weight": 3.0, "subsample": 0.6686505856555925}, "datetime": {"datetime": "2020-04-24 21:33:47", "elapsed": 974.403522, "delta": 0.794952}}
{"target": 0.6086976, "params": {"alpha": 0.2591573438171202, "colsample_bytree": 0.5351338956314192, "lam": 0.9999561852223213, "max_depth": 5.0, "min_child_weight": 3.0, "subsample": 0.8977900202012562}, "datetime": {"datetime": "2020-04-24 21:33:48", "elapsed": 975.181755, "delta": 0.778233}}
{"target": 0.6210902, "params": {"alpha": 0.2591573438171202, "colsample_bytree": 0.7997481146822426, "lam": 0.9999561852223213, "max_depth": 5.0, "min_child_weight": 3.0, "subsample": 0.6715324482631813}, "datetime": {"datetime": "2020-04-24 21:33:48", "elapsed": 975.967511, "delta": 0.785756}}
{"target": 0.6210144, "params": {"alpha": 0.2591573438171202, "colsample_bytree": 0.7674877291041581, "lam": 0.9999561852223213, "max_depth": 5.0, "min_child_weight": 3.0, "subsample": 0.6430535378271321}, "datetime": {"datetime": "2020-04-24 21:33:49", "elapsed": 976.747652, "delta": 0.780141}}
{"target": 0.6320954000000001, "params": {"alpha": 0.2591573438171202, "colsample_bytree": 0.7655854062089086, "lam": 0.9999561852223213, "max_depth": 5.0, "min_child_weight": 3.0, "subsample": 0.8973961505867978}, "datetime": {"datetime": "2020-04-24 21:33:50", "elapsed": 977.537726, "delta": 0.790074}}
{"target": 0.6326414, "params": {"alpha": 0.2591573438171202, "colsample_bytree": 0.9, "lam": 0.9999561852223213, "max_depth": 5.0, "min_child_weight": 3.0, "subsample": 0.9}, "datetime": {"datetime": "2020-04-24 21:33:51", "elapsed": 978.626539, "delta": 1.088813}}
{"target": 0.5687998000000001, "params": {"alpha": 0.2591573438171202, "colsample_bytree": 0.5, "lam": 0.9999561852223213, "max_depth": 5.0, "min_child_weight": 3.0, "subsample": 0.5}, "datetime": {"datetime": "2020-04-24 21:33:52", "elapsed": 979.839202, "delta": 1.212663}}
{"target": 0.649484, "params": {"alpha": 0.2591573438171202, "colsample_bytree": 0.8972183499282793, "lam": 0.9999561852223213, "max_depth": 5.0, "min_child_weight": 3.0, "subsample": 0.8260500854856186}, "datetime": {"datetime": "2020-04-24 21:33:53", "elapsed": 980.952794, "delta": 1.113592}}
{"target": 0.622892, "params": {"alpha": 0.2591573438171202, "colsample_bytree": 0.9, "lam": 0.9999561852223213, "max_depth": 5.0, "min_child_weight": 3.0, "subsample": 0.5}, "datetime": {"datetime": "2020-04-24 21:33:55", "elapsed": 982.323279, "delta": 1.370485}}
{"target": 0.622676, "params": {"alpha": 0.2591573438171202, "colsample_bytree": 0.768997702498436, "lam": 0.9999561852223213, "max_depth": 5.0, "min_child_weight": 3.0, "subsample": 0.5018949407998888}, "datetime": {"datetime": "2020-04-24 21:33:56", "elapsed": 983.720261, "delta": 1.396982}}
{"target": 0.6415508000000001, "params": {"alpha": 0.2591573438171202, "colsample_bytree": 0.8629084651465966, "lam": 0.9999561852223213, "max_depth": 5.0, "min_child_weight": 3.0, "subsample": 0.8334953672327508}, "datetime": {"datetime": "2020-04-24 21:33:57", "elapsed": 984.953073, "delta": 1.232812}}
{"target": 0.6390562, "params": {"alpha": 0.2591573438171202, "colsample_bytree": 0.8998067720340026, "lam": 0.9999561852223213, "max_depth": 5.0, "min_child_weight": 3.0, "subsample": 0.8162855335157255}, "datetime": {"datetime": "2020-04-24 21:33:59", "elapsed": 986.678069, "delta": 1.724996}}
{"target": 0.5931734, "params": {"alpha": 0.2591573438171202, "colsample_bytree": 0.5, "lam": 0.9999561852223213, "max_depth": 5.0, "min_child_weight": 3.0, "subsample": 0.7808597640624172}, "datetime": {"datetime": "2020-04-24 21:34:00", "elapsed": 987.848295, "delta": 1.170226}}
{"target": 0.6452312, "params": {"alpha": 0.2591573438171202, "colsample_bytree": 0.8992481575416817, "lam": 0.9999561852223213, "max_depth": 5.0, "min_child_weight": 3.0, "subsample": 0.8445366543148003}, "datetime": {"datetime": "2020-04-24 21:34:02", "elapsed": 989.344995, "delta": 1.4967}}
{"target": 0.6389054, "params": {"alpha": 0.2591573438171202, "colsample_bytree": 0.8976973944017599, "lam": 0.9999561852223213, "max_depth": 5.0, "min_child_weight": 3.0, "subsample": 0.8474341444025496}, "datetime": {"datetime": "2020-04-24 21:34:03", "elapsed": 990.739796, "delta": 1.394801}}
{"target": 0.6534101999999999, "params": {"alpha": 0.2591573438171202, "colsample_bytree": 0.8986070854140146, "lam": 0.9999561852223213, "max_depth": 5.0, "min_child_weight": 3.0, "subsample": 0.8251687745132141}, "datetime": {"datetime": "2020-04-24 21:34:05", "elapsed": 992.46393, "delta": 1.724134}}
{"target": 0.5773344, "params": {"alpha": 0.2591573438171202, "colsample_bytree": 0.5, "lam": 0.9999561852223213, "max_depth": 5.0, "min_child_weight": 3.0, "subsample": 0.6188368581271002}, "datetime": {"datetime": "2020-04-24 21:34:06", "elapsed": 993.59827, "delta": 1.13434}}
{"target": 0.6278352, "params": {"alpha": 0.2591573438171202, "colsample_bytree": 0.61718827949165, "lam": 0.9999561852223213, "max_depth": 5.0, "min_child_weight": 3.0, "subsample": 0.8002353247952445}, "datetime": {"datetime": "2020-04-24 21:34:07", "elapsed": 994.682942, "delta": 1.084672}}
