{"target": 0.6500998, "params": {"alpha": 0.3719721550243219, "lam": 0.9995883777233078, "max_depth": 5.0, "min_child_weight": 3.0}, "datetime": {"datetime": "2020-04-24 21:26:50", "elapsed": 557.259571, "delta": 1.726021}}
{"target": 0.6501, "params": {"alpha": 0.3056007580573833, "lam": 0.9995386888356859, "max_depth": 5.0, "min_child_weight": 3.0}, "datetime": {"datetime": "2020-04-24 21:26:51", "elapsed": 559.00162, "delta": 1.742049}}
{"target": 0.6500998, "params": {"alpha": 0.3417720108552764, "lam": 0.9993153110479064, "max_depth": 5.0, "min_child_weight": 3.0}, "datetime": {"datetime": "2020-04-24 21:26:53", "elapsed": 560.685893, "delta": 1.684273}}
{"target": 0.6500994, "params": {"alpha": 0.3619188655491814, "lam": 0.9992860907005487, "max_depth": 5.0, "min_child_weight": 3.0}, "datetime": {"datetime": "2020-04-24 21:26:55", "elapsed": 562.350008, "delta": 1.664115}}
{"target": 0.6500996, "params": {"alpha": 0.34870629437236655, "lam": 0.9995760468593374, "max_depth": 5.0, "min_child_weight": 3.0}, "datetime": {"datetime": "2020-04-24 21:26:56", "elapsed": 564.129966, "delta": 1.779958}}
{"target": 0.6486762, "params": {"alpha": 0.25928284695902426, "lam": 0.9980094570184462, "max_depth": 5.0, "min_child_weight": 3.0}, "datetime": {"datetime": "2020-04-24 21:26:58", "elapsed": 565.948168, "delta": 1.818202}}
{"target": 0.6500994, "params": {"alpha": 0.41670142933714094, "lam": 0.9999246422243304, "max_depth": 5.0, "min_child_weight": 3.0}, "datetime": {"datetime": "2020-04-24 21:27:00", "elapsed": 567.641908, "delta": 1.69374}}
{"target": 0.6500961999999999, "params": {"alpha": 0.9406399330160532, "lam": 0.9997441428108453, "max_depth": 5.0, "min_child_weight": 3.0}, "datetime": {"datetime": "2020-04-24 21:27:02", "elapsed": 569.316924, "delta": 1.675016}}
{"target": 0.6500996000000001, "params": {"alpha": 0.4063590506350836, "lam": 0.9998896902125457, "max_depth": 5.0, "min_child_weight": 3.0}, "datetime": {"datetime": "2020-04-24 21:27:04", "elapsed": 571.259584, "delta": 1.94266}}
{"target": 0.6500971999999999, "params": {"alpha": 0.775369846415547, "lam": 0.9999951843798779, "max_depth": 5.0, "min_child_weight": 3.0}, "datetime": {"datetime": "2020-04-24 21:27:05", "elapsed": 572.988583, "delta": 1.728999}}
{"target": 0.6501, "params": {"alpha": 0.3157223644318713, "lam": 0.9991970066885124, "max_depth": 5.0, "min_child_weight": 3.0}, "datetime": {"datetime": "2020-04-24 21:27:07", "elapsed": 574.759029, "delta": 1.770446}}
{"target": 0.6500975999999999, "params": {"alpha": 0.7300582246746815, "lam": 0.9996440582518196, "max_depth": 5.0, "min_child_weight": 3.0}, "datetime": {"datetime": "2020-04-24 21:27:09", "elapsed": 576.621441, "delta": 1.862412}}
{"target": 0.650096, "params": {"alpha": 0.9423043757124167, "lam": 0.9993091702829708, "max_depth": 5.0, "min_child_weight": 3.0}, "datetime": {"datetime": "2020-04-24 21:27:11", "elapsed": 578.252471, "delta": 1.63103}}
{"target": 0.6500954, "params": {"alpha": 0.9996723723518008, "lam": 0.9992230699636253, "max_depth": 5.0, "min_child_weight": 3.0}, "datetime": {"datetime": "2020-04-24 21:27:13", "elapsed": 580.233608, "delta": 1.981137}}
{"target": 0.6500966, "params": {"alpha": 0.8955309942582155, "lam": 0.9996923403070537, "max_depth": 5.0, "min_child_weight": 3.0}, "datetime": {"datetime": "2020-04-24 21:27:14", "elapsed": 581.980329, "delta": 1.746721}}
{"target": 0.6500956, "params": {"alpha": 0.9914145779077574, "lam": 0.9992562180838266, "max_depth": 5.0, "min_child_weight": 3.0}, "datetime": {"datetime": "2020-04-24 21:27:16", "elapsed": 583.759529, "delta": 1.7792}}
{"target": 0.6500996000000001, "params": {"alpha": 0.3614808966401395, "lam": 0.9994473383888952, "max_depth": 5.0, "min_child_weight": 3.0}, "datetime": {"datetime": "2020-04-24 21:27:18", "elapsed": 585.648762, "delta": 1.889233}}
{"target": 0.6500968, "params": {"alpha": 0.8220493556897094, "lam": 0.9994864585694604, "max_depth": 5.0, "min_child_weight": 3.0}, "datetime": {"datetime": "2020-04-24 21:27:20", "elapsed": 587.499893, "delta": 1.851131}}
{"target": 0.6500978, "params": {"alpha": 0.6903768154763613, "lam": 0.9996010820580712, "max_depth": 5.0, "min_child_weight": 3.0}, "datetime": {"datetime": "2020-04-24 21:27:22", "elapsed": 589.271615, "delta": 1.771722}}
{"target": 0.6500984, "params": {"alpha": 0.5938686978877349, "lam": 0.9998824182618293, "max_depth": 5.0, "min_child_weight": 3.0}, "datetime": {"datetime": "2020-04-24 21:27:23", "elapsed": 591.019042, "delta": 1.747427}}
{"target": 0.6500976, "params": {"alpha": 0.7122362196681417, "lam": 0.9998692149355993, "max_depth": 5.0, "min_child_weight": 3.0}, "datetime": {"datetime": "2020-04-24 21:27:25", "elapsed": 592.663447, "delta": 1.644405}}
{"target": 0.6500964, "params": {"alpha": 0.9557516325596419, "lam": 0.9997800353831441, "max_depth": 5.0, "min_child_weight": 3.0}, "datetime": {"datetime": "2020-04-24 21:27:27", "elapsed": 594.405448, "delta": 1.742001}}
{"target": 0.6500969999999999, "params": {"alpha": 0.8173242904975188, "lam": 0.9999590587950635, "max_depth": 5.0, "min_child_weight": 3.0}, "datetime": {"datetime": "2020-04-24 21:27:29", "elapsed": 596.24257, "delta": 1.837122}}
{"target": 0.6500999999999999, "params": {"alpha": 0.31947669247852706, "lam": 0.9992705145284693, "max_depth": 5.0, "min_child_weight": 3.0}, "datetime": {"datetime": "2020-04-24 21:27:30", "elapsed": 598.020973, "delta": 1.778403}}
{"target": 0.6500999999999999, "params": {"alpha": 0.3239219998599655, "lam": 0.9999128875817748, "max_depth": 5.0, "min_child_weight": 3.0}, "datetime": {"datetime": "2020-04-24 21:27:32", "elapsed": 599.799041, "delta": 1.778068}}
{"target": 0.6500954, "params": {"alpha": 0.9982074698777738, "lam": 0.9991002599917491, "max_depth": 5.0, "min_child_weight": 3.0}, "datetime": {"datetime": "2020-04-24 21:27:34", "elapsed": 601.570698, "delta": 1.771657}}
{"target": 0.6500954, "params": {"alpha": 0.9982074698777738, "lam": 0.9991002599917491, "max_depth": 5.0, "min_child_weight": 3.0}, "datetime": {"datetime": "2020-04-24 21:27:35", "elapsed": 602.416269, "delta": 0.845571}}
{"target": 0.6500982000000001, "params": {"alpha": 0.6478807341410504, "lam": 0.999958098779133, "max_depth": 5.0, "min_child_weight": 3.0}, "datetime": {"datetime": "2020-04-24 21:27:37", "elapsed": 604.276492, "delta": 1.860223}}
{"target": 0.6500956, "params": {"alpha": 0.999543968619463, "lam": 0.9995220718222712, "max_depth": 5.0, "min_child_weight": 3.0}, "datetime": {"datetime": "2020-04-24 21:27:38", "elapsed": 606.11552, "delta": 1.839028}}
{"target": 0.6500984, "params": {"alpha": 0.5655307294431944, "lam": 0.9994007233012878, "max_depth": 5.0, "min_child_weight": 3.0}, "datetime": {"datetime": "2020-04-24 21:27:40", "elapsed": 608.086733, "delta": 1.971213}}
{"target": 0.6500984, "params": {"alpha": 0.5655307294431944, "lam": 0.9994007233012878, "max_depth": 5.0, "min_child_weight": 3.0}, "datetime": {"datetime": "2020-04-24 21:27:41", "elapsed": 609.072987, "delta": 0.986254}}
{"target": 0.6500968, "params": {"alpha": 0.8647221298025828, "lam": 0.9997649485934379, "max_depth": 5.0, "min_child_weight": 3.0}, "datetime": {"datetime": "2020-04-24 21:27:43", "elapsed": 610.914055, "delta": 1.841068}}
{"target": 0.6500972, "params": {"alpha": 0.7842174280149394, "lam": 0.9997274836599911, "max_depth": 5.0, "min_child_weight": 3.0}, "datetime": {"datetime": "2020-04-24 21:27:45", "elapsed": 612.747044, "delta": 1.832989}}
{"target": 0.6500972, "params": {"alpha": 0.7842174280149394, "lam": 0.9997274836599911, "max_depth": 5.0, "min_child_weight": 3.0}, "datetime": {"datetime": "2020-04-24 21:27:46", "elapsed": 613.969775, "delta": 1.222731}}
{"target": 0.6500998, "params": {"alpha": 0.3606241391739905, "lam": 0.9999348686130476, "max_depth": 5.0, "min_child_weight": 3.0}, "datetime": {"datetime": "2020-04-24 21:27:48", "elapsed": 616.120694, "delta": 2.150919}}
{"target": 0.650096, "params": {"alpha": 0.9470719090106267, "lam": 0.999277059074132, "max_depth": 5.0, "min_child_weight": 3.0}, "datetime": {"datetime": "2020-04-24 21:27:51", "elapsed": 618.359572, "delta": 2.238878}}
{"target": 0.6500995999999999, "params": {"alpha": 0.35987436690079666, "lam": 0.9997532229738357, "max_depth": 5.0, "min_child_weight": 3.0}, "datetime": {"datetime": "2020-04-24 21:27:53", "elapsed": 620.382479, "delta": 2.022907}}
{"target": 0.6500988000000001, "params": {"alpha": 0.4902289671350738, "lam": 0.9998108893491763, "max_depth": 5.0, "min_child_weight": 3.0}, "datetime": {"datetime": "2020-04-24 21:27:55", "elapsed": 622.332801, "delta": 1.950322}}
{"target": 0.6500984, "params": {"alpha": 0.5601042109808361, "lam": 0.9997739768582178, "max_depth": 5.0, "min_child_weight": 3.0}, "datetime": {"datetime": "2020-04-24 21:27:57", "elapsed": 624.34108, "delta": 2.008279}}
{"target": 0.6500984, "params": {"alpha": 0.5601042109808361, "lam": 0.9997739768582178, "max_depth": 5.0, "min_child_weight": 3.0}, "datetime": {"datetime": "2020-04-24 21:27:58", "elapsed": 625.719669, "delta": 1.378589}}
{"target": 0.6500982000000001, "params": {"alpha": 0.6346354930459178, "lam": 0.9999352580933952, "max_depth": 5.0, "min_child_weight": 3.0}, "datetime": {"datetime": "2020-04-24 21:28:00", "elapsed": 628.083107, "delta": 2.363438}}
{"target": 0.6500966, "params": {"alpha": 0.8463607667615906, "lam": 0.9993299583751972, "max_depth": 5.0, "min_child_weight": 3.0}, "datetime": {"datetime": "2020-04-24 21:28:03", "elapsed": 630.281346, "delta": 2.198239}}
{"target": 0.6500976, "params": {"alpha": 0.7113254624781906, "lam": 0.9998677514254752, "max_depth": 5.0, "min_child_weight": 3.0}, "datetime": {"datetime": "2020-04-24 21:28:05", "elapsed": 632.563801, "delta": 2.282455}}
{"target": 0.6500998, "params": {"alpha": 0.3643193258677111, "lam": 0.9996654413127041, "max_depth": 5.0, "min_child_weight": 3.0}, "datetime": {"datetime": "2020-04-24 21:28:07", "elapsed": 634.790814, "delta": 2.227013}}
{"target": 0.6500999999999999, "params": {"alpha": 0.3162670504759053, "lam": 0.9998983029230033, "max_depth": 5.0, "min_child_weight": 3.0}, "datetime": {"datetime": "2020-04-24 21:28:09", "elapsed": 636.953961, "delta": 2.163147}}
{"target": 0.6500999999999999, "params": {"alpha": 0.3162670504759053, "lam": 0.9998983029230033, "max_depth": 5.0, "min_child_weight": 3.0}, "datetime": {"datetime": "2020-04-24 21:28:10", "elapsed": 638.08587, "delta": 1.131909}}
{"target": 0.6501, "params": {"alpha": 0.3425800543793819, "lam": 0.9999989301547151, "max_depth": 5.0, "min_child_weight": 3.0}, "datetime": {"datetime": "2020-04-24 21:28:13", "elapsed": 640.335432, "delta": 2.249562}}
{"target": 0.6500961999999999, "params": {"alpha": 0.954492370722756, "lam": 0.9999789046957478, "max_depth": 5.0, "min_child_weight": 3.0}, "datetime": {"datetime": "2020-04-24 21:28:15", "elapsed": 642.621108, "delta": 2.285676}}
{"target": 0.6500962, "params": {"alpha": 0.937974897112657, "lam": 0.9999393326842394, "max_depth": 5.0, "min_child_weight": 3.0}, "datetime": {"datetime": "2020-04-24 21:28:17", "elapsed": 644.819646, "delta": 2.198538}}
{"target": 0.6500992, "params": {"alpha": 0.4428370061011748, "lam": 0.9998953849341167, "max_depth": 5.0, "min_child_weight": 3.0}, "datetime": {"datetime": "2020-04-24 21:28:19", "elapsed": 646.873332, "delta": 2.053686}}
{"target": 0.6500978, "params": {"alpha": 0.6801167828653478, "lam": 0.9996314573100965, "max_depth": 5.0, "min_child_weight": 3.0}, "datetime": {"datetime": "2020-04-24 21:28:21", "elapsed": 649.056343, "delta": 2.183011}}
{"target": 0.6500986, "params": {"alpha": 0.6034430334591201, "lam": 0.9999923290403178, "max_depth": 5.0, "min_child_weight": 3.0}, "datetime": {"datetime": "2020-04-24 21:28:23", "elapsed": 650.994475, "delta": 1.938132}}
{"target": 0.6500958, "params": {"alpha": 0.9982210031128882, "lam": 0.9999027526650497, "max_depth": 5.0, "min_child_weight": 3.0}, "datetime": {"datetime": "2020-04-24 21:28:25", "elapsed": 653.119606, "delta": 2.125131}}
{"target": 0.6500990000000001, "params": {"alpha": 0.4892419159286189, "lam": 0.999757561613496, "max_depth": 5.0, "min_child_weight": 3.0}, "datetime": {"datetime": "2020-04-24 21:28:28", "elapsed": 655.333538, "delta": 2.213932}}
{"target": 0.6500984, "params": {"alpha": 0.5664719409345967, "lam": 0.9999422880221378, "max_depth": 5.0, "min_child_weight": 3.0}, "datetime": {"datetime": "2020-04-24 21:28:30", "elapsed": 657.46912, "delta": 2.135582}}
{"target": 0.6500966, "params": {"alpha": 0.8143673005466014, "lam": 0.9992526004358961, "max_depth": 5.0, "min_child_weight": 3.0}, "datetime": {"datetime": "2020-04-24 21:28:32", "elapsed": 659.683838, "delta": 2.214718}}
{"target": 0.6500991999999999, "params": {"alpha": 0.45103066871427255, "lam": 0.9994474978519682, "max_depth": 5.0, "min_child_weight": 3.0}, "datetime": {"datetime": "2020-04-24 21:28:34", "elapsed": 661.79664, "delta": 2.112802}}
{"target": 0.650096, "params": {"alpha": 0.9616557711928263, "lam": 0.9997880662142172, "max_depth": 5.0, "min_child_weight": 3.0}, "datetime": {"datetime": "2020-04-24 21:28:36", "elapsed": 663.786751, "delta": 1.990111}}
{"target": 0.6501, "params": {"alpha": 0.3117307308068785, "lam": 0.9998234599065944, "max_depth": 5.0, "min_child_weight": 3.0}, "datetime": {"datetime": "2020-04-24 21:28:38", "elapsed": 666.018898, "delta": 2.232147}}
{"target": 0.6500996, "params": {"alpha": 0.38481046788365647, "lam": 0.9996944919225945, "max_depth": 5.0, "min_child_weight": 3.0}, "datetime": {"datetime": "2020-04-24 21:28:41", "elapsed": 668.250125, "delta": 2.231227}}
{"target": 0.6500972, "params": {"alpha": 0.718494063409936, "lam": 0.9992430843552753, "max_depth": 5.0, "min_child_weight": 3.0}, "datetime": {"datetime": "2020-04-24 21:28:43", "elapsed": 670.634487, "delta": 2.384362}}
{"target": 0.6500966, "params": {"alpha": 0.8563210480203262, "lam": 0.9991543548572609, "max_depth": 5.0, "min_child_weight": 3.0}, "datetime": {"datetime": "2020-04-24 21:28:45", "elapsed": 672.811898, "delta": 2.177411}}
{"target": 0.650097, "params": {"alpha": 0.7639609907489217, "lam": 0.9997526167841873, "max_depth": 5.0, "min_child_weight": 3.0}, "datetime": {"datetime": "2020-04-24 21:28:48", "elapsed": 675.264798, "delta": 2.4529}}
{"target": 0.6500966, "params": {"alpha": 0.8360112230871819, "lam": 0.9994966987304404, "max_depth": 5.0, "min_child_weight": 3.0}, "datetime": {"datetime": "2020-04-24 21:28:50", "elapsed": 677.652098, "delta": 2.3873}}
{"target": 0.6500964, "params": {"alpha": 0.9229431062820045, "lam": 0.9997437228580043, "max_depth": 5.0, "min_child_weight": 3.0}, "datetime": {"datetime": "2020-04-24 21:28:52", "elapsed": 679.918884, "delta": 2.266786}}
{"target": 0.6500966, "params": {"alpha": 0.9153937817738991, "lam": 0.9997603165018154, "max_depth": 5.0, "min_child_weight": 3.0}, "datetime": {"datetime": "2020-04-24 21:28:55", "elapsed": 682.30056, "delta": 2.381676}}
{"target": 0.6500956, "params": {"alpha": 0.9912311051886109, "lam": 0.9991826895716008, "max_depth": 5.0, "min_child_weight": 3.0}, "datetime": {"datetime": "2020-04-24 21:28:57", "elapsed": 684.598669, "delta": 2.298109}}
{"target": 0.6500954, "params": {"alpha": 0.9955953170013789, "lam": 0.9990405922242078, "max_depth": 5.0, "min_child_weight": 3.0}, "datetime": {"datetime": "2020-04-24 21:28:59", "elapsed": 686.931312, "delta": 2.332643}}
{"target": 0.6500973999999999, "params": {"alpha": 0.7882643396121237, "lam": 0.9998406404950905, "max_depth": 5.0, "min_child_weight": 3.0}, "datetime": {"datetime": "2020-04-24 21:29:01", "elapsed": 689.057643, "delta": 2.126331}}
{"target": 0.6500996000000001, "params": {"alpha": 0.3934112880298586, "lam": 0.999983076908705, "max_depth": 5.0, "min_child_weight": 3.0}, "datetime": {"datetime": "2020-04-24 21:29:04", "elapsed": 691.438458, "delta": 2.380815}}
{"target": 0.6500998, "params": {"alpha": 0.335255916445816, "lam": 0.9997742967977522, "max_depth": 5.0, "min_child_weight": 3.0}, "datetime": {"datetime": "2020-04-24 21:29:06", "elapsed": 693.733905, "delta": 2.295447}}
{"target": 0.6500986, "params": {"alpha": 0.5464326651673458, "lam": 0.9997111940406285, "max_depth": 5.0, "min_child_weight": 3.0}, "datetime": {"datetime": "2020-04-24 21:29:08", "elapsed": 695.900643, "delta": 2.166738}}
{"target": 0.6500956, "params": {"alpha": 0.9972708005018911, "lam": 0.9992111373992809, "max_depth": 5.0, "min_child_weight": 3.0}, "datetime": {"datetime": "2020-04-24 21:29:10", "elapsed": 698.117345, "delta": 2.216702}}
{"target": 0.6500974, "params": {"alpha": 0.7550508345711553, "lam": 0.999684552556741, "max_depth": 5.0, "min_child_weight": 3.0}, "datetime": {"datetime": "2020-04-24 21:29:13", "elapsed": 700.282913, "delta": 2.165568}}
{"target": 0.6500978000000001, "params": {"alpha": 0.6816005198293346, "lam": 0.9996961033932503, "max_depth": 5.0, "min_child_weight": 3.0}, "datetime": {"datetime": "2020-04-24 21:29:15", "elapsed": 702.943572, "delta": 2.660659}}
{"target": 0.6500991999999999, "params": {"alpha": 0.4090860460296132, "lam": 0.9996508810977358, "max_depth": 5.0, "min_child_weight": 3.0}, "datetime": {"datetime": "2020-04-24 21:29:18", "elapsed": 705.564076, "delta": 2.620504}}
{"target": 0.6500961999999999, "params": {"alpha": 0.9195260643499403, "lam": 0.9998226944834369, "max_depth": 5.0, "min_child_weight": 3.0}, "datetime": {"datetime": "2020-04-24 21:29:20", "elapsed": 708.002739, "delta": 2.438663}}
{"target": 0.6500982, "params": {"alpha": 0.6182643545082255, "lam": 0.9999081688425915, "max_depth": 5.0, "min_child_weight": 3.0}, "datetime": {"datetime": "2020-04-24 21:29:23", "elapsed": 710.706296, "delta": 2.703557}}
{"target": 0.6500964, "params": {"alpha": 0.9047597157132399, "lam": 0.9998741986985126, "max_depth": 5.0, "min_child_weight": 3.0}, "datetime": {"datetime": "2020-04-24 21:29:26", "elapsed": 713.283996, "delta": 2.5777}}
{"target": 0.6500958000000001, "params": {"alpha": 0.9961298765222246, "lam": 0.9993239525033504, "max_depth": 5.0, "min_child_weight": 3.0}, "datetime": {"datetime": "2020-04-24 21:29:28", "elapsed": 715.619093, "delta": 2.335097}}
{"target": 0.6500978000000001, "params": {"alpha": 0.683892653713269, "lam": 0.9996844776431725, "max_depth": 5.0, "min_child_weight": 3.0}, "datetime": {"datetime": "2020-04-24 21:29:31", "elapsed": 718.338795, "delta": 2.719702}}
{"target": 0.6501, "params": {"alpha": 0.30650719572994345, "lam": 0.9994623255234367, "max_depth": 5.0, "min_child_weight": 3.0}, "datetime": {"datetime": "2020-04-24 21:29:33", "elapsed": 720.850512, "delta": 2.511717}}
{"target": 0.6500988000000001, "params": {"alpha": 0.5396034516910334, "lam": 0.9997823467372741, "max_depth": 5.0, "min_child_weight": 3.0}, "datetime": {"datetime": "2020-04-24 21:29:35", "elapsed": 723.066029, "delta": 2.215517}}
{"target": 0.6500972, "params": {"alpha": 0.7909807255620686, "lam": 0.9997147101134152, "max_depth": 5.0, "min_child_weight": 3.0}, "datetime": {"datetime": "2020-04-24 21:29:38", "elapsed": 725.330797, "delta": 2.264768}}
{"target": 0.650097, "params": {"alpha": 0.8418441240858852, "lam": 0.9996925628422384, "max_depth": 5.0, "min_child_weight": 3.0}, "datetime": {"datetime": "2020-04-24 21:29:40", "elapsed": 727.866039, "delta": 2.535242}}
{"target": 0.650099, "params": {"alpha": 0.48917427677979675, "lam": 0.9999179095274592, "max_depth": 5.0, "min_child_weight": 3.0}, "datetime": {"datetime": "2020-04-24 21:29:43", "elapsed": 730.328665, "delta": 2.462626}}
{"target": 0.6500999999999999, "params": {"alpha": 0.3539721064622162, "lam": 0.9997984500127286, "max_depth": 5.0, "min_child_weight": 3.0}, "datetime": {"datetime": "2020-04-24 21:29:45", "elapsed": 732.739695, "delta": 2.41103}}
{"target": 0.6500982000000001, "params": {"alpha": 0.642459472703546, "lam": 0.9999913933103839, "max_depth": 5.0, "min_child_weight": 3.0}, "datetime": {"datetime": "2020-04-24 21:29:48", "elapsed": 735.770828, "delta": 3.031133}}
{"target": 0.6500982000000001, "params": {"alpha": 0.642459472703546, "lam": 0.9999913933103839, "max_depth": 5.0, "min_child_weight": 3.0}, "datetime": {"datetime": "2020-04-24 21:29:49", "elapsed": 737.141209, "delta": 1.370381}}
{"target": 0.6500999999999999, "params": {"alpha": 0.3396369628262036, "lam": 0.9998988494152559, "max_depth": 5.0, "min_child_weight": 3.0}, "datetime": {"datetime": "2020-04-24 21:29:52", "elapsed": 739.573003, "delta": 2.431794}}
{"target": 0.6500966, "params": {"alpha": 0.8717417223820423, "lam": 0.9999768416345073, "max_depth": 5.0, "min_child_weight": 3.0}, "datetime": {"datetime": "2020-04-24 21:29:54", "elapsed": 742.05904, "delta": 2.486037}}
{"target": 0.6500956, "params": {"alpha": 0.9953994343260775, "lam": 0.9995039850413495, "max_depth": 5.0, "min_child_weight": 3.0}, "datetime": {"datetime": "2020-04-24 21:29:57", "elapsed": 744.69069, "delta": 2.63165}}
{"target": 0.650097, "params": {"alpha": 0.7745033268989118, "lam": 0.9994575170218449, "max_depth": 5.0, "min_child_weight": 3.0}, "datetime": {"datetime": "2020-04-24 21:29:59", "elapsed": 747.024091, "delta": 2.333401}}
{"target": 0.6500998, "params": {"alpha": 0.3430059690420182, "lam": 0.9999438253767673, "max_depth": 5.0, "min_child_weight": 3.0}, "datetime": {"datetime": "2020-04-24 21:30:02", "elapsed": 749.698311, "delta": 2.67422}}
{"target": 0.6500980000000001, "params": {"alpha": 0.6383322741844548, "lam": 0.9999567116448659, "max_depth": 5.0, "min_child_weight": 3.0}, "datetime": {"datetime": "2020-04-24 21:30:05", "elapsed": 752.413615, "delta": 2.715304}}
{"target": 0.6500973999999999, "params": {"alpha": 0.75880011388291, "lam": 0.9999964904994482, "max_depth": 5.0, "min_child_weight": 3.0}, "datetime": {"datetime": "2020-04-24 21:30:07", "elapsed": 754.739751, "delta": 2.326136}}
{"target": 0.6500978, "params": {"alpha": 0.7033327841255189, "lam": 0.9999105996989645, "max_depth": 5.0, "min_child_weight": 3.0}, "datetime": {"datetime": "2020-04-24 21:30:10", "elapsed": 757.65947, "delta": 2.919719}}
