{"target": 0.6174945999999999, "params": {"max_depth": 7.053091455856956, "min_child_weight": 4.852658620082051}, "datetime": {"datetime": "2020-04-26 11:45:50", "elapsed": 423.541822, "delta": 2.769567}}
{"target": 0.6321364, "params": {"max_depth": 4.0176166215343905, "min_child_weight": 9.13774691333629}, "datetime": {"datetime": "2020-04-26 11:45:53", "elapsed": 425.961816, "delta": 2.419994}}
{"target": 0.6276526, "params": {"max_depth": 9.188356553921498, "min_child_weight": 5.145542149402591}, "datetime": {"datetime": "2020-04-26 11:45:56", "elapsed": 428.978215, "delta": 3.016399}}
{"target": 0.6357974, "params": {"max_depth": 5.3476211004433, "min_child_weight": 6.446985052384898}, "datetime": {"datetime": "2020-04-26 11:45:58", "elapsed": 431.39324, "delta": 2.415025}}
{"target": 0.6432156, "params": {"max_depth": 6.4447049492222295, "min_child_weight": 9.283682146774131}, "datetime": {"datetime": "2020-04-26 11:46:01", "elapsed": 434.288299, "delta": 2.895059}}
{"target": 0.6311198, "params": {"max_depth": 6.727445564602434, "min_child_weight": 7.310867917841929}, "datetime": {"datetime": "2020-04-26 11:46:04", "elapsed": 437.519089, "delta": 3.23079}}
{"target": 0.6284442, "params": {"max_depth": 8.355819499379958, "min_child_weight": 7.586648239490866}, "datetime": {"datetime": "2020-04-26 11:46:08", "elapsed": 440.953386, "delta": 3.434297}}
{"target": 0.6279406, "params": {"max_depth": 8.033998532274438, "min_child_weight": 5.922689007567256}, "datetime": {"datetime": "2020-04-26 11:46:11", "elapsed": 444.151028, "delta": 3.197642}}
{"target": 0.6293398, "params": {"max_depth": 9.996317107658367, "min_child_weight": 8.304292168523322}, "datetime": {"datetime": "2020-04-26 11:46:14", "elapsed": 447.575021, "delta": 3.423993}}
{"target": 0.6344196, "params": {"max_depth": 5.050220404495837, "min_child_weight": 3.9850710157900107}, "datetime": {"datetime": "2020-04-26 11:46:18", "elapsed": 450.964501, "delta": 3.38948}}
{"target": 0.6228393999999999, "params": {"max_depth": 4.24181025821236, "min_child_weight": 5.274094286902674}, "datetime": {"datetime": "2020-04-26 11:46:20", "elapsed": 453.589513, "delta": 2.625012}}
{"target": 0.6227486000000001, "params": {"max_depth": 3.963147581018586, "min_child_weight": 9.96311234244406}, "datetime": {"datetime": "2020-04-26 11:46:23", "elapsed": 456.55541, "delta": 2.965897}}
{"target": 0.6461694000000001, "params": {"max_depth": 8.80519639430031, "min_child_weight": 9.08328414201748}, "datetime": {"datetime": "2020-04-26 11:46:27", "elapsed": 460.136435, "delta": 3.581025}}
{"target": 0.6284442, "params": {"max_depth": 7.847549536295697, "min_child_weight": 8.444175866297265}, "datetime": {"datetime": "2020-04-26 11:46:30", "elapsed": 463.559689, "delta": 3.423254}}
{"target": 0.6397077999999999, "params": {"max_depth": 5.963444776828643, "min_child_weight": 5.916067202731171}, "datetime": {"datetime": "2020-04-26 11:46:33", "elapsed": 466.373152, "delta": 2.813463}}
{"target": 0.6366685999999999, "params": {"max_depth": 5.044462326715443, "min_child_weight": 8.509509017864588}, "datetime": {"datetime": "2020-04-26 11:46:37", "elapsed": 470.078184, "delta": 3.705032}}
{"target": 0.6390513999999999, "params": {"max_depth": 8.71824222457888, "min_child_weight": 9.519678240879628}, "datetime": {"datetime": "2020-04-26 11:46:41", "elapsed": 474.000932, "delta": 3.922748}}
{"target": 0.6356678, "params": {"max_depth": 5.612129748375876, "min_child_weight": 7.510237813036507}, "datetime": {"datetime": "2020-04-26 11:46:44", "elapsed": 477.372269, "delta": 3.371337}}
{"target": 0.6434684, "params": {"max_depth": 9.991118548695383, "min_child_weight": 9.49008371591459}, "datetime": {"datetime": "2020-04-26 11:46:49", "elapsed": 481.721432, "delta": 4.349163}}
{"target": 0.6399627999999999, "params": {"max_depth": 5.3176019404370365, "min_child_weight": 9.998669863570996}, "datetime": {"datetime": "2020-04-26 11:46:52", "elapsed": 485.16342, "delta": 3.441988}}
{"target": 0.6333854, "params": {"alpha": 0.5765173073826368, "lam": 0.33471850141460324, "max_depth": 5.0, "min_child_weight": 3.0}, "datetime": {"datetime": "2020-04-26 11:46:53", "elapsed": 485.974095, "delta": 0.810675}}
{"target": 0.6423452000000001, "params": {"alpha": 0.7268565725923, "lam": 0.9886562221364972, "max_depth": 5.0, "min_child_weight": 3.0}, "datetime": {"datetime": "2020-04-26 11:46:54", "elapsed": 486.778698, "delta": 0.804603}}
{"target": 0.6277152, "params": {"alpha": 0.7065199866183297, "lam": 0.46925046938528525, "max_depth": 5.0, "min_child_weight": 3.0}, "datetime": {"datetime": "2020-04-26 11:46:54", "elapsed": 487.580934, "delta": 0.802236}}
{"target": 0.6320424, "params": {"alpha": 0.373168125926305, "lam": 0.7369001973026731, "max_depth": 5.0, "min_child_weight": 3.0}, "datetime": {"datetime": "2020-04-26 11:46:55", "elapsed": 488.386473, "delta": 0.805539}}
{"target": 0.6230184000000001, "params": {"alpha": 0.8662689444745963, "lam": 0.794613708389164, "max_depth": 5.0, "min_child_weight": 3.0}, "datetime": {"datetime": "2020-04-26 11:46:56", "elapsed": 489.187491, "delta": 0.801018}}
{"target": 0.6287342, "params": {"alpha": 0.9677367358006792, "lam": 0.09257091504818327, "max_depth": 5.0, "min_child_weight": 3.0}, "datetime": {"datetime": "2020-04-26 11:46:57", "elapsed": 490.002147, "delta": 0.814656}}
{"target": 0.6294562, "params": {"alpha": 0.6309705279753757, "lam": 0.481578984038346, "max_depth": 5.0, "min_child_weight": 3.0}, "datetime": {"datetime": "2020-04-26 11:46:58", "elapsed": 490.817309, "delta": 0.815162}}
{"target": 0.6265700000000001, "params": {"alpha": 0.7026991545171415, "lam": 0.5134928031882613, "max_depth": 5.0, "min_child_weight": 3.0}, "datetime": {"datetime": "2020-04-26 11:46:58", "elapsed": 491.621918, "delta": 0.804609}}
{"target": 0.6268138, "params": {"alpha": 0.6735217025495847, "lam": 0.7441632035178969, "max_depth": 5.0, "min_child_weight": 3.0}, "datetime": {"datetime": "2020-04-26 11:46:59", "elapsed": 492.429115, "delta": 0.807197}}
{"target": 0.6282177999999999, "params": {"alpha": 0.9211024905523605, "lam": 0.6204255793953644, "max_depth": 5.0, "min_child_weight": 3.0}, "datetime": {"datetime": "2020-04-26 11:47:00", "elapsed": 493.233933, "delta": 0.804818}}
{"target": 0.6260070000000001, "params": {"alpha": 0.0, "lam": 0.0, "max_depth": 5.0, "min_child_weight": 3.0}, "datetime": {"datetime": "2020-04-26 11:47:01", "elapsed": 494.215787, "delta": 0.981854}}
{"target": 0.6484144, "params": {"alpha": 0.0, "lam": 1.0, "max_depth": 5.0, "min_child_weight": 3.0}, "datetime": {"datetime": "2020-04-26 11:47:02", "elapsed": 495.511754, "delta": 1.295967}}
{"target": 0.6486756, "params": {"alpha": 0.2887629052054391, "lam": 0.9975899737425329, "max_depth": 5.0, "min_child_weight": 3.0}, "datetime": {"datetime": "2020-04-26 11:47:04", "elapsed": 497.016251, "delta": 1.504497}}
{"target": 0.6325184, "params": {"alpha": 0.0011552894914128586, "lam": 0.3832249726911048, "max_depth": 5.0, "min_child_weight": 3.0}, "datetime": {"datetime": "2020-04-26 11:47:05", "elapsed": 498.592723, "delta": 1.576472}}
{"target": 0.6500958, "params": {"alpha": 0.9999999918934406, "lam": 0.9999999926036018, "max_depth": 5.0, "min_child_weight": 3.0}, "datetime": {"datetime": "2020-04-26 11:47:07", "elapsed": 499.820474, "delta": 1.227751}}
{"target": 0.6260201999999999, "params": {"alpha": 0.4014772241919615, "lam": 0.0003826315300478056, "max_depth": 5.0, "min_child_weight": 3.0}, "datetime": {"datetime": "2020-04-26 11:47:08", "elapsed": 501.157415, "delta": 1.336941}}
{"target": 0.6500988000000001, "params": {"alpha": 0.47943541466917405, "lam": 0.9992157521193964, "max_depth": 5.0, "min_child_weight": 3.0}, "datetime": {"datetime": "2020-04-26 11:47:10", "elapsed": 502.631063, "delta": 1.473648}}
{"target": 0.6500958, "params": {"alpha": 1.0, "lam": 1.0, "max_depth": 5.0, "min_child_weight": 3.0}, "datetime": {"datetime": "2020-04-26 11:47:11", "elapsed": 503.968383, "delta": 1.33732}}
{"target": 0.6500992, "params": {"alpha": 0.42973189621264496, "lam": 0.9994683254686202, "max_depth": 5.0, "min_child_weight": 3.0}, "datetime": {"datetime": "2020-04-26 11:47:12", "elapsed": 505.353949, "delta": 1.385566}}
{"target": 0.6501008, "params": {"alpha": 0.18641795197480182, "lam": 0.9995075716274809, "max_depth": 5.0, "min_child_weight": 3.0}, "datetime": {"datetime": "2020-04-26 11:47:14", "elapsed": 506.666443, "delta": 1.312494}}
{"target": 0.6501012, "params": {"alpha": 0.14853355121820655, "lam": 0.9999946918732775, "max_depth": 5.0, "min_child_weight": 3.0}, "datetime": {"datetime": "2020-04-26 11:47:15", "elapsed": 508.125798, "delta": 1.459355}}
{"target": 0.6500958, "params": {"alpha": 0.999998782923653, "lam": 0.9999999249848679, "max_depth": 5.0, "min_child_weight": 3.0}, "datetime": {"datetime": "2020-04-26 11:47:16", "elapsed": 509.432814, "delta": 1.307016}}
{"target": 0.6501002, "params": {"alpha": 0.2872245782000086, "lam": 0.9994804130257081, "max_depth": 5.0, "min_child_weight": 3.0}, "datetime": {"datetime": "2020-04-26 11:47:18", "elapsed": 511.07833, "delta": 1.645516}}
{"target": 0.6500998, "params": {"alpha": 0.334838572694958, "lam": 0.9997647445639115, "max_depth": 5.0, "min_child_weight": 3.0}, "datetime": {"datetime": "2020-04-26 11:47:20", "elapsed": 512.73265, "delta": 1.65432}}
{"target": 0.6500992, "params": {"alpha": 0.4333139410565173, "lam": 0.9998160479597509, "max_depth": 5.0, "min_child_weight": 3.0}, "datetime": {"datetime": "2020-04-26 11:47:21", "elapsed": 514.37006, "delta": 1.63741}}
{"target": 0.6501007999999999, "params": {"alpha": 0.1777846492723849, "lam": 0.9996727744759915, "max_depth": 5.0, "min_child_weight": 3.0}, "datetime": {"datetime": "2020-04-26 11:47:23", "elapsed": 516.051417, "delta": 1.681357}}
{"target": 0.6500998, "params": {"alpha": 0.3662614560530989, "lam": 0.9998528861298397, "max_depth": 5.0, "min_child_weight": 3.0}, "datetime": {"datetime": "2020-04-26 11:47:25", "elapsed": 517.657622, "delta": 1.606205}}
{"target": 0.650099, "params": {"alpha": 0.46186843008719036, "lam": 0.9997750682426222, "max_depth": 5.0, "min_child_weight": 3.0}, "datetime": {"datetime": "2020-04-26 11:47:26", "elapsed": 519.504889, "delta": 1.847267}}
{"target": 0.6501011999999999, "params": {"alpha": 0.13178723889581956, "lam": 0.9997145003092286, "max_depth": 5.0, "min_child_weight": 3.0}, "datetime": {"datetime": "2020-04-26 11:47:28", "elapsed": 521.013521, "delta": 1.508632}}
{"target": 0.6501, "params": {"alpha": 0.31789875243389554, "lam": 0.9997918477015219, "max_depth": 5.0, "min_child_weight": 3.0}, "datetime": {"datetime": "2020-04-26 11:47:30", "elapsed": 522.740958, "delta": 1.727437}}
{"target": 0.6501, "params": {"alpha": 0.31789875243389554, "lam": 0.9997918477015219, "max_depth": 5.0, "min_child_weight": 3.0}, "datetime": {"datetime": "2020-04-26 11:47:30", "elapsed": 523.380474, "delta": 0.639516}}
{"target": 0.6501, "params": {"alpha": 0.31789875243389554, "lam": 0.9997918477015219, "max_depth": 5.0, "min_child_weight": 3.0}, "datetime": {"datetime": "2020-04-26 11:47:31", "elapsed": 524.01827, "delta": 0.637796}}
{"target": 0.6501011999999999, "params": {"alpha": 0.09443379996954637, "lam": 0.9997410903336998, "max_depth": 5.0, "min_child_weight": 3.0}, "datetime": {"datetime": "2020-04-26 11:47:33", "elapsed": 525.634428, "delta": 1.616158}}
{"target": 0.6500958000000001, "params": {"alpha": 0.9986821546691835, "lam": 0.9996057733687098, "max_depth": 5.0, "min_child_weight": 3.0}, "datetime": {"datetime": "2020-04-26 11:47:34", "elapsed": 527.251034, "delta": 1.616606}}
{"target": 0.6500996000000001, "params": {"alpha": 0.41843523582287334, "lam": 0.9998914911139388, "max_depth": 5.0, "min_child_weight": 3.0}, "datetime": {"datetime": "2020-04-26 11:47:36", "elapsed": 529.04513, "delta": 1.794096}}
{"target": 0.6500999999999999, "params": {"alpha": 0.343617160578515, "lam": 0.9998422554420623, "max_depth": 5.0, "min_child_weight": 3.0}, "datetime": {"datetime": "2020-04-26 11:47:38", "elapsed": 530.797579, "delta": 1.752449}}
{"target": 0.6500999999999999, "params": {"alpha": 0.343617160578515, "lam": 0.9998422554420623, "max_depth": 5.0, "min_child_weight": 3.0}, "datetime": {"datetime": "2020-04-26 11:47:39", "elapsed": 531.643087, "delta": 0.845508}}
{"target": 0.6501012, "params": {"alpha": 0.09687668853019149, "lam": 0.9996370308650352, "max_depth": 5.0, "min_child_weight": 3.0}, "datetime": {"datetime": "2020-04-26 11:47:41", "elapsed": 533.735777, "delta": 2.09269}}
{"target": 0.6500994, "params": {"alpha": 0.3879158052861559, "lam": 0.9998749634897387, "max_depth": 5.0, "min_child_weight": 3.0}, "datetime": {"datetime": "2020-04-26 11:47:42", "elapsed": 535.504959, "delta": 1.769182}}
{"target": 0.6500994, "params": {"alpha": 0.3879158052861559, "lam": 0.9998749634897387, "max_depth": 5.0, "min_child_weight": 3.0}, "datetime": {"datetime": "2020-04-26 11:47:43", "elapsed": 536.572082, "delta": 1.067123}}
{"target": 0.6501022, "params": {"alpha": 0.0, "lam": 0.999999601115403, "max_depth": 5.0, "min_child_weight": 3.0}, "datetime": {"datetime": "2020-04-26 11:47:45", "elapsed": 538.182899, "delta": 1.610817}}
{"target": 0.6500992, "params": {"alpha": 0.4628677386129577, "lam": 0.9994986612439436, "max_depth": 5.0, "min_child_weight": 3.0}, "datetime": {"datetime": "2020-04-26 11:47:47", "elapsed": 539.939286, "delta": 1.756387}}
{"target": 0.6500992, "params": {"alpha": 0.4628677386129577, "lam": 0.9994986612439436, "max_depth": 5.0, "min_child_weight": 3.0}, "datetime": {"datetime": "2020-04-26 11:47:48", "elapsed": 540.711667, "delta": 0.772381}}
{"target": 0.6501006, "params": {"alpha": 0.1942129017900901, "lam": 0.9994428744714156, "max_depth": 5.0, "min_child_weight": 3.0}, "datetime": {"datetime": "2020-04-26 11:47:49", "elapsed": 542.468395, "delta": 1.756728}}
{"target": 0.6501006, "params": {"alpha": 0.1942129017900901, "lam": 0.9994428744714156, "max_depth": 5.0, "min_child_weight": 3.0}, "datetime": {"datetime": "2020-04-26 11:47:50", "elapsed": 543.329267, "delta": 0.860872}}
{"target": 0.6501006, "params": {"alpha": 0.1942129017900901, "lam": 0.9994428744714156, "max_depth": 5.0, "min_child_weight": 3.0}, "datetime": {"datetime": "2020-04-26 11:47:51", "elapsed": 544.265149, "delta": 0.935882}}
{"target": 0.650102, "params": {"alpha": 0.009860357336836434, "lam": 0.9999413421155992, "max_depth": 5.0, "min_child_weight": 3.0}, "datetime": {"datetime": "2020-04-26 11:47:53", "elapsed": 546.102063, "delta": 1.836914}}
{"target": 0.6500999999999999, "params": {"alpha": 0.3400238954508745, "lam": 0.9994476769354376, "max_depth": 5.0, "min_child_weight": 3.0}, "datetime": {"datetime": "2020-04-26 11:47:55", "elapsed": 547.864558, "delta": 1.762495}}
{"target": 0.6501013999999999, "params": {"alpha": 0.10594142681982921, "lam": 0.9999978298584314, "max_depth": 5.0, "min_child_weight": 3.0}, "datetime": {"datetime": "2020-04-26 11:47:57", "elapsed": 549.65361, "delta": 1.789052}}
{"target": 0.6500994, "params": {"alpha": 0.454444206724392, "lam": 0.9998626860411253, "max_depth": 5.0, "min_child_weight": 3.0}, "datetime": {"datetime": "2020-04-26 11:47:58", "elapsed": 551.454175, "delta": 1.800565}}
{"target": 0.6500990000000001, "params": {"alpha": 0.4783478220175347, "lam": 0.9999208742785554, "max_depth": 5.0, "min_child_weight": 3.0}, "datetime": {"datetime": "2020-04-26 11:48:00", "elapsed": 553.242462, "delta": 1.788287}}
{"target": 0.6500999999999999, "params": {"alpha": 0.3406305787033519, "lam": 0.9998985064278892, "max_depth": 5.0, "min_child_weight": 3.0}, "datetime": {"datetime": "2020-04-26 11:48:02", "elapsed": 555.018729, "delta": 1.776267}}
{"target": 0.6501004, "params": {"alpha": 0.2410872388620504, "lam": 0.9995333568698196, "max_depth": 5.0, "min_child_weight": 3.0}, "datetime": {"datetime": "2020-04-26 11:48:04", "elapsed": 556.901548, "delta": 1.882819}}
{"target": 0.6501022, "params": {"alpha": 4.935143399705611e-07, "lam": 0.9999991270094416, "max_depth": 5.0, "min_child_weight": 3.0}, "datetime": {"datetime": "2020-04-26 11:48:05", "elapsed": 558.491529, "delta": 1.589981}}
{"target": 0.6500954, "params": {"alpha": 0.9990336656349675, "lam": 0.9990660482453616, "max_depth": 5.0, "min_child_weight": 3.0}, "datetime": {"datetime": "2020-04-26 11:48:07", "elapsed": 560.202799, "delta": 1.71127}}
{"target": 0.6501009999999999, "params": {"alpha": 0.14137570059720683, "lam": 0.9996016879621595, "max_depth": 5.0, "min_child_weight": 3.0}, "datetime": {"datetime": "2020-04-26 11:48:09", "elapsed": 561.91242, "delta": 1.709621}}
{"target": 0.6501012, "params": {"alpha": 0.15730259983094608, "lam": 0.9999543874331156, "max_depth": 5.0, "min_child_weight": 3.0}, "datetime": {"datetime": "2020-04-26 11:48:11", "elapsed": 563.758736, "delta": 1.846316}}
{"target": 0.6501013999999999, "params": {"alpha": 0.09244971824037096, "lam": 0.9997310343145775, "max_depth": 5.0, "min_child_weight": 3.0}, "datetime": {"datetime": "2020-04-26 11:48:12", "elapsed": 565.609065, "delta": 1.850329}}
{"target": 0.6501013999999999, "params": {"alpha": 0.09244971824037096, "lam": 0.9997310343145775, "max_depth": 5.0, "min_child_weight": 3.0}, "datetime": {"datetime": "2020-04-26 11:48:13", "elapsed": 566.376002, "delta": 0.766937}}
{"target": 0.6500992, "params": {"alpha": 0.4715659081472192, "lam": 0.9997904223269934, "max_depth": 5.0, "min_child_weight": 3.0}, "datetime": {"datetime": "2020-04-26 11:48:15", "elapsed": 568.108479, "delta": 1.732477}}
{"target": 0.6501022, "params": {"alpha": 0.0, "lam": 0.9999971536722942, "max_depth": 5.0, "min_child_weight": 3.0}, "datetime": {"datetime": "2020-04-26 11:48:17", "elapsed": 569.842088, "delta": 1.733609}}
{"target": 0.6501013999999999, "params": {"alpha": 0.10765170672756941, "lam": 0.9996402522462866, "max_depth": 5.0, "min_child_weight": 3.0}, "datetime": {"datetime": "2020-04-26 11:48:18", "elapsed": 571.614274, "delta": 1.772186}}
{"target": 0.6484144, "params": {"alpha": 1.9081214016632442e-05, "lam": 1.0, "max_depth": 5.0, "min_child_weight": 3.0}, "datetime": {"datetime": "2020-04-26 11:48:20", "elapsed": 573.469046, "delta": 1.854772}}
{"target": 0.6500996, "params": {"alpha": 0.37946230645289347, "lam": 0.9995460275703516, "max_depth": 5.0, "min_child_weight": 3.0}, "datetime": {"datetime": "2020-04-26 11:48:22", "elapsed": 575.19871, "delta": 1.729664}}
{"target": 0.6501006, "params": {"alpha": 0.20928972633747567, "lam": 0.9998919238299886, "max_depth": 5.0, "min_child_weight": 3.0}, "datetime": {"datetime": "2020-04-26 11:48:24", "elapsed": 576.988624, "delta": 1.789914}}
{"target": 0.6500994, "params": {"alpha": 0.3776257410107321, "lam": 0.9992202495512248, "max_depth": 5.0, "min_child_weight": 3.0}, "datetime": {"datetime": "2020-04-26 11:48:26", "elapsed": 579.02131, "delta": 2.032686}}
{"target": 0.6500992, "params": {"alpha": 0.4416893758107542, "lam": 0.9996864792819844, "max_depth": 5.0, "min_child_weight": 3.0}, "datetime": {"datetime": "2020-04-26 11:48:28", "elapsed": 580.776405, "delta": 1.755095}}
{"target": 0.6501004, "params": {"alpha": 0.24020737743713072, "lam": 0.9999092572156322, "max_depth": 5.0, "min_child_weight": 3.0}, "datetime": {"datetime": "2020-04-26 11:48:29", "elapsed": 582.550575, "delta": 1.77417}}
{"target": 0.6484134, "params": {"alpha": 0.11662061137872715, "lam": 0.9993461251032504, "max_depth": 5.0, "min_child_weight": 3.0}, "datetime": {"datetime": "2020-04-26 11:48:31", "elapsed": 584.272987, "delta": 1.722412}}
{"target": 0.650099, "params": {"alpha": 0.4791297059151781, "lam": 0.9999755218439675, "max_depth": 5.0, "min_child_weight": 3.0}, "datetime": {"datetime": "2020-04-26 11:48:33", "elapsed": 586.094455, "delta": 1.821468}}
{"target": 0.6501004, "params": {"alpha": 0.2541537598171637, "lam": 0.9994822699166298, "max_depth": 5.0, "min_child_weight": 3.0}, "datetime": {"datetime": "2020-04-26 11:48:35", "elapsed": 588.094, "delta": 1.999545}}
{"target": 0.6500996000000001, "params": {"alpha": 0.4131859528398184, "lam": 0.9998582564303485, "max_depth": 5.0, "min_child_weight": 3.0}, "datetime": {"datetime": "2020-04-26 11:48:37", "elapsed": 589.865986, "delta": 1.771986}}
{"target": 0.6500996, "params": {"alpha": 0.4041040659550441, "lam": 0.999763669781731, "max_depth": 5.0, "min_child_weight": 3.0}, "datetime": {"datetime": "2020-04-26 11:48:39", "elapsed": 591.824787, "delta": 1.958801}}
{"target": 0.6500994, "params": {"alpha": 0.38883601155833525, "lam": 0.9996425785249291, "max_depth": 5.0, "min_child_weight": 3.0}, "datetime": {"datetime": "2020-04-26 11:48:41", "elapsed": 593.714195, "delta": 1.889408}}
{"target": 0.6501006, "params": {"alpha": 0.21277604500308556, "lam": 0.9998411276992194, "max_depth": 5.0, "min_child_weight": 3.0}, "datetime": {"datetime": "2020-04-26 11:48:43", "elapsed": 595.64181, "delta": 1.927615}}
{"target": 0.6501002, "params": {"alpha": 0.3029407566636577, "lam": 0.9998463262197385, "max_depth": 5.0, "min_child_weight": 3.0}, "datetime": {"datetime": "2020-04-26 11:48:44", "elapsed": 597.582589, "delta": 1.940779}}
{"target": 0.650099, "params": {"alpha": 0.4831264807698258, "lam": 0.9999998170409682, "max_depth": 5.0, "min_child_weight": 3.0}, "datetime": {"datetime": "2020-04-26 11:48:46", "elapsed": 599.591226, "delta": 2.008637}}
{"target": 0.6500996, "params": {"alpha": 0.3726040971052861, "lam": 0.999469338448917, "max_depth": 5.0, "min_child_weight": 3.0}, "datetime": {"datetime": "2020-04-26 11:48:48", "elapsed": 601.233594, "delta": 1.642368}}
{"target": 0.6500994, "params": {"alpha": 0.4056668668820079, "lam": 0.9994417297841268, "max_depth": 5.0, "min_child_weight": 3.0}, "datetime": {"datetime": "2020-04-26 11:48:50", "elapsed": 602.979671, "delta": 1.746077}}
{"target": 0.6501006, "params": {"alpha": 0.2885204748059351, "lam": 0.9999840542039491, "max_depth": 5.0, "min_child_weight": 3.0}, "datetime": {"datetime": "2020-04-26 11:48:52", "elapsed": 604.913369, "delta": 1.933698}}
