{"target": 0.6397077999999999, "params": {"max_depth": 5.896833020176225, "min_child_weight": 6.004119925695044}, "datetime": {"datetime": "2020-04-24 21:17:32", "elapsed": 0.0, "delta": 0.0}}
{"target": 0.599179, "params": {"max_depth": 3.1951012009011537, "min_child_weight": 1.715302199023677}, "datetime": {"datetime": "2020-04-24 21:17:33", "elapsed": 0.740417, "delta": 0.740417}}
{"target": 0.637198, "params": {"max_depth": 6.862739547990461, "min_child_weight": 7.576946617976929}, "datetime": {"datetime": "2020-04-24 21:17:34", "elapsed": 1.663679, "delta": 0.923262}}
{"target": 0.6204322, "params": {"max_depth": 3.576948634424699, "min_child_weight": 3.087265295684288}, "datetime": {"datetime": "2020-04-24 21:17:35", "elapsed": 2.420136, "delta": 0.756457}}
{"target": 0.6358254000000001, "params": {"max_depth": 7.431019941743008, "min_child_weight": 5.563121799883959}, "datetime": {"datetime": "2020-04-24 21:17:36", "elapsed": 3.357562, "delta": 0.937426}}
{"target": 0.6206210000000001, "params": {"max_depth": 7.69067295258667, "min_child_weight": 2.6281488858564903}, "datetime": {"datetime": "2020-04-24 21:17:37", "elapsed": 4.502167, "delta": 1.144605}}
{"target": 0.6215295999999999, "params": {"max_depth": 3.8407244311432915, "min_child_weight": 8.108967263790994}, "datetime": {"datetime": "2020-04-24 21:17:38", "elapsed": 5.258929, "delta": 0.756762}}
{"target": 0.6321364, "params": {"max_depth": 3.9176862501970735, "min_child_weight": 9.11979469628412}, "datetime": {"datetime": "2020-04-24 21:17:38", "elapsed": 6.008259, "delta": 0.74933}}
{"target": 0.6186006, "params": {"max_depth": 9.767474163932171, "min_child_weight": 6.021578484617097}, "datetime": {"datetime": "2020-04-24 21:17:40", "elapsed": 7.557913, "delta": 1.549654}}
{"target": 0.6017163999999999, "params": {"max_depth": 3.3535435121580788, "min_child_weight": 7.574111754271819}, "datetime": {"datetime": "2020-04-24 21:17:41", "elapsed": 8.281298, "delta": 0.723385}}
{"target": 0.6373406000000001, "params": {"max_depth": 9.999925657057757, "min_child_weight": 9.975515532387348}, "datetime": {"datetime": "2020-04-24 21:17:42", "elapsed": 9.906958, "delta": 1.62566}}
{"target": 0.6363366, "params": {"max_depth": 6.341929699539227, "min_child_weight": 9.99999372735593}, "datetime": {"datetime": "2020-04-24 21:17:43", "elapsed": 11.088872, "delta": 1.181914}}
{"target": 0.5938036, "params": {"max_depth": 9.967919947885797, "min_child_weight": 1.0238024324083788}, "datetime": {"datetime": "2020-04-24 21:17:46", "elapsed": 13.371303, "delta": 2.282431}}
{"target": 0.6151066000000001, "params": {"max_depth": 5.648762362503208, "min_child_weight": 1.0039283109071722}, "datetime": {"datetime": "2020-04-24 21:17:47", "elapsed": 14.510204, "delta": 1.138901}}
{"target": 0.6386446, "params": {"max_depth": 5.586795166005676, "min_child_weight": 3.6609606824491796}, "datetime": {"datetime": "2020-04-24 21:17:48", "elapsed": 15.693936, "delta": 1.183732}}
{"target": 0.6399627999999999, "params": {"max_depth": 4.7670645475281255, "min_child_weight": 9.98731306211143}, "datetime": {"datetime": "2020-04-24 21:17:49", "elapsed": 16.780262, "delta": 1.086326}}
{"target": 0.6366685999999999, "params": {"max_depth": 5.437223090997448, "min_child_weight": 8.777605400085841}, "datetime": {"datetime": "2020-04-24 21:17:50", "elapsed": 17.875789, "delta": 1.095527}}
{"target": 0.6461694000000001, "params": {"max_depth": 9.025145631888334, "min_child_weight": 8.846661241793484}, "datetime": {"datetime": "2020-04-24 21:17:52", "elapsed": 19.41132, "delta": 1.535531}}
{"target": 0.6293398, "params": {"max_depth": 9.983827967515667, "min_child_weight": 8.453359199087972}, "datetime": {"datetime": "2020-04-24 21:17:54", "elapsed": 21.187715, "delta": 1.776395}}
{"target": 0.6390513999999999, "params": {"max_depth": 8.589124532412079, "min_child_weight": 9.983462151671635}, "datetime": {"datetime": "2020-04-24 21:17:55", "elapsed": 22.683354, "delta": 1.495639}}
{"target": 0.601726, "params": {"max_depth": 3.0017292619031486, "min_child_weight": 9.961908377886653}, "datetime": {"datetime": "2020-04-24 21:17:56", "elapsed": 23.768156, "delta": 1.084802}}
{"target": 0.6284442, "params": {"max_depth": 8.447749913165081, "min_child_weight": 7.781135771781531}, "datetime": {"datetime": "2020-04-24 21:17:58", "elapsed": 25.184974, "delta": 1.416818}}
{"target": 0.5990164, "params": {"max_depth": 9.993547348608143, "min_child_weight": 3.4602816652298145}, "datetime": {"datetime": "2020-04-24 21:18:00", "elapsed": 27.261628, "delta": 2.076654}}
{"target": 0.6393713999999999, "params": {"max_depth": 8.03741660210881, "min_child_weight": 9.117686349636745}, "datetime": {"datetime": "2020-04-24 21:18:01", "elapsed": 28.63676, "delta": 1.375132}}
{"target": 0.6388032, "params": {"max_depth": 4.919739132747072, "min_child_weight": 4.749827570653497}, "datetime": {"datetime": "2020-04-24 21:18:02", "elapsed": 29.719668, "delta": 1.082908}}
{"target": 0.6461694000000001, "params": {"max_depth": 9.23893957612415, "min_child_weight": 9.397201362318246}, "datetime": {"datetime": "2020-04-24 21:18:04", "elapsed": 31.206599, "delta": 1.486931}}
{"target": 0.6238319999999999, "params": {"max_depth": 6.307735096655335, "min_child_weight": 4.670585661064825}, "datetime": {"datetime": "2020-04-24 21:18:05", "elapsed": 32.395603, "delta": 1.189004}}
{"target": 0.6484144, "params": {"max_depth": 4.9290423967843715, "min_child_weight": 2.564925228372624}, "datetime": {"datetime": "2020-04-24 21:18:06", "elapsed": 33.544406, "delta": 1.148803}}
{"target": 0.6318164, "params": {"max_depth": 5.6408157780079655, "min_child_weight": 2.477246008181241}, "datetime": {"datetime": "2020-04-24 21:18:07", "elapsed": 34.682706, "delta": 1.1383}}
{"target": 0.6484144, "params": {"max_depth": 4.6716757787006795, "min_child_weight": 3.288084432654553}, "datetime": {"datetime": "2020-04-24 21:18:08", "elapsed": 35.922511, "delta": 1.239805}}
{"target": 0.6276526, "params": {"max_depth": 8.645285895139436, "min_child_weight": 4.6782535507558904}, "datetime": {"datetime": "2020-04-24 21:18:10", "elapsed": 37.621543, "delta": 1.699032}}
{"target": 0.6184860000000001, "params": {"max_depth": 4.46636774913866, "min_child_weight": 2.2878309746637404}, "datetime": {"datetime": "2020-04-24 21:18:11", "elapsed": 38.757136, "delta": 1.135593}}
{"target": 0.6064664000000001, "params": {"max_depth": 7.861509297552541, "min_child_weight": 1.0000852966779776}, "datetime": {"datetime": "2020-04-24 21:18:13", "elapsed": 40.19774, "delta": 1.440604}}
{"target": 0.6024502, "params": {"max_depth": 3.022714055717228, "min_child_weight": 4.984581017011003}, "datetime": {"datetime": "2020-04-24 21:18:13", "elapsed": 41.147135, "delta": 0.949395}}
{"target": 0.6304178, "params": {"max_depth": 4.762720778018411, "min_child_weight": 6.647597142708596}, "datetime": {"datetime": "2020-04-24 21:18:15", "elapsed": 42.247916, "delta": 1.100781}}
{"target": 0.5992012, "params": {"max_depth": 3.0, "min_child_weight": 1.0}, "datetime": {"datetime": "2020-04-24 21:18:16", "elapsed": 43.270577, "delta": 1.022661}}
{"target": 0.5956977999999999, "params": {"max_depth": 9.002644373419628, "min_child_weight": 2.226083054347085}, "datetime": {"datetime": "2020-04-24 21:18:17", "elapsed": 45.0492, "delta": 1.778623}}
{"target": 0.6411648, "params": {"max_depth": 5.7315942219752065, "min_child_weight": 7.317367095062263}, "datetime": {"datetime": "2020-04-24 21:18:19", "elapsed": 46.155231, "delta": 1.106031}}
{"target": 0.6311198, "params": {"max_depth": 6.9264682109942255, "min_child_weight": 6.607085885632666}, "datetime": {"datetime": "2020-04-24 21:18:20", "elapsed": 47.385237, "delta": 1.230006}}
{"target": 0.6484144, "params": {"max_depth": 5.021308319808292, "min_child_weight": 3.030934819226129}, "datetime": {"datetime": "2020-04-24 21:18:21", "elapsed": 48.56383, "delta": 1.178593}}
{"target": 0.6433128, "params": {"max_depth": 6.6572507504207135, "min_child_weight": 8.815004283698844}, "datetime": {"datetime": "2020-04-24 21:18:22", "elapsed": 49.871001, "delta": 1.307171}}
{"target": 0.6236164000000001, "params": {"max_depth": 8.534624669473166, "min_child_weight": 5.94777122867248}, "datetime": {"datetime": "2020-04-24 21:18:24", "elapsed": 51.657541, "delta": 1.78654}}
{"target": 0.6313704, "params": {"max_depth": 4.461696019380012, "min_child_weight": 4.026194183620329}, "datetime": {"datetime": "2020-04-24 21:18:25", "elapsed": 52.922149, "delta": 1.264608}}
{"target": 0.6135619999999999, "params": {"max_depth": 7.782230011670921, "min_child_weight": 3.9033011071760004}, "datetime": {"datetime": "2020-04-24 21:18:27", "elapsed": 54.402151, "delta": 1.480002}}
{"target": 0.6164864, "params": {"max_depth": 9.974560698585199, "min_child_weight": 4.901723561308963}, "datetime": {"datetime": "2020-04-24 21:18:29", "elapsed": 56.427556, "delta": 2.025405}}
{"target": 0.639735, "params": {"max_depth": 7.369348818218836, "min_child_weight": 9.988117905481467}, "datetime": {"datetime": "2020-04-24 21:18:30", "elapsed": 57.67411, "delta": 1.246554}}
{"target": 0.6356678, "params": {"max_depth": 6.181417325291692, "min_child_weight": 8.16056984359442}, "datetime": {"datetime": "2020-04-24 21:18:31", "elapsed": 58.895515, "delta": 1.221405}}
{"target": 0.637198, "params": {"max_depth": 7.352317311932342, "min_child_weight": 8.45815552884729}, "datetime": {"datetime": "2020-04-24 21:18:33", "elapsed": 60.196148, "delta": 1.300633}}
{"target": 0.6017268, "params": {"max_depth": 3.0000000065160544, "min_child_weight": 3.2925660873601816}, "datetime": {"datetime": "2020-04-24 21:18:34", "elapsed": 61.434307, "delta": 1.238159}}
{"target": 0.6433128, "params": {"max_depth": 6.942639268678505, "min_child_weight": 9.431068318720245}, "datetime": {"datetime": "2020-04-24 21:18:35", "elapsed": 62.838167, "delta": 1.40386}}
{"target": 0.6357974, "params": {"max_depth": 5.091813499306044, "min_child_weight": 5.618698134986979}, "datetime": {"datetime": "2020-04-24 21:18:36", "elapsed": 64.128335, "delta": 1.290168}}
{"target": 0.6227486000000001, "params": {"max_depth": 4.042888670230198, "min_child_weight": 9.992126142191392}, "datetime": {"datetime": "2020-04-24 21:18:38", "elapsed": 65.233198, "delta": 1.104863}}
{"target": 0.6399627999999999, "params": {"max_depth": 5.395559102379302, "min_child_weight": 9.62360421626096}, "datetime": {"datetime": "2020-04-24 21:18:39", "elapsed": 66.371868, "delta": 1.13867}}
{"target": 0.6390513999999999, "params": {"max_depth": 9.34380706593197, "min_child_weight": 9.99803797713266}, "datetime": {"datetime": "2020-04-24 21:18:40", "elapsed": 68.01774, "delta": 1.645872}}
{"target": 0.6484144, "params": {"max_depth": 4.839811331080356, "min_child_weight": 2.9328881582373456}, "datetime": {"datetime": "2020-04-24 21:18:42", "elapsed": 69.307439, "delta": 1.289699}}
{"target": 0.6366685999999999, "params": {"max_depth": 4.689782725192211, "min_child_weight": 9.186219914428605}, "datetime": {"datetime": "2020-04-24 21:18:43", "elapsed": 70.560906, "delta": 1.253467}}
{"target": 0.6434684, "params": {"max_depth": 9.72948161008632, "min_child_weight": 9.226456735666734}, "datetime": {"datetime": "2020-04-24 21:18:45", "elapsed": 72.532778, "delta": 1.971872}}
{"target": 0.6484144, "params": {"max_depth": 4.987362268442473, "min_child_weight": 3.337465468815372}, "datetime": {"datetime": "2020-04-24 21:18:46", "elapsed": 73.900764, "delta": 1.367986}}
{"target": 0.6484144, "params": {"max_depth": 5.02188785969585, "min_child_weight": 2.929626775415329}, "datetime": {"datetime": "2020-04-24 21:18:48", "elapsed": 75.304839, "delta": 1.404075}}
{"target": 0.6484144, "params": {"max_depth": 4.871558659386935, "min_child_weight": 3.0376753574937196}, "datetime": {"datetime": "2020-04-24 21:18:49", "elapsed": 76.65389, "delta": 1.349051}}
{"target": 0.6411648, "params": {"max_depth": 5.720766501665404, "min_child_weight": 6.676640214220131}, "datetime": {"datetime": "2020-04-24 21:18:50", "elapsed": 77.98223, "delta": 1.32834}}
{"target": 0.6484144, "params": {"max_depth": 4.855487574714393, "min_child_weight": 3.0462750004123027}, "datetime": {"datetime": "2020-04-24 21:18:52", "elapsed": 79.225778, "delta": 1.243548}}
{"target": 0.6344196, "params": {"max_depth": 5.184658273373017, "min_child_weight": 4.047319948797126}, "datetime": {"datetime": "2020-04-24 21:18:53", "elapsed": 80.589987, "delta": 1.364209}}
{"target": 0.6484144, "params": {"max_depth": 5.063693850445032, "min_child_weight": 2.8358456849774374}, "datetime": {"datetime": "2020-04-24 21:18:54", "elapsed": 81.929143, "delta": 1.339156}}
{"target": 0.6228393999999999, "params": {"max_depth": 4.201872605349927, "min_child_weight": 5.396845443423005}, "datetime": {"datetime": "2020-04-24 21:18:56", "elapsed": 83.287441, "delta": 1.358298}}
{"target": 0.6461694000000001, "params": {"max_depth": 8.857965115921628, "min_child_weight": 9.229961917089973}, "datetime": {"datetime": "2020-04-24 21:18:58", "elapsed": 85.205995, "delta": 1.918554}}
{"target": 0.6484144, "params": {"max_depth": 4.952430839570571, "min_child_weight": 2.998343584276131}, "datetime": {"datetime": "2020-04-24 21:18:59", "elapsed": 86.590182, "delta": 1.384187}}
{"target": 0.6484144, "params": {"max_depth": 4.958491518991243, "min_child_weight": 3.1281398259065245}, "datetime": {"datetime": "2020-04-24 21:19:00", "elapsed": 88.132894, "delta": 1.542712}}
{"target": 0.6461694000000001, "params": {"max_depth": 9.25056911734654, "min_child_weight": 9.04305894033396}, "datetime": {"datetime": "2020-04-24 21:19:02", "elapsed": 89.917297, "delta": 1.784403}}
{"target": 0.6484144, "params": {"max_depth": 4.958116400643681, "min_child_weight": 2.8818305212150053}, "datetime": {"datetime": "2020-04-24 21:19:04", "elapsed": 91.421583, "delta": 1.504286}}
{"target": 0.6484144, "params": {"max_depth": 4.841174109830185, "min_child_weight": 3.097804808186288}, "datetime": {"datetime": "2020-04-24 21:19:05", "elapsed": 92.934882, "delta": 1.513299}}
{"target": 0.6484144, "params": {"max_depth": 4.991066982810869, "min_child_weight": 2.9082697273700497}, "datetime": {"datetime": "2020-04-24 21:19:07", "elapsed": 94.301443, "delta": 1.366561}}
{"target": 0.6484144, "params": {"max_depth": 4.832731104194975, "min_child_weight": 3.062475666732293}, "datetime": {"datetime": "2020-04-24 21:19:08", "elapsed": 95.754158, "delta": 1.452715}}
{"target": 0.6484144, "params": {"max_depth": 5.02281695270634, "min_child_weight": 3.0035154200294754}, "datetime": {"datetime": "2020-04-24 21:19:10", "elapsed": 97.206255, "delta": 1.452097}}
{"target": 0.6484144, "params": {"max_depth": 4.814440396072362, "min_child_weight": 3.067906374676208}, "datetime": {"datetime": "2020-04-24 21:19:11", "elapsed": 98.64678, "delta": 1.440525}}
{"target": 0.6484144, "params": {"max_depth": 5.004297885114097, "min_child_weight": 3.1435122738108485}, "datetime": {"datetime": "2020-04-24 21:19:12", "elapsed": 100.152055, "delta": 1.505275}}
{"target": 0.6484144, "params": {"max_depth": 5.0589925189642715, "min_child_weight": 2.861917539608429}, "datetime": {"datetime": "2020-04-24 21:19:14", "elapsed": 101.425344, "delta": 1.273289}}
{"target": 0.6484144, "params": {"max_depth": 4.9094920508912665, "min_child_weight": 2.912587304322206}, "datetime": {"datetime": "2020-04-24 21:19:15", "elapsed": 102.892326, "delta": 1.466982}}
{"target": 0.6484144, "params": {"max_depth": 4.899822628053741, "min_child_weight": 3.187066849405458}, "datetime": {"datetime": "2020-04-24 21:19:17", "elapsed": 104.388439, "delta": 1.496113}}
{"target": 0.6484144, "params": {"max_depth": 4.971306506921, "min_child_weight": 2.8464501593172367}, "datetime": {"datetime": "2020-04-24 21:19:18", "elapsed": 105.663286, "delta": 1.274847}}
{"target": 0.6484144, "params": {"max_depth": 4.978154228808696, "min_child_weight": 3.145740962041298}, "datetime": {"datetime": "2020-04-24 21:19:19", "elapsed": 107.089962, "delta": 1.426676}}
{"target": 0.6484144, "params": {"max_depth": 4.825585553706167, "min_child_weight": 3.0816695248769634}, "datetime": {"datetime": "2020-04-24 21:19:21", "elapsed": 108.53574, "delta": 1.445778}}
{"target": 0.6484144, "params": {"max_depth": 5.032980706592106, "min_child_weight": 2.923612364719883}, "datetime": {"datetime": "2020-04-24 21:19:22", "elapsed": 109.902901, "delta": 1.367161}}
{"target": 0.6369948, "params": {"max_depth": 5.063013415942658, "min_child_weight": 7.667827037544498}, "datetime": {"datetime": "2020-04-24 21:19:24", "elapsed": 111.36623, "delta": 1.463329}}
{"target": 0.6484144, "params": {"max_depth": 4.942712329310116, "min_child_weight": 2.9335965068763175}, "datetime": {"datetime": "2020-04-24 21:19:25", "elapsed": 112.77739, "delta": 1.41116}}
{"target": 0.6484144, "params": {"max_depth": 4.857343437747476, "min_child_weight": 3.1388332022364422}, "datetime": {"datetime": "2020-04-24 21:19:27", "elapsed": 114.19857, "delta": 1.42118}}
{"target": 0.6484144, "params": {"max_depth": 4.9987906832952955, "min_child_weight": 3.097483143926699}, "datetime": {"datetime": "2020-04-24 21:19:28", "elapsed": 115.578661, "delta": 1.380091}}
{"target": 0.6484144, "params": {"max_depth": 4.943158398448491, "min_child_weight": 2.9221116717812907}, "datetime": {"datetime": "2020-04-24 21:19:29", "elapsed": 116.982793, "delta": 1.404132}}
{"target": 0.6484144, "params": {"max_depth": 4.870007214394743, "min_child_weight": 3.1581119107503803}, "datetime": {"datetime": "2020-04-24 21:19:31", "elapsed": 118.371003, "delta": 1.38821}}
{"target": 0.6484144, "params": {"max_depth": 4.873341893561388, "min_child_weight": 2.986248998792361}, "datetime": {"datetime": "2020-04-24 21:19:32", "elapsed": 119.88384, "delta": 1.512837}}
{"target": 0.6484144, "params": {"max_depth": 5.035094241134626, "min_child_weight": 3.054050451157984}, "datetime": {"datetime": "2020-04-24 21:19:34", "elapsed": 121.305157, "delta": 1.421317}}
{"target": 0.6484144, "params": {"max_depth": 4.985920346284328, "min_child_weight": 2.8992191620326304}, "datetime": {"datetime": "2020-04-24 21:19:35", "elapsed": 122.699683, "delta": 1.394526}}
{"target": 0.6484144, "params": {"max_depth": 5.005819115468112, "min_child_weight": 2.880460420121284}, "datetime": {"datetime": "2020-04-24 21:19:37", "elapsed": 124.222413, "delta": 1.52273}}
{"target": 0.6484144, "params": {"max_depth": 4.904402158723417, "min_child_weight": 3.110460962598857}, "datetime": {"datetime": "2020-04-24 21:19:38", "elapsed": 125.656322, "delta": 1.433909}}
{"target": 0.6484144, "params": {"max_depth": 4.8573414611449115, "min_child_weight": 3.002334048004286}, "datetime": {"datetime": "2020-04-24 21:19:40", "elapsed": 127.227411, "delta": 1.571089}}
{"target": 0.6484144, "params": {"max_depth": 4.932727328958574, "min_child_weight": 3.1482765482659354}, "datetime": {"datetime": "2020-04-24 21:19:41", "elapsed": 128.661089, "delta": 1.433678}}
{"target": 0.6484144, "params": {"max_depth": 5.005775008795445, "min_child_weight": 2.798745923368931}, "datetime": {"datetime": "2020-04-24 21:19:43", "elapsed": 130.213118, "delta": 1.552029}}
{"target": 0.6484144, "params": {"max_depth": 4.887225037498084, "min_child_weight": 3.0746903174302167}, "datetime": {"datetime": "2020-04-24 21:19:44", "elapsed": 131.833624, "delta": 1.620506}}
{"target": 0.6484144, "params": {"max_depth": 5.026122789309305, "min_child_weight": 2.9907355154544435}, "datetime": {"datetime": "2020-04-24 21:19:46", "elapsed": 133.498734, "delta": 1.66511}}
{"target": 0.6484144, "params": {"max_depth": 4.937802827225566, "min_child_weight": 2.955464735084998}, "datetime": {"datetime": "2020-04-24 21:19:48", "elapsed": 135.230268, "delta": 1.731534}}
{"target": 0.6484144, "params": {"max_depth": 4.845675707635415, "min_child_weight": 3.1739541348686378}, "datetime": {"datetime": "2020-04-24 21:19:49", "elapsed": 136.942601, "delta": 1.712333}}
{"target": 0.6484144, "params": {"max_depth": 5.0106083275620685, "min_child_weight": 2.822112447846728}, "datetime": {"datetime": "2020-04-24 21:19:51", "elapsed": 138.817515, "delta": 1.874914}}
{"target": 0.6484144, "params": {"max_depth": 4.898628163842318, "min_child_weight": 2.9790486871771003}, "datetime": {"datetime": "2020-04-24 21:19:53", "elapsed": 140.420927, "delta": 1.603412}}
{"target": 0.6484144, "params": {"max_depth": 5.005631097668545, "min_child_weight": 3.059980230147488}, "datetime": {"datetime": "2020-04-24 21:19:54", "elapsed": 141.927791, "delta": 1.506864}}
{"target": 0.6484144, "params": {"max_depth": 4.91016919350161, "min_child_weight": 2.9576105853023904}, "datetime": {"datetime": "2020-04-24 21:19:56", "elapsed": 143.564396, "delta": 1.636605}}
{"target": 0.6484144, "params": {"max_depth": 4.835604597528579, "min_child_weight": 3.2121467617669293}, "datetime": {"datetime": "2020-04-24 21:19:58", "elapsed": 145.209835, "delta": 1.645439}}
{"target": 0.6484144, "params": {"max_depth": 4.828819096726049, "min_child_weight": 3.149412623497223}, "datetime": {"datetime": "2020-04-24 21:19:59", "elapsed": 146.916139, "delta": 1.706304}}
{"target": 0.6484144, "params": {"max_depth": 5.003414663668519, "min_child_weight": 3.1113148185001616}, "datetime": {"datetime": "2020-04-24 21:20:01", "elapsed": 148.68487, "delta": 1.768731}}
{"target": 0.6484144, "params": {"max_depth": 5.0544648486970445, "min_child_weight": 2.786239180572269}, "datetime": {"datetime": "2020-04-24 21:20:03", "elapsed": 150.225485, "delta": 1.540615}}
{"target": 0.6484144, "params": {"max_depth": 4.8945336356849385, "min_child_weight": 3.0071079613899827}, "datetime": {"datetime": "2020-04-24 21:20:04", "elapsed": 151.84578, "delta": 1.620295}}
{"target": 0.6484144, "params": {"max_depth": 4.897528057908513, "min_child_weight": 2.983136734246485}, "datetime": {"datetime": "2020-04-24 21:20:06", "elapsed": 153.386064, "delta": 1.540284}}
