{"target": 0.6075752000000001, "params": {"alpha": 0.4182622485244081, "colsample_bytree": 0.8407383825562922, "lam": 0.9985278039074194, "max_depth": 5.0, "min_child_weight": 3.0, "subsample": 0.5240999739676985}, "datetime": {"datetime": "2020-04-26 12:09:01", "elapsed": 1813.922921, "delta": 6.63688}}
