{"target": 0.6461694000000001, "params": {"max_depth": 9.060150666092243, "min_child_weight": 8.913879604814309}, "datetime": {"datetime": "2020-04-24 22:23:38", "elapsed": 473.543377, "delta": 3.239941}}
{"target": 0.6461694000000001, "params": {"max_depth": 9.126192666643881, "min_child_weight": 8.95973443631035}, "datetime": {"datetime": "2020-04-24 22:23:41", "elapsed": 476.207522, "delta": 2.664145}}
{"target": 0.6461694000000001, "params": {"max_depth": 9.199946967966001, "min_child_weight": 8.918825742811606}, "datetime": {"datetime": "2020-04-24 22:23:44", "elapsed": 479.256466, "delta": 3.048944}}
{"target": 0.6461694000000001, "params": {"max_depth": 9.04205596014372, "min_child_weight": 9.052730026289154}, "datetime": {"datetime": "2020-04-24 22:23:47", "elapsed": 482.53961, "delta": 3.283144}}
{"target": 0.6461694000000001, "params": {"max_depth": 9.151179740377803, "min_child_weight": 8.954277121431321}, "datetime": {"datetime": "2020-04-24 22:23:51", "elapsed": 485.747397, "delta": 3.207787}}
{"target": 0.6461694000000001, "params": {"max_depth": 8.976210421746913, "min_child_weight": 9.011578768274173}, "datetime": {"datetime": "2020-04-24 22:23:54", "elapsed": 489.270211, "delta": 3.522814}}
{"target": 0.6461694000000001, "params": {"max_depth": 9.095520129698212, "min_child_weight": 8.911263246405744}, "datetime": {"datetime": "2020-04-24 22:23:58", "elapsed": 493.112974, "delta": 3.842763}}
{"target": 0.6461694000000001, "params": {"max_depth": 9.062888240658236, "min_child_weight": 8.926741954747175}, "datetime": {"datetime": "2020-04-24 22:24:01", "elapsed": 496.30287, "delta": 3.189896}}
{"target": 0.6461694000000001, "params": {"max_depth": 9.022573722585499, "min_child_weight": 8.865983647721174}, "datetime": {"datetime": "2020-04-24 22:24:05", "elapsed": 500.213637, "delta": 3.910767}}
{"target": 0.6461694000000001, "params": {"max_depth": 9.146847811522285, "min_child_weight": 9.008786237368412}, "datetime": {"datetime": "2020-04-24 22:24:08", "elapsed": 503.263071, "delta": 3.049434}}
{"target": 0.6461694000000001, "params": {"max_depth": 9.055867805656765, "min_child_weight": 8.981623147509417}, "datetime": {"datetime": "2020-04-24 22:24:12", "elapsed": 506.99382, "delta": 3.730749}}
{"target": 0.6461694000000001, "params": {"max_depth": 9.000128062305933, "min_child_weight": 9.125288514685364}, "datetime": {"datetime": "2020-04-24 22:24:15", "elapsed": 510.417315, "delta": 3.423495}}
{"target": 0.6461694000000001, "params": {"max_depth": 9.069168203805374, "min_child_weight": 8.957743277417833}, "datetime": {"datetime": "2020-04-24 22:24:19", "elapsed": 513.792311, "delta": 3.374996}}
{"target": 0.6461694000000001, "params": {"max_depth": 8.952263188290061, "min_child_weight": 8.948973226927063}, "datetime": {"datetime": "2020-04-24 22:24:22", "elapsed": 517.208574, "delta": 3.416263}}
{"target": 0.6461694000000001, "params": {"max_depth": 9.188274866476455, "min_child_weight": 9.018764806371767}, "datetime": {"datetime": "2020-04-24 22:24:26", "elapsed": 520.881993, "delta": 3.673419}}
{"target": 0.6461694000000001, "params": {"max_depth": 9.072750553669493, "min_child_weight": 9.095101693884086}, "datetime": {"datetime": "2020-04-24 22:24:29", "elapsed": 524.40654, "delta": 3.524547}}
{"target": 0.6461694000000001, "params": {"max_depth": 8.920993831862127, "min_child_weight": 8.924612314395414}, "datetime": {"datetime": "2020-04-24 22:24:33", "elapsed": 527.965643, "delta": 3.559103}}
{"target": 0.6461694000000001, "params": {"max_depth": 9.145964302581957, "min_child_weight": 8.994642171780061}, "datetime": {"datetime": "2020-04-24 22:24:36", "elapsed": 531.416916, "delta": 3.451273}}
{"target": 0.6461694000000001, "params": {"max_depth": 8.95386116786393, "min_child_weight": 9.094982230978273}, "datetime": {"datetime": "2020-04-24 22:24:40", "elapsed": 535.201259, "delta": 3.784343}}
{"target": 0.6461694000000001, "params": {"max_depth": 9.050232800616044, "min_child_weight": 8.90967092660416}, "datetime": {"datetime": "2020-04-24 22:24:43", "elapsed": 538.48386, "delta": 3.282601}}
{"target": 0.6461694000000001, "params": {"max_depth": 9.105888152478382, "min_child_weight": 8.90314303974439}, "datetime": {"datetime": "2020-04-24 22:24:47", "elapsed": 542.355965, "delta": 3.872105}}
{"target": 0.6461694000000001, "params": {"max_depth": 9.105126454614513, "min_child_weight": 8.931977573383094}, "datetime": {"datetime": "2020-04-24 22:24:52", "elapsed": 546.629594, "delta": 4.273629}}
{"target": 0.6461694000000001, "params": {"max_depth": 8.963569343897213, "min_child_weight": 9.044452593509295}, "datetime": {"datetime": "2020-04-24 22:24:55", "elapsed": 550.47439, "delta": 3.844796}}
{"target": 0.6461694000000001, "params": {"max_depth": 8.86828746695305, "min_child_weight": 9.03707837634539}, "datetime": {"datetime": "2020-04-24 22:24:59", "elapsed": 553.997504, "delta": 3.523114}}
{"target": 0.6461694000000001, "params": {"max_depth": 8.992234495290337, "min_child_weight": 8.897590032166804}, "datetime": {"datetime": "2020-04-24 22:25:02", "elapsed": 557.553276, "delta": 3.555772}}
{"target": 0.6461694000000001, "params": {"max_depth": 9.084488223462149, "min_child_weight": 8.966791269999895}, "datetime": {"datetime": "2020-04-24 22:25:07", "elapsed": 561.700565, "delta": 4.147289}}
{"target": 0.6461694000000001, "params": {"max_depth": 9.164924993059174, "min_child_weight": 8.930787435290178}, "datetime": {"datetime": "2020-04-24 22:25:11", "elapsed": 566.02792, "delta": 4.327355}}
{"target": 0.6461694000000001, "params": {"max_depth": 8.988903211777165, "min_child_weight": 8.863554060093858}, "datetime": {"datetime": "2020-04-24 22:25:15", "elapsed": 569.820378, "delta": 3.792458}}
{"target": 0.6350326, "params": {"alpha": 0.6353840971871251, "lam": 0.36135979512385263, "max_depth": 9.0, "min_child_weight": 9.0}, "datetime": {"datetime": "2020-04-24 22:25:16", "elapsed": 571.001006, "delta": 1.180628}}
{"target": 0.6433822, "params": {"alpha": 0.08215332489795335, "lam": 0.9858354104304432, "max_depth": 9.0, "min_child_weight": 9.0}, "datetime": {"datetime": "2020-04-24 22:25:17", "elapsed": 572.167648, "delta": 1.166642}}
{"target": 0.6382896, "params": {"alpha": 0.6315561098669926, "lam": 0.6259918347750867, "max_depth": 9.0, "min_child_weight": 9.0}, "datetime": {"datetime": "2020-04-24 22:25:18", "elapsed": 573.370539, "delta": 1.202891}}
{"target": 0.6272508, "params": {"alpha": 0.24688103741980094, "lam": 0.4456736804130268, "max_depth": 9.0, "min_child_weight": 9.0}, "datetime": {"datetime": "2020-04-24 22:25:19", "elapsed": 574.583068, "delta": 1.212529}}
{"target": 0.632375, "params": {"alpha": 0.22874355324979234, "lam": 0.05088242901574924, "max_depth": 9.0, "min_child_weight": 9.0}, "datetime": {"datetime": "2020-04-24 22:25:21", "elapsed": 575.767986, "delta": 1.184918}}
{"target": 0.6396879999999999, "params": {"alpha": 0.8857028051407652, "lam": 0.7671054180431018, "max_depth": 9.0, "min_child_weight": 9.0}, "datetime": {"datetime": "2020-04-24 22:25:22", "elapsed": 576.927888, "delta": 1.159902}}
{"target": 0.6500792000000001, "params": {"alpha": 0.2750693786103938, "lam": 0.9512662412014473, "max_depth": 9.0, "min_child_weight": 9.0}, "datetime": {"datetime": "2020-04-24 22:25:23", "elapsed": 578.111614, "delta": 1.183726}}
{"target": 0.6458674, "params": {"alpha": 0.38995368082283965, "lam": 0.996861992648605, "max_depth": 9.0, "min_child_weight": 9.0}, "datetime": {"datetime": "2020-04-24 22:25:24", "elapsed": 579.311742, "delta": 1.200128}}
{"target": 0.6378112, "params": {"alpha": 0.9843928863294259, "lam": 0.6351429164067396, "max_depth": 9.0, "min_child_weight": 9.0}, "datetime": {"datetime": "2020-04-24 22:25:25", "elapsed": 580.49348, "delta": 1.181738}}
{"target": 0.6422193999999999, "params": {"alpha": 0.7459102727999593, "lam": 0.7589211373162449, "max_depth": 9.0, "min_child_weight": 9.0}, "datetime": {"datetime": "2020-04-24 22:25:27", "elapsed": 581.709054, "delta": 1.215574}}
{"target": 0.6262256, "params": {"alpha": 1.0, "lam": 0.0, "max_depth": 9.0, "min_child_weight": 9.0}, "datetime": {"datetime": "2020-04-24 22:25:28", "elapsed": 583.30626, "delta": 1.597206}}
{"target": 0.6271492, "params": {"alpha": 0.0, "lam": 0.0, "max_depth": 9.0, "min_child_weight": 9.0}, "datetime": {"datetime": "2020-04-24 22:25:30", "elapsed": 584.822693, "delta": 1.516433}}
{"target": 0.6457522, "params": {"alpha": 1.0, "lam": 0.99999999999993, "max_depth": 9.0, "min_child_weight": 9.0}, "datetime": {"datetime": "2020-04-24 22:25:31", "elapsed": 586.453568, "delta": 1.630875}}
{"target": 0.6239582, "params": {"alpha": 0.5679203939225277, "lam": 0.0003854836739982659, "max_depth": 9.0, "min_child_weight": 9.0}, "datetime": {"datetime": "2020-04-24 22:25:33", "elapsed": 588.280489, "delta": 1.826921}}
{"target": 0.6454676, "params": {"alpha": 0.2516626296237858, "lam": 0.8490384407279902, "max_depth": 9.0, "min_child_weight": 9.0}, "datetime": {"datetime": "2020-04-24 22:25:35", "elapsed": 590.168541, "delta": 1.888052}}
{"target": 0.6459029999999999, "params": {"alpha": 0.23185949058194621, "lam": 0.9951221876508578, "max_depth": 9.0, "min_child_weight": 9.0}, "datetime": {"datetime": "2020-04-24 22:25:37", "elapsed": 592.120404, "delta": 1.951863}}
{"target": 0.6455947999999999, "params": {"alpha": 0.7305672071267417, "lam": 0.9956719278971028, "max_depth": 9.0, "min_child_weight": 9.0}, "datetime": {"datetime": "2020-04-24 22:25:39", "elapsed": 593.975072, "delta": 1.854668}}
{"target": 0.6478468, "params": {"alpha": 0.4598319984983138, "lam": 0.9010459396023403, "max_depth": 9.0, "min_child_weight": 9.0}, "datetime": {"datetime": "2020-04-24 22:25:41", "elapsed": 595.791473, "delta": 1.816401}}
{"target": 0.6504579999999999, "params": {"alpha": 0.3785152821364851, "lam": 0.9030036077767162, "max_depth": 9.0, "min_child_weight": 9.0}, "datetime": {"datetime": "2020-04-24 22:25:42", "elapsed": 597.565536, "delta": 1.774063}}
{"target": 0.6439418000000001, "params": {"alpha": 0.39164607185405864, "lam": 0.88437657408622, "max_depth": 9.0, "min_child_weight": 9.0}, "datetime": {"datetime": "2020-04-24 22:25:44", "elapsed": 599.429332, "delta": 1.863796}}
{"target": 0.6485398, "params": {"alpha": 0.5097164457282765, "lam": 0.998749389099359, "max_depth": 9.0, "min_child_weight": 9.0}, "datetime": {"datetime": "2020-04-24 22:25:46", "elapsed": 601.197914, "delta": 1.768582}}
{"target": 0.6463477999999999, "params": {"alpha": 0.35513395388948954, "lam": 0.9974485026293965, "max_depth": 9.0, "min_child_weight": 9.0}, "datetime": {"datetime": "2020-04-24 22:25:48", "elapsed": 603.058995, "delta": 1.861081}}
{"target": 0.6490192, "params": {"alpha": 0.554074325347411, "lam": 0.9561477128104393, "max_depth": 9.0, "min_child_weight": 9.0}, "datetime": {"datetime": "2020-04-24 22:25:50", "elapsed": 604.873631, "delta": 1.814636}}
{"target": 0.645678, "params": {"alpha": 0.5614583181720801, "lam": 0.9309103134693961, "max_depth": 9.0, "min_child_weight": 9.0}, "datetime": {"datetime": "2020-04-24 22:25:51", "elapsed": 606.508556, "delta": 1.634925}}
{"target": 0.6485422, "params": {"alpha": 0.5058665941931781, "lam": 0.9998827622206281, "max_depth": 9.0, "min_child_weight": 9.0}, "datetime": {"datetime": "2020-04-24 22:25:53", "elapsed": 608.285916, "delta": 1.77736}}
{"target": 0.6455730000000001, "params": {"alpha": 0.5116758378762056, "lam": 0.996719641445287, "max_depth": 9.0, "min_child_weight": 9.0}, "datetime": {"datetime": "2020-04-24 22:25:55", "elapsed": 610.118623, "delta": 1.832707}}
{"target": 0.6436841999999999, "params": {"alpha": 0.3242992755353782, "lam": 0.9452798467214324, "max_depth": 9.0, "min_child_weight": 9.0}, "datetime": {"datetime": "2020-04-24 22:25:57", "elapsed": 611.973136, "delta": 1.854513}}
{"target": 0.6485427999999999, "params": {"alpha": 0.6013681138416256, "lam": 0.9989809147977196, "max_depth": 9.0, "min_child_weight": 9.0}, "datetime": {"datetime": "2020-04-24 22:25:59", "elapsed": 613.860473, "delta": 1.887337}}
{"target": 0.6469682, "params": {"alpha": 0.6042904735130238, "lam": 0.9984398823194895, "max_depth": 9.0, "min_child_weight": 9.0}, "datetime": {"datetime": "2020-04-24 22:26:00", "elapsed": 615.587534, "delta": 1.727061}}
{"target": 0.648542, "params": {"alpha": 0.5543732116634713, "lam": 0.9996992065745793, "max_depth": 9.0, "min_child_weight": 9.0}, "datetime": {"datetime": "2020-04-24 22:26:02", "elapsed": 617.438088, "delta": 1.850554}}
{"target": 0.6485413999999999, "params": {"alpha": 0.5148576773996136, "lam": 0.9994765833947361, "max_depth": 9.0, "min_child_weight": 9.0}, "datetime": {"datetime": "2020-04-24 22:26:04", "elapsed": 619.225773, "delta": 1.787685}}
{"target": 0.6485424, "params": {"alpha": 0.5445535817989441, "lam": 0.9999497219311563, "max_depth": 9.0, "min_child_weight": 9.0}, "datetime": {"datetime": "2020-04-24 22:26:06", "elapsed": 621.051626, "delta": 1.825853}}
{"target": 0.6485438, "params": {"alpha": 0.5940767529638303, "lam": 0.9994388328315509, "max_depth": 9.0, "min_child_weight": 9.0}, "datetime": {"datetime": "2020-04-24 22:26:08", "elapsed": 622.967599, "delta": 1.915973}}
{"target": 0.6485426000000001, "params": {"alpha": 0.5733144243585981, "lam": 0.9999399055871275, "max_depth": 9.0, "min_child_weight": 9.0}, "datetime": {"datetime": "2020-04-24 22:26:10", "elapsed": 624.851665, "delta": 1.884066}}
{"target": 0.6485442000000001, "params": {"alpha": 0.6086870586634845, "lam": 0.999753464683357, "max_depth": 9.0, "min_child_weight": 9.0}, "datetime": {"datetime": "2020-04-24 22:26:12", "elapsed": 626.840637, "delta": 1.988972}}
{"target": 0.6469804000000001, "params": {"alpha": 0.5214689505838312, "lam": 0.9980056973081539, "max_depth": 9.0, "min_child_weight": 9.0}, "datetime": {"datetime": "2020-04-24 22:26:14", "elapsed": 628.832822, "delta": 1.992185}}
{"target": 0.6455964, "params": {"alpha": 0.6028476937008898, "lam": 0.9968333327957043, "max_depth": 9.0, "min_child_weight": 9.0}, "datetime": {"datetime": "2020-04-24 22:26:16", "elapsed": 630.794368, "delta": 1.961546}}
{"target": 0.6443364, "params": {"alpha": 0.5240891813776917, "lam": 0.9427885289286696, "max_depth": 9.0, "min_child_weight": 9.0}, "datetime": {"datetime": "2020-04-24 22:26:18", "elapsed": 632.721206, "delta": 1.926838}}
{"target": 0.6469804, "params": {"alpha": 0.47840848139806225, "lam": 0.9980626778006727, "max_depth": 9.0, "min_child_weight": 9.0}, "datetime": {"datetime": "2020-04-24 22:26:20", "elapsed": 634.867614, "delta": 2.146408}}
{"target": 0.6479488, "params": {"alpha": 0.6539619072156098, "lam": 0.999918701247781, "max_depth": 9.0, "min_child_weight": 9.0}, "datetime": {"datetime": "2020-04-24 22:26:22", "elapsed": 636.811928, "delta": 1.944314}}
{"target": 0.6463266, "params": {"alpha": 0.791891888724133, "lam": 0.9994463763254983, "max_depth": 9.0, "min_child_weight": 9.0}, "datetime": {"datetime": "2020-04-24 22:26:24", "elapsed": 638.774692, "delta": 1.962764}}
{"target": 0.646981, "params": {"alpha": 0.5698413727808266, "lam": 0.9982474088023365, "max_depth": 9.0, "min_child_weight": 9.0}, "datetime": {"datetime": "2020-04-24 22:26:26", "elapsed": 640.673852, "delta": 1.89916}}
{"target": 0.6485432, "params": {"alpha": 0.6397138056875488, "lam": 0.9992627180092777, "max_depth": 9.0, "min_child_weight": 9.0}, "datetime": {"datetime": "2020-04-24 22:26:28", "elapsed": 642.931755, "delta": 2.257903}}
{"target": 0.6485422, "params": {"alpha": 0.6545844225145042, "lam": 0.9985835778923698, "max_depth": 9.0, "min_child_weight": 9.0}, "datetime": {"datetime": "2020-04-24 22:26:30", "elapsed": 644.940633, "delta": 2.008878}}
{"target": 0.6485426, "params": {"alpha": 0.6394770945682194, "lam": 0.9988413240878942, "max_depth": 9.0, "min_child_weight": 9.0}, "datetime": {"datetime": "2020-04-24 22:26:32", "elapsed": 646.88731, "delta": 1.946677}}
{"target": 0.6463184, "params": {"alpha": 0.6422643837329056, "lam": 0.9973717417919861, "max_depth": 9.0, "min_child_weight": 9.0}, "datetime": {"datetime": "2020-04-24 22:26:34", "elapsed": 648.858826, "delta": 1.971516}}
{"target": 0.6485413999999999, "params": {"alpha": 0.5588072070722645, "lam": 0.9994034234397128, "max_depth": 9.0, "min_child_weight": 9.0}, "datetime": {"datetime": "2020-04-24 22:26:36", "elapsed": 650.923364, "delta": 2.064538}}
{"target": 0.6479504, "params": {"alpha": 0.5894387425751042, "lam": 0.9999890478016005, "max_depth": 9.0, "min_child_weight": 9.0}, "datetime": {"datetime": "2020-04-24 22:26:38", "elapsed": 652.965457, "delta": 2.042093}}
{"target": 0.6485424, "params": {"alpha": 0.5844660493508741, "lam": 0.9998069740718174, "max_depth": 9.0, "min_child_weight": 9.0}, "datetime": {"datetime": "2020-04-24 22:26:40", "elapsed": 654.918762, "delta": 1.953305}}
{"target": 0.6485413999999999, "params": {"alpha": 0.5770292113766177, "lam": 0.9994076071134181, "max_depth": 9.0, "min_child_weight": 9.0}, "datetime": {"datetime": "2020-04-24 22:26:42", "elapsed": 657.0358, "delta": 2.117038}}
{"target": 0.6485409999999999, "params": {"alpha": 0.561008277041702, "lam": 0.9992037546497861, "max_depth": 9.0, "min_child_weight": 9.0}, "datetime": {"datetime": "2020-04-24 22:26:44", "elapsed": 659.097444, "delta": 2.061644}}
{"target": 0.6485415999999999, "params": {"alpha": 0.5511136903262814, "lam": 0.9995150973561393, "max_depth": 9.0, "min_child_weight": 9.0}, "datetime": {"datetime": "2020-04-24 22:26:46", "elapsed": 660.938358, "delta": 1.840914}}
{"target": 0.6479488, "params": {"alpha": 0.6495868838559267, "lam": 0.9999634872750728, "max_depth": 9.0, "min_child_weight": 9.0}, "datetime": {"datetime": "2020-04-24 22:26:48", "elapsed": 663.064851, "delta": 2.126493}}
{"target": 0.6469676, "params": {"alpha": 0.5609872382547927, "lam": 0.9983688169881902, "max_depth": 9.0, "min_child_weight": 9.0}, "datetime": {"datetime": "2020-04-24 22:26:50", "elapsed": 665.190408, "delta": 2.125557}}
{"target": 0.6485422000000001, "params": {"alpha": 0.5909155880957744, "lam": 0.9998535981637482, "max_depth": 9.0, "min_child_weight": 9.0}, "datetime": {"datetime": "2020-04-24 22:26:52", "elapsed": 667.08904, "delta": 1.898632}}
{"target": 0.6463192, "params": {"alpha": 0.6314991258735665, "lam": 0.9976504399981684, "max_depth": 9.0, "min_child_weight": 9.0}, "datetime": {"datetime": "2020-04-24 22:26:54", "elapsed": 669.088063, "delta": 1.999023}}
{"target": 0.64854, "params": {"alpha": 0.545102922104035, "lam": 0.9986065143619288, "max_depth": 9.0, "min_child_weight": 9.0}, "datetime": {"datetime": "2020-04-24 22:26:56", "elapsed": 671.145482, "delta": 2.057419}}
{"target": 0.6485444, "params": {"alpha": 0.6017195712705187, "lam": 0.9998200257810627, "max_depth": 9.0, "min_child_weight": 9.0}, "datetime": {"datetime": "2020-04-24 22:26:58", "elapsed": 673.14187, "delta": 1.996388}}
{"target": 0.6485413999999999, "params": {"alpha": 0.4838386677657305, "lam": 0.9995545367347355, "max_depth": 9.0, "min_child_weight": 9.0}, "datetime": {"datetime": "2020-04-24 22:27:00", "elapsed": 675.273854, "delta": 2.131984}}
{"target": 0.648541, "params": {"alpha": 0.49206576261382895, "lam": 0.9992001317016436, "max_depth": 9.0, "min_child_weight": 9.0}, "datetime": {"datetime": "2020-04-24 22:27:02", "elapsed": 677.346227, "delta": 2.072373}}
{"target": 0.6485406, "params": {"alpha": 0.5041403373480321, "lam": 0.9989745989879449, "max_depth": 9.0, "min_child_weight": 9.0}, "datetime": {"datetime": "2020-04-24 22:27:04", "elapsed": 679.46245, "delta": 2.116223}}
{"target": 0.6485398, "params": {"alpha": 0.49646913662069503, "lam": 0.9986195172063499, "max_depth": 9.0, "min_child_weight": 9.0}, "datetime": {"datetime": "2020-04-24 22:27:06", "elapsed": 681.466639, "delta": 2.004189}}
{"target": 0.6485413999999999, "params": {"alpha": 0.490415621726762, "lam": 0.9994058794617656, "max_depth": 9.0, "min_child_weight": 9.0}, "datetime": {"datetime": "2020-04-24 22:27:08", "elapsed": 683.471385, "delta": 2.004746}}
{"target": 0.6485422, "params": {"alpha": 0.487097584296146, "lam": 0.9997032367816543, "max_depth": 9.0, "min_child_weight": 9.0}, "datetime": {"datetime": "2020-04-24 22:27:10", "elapsed": 685.552773, "delta": 2.081388}}
{"target": 0.6458716, "params": {"alpha": 0.42504197816856415, "lam": 0.9998388229618114, "max_depth": 9.0, "min_child_weight": 9.0}, "datetime": {"datetime": "2020-04-24 22:27:13", "elapsed": 687.652543, "delta": 2.09977}}
{"target": 0.6463522000000002, "params": {"alpha": 0.5216954411156265, "lam": 0.997207966303446, "max_depth": 9.0, "min_child_weight": 9.0}, "datetime": {"datetime": "2020-04-24 22:27:15", "elapsed": 689.983598, "delta": 2.331055}}
{"target": 0.648541, "params": {"alpha": 0.5271166884544352, "lam": 0.9992938480721203, "max_depth": 9.0, "min_child_weight": 9.0}, "datetime": {"datetime": "2020-04-24 22:27:17", "elapsed": 692.011024, "delta": 2.027426}}
{"target": 0.6463525999999999, "params": {"alpha": 0.5425382668026957, "lam": 0.997410372984408, "max_depth": 9.0, "min_child_weight": 9.0}, "datetime": {"datetime": "2020-04-24 22:27:19", "elapsed": 694.025968, "delta": 2.014944}}
{"target": 0.6485404, "params": {"alpha": 0.5678956251275112, "lam": 0.9988448193372061, "max_depth": 9.0, "min_child_weight": 9.0}, "datetime": {"datetime": "2020-04-24 22:27:21", "elapsed": 696.10065, "delta": 2.074682}}
{"target": 0.6469676, "params": {"alpha": 0.5652583094587136, "lam": 0.998355601608289, "max_depth": 9.0, "min_child_weight": 9.0}, "datetime": {"datetime": "2020-04-24 22:27:23", "elapsed": 698.233282, "delta": 2.132632}}
{"target": 0.646981, "params": {"alpha": 0.5672384610556935, "lam": 0.998158426678024, "max_depth": 9.0, "min_child_weight": 9.0}, "datetime": {"datetime": "2020-04-24 22:27:25", "elapsed": 700.324879, "delta": 2.091597}}
{"target": 0.6469802, "params": {"alpha": 0.547286783054837, "lam": 0.997872596587872, "max_depth": 9.0, "min_child_weight": 9.0}, "datetime": {"datetime": "2020-04-24 22:27:27", "elapsed": 702.433996, "delta": 2.109117}}
