{"target": 0.6500994, "params": {"alpha": 0.3954293878263021, "lam": 0.9995084181685577, "max_depth": 5.0, "min_child_weight": 3.0}, "datetime": {"datetime": "2020-04-26 11:52:47", "elapsed": 839.817481, "delta": 3.039996}}
{"target": 0.6500996, "params": {"alpha": 0.36138225822093917, "lam": 0.9998217923279498, "max_depth": 5.0, "min_child_weight": 3.0}, "datetime": {"datetime": "2020-04-26 11:52:50", "elapsed": 842.674025, "delta": 2.856544}}
{"target": 0.6501006, "params": {"alpha": 0.2335065766411487, "lam": 0.9995435186245291, "max_depth": 5.0, "min_child_weight": 3.0}, "datetime": {"datetime": "2020-04-26 11:52:52", "elapsed": 845.363917, "delta": 2.689892}}
{"target": 0.6501002, "params": {"alpha": 0.2506417072403446, "lam": 0.9997194889229241, "max_depth": 5.0, "min_child_weight": 3.0}, "datetime": {"datetime": "2020-04-26 11:52:55", "elapsed": 848.284272, "delta": 2.920355}}
{"target": 0.6500994, "params": {"alpha": 0.3995034662854764, "lam": 0.9994060716905093, "max_depth": 5.0, "min_child_weight": 3.0}, "datetime": {"datetime": "2020-04-26 11:52:58", "elapsed": 851.279969, "delta": 2.995697}}
{"target": 0.650095, "params": {"alpha": 0.9984430614914142, "lam": 0.9985991396415606, "max_depth": 5.0, "min_child_weight": 3.0}, "datetime": {"datetime": "2020-04-26 11:53:01", "elapsed": 854.319987, "delta": 3.040018}}
{"target": 0.6500959999999999, "params": {"alpha": 0.9976921742572596, "lam": 0.9997783506884778, "max_depth": 5.0, "min_child_weight": 3.0}, "datetime": {"datetime": "2020-04-26 11:53:04", "elapsed": 857.339064, "delta": 3.019077}}
{"target": 0.6500999999999999, "params": {"alpha": 0.32542936647639575, "lam": 0.999965706657645, "max_depth": 5.0, "min_child_weight": 3.0}, "datetime": {"datetime": "2020-04-26 11:53:07", "elapsed": 860.22339, "delta": 2.884326}}
{"target": 0.6500992, "params": {"alpha": 0.47432684974083705, "lam": 0.9999894662925405, "max_depth": 5.0, "min_child_weight": 3.0}, "datetime": {"datetime": "2020-04-26 11:53:10", "elapsed": 863.573215, "delta": 3.349825}}
{"target": 0.6501006, "params": {"alpha": 0.21390716020437905, "lam": 0.9998332127916865, "max_depth": 5.0, "min_child_weight": 3.0}, "datetime": {"datetime": "2020-04-26 11:53:13", "elapsed": 866.370409, "delta": 2.797194}}
{"target": 0.650099, "params": {"alpha": 0.48375325292562754, "lam": 0.9996948763750779, "max_depth": 5.0, "min_child_weight": 3.0}, "datetime": {"datetime": "2020-04-26 11:53:16", "elapsed": 869.469474, "delta": 3.099065}}
{"target": 0.6501000000000001, "params": {"alpha": 0.2778344385728948, "lam": 0.9991210247034414, "max_depth": 5.0, "min_child_weight": 3.0}, "datetime": {"datetime": "2020-04-26 11:53:19", "elapsed": 872.478387, "delta": 3.008913}}
{"target": 0.6500998, "params": {"alpha": 0.38603354754502983, "lam": 0.9998519376350675, "max_depth": 5.0, "min_child_weight": 3.0}, "datetime": {"datetime": "2020-04-26 11:53:22", "elapsed": 875.511605, "delta": 3.033218}}
{"target": 0.6501004, "params": {"alpha": 0.21941697579882458, "lam": 0.999692947049204, "max_depth": 5.0, "min_child_weight": 3.0}, "datetime": {"datetime": "2020-04-26 11:53:25", "elapsed": 878.242446, "delta": 2.730841}}
{"target": 0.6500998, "params": {"alpha": 0.35960628264304606, "lam": 0.999993551273664, "max_depth": 5.0, "min_child_weight": 3.0}, "datetime": {"datetime": "2020-04-26 11:53:28", "elapsed": 881.41912, "delta": 3.176674}}
{"target": 0.6500988000000001, "params": {"alpha": 0.4871627855938041, "lam": 0.999825636817377, "max_depth": 5.0, "min_child_weight": 3.0}, "datetime": {"datetime": "2020-04-26 11:53:31", "elapsed": 884.595513, "delta": 3.176393}}
{"target": 0.6500996000000001, "params": {"alpha": 0.40289988782682085, "lam": 0.999895015572206, "max_depth": 5.0, "min_child_weight": 3.0}, "datetime": {"datetime": "2020-04-26 11:53:35", "elapsed": 888.075503, "delta": 3.47999}}
{"target": 0.650363, "params": {"alpha": 0.4182622485244081, "lam": 0.9985278039074194, "max_depth": 5.0, "min_child_weight": 3.0}, "datetime": {"datetime": "2020-04-26 11:53:38", "elapsed": 891.387755, "delta": 3.312252}}
{"target": 0.6501007999999999, "params": {"alpha": 0.16141033997758292, "lam": 0.9997273493924974, "max_depth": 5.0, "min_child_weight": 3.0}, "datetime": {"datetime": "2020-04-26 11:53:42", "elapsed": 894.692459, "delta": 3.304704}}
{"target": 0.650101, "params": {"alpha": 0.12650392087058682, "lam": 0.9997678799414406, "max_depth": 5.0, "min_child_weight": 3.0}, "datetime": {"datetime": "2020-04-26 11:53:45", "elapsed": 898.01258, "delta": 3.320121}}
{"target": 0.6500988000000001, "params": {"alpha": 0.5051426626016774, "lam": 0.9997664082285165, "max_depth": 5.0, "min_child_weight": 3.0}, "datetime": {"datetime": "2020-04-26 11:53:48", "elapsed": 901.088084, "delta": 3.075504}}
{"target": 0.6500990000000001, "params": {"alpha": 0.49675221720095264, "lam": 0.9997447717981554, "max_depth": 5.0, "min_child_weight": 3.0}, "datetime": {"datetime": "2020-04-26 11:53:51", "elapsed": 904.286254, "delta": 3.19817}}
{"target": 0.6500996000000001, "params": {"alpha": 0.3998419687193756, "lam": 0.9999729407416711, "max_depth": 5.0, "min_child_weight": 3.0}, "datetime": {"datetime": "2020-04-26 11:53:54", "elapsed": 907.512898, "delta": 3.226644}}
{"target": 0.650099, "params": {"alpha": 0.4799668073438804, "lam": 0.9994525604533313, "max_depth": 5.0, "min_child_weight": 3.0}, "datetime": {"datetime": "2020-04-26 11:53:57", "elapsed": 910.577743, "delta": 3.064845}}
{"target": 0.6500990000000001, "params": {"alpha": 0.5134410664528498, "lam": 0.999759508202636, "max_depth": 5.0, "min_child_weight": 3.0}, "datetime": {"datetime": "2020-04-26 11:54:01", "elapsed": 914.476073, "delta": 3.89833}}
{"target": 0.6501008, "params": {"alpha": 0.18398403171131616, "lam": 0.9998581079304731, "max_depth": 5.0, "min_child_weight": 3.0}, "datetime": {"datetime": "2020-04-26 11:54:05", "elapsed": 918.164433, "delta": 3.68836}}
{"target": 0.650099, "params": {"alpha": 0.43429629645373524, "lam": 0.9991898331336677, "max_depth": 5.0, "min_child_weight": 3.0}, "datetime": {"datetime": "2020-04-26 11:54:08", "elapsed": 921.608549, "delta": 3.444116}}
{"target": 0.6500986000000001, "params": {"alpha": 0.49062455746459976, "lam": 0.9990015792387139, "max_depth": 5.0, "min_child_weight": 3.0}, "datetime": {"datetime": "2020-04-26 11:54:12", "elapsed": 925.297279, "delta": 3.68873}}
{"target": 0.6500998, "params": {"alpha": 0.3593610253298244, "lam": 0.9995859024742282, "max_depth": 5.0, "min_child_weight": 3.0}, "datetime": {"datetime": "2020-04-26 11:54:16", "elapsed": 928.772216, "delta": 3.474937}}
{"target": 0.6500996, "params": {"alpha": 0.385674297039863, "lam": 0.9997885958718951, "max_depth": 5.0, "min_child_weight": 3.0}, "datetime": {"datetime": "2020-04-26 11:54:19", "elapsed": 932.410327, "delta": 3.638111}}
{"target": 0.6500996000000001, "params": {"alpha": 0.36943680182186567, "lam": 0.9999690350399946, "max_depth": 5.0, "min_child_weight": 3.0}, "datetime": {"datetime": "2020-04-26 11:54:23", "elapsed": 935.840288, "delta": 3.429961}}
{"target": 0.650101, "params": {"alpha": 0.17927084719972342, "lam": 0.9999689308431214, "max_depth": 5.0, "min_child_weight": 3.0}, "datetime": {"datetime": "2020-04-26 11:54:26", "elapsed": 939.45306, "delta": 3.612772}}
{"target": 0.6500996, "params": {"alpha": 0.38136273589587544, "lam": 0.99972905233919, "max_depth": 5.0, "min_child_weight": 3.0}, "datetime": {"datetime": "2020-04-26 11:54:30", "elapsed": 943.056737, "delta": 3.603677}}
{"target": 0.6500992, "params": {"alpha": 0.4604474345792686, "lam": 0.9995366963031244, "max_depth": 5.0, "min_child_weight": 3.0}, "datetime": {"datetime": "2020-04-26 11:54:33", "elapsed": 946.487962, "delta": 3.431225}}
{"target": 0.648677, "params": {"alpha": 0.15106200030213945, "lam": 0.9983989733104915, "max_depth": 5.0, "min_child_weight": 3.0}, "datetime": {"datetime": "2020-04-26 11:54:37", "elapsed": 949.707105, "delta": 3.219143}}
{"target": 0.6500994, "params": {"alpha": 0.4212879856584232, "lam": 0.9993810292337335, "max_depth": 5.0, "min_child_weight": 3.0}, "datetime": {"datetime": "2020-04-26 11:54:40", "elapsed": 953.332698, "delta": 3.625593}}
{"target": 0.6500956, "params": {"alpha": 0.9995875095470247, "lam": 0.9991832178471132, "max_depth": 5.0, "min_child_weight": 3.0}, "datetime": {"datetime": "2020-04-26 11:54:44", "elapsed": 956.774889, "delta": 3.442191}}
{"target": 0.6501012, "params": {"alpha": 0.15266484577504846, "lam": 0.999960490792435, "max_depth": 5.0, "min_child_weight": 3.0}, "datetime": {"datetime": "2020-04-26 11:54:47", "elapsed": 960.133249, "delta": 3.35836}}
{"target": 0.6500990000000001, "params": {"alpha": 0.46881259298472244, "lam": 0.9998607642357281, "max_depth": 5.0, "min_child_weight": 3.0}, "datetime": {"datetime": "2020-04-26 11:54:51", "elapsed": 963.992398, "delta": 3.859149}}
{"target": 0.6501002, "params": {"alpha": 0.3059325390942358, "lam": 0.9998615469045719, "max_depth": 5.0, "min_child_weight": 3.0}, "datetime": {"datetime": "2020-04-26 11:54:54", "elapsed": 967.43479, "delta": 3.442392}}
{"target": 0.6500994, "params": {"alpha": 0.3890374242992969, "lam": 0.9997568398836842, "max_depth": 5.0, "min_child_weight": 3.0}, "datetime": {"datetime": "2020-04-26 11:54:58", "elapsed": 970.754802, "delta": 3.320012}}
{"target": 0.650099, "params": {"alpha": 0.4854431620283315, "lam": 0.9996687047511056, "max_depth": 5.0, "min_child_weight": 3.0}, "datetime": {"datetime": "2020-04-26 11:55:02", "elapsed": 974.762857, "delta": 4.008055}}
{"target": 0.6500994, "params": {"alpha": 0.36190993741234734, "lam": 0.9992989984354229, "max_depth": 5.0, "min_child_weight": 3.0}, "datetime": {"datetime": "2020-04-26 11:55:06", "elapsed": 978.693214, "delta": 3.930357}}
{"target": 0.6501007999999999, "params": {"alpha": 0.16774084216970397, "lam": 0.9995381097354232, "max_depth": 5.0, "min_child_weight": 3.0}, "datetime": {"datetime": "2020-04-26 11:55:09", "elapsed": 982.434789, "delta": 3.741575}}
{"target": 0.650099, "params": {"alpha": 0.4599713263178902, "lam": 0.999778124402998, "max_depth": 5.0, "min_child_weight": 3.0}, "datetime": {"datetime": "2020-04-26 11:55:13", "elapsed": 985.905925, "delta": 3.471136}}
{"target": 0.6500994, "params": {"alpha": 0.3847318270830501, "lam": 0.9994763427681334, "max_depth": 5.0, "min_child_weight": 3.0}, "datetime": {"datetime": "2020-04-26 11:55:17", "elapsed": 989.661814, "delta": 3.755889}}
{"target": 0.6500988000000001, "params": {"alpha": 0.4516233541769197, "lam": 0.9990019589957615, "max_depth": 5.0, "min_child_weight": 3.0}, "datetime": {"datetime": "2020-04-26 11:55:20", "elapsed": 993.567951, "delta": 3.906137}}
{"target": 0.6501002, "params": {"alpha": 0.2332438762268253, "lam": 0.9994854967358463, "max_depth": 5.0, "min_child_weight": 3.0}, "datetime": {"datetime": "2020-04-26 11:55:24", "elapsed": 997.42118, "delta": 3.853229}}
{"target": 0.6500998, "params": {"alpha": 0.38392589317996406, "lam": 0.9998511556322516, "max_depth": 5.0, "min_child_weight": 3.0}, "datetime": {"datetime": "2020-04-26 11:55:29", "elapsed": 1001.64927, "delta": 4.22809}}
{"target": 0.6501016, "params": {"alpha": 0.10585169139151474, "lam": 0.9999746035250899, "max_depth": 5.0, "min_child_weight": 3.0}, "datetime": {"datetime": "2020-04-26 11:55:32", "elapsed": 1005.532242, "delta": 3.882972}}
{"target": 0.6500988000000001, "params": {"alpha": 0.46427576698850515, "lam": 0.9992402403521304, "max_depth": 5.0, "min_child_weight": 3.0}, "datetime": {"datetime": "2020-04-26 11:55:36", "elapsed": 1009.569647, "delta": 4.037405}}
{"target": 0.650099, "params": {"alpha": 0.5016755194815644, "lam": 0.9993686466412973, "max_depth": 5.0, "min_child_weight": 3.0}, "datetime": {"datetime": "2020-04-26 11:55:40", "elapsed": 1013.300525, "delta": 3.730878}}
{"target": 0.6500988, "params": {"alpha": 0.48762017062294505, "lam": 0.9996890104173384, "max_depth": 5.0, "min_child_weight": 3.0}, "datetime": {"datetime": "2020-04-26 11:55:44", "elapsed": 1017.11163, "delta": 3.811105}}
{"target": 0.6501006, "params": {"alpha": 0.20500536905523037, "lam": 0.9995344973946444, "max_depth": 5.0, "min_child_weight": 3.0}, "datetime": {"datetime": "2020-04-26 11:55:48", "elapsed": 1020.9377, "delta": 3.82607}}
{"target": 0.6500992, "params": {"alpha": 0.4394176488100341, "lam": 0.9998952948382303, "max_depth": 5.0, "min_child_weight": 3.0}, "datetime": {"datetime": "2020-04-26 11:55:51", "elapsed": 1024.578404, "delta": 3.640704}}
{"target": 0.650101, "params": {"alpha": 0.18062417172890133, "lam": 0.9998600127087877, "max_depth": 5.0, "min_child_weight": 3.0}, "datetime": {"datetime": "2020-04-26 11:55:56", "elapsed": 1028.669634, "delta": 4.09123}}
{"target": 0.6500994, "params": {"alpha": 0.40454260674853737, "lam": 0.9997204931255511, "max_depth": 5.0, "min_child_weight": 3.0}, "datetime": {"datetime": "2020-04-26 11:56:00", "elapsed": 1032.661461, "delta": 3.991827}}
{"target": 0.6501004, "params": {"alpha": 0.21724953435171523, "lam": 0.9995864613471923, "max_depth": 5.0, "min_child_weight": 3.0}, "datetime": {"datetime": "2020-04-26 11:56:04", "elapsed": 1036.857682, "delta": 4.196221}}
{"target": 0.6500994, "params": {"alpha": 0.3795513389130051, "lam": 0.9995950766290409, "max_depth": 5.0, "min_child_weight": 3.0}, "datetime": {"datetime": "2020-04-26 11:56:08", "elapsed": 1040.853035, "delta": 3.995353}}
{"target": 0.6501002, "params": {"alpha": 0.2884406593670237, "lam": 0.999889493154492, "max_depth": 5.0, "min_child_weight": 3.0}, "datetime": {"datetime": "2020-04-26 11:56:12", "elapsed": 1044.737409, "delta": 3.884374}}
{"target": 0.6501002, "params": {"alpha": 0.2884406593670237, "lam": 0.999889493154492, "max_depth": 5.0, "min_child_weight": 3.0}, "datetime": {"datetime": "2020-04-26 11:56:14", "elapsed": 1047.553506, "delta": 2.816097}}
{"target": 0.6500994, "params": {"alpha": 0.42647675087534365, "lam": 0.9998751147788681, "max_depth": 5.0, "min_child_weight": 3.0}, "datetime": {"datetime": "2020-04-26 11:56:18", "elapsed": 1051.510224, "delta": 3.956718}}
{"target": 0.650099, "params": {"alpha": 0.4546612310305441, "lam": 0.9996359499556106, "max_depth": 5.0, "min_child_weight": 3.0}, "datetime": {"datetime": "2020-04-26 11:56:22", "elapsed": 1055.305408, "delta": 3.795184}}
{"target": 0.6500997999999999, "params": {"alpha": 0.34248550432137037, "lam": 0.9998218523128641, "max_depth": 5.0, "min_child_weight": 3.0}, "datetime": {"datetime": "2020-04-26 11:56:26", "elapsed": 1059.62234, "delta": 4.316932}}
{"target": 0.6500994, "params": {"alpha": 0.4057598124620966, "lam": 0.9998582966742683, "max_depth": 5.0, "min_child_weight": 3.0}, "datetime": {"datetime": "2020-04-26 11:56:30", "elapsed": 1063.406852, "delta": 3.784512}}
{"target": 0.6500992, "params": {"alpha": 0.448607325930109, "lam": 0.9998650419548974, "max_depth": 5.0, "min_child_weight": 3.0}, "datetime": {"datetime": "2020-04-26 11:56:34", "elapsed": 1067.435623, "delta": 4.028771}}
{"target": 0.617124, "params": {"alpha": 0.4182622485244081, "colsample_bytree": 0.6447224724856137, "lam": 0.9985278039074194, "max_depth": 5.0, "min_child_weight": 3.0, "subsample": 0.6842504287538509}, "datetime": {"datetime": "2020-04-26 11:56:35", "elapsed": 1068.24279, "delta": 0.807167}}
{"target": 0.6216041999999999, "params": {"alpha": 0.4182622485244081, "colsample_bytree": 0.728980535253847, "lam": 0.9985278039074194, "max_depth": 5.0, "min_child_weight": 3.0, "subsample": 0.7424103346209788}, "datetime": {"datetime": "2020-04-26 11:56:36", "elapsed": 1069.049096, "delta": 0.806306}}
{"target": 0.5812693999999999, "params": {"alpha": 0.4182622485244081, "colsample_bytree": 0.5063305101025606, "lam": 0.9985278039074194, "max_depth": 5.0, "min_child_weight": 3.0, "subsample": 0.5278865322970148}, "datetime": {"datetime": "2020-04-26 11:56:37", "elapsed": 1069.852412, "delta": 0.803316}}
{"target": 0.6279118, "params": {"alpha": 0.4182622485244081, "colsample_bytree": 0.6732741422839399, "lam": 0.9985278039074194, "max_depth": 5.0, "min_child_weight": 3.0, "subsample": 0.8113013598895789}, "datetime": {"datetime": "2020-04-26 11:56:38", "elapsed": 1070.654219, "delta": 0.801807}}
{"target": 0.6290555999999999, "params": {"alpha": 0.4182622485244081, "colsample_bytree": 0.691459746606555, "lam": 0.9985278039074194, "max_depth": 5.0, "min_child_weight": 3.0, "subsample": 0.804772999394189}, "datetime": {"datetime": "2020-04-26 11:56:38", "elapsed": 1071.455056, "delta": 0.800837}}
{"target": 0.6242184, "params": {"alpha": 0.4182622485244081, "colsample_bytree": 0.7279203445437749, "lam": 0.9985278039074194, "max_depth": 5.0, "min_child_weight": 3.0, "subsample": 0.6941890237942252}, "datetime": {"datetime": "2020-04-26 11:56:39", "elapsed": 1072.250441, "delta": 0.795385}}
{"target": 0.5950958, "params": {"alpha": 0.4182622485244081, "colsample_bytree": 0.6024444672081388, "lam": 0.9985278039074194, "max_depth": 5.0, "min_child_weight": 3.0, "subsample": 0.5177493446645101}, "datetime": {"datetime": "2020-04-26 11:56:40", "elapsed": 1073.045547, "delta": 0.795106}}
{"target": 0.620245, "params": {"alpha": 0.4182622485244081, "colsample_bytree": 0.7090105819025018, "lam": 0.9985278039074194, "max_depth": 5.0, "min_child_weight": 3.0, "subsample": 0.7069836290422277}, "datetime": {"datetime": "2020-04-26 11:56:41", "elapsed": 1073.853793, "delta": 0.808246}}
{"target": 0.6148408, "params": {"alpha": 0.4182622485244081, "colsample_bytree": 0.782692329716605, "lam": 0.9985278039074194, "max_depth": 5.0, "min_child_weight": 3.0, "subsample": 0.5852683220861599}, "datetime": {"datetime": "2020-04-26 11:56:42", "elapsed": 1074.659905, "delta": 0.806112}}
{"target": 0.6256602000000001, "params": {"alpha": 0.4182622485244081, "colsample_bytree": 0.7832288020020244, "lam": 0.9985278039074194, "max_depth": 5.0, "min_child_weight": 3.0, "subsample": 0.6277204373478846}, "datetime": {"datetime": "2020-04-26 11:56:42", "elapsed": 1075.460176, "delta": 0.800271}}
{"target": 0.6326458, "params": {"alpha": 0.4182622485244081, "colsample_bytree": 0.9, "lam": 0.9985278039074194, "max_depth": 5.0, "min_child_weight": 3.0, "subsample": 0.9}, "datetime": {"datetime": "2020-04-26 11:56:43", "elapsed": 1076.574793, "delta": 1.114617}}
{"target": 0.5936368, "params": {"alpha": 0.4182622485244081, "colsample_bytree": 0.5, "lam": 0.9985278039074194, "max_depth": 5.0, "min_child_weight": 3.0, "subsample": 0.9}, "datetime": {"datetime": "2020-04-26 11:56:45", "elapsed": 1077.853386, "delta": 1.278593}}
{"target": 0.6341984, "params": {"alpha": 0.4182622485244081, "colsample_bytree": 0.7496608892903495, "lam": 0.9985278039074194, "max_depth": 5.0, "min_child_weight": 3.0, "subsample": 0.899331082920354}, "datetime": {"datetime": "2020-04-26 11:56:46", "elapsed": 1079.141509, "delta": 1.288123}}
{"target": 0.6282501999999999, "params": {"alpha": 0.4182622485244081, "colsample_bytree": 0.8998620903854515, "lam": 0.9985278039074194, "max_depth": 5.0, "min_child_weight": 3.0, "subsample": 0.6960979657055368}, "datetime": {"datetime": "2020-04-26 11:56:48", "elapsed": 1080.771239, "delta": 1.62973}}
{"target": 0.6327318, "params": {"alpha": 0.4182622485244081, "colsample_bytree": 0.8997439917494726, "lam": 0.9985278039074194, "max_depth": 5.0, "min_child_weight": 3.0, "subsample": 0.8089319002698079}, "datetime": {"datetime": "2020-04-26 11:56:49", "elapsed": 1082.512602, "delta": 1.741363}}
{"target": 0.6315232000000001, "params": {"alpha": 0.4182622485244081, "colsample_bytree": 0.6648669766956825, "lam": 0.9985278039074194, "max_depth": 5.0, "min_child_weight": 3.0, "subsample": 0.899379779426323}, "datetime": {"datetime": "2020-04-26 11:56:51", "elapsed": 1083.830857, "delta": 1.318255}}
{"target": 0.6343566, "params": {"alpha": 0.4182622485244081, "colsample_bytree": 0.8335792813535152, "lam": 0.9985278039074194, "max_depth": 5.0, "min_child_weight": 3.0, "subsample": 0.8671468468691397}, "datetime": {"datetime": "2020-04-26 11:56:53", "elapsed": 1085.649563, "delta": 1.818706}}
{"target": 0.625312, "params": {"alpha": 0.4182622485244081, "colsample_bytree": 0.8491372541629412, "lam": 0.9985278039074194, "max_depth": 5.0, "min_child_weight": 3.0, "subsample": 0.7486139210619065}, "datetime": {"datetime": "2020-04-26 11:56:54", "elapsed": 1087.351704, "delta": 1.702141}}
{"target": 0.6376446, "params": {"alpha": 0.4182622485244081, "colsample_bytree": 0.8381522349311752, "lam": 0.9985278039074194, "max_depth": 5.0, "min_child_weight": 3.0, "subsample": 0.8996685290071575}, "datetime": {"datetime": "2020-04-26 11:56:56", "elapsed": 1088.887491, "delta": 1.535787}}
{"target": 0.6334204, "params": {"alpha": 0.4182622485244081, "colsample_bytree": 0.8083874346915281, "lam": 0.9985278039074194, "max_depth": 5.0, "min_child_weight": 3.0, "subsample": 0.898864765031655}, "datetime": {"datetime": "2020-04-26 11:56:57", "elapsed": 1090.397422, "delta": 1.509931}}
{"target": 0.6367696, "params": {"alpha": 0.4182622485244081, "colsample_bytree": 0.8475426749827337, "lam": 0.9985278039074194, "max_depth": 5.0, "min_child_weight": 3.0, "subsample": 0.8993279901004217}, "datetime": {"datetime": "2020-04-26 11:56:59", "elapsed": 1091.961462, "delta": 1.56404}}
{"target": 0.627705, "params": {"alpha": 0.4182622485244081, "colsample_bytree": 0.8682797895223742, "lam": 0.9985278039074194, "max_depth": 5.0, "min_child_weight": 3.0, "subsample": 0.8760719168876312}, "datetime": {"datetime": "2020-04-26 11:57:00", "elapsed": 1093.321835, "delta": 1.360373}}
{"target": 0.6226512, "params": {"alpha": 0.4182622485244081, "colsample_bytree": 0.9, "lam": 0.9985278039074194, "max_depth": 5.0, "min_child_weight": 3.0, "subsample": 0.5}, "datetime": {"datetime": "2020-04-26 11:57:02", "elapsed": 1094.766999, "delta": 1.445164}}
