{"target": 0.648542, "params": {"alpha": 0.5809414751160926, "lam": 0.9995982135296967, "max_depth": 9.0, "min_child_weight": 9.0}, "datetime": {"datetime": "2020-04-24 22:32:02", "elapsed": 977.032113, "delta": 3.55376}}
{"target": 0.648542, "params": {"alpha": 0.5824014473415882, "lam": 0.9996297064562468, "max_depth": 9.0, "min_child_weight": 9.0}, "datetime": {"datetime": "2020-04-24 22:32:05", "elapsed": 980.603282, "delta": 3.571169}}
{"target": 0.6463528000000001, "params": {"alpha": 0.5511524452668636, "lam": 0.997560369588082, "max_depth": 9.0, "min_child_weight": 9.0}, "datetime": {"datetime": "2020-04-24 22:32:09", "elapsed": 984.343142, "delta": 3.73986}}
{"target": 0.6485409999999999, "params": {"alpha": 0.5453081789277627, "lam": 0.9992587692059643, "max_depth": 9.0, "min_child_weight": 9.0}, "datetime": {"datetime": "2020-04-24 22:32:13", "elapsed": 988.177515, "delta": 3.834373}}
{"target": 0.6485407999999999, "params": {"alpha": 0.5666016013486733, "lam": 0.9990311849202926, "max_depth": 9.0, "min_child_weight": 9.0}, "datetime": {"datetime": "2020-04-24 22:32:17", "elapsed": 992.053547, "delta": 3.876032}}
{"target": 0.6485415999999999, "params": {"alpha": 0.5174718283433337, "lam": 0.9996092043255775, "max_depth": 9.0, "min_child_weight": 9.0}, "datetime": {"datetime": "2020-04-24 22:32:20", "elapsed": 995.530256, "delta": 3.476709}}
{"target": 0.6485418, "params": {"alpha": 0.5970483870029487, "lam": 0.9985891345746283, "max_depth": 9.0, "min_child_weight": 9.0}, "datetime": {"datetime": "2020-04-24 22:32:24", "elapsed": 999.276829, "delta": 3.746573}}
{"target": 0.6485398, "params": {"alpha": 0.5106557006058146, "lam": 0.9985256086510222, "max_depth": 9.0, "min_child_weight": 9.0}, "datetime": {"datetime": "2020-04-24 22:32:28", "elapsed": 1002.787992, "delta": 3.511163}}
{"target": 0.6485424, "params": {"alpha": 0.5794925512919327, "lam": 0.9998431083176111, "max_depth": 9.0, "min_child_weight": 9.0}, "datetime": {"datetime": "2020-04-24 22:32:31", "elapsed": 1006.508093, "delta": 3.720101}}
{"target": 0.6479488, "params": {"alpha": 0.6127928014189269, "lam": 0.9999907621425044, "max_depth": 9.0, "min_child_weight": 9.0}, "datetime": {"datetime": "2020-04-24 22:32:35", "elapsed": 1010.037086, "delta": 3.528993}}
{"target": 0.646319, "params": {"alpha": 0.5693660032370225, "lam": 0.9976808134417343, "max_depth": 9.0, "min_child_weight": 9.0}, "datetime": {"datetime": "2020-04-24 22:32:39", "elapsed": 1013.994781, "delta": 3.957695}}
{"target": 0.6455716, "params": {"alpha": 0.5025141093734586, "lam": 0.9960098666509735, "max_depth": 9.0, "min_child_weight": 9.0}, "datetime": {"datetime": "2020-04-24 22:32:43", "elapsed": 1017.969801, "delta": 3.97502}}
{"target": 0.6485398, "params": {"alpha": 0.6721255323645093, "lam": 0.9993482133176175, "max_depth": 9.0, "min_child_weight": 9.0}, "datetime": {"datetime": "2020-04-24 22:32:46", "elapsed": 1021.459411, "delta": 3.48961}}
{"target": 0.6485413999999999, "params": {"alpha": 0.5616706245364198, "lam": 0.9994270919759933, "max_depth": 9.0, "min_child_weight": 9.0}, "datetime": {"datetime": "2020-04-24 22:32:50", "elapsed": 1024.978107, "delta": 3.518696}}
{"target": 0.6485413999999999, "params": {"alpha": 0.5639875654420778, "lam": 0.9993190335440745, "max_depth": 9.0, "min_child_weight": 9.0}, "datetime": {"datetime": "2020-04-24 22:32:54", "elapsed": 1028.92235, "delta": 3.944243}}
{"target": 0.6479484, "params": {"alpha": 0.6228669652553057, "lam": 0.9998501129509448, "max_depth": 9.0, "min_child_weight": 9.0}, "datetime": {"datetime": "2020-04-24 22:32:58", "elapsed": 1032.716709, "delta": 3.794359}}
{"target": 0.6485413999999999, "params": {"alpha": 0.5611056743841417, "lam": 0.999311774688911, "max_depth": 9.0, "min_child_weight": 9.0}, "datetime": {"datetime": "2020-04-24 22:33:02", "elapsed": 1036.960123, "delta": 4.243414}}
{"target": 0.6485415999999999, "params": {"alpha": 0.5884602561337475, "lam": 0.9994246558663438, "max_depth": 9.0, "min_child_weight": 9.0}, "datetime": {"datetime": "2020-04-24 22:33:06", "elapsed": 1040.942465, "delta": 3.982342}}
{"target": 0.646968, "params": {"alpha": 0.5753527528725231, "lam": 0.9984527283653379, "max_depth": 9.0, "min_child_weight": 9.0}, "datetime": {"datetime": "2020-04-24 22:33:10", "elapsed": 1045.177475, "delta": 4.23501}}
{"target": 0.6485413999999999, "params": {"alpha": 0.515183351768494, "lam": 0.9994705595493715, "max_depth": 9.0, "min_child_weight": 9.0}, "datetime": {"datetime": "2020-04-24 22:33:14", "elapsed": 1049.475766, "delta": 4.298291}}
{"target": 0.6479524000000001, "params": {"alpha": 0.6125974591274351, "lam": 0.9998129560663424, "max_depth": 9.0, "min_child_weight": 9.0}, "datetime": {"datetime": "2020-04-24 22:33:18", "elapsed": 1053.336521, "delta": 3.860755}}
{"target": 0.6485418000000001, "params": {"alpha": 0.5880016063812599, "lam": 0.9994913138427342, "max_depth": 9.0, "min_child_weight": 9.0}, "datetime": {"datetime": "2020-04-24 22:33:22", "elapsed": 1057.547757, "delta": 4.211236}}
{"target": 0.6485415999999999, "params": {"alpha": 0.5758726980584724, "lam": 0.9993636302621856, "max_depth": 9.0, "min_child_weight": 9.0}, "datetime": {"datetime": "2020-04-24 22:33:27", "elapsed": 1061.652289, "delta": 4.104532}}
{"target": 0.6485426, "params": {"alpha": 0.6517950779222595, "lam": 0.9987439994521761, "max_depth": 9.0, "min_child_weight": 9.0}, "datetime": {"datetime": "2020-04-24 22:33:30", "elapsed": 1065.524919, "delta": 3.87263}}
{"target": 0.6455962000000001, "params": {"alpha": 0.6062611080098813, "lam": 0.9969351482964695, "max_depth": 9.0, "min_child_weight": 9.0}, "datetime": {"datetime": "2020-04-24 22:33:35", "elapsed": 1069.894906, "delta": 4.369987}}
{"target": 0.6463522000000002, "params": {"alpha": 0.5385524765651111, "lam": 0.9971968212816622, "max_depth": 9.0, "min_child_weight": 9.0}, "datetime": {"datetime": "2020-04-24 22:33:39", "elapsed": 1074.134112, "delta": 4.239206}}
{"target": 0.6485422, "params": {"alpha": 0.5224118009975318, "lam": 0.999921541896028, "max_depth": 9.0, "min_child_weight": 9.0}, "datetime": {"datetime": "2020-04-24 22:33:43", "elapsed": 1078.423972, "delta": 4.28986}}
{"target": 0.6479444, "params": {"alpha": 0.6788724127157102, "lam": 0.9995834190173862, "max_depth": 9.0, "min_child_weight": 9.0}, "datetime": {"datetime": "2020-04-24 22:33:48", "elapsed": 1082.813884, "delta": 4.389912}}
{"target": 0.6485418000000001, "params": {"alpha": 0.5586455451401323, "lam": 0.9995256807628251, "max_depth": 9.0, "min_child_weight": 9.0}, "datetime": {"datetime": "2020-04-24 22:33:52", "elapsed": 1086.653346, "delta": 3.839462}}
{"target": 0.6463523999999999, "params": {"alpha": 0.5561350552164096, "lam": 0.9972653361518944, "max_depth": 9.0, "min_child_weight": 9.0}, "datetime": {"datetime": "2020-04-24 22:33:56", "elapsed": 1090.76567, "delta": 4.112324}}
{"target": 0.6479484, "params": {"alpha": 0.6496885160966202, "lam": 0.9998519478527068, "max_depth": 9.0, "min_child_weight": 9.0}, "datetime": {"datetime": "2020-04-24 22:34:00", "elapsed": 1095.3824, "delta": 4.61673}}
{"target": 0.6469812, "params": {"alpha": 0.5779797266763332, "lam": 0.9983307056242613, "max_depth": 9.0, "min_child_weight": 9.0}, "datetime": {"datetime": "2020-04-24 22:34:04", "elapsed": 1099.421284, "delta": 4.038884}}
{"target": 0.6485399999999999, "params": {"alpha": 0.5039061488661051, "lam": 0.9987984188270256, "max_depth": 9.0, "min_child_weight": 9.0}, "datetime": {"datetime": "2020-04-24 22:34:08", "elapsed": 1103.220051, "delta": 3.798767}}
{"target": 0.6469804, "params": {"alpha": 0.5945532641251413, "lam": 0.9978791931252928, "max_depth": 9.0, "min_child_weight": 9.0}, "datetime": {"datetime": "2020-04-24 22:34:12", "elapsed": 1107.226088, "delta": 4.006037}}
{"target": 0.6463276, "params": {"alpha": 0.778614229162759, "lam": 0.9998650647441192, "max_depth": 9.0, "min_child_weight": 9.0}, "datetime": {"datetime": "2020-04-24 22:34:16", "elapsed": 1111.23666, "delta": 4.010572}}
{"target": 0.6455955999999999, "params": {"alpha": 0.5567436044550618, "lam": 0.9967482968916003, "max_depth": 9.0, "min_child_weight": 9.0}, "datetime": {"datetime": "2020-04-24 22:34:21", "elapsed": 1115.767473, "delta": 4.530813}}
{"target": 0.6485418000000001, "params": {"alpha": 0.4900589711353328, "lam": 0.9996387423482302, "max_depth": 9.0, "min_child_weight": 9.0}, "datetime": {"datetime": "2020-04-24 22:34:25", "elapsed": 1119.94452, "delta": 4.177047}}
{"target": 0.6455714, "params": {"alpha": 0.5033495070360512, "lam": 0.995950303388077, "max_depth": 9.0, "min_child_weight": 9.0}, "datetime": {"datetime": "2020-04-24 22:34:29", "elapsed": 1124.141324, "delta": 4.196804}}
{"target": 0.6463293999999999, "params": {"alpha": 0.4899626117981595, "lam": 0.9971327620311168, "max_depth": 9.0, "min_child_weight": 9.0}, "datetime": {"datetime": "2020-04-24 22:34:33", "elapsed": 1127.958685, "delta": 3.817361}}
{"target": 0.6479488, "params": {"alpha": 0.6679033040872671, "lam": 0.999840455979503, "max_depth": 9.0, "min_child_weight": 9.0}, "datetime": {"datetime": "2020-04-24 22:34:36", "elapsed": 1131.570555, "delta": 3.61187}}
{"target": 0.6485398000000001, "params": {"alpha": 0.6363389525542339, "lam": 0.9994272501268721, "max_depth": 9.0, "min_child_weight": 9.0}, "datetime": {"datetime": "2020-04-24 22:34:41", "elapsed": 1136.038677, "delta": 4.468122}}
{"target": 0.6485415999999999, "params": {"alpha": 0.5332556808485357, "lam": 0.9995468192591218, "max_depth": 9.0, "min_child_weight": 9.0}, "datetime": {"datetime": "2020-04-24 22:34:45", "elapsed": 1140.008893, "delta": 3.970216}}
{"target": 0.6485422, "params": {"alpha": 0.6088119036235006, "lam": 0.9987210253601283, "max_depth": 9.0, "min_child_weight": 9.0}, "datetime": {"datetime": "2020-04-24 22:34:49", "elapsed": 1144.082735, "delta": 4.073842}}
{"target": 0.648542, "params": {"alpha": 0.639453211913928, "lam": 0.9985409362446853, "max_depth": 9.0, "min_child_weight": 9.0}, "datetime": {"datetime": "2020-04-24 22:34:53", "elapsed": 1148.11966, "delta": 4.036925}}
{"target": 0.6485432, "params": {"alpha": 0.6423358952091462, "lam": 0.9991756502949296, "max_depth": 9.0, "min_child_weight": 9.0}, "datetime": {"datetime": "2020-04-24 22:34:58", "elapsed": 1152.681539, "delta": 4.561879}}
{"target": 0.6485432, "params": {"alpha": 0.6285081631008448, "lam": 0.9990736313208032, "max_depth": 9.0, "min_child_weight": 9.0}, "datetime": {"datetime": "2020-04-24 22:35:02", "elapsed": 1156.673865, "delta": 3.992326}}
{"target": 0.648542, "params": {"alpha": 0.5575150432505444, "lam": 0.999625334052197, "max_depth": 9.0, "min_child_weight": 9.0}, "datetime": {"datetime": "2020-04-24 22:35:06", "elapsed": 1160.987734, "delta": 4.313869}}
{"target": 0.6485436, "params": {"alpha": 0.621826973723071, "lam": 0.9993303926559067, "max_depth": 9.0, "min_child_weight": 9.0}, "datetime": {"datetime": "2020-04-24 22:35:10", "elapsed": 1165.48313, "delta": 4.495396}}
{"target": 0.6469811999999999, "params": {"alpha": 0.6136200071463656, "lam": 0.9982539435512804, "max_depth": 9.0, "min_child_weight": 9.0}, "datetime": {"datetime": "2020-04-24 22:35:15", "elapsed": 1169.730564, "delta": 4.247434}}
{"target": 0.6455953999999999, "params": {"alpha": 0.5724416476560128, "lam": 0.9968009347340199, "max_depth": 9.0, "min_child_weight": 9.0}, "datetime": {"datetime": "2020-04-24 22:35:20", "elapsed": 1174.884101, "delta": 5.153537}}
{"target": 0.646968, "params": {"alpha": 0.585038990485169, "lam": 0.9984977300394511, "max_depth": 9.0, "min_child_weight": 9.0}, "datetime": {"datetime": "2020-04-24 22:35:24", "elapsed": 1179.069885, "delta": 4.185784}}
{"target": 0.6485392, "params": {"alpha": 0.6717660002604575, "lam": 0.9989706654704502, "max_depth": 9.0, "min_child_weight": 9.0}, "datetime": {"datetime": "2020-04-24 22:35:28", "elapsed": 1183.538042, "delta": 4.468157}}
{"target": 0.6485404000000001, "params": {"alpha": 0.628132887188142, "lam": 0.9996929132581389, "max_depth": 9.0, "min_child_weight": 9.0}, "datetime": {"datetime": "2020-04-24 22:35:34", "elapsed": 1188.732761, "delta": 5.194719}}
{"target": 0.6479484, "params": {"alpha": 0.632232709847009, "lam": 0.9997605730984795, "max_depth": 9.0, "min_child_weight": 9.0}, "datetime": {"datetime": "2020-04-24 22:35:38", "elapsed": 1193.467898, "delta": 4.735137}}
{"target": 0.6479488, "params": {"alpha": 0.6338865885379379, "lam": 0.9999131453966906, "max_depth": 9.0, "min_child_weight": 9.0}, "datetime": {"datetime": "2020-04-24 22:35:43", "elapsed": 1198.587604, "delta": 5.119706}}
{"target": 0.6479524000000001, "params": {"alpha": 0.6003990786460053, "lam": 0.9999248215754336, "max_depth": 9.0, "min_child_weight": 9.0}, "datetime": {"datetime": "2020-04-24 22:35:48", "elapsed": 1202.880012, "delta": 4.292408}}
{"target": 0.6485432, "params": {"alpha": 0.6335805412729713, "lam": 0.9993122501120496, "max_depth": 9.0, "min_child_weight": 9.0}, "datetime": {"datetime": "2020-04-24 22:35:53", "elapsed": 1207.8463, "delta": 4.966288}}
{"target": 0.6485402, "params": {"alpha": 0.6600223818877179, "lam": 0.9995467270619118, "max_depth": 9.0, "min_child_weight": 9.0}, "datetime": {"datetime": "2020-04-24 22:35:57", "elapsed": 1212.150139, "delta": 4.303839}}
{"target": 0.6485442000000001, "params": {"alpha": 0.5945394661100599, "lam": 0.9997867840367644, "max_depth": 9.0, "min_child_weight": 9.0}, "datetime": {"datetime": "2020-04-24 22:36:01", "elapsed": 1216.451983, "delta": 4.301844}}
{"target": 0.64854, "params": {"alpha": 0.6761629484901832, "lam": 0.9994180042082549, "max_depth": 9.0, "min_child_weight": 9.0}, "datetime": {"datetime": "2020-04-24 22:36:06", "elapsed": 1221.068085, "delta": 4.616102}}
{"target": 0.6485388000000001, "params": {"alpha": 0.7046288669989859, "lam": 0.9989023795016616, "max_depth": 9.0, "min_child_weight": 9.0}, "datetime": {"datetime": "2020-04-24 22:36:10", "elapsed": 1225.261463, "delta": 4.193378}}
{"target": 0.6485426, "params": {"alpha": 0.6328884172381442, "lam": 0.9987497429762786, "max_depth": 9.0, "min_child_weight": 9.0}, "datetime": {"datetime": "2020-04-24 22:36:15", "elapsed": 1229.976569, "delta": 4.715106}}
{"target": 0.6485430000000001, "params": {"alpha": 0.641240608813985, "lam": 0.9991445046268995, "max_depth": 9.0, "min_child_weight": 9.0}, "datetime": {"datetime": "2020-04-24 22:36:19", "elapsed": 1234.502978, "delta": 4.526409}}
{"target": 0.6463718, "params": {"alpha": 0.7367695937167161, "lam": 0.9998083552344402, "max_depth": 9.0, "min_child_weight": 9.0}, "datetime": {"datetime": "2020-04-24 22:36:24", "elapsed": 1239.398831, "delta": 4.895853}}
{"target": 0.6479442, "params": {"alpha": 0.6940245690364196, "lam": 0.9995428107094655, "max_depth": 9.0, "min_child_weight": 9.0}, "datetime": {"datetime": "2020-04-24 22:36:30", "elapsed": 1244.988404, "delta": 5.589573}}
{"target": 0.6485404000000001, "params": {"alpha": 0.65626403566497, "lam": 0.9995623128463675, "max_depth": 9.0, "min_child_weight": 9.0}, "datetime": {"datetime": "2020-04-24 22:36:34", "elapsed": 1249.600392, "delta": 4.611988}}
{"target": 0.6485422, "params": {"alpha": 0.6329691987476224, "lam": 0.9986976463059499, "max_depth": 9.0, "min_child_weight": 9.0}, "datetime": {"datetime": "2020-04-24 22:36:40", "elapsed": 1254.657907, "delta": 5.057515}}
{"target": 0.6476457999999999, "params": {"alpha": 0.685507572994858, "lam": 0.9984978768578846, "max_depth": 9.0, "min_child_weight": 9.0}, "datetime": {"datetime": "2020-04-24 22:36:45", "elapsed": 1259.709177, "delta": 5.05127}}
{"target": 0.6485394, "params": {"alpha": 0.6556422223145861, "lam": 0.9990623321440383, "max_depth": 9.0, "min_child_weight": 9.0}, "datetime": {"datetime": "2020-04-24 22:36:50", "elapsed": 1264.667055, "delta": 4.957878}}
{"target": 0.6479448000000001, "params": {"alpha": 0.7001061985837681, "lam": 0.9999266062386023, "max_depth": 9.0, "min_child_weight": 9.0}, "datetime": {"datetime": "2020-04-24 22:36:54", "elapsed": 1269.290928, "delta": 4.623873}}
{"target": 0.6485436000000001, "params": {"alpha": 0.6297707889567785, "lam": 0.9993936417713964, "max_depth": 9.0, "min_child_weight": 9.0}, "datetime": {"datetime": "2020-04-24 22:36:59", "elapsed": 1274.226937, "delta": 4.936009}}
{"target": 0.6485392, "params": {"alpha": 0.6695995998328903, "lam": 0.9990487888349532, "max_depth": 9.0, "min_child_weight": 9.0}, "datetime": {"datetime": "2020-04-24 22:37:04", "elapsed": 1279.386288, "delta": 5.159351}}
{"target": 0.648544, "params": {"alpha": 0.6050741594825775, "lam": 0.9995461430076613, "max_depth": 9.0, "min_child_weight": 9.0}, "datetime": {"datetime": "2020-04-24 22:37:10", "elapsed": 1284.719681, "delta": 5.333393}}
{"target": 0.6485411999999999, "params": {"alpha": 0.5592921978437033, "lam": 0.9991839415045483, "max_depth": 9.0, "min_child_weight": 9.0}, "datetime": {"datetime": "2020-04-24 22:37:15", "elapsed": 1289.706768, "delta": 4.987087}}
{"target": 0.6469682, "params": {"alpha": 0.577812180213477, "lam": 0.9984928976956218, "max_depth": 9.0, "min_child_weight": 9.0}, "datetime": {"datetime": "2020-04-24 22:37:20", "elapsed": 1295.165786, "delta": 5.459018}}
{"target": 0.6015520000000001, "params": {"alpha": 0.3785152821364851, "colsample_bytree": 0.5783626641337747, "lam": 0.9030036077767162, "max_depth": 9.0, "min_child_weight": 9.0, "subsample": 0.6530549879572162}, "datetime": {"datetime": "2020-04-24 22:37:21", "elapsed": 1296.238879, "delta": 1.073093}}
{"target": 0.6296202, "params": {"alpha": 0.3785152821364851, "colsample_bytree": 0.8167986596885177, "lam": 0.9030036077767162, "max_depth": 9.0, "min_child_weight": 9.0, "subsample": 0.6365694400085041}, "datetime": {"datetime": "2020-04-24 22:37:22", "elapsed": 1297.311183, "delta": 1.072304}}
{"target": 0.6260422, "params": {"alpha": 0.3785152821364851, "colsample_bytree": 0.7072646878551816, "lam": 0.9030036077767162, "max_depth": 9.0, "min_child_weight": 9.0, "subsample": 0.8934937813544919}, "datetime": {"datetime": "2020-04-24 22:37:23", "elapsed": 1298.472367, "delta": 1.161184}}
{"target": 0.6081284, "params": {"alpha": 0.3785152821364851, "colsample_bytree": 0.5437594622277704, "lam": 0.9030036077767162, "max_depth": 9.0, "min_child_weight": 9.0, "subsample": 0.7771188500152769}, "datetime": {"datetime": "2020-04-24 22:37:24", "elapsed": 1299.569593, "delta": 1.097226}}
{"target": 0.6333170000000001, "params": {"alpha": 0.3785152821364851, "colsample_bytree": 0.6380698618661562, "lam": 0.9030036077767162, "max_depth": 9.0, "min_child_weight": 9.0, "subsample": 0.8362488879136138}, "datetime": {"datetime": "2020-04-24 22:37:26", "elapsed": 1300.745677, "delta": 1.176084}}
{"target": 0.6346890000000001, "params": {"alpha": 0.3785152821364851, "colsample_bytree": 0.7450781506299067, "lam": 0.9030036077767162, "max_depth": 9.0, "min_child_weight": 9.0, "subsample": 0.829699367893229}, "datetime": {"datetime": "2020-04-24 22:37:27", "elapsed": 1301.89629, "delta": 1.150613}}
{"target": 0.6292072, "params": {"alpha": 0.3785152821364851, "colsample_bytree": 0.8603737881444657, "lam": 0.9030036077767162, "max_depth": 9.0, "min_child_weight": 9.0, "subsample": 0.6559839779481755}, "datetime": {"datetime": "2020-04-24 22:37:28", "elapsed": 1302.977912, "delta": 1.081622}}
{"target": 0.6381358, "params": {"alpha": 0.3785152821364851, "colsample_bytree": 0.7143495053068143, "lam": 0.9030036077767162, "max_depth": 9.0, "min_child_weight": 9.0, "subsample": 0.8092517712033538}, "datetime": {"datetime": "2020-04-24 22:37:29", "elapsed": 1304.102865, "delta": 1.124953}}
{"target": 0.6331094, "params": {"alpha": 0.3785152821364851, "colsample_bytree": 0.6766091887179969, "lam": 0.9030036077767162, "max_depth": 9.0, "min_child_weight": 9.0, "subsample": 0.8321515317990213}, "datetime": {"datetime": "2020-04-24 22:37:30", "elapsed": 1305.226989, "delta": 1.124124}}
{"target": 0.6037416, "params": {"alpha": 0.3785152821364851, "colsample_bytree": 0.5273224676959014, "lam": 0.9030036077767162, "max_depth": 9.0, "min_child_weight": 9.0, "subsample": 0.8712972534767633}, "datetime": {"datetime": "2020-04-24 22:37:31", "elapsed": 1306.350136, "delta": 1.123147}}
{"target": 0.6307396000000001, "params": {"alpha": 0.3785152821364851, "colsample_bytree": 0.9, "lam": 0.9030036077767162, "max_depth": 9.0, "min_child_weight": 9.0, "subsample": 0.5000000179420299}, "datetime": {"datetime": "2020-04-24 22:37:33", "elapsed": 1308.109646, "delta": 1.75951}}
{"target": 0.6300214000000001, "params": {"alpha": 0.3785152821364851, "colsample_bytree": 0.7217600197722943, "lam": 0.9030036077767162, "max_depth": 9.0, "min_child_weight": 9.0, "subsample": 0.7482982370787965}, "datetime": {"datetime": "2020-04-24 22:37:36", "elapsed": 1310.644575, "delta": 2.534929}}
{"target": 0.6396652, "params": {"alpha": 0.3785152821364851, "colsample_bytree": 0.7216628846865898, "lam": 0.9030036077767162, "max_depth": 9.0, "min_child_weight": 9.0, "subsample": 0.5000855424876972}, "datetime": {"datetime": "2020-04-24 22:37:37", "elapsed": 1312.141513, "delta": 1.496938}}
{"target": 0.5783456, "params": {"alpha": 0.3785152821364851, "colsample_bytree": 0.5, "lam": 0.9030036077767162, "max_depth": 9.0, "min_child_weight": 9.0, "subsample": 0.5}, "datetime": {"datetime": "2020-04-24 22:37:38", "elapsed": 1313.315443, "delta": 1.17393}}
{"target": 0.6459360000000001, "params": {"alpha": 0.3785152821364851, "colsample_bytree": 0.9, "lam": 0.9030036077767162, "max_depth": 9.0, "min_child_weight": 9.0, "subsample": 0.9}, "datetime": {"datetime": "2020-04-24 22:37:40", "elapsed": 1315.123358, "delta": 1.807915}}
{"target": 0.6337978, "params": {"alpha": 0.3785152821364851, "colsample_bytree": 0.8997483059549201, "lam": 0.9030036077767162, "max_depth": 9.0, "min_child_weight": 9.0, "subsample": 0.834634520814004}, "datetime": {"datetime": "2020-04-24 22:37:42", "elapsed": 1316.867122, "delta": 1.743764}}
