{"target": 0.6484144, "params": {"max_depth": 4.770175772736844, "min_child_weight": 3.058489108164321}, "datetime": {"datetime": "2020-04-26 11:38:47", "elapsed": 0.0, "delta": 0.0}}
{"target": 0.6300454, "params": {"max_depth": 8.9659211342755, "min_child_weight": 6.529172717634301}, "datetime": {"datetime": "2020-04-26 11:38:48", "elapsed": 1.252141, "delta": 1.252141}}
{"target": 0.6304178, "params": {"max_depth": 4.8055217091211055, "min_child_weight": 7.374002440372473}, "datetime": {"datetime": "2020-04-26 11:38:49", "elapsed": 2.042304, "delta": 0.790163}}
{"target": 0.6017268, "params": {"max_depth": 3.413986188107356, "min_child_weight": 2.9620592044896465}, "datetime": {"datetime": "2020-04-26 11:38:50", "elapsed": 2.759949, "delta": 0.717645}}
{"target": 0.636115, "params": {"max_depth": 9.17080642073713, "min_child_weight": 8.32703338316401}, "datetime": {"datetime": "2020-04-26 11:38:51", "elapsed": 3.978941, "delta": 1.218992}}
{"target": 0.6064664000000001, "params": {"max_depth": 7.793685662292648, "min_child_weight": 1.1561598615638793}, "datetime": {"datetime": "2020-04-26 11:38:52", "elapsed": 5.185012, "delta": 1.206071}}
{"target": 0.6344196, "params": {"max_depth": 4.593708838942131, "min_child_weight": 4.293645407260395}, "datetime": {"datetime": "2020-04-26 11:38:53", "elapsed": 5.999241, "delta": 0.814229}}
{"target": 0.6433128, "params": {"max_depth": 6.9925252193806555, "min_child_weight": 8.88350324573322}, "datetime": {"datetime": "2020-04-26 11:38:54", "elapsed": 6.928911, "delta": 0.92967}}
{"target": 0.625424, "params": {"max_depth": 4.076686256296332, "min_child_weight": 6.273704351238385}, "datetime": {"datetime": "2020-04-26 11:38:55", "elapsed": 7.692534, "delta": 0.763623}}
{"target": 0.6215295999999999, "params": {"max_depth": 4.332500013485285, "min_child_weight": 7.841244128252512}, "datetime": {"datetime": "2020-04-26 11:38:55", "elapsed": 8.454771, "delta": 0.762237}}
{"target": 0.6373406000000001, "params": {"max_depth": 9.920373984218223, "min_child_weight": 9.967193419746241}, "datetime": {"datetime": "2020-04-26 11:38:57", "elapsed": 10.049352, "delta": 1.594581}}
{"target": 0.6393867999999999, "params": {"max_depth": 4.902661577062842, "min_child_weight": 1.0000000000099571}, "datetime": {"datetime": "2020-04-26 11:38:58", "elapsed": 11.059006, "delta": 1.009654}}
{"target": 0.6303097999999999, "params": {"max_depth": 6.746677669811671, "min_child_weight": 3.519921743153967}, "datetime": {"datetime": "2020-04-26 11:38:59", "elapsed": 12.220788, "delta": 1.161782}}
{"target": 0.601726, "params": {"max_depth": 3.0467495202405104, "min_child_weight": 9.972071924341984}, "datetime": {"datetime": "2020-04-26 11:39:00", "elapsed": 13.230068, "delta": 1.00928}}
{"target": 0.6363366, "params": {"max_depth": 6.1632392954654245, "min_child_weight": 9.993195043906633}, "datetime": {"datetime": "2020-04-26 11:39:01", "elapsed": 14.308879, "delta": 1.078811}}
{"target": 0.6419294, "params": {"max_depth": 8.294293752229386, "min_child_weight": 9.994330595203875}, "datetime": {"datetime": "2020-04-26 11:39:02", "elapsed": 15.607558, "delta": 1.298679}}
{"target": 0.6318164, "params": {"max_depth": 5.710968190807048, "min_child_weight": 1.9714736030324518}, "datetime": {"datetime": "2020-04-26 11:39:04", "elapsed": 16.715913, "delta": 1.108355}}
{"target": 0.5938036, "params": {"max_depth": 9.962695002722002, "min_child_weight": 1.03849886564914}, "datetime": {"datetime": "2020-04-26 11:39:06", "elapsed": 19.033389, "delta": 2.317476}}
{"target": 0.6099646, "params": {"max_depth": 9.992375176561108, "min_child_weight": 4.341550300917872}, "datetime": {"datetime": "2020-04-26 11:39:08", "elapsed": 20.976124, "delta": 1.942735}}
{"target": 0.6358254000000001, "params": {"max_depth": 6.706529490360736, "min_child_weight": 6.160843053395683}, "datetime": {"datetime": "2020-04-26 11:39:09", "elapsed": 22.174405, "delta": 1.198281}}
{"target": 0.5992012, "params": {"max_depth": 3.4691608395292173, "min_child_weight": 1.0120002452833963}, "datetime": {"datetime": "2020-04-26 11:39:10", "elapsed": 23.230078, "delta": 1.055673}}
{"target": 0.631118, "params": {"max_depth": 9.99720257737133, "min_child_weight": 7.347661713078536}, "datetime": {"datetime": "2020-04-26 11:39:12", "elapsed": 25.131096, "delta": 1.901018}}
{"target": 0.6484144, "params": {"max_depth": 5.363936953206798, "min_child_weight": 3.470519540678641}, "datetime": {"datetime": "2020-04-26 11:39:13", "elapsed": 26.346046, "delta": 1.21495}}
{"target": 0.637198, "params": {"max_depth": 7.335418138817214, "min_child_weight": 7.750904112733789}, "datetime": {"datetime": "2020-04-26 11:39:15", "elapsed": 27.764821, "delta": 1.418775}}
{"target": 0.6484144, "params": {"max_depth": 5.09174515285598, "min_child_weight": 3.09405269482709}, "datetime": {"datetime": "2020-04-26 11:39:16", "elapsed": 28.951922, "delta": 1.187101}}
{"target": 0.6238319999999999, "params": {"max_depth": 5.808100881357056, "min_child_weight": 4.5034091684227615}, "datetime": {"datetime": "2020-04-26 11:39:17", "elapsed": 30.366833, "delta": 1.414911}}
{"target": 0.639735, "params": {"max_depth": 7.330711686961041, "min_child_weight": 9.970558372989807}, "datetime": {"datetime": "2020-04-26 11:39:19", "elapsed": 31.773067, "delta": 1.406234}}
{"target": 0.6356678, "params": {"max_depth": 6.0792278455306645, "min_child_weight": 8.302339218507992}, "datetime": {"datetime": "2020-04-26 11:39:20", "elapsed": 33.047238, "delta": 1.274171}}
{"target": 0.6434684, "params": {"max_depth": 9.99595505976277, "min_child_weight": 9.03875829211015}, "datetime": {"datetime": "2020-04-26 11:39:22", "elapsed": 34.831254, "delta": 1.784016}}
{"target": 0.6393713999999999, "params": {"max_depth": 8.130711889383216, "min_child_weight": 9.250579087145432}, "datetime": {"datetime": "2020-04-26 11:39:23", "elapsed": 36.265941, "delta": 1.434687}}
{"target": 0.6253022, "params": {"max_depth": 8.149437605526314, "min_child_weight": 4.9404686450160575}, "datetime": {"datetime": "2020-04-26 11:39:25", "elapsed": 37.837917, "delta": 1.571976}}
{"target": 0.6484144, "params": {"max_depth": 4.92484141437662, "min_child_weight": 3.3322671221507076}, "datetime": {"datetime": "2020-04-26 11:39:26", "elapsed": 39.173344, "delta": 1.335427}}
{"target": 0.6484144, "params": {"max_depth": 5.219566592005409, "min_child_weight": 3.0816295370474087}, "datetime": {"datetime": "2020-04-26 11:39:27", "elapsed": 40.420194, "delta": 1.24685}}
{"target": 0.6484144, "params": {"max_depth": 5.082160230630764, "min_child_weight": 3.3105165637370377}, "datetime": {"datetime": "2020-04-26 11:39:29", "elapsed": 41.741436, "delta": 1.321242}}
{"target": 0.6484144, "params": {"max_depth": 5.016243023918325, "min_child_weight": 2.9617210849014795}, "datetime": {"datetime": "2020-04-26 11:39:30", "elapsed": 43.041987, "delta": 1.300551}}
{"target": 0.6484144, "params": {"max_depth": 4.991958084290468, "min_child_weight": 3.2896832250291608}, "datetime": {"datetime": "2020-04-26 11:39:31", "elapsed": 44.374749, "delta": 1.332762}}
{"target": 0.6484144, "params": {"max_depth": 5.245202028993172, "min_child_weight": 3.0903271855208803}, "datetime": {"datetime": "2020-04-26 11:39:33", "elapsed": 45.659248, "delta": 1.284499}}
{"target": 0.6484144, "params": {"max_depth": 5.059504431014346, "min_child_weight": 3.2599034689549353}, "datetime": {"datetime": "2020-04-26 11:39:34", "elapsed": 46.827066, "delta": 1.167818}}
{"target": 0.6484144, "params": {"max_depth": 5.140630904683263, "min_child_weight": 3.175215630246349}, "datetime": {"datetime": "2020-04-26 11:39:35", "elapsed": 48.071843, "delta": 1.244777}}
{"target": 0.6484144, "params": {"max_depth": 4.941844223447497, "min_child_weight": 2.864960863473908}, "datetime": {"datetime": "2020-04-26 11:39:36", "elapsed": 49.458162, "delta": 1.386319}}
{"target": 0.6484144, "params": {"max_depth": 4.948877796686128, "min_child_weight": 3.1526949961415425}, "datetime": {"datetime": "2020-04-26 11:39:38", "elapsed": 50.837742, "delta": 1.37958}}
{"target": 0.6484144, "params": {"max_depth": 5.133330737271001, "min_child_weight": 3.106678858900646}, "datetime": {"datetime": "2020-04-26 11:39:39", "elapsed": 52.19129, "delta": 1.353548}}
{"target": 0.6484144, "params": {"max_depth": 5.044593300896207, "min_child_weight": 3.240797881199838}, "datetime": {"datetime": "2020-04-26 11:39:40", "elapsed": 53.610507, "delta": 1.419217}}
{"target": 0.6484144, "params": {"max_depth": 5.133630758648392, "min_child_weight": 3.147709850912659}, "datetime": {"datetime": "2020-04-26 11:39:42", "elapsed": 55.071284, "delta": 1.460777}}
{"target": 0.6484144, "params": {"max_depth": 4.985486534634997, "min_child_weight": 3.1457255748058275}, "datetime": {"datetime": "2020-04-26 11:39:43", "elapsed": 56.4137, "delta": 1.342416}}
{"target": 0.6484144, "params": {"max_depth": 5.171399299274667, "min_child_weight": 3.1377341084508883}, "datetime": {"datetime": "2020-04-26 11:39:45", "elapsed": 57.785094, "delta": 1.371394}}
{"target": 0.6484144, "params": {"max_depth": 4.939197755829165, "min_child_weight": 2.9901337393040506}, "datetime": {"datetime": "2020-04-26 11:39:46", "elapsed": 59.247797, "delta": 1.462703}}
{"target": 0.6484144, "params": {"max_depth": 4.9591186520325, "min_child_weight": 3.2342961042888985}, "datetime": {"datetime": "2020-04-26 11:39:47", "elapsed": 60.60832, "delta": 1.360523}}
{"target": 0.6461694000000001, "params": {"max_depth": 9.300980011536916, "min_child_weight": 9.488966664908057}, "datetime": {"datetime": "2020-04-26 11:39:49", "elapsed": 62.469839, "delta": 1.861519}}
{"target": 0.6484144, "params": {"max_depth": 5.104633787128497, "min_child_weight": 3.189847772925148}, "datetime": {"datetime": "2020-04-26 11:39:51", "elapsed": 63.776949, "delta": 1.30711}}
{"target": 0.6484144, "params": {"max_depth": 4.9646206154970685, "min_child_weight": 2.9373440340745574}, "datetime": {"datetime": "2020-04-26 11:39:52", "elapsed": 65.087449, "delta": 1.3105}}
{"target": 0.6484144, "params": {"max_depth": 4.995939181063628, "min_child_weight": 3.246693408326647}, "datetime": {"datetime": "2020-04-26 11:39:53", "elapsed": 66.51129, "delta": 1.423841}}
{"target": 0.6484144, "params": {"max_depth": 5.158711524968729, "min_child_weight": 3.0701676671518925}, "datetime": {"datetime": "2020-04-26 11:39:55", "elapsed": 67.886591, "delta": 1.375301}}
{"target": 0.6484144, "params": {"max_depth": 4.992043373545085, "min_child_weight": 3.2294209842242423}, "datetime": {"datetime": "2020-04-26 11:39:56", "elapsed": 69.268566, "delta": 1.381975}}
{"target": 0.6484144, "params": {"max_depth": 5.16304718555803, "min_child_weight": 3.138108581907453}, "datetime": {"datetime": "2020-04-26 11:39:57", "elapsed": 70.589432, "delta": 1.320866}}
{"target": 0.6484144, "params": {"max_depth": 5.001446717114366, "min_child_weight": 3.191015120398003}, "datetime": {"datetime": "2020-04-26 11:39:59", "elapsed": 71.931726, "delta": 1.342294}}
{"target": 0.6484144, "params": {"max_depth": 4.983266435247991, "min_child_weight": 2.9483958379741217}, "datetime": {"datetime": "2020-04-26 11:40:00", "elapsed": 73.396319, "delta": 1.464593}}
{"target": 0.6484144, "params": {"max_depth": 5.183112517842258, "min_child_weight": 3.156418154451888}, "datetime": {"datetime": "2020-04-26 11:40:02", "elapsed": 74.810284, "delta": 1.413965}}
{"target": 0.6484144, "params": {"max_depth": 4.9698362737880455, "min_child_weight": 3.13193690202545}, "datetime": {"datetime": "2020-04-26 11:40:03", "elapsed": 76.245061, "delta": 1.434777}}
{"target": 0.6484144, "params": {"max_depth": 5.125666464757508, "min_child_weight": 3.101850064907245}, "datetime": {"datetime": "2020-04-26 11:40:05", "elapsed": 77.629191, "delta": 1.38413}}
{"target": 0.6484144, "params": {"max_depth": 4.91227355366071, "min_child_weight": 3.1706496747200505}, "datetime": {"datetime": "2020-04-26 11:40:06", "elapsed": 79.066813, "delta": 1.437622}}
{"target": 0.6484144, "params": {"max_depth": 5.049396487164797, "min_child_weight": 3.0852757762812413}, "datetime": {"datetime": "2020-04-26 11:40:07", "elapsed": 80.557293, "delta": 1.49048}}
{"target": 0.6484144, "params": {"max_depth": 5.085318599363346, "min_child_weight": 3.262227757721945}, "datetime": {"datetime": "2020-04-26 11:40:09", "elapsed": 81.947512, "delta": 1.390219}}
{"target": 0.6340136, "params": {"max_depth": 4.77651941655204, "min_child_weight": 2.4665669730438307}, "datetime": {"datetime": "2020-04-26 11:40:10", "elapsed": 83.403481, "delta": 1.455969}}
{"target": 0.6151066000000001, "params": {"max_depth": 5.858841036745304, "min_child_weight": 1.0086510489187694}, "datetime": {"datetime": "2020-04-26 11:40:12", "elapsed": 84.931289, "delta": 1.527808}}
{"target": 0.6071076, "params": {"max_depth": 8.964201599228645, "min_child_weight": 2.6158416242953475}, "datetime": {"datetime": "2020-04-26 11:40:14", "elapsed": 86.846403, "delta": 1.915114}}
{"target": 0.6030172, "params": {"max_depth": 3.0056088548184694, "min_child_weight": 7.170241563965643}, "datetime": {"datetime": "2020-04-26 11:40:15", "elapsed": 88.123814, "delta": 1.277411}}
{"target": 0.6399627999999999, "params": {"max_depth": 4.7138372379136655, "min_child_weight": 9.992070843648849}, "datetime": {"datetime": "2020-04-26 11:40:16", "elapsed": 89.4512, "delta": 1.327386}}
{"target": 0.6024502, "params": {"max_depth": 3.0091866901787183, "min_child_weight": 5.016871467516199}, "datetime": {"datetime": "2020-04-26 11:40:18", "elapsed": 90.936041, "delta": 1.484841}}
{"target": 0.6411648, "params": {"max_depth": 6.076872552726534, "min_child_weight": 6.948246306214985}, "datetime": {"datetime": "2020-04-26 11:40:19", "elapsed": 92.43582, "delta": 1.499779}}
{"target": 0.6408421999999999, "params": {"max_depth": 5.746267188970231, "min_child_weight": 3.0204344058277974}, "datetime": {"datetime": "2020-04-26 11:40:21", "elapsed": 94.126453, "delta": 1.690633}}
{"target": 0.6366685999999999, "params": {"max_depth": 5.199506947508913, "min_child_weight": 9.404326478804055}, "datetime": {"datetime": "2020-04-26 11:40:22", "elapsed": 95.545357, "delta": 1.418904}}
{"target": 0.6390513999999999, "params": {"max_depth": 9.111795314536083, "min_child_weight": 9.923484069444594}, "datetime": {"datetime": "2020-04-26 11:40:24", "elapsed": 97.455323, "delta": 1.909966}}
{"target": 0.6186006, "params": {"max_depth": 9.997532234361056, "min_child_weight": 5.869038094236129}, "datetime": {"datetime": "2020-04-26 11:40:27", "elapsed": 99.672452, "delta": 2.217129}}
{"target": 0.6484144, "params": {"max_depth": 4.797111054563885, "min_child_weight": 3.357314747343155}, "datetime": {"datetime": "2020-04-26 11:40:28", "elapsed": 101.157659, "delta": 1.485207}}
{"target": 0.6484144, "params": {"max_depth": 4.877842742397559, "min_child_weight": 3.311393383097151}, "datetime": {"datetime": "2020-04-26 11:40:30", "elapsed": 102.652993, "delta": 1.495334}}
{"target": 0.6484144, "params": {"max_depth": 5.009822227532199, "min_child_weight": 3.310126708225701}, "datetime": {"datetime": "2020-04-26 11:40:31", "elapsed": 104.109755, "delta": 1.456762}}
{"target": 0.6484144, "params": {"max_depth": 4.987450944472003, "min_child_weight": 3.283406290142848}, "datetime": {"datetime": "2020-04-26 11:40:33", "elapsed": 105.626825, "delta": 1.51707}}
{"target": 0.6484144, "params": {"max_depth": 4.980427869452614, "min_child_weight": 3.238946086888081}, "datetime": {"datetime": "2020-04-26 11:40:34", "elapsed": 107.186827, "delta": 1.560002}}
{"target": 0.6367276000000001, "params": {"max_depth": 7.51670750048229, "min_child_weight": 6.64930854639559}, "datetime": {"datetime": "2020-04-26 11:40:36", "elapsed": 108.99984, "delta": 1.813013}}
{"target": 0.6484144, "params": {"max_depth": 5.008075179731546, "min_child_weight": 3.2325696623092526}, "datetime": {"datetime": "2020-04-26 11:40:37", "elapsed": 110.437614, "delta": 1.437774}}
{"target": 0.6484144, "params": {"max_depth": 4.913501809716515, "min_child_weight": 3.2593195371113888}, "datetime": {"datetime": "2020-04-26 11:40:39", "elapsed": 111.903288, "delta": 1.465674}}
{"target": 0.6484144, "params": {"max_depth": 4.983653113962878, "min_child_weight": 3.247917490051943}, "datetime": {"datetime": "2020-04-26 11:40:40", "elapsed": 113.358725, "delta": 1.455437}}
{"target": 0.6484144, "params": {"max_depth": 5.093100655052963, "min_child_weight": 3.227058989772117}, "datetime": {"datetime": "2020-04-26 11:40:42", "elapsed": 114.733577, "delta": 1.374852}}
{"target": 0.6484144, "params": {"max_depth": 5.01073123506559, "min_child_weight": 3.160762135541959}, "datetime": {"datetime": "2020-04-26 11:40:43", "elapsed": 116.230664, "delta": 1.497087}}
{"target": 0.6434684, "params": {"max_depth": 9.521068222036712, "min_child_weight": 9.1916030926772}, "datetime": {"datetime": "2020-04-26 11:40:45", "elapsed": 118.32616, "delta": 2.095496}}
{"target": 0.6484144, "params": {"max_depth": 5.020772096504174, "min_child_weight": 3.269843872319799}, "datetime": {"datetime": "2020-04-26 11:40:47", "elapsed": 119.846859, "delta": 1.520699}}
{"target": 0.6484144, "params": {"max_depth": 4.955588284609213, "min_child_weight": 3.1816210198833117}, "datetime": {"datetime": "2020-04-26 11:40:48", "elapsed": 121.385294, "delta": 1.538435}}
{"target": 0.6484144, "params": {"max_depth": 5.020212196118234, "min_child_weight": 3.2466663094124177}, "datetime": {"datetime": "2020-04-26 11:40:50", "elapsed": 123.068048, "delta": 1.682754}}
{"target": 0.6484144, "params": {"max_depth": 5.054710859543208, "min_child_weight": 3.204417971582744}, "datetime": {"datetime": "2020-04-26 11:40:52", "elapsed": 124.627064, "delta": 1.559016}}
{"target": 0.6484144, "params": {"max_depth": 5.044121639004718, "min_child_weight": 3.192447989902653}, "datetime": {"datetime": "2020-04-26 11:40:53", "elapsed": 126.098426, "delta": 1.471362}}
{"target": 0.6484144, "params": {"max_depth": 4.907581901496676, "min_child_weight": 3.204635845531882}, "datetime": {"datetime": "2020-04-26 11:40:55", "elapsed": 127.637063, "delta": 1.538637}}
{"target": 0.6484144, "params": {"max_depth": 5.011075864149566, "min_child_weight": 3.2330317451558455}, "datetime": {"datetime": "2020-04-26 11:40:56", "elapsed": 129.159035, "delta": 1.521972}}
{"target": 0.6484144, "params": {"max_depth": 5.050820989527873, "min_child_weight": 3.1477505166199107}, "datetime": {"datetime": "2020-04-26 11:40:58", "elapsed": 130.738366, "delta": 1.579331}}
{"target": 0.6484144, "params": {"max_depth": 5.016384665807115, "min_child_weight": 3.1644035782214797}, "datetime": {"datetime": "2020-04-26 11:40:59", "elapsed": 132.335919, "delta": 1.597553}}
{"target": 0.6484144, "params": {"max_depth": 4.9216191508347595, "min_child_weight": 3.2178054277899086}, "datetime": {"datetime": "2020-04-26 11:41:01", "elapsed": 133.791942, "delta": 1.456023}}
{"target": 0.6484144, "params": {"max_depth": 5.0801167939925325, "min_child_weight": 3.252906974477863}, "datetime": {"datetime": "2020-04-26 11:41:02", "elapsed": 135.600427, "delta": 1.808485}}
{"target": 0.6484144, "params": {"max_depth": 5.021867872556754, "min_child_weight": 3.149401349080067}, "datetime": {"datetime": "2020-04-26 11:41:04", "elapsed": 137.328598, "delta": 1.728171}}
{"target": 0.6484144, "params": {"max_depth": 5.101998497593458, "min_child_weight": 3.206504078007891}, "datetime": {"datetime": "2020-04-26 11:41:06", "elapsed": 139.116929, "delta": 1.788331}}
{"target": 0.6484144, "params": {"max_depth": 4.981107249156873, "min_child_weight": 3.2098783859384294}, "datetime": {"datetime": "2020-04-26 11:41:08", "elapsed": 140.942679, "delta": 1.82575}}
{"target": 0.6484144, "params": {"max_depth": 5.035873024979171, "min_child_weight": 3.1193193629788034}, "datetime": {"datetime": "2020-04-26 11:41:10", "elapsed": 142.915655, "delta": 1.972976}}
{"target": 0.6484144, "params": {"max_depth": 4.855984827113522, "min_child_weight": 3.2650991479960965}, "datetime": {"datetime": "2020-04-26 11:41:12", "elapsed": 144.707467, "delta": 1.791812}}
{"target": 0.6484144, "params": {"max_depth": 5.076251553309474, "min_child_weight": 3.2573013878282673}, "datetime": {"datetime": "2020-04-26 11:41:13", "elapsed": 146.411575, "delta": 1.704108}}
{"target": 0.6484144, "params": {"max_depth": 5.086181517574083, "min_child_weight": 3.1344308239062943}, "datetime": {"datetime": "2020-04-26 11:41:15", "elapsed": 148.338991, "delta": 1.927416}}
{"target": 0.6484144, "params": {"max_depth": 4.9727362052285855, "min_child_weight": 3.1887631268572947}, "datetime": {"datetime": "2020-04-26 11:41:17", "elapsed": 150.331351, "delta": 1.99236}}
{"target": 0.6484144, "params": {"max_depth": 5.097450197883454, "min_child_weight": 3.243658648763293}, "datetime": {"datetime": "2020-04-26 11:41:19", "elapsed": 152.089804, "delta": 1.758453}}
{"target": 0.6484144, "params": {"max_depth": 4.910433823299983, "min_child_weight": 3.2359248053186356}, "datetime": {"datetime": "2020-04-26 11:41:21", "elapsed": 153.850997, "delta": 1.761193}}
{"target": 0.6484144, "params": {"max_depth": 4.963521333061072, "min_child_weight": 3.313021612538562}, "datetime": {"datetime": "2020-04-26 11:41:23", "elapsed": 155.740601, "delta": 1.889604}}
{"target": 0.6484144, "params": {"max_depth": 5.1374109199886675, "min_child_weight": 3.2443341379889303}, "datetime": {"datetime": "2020-04-26 11:41:24", "elapsed": 157.451909, "delta": 1.711308}}
{"target": 0.6484144, "params": {"max_depth": 5.07254132747669, "min_child_weight": 3.1341372787732382}, "datetime": {"datetime": "2020-04-26 11:41:26", "elapsed": 159.28309, "delta": 1.831181}}
{"target": 0.6484144, "params": {"max_depth": 4.901361314769003, "min_child_weight": 3.2523138918576273}, "datetime": {"datetime": "2020-04-26 11:41:28", "elapsed": 160.935501, "delta": 1.652411}}
