{"target": 0.6322344, "params": {"alpha": 0.2591573438171202, "colsample_bytree": 0.6220443927511977, "lam": 0.9999561852223213, "max_depth": 5.0, "min_child_weight": 3.0, "subsample": 0.9}, "datetime": {"datetime": "2020-04-24 21:34:08", "elapsed": 995.739158, "delta": 1.056216}}
{"target": 0.6256238000000002, "params": {"alpha": 0.2591573438171202, "colsample_bytree": 0.9, "lam": 0.9999561852223213, "max_depth": 5.0, "min_child_weight": 3.0, "subsample": 0.5927322031711604}, "datetime": {"datetime": "2020-04-24 21:34:09", "elapsed": 996.965498, "delta": 1.22634}}
{"target": 0.6182962, "params": {"alpha": 0.2591573438171202, "colsample_bytree": 0.6712969968879371, "lam": 0.9999561852223213, "max_depth": 5.0, "min_child_weight": 3.0, "subsample": 0.6863953760885877}, "datetime": {"datetime": "2020-04-24 21:34:11", "elapsed": 998.173759, "delta": 1.208261}}
{"target": 0.6027518, "params": {"alpha": 0.2591573438171202, "colsample_bytree": 0.5769337838757629, "lam": 0.9999561852223213, "max_depth": 5.0, "min_child_weight": 3.0, "subsample": 0.5000609324323351}, "datetime": {"datetime": "2020-04-24 21:34:12", "elapsed": 999.376383, "delta": 1.202624}}
{"target": 0.6138709999999999, "params": {"alpha": 0.2591573438171202, "colsample_bytree": 0.6901969701881034, "lam": 0.9999561852223213, "max_depth": 5.0, "min_child_weight": 3.0, "subsample": 0.5}, "datetime": {"datetime": "2020-04-24 21:34:13", "elapsed": 1000.575198, "delta": 1.198815}}
{"target": 0.6424237999999999, "params": {"alpha": 0.2591573438171202, "colsample_bytree": 0.7585480138336429, "lam": 0.9999561852223213, "max_depth": 5.0, "min_child_weight": 3.0, "subsample": 0.8188678321953811}, "datetime": {"datetime": "2020-04-24 21:34:14", "elapsed": 1001.73958, "delta": 1.164382}}
{"target": 0.6068744, "params": {"alpha": 0.2591573438171202, "colsample_bytree": 0.8397341223096901, "lam": 0.9999561852223213, "max_depth": 5.0, "min_child_weight": 3.0, "subsample": 0.5458722930390209}, "datetime": {"datetime": "2020-04-24 21:34:15", "elapsed": 1002.852252, "delta": 1.112672}}
{"target": 0.6272206, "params": {"alpha": 0.2591573438171202, "colsample_bytree": 0.7155815836506009, "lam": 0.9999561852223213, "max_depth": 5.0, "min_child_weight": 3.0, "subsample": 0.5744590400474892}, "datetime": {"datetime": "2020-04-24 21:34:16", "elapsed": 1004.109249, "delta": 1.256997}}
{"target": 0.6161448, "params": {"alpha": 0.2591573438171202, "colsample_bytree": 0.5603289643102782, "lam": 0.9999561852223213, "max_depth": 5.0, "min_child_weight": 3.0, "subsample": 0.8412534711844487}, "datetime": {"datetime": "2020-04-24 21:34:18", "elapsed": 1005.247001, "delta": 1.137752}}
{"target": 0.588434, "params": {"alpha": 0.2591573438171202, "colsample_bytree": 0.5646722479607937, "lam": 0.9999561852223213, "max_depth": 5.0, "min_child_weight": 3.0, "subsample": 0.5751167019718006}, "datetime": {"datetime": "2020-04-24 21:34:19", "elapsed": 1006.479235, "delta": 1.232234}}
{"target": 0.6204328, "params": {"alpha": 0.2591573438171202, "colsample_bytree": 0.8999024438109242, "lam": 0.9999561852223213, "max_depth": 5.0, "min_child_weight": 3.0, "subsample": 0.6739239764533383}, "datetime": {"datetime": "2020-04-24 21:34:20", "elapsed": 1007.699023, "delta": 1.219788}}
{"target": 0.64161, "params": {"alpha": 0.2591573438171202, "colsample_bytree": 0.6905417831011793, "lam": 0.9999561852223213, "max_depth": 5.0, "min_child_weight": 3.0, "subsample": 0.7868379204020733}, "datetime": {"datetime": "2020-04-24 21:34:21", "elapsed": 1008.991303, "delta": 1.29228}}
{"target": 0.5972966, "params": {"alpha": 0.2591573438171202, "colsample_bytree": 0.5, "lam": 0.9999561852223213, "max_depth": 5.0, "min_child_weight": 3.0, "subsample": 0.8639164134858722}, "datetime": {"datetime": "2020-04-24 21:34:23", "elapsed": 1010.284509, "delta": 1.293206}}
{"target": 0.640238, "params": {"alpha": 0.2591573438171202, "colsample_bytree": 0.8242882365241828, "lam": 0.9999561852223213, "max_depth": 5.0, "min_child_weight": 3.0, "subsample": 0.7763414392136481}, "datetime": {"datetime": "2020-04-24 21:34:24", "elapsed": 1011.602392, "delta": 1.317883}}
{"target": 0.6302472, "params": {"alpha": 0.2591573438171202, "colsample_bytree": 0.6621791090440947, "lam": 0.9999561852223213, "max_depth": 5.0, "min_child_weight": 3.0, "subsample": 0.8452244395477682}, "datetime": {"datetime": "2020-04-24 21:34:25", "elapsed": 1012.848479, "delta": 1.246087}}
{"target": 0.6100268, "params": {"alpha": 0.2591573438171202, "colsample_bytree": 0.6569192549609254, "lam": 0.9999561852223213, "max_depth": 5.0, "min_child_weight": 3.0, "subsample": 0.6125642254568889}, "datetime": {"datetime": "2020-04-24 21:34:27", "elapsed": 1014.331582, "delta": 1.483103}}
{"target": 0.6119943999999999, "params": {"alpha": 0.2591573438171202, "colsample_bytree": 0.572542792985961, "lam": 0.9999561852223213, "max_depth": 5.0, "min_child_weight": 3.0, "subsample": 0.7495819920863678}, "datetime": {"datetime": "2020-04-24 21:34:28", "elapsed": 1015.852876, "delta": 1.521294}}
{"target": 0.6231472, "params": {"alpha": 0.2591573438171202, "colsample_bytree": 0.8435410057340421, "lam": 0.9999561852223213, "max_depth": 5.0, "min_child_weight": 3.0, "subsample": 0.5}, "datetime": {"datetime": "2020-04-24 21:34:30", "elapsed": 1017.569486, "delta": 1.71661}}
{"target": 0.6270224, "params": {"alpha": 0.2591573438171202, "colsample_bytree": 0.6496761197437165, "lam": 0.9999561852223213, "max_depth": 5.0, "min_child_weight": 3.0, "subsample": 0.7472313484725762}, "datetime": {"datetime": "2020-04-24 21:34:31", "elapsed": 1019.067483, "delta": 1.497997}}
{"target": 0.6354318, "params": {"alpha": 0.2591573438171202, "colsample_bytree": 0.6739203758862171, "lam": 0.9999561852223213, "max_depth": 5.0, "min_child_weight": 3.0, "subsample": 0.8985123052864639}, "datetime": {"datetime": "2020-04-24 21:34:33", "elapsed": 1020.294759, "delta": 1.227276}}
{"target": 0.6444764000000001, "params": {"alpha": 0.2591573438171202, "colsample_bytree": 0.8043287384941582, "lam": 0.9999561852223213, "max_depth": 5.0, "min_child_weight": 3.0, "subsample": 0.8241689042484626}, "datetime": {"datetime": "2020-04-24 21:34:34", "elapsed": 1021.813884, "delta": 1.519125}}
{"target": 0.6245268, "params": {"alpha": 0.2591573438171202, "colsample_bytree": 0.837364324288334, "lam": 0.9999561852223213, "max_depth": 5.0, "min_child_weight": 3.0, "subsample": 0.720331336534519}, "datetime": {"datetime": "2020-04-24 21:34:36", "elapsed": 1023.299772, "delta": 1.485888}}
{"target": 0.6330449999999999, "params": {"alpha": 0.2591573438171202, "colsample_bytree": 0.8594598617613822, "lam": 0.9999561852223213, "max_depth": 5.0, "min_child_weight": 3.0, "subsample": 0.8033075485133592}, "datetime": {"datetime": "2020-04-24 21:34:37", "elapsed": 1025.055002, "delta": 1.75523}}
{"target": 0.637648, "params": {"alpha": 0.2591573438171202, "colsample_bytree": 0.8303584481347677, "lam": 0.9999561852223213, "max_depth": 5.0, "min_child_weight": 3.0, "subsample": 0.8997219927514357}, "datetime": {"datetime": "2020-04-24 21:34:39", "elapsed": 1026.45301, "delta": 1.398008}}
{"target": 0.6436062, "params": {"alpha": 0.2591573438171202, "colsample_bytree": 0.7721960274243698, "lam": 0.9999561852223213, "max_depth": 5.0, "min_child_weight": 3.0, "subsample": 0.7868999340566815}, "datetime": {"datetime": "2020-04-24 21:34:40", "elapsed": 1028.091201, "delta": 1.638191}}
{"target": 0.6238788000000001, "params": {"alpha": 0.2591573438171202, "colsample_bytree": 0.7119130464537308, "lam": 0.9999561852223213, "max_depth": 5.0, "min_child_weight": 3.0, "subsample": 0.7463791194240645}, "datetime": {"datetime": "2020-04-24 21:34:42", "elapsed": 1029.829296, "delta": 1.738095}}
{"target": 0.6374552, "params": {"alpha": 0.2591573438171202, "colsample_bytree": 0.7128288436729846, "lam": 0.9999561852223213, "max_depth": 5.0, "min_child_weight": 3.0, "subsample": 0.8201759752685578}, "datetime": {"datetime": "2020-04-24 21:34:44", "elapsed": 1031.73187, "delta": 1.902574}}
{"target": 0.6101726000000001, "params": {"alpha": 0.2591573438171202, "colsample_bytree": 0.8994545494335539, "lam": 0.9999561852223213, "max_depth": 5.0, "min_child_weight": 3.0, "subsample": 0.5403086151222116}, "datetime": {"datetime": "2020-04-24 21:34:45", "elapsed": 1033.010827, "delta": 1.278957}}
{"target": 0.6402592, "params": {"alpha": 0.2591573438171202, "colsample_bytree": 0.7977892253736665, "lam": 0.9999561852223213, "max_depth": 5.0, "min_child_weight": 3.0, "subsample": 0.7967801039838007}, "datetime": {"datetime": "2020-04-24 21:34:47", "elapsed": 1034.705628, "delta": 1.694801}}
{"target": 0.6268176, "params": {"alpha": 0.2591573438171202, "colsample_bytree": 0.7964668914913086, "lam": 0.9999561852223213, "max_depth": 5.0, "min_child_weight": 3.0, "subsample": 0.8649459962992638}, "datetime": {"datetime": "2020-04-24 21:34:49", "elapsed": 1036.315322, "delta": 1.609694}}
{"target": 0.5901495999999999, "params": {"alpha": 0.2591573438171202, "colsample_bytree": 0.5, "lam": 0.9999561852223213, "max_depth": 5.0, "min_child_weight": 3.0, "subsample": 0.7024732342564795}, "datetime": {"datetime": "2020-04-24 21:34:50", "elapsed": 1037.776473, "delta": 1.461151}}
{"target": 0.6174698, "params": {"alpha": 0.2591573438171202, "colsample_bytree": 0.7706347037540436, "lam": 0.9999561852223213, "max_depth": 5.0, "min_child_weight": 3.0, "subsample": 0.5737091679811113}, "datetime": {"datetime": "2020-04-24 21:34:52", "elapsed": 1039.278515, "delta": 1.502042}}
{"target": 0.6335284, "params": {"alpha": 0.2591573438171202, "colsample_bytree": 0.7376971877152385, "lam": 0.9999561852223213, "max_depth": 5.0, "min_child_weight": 3.0, "subsample": 0.7895232827100707}, "datetime": {"datetime": "2020-04-24 21:34:53", "elapsed": 1040.952715, "delta": 1.6742}}
{"target": 0.6283065999999999, "params": {"alpha": 0.2591573438171202, "colsample_bytree": 0.7122206772771824, "lam": 0.9999561852223213, "max_depth": 5.0, "min_child_weight": 3.0, "subsample": 0.6361554108157567}, "datetime": {"datetime": "2020-04-24 21:34:55", "elapsed": 1042.261733, "delta": 1.309018}}
{"target": 0.6365358, "params": {"alpha": 0.2591573438171202, "colsample_bytree": 0.6636778455902106, "lam": 0.9999561852223213, "max_depth": 5.0, "min_child_weight": 3.0, "subsample": 0.8019479842560409}, "datetime": {"datetime": "2020-04-24 21:34:56", "elapsed": 1043.732313, "delta": 1.47058}}
{"target": 0.6456744, "params": {"alpha": 0.2591573438171202, "colsample_bytree": 0.8890093156279341, "lam": 0.9999561852223213, "max_depth": 5.0, "min_child_weight": 3.0, "subsample": 0.8317687826355773}, "datetime": {"datetime": "2020-04-24 21:34:58", "elapsed": 1045.533115, "delta": 1.800802}}
{"target": 0.6360462, "params": {"alpha": 0.2591573438171202, "colsample_bytree": 0.8998669952211933, "lam": 0.9999561852223213, "max_depth": 5.0, "min_child_weight": 3.0, "subsample": 0.8311761633905488}, "datetime": {"datetime": "2020-04-24 21:34:59", "elapsed": 1046.990088, "delta": 1.456973}}
{"target": 0.6324686, "params": {"alpha": 0.2591573438171202, "colsample_bytree": 0.8641071828446459, "lam": 0.9999561852223213, "max_depth": 5.0, "min_child_weight": 3.0, "subsample": 0.8998695334696234}, "datetime": {"datetime": "2020-04-24 21:35:01", "elapsed": 1048.980049, "delta": 1.989961}}
{"target": 0.6312692, "params": {"alpha": 0.2591573438171202, "colsample_bytree": 0.7801016357492238, "lam": 0.9999561852223213, "max_depth": 5.0, "min_child_weight": 3.0, "subsample": 0.8155770795314264}, "datetime": {"datetime": "2020-04-24 21:35:03", "elapsed": 1050.660105, "delta": 1.680056}}
{"target": 0.6412720000000001, "params": {"alpha": 0.2591573438171202, "colsample_bytree": 0.8278954781720012, "lam": 0.9999561852223213, "max_depth": 5.0, "min_child_weight": 3.0, "subsample": 0.8325901365922485}, "datetime": {"datetime": "2020-04-24 21:35:04", "elapsed": 1052.07033, "delta": 1.410225}}
{"target": 0.6310946000000001, "params": {"alpha": 0.2591573438171202, "colsample_bytree": 0.7419979298205812, "lam": 0.9999561852223213, "max_depth": 5.0, "min_child_weight": 3.0, "subsample": 0.8466380829589324}, "datetime": {"datetime": "2020-04-24 21:35:06", "elapsed": 1053.792805, "delta": 1.722475}}
{"target": 0.6223174, "params": {"alpha": 0.2591573438171202, "colsample_bytree": 0.6088056658151315, "lam": 0.9999561852223213, "max_depth": 5.0, "min_child_weight": 3.0, "subsample": 0.8592254130157982}, "datetime": {"datetime": "2020-04-24 21:35:08", "elapsed": 1055.259524, "delta": 1.466719}}
{"target": 0.6334761999999999, "params": {"alpha": 0.2591573438171202, "colsample_bytree": 0.7953293008819113, "lam": 0.9999561852223213, "max_depth": 5.0, "min_child_weight": 3.0, "subsample": 0.7649199505982498}, "datetime": {"datetime": "2020-04-24 21:35:09", "elapsed": 1057.051817, "delta": 1.792293}}
{"target": 0.6175676, "params": {"alpha": 0.2591573438171202, "colsample_bytree": 0.7282184180379975, "lam": 0.9999561852223213, "max_depth": 5.0, "min_child_weight": 3.0, "subsample": 0.6818498631615532}, "datetime": {"datetime": "2020-04-24 21:35:11", "elapsed": 1058.912216, "delta": 1.860399}}
{"target": 0.593638, "params": {"alpha": 0.2591573438171202, "colsample_bytree": 0.5, "lam": 0.9999561852223213, "max_depth": 5.0, "min_child_weight": 3.0, "subsample": 0.9}, "datetime": {"datetime": "2020-04-24 21:35:13", "elapsed": 1060.397418, "delta": 1.485202}}
{"target": 0.6415879999999999, "params": {"alpha": 0.2591573438171202, "colsample_bytree": 0.7179229320487852, "lam": 0.9999561852223213, "max_depth": 5.0, "min_child_weight": 3.0, "subsample": 0.8997430359190042}, "datetime": {"datetime": "2020-04-24 21:35:15", "elapsed": 1062.221686, "delta": 1.824268}}
{"target": 0.6331756000000001, "params": {"alpha": 0.2591573438171202, "colsample_bytree": 0.8201500451741022, "lam": 0.9999561852223213, "max_depth": 5.0, "min_child_weight": 3.0, "subsample": 0.8104202364142976}, "datetime": {"datetime": "2020-04-24 21:35:16", "elapsed": 1064.109336, "delta": 1.88765}}
{"target": 0.6011504000000001, "params": {"alpha": 0.2591573438171202, "colsample_bytree": 0.7255284126762827, "lam": 0.9999561852223213, "max_depth": 5.0, "min_child_weight": 3.0, "subsample": 0.53196347502193}, "datetime": {"datetime": "2020-04-24 21:35:18", "elapsed": 1065.793315, "delta": 1.683979}}
{"target": 0.6250456000000001, "params": {"alpha": 0.2591573438171202, "colsample_bytree": 0.6409871138251986, "lam": 0.9999561852223213, "max_depth": 5.0, "min_child_weight": 3.0, "subsample": 0.5001277602491871}, "datetime": {"datetime": "2020-04-24 21:35:20", "elapsed": 1067.4138, "delta": 1.620485}}
{"target": 0.6093334, "params": {"alpha": 0.2591573438171202, "colsample_bytree": 0.8564889554107173, "lam": 0.9999561852223213, "max_depth": 5.0, "min_child_weight": 3.0, "subsample": 0.6037482647198107}, "datetime": {"datetime": "2020-04-24 21:35:21", "elapsed": 1069.153723, "delta": 1.739923}}
{"target": 0.6358366000000001, "params": {"alpha": 0.2591573438171202, "colsample_bytree": 0.8547053550040855, "lam": 0.9999561852223213, "max_depth": 5.0, "min_child_weight": 3.0, "subsample": 0.7591260283922157}, "datetime": {"datetime": "2020-04-24 21:35:23", "elapsed": 1070.887785, "delta": 1.734062}}
{"target": 0.6379764000000001, "params": {"alpha": 0.2591573438171202, "colsample_bytree": 0.8407208701606921, "lam": 0.9999561852223213, "max_depth": 5.0, "min_child_weight": 3.0, "subsample": 0.8636453386479654}, "datetime": {"datetime": "2020-04-24 21:35:25", "elapsed": 1072.636965, "delta": 1.74918}}
{"target": 0.625373, "params": {"alpha": 0.2591573438171202, "colsample_bytree": 0.8031518344857884, "lam": 0.9999561852223213, "max_depth": 5.0, "min_child_weight": 3.0, "subsample": 0.5026314271762602}, "datetime": {"datetime": "2020-04-24 21:35:27", "elapsed": 1074.341276, "delta": 1.704311}}
{"target": 0.6102148, "params": {"alpha": 0.2591573438171202, "colsample_bytree": 0.733619887232498, "lam": 0.9999561852223213, "max_depth": 5.0, "min_child_weight": 3.0, "subsample": 0.6044859970340023}, "datetime": {"datetime": "2020-04-24 21:35:28", "elapsed": 1075.948237, "delta": 1.606961}}
{"target": 0.5796287999999999, "params": {"alpha": 0.2591573438171202, "colsample_bytree": 0.5011618075244293, "lam": 0.9999561852223213, "max_depth": 5.0, "min_child_weight": 3.0, "subsample": 0.5547741566085589}, "datetime": {"datetime": "2020-04-24 21:35:30", "elapsed": 1077.536738, "delta": 1.588501}}
{"target": 0.6304025999999999, "params": {"alpha": 0.2591573438171202, "colsample_bytree": 0.8997074102424545, "lam": 0.9999561852223213, "max_depth": 5.0, "min_child_weight": 3.0, "subsample": 0.629871547155759}, "datetime": {"datetime": "2020-04-24 21:35:32", "elapsed": 1079.301507, "delta": 1.764769}}
{"target": 0.6096668, "params": {"alpha": 0.2591573438171202, "colsample_bytree": 0.5815548240856798, "lam": 0.9999561852223213, "max_depth": 5.0, "min_child_weight": 3.0, "subsample": 0.8986426750079934}, "datetime": {"datetime": "2020-04-24 21:35:34", "elapsed": 1081.158877, "delta": 1.85737}}
{"target": 0.6104728, "params": {"alpha": 0.2591573438171202, "colsample_bytree": 0.6803780647992378, "lam": 0.9999561852223213, "max_depth": 5.0, "min_child_weight": 3.0, "subsample": 0.5746690464571949}, "datetime": {"datetime": "2020-04-24 21:35:35", "elapsed": 1082.999159, "delta": 1.840282}}
{"target": 0.6032282, "params": {"alpha": 0.2591573438171202, "colsample_bytree": 0.5558045284192014, "lam": 0.9999561852223213, "max_depth": 5.0, "min_child_weight": 3.0, "subsample": 0.794638134880579}, "datetime": {"datetime": "2020-04-24 21:35:37", "elapsed": 1084.936102, "delta": 1.936943}}
{"target": 0.6227806, "params": {"alpha": 0.2591573438171202, "colsample_bytree": 0.6178018506090048, "lam": 0.9999561852223213, "max_depth": 5.0, "min_child_weight": 3.0, "subsample": 0.7077402026840441}, "datetime": {"datetime": "2020-04-24 21:35:39", "elapsed": 1086.910903, "delta": 1.974801}}
{"target": 0.6454886000000001, "params": {"alpha": 0.2591573438171202, "colsample_bytree": 0.8838089461873339, "lam": 0.9999561852223213, "max_depth": 5.0, "min_child_weight": 3.0, "subsample": 0.8196669048418337}, "datetime": {"datetime": "2020-04-24 21:35:41", "elapsed": 1088.66711, "delta": 1.756207}}
{"target": 0.6289638, "params": {"alpha": 0.2591573438171202, "colsample_bytree": 0.6739202241170975, "lam": 0.9999561852223213, "max_depth": 5.0, "min_child_weight": 3.0, "subsample": 0.7736501252496601}, "datetime": {"datetime": "2020-04-24 21:35:43", "elapsed": 1090.516101, "delta": 1.848991}}
{"target": 0.6227316, "params": {"alpha": 0.2591573438171202, "colsample_bytree": 0.6142487526860848, "lam": 0.9999561852223213, "max_depth": 5.0, "min_child_weight": 3.0, "subsample": 0.7544902220526513}, "datetime": {"datetime": "2020-04-24 21:35:44", "elapsed": 1091.984032, "delta": 1.467931}}
{"target": 0.6279858, "params": {"alpha": 0.2591573438171202, "colsample_bytree": 0.6843041291468118, "lam": 0.9999561852223213, "max_depth": 5.0, "min_child_weight": 3.0, "subsample": 0.8142455237962569}, "datetime": {"datetime": "2020-04-24 21:35:46", "elapsed": 1093.704614, "delta": 1.720582}}
{"target": 0.6165057999999999, "params": {"alpha": 0.2591573438171202, "colsample_bytree": 0.8063246743449849, "lam": 0.9999561852223213, "max_depth": 5.0, "min_child_weight": 3.0, "subsample": 0.6137644893592917}, "datetime": {"datetime": "2020-04-24 21:35:48", "elapsed": 1095.508351, "delta": 1.803737}}
{"target": 0.6271608000000001, "params": {"alpha": 0.2591573438171202, "colsample_bytree": 0.6350823427199564, "lam": 0.9999561852223213, "max_depth": 5.0, "min_child_weight": 3.0, "subsample": 0.8277154499993709}, "datetime": {"datetime": "2020-04-24 21:35:50", "elapsed": 1097.348834, "delta": 1.840483}}
{"target": 0.6357974, "params": {"alpha": 0.2591573438171202, "colsample_bytree": 0.6483529529865615, "lam": 0.9999561852223213, "max_depth": 5.0, "min_child_weight": 3.0, "subsample": 0.8803645354363359}, "datetime": {"datetime": "2020-04-24 21:35:51", "elapsed": 1099.001727, "delta": 1.652893}}
{"target": 0.6344384, "params": {"alpha": 0.2591573438171202, "colsample_bytree": 0.7379955891257591, "lam": 0.9999561852223213, "max_depth": 5.0, "min_child_weight": 3.0, "subsample": 0.8181338449144908}, "datetime": {"datetime": "2020-04-24 21:35:53", "elapsed": 1101.106246, "delta": 2.104519}}
{"target": 0.60903, "params": {"alpha": 0.2591573438171202, "colsample_bytree": 0.6343934400092357, "lam": 0.9999561852223213, "max_depth": 5.0, "min_child_weight": 3.0, "subsample": 0.6606020054317949}, "datetime": {"datetime": "2020-04-24 21:35:55", "elapsed": 1102.729063, "delta": 1.622817}}
{"target": 0.6303911999999999, "params": {"alpha": 0.2591573438171202, "colsample_bytree": 0.7383109612969481, "lam": 0.9999561852223213, "max_depth": 5.0, "min_child_weight": 3.0, "subsample": 0.8999447725995406}, "datetime": {"datetime": "2020-04-24 21:35:57", "elapsed": 1104.454522, "delta": 1.725459}}
{"target": 0.6284276, "params": {"alpha": 0.2591573438171202, "colsample_bytree": 0.7986311460952011, "lam": 0.9999561852223213, "max_depth": 5.0, "min_child_weight": 3.0, "subsample": 0.899265920605176}, "datetime": {"datetime": "2020-04-24 21:35:59", "elapsed": 1106.403327, "delta": 1.948805}}
{"target": 0.6271602, "params": {"alpha": 0.2591573438171202, "colsample_bytree": 0.6797664695170232, "lam": 0.9999561852223213, "max_depth": 5.0, "min_child_weight": 3.0, "subsample": 0.6435694842930105}, "datetime": {"datetime": "2020-04-24 21:36:01", "elapsed": 1108.287908, "delta": 1.884581}}
{"target": 0.6250823999999999, "params": {"alpha": 0.2591573438171202, "colsample_bytree": 0.8703428794593093, "lam": 0.9999561852223213, "max_depth": 5.0, "min_child_weight": 3.0, "subsample": 0.6981144117973882}, "datetime": {"datetime": "2020-04-24 21:36:02", "elapsed": 1110.13908, "delta": 1.851172}}
