{"target": 0.6461694000000001, "params": {"max_depth": 9.160375915788098, "min_child_weight": 9.07936296636851}, "datetime": {"datetime": "2020-04-24 22:18:50", "elapsed": 184.993867, "delta": 2.136735}}
{"target": 0.6461694000000001, "params": {"max_depth": 9.064200839661467, "min_child_weight": 9.052753694242353}, "datetime": {"datetime": "2020-04-24 22:18:52", "elapsed": 187.058304, "delta": 2.064437}}
{"target": 0.6461694000000001, "params": {"max_depth": 9.052407350863987, "min_child_weight": 8.866568812900761}, "datetime": {"datetime": "2020-04-24 22:18:54", "elapsed": 189.32838, "delta": 2.270076}}
{"target": 0.6461694000000001, "params": {"max_depth": 9.132727618424457, "min_child_weight": 8.903144346361216}, "datetime": {"datetime": "2020-04-24 22:18:56", "elapsed": 191.527722, "delta": 2.199342}}
{"target": 0.6461694000000001, "params": {"max_depth": 9.062289615844247, "min_child_weight": 9.104409513023919}, "datetime": {"datetime": "2020-04-24 22:18:59", "elapsed": 193.897049, "delta": 2.369327}}
{"target": 0.6461694000000001, "params": {"max_depth": 9.098877091985269, "min_child_weight": 8.86505286817995}, "datetime": {"datetime": "2020-04-24 22:19:01", "elapsed": 196.19045, "delta": 2.293401}}
{"target": 0.6461694000000001, "params": {"max_depth": 8.995610687829851, "min_child_weight": 9.088221633882277}, "datetime": {"datetime": "2020-04-24 22:19:03", "elapsed": 198.331653, "delta": 2.141203}}
{"target": 0.6461694000000001, "params": {"max_depth": 9.163300679734814, "min_child_weight": 8.90212907381438}, "datetime": {"datetime": "2020-04-24 22:19:06", "elapsed": 200.689495, "delta": 2.357842}}
{"target": 0.6461694000000001, "params": {"max_depth": 9.0398740518809, "min_child_weight": 8.922485675513547}, "datetime": {"datetime": "2020-04-24 22:19:08", "elapsed": 202.878111, "delta": 2.188616}}
{"target": 0.6461694000000001, "params": {"max_depth": 9.063086351272856, "min_child_weight": 9.009761169545074}, "datetime": {"datetime": "2020-04-24 22:19:10", "elapsed": 205.047784, "delta": 2.169673}}
{"target": 0.6461694000000001, "params": {"max_depth": 8.951878453435366, "min_child_weight": 8.942632623287528}, "datetime": {"datetime": "2020-04-24 22:19:12", "elapsed": 207.39219, "delta": 2.344406}}
{"target": 0.6461694000000001, "params": {"max_depth": 9.01594897099541, "min_child_weight": 9.02787836170528}, "datetime": {"datetime": "2020-04-24 22:19:15", "elapsed": 209.635732, "delta": 2.243542}}
{"target": 0.6461694000000001, "params": {"max_depth": 9.2181231553635, "min_child_weight": 9.07268653683543}, "datetime": {"datetime": "2020-04-24 22:19:17", "elapsed": 211.903741, "delta": 2.268009}}
{"target": 0.6461694000000001, "params": {"max_depth": 9.054436222187213, "min_child_weight": 8.872865874798462}, "datetime": {"datetime": "2020-04-24 22:19:19", "elapsed": 214.106208, "delta": 2.202467}}
{"target": 0.6461694000000001, "params": {"max_depth": 9.111740577470517, "min_child_weight": 9.070292382372774}, "datetime": {"datetime": "2020-04-24 22:19:21", "elapsed": 216.439315, "delta": 2.333107}}
{"target": 0.6461694000000001, "params": {"max_depth": 9.004207162462414, "min_child_weight": 8.932891321421359}, "datetime": {"datetime": "2020-04-24 22:19:24", "elapsed": 218.699467, "delta": 2.260152}}
{"target": 0.6461694000000001, "params": {"max_depth": 8.926894288896126, "min_child_weight": 9.087195123083387}, "datetime": {"datetime": "2020-04-24 22:19:26", "elapsed": 220.906479, "delta": 2.207012}}
{"target": 0.6461694000000001, "params": {"max_depth": 9.198861001189991, "min_child_weight": 9.030250736962328}, "datetime": {"datetime": "2020-04-24 22:19:28", "elapsed": 222.93198, "delta": 2.025501}}
{"target": 0.6461694000000001, "params": {"max_depth": 9.052539418556211, "min_child_weight": 9.02390423450429}, "datetime": {"datetime": "2020-04-24 22:19:30", "elapsed": 225.199659, "delta": 2.267679}}
{"target": 0.6461694000000001, "params": {"max_depth": 9.147653068901253, "min_child_weight": 8.895753716160286}, "datetime": {"datetime": "2020-04-24 22:19:32", "elapsed": 227.49886, "delta": 2.299201}}
{"target": 0.6461694000000001, "params": {"max_depth": 9.107405014430817, "min_child_weight": 8.845867259626917}, "datetime": {"datetime": "2020-04-24 22:19:35", "elapsed": 229.903861, "delta": 2.405001}}
{"target": 0.6461694000000001, "params": {"max_depth": 9.191786411099793, "min_child_weight": 9.087533011664302}, "datetime": {"datetime": "2020-04-24 22:19:37", "elapsed": 232.259186, "delta": 2.355325}}
{"target": 0.6461694000000001, "params": {"max_depth": 9.13923270927117, "min_child_weight": 8.966056735278737}, "datetime": {"datetime": "2020-04-24 22:19:39", "elapsed": 234.54785, "delta": 2.288664}}
{"target": 0.6461694000000001, "params": {"max_depth": 9.009701737159418, "min_child_weight": 8.935819821112183}, "datetime": {"datetime": "2020-04-24 22:19:42", "elapsed": 236.776821, "delta": 2.228971}}
{"target": 0.6461694000000001, "params": {"max_depth": 9.041913945827517, "min_child_weight": 9.073426712716119}, "datetime": {"datetime": "2020-04-24 22:19:44", "elapsed": 239.484264, "delta": 2.707443}}
{"target": 0.6461694000000001, "params": {"max_depth": 8.986501614969956, "min_child_weight": 9.03350153924425}, "datetime": {"datetime": "2020-04-24 22:19:47", "elapsed": 241.859891, "delta": 2.375627}}
{"target": 0.6461694000000001, "params": {"max_depth": 9.216173719520741, "min_child_weight": 9.000347693369118}, "datetime": {"datetime": "2020-04-24 22:19:49", "elapsed": 244.254881, "delta": 2.39499}}
{"target": 0.6461694000000001, "params": {"max_depth": 9.132997309599647, "min_child_weight": 8.968695557953033}, "datetime": {"datetime": "2020-04-24 22:19:51", "elapsed": 246.503558, "delta": 2.248677}}
{"target": 0.6461694000000001, "params": {"max_depth": 9.171164219435553, "min_child_weight": 9.055483992688591}, "datetime": {"datetime": "2020-04-24 22:19:54", "elapsed": 248.888785, "delta": 2.385227}}
{"target": 0.6461694000000001, "params": {"max_depth": 9.140168909335243, "min_child_weight": 9.10278365587011}, "datetime": {"datetime": "2020-04-24 22:19:56", "elapsed": 251.250943, "delta": 2.362158}}
{"target": 0.6432156, "params": {"max_depth": 6.4265057991962635, "min_child_weight": 8.815592061954623}, "datetime": {"datetime": "2020-04-24 22:19:58", "elapsed": 253.160332, "delta": 1.909389}}
{"target": 0.6461694000000001, "params": {"max_depth": 9.166369673004679, "min_child_weight": 9.066930219323476}, "datetime": {"datetime": "2020-04-24 22:20:00", "elapsed": 255.53723, "delta": 2.376898}}
{"target": 0.6461694000000001, "params": {"max_depth": 9.11202234916699, "min_child_weight": 9.093187251512882}, "datetime": {"datetime": "2020-04-24 22:20:03", "elapsed": 258.033907, "delta": 2.496677}}
{"target": 0.6461694000000001, "params": {"max_depth": 8.923820815566549, "min_child_weight": 9.088964782846748}, "datetime": {"datetime": "2020-04-24 22:20:05", "elapsed": 260.443361, "delta": 2.409454}}
{"target": 0.6461694000000001, "params": {"max_depth": 8.969501076476803, "min_child_weight": 8.897649260426325}, "datetime": {"datetime": "2020-04-24 22:20:08", "elapsed": 263.001327, "delta": 2.557966}}
{"target": 0.6461694000000001, "params": {"max_depth": 8.998679045654288, "min_child_weight": 9.0792418240377}, "datetime": {"datetime": "2020-04-24 22:20:10", "elapsed": 265.426804, "delta": 2.425477}}
{"target": 0.6461694000000001, "params": {"max_depth": 9.214711801081997, "min_child_weight": 9.009964411875437}, "datetime": {"datetime": "2020-04-24 22:20:13", "elapsed": 267.731723, "delta": 2.304919}}
{"target": 0.6461694000000001, "params": {"max_depth": 9.022904006893564, "min_child_weight": 9.091621666150276}, "datetime": {"datetime": "2020-04-24 22:20:15", "elapsed": 269.996606, "delta": 2.264883}}
{"target": 0.6461694000000001, "params": {"max_depth": 9.169875141523928, "min_child_weight": 9.056466557607202}, "datetime": {"datetime": "2020-04-24 22:20:17", "elapsed": 272.201717, "delta": 2.205111}}
{"target": 0.6461694000000001, "params": {"max_depth": 9.010835622229694, "min_child_weight": 9.00457126561085}, "datetime": {"datetime": "2020-04-24 22:20:20", "elapsed": 274.636202, "delta": 2.434485}}
{"target": 0.6461694000000001, "params": {"max_depth": 9.242218682574174, "min_child_weight": 8.974596112756103}, "datetime": {"datetime": "2020-04-24 22:20:22", "elapsed": 277.08186, "delta": 2.445658}}
{"target": 0.6461694000000001, "params": {"max_depth": 8.976350159048856, "min_child_weight": 8.94408335604863}, "datetime": {"datetime": "2020-04-24 22:20:24", "elapsed": 279.599947, "delta": 2.518087}}
{"target": 0.6461694000000001, "params": {"max_depth": 9.148193181710559, "min_child_weight": 8.979524993552184}, "datetime": {"datetime": "2020-04-24 22:20:27", "elapsed": 281.988012, "delta": 2.388065}}
{"target": 0.6461694000000001, "params": {"max_depth": 8.971608575832608, "min_child_weight": 9.007507019635241}, "datetime": {"datetime": "2020-04-24 22:20:29", "elapsed": 284.540035, "delta": 2.552023}}
{"target": 0.6461694000000001, "params": {"max_depth": 9.022681375998573, "min_child_weight": 8.962392760258457}, "datetime": {"datetime": "2020-04-24 22:20:32", "elapsed": 287.350976, "delta": 2.810941}}
{"target": 0.6461694000000001, "params": {"max_depth": 9.156501839745665, "min_child_weight": 9.092827392415835}, "datetime": {"datetime": "2020-04-24 22:20:35", "elapsed": 289.643591, "delta": 2.292615}}
{"target": 0.6461694000000001, "params": {"max_depth": 9.114047333790381, "min_child_weight": 8.984042501570203}, "datetime": {"datetime": "2020-04-24 22:20:37", "elapsed": 292.345025, "delta": 2.701434}}
{"target": 0.6461694000000001, "params": {"max_depth": 9.16228018168351, "min_child_weight": 9.03225340163922}, "datetime": {"datetime": "2020-04-24 22:20:40", "elapsed": 294.989045, "delta": 2.64402}}
{"target": 0.6461694000000001, "params": {"max_depth": 9.099648323964383, "min_child_weight": 9.011299682185165}, "datetime": {"datetime": "2020-04-24 22:20:43", "elapsed": 297.643308, "delta": 2.654263}}
{"target": 0.6461694000000001, "params": {"max_depth": 9.081255530482522, "min_child_weight": 9.009729696793727}, "datetime": {"datetime": "2020-04-24 22:20:45", "elapsed": 300.197634, "delta": 2.554326}}
{"target": 0.6461694000000001, "params": {"max_depth": 9.063359302668868, "min_child_weight": 8.847637690592084}, "datetime": {"datetime": "2020-04-24 22:20:47", "elapsed": 302.540164, "delta": 2.34253}}
{"target": 0.6461694000000001, "params": {"max_depth": 9.07388430937851, "min_child_weight": 8.97362933724354}, "datetime": {"datetime": "2020-04-24 22:20:50", "elapsed": 304.954901, "delta": 2.414737}}
{"target": 0.6461694000000001, "params": {"max_depth": 9.092126646228339, "min_child_weight": 9.025964785560454}, "datetime": {"datetime": "2020-04-24 22:20:52", "elapsed": 307.395588, "delta": 2.440687}}
{"target": 0.6461694000000001, "params": {"max_depth": 9.062800383624781, "min_child_weight": 9.101409825745627}, "datetime": {"datetime": "2020-04-24 22:20:55", "elapsed": 310.067169, "delta": 2.671581}}
{"target": 0.6461694000000001, "params": {"max_depth": 9.190090810935086, "min_child_weight": 8.962911786773656}, "datetime": {"datetime": "2020-04-24 22:20:58", "elapsed": 313.10216, "delta": 3.034991}}
{"target": 0.6461694000000001, "params": {"max_depth": 9.070285943080956, "min_child_weight": 8.93745039213187}, "datetime": {"datetime": "2020-04-24 22:21:01", "elapsed": 315.740501, "delta": 2.638341}}
{"target": 0.6461694000000001, "params": {"max_depth": 9.106565364843913, "min_child_weight": 9.00573867665024}, "datetime": {"datetime": "2020-04-24 22:21:03", "elapsed": 318.092334, "delta": 2.351833}}
{"target": 0.6461694000000001, "params": {"max_depth": 9.15170014983014, "min_child_weight": 9.020077404794753}, "datetime": {"datetime": "2020-04-24 22:21:05", "elapsed": 320.466591, "delta": 2.374257}}
{"target": 0.6461694000000001, "params": {"max_depth": 9.013193802587397, "min_child_weight": 8.88343416700155}, "datetime": {"datetime": "2020-04-24 22:21:08", "elapsed": 323.085589, "delta": 2.618998}}
{"target": 0.6461694000000001, "params": {"max_depth": 9.199965246676461, "min_child_weight": 9.022786176678117}, "datetime": {"datetime": "2020-04-24 22:21:10", "elapsed": 325.570654, "delta": 2.485065}}
{"target": 0.6461694000000001, "params": {"max_depth": 8.937908275144586, "min_child_weight": 8.976906754732145}, "datetime": {"datetime": "2020-04-24 22:21:13", "elapsed": 328.208005, "delta": 2.637351}}
{"target": 0.6461694000000001, "params": {"max_depth": 9.004942951352561, "min_child_weight": 9.066301972413227}, "datetime": {"datetime": "2020-04-24 22:21:16", "elapsed": 330.96038, "delta": 2.752375}}
{"target": 0.6461694000000001, "params": {"max_depth": 9.176303178891931, "min_child_weight": 8.960320292182692}, "datetime": {"datetime": "2020-04-24 22:21:19", "elapsed": 333.753813, "delta": 2.793433}}
{"target": 0.6461694000000001, "params": {"max_depth": 9.085534815268947, "min_child_weight": 9.045744752048961}, "datetime": {"datetime": "2020-04-24 22:21:21", "elapsed": 336.523495, "delta": 2.769682}}
{"target": 0.6461694000000001, "params": {"max_depth": 8.983046880600167, "min_child_weight": 8.939569710517997}, "datetime": {"datetime": "2020-04-24 22:21:24", "elapsed": 339.161603, "delta": 2.638108}}
{"target": 0.6461694000000001, "params": {"max_depth": 9.061210296204269, "min_child_weight": 9.035961885902738}, "datetime": {"datetime": "2020-04-24 22:21:27", "elapsed": 341.76078, "delta": 2.599177}}
{"target": 0.6461694000000001, "params": {"max_depth": 9.049517187712073, "min_child_weight": 8.917462314891573}, "datetime": {"datetime": "2020-04-24 22:21:30", "elapsed": 345.043297, "delta": 3.282517}}
{"target": 0.6461694000000001, "params": {"max_depth": 9.035975611755703, "min_child_weight": 8.940990146148465}, "datetime": {"datetime": "2020-04-24 22:21:33", "elapsed": 347.830799, "delta": 2.787502}}
{"target": 0.6461694000000001, "params": {"max_depth": 9.059252335342203, "min_child_weight": 8.907238699058107}, "datetime": {"datetime": "2020-04-24 22:21:35", "elapsed": 350.539295, "delta": 2.708496}}
{"target": 0.6461694000000001, "params": {"max_depth": 9.140139572742793, "min_child_weight": 9.101012697715547}, "datetime": {"datetime": "2020-04-24 22:21:38", "elapsed": 353.033591, "delta": 2.494296}}
{"target": 0.6461694000000001, "params": {"max_depth": 8.959136467822258, "min_child_weight": 9.00888751688742}, "datetime": {"datetime": "2020-04-24 22:21:41", "elapsed": 355.664802, "delta": 2.631211}}
{"target": 0.6461694000000001, "params": {"max_depth": 9.125739922647998, "min_child_weight": 8.877814654859009}, "datetime": {"datetime": "2020-04-24 22:21:43", "elapsed": 358.354938, "delta": 2.690136}}
{"target": 0.6461694000000001, "params": {"max_depth": 9.151793717972971, "min_child_weight": 8.934282750814798}, "datetime": {"datetime": "2020-04-24 22:21:46", "elapsed": 361.243092, "delta": 2.888154}}
{"target": 0.6461694000000001, "params": {"max_depth": 9.039734125464681, "min_child_weight": 9.050003164224096}, "datetime": {"datetime": "2020-04-24 22:21:49", "elapsed": 363.919826, "delta": 2.676734}}
{"target": 0.6461694000000001, "params": {"max_depth": 9.010465968811872, "min_child_weight": 9.004661313758698}, "datetime": {"datetime": "2020-04-24 22:21:52", "elapsed": 367.074744, "delta": 3.154918}}
{"target": 0.6461694000000001, "params": {"max_depth": 9.066609200949806, "min_child_weight": 9.115198348379085}, "datetime": {"datetime": "2020-04-24 22:21:55", "elapsed": 370.16714, "delta": 3.092396}}
{"target": 0.6461694000000001, "params": {"max_depth": 9.182089623289997, "min_child_weight": 8.993803704153347}, "datetime": {"datetime": "2020-04-24 22:21:58", "elapsed": 372.97287, "delta": 2.80573}}
{"target": 0.6461694000000001, "params": {"max_depth": 9.091048181943297, "min_child_weight": 8.986803571814207}, "datetime": {"datetime": "2020-04-24 22:22:01", "elapsed": 376.261587, "delta": 3.288717}}
{"target": 0.6461694000000001, "params": {"max_depth": 9.04443873246717, "min_child_weight": 8.927951568660408}, "datetime": {"datetime": "2020-04-24 22:22:04", "elapsed": 379.353891, "delta": 3.092304}}
{"target": 0.6461694000000001, "params": {"max_depth": 9.151328740157227, "min_child_weight": 9.12970389790736}, "datetime": {"datetime": "2020-04-24 22:22:08", "elapsed": 382.623102, "delta": 3.269211}}
{"target": 0.6461694000000001, "params": {"max_depth": 8.95688444224664, "min_child_weight": 8.906778374110264}, "datetime": {"datetime": "2020-04-24 22:22:11", "elapsed": 385.839491, "delta": 3.216389}}
{"target": 0.6461694000000001, "params": {"max_depth": 8.952217832689904, "min_child_weight": 8.86196282703171}, "datetime": {"datetime": "2020-04-24 22:22:14", "elapsed": 388.983159, "delta": 3.143668}}
{"target": 0.6461694000000001, "params": {"max_depth": 8.976344085651832, "min_child_weight": 9.020839042638714}, "datetime": {"datetime": "2020-04-24 22:22:17", "elapsed": 392.378132, "delta": 3.394973}}
{"target": 0.6461694000000001, "params": {"max_depth": 9.044636241224357, "min_child_weight": 9.023324985839851}, "datetime": {"datetime": "2020-04-24 22:22:21", "elapsed": 395.672111, "delta": 3.293979}}
{"target": 0.6461694000000001, "params": {"max_depth": 9.078391647444603, "min_child_weight": 9.09966444206611}, "datetime": {"datetime": "2020-04-24 22:22:24", "elapsed": 398.855537, "delta": 3.183426}}
{"target": 0.6461694000000001, "params": {"max_depth": 9.104451174205398, "min_child_weight": 9.030305923694447}, "datetime": {"datetime": "2020-04-24 22:22:27", "elapsed": 401.918464, "delta": 3.062927}}
{"target": 0.6461694000000001, "params": {"max_depth": 9.198741472990736, "min_child_weight": 8.905798297052703}, "datetime": {"datetime": "2020-04-24 22:22:30", "elapsed": 405.089445, "delta": 3.170981}}
{"target": 0.6461694000000001, "params": {"max_depth": 9.144522670326786, "min_child_weight": 9.138102055545493}, "datetime": {"datetime": "2020-04-24 22:22:33", "elapsed": 408.445668, "delta": 3.356223}}
{"target": 0.6461694000000001, "params": {"max_depth": 9.157609075999245, "min_child_weight": 8.958256984026647}, "datetime": {"datetime": "2020-04-24 22:22:37", "elapsed": 411.912138, "delta": 3.46647}}
{"target": 0.6461694000000001, "params": {"max_depth": 8.985752724033347, "min_child_weight": 8.959352206653266}, "datetime": {"datetime": "2020-04-24 22:22:40", "elapsed": 414.735081, "delta": 2.822943}}
{"target": 0.6461694000000001, "params": {"max_depth": 9.19898393320528, "min_child_weight": 9.010183030097904}, "datetime": {"datetime": "2020-04-24 22:22:43", "elapsed": 417.857675, "delta": 3.122594}}
{"target": 0.6461694000000001, "params": {"max_depth": 9.084271933317325, "min_child_weight": 9.138173171631975}, "datetime": {"datetime": "2020-04-24 22:22:46", "elapsed": 420.958409, "delta": 3.100734}}
{"target": 0.6461694000000001, "params": {"max_depth": 8.968349456230193, "min_child_weight": 8.969659552022058}, "datetime": {"datetime": "2020-04-24 22:22:49", "elapsed": 424.569207, "delta": 3.610798}}
{"target": 0.6461694000000001, "params": {"max_depth": 9.099679972581928, "min_child_weight": 8.903405257134434}, "datetime": {"datetime": "2020-04-24 22:22:53", "elapsed": 427.851927, "delta": 3.28272}}
{"target": 0.6461694000000001, "params": {"max_depth": 9.049414290776213, "min_child_weight": 9.139918423091471}, "datetime": {"datetime": "2020-04-24 22:22:56", "elapsed": 431.403885, "delta": 3.551958}}
{"target": 0.6461694000000001, "params": {"max_depth": 9.103703584872601, "min_child_weight": 8.818190573409433}, "datetime": {"datetime": "2020-04-24 22:23:00", "elapsed": 434.823628, "delta": 3.419743}}
{"target": 0.6461694000000001, "params": {"max_depth": 9.144393524028988, "min_child_weight": 9.027379770422993}, "datetime": {"datetime": "2020-04-24 22:23:03", "elapsed": 438.046589, "delta": 3.222961}}
{"target": 0.6461694000000001, "params": {"max_depth": 9.12135628727777, "min_child_weight": 9.020047578815861}, "datetime": {"datetime": "2020-04-24 22:23:07", "elapsed": 441.732426, "delta": 3.685837}}
{"target": 0.6461694000000001, "params": {"max_depth": 9.156054020612292, "min_child_weight": 8.955043468269473}, "datetime": {"datetime": "2020-04-24 22:23:10", "elapsed": 445.058618, "delta": 3.326192}}
{"target": 0.6461694000000001, "params": {"max_depth": 9.136002594994515, "min_child_weight": 8.93829250344074}, "datetime": {"datetime": "2020-04-24 22:23:13", "elapsed": 447.85083, "delta": 2.792212}}
{"target": 0.6461694000000001, "params": {"max_depth": 9.028653515834845, "min_child_weight": 9.05422390000319}, "datetime": {"datetime": "2020-04-24 22:23:16", "elapsed": 450.891437, "delta": 3.040607}}
{"target": 0.6461694000000001, "params": {"max_depth": 8.985894583317215, "min_child_weight": 8.954270887132354}, "datetime": {"datetime": "2020-04-24 22:23:19", "elapsed": 453.730013, "delta": 2.838576}}
{"target": 0.6461694000000001, "params": {"max_depth": 8.967336068418733, "min_child_weight": 9.088129220523422}, "datetime": {"datetime": "2020-04-24 22:23:22", "elapsed": 457.108098, "delta": 3.378085}}
{"target": 0.6461694000000001, "params": {"max_depth": 9.167943014762475, "min_child_weight": 9.013967899498764}, "datetime": {"datetime": "2020-04-24 22:23:25", "elapsed": 460.347315, "delta": 3.239217}}
{"target": 0.6461694000000001, "params": {"max_depth": 9.057601999813642, "min_child_weight": 8.836369733317962}, "datetime": {"datetime": "2020-04-24 22:23:29", "elapsed": 463.899068, "delta": 3.551753}}
{"target": 0.6461694000000001, "params": {"max_depth": 9.086953954802823, "min_child_weight": 8.891277441314127}, "datetime": {"datetime": "2020-04-24 22:23:32", "elapsed": 466.875836, "delta": 2.976768}}
{"target": 0.6461694000000001, "params": {"max_depth": 9.094452716446598, "min_child_weight": 9.031816625812013}, "datetime": {"datetime": "2020-04-24 22:23:35", "elapsed": 470.303436, "delta": 3.4276}}
