{"target": 0.6370153999999999, "params": {"alpha": 0.3785152821364851, "colsample_bytree": 0.7691961612209455, "lam": 0.9030036077767162, "max_depth": 9.0, "min_child_weight": 9.0, "subsample": 0.8230824545401887}, "datetime": {"datetime": "2020-04-24 22:44:36", "elapsed": 1730.690534, "delta": 4.339807}}
{"target": 0.6421776000000001, "params": {"alpha": 0.3785152821364851, "colsample_bytree": 0.8409677276731196, "lam": 0.9030036077767162, "max_depth": 9.0, "min_child_weight": 9.0, "subsample": 0.7965088182521485}, "datetime": {"datetime": "2020-04-24 22:44:40", "elapsed": 1735.27208, "delta": 4.581546}}
{"target": 0.6463007999999999, "params": {"alpha": 0.3785152821364851, "colsample_bytree": 0.6556879495157988, "lam": 0.9030036077767162, "max_depth": 9.0, "min_child_weight": 9.0, "subsample": 0.7951813162972865}, "datetime": {"datetime": "2020-04-24 22:44:44", "elapsed": 1739.437817, "delta": 4.165737}}
{"target": 0.637721, "params": {"alpha": 0.3785152821364851, "colsample_bytree": 0.8084529794283474, "lam": 0.9030036077767162, "max_depth": 9.0, "min_child_weight": 9.0, "subsample": 0.5673403341779397}, "datetime": {"datetime": "2020-04-24 22:44:49", "elapsed": 1743.627831, "delta": 4.190014}}
{"target": 0.6193512, "params": {"alpha": 0.3785152821364851, "colsample_bytree": 0.6238298662829989, "lam": 0.9030036077767162, "max_depth": 9.0, "min_child_weight": 9.0, "subsample": 0.5008393850787924}, "datetime": {"datetime": "2020-04-24 22:44:53", "elapsed": 1748.191525, "delta": 4.563694}}
{"target": 0.6424839999999999, "params": {"alpha": 0.3785152821364851, "colsample_bytree": 0.7410718920878905, "lam": 0.9030036077767162, "max_depth": 9.0, "min_child_weight": 9.0, "subsample": 0.5003953350723801}, "datetime": {"datetime": "2020-04-24 22:44:57", "elapsed": 1752.520042, "delta": 4.328517}}
{"target": 0.6452552, "params": {"alpha": 0.3785152821364851, "colsample_bytree": 0.6536466182314065, "lam": 0.9030036077767162, "max_depth": 9.0, "min_child_weight": 9.0, "subsample": 0.5975272686348554}, "datetime": {"datetime": "2020-04-24 22:45:02", "elapsed": 1757.305285, "delta": 4.785243}}
{"target": 0.6391566, "params": {"alpha": 0.3785152821364851, "colsample_bytree": 0.6592637293715459, "lam": 0.9030036077767162, "max_depth": 9.0, "min_child_weight": 9.0, "subsample": 0.6083894170371897}, "datetime": {"datetime": "2020-04-24 22:45:06", "elapsed": 1761.388149, "delta": 4.082864}}
{"target": 0.6350174, "params": {"alpha": 0.3785152821364851, "colsample_bytree": 0.6444901035243829, "lam": 0.9030036077767162, "max_depth": 9.0, "min_child_weight": 9.0, "subsample": 0.5877282170396475}, "datetime": {"datetime": "2020-04-24 22:45:11", "elapsed": 1766.345307, "delta": 4.957158}}
{"target": 0.6383778, "params": {"alpha": 0.3785152821364851, "colsample_bytree": 0.8998712315282196, "lam": 0.9030036077767162, "max_depth": 9.0, "min_child_weight": 9.0, "subsample": 0.8025292367229873}, "datetime": {"datetime": "2020-04-24 22:45:16", "elapsed": 1771.460312, "delta": 5.115005}}
{"target": 0.6358438000000001, "params": {"alpha": 0.3785152821364851, "colsample_bytree": 0.8998882222848923, "lam": 0.9030036077767162, "max_depth": 9.0, "min_child_weight": 9.0, "subsample": 0.8716448603685857}, "datetime": {"datetime": "2020-04-24 22:45:21", "elapsed": 1776.298693, "delta": 4.838381}}
{"target": 0.6294228000000001, "params": {"alpha": 0.3785152821364851, "colsample_bytree": 0.8272128077080376, "lam": 0.9030036077767162, "max_depth": 9.0, "min_child_weight": 9.0, "subsample": 0.5002049500862917}, "datetime": {"datetime": "2020-04-24 22:45:26", "elapsed": 1781.030142, "delta": 4.731449}}
{"target": 0.6358086000000001, "params": {"alpha": 0.3785152821364851, "colsample_bytree": 0.8911110644216651, "lam": 0.9030036077767162, "max_depth": 9.0, "min_child_weight": 9.0, "subsample": 0.6433657352551259}, "datetime": {"datetime": "2020-04-24 22:45:30", "elapsed": 1785.227832, "delta": 4.19769}}
{"target": 0.6383445999999999, "params": {"alpha": 0.3785152821364851, "colsample_bytree": 0.8791791844352417, "lam": 0.9030036077767162, "max_depth": 9.0, "min_child_weight": 9.0, "subsample": 0.5786991767291265}, "datetime": {"datetime": "2020-04-24 22:45:35", "elapsed": 1789.781345, "delta": 4.553513}}
{"target": 0.6356366, "params": {"alpha": 0.3785152821364851, "colsample_bytree": 0.7762197582931813, "lam": 0.9030036077767162, "max_depth": 9.0, "min_child_weight": 9.0, "subsample": 0.7367598943911309}, "datetime": {"datetime": "2020-04-24 22:45:39", "elapsed": 1794.49293, "delta": 4.711585}}
{"target": 0.6470312, "params": {"alpha": 0.3785152821364851, "colsample_bytree": 0.8076310313618732, "lam": 0.9030036077767162, "max_depth": 9.0, "min_child_weight": 9.0, "subsample": 0.899831878483323}, "datetime": {"datetime": "2020-04-24 22:45:44", "elapsed": 1799.61804, "delta": 5.12511}}
{"target": 0.6437746, "params": {"alpha": 0.3785152821364851, "colsample_bytree": 0.6558605522545066, "lam": 0.9030036077767162, "max_depth": 9.0, "min_child_weight": 9.0, "subsample": 0.7864697790336803}, "datetime": {"datetime": "2020-04-24 22:45:49", "elapsed": 1803.954121, "delta": 4.336081}}
{"target": 0.6407999999999999, "params": {"alpha": 0.3785152821364851, "colsample_bytree": 0.6564537562186418, "lam": 0.9030036077767162, "max_depth": 9.0, "min_child_weight": 9.0, "subsample": 0.7982944460929855}, "datetime": {"datetime": "2020-04-24 22:45:53", "elapsed": 1808.296009, "delta": 4.341888}}
{"target": 0.6360662, "params": {"alpha": 0.3785152821364851, "colsample_bytree": 0.8996444194217488, "lam": 0.9030036077767162, "max_depth": 9.0, "min_child_weight": 9.0, "subsample": 0.855177615902804}, "datetime": {"datetime": "2020-04-24 22:45:57", "elapsed": 1812.485268, "delta": 4.189259}}
{"target": 0.6464863999999999, "params": {"alpha": 0.3785152821364851, "colsample_bytree": 0.8150006929565192, "lam": 0.9030036077767162, "max_depth": 9.0, "min_child_weight": 9.0, "subsample": 0.8997148214324455}, "datetime": {"datetime": "2020-04-24 22:46:03", "elapsed": 1817.896854, "delta": 5.411586}}
{"target": 0.6470316, "params": {"alpha": 0.3785152821364851, "colsample_bytree": 0.8189257547475843, "lam": 0.9030036077767162, "max_depth": 9.0, "min_child_weight": 9.0, "subsample": 0.8998121998192846}, "datetime": {"datetime": "2020-04-24 22:46:08", "elapsed": 1823.425635, "delta": 5.528781}}
{"target": 0.6245825999999999, "params": {"alpha": 0.3785152821364851, "colsample_bytree": 0.8643407987384055, "lam": 0.9030036077767162, "max_depth": 9.0, "min_child_weight": 9.0, "subsample": 0.6136975201122241}, "datetime": {"datetime": "2020-04-24 22:46:14", "elapsed": 1828.689336, "delta": 5.263701}}
{"target": 0.585054, "params": {"alpha": 0.3785152821364851, "colsample_bytree": 0.5005660727609152, "lam": 0.9030036077767162, "max_depth": 9.0, "min_child_weight": 9.0, "subsample": 0.6163357799342452}, "datetime": {"datetime": "2020-04-24 22:46:18", "elapsed": 1832.981191, "delta": 4.291855}}
{"target": 0.6107784, "params": {"alpha": 0.3785152821364851, "colsample_bytree": 0.5327104618968169, "lam": 0.9030036077767162, "max_depth": 9.0, "min_child_weight": 9.0, "subsample": 0.7410823834138733}, "datetime": {"datetime": "2020-04-24 22:46:23", "elapsed": 1838.150781, "delta": 5.16959}}
{"target": 0.5964112, "params": {"alpha": 0.3785152821364851, "colsample_bytree": 0.5447474065196726, "lam": 0.9030036077767162, "max_depth": 9.0, "min_child_weight": 9.0, "subsample": 0.5}, "datetime": {"datetime": "2020-04-24 22:46:27", "elapsed": 1841.928367, "delta": 3.777586}}
{"target": 0.6051057999999999, "params": {"alpha": 0.3785152821364851, "colsample_bytree": 0.5744702083275999, "lam": 0.9030036077767162, "max_depth": 9.0, "min_child_weight": 9.0, "subsample": 0.6118434988145831}, "datetime": {"datetime": "2020-04-24 22:46:32", "elapsed": 1847.03294, "delta": 5.104573}}
{"target": 0.6085156, "params": {"alpha": 0.3785152821364851, "colsample_bytree": 0.601694381753312, "lam": 0.9030036077767162, "max_depth": 9.0, "min_child_weight": 9.0, "subsample": 0.6879499527387429}, "datetime": {"datetime": "2020-04-24 22:46:36", "elapsed": 1851.476615, "delta": 4.443675}}
{"target": 0.6003162, "params": {"alpha": 0.3785152821364851, "colsample_bytree": 0.5358059159221822, "lam": 0.9030036077767162, "max_depth": 9.0, "min_child_weight": 9.0, "subsample": 0.6553086967507586}, "datetime": {"datetime": "2020-04-24 22:46:40", "elapsed": 1855.61649, "delta": 4.139875}}
{"target": 0.6279136, "params": {"alpha": 0.3785152821364851, "colsample_bytree": 0.8560595754663203, "lam": 0.9030036077767162, "max_depth": 9.0, "min_child_weight": 9.0, "subsample": 0.5793156015481213}, "datetime": {"datetime": "2020-04-24 22:46:45", "elapsed": 1860.518173, "delta": 4.901683}}
{"target": 0.6074160000000001, "params": {"alpha": 0.3785152821364851, "colsample_bytree": 0.5344873602158764, "lam": 0.9030036077767162, "max_depth": 9.0, "min_child_weight": 9.0, "subsample": 0.8994107489234335}, "datetime": {"datetime": "2020-04-24 22:46:50", "elapsed": 1865.535617, "delta": 5.017444}}
{"target": 0.6007522, "params": {"alpha": 0.3785152821364851, "colsample_bytree": 0.5014780267073621, "lam": 0.9030036077767162, "max_depth": 9.0, "min_child_weight": 9.0, "subsample": 0.7639569712743748}, "datetime": {"datetime": "2020-04-24 22:46:55", "elapsed": 1870.134622, "delta": 4.599005}}
{"target": 0.618294, "params": {"alpha": 0.3785152821364851, "colsample_bytree": 0.5780238763907691, "lam": 0.9030036077767162, "max_depth": 9.0, "min_child_weight": 9.0, "subsample": 0.7573056786980026}, "datetime": {"datetime": "2020-04-24 22:47:00", "elapsed": 1874.783133, "delta": 4.648511}}
{"target": 0.6233234000000001, "params": {"alpha": 0.3785152821364851, "colsample_bytree": 0.6170523590966688, "lam": 0.9030036077767162, "max_depth": 9.0, "min_child_weight": 9.0, "subsample": 0.6461193134686835}, "datetime": {"datetime": "2020-04-24 22:47:05", "elapsed": 1879.97121, "delta": 5.188077}}
{"target": 0.6079592, "params": {"alpha": 0.3785152821364851, "colsample_bytree": 0.5338614590313466, "lam": 0.9030036077767162, "max_depth": 9.0, "min_child_weight": 9.0, "subsample": 0.5678829344035375}, "datetime": {"datetime": "2020-04-24 22:47:10", "elapsed": 1885.119172, "delta": 5.147962}}
{"target": 0.627789, "params": {"alpha": 0.3785152821364851, "colsample_bytree": 0.8678628056455262, "lam": 0.9030036077767162, "max_depth": 9.0, "min_child_weight": 9.0, "subsample": 0.6384654526071802}, "datetime": {"datetime": "2020-04-24 22:47:16", "elapsed": 1890.861602, "delta": 5.74243}}
{"target": 0.6292468, "params": {"alpha": 0.3785152821364851, "colsample_bytree": 0.8396092651374871, "lam": 0.9030036077767162, "max_depth": 9.0, "min_child_weight": 9.0, "subsample": 0.6828696049033207}, "datetime": {"datetime": "2020-04-24 22:47:21", "elapsed": 1896.119435, "delta": 5.257833}}
{"target": 0.5804317999999999, "params": {"alpha": 0.3785152821364851, "colsample_bytree": 0.5, "lam": 0.9030036077767162, "max_depth": 9.0, "min_child_weight": 9.0, "subsample": 0.5356135462503364}, "datetime": {"datetime": "2020-04-24 22:47:25", "elapsed": 1899.829046, "delta": 3.709611}}
{"target": 0.6092348000000001, "params": {"alpha": 0.3785152821364851, "colsample_bytree": 0.562410890097762, "lam": 0.9030036077767162, "max_depth": 9.0, "min_child_weight": 9.0, "subsample": 0.8701182013191149}, "datetime": {"datetime": "2020-04-24 22:47:30", "elapsed": 1905.049485, "delta": 5.220439}}
{"target": 0.6259264000000001, "params": {"alpha": 0.3785152821364851, "colsample_bytree": 0.8520471241865533, "lam": 0.9030036077767162, "max_depth": 9.0, "min_child_weight": 9.0, "subsample": 0.5245365595410562}, "datetime": {"datetime": "2020-04-24 22:47:35", "elapsed": 1910.054527, "delta": 5.005042}}
{"target": 0.6052444, "params": {"alpha": 0.3785152821364851, "colsample_bytree": 0.6008245577093697, "lam": 0.9030036077767162, "max_depth": 9.0, "min_child_weight": 9.0, "subsample": 0.5632703988205706}, "datetime": {"datetime": "2020-04-24 22:47:40", "elapsed": 1914.998471, "delta": 4.943944}}
{"target": 0.641524, "params": {"alpha": 0.3785152821364851, "colsample_bytree": 0.7294986179762569, "lam": 0.9030036077767162, "max_depth": 9.0, "min_child_weight": 9.0, "subsample": 0.5835539389301232}, "datetime": {"datetime": "2020-04-24 22:47:45", "elapsed": 1920.527205, "delta": 5.528734}}
{"target": 0.6423808, "params": {"alpha": 0.3785152821364851, "colsample_bytree": 0.6838563501768616, "lam": 0.9030036077767162, "max_depth": 9.0, "min_child_weight": 9.0, "subsample": 0.8665937527844247}, "datetime": {"datetime": "2020-04-24 22:47:51", "elapsed": 1926.53097, "delta": 6.003765}}
{"target": 0.6405510000000001, "params": {"alpha": 0.3785152821364851, "colsample_bytree": 0.7469447821484444, "lam": 0.9030036077767162, "max_depth": 9.0, "min_child_weight": 9.0, "subsample": 0.5565047817764595}, "datetime": {"datetime": "2020-04-24 22:47:57", "elapsed": 1931.899194, "delta": 5.368224}}
{"target": 0.6379116, "params": {"alpha": 0.3785152821364851, "colsample_bytree": 0.7339884120151419, "lam": 0.9030036077767162, "max_depth": 9.0, "min_child_weight": 9.0, "subsample": 0.7743178627237848}, "datetime": {"datetime": "2020-04-24 22:48:01", "elapsed": 1936.601047, "delta": 4.701853}}
{"target": 0.6295512000000001, "params": {"alpha": 0.3785152821364851, "colsample_bytree": 0.8387995724553354, "lam": 0.9030036077767162, "max_depth": 9.0, "min_child_weight": 9.0, "subsample": 0.6517001103511022}, "datetime": {"datetime": "2020-04-24 22:48:07", "elapsed": 1941.682461, "delta": 5.081414}}
{"target": 0.6223946, "params": {"alpha": 0.3785152821364851, "colsample_bytree": 0.8681290255478551, "lam": 0.9030036077767162, "max_depth": 9.0, "min_child_weight": 9.0, "subsample": 0.6822245403011132}, "datetime": {"datetime": "2020-04-24 22:48:11", "elapsed": 1946.597161, "delta": 4.9147}}
{"target": 0.6040203999999999, "params": {"alpha": 0.3785152821364851, "colsample_bytree": 0.5743303549545064, "lam": 0.9030036077767162, "max_depth": 9.0, "min_child_weight": 9.0, "subsample": 0.5351269855419057}, "datetime": {"datetime": "2020-04-24 22:48:17", "elapsed": 1951.682399, "delta": 5.085238}}
{"target": 0.6319196, "params": {"alpha": 0.3785152821364851, "colsample_bytree": 0.6588917274951538, "lam": 0.9030036077767162, "max_depth": 9.0, "min_child_weight": 9.0, "subsample": 0.674344816384062}, "datetime": {"datetime": "2020-04-24 22:48:22", "elapsed": 1957.213929, "delta": 5.53153}}
{"target": 0.6259973999999999, "params": {"alpha": 0.3785152821364851, "colsample_bytree": 0.8401871937243781, "lam": 0.9030036077767162, "max_depth": 9.0, "min_child_weight": 9.0, "subsample": 0.7510734931000997}, "datetime": {"datetime": "2020-04-24 22:48:28", "elapsed": 1962.975631, "delta": 5.761702}}
{"target": 0.6273818, "params": {"alpha": 0.3785152821364851, "colsample_bytree": 0.6100143932887211, "lam": 0.9030036077767162, "max_depth": 9.0, "min_child_weight": 9.0, "subsample": 0.8351772886040734}, "datetime": {"datetime": "2020-04-24 22:48:35", "elapsed": 1970.522742, "delta": 7.547111}}
{"target": 0.6432442, "params": {"alpha": 0.3785152821364851, "colsample_bytree": 0.8805231875083483, "lam": 0.9030036077767162, "max_depth": 9.0, "min_child_weight": 9.0, "subsample": 0.8670381147349489}, "datetime": {"datetime": "2020-04-24 22:48:41", "elapsed": 1975.912139, "delta": 5.389397}}
{"target": 0.6115896000000001, "params": {"alpha": 0.3785152821364851, "colsample_bytree": 0.5708531834475201, "lam": 0.9030036077767162, "max_depth": 9.0, "min_child_weight": 9.0, "subsample": 0.8076414449556459}, "datetime": {"datetime": "2020-04-24 22:48:47", "elapsed": 1981.698088, "delta": 5.785949}}
{"target": 0.6291094000000002, "params": {"alpha": 0.3785152821364851, "colsample_bytree": 0.8833382669564566, "lam": 0.9030036077767162, "max_depth": 9.0, "min_child_weight": 9.0, "subsample": 0.8188379592282606}, "datetime": {"datetime": "2020-04-24 22:48:52", "elapsed": 1987.457679, "delta": 5.759591}}
{"target": 0.6436822, "params": {"alpha": 0.3785152821364851, "colsample_bytree": 0.8517764833917338, "lam": 0.9030036077767162, "max_depth": 9.0, "min_child_weight": 9.0, "subsample": 0.8663299518788542}, "datetime": {"datetime": "2020-04-24 22:48:58", "elapsed": 1992.993914, "delta": 5.536235}}
{"target": 0.6374576000000001, "params": {"alpha": 0.3785152821364851, "colsample_bytree": 0.8341109257162358, "lam": 0.9030036077767162, "max_depth": 9.0, "min_child_weight": 9.0, "subsample": 0.8426361344547568}, "datetime": {"datetime": "2020-04-24 22:49:03", "elapsed": 1998.604083, "delta": 5.610169}}
{"target": 0.6327008000000001, "params": {"alpha": 0.3785152821364851, "colsample_bytree": 0.635164778701859, "lam": 0.9030036077767162, "max_depth": 9.0, "min_child_weight": 9.0, "subsample": 0.8152113078483507}, "datetime": {"datetime": "2020-04-24 22:49:10", "elapsed": 2005.36786, "delta": 6.763777}}
{"target": 0.6359888, "params": {"alpha": 0.3785152821364851, "colsample_bytree": 0.7124704263891624, "lam": 0.9030036077767162, "max_depth": 9.0, "min_child_weight": 9.0, "subsample": 0.6280278836008345}, "datetime": {"datetime": "2020-04-24 22:49:17", "elapsed": 2011.628952, "delta": 6.261092}}
{"target": 0.6206654, "params": {"alpha": 0.3785152821364851, "colsample_bytree": 0.7873421703557297, "lam": 0.9030036077767162, "max_depth": 9.0, "min_child_weight": 9.0, "subsample": 0.6610884198451243}, "datetime": {"datetime": "2020-04-24 22:49:23", "elapsed": 2017.648509, "delta": 6.019557}}
{"target": 0.6314116000000001, "params": {"alpha": 0.3785152821364851, "colsample_bytree": 0.8714430376277171, "lam": 0.9030036077767162, "max_depth": 9.0, "min_child_weight": 9.0, "subsample": 0.7315602255004188}, "datetime": {"datetime": "2020-04-24 22:49:28", "elapsed": 2022.929109, "delta": 5.2806}}
{"target": 0.63317, "params": {"alpha": 0.3785152821364851, "colsample_bytree": 0.7430542979810584, "lam": 0.9030036077767162, "max_depth": 9.0, "min_child_weight": 9.0, "subsample": 0.6468934609360512}, "datetime": {"datetime": "2020-04-24 22:49:33", "elapsed": 2028.331398, "delta": 5.402289}}
{"target": 0.6409432, "params": {"alpha": 0.3785152821364851, "colsample_bytree": 0.6642821950469266, "lam": 0.9030036077767162, "max_depth": 9.0, "min_child_weight": 9.0, "subsample": 0.8545056053348155}, "datetime": {"datetime": "2020-04-24 22:49:40", "elapsed": 2034.935941, "delta": 6.604543}}
{"target": 0.6313015999999999, "params": {"alpha": 0.3785152821364851, "colsample_bytree": 0.832849967359097, "lam": 0.9030036077767162, "max_depth": 9.0, "min_child_weight": 9.0, "subsample": 0.6089857318675351}, "datetime": {"datetime": "2020-04-24 22:49:46", "elapsed": 2041.059388, "delta": 6.123447}}
{"target": 0.6264109999999998, "params": {"alpha": 0.3785152821364851, "colsample_bytree": 0.8992133034329043, "lam": 0.9030036077767162, "max_depth": 9.0, "min_child_weight": 9.0, "subsample": 0.6533811576131329}, "datetime": {"datetime": "2020-04-24 22:49:52", "elapsed": 2047.066939, "delta": 6.007551}}
{"target": 0.6261948, "params": {"alpha": 0.3785152821364851, "colsample_bytree": 0.8486236520486452, "lam": 0.9030036077767162, "max_depth": 9.0, "min_child_weight": 9.0, "subsample": 0.8395755531180238}, "datetime": {"datetime": "2020-04-24 22:49:58", "elapsed": 2052.777831, "delta": 5.710892}}
{"target": 0.6346542000000001, "params": {"alpha": 0.3785152821364851, "colsample_bytree": 0.8096146475546007, "lam": 0.9030036077767162, "max_depth": 9.0, "min_child_weight": 9.0, "subsample": 0.8407750351409213}, "datetime": {"datetime": "2020-04-24 22:50:04", "elapsed": 2059.001658, "delta": 6.223827}}
{"target": 0.641934, "params": {"alpha": 0.3785152821364851, "colsample_bytree": 0.832223402774229, "lam": 0.9030036077767162, "max_depth": 9.0, "min_child_weight": 9.0, "subsample": 0.8680649677990592}, "datetime": {"datetime": "2020-04-24 22:50:10", "elapsed": 2065.221299, "delta": 6.219641}}
{"target": 0.6319586000000001, "params": {"alpha": 0.3785152821364851, "colsample_bytree": 0.8993846781807502, "lam": 0.9030036077767162, "max_depth": 9.0, "min_child_weight": 9.0, "subsample": 0.7148988887694332}, "datetime": {"datetime": "2020-04-24 22:50:16", "elapsed": 2071.401514, "delta": 6.180215}}
{"target": 0.6344706, "params": {"alpha": 0.3785152821364851, "colsample_bytree": 0.8536263196573919, "lam": 0.9030036077767162, "max_depth": 9.0, "min_child_weight": 9.0, "subsample": 0.8845636946752131}, "datetime": {"datetime": "2020-04-24 22:50:23", "elapsed": 2077.947588, "delta": 6.546074}}
{"target": 0.6049018, "params": {"alpha": 0.3785152821364851, "colsample_bytree": 0.5, "lam": 0.9030036077767162, "max_depth": 9.0, "min_child_weight": 9.0, "subsample": 0.6937840733980428}, "datetime": {"datetime": "2020-04-24 22:50:28", "elapsed": 2082.906826, "delta": 4.959238}}
{"target": 0.5999036, "params": {"alpha": 0.3785152821364851, "colsample_bytree": 0.6058974911211059, "lam": 0.9030036077767162, "max_depth": 9.0, "min_child_weight": 9.0, "subsample": 0.7381326241446264}, "datetime": {"datetime": "2020-04-24 22:50:34", "elapsed": 2088.738105, "delta": 5.831279}}
{"target": 0.6371689999999999, "params": {"alpha": 0.3785152821364851, "colsample_bytree": 0.6485267592840103, "lam": 0.9030036077767162, "max_depth": 9.0, "min_child_weight": 9.0, "subsample": 0.6953643365623062}, "datetime": {"datetime": "2020-04-24 22:50:39", "elapsed": 2094.149659, "delta": 5.411554}}
{"target": 0.6191214, "params": {"alpha": 0.3785152821364851, "colsample_bytree": 0.8999890083521248, "lam": 0.9030036077767162, "max_depth": 9.0, "min_child_weight": 9.0, "subsample": 0.5246934658614846}, "datetime": {"datetime": "2020-04-24 22:50:45", "elapsed": 2100.178918, "delta": 6.029259}}
{"target": 0.6320918000000001, "params": {"alpha": 0.3785152821364851, "colsample_bytree": 0.630111643465487, "lam": 0.9030036077767162, "max_depth": 9.0, "min_child_weight": 9.0, "subsample": 0.7762132923345849}, "datetime": {"datetime": "2020-04-24 22:50:52", "elapsed": 2107.362873, "delta": 7.183955}}
