{"target": 0.6108560000000001, "params": {"alpha": 0.3785152821364851, "colsample_bytree": 0.5584044459589581, "lam": 0.9030036077767162, "max_depth": 9.0, "min_child_weight": 9.0, "subsample": 0.7377305877431128}, "datetime": {"datetime": "2020-04-24 22:50:59", "elapsed": 2113.634916, "delta": 6.272043}}
{"target": 0.6356856000000001, "params": {"alpha": 0.3785152821364851, "colsample_bytree": 0.6933272100957895, "lam": 0.9030036077767162, "max_depth": 9.0, "min_child_weight": 9.0, "subsample": 0.8513278910752784}, "datetime": {"datetime": "2020-04-24 22:51:04", "elapsed": 2119.401518, "delta": 5.766602}}
{"target": 0.6399838, "params": {"alpha": 0.3785152821364851, "colsample_bytree": 0.7140184292317096, "lam": 0.9030036077767162, "max_depth": 9.0, "min_child_weight": 9.0, "subsample": 0.7790993396162065}, "datetime": {"datetime": "2020-04-24 22:51:11", "elapsed": 2125.703995, "delta": 6.302477}}
{"target": 0.6386984, "params": {"alpha": 0.3785152821364851, "colsample_bytree": 0.6696954525763499, "lam": 0.9030036077767162, "max_depth": 9.0, "min_child_weight": 9.0, "subsample": 0.8789342461465568}, "datetime": {"datetime": "2020-04-24 22:51:17", "elapsed": 2132.200061, "delta": 6.496066}}
{"target": 0.6376796, "params": {"alpha": 0.3785152821364851, "colsample_bytree": 0.6992126691128846, "lam": 0.9030036077767162, "max_depth": 9.0, "min_child_weight": 9.0, "subsample": 0.7537787901669397}, "datetime": {"datetime": "2020-04-24 22:51:24", "elapsed": 2138.872336, "delta": 6.672275}}
{"target": 0.6385415999999999, "params": {"alpha": 0.3785152821364851, "colsample_bytree": 0.7675606120317879, "lam": 0.9030036077767162, "max_depth": 9.0, "min_child_weight": 9.0, "subsample": 0.5538566157290228}, "datetime": {"datetime": "2020-04-24 22:51:30", "elapsed": 2145.490532, "delta": 6.618196}}
{"target": 0.631894, "params": {"alpha": 0.3785152821364851, "colsample_bytree": 0.8834598902069744, "lam": 0.9030036077767162, "max_depth": 9.0, "min_child_weight": 9.0, "subsample": 0.6250731897803924}, "datetime": {"datetime": "2020-04-24 22:51:37", "elapsed": 2151.651295, "delta": 6.160763}}
{"target": 0.6423012, "params": {"alpha": 0.3785152821364851, "colsample_bytree": 0.688085604893511, "lam": 0.9030036077767162, "max_depth": 9.0, "min_child_weight": 9.0, "subsample": 0.8139497950250862}, "datetime": {"datetime": "2020-04-24 22:51:44", "elapsed": 2158.856796, "delta": 7.205501}}
