{"target": 0.6528764, "params": {"alpha": 0.2591573438171202, "colsample_bytree": 0.8668212770428941, "lam": 0.9999561852223213, "max_depth": 5.0, "min_child_weight": 3.0, "subsample": 0.8193298340280424}, "datetime": {"datetime": "2020-04-24 21:38:51", "elapsed": 1279.109129, "delta": 2.368963}}
{"target": 0.6463556, "params": {"alpha": 0.2591573438171202, "colsample_bytree": 0.8697011467530036, "lam": 0.9999561852223213, "max_depth": 5.0, "min_child_weight": 3.0, "subsample": 0.8231401607158729}, "datetime": {"datetime": "2020-04-24 21:38:54", "elapsed": 1281.462212, "delta": 2.353083}}
{"target": 0.635149, "params": {"alpha": 0.2591573438171202, "colsample_bytree": 0.8704680146724073, "lam": 0.9999561852223213, "max_depth": 5.0, "min_child_weight": 3.0, "subsample": 0.814573961183428}, "datetime": {"datetime": "2020-04-24 21:38:57", "elapsed": 1284.504532, "delta": 3.04232}}
{"target": 0.6128372000000001, "params": {"alpha": 0.2591573438171202, "colsample_bytree": 0.5931935825230609, "lam": 0.9999561852223213, "max_depth": 5.0, "min_child_weight": 3.0, "subsample": 0.7811142077728936}, "datetime": {"datetime": "2020-04-24 21:39:00", "elapsed": 1287.339625, "delta": 2.835093}}
{"target": 0.6018452000000001, "params": {"alpha": 0.2591573438171202, "colsample_bytree": 0.5758572191383511, "lam": 0.9999561852223213, "max_depth": 5.0, "min_child_weight": 3.0, "subsample": 0.8697797306183443}, "datetime": {"datetime": "2020-04-24 21:39:02", "elapsed": 1289.353454, "delta": 2.013829}}
{"target": 0.6324118, "params": {"alpha": 0.2591573438171202, "colsample_bytree": 0.8466497877317716, "lam": 0.9999561852223213, "max_depth": 5.0, "min_child_weight": 3.0, "subsample": 0.6309993210831737}, "datetime": {"datetime": "2020-04-24 21:39:04", "elapsed": 1291.650022, "delta": 2.296568}}
{"target": 0.6335384000000001, "params": {"alpha": 0.2591573438171202, "colsample_bytree": 0.8446597233789752, "lam": 0.9999561852223213, "max_depth": 5.0, "min_child_weight": 3.0, "subsample": 0.7758569896281999}, "datetime": {"datetime": "2020-04-24 21:39:07", "elapsed": 1294.885937, "delta": 3.235915}}
{"target": 0.5882742000000001, "params": {"alpha": 0.2591573438171202, "colsample_bytree": 0.5, "lam": 0.9999561852223213, "max_depth": 5.0, "min_child_weight": 3.0, "subsample": 0.6602778583225365}, "datetime": {"datetime": "2020-04-24 21:39:09", "elapsed": 1297.14766, "delta": 2.261723}}
{"target": 0.6210116, "params": {"alpha": 0.2591573438171202, "colsample_bytree": 0.8117390354567493, "lam": 0.9999561852223213, "max_depth": 5.0, "min_child_weight": 3.0, "subsample": 0.642074495874096}, "datetime": {"datetime": "2020-04-24 21:39:12", "elapsed": 1299.356958, "delta": 2.209298}}
{"target": 0.632762, "params": {"alpha": 0.2591573438171202, "colsample_bytree": 0.8930012929411475, "lam": 0.9999561852223213, "max_depth": 5.0, "min_child_weight": 3.0, "subsample": 0.700163669967612}, "datetime": {"datetime": "2020-04-24 21:39:14", "elapsed": 1301.771152, "delta": 2.414194}}
{"target": 0.630821, "params": {"alpha": 0.2591573438171202, "colsample_bytree": 0.7579829444906683, "lam": 0.9999561852223213, "max_depth": 5.0, "min_child_weight": 3.0, "subsample": 0.7808705700344774}, "datetime": {"datetime": "2020-04-24 21:39:17", "elapsed": 1304.461543, "delta": 2.690391}}
{"target": 0.6206488, "params": {"alpha": 0.2591573438171202, "colsample_bytree": 0.7425019004502182, "lam": 0.9999561852223213, "max_depth": 5.0, "min_child_weight": 3.0, "subsample": 0.7489828459805405}, "datetime": {"datetime": "2020-04-24 21:39:20", "elapsed": 1307.539638, "delta": 3.078095}}
{"target": 0.6356252, "params": {"alpha": 0.2591573438171202, "colsample_bytree": 0.7718977341782629, "lam": 0.9999561852223213, "max_depth": 5.0, "min_child_weight": 3.0, "subsample": 0.7582033552850641}, "datetime": {"datetime": "2020-04-24 21:39:22", "elapsed": 1309.879175, "delta": 2.339537}}
{"target": 0.6169117999999999, "params": {"alpha": 0.2591573438171202, "colsample_bytree": 0.6292428685401383, "lam": 0.9999561852223213, "max_depth": 5.0, "min_child_weight": 3.0, "subsample": 0.6285947341573694}, "datetime": {"datetime": "2020-04-24 21:39:25", "elapsed": 1312.621582, "delta": 2.742407}}
{"target": 0.6164202, "params": {"alpha": 0.2591573438171202, "colsample_bytree": 0.6958433310833991, "lam": 0.9999561852223213, "max_depth": 5.0, "min_child_weight": 3.0, "subsample": 0.765505391799759}, "datetime": {"datetime": "2020-04-24 21:39:28", "elapsed": 1315.185216, "delta": 2.563634}}
{"target": 0.6339143999999999, "params": {"alpha": 0.2591573438171202, "colsample_bytree": 0.899908744421488, "lam": 0.9999561852223213, "max_depth": 5.0, "min_child_weight": 3.0, "subsample": 0.8630623294246682}, "datetime": {"datetime": "2020-04-24 21:39:30", "elapsed": 1317.87056, "delta": 2.685344}}
{"target": 0.6297728, "params": {"alpha": 0.2591573438171202, "colsample_bytree": 0.8839706731256918, "lam": 0.9999561852223213, "max_depth": 5.0, "min_child_weight": 3.0, "subsample": 0.8996076322281151}, "datetime": {"datetime": "2020-04-24 21:39:33", "elapsed": 1320.815959, "delta": 2.945399}}
{"target": 0.6030194, "params": {"alpha": 0.2591573438171202, "colsample_bytree": 0.5996955318807498, "lam": 0.9999561852223213, "max_depth": 5.0, "min_child_weight": 3.0, "subsample": 0.6432270970430607}, "datetime": {"datetime": "2020-04-24 21:39:36", "elapsed": 1323.161575, "delta": 2.345616}}
{"target": 0.632512, "params": {"alpha": 0.2591573438171202, "colsample_bytree": 0.8804523466813792, "lam": 0.9999561852223213, "max_depth": 5.0, "min_child_weight": 3.0, "subsample": 0.7574068881702507}, "datetime": {"datetime": "2020-04-24 21:39:37", "elapsed": 1324.998418, "delta": 1.836843}}
{"target": 0.6348762000000001, "params": {"alpha": 0.2591573438171202, "colsample_bytree": 0.7891038842311114, "lam": 0.9999561852223213, "max_depth": 5.0, "min_child_weight": 3.0, "subsample": 0.7826086304028984}, "datetime": {"datetime": "2020-04-24 21:39:40", "elapsed": 1327.63943, "delta": 2.641012}}
{"target": 0.6347797999999999, "params": {"alpha": 0.2591573438171202, "colsample_bytree": 0.7892962046357495, "lam": 0.9999561852223213, "max_depth": 5.0, "min_child_weight": 3.0, "subsample": 0.70062223664091}, "datetime": {"datetime": "2020-04-24 21:39:44", "elapsed": 1331.953383, "delta": 4.313953}}
{"target": 0.6303620000000001, "params": {"alpha": 0.2591573438171202, "colsample_bytree": 0.6883377931491669, "lam": 0.9999561852223213, "max_depth": 5.0, "min_child_weight": 3.0, "subsample": 0.843805302896349}, "datetime": {"datetime": "2020-04-24 21:39:48", "elapsed": 1335.238524, "delta": 3.285141}}
{"target": 0.6164954, "params": {"alpha": 0.2591573438171202, "colsample_bytree": 0.6630959948674376, "lam": 0.9999561852223213, "max_depth": 5.0, "min_child_weight": 3.0, "subsample": 0.500007707613694}, "datetime": {"datetime": "2020-04-24 21:39:51", "elapsed": 1338.400598, "delta": 3.162074}}
{"target": 0.6330207999999999, "params": {"alpha": 0.2591573438171202, "colsample_bytree": 0.6794277516070202, "lam": 0.9999561852223213, "max_depth": 5.0, "min_child_weight": 3.0, "subsample": 0.7939469103792889}, "datetime": {"datetime": "2020-04-24 21:39:53", "elapsed": 1341.022935, "delta": 2.622337}}
{"target": 0.6178435999999999, "params": {"alpha": 0.2591573438171202, "colsample_bytree": 0.6439951610990566, "lam": 0.9999561852223213, "max_depth": 5.0, "min_child_weight": 3.0, "subsample": 0.804327710444597}, "datetime": {"datetime": "2020-04-24 21:39:56", "elapsed": 1343.984911, "delta": 2.961976}}
{"target": 0.6072966, "params": {"alpha": 0.2591573438171202, "colsample_bytree": 0.9, "lam": 0.9999561852223213, "max_depth": 5.0, "min_child_weight": 3.0, "subsample": 0.571097322361012}, "datetime": {"datetime": "2020-04-24 21:40:00", "elapsed": 1347.156929, "delta": 3.172018}}
{"target": 0.6255902, "params": {"alpha": 0.2591573438171202, "colsample_bytree": 0.8687896770345931, "lam": 0.9999561852223213, "max_depth": 5.0, "min_child_weight": 3.0, "subsample": 0.6662514210532321}, "datetime": {"datetime": "2020-04-24 21:40:02", "elapsed": 1349.837808, "delta": 2.680879}}
{"target": 0.6371442, "params": {"alpha": 0.2591573438171202, "colsample_bytree": 0.7794547480406583, "lam": 0.9999561852223213, "max_depth": 5.0, "min_child_weight": 3.0, "subsample": 0.8830289572219913}, "datetime": {"datetime": "2020-04-24 21:40:05", "elapsed": 1353.095322, "delta": 3.257514}}
{"target": 0.6328569999999999, "params": {"alpha": 0.2591573438171202, "colsample_bytree": 0.6873762523149319, "lam": 0.9999561852223213, "max_depth": 5.0, "min_child_weight": 3.0, "subsample": 0.8853100406960437}, "datetime": {"datetime": "2020-04-24 21:40:08", "elapsed": 1355.80311, "delta": 2.707788}}
{"target": 0.6387240000000001, "params": {"alpha": 0.2591573438171202, "colsample_bytree": 0.7490682667838514, "lam": 0.9999561852223213, "max_depth": 5.0, "min_child_weight": 3.0, "subsample": 0.8793899091033153}, "datetime": {"datetime": "2020-04-24 21:40:11", "elapsed": 1358.727759, "delta": 2.924649}}
{"target": 0.6405502000000001, "params": {"alpha": 0.2591573438171202, "colsample_bytree": 0.8572617069774122, "lam": 0.9999561852223213, "max_depth": 5.0, "min_child_weight": 3.0, "subsample": 0.7354309505873936}, "datetime": {"datetime": "2020-04-24 21:40:13", "elapsed": 1361.055722, "delta": 2.327963}}
{"target": 0.6183289999999999, "params": {"alpha": 0.2591573438171202, "colsample_bytree": 0.6561422374816147, "lam": 0.9999561852223213, "max_depth": 5.0, "min_child_weight": 3.0, "subsample": 0.644525669776629}, "datetime": {"datetime": "2020-04-24 21:40:16", "elapsed": 1363.265554, "delta": 2.209832}}
{"target": 0.6439614, "params": {"alpha": 0.2591573438171202, "colsample_bytree": 0.8650613431636716, "lam": 0.9999561852223213, "max_depth": 5.0, "min_child_weight": 3.0, "subsample": 0.8215225019451007}, "datetime": {"datetime": "2020-04-24 21:40:18", "elapsed": 1365.816185, "delta": 2.550631}}
{"target": 0.6338001999999999, "params": {"alpha": 0.2591573438171202, "colsample_bytree": 0.7721388726347858, "lam": 0.9999561852223213, "max_depth": 5.0, "min_child_weight": 3.0, "subsample": 0.7985731359268702}, "datetime": {"datetime": "2020-04-24 21:40:21", "elapsed": 1368.425102, "delta": 2.608917}}
{"target": 0.6322762, "params": {"alpha": 0.2591573438171202, "colsample_bytree": 0.7485061424751847, "lam": 0.9999561852223213, "max_depth": 5.0, "min_child_weight": 3.0, "subsample": 0.8050028119440821}, "datetime": {"datetime": "2020-04-24 21:40:24", "elapsed": 1371.746317, "delta": 3.321215}}
{"target": 0.6046142, "params": {"alpha": 0.2591573438171202, "colsample_bytree": 0.7571672185234712, "lam": 0.9999561852223213, "max_depth": 5.0, "min_child_weight": 3.0, "subsample": 0.5249233401009861}, "datetime": {"datetime": "2020-04-24 21:40:27", "elapsed": 1375.000863, "delta": 3.254546}}
{"target": 0.61008, "params": {"alpha": 0.2591573438171202, "colsample_bytree": 0.5266591486349829, "lam": 0.9999561852223213, "max_depth": 5.0, "min_child_weight": 3.0, "subsample": 0.7940846024988297}, "datetime": {"datetime": "2020-04-24 21:40:30", "elapsed": 1378.060545, "delta": 3.059682}}
{"target": 0.603381, "params": {"alpha": 0.2591573438171202, "colsample_bytree": 0.5398489956425135, "lam": 0.9999561852223213, "max_depth": 5.0, "min_child_weight": 3.0, "subsample": 0.6884841312055515}, "datetime": {"datetime": "2020-04-24 21:40:33", "elapsed": 1380.8859, "delta": 2.825355}}
{"target": 0.607185, "params": {"alpha": 0.2591573438171202, "colsample_bytree": 0.843918087495623, "lam": 0.9999561852223213, "max_depth": 5.0, "min_child_weight": 3.0, "subsample": 0.575638785977001}, "datetime": {"datetime": "2020-04-24 21:40:36", "elapsed": 1383.60746, "delta": 2.72156}}
{"target": 0.60789, "params": {"alpha": 0.2591573438171202, "colsample_bytree": 0.5432451856830856, "lam": 0.9999561852223213, "max_depth": 5.0, "min_child_weight": 3.0, "subsample": 0.8226012578122177}, "datetime": {"datetime": "2020-04-24 21:40:39", "elapsed": 1386.548147, "delta": 2.940687}}
{"target": 0.6459691999999999, "params": {"alpha": 0.2591573438171202, "colsample_bytree": 0.7550199911205431, "lam": 0.9999561852223213, "max_depth": 5.0, "min_child_weight": 3.0, "subsample": 0.8351496159876548}, "datetime": {"datetime": "2020-04-24 21:40:42", "elapsed": 1389.419812, "delta": 2.871665}}
{"target": 0.6327866, "params": {"alpha": 0.2591573438171202, "colsample_bytree": 0.6155653754340781, "lam": 0.9999561852223213, "max_depth": 5.0, "min_child_weight": 3.0, "subsample": 0.8345621571907922}, "datetime": {"datetime": "2020-04-24 21:40:45", "elapsed": 1392.397429, "delta": 2.977617}}
{"target": 0.6046284000000001, "params": {"alpha": 0.2591573438171202, "colsample_bytree": 0.6066081231766827, "lam": 0.9999561852223213, "max_depth": 5.0, "min_child_weight": 3.0, "subsample": 0.6817690665331452}, "datetime": {"datetime": "2020-04-24 21:40:48", "elapsed": 1395.46566, "delta": 3.068231}}
{"target": 0.6131738, "params": {"alpha": 0.2591573438171202, "colsample_bytree": 0.6366902042171113, "lam": 0.9999561852223213, "max_depth": 5.0, "min_child_weight": 3.0, "subsample": 0.7644008577102148}, "datetime": {"datetime": "2020-04-24 21:40:51", "elapsed": 1399.050686, "delta": 3.585026}}
{"target": 0.6108018000000001, "params": {"alpha": 0.2591573438171202, "colsample_bytree": 0.5967063221387862, "lam": 0.9999561852223213, "max_depth": 5.0, "min_child_weight": 3.0, "subsample": 0.735123780383812}, "datetime": {"datetime": "2020-04-24 21:40:55", "elapsed": 1402.457637, "delta": 3.406951}}
{"target": 0.591118, "params": {"alpha": 0.2591573438171202, "colsample_bytree": 0.6003570282263788, "lam": 0.9999561852223213, "max_depth": 5.0, "min_child_weight": 3.0, "subsample": 0.5693478185194344}, "datetime": {"datetime": "2020-04-24 21:40:58", "elapsed": 1405.419423, "delta": 2.961786}}
{"target": 0.6385061999999999, "params": {"alpha": 0.2591573438171202, "colsample_bytree": 0.7211915889220272, "lam": 0.9999561852223213, "max_depth": 5.0, "min_child_weight": 3.0, "subsample": 0.8340666359457538}, "datetime": {"datetime": "2020-04-24 21:41:01", "elapsed": 1408.187453, "delta": 2.76803}}
{"target": 0.5990506, "params": {"alpha": 0.2591573438171202, "colsample_bytree": 0.6533639538199535, "lam": 0.9999561852223213, "max_depth": 5.0, "min_child_weight": 3.0, "subsample": 0.5599860787449484}, "datetime": {"datetime": "2020-04-24 21:41:03", "elapsed": 1410.849263, "delta": 2.66181}}
{"target": 0.640216, "params": {"alpha": 0.2591573438171202, "colsample_bytree": 0.8096626188982943, "lam": 0.9999561852223213, "max_depth": 5.0, "min_child_weight": 3.0, "subsample": 0.7857872447731981}, "datetime": {"datetime": "2020-04-24 21:41:06", "elapsed": 1413.85213, "delta": 3.002867}}
{"target": 0.6386934, "params": {"alpha": 0.2591573438171202, "colsample_bytree": 0.7623986520322811, "lam": 0.9999561852223213, "max_depth": 5.0, "min_child_weight": 3.0, "subsample": 0.8794723460454643}, "datetime": {"datetime": "2020-04-24 21:41:10", "elapsed": 1417.293056, "delta": 3.440926}}
{"target": 0.6281508, "params": {"alpha": 0.2591573438171202, "colsample_bytree": 0.8617855666226684, "lam": 0.9999561852223213, "max_depth": 5.0, "min_child_weight": 3.0, "subsample": 0.7202399381517345}, "datetime": {"datetime": "2020-04-24 21:41:12", "elapsed": 1420.088015, "delta": 2.794959}}
{"target": 0.6347792, "params": {"alpha": 0.2591573438171202, "colsample_bytree": 0.8438405457889895, "lam": 0.9999561852223213, "max_depth": 5.0, "min_child_weight": 3.0, "subsample": 0.7415890375729417}, "datetime": {"datetime": "2020-04-24 21:41:15", "elapsed": 1422.712712, "delta": 2.624697}}
{"target": 0.6299056000000001, "params": {"alpha": 0.2591573438171202, "colsample_bytree": 0.8149788772700037, "lam": 0.9999561852223213, "max_depth": 5.0, "min_child_weight": 3.0, "subsample": 0.7662132437859093}, "datetime": {"datetime": "2020-04-24 21:41:18", "elapsed": 1426.112979, "delta": 3.400267}}
{"target": 0.6343154, "params": {"alpha": 0.2591573438171202, "colsample_bytree": 0.845511189568563, "lam": 0.9999561852223213, "max_depth": 5.0, "min_child_weight": 3.0, "subsample": 0.808011860827065}, "datetime": {"datetime": "2020-04-24 21:41:21", "elapsed": 1428.857563, "delta": 2.744584}}
{"target": 0.6245586, "params": {"alpha": 0.2591573438171202, "colsample_bytree": 0.8019595412574216, "lam": 0.9999561852223213, "max_depth": 5.0, "min_child_weight": 3.0, "subsample": 0.813390573663328}, "datetime": {"datetime": "2020-04-24 21:41:24", "elapsed": 1431.614695, "delta": 2.757132}}
{"target": 0.6415538, "params": {"alpha": 0.2591573438171202, "colsample_bytree": 0.7922081371766214, "lam": 0.9999561852223213, "max_depth": 5.0, "min_child_weight": 3.0, "subsample": 0.8366465658248572}, "datetime": {"datetime": "2020-04-24 21:41:27", "elapsed": 1434.403037, "delta": 2.788342}}
{"target": 0.6068646, "params": {"alpha": 0.2591573438171202, "colsample_bytree": 0.6314285957187283, "lam": 0.9999561852223213, "max_depth": 5.0, "min_child_weight": 3.0, "subsample": 0.599983814366086}, "datetime": {"datetime": "2020-04-24 21:41:30", "elapsed": 1437.804685, "delta": 3.401648}}
{"target": 0.6203380000000001, "params": {"alpha": 0.2591573438171202, "colsample_bytree": 0.7934446564622575, "lam": 0.9999561852223213, "max_depth": 5.0, "min_child_weight": 3.0, "subsample": 0.5612591844070468}, "datetime": {"datetime": "2020-04-24 21:41:33", "elapsed": 1440.956634, "delta": 3.151949}}
{"target": 0.6134648, "params": {"alpha": 0.2591573438171202, "colsample_bytree": 0.7051462538630278, "lam": 0.9999561852223213, "max_depth": 5.0, "min_child_weight": 3.0, "subsample": 0.5590234607068529}, "datetime": {"datetime": "2020-04-24 21:41:37", "elapsed": 1444.334684, "delta": 3.37805}}
{"target": 0.6431862, "params": {"alpha": 0.2591573438171202, "colsample_bytree": 0.8132706975063858, "lam": 0.9999561852223213, "max_depth": 5.0, "min_child_weight": 3.0, "subsample": 0.8275602675976746}, "datetime": {"datetime": "2020-04-24 21:41:39", "elapsed": 1446.773962, "delta": 2.439278}}
{"target": 0.6339214, "params": {"alpha": 0.2591573438171202, "colsample_bytree": 0.7877047505893342, "lam": 0.9999561852223213, "max_depth": 5.0, "min_child_weight": 3.0, "subsample": 0.6323972849058817}, "datetime": {"datetime": "2020-04-24 21:41:42", "elapsed": 1449.85533, "delta": 3.081368}}
{"target": 0.6324004000000001, "params": {"alpha": 0.2591573438171202, "colsample_bytree": 0.8574189733845614, "lam": 0.9999561852223213, "max_depth": 5.0, "min_child_weight": 3.0, "subsample": 0.6443781006467004}, "datetime": {"datetime": "2020-04-24 21:41:46", "elapsed": 1453.385915, "delta": 3.530585}}
{"target": 0.6283132, "params": {"alpha": 0.2591573438171202, "colsample_bytree": 0.6720061527037561, "lam": 0.9999561852223213, "max_depth": 5.0, "min_child_weight": 3.0, "subsample": 0.7424983913138365}, "datetime": {"datetime": "2020-04-24 21:41:50", "elapsed": 1457.182422, "delta": 3.796507}}
{"target": 0.6412884, "params": {"alpha": 0.2591573438171202, "colsample_bytree": 0.7660944639446635, "lam": 0.9999561852223213, "max_depth": 5.0, "min_child_weight": 3.0, "subsample": 0.8282279265442596}, "datetime": {"datetime": "2020-04-24 21:41:52", "elapsed": 1460.099414, "delta": 2.916992}}
{"target": 0.6165318, "params": {"alpha": 0.2591573438171202, "colsample_bytree": 0.8993795506756426, "lam": 0.9999561852223213, "max_depth": 5.0, "min_child_weight": 3.0, "subsample": 0.6489629817167102}, "datetime": {"datetime": "2020-04-24 21:41:56", "elapsed": 1463.160384, "delta": 3.06097}}
{"target": 0.6187189999999999, "params": {"alpha": 0.2591573438171202, "colsample_bytree": 0.6162094814571042, "lam": 0.9999561852223213, "max_depth": 5.0, "min_child_weight": 3.0, "subsample": 0.7804688930364923}, "datetime": {"datetime": "2020-04-24 21:41:59", "elapsed": 1466.698857, "delta": 3.538473}}
{"target": 0.6016478, "params": {"alpha": 0.2591573438171202, "colsample_bytree": 0.5, "lam": 0.9999561852223213, "max_depth": 5.0, "min_child_weight": 3.0, "subsample": 0.8126842549584218}, "datetime": {"datetime": "2020-04-24 21:42:02", "elapsed": 1469.992713, "delta": 3.293856}}
{"target": 0.6512751999999999, "params": {"alpha": 0.2591573438171202, "colsample_bytree": 0.877002366614198, "lam": 0.9999561852223213, "max_depth": 5.0, "min_child_weight": 3.0, "subsample": 0.8264151902735549}, "datetime": {"datetime": "2020-04-24 21:42:05", "elapsed": 1472.68057, "delta": 2.687857}}
{"target": 0.5976937999999999, "params": {"alpha": 0.2591573438171202, "colsample_bytree": 0.5651935765306503, "lam": 0.9999561852223213, "max_depth": 5.0, "min_child_weight": 3.0, "subsample": 0.5360117573393137}, "datetime": {"datetime": "2020-04-24 21:42:09", "elapsed": 1476.374762, "delta": 3.694192}}
{"target": 0.6279353999999999, "params": {"alpha": 0.2591573438171202, "colsample_bytree": 0.7492747037122943, "lam": 0.9999561852223213, "max_depth": 5.0, "min_child_weight": 3.0, "subsample": 0.5001159054031797}, "datetime": {"datetime": "2020-04-24 21:42:12", "elapsed": 1479.521469, "delta": 3.146707}}
{"target": 0.648994, "params": {"alpha": 0.2591573438171202, "colsample_bytree": 0.8767744095373806, "lam": 0.9999561852223213, "max_depth": 5.0, "min_child_weight": 3.0, "subsample": 0.8269784360900782}, "datetime": {"datetime": "2020-04-24 21:42:15", "elapsed": 1483.013252, "delta": 3.491783}}
{"target": 0.6409391999999999, "params": {"alpha": 0.2591573438171202, "colsample_bytree": 0.8613780301926719, "lam": 0.9999561852223213, "max_depth": 5.0, "min_child_weight": 3.0, "subsample": 0.8579530127711649}, "datetime": {"datetime": "2020-04-24 21:42:19", "elapsed": 1486.381128, "delta": 3.367876}}
{"target": 0.6363901999999999, "params": {"alpha": 0.2591573438171202, "colsample_bytree": 0.8247566737187547, "lam": 0.9999561852223213, "max_depth": 5.0, "min_child_weight": 3.0, "subsample": 0.8645863052589786}, "datetime": {"datetime": "2020-04-24 21:42:23", "elapsed": 1490.897725, "delta": 4.516597}}
