{"target": 0.6479488, "params": {"alpha": 0.6285288717877421, "lam": 0.9999387699453307, "max_depth": 9.0, "min_child_weight": 9.0}, "datetime": {"datetime": "2020-04-24 22:27:29", "elapsed": 704.589768, "delta": 2.155772}}
{"target": 0.6485405999999999, "params": {"alpha": 0.5758708201561331, "lam": 0.9989807356188158, "max_depth": 9.0, "min_child_weight": 9.0}, "datetime": {"datetime": "2020-04-24 22:27:32", "elapsed": 706.745583, "delta": 2.155815}}
{"target": 0.648542, "params": {"alpha": 0.5738255621899553, "lam": 0.9996811184530093, "max_depth": 9.0, "min_child_weight": 9.0}, "datetime": {"datetime": "2020-04-24 22:27:34", "elapsed": 708.842575, "delta": 2.096992}}
{"target": 0.648544, "params": {"alpha": 0.5933245276279734, "lam": 0.9996223984468859, "max_depth": 9.0, "min_child_weight": 9.0}, "datetime": {"datetime": "2020-04-24 22:27:36", "elapsed": 710.959642, "delta": 2.117067}}
{"target": 0.6469683999999999, "params": {"alpha": 0.6390853256628002, "lam": 0.9984023371861364, "max_depth": 9.0, "min_child_weight": 9.0}, "datetime": {"datetime": "2020-04-24 22:27:38", "elapsed": 712.881122, "delta": 1.92148}}
{"target": 0.6469678, "params": {"alpha": 0.5870847161173204, "lam": 0.9983196993399109, "max_depth": 9.0, "min_child_weight": 9.0}, "datetime": {"datetime": "2020-04-24 22:27:40", "elapsed": 714.897543, "delta": 2.016421}}
{"target": 0.6485408, "params": {"alpha": 0.5169449559158664, "lam": 0.999180817654519, "max_depth": 9.0, "min_child_weight": 9.0}, "datetime": {"datetime": "2020-04-24 22:27:42", "elapsed": 717.00341, "delta": 2.105867}}
{"target": 0.6485411999999999, "params": {"alpha": 0.5135331199383192, "lam": 0.9993465322338697, "max_depth": 9.0, "min_child_weight": 9.0}, "datetime": {"datetime": "2020-04-24 22:27:44", "elapsed": 719.031423, "delta": 2.028013}}
{"target": 0.6485404, "params": {"alpha": 0.5243737929660832, "lam": 0.9989659440794725, "max_depth": 9.0, "min_child_weight": 9.0}, "datetime": {"datetime": "2020-04-24 22:27:46", "elapsed": 721.244498, "delta": 2.213075}}
{"target": 0.6485413999999999, "params": {"alpha": 0.5473056138602871, "lam": 0.9993962281811405, "max_depth": 9.0, "min_child_weight": 9.0}, "datetime": {"datetime": "2020-04-24 22:27:48", "elapsed": 723.409391, "delta": 2.164893}}
{"target": 0.6485415999999999, "params": {"alpha": 0.5556652634688201, "lam": 0.9995801349198492, "max_depth": 9.0, "min_child_weight": 9.0}, "datetime": {"datetime": "2020-04-24 22:27:50", "elapsed": 725.446847, "delta": 2.037456}}
{"target": 0.6485418, "params": {"alpha": 0.5561917088003845, "lam": 0.9997246322700067, "max_depth": 9.0, "min_child_weight": 9.0}, "datetime": {"datetime": "2020-04-24 22:27:53", "elapsed": 727.664633, "delta": 2.217786}}
{"target": 0.648542, "params": {"alpha": 0.5160049114807486, "lam": 0.999727476015696, "max_depth": 9.0, "min_child_weight": 9.0}, "datetime": {"datetime": "2020-04-24 22:27:55", "elapsed": 729.938894, "delta": 2.274261}}
{"target": 0.6485415999999999, "params": {"alpha": 0.5334356495636261, "lam": 0.9995245171003975, "max_depth": 9.0, "min_child_weight": 9.0}, "datetime": {"datetime": "2020-04-24 22:27:57", "elapsed": 732.120509, "delta": 2.181615}}
{"target": 0.648541, "params": {"alpha": 0.5515358950304382, "lam": 0.9990932872518252, "max_depth": 9.0, "min_child_weight": 9.0}, "datetime": {"datetime": "2020-04-24 22:27:59", "elapsed": 734.292697, "delta": 2.172188}}
{"target": 0.6463525999999999, "params": {"alpha": 0.5053872965424256, "lam": 0.9974755754979802, "max_depth": 9.0, "min_child_weight": 9.0}, "datetime": {"datetime": "2020-04-24 22:28:01", "elapsed": 736.604554, "delta": 2.311857}}
{"target": 0.64854, "params": {"alpha": 0.5479126856902822, "lam": 0.9987054101683176, "max_depth": 9.0, "min_child_weight": 9.0}, "datetime": {"datetime": "2020-04-24 22:28:04", "elapsed": 738.948255, "delta": 2.343701}}
{"target": 0.648544, "params": {"alpha": 0.5945377136235253, "lam": 0.999563804502373, "max_depth": 9.0, "min_child_weight": 9.0}, "datetime": {"datetime": "2020-04-24 22:28:06", "elapsed": 741.010154, "delta": 2.061899}}
{"target": 0.6485418000000001, "params": {"alpha": 0.5894048528795746, "lam": 0.9995616110474145, "max_depth": 9.0, "min_child_weight": 9.0}, "datetime": {"datetime": "2020-04-24 22:28:08", "elapsed": 743.249975, "delta": 2.239821}}
{"target": 0.6455726, "params": {"alpha": 0.5455197909341648, "lam": 0.9964416661265791, "max_depth": 9.0, "min_child_weight": 9.0}, "datetime": {"datetime": "2020-04-24 22:28:10", "elapsed": 745.356386, "delta": 2.106411}}
{"target": 0.6469678, "params": {"alpha": 0.5613170492994747, "lam": 0.9984269579755178, "max_depth": 9.0, "min_child_weight": 9.0}, "datetime": {"datetime": "2020-04-24 22:28:13", "elapsed": 747.731535, "delta": 2.375149}}
{"target": 0.6455994, "params": {"alpha": 0.5559310812596341, "lam": 0.9970399460851256, "max_depth": 9.0, "min_child_weight": 9.0}, "datetime": {"datetime": "2020-04-24 22:28:15", "elapsed": 749.956031, "delta": 2.224496}}
{"target": 0.6485411999999999, "params": {"alpha": 0.5273399374594075, "lam": 0.9993413443133251, "max_depth": 9.0, "min_child_weight": 9.0}, "datetime": {"datetime": "2020-04-24 22:28:17", "elapsed": 752.359738, "delta": 2.403707}}
{"target": 0.648542, "params": {"alpha": 0.5980697960662662, "lam": 0.9985726920889101, "max_depth": 9.0, "min_child_weight": 9.0}, "datetime": {"datetime": "2020-04-24 22:28:20", "elapsed": 754.647644, "delta": 2.287906}}
{"target": 0.648542, "params": {"alpha": 0.5833772340282212, "lam": 0.9995827168330895, "max_depth": 9.0, "min_child_weight": 9.0}, "datetime": {"datetime": "2020-04-24 22:28:22", "elapsed": 757.244483, "delta": 2.596839}}
{"target": 0.6485442000000001, "params": {"alpha": 0.6065301151239285, "lam": 0.9997540389115357, "max_depth": 9.0, "min_child_weight": 9.0}, "datetime": {"datetime": "2020-04-24 22:28:25", "elapsed": 759.72523, "delta": 2.480747}}
{"target": 0.6463192, "params": {"alpha": 0.5993765914881428, "lam": 0.9978101432524302, "max_depth": 9.0, "min_child_weight": 9.0}, "datetime": {"datetime": "2020-04-24 22:28:27", "elapsed": 762.095126, "delta": 2.369896}}
{"target": 0.6485405999999999, "params": {"alpha": 0.5775786703156761, "lam": 0.9989534393750646, "max_depth": 9.0, "min_child_weight": 9.0}, "datetime": {"datetime": "2020-04-24 22:28:29", "elapsed": 764.512323, "delta": 2.417197}}
{"target": 0.6485424, "params": {"alpha": 0.5665762532618982, "lam": 0.9997821126730304, "max_depth": 9.0, "min_child_weight": 9.0}, "datetime": {"datetime": "2020-04-24 22:28:32", "elapsed": 767.392505, "delta": 2.880182}}
{"target": 0.6463525999999999, "params": {"alpha": 0.5330243416868516, "lam": 0.9974459069831543, "max_depth": 9.0, "min_child_weight": 9.0}, "datetime": {"datetime": "2020-04-24 22:28:35", "elapsed": 770.10516, "delta": 2.712655}}
{"target": 0.6479504, "params": {"alpha": 0.5873055739355295, "lam": 0.9999486104875192, "max_depth": 9.0, "min_child_weight": 9.0}, "datetime": {"datetime": "2020-04-24 22:28:38", "elapsed": 772.686144, "delta": 2.580984}}
{"target": 0.6485422, "params": {"alpha": 0.5890346507912593, "lam": 0.9996430449078677, "max_depth": 9.0, "min_child_weight": 9.0}, "datetime": {"datetime": "2020-04-24 22:28:40", "elapsed": 775.36811, "delta": 2.681966}}
{"target": 0.6485404000000001, "params": {"alpha": 0.6343872560206664, "lam": 0.9997241843792002, "max_depth": 9.0, "min_child_weight": 9.0}, "datetime": {"datetime": "2020-04-24 22:28:43", "elapsed": 778.046104, "delta": 2.677994}}
{"target": 0.6479504, "params": {"alpha": 0.585107665563918, "lam": 0.9999534441409074, "max_depth": 9.0, "min_child_weight": 9.0}, "datetime": {"datetime": "2020-04-24 22:28:45", "elapsed": 780.487022, "delta": 2.440918}}
{"target": 0.6469678, "params": {"alpha": 0.5993043803166858, "lam": 0.9983818431482229, "max_depth": 9.0, "min_child_weight": 9.0}, "datetime": {"datetime": "2020-04-24 22:28:48", "elapsed": 782.845743, "delta": 2.358721}}
{"target": 0.6463534000000001, "params": {"alpha": 0.5207739583704221, "lam": 0.9978264571315426, "max_depth": 9.0, "min_child_weight": 9.0}, "datetime": {"datetime": "2020-04-24 22:28:50", "elapsed": 785.55545, "delta": 2.709707}}
{"target": 0.6485428000000001, "params": {"alpha": 0.6233300491650048, "lam": 0.9989692598983348, "max_depth": 9.0, "min_child_weight": 9.0}, "datetime": {"datetime": "2020-04-24 22:28:53", "elapsed": 788.197028, "delta": 2.641578}}
{"target": 0.6485442000000001, "params": {"alpha": 0.5983016446138334, "lam": 0.9997439051638491, "max_depth": 9.0, "min_child_weight": 9.0}, "datetime": {"datetime": "2020-04-24 22:28:56", "elapsed": 791.18309, "delta": 2.986062}}
{"target": 0.6455704000000001, "params": {"alpha": 0.5735833229195861, "lam": 0.9951234269328656, "max_depth": 9.0, "min_child_weight": 9.0}, "datetime": {"datetime": "2020-04-24 22:28:59", "elapsed": 793.905714, "delta": 2.722624}}
{"target": 0.6485424, "params": {"alpha": 0.5905428128073943, "lam": 0.9986704690660573, "max_depth": 9.0, "min_child_weight": 9.0}, "datetime": {"datetime": "2020-04-24 22:29:01", "elapsed": 796.569697, "delta": 2.663983}}
{"target": 0.6485392, "params": {"alpha": 0.6739759781806512, "lam": 0.9990200316638748, "max_depth": 9.0, "min_child_weight": 9.0}, "datetime": {"datetime": "2020-04-24 22:29:04", "elapsed": 799.288264, "delta": 2.718567}}
{"target": 0.648544, "params": {"alpha": 0.6187311640019167, "lam": 0.9997106369460178, "max_depth": 9.0, "min_child_weight": 9.0}, "datetime": {"datetime": "2020-04-24 22:29:07", "elapsed": 801.761508, "delta": 2.473244}}
{"target": 0.6469812, "params": {"alpha": 0.65868271048415, "lam": 0.9982607328119828, "max_depth": 9.0, "min_child_weight": 9.0}, "datetime": {"datetime": "2020-04-24 22:29:09", "elapsed": 804.457942, "delta": 2.696434}}
{"target": 0.6485424, "params": {"alpha": 0.5989953019690891, "lam": 0.9988229093633204, "max_depth": 9.0, "min_child_weight": 9.0}, "datetime": {"datetime": "2020-04-24 22:29:12", "elapsed": 807.313433, "delta": 2.855491}}
{"target": 0.6485422, "params": {"alpha": 0.5762655589122911, "lam": 0.9997319187275784, "max_depth": 9.0, "min_child_weight": 9.0}, "datetime": {"datetime": "2020-04-24 22:29:15", "elapsed": 810.176953, "delta": 2.86352}}
{"target": 0.6485428000000001, "params": {"alpha": 0.6203464555842629, "lam": 0.9990224981425823, "max_depth": 9.0, "min_child_weight": 9.0}, "datetime": {"datetime": "2020-04-24 22:29:18", "elapsed": 813.124184, "delta": 2.947231}}
{"target": 0.6469815999999999, "params": {"alpha": 0.6598833879520986, "lam": 0.9983490193430254, "max_depth": 9.0, "min_child_weight": 9.0}, "datetime": {"datetime": "2020-04-24 22:29:21", "elapsed": 815.942126, "delta": 2.817942}}
{"target": 0.6485415999999999, "params": {"alpha": 0.5610505065150379, "lam": 0.9994574403748934, "max_depth": 9.0, "min_child_weight": 9.0}, "datetime": {"datetime": "2020-04-24 22:29:23", "elapsed": 818.594527, "delta": 2.652401}}
{"target": 0.6485402, "params": {"alpha": 0.5826899895649311, "lam": 0.9988129686259062, "max_depth": 9.0, "min_child_weight": 9.0}, "datetime": {"datetime": "2020-04-24 22:29:27", "elapsed": 821.687214, "delta": 3.092687}}
{"target": 0.6479488, "params": {"alpha": 0.6562728997473445, "lam": 0.9999905035088182, "max_depth": 9.0, "min_child_weight": 9.0}, "datetime": {"datetime": "2020-04-24 22:29:29", "elapsed": 824.396569, "delta": 2.709355}}
{"target": 0.6479484, "params": {"alpha": 0.6173163501123148, "lam": 0.9998753591882203, "max_depth": 9.0, "min_child_weight": 9.0}, "datetime": {"datetime": "2020-04-24 22:29:32", "elapsed": 826.986745, "delta": 2.590176}}
{"target": 0.6485436, "params": {"alpha": 0.6113709877149591, "lam": 0.9994598483391273, "max_depth": 9.0, "min_child_weight": 9.0}, "datetime": {"datetime": "2020-04-24 22:29:35", "elapsed": 829.894845, "delta": 2.9081}}
{"target": 0.6463189999999999, "params": {"alpha": 0.6246843073297313, "lam": 0.9975165350820359, "max_depth": 9.0, "min_child_weight": 9.0}, "datetime": {"datetime": "2020-04-24 22:29:38", "elapsed": 833.015641, "delta": 3.120796}}
{"target": 0.6469678, "params": {"alpha": 0.604447886061157, "lam": 0.9983461951346876, "max_depth": 9.0, "min_child_weight": 9.0}, "datetime": {"datetime": "2020-04-24 22:29:41", "elapsed": 836.010344, "delta": 2.994703}}
{"target": 0.6485422, "params": {"alpha": 0.5785187123865243, "lam": 0.9996808233088306, "max_depth": 9.0, "min_child_weight": 9.0}, "datetime": {"datetime": "2020-04-24 22:29:43", "elapsed": 838.490103, "delta": 2.479759}}
{"target": 0.6485422, "params": {"alpha": 0.5162564557449496, "lam": 0.9998295257680124, "max_depth": 9.0, "min_child_weight": 9.0}, "datetime": {"datetime": "2020-04-24 22:29:47", "elapsed": 841.721805, "delta": 3.231702}}
{"target": 0.6469676, "params": {"alpha": 0.5652375605224533, "lam": 0.9983718284254113, "max_depth": 9.0, "min_child_weight": 9.0}, "datetime": {"datetime": "2020-04-24 22:29:49", "elapsed": 844.444658, "delta": 2.722853}}
{"target": 0.6485426000000001, "params": {"alpha": 0.6099951287251487, "lam": 0.998936529867879, "max_depth": 9.0, "min_child_weight": 9.0}, "datetime": {"datetime": "2020-04-24 22:29:53", "elapsed": 847.890625, "delta": 3.445967}}
{"target": 0.6485422, "params": {"alpha": 0.5800277559169349, "lam": 0.9997118003321548, "max_depth": 9.0, "min_child_weight": 9.0}, "datetime": {"datetime": "2020-04-24 22:29:56", "elapsed": 850.98358, "delta": 3.092955}}
{"target": 0.6451714, "params": {"alpha": 0.5866223269251388, "lam": 0.9942736432968509, "max_depth": 9.0, "min_child_weight": 9.0}, "datetime": {"datetime": "2020-04-24 22:29:59", "elapsed": 854.382402, "delta": 3.398822}}
{"target": 0.646968, "params": {"alpha": 0.5797424579634958, "lam": 0.9984582991930352, "max_depth": 9.0, "min_child_weight": 9.0}, "datetime": {"datetime": "2020-04-24 22:30:02", "elapsed": 857.374636, "delta": 2.992234}}
{"target": 0.6485412, "params": {"alpha": 0.48757907706666503, "lam": 0.9992713058927918, "max_depth": 9.0, "min_child_weight": 9.0}, "datetime": {"datetime": "2020-04-24 22:30:06", "elapsed": 860.642462, "delta": 3.267826}}
{"target": 0.6485413999999999, "params": {"alpha": 0.5405057153103536, "lam": 0.9994206589453237, "max_depth": 9.0, "min_child_weight": 9.0}, "datetime": {"datetime": "2020-04-24 22:30:09", "elapsed": 863.927131, "delta": 3.284669}}
{"target": 0.6485408, "params": {"alpha": 0.5466649996320717, "lam": 0.9989090582660631, "max_depth": 9.0, "min_child_weight": 9.0}, "datetime": {"datetime": "2020-04-24 22:30:12", "elapsed": 866.860219, "delta": 2.933088}}
{"target": 0.6485404, "params": {"alpha": 0.49144092163553155, "lam": 0.9990007611465002, "max_depth": 9.0, "min_child_weight": 9.0}, "datetime": {"datetime": "2020-04-24 22:30:15", "elapsed": 870.094917, "delta": 3.234698}}
{"target": 0.648541, "params": {"alpha": 0.5020511557920395, "lam": 0.999239598914353, "max_depth": 9.0, "min_child_weight": 9.0}, "datetime": {"datetime": "2020-04-24 22:30:18", "elapsed": 873.187799, "delta": 3.092882}}
{"target": 0.6485422, "params": {"alpha": 0.46248256118002107, "lam": 0.9998808118275023, "max_depth": 9.0, "min_child_weight": 9.0}, "datetime": {"datetime": "2020-04-24 22:30:21", "elapsed": 876.249629, "delta": 3.06183}}
{"target": 0.6458704, "params": {"alpha": 0.4048994100238025, "lam": 0.9992817031504053, "max_depth": 9.0, "min_child_weight": 9.0}, "datetime": {"datetime": "2020-04-24 22:30:24", "elapsed": 879.578384, "delta": 3.328755}}
{"target": 0.636726, "params": {"alpha": 0.0037244153991348172, "lam": 0.832036774317269, "max_depth": 9.0, "min_child_weight": 9.0}, "datetime": {"datetime": "2020-04-24 22:30:28", "elapsed": 882.997571, "delta": 3.419187}}
{"target": 0.6485413999999999, "params": {"alpha": 0.5898270207954249, "lam": 0.9993895730317889, "max_depth": 9.0, "min_child_weight": 9.0}, "datetime": {"datetime": "2020-04-24 22:30:31", "elapsed": 885.681343, "delta": 2.683772}}
{"target": 0.6485415999999999, "params": {"alpha": 0.5737677427396224, "lam": 0.9994548118939656, "max_depth": 9.0, "min_child_weight": 9.0}, "datetime": {"datetime": "2020-04-24 22:30:34", "elapsed": 888.907145, "delta": 3.225802}}
{"target": 0.6485418000000001, "params": {"alpha": 0.5754910794645688, "lam": 0.9995308516113713, "max_depth": 9.0, "min_child_weight": 9.0}, "datetime": {"datetime": "2020-04-24 22:30:37", "elapsed": 892.148843, "delta": 3.241698}}
{"target": 0.648542, "params": {"alpha": 0.5250778058732616, "lam": 0.9996868185109282, "max_depth": 9.0, "min_child_weight": 9.0}, "datetime": {"datetime": "2020-04-24 22:30:40", "elapsed": 895.23977, "delta": 3.090927}}
{"target": 0.6463532000000001, "params": {"alpha": 0.5403180340355231, "lam": 0.9977805173336033, "max_depth": 9.0, "min_child_weight": 9.0}, "datetime": {"datetime": "2020-04-24 22:30:43", "elapsed": 898.564279, "delta": 3.324509}}
{"target": 0.6485408, "params": {"alpha": 0.4706579282845944, "lam": 0.9992639885240883, "max_depth": 9.0, "min_child_weight": 9.0}, "datetime": {"datetime": "2020-04-24 22:30:47", "elapsed": 901.799576, "delta": 3.235297}}
{"target": 0.6485409999999999, "params": {"alpha": 0.5711903967744526, "lam": 0.9991787010540197, "max_depth": 9.0, "min_child_weight": 9.0}, "datetime": {"datetime": "2020-04-24 22:30:50", "elapsed": 905.017858, "delta": 3.218282}}
{"target": 0.6485418, "params": {"alpha": 0.5577398799668842, "lam": 0.9997108830518796, "max_depth": 9.0, "min_child_weight": 9.0}, "datetime": {"datetime": "2020-04-24 22:30:53", "elapsed": 908.216831, "delta": 3.198973}}
{"target": 0.6479504, "params": {"alpha": 0.5801031540654737, "lam": 0.9999937715281856, "max_depth": 9.0, "min_child_weight": 9.0}, "datetime": {"datetime": "2020-04-24 22:30:56", "elapsed": 911.589448, "delta": 3.372617}}
{"target": 0.6485418000000001, "params": {"alpha": 0.5663703099537811, "lam": 0.9994884428731551, "max_depth": 9.0, "min_child_weight": 9.0}, "datetime": {"datetime": "2020-04-24 22:31:00", "elapsed": 915.063739, "delta": 3.474291}}
{"target": 0.6485407999999999, "params": {"alpha": 0.5349541390136255, "lam": 0.9991448002611988, "max_depth": 9.0, "min_child_weight": 9.0}, "datetime": {"datetime": "2020-04-24 22:31:03", "elapsed": 918.229789, "delta": 3.16605}}
{"target": 0.6455734000000001, "params": {"alpha": 0.5492965743424556, "lam": 0.996690304088244, "max_depth": 9.0, "min_child_weight": 9.0}, "datetime": {"datetime": "2020-04-24 22:31:06", "elapsed": 921.536978, "delta": 3.307189}}
{"target": 0.6485402, "params": {"alpha": 0.5690453812828727, "lam": 0.9987424908656857, "max_depth": 9.0, "min_child_weight": 9.0}, "datetime": {"datetime": "2020-04-24 22:31:10", "elapsed": 924.897968, "delta": 3.36099}}
{"target": 0.6463532000000001, "params": {"alpha": 0.4616889166617919, "lam": 0.9978318197355355, "max_depth": 9.0, "min_child_weight": 9.0}, "datetime": {"datetime": "2020-04-24 22:31:13", "elapsed": 928.3429, "delta": 3.444932}}
{"target": 0.6485402, "params": {"alpha": 0.6258917041466625, "lam": 0.999659534672008, "max_depth": 9.0, "min_child_weight": 9.0}, "datetime": {"datetime": "2020-04-24 22:31:17", "elapsed": 931.980729, "delta": 3.637829}}
{"target": 0.6485406, "params": {"alpha": 0.5323482379830922, "lam": 0.9989718857727294, "max_depth": 9.0, "min_child_weight": 9.0}, "datetime": {"datetime": "2020-04-24 22:31:20", "elapsed": 935.167403, "delta": 3.186674}}
{"target": 0.6485424, "params": {"alpha": 0.5110570176290403, "lam": 0.9998928135296256, "max_depth": 9.0, "min_child_weight": 9.0}, "datetime": {"datetime": "2020-04-24 22:31:24", "elapsed": 938.935822, "delta": 3.768419}}
{"target": 0.6455722, "params": {"alpha": 0.571202386096014, "lam": 0.9961869122497404, "max_depth": 9.0, "min_child_weight": 9.0}, "datetime": {"datetime": "2020-04-24 22:31:27", "elapsed": 942.13274, "delta": 3.196918}}
{"target": 0.6485424, "params": {"alpha": 0.48889038795326367, "lam": 0.9999438451657682, "max_depth": 9.0, "min_child_weight": 9.0}, "datetime": {"datetime": "2020-04-24 22:31:31", "elapsed": 945.703642, "delta": 3.570902}}
{"target": 0.6485426000000001, "params": {"alpha": 0.6141337007729232, "lam": 0.9989786976751777, "max_depth": 9.0, "min_child_weight": 9.0}, "datetime": {"datetime": "2020-04-24 22:31:34", "elapsed": 949.380165, "delta": 3.676523}}
{"target": 0.648542, "params": {"alpha": 0.5179504023597781, "lam": 0.9996941383008946, "max_depth": 9.0, "min_child_weight": 9.0}, "datetime": {"datetime": "2020-04-24 22:31:38", "elapsed": 953.218701, "delta": 3.838536}}
{"target": 0.6485427999999999, "params": {"alpha": 0.6042795240366199, "lam": 0.998958905403765, "max_depth": 9.0, "min_child_weight": 9.0}, "datetime": {"datetime": "2020-04-24 22:31:42", "elapsed": 956.685139, "delta": 3.466438}}
{"target": 0.64854, "params": {"alpha": 0.5226393170387906, "lam": 0.9987101052856225, "max_depth": 9.0, "min_child_weight": 9.0}, "datetime": {"datetime": "2020-04-24 22:31:45", "elapsed": 959.865863, "delta": 3.180724}}
{"target": 0.6485407999999999, "params": {"alpha": 0.542152994999535, "lam": 0.99914476895546, "max_depth": 9.0, "min_child_weight": 9.0}, "datetime": {"datetime": "2020-04-24 22:31:48", "elapsed": 963.307415, "delta": 3.441552}}
{"target": 0.646968, "params": {"alpha": 0.5776832848641356, "lam": 0.9984139177519312, "max_depth": 9.0, "min_child_weight": 9.0}, "datetime": {"datetime": "2020-04-24 22:31:52", "elapsed": 966.691609, "delta": 3.384194}}
{"target": 0.6485399999999999, "params": {"alpha": 0.5314904680560693, "lam": 0.9987588697239083, "max_depth": 9.0, "min_child_weight": 9.0}, "datetime": {"datetime": "2020-04-24 22:31:55", "elapsed": 970.145311, "delta": 3.453702}}
{"target": 0.6485398, "params": {"alpha": 0.5362827187872248, "lam": 0.9985317380548249, "max_depth": 9.0, "min_child_weight": 9.0}, "datetime": {"datetime": "2020-04-24 22:31:58", "elapsed": 973.478353, "delta": 3.333042}}
