{"target": 0.6321652, "params": {"alpha": 0.3785152821364851, "colsample_bytree": 0.8034220063225697, "lam": 0.9030036077767162, "max_depth": 9.0, "min_child_weight": 9.0, "subsample": 0.5002607168222486}, "datetime": {"datetime": "2020-04-24 22:37:44", "elapsed": 1318.81884, "delta": 1.951718}}
{"target": 0.6324392, "params": {"alpha": 0.3785152821364851, "colsample_bytree": 0.8733686698622813, "lam": 0.9030036077767162, "max_depth": 9.0, "min_child_weight": 9.0, "subsample": 0.8997774750903129}, "datetime": {"datetime": "2020-04-24 22:37:46", "elapsed": 1320.673216, "delta": 1.854376}}
{"target": 0.6425218, "params": {"alpha": 0.3785152821364851, "colsample_bytree": 0.8988292638263888, "lam": 0.9030036077767162, "max_depth": 9.0, "min_child_weight": 9.0, "subsample": 0.581702185680803}, "datetime": {"datetime": "2020-04-24 22:37:47", "elapsed": 1322.279478, "delta": 1.606262}}
{"target": 0.6371174000000001, "params": {"alpha": 0.3785152821364851, "colsample_bytree": 0.6532786182292977, "lam": 0.9030036077767162, "max_depth": 9.0, "min_child_weight": 9.0, "subsample": 0.5025599848901834}, "datetime": {"datetime": "2020-04-24 22:37:49", "elapsed": 1324.393285, "delta": 2.113807}}
{"target": 0.6256581999999999, "params": {"alpha": 0.3785152821364851, "colsample_bytree": 0.7147033271859611, "lam": 0.9030036077767162, "max_depth": 9.0, "min_child_weight": 9.0, "subsample": 0.5538561493758305}, "datetime": {"datetime": "2020-04-24 22:37:51", "elapsed": 1325.958482, "delta": 1.565197}}
{"target": 0.6256581999999999, "params": {"alpha": 0.3785152821364851, "colsample_bytree": 0.7147033271859611, "lam": 0.9030036077767162, "max_depth": 9.0, "min_child_weight": 9.0, "subsample": 0.5538561493758305}, "datetime": {"datetime": "2020-04-24 22:37:51", "elapsed": 1326.524095, "delta": 0.565613}}
{"target": 0.6459360000000001, "params": {"alpha": 0.3785152821364851, "colsample_bytree": 0.899999862868701, "lam": 0.9030036077767162, "max_depth": 9.0, "min_child_weight": 9.0, "subsample": 0.8999999175276503}, "datetime": {"datetime": "2020-04-24 22:37:53", "elapsed": 1328.516196, "delta": 1.992101}}
{"target": 0.6459360000000001, "params": {"alpha": 0.3785152821364851, "colsample_bytree": 0.899999862868701, "lam": 0.9030036077767162, "max_depth": 9.0, "min_child_weight": 9.0, "subsample": 0.8999999175276503}, "datetime": {"datetime": "2020-04-24 22:37:54", "elapsed": 1329.328883, "delta": 0.812687}}
{"target": 0.6415356, "params": {"alpha": 0.3785152821364851, "colsample_bytree": 0.8997947319815849, "lam": 0.9030036077767162, "max_depth": 9.0, "min_child_weight": 9.0, "subsample": 0.8894334108021431}, "datetime": {"datetime": "2020-04-24 22:37:57", "elapsed": 1331.78181, "delta": 2.452927}}
{"target": 0.6340462, "params": {"alpha": 0.3785152821364851, "colsample_bytree": 0.8995974028805038, "lam": 0.9030036077767162, "max_depth": 9.0, "min_child_weight": 9.0, "subsample": 0.6170606195056548}, "datetime": {"datetime": "2020-04-24 22:37:59", "elapsed": 1333.890207, "delta": 2.108397}}
{"target": 0.6297710000000001, "params": {"alpha": 0.3785152821364851, "colsample_bytree": 0.8658366792621357, "lam": 0.9030036077767162, "max_depth": 9.0, "min_child_weight": 9.0, "subsample": 0.5581169372184391}, "datetime": {"datetime": "2020-04-24 22:38:01", "elapsed": 1335.974066, "delta": 2.083859}}
{"target": 0.6304332, "params": {"alpha": 0.3785152821364851, "colsample_bytree": 0.8098238082842983, "lam": 0.9030036077767162, "max_depth": 9.0, "min_child_weight": 9.0, "subsample": 0.7567366011533938}, "datetime": {"datetime": "2020-04-24 22:38:03", "elapsed": 1338.484581, "delta": 2.510515}}
{"target": 0.6304332, "params": {"alpha": 0.3785152821364851, "colsample_bytree": 0.8098238082842983, "lam": 0.9030036077767162, "max_depth": 9.0, "min_child_weight": 9.0, "subsample": 0.7567366011533938}, "datetime": {"datetime": "2020-04-24 22:38:04", "elapsed": 1339.315124, "delta": 0.830543}}
{"target": 0.637038, "params": {"alpha": 0.3785152821364851, "colsample_bytree": 0.8994324837549025, "lam": 0.9030036077767162, "max_depth": 9.0, "min_child_weight": 9.0, "subsample": 0.8946149349290655}, "datetime": {"datetime": "2020-04-24 22:38:06", "elapsed": 1341.450031, "delta": 2.134907}}
{"target": 0.6320582, "params": {"alpha": 0.3785152821364851, "colsample_bytree": 0.8996775227342376, "lam": 0.9030036077767162, "max_depth": 9.0, "min_child_weight": 9.0, "subsample": 0.7404714614745816}, "datetime": {"datetime": "2020-04-24 22:38:09", "elapsed": 1343.626488, "delta": 2.176457}}
{"target": 0.6320582, "params": {"alpha": 0.3785152821364851, "colsample_bytree": 0.8996775227342376, "lam": 0.9030036077767162, "max_depth": 9.0, "min_child_weight": 9.0, "subsample": 0.7404714614745816}, "datetime": {"datetime": "2020-04-24 22:38:09", "elapsed": 1344.598857, "delta": 0.972369}}
{"target": 0.6307562, "params": {"alpha": 0.3785152821364851, "colsample_bytree": 0.6190547286410346, "lam": 0.9030036077767162, "max_depth": 9.0, "min_child_weight": 9.0, "subsample": 0.8998702557006291}, "datetime": {"datetime": "2020-04-24 22:38:12", "elapsed": 1346.962625, "delta": 2.363768}}
{"target": 0.6307562, "params": {"alpha": 0.3785152821364851, "colsample_bytree": 0.6190547286410346, "lam": 0.9030036077767162, "max_depth": 9.0, "min_child_weight": 9.0, "subsample": 0.8998702557006291}, "datetime": {"datetime": "2020-04-24 22:38:13", "elapsed": 1347.659138, "delta": 0.696513}}
{"target": 0.6309511999999999, "params": {"alpha": 0.3785152821364851, "colsample_bytree": 0.8998189784567046, "lam": 0.9030036077767162, "max_depth": 9.0, "min_child_weight": 9.0, "subsample": 0.5629436711636466}, "datetime": {"datetime": "2020-04-24 22:38:15", "elapsed": 1349.981084, "delta": 2.321946}}
{"target": 0.6284756, "params": {"alpha": 0.3785152821364851, "colsample_bytree": 0.6308461783227844, "lam": 0.9030036077767162, "max_depth": 9.0, "min_child_weight": 9.0, "subsample": 0.7515910933109682}, "datetime": {"datetime": "2020-04-24 22:38:17", "elapsed": 1351.885072, "delta": 1.903988}}
{"target": 0.612882, "params": {"alpha": 0.3785152821364851, "colsample_bytree": 0.5919892789965537, "lam": 0.9030036077767162, "max_depth": 9.0, "min_child_weight": 9.0, "subsample": 0.500113382122817}, "datetime": {"datetime": "2020-04-24 22:38:19", "elapsed": 1354.007796, "delta": 2.122724}}
{"target": 0.6389509999999999, "params": {"alpha": 0.3785152821364851, "colsample_bytree": 0.6988730842260583, "lam": 0.9030036077767162, "max_depth": 9.0, "min_child_weight": 9.0, "subsample": 0.5000719020458462}, "datetime": {"datetime": "2020-04-24 22:38:21", "elapsed": 1356.488869, "delta": 2.481073}}
{"target": 0.6192930000000001, "params": {"alpha": 0.3785152821364851, "colsample_bytree": 0.680468731618477, "lam": 0.9030036077767162, "max_depth": 9.0, "min_child_weight": 9.0, "subsample": 0.6467345909690085}, "datetime": {"datetime": "2020-04-24 22:38:24", "elapsed": 1358.68775, "delta": 2.198881}}
{"target": 0.6192930000000001, "params": {"alpha": 0.3785152821364851, "colsample_bytree": 0.680468731618477, "lam": 0.9030036077767162, "max_depth": 9.0, "min_child_weight": 9.0, "subsample": 0.6467345909690085}, "datetime": {"datetime": "2020-04-24 22:38:25", "elapsed": 1359.827333, "delta": 1.139583}}
{"target": 0.6192930000000001, "params": {"alpha": 0.3785152821364851, "colsample_bytree": 0.680468731618477, "lam": 0.9030036077767162, "max_depth": 9.0, "min_child_weight": 9.0, "subsample": 0.6467345909690085}, "datetime": {"datetime": "2020-04-24 22:38:26", "elapsed": 1360.654817, "delta": 0.827484}}
{"target": 0.6192930000000001, "params": {"alpha": 0.3785152821364851, "colsample_bytree": 0.680468731618477, "lam": 0.9030036077767162, "max_depth": 9.0, "min_child_weight": 9.0, "subsample": 0.6467345909690085}, "datetime": {"datetime": "2020-04-24 22:38:27", "elapsed": 1361.68745, "delta": 1.032633}}
{"target": 0.6192930000000001, "params": {"alpha": 0.3785152821364851, "colsample_bytree": 0.680468731618477, "lam": 0.9030036077767162, "max_depth": 9.0, "min_child_weight": 9.0, "subsample": 0.6467345909690085}, "datetime": {"datetime": "2020-04-24 22:38:28", "elapsed": 1362.934231, "delta": 1.246781}}
{"target": 0.6192930000000001, "params": {"alpha": 0.3785152821364851, "colsample_bytree": 0.680468731618477, "lam": 0.9030036077767162, "max_depth": 9.0, "min_child_weight": 9.0, "subsample": 0.6467345909690085}, "datetime": {"datetime": "2020-04-24 22:38:29", "elapsed": 1363.802951, "delta": 0.86872}}
{"target": 0.6414356, "params": {"alpha": 0.3785152821364851, "colsample_bytree": 0.8732054977705666, "lam": 0.9030036077767162, "max_depth": 9.0, "min_child_weight": 9.0, "subsample": 0.5994758877586317}, "datetime": {"datetime": "2020-04-24 22:38:31", "elapsed": 1366.431299, "delta": 2.628348}}
{"target": 0.6306084000000001, "params": {"alpha": 0.3785152821364851, "colsample_bytree": 0.8670848995820224, "lam": 0.9030036077767162, "max_depth": 9.0, "min_child_weight": 9.0, "subsample": 0.7852424929999097}, "datetime": {"datetime": "2020-04-24 22:38:34", "elapsed": 1368.723786, "delta": 2.292487}}
{"target": 0.6472442, "params": {"alpha": 0.3785152821364851, "colsample_bytree": 0.8987141429979475, "lam": 0.9030036077767162, "max_depth": 9.0, "min_child_weight": 9.0, "subsample": 0.8995151927795557}, "datetime": {"datetime": "2020-04-24 22:38:37", "elapsed": 1371.688323, "delta": 2.964537}}
{"target": 0.6472442, "params": {"alpha": 0.3785152821364851, "colsample_bytree": 0.8987141429979475, "lam": 0.9030036077767162, "max_depth": 9.0, "min_child_weight": 9.0, "subsample": 0.8995151927795557}, "datetime": {"datetime": "2020-04-24 22:38:38", "elapsed": 1372.836918, "delta": 1.148595}}
{"target": 0.62234, "params": {"alpha": 0.3785152821364851, "colsample_bytree": 0.642310609374167, "lam": 0.9030036077767162, "max_depth": 9.0, "min_child_weight": 9.0, "subsample": 0.555065912673963}, "datetime": {"datetime": "2020-04-24 22:38:40", "elapsed": 1374.984571, "delta": 2.147653}}
{"target": 0.6459360000000001, "params": {"alpha": 0.3785152821364851, "colsample_bytree": 0.9, "lam": 0.9030036077767162, "max_depth": 9.0, "min_child_weight": 9.0, "subsample": 0.8999998884058391}, "datetime": {"datetime": "2020-04-24 22:38:42", "elapsed": 1376.993336, "delta": 2.008765}}
{"target": 0.6459360000000001, "params": {"alpha": 0.3785152821364851, "colsample_bytree": 0.9, "lam": 0.9030036077767162, "max_depth": 9.0, "min_child_weight": 9.0, "subsample": 0.8999998884058391}, "datetime": {"datetime": "2020-04-24 22:38:43", "elapsed": 1377.913337, "delta": 0.920001}}
{"target": 0.6355406, "params": {"alpha": 0.3785152821364851, "colsample_bytree": 0.8988988313099995, "lam": 0.9030036077767162, "max_depth": 9.0, "min_child_weight": 9.0, "subsample": 0.899001556835594}, "datetime": {"datetime": "2020-04-24 22:38:45", "elapsed": 1380.411162, "delta": 2.497825}}
{"target": 0.6459360000000001, "params": {"alpha": 0.3785152821364851, "colsample_bytree": 0.8999999930897825, "lam": 0.9030036077767162, "max_depth": 9.0, "min_child_weight": 9.0, "subsample": 0.8999999957612572}, "datetime": {"datetime": "2020-04-24 22:38:48", "elapsed": 1382.689651, "delta": 2.278489}}
{"target": 0.6463048, "params": {"alpha": 0.3785152821364851, "colsample_bytree": 0.7805023021358883, "lam": 0.9030036077767162, "max_depth": 9.0, "min_child_weight": 9.0, "subsample": 0.899786430925974}, "datetime": {"datetime": "2020-04-24 22:38:50", "elapsed": 1385.166141, "delta": 2.47649}}
{"target": 0.592204, "params": {"alpha": 0.3785152821364851, "colsample_bytree": 0.5, "lam": 0.9030036077767162, "max_depth": 9.0, "min_child_weight": 9.0, "subsample": 0.6591321500716129}, "datetime": {"datetime": "2020-04-24 22:38:52", "elapsed": 1387.563645, "delta": 2.397504}}
{"target": 0.647498, "params": {"alpha": 0.3785152821364851, "colsample_bytree": 0.7985537746667223, "lam": 0.9030036077767162, "max_depth": 9.0, "min_child_weight": 9.0, "subsample": 0.89989645625306}, "datetime": {"datetime": "2020-04-24 22:38:55", "elapsed": 1389.784303, "delta": 2.220658}}
{"target": 0.6433652, "params": {"alpha": 0.3785152821364851, "colsample_bytree": 0.7991772765507981, "lam": 0.9030036077767162, "max_depth": 9.0, "min_child_weight": 9.0, "subsample": 0.8991231857390329}, "datetime": {"datetime": "2020-04-24 22:38:57", "elapsed": 1391.925616, "delta": 2.141313}}
{"target": 0.6442386, "params": {"alpha": 0.3785152821364851, "colsample_bytree": 0.7716656228557764, "lam": 0.9030036077767162, "max_depth": 9.0, "min_child_weight": 9.0, "subsample": 0.8988398095629162}, "datetime": {"datetime": "2020-04-24 22:39:00", "elapsed": 1394.63196, "delta": 2.706344}}
{"target": 0.6320874, "params": {"alpha": 0.3785152821364851, "colsample_bytree": 0.7835462106978177, "lam": 0.9030036077767162, "max_depth": 9.0, "min_child_weight": 9.0, "subsample": 0.8984143518692906}, "datetime": {"datetime": "2020-04-24 22:39:02", "elapsed": 1396.842567, "delta": 2.210607}}
{"target": 0.6080028000000001, "params": {"alpha": 0.3785152821364851, "colsample_bytree": 0.5, "lam": 0.9030036077767162, "max_depth": 9.0, "min_child_weight": 9.0, "subsample": 0.9}, "datetime": {"datetime": "2020-04-24 22:39:04", "elapsed": 1398.734359, "delta": 1.891792}}
{"target": 0.5893582, "params": {"alpha": 0.3785152821364851, "colsample_bytree": 0.5, "lam": 0.9030036077767162, "max_depth": 9.0, "min_child_weight": 9.0, "subsample": 0.5752739882677044}, "datetime": {"datetime": "2020-04-24 22:39:06", "elapsed": 1400.724091, "delta": 1.989732}}
{"target": 0.5981588, "params": {"alpha": 0.3785152821364851, "colsample_bytree": 0.5, "lam": 0.9030036077767162, "max_depth": 9.0, "min_child_weight": 9.0, "subsample": 0.8017101610943621}, "datetime": {"datetime": "2020-04-24 22:39:08", "elapsed": 1402.7445, "delta": 2.020409}}
{"target": 0.6318408000000001, "params": {"alpha": 0.3785152821364851, "colsample_bytree": 0.7531417979446136, "lam": 0.9030036077767162, "max_depth": 9.0, "min_child_weight": 9.0, "subsample": 0.6784181302810622}, "datetime": {"datetime": "2020-04-24 22:39:10", "elapsed": 1404.866648, "delta": 2.122148}}
{"target": 0.601198, "params": {"alpha": 0.3785152821364851, "colsample_bytree": 0.5, "lam": 0.9030036077767162, "max_depth": 9.0, "min_child_weight": 9.0, "subsample": 0.7295123171810772}, "datetime": {"datetime": "2020-04-24 22:39:12", "elapsed": 1406.839828, "delta": 1.97318}}
{"target": 0.638759, "params": {"alpha": 0.3785152821364851, "colsample_bytree": 0.7865725174475959, "lam": 0.9030036077767162, "max_depth": 9.0, "min_child_weight": 9.0, "subsample": 0.5670245620622851}, "datetime": {"datetime": "2020-04-24 22:39:14", "elapsed": 1409.007127, "delta": 2.167299}}
{"target": 0.6109434, "params": {"alpha": 0.3785152821364851, "colsample_bytree": 0.5659840742437885, "lam": 0.9030036077767162, "max_depth": 9.0, "min_child_weight": 9.0, "subsample": 0.5725102924975495}, "datetime": {"datetime": "2020-04-24 22:39:16", "elapsed": 1411.248428, "delta": 2.241301}}
{"target": 0.6278076, "params": {"alpha": 0.3785152821364851, "colsample_bytree": 0.7430788474475676, "lam": 0.9030036077767162, "max_depth": 9.0, "min_child_weight": 9.0, "subsample": 0.6143630495913975}, "datetime": {"datetime": "2020-04-24 22:39:18", "elapsed": 1413.564919, "delta": 2.316491}}
{"target": 0.6154898, "params": {"alpha": 0.3785152821364851, "colsample_bytree": 0.569465250007332, "lam": 0.9030036077767162, "max_depth": 9.0, "min_child_weight": 9.0, "subsample": 0.8995996013026646}, "datetime": {"datetime": "2020-04-24 22:39:21", "elapsed": 1415.79152, "delta": 2.226601}}
{"target": 0.6416578, "params": {"alpha": 0.3785152821364851, "colsample_bytree": 0.766011160912961, "lam": 0.9030036077767162, "max_depth": 9.0, "min_child_weight": 9.0, "subsample": 0.7878299326746492}, "datetime": {"datetime": "2020-04-24 22:39:23", "elapsed": 1418.225986, "delta": 2.434466}}
{"target": 0.6341512, "params": {"alpha": 0.3785152821364851, "colsample_bytree": 0.6673785340271352, "lam": 0.9030036077767162, "max_depth": 9.0, "min_child_weight": 9.0, "subsample": 0.7052771696947309}, "datetime": {"datetime": "2020-04-24 22:39:25", "elapsed": 1420.576589, "delta": 2.350603}}
{"target": 0.6315752, "params": {"alpha": 0.3785152821364851, "colsample_bytree": 0.8486470304894715, "lam": 0.9030036077767162, "max_depth": 9.0, "min_child_weight": 9.0, "subsample": 0.7177793464664691}, "datetime": {"datetime": "2020-04-24 22:39:28", "elapsed": 1423.029257, "delta": 2.452668}}
{"target": 0.6096784, "params": {"alpha": 0.3785152821364851, "colsample_bytree": 0.5834672411951153, "lam": 0.9030036077767162, "max_depth": 9.0, "min_child_weight": 9.0, "subsample": 0.7192895362405005}, "datetime": {"datetime": "2020-04-24 22:39:30", "elapsed": 1425.340731, "delta": 2.311474}}
{"target": 0.6320962, "params": {"alpha": 0.3785152821364851, "colsample_bytree": 0.8571814357431479, "lam": 0.9030036077767162, "max_depth": 9.0, "min_child_weight": 9.0, "subsample": 0.5}, "datetime": {"datetime": "2020-04-24 22:39:33", "elapsed": 1427.75731, "delta": 2.416579}}
{"target": 0.6365876, "params": {"alpha": 0.3785152821364851, "colsample_bytree": 0.8992607808760571, "lam": 0.9030036077767162, "max_depth": 9.0, "min_child_weight": 9.0, "subsample": 0.7791058954695796}, "datetime": {"datetime": "2020-04-24 22:39:35", "elapsed": 1430.14446, "delta": 2.38715}}
{"target": 0.6549742000000001, "params": {"alpha": 0.3785152821364851, "colsample_bytree": 0.6587668560413172, "lam": 0.9030036077767162, "max_depth": 9.0, "min_child_weight": 9.0, "subsample": 0.7904271487560974}, "datetime": {"datetime": "2020-04-24 22:39:38", "elapsed": 1432.875905, "delta": 2.731445}}
{"target": 0.620027, "params": {"alpha": 0.3785152821364851, "colsample_bytree": 0.6175307030588196, "lam": 0.9030036077767162, "max_depth": 9.0, "min_child_weight": 9.0, "subsample": 0.7988586947700892}, "datetime": {"datetime": "2020-04-24 22:39:40", "elapsed": 1435.136931, "delta": 2.261026}}
{"target": 0.6333434, "params": {"alpha": 0.3785152821364851, "colsample_bytree": 0.6742887016832754, "lam": 0.9030036077767162, "max_depth": 9.0, "min_child_weight": 9.0, "subsample": 0.76189875313817}, "datetime": {"datetime": "2020-04-24 22:39:42", "elapsed": 1437.569316, "delta": 2.432385}}
{"target": 0.6447793999999999, "params": {"alpha": 0.3785152821364851, "colsample_bytree": 0.8374050743373791, "lam": 0.9030036077767162, "max_depth": 9.0, "min_child_weight": 9.0, "subsample": 0.8998265885250216}, "datetime": {"datetime": "2020-04-24 22:39:45", "elapsed": 1440.201577, "delta": 2.632261}}
{"target": 0.6373864, "params": {"alpha": 0.3785152821364851, "colsample_bytree": 0.7275954339585462, "lam": 0.9030036077767162, "max_depth": 9.0, "min_child_weight": 9.0, "subsample": 0.8997772246929351}, "datetime": {"datetime": "2020-04-24 22:39:48", "elapsed": 1442.720382, "delta": 2.518805}}
{"target": 0.634966, "params": {"alpha": 0.3785152821364851, "colsample_bytree": 0.6593163147697031, "lam": 0.9030036077767162, "max_depth": 9.0, "min_child_weight": 9.0, "subsample": 0.8989860782871021}, "datetime": {"datetime": "2020-04-24 22:39:50", "elapsed": 1445.081741, "delta": 2.361359}}
{"target": 0.6428280000000001, "params": {"alpha": 0.3785152821364851, "colsample_bytree": 0.7769812995870988, "lam": 0.9030036077767162, "max_depth": 9.0, "min_child_weight": 9.0, "subsample": 0.7194990047023023}, "datetime": {"datetime": "2020-04-24 22:39:53", "elapsed": 1447.661435, "delta": 2.579694}}
{"target": 0.6273288, "params": {"alpha": 0.3785152821364851, "colsample_bytree": 0.7628084781881503, "lam": 0.9030036077767162, "max_depth": 9.0, "min_child_weight": 9.0, "subsample": 0.530126986774169}, "datetime": {"datetime": "2020-04-24 22:39:55", "elapsed": 1450.177148, "delta": 2.515713}}
{"target": 0.6332084, "params": {"alpha": 0.3785152821364851, "colsample_bytree": 0.8251616344610441, "lam": 0.9030036077767162, "max_depth": 9.0, "min_child_weight": 9.0, "subsample": 0.5866073173173384}, "datetime": {"datetime": "2020-04-24 22:39:58", "elapsed": 1452.934048, "delta": 2.7569}}
{"target": 0.62277, "params": {"alpha": 0.3785152821364851, "colsample_bytree": 0.8039457496574902, "lam": 0.9030036077767162, "max_depth": 9.0, "min_child_weight": 9.0, "subsample": 0.6882251223650523}, "datetime": {"datetime": "2020-04-24 22:40:00", "elapsed": 1455.017729, "delta": 2.083681}}
{"target": 0.6305866, "params": {"alpha": 0.3785152821364851, "colsample_bytree": 0.6349464649197142, "lam": 0.9030036077767162, "max_depth": 9.0, "min_child_weight": 9.0, "subsample": 0.6766459122242485}, "datetime": {"datetime": "2020-04-24 22:40:03", "elapsed": 1457.637133, "delta": 2.619404}}
{"target": 0.645969, "params": {"alpha": 0.3785152821364851, "colsample_bytree": 0.6628507207279637, "lam": 0.9030036077767162, "max_depth": 9.0, "min_child_weight": 9.0, "subsample": 0.8038403155701891}, "datetime": {"datetime": "2020-04-24 22:40:05", "elapsed": 1460.345727, "delta": 2.708594}}
{"target": 0.6213598, "params": {"alpha": 0.3785152821364851, "colsample_bytree": 0.6241265664774123, "lam": 0.9030036077767162, "max_depth": 9.0, "min_child_weight": 9.0, "subsample": 0.6053762582845711}, "datetime": {"datetime": "2020-04-24 22:40:08", "elapsed": 1462.695881, "delta": 2.350154}}
{"target": 0.6365706, "params": {"alpha": 0.3785152821364851, "colsample_bytree": 0.7620133240625805, "lam": 0.9030036077767162, "max_depth": 9.0, "min_child_weight": 9.0, "subsample": 0.7528147653930419}, "datetime": {"datetime": "2020-04-24 22:40:10", "elapsed": 1465.357978, "delta": 2.662097}}
{"target": 0.6181293999999999, "params": {"alpha": 0.3785152821364851, "colsample_bytree": 0.8998679741253737, "lam": 0.9030036077767162, "max_depth": 9.0, "min_child_weight": 9.0, "subsample": 0.6878641950495624}, "datetime": {"datetime": "2020-04-24 22:40:13", "elapsed": 1467.781735, "delta": 2.423757}}
