{"target": 0.6335702, "params": {"alpha": 0.2591573438171202, "colsample_bytree": 0.8122141408208566, "lam": 0.9999561852223213, "max_depth": 5.0, "min_child_weight": 3.0, "subsample": 0.8411400477890894}, "datetime": {"datetime": "2020-04-24 21:36:05", "elapsed": 1112.663686, "delta": 2.524606}}
{"target": 0.6153258, "params": {"alpha": 0.2591573438171202, "colsample_bytree": 0.5407243632675828, "lam": 0.9999561852223213, "max_depth": 5.0, "min_child_weight": 3.0, "subsample": 0.7140515359091897}, "datetime": {"datetime": "2020-04-24 21:36:07", "elapsed": 1114.472051, "delta": 1.808365}}
{"target": 0.5959777999999999, "params": {"alpha": 0.2591573438171202, "colsample_bytree": 0.6005100396002452, "lam": 0.9999561852223213, "max_depth": 5.0, "min_child_weight": 3.0, "subsample": 0.5336418050350615}, "datetime": {"datetime": "2020-04-24 21:36:09", "elapsed": 1116.43169, "delta": 1.959639}}
{"target": 0.6339009999999999, "params": {"alpha": 0.2591573438171202, "colsample_bytree": 0.8973684578767827, "lam": 0.9999561852223213, "max_depth": 5.0, "min_child_weight": 3.0, "subsample": 0.8780068374102321}, "datetime": {"datetime": "2020-04-24 21:36:11", "elapsed": 1118.672084, "delta": 2.240394}}
{"target": 0.6355838, "params": {"alpha": 0.2591573438171202, "colsample_bytree": 0.7563067212457948, "lam": 0.9999561852223213, "max_depth": 5.0, "min_child_weight": 3.0, "subsample": 0.7640120554126084}, "datetime": {"datetime": "2020-04-24 21:36:14", "elapsed": 1121.298695, "delta": 2.626611}}
{"target": 0.6376002, "params": {"alpha": 0.2591573438171202, "colsample_bytree": 0.700477187394442, "lam": 0.9999561852223213, "max_depth": 5.0, "min_child_weight": 3.0, "subsample": 0.8999574457924346}, "datetime": {"datetime": "2020-04-24 21:36:16", "elapsed": 1123.464908, "delta": 2.166213}}
{"target": 0.6158254000000001, "params": {"alpha": 0.2591573438171202, "colsample_bytree": 0.789410945218026, "lam": 0.9999561852223213, "max_depth": 5.0, "min_child_weight": 3.0, "subsample": 0.5361161098782994}, "datetime": {"datetime": "2020-04-24 21:36:18", "elapsed": 1125.870773, "delta": 2.405865}}
{"target": 0.6330866, "params": {"alpha": 0.2591573438171202, "colsample_bytree": 0.7063886346618642, "lam": 0.9999561852223213, "max_depth": 5.0, "min_child_weight": 3.0, "subsample": 0.7893995677053653}, "datetime": {"datetime": "2020-04-24 21:36:21", "elapsed": 1128.462567, "delta": 2.591794}}
{"target": 0.6366374, "params": {"alpha": 0.2591573438171202, "colsample_bytree": 0.8304117323701756, "lam": 0.9999561852223213, "max_depth": 5.0, "min_child_weight": 3.0, "subsample": 0.7552967796748024}, "datetime": {"datetime": "2020-04-24 21:36:23", "elapsed": 1130.432238, "delta": 1.969671}}
{"target": 0.63127, "params": {"alpha": 0.2591573438171202, "colsample_bytree": 0.6489740373832426, "lam": 0.9999561852223213, "max_depth": 5.0, "min_child_weight": 3.0, "subsample": 0.8998386724169107}, "datetime": {"datetime": "2020-04-24 21:36:25", "elapsed": 1133.070544, "delta": 2.638306}}
{"target": 0.6355416, "params": {"alpha": 0.2591573438171202, "colsample_bytree": 0.6838284060981501, "lam": 0.9999561852223213, "max_depth": 5.0, "min_child_weight": 3.0, "subsample": 0.8685849575772506}, "datetime": {"datetime": "2020-04-24 21:36:27", "elapsed": 1135.068504, "delta": 1.99796}}
{"target": 0.639642, "params": {"alpha": 0.2591573438171202, "colsample_bytree": 0.8901738813514637, "lam": 0.9999561852223213, "max_depth": 5.0, "min_child_weight": 3.0, "subsample": 0.8225461195169267}, "datetime": {"datetime": "2020-04-24 21:36:30", "elapsed": 1137.399097, "delta": 2.330593}}
{"target": 0.651744, "params": {"alpha": 0.2591573438171202, "colsample_bytree": 0.8666766101579286, "lam": 0.9999561852223213, "max_depth": 5.0, "min_child_weight": 3.0, "subsample": 0.8561902390055716}, "datetime": {"datetime": "2020-04-24 21:36:33", "elapsed": 1140.291445, "delta": 2.892348}}
{"target": 0.6275983999999999, "params": {"alpha": 0.2591573438171202, "colsample_bytree": 0.8678500315827415, "lam": 0.9999561852223213, "max_depth": 5.0, "min_child_weight": 3.0, "subsample": 0.8671124660095826}, "datetime": {"datetime": "2020-04-24 21:36:35", "elapsed": 1142.448011, "delta": 2.156566}}
{"target": 0.5969798000000001, "params": {"alpha": 0.2591573438171202, "colsample_bytree": 0.5388129771056802, "lam": 0.9999561852223213, "max_depth": 5.0, "min_child_weight": 3.0, "subsample": 0.5264270698695712}, "datetime": {"datetime": "2020-04-24 21:36:37", "elapsed": 1144.356903, "delta": 1.908892}}
{"target": 0.6011468000000001, "params": {"alpha": 0.2591573438171202, "colsample_bytree": 0.526978533114045, "lam": 0.9999561852223213, "max_depth": 5.0, "min_child_weight": 3.0, "subsample": 0.6612975857144568}, "datetime": {"datetime": "2020-04-24 21:36:39", "elapsed": 1146.257603, "delta": 1.9007}}
{"target": 0.6030494, "params": {"alpha": 0.2591573438171202, "colsample_bytree": 0.5149653883115053, "lam": 0.9999561852223213, "max_depth": 5.0, "min_child_weight": 3.0, "subsample": 0.8239849621320237}, "datetime": {"datetime": "2020-04-24 21:36:41", "elapsed": 1148.228757, "delta": 1.971154}}
{"target": 0.606011, "params": {"alpha": 0.2591573438171202, "colsample_bytree": 0.5257512119686302, "lam": 0.9999561852223213, "max_depth": 5.0, "min_child_weight": 3.0, "subsample": 0.7512036067414849}, "datetime": {"datetime": "2020-04-24 21:36:43", "elapsed": 1150.253218, "delta": 2.024461}}
{"target": 0.636972, "params": {"alpha": 0.2591573438171202, "colsample_bytree": 0.8559234800335782, "lam": 0.9999561852223213, "max_depth": 5.0, "min_child_weight": 3.0, "subsample": 0.8495769054081762}, "datetime": {"datetime": "2020-04-24 21:36:45", "elapsed": 1152.2242, "delta": 1.970982}}
{"target": 0.6038724, "params": {"alpha": 0.2591573438171202, "colsample_bytree": 0.6034775822139551, "lam": 0.9999561852223213, "max_depth": 5.0, "min_child_weight": 3.0, "subsample": 0.6095088611892208}, "datetime": {"datetime": "2020-04-24 21:36:47", "elapsed": 1154.256167, "delta": 2.031967}}
{"target": 0.592606, "params": {"alpha": 0.2591573438171202, "colsample_bytree": 0.5464899160209472, "lam": 0.9999561852223213, "max_depth": 5.0, "min_child_weight": 3.0, "subsample": 0.6187540341294492}, "datetime": {"datetime": "2020-04-24 21:36:49", "elapsed": 1156.301989, "delta": 2.045822}}
{"target": 0.6177121999999999, "params": {"alpha": 0.2591573438171202, "colsample_bytree": 0.7649944545287349, "lam": 0.9999561852223213, "max_depth": 5.0, "min_child_weight": 3.0, "subsample": 0.6889494510542098}, "datetime": {"datetime": "2020-04-24 21:36:50", "elapsed": 1157.841923, "delta": 1.539934}}
{"target": 0.6360782, "params": {"alpha": 0.2591573438171202, "colsample_bytree": 0.8753744950496668, "lam": 0.9999561852223213, "max_depth": 5.0, "min_child_weight": 3.0, "subsample": 0.5114469378229145}, "datetime": {"datetime": "2020-04-24 21:36:52", "elapsed": 1159.805863, "delta": 1.96394}}
{"target": 0.6373949999999999, "params": {"alpha": 0.2591573438171202, "colsample_bytree": 0.8993584636734201, "lam": 0.9999561852223213, "max_depth": 5.0, "min_child_weight": 3.0, "subsample": 0.7150422460817183}, "datetime": {"datetime": "2020-04-24 21:36:54", "elapsed": 1161.642309, "delta": 1.836446}}
{"target": 0.6343901999999999, "params": {"alpha": 0.2591573438171202, "colsample_bytree": 0.8977207872374611, "lam": 0.9999561852223213, "max_depth": 5.0, "min_child_weight": 3.0, "subsample": 0.7532483505912686}, "datetime": {"datetime": "2020-04-24 21:36:56", "elapsed": 1163.681795, "delta": 2.039486}}
{"target": 0.6120927999999999, "params": {"alpha": 0.2591573438171202, "colsample_bytree": 0.6964363661667141, "lam": 0.9999561852223213, "max_depth": 5.0, "min_child_weight": 3.0, "subsample": 0.6104530306999195}, "datetime": {"datetime": "2020-04-24 21:36:58", "elapsed": 1166.101501, "delta": 2.419706}}
{"target": 0.6105514, "params": {"alpha": 0.2591573438171202, "colsample_bytree": 0.6277996437171884, "lam": 0.9999561852223213, "max_depth": 5.0, "min_child_weight": 3.0, "subsample": 0.5735996007839117}, "datetime": {"datetime": "2020-04-24 21:37:00", "elapsed": 1167.952306, "delta": 1.850805}}
{"target": 0.6382348, "params": {"alpha": 0.2591573438171202, "colsample_bytree": 0.8744381504184606, "lam": 0.9999561852223213, "max_depth": 5.0, "min_child_weight": 3.0, "subsample": 0.848327184978656}, "datetime": {"datetime": "2020-04-24 21:37:03", "elapsed": 1170.45311, "delta": 2.500804}}
{"target": 0.6154426, "params": {"alpha": 0.2591573438171202, "colsample_bytree": 0.8119716340820632, "lam": 0.9999561852223213, "max_depth": 5.0, "min_child_weight": 3.0, "subsample": 0.5748863019430748}, "datetime": {"datetime": "2020-04-24 21:37:05", "elapsed": 1172.384351, "delta": 1.931241}}
{"target": 0.6323686, "params": {"alpha": 0.2591573438171202, "colsample_bytree": 0.8741922082820023, "lam": 0.9999561852223213, "max_depth": 5.0, "min_child_weight": 3.0, "subsample": 0.6454781179776619}, "datetime": {"datetime": "2020-04-24 21:37:06", "elapsed": 1174.095339, "delta": 1.710988}}
{"target": 0.6162824, "params": {"alpha": 0.2591573438171202, "colsample_bytree": 0.8761392088811351, "lam": 0.9999561852223213, "max_depth": 5.0, "min_child_weight": 3.0, "subsample": 0.5648611414023637}, "datetime": {"datetime": "2020-04-24 21:37:08", "elapsed": 1175.896255, "delta": 1.800916}}
{"target": 0.6240348000000001, "params": {"alpha": 0.2591573438171202, "colsample_bytree": 0.6824720473215503, "lam": 0.9999561852223213, "max_depth": 5.0, "min_child_weight": 3.0, "subsample": 0.7227088058820728}, "datetime": {"datetime": "2020-04-24 21:37:10", "elapsed": 1178.114676, "delta": 2.218421}}
{"target": 0.603886, "params": {"alpha": 0.2591573438171202, "colsample_bytree": 0.5346072292842176, "lam": 0.9999561852223213, "max_depth": 5.0, "min_child_weight": 3.0, "subsample": 0.8661201866002259}, "datetime": {"datetime": "2020-04-24 21:37:13", "elapsed": 1180.299965, "delta": 2.185289}}
{"target": 0.6230264, "params": {"alpha": 0.2591573438171202, "colsample_bytree": 0.7356832883869706, "lam": 0.9999561852223213, "max_depth": 5.0, "min_child_weight": 3.0, "subsample": 0.721525467537231}, "datetime": {"datetime": "2020-04-24 21:37:15", "elapsed": 1182.432529, "delta": 2.132564}}
{"target": 0.6281758, "params": {"alpha": 0.2591573438171202, "colsample_bytree": 0.7305439966243884, "lam": 0.9999561852223213, "max_depth": 5.0, "min_child_weight": 3.0, "subsample": 0.5}, "datetime": {"datetime": "2020-04-24 21:37:17", "elapsed": 1184.380264, "delta": 1.947735}}
{"target": 0.6067232, "params": {"alpha": 0.2591573438171202, "colsample_bytree": 0.579421294410713, "lam": 0.9999561852223213, "max_depth": 5.0, "min_child_weight": 3.0, "subsample": 0.7116373767002674}, "datetime": {"datetime": "2020-04-24 21:37:19", "elapsed": 1186.683167, "delta": 2.302903}}
{"target": 0.6108468, "params": {"alpha": 0.2591573438171202, "colsample_bytree": 0.5924848226831767, "lam": 0.9999561852223213, "max_depth": 5.0, "min_child_weight": 3.0, "subsample": 0.821377795400343}, "datetime": {"datetime": "2020-04-24 21:37:21", "elapsed": 1188.357007, "delta": 1.67384}}
{"target": 0.6217598000000001, "params": {"alpha": 0.2591573438171202, "colsample_bytree": 0.6463586195557586, "lam": 0.9999561852223213, "max_depth": 5.0, "min_child_weight": 3.0, "subsample": 0.7129310531855947}, "datetime": {"datetime": "2020-04-24 21:37:23", "elapsed": 1190.46558, "delta": 2.108573}}
{"target": 0.6243896, "params": {"alpha": 0.2591573438171202, "colsample_bytree": 0.8757967958455954, "lam": 0.9999561852223213, "max_depth": 5.0, "min_child_weight": 3.0, "subsample": 0.5}, "datetime": {"datetime": "2020-04-24 21:37:25", "elapsed": 1192.526246, "delta": 2.060666}}
{"target": 0.6352444, "params": {"alpha": 0.2591573438171202, "colsample_bytree": 0.8073408925620735, "lam": 0.9999561852223213, "max_depth": 5.0, "min_child_weight": 3.0, "subsample": 0.7052165766868932}, "datetime": {"datetime": "2020-04-24 21:37:27", "elapsed": 1194.711497, "delta": 2.185251}}
{"target": 0.6114645999999999, "params": {"alpha": 0.2591573438171202, "colsample_bytree": 0.6139883599149494, "lam": 0.9999561852223213, "max_depth": 5.0, "min_child_weight": 3.0, "subsample": 0.5001074230485101}, "datetime": {"datetime": "2020-04-24 21:37:29", "elapsed": 1196.637095, "delta": 1.925598}}
{"target": 0.6331228, "params": {"alpha": 0.2591573438171202, "colsample_bytree": 0.7073901186271534, "lam": 0.9999561852223213, "max_depth": 5.0, "min_child_weight": 3.0, "subsample": 0.8512947994034057}, "datetime": {"datetime": "2020-04-24 21:37:31", "elapsed": 1198.798291, "delta": 2.161196}}
{"target": 0.6293939999999999, "params": {"alpha": 0.2591573438171202, "colsample_bytree": 0.6386382061784376, "lam": 0.9999561852223213, "max_depth": 5.0, "min_child_weight": 3.0, "subsample": 0.7835899689173471}, "datetime": {"datetime": "2020-04-24 21:37:33", "elapsed": 1200.772846, "delta": 1.974555}}
{"target": 0.6216208, "params": {"alpha": 0.2591573438171202, "colsample_bytree": 0.7015721856582942, "lam": 0.9999561852223213, "max_depth": 5.0, "min_child_weight": 3.0, "subsample": 0.6619940690169981}, "datetime": {"datetime": "2020-04-24 21:37:35", "elapsed": 1203.07625, "delta": 2.303404}}
{"target": 0.6171713999999999, "params": {"alpha": 0.2591573438171202, "colsample_bytree": 0.8840677350828494, "lam": 0.9999561852223213, "max_depth": 5.0, "min_child_weight": 3.0, "subsample": 0.6139244067551546}, "datetime": {"datetime": "2020-04-24 21:37:38", "elapsed": 1205.180662, "delta": 2.104412}}
{"target": 0.6045912, "params": {"alpha": 0.2591573438171202, "colsample_bytree": 0.5395948783610103, "lam": 0.9999561852223213, "max_depth": 5.0, "min_child_weight": 3.0, "subsample": 0.5004207109280189}, "datetime": {"datetime": "2020-04-24 21:37:39", "elapsed": 1207.073429, "delta": 1.892767}}
{"target": 0.63696, "params": {"alpha": 0.2591573438171202, "colsample_bytree": 0.7662815267477984, "lam": 0.9999561852223213, "max_depth": 5.0, "min_child_weight": 3.0, "subsample": 0.8638384982167628}, "datetime": {"datetime": "2020-04-24 21:37:42", "elapsed": 1209.662656, "delta": 2.589227}}
{"target": 0.6247356, "params": {"alpha": 0.2591573438171202, "colsample_bytree": 0.8990753139999159, "lam": 0.9999561852223213, "max_depth": 5.0, "min_child_weight": 3.0, "subsample": 0.7381817317505452}, "datetime": {"datetime": "2020-04-24 21:37:44", "elapsed": 1211.861877, "delta": 2.199221}}
{"target": 0.6334588, "params": {"alpha": 0.2591573438171202, "colsample_bytree": 0.8796397980943094, "lam": 0.9999561852223213, "max_depth": 5.0, "min_child_weight": 3.0, "subsample": 0.7745667059106086}, "datetime": {"datetime": "2020-04-24 21:37:46", "elapsed": 1213.849519, "delta": 1.987642}}
{"target": 0.6389566, "params": {"alpha": 0.2591573438171202, "colsample_bytree": 0.7706259533572244, "lam": 0.9999561852223213, "max_depth": 5.0, "min_child_weight": 3.0, "subsample": 0.8413175756175552}, "datetime": {"datetime": "2020-04-24 21:37:49", "elapsed": 1216.64095, "delta": 2.791431}}
{"target": 0.6251158, "params": {"alpha": 0.2591573438171202, "colsample_bytree": 0.8098125781720313, "lam": 0.9999561852223213, "max_depth": 5.0, "min_child_weight": 3.0, "subsample": 0.731149538561498}, "datetime": {"datetime": "2020-04-24 21:37:51", "elapsed": 1218.615438, "delta": 1.974488}}
{"target": 0.6190664, "params": {"alpha": 0.2591573438171202, "colsample_bytree": 0.7382048948536925, "lam": 0.9999561852223213, "max_depth": 5.0, "min_child_weight": 3.0, "subsample": 0.6485871969406672}, "datetime": {"datetime": "2020-04-24 21:37:54", "elapsed": 1221.640689, "delta": 3.025251}}
{"target": 0.6196118, "params": {"alpha": 0.2591573438171202, "colsample_bytree": 0.7782772005673038, "lam": 0.9999561852223213, "max_depth": 5.0, "min_child_weight": 3.0, "subsample": 0.6069883492845001}, "datetime": {"datetime": "2020-04-24 21:37:57", "elapsed": 1224.857233, "delta": 3.216544}}
{"target": 0.6443844000000001, "params": {"alpha": 0.2591573438171202, "colsample_bytree": 0.7581020535237843, "lam": 0.9999561852223213, "max_depth": 5.0, "min_child_weight": 3.0, "subsample": 0.7969719788014393}, "datetime": {"datetime": "2020-04-24 21:38:00", "elapsed": 1227.248562, "delta": 2.391329}}
{"target": 0.6147534, "params": {"alpha": 0.2591573438171202, "colsample_bytree": 0.8644501291512354, "lam": 0.9999561852223213, "max_depth": 5.0, "min_child_weight": 3.0, "subsample": 0.525974032979402}, "datetime": {"datetime": "2020-04-24 21:38:02", "elapsed": 1229.249347, "delta": 2.000785}}
{"target": 0.5891306000000001, "params": {"alpha": 0.2591573438171202, "colsample_bytree": 0.5240721066376782, "lam": 0.9999561852223213, "max_depth": 5.0, "min_child_weight": 3.0, "subsample": 0.5789939919801659}, "datetime": {"datetime": "2020-04-24 21:38:05", "elapsed": 1232.294183, "delta": 3.044836}}
{"target": 0.629533, "params": {"alpha": 0.2591573438171202, "colsample_bytree": 0.6371660134601597, "lam": 0.9999561852223213, "max_depth": 5.0, "min_child_weight": 3.0, "subsample": 0.8580994145743521}, "datetime": {"datetime": "2020-04-24 21:38:07", "elapsed": 1234.829486, "delta": 2.535303}}
{"target": 0.6225736, "params": {"alpha": 0.2591573438171202, "colsample_bytree": 0.7050063550515385, "lam": 0.9999561852223213, "max_depth": 5.0, "min_child_weight": 3.0, "subsample": 0.7114314172771327}, "datetime": {"datetime": "2020-04-24 21:38:09", "elapsed": 1237.098978, "delta": 2.269492}}
{"target": 0.6305408, "params": {"alpha": 0.2591573438171202, "colsample_bytree": 0.8442855141744068, "lam": 0.9999561852223213, "max_depth": 5.0, "min_child_weight": 3.0, "subsample": 0.8998570140058784}, "datetime": {"datetime": "2020-04-24 21:38:12", "elapsed": 1240.043038, "delta": 2.94406}}
{"target": 0.6345946, "params": {"alpha": 0.2591573438171202, "colsample_bytree": 0.82138981675218, "lam": 0.9999561852223213, "max_depth": 5.0, "min_child_weight": 3.0, "subsample": 0.8825114673695338}, "datetime": {"datetime": "2020-04-24 21:38:15", "elapsed": 1242.513269, "delta": 2.470231}}
{"target": 0.6198176, "params": {"alpha": 0.2591573438171202, "colsample_bytree": 0.6190493936449917, "lam": 0.9999561852223213, "max_depth": 5.0, "min_child_weight": 3.0, "subsample": 0.8809995809121229}, "datetime": {"datetime": "2020-04-24 21:38:18", "elapsed": 1245.516534, "delta": 3.003265}}
{"target": 0.6115624, "params": {"alpha": 0.2591573438171202, "colsample_bytree": 0.8209201941763622, "lam": 0.9999561852223213, "max_depth": 5.0, "min_child_weight": 3.0, "subsample": 0.5185491096628625}, "datetime": {"datetime": "2020-04-24 21:38:20", "elapsed": 1247.830417, "delta": 2.313883}}
{"target": 0.6284252, "params": {"alpha": 0.2591573438171202, "colsample_bytree": 0.8924070705656286, "lam": 0.9999561852223213, "max_depth": 5.0, "min_child_weight": 3.0, "subsample": 0.5149293596951695}, "datetime": {"datetime": "2020-04-24 21:38:23", "elapsed": 1250.522063, "delta": 2.691646}}
{"target": 0.6064106, "params": {"alpha": 0.2591573438171202, "colsample_bytree": 0.7402912399392751, "lam": 0.9999561852223213, "max_depth": 5.0, "min_child_weight": 3.0, "subsample": 0.5643621136337447}, "datetime": {"datetime": "2020-04-24 21:38:25", "elapsed": 1252.944026, "delta": 2.421963}}
{"target": 0.6038708, "params": {"alpha": 0.2591573438171202, "colsample_bytree": 0.6866674010624526, "lam": 0.9999561852223213, "max_depth": 5.0, "min_child_weight": 3.0, "subsample": 0.5410079170160773}, "datetime": {"datetime": "2020-04-24 21:38:28", "elapsed": 1255.502613, "delta": 2.558587}}
{"target": 0.6199576, "params": {"alpha": 0.2591573438171202, "colsample_bytree": 0.8287891617870287, "lam": 0.9999561852223213, "max_depth": 5.0, "min_child_weight": 3.0, "subsample": 0.6924312034203153}, "datetime": {"datetime": "2020-04-24 21:38:30", "elapsed": 1258.003215, "delta": 2.500602}}
{"target": 0.6369096000000001, "params": {"alpha": 0.2591573438171202, "colsample_bytree": 0.8991762868438219, "lam": 0.9999561852223213, "max_depth": 5.0, "min_child_weight": 3.0, "subsample": 0.7752436964709879}, "datetime": {"datetime": "2020-04-24 21:38:33", "elapsed": 1260.911561, "delta": 2.908346}}
{"target": 0.63002, "params": {"alpha": 0.2591573438171202, "colsample_bytree": 0.6629407970953591, "lam": 0.9999561852223213, "max_depth": 5.0, "min_child_weight": 3.0, "subsample": 0.8701990517566938}, "datetime": {"datetime": "2020-04-24 21:38:35", "elapsed": 1262.869236, "delta": 1.957675}}
{"target": 0.6256392, "params": {"alpha": 0.2591573438171202, "colsample_bytree": 0.6248452200584025, "lam": 0.9999561852223213, "max_depth": 5.0, "min_child_weight": 3.0, "subsample": 0.7306625292972827}, "datetime": {"datetime": "2020-04-24 21:38:38", "elapsed": 1265.480125, "delta": 2.610889}}
{"target": 0.6525418, "params": {"alpha": 0.2591573438171202, "colsample_bytree": 0.8698331440874678, "lam": 0.9999561852223213, "max_depth": 5.0, "min_child_weight": 3.0, "subsample": 0.8195228822282777}, "datetime": {"datetime": "2020-04-24 21:38:41", "elapsed": 1268.334567, "delta": 2.854442}}
{"target": 0.5951254, "params": {"alpha": 0.2591573438171202, "colsample_bytree": 0.5, "lam": 0.9999561852223213, "max_depth": 5.0, "min_child_weight": 3.0, "subsample": 0.7390627309856364}, "datetime": {"datetime": "2020-04-24 21:38:44", "elapsed": 1271.298791, "delta": 2.964224}}
{"target": 0.653095, "params": {"alpha": 0.2591573438171202, "colsample_bytree": 0.8628107669477885, "lam": 0.9999561852223213, "max_depth": 5.0, "min_child_weight": 3.0, "subsample": 0.8186228838192986}, "datetime": {"datetime": "2020-04-24 21:38:46", "elapsed": 1273.982514, "delta": 2.683723}}
{"target": 0.646355, "params": {"alpha": 0.2591573438171202, "colsample_bytree": 0.8568609744477551, "lam": 0.9999561852223213, "max_depth": 5.0, "min_child_weight": 3.0, "subsample": 0.8198993948593871}, "datetime": {"datetime": "2020-04-24 21:38:49", "elapsed": 1276.740166, "delta": 2.757652}}
