{"target": 0.5920344000000001, "params": {"alpha": 0.4182622485244081, "colsample_bytree": 0.5006705136262917, "lam": 0.9985278039074194, "max_depth": 5.0, "min_child_weight": 3.0, "subsample": 0.7211128138777526}, "datetime": {"datetime": "2020-04-26 11:57:03", "elapsed": 1096.11026, "delta": 1.343261}}
{"target": 0.623242, "params": {"alpha": 0.4182622485244081, "colsample_bytree": 0.8996905829552906, "lam": 0.9985278039074194, "max_depth": 5.0, "min_child_weight": 3.0, "subsample": 0.5866282532345621}, "datetime": {"datetime": "2020-04-26 11:57:05", "elapsed": 1097.829828, "delta": 1.719568}}
{"target": 0.6300988000000001, "params": {"alpha": 0.4182622485244081, "colsample_bytree": 0.7366349158953932, "lam": 0.9985278039074194, "max_depth": 5.0, "min_child_weight": 3.0, "subsample": 0.8519376156288372}, "datetime": {"datetime": "2020-04-26 11:57:06", "elapsed": 1099.386621, "delta": 1.556793}}
{"target": 0.6346692, "params": {"alpha": 0.4182622485244081, "colsample_bytree": 0.8334310422781259, "lam": 0.9985278039074194, "max_depth": 5.0, "min_child_weight": 3.0, "subsample": 0.8990739617991019}, "datetime": {"datetime": "2020-04-26 11:57:08", "elapsed": 1100.918473, "delta": 1.531852}}
{"target": 0.640074, "params": {"alpha": 0.4182622485244081, "colsample_bytree": 0.8299387367118214, "lam": 0.9985278039074194, "max_depth": 5.0, "min_child_weight": 3.0, "subsample": 0.899919354363941}, "datetime": {"datetime": "2020-04-26 11:57:09", "elapsed": 1102.521642, "delta": 1.603169}}
{"target": 0.6396878, "params": {"alpha": 0.4182622485244081, "colsample_bytree": 0.8007853660938988, "lam": 0.9985278039074194, "max_depth": 5.0, "min_child_weight": 3.0, "subsample": 0.8998645107921506}, "datetime": {"datetime": "2020-04-26 11:57:11", "elapsed": 1104.001256, "delta": 1.479614}}
{"target": 0.6390056, "params": {"alpha": 0.4182622485244081, "colsample_bytree": 0.804893667584349, "lam": 0.9985278039074194, "max_depth": 5.0, "min_child_weight": 3.0, "subsample": 0.899957607923165}, "datetime": {"datetime": "2020-04-26 11:57:12", "elapsed": 1105.561739, "delta": 1.560483}}
{"target": 0.6277706000000001, "params": {"alpha": 0.4182622485244081, "colsample_bytree": 0.8049737371279039, "lam": 0.9985278039074194, "max_depth": 5.0, "min_child_weight": 3.0, "subsample": 0.8979109471507092}, "datetime": {"datetime": "2020-04-26 11:57:14", "elapsed": 1107.34367, "delta": 1.781931}}
{"target": 0.6346694, "params": {"alpha": 0.4182622485244081, "colsample_bytree": 0.8354972086336152, "lam": 0.9985278039074194, "max_depth": 5.0, "min_child_weight": 3.0, "subsample": 0.8989956894157101}, "datetime": {"datetime": "2020-04-26 11:57:16", "elapsed": 1109.099764, "delta": 1.756094}}
{"target": 0.6346692, "params": {"alpha": 0.4182622485244081, "colsample_bytree": 0.8402262365253191, "lam": 0.9985278039074194, "max_depth": 5.0, "min_child_weight": 3.0, "subsample": 0.8990741804875073}, "datetime": {"datetime": "2020-04-26 11:57:18", "elapsed": 1110.912914, "delta": 1.81315}}
{"target": 0.6376448, "params": {"alpha": 0.4182622485244081, "colsample_bytree": 0.8344446149931684, "lam": 0.9985278039074194, "max_depth": 5.0, "min_child_weight": 3.0, "subsample": 0.8996176964440199}, "datetime": {"datetime": "2020-04-26 11:57:20", "elapsed": 1112.688332, "delta": 1.775418}}
{"target": 0.6383652000000001, "params": {"alpha": 0.4182622485244081, "colsample_bytree": 0.7171856736753202, "lam": 0.9985278039074194, "max_depth": 5.0, "min_child_weight": 3.0, "subsample": 0.899711143659446}, "datetime": {"datetime": "2020-04-26 11:57:21", "elapsed": 1114.290633, "delta": 1.602301}}
{"target": 0.6345301999999999, "params": {"alpha": 0.4182622485244081, "colsample_bytree": 0.7106251065756732, "lam": 0.9985278039074194, "max_depth": 5.0, "min_child_weight": 3.0, "subsample": 0.8987232020755478}, "datetime": {"datetime": "2020-04-26 11:57:23", "elapsed": 1116.046622, "delta": 1.755989}}
{"target": 0.6383644, "params": {"alpha": 0.4182622485244081, "colsample_bytree": 0.7067611263717657, "lam": 0.9985278039074194, "max_depth": 5.0, "min_child_weight": 3.0, "subsample": 0.8995952312855979}, "datetime": {"datetime": "2020-04-26 11:57:25", "elapsed": 1117.789687, "delta": 1.743065}}
{"target": 0.641903, "params": {"alpha": 0.4182622485244081, "colsample_bytree": 0.725377869533407, "lam": 0.9985278039074194, "max_depth": 5.0, "min_child_weight": 3.0, "subsample": 0.8997617464524457}, "datetime": {"datetime": "2020-04-26 11:57:27", "elapsed": 1119.655792, "delta": 1.866105}}
{"target": 0.6176345999999999, "params": {"alpha": 0.4182622485244081, "colsample_bytree": 0.7234746221866399, "lam": 0.9985278039074194, "max_depth": 5.0, "min_child_weight": 3.0, "subsample": 0.5}, "datetime": {"datetime": "2020-04-26 11:57:28", "elapsed": 1121.00853, "delta": 1.352738}}
{"target": 0.5817933999999999, "params": {"alpha": 0.4182622485244081, "colsample_bytree": 0.5, "lam": 0.9985278039074194, "max_depth": 5.0, "min_child_weight": 3.0, "subsample": 0.6201783090147147}, "datetime": {"datetime": "2020-04-26 11:57:29", "elapsed": 1122.193528, "delta": 1.184998}}
{"target": 0.6053316000000001, "params": {"alpha": 0.4182622485244081, "colsample_bytree": 0.5476250334663292, "lam": 0.9985278039074194, "max_depth": 5.0, "min_child_weight": 3.0, "subsample": 0.8148112502387709}, "datetime": {"datetime": "2020-04-26 11:57:30", "elapsed": 1123.622071, "delta": 1.428543}}
{"target": 0.6105959999999999, "params": {"alpha": 0.4182622485244081, "colsample_bytree": 0.6786612795073559, "lam": 0.9985278039074194, "max_depth": 5.0, "min_child_weight": 3.0, "subsample": 0.5847703388524701}, "datetime": {"datetime": "2020-04-26 11:57:32", "elapsed": 1125.009128, "delta": 1.387057}}
{"target": 0.6337949999999999, "params": {"alpha": 0.4182622485244081, "colsample_bytree": 0.7255591244839021, "lam": 0.9985278039074194, "max_depth": 5.0, "min_child_weight": 3.0, "subsample": 0.89983204209577}, "datetime": {"datetime": "2020-04-26 11:57:34", "elapsed": 1126.755651, "delta": 1.746523}}
{"target": 0.6386838000000001, "params": {"alpha": 0.4182622485244081, "colsample_bytree": 0.7077765711590775, "lam": 0.9985278039074194, "max_depth": 5.0, "min_child_weight": 3.0, "subsample": 0.8996620073384154}, "datetime": {"datetime": "2020-04-26 11:57:35", "elapsed": 1128.502574, "delta": 1.746923}}
{"target": 0.6355190000000001, "params": {"alpha": 0.4182622485244081, "colsample_bytree": 0.7086038007691311, "lam": 0.9985278039074194, "max_depth": 5.0, "min_child_weight": 3.0, "subsample": 0.8992694489381228}, "datetime": {"datetime": "2020-04-26 11:57:37", "elapsed": 1130.070401, "delta": 1.567827}}
{"target": 0.6395071999999999, "params": {"alpha": 0.4182622485244081, "colsample_bytree": 0.7223318665154037, "lam": 0.9985278039074194, "max_depth": 5.0, "min_child_weight": 3.0, "subsample": 0.8994412540543046}, "datetime": {"datetime": "2020-04-26 11:57:39", "elapsed": 1131.72804, "delta": 1.657639}}
{"target": 0.6375995999999999, "params": {"alpha": 0.4182622485244081, "colsample_bytree": 0.7049552335493878, "lam": 0.9985278039074194, "max_depth": 5.0, "min_child_weight": 3.0, "subsample": 0.8999708561522426}, "datetime": {"datetime": "2020-04-26 11:57:40", "elapsed": 1133.183792, "delta": 1.455752}}
{"target": 0.6348904, "params": {"alpha": 0.4182622485244081, "colsample_bytree": 0.7191287058528526, "lam": 0.9985278039074194, "max_depth": 5.0, "min_child_weight": 3.0, "subsample": 0.8999632564718925}, "datetime": {"datetime": "2020-04-26 11:57:42", "elapsed": 1135.169618, "delta": 1.985826}}
{"target": 0.6383652000000001, "params": {"alpha": 0.4182622485244081, "colsample_bytree": 0.7132383371716584, "lam": 0.9985278039074194, "max_depth": 5.0, "min_child_weight": 3.0, "subsample": 0.8996919952256628}, "datetime": {"datetime": "2020-04-26 11:57:44", "elapsed": 1136.969487, "delta": 1.799869}}
{"target": 0.6380060000000001, "params": {"alpha": 0.4182622485244081, "colsample_bytree": 0.7017647887816518, "lam": 0.9985278039074194, "max_depth": 5.0, "min_child_weight": 3.0, "subsample": 0.8995470860763152}, "datetime": {"datetime": "2020-04-26 11:57:46", "elapsed": 1138.720235, "delta": 1.750748}}
{"target": 0.6383644, "params": {"alpha": 0.4182622485244081, "colsample_bytree": 0.7083995389561191, "lam": 0.9985278039074194, "max_depth": 5.0, "min_child_weight": 3.0, "subsample": 0.8995954798031305}, "datetime": {"datetime": "2020-04-26 11:57:47", "elapsed": 1140.317655, "delta": 1.59742}}
{"target": 0.6357294, "params": {"alpha": 0.4182622485244081, "colsample_bytree": 0.7074060108158992, "lam": 0.9985278039074194, "max_depth": 5.0, "min_child_weight": 3.0, "subsample": 0.8999138326107655}, "datetime": {"datetime": "2020-04-26 11:57:49", "elapsed": 1142.020792, "delta": 1.703137}}
{"target": 0.6357294, "params": {"alpha": 0.4182622485244081, "colsample_bytree": 0.7127995318778285, "lam": 0.9985278039074194, "max_depth": 5.0, "min_child_weight": 3.0, "subsample": 0.8999313964109066}, "datetime": {"datetime": "2020-04-26 11:57:51", "elapsed": 1143.834176, "delta": 1.813384}}
{"target": 0.6333728000000001, "params": {"alpha": 0.4182622485244081, "colsample_bytree": 0.7306833314520195, "lam": 0.9985278039074194, "max_depth": 5.0, "min_child_weight": 3.0, "subsample": 0.8998000725910484}, "datetime": {"datetime": "2020-04-26 11:57:52", "elapsed": 1145.547524, "delta": 1.713348}}
{"target": 0.6408208, "params": {"alpha": 0.4182622485244081, "colsample_bytree": 0.8997981371085979, "lam": 0.9985278039074194, "max_depth": 5.0, "min_child_weight": 3.0, "subsample": 0.7658528948808649}, "datetime": {"datetime": "2020-04-26 11:57:54", "elapsed": 1147.327926, "delta": 1.780402}}
{"target": 0.6293784, "params": {"alpha": 0.4182622485244081, "colsample_bytree": 0.8999595600302283, "lam": 0.9985278039074194, "max_depth": 5.0, "min_child_weight": 3.0, "subsample": 0.7668282706557694}, "datetime": {"datetime": "2020-04-26 11:57:56", "elapsed": 1149.155045, "delta": 1.827119}}
{"target": 0.6374586, "params": {"alpha": 0.4182622485244081, "colsample_bytree": 0.7001844636125301, "lam": 0.9985278039074194, "max_depth": 5.0, "min_child_weight": 3.0, "subsample": 0.8988977889734584}, "datetime": {"datetime": "2020-04-26 11:57:58", "elapsed": 1151.085043, "delta": 1.929998}}
{"target": 0.6370768, "params": {"alpha": 0.4182622485244081, "colsample_bytree": 0.7001705788829709, "lam": 0.9985278039074194, "max_depth": 5.0, "min_child_weight": 3.0, "subsample": 0.8836625081990941}, "datetime": {"datetime": "2020-04-26 11:58:00", "elapsed": 1153.045501, "delta": 1.960458}}
{"target": 0.6386852, "params": {"alpha": 0.4182622485244081, "colsample_bytree": 0.6991688269860491, "lam": 0.9985278039074194, "max_depth": 5.0, "min_child_weight": 3.0, "subsample": 0.8815595602933062}, "datetime": {"datetime": "2020-04-26 11:58:02", "elapsed": 1154.716987, "delta": 1.671486}}
{"target": 0.6418486000000001, "params": {"alpha": 0.4182622485244081, "colsample_bytree": 0.6939041753046357, "lam": 0.9985278039074194, "max_depth": 5.0, "min_child_weight": 3.0, "subsample": 0.8726798879760795}, "datetime": {"datetime": "2020-04-26 11:58:04", "elapsed": 1156.893443, "delta": 2.176456}}
{"target": 0.6317896000000001, "params": {"alpha": 0.4182622485244081, "colsample_bytree": 0.679484240257526, "lam": 0.9985278039074194, "max_depth": 5.0, "min_child_weight": 3.0, "subsample": 0.8622867971445881}, "datetime": {"datetime": "2020-04-26 11:58:06", "elapsed": 1158.674947, "delta": 1.781504}}
{"target": 0.6216674000000001, "params": {"alpha": 0.4182622485244081, "colsample_bytree": 0.8216389718564122, "lam": 0.9985278039074194, "max_depth": 5.0, "min_child_weight": 3.0, "subsample": 0.5}, "datetime": {"datetime": "2020-04-26 11:58:07", "elapsed": 1159.991416, "delta": 1.316469}}
{"target": 0.5953417999999999, "params": {"alpha": 0.4182622485244081, "colsample_bytree": 0.5775415839980348, "lam": 0.9985278039074194, "max_depth": 5.0, "min_child_weight": 3.0, "subsample": 0.6085298640228552}, "datetime": {"datetime": "2020-04-26 11:58:08", "elapsed": 1161.349521, "delta": 1.358105}}
{"target": 0.6360560000000001, "params": {"alpha": 0.4182622485244081, "colsample_bytree": 0.702639292055143, "lam": 0.9985278039074194, "max_depth": 5.0, "min_child_weight": 3.0, "subsample": 0.8772295115024857}, "datetime": {"datetime": "2020-04-26 11:58:10", "elapsed": 1163.194581, "delta": 1.84506}}
{"target": 0.6374148, "params": {"alpha": 0.4182622485244081, "colsample_bytree": 0.7033775148172907, "lam": 0.9985278039074194, "max_depth": 5.0, "min_child_weight": 3.0, "subsample": 0.8819113801358445}, "datetime": {"datetime": "2020-04-26 11:58:12", "elapsed": 1165.131879, "delta": 1.937298}}
{"target": 0.6413271999999999, "params": {"alpha": 0.4182622485244081, "colsample_bytree": 0.7022328736844395, "lam": 0.9985278039074194, "max_depth": 5.0, "min_child_weight": 3.0, "subsample": 0.8828596891138462}, "datetime": {"datetime": "2020-04-26 11:58:14", "elapsed": 1166.923611, "delta": 1.791732}}
{"target": 0.637453, "params": {"alpha": 0.4182622485244081, "colsample_bytree": 0.7027174681150015, "lam": 0.9985278039074194, "max_depth": 5.0, "min_child_weight": 3.0, "subsample": 0.8818062236499242}, "datetime": {"datetime": "2020-04-26 11:58:16", "elapsed": 1168.899649, "delta": 1.976038}}
{"target": 0.636949, "params": {"alpha": 0.4182622485244081, "colsample_bytree": 0.6992237470908875, "lam": 0.9985278039074194, "max_depth": 5.0, "min_child_weight": 3.0, "subsample": 0.8835447025489787}, "datetime": {"datetime": "2020-04-26 11:58:18", "elapsed": 1171.003308, "delta": 2.103659}}
{"target": 0.6396307999999999, "params": {"alpha": 0.4182622485244081, "colsample_bytree": 0.7017502126509797, "lam": 0.9985278039074194, "max_depth": 5.0, "min_child_weight": 3.0, "subsample": 0.8826633155293344}, "datetime": {"datetime": "2020-04-26 11:58:20", "elapsed": 1172.754659, "delta": 1.751351}}
{"target": 0.636299, "params": {"alpha": 0.4182622485244081, "colsample_bytree": 0.7040163366791088, "lam": 0.9985278039074194, "max_depth": 5.0, "min_child_weight": 3.0, "subsample": 0.8817534987698719}, "datetime": {"datetime": "2020-04-26 11:58:22", "elapsed": 1175.03597, "delta": 2.281311}}
{"target": 0.6373424, "params": {"alpha": 0.4182622485244081, "colsample_bytree": 0.6990968392654924, "lam": 0.9985278039074194, "max_depth": 5.0, "min_child_weight": 3.0, "subsample": 0.8834933379084053}, "datetime": {"datetime": "2020-04-26 11:58:24", "elapsed": 1176.669802, "delta": 1.633832}}
{"target": 0.6363784000000001, "params": {"alpha": 0.4182622485244081, "colsample_bytree": 0.7008333440944352, "lam": 0.9985278039074194, "max_depth": 5.0, "min_child_weight": 3.0, "subsample": 0.8795256507476215}, "datetime": {"datetime": "2020-04-26 11:58:25", "elapsed": 1178.423482, "delta": 1.75368}}
{"target": 0.631127, "params": {"alpha": 0.4182622485244081, "colsample_bytree": 0.7017675319639636, "lam": 0.9985278039074194, "max_depth": 5.0, "min_child_weight": 3.0, "subsample": 0.884586002610291}, "datetime": {"datetime": "2020-04-26 11:58:27", "elapsed": 1180.203228, "delta": 1.779746}}
{"target": 0.6377584, "params": {"alpha": 0.4182622485244081, "colsample_bytree": 0.7015260816811486, "lam": 0.9985278039074194, "max_depth": 5.0, "min_child_weight": 3.0, "subsample": 0.8973288647424777}, "datetime": {"datetime": "2020-04-26 11:58:29", "elapsed": 1182.187924, "delta": 1.984696}}
{"target": 0.6358978000000001, "params": {"alpha": 0.4182622485244081, "colsample_bytree": 0.6971278025665151, "lam": 0.9985278039074194, "max_depth": 5.0, "min_child_weight": 3.0, "subsample": 0.8986487384517647}, "datetime": {"datetime": "2020-04-26 11:58:31", "elapsed": 1184.053086, "delta": 1.865162}}
{"target": 0.629474, "params": {"alpha": 0.4182622485244081, "colsample_bytree": 0.7071450830962759, "lam": 0.9985278039074194, "max_depth": 5.0, "min_child_weight": 3.0, "subsample": 0.8854418711100605}, "datetime": {"datetime": "2020-04-26 11:58:33", "elapsed": 1186.1188, "delta": 2.065714}}
{"target": 0.6091757999999999, "params": {"alpha": 0.4182622485244081, "colsample_bytree": 0.5735342903067602, "lam": 0.9985278039074194, "max_depth": 5.0, "min_child_weight": 3.0, "subsample": 0.8990048513222586}, "datetime": {"datetime": "2020-04-26 11:58:34", "elapsed": 1187.618769, "delta": 1.499969}}
{"target": 0.6026706, "params": {"alpha": 0.4182622485244081, "colsample_bytree": 0.5790288738689627, "lam": 0.9985278039074194, "max_depth": 5.0, "min_child_weight": 3.0, "subsample": 0.7346559374252422}, "datetime": {"datetime": "2020-04-26 11:58:36", "elapsed": 1189.132181, "delta": 1.513412}}
{"target": 0.5938882, "params": {"alpha": 0.4182622485244081, "colsample_bytree": 0.5000346334165258, "lam": 0.9985278039074194, "max_depth": 5.0, "min_child_weight": 3.0, "subsample": 0.7956625824519241}, "datetime": {"datetime": "2020-04-26 11:58:38", "elapsed": 1190.716291, "delta": 1.58411}}
{"target": 0.6334498, "params": {"alpha": 0.4182622485244081, "colsample_bytree": 0.8080206348067764, "lam": 0.9985278039074194, "max_depth": 5.0, "min_child_weight": 3.0, "subsample": 0.8049901882849329}, "datetime": {"datetime": "2020-04-26 11:58:39", "elapsed": 1192.251018, "delta": 1.534727}}
{"target": 0.6176860000000001, "params": {"alpha": 0.4182622485244081, "colsample_bytree": 0.8546877780226095, "lam": 0.9985278039074194, "max_depth": 5.0, "min_child_weight": 3.0, "subsample": 0.5549909945410094}, "datetime": {"datetime": "2020-04-26 11:58:41", "elapsed": 1193.746847, "delta": 1.495829}}
{"target": 0.5694312000000001, "params": {"alpha": 0.4182622485244081, "colsample_bytree": 0.5, "lam": 0.9985278039074194, "max_depth": 5.0, "min_child_weight": 3.0, "subsample": 0.5}, "datetime": {"datetime": "2020-04-26 11:58:42", "elapsed": 1195.580622, "delta": 1.833775}}
{"target": 0.6161142, "params": {"alpha": 0.4182622485244081, "colsample_bytree": 0.6560516672752893, "lam": 0.9985278039074194, "max_depth": 5.0, "min_child_weight": 3.0, "subsample": 0.5000670893899077}, "datetime": {"datetime": "2020-04-26 11:58:44", "elapsed": 1197.349291, "delta": 1.768669}}
{"target": 0.6431514, "params": {"alpha": 0.4182622485244081, "colsample_bytree": 0.8587512439289384, "lam": 0.9985278039074194, "max_depth": 5.0, "min_child_weight": 3.0, "subsample": 0.8179829785724808}, "datetime": {"datetime": "2020-04-26 11:58:46", "elapsed": 1199.392927, "delta": 2.043636}}
{"target": 0.6159256, "params": {"alpha": 0.4182622485244081, "colsample_bytree": 0.8492035547157714, "lam": 0.9985278039074194, "max_depth": 5.0, "min_child_weight": 3.0, "subsample": 0.6401041837643221}, "datetime": {"datetime": "2020-04-26 11:58:48", "elapsed": 1201.123019, "delta": 1.730092}}
{"target": 0.6171742, "params": {"alpha": 0.4182622485244081, "colsample_bytree": 0.8041778629077867, "lam": 0.9985278039074194, "max_depth": 5.0, "min_child_weight": 3.0, "subsample": 0.6915437247802226}, "datetime": {"datetime": "2020-04-26 11:58:50", "elapsed": 1203.158008, "delta": 2.034989}}
{"target": 0.6326252, "params": {"alpha": 0.4182622485244081, "colsample_bytree": 0.849870008001945, "lam": 0.9985278039074194, "max_depth": 5.0, "min_child_weight": 3.0, "subsample": 0.8078663898598981}, "datetime": {"datetime": "2020-04-26 11:58:52", "elapsed": 1205.052685, "delta": 1.894677}}
{"target": 0.6191064, "params": {"alpha": 0.4182622485244081, "colsample_bytree": 0.6373297931068677, "lam": 0.9985278039074194, "max_depth": 5.0, "min_child_weight": 3.0, "subsample": 0.7553271688855288}, "datetime": {"datetime": "2020-04-26 11:58:54", "elapsed": 1207.050268, "delta": 1.997583}}
{"target": 0.6307357999999998, "params": {"alpha": 0.4182622485244081, "colsample_bytree": 0.7112282343121139, "lam": 0.9985278039074194, "max_depth": 5.0, "min_child_weight": 3.0, "subsample": 0.6333973018254091}, "datetime": {"datetime": "2020-04-26 11:58:56", "elapsed": 1208.889058, "delta": 1.83879}}
{"target": 0.5946448, "params": {"alpha": 0.4182622485244081, "colsample_bytree": 0.5501170253706615, "lam": 0.9985278039074194, "max_depth": 5.0, "min_child_weight": 3.0, "subsample": 0.6737609400635848}, "datetime": {"datetime": "2020-04-26 11:58:58", "elapsed": 1210.779064, "delta": 1.890006}}
{"target": 0.6304162, "params": {"alpha": 0.4182622485244081, "colsample_bytree": 0.7529013973592723, "lam": 0.9985278039074194, "max_depth": 5.0, "min_child_weight": 3.0, "subsample": 0.8013160097844928}, "datetime": {"datetime": "2020-04-26 11:59:00", "elapsed": 1213.287038, "delta": 2.507974}}
{"target": 0.619213, "params": {"alpha": 0.4182622485244081, "colsample_bytree": 0.8831945600739923, "lam": 0.9985278039074194, "max_depth": 5.0, "min_child_weight": 3.0, "subsample": 0.7270212580285826}, "datetime": {"datetime": "2020-04-26 11:59:02", "elapsed": 1215.135408, "delta": 1.84837}}
{"target": 0.6256472, "params": {"alpha": 0.4182622485244081, "colsample_bytree": 0.8998898274169416, "lam": 0.9985278039074194, "max_depth": 5.0, "min_child_weight": 3.0, "subsample": 0.6409724294881628}, "datetime": {"datetime": "2020-04-26 11:59:04", "elapsed": 1217.325348, "delta": 2.18994}}
{"target": 0.6334144, "params": {"alpha": 0.4182622485244081, "colsample_bytree": 0.787713497632678, "lam": 0.9985278039074194, "max_depth": 5.0, "min_child_weight": 3.0, "subsample": 0.7493056149567805}, "datetime": {"datetime": "2020-04-26 11:59:07", "elapsed": 1219.922296, "delta": 2.596948}}
{"target": 0.617999, "params": {"alpha": 0.4182622485244081, "colsample_bytree": 0.6498910030833205, "lam": 0.9985278039074194, "max_depth": 5.0, "min_child_weight": 3.0, "subsample": 0.6295700319837367}, "datetime": {"datetime": "2020-04-26 11:59:09", "elapsed": 1221.86679, "delta": 1.944494}}
{"target": 0.6364478, "params": {"alpha": 0.4182622485244081, "colsample_bytree": 0.8468360410388521, "lam": 0.9985278039074194, "max_depth": 5.0, "min_child_weight": 3.0, "subsample": 0.839179252275073}, "datetime": {"datetime": "2020-04-26 11:59:11", "elapsed": 1224.345116, "delta": 2.478326}}
