{"target": 0.6311198, "params": {"max_depth": 7.006156428987284, "min_child_weight": 7.280439906444614}, "datetime": {"datetime": "2020-04-24 22:15:45", "elapsed": 0.0, "delta": 0.0}}
{"target": 0.6432156, "params": {"max_depth": 6.233996721385148, "min_child_weight": 9.34320392721812}, "datetime": {"datetime": "2020-04-24 22:15:46", "elapsed": 0.84676, "delta": 0.84676}}
{"target": 0.6279406, "params": {"max_depth": 8.195515724828544, "min_child_weight": 5.646662797218611}, "datetime": {"datetime": "2020-04-24 22:15:47", "elapsed": 1.920597, "delta": 1.073837}}
{"target": 0.6340136, "params": {"max_depth": 4.529268258758825, "min_child_weight": 1.837936881203556}, "datetime": {"datetime": "2020-04-24 22:15:48", "elapsed": 2.735938, "delta": 0.815341}}
{"target": 0.6433128, "params": {"max_depth": 7.110914588836017, "min_child_weight": 8.570086014197013}, "datetime": {"datetime": "2020-04-24 22:15:49", "elapsed": 3.644463, "delta": 0.908525}}
{"target": 0.6356678, "params": {"max_depth": 5.655301430594309, "min_child_weight": 8.114315753639836}, "datetime": {"datetime": "2020-04-24 22:15:49", "elapsed": 4.484784, "delta": 0.840321}}
{"target": 0.6206210000000001, "params": {"max_depth": 8.034866534642006, "min_child_weight": 2.650150980048061}, "datetime": {"datetime": "2020-04-24 22:15:51", "elapsed": 5.628157, "delta": 1.143373}}
{"target": 0.604073, "params": {"max_depth": 3.2722132326239306, "min_child_weight": 5.797885362271005}, "datetime": {"datetime": "2020-04-24 22:15:51", "elapsed": 6.365201, "delta": 0.737044}}
{"target": 0.6071076, "params": {"max_depth": 8.593615700361893, "min_child_weight": 3.0629020059865084}, "datetime": {"datetime": "2020-04-24 22:15:53", "elapsed": 7.807112, "delta": 1.441911}}
{"target": 0.6071076, "params": {"max_depth": 8.765719224739486, "min_child_weight": 2.639435023047354}, "datetime": {"datetime": "2020-04-24 22:15:54", "elapsed": 9.193572, "delta": 1.38646}}
{"target": 0.6373406000000001, "params": {"max_depth": 9.910650425067269, "min_child_weight": 9.855991573432318}, "datetime": {"datetime": "2020-04-24 22:15:56", "elapsed": 10.900596, "delta": 1.707024}}
{"target": 0.601726, "params": {"max_depth": 3.056200397901807, "min_child_weight": 9.989267147551635}, "datetime": {"datetime": "2020-04-24 22:15:57", "elapsed": 11.885116, "delta": 0.98452}}
{"target": 0.6151066000000001, "params": {"max_depth": 6.164454198423067, "min_child_weight": 1.0003875812887482}, "datetime": {"datetime": "2020-04-24 22:15:58", "elapsed": 13.000458, "delta": 1.115342}}
{"target": 0.5992012, "params": {"max_depth": 3.0084220123587864, "min_child_weight": 1.0138765147745348}, "datetime": {"datetime": "2020-04-24 22:15:59", "elapsed": 13.975065, "delta": 0.974607}}
{"target": 0.6293398, "params": {"max_depth": 9.99029618955312, "min_child_weight": 7.7348518136977855}, "datetime": {"datetime": "2020-04-24 22:16:01", "elapsed": 15.635074, "delta": 1.660009}}
{"target": 0.6344196, "params": {"max_depth": 5.398172104808992, "min_child_weight": 3.8819776658911733}, "datetime": {"datetime": "2020-04-24 22:16:02", "elapsed": 16.720539, "delta": 1.085465}}
{"target": 0.6419294, "params": {"max_depth": 8.15128141531158, "min_child_weight": 9.999683486301876}, "datetime": {"datetime": "2020-04-24 22:16:03", "elapsed": 18.034413, "delta": 1.313874}}
{"target": 0.6017268, "params": {"max_depth": 3.0326342076158768, "min_child_weight": 3.0847640526106197}, "datetime": {"datetime": "2020-04-24 22:16:04", "elapsed": 19.046853, "delta": 1.01244}}
{"target": 0.6461694000000001, "params": {"max_depth": 8.792653721069719, "min_child_weight": 8.805297945647272}, "datetime": {"datetime": "2020-04-24 22:16:05", "elapsed": 20.489139, "delta": 1.442286}}
{"target": 0.6408421999999999, "params": {"max_depth": 5.838532739242895, "min_child_weight": 2.6509515735460187}, "datetime": {"datetime": "2020-04-24 22:16:07", "elapsed": 21.652515, "delta": 1.163376}}
{"target": 0.6393713999999999, "params": {"max_depth": 7.938445404041241, "min_child_weight": 9.185894264121462}, "datetime": {"datetime": "2020-04-24 22:16:08", "elapsed": 22.988569, "delta": 1.336054}}
{"target": 0.5938036, "params": {"max_depth": 9.98274550996973, "min_child_weight": 1.0384121512029445}, "datetime": {"datetime": "2020-04-24 22:16:10", "elapsed": 25.400366, "delta": 2.411797}}
{"target": 0.6399627999999999, "params": {"max_depth": 5.094084810786088, "min_child_weight": 9.981788890944227}, "datetime": {"datetime": "2020-04-24 22:16:12", "elapsed": 26.817625, "delta": 1.417259}}
{"target": 0.636115, "params": {"max_depth": 8.683050979741587, "min_child_weight": 7.706544231709438}, "datetime": {"datetime": "2020-04-24 22:16:13", "elapsed": 28.449084, "delta": 1.631459}}
{"target": 0.6363366, "params": {"max_depth": 6.466003066534406, "min_child_weight": 9.98580679224827}, "datetime": {"datetime": "2020-04-24 22:16:15", "elapsed": 29.639836, "delta": 1.190752}}
{"target": 0.6321364, "params": {"max_depth": 4.465789694955177, "min_child_weight": 8.983851505138801}, "datetime": {"datetime": "2020-04-24 22:16:16", "elapsed": 30.798853, "delta": 1.159017}}
{"target": 0.6461694000000001, "params": {"max_depth": 9.14039211642239, "min_child_weight": 9.369316724434059}, "datetime": {"datetime": "2020-04-24 22:16:17", "elapsed": 32.359925, "delta": 1.561072}}
{"target": 0.6390513999999999, "params": {"max_depth": 8.982094859038366, "min_child_weight": 9.924341997018633}, "datetime": {"datetime": "2020-04-24 22:16:19", "elapsed": 34.05683, "delta": 1.696905}}
{"target": 0.6434684, "params": {"max_depth": 9.6375700886908, "min_child_weight": 8.88587762232889}, "datetime": {"datetime": "2020-04-24 22:16:21", "elapsed": 35.920888, "delta": 1.864058}}
{"target": 0.6461694000000001, "params": {"max_depth": 9.041496957676888, "min_child_weight": 8.935850046958446}, "datetime": {"datetime": "2020-04-24 22:16:22", "elapsed": 37.54042, "delta": 1.619532}}
{"target": 0.6303097999999999, "params": {"max_depth": 6.628488930703242, "min_child_weight": 4.008708414708495}, "datetime": {"datetime": "2020-04-24 22:16:24", "elapsed": 39.135935, "delta": 1.595515}}
{"target": 0.6461694000000001, "params": {"max_depth": 9.103708514516562, "min_child_weight": 9.059303710231887}, "datetime": {"datetime": "2020-04-24 22:16:26", "elapsed": 40.760206, "delta": 1.624271}}
{"target": 0.6461694000000001, "params": {"max_depth": 9.06279080807383, "min_child_weight": 8.979951904306864}, "datetime": {"datetime": "2020-04-24 22:16:27", "elapsed": 42.387466, "delta": 1.62726}}
{"target": 0.6461694000000001, "params": {"max_depth": 9.08302622623409, "min_child_weight": 9.040637137226515}, "datetime": {"datetime": "2020-04-24 22:16:29", "elapsed": 44.178624, "delta": 1.791158}}
{"target": 0.6461694000000001, "params": {"max_depth": 9.150408946953092, "min_child_weight": 8.841500751263288}, "datetime": {"datetime": "2020-04-24 22:16:31", "elapsed": 45.984557, "delta": 1.805933}}
{"target": 0.6432156, "params": {"max_depth": 5.661116037413912, "min_child_weight": 9.146070562540197}, "datetime": {"datetime": "2020-04-24 22:16:32", "elapsed": 47.361876, "delta": 1.377319}}
{"target": 0.6461694000000001, "params": {"max_depth": 8.99537291145863, "min_child_weight": 9.136530406374192}, "datetime": {"datetime": "2020-04-24 22:16:34", "elapsed": 49.156681, "delta": 1.794805}}
{"target": 0.6461694000000001, "params": {"max_depth": 9.167345520488976, "min_child_weight": 9.029871295758387}, "datetime": {"datetime": "2020-04-24 22:16:36", "elapsed": 50.939901, "delta": 1.78322}}
{"target": 0.6461694000000001, "params": {"max_depth": 8.98005274297905, "min_child_weight": 9.104137838369056}, "datetime": {"datetime": "2020-04-24 22:16:37", "elapsed": 52.58691, "delta": 1.647009}}
{"target": 0.6461694000000001, "params": {"max_depth": 9.10936565315593, "min_child_weight": 8.857282127660735}, "datetime": {"datetime": "2020-04-24 22:16:39", "elapsed": 54.361357, "delta": 1.774447}}
{"target": 0.6461694000000001, "params": {"max_depth": 9.23610355683621, "min_child_weight": 9.072407400894997}, "datetime": {"datetime": "2020-04-24 22:16:41", "elapsed": 56.273426, "delta": 1.912069}}
{"target": 0.6461694000000001, "params": {"max_depth": 8.940854558718975, "min_child_weight": 9.038226729198849}, "datetime": {"datetime": "2020-04-24 22:16:43", "elapsed": 57.990463, "delta": 1.717037}}
{"target": 0.6461694000000001, "params": {"max_depth": 9.104863454678187, "min_child_weight": 8.855855678834232}, "datetime": {"datetime": "2020-04-24 22:16:44", "elapsed": 59.578837, "delta": 1.588374}}
{"target": 0.6461694000000001, "params": {"max_depth": 9.247797572350734, "min_child_weight": 9.016416878186103}, "datetime": {"datetime": "2020-04-24 22:16:46", "elapsed": 61.249923, "delta": 1.671086}}
{"target": 0.6461694000000001, "params": {"max_depth": 8.951907956305654, "min_child_weight": 9.113330905139772}, "datetime": {"datetime": "2020-04-24 22:16:48", "elapsed": 62.989214, "delta": 1.739291}}
{"target": 0.6461694000000001, "params": {"max_depth": 9.201054814449293, "min_child_weight": 9.083428870624337}, "datetime": {"datetime": "2020-04-24 22:16:50", "elapsed": 64.671513, "delta": 1.682299}}
{"target": 0.6461694000000001, "params": {"max_depth": 9.04223617625907, "min_child_weight": 8.836085609048995}, "datetime": {"datetime": "2020-04-24 22:16:51", "elapsed": 66.415799, "delta": 1.744286}}
{"target": 0.6461694000000001, "params": {"max_depth": 8.93015855656105, "min_child_weight": 9.074837007813985}, "datetime": {"datetime": "2020-04-24 22:16:53", "elapsed": 68.134753, "delta": 1.718954}}
{"target": 0.6461694000000001, "params": {"max_depth": 9.21808086462891, "min_child_weight": 9.084983556897553}, "datetime": {"datetime": "2020-04-24 22:16:55", "elapsed": 69.803991, "delta": 1.669238}}
{"target": 0.6461694000000001, "params": {"max_depth": 9.062008758889327, "min_child_weight": 8.869208971508034}, "datetime": {"datetime": "2020-04-24 22:16:56", "elapsed": 71.527968, "delta": 1.723977}}
{"target": 0.6461694000000001, "params": {"max_depth": 8.975545173253376, "min_child_weight": 9.066603718990919}, "datetime": {"datetime": "2020-04-24 22:16:58", "elapsed": 73.323813, "delta": 1.795845}}
{"target": 0.6461694000000001, "params": {"max_depth": 9.196776888151263, "min_child_weight": 9.036902750806302}, "datetime": {"datetime": "2020-04-24 22:17:00", "elapsed": 74.979971, "delta": 1.656158}}
{"target": 0.6461694000000001, "params": {"max_depth": 9.162165411454087, "min_child_weight": 8.893007982004331}, "datetime": {"datetime": "2020-04-24 22:17:02", "elapsed": 76.728702, "delta": 1.748731}}
{"target": 0.6461694000000001, "params": {"max_depth": 8.994593174315346, "min_child_weight": 9.042143489798727}, "datetime": {"datetime": "2020-04-24 22:17:03", "elapsed": 78.470822, "delta": 1.74212}}
{"target": 0.6461694000000001, "params": {"max_depth": 9.243313185430885, "min_child_weight": 9.118778078312062}, "datetime": {"datetime": "2020-04-24 22:17:05", "elapsed": 80.185262, "delta": 1.71444}}
{"target": 0.6461694000000001, "params": {"max_depth": 9.025152576450559, "min_child_weight": 8.885516653345519}, "datetime": {"datetime": "2020-04-24 22:17:07", "elapsed": 81.891582, "delta": 1.70632}}
{"target": 0.6461694000000001, "params": {"max_depth": 8.96589841210341, "min_child_weight": 9.073706863649756}, "datetime": {"datetime": "2020-04-24 22:17:09", "elapsed": 83.638664, "delta": 1.747082}}
{"target": 0.6461694000000001, "params": {"max_depth": 9.235391218238256, "min_child_weight": 9.052538138580857}, "datetime": {"datetime": "2020-04-24 22:17:10", "elapsed": 85.470157, "delta": 1.831493}}
{"target": 0.6461694000000001, "params": {"max_depth": 8.971761872426057, "min_child_weight": 9.049473591533342}, "datetime": {"datetime": "2020-04-24 22:17:12", "elapsed": 87.239774, "delta": 1.769617}}
{"target": 0.6461694000000001, "params": {"max_depth": 9.108099078416544, "min_child_weight": 8.84882851832656}, "datetime": {"datetime": "2020-04-24 22:17:14", "elapsed": 89.051344, "delta": 1.81157}}
{"target": 0.6461694000000001, "params": {"max_depth": 9.153906949517559, "min_child_weight": 9.106466197963096}, "datetime": {"datetime": "2020-04-24 22:17:16", "elapsed": 90.923371, "delta": 1.872027}}
{"target": 0.6461694000000001, "params": {"max_depth": 9.08882692505275, "min_child_weight": 8.900864038545844}, "datetime": {"datetime": "2020-04-24 22:17:18", "elapsed": 92.796386, "delta": 1.873015}}
{"target": 0.6461694000000001, "params": {"max_depth": 9.194564453312267, "min_child_weight": 9.114655745455078}, "datetime": {"datetime": "2020-04-24 22:17:19", "elapsed": 94.534654, "delta": 1.738268}}
{"target": 0.6461694000000001, "params": {"max_depth": 8.946968057942705, "min_child_weight": 8.957698244869315}, "datetime": {"datetime": "2020-04-24 22:17:21", "elapsed": 96.294276, "delta": 1.759622}}
{"target": 0.6461694000000001, "params": {"max_depth": 9.133399594262128, "min_child_weight": 8.870662321039385}, "datetime": {"datetime": "2020-04-24 22:17:23", "elapsed": 97.978169, "delta": 1.683893}}
{"target": 0.6461694000000001, "params": {"max_depth": 9.119403592225336, "min_child_weight": 9.102348563135239}, "datetime": {"datetime": "2020-04-24 22:17:25", "elapsed": 99.708016, "delta": 1.729847}}
{"target": 0.6461694000000001, "params": {"max_depth": 8.939976331456437, "min_child_weight": 9.04567247593254}, "datetime": {"datetime": "2020-04-24 22:17:26", "elapsed": 101.61185, "delta": 1.903834}}
{"target": 0.6461694000000001, "params": {"max_depth": 9.062966862117893, "min_child_weight": 8.86815030360299}, "datetime": {"datetime": "2020-04-24 22:17:28", "elapsed": 103.448287, "delta": 1.836437}}
{"target": 0.6461694000000001, "params": {"max_depth": 9.241674673772312, "min_child_weight": 9.025917408095868}, "datetime": {"datetime": "2020-04-24 22:17:30", "elapsed": 105.175559, "delta": 1.727272}}
{"target": 0.6461694000000001, "params": {"max_depth": 9.02638349786567, "min_child_weight": 9.12153335061891}, "datetime": {"datetime": "2020-04-24 22:17:32", "elapsed": 107.130716, "delta": 1.955157}}
{"target": 0.6461694000000001, "params": {"max_depth": 8.962162871568964, "min_child_weight": 9.060322520897683}, "datetime": {"datetime": "2020-04-24 22:17:34", "elapsed": 108.937627, "delta": 1.806911}}
{"target": 0.6461694000000001, "params": {"max_depth": 9.193628376248341, "min_child_weight": 9.080269034061429}, "datetime": {"datetime": "2020-04-24 22:17:36", "elapsed": 111.097343, "delta": 2.159716}}
{"target": 0.6461694000000001, "params": {"max_depth": 9.17130075956895, "min_child_weight": 8.889745780003157}, "datetime": {"datetime": "2020-04-24 22:17:38", "elapsed": 112.841396, "delta": 1.744053}}
{"target": 0.6461694000000001, "params": {"max_depth": 9.170885186285416, "min_child_weight": 8.924589779065288}, "datetime": {"datetime": "2020-04-24 22:17:40", "elapsed": 114.670903, "delta": 1.829507}}
{"target": 0.6461694000000001, "params": {"max_depth": 8.961552788863235, "min_child_weight": 8.998651726393959}, "datetime": {"datetime": "2020-04-24 22:17:42", "elapsed": 116.780001, "delta": 2.109098}}
{"target": 0.6461694000000001, "params": {"max_depth": 8.974804713638322, "min_child_weight": 9.080886005078039}, "datetime": {"datetime": "2020-04-24 22:17:44", "elapsed": 118.716115, "delta": 1.936114}}
{"target": 0.6461694000000001, "params": {"max_depth": 9.175704175412925, "min_child_weight": 9.11396585983477}, "datetime": {"datetime": "2020-04-24 22:17:45", "elapsed": 120.520779, "delta": 1.804664}}
{"target": 0.6461694000000001, "params": {"max_depth": 9.185100550805437, "min_child_weight": 8.910505950426746}, "datetime": {"datetime": "2020-04-24 22:17:47", "elapsed": 122.503349, "delta": 1.98257}}
{"target": 0.6461694000000001, "params": {"max_depth": 9.019110130465322, "min_child_weight": 8.883813975653869}, "datetime": {"datetime": "2020-04-24 22:17:49", "elapsed": 124.376672, "delta": 1.873323}}
{"target": 0.6461694000000001, "params": {"max_depth": 9.211641578910882, "min_child_weight": 9.089223301981196}, "datetime": {"datetime": "2020-04-24 22:17:51", "elapsed": 126.369518, "delta": 1.992846}}
{"target": 0.6461694000000001, "params": {"max_depth": 9.042930350045328, "min_child_weight": 9.105291026644348}, "datetime": {"datetime": "2020-04-24 22:17:53", "elapsed": 128.151615, "delta": 1.782097}}
{"target": 0.6461694000000001, "params": {"max_depth": 8.98686299354085, "min_child_weight": 9.042176835157823}, "datetime": {"datetime": "2020-04-24 22:17:55", "elapsed": 130.073308, "delta": 1.921693}}
{"target": 0.6461694000000001, "params": {"max_depth": 9.067098619012302, "min_child_weight": 9.049772642340187}, "datetime": {"datetime": "2020-04-24 22:17:57", "elapsed": 132.0306, "delta": 1.957292}}
{"target": 0.6461694000000001, "params": {"max_depth": 9.14563168037845, "min_child_weight": 8.895048366045826}, "datetime": {"datetime": "2020-04-24 22:17:59", "elapsed": 134.093444, "delta": 2.062844}}
{"target": 0.6461694000000001, "params": {"max_depth": 9.155561034346412, "min_child_weight": 9.09596365252958}, "datetime": {"datetime": "2020-04-24 22:18:01", "elapsed": 135.979192, "delta": 1.885748}}
{"target": 0.6461694000000001, "params": {"max_depth": 9.124257958916365, "min_child_weight": 8.857975376805364}, "datetime": {"datetime": "2020-04-24 22:18:03", "elapsed": 137.913492, "delta": 1.9343}}
{"target": 0.6461694000000001, "params": {"max_depth": 8.971502495415061, "min_child_weight": 9.030917096022543}, "datetime": {"datetime": "2020-04-24 22:18:05", "elapsed": 139.829982, "delta": 1.91649}}
{"target": 0.6461694000000001, "params": {"max_depth": 9.15924502425431, "min_child_weight": 9.04896666368823}, "datetime": {"datetime": "2020-04-24 22:18:06", "elapsed": 141.523797, "delta": 1.693815}}
{"target": 0.6461694000000001, "params": {"max_depth": 9.113689625002845, "min_child_weight": 8.879560730076246}, "datetime": {"datetime": "2020-04-24 22:18:08", "elapsed": 143.444072, "delta": 1.920275}}
{"target": 0.6461694000000001, "params": {"max_depth": 8.998232444180992, "min_child_weight": 8.888708439084471}, "datetime": {"datetime": "2020-04-24 22:18:10", "elapsed": 145.460449, "delta": 2.016377}}
{"target": 0.6461694000000001, "params": {"max_depth": 9.175297689676416, "min_child_weight": 9.05291599690705}, "datetime": {"datetime": "2020-04-24 22:18:12", "elapsed": 147.237932, "delta": 1.777483}}
{"target": 0.6461694000000001, "params": {"max_depth": 9.03959523948356, "min_child_weight": 9.081155464257726}, "datetime": {"datetime": "2020-04-24 22:18:14", "elapsed": 149.167047, "delta": 1.929115}}
{"target": 0.6461694000000001, "params": {"max_depth": 9.205112756593598, "min_child_weight": 9.026494727040978}, "datetime": {"datetime": "2020-04-24 22:18:16", "elapsed": 151.052478, "delta": 1.885431}}
{"target": 0.6461694000000001, "params": {"max_depth": 8.996004839475278, "min_child_weight": 8.901444519101776}, "datetime": {"datetime": "2020-04-24 22:18:18", "elapsed": 153.156368, "delta": 2.10389}}
{"target": 0.6461694000000001, "params": {"max_depth": 9.186758632364686, "min_child_weight": 8.968236988241264}, "datetime": {"datetime": "2020-04-24 22:18:20", "elapsed": 155.116076, "delta": 1.959708}}
{"target": 0.6461694000000001, "params": {"max_depth": 8.970291283765391, "min_child_weight": 9.077614959918403}, "datetime": {"datetime": "2020-04-24 22:18:22", "elapsed": 157.0987, "delta": 1.982624}}
{"target": 0.6461694000000001, "params": {"max_depth": 9.189801972866324, "min_child_weight": 9.047500180219673}, "datetime": {"datetime": "2020-04-24 22:18:24", "elapsed": 159.24144, "delta": 2.14274}}
{"target": 0.6461694000000001, "params": {"max_depth": 9.053917026304575, "min_child_weight": 9.058070471740422}, "datetime": {"datetime": "2020-04-24 22:18:26", "elapsed": 161.415205, "delta": 2.173765}}
{"target": 0.6461694000000001, "params": {"max_depth": 9.15649939930625, "min_child_weight": 8.917563907831568}, "datetime": {"datetime": "2020-04-24 22:18:28", "elapsed": 163.509501, "delta": 2.094296}}
{"target": 0.6461694000000001, "params": {"max_depth": 8.956852092209171, "min_child_weight": 9.024599324530271}, "datetime": {"datetime": "2020-04-24 22:18:30", "elapsed": 165.559979, "delta": 2.050478}}
{"target": 0.6461694000000001, "params": {"max_depth": 9.104387787901992, "min_child_weight": 9.074053984538818}, "datetime": {"datetime": "2020-04-24 22:18:33", "elapsed": 167.814177, "delta": 2.254198}}
{"target": 0.6461694000000001, "params": {"max_depth": 8.918180017158093, "min_child_weight": 8.910443535357073}, "datetime": {"datetime": "2020-04-24 22:18:35", "elapsed": 169.994203, "delta": 2.180026}}
{"target": 0.6461694000000001, "params": {"max_depth": 9.140596435392691, "min_child_weight": 9.013307478435273}, "datetime": {"datetime": "2020-04-24 22:18:37", "elapsed": 172.329469, "delta": 2.335266}}
{"target": 0.6461694000000001, "params": {"max_depth": 8.971857434292206, "min_child_weight": 9.02094112198346}, "datetime": {"datetime": "2020-04-24 22:18:39", "elapsed": 174.35139, "delta": 2.021921}}
{"target": 0.6461694000000001, "params": {"max_depth": 8.94123236695721, "min_child_weight": 9.009682788499457}, "datetime": {"datetime": "2020-04-24 22:18:41", "elapsed": 176.601194, "delta": 2.249804}}
{"target": 0.6461694000000001, "params": {"max_depth": 9.038523691405144, "min_child_weight": 8.919008471159545}, "datetime": {"datetime": "2020-04-24 22:18:44", "elapsed": 178.689224, "delta": 2.08803}}
{"target": 0.6461694000000001, "params": {"max_depth": 9.173258185692053, "min_child_weight": 9.050003945175293}, "datetime": {"datetime": "2020-04-24 22:18:46", "elapsed": 180.77626, "delta": 2.087036}}
{"target": 0.6461694000000001, "params": {"max_depth": 9.104868937454514, "min_child_weight": 8.94460167303997}, "datetime": {"datetime": "2020-04-24 22:18:48", "elapsed": 182.857132, "delta": 2.080872}}
