{"target": 0.6500999999999999, "params": {"alpha": 0.30184702177381184, "lam": 0.9996037902274396, "max_depth": 5.0, "min_child_weight": 3.0}, "datetime": {"datetime": "2020-04-26 11:48:54", "elapsed": 606.924888, "delta": 2.011519}}
{"target": 0.6501013999999999, "params": {"alpha": 0.1082623236453446, "lam": 0.99985241379739, "max_depth": 5.0, "min_child_weight": 3.0}, "datetime": {"datetime": "2020-04-26 11:48:56", "elapsed": 608.881777, "delta": 1.956889}}
{"target": 0.6500996000000001, "params": {"alpha": 0.37111483348201546, "lam": 0.9999649611445655, "max_depth": 5.0, "min_child_weight": 3.0}, "datetime": {"datetime": "2020-04-26 11:48:58", "elapsed": 610.921018, "delta": 2.039241}}
{"target": 0.6500952, "params": {"alpha": 0.9983453164635033, "lam": 0.9980142003241955, "max_depth": 5.0, "min_child_weight": 3.0}, "datetime": {"datetime": "2020-04-26 11:49:00", "elapsed": 612.788556, "delta": 1.867538}}
{"target": 0.650099, "params": {"alpha": 0.45854974596132725, "lam": 0.9996740202495653, "max_depth": 5.0, "min_child_weight": 3.0}, "datetime": {"datetime": "2020-04-26 11:49:02", "elapsed": 614.865019, "delta": 2.076463}}
{"target": 0.6500986, "params": {"alpha": 0.5063442815703254, "lam": 0.9996078168378922, "max_depth": 5.0, "min_child_weight": 3.0}, "datetime": {"datetime": "2020-04-26 11:49:04", "elapsed": 616.857805, "delta": 1.992786}}
{"target": 0.6501002, "params": {"alpha": 0.27921405139562916, "lam": 0.9995904432295862, "max_depth": 5.0, "min_child_weight": 3.0}, "datetime": {"datetime": "2020-04-26 11:49:06", "elapsed": 618.811995, "delta": 1.95419}}
{"target": 0.6500952, "params": {"alpha": 0.9984113808821474, "lam": 0.9985538656322014, "max_depth": 5.0, "min_child_weight": 3.0}, "datetime": {"datetime": "2020-04-26 11:49:08", "elapsed": 620.665908, "delta": 1.853913}}
{"target": 0.6501006, "params": {"alpha": 0.23707540502456892, "lam": 0.9999316877222315, "max_depth": 5.0, "min_child_weight": 3.0}, "datetime": {"datetime": "2020-04-26 11:49:09", "elapsed": 622.550635, "delta": 1.884727}}
{"target": 0.6500999999999999, "params": {"alpha": 0.34016516721505285, "lam": 0.9997947426147011, "max_depth": 5.0, "min_child_weight": 3.0}, "datetime": {"datetime": "2020-04-26 11:49:11", "elapsed": 624.50029, "delta": 1.949655}}
{"target": 0.6501008, "params": {"alpha": 0.20039250545861997, "lam": 0.9998685422446584, "max_depth": 5.0, "min_child_weight": 3.0}, "datetime": {"datetime": "2020-04-26 11:49:13", "elapsed": 626.403233, "delta": 1.902943}}
{"target": 0.6503583999999999, "params": {"alpha": 0.9996789987179141, "lam": 0.9975758863600122, "max_depth": 5.0, "min_child_weight": 3.0}, "datetime": {"datetime": "2020-04-26 11:49:15", "elapsed": 628.51599, "delta": 2.112757}}
{"target": 0.6503583999999999, "params": {"alpha": 0.9996789987179141, "lam": 0.9975758863600122, "max_depth": 5.0, "min_child_weight": 3.0}, "datetime": {"datetime": "2020-04-26 11:49:17", "elapsed": 629.641527, "delta": 1.125537}}
{"target": 0.6500995999999999, "params": {"alpha": 0.37242600571726525, "lam": 0.9996568495475728, "max_depth": 5.0, "min_child_weight": 3.0}, "datetime": {"datetime": "2020-04-26 11:49:18", "elapsed": 631.571568, "delta": 1.930041}}
{"target": 0.6500992, "params": {"alpha": 0.4937166051869838, "lam": 0.999887469460071, "max_depth": 5.0, "min_child_weight": 3.0}, "datetime": {"datetime": "2020-04-26 11:49:20", "elapsed": 633.37467, "delta": 1.803102}}
{"target": 0.6500994, "params": {"alpha": 0.42341978271035285, "lam": 0.9993341687054808, "max_depth": 5.0, "min_child_weight": 3.0}, "datetime": {"datetime": "2020-04-26 11:49:22", "elapsed": 635.413793, "delta": 2.039123}}
{"target": 0.6501006, "params": {"alpha": 0.17848694505251406, "lam": 0.9996750133065094, "max_depth": 5.0, "min_child_weight": 3.0}, "datetime": {"datetime": "2020-04-26 11:49:24", "elapsed": 637.389083, "delta": 1.97529}}
{"target": 0.6501008, "params": {"alpha": 0.17143637808404144, "lam": 0.9997672423104789, "max_depth": 5.0, "min_child_weight": 3.0}, "datetime": {"datetime": "2020-04-26 11:49:26", "elapsed": 639.48101, "delta": 2.091927}}
{"target": 0.6501008, "params": {"alpha": 0.17143637808404144, "lam": 0.9997672423104789, "max_depth": 5.0, "min_child_weight": 3.0}, "datetime": {"datetime": "2020-04-26 11:49:27", "elapsed": 640.541304, "delta": 1.060294}}
{"target": 0.6500992, "params": {"alpha": 0.47604241880579556, "lam": 0.9996683244637307, "max_depth": 5.0, "min_child_weight": 3.0}, "datetime": {"datetime": "2020-04-26 11:49:29", "elapsed": 642.535529, "delta": 1.994225}}
{"target": 0.6501006, "params": {"alpha": 0.22681406112904734, "lam": 0.9999655380018366, "max_depth": 5.0, "min_child_weight": 3.0}, "datetime": {"datetime": "2020-04-26 11:49:31", "elapsed": 644.536015, "delta": 2.000486}}
{"target": 0.6501013999999999, "params": {"alpha": 0.07621528900212127, "lam": 0.9998511970497502, "max_depth": 5.0, "min_child_weight": 3.0}, "datetime": {"datetime": "2020-04-26 11:49:33", "elapsed": 646.590235, "delta": 2.05422}}
{"target": 0.6500992, "params": {"alpha": 0.44413410901203654, "lam": 0.9998943235294098, "max_depth": 5.0, "min_child_weight": 3.0}, "datetime": {"datetime": "2020-04-26 11:49:35", "elapsed": 648.557326, "delta": 1.967091}}
{"target": 0.6500994, "params": {"alpha": 0.4013698428579999, "lam": 0.9992673972459419, "max_depth": 5.0, "min_child_weight": 3.0}, "datetime": {"datetime": "2020-04-26 11:49:37", "elapsed": 650.468091, "delta": 1.910765}}
{"target": 0.6500956, "params": {"alpha": 0.9973823690031228, "lam": 0.998908229070185, "max_depth": 5.0, "min_child_weight": 3.0}, "datetime": {"datetime": "2020-04-26 11:49:39", "elapsed": 652.5926, "delta": 2.124509}}
{"target": 0.6501007999999999, "params": {"alpha": 0.16864652733399443, "lam": 0.9996461536485131, "max_depth": 5.0, "min_child_weight": 3.0}, "datetime": {"datetime": "2020-04-26 11:49:41", "elapsed": 654.570678, "delta": 1.978078}}
{"target": 0.6500956, "params": {"alpha": 0.998260724185096, "lam": 0.9992139603774318, "max_depth": 5.0, "min_child_weight": 3.0}, "datetime": {"datetime": "2020-04-26 11:49:44", "elapsed": 656.644704, "delta": 2.074026}}
{"target": 0.6500958, "params": {"alpha": 0.999997019705426, "lam": 1.0, "max_depth": 5.0, "min_child_weight": 3.0}, "datetime": {"datetime": "2020-04-26 11:49:46", "elapsed": 658.915553, "delta": 2.270849}}
{"target": 0.6500999999999999, "params": {"alpha": 0.33915562999156834, "lam": 0.9999185478480682, "max_depth": 5.0, "min_child_weight": 3.0}, "datetime": {"datetime": "2020-04-26 11:49:48", "elapsed": 661.191193, "delta": 2.27564}}
{"target": 0.6501014, "params": {"alpha": 0.10673431241131104, "lam": 0.9998987296032036, "max_depth": 5.0, "min_child_weight": 3.0}, "datetime": {"datetime": "2020-04-26 11:49:50", "elapsed": 663.397667, "delta": 2.206474}}
{"target": 0.6500994, "params": {"alpha": 0.3717933243250996, "lam": 0.9996449207237429, "max_depth": 5.0, "min_child_weight": 3.0}, "datetime": {"datetime": "2020-04-26 11:49:53", "elapsed": 665.906055, "delta": 2.508388}}
{"target": 0.650099, "params": {"alpha": 0.39976225137105736, "lam": 0.9990470732493354, "max_depth": 5.0, "min_child_weight": 3.0}, "datetime": {"datetime": "2020-04-26 11:49:55", "elapsed": 668.368453, "delta": 2.462398}}
{"target": 0.6500996, "params": {"alpha": 0.3442392753704825, "lam": 0.9993690507695249, "max_depth": 5.0, "min_child_weight": 3.0}, "datetime": {"datetime": "2020-04-26 11:49:57", "elapsed": 670.576375, "delta": 2.207922}}
{"target": 0.6501012, "params": {"alpha": 0.1462284616565105, "lam": 0.99997399177289, "max_depth": 5.0, "min_child_weight": 3.0}, "datetime": {"datetime": "2020-04-26 11:50:00", "elapsed": 673.063449, "delta": 2.487074}}
{"target": 0.6500992, "params": {"alpha": 0.4386700028333126, "lam": 0.9999979148562751, "max_depth": 5.0, "min_child_weight": 3.0}, "datetime": {"datetime": "2020-04-26 11:50:02", "elapsed": 675.510271, "delta": 2.446822}}
{"target": 0.6500958, "params": {"alpha": 0.9999989479393367, "lam": 0.9999981806951141, "max_depth": 5.0, "min_child_weight": 3.0}, "datetime": {"datetime": "2020-04-26 11:50:05", "elapsed": 678.048673, "delta": 2.538402}}
{"target": 0.6500996, "params": {"alpha": 0.4196340150353447, "lam": 0.9999864910140082, "max_depth": 5.0, "min_child_weight": 3.0}, "datetime": {"datetime": "2020-04-26 11:50:07", "elapsed": 680.240666, "delta": 2.191993}}
{"target": 0.6501013999999999, "params": {"alpha": 0.11539627255465845, "lam": 0.9997628023005233, "max_depth": 5.0, "min_child_weight": 3.0}, "datetime": {"datetime": "2020-04-26 11:50:09", "elapsed": 682.467964, "delta": 2.227298}}
{"target": 0.6500992, "params": {"alpha": 0.4222817473640387, "lam": 0.9992548241733158, "max_depth": 5.0, "min_child_weight": 3.0}, "datetime": {"datetime": "2020-04-26 11:50:12", "elapsed": 684.918116, "delta": 2.450152}}
{"target": 0.6500996, "params": {"alpha": 0.3637961649435295, "lam": 0.999845885391796, "max_depth": 5.0, "min_child_weight": 3.0}, "datetime": {"datetime": "2020-04-26 11:50:14", "elapsed": 687.581363, "delta": 2.663247}}
{"target": 0.6501018000000001, "params": {"alpha": 0.08930362403581893, "lam": 0.999862311565879, "max_depth": 5.0, "min_child_weight": 3.0}, "datetime": {"datetime": "2020-04-26 11:50:17", "elapsed": 689.938782, "delta": 2.357419}}
{"target": 0.6500998, "params": {"alpha": 0.34125207601314933, "lam": 0.9999722197638479, "max_depth": 5.0, "min_child_weight": 3.0}, "datetime": {"datetime": "2020-04-26 11:50:19", "elapsed": 692.505673, "delta": 2.566891}}
{"target": 0.6503584, "params": {"alpha": 0.999977455482808, "lam": 0.9974599588070903, "max_depth": 5.0, "min_child_weight": 3.0}, "datetime": {"datetime": "2020-04-26 11:50:22", "elapsed": 694.72832, "delta": 2.222647}}
{"target": 0.6501006, "params": {"alpha": 0.2558604963678516, "lam": 0.9997420935555952, "max_depth": 5.0, "min_child_weight": 3.0}, "datetime": {"datetime": "2020-04-26 11:50:24", "elapsed": 697.060785, "delta": 2.332465}}
{"target": 0.6500994, "params": {"alpha": 0.3993233494005942, "lam": 0.9993648270864919, "max_depth": 5.0, "min_child_weight": 3.0}, "datetime": {"datetime": "2020-04-26 11:50:27", "elapsed": 699.649049, "delta": 2.588264}}
{"target": 0.6500995999999999, "params": {"alpha": 0.36554922835635906, "lam": 0.9996945742596237, "max_depth": 5.0, "min_child_weight": 3.0}, "datetime": {"datetime": "2020-04-26 11:50:29", "elapsed": 702.02029, "delta": 2.371241}}
{"target": 0.6486778, "params": {"alpha": 0.16172509729212536, "lam": 0.9992142528461692, "max_depth": 5.0, "min_child_weight": 3.0}, "datetime": {"datetime": "2020-04-26 11:50:31", "elapsed": 704.519747, "delta": 2.499457}}
{"target": 0.6500994, "params": {"alpha": 0.44902375972855535, "lam": 0.9995821386198446, "max_depth": 5.0, "min_child_weight": 3.0}, "datetime": {"datetime": "2020-04-26 11:50:34", "elapsed": 706.777224, "delta": 2.257477}}
{"target": 0.6500994, "params": {"alpha": 0.44902375972855535, "lam": 0.9995821386198446, "max_depth": 5.0, "min_child_weight": 3.0}, "datetime": {"datetime": "2020-04-26 11:50:35", "elapsed": 708.425069, "delta": 1.647845}}
{"target": 0.650096, "params": {"alpha": 0.997659908908648, "lam": 0.9999304955657025, "max_depth": 5.0, "min_child_weight": 3.0}, "datetime": {"datetime": "2020-04-26 11:50:38", "elapsed": 711.161022, "delta": 2.735953}}
{"target": 0.6500992, "params": {"alpha": 0.474010186406985, "lam": 0.9999657641787895, "max_depth": 5.0, "min_child_weight": 3.0}, "datetime": {"datetime": "2020-04-26 11:50:41", "elapsed": 713.638901, "delta": 2.477879}}
{"target": 0.6500994, "params": {"alpha": 0.3907885270574175, "lam": 0.9994695424960832, "max_depth": 5.0, "min_child_weight": 3.0}, "datetime": {"datetime": "2020-04-26 11:50:43", "elapsed": 715.813581, "delta": 2.17468}}
{"target": 0.6500992, "params": {"alpha": 0.4611336600760598, "lam": 0.9998915846066371, "max_depth": 5.0, "min_child_weight": 3.0}, "datetime": {"datetime": "2020-04-26 11:50:45", "elapsed": 718.486385, "delta": 2.672804}}
{"target": 0.6484144, "params": {"alpha": 6.125867069818176e-06, "lam": 1.0, "max_depth": 5.0, "min_child_weight": 3.0}, "datetime": {"datetime": "2020-04-26 11:50:48", "elapsed": 721.079743, "delta": 2.593358}}
{"target": 0.6500992, "params": {"alpha": 0.44815548225026325, "lam": 0.99997574105119, "max_depth": 5.0, "min_child_weight": 3.0}, "datetime": {"datetime": "2020-04-26 11:50:50", "elapsed": 723.326445, "delta": 2.246702}}
{"target": 0.6501009999999999, "params": {"alpha": 0.1292956475859367, "lam": 0.9996661844369019, "max_depth": 5.0, "min_child_weight": 3.0}, "datetime": {"datetime": "2020-04-26 11:50:53", "elapsed": 725.970153, "delta": 2.643708}}
{"target": 0.6500991999999999, "params": {"alpha": 0.4258492052682511, "lam": 0.9996282011653536, "max_depth": 5.0, "min_child_weight": 3.0}, "datetime": {"datetime": "2020-04-26 11:50:56", "elapsed": 728.682853, "delta": 2.7127}}
{"target": 0.6501006, "params": {"alpha": 0.27883417785736164, "lam": 0.999987468453827, "max_depth": 5.0, "min_child_weight": 3.0}, "datetime": {"datetime": "2020-04-26 11:50:58", "elapsed": 731.366222, "delta": 2.683369}}
{"target": 0.6500995999999999, "params": {"alpha": 0.37592688708652733, "lam": 0.999668385205228, "max_depth": 5.0, "min_child_weight": 3.0}, "datetime": {"datetime": "2020-04-26 11:51:01", "elapsed": 733.834499, "delta": 2.468277}}
{"target": 0.6500956, "params": {"alpha": 0.9977108054724042, "lam": 0.9988500066131314, "max_depth": 5.0, "min_child_weight": 3.0}, "datetime": {"datetime": "2020-04-26 11:51:03", "elapsed": 736.355744, "delta": 2.521245}}
{"target": 0.6500992, "params": {"alpha": 0.4685632571864531, "lam": 0.9996838689188453, "max_depth": 5.0, "min_child_weight": 3.0}, "datetime": {"datetime": "2020-04-26 11:51:06", "elapsed": 738.880366, "delta": 2.524622}}
{"target": 0.6500958, "params": {"alpha": 1.0, "lam": 0.9999844166922799, "max_depth": 5.0, "min_child_weight": 3.0}, "datetime": {"datetime": "2020-04-26 11:51:09", "elapsed": 741.642788, "delta": 2.762422}}
{"target": 0.648678, "params": {"alpha": 0.09066740242058569, "lam": 0.9992731053120111, "max_depth": 5.0, "min_child_weight": 3.0}, "datetime": {"datetime": "2020-04-26 11:51:11", "elapsed": 744.238905, "delta": 2.596117}}
{"target": 0.648678, "params": {"alpha": 0.09066740242058569, "lam": 0.9992731053120111, "max_depth": 5.0, "min_child_weight": 3.0}, "datetime": {"datetime": "2020-04-26 11:51:13", "elapsed": 745.800244, "delta": 1.561339}}
{"target": 0.650099, "params": {"alpha": 0.3986472092512626, "lam": 0.9989936723003657, "max_depth": 5.0, "min_child_weight": 3.0}, "datetime": {"datetime": "2020-04-26 11:51:15", "elapsed": 748.569593, "delta": 2.769349}}
{"target": 0.6500988000000001, "params": {"alpha": 0.4758746726202404, "lam": 0.9988656013598883, "max_depth": 5.0, "min_child_weight": 3.0}, "datetime": {"datetime": "2020-04-26 11:51:18", "elapsed": 750.888398, "delta": 2.318805}}
{"target": 0.6501002, "params": {"alpha": 0.24810510491556426, "lam": 0.9995992818029203, "max_depth": 5.0, "min_child_weight": 3.0}, "datetime": {"datetime": "2020-04-26 11:51:21", "elapsed": 753.67077, "delta": 2.782372}}
{"target": 0.6501004, "params": {"alpha": 0.224599156301041, "lam": 0.9994858067182963, "max_depth": 5.0, "min_child_weight": 3.0}, "datetime": {"datetime": "2020-04-26 11:51:23", "elapsed": 756.520476, "delta": 2.849706}}
{"target": 0.6500998, "params": {"alpha": 0.339645320682498, "lam": 0.9996922025817445, "max_depth": 5.0, "min_child_weight": 3.0}, "datetime": {"datetime": "2020-04-26 11:51:26", "elapsed": 759.201979, "delta": 2.681503}}
{"target": 0.6500953999999999, "params": {"alpha": 0.9996604475532423, "lam": 0.9983702782130892, "max_depth": 5.0, "min_child_weight": 3.0}, "datetime": {"datetime": "2020-04-26 11:51:29", "elapsed": 761.975921, "delta": 2.773942}}
{"target": 0.6500996, "params": {"alpha": 0.351232639979315, "lam": 0.9998730909545596, "max_depth": 5.0, "min_child_weight": 3.0}, "datetime": {"datetime": "2020-04-26 11:51:32", "elapsed": 764.77752, "delta": 2.801599}}
{"target": 0.6500986000000001, "params": {"alpha": 0.458376563876712, "lam": 0.9991433073336318, "max_depth": 5.0, "min_child_weight": 3.0}, "datetime": {"datetime": "2020-04-26 11:51:35", "elapsed": 767.822319, "delta": 3.044799}}
{"target": 0.6500994, "params": {"alpha": 0.3914229296116545, "lam": 0.9995783199564442, "max_depth": 5.0, "min_child_weight": 3.0}, "datetime": {"datetime": "2020-04-26 11:51:37", "elapsed": 770.529855, "delta": 2.707536}}
{"target": 0.6500994, "params": {"alpha": 0.394603664141585, "lam": 0.9995468190361202, "max_depth": 5.0, "min_child_weight": 3.0}, "datetime": {"datetime": "2020-04-26 11:51:40", "elapsed": 773.217264, "delta": 2.687409}}
{"target": 0.6500958000000001, "params": {"alpha": 0.9962246513763537, "lam": 0.9996717902598317, "max_depth": 5.0, "min_child_weight": 3.0}, "datetime": {"datetime": "2020-04-26 11:51:43", "elapsed": 775.877446, "delta": 2.660182}}
{"target": 0.6501004, "params": {"alpha": 0.22690624878415622, "lam": 0.9996584303839503, "max_depth": 5.0, "min_child_weight": 3.0}, "datetime": {"datetime": "2020-04-26 11:51:45", "elapsed": 778.529766, "delta": 2.65232}}
{"target": 0.6501006, "params": {"alpha": 0.2233564950544481, "lam": 0.9997547814052927, "max_depth": 5.0, "min_child_weight": 3.0}, "datetime": {"datetime": "2020-04-26 11:51:48", "elapsed": 781.458253, "delta": 2.928487}}
{"target": 0.6501008, "params": {"alpha": 0.1691788947607209, "lam": 0.9994691530211887, "max_depth": 5.0, "min_child_weight": 3.0}, "datetime": {"datetime": "2020-04-26 11:51:51", "elapsed": 784.279848, "delta": 2.821595}}
{"target": 0.6501006, "params": {"alpha": 0.22637496525528322, "lam": 0.9997476810579823, "max_depth": 5.0, "min_child_weight": 3.0}, "datetime": {"datetime": "2020-04-26 11:51:54", "elapsed": 786.986241, "delta": 2.706393}}
{"target": 0.6500998, "params": {"alpha": 0.3444911002370975, "lam": 0.9995218676003952, "max_depth": 5.0, "min_child_weight": 3.0}, "datetime": {"datetime": "2020-04-26 11:51:57", "elapsed": 789.702187, "delta": 2.715946}}
{"target": 0.6500994, "params": {"alpha": 0.41834369295607443, "lam": 0.9999476375468401, "max_depth": 5.0, "min_child_weight": 3.0}, "datetime": {"datetime": "2020-04-26 11:52:00", "elapsed": 792.725035, "delta": 3.022848}}
{"target": 0.6500992, "params": {"alpha": 0.42568310738693205, "lam": 0.9992566579433557, "max_depth": 5.0, "min_child_weight": 3.0}, "datetime": {"datetime": "2020-04-26 11:52:02", "elapsed": 795.501533, "delta": 2.776498}}
{"target": 0.6500991999999999, "params": {"alpha": 0.4257028370773349, "lam": 0.99955025136604, "max_depth": 5.0, "min_child_weight": 3.0}, "datetime": {"datetime": "2020-04-26 11:52:05", "elapsed": 798.08031, "delta": 2.578777}}
{"target": 0.6501002, "params": {"alpha": 0.30463577592976676, "lam": 0.9997734636787238, "max_depth": 5.0, "min_child_weight": 3.0}, "datetime": {"datetime": "2020-04-26 11:52:08", "elapsed": 800.972248, "delta": 2.891938}}
{"target": 0.6500997999999999, "params": {"alpha": 0.3361200746902676, "lam": 0.9998574185776015, "max_depth": 5.0, "min_child_weight": 3.0}, "datetime": {"datetime": "2020-04-26 11:52:11", "elapsed": 803.714246, "delta": 2.741998}}
{"target": 0.6500997999999999, "params": {"alpha": 0.3361200746902676, "lam": 0.9998574185776015, "max_depth": 5.0, "min_child_weight": 3.0}, "datetime": {"datetime": "2020-04-26 11:52:13", "elapsed": 805.712905, "delta": 1.998659}}
{"target": 0.6501004, "params": {"alpha": 0.2794780521489725, "lam": 0.9999414198284773, "max_depth": 5.0, "min_child_weight": 3.0}, "datetime": {"datetime": "2020-04-26 11:52:16", "elapsed": 808.661643, "delta": 2.948738}}
{"target": 0.6500990000000001, "params": {"alpha": 0.48900573735662756, "lam": 0.9998520089211995, "max_depth": 5.0, "min_child_weight": 3.0}, "datetime": {"datetime": "2020-04-26 11:52:18", "elapsed": 811.370974, "delta": 2.709331}}
{"target": 0.6500996, "params": {"alpha": 0.41472781213361654, "lam": 0.9996981029779453, "max_depth": 5.0, "min_child_weight": 3.0}, "datetime": {"datetime": "2020-04-26 11:52:21", "elapsed": 814.200174, "delta": 2.8292}}
{"target": 0.6501005999999999, "params": {"alpha": 0.25862012966702763, "lam": 0.9998974803485955, "max_depth": 5.0, "min_child_weight": 3.0}, "datetime": {"datetime": "2020-04-26 11:52:24", "elapsed": 817.032545, "delta": 2.832371}}
{"target": 0.6500954, "params": {"alpha": 0.9995979993144207, "lam": 0.9989372685560456, "max_depth": 5.0, "min_child_weight": 3.0}, "datetime": {"datetime": "2020-04-26 11:52:27", "elapsed": 819.769159, "delta": 2.736614}}
{"target": 0.6500994, "params": {"alpha": 0.39784881909764724, "lam": 0.9995635503775779, "max_depth": 5.0, "min_child_weight": 3.0}, "datetime": {"datetime": "2020-04-26 11:52:30", "elapsed": 822.69775, "delta": 2.928591}}
{"target": 0.6500994, "params": {"alpha": 0.41579778173622906, "lam": 0.9999827970399418, "max_depth": 5.0, "min_child_weight": 3.0}, "datetime": {"datetime": "2020-04-26 11:52:33", "elapsed": 825.869546, "delta": 3.171796}}
{"target": 0.6500996000000001, "params": {"alpha": 0.40213003590351704, "lam": 0.9999422468712269, "max_depth": 5.0, "min_child_weight": 3.0}, "datetime": {"datetime": "2020-04-26 11:52:35", "elapsed": 828.413454, "delta": 2.543908}}
{"target": 0.6501006, "params": {"alpha": 0.2175487075482101, "lam": 0.9992996040017115, "max_depth": 5.0, "min_child_weight": 3.0}, "datetime": {"datetime": "2020-04-26 11:52:38", "elapsed": 831.351208, "delta": 2.937754}}
{"target": 0.6500988000000001, "params": {"alpha": 0.5085467210207653, "lam": 0.9996687851212002, "max_depth": 5.0, "min_child_weight": 3.0}, "datetime": {"datetime": "2020-04-26 11:52:41", "elapsed": 834.245018, "delta": 2.89381}}
{"target": 0.6501004, "params": {"alpha": 0.2617118620378135, "lam": 0.9999445665875323, "max_depth": 5.0, "min_child_weight": 3.0}, "datetime": {"datetime": "2020-04-26 11:52:44", "elapsed": 836.777485, "delta": 2.532467}}
