{"target": 0.6357836, "params": {"alpha": 0.3785152821364851, "colsample_bytree": 0.7191671246129036, "lam": 0.9030036077767162, "max_depth": 9.0, "min_child_weight": 9.0, "subsample": 0.7011646288980751}, "datetime": {"datetime": "2020-04-24 22:40:15", "elapsed": 1470.616514, "delta": 2.834779}}
{"target": 0.6415386, "params": {"alpha": 0.3785152821364851, "colsample_bytree": 0.7838307267528555, "lam": 0.9030036077767162, "max_depth": 9.0, "min_child_weight": 9.0, "subsample": 0.6041534813821805}, "datetime": {"datetime": "2020-04-24 22:40:18", "elapsed": 1472.791027, "delta": 2.174513}}
{"target": 0.6471009999999999, "params": {"alpha": 0.3785152821364851, "colsample_bytree": 0.6493403791446128, "lam": 0.9030036077767162, "max_depth": 9.0, "min_child_weight": 9.0, "subsample": 0.7862814221966139}, "datetime": {"datetime": "2020-04-24 22:40:21", "elapsed": 1475.840358, "delta": 3.049331}}
{"target": 0.6320049999999999, "params": {"alpha": 0.3785152821364851, "colsample_bytree": 0.6697201697920762, "lam": 0.9030036077767162, "max_depth": 9.0, "min_child_weight": 9.0, "subsample": 0.7865466937926964}, "datetime": {"datetime": "2020-04-24 22:40:23", "elapsed": 1478.336457, "delta": 2.496099}}
{"target": 0.5954103999999999, "params": {"alpha": 0.3785152821364851, "colsample_bytree": 0.5413002972024338, "lam": 0.9030036077767162, "max_depth": 9.0, "min_child_weight": 9.0, "subsample": 0.5242227142309462}, "datetime": {"datetime": "2020-04-24 22:40:25", "elapsed": 1480.525157, "delta": 2.1887}}
{"target": 0.6176222, "params": {"alpha": 0.3785152821364851, "colsample_bytree": 0.5754637067291263, "lam": 0.9030036077767162, "max_depth": 9.0, "min_child_weight": 9.0, "subsample": 0.8444878652494214}, "datetime": {"datetime": "2020-04-24 22:40:28", "elapsed": 1483.206601, "delta": 2.681444}}
{"target": 0.6357900000000001, "params": {"alpha": 0.3785152821364851, "colsample_bytree": 0.6768381974710616, "lam": 0.9030036077767162, "max_depth": 9.0, "min_child_weight": 9.0, "subsample": 0.5951114153894175}, "datetime": {"datetime": "2020-04-24 22:40:30", "elapsed": 1485.57478, "delta": 2.368179}}
{"target": 0.6309197999999999, "params": {"alpha": 0.3785152821364851, "colsample_bytree": 0.8667236686231353, "lam": 0.9030036077767162, "max_depth": 9.0, "min_child_weight": 9.0, "subsample": 0.7546086525594202}, "datetime": {"datetime": "2020-04-24 22:40:33", "elapsed": 1488.109126, "delta": 2.534346}}
{"target": 0.6285456, "params": {"alpha": 0.3785152821364851, "colsample_bytree": 0.8233930019932161, "lam": 0.9030036077767162, "max_depth": 9.0, "min_child_weight": 9.0, "subsample": 0.5332329451005309}, "datetime": {"datetime": "2020-04-24 22:40:35", "elapsed": 1490.443855, "delta": 2.334729}}
{"target": 0.6087158, "params": {"alpha": 0.3785152821364851, "colsample_bytree": 0.5323647080703159, "lam": 0.9030036077767162, "max_depth": 9.0, "min_child_weight": 9.0, "subsample": 0.6124583873244462}, "datetime": {"datetime": "2020-04-24 22:40:38", "elapsed": 1492.863493, "delta": 2.419638}}
{"target": 0.6349727999999999, "params": {"alpha": 0.3785152821364851, "colsample_bytree": 0.742516393451323, "lam": 0.9030036077767162, "max_depth": 9.0, "min_child_weight": 9.0, "subsample": 0.8016967247091203}, "datetime": {"datetime": "2020-04-24 22:40:41", "elapsed": 1495.637784, "delta": 2.774291}}
{"target": 0.6331838000000001, "params": {"alpha": 0.3785152821364851, "colsample_bytree": 0.8072079422504401, "lam": 0.9030036077767162, "max_depth": 9.0, "min_child_weight": 9.0, "subsample": 0.8031324093539063}, "datetime": {"datetime": "2020-04-24 22:40:43", "elapsed": 1498.467622, "delta": 2.829838}}
{"target": 0.6324274, "params": {"alpha": 0.3785152821364851, "colsample_bytree": 0.7145670666399495, "lam": 0.9030036077767162, "max_depth": 9.0, "min_child_weight": 9.0, "subsample": 0.8423192380257485}, "datetime": {"datetime": "2020-04-24 22:40:46", "elapsed": 1501.128335, "delta": 2.660713}}
{"target": 0.6306141999999999, "params": {"alpha": 0.3785152821364851, "colsample_bytree": 0.7476835883142623, "lam": 0.9030036077767162, "max_depth": 9.0, "min_child_weight": 9.0, "subsample": 0.7175347843497677}, "datetime": {"datetime": "2020-04-24 22:40:49", "elapsed": 1503.67561, "delta": 2.547275}}
{"target": 0.6025268, "params": {"alpha": 0.3785152821364851, "colsample_bytree": 0.5364621775602864, "lam": 0.9030036077767162, "max_depth": 9.0, "min_child_weight": 9.0, "subsample": 0.6984358060576142}, "datetime": {"datetime": "2020-04-24 22:40:51", "elapsed": 1506.400109, "delta": 2.724499}}
{"target": 0.6366731999999999, "params": {"alpha": 0.3785152821364851, "colsample_bytree": 0.7650108128235455, "lam": 0.9030036077767162, "max_depth": 9.0, "min_child_weight": 9.0, "subsample": 0.5002070323739423}, "datetime": {"datetime": "2020-04-24 22:40:54", "elapsed": 1508.906539, "delta": 2.50643}}
{"target": 0.6379104, "params": {"alpha": 0.3785152821364851, "colsample_bytree": 0.681075512288974, "lam": 0.9030036077767162, "max_depth": 9.0, "min_child_weight": 9.0, "subsample": 0.5296015458986986}, "datetime": {"datetime": "2020-04-24 22:40:57", "elapsed": 1511.83583, "delta": 2.929291}}
{"target": 0.631574, "params": {"alpha": 0.3785152821364851, "colsample_bytree": 0.6899843252173222, "lam": 0.9030036077767162, "max_depth": 9.0, "min_child_weight": 9.0, "subsample": 0.7269047182197499}, "datetime": {"datetime": "2020-04-24 22:40:59", "elapsed": 1514.498888, "delta": 2.663058}}
{"target": 0.6318978, "params": {"alpha": 0.3785152821364851, "colsample_bytree": 0.633238440485017, "lam": 0.9030036077767162, "max_depth": 9.0, "min_child_weight": 9.0, "subsample": 0.7134362493984598}, "datetime": {"datetime": "2020-04-24 22:41:02", "elapsed": 1517.009219, "delta": 2.510331}}
{"target": 0.6287668, "params": {"alpha": 0.3785152821364851, "colsample_bytree": 0.771695644735441, "lam": 0.9030036077767162, "max_depth": 9.0, "min_child_weight": 9.0, "subsample": 0.6377105852559116}, "datetime": {"datetime": "2020-04-24 22:41:05", "elapsed": 1520.333929, "delta": 3.32471}}
{"target": 0.6496882, "params": {"alpha": 0.3785152821364851, "colsample_bytree": 0.6486596720215845, "lam": 0.9030036077767162, "max_depth": 9.0, "min_child_weight": 9.0, "subsample": 0.7997324049454999}, "datetime": {"datetime": "2020-04-24 22:41:08", "elapsed": 1523.583923, "delta": 3.249994}}
{"target": 0.6240362, "params": {"alpha": 0.3785152821364851, "colsample_bytree": 0.6097113606143093, "lam": 0.9030036077767162, "max_depth": 9.0, "min_child_weight": 9.0, "subsample": 0.8732720383133927}, "datetime": {"datetime": "2020-04-24 22:41:11", "elapsed": 1526.526857, "delta": 2.942934}}
{"target": 0.6344532, "params": {"alpha": 0.3785152821364851, "colsample_bytree": 0.7597469560120589, "lam": 0.9030036077767162, "max_depth": 9.0, "min_child_weight": 9.0, "subsample": 0.5805727051572462}, "datetime": {"datetime": "2020-04-24 22:41:14", "elapsed": 1529.585826, "delta": 3.058969}}
{"target": 0.6361798000000001, "params": {"alpha": 0.3785152821364851, "colsample_bytree": 0.7535920871659888, "lam": 0.9030036077767162, "max_depth": 9.0, "min_child_weight": 9.0, "subsample": 0.8999116516004205}, "datetime": {"datetime": "2020-04-24 22:41:18", "elapsed": 1533.085413, "delta": 3.499587}}
{"target": 0.6481318, "params": {"alpha": 0.3785152821364851, "colsample_bytree": 0.8994085364470005, "lam": 0.9030036077767162, "max_depth": 9.0, "min_child_weight": 9.0, "subsample": 0.8623237902319891}, "datetime": {"datetime": "2020-04-24 22:41:21", "elapsed": 1536.090453, "delta": 3.00504}}
{"target": 0.6261992000000001, "params": {"alpha": 0.3785152821364851, "colsample_bytree": 0.6769162166223204, "lam": 0.9030036077767162, "max_depth": 9.0, "min_child_weight": 9.0, "subsample": 0.5646618012178731}, "datetime": {"datetime": "2020-04-24 22:41:24", "elapsed": 1539.07589, "delta": 2.985437}}
{"target": 0.6148857999999999, "params": {"alpha": 0.3785152821364851, "colsample_bytree": 0.60902495945073, "lam": 0.9030036077767162, "max_depth": 9.0, "min_child_weight": 9.0, "subsample": 0.5273343065657569}, "datetime": {"datetime": "2020-04-24 22:41:27", "elapsed": 1542.040439, "delta": 2.964549}}
{"target": 0.5973544000000001, "params": {"alpha": 0.3785152821364851, "colsample_bytree": 0.5000757055192638, "lam": 0.9030036077767162, "max_depth": 9.0, "min_child_weight": 9.0, "subsample": 0.8524395607173342}, "datetime": {"datetime": "2020-04-24 22:41:30", "elapsed": 1545.48699, "delta": 3.446551}}
{"target": 0.6274476, "params": {"alpha": 0.3785152821364851, "colsample_bytree": 0.7204234868256846, "lam": 0.9030036077767162, "max_depth": 9.0, "min_child_weight": 9.0, "subsample": 0.6608315770510852}, "datetime": {"datetime": "2020-04-24 22:41:34", "elapsed": 1548.67738, "delta": 3.19039}}
{"target": 0.6467807999999999, "params": {"alpha": 0.3785152821364851, "colsample_bytree": 0.7911620732571911, "lam": 0.9030036077767162, "max_depth": 9.0, "min_child_weight": 9.0, "subsample": 0.7820421383443605}, "datetime": {"datetime": "2020-04-24 22:41:37", "elapsed": 1552.10077, "delta": 3.42339}}
{"target": 0.6306302, "params": {"alpha": 0.3785152821364851, "colsample_bytree": 0.8755870681940554, "lam": 0.9030036077767162, "max_depth": 9.0, "min_child_weight": 9.0, "subsample": 0.7078338130944805}, "datetime": {"datetime": "2020-04-24 22:41:40", "elapsed": 1555.540425, "delta": 3.439655}}
{"target": 0.6316986, "params": {"alpha": 0.3785152821364851, "colsample_bytree": 0.6545461157260734, "lam": 0.9030036077767162, "max_depth": 9.0, "min_child_weight": 9.0, "subsample": 0.7403120573516542}, "datetime": {"datetime": "2020-04-24 22:41:44", "elapsed": 1559.333266, "delta": 3.792841}}
{"target": 0.6407539999999999, "params": {"alpha": 0.3785152821364851, "colsample_bytree": 0.7793225747983167, "lam": 0.9030036077767162, "max_depth": 9.0, "min_child_weight": 9.0, "subsample": 0.8018162873745687}, "datetime": {"datetime": "2020-04-24 22:41:48", "elapsed": 1563.352957, "delta": 4.019691}}
{"target": 0.6490024, "params": {"alpha": 0.3785152821364851, "colsample_bytree": 0.8220167759708792, "lam": 0.9030036077767162, "max_depth": 9.0, "min_child_weight": 9.0, "subsample": 0.8999069207033551}, "datetime": {"datetime": "2020-04-24 22:41:52", "elapsed": 1566.713191, "delta": 3.360234}}
{"target": 0.6417459999999999, "params": {"alpha": 0.3785152821364851, "colsample_bytree": 0.8461389097258655, "lam": 0.9030036077767162, "max_depth": 9.0, "min_child_weight": 9.0, "subsample": 0.6200024437506019}, "datetime": {"datetime": "2020-04-24 22:41:55", "elapsed": 1569.806405, "delta": 3.093214}}
{"target": 0.6317728, "params": {"alpha": 0.3785152821364851, "colsample_bytree": 0.6904972319883834, "lam": 0.9030036077767162, "max_depth": 9.0, "min_child_weight": 9.0, "subsample": 0.8996674925385613}, "datetime": {"datetime": "2020-04-24 22:41:59", "elapsed": 1574.042202, "delta": 4.235797}}
{"target": 0.6450292, "params": {"alpha": 0.3785152821364851, "colsample_bytree": 0.6553735866146916, "lam": 0.9030036077767162, "max_depth": 9.0, "min_child_weight": 9.0, "subsample": 0.7940249125608201}, "datetime": {"datetime": "2020-04-24 22:42:03", "elapsed": 1577.756365, "delta": 3.714163}}
{"target": 0.6443924, "params": {"alpha": 0.3785152821364851, "colsample_bytree": 0.6529377225219197, "lam": 0.9030036077767162, "max_depth": 9.0, "min_child_weight": 9.0, "subsample": 0.8084538281941336}, "datetime": {"datetime": "2020-04-24 22:42:07", "elapsed": 1581.694449, "delta": 3.938084}}
{"target": 0.6435726, "params": {"alpha": 0.3785152821364851, "colsample_bytree": 0.7816967081292139, "lam": 0.9030036077767162, "max_depth": 9.0, "min_child_weight": 9.0, "subsample": 0.7717379564576747}, "datetime": {"datetime": "2020-04-24 22:42:10", "elapsed": 1585.141892, "delta": 3.447443}}
{"target": 0.6426012000000001, "params": {"alpha": 0.3785152821364851, "colsample_bytree": 0.651787396448377, "lam": 0.9030036077767162, "max_depth": 9.0, "min_child_weight": 9.0, "subsample": 0.7922940101229026}, "datetime": {"datetime": "2020-04-24 22:42:14", "elapsed": 1589.373528, "delta": 4.231636}}
{"target": 0.6462937999999999, "params": {"alpha": 0.3785152821364851, "colsample_bytree": 0.8079316277836106, "lam": 0.9030036077767162, "max_depth": 9.0, "min_child_weight": 9.0, "subsample": 0.8997582379222226}, "datetime": {"datetime": "2020-04-24 22:42:19", "elapsed": 1593.758918, "delta": 4.38539}}
{"target": 0.6299774, "params": {"alpha": 0.3785152821364851, "colsample_bytree": 0.7936877013840685, "lam": 0.9030036077767162, "max_depth": 9.0, "min_child_weight": 9.0, "subsample": 0.725490852802603}, "datetime": {"datetime": "2020-04-24 22:42:22", "elapsed": 1597.474839, "delta": 3.715921}}
{"target": 0.6420152, "params": {"alpha": 0.3785152821364851, "colsample_bytree": 0.8257057682507628, "lam": 0.9030036077767162, "max_depth": 9.0, "min_child_weight": 9.0, "subsample": 0.7815648594494387}, "datetime": {"datetime": "2020-04-24 22:42:26", "elapsed": 1601.126345, "delta": 3.651506}}
{"target": 0.6284872, "params": {"alpha": 0.3785152821364851, "colsample_bytree": 0.7125612892092543, "lam": 0.9030036077767162, "max_depth": 9.0, "min_child_weight": 9.0, "subsample": 0.5175425858456959}, "datetime": {"datetime": "2020-04-24 22:42:30", "elapsed": 1604.638855, "delta": 3.51251}}
{"target": 0.6316173999999999, "params": {"alpha": 0.3785152821364851, "colsample_bytree": 0.7028280137340185, "lam": 0.9030036077767162, "max_depth": 9.0, "min_child_weight": 9.0, "subsample": 0.5989322350770674}, "datetime": {"datetime": "2020-04-24 22:42:33", "elapsed": 1607.905459, "delta": 3.266604}}
{"target": 0.6394432, "params": {"alpha": 0.3785152821364851, "colsample_bytree": 0.6730131925992452, "lam": 0.9030036077767162, "max_depth": 9.0, "min_child_weight": 9.0, "subsample": 0.5018724121014504}, "datetime": {"datetime": "2020-04-24 22:42:37", "elapsed": 1611.770895, "delta": 3.865436}}
{"target": 0.6455346000000001, "params": {"alpha": 0.3785152821364851, "colsample_bytree": 0.8026030341498234, "lam": 0.9030036077767162, "max_depth": 9.0, "min_child_weight": 9.0, "subsample": 0.7842325213800785}, "datetime": {"datetime": "2020-04-24 22:42:41", "elapsed": 1615.905432, "delta": 4.134537}}
{"target": 0.6445822, "params": {"alpha": 0.3785152821364851, "colsample_bytree": 0.866724599137811, "lam": 0.9030036077767162, "max_depth": 9.0, "min_child_weight": 9.0, "subsample": 0.6245218489367721}, "datetime": {"datetime": "2020-04-24 22:42:44", "elapsed": 1619.416745, "delta": 3.511313}}
{"target": 0.6451062000000001, "params": {"alpha": 0.3785152821364851, "colsample_bytree": 0.8297651460441731, "lam": 0.9030036077767162, "max_depth": 9.0, "min_child_weight": 9.0, "subsample": 0.8999826733793892}, "datetime": {"datetime": "2020-04-24 22:42:48", "elapsed": 1623.509233, "delta": 4.092488}}
{"target": 0.6427892, "params": {"alpha": 0.3785152821364851, "colsample_bytree": 0.8997480321240128, "lam": 0.9030036077767162, "max_depth": 9.0, "min_child_weight": 9.0, "subsample": 0.861448168871966}, "datetime": {"datetime": "2020-04-24 22:42:52", "elapsed": 1627.406268, "delta": 3.897035}}
{"target": 0.6444255999999999, "params": {"alpha": 0.3785152821364851, "colsample_bytree": 0.6524838340388397, "lam": 0.9030036077767162, "max_depth": 9.0, "min_child_weight": 9.0, "subsample": 0.7733143397524875}, "datetime": {"datetime": "2020-04-24 22:42:57", "elapsed": 1631.784702, "delta": 4.378434}}
{"target": 0.6439718, "params": {"alpha": 0.3785152821364851, "colsample_bytree": 0.7968839599932188, "lam": 0.9030036077767162, "max_depth": 9.0, "min_child_weight": 9.0, "subsample": 0.593663800207017}, "datetime": {"datetime": "2020-04-24 22:43:02", "elapsed": 1636.626124, "delta": 4.841422}}
{"target": 0.6360364000000001, "params": {"alpha": 0.3785152821364851, "colsample_bytree": 0.7855638084044101, "lam": 0.9030036077767162, "max_depth": 9.0, "min_child_weight": 9.0, "subsample": 0.7867262830779388}, "datetime": {"datetime": "2020-04-24 22:43:06", "elapsed": 1640.760729, "delta": 4.134605}}
{"target": 0.6312464, "params": {"alpha": 0.3785152821364851, "colsample_bytree": 0.8707715373980249, "lam": 0.9030036077767162, "max_depth": 9.0, "min_child_weight": 9.0, "subsample": 0.8457715660605358}, "datetime": {"datetime": "2020-04-24 22:43:10", "elapsed": 1644.798379, "delta": 4.03765}}
{"target": 0.623448, "params": {"alpha": 0.3785152821364851, "colsample_bytree": 0.8806492891292472, "lam": 0.9030036077767162, "max_depth": 9.0, "min_child_weight": 9.0, "subsample": 0.5147612629219841}, "datetime": {"datetime": "2020-04-24 22:43:13", "elapsed": 1648.620069, "delta": 3.82169}}
{"target": 0.6278448, "params": {"alpha": 0.3785152821364851, "colsample_bytree": 0.6913302980695811, "lam": 0.9030036077767162, "max_depth": 9.0, "min_child_weight": 9.0, "subsample": 0.6887723943730921}, "datetime": {"datetime": "2020-04-24 22:43:18", "elapsed": 1652.719599, "delta": 4.09953}}
{"target": 0.6307322, "params": {"alpha": 0.3785152821364851, "colsample_bytree": 0.6484447586369757, "lam": 0.9030036077767162, "max_depth": 9.0, "min_child_weight": 9.0, "subsample": 0.6256643729974715}, "datetime": {"datetime": "2020-04-24 22:43:21", "elapsed": 1656.604396, "delta": 3.884797}}
{"target": 0.6296966, "params": {"alpha": 0.3785152821364851, "colsample_bytree": 0.6594228680203664, "lam": 0.9030036077767162, "max_depth": 9.0, "min_child_weight": 9.0, "subsample": 0.5239117118599678}, "datetime": {"datetime": "2020-04-24 22:43:26", "elapsed": 1661.317313, "delta": 4.712917}}
{"target": 0.6357925999999999, "params": {"alpha": 0.3785152821364851, "colsample_bytree": 0.8075561166768281, "lam": 0.9030036077767162, "max_depth": 9.0, "min_child_weight": 9.0, "subsample": 0.6113339132760173}, "datetime": {"datetime": "2020-04-24 22:43:30", "elapsed": 1665.20308, "delta": 3.885767}}
{"target": 0.6418925999999999, "params": {"alpha": 0.3785152821364851, "colsample_bytree": 0.8457581333793821, "lam": 0.9030036077767162, "max_depth": 9.0, "min_child_weight": 9.0, "subsample": 0.8125044835972043}, "datetime": {"datetime": "2020-04-24 22:43:34", "elapsed": 1668.634876, "delta": 3.431796}}
{"target": 0.6428316, "params": {"alpha": 0.3785152821364851, "colsample_bytree": 0.8662302229791489, "lam": 0.9030036077767162, "max_depth": 9.0, "min_child_weight": 9.0, "subsample": 0.812820091291121}, "datetime": {"datetime": "2020-04-24 22:43:38", "elapsed": 1673.008128, "delta": 4.373252}}
{"target": 0.6356196000000001, "params": {"alpha": 0.3785152821364851, "colsample_bytree": 0.7736622192612737, "lam": 0.9030036077767162, "max_depth": 9.0, "min_child_weight": 9.0, "subsample": 0.7017592121479499}, "datetime": {"datetime": "2020-04-24 22:43:42", "elapsed": 1676.801094, "delta": 3.792966}}
{"target": 0.6447114, "params": {"alpha": 0.3785152821364851, "colsample_bytree": 0.7623171727403105, "lam": 0.9030036077767162, "max_depth": 9.0, "min_child_weight": 9.0, "subsample": 0.811155161596247}, "datetime": {"datetime": "2020-04-24 22:43:46", "elapsed": 1681.093491, "delta": 4.292397}}
{"target": 0.6486774000000001, "params": {"alpha": 0.3785152821364851, "colsample_bytree": 0.8130748804691212, "lam": 0.9030036077767162, "max_depth": 9.0, "min_child_weight": 9.0, "subsample": 0.8999912433599087}, "datetime": {"datetime": "2020-04-24 22:43:50", "elapsed": 1685.523788, "delta": 4.430297}}
{"target": 0.6424672000000001, "params": {"alpha": 0.3785152821364851, "colsample_bytree": 0.7988449978902726, "lam": 0.9030036077767162, "max_depth": 9.0, "min_child_weight": 9.0, "subsample": 0.7723881733401723}, "datetime": {"datetime": "2020-04-24 22:43:55", "elapsed": 1689.874087, "delta": 4.350299}}
{"target": 0.6373225999999999, "params": {"alpha": 0.3785152821364851, "colsample_bytree": 0.8923149818419716, "lam": 0.9030036077767162, "max_depth": 9.0, "min_child_weight": 9.0, "subsample": 0.5975880302622525}, "datetime": {"datetime": "2020-04-24 22:43:59", "elapsed": 1694.091585, "delta": 4.217498}}
{"target": 0.6403656000000001, "params": {"alpha": 0.3785152821364851, "colsample_bytree": 0.8553212247972486, "lam": 0.9030036077767162, "max_depth": 9.0, "min_child_weight": 9.0, "subsample": 0.601963313043032}, "datetime": {"datetime": "2020-04-24 22:44:03", "elapsed": 1698.549334, "delta": 4.457749}}
{"target": 0.6323468, "params": {"alpha": 0.3785152821364851, "colsample_bytree": 0.7195487504623532, "lam": 0.9030036077767162, "max_depth": 9.0, "min_child_weight": 9.0, "subsample": 0.8237276751013363}, "datetime": {"datetime": "2020-04-24 22:44:08", "elapsed": 1702.694166, "delta": 4.144832}}
{"target": 0.6107692, "params": {"alpha": 0.3785152821364851, "colsample_bytree": 0.5380413164598299, "lam": 0.9030036077767162, "max_depth": 9.0, "min_child_weight": 9.0, "subsample": 0.8226248039244735}, "datetime": {"datetime": "2020-04-24 22:44:13", "elapsed": 1707.662665, "delta": 4.968499}}
{"target": 0.6343848, "params": {"alpha": 0.3785152821364851, "colsample_bytree": 0.6502595639445535, "lam": 0.9030036077767162, "max_depth": 9.0, "min_child_weight": 9.0, "subsample": 0.8704453219303898}, "datetime": {"datetime": "2020-04-24 22:44:16", "elapsed": 1711.230534, "delta": 3.567869}}
{"target": 0.6498646, "params": {"alpha": 0.3785152821364851, "colsample_bytree": 0.8134455924759163, "lam": 0.9030036077767162, "max_depth": 9.0, "min_child_weight": 9.0, "subsample": 0.8999507658999173}, "datetime": {"datetime": "2020-04-24 22:44:21", "elapsed": 1716.605382, "delta": 5.374848}}
{"target": 0.6374908, "params": {"alpha": 0.3785152821364851, "colsample_bytree": 0.7845779485419291, "lam": 0.9030036077767162, "max_depth": 9.0, "min_child_weight": 9.0, "subsample": 0.5837009788150052}, "datetime": {"datetime": "2020-04-24 22:44:27", "elapsed": 1722.030864, "delta": 5.425482}}
{"target": 0.6271664, "params": {"alpha": 0.3785152821364851, "colsample_bytree": 0.7953571503925796, "lam": 0.9030036077767162, "max_depth": 9.0, "min_child_weight": 9.0, "subsample": 0.538878847181529}, "datetime": {"datetime": "2020-04-24 22:44:31", "elapsed": 1726.350727, "delta": 4.319863}}
