{"target": 0.5792316000000001, "params": {"alpha": 0.41772676562525823, "colsample_bytree": 0.8780943003682748, "lam": 0.00035775002629501174, "max_depth": 9.929417719151319, "min_child_weight": 2.0575719992133457, "subsample": 0.8947179597995023}, "datetime": {"datetime": "2020-04-25 17:25:52", "elapsed": 260.948742, "delta": 3.212785}}
{"target": 0.6416254, "params": {"alpha": 0.9999999999561427, "colsample_bytree": 0.8999999999671854, "lam": 0.9999999999467398, "max_depth": 8.505736946290119, "min_child_weight": 7.932076169801169, "subsample": 0.9}, "datetime": {"datetime": "2020-04-25 17:25:55", "elapsed": 264.045874, "delta": 3.097132}}
{"target": 0.6170317999999999, "params": {"alpha": 0.024426130580025518, "colsample_bytree": 0.5638128353969944, "lam": 0.04586951363708858, "max_depth": 5.4468452928946105, "min_child_weight": 7.874263390255913, "subsample": 0.8994164021985824}, "datetime": {"datetime": "2020-04-25 17:25:58", "elapsed": 266.516486, "delta": 2.470612}}
{"target": 0.6243758, "params": {"alpha": 1.0, "colsample_bytree": 0.807302042056093, "lam": 0.8273325849975774, "max_depth": 5.603558433874884, "min_child_weight": 9.636821639688861, "subsample": 0.5}, "datetime": {"datetime": "2020-04-25 17:26:00", "elapsed": 268.972604, "delta": 2.456118}}
{"target": 0.6331116, "params": {"alpha": 0.08461713007965499, "colsample_bytree": 0.8963765736402352, "lam": 0.6702589203696538, "max_depth": 9.388648006528264, "min_child_weight": 7.299789119392424, "subsample": 0.8748373017373958}, "datetime": {"datetime": "2020-04-25 17:26:03", "elapsed": 272.04047, "delta": 3.067866}}
{"target": 0.6348314, "params": {"alpha": 0.6296274185886914, "colsample_bytree": 0.8816398200367002, "lam": 0.9526142934546339, "max_depth": 5.596348052017317, "min_child_weight": 8.209654941082725, "subsample": 0.7897279801169799}, "datetime": {"datetime": "2020-04-25 17:26:06", "elapsed": 274.513307, "delta": 2.472837}}
{"target": 0.6382437999999999, "params": {"alpha": 0.03906272562357638, "colsample_bytree": 0.8728233549871225, "lam": 0.378799823254102, "max_depth": 7.139825926375137, "min_child_weight": 3.5449073973080534, "subsample": 0.8935308087859846}, "datetime": {"datetime": "2020-04-25 17:26:08", "elapsed": 277.136804, "delta": 2.623497}}
{"target": 0.6144558, "params": {"alpha": 0.931683270622657, "colsample_bytree": 0.8984027083691001, "lam": 0.1538798959152704, "max_depth": 9.31668455184463, "min_child_weight": 6.475449679802245, "subsample": 0.5220281556639768}, "datetime": {"datetime": "2020-04-25 17:26:12", "elapsed": 280.330489, "delta": 3.193685}}
{"target": 0.6341370000000001, "params": {"alpha": 0.02715449846561213, "colsample_bytree": 0.8552597404744835, "lam": 0.9693172585906511, "max_depth": 6.444833027540174, "min_child_weight": 9.962651828318023, "subsample": 0.8586276708938507}, "datetime": {"datetime": "2020-04-25 17:26:15", "elapsed": 283.276167, "delta": 2.945678}}
{"target": 0.5987096000000001, "params": {"alpha": 0.011314413436611992, "colsample_bytree": 0.8858808694070028, "lam": 0.6025320707842988, "max_depth": 3.2707130819186814, "min_child_weight": 6.213845249112505, "subsample": 0.500076637085727}, "datetime": {"datetime": "2020-04-25 17:26:17", "elapsed": 286.026515, "delta": 2.750348}}
{"target": 0.6389594, "params": {"alpha": 1.0, "colsample_bytree": 0.8999999851738619, "lam": 1.0, "max_depth": 7.4963910843607, "min_child_weight": 10.0, "subsample": 0.9}, "datetime": {"datetime": "2020-04-25 17:26:20", "elapsed": 288.724036, "delta": 2.697521}}
{"target": 0.6342304000000001, "params": {"alpha": 0.6017456944878194, "colsample_bytree": 0.8693576106883039, "lam": 0.9481978006801332, "max_depth": 8.821650197494654, "min_child_weight": 6.275498228177904, "subsample": 0.8793734938987059}, "datetime": {"datetime": "2020-04-25 17:26:23", "elapsed": 291.346679, "delta": 2.622643}}
{"target": 0.6227615999999999, "params": {"alpha": 0.6895726968385596, "colsample_bytree": 0.8872255939531242, "lam": 0.9820392608053511, "max_depth": 9.018241309485845, "min_child_weight": 8.674499032718153, "subsample": 0.6603785750791098}, "datetime": {"datetime": "2020-04-25 17:26:26", "elapsed": 294.356669, "delta": 3.00999}}
{"target": 0.6359124, "params": {"alpha": 0.02096175706504912, "colsample_bytree": 0.8532059259308538, "lam": 1.0, "max_depth": 5.402194670070837, "min_child_weight": 9.160318617567254, "subsample": 0.5000000029419026}, "datetime": {"datetime": "2020-04-25 17:26:28", "elapsed": 297.097045, "delta": 2.740376}}
{"target": 0.6372348000000001, "params": {"alpha": 0.9999999999668454, "colsample_bytree": 0.9, "lam": 1.0, "max_depth": 7.669611560340807, "min_child_weight": 9.200262801169526, "subsample": 0.8999999999661309}, "datetime": {"datetime": "2020-04-25 17:26:31", "elapsed": 299.821834, "delta": 2.724789}}
{"target": 0.6126072, "params": {"alpha": 0.011253049891361555, "colsample_bytree": 0.8213805281918367, "lam": 0.021427952617004475, "max_depth": 8.957132958376627, "min_child_weight": 3.353531455841683, "subsample": 0.8780470586722122}, "datetime": {"datetime": "2020-04-25 17:26:34", "elapsed": 303.158743, "delta": 3.336909}}
{"target": 0.6283298, "params": {"alpha": 0.9999428771848816, "colsample_bytree": 0.8609102422665085, "lam": 0.29618330754941935, "max_depth": 4.558988470390346, "min_child_weight": 3.4329418186545686, "subsample": 0.8956135635807517}, "datetime": {"datetime": "2020-04-25 17:26:37", "elapsed": 306.037916, "delta": 2.879173}}
{"target": 0.6346882, "params": {"alpha": 0.02482666979375303, "colsample_bytree": 0.847615972184635, "lam": 0.9898262953873053, "max_depth": 9.067491242629341, "min_child_weight": 9.667614451409358, "subsample": 0.8990862540583893}, "datetime": {"datetime": "2020-04-25 17:26:41", "elapsed": 309.228176, "delta": 3.19026}}
{"target": 0.6336094, "params": {"alpha": 0.9567534372707013, "colsample_bytree": 0.8953028289754559, "lam": 0.40038825934353484, "max_depth": 6.009413821925448, "min_child_weight": 5.570462764108779, "subsample": 0.7973442879802385}, "datetime": {"datetime": "2020-04-25 17:26:43", "elapsed": 312.084169, "delta": 2.855993}}
{"target": 0.6201142, "params": {"alpha": 0.0014696934089534208, "colsample_bytree": 0.6434957515576418, "lam": 0.38664157835756185, "max_depth": 6.6211133732603695, "min_child_weight": 6.373143064987737, "subsample": 0.8898459967707435}, "datetime": {"datetime": "2020-04-25 17:26:47", "elapsed": 315.532438, "delta": 3.448269}}
{"target": 0.6255898, "params": {"alpha": 0.13642093121621524, "colsample_bytree": 0.8039309306627848, "lam": 0.09484104141658423, "max_depth": 6.113142678231923, "min_child_weight": 5.5758789249051395, "subsample": 0.7399937152601702}, "datetime": {"datetime": "2020-04-25 17:26:50", "elapsed": 318.357627, "delta": 2.825189}}
{"target": 0.5942316, "params": {"alpha": 0.9147198058912757, "colsample_bytree": 0.815925380227414, "lam": 0.9206271944247465, "max_depth": 3.0107749397327916, "min_child_weight": 8.752243132879933, "subsample": 0.8620436260824198}, "datetime": {"datetime": "2020-04-25 17:26:52", "elapsed": 320.876523, "delta": 2.518896}}
{"target": 0.6312118000000001, "params": {"alpha": 0.0032265878687579006, "colsample_bytree": 0.9, "lam": 1.0, "max_depth": 10.0, "min_child_weight": 6.979568899037978, "subsample": 0.9}, "datetime": {"datetime": "2020-04-25 17:26:55", "elapsed": 324.080984, "delta": 3.204461}}
{"target": 0.609835, "params": {"alpha": 1.0, "colsample_bytree": 0.8978664215666012, "lam": 0.9844316782807357, "max_depth": 10.0, "min_child_weight": 2.5677430681318323, "subsample": 0.6602345933690772}, "datetime": {"datetime": "2020-04-25 17:26:59", "elapsed": 327.245195, "delta": 3.164211}}
{"target": 0.6293458, "params": {"alpha": 0.03721661374645202, "colsample_bytree": 0.8664283349973401, "lam": 0.09492007777502043, "max_depth": 8.821892215104558, "min_child_weight": 6.762011835167638, "subsample": 0.7589698809549206}, "datetime": {"datetime": "2020-04-25 17:27:02", "elapsed": 330.690393, "delta": 3.445198}}
{"target": 0.6110884000000001, "params": {"alpha": 0.06786386447500958, "colsample_bytree": 0.8842315512437031, "lam": 0.00862356040693879, "max_depth": 6.766303543920718, "min_child_weight": 8.244546521687205, "subsample": 0.5225307982717302}, "datetime": {"datetime": "2020-04-25 17:27:05", "elapsed": 333.419125, "delta": 2.728732}}
{"target": 0.642379, "params": {"alpha": 0.2885649036485647, "colsample_bytree": 0.8887010224072813, "lam": 0.09400666310356931, "max_depth": 4.58501224173779, "min_child_weight": 6.111044096809094, "subsample": 0.8742570078373635}, "datetime": {"datetime": "2020-04-25 17:27:07", "elapsed": 336.184147, "delta": 2.765022}}
{"target": 0.6320484000000001, "params": {"alpha": 0.8191378580001454, "colsample_bytree": 0.8925272812774676, "lam": 0.07717533191589643, "max_depth": 3.9931438223556386, "min_child_weight": 9.361234648623759, "subsample": 0.8845659289418044}, "datetime": {"datetime": "2020-04-25 17:27:10", "elapsed": 338.934265, "delta": 2.750118}}
{"target": 0.6218828000000001, "params": {"alpha": 0.9943826582489034, "colsample_bytree": 0.8628110468208845, "lam": 0.1018547801745403, "max_depth": 6.6608327412475425, "min_child_weight": 3.0595833594250688, "subsample": 0.8746149922117079}, "datetime": {"datetime": "2020-04-25 17:27:14", "elapsed": 342.322593, "delta": 3.388328}}
{"target": 0.6394964, "params": {"alpha": 0.9954368519678158, "colsample_bytree": 0.8892474713929281, "lam": 0.7272424719198545, "max_depth": 4.759283420183118, "min_child_weight": 5.748772713135313, "subsample": 0.6268264473388446}, "datetime": {"datetime": "2020-04-25 17:27:17", "elapsed": 345.419203, "delta": 3.09661}}
{"target": 0.634232, "params": {"alpha": 0.9450034596307091, "colsample_bytree": 0.8845202098391438, "lam": 0.1565677895392965, "max_depth": 9.286576287171984, "min_child_weight": 9.23363109173747, "subsample": 0.8906231603667918}, "datetime": {"datetime": "2020-04-25 17:27:20", "elapsed": 348.975269, "delta": 3.556066}}
{"target": 0.6346662000000001, "params": {"alpha": 0.39556053067071767, "colsample_bytree": 0.8999999986094379, "lam": 0.01948506395254155, "max_depth": 5.251771967809531, "min_child_weight": 9.999999988562672, "subsample": 0.8999999965063709}, "datetime": {"datetime": "2020-04-25 17:27:24", "elapsed": 352.445963, "delta": 3.470694}}
{"target": 0.6363998000000001, "params": {"alpha": 0.01490237743774736, "colsample_bytree": 0.894820157797857, "lam": 0.1317695563652116, "max_depth": 9.983420026935184, "min_child_weight": 9.392084946760287, "subsample": 0.5456421980849031}, "datetime": {"datetime": "2020-04-25 17:27:27", "elapsed": 355.756984, "delta": 3.311021}}
{"target": 0.6126052000000001, "params": {"alpha": 0.834362834406176, "colsample_bytree": 0.8255662002095037, "lam": 0.6986197811879709, "max_depth": 4.703258641675206, "min_child_weight": 1.0412940053956519, "subsample": 0.5607300647205448}, "datetime": {"datetime": "2020-04-25 17:27:30", "elapsed": 358.678864, "delta": 2.92188}}
{"target": 0.629427, "params": {"alpha": 0.013800411814343883, "colsample_bytree": 0.714010279576706, "lam": 0.06531745615309825, "max_depth": 6.145305202299685, "min_child_weight": 3.468484362687181, "subsample": 0.8971740183773198}, "datetime": {"datetime": "2020-04-25 17:27:33", "elapsed": 361.736659, "delta": 3.057795}}
{"target": 0.624315, "params": {"alpha": 0.9845089562666016, "colsample_bytree": 0.8880348064130812, "lam": 0.8489305700425147, "max_depth": 7.672261298902124, "min_child_weight": 6.117658443034542, "subsample": 0.6103379665944342}, "datetime": {"datetime": "2020-04-25 17:27:36", "elapsed": 364.688486, "delta": 2.951827}}
{"target": 0.6308782, "params": {"alpha": 0.9815874583162774, "colsample_bytree": 0.7891649759770034, "lam": 0.17097373254729398, "max_depth": 5.175344131431786, "min_child_weight": 5.6457205569910425, "subsample": 0.8667844080814726}, "datetime": {"datetime": "2020-04-25 17:27:39", "elapsed": 367.43521, "delta": 2.746724}}
{"target": 0.630434, "params": {"alpha": 0.810734618454962, "colsample_bytree": 0.8999999998459111, "lam": 0.9999999997566169, "max_depth": 6.895550514736051, "min_child_weight": 8.136041939576312, "subsample": 0.8999999998459111}, "datetime": {"datetime": "2020-04-25 17:27:42", "elapsed": 370.893936, "delta": 3.458726}}
{"target": 0.6311661999999999, "params": {"alpha": 0.05821720785712564, "colsample_bytree": 0.8999999953297537, "lam": 0.5636678233335344, "max_depth": 5.958603427579182, "min_child_weight": 3.054228090122123, "subsample": 0.8999999961779042}, "datetime": {"datetime": "2020-04-25 17:27:45", "elapsed": 373.930206, "delta": 3.03627}}
{"target": 0.6281668, "params": {"alpha": 1.0, "colsample_bytree": 0.8999999999983465, "lam": 0.15578579615200888, "max_depth": 9.003187684767763, "min_child_weight": 7.052516082801048, "subsample": 0.8999999999978101}, "datetime": {"datetime": "2020-04-25 17:27:49", "elapsed": 377.522889, "delta": 3.592683}}
{"target": 0.638026, "params": {"alpha": 7.877701058601526e-07, "colsample_bytree": 0.9, "lam": 1.0, "max_depth": 5.817674462223867, "min_child_weight": 10.0, "subsample": 0.9}, "datetime": {"datetime": "2020-04-25 17:27:52", "elapsed": 381.174355, "delta": 3.651466}}
{"target": 0.6236602, "params": {"alpha": 0.9999999905461348, "colsample_bytree": 0.5773048868330396, "lam": 1.3508817380408118e-08, "max_depth": 5.988705024758201, "min_child_weight": 10.0, "subsample": 0.9}, "datetime": {"datetime": "2020-04-25 17:27:56", "elapsed": 384.657992, "delta": 3.483637}}
{"target": 0.638433, "params": {"alpha": 0.9999999995882197, "colsample_bytree": 0.8999999985437451, "lam": 1.0, "max_depth": 10.0, "min_child_weight": 8.900348777174461, "subsample": 0.9}, "datetime": {"datetime": "2020-04-25 17:28:00", "elapsed": 388.414843, "delta": 3.756851}}
{"target": 0.628243, "params": {"alpha": 1.0, "colsample_bytree": 0.8999999997742251, "lam": 1.0, "max_depth": 10.0, "min_child_weight": 5.665770978983905, "subsample": 0.9}, "datetime": {"datetime": "2020-04-25 17:28:04", "elapsed": 392.355492, "delta": 3.940649}}
{"target": 0.6192150000000001, "params": {"alpha": 0.047108843603742234, "colsample_bytree": 0.8886283155777852, "lam": 0.7929423683555533, "max_depth": 5.572963256914022, "min_child_weight": 7.478865447986882, "subsample": 0.6200714911665495}, "datetime": {"datetime": "2020-04-25 17:28:07", "elapsed": 395.662811, "delta": 3.307319}}
{"target": 0.6075744000000001, "params": {"alpha": 0.3044631755636623, "colsample_bytree": 0.5135064091845756, "lam": 0.9842697287134979, "max_depth": 5.298745539790308, "min_child_weight": 9.226069273785598, "subsample": 0.8949403143870933}, "datetime": {"datetime": "2020-04-25 17:28:10", "elapsed": 398.671828, "delta": 3.009017}}
{"target": 0.6345913999999999, "params": {"alpha": 0.7811348551604278, "colsample_bytree": 0.8839849085890219, "lam": 0.022506034502521866, "max_depth": 7.25911819514768, "min_child_weight": 9.908688554398541, "subsample": 0.8963826278224816}, "datetime": {"datetime": "2020-04-25 17:28:14", "elapsed": 402.367786, "delta": 3.695958}}
{"target": 0.6361676, "params": {"alpha": 0.524712488704998, "colsample_bytree": 0.8389546396142202, "lam": 0.02811850596581411, "max_depth": 8.162590909356037, "min_child_weight": 6.761643447164145, "subsample": 0.894647836443613}, "datetime": {"datetime": "2020-04-25 17:28:17", "elapsed": 405.683093, "delta": 3.315307}}
{"target": 0.6449604000000001, "params": {"alpha": 0.5416536428391597, "colsample_bytree": 0.8868965328615992, "lam": 0.0807746520155781, "max_depth": 8.338409439073185, "min_child_weight": 5.524317570145273, "subsample": 0.8854777250466259}, "datetime": {"datetime": "2020-04-25 17:28:21", "elapsed": 409.36242, "delta": 3.679327}}
{"target": 0.6159320000000001, "params": {"alpha": 0.06218039758014038, "colsample_bytree": 0.5115814600821983, "lam": 0.9307093509426615, "max_depth": 6.531052644289484, "min_child_weight": 3.4923942718599292, "subsample": 0.8543908511375577}, "datetime": {"datetime": "2020-04-25 17:28:25", "elapsed": 413.207609, "delta": 3.845189}}
{"target": 0.6251688, "params": {"alpha": 0.7918931186582026, "colsample_bytree": 0.8864424994660385, "lam": 0.8848056203144522, "max_depth": 4.995174940788904, "min_child_weight": 6.497685565213625, "subsample": 0.8555133816313716}, "datetime": {"datetime": "2020-04-25 17:28:28", "elapsed": 416.406279, "delta": 3.19867}}
{"target": 0.6334856, "params": {"alpha": 0.11848909701550114, "colsample_bytree": 0.8979822867490064, "lam": 0.048575013987389504, "max_depth": 8.394459317696922, "min_child_weight": 8.749157955588924, "subsample": 0.868264081205405}, "datetime": {"datetime": "2020-04-25 17:28:32", "elapsed": 420.72619, "delta": 4.319911}}
{"target": 0.6308044, "params": {"alpha": 0.8923024617894902, "colsample_bytree": 0.898382771726965, "lam": 0.13571756122449152, "max_depth": 4.386735850576049, "min_child_weight": 8.017796487402563, "subsample": 0.8969442295812822}, "datetime": {"datetime": "2020-04-25 17:28:36", "elapsed": 424.262517, "delta": 3.536327}}
{"target": 0.6345208, "params": {"alpha": 0.056827298846184315, "colsample_bytree": 0.8579348568010862, "lam": 0.02273376157308349, "max_depth": 8.200955106171254, "min_child_weight": 9.835739293697383, "subsample": 0.5146277238181723}, "datetime": {"datetime": "2020-04-25 17:28:39", "elapsed": 427.625546, "delta": 3.363029}}
{"target": 0.6066686000000001, "params": {"alpha": 0.10692749650578215, "colsample_bytree": 0.5522844428909761, "lam": 0.023660341046923272, "max_depth": 4.223022792385785, "min_child_weight": 8.569400937735214, "subsample": 0.8771351505098962}, "datetime": {"datetime": "2020-04-25 17:28:43", "elapsed": 431.288442, "delta": 3.662896}}
{"target": 0.6330538, "params": {"alpha": 0.9999999932147828, "colsample_bytree": 0.9, "lam": 0.9999999812712248, "max_depth": 3.7689431989867126, "min_child_weight": 7.709418564738359, "subsample": 0.7661237358608363}, "datetime": {"datetime": "2020-04-25 17:28:47", "elapsed": 435.257474, "delta": 3.969032}}
{"target": 0.6346102, "params": {"alpha": 0.006642357671446941, "colsample_bytree": 0.8889938487981284, "lam": 0.9947249526300672, "max_depth": 6.391674762769931, "min_child_weight": 8.886795746986529, "subsample": 0.751680434663871}, "datetime": {"datetime": "2020-04-25 17:28:50", "elapsed": 439.057199, "delta": 3.799725}}
{"target": 0.6317196, "params": {"alpha": 0.9669506062699933, "colsample_bytree": 0.8939746743584973, "lam": 0.16216541070790325, "max_depth": 3.867692458273835, "min_child_weight": 6.909690628679678, "subsample": 0.898779362281726}, "datetime": {"datetime": "2020-04-25 17:28:55", "elapsed": 443.52873, "delta": 4.471531}}
{"target": 0.5704594000000001, "params": {"alpha": 0.0, "colsample_bytree": 0.5000000262122467, "lam": 0.06620128809130676, "max_depth": 4.207775149942226, "min_child_weight": 1.0000000066438834, "subsample": 0.5}, "datetime": {"datetime": "2020-04-25 17:28:59", "elapsed": 447.604696, "delta": 4.075966}}
{"target": 0.6281168, "params": {"alpha": 0.9498218082737249, "colsample_bytree": 0.8843345400297933, "lam": 0.9562461454963999, "max_depth": 6.03326049810193, "min_child_weight": 5.5184376572148075, "subsample": 0.5008507507207511}, "datetime": {"datetime": "2020-04-25 17:29:02", "elapsed": 451.154671, "delta": 3.549975}}
{"target": 0.6288888, "params": {"alpha": 0.09899816623839464, "colsample_bytree": 0.89628560151616, "lam": 0.022301466568463324, "max_depth": 9.998792461799924, "min_child_weight": 8.817191063722568, "subsample": 0.6472619972921488}, "datetime": {"datetime": "2020-04-25 17:29:07", "elapsed": 455.521469, "delta": 4.366798}}
{"target": 0.6232025999999999, "params": {"alpha": 0.24268418656097523, "colsample_bytree": 0.8963551500646143, "lam": 0.6270748769434308, "max_depth": 3.9917966736803665, "min_child_weight": 6.130565213677275, "subsample": 0.8834554221669337}, "datetime": {"datetime": "2020-04-25 17:29:11", "elapsed": 459.312676, "delta": 3.791207}}
{"target": 0.6242812, "params": {"alpha": 0.9852814686500247, "colsample_bytree": 0.8999999869648594, "lam": 1.0, "max_depth": 7.542407364626148, "min_child_weight": 4.462542660336625, "subsample": 0.8999999906059469}, "datetime": {"datetime": "2020-04-25 17:29:14", "elapsed": 463.139403, "delta": 3.826727}}
{"target": 0.5958222000000001, "params": {"alpha": 0.005553553640333386, "colsample_bytree": 0.7691390868615158, "lam": 0.4148233224941953, "max_depth": 3.1613905553978436, "min_child_weight": 2.1152937583667093, "subsample": 0.5600620237678587}, "datetime": {"datetime": "2020-04-25 17:29:18", "elapsed": 466.757869, "delta": 3.618466}}
{"target": 0.6194368, "params": {"alpha": 0.7937313305113217, "colsample_bytree": 0.8827042011670841, "lam": 0.5055133257910971, "max_depth": 8.572702010276327, "min_child_weight": 6.08381084334866, "subsample": 0.88781120507768}, "datetime": {"datetime": "2020-04-25 17:29:22", "elapsed": 470.44192, "delta": 3.684051}}
{"target": 0.6218299999999999, "params": {"alpha": 0.6883840819396914, "colsample_bytree": 0.7497015860220286, "lam": 0.8988873421759848, "max_depth": 8.70654012717975, "min_child_weight": 7.098005689224576, "subsample": 0.5735990743726065}, "datetime": {"datetime": "2020-04-25 17:29:26", "elapsed": 474.961182, "delta": 4.519262}}
{"target": 0.5891392, "params": {"alpha": 0.0, "colsample_bytree": 0.5, "lam": 0.0, "max_depth": 9.99999999836657, "min_child_weight": 6.183080889485958, "subsample": 0.8581517435991534}, "datetime": {"datetime": "2020-04-25 17:29:31", "elapsed": 479.507466, "delta": 4.546284}}
{"target": 0.6312658, "params": {"alpha": 0.1679476842651214, "colsample_bytree": 0.8664960173413114, "lam": 0.9728281446189635, "max_depth": 6.375649615359518, "min_child_weight": 3.573926943826727, "subsample": 0.8904455226884831}, "datetime": {"datetime": "2020-04-25 17:29:35", "elapsed": 483.714708, "delta": 4.207242}}
