{"target": 0.6295322, "params": {"alpha": 0.4334414731690919, "colsample_bytree": 0.8484454119438896, "lam": 0.0648292017572929, "max_depth": 5.664278547209116, "min_child_weight": 5.079334810651881, "subsample": 0.894178185140094}, "datetime": {"datetime": "2020-04-24 18:41:27", "elapsed": 3806.11004, "delta": 19.925112}}
{"target": 0.646568, "params": {"alpha": 0.9342211577792051, "colsample_bytree": 0.8866691941668876, "lam": 0.981775155478402, "max_depth": 5.817906496555647, "min_child_weight": 7.221669693313501, "subsample": 0.8969273472072838}, "datetime": {"datetime": "2020-04-24 18:41:47", "elapsed": 3826.37854, "delta": 20.2685}}
{"target": 0.618648, "params": {"alpha": 0.001232088690857558, "colsample_bytree": 0.8764067618337925, "lam": 0.9470473209975871, "max_depth": 4.448963350701883, "min_child_weight": 8.135485797285606, "subsample": 0.8626136804821634}, "datetime": {"datetime": "2020-04-24 18:42:06", "elapsed": 3845.577615, "delta": 19.199075}}
{"target": 0.641045, "params": {"alpha": 0.01293139683575295, "colsample_bytree": 0.8784016386660123, "lam": 0.8198159578340828, "max_depth": 6.992953923421652, "min_child_weight": 7.513512829528494, "subsample": 0.8995956481802293}, "datetime": {"datetime": "2020-04-24 18:42:28", "elapsed": 3866.926272, "delta": 21.348657}}
{"target": 0.6336801999999999, "params": {"alpha": 0.18054596516455468, "colsample_bytree": 0.899595919077478, "lam": 0.009134424338464564, "max_depth": 6.373884062589476, "min_child_weight": 5.3200809673120135, "subsample": 0.8982386100042988}, "datetime": {"datetime": "2020-04-24 18:42:47", "elapsed": 3886.41187, "delta": 19.485598}}
{"target": 0.6332804000000001, "params": {"alpha": 0.0011101925443823824, "colsample_bytree": 0.8056025845443646, "lam": 0.7878088283991207, "max_depth": 5.3387475318925155, "min_child_weight": 6.555959686326737, "subsample": 0.8912658181017857}, "datetime": {"datetime": "2020-04-24 18:43:04", "elapsed": 3903.715653, "delta": 17.303783}}
{"target": 0.6348506, "params": {"alpha": 0.030655886289364664, "colsample_bytree": 0.6642341077970598, "lam": 0.02679953898944676, "max_depth": 4.972549650530124, "min_child_weight": 4.484368175259114, "subsample": 0.8337582762469614}, "datetime": {"datetime": "2020-04-24 18:43:26", "elapsed": 3925.624247, "delta": 21.908594}}
{"target": 0.6340878, "params": {"alpha": 0.989101363603895, "colsample_bytree": 0.8908625450359433, "lam": 0.36849516952632133, "max_depth": 8.250250239400014, "min_child_weight": 8.58155469874971, "subsample": 0.5784750244130726}, "datetime": {"datetime": "2020-04-24 18:43:47", "elapsed": 3946.815385, "delta": 21.191138}}
{"target": 0.6320786, "params": {"alpha": 0.5669509937318821, "colsample_bytree": 0.844631245956044, "lam": 0.029525026012243827, "max_depth": 4.717548252700004, "min_child_weight": 3.8332470781972665, "subsample": 0.8834936055387819}, "datetime": {"datetime": "2020-04-24 18:44:01", "elapsed": 3960.642843, "delta": 13.827458}}
{"target": 0.6076618, "params": {"alpha": 0.03963979213986679, "colsample_bytree": 0.8725031635045439, "lam": 0.9663807238755532, "max_depth": 4.077040349707941, "min_child_weight": 6.015079328759769, "subsample": 0.5079736347256217}, "datetime": {"datetime": "2020-04-24 18:44:22", "elapsed": 3981.745218, "delta": 21.102375}}
{"target": 0.6349046, "params": {"alpha": 0.021357454897673378, "colsample_bytree": 0.8614736387336506, "lam": 0.37767644841231496, "max_depth": 6.190176993119278, "min_child_weight": 9.164125335395212, "subsample": 0.8523514693033938}, "datetime": {"datetime": "2020-04-24 18:44:43", "elapsed": 4002.697548, "delta": 20.95233}}
{"target": 0.6156724, "params": {"alpha": 0.00125434110908329, "colsample_bytree": 0.8564864940134229, "lam": 0.014238103633208099, "max_depth": 4.745878615843129, "min_child_weight": 7.86259452953416, "subsample": 0.5289884338469983}, "datetime": {"datetime": "2020-04-24 18:45:01", "elapsed": 4020.628991, "delta": 17.931443}}
{"target": 0.6302958000000001, "params": {"alpha": 0.04650212700383227, "colsample_bytree": 0.8895969607882863, "lam": 0.08058434573184825, "max_depth": 5.223924794934275, "min_child_weight": 6.035375793841657, "subsample": 0.8544953949798237}, "datetime": {"datetime": "2020-04-24 18:45:20", "elapsed": 4039.106428, "delta": 18.477437}}
{"target": 0.6358370000000001, "params": {"alpha": 0.011066789356660611, "colsample_bytree": 0.8676085601340298, "lam": 0.004112375836637594, "max_depth": 3.689631112505081, "min_child_weight": 7.960322133204312, "subsample": 0.8456198070136332}, "datetime": {"datetime": "2020-04-24 18:45:37", "elapsed": 4055.941507, "delta": 16.835079}}
{"target": 0.6271370000000001, "params": {"alpha": 0.34933173488779756, "colsample_bytree": 0.8933724689593514, "lam": 0.1472295065894189, "max_depth": 4.863151001097255, "min_child_weight": 9.608742705117487, "subsample": 0.8948598194706162}, "datetime": {"datetime": "2020-04-24 18:45:56", "elapsed": 4075.025298, "delta": 19.083791}}
{"target": 0.635436, "params": {"alpha": 0.0026104042997429078, "colsample_bytree": 0.8277394230121267, "lam": 0.009791771812509453, "max_depth": 5.91610939809353, "min_child_weight": 4.564575736897625, "subsample": 0.8996147969433899}, "datetime": {"datetime": "2020-04-24 18:46:14", "elapsed": 4093.529831, "delta": 18.504533}}
{"target": 0.6437136000000001, "params": {"alpha": 7.0945983847683e-09, "colsample_bytree": 0.8999999972558556, "lam": 0.9999999915053932, "max_depth": 9.101064633140094, "min_child_weight": 9.999999950794003, "subsample": 0.8999999967936532}, "datetime": {"datetime": "2020-04-24 18:46:34", "elapsed": 4112.918073, "delta": 19.388242}}
{"target": 0.640409, "params": {"alpha": 0.18877874103062908, "colsample_bytree": 0.802653756217528, "lam": 0.9370754135504661, "max_depth": 6.915841244912479, "min_child_weight": 4.926988391940908, "subsample": 0.8805427492658393}, "datetime": {"datetime": "2020-04-24 18:46:54", "elapsed": 4133.091004, "delta": 20.172931}}
{"target": 0.638401, "params": {"alpha": 0.04882437811941598, "colsample_bytree": 0.8969513182427651, "lam": 0.010187534940870768, "max_depth": 4.518381116568179, "min_child_weight": 8.655517928878181, "subsample": 0.8360881469514763}, "datetime": {"datetime": "2020-04-24 18:47:13", "elapsed": 4152.395798, "delta": 19.304794}}
{"target": 0.6300992000000001, "params": {"alpha": 0.004155606342796547, "colsample_bytree": 0.7674374138803992, "lam": 0.3925415120557876, "max_depth": 6.627098192377261, "min_child_weight": 7.279026131442204, "subsample": 0.5419454256900662}, "datetime": {"datetime": "2020-04-24 18:47:31", "elapsed": 4170.236398, "delta": 17.8406}}
{"target": 0.6254658000000001, "params": {"alpha": 0.23691068403807158, "colsample_bytree": 0.8423736383709615, "lam": 0.546940541278224, "max_depth": 6.677560919087402, "min_child_weight": 4.510125950923909, "subsample": 0.8582862793648549}, "datetime": {"datetime": "2020-04-24 18:47:53", "elapsed": 4192.835567, "delta": 22.599169}}
{"target": 0.6060166, "params": {"alpha": 0.9846987414185179, "colsample_bytree": 0.7048466326668539, "lam": 0.013079558901776145, "max_depth": 8.35344543307345, "min_child_weight": 4.450516392182124, "subsample": 0.5148905769543684}, "datetime": {"datetime": "2020-04-24 18:48:19", "elapsed": 4217.977327, "delta": 25.14176}}
{"target": 0.6347376, "params": {"alpha": 0.060251584172234085, "colsample_bytree": 0.862530478109278, "lam": 0.503774084032961, "max_depth": 5.152611235146848, "min_child_weight": 8.712019954769902, "subsample": 0.5162923850808773}, "datetime": {"datetime": "2020-04-24 18:48:42", "elapsed": 4241.015599, "delta": 23.038272}}
{"target": 0.6335008, "params": {"alpha": 0.9823237800870818, "colsample_bytree": 0.8585028286893759, "lam": 0.02131327318069176, "max_depth": 6.995598802165428, "min_child_weight": 8.396840511616997, "subsample": 0.8941771087378607}, "datetime": {"datetime": "2020-04-24 18:49:02", "elapsed": 4261.491889, "delta": 20.47629}}
{"target": 0.604792, "params": {"alpha": 0.9451695815724019, "colsample_bytree": 0.8948261633368778, "lam": 0.02069725956317281, "max_depth": 7.848515969552287, "min_child_weight": 2.5996431066059573, "subsample": 0.7837006011063228}, "datetime": {"datetime": "2020-04-24 18:49:25", "elapsed": 4284.664711, "delta": 23.172822}}
{"target": 0.6345034, "params": {"alpha": 0.022603064574389653, "colsample_bytree": 0.8447325932931828, "lam": 0.94096865988167, "max_depth": 4.921197384194873, "min_child_weight": 7.132030736929201, "subsample": 0.5874015624712793}, "datetime": {"datetime": "2020-04-24 18:49:44", "elapsed": 4303.540976, "delta": 18.876265}}
{"target": 0.6217074, "params": {"alpha": 0.6195822144777983, "colsample_bytree": 0.8971257098245278, "lam": 0.9866267562792533, "max_depth": 9.521309097149613, "min_child_weight": 3.2602934097392566, "subsample": 0.7541948475290127}, "datetime": {"datetime": "2020-04-24 18:50:10", "elapsed": 4329.338535, "delta": 25.797559}}
{"target": 0.6345723999999999, "params": {"alpha": 0.935700507166825, "colsample_bytree": 0.8954135209632168, "lam": 0.3838525848213671, "max_depth": 6.202743763717177, "min_child_weight": 6.246920751743876, "subsample": 0.8696800505727492}, "datetime": {"datetime": "2020-04-24 18:50:29", "elapsed": 4348.385388, "delta": 19.046853}}
{"target": 0.6403215999999999, "params": {"alpha": 0.34483997087165374, "colsample_bytree": 0.8751541725020314, "lam": 0.5041341691072602, "max_depth": 6.082796010346939, "min_child_weight": 6.888162008090994, "subsample": 0.8209174179330113}, "datetime": {"datetime": "2020-04-24 18:50:53", "elapsed": 4372.443539, "delta": 24.058151}}
{"target": 0.6431552, "params": {"alpha": 0.7292934059878028, "colsample_bytree": 0.8697833467500062, "lam": 0.5922288308055059, "max_depth": 9.093879929503684, "min_child_weight": 7.840451832374065, "subsample": 0.568506646454038}, "datetime": {"datetime": "2020-04-24 18:51:14", "elapsed": 4393.254729, "delta": 20.81119}}
{"target": 0.6336494, "params": {"alpha": 0.9596534195447798, "colsample_bytree": 0.8866334079257641, "lam": 0.45758688942584713, "max_depth": 9.15929762832949, "min_child_weight": 7.497750635982008, "subsample": 0.8588149336167545}, "datetime": {"datetime": "2020-04-24 18:51:41", "elapsed": 4420.367787, "delta": 27.113058}}
{"target": 0.6137658, "params": {"alpha": 0.0021451068643963955, "colsample_bytree": 0.8916823755347361, "lam": 0.7975324588980643, "max_depth": 6.45993807905882, "min_child_weight": 1.1995292990737, "subsample": 0.8738793266200513}, "datetime": {"datetime": "2020-04-24 18:52:08", "elapsed": 4447.13714, "delta": 26.769353}}
{"target": 0.6255688, "params": {"alpha": 0.00047162399387168374, "colsample_bytree": 0.8756115105901658, "lam": 0.08778241133498876, "max_depth": 7.917009759709319, "min_child_weight": 7.525628759423513, "subsample": 0.808789551697104}, "datetime": {"datetime": "2020-04-24 18:52:33", "elapsed": 4472.772001, "delta": 25.634861}}
{"target": 0.6310667999999999, "params": {"alpha": 0.07471003753268668, "colsample_bytree": 0.6644047590608201, "lam": 0.09685686420963302, "max_depth": 8.935675509400319, "min_child_weight": 8.968828578262071, "subsample": 0.8992995813477511}, "datetime": {"datetime": "2020-04-24 18:52:50", "elapsed": 4488.995645, "delta": 16.223644}}
{"target": 0.604609, "params": {"alpha": 0.026596072944736315, "colsample_bytree": 0.8624714874016639, "lam": 0.04236732569299251, "max_depth": 3.384288522584324, "min_child_weight": 7.297470423572944, "subsample": 0.857820174544073}, "datetime": {"datetime": "2020-04-24 18:53:12", "elapsed": 4511.471956, "delta": 22.476311}}
{"target": 0.6325442, "params": {"alpha": 0.9370638033543998, "colsample_bytree": 0.8589971951945762, "lam": 0.023816559544393878, "max_depth": 7.803055853925961, "min_child_weight": 8.214902142566945, "subsample": 0.8574255844872634}, "datetime": {"datetime": "2020-04-24 18:53:33", "elapsed": 4532.342885, "delta": 20.870929}}
{"target": 0.609278, "params": {"alpha": 1.0426198167877071e-07, "colsample_bytree": 0.8999999743955871, "lam": 3.5854344036461064e-08, "max_depth": 9.999999849145905, "min_child_weight": 5.737929622626153, "subsample": 0.5}, "datetime": {"datetime": "2020-04-24 18:53:56", "elapsed": 4555.493413, "delta": 23.150528}}
{"target": 0.6299114, "params": {"alpha": 0.08221996019805233, "colsample_bytree": 0.8518250514953312, "lam": 0.014857263769612938, "max_depth": 5.357903131949376, "min_child_weight": 7.364607625570874, "subsample": 0.8971062095919555}, "datetime": {"datetime": "2020-04-24 18:54:17", "elapsed": 4576.313493, "delta": 20.82008}}
{"target": 0.621801, "params": {"alpha": 0.012539027457448615, "colsample_bytree": 0.8965577955510975, "lam": 0.38853086198807074, "max_depth": 5.083193448413683, "min_child_weight": 7.021173892617124, "subsample": 0.5641761917200551}, "datetime": {"datetime": "2020-04-24 18:54:40", "elapsed": 4599.482831, "delta": 23.169338}}
{"target": 0.6332952000000001, "params": {"alpha": 0.6097198143377002, "colsample_bytree": 0.8942998925019918, "lam": 0.9906451056549479, "max_depth": 9.175122811097314, "min_child_weight": 7.846940921911379, "subsample": 0.5747902102635671}, "datetime": {"datetime": "2020-04-24 18:55:00", "elapsed": 4619.025374, "delta": 19.542543}}
{"target": 0.6105466, "params": {"alpha": 0.7639025428522349, "colsample_bytree": 0.6089144825318528, "lam": 0.9898668648554102, "max_depth": 6.522246725597416, "min_child_weight": 5.249479808715795, "subsample": 0.885130450127458}, "datetime": {"datetime": "2020-04-24 18:55:23", "elapsed": 4642.386477, "delta": 23.361103}}
{"target": 0.6268041999999999, "params": {"alpha": 0.04277602341966813, "colsample_bytree": 0.8891205318042139, "lam": 0.23567786178105465, "max_depth": 5.543243334141407, "min_child_weight": 7.70523031520419, "subsample": 0.5563223943207979}, "datetime": {"datetime": "2020-04-24 18:55:49", "elapsed": 4668.022822, "delta": 25.636345}}
{"target": 0.6394386, "params": {"alpha": 0.2007246009528777, "colsample_bytree": 0.8739678548585907, "lam": 0.0045040826598359285, "max_depth": 7.973118511424228, "min_child_weight": 8.702667496672932, "subsample": 0.5908160038994713}, "datetime": {"datetime": "2020-04-24 18:56:13", "elapsed": 4692.338527, "delta": 24.315705}}
{"target": 0.6013748, "params": {"alpha": 0.0, "colsample_bytree": 0.9, "lam": 0.9999999391701705, "max_depth": 3.0, "min_child_weight": 1.0, "subsample": 0.5}, "datetime": {"datetime": "2020-04-24 18:56:33", "elapsed": 4712.198697, "delta": 19.86017}}
{"target": 0.6435794, "params": {"alpha": 0.005475245547756247, "colsample_bytree": 0.8535115451755504, "lam": 0.07263125332400666, "max_depth": 9.830554023858546, "min_child_weight": 9.185883827254262, "subsample": 0.8674103296340832}, "datetime": {"datetime": "2020-04-24 18:56:54", "elapsed": 4733.68846, "delta": 21.489763}}
{"target": 0.6186102, "params": {"alpha": 0.9730190380052354, "colsample_bytree": 0.8781646831972894, "lam": 0.999325578531387, "max_depth": 4.085245286869664, "min_child_weight": 7.9454161937997085, "subsample": 0.6494601669675417}, "datetime": {"datetime": "2020-04-24 18:57:14", "elapsed": 4753.584257, "delta": 19.895797}}
{"target": 0.633367, "params": {"alpha": 0.41581387722049745, "colsample_bytree": 0.8965430862575456, "lam": 0.2902542889756067, "max_depth": 6.837460394710828, "min_child_weight": 9.956054134139706, "subsample": 0.8950102901184646}, "datetime": {"datetime": "2020-04-24 18:57:31", "elapsed": 4770.535266, "delta": 16.951009}}
{"target": 0.6230591999999999, "params": {"alpha": 0.9717991549805917, "colsample_bytree": 0.868689104474621, "lam": 0.030519105838698546, "max_depth": 6.98237309267366, "min_child_weight": 7.270460466169331, "subsample": 0.6337389736235588}, "datetime": {"datetime": "2020-04-24 18:57:50", "elapsed": 4788.956953, "delta": 18.421687}}
{"target": 0.6194018, "params": {"alpha": 0.4923766680194329, "colsample_bytree": 0.8997899779173553, "lam": 0.9998185982839802, "max_depth": 6.793411991773182, "min_child_weight": 2.846106820402804, "subsample": 0.8627829252648354}, "datetime": {"datetime": "2020-04-24 18:58:13", "elapsed": 4812.367247, "delta": 23.410294}}
{"target": 0.6242554, "params": {"alpha": 0.5407868763426678, "colsample_bytree": 0.8873821289808029, "lam": 0.9493793345549743, "max_depth": 3.8036268750319246, "min_child_weight": 1.041896824067026, "subsample": 0.8131601298155182}, "datetime": {"datetime": "2020-04-24 18:58:36", "elapsed": 4834.944187, "delta": 22.57694}}
{"target": 0.6382386, "params": {"alpha": 0.855376734180152, "colsample_bytree": 0.8949042632206905, "lam": 0.3064455427317787, "max_depth": 7.3815071347455445, "min_child_weight": 6.73075777003185, "subsample": 0.8522404876676066}, "datetime": {"datetime": "2020-04-24 18:58:54", "elapsed": 4853.681696, "delta": 18.737509}}
{"target": 0.6127355999999999, "params": {"alpha": 0.5343399436357992, "colsample_bytree": 0.5879678649135477, "lam": 0.9697569339789471, "max_depth": 7.493490021863894, "min_child_weight": 2.7320274787955707, "subsample": 0.8925715441700082}, "datetime": {"datetime": "2020-04-24 18:59:20", "elapsed": 4879.77823, "delta": 26.096534}}
{"target": 0.637386, "params": {"alpha": 0.973237607835009, "colsample_bytree": 0.8542060360690007, "lam": 0.0626315039042118, "max_depth": 7.397155327661505, "min_child_weight": 5.720491504120846, "subsample": 0.8450635298805818}, "datetime": {"datetime": "2020-04-24 18:59:39", "elapsed": 4898.860015, "delta": 19.081785}}
{"target": 0.6413482, "params": {"alpha": 0.26355293922158063, "colsample_bytree": 0.8842258498166884, "lam": 0.9906524605200393, "max_depth": 9.197210787452125, "min_child_weight": 4.654680886478175, "subsample": 0.8838196766274887}, "datetime": {"datetime": "2020-04-24 19:00:04", "elapsed": 4923.464689, "delta": 24.604674}}
{"target": 0.6293896, "params": {"alpha": 0.019790544468553217, "colsample_bytree": 0.8402853290234606, "lam": 0.8754025324905712, "max_depth": 5.899591301305472, "min_child_weight": 2.713655686299341, "subsample": 0.5012845675915651}, "datetime": {"datetime": "2020-04-24 19:00:21", "elapsed": 4940.141966, "delta": 16.677277}}
{"target": 0.6067618, "params": {"alpha": 0.008745896477434623, "colsample_bytree": 0.7439903797675538, "lam": 0.0018489692145680081, "max_depth": 7.526140556890985, "min_child_weight": 2.4221960531332254, "subsample": 0.8393571406385987}, "datetime": {"datetime": "2020-04-24 19:00:43", "elapsed": 4962.504582, "delta": 22.362616}}
{"target": 0.6270952, "params": {"alpha": 0.5663872467502749, "colsample_bytree": 0.8448616520659722, "lam": 0.9516583308569124, "max_depth": 5.667234784152158, "min_child_weight": 2.4845947736953287, "subsample": 0.8991317146303138}, "datetime": {"datetime": "2020-04-24 19:01:10", "elapsed": 4989.07723, "delta": 26.572648}}
{"target": 0.6306414, "params": {"alpha": 0.967861176645489, "colsample_bytree": 0.8750534574260529, "lam": 0.6567119035029879, "max_depth": 7.321618224815982, "min_child_weight": 5.910965914858251, "subsample": 0.8824331896254236}, "datetime": {"datetime": "2020-04-24 19:01:30", "elapsed": 5009.445547, "delta": 20.368317}}
{"target": 0.6190262000000001, "params": {"alpha": 0.6948549417127899, "colsample_bytree": 0.6333352928691693, "lam": 0.048068164890282206, "max_depth": 7.807975078832799, "min_child_weight": 5.333499937112151, "subsample": 0.8658287948442951}, "datetime": {"datetime": "2020-04-24 19:01:47", "elapsed": 5026.600939, "delta": 17.155392}}
{"target": 0.6396845999999999, "params": {"alpha": 0.015402923522573664, "colsample_bytree": 0.8081279131469774, "lam": 0.9623914474076122, "max_depth": 7.259431914252648, "min_child_weight": 7.158596380276711, "subsample": 0.873035352976867}, "datetime": {"datetime": "2020-04-24 19:02:07", "elapsed": 5046.503287, "delta": 19.902348}}
{"target": 0.6199712, "params": {"alpha": 0.0, "colsample_bytree": 0.9, "lam": 3.2728030250933807e-09, "max_depth": 4.3965676498527735, "min_child_weight": 10.0, "subsample": 0.8079601072011015}, "datetime": {"datetime": "2020-04-24 19:02:37", "elapsed": 5075.892781, "delta": 29.389494}}
{"target": 0.6319568, "params": {"alpha": 0.2117727979843933, "colsample_bytree": 0.7882974876828334, "lam": 0.0017688212345856602, "max_depth": 8.346815792452698, "min_child_weight": 8.671552224916853, "subsample": 0.8837921960135116}, "datetime": {"datetime": "2020-04-24 19:02:59", "elapsed": 5098.324819, "delta": 22.432038}}
{"target": 0.6215724, "params": {"alpha": 0.00814505678045152, "colsample_bytree": 0.8098558344067388, "lam": 0.8053437781058768, "max_depth": 5.93315477114776, "min_child_weight": 2.5914528767309886, "subsample": 0.8673770551012339}, "datetime": {"datetime": "2020-04-24 19:03:28", "elapsed": 5127.379077, "delta": 29.054258}}
{"target": 0.627436, "params": {"alpha": 0.008698886878801826, "colsample_bytree": 0.8013933562586546, "lam": 0.3093108114771287, "max_depth": 7.944501930313776, "min_child_weight": 8.82989241330365, "subsample": 0.8720847682220094}, "datetime": {"datetime": "2020-04-24 19:03:51", "elapsed": 5150.242738, "delta": 22.863661}}
{"target": 0.6345411999999999, "params": {"alpha": 0.023511140615533277, "colsample_bytree": 0.884522836497489, "lam": 0.9563063254435873, "max_depth": 8.725356358985689, "min_child_weight": 5.548870739023889, "subsample": 0.8764409531763613}, "datetime": {"datetime": "2020-04-24 19:04:15", "elapsed": 5174.429879, "delta": 24.187141}}
{"target": 0.6239416, "params": {"alpha": 0.5965785605741785, "colsample_bytree": 0.8802460770328437, "lam": 0.017236031225109416, "max_depth": 7.2703160530121504, "min_child_weight": 8.772881165246094, "subsample": 0.5983756611050463}, "datetime": {"datetime": "2020-04-24 19:04:38", "elapsed": 5197.139639, "delta": 22.70976}}
