{"target": 0.6388134, "params": {"alpha": 0.7893564577899755, "colsample_bytree": 0.8906079087683348, "lam": 0.3998228840955472, "max_depth": 6.228593986132889, "min_child_weight": 7.199225618513255, "subsample": 0.8799232268189472}, "datetime": {"datetime": "2020-04-25 00:57:38", "elapsed": 1194.632593, "delta": 6.750265}}
{"target": 0.642156, "params": {"alpha": 1.0, "colsample_bytree": 0.9, "lam": 0.5749785264996312, "max_depth": 5.511599504347161, "min_child_weight": 2.3329466779802694, "subsample": 0.5}, "datetime": {"datetime": "2020-04-25 00:57:47", "elapsed": 1202.997153, "delta": 8.36456}}
{"target": 0.5934434, "params": {"alpha": 0.952325619431254, "colsample_bytree": 0.5839656474239274, "lam": 0.04199581228550797, "max_depth": 5.747620968017098, "min_child_weight": 2.7465565499836435, "subsample": 0.6480831292769276}, "datetime": {"datetime": "2020-04-25 00:57:54", "elapsed": 1209.957296, "delta": 6.960143}}
{"target": 0.6389028, "params": {"alpha": 0.5936095597519756, "colsample_bytree": 0.8508195154592024, "lam": 0.9122409418217275, "max_depth": 9.779119894748845, "min_child_weight": 9.467182009210969, "subsample": 0.8766041526096747}, "datetime": {"datetime": "2020-04-25 00:58:02", "elapsed": 1218.338132, "delta": 8.380836}}
{"target": 0.6367155999999999, "params": {"alpha": 0.01927901728429493, "colsample_bytree": 0.8933688465974647, "lam": 0.30600709152773853, "max_depth": 4.61452896509801, "min_child_weight": 9.840194160258815, "subsample": 0.7363786596268973}, "datetime": {"datetime": "2020-04-25 00:58:09", "elapsed": 1225.856759, "delta": 7.518627}}
{"target": 0.6237358000000001, "params": {"alpha": 0.1794012030071317, "colsample_bytree": 0.8638190565746363, "lam": 0.9733266624801546, "max_depth": 5.238768884793557, "min_child_weight": 5.2108197501080635, "subsample": 0.8708950384208243}, "datetime": {"datetime": "2020-04-25 00:58:18", "elapsed": 1233.996397, "delta": 8.139638}}
{"target": 0.6199044, "params": {"alpha": 0.5071261739175851, "colsample_bytree": 0.89026702267126, "lam": 0.8354386870947592, "max_depth": 8.078365071372865, "min_child_weight": 9.971592319336738, "subsample": 0.5520335889857099}, "datetime": {"datetime": "2020-04-25 00:58:24", "elapsed": 1240.807879, "delta": 6.811482}}
{"target": 0.6382582, "params": {"alpha": 0.00971377502643933, "colsample_bytree": 0.7645817186199833, "lam": 0.4503115042560938, "max_depth": 7.256653335275136, "min_child_weight": 9.873406800350725, "subsample": 0.8553566321318765}, "datetime": {"datetime": "2020-04-25 00:58:32", "elapsed": 1248.504476, "delta": 7.696597}}
{"target": 0.6364304, "params": {"alpha": 0.033248737076120416, "colsample_bytree": 0.8716284176018224, "lam": 0.9899446245448692, "max_depth": 8.353431382505903, "min_child_weight": 8.910129195754688, "subsample": 0.8569414011955265}, "datetime": {"datetime": "2020-04-25 00:58:39", "elapsed": 1255.698084, "delta": 7.193608}}
{"target": 0.6348464, "params": {"alpha": 0.03972875401299569, "colsample_bytree": 0.8733446555758577, "lam": 0.9921496456543404, "max_depth": 7.854290370739433, "min_child_weight": 9.347102619897033, "subsample": 0.8314843390743305}, "datetime": {"datetime": "2020-04-25 00:58:47", "elapsed": 1263.434061, "delta": 7.735977}}
{"target": 0.6004946, "params": {"alpha": 0.8479926974593948, "colsample_bytree": 0.8581942036418898, "lam": 0.031143756924254196, "max_depth": 3.438139070288306, "min_child_weight": 7.991325186850259, "subsample": 0.8942679516271925}, "datetime": {"datetime": "2020-04-25 00:58:56", "elapsed": 1272.714254, "delta": 9.280193}}
{"target": 0.6330237999999999, "params": {"alpha": 0.0008942154491886622, "colsample_bytree": 0.882835232698213, "lam": 0.5294626840713306, "max_depth": 5.254669448730633, "min_child_weight": 1.1213168916988798, "subsample": 0.8827288121514685}, "datetime": {"datetime": "2020-04-25 00:59:05", "elapsed": 1281.000384, "delta": 8.28613}}
{"target": 0.6218834, "params": {"alpha": 0.020066173275729904, "colsample_bytree": 0.8572248012788714, "lam": 0.9664920582825701, "max_depth": 3.6977334107785182, "min_child_weight": 2.1536406654741644, "subsample": 0.8982661599545105}, "datetime": {"datetime": "2020-04-25 00:59:13", "elapsed": 1289.006563, "delta": 8.006179}}
{"target": 0.6337542, "params": {"alpha": 0.993822499436373, "colsample_bytree": 0.8986327792897797, "lam": 0.6834398685867296, "max_depth": 5.453409339894506, "min_child_weight": 2.322501487003528, "subsample": 0.877687440506721}, "datetime": {"datetime": "2020-04-25 00:59:21", "elapsed": 1297.078261, "delta": 8.071698}}
{"target": 0.6332346, "params": {"alpha": 0.9806336080480511, "colsample_bytree": 0.845790897265077, "lam": 0.05479380971365144, "max_depth": 4.011597178169555, "min_child_weight": 5.767745946938075, "subsample": 0.8331360551771074}, "datetime": {"datetime": "2020-04-25 00:59:30", "elapsed": 1306.608488, "delta": 9.530227}}
{"target": 0.6085554, "params": {"alpha": 0.9999998953396743, "colsample_bytree": 0.8999999990803002, "lam": 0.0, "max_depth": 4.925558178830673, "min_child_weight": 3.2541319179661565, "subsample": 0.5000000545620733}, "datetime": {"datetime": "2020-04-25 00:59:38", "elapsed": 1314.817326, "delta": 8.208838}}
{"target": 0.609399, "params": {"alpha": 0.00467486893508906, "colsample_bytree": 0.8659859245201768, "lam": 0.805080540197616, "max_depth": 8.206619133978508, "min_child_weight": 2.26683563655164, "subsample": 0.8985800194337413}, "datetime": {"datetime": "2020-04-25 00:59:47", "elapsed": 1323.536583, "delta": 8.719257}}
{"target": 0.59792, "params": {"alpha": 1.0, "colsample_bytree": 0.8999999987026231, "lam": 1.0, "max_depth": 3.2412889869249417, "min_child_weight": 10.0, "subsample": 0.5000000212093287}, "datetime": {"datetime": "2020-04-25 00:59:57", "elapsed": 1333.523202, "delta": 9.986619}}
{"target": 0.6313397999999999, "params": {"alpha": 0.9830274456936974, "colsample_bytree": 0.8893391666175288, "lam": 0.15464380424018687, "max_depth": 6.88700215542447, "min_child_weight": 7.901291445233088, "subsample": 0.7646409646873997}, "datetime": {"datetime": "2020-04-25 01:00:04", "elapsed": 1340.879618, "delta": 7.356416}}
{"target": 0.6204934, "params": {"alpha": 0.5798917050998449, "colsample_bytree": 0.882198386215999, "lam": 0.5350106525897421, "max_depth": 6.28528553413004, "min_child_weight": 4.30188148041262, "subsample": 0.6153118502091375}, "datetime": {"datetime": "2020-04-25 01:00:12", "elapsed": 1348.790274, "delta": 7.910656}}
{"target": 0.5928442, "params": {"alpha": 0.9999999988253075, "colsample_bytree": 0.8999999994731416, "lam": 0.0, "max_depth": 3.0, "min_child_weight": 1.0, "subsample": 0.5}, "datetime": {"datetime": "2020-04-25 01:00:21", "elapsed": 1357.718565, "delta": 8.928291}}
{"target": 0.6272348, "params": {"alpha": 0.9627649754348567, "colsample_bytree": 0.8500083600695085, "lam": 0.33620727988133137, "max_depth": 7.9206824264792415, "min_child_weight": 7.869669054467208, "subsample": 0.8857502565918514}, "datetime": {"datetime": "2020-04-25 01:00:30", "elapsed": 1366.491114, "delta": 8.772549}}
{"target": 0.6296156, "params": {"alpha": 0.5571895396363469, "colsample_bytree": 0.8659468274765907, "lam": 0.975763639369243, "max_depth": 8.677828368289077, "min_child_weight": 8.775302260642803, "subsample": 0.8381492974856797}, "datetime": {"datetime": "2020-04-25 01:00:39", "elapsed": 1374.985357, "delta": 8.494243}}
{"target": 0.6236599999999999, "params": {"alpha": 0.9843053193336471, "colsample_bytree": 0.8775576371385774, "lam": 0.994257290232586, "max_depth": 4.772683716289888, "min_child_weight": 5.92989361266518, "subsample": 0.7643411734870289}, "datetime": {"datetime": "2020-04-25 01:00:47", "elapsed": 1383.248235, "delta": 8.262878}}
{"target": 0.637552, "params": {"alpha": 0.29358516397808077, "colsample_bytree": 0.8109385880293032, "lam": 0.7928518750623459, "max_depth": 4.930264636508199, "min_child_weight": 9.994837753221347, "subsample": 0.8431788000632214}, "datetime": {"datetime": "2020-04-25 01:00:57", "elapsed": 1393.660158, "delta": 10.411923}}
{"target": 0.5996066000000001, "params": {"alpha": 0.05255155824439628, "colsample_bytree": 0.8677046276107598, "lam": 0.9819785135951742, "max_depth": 3.105280318847058, "min_child_weight": 4.467663176454011, "subsample": 0.6205782683993935}, "datetime": {"datetime": "2020-04-25 01:01:07", "elapsed": 1403.013526, "delta": 9.353368}}
{"target": 0.6328731999999999, "params": {"alpha": 0.34343655340853874, "colsample_bytree": 0.7552877346948788, "lam": 0.12618579563199483, "max_depth": 8.577313196207363, "min_child_weight": 6.894885732951318, "subsample": 0.8966113350328078}, "datetime": {"datetime": "2020-04-25 01:01:15", "elapsed": 1411.210644, "delta": 8.197118}}
{"target": 0.603851, "params": {"alpha": 1.0, "colsample_bytree": 0.9, "lam": 0.23147793117808532, "max_depth": 3.1040831053453335, "min_child_weight": 2.0896655876193475, "subsample": 0.8999999998001255}, "datetime": {"datetime": "2020-04-25 01:01:23", "elapsed": 1419.580058, "delta": 8.369414}}
{"target": 0.6339648, "params": {"alpha": 0.3256794032699345, "colsample_bytree": 0.8121631715130392, "lam": 0.2563779815178263, "max_depth": 7.387212462174075, "min_child_weight": 8.644522591011516, "subsample": 0.6934936074576308}, "datetime": {"datetime": "2020-04-25 01:01:31", "elapsed": 1427.56008, "delta": 7.980022}}
{"target": 0.6420580000000001, "params": {"alpha": 0.17991227645478114, "colsample_bytree": 0.8915584625209341, "lam": 0.0051758957499303815, "max_depth": 9.966435567754754, "min_child_weight": 7.365627435301173, "subsample": 0.8833547483815254}, "datetime": {"datetime": "2020-04-25 01:01:40", "elapsed": 1436.644467, "delta": 9.084387}}
{"target": 0.6278429999999999, "params": {"alpha": 0.4802607416526131, "colsample_bytree": 0.8384753640496112, "lam": 0.558918294209741, "max_depth": 6.195500933064709, "min_child_weight": 9.934312045915153, "subsample": 0.8929629387467424}, "datetime": {"datetime": "2020-04-25 01:01:50", "elapsed": 1446.790864, "delta": 10.146397}}
{"target": 0.6368852, "params": {"alpha": 0.5331910304167, "colsample_bytree": 0.870942824807625, "lam": 0.6951655656082957, "max_depth": 5.698461862783244, "min_child_weight": 7.692698790288245, "subsample": 0.8767745129233135}, "datetime": {"datetime": "2020-04-25 01:02:01", "elapsed": 1457.090424, "delta": 10.29956}}
{"target": 0.6283258, "params": {"alpha": 0.9496542547984342, "colsample_bytree": 0.8999999825550304, "lam": 4.3612424009150996e-08, "max_depth": 9.01814360928566, "min_child_weight": 5.886450148677662, "subsample": 0.899999978410831}, "datetime": {"datetime": "2020-04-25 01:02:11", "elapsed": 1467.743991, "delta": 10.653567}}
{"target": 0.6332422, "params": {"alpha": 0.7336215650181656, "colsample_bytree": 0.8903851603857222, "lam": 0.9610845480403134, "max_depth": 3.988579392553316, "min_child_weight": 9.014857367846489, "subsample": 0.5828508833316317}, "datetime": {"datetime": "2020-04-25 01:02:20", "elapsed": 1476.350779, "delta": 8.606788}}
{"target": 0.6143748, "params": {"alpha": 1.0, "colsample_bytree": 0.8999999998182115, "lam": 6.045462526287775e-07, "max_depth": 7.117782516449721, "min_child_weight": 2.6491924716901747, "subsample": 0.5000000236875122}, "datetime": {"datetime": "2020-04-25 01:02:27", "elapsed": 1483.399063, "delta": 7.048284}}
{"target": 0.6378512000000001, "params": {"alpha": 0.9400344667468027, "colsample_bytree": 0.8541231300615342, "lam": 0.020029703986989555, "max_depth": 7.706323903223478, "min_child_weight": 7.002372635517016, "subsample": 0.8839436941772958}, "datetime": {"datetime": "2020-04-25 01:02:35", "elapsed": 1491.162202, "delta": 7.763139}}
{"target": 0.6328666000000001, "params": {"alpha": 0.015768334713274323, "colsample_bytree": 0.8389548820455694, "lam": 0.024271860233188725, "max_depth": 5.683551677507676, "min_child_weight": 8.270054671842118, "subsample": 0.8562095445859956}, "datetime": {"datetime": "2020-04-25 01:02:44", "elapsed": 1500.096918, "delta": 8.934716}}
{"target": 0.6325456, "params": {"alpha": 0.9770722588553807, "colsample_bytree": 0.8747747939959882, "lam": 0.853228840270128, "max_depth": 7.884030285947601, "min_child_weight": 8.949111331122978, "subsample": 0.5309909024722147}, "datetime": {"datetime": "2020-04-25 01:02:53", "elapsed": 1509.264538, "delta": 9.16762}}
{"target": 0.6342448, "params": {"alpha": 0.01683384164903501, "colsample_bytree": 0.8264718085177232, "lam": 0.5818461471571319, "max_depth": 7.086179027613541, "min_child_weight": 9.392869228631225, "subsample": 0.6531394765622655}, "datetime": {"datetime": "2020-04-25 01:03:02", "elapsed": 1517.960554, "delta": 8.696016}}
{"target": 0.6257718, "params": {"alpha": 0.00943177584594701, "colsample_bytree": 0.8920883935623174, "lam": 0.5961268357625946, "max_depth": 6.432285386720572, "min_child_weight": 7.407736414749684, "subsample": 0.8406782753917601}, "datetime": {"datetime": "2020-04-25 01:03:09", "elapsed": 1525.836033, "delta": 7.875479}}
{"target": 0.6286284, "params": {"alpha": 0.25500054713930376, "colsample_bytree": 0.6657810925179888, "lam": 0.9367899576271497, "max_depth": 6.307548106412599, "min_child_weight": 6.906425919015861, "subsample": 0.8554420658616135}, "datetime": {"datetime": "2020-04-25 01:03:20", "elapsed": 1536.57485, "delta": 10.738817}}
{"target": 0.6395338, "params": {"alpha": 0.13497879977425165, "colsample_bytree": 0.8647204454213044, "lam": 0.08173433869311486, "max_depth": 7.391912662492156, "min_child_weight": 9.994618705002834, "subsample": 0.8340662615518151}, "datetime": {"datetime": "2020-04-25 01:03:30", "elapsed": 1546.11008, "delta": 9.53523}}
{"target": 0.6387836, "params": {"alpha": 0.979269802609173, "colsample_bytree": 0.8744198094387619, "lam": 0.33960181554317215, "max_depth": 6.3264974385883725, "min_child_weight": 9.128445553380239, "subsample": 0.8935700972363336}, "datetime": {"datetime": "2020-04-25 01:03:39", "elapsed": 1555.225668, "delta": 9.115588}}
{"target": 0.6294879999999999, "params": {"alpha": 0.9862735118106888, "colsample_bytree": 0.891734602924994, "lam": 0.9808656824779411, "max_depth": 4.85512819025932, "min_child_weight": 8.246477705662144, "subsample": 0.8976885771269627}, "datetime": {"datetime": "2020-04-25 01:03:47", "elapsed": 1563.521582, "delta": 8.295914}}
{"target": 0.6414333999999999, "params": {"alpha": 0.969428972433589, "colsample_bytree": 0.8847277540210445, "lam": 0.013871000298349534, "max_depth": 5.964086808260718, "min_child_weight": 7.197151725067436, "subsample": 0.8854596650688509}, "datetime": {"datetime": "2020-04-25 01:03:57", "elapsed": 1573.46793, "delta": 9.946348}}
{"target": 0.6395122000000001, "params": {"alpha": 0.020439506281429543, "colsample_bytree": 0.6645993413682307, "lam": 0.9422472581658251, "max_depth": 8.22408675732382, "min_child_weight": 8.42330606544844, "subsample": 0.6865467790477513}, "datetime": {"datetime": "2020-04-25 01:04:08", "elapsed": 1584.490749, "delta": 11.022819}}
{"target": 0.6293106, "params": {"alpha": 0.6246059774158049, "colsample_bytree": 0.8208059174138933, "lam": 0.8947465193269214, "max_depth": 9.966622099758908, "min_child_weight": 8.562078506864406, "subsample": 0.872772992786764}, "datetime": {"datetime": "2020-04-25 01:04:19", "elapsed": 1595.153754, "delta": 10.663005}}
{"target": 0.6101743999999999, "params": {"alpha": 0.9115055924907943, "colsample_bytree": 0.8663485877070995, "lam": 0.9721773130080288, "max_depth": 4.193820204711555, "min_child_weight": 7.899854141499517, "subsample": 0.5176221525609381}, "datetime": {"datetime": "2020-04-25 01:04:27", "elapsed": 1603.014636, "delta": 7.860882}}
{"target": 0.6379456, "params": {"alpha": 0.9999999808530172, "colsample_bytree": 0.8999999923412069, "lam": 0.0408645071682414, "max_depth": 6.023719391821671, "min_child_weight": 6.59053915686864, "subsample": 0.8999999923412066}, "datetime": {"datetime": "2020-04-25 01:04:38", "elapsed": 1614.496931, "delta": 11.482295}}
{"target": 0.5989958000000001, "params": {"alpha": 0.10184654061201559, "colsample_bytree": 0.5941702186866444, "lam": 0.9778600462035584, "max_depth": 9.604575409952307, "min_child_weight": 6.53500872482979, "subsample": 0.5056026145621828}, "datetime": {"datetime": "2020-04-25 01:04:46", "elapsed": 1622.52366, "delta": 8.026729}}
{"target": 0.6418254, "params": {"alpha": 0.014424368508318075, "colsample_bytree": 0.7770901818982701, "lam": 0.9211240930519144, "max_depth": 5.834806416423808, "min_child_weight": 7.888234822144582, "subsample": 0.8201158683388334}, "datetime": {"datetime": "2020-04-25 01:04:56", "elapsed": 1632.475992, "delta": 9.952332}}
{"target": 0.6196924, "params": {"alpha": 0.4836763201624944, "colsample_bytree": 0.8893389287616746, "lam": 0.4592873673448643, "max_depth": 4.122455981976512, "min_child_weight": 8.773709137251915, "subsample": 0.6708351698893377}, "datetime": {"datetime": "2020-04-25 01:05:05", "elapsed": 1641.773152, "delta": 9.29716}}
{"target": 0.6020344, "params": {"alpha": 0.03816304517479474, "colsample_bytree": 0.5091100381499657, "lam": 0.992064713458094, "max_depth": 6.888514427724061, "min_child_weight": 8.269372674010679, "subsample": 0.8419619590399234}, "datetime": {"datetime": "2020-04-25 01:05:16", "elapsed": 1651.958098, "delta": 10.184946}}
{"target": 0.6422892, "params": {"alpha": 0.9709408240855812, "colsample_bytree": 0.6601155678977275, "lam": 0.006271243170285712, "max_depth": 5.264072566032442, "min_child_weight": 7.864672337204842, "subsample": 0.8561851357938582}, "datetime": {"datetime": "2020-04-25 01:05:23", "elapsed": 1659.433576, "delta": 7.475478}}
{"target": 0.6258082, "params": {"alpha": 0.009531162829158002, "colsample_bytree": 0.8928285464267602, "lam": 0.6235219028375214, "max_depth": 9.99776109774374, "min_child_weight": 5.623430738436021, "subsample": 0.8458440302004344}, "datetime": {"datetime": "2020-04-25 01:05:33", "elapsed": 1669.270734, "delta": 9.837158}}
{"target": 0.6224170000000001, "params": {"alpha": 0.06885889199744744, "colsample_bytree": 0.8817200079729335, "lam": 0.05201056745271215, "max_depth": 9.997854019602553, "min_child_weight": 8.158308694415847, "subsample": 0.8365809173273644}, "datetime": {"datetime": "2020-04-25 01:05:42", "elapsed": 1678.673989, "delta": 9.403255}}
{"target": 0.6101312, "params": {"alpha": 0.013520014101239375, "colsample_bytree": 0.8930778564819593, "lam": 0.05301292981781203, "max_depth": 5.11693075953461, "min_child_weight": 1.829764659192736, "subsample": 0.894660268713586}, "datetime": {"datetime": "2020-04-25 01:05:53", "elapsed": 1689.832793, "delta": 11.158804}}
{"target": 0.6013748, "params": {"alpha": 3.3402207711009223e-08, "colsample_bytree": 0.9, "lam": 1.0, "max_depth": 3.0000000812870145, "min_child_weight": 1.0000000012929526, "subsample": 0.5000000102529591}, "datetime": {"datetime": "2020-04-25 01:06:04", "elapsed": 1700.169808, "delta": 10.337015}}
{"target": 0.6429804, "params": {"alpha": 0.005731424652562045, "colsample_bytree": 0.792096358092482, "lam": 0.11621599697055418, "max_depth": 6.724963487567769, "min_child_weight": 8.536359938321947, "subsample": 0.8205902786904702}, "datetime": {"datetime": "2020-04-25 01:06:14", "elapsed": 1710.532161, "delta": 10.362353}}
{"target": 0.635582, "params": {"alpha": 0.054368162482145044, "colsample_bytree": 0.789964460662441, "lam": 0.9837869879319658, "max_depth": 5.620070889851933, "min_child_weight": 9.179764970703786, "subsample": 0.700261062617413}, "datetime": {"datetime": "2020-04-25 01:06:24", "elapsed": 1719.968475, "delta": 9.436314}}
{"target": 0.6051444, "params": {"alpha": 0.9971531968485191, "colsample_bytree": 0.6786339197319291, "lam": 0.9855751683357461, "max_depth": 9.958293100407312, "min_child_weight": 3.740722615402436, "subsample": 0.5060729746051308}, "datetime": {"datetime": "2020-04-25 01:06:32", "elapsed": 1728.882877, "delta": 8.914402}}
{"target": 0.6328495999999999, "params": {"alpha": 0.9842426330916592, "colsample_bytree": 0.7852606879426809, "lam": 0.7334773242795163, "max_depth": 5.822368673907686, "min_child_weight": 6.950506145903737, "subsample": 0.8571426380393714}, "datetime": {"datetime": "2020-04-25 01:06:42", "elapsed": 1738.380454, "delta": 9.497577}}
{"target": 0.6282324000000001, "params": {"alpha": 0.042555582181646456, "colsample_bytree": 0.7986389906499012, "lam": 0.996291808029703, "max_depth": 7.652423888894012, "min_child_weight": 9.966932635873073, "subsample": 0.8932989832419651}, "datetime": {"datetime": "2020-04-25 01:06:51", "elapsed": 1747.52489, "delta": 9.144436}}
{"target": 0.5883834, "params": {"alpha": 0.08185649100875014, "colsample_bytree": 0.5549462019548493, "lam": 0.9973985002445738, "max_depth": 5.341861804477217, "min_child_weight": 1.0891614017401205, "subsample": 0.6238377816314373}, "datetime": {"datetime": "2020-04-25 01:07:00", "elapsed": 1756.609126, "delta": 9.084236}}
{"target": 0.6434908, "params": {"alpha": 0.519711160241415, "colsample_bytree": 0.8988244028242429, "lam": 0.993514806373581, "max_depth": 5.401724554172365, "min_child_weight": 3.871168012972853, "subsample": 0.7911262366632081}, "datetime": {"datetime": "2020-04-25 01:07:08", "elapsed": 1764.561257, "delta": 7.952131}}
{"target": 0.6340391999999999, "params": {"alpha": 0.9669734248140394, "colsample_bytree": 0.8511099327543568, "lam": 0.9829609112945643, "max_depth": 5.559027068074163, "min_child_weight": 9.539917161223528, "subsample": 0.8026776834064216}, "datetime": {"datetime": "2020-04-25 01:07:20", "elapsed": 1776.387668, "delta": 11.826411}}
{"target": 0.6381298000000001, "params": {"alpha": 0.25615023312167173, "colsample_bytree": 0.6528979476806964, "lam": 0.9732092679434478, "max_depth": 9.041583795648485, "min_child_weight": 8.122492440507987, "subsample": 0.5749709183762206}, "datetime": {"datetime": "2020-04-25 01:07:31", "elapsed": 1787.021027, "delta": 10.633359}}
