{"target": 0.6069058, "params": {"alpha": 0.42576508044949946, "colsample_bytree": 0.8671609134443975, "lam": 0.026603697141635574, "max_depth": 8.684394100498976, "min_child_weight": 3.947125799441022, "subsample": 0.6590459062230061}, "datetime": {"datetime": "2020-04-25 18:42:30", "elapsed": 5004.220935, "delta": 16.428798}}
{"target": 0.6394206, "params": {"alpha": 0.0021827517290352594, "colsample_bytree": 0.8613091448933103, "lam": 0.9647241216079089, "max_depth": 9.391817594739722, "min_child_weight": 8.148109133159494, "subsample": 0.7794263441118705}, "datetime": {"datetime": "2020-04-25 18:42:57", "elapsed": 5030.863603, "delta": 26.642668}}
{"target": 0.6369304, "params": {"alpha": 0.38697057166121596, "colsample_bytree": 0.8992634598700424, "lam": 0.45732691581972884, "max_depth": 4.629249775559306, "min_child_weight": 2.525372107977994, "subsample": 0.8401548321070667}, "datetime": {"datetime": "2020-04-25 18:43:16", "elapsed": 5050.459697, "delta": 19.596094}}
{"target": 0.6112690000000001, "params": {"alpha": 0.07783602587550756, "colsample_bytree": 0.9, "lam": 1.0, "max_depth": 9.999999987738518, "min_child_weight": 4.1806824625281, "subsample": 0.5000000060166309}, "datetime": {"datetime": "2020-04-25 18:43:35", "elapsed": 5069.076895, "delta": 18.617198}}
{"target": 0.6333734, "params": {"alpha": 6.303934931611243e-10, "colsample_bytree": 0.899999979927948, "lam": 0.9999999989798197, "max_depth": 6.457079278153809, "min_child_weight": 3.86242147501866, "subsample": 0.8999999995919279}, "datetime": {"datetime": "2020-04-25 18:43:55", "elapsed": 5088.976837, "delta": 19.899942}}
{"target": 0.5953687999999999, "params": {"alpha": 0.9999999831871009, "colsample_bytree": 0.9, "lam": 0.9417182565492027, "max_depth": 3.0, "min_child_weight": 4.730855865024308, "subsample": 0.5000000161952264}, "datetime": {"datetime": "2020-04-25 18:44:18", "elapsed": 5111.572036, "delta": 22.595199}}
{"target": 0.6162314, "params": {"alpha": 0.014079209199485831, "colsample_bytree": 0.8999999961765432, "lam": 1.3201975165061174e-10, "max_depth": 7.7897572196729055, "min_child_weight": 3.8186759326085844, "subsample": 0.8999999963042765}, "datetime": {"datetime": "2020-04-25 18:44:37", "elapsed": 5131.492404, "delta": 19.920368}}
{"target": 0.6264772000000001, "params": {"alpha": 0.01398342715321077, "colsample_bytree": 0.8896009823459718, "lam": 0.9975137007900117, "max_depth": 9.812710322655974, "min_child_weight": 8.13503857353449, "subsample": 0.7437743634000404}, "datetime": {"datetime": "2020-04-25 18:45:00", "elapsed": 5154.421325, "delta": 22.928921}}
{"target": 0.6387952, "params": {"alpha": 0.11437042288300936, "colsample_bytree": 0.8594055003717591, "lam": 0.976612389945017, "max_depth": 9.336261928032588, "min_child_weight": 8.742402607091819, "subsample": 0.8753588060687536}, "datetime": {"datetime": "2020-04-25 18:45:29", "elapsed": 5183.367871, "delta": 28.946546}}
{"target": 0.5967336, "params": {"alpha": 0.10009678791348746, "colsample_bytree": 0.9, "lam": 0.7305881729412246, "max_depth": 3.0, "min_child_weight": 2.7211860651286868, "subsample": 0.5000000183206529}, "datetime": {"datetime": "2020-04-25 18:45:53", "elapsed": 5207.507134, "delta": 24.139263}}
{"target": 0.5748409999999999, "params": {"alpha": 0.9240874335900762, "colsample_bytree": 0.5035600752776029, "lam": 0.025265673067871197, "max_depth": 7.734000949722804, "min_child_weight": 2.7960763588721287, "subsample": 0.854179212834854}, "datetime": {"datetime": "2020-04-25 18:46:17", "elapsed": 5230.548251, "delta": 23.041117}}
{"target": 0.6450734, "params": {"alpha": 0.5540824064873092, "colsample_bytree": 0.8450548734908482, "lam": 0.016032299824980223, "max_depth": 4.69918773178717, "min_child_weight": 9.28200390401967, "subsample": 0.8816719216973767}, "datetime": {"datetime": "2020-04-25 18:46:37", "elapsed": 5251.443175, "delta": 20.894924}}
{"target": 0.6365334, "params": {"alpha": 1.0, "colsample_bytree": 0.8800997025059974, "lam": 0.0, "max_depth": 9.99999999360371, "min_child_weight": 6.012071735036564, "subsample": 0.8999998770546547}, "datetime": {"datetime": "2020-04-25 18:46:59", "elapsed": 5273.447796, "delta": 22.004621}}
{"target": 0.6309184, "params": {"alpha": 0.9162067516380175, "colsample_bytree": 0.891980371240416, "lam": 0.973356197721858, "max_depth": 7.660279225899808, "min_child_weight": 7.562188540952713, "subsample": 0.5582657245924576}, "datetime": {"datetime": "2020-04-25 18:47:23", "elapsed": 5297.183513, "delta": 23.735717}}
{"target": 0.6407803999999999, "params": {"alpha": 0.001866334562113936, "colsample_bytree": 0.7473877513235334, "lam": 0.9774516933547259, "max_depth": 9.758004745965087, "min_child_weight": 9.206885988144982, "subsample": 0.8924844468673354}, "datetime": {"datetime": "2020-04-25 18:47:51", "elapsed": 5325.068015, "delta": 27.884502}}
{"target": 0.6267906, "params": {"alpha": 0.9785392606027388, "colsample_bytree": 0.8653367906638253, "lam": 0.9451865118729589, "max_depth": 8.682755496498498, "min_child_weight": 7.648945150749078, "subsample": 0.5098519338355884}, "datetime": {"datetime": "2020-04-25 18:48:11", "elapsed": 5344.678881, "delta": 19.610866}}
{"target": 0.6274042000000001, "params": {"alpha": 0.9397734680461827, "colsample_bytree": 0.8954720868460775, "lam": 0.012894688818436695, "max_depth": 7.0504611706768205, "min_child_weight": 5.705066636315992, "subsample": 0.7933090244882547}, "datetime": {"datetime": "2020-04-25 18:48:34", "elapsed": 5368.083137, "delta": 23.404256}}
{"target": 0.6290214, "params": {"alpha": 0.5094440437697805, "colsample_bytree": 0.7118291423238754, "lam": 0.05383191881203753, "max_depth": 8.03432264443945, "min_child_weight": 6.295803746899738, "subsample": 0.8903102614132405}, "datetime": {"datetime": "2020-04-25 18:48:59", "elapsed": 5393.369428, "delta": 25.286291}}
{"target": 0.6236562, "params": {"alpha": 0.8977062159376579, "colsample_bytree": 0.6121231558603536, "lam": 0.3008931490647325, "max_depth": 6.2791051261777655, "min_child_weight": 5.74638810421748, "subsample": 0.8565178573260699}, "datetime": {"datetime": "2020-04-25 18:49:22", "elapsed": 5416.074021, "delta": 22.704593}}
{"target": 0.6193417999999999, "params": {"alpha": 0.010143766142263755, "colsample_bytree": 0.8542247599265959, "lam": 0.8621824631634132, "max_depth": 9.041999746199576, "min_child_weight": 6.792074060014267, "subsample": 0.5013420748271571}, "datetime": {"datetime": "2020-04-25 18:49:47", "elapsed": 5441.075119, "delta": 25.001098}}
{"target": 0.6261454000000001, "params": {"alpha": 0.9405842610915937, "colsample_bytree": 0.8933350424642901, "lam": 0.14567940626356235, "max_depth": 6.3830063142765745, "min_child_weight": 1.835033480337454, "subsample": 0.8434904231553527}, "datetime": {"datetime": "2020-04-25 18:50:10", "elapsed": 5463.682493, "delta": 22.607374}}
{"target": 0.632439, "params": {"alpha": 0.9656973382165435, "colsample_bytree": 0.8975617102108595, "lam": 0.0883607124664233, "max_depth": 9.949657290565607, "min_child_weight": 9.148255414853008, "subsample": 0.8415340950703738}, "datetime": {"datetime": "2020-04-25 18:50:33", "elapsed": 5487.209847, "delta": 23.527354}}
{"target": 0.6382728, "params": {"alpha": 0.024605029334658246, "colsample_bytree": 0.8631842095372951, "lam": 0.09410910765972014, "max_depth": 9.288809802669434, "min_child_weight": 8.748540765852564, "subsample": 0.8605544583792402}, "datetime": {"datetime": "2020-04-25 18:50:51", "elapsed": 5505.12116, "delta": 17.911313}}
{"target": 0.632521, "params": {"alpha": 0.028831544582699653, "colsample_bytree": 0.8242987381544503, "lam": 0.9999339803641567, "max_depth": 8.761274701143638, "min_child_weight": 8.466980228717953, "subsample": 0.8579612677268622}, "datetime": {"datetime": "2020-04-25 18:51:14", "elapsed": 5527.94192, "delta": 22.82076}}
{"target": 0.637029, "params": {"alpha": 0.04901687521974385, "colsample_bytree": 0.7789105017185964, "lam": 0.6286804268190358, "max_depth": 4.760400290146017, "min_child_weight": 9.924247028310528, "subsample": 0.5870087674845403}, "datetime": {"datetime": "2020-04-25 18:51:39", "elapsed": 5552.864561, "delta": 24.922641}}
{"target": 0.5854969999999999, "params": {"alpha": 0.021261412773571964, "colsample_bytree": 0.5905924186645506, "lam": 0.9959212851412714, "max_depth": 7.401445417913209, "min_child_weight": 1.4133570938923845, "subsample": 0.5075391223251818}, "datetime": {"datetime": "2020-04-25 18:52:06", "elapsed": 5579.575096, "delta": 26.710535}}
{"target": 0.6265881999999999, "params": {"alpha": 0.4679317067943968, "colsample_bytree": 0.8977528697034955, "lam": 0.49245157167037656, "max_depth": 4.012453870987215, "min_child_weight": 5.848035596721355, "subsample": 0.7887812508399159}, "datetime": {"datetime": "2020-04-25 18:52:31", "elapsed": 5605.324975, "delta": 25.749879}}
{"target": 0.6180275999999999, "params": {"alpha": 0.46724678343305215, "colsample_bytree": 0.8876422461292586, "lam": 0.218307261922854, "max_depth": 5.973294813692525, "min_child_weight": 9.95900384981964, "subsample": 0.5263658487748428}, "datetime": {"datetime": "2020-04-25 18:52:52", "elapsed": 5626.414328, "delta": 21.089353}}
{"target": 0.6330974, "params": {"alpha": 0.5024531368793262, "colsample_bytree": 0.8350456858857151, "lam": 0.996092905135229, "max_depth": 9.260479409261926, "min_child_weight": 7.799033762126594, "subsample": 0.8826293491707191}, "datetime": {"datetime": "2020-04-25 18:53:17", "elapsed": 5651.478528, "delta": 25.0642}}
{"target": 0.6365870000000001, "params": {"alpha": 0.9503951759047098, "colsample_bytree": 0.7381784897318886, "lam": 0.004739858945876696, "max_depth": 7.20024937562952, "min_child_weight": 9.525050500283262, "subsample": 0.8654233873200166}, "datetime": {"datetime": "2020-04-25 18:53:43", "elapsed": 5677.06893, "delta": 25.590402}}
{"target": 0.6323433999999999, "params": {"alpha": 0.9995669628129005, "colsample_bytree": 0.8407208865602307, "lam": 0.6161745864055239, "max_depth": 5.798108279788996, "min_child_weight": 9.71685601191551, "subsample": 0.8981142268778721}, "datetime": {"datetime": "2020-04-25 18:54:02", "elapsed": 5696.163087, "delta": 19.094157}}
{"target": 0.6268079999999999, "params": {"alpha": 0.01665481561493032, "colsample_bytree": 0.8970982199194018, "lam": 0.35634649906098725, "max_depth": 5.024373043671312, "min_child_weight": 5.7373752067218025, "subsample": 0.8837177187225218}, "datetime": {"datetime": "2020-04-25 18:54:24", "elapsed": 5717.827018, "delta": 21.663931}}
{"target": 0.6264078, "params": {"alpha": 0.5153167777780939, "colsample_bytree": 0.8940746174743044, "lam": 0.003187973790361953, "max_depth": 3.7348491582361145, "min_child_weight": 7.653872997902887, "subsample": 0.8212666065084229}, "datetime": {"datetime": "2020-04-25 18:54:47", "elapsed": 5741.34718, "delta": 23.520162}}
{"target": 0.6322464, "params": {"alpha": 0.9836654326302376, "colsample_bytree": 0.7849362745124381, "lam": 0.991237300747584, "max_depth": 6.947596769868414, "min_child_weight": 7.481092342319557, "subsample": 0.8830455661336531}, "datetime": {"datetime": "2020-04-25 18:55:07", "elapsed": 5761.298991, "delta": 19.951811}}
{"target": 0.6308822000000001, "params": {"alpha": 0.48208394344268335, "colsample_bytree": 0.8914150614527884, "lam": 0.8221795019573356, "max_depth": 5.8858650439915134, "min_child_weight": 2.638358008968776, "subsample": 0.8948699282166824}, "datetime": {"datetime": "2020-04-25 18:55:31", "elapsed": 5785.202992, "delta": 23.904001}}
{"target": 0.6234938000000001, "params": {"alpha": 0.9329615094009491, "colsample_bytree": 0.8970458321092112, "lam": 0.021337546357843462, "max_depth": 3.777894651311269, "min_child_weight": 9.467388025985306, "subsample": 0.7248432439978136}, "datetime": {"datetime": "2020-04-25 18:55:55", "elapsed": 5809.272109, "delta": 24.069117}}
{"target": 0.6365898, "params": {"alpha": 0.9301046952387265, "colsample_bytree": 0.8629849701643473, "lam": 0.09120956238547873, "max_depth": 6.177580517958272, "min_child_weight": 8.877420924569787, "subsample": 0.8184810754998162}, "datetime": {"datetime": "2020-04-25 18:56:22", "elapsed": 5836.081109, "delta": 26.809}}
{"target": 0.6321459999999999, "params": {"alpha": 0.46859542867369497, "colsample_bytree": 0.8871867342523685, "lam": 0.9795611086188644, "max_depth": 6.392893569889345, "min_child_weight": 3.1447519223786613, "subsample": 0.8705864231066383}, "datetime": {"datetime": "2020-04-25 18:56:47", "elapsed": 5860.958539, "delta": 24.87743}}
{"target": 0.6425312, "params": {"alpha": 0.016584627734258284, "colsample_bytree": 0.8107216610509775, "lam": 0.992525832612051, "max_depth": 8.4490034333569, "min_child_weight": 6.025217278448084, "subsample": 0.8363796315211318}, "datetime": {"datetime": "2020-04-25 18:57:16", "elapsed": 5890.063733, "delta": 29.105194}}
{"target": 0.6382312000000001, "params": {"alpha": 0.5520702200771449, "colsample_bytree": 0.8580186876831088, "lam": 0.9677350421071367, "max_depth": 8.663732870868607, "min_child_weight": 6.2497753690513465, "subsample": 0.8407872867812417}, "datetime": {"datetime": "2020-04-25 18:57:42", "elapsed": 5916.042238, "delta": 25.978505}}
{"target": 0.6302114, "params": {"alpha": 0.2669387636414753, "colsample_bytree": 0.8912850979836973, "lam": 0.03438919794858408, "max_depth": 4.294281943756069, "min_child_weight": 3.4939940943117063, "subsample": 0.6444676410882565}, "datetime": {"datetime": "2020-04-25 18:58:08", "elapsed": 5941.784198, "delta": 25.74196}}
{"target": 0.6449052, "params": {"alpha": 0.3711833968781644, "colsample_bytree": 0.8730643201514006, "lam": 0.42644337152197676, "max_depth": 4.935714894184223, "min_child_weight": 4.358636625317267, "subsample": 0.8758140797569919}, "datetime": {"datetime": "2020-04-25 18:58:29", "elapsed": 5962.607287, "delta": 20.823089}}
{"target": 0.628243, "params": {"alpha": 0.9999999977828604, "colsample_bytree": 0.8999999999876195, "lam": 0.9999999918009889, "max_depth": 9.99999999123024, "min_child_weight": 5.55376201331136, "subsample": 0.8999999955424643}, "datetime": {"datetime": "2020-04-25 18:58:56", "elapsed": 5989.760232, "delta": 27.152945}}
{"target": 0.6087764, "params": {"alpha": 0.9845352006193722, "colsample_bytree": 0.8635575702673481, "lam": 0.9998891655358391, "max_depth": 5.028985369568652, "min_child_weight": 1.0050633116873344, "subsample": 0.5329996997697295}, "datetime": {"datetime": "2020-04-25 18:59:18", "elapsed": 6012.431783, "delta": 22.671551}}
{"target": 0.6325242, "params": {"alpha": 0.27420949382606397, "colsample_bytree": 0.8948599819517895, "lam": 0.07451621578993506, "max_depth": 4.875670419976499, "min_child_weight": 4.182960744587319, "subsample": 0.8845539597885348}, "datetime": {"datetime": "2020-04-25 18:59:41", "elapsed": 6035.015754, "delta": 22.583971}}
{"target": 0.6330406, "params": {"alpha": 0.8117430962987412, "colsample_bytree": 0.8798534428204273, "lam": 0.5385126475147893, "max_depth": 5.243041605710985, "min_child_weight": 4.2512780129302286, "subsample": 0.8553476130422974}, "datetime": {"datetime": "2020-04-25 19:00:02", "elapsed": 6055.708316, "delta": 20.692562}}
{"target": 0.6240897999999999, "params": {"alpha": 0.8974041049749665, "colsample_bytree": 0.8971369897860558, "lam": 0.5910405953139258, "max_depth": 4.252229918389921, "min_child_weight": 3.7590442351744997, "subsample": 0.6062873080590423}, "datetime": {"datetime": "2020-04-25 19:00:24", "elapsed": 6078.025919, "delta": 22.317603}}
{"target": 0.6353934000000001, "params": {"alpha": 0.18704852410815287, "colsample_bytree": 0.8954515139945359, "lam": 0.5175478788746999, "max_depth": 5.423297982960697, "min_child_weight": 4.234902104771544, "subsample": 0.8163514164044954}, "datetime": {"datetime": "2020-04-25 19:00:47", "elapsed": 6100.968388, "delta": 22.942469}}
{"target": 0.6353608, "params": {"alpha": 0.9952187750173218, "colsample_bytree": 0.8997604331392685, "lam": 0.9789826685487458, "max_depth": 7.371985945879064, "min_child_weight": 6.678177542442701, "subsample": 0.7573436726034748}, "datetime": {"datetime": "2020-04-25 19:01:18", "elapsed": 6132.215201, "delta": 31.246813}}
{"target": 0.6405187999999999, "params": {"alpha": 0.0722125766385775, "colsample_bytree": 0.8968865172657661, "lam": 0.07383201722187671, "max_depth": 4.713318828119586, "min_child_weight": 9.551174106833312, "subsample": 0.8466816227112259}, "datetime": {"datetime": "2020-04-25 19:01:41", "elapsed": 6154.72941, "delta": 22.514209}}
{"target": 0.6364274, "params": {"alpha": 0.30726223009274867, "colsample_bytree": 0.8983854135154954, "lam": 0.5716133428192721, "max_depth": 5.017271321964197, "min_child_weight": 5.021101840359183, "subsample": 0.7339745689166352}, "datetime": {"datetime": "2020-04-25 19:02:07", "elapsed": 6181.277024, "delta": 26.547614}}
{"target": 0.6355362, "params": {"alpha": 0.9698192184233785, "colsample_bytree": 0.8984438668484224, "lam": 0.33795386047977105, "max_depth": 3.7900232813383146, "min_child_weight": 4.902566427989039, "subsample": 0.8902870889177839}, "datetime": {"datetime": "2020-04-25 19:02:38", "elapsed": 6212.306476, "delta": 31.029452}}
{"target": 0.6268662, "params": {"alpha": 0.5308982106356332, "colsample_bytree": 0.888360962865516, "lam": 0.9998688980524538, "max_depth": 8.04586383592631, "min_child_weight": 3.722699628793153, "subsample": 0.8091195832644813}, "datetime": {"datetime": "2020-04-25 19:03:05", "elapsed": 6238.60037, "delta": 26.293894}}
{"target": 0.6072584000000001, "params": {"alpha": 0.024822704745776192, "colsample_bytree": 0.6752435653619446, "lam": 0.25674144655849607, "max_depth": 4.726553694870998, "min_child_weight": 3.0168375925767057, "subsample": 0.5224241263655842}, "datetime": {"datetime": "2020-04-25 19:03:28", "elapsed": 6262.229669, "delta": 23.629299}}
{"target": 0.6428014, "params": {"alpha": 0.1292620202815532, "colsample_bytree": 0.8998273210895296, "lam": 0.573703285986548, "max_depth": 5.984228944964531, "min_child_weight": 7.354642971448393, "subsample": 0.8723208921260595}, "datetime": {"datetime": "2020-04-25 19:03:59", "elapsed": 6293.081202, "delta": 30.851533}}
{"target": 0.6370486000000001, "params": {"alpha": 0.9569190774051799, "colsample_bytree": 0.7843843756925151, "lam": 0.955489802341835, "max_depth": 4.558750405753563, "min_child_weight": 7.90739201849769, "subsample": 0.7760386884703592}, "datetime": {"datetime": "2020-04-25 19:04:22", "elapsed": 6316.183573, "delta": 23.102371}}
{"target": 0.5752664000000001, "params": {"alpha": 0.027008507543194726, "colsample_bytree": 0.5624283394580005, "lam": 0.9661276064080295, "max_depth": 3.0134691421906754, "min_child_weight": 5.1357913742298855, "subsample": 0.8827812134911011}, "datetime": {"datetime": "2020-04-25 19:04:51", "elapsed": 6344.563838, "delta": 28.380265}}
{"target": 0.5854458, "params": {"alpha": 0.39332667343311367, "colsample_bytree": 0.89975656128556, "lam": 0.8214714330493534, "max_depth": 9.983052332785054, "min_child_weight": 1.0931048133241608, "subsample": 0.8700485547617743}, "datetime": {"datetime": "2020-04-25 19:05:24", "elapsed": 6378.030777, "delta": 33.466939}}
{"target": 0.6375551999999999, "params": {"alpha": 0.46911262532072295, "colsample_bytree": 0.894471314499169, "lam": 0.06957411830742544, "max_depth": 9.825962224442936, "min_child_weight": 9.05449463414088, "subsample": 0.8759248999333138}, "datetime": {"datetime": "2020-04-25 19:05:56", "elapsed": 6409.982206, "delta": 31.951429}}
{"target": 0.6352434, "params": {"alpha": 0.5145960596554318, "colsample_bytree": 0.8592894100698694, "lam": 0.016618893349551467, "max_depth": 7.931226257403082, "min_child_weight": 8.203660175542737, "subsample": 0.6615725766641856}, "datetime": {"datetime": "2020-04-25 19:06:20", "elapsed": 6434.388457, "delta": 24.406251}}
{"target": 0.6442346000000001, "params": {"alpha": 0.264863292501858, "colsample_bytree": 0.8237692949562585, "lam": 0.021200417638979063, "max_depth": 7.30630866104992, "min_child_weight": 7.974832678095693, "subsample": 0.8903820639530045}, "datetime": {"datetime": "2020-04-25 19:06:47", "elapsed": 6461.20167, "delta": 26.813213}}
{"target": 0.6250188, "params": {"alpha": 0.572137917155471, "colsample_bytree": 0.6586405874055912, "lam": 0.9529418789604341, "max_depth": 6.730674229151266, "min_child_weight": 4.310266345049164, "subsample": 0.8687480398530855}, "datetime": {"datetime": "2020-04-25 19:07:13", "elapsed": 6487.525977, "delta": 26.324307}}
{"target": 0.6339156000000001, "params": {"alpha": 0.017963375978047202, "colsample_bytree": 0.8166222819369853, "lam": 0.3909113487616114, "max_depth": 8.7122716419894, "min_child_weight": 6.1179229271801665, "subsample": 0.8904765285616141}, "datetime": {"datetime": "2020-04-25 19:07:41", "elapsed": 6514.813927, "delta": 27.28795}}
{"target": 0.6291156, "params": {"alpha": 0.5728759427366856, "colsample_bytree": 0.8941308681174371, "lam": 0.0337384105732792, "max_depth": 6.402814044535109, "min_child_weight": 2.3162154079485675, "subsample": 0.873731873411699}, "datetime": {"datetime": "2020-04-25 19:08:09", "elapsed": 6543.106491, "delta": 28.292564}}
{"target": 0.6327292, "params": {"alpha": 0.0189578178406683, "colsample_bytree": 0.870937555891095, "lam": 0.027625368384876503, "max_depth": 3.8482903768722863, "min_child_weight": 6.405160330791355, "subsample": 0.8735506853161423}, "datetime": {"datetime": "2020-04-25 19:08:34", "elapsed": 6567.773209, "delta": 24.666718}}
{"target": 0.5656842, "params": {"alpha": 0.9813731012881034, "colsample_bytree": 0.5423374185289982, "lam": 0.9970953992859413, "max_depth": 3.0276019169882, "min_child_weight": 7.824099014379059, "subsample": 0.6075633257081345}, "datetime": {"datetime": "2020-04-25 19:08:58", "elapsed": 6591.966705, "delta": 24.193496}}
