{"target": 0.6326684, "params": {"alpha": 0.6124369613640942, "colsample_bytree": 0.8308409828690917, "lam": 0.9134182522874652, "max_depth": 4.72641291621264, "min_child_weight": 3.567397790846442, "subsample": 0.8946443953168267}, "datetime": {"datetime": "2020-04-25 18:44:59", "elapsed": 5007.56362, "delta": 22.200238}}
{"target": 0.633621, "params": {"alpha": 0.9819125148136078, "colsample_bytree": 0.861293111106942, "lam": 0.0998299380334694, "max_depth": 8.346546328737642, "min_child_weight": 9.67386920666917, "subsample": 0.8760291492342371}, "datetime": {"datetime": "2020-04-25 18:45:17", "elapsed": 5025.39502, "delta": 17.8314}}
{"target": 0.6141216, "params": {"alpha": 0.23016222369441475, "colsample_bytree": 0.52692089830851, "lam": 0.12844962540180627, "max_depth": 5.027609790956283, "min_child_weight": 9.774128198710525, "subsample": 0.8896422553855248}, "datetime": {"datetime": "2020-04-25 18:45:35", "elapsed": 5043.605094, "delta": 18.210074}}
{"target": 0.6435700000000001, "params": {"alpha": 0.9773258803346188, "colsample_bytree": 0.7618719004290184, "lam": 0.982446439886253, "max_depth": 5.887517614389604, "min_child_weight": 9.319118543247724, "subsample": 0.8789093185521917}, "datetime": {"datetime": "2020-04-25 18:45:51", "elapsed": 5060.111052, "delta": 16.505958}}
{"target": 0.6413702000000001, "params": {"alpha": 0.5452249531013409, "colsample_bytree": 0.7346261080017259, "lam": 0.7634791725345323, "max_depth": 8.416855552136955, "min_child_weight": 7.913031123511422, "subsample": 0.8934463868693552}, "datetime": {"datetime": "2020-04-25 18:46:14", "elapsed": 5082.479466, "delta": 22.368414}}
{"target": 0.627618, "params": {"alpha": 2.1960945831081478e-07, "colsample_bytree": 0.8999999999981829, "lam": 0.0, "max_depth": 9.324022731546194, "min_child_weight": 6.343231557340635, "subsample": 0.8999999999616266}, "datetime": {"datetime": "2020-04-25 18:46:32", "elapsed": 5101.185642, "delta": 18.706176}}
{"target": 0.634644, "params": {"alpha": 0.019536072300202156, "colsample_bytree": 0.8884183313166538, "lam": 0.6765250894497947, "max_depth": 5.016405285510291, "min_child_weight": 7.964472144407118, "subsample": 0.8893388656462404}, "datetime": {"datetime": "2020-04-25 18:46:56", "elapsed": 5124.702865, "delta": 23.517223}}
{"target": 0.6303828, "params": {"alpha": 0.14874688937802172, "colsample_bytree": 0.8672279449801155, "lam": 0.9996482387073095, "max_depth": 8.974528866206718, "min_child_weight": 5.19668903187219, "subsample": 0.8989874321305542}, "datetime": {"datetime": "2020-04-25 18:47:18", "elapsed": 5146.980875, "delta": 22.27801}}
{"target": 0.6341089999999999, "params": {"alpha": 0.9185265772140638, "colsample_bytree": 0.8911421711500753, "lam": 0.5123655389286472, "max_depth": 9.997569418027457, "min_child_weight": 8.249876378928999, "subsample": 0.5859754084385743}, "datetime": {"datetime": "2020-04-25 18:47:38", "elapsed": 5166.324549, "delta": 19.343674}}
{"target": 0.6306451999999999, "params": {"alpha": 0.4729465840149606, "colsample_bytree": 0.6865298793740822, "lam": 0.005279178500035342, "max_depth": 8.066076366155562, "min_child_weight": 9.982742048240866, "subsample": 0.8396696793866372}, "datetime": {"datetime": "2020-04-25 18:48:03", "elapsed": 5191.337352, "delta": 25.012803}}
{"target": 0.6242266, "params": {"alpha": 0.4394703707901302, "colsample_bytree": 0.8882652108523434, "lam": 0.01398832372549419, "max_depth": 5.826183429343769, "min_child_weight": 9.660908879391146, "subsample": 0.8809797286467329}, "datetime": {"datetime": "2020-04-25 18:48:20", "elapsed": 5208.331301, "delta": 16.993949}}
{"target": 0.631804, "params": {"alpha": 0.062255982511269625, "colsample_bytree": 0.8998406950172486, "lam": 0.9761257803524962, "max_depth": 5.425084543244534, "min_child_weight": 9.898787981714717, "subsample": 0.6174653168788469}, "datetime": {"datetime": "2020-04-25 18:48:44", "elapsed": 5232.869855, "delta": 24.538554}}
{"target": 0.628339, "params": {"alpha": 0.7256242583872441, "colsample_bytree": 0.8864891423605213, "lam": 0.6278520461003912, "max_depth": 8.303603510385503, "min_child_weight": 7.658889066509518, "subsample": 0.8823304664846591}, "datetime": {"datetime": "2020-04-25 18:49:08", "elapsed": 5256.952397, "delta": 24.082542}}
{"target": 0.6241738, "params": {"alpha": 0.234649578063177, "colsample_bytree": 0.6358467014900212, "lam": 0.9993320228252073, "max_depth": 8.7743601285908, "min_child_weight": 8.043293023899661, "subsample": 0.8759631445066822}, "datetime": {"datetime": "2020-04-25 18:49:32", "elapsed": 5280.508998, "delta": 23.556601}}
{"target": 0.6242386, "params": {"alpha": 0.0031206647629793416, "colsample_bytree": 0.8772171084626901, "lam": 0.985824889199316, "max_depth": 4.359675471725529, "min_child_weight": 8.361196707667382, "subsample": 0.6367942992626683}, "datetime": {"datetime": "2020-04-25 18:49:53", "elapsed": 5301.422423, "delta": 20.913425}}
{"target": 0.6100362, "params": {"alpha": 0.8262993416473046, "colsample_bytree": 0.6045821378366516, "lam": 0.007052567699668333, "max_depth": 9.020117426186342, "min_child_weight": 6.356162073391207, "subsample": 0.8758976634399518}, "datetime": {"datetime": "2020-04-25 18:50:13", "elapsed": 5321.878254, "delta": 20.455831}}
{"target": 0.6164438, "params": {"alpha": 0.6391753991475676, "colsample_bytree": 0.6225853639559148, "lam": 0.9949415219855279, "max_depth": 7.993703400994788, "min_child_weight": 8.163307700698939, "subsample": 0.8812979779396777}, "datetime": {"datetime": "2020-04-25 18:50:40", "elapsed": 5348.723814, "delta": 26.84556}}
{"target": 0.6319698, "params": {"alpha": 0.05826645900342253, "colsample_bytree": 0.8541831636149202, "lam": 0.8230898372342329, "max_depth": 8.23782494814814, "min_child_weight": 7.666503223616005, "subsample": 0.8638539133399628}, "datetime": {"datetime": "2020-04-25 18:51:02", "elapsed": 5371.097707, "delta": 22.373893}}
{"target": 0.6259157999999999, "params": {"alpha": 0.012344047350910992, "colsample_bytree": 0.7668596993153443, "lam": 0.7918240132047286, "max_depth": 4.906216935040075, "min_child_weight": 5.369055076581119, "subsample": 0.5080808751622437}, "datetime": {"datetime": "2020-04-25 18:51:25", "elapsed": 5393.942644, "delta": 22.844937}}
{"target": 0.6366096000000001, "params": {"alpha": 0.35118481576815974, "colsample_bytree": 0.7262475282631704, "lam": 0.40495234223423326, "max_depth": 5.886690599439801, "min_child_weight": 9.52976633712854, "subsample": 0.8843862237434584}, "datetime": {"datetime": "2020-04-25 18:51:46", "elapsed": 5414.544633, "delta": 20.601989}}
{"target": 0.626974, "params": {"alpha": 0.9870921696332623, "colsample_bytree": 0.8403756178723132, "lam": 0.9911630121225696, "max_depth": 8.831827452975485, "min_child_weight": 3.5294512539182357, "subsample": 0.5295389236930327}, "datetime": {"datetime": "2020-04-25 18:52:15", "elapsed": 5444.133294, "delta": 29.588661}}
{"target": 0.6399962, "params": {"alpha": 0.9347593591119779, "colsample_bytree": 0.8619247925193219, "lam": 0.06922821643909904, "max_depth": 7.165397606918416, "min_child_weight": 8.81602080756818, "subsample": 0.8701642135077419}, "datetime": {"datetime": "2020-04-25 18:52:43", "elapsed": 5471.683718, "delta": 27.550424}}
{"target": 0.6301696, "params": {"alpha": 0.0, "colsample_bytree": 0.8999999895734745, "lam": 0.0, "max_depth": 4.728555554037001, "min_child_weight": 1.5191564622534666, "subsample": 0.8999999927087554}, "datetime": {"datetime": "2020-04-25 18:53:04", "elapsed": 5492.507598, "delta": 20.82388}}
{"target": 0.593667, "params": {"alpha": 0.9587828198455073, "colsample_bytree": 0.8912890528838835, "lam": 0.032456598379176915, "max_depth": 9.98743535889958, "min_child_weight": 2.813781634791548, "subsample": 0.5833326546538216}, "datetime": {"datetime": "2020-04-25 18:53:25", "elapsed": 5514.013611, "delta": 21.506013}}
{"target": 0.6300844, "params": {"alpha": 0.07491652377511593, "colsample_bytree": 0.873529514103965, "lam": 0.10609248560818874, "max_depth": 4.116568635440658, "min_child_weight": 9.207587475142095, "subsample": 0.883138536749484}, "datetime": {"datetime": "2020-04-25 18:53:50", "elapsed": 5538.887451, "delta": 24.87384}}
{"target": 0.6091808000000001, "params": {"alpha": 0.002515978338029301, "colsample_bytree": 0.7250572421704204, "lam": 0.4979725158503673, "max_depth": 6.583925129328285, "min_child_weight": 3.3733747638911824, "subsample": 0.8862552025707726}, "datetime": {"datetime": "2020-04-25 18:54:11", "elapsed": 5559.583983, "delta": 20.696532}}
{"target": 0.6259766, "params": {"alpha": 0.0591186402957633, "colsample_bytree": 0.8849379096913121, "lam": 0.04035173049708496, "max_depth": 5.715780411024447, "min_child_weight": 2.3466589728411673, "subsample": 0.8425815157979817}, "datetime": {"datetime": "2020-04-25 18:54:37", "elapsed": 5585.866008, "delta": 26.282025}}
{"target": 0.6050834, "params": {"alpha": 0.026439795968128954, "colsample_bytree": 0.8662554275579528, "lam": 0.9972902851496607, "max_depth": 7.906558769774274, "min_child_weight": 1.9348986106789214, "subsample": 0.5072408161131825}, "datetime": {"datetime": "2020-04-25 18:55:10", "elapsed": 5618.270247, "delta": 32.404239}}
{"target": 0.590837, "params": {"alpha": 0.4499440706266522, "colsample_bytree": 0.8758643360676462, "lam": 0.003898492576688284, "max_depth": 6.524409285245805, "min_child_weight": 2.382135899155214, "subsample": 0.5454270837978645}, "datetime": {"datetime": "2020-04-25 18:55:44", "elapsed": 5652.818712, "delta": 34.548465}}
{"target": 0.5897916000000001, "params": {"alpha": 0.927402890531929, "colsample_bytree": 0.8858770853622305, "lam": 0.9467519015132554, "max_depth": 3.373166761592424, "min_child_weight": 4.869323141334427, "subsample": 0.5285329688079594}, "datetime": {"datetime": "2020-04-25 18:56:08", "elapsed": 5676.687199, "delta": 23.868487}}
{"target": 0.631523, "params": {"alpha": 1.0, "colsample_bytree": 0.8999999839688324, "lam": 0.9999999720110282, "max_depth": 9.298716615736312, "min_child_weight": 10.0, "subsample": 0.5}, "datetime": {"datetime": "2020-04-25 18:56:31", "elapsed": 5699.462066, "delta": 22.774867}}
{"target": 0.6146889999999999, "params": {"alpha": 0.9298889805899334, "colsample_bytree": 0.5302634170618423, "lam": 0.9927598089365447, "max_depth": 6.047485628705571, "min_child_weight": 3.9523777872022743, "subsample": 0.7912903440935835}, "datetime": {"datetime": "2020-04-25 18:56:53", "elapsed": 5722.176215, "delta": 22.714149}}
{"target": 0.6329038, "params": {"alpha": 0.7209554385713471, "colsample_bytree": 0.8915515413015347, "lam": 0.047911023811464726, "max_depth": 6.627662294616155, "min_child_weight": 6.899669694328661, "subsample": 0.8845179486463508}, "datetime": {"datetime": "2020-04-25 18:57:26", "elapsed": 5754.467655, "delta": 32.29144}}
{"target": 0.6322781999999999, "params": {"alpha": 0.013348485435325519, "colsample_bytree": 0.8967458508820928, "lam": 0.7317210444044272, "max_depth": 9.378137968542035, "min_child_weight": 2.725590968513495, "subsample": 0.7701517397576927}, "datetime": {"datetime": "2020-04-25 18:57:50", "elapsed": 5778.251789, "delta": 23.784134}}
{"target": 0.5831744, "params": {"alpha": 0.03149743012468109, "colsample_bytree": 0.5021141026170745, "lam": 0.9340258565422725, "max_depth": 6.02016961522421, "min_child_weight": 3.119957492769389, "subsample": 0.5179205010640597}, "datetime": {"datetime": "2020-04-25 18:58:21", "elapsed": 5810.128861, "delta": 31.877072}}
{"target": 0.6139926, "params": {"alpha": 0.9746926611810443, "colsample_bytree": 0.8993953915973021, "lam": 0.6321284394938008, "max_depth": 8.800568366907777, "min_child_weight": 3.523081867241137, "subsample": 0.8815724802536333}, "datetime": {"datetime": "2020-04-25 18:58:50", "elapsed": 5839.076308, "delta": 28.947447}}
{"target": 0.6288034, "params": {"alpha": 0.9711214740126926, "colsample_bytree": 0.7916583538667359, "lam": 0.04575716704439636, "max_depth": 6.378724578386564, "min_child_weight": 8.9555333776987, "subsample": 0.895989422234908}, "datetime": {"datetime": "2020-04-25 18:59:16", "elapsed": 5865.074475, "delta": 25.998167}}
{"target": 0.6348052, "params": {"alpha": 0.01662611119046775, "colsample_bytree": 0.6943503862275914, "lam": 0.919362981070713, "max_depth": 6.650531849193852, "min_child_weight": 9.04193142957222, "subsample": 0.5028299163013964}, "datetime": {"datetime": "2020-04-25 18:59:45", "elapsed": 5893.540723, "delta": 28.466248}}
{"target": 0.634055, "params": {"alpha": 0.7684907437167611, "colsample_bytree": 0.8795306314438185, "lam": 0.002372071887512983, "max_depth": 4.0357805549126144, "min_child_weight": 7.51371587562371, "subsample": 0.8811848753160125}, "datetime": {"datetime": "2020-04-25 19:00:14", "elapsed": 5922.923517, "delta": 29.382794}}
{"target": 0.6430438, "params": {"alpha": 0.9999999994876213, "colsample_bytree": 0.9, "lam": 1.0, "max_depth": 5.516876516231012, "min_child_weight": 9.453167557128141, "subsample": 0.9}, "datetime": {"datetime": "2020-04-25 19:00:34", "elapsed": 5942.528407, "delta": 19.60489}}
{"target": 0.6352591999999999, "params": {"alpha": 0.9961910196921683, "colsample_bytree": 0.7968311639152205, "lam": 0.9631105740177953, "max_depth": 5.1069598633035564, "min_child_weight": 8.310265693450464, "subsample": 0.8937979281291591}, "datetime": {"datetime": "2020-04-25 19:00:59", "elapsed": 5968.176458, "delta": 25.648051}}
{"target": 0.6417166, "params": {"alpha": 0.7567664572843881, "colsample_bytree": 0.8540053922231803, "lam": 0.9498588826042329, "max_depth": 5.894232140284068, "min_child_weight": 7.192399123184566, "subsample": 0.8811779890179745}, "datetime": {"datetime": "2020-04-25 19:01:27", "elapsed": 5995.451418, "delta": 27.27496}}
{"target": 0.6325726, "params": {"alpha": 0.03326385442156843, "colsample_bytree": 0.8648137638440401, "lam": 0.9118326421492212, "max_depth": 6.932993530865906, "min_child_weight": 3.8051641117328003, "subsample": 0.8737242637466798}, "datetime": {"datetime": "2020-04-25 19:01:54", "elapsed": 6022.457477, "delta": 27.006059}}
{"target": 0.6221014, "params": {"alpha": 0.0036518975839591183, "colsample_bytree": 0.888473845229225, "lam": 0.12362394395205378, "max_depth": 7.44576101037233, "min_child_weight": 3.229990186292891, "subsample": 0.8505193471229175}, "datetime": {"datetime": "2020-04-25 19:02:19", "elapsed": 6047.245005, "delta": 24.787528}}
{"target": 0.628526, "params": {"alpha": 0.8788744674524103, "colsample_bytree": 0.8863145698945492, "lam": 0.11304589390843778, "max_depth": 5.744580888916229, "min_child_weight": 4.058735998643586, "subsample": 0.8789519835327425}, "datetime": {"datetime": "2020-04-25 19:02:47", "elapsed": 6075.335508, "delta": 28.090503}}
{"target": 0.6410688, "params": {"alpha": 0.9438909194015161, "colsample_bytree": 0.8270629211736849, "lam": 0.010535129438819735, "max_depth": 4.809005618058269, "min_child_weight": 4.786206383108364, "subsample": 0.8537127057628187}, "datetime": {"datetime": "2020-04-25 19:03:08", "elapsed": 6097.165018, "delta": 21.82951}}
{"target": 0.6081462, "params": {"alpha": 0.9616027035619439, "colsample_bytree": 0.5209388144477249, "lam": 0.9791739923724639, "max_depth": 7.127257936729286, "min_child_weight": 3.438195396409613, "subsample": 0.8291105142507174}, "datetime": {"datetime": "2020-04-25 19:03:38", "elapsed": 6127.013887, "delta": 29.848869}}
{"target": 0.6180414, "params": {"alpha": 0.8933296195018711, "colsample_bytree": 0.8921650946975339, "lam": 0.006582521529692187, "max_depth": 4.261887521797392, "min_child_weight": 9.984680160173612, "subsample": 0.5328037719151871}, "datetime": {"datetime": "2020-04-25 19:04:11", "elapsed": 6160.159426, "delta": 33.145539}}
{"target": 0.624945, "params": {"alpha": 0.5982440113565521, "colsample_bytree": 0.8979458286294246, "lam": 0.41023010100882107, "max_depth": 8.398577624607292, "min_child_weight": 5.293018525136752, "subsample": 0.8887289919678295}, "datetime": {"datetime": "2020-04-25 19:04:34", "elapsed": 6182.583987, "delta": 22.424561}}
{"target": 0.6400043999999999, "params": {"alpha": 0.05032240548604894, "colsample_bytree": 0.888897618860366, "lam": 0.0012255109229857286, "max_depth": 6.484293136654415, "min_child_weight": 4.390822475303392, "subsample": 0.6827541155664577}, "datetime": {"datetime": "2020-04-25 19:05:01", "elapsed": 6210.012678, "delta": 27.428691}}
{"target": 0.6178464, "params": {"alpha": 0.2998165086247292, "colsample_bytree": 0.8788216793940917, "lam": 7.738513534616409e-05, "max_depth": 6.213221057717208, "min_child_weight": 3.2416056980554933, "subsample": 0.8301384846211339}, "datetime": {"datetime": "2020-04-25 19:05:30", "elapsed": 6238.927009, "delta": 28.914331}}
{"target": 0.6371106, "params": {"alpha": 0.991018700285, "colsample_bytree": 0.8939241079565129, "lam": 0.16011267221283854, "max_depth": 5.22142411672263, "min_child_weight": 4.953109768822357, "subsample": 0.793117660162783}, "datetime": {"datetime": "2020-04-25 19:05:58", "elapsed": 6266.328867, "delta": 27.401858}}
{"target": 0.6219144, "params": {"alpha": 0.30616986588447215, "colsample_bytree": 0.8863185984106796, "lam": 0.9916058469564256, "max_depth": 8.11606714501275, "min_child_weight": 6.165084931467874, "subsample": 0.516463421597295}, "datetime": {"datetime": "2020-04-25 19:06:17", "elapsed": 6285.917986, "delta": 19.589119}}
{"target": 0.6420002, "params": {"alpha": 0.8534731580865369, "colsample_bytree": 0.6537955999025274, "lam": 0.617322264182103, "max_depth": 4.816831456445911, "min_child_weight": 5.027803781201177, "subsample": 0.8897047062691347}, "datetime": {"datetime": "2020-04-25 19:06:44", "elapsed": 6313.091223, "delta": 27.173237}}
{"target": 0.6105751999999999, "params": {"alpha": 0.9564753676130234, "colsample_bytree": 0.8912125515823861, "lam": 0.1650029712560831, "max_depth": 3.1014376380531234, "min_child_weight": 4.77512467836881, "subsample": 0.8360580482236504}, "datetime": {"datetime": "2020-04-25 19:07:14", "elapsed": 6343.175018, "delta": 30.083795}}
{"target": 0.6187028000000001, "params": {"alpha": 0.8905578670057468, "colsample_bytree": 0.5922772223229178, "lam": 0.2758740503398537, "max_depth": 3.7759832136261053, "min_child_weight": 4.744217076290474, "subsample": 0.8895306771620096}, "datetime": {"datetime": "2020-04-25 19:07:46", "elapsed": 6374.204186, "delta": 31.029168}}
{"target": 0.6438866000000001, "params": {"alpha": 0.8737791625384281, "colsample_bytree": 0.6570216599169968, "lam": 0.007314478540110914, "max_depth": 5.807631821070117, "min_child_weight": 5.066468423619147, "subsample": 0.8781754139794704}, "datetime": {"datetime": "2020-04-25 19:08:15", "elapsed": 6403.897254, "delta": 29.693068}}
{"target": 0.6085568, "params": {"alpha": 0.9131316939605356, "colsample_bytree": 0.8154140812397332, "lam": 0.0042524811253908945, "max_depth": 3.53062097158111, "min_child_weight": 4.524719290662994, "subsample": 0.553252140739263}, "datetime": {"datetime": "2020-04-25 19:08:38", "elapsed": 6426.702407, "delta": 22.805153}}
{"target": 0.6361462, "params": {"alpha": 0.6383179825227361, "colsample_bytree": 0.8804542353415183, "lam": 0.9835999216820567, "max_depth": 7.399284243219137, "min_child_weight": 7.518274362949491, "subsample": 0.8883632553234302}, "datetime": {"datetime": "2020-04-25 19:09:05", "elapsed": 6453.832195, "delta": 27.129788}}
{"target": 0.6001888, "params": {"alpha": 0.06756657352191404, "colsample_bytree": 0.9, "lam": 0.010485606591251022, "max_depth": 6.63425049459404, "min_child_weight": 1.7114496322284114, "subsample": 0.8879823282518754}, "datetime": {"datetime": "2020-04-25 19:09:31", "elapsed": 6479.528424, "delta": 25.696229}}
{"target": 0.6232260000000001, "params": {"alpha": 0.0031037362829817727, "colsample_bytree": 0.8711012340365012, "lam": 0.030056942795684827, "max_depth": 4.363361011151993, "min_child_weight": 6.577664112788706, "subsample": 0.8260984149503673}, "datetime": {"datetime": "2020-04-25 19:10:01", "elapsed": 6510.094495, "delta": 30.566071}}
{"target": 0.6156424, "params": {"alpha": 2.8839021185784e-08, "colsample_bytree": 0.885343604016848, "lam": 0.9222772499479596, "max_depth": 8.433037252351511, "min_child_weight": 1.0000000265547837, "subsample": 0.5}, "datetime": {"datetime": "2020-04-25 19:10:31", "elapsed": 6539.897555, "delta": 29.80306}}
{"target": 0.6292728000000001, "params": {"alpha": 0.7115465174717036, "colsample_bytree": 0.5881539748942616, "lam": 0.019800273996526396, "max_depth": 5.2637872291779635, "min_child_weight": 5.125358957399289, "subsample": 0.8897000605926079}, "datetime": {"datetime": "2020-04-25 19:10:59", "elapsed": 6567.546904, "delta": 27.649349}}
{"target": 0.6401542, "params": {"alpha": 0.19631720238158057, "colsample_bytree": 0.8496041058250445, "lam": 0.47177936907315954, "max_depth": 4.8312576240384315, "min_child_weight": 6.282560640171231, "subsample": 0.8890196978320732}, "datetime": {"datetime": "2020-04-25 19:11:25", "elapsed": 6593.522828, "delta": 25.975924}}
{"target": 0.594377, "params": {"alpha": 0.0, "colsample_bytree": 0.5, "lam": 1.0, "max_depth": 10.0, "min_child_weight": 10.0, "subsample": 0.9}, "datetime": {"datetime": "2020-04-25 19:11:49", "elapsed": 6617.902953, "delta": 24.380125}}
{"target": 0.6294987999999999, "params": {"alpha": 0.986846465515822, "colsample_bytree": 0.8490492237231853, "lam": 0.9070690554828372, "max_depth": 6.237874439342097, "min_child_weight": 3.6728030889653547, "subsample": 0.8595295479877507}, "datetime": {"datetime": "2020-04-25 19:12:17", "elapsed": 6646.008677, "delta": 28.105724}}
{"target": 0.624684, "params": {"alpha": 0.35928605209641584, "colsample_bytree": 0.8891968166385884, "lam": 0.9793551064192328, "max_depth": 3.6808702728145786, "min_child_weight": 2.1014599697573795, "subsample": 0.8675538416526556}, "datetime": {"datetime": "2020-04-25 19:12:38", "elapsed": 6666.270726, "delta": 20.262049}}
