{"target": 0.6277064, "params": {"alpha": 0.49770002178190675, "colsample_bytree": 0.8942063092786479, "lam": 0.9465299040821077, "max_depth": 6.262635726591554, "min_child_weight": 1.0221952171465762, "subsample": 0.8227010928412728}, "datetime": {"datetime": "2020-04-24 18:23:02", "elapsed": 2701.177612, "delta": 13.328801}}
{"target": 0.6399354, "params": {"alpha": 0.9887269678565178, "colsample_bytree": 0.8857619887865731, "lam": 0.029597729472567003, "max_depth": 6.034238896792138, "min_child_weight": 9.267905304680914, "subsample": 0.89842435539217}, "datetime": {"datetime": "2020-04-24 18:23:15", "elapsed": 2713.980447, "delta": 12.802835}}
{"target": 0.5888476, "params": {"alpha": 1.0, "colsample_bytree": 0.8999999999999999, "lam": 7.322295238908506e-09, "max_depth": 3.0, "min_child_weight": 5.348591426319202, "subsample": 0.5000000021069164}, "datetime": {"datetime": "2020-04-24 18:23:29", "elapsed": 2728.725395, "delta": 14.744948}}
{"target": 0.6362289999999999, "params": {"alpha": 0.009516648421602603, "colsample_bytree": 0.8841560712722389, "lam": 0.2746812665377577, "max_depth": 7.201019032431798, "min_child_weight": 9.086817330270183, "subsample": 0.8972862945543192}, "datetime": {"datetime": "2020-04-24 18:23:45", "elapsed": 2744.563363, "delta": 15.837968}}
{"target": 0.6362043999999999, "params": {"alpha": 0.9981306228094999, "colsample_bytree": 0.7398072161219617, "lam": 0.06279239124943936, "max_depth": 4.670805186819505, "min_child_weight": 5.270576455394613, "subsample": 0.8426666590529538}, "datetime": {"datetime": "2020-04-24 18:23:58", "elapsed": 2757.204295, "delta": 12.640932}}
{"target": 0.6262338, "params": {"alpha": 0.057062230081794785, "colsample_bytree": 0.8733699484323154, "lam": 0.12300604147751937, "max_depth": 9.410787697690495, "min_child_weight": 7.390076731197071, "subsample": 0.8977680898119222}, "datetime": {"datetime": "2020-04-24 18:24:11", "elapsed": 2770.605272, "delta": 13.400977}}
{"target": 0.6315299999999999, "params": {"alpha": 0.430806347889918, "colsample_bytree": 0.81880519379091, "lam": 0.03741853577377363, "max_depth": 9.29740432570641, "min_child_weight": 4.918136281002022, "subsample": 0.8911601854364992}, "datetime": {"datetime": "2020-04-24 18:24:25", "elapsed": 2784.45114, "delta": 13.845868}}
{"target": 0.6294468, "params": {"alpha": 0.9611486648105215, "colsample_bytree": 0.7436930170259682, "lam": 0.9768598188238236, "max_depth": 8.810891745263698, "min_child_weight": 8.796388295486425, "subsample": 0.8748565425141119}, "datetime": {"datetime": "2020-04-24 18:24:40", "elapsed": 2799.517995, "delta": 15.066855}}
{"target": 0.6359859999999999, "params": {"alpha": 0.07814004329983082, "colsample_bytree": 0.8657132688930291, "lam": 0.6317597604273082, "max_depth": 5.389851663757568, "min_child_weight": 7.013829282970827, "subsample": 0.8947097316755854}, "datetime": {"datetime": "2020-04-24 18:24:57", "elapsed": 2816.050089, "delta": 16.532094}}
{"target": 0.6239694, "params": {"alpha": 0.347336951030689, "colsample_bytree": 0.9, "lam": 0.9999999987442821, "max_depth": 8.322642898689764, "min_child_weight": 1.0, "subsample": 0.5037403076532534}, "datetime": {"datetime": "2020-04-24 18:25:13", "elapsed": 2832.634561, "delta": 16.584472}}
{"target": 0.5985552000000001, "params": {"alpha": 1.0, "colsample_bytree": 0.9, "lam": 0.9999999995352503, "max_depth": 3.087936904109513, "min_child_weight": 3.5294522413341274, "subsample": 0.8858410998943211}, "datetime": {"datetime": "2020-04-24 18:25:26", "elapsed": 2845.163335, "delta": 12.528774}}
{"target": 0.6095727999999999, "params": {"alpha": 0.96243484186143, "colsample_bytree": 0.8800649332835573, "lam": 0.8968061855913446, "max_depth": 4.103415318019089, "min_child_weight": 4.256899536832687, "subsample": 0.5297185726156752}, "datetime": {"datetime": "2020-04-24 18:25:37", "elapsed": 2856.446458, "delta": 11.283123}}
{"target": 0.6407339999999999, "params": {"alpha": 0.002409347492865588, "colsample_bytree": 0.8334357458662376, "lam": 0.10410814504655808, "max_depth": 5.214626155047023, "min_child_weight": 7.5537475177470395, "subsample": 0.6487238749001789}, "datetime": {"datetime": "2020-04-24 18:25:53", "elapsed": 2872.313366, "delta": 15.866908}}
{"target": 0.6246718, "params": {"alpha": 0.6636377268991163, "colsample_bytree": 0.8875545025257254, "lam": 0.578528860524912, "max_depth": 8.021767665586673, "min_child_weight": 7.434965292455745, "subsample": 0.5277356036060458}, "datetime": {"datetime": "2020-04-24 18:26:07", "elapsed": 2886.288566, "delta": 13.9752}}
{"target": 0.632647, "params": {"alpha": 1.0, "colsample_bytree": 0.9, "lam": 0.9999999619051579, "max_depth": 5.028502552435281, "min_child_weight": 3.2011825340634985, "subsample": 0.8999999603939162}, "datetime": {"datetime": "2020-04-24 18:26:21", "elapsed": 2900.619521, "delta": 14.330955}}
{"target": 0.6239684, "params": {"alpha": 0.5174192873989476, "colsample_bytree": 0.8002154883332491, "lam": 0.006347794659388617, "max_depth": 7.668177580169327, "min_child_weight": 4.006269268834514, "subsample": 0.8448026439986039}, "datetime": {"datetime": "2020-04-24 18:26:35", "elapsed": 2914.763829, "delta": 14.144308}}
{"target": 0.6197796, "params": {"alpha": 0.01605703024390659, "colsample_bytree": 0.8580093966461646, "lam": 0.9879152565252286, "max_depth": 9.704295818004756, "min_child_weight": 4.430940354754007, "subsample": 0.5493178673251566}, "datetime": {"datetime": "2020-04-24 18:26:50", "elapsed": 2929.712097, "delta": 14.948268}}
{"target": 0.5039364, "params": {"alpha": 0.9999999728199138, "colsample_bytree": 0.5000000189871433, "lam": 0.0, "max_depth": 6.739802313016889, "min_child_weight": 1.0, "subsample": 0.5}, "datetime": {"datetime": "2020-04-24 18:27:06", "elapsed": 2945.309541, "delta": 15.597444}}
{"target": 0.6411482000000001, "params": {"alpha": 0.027873871777832182, "colsample_bytree": 0.8699202305079179, "lam": 0.9102691820274268, "max_depth": 5.417406836597511, "min_child_weight": 4.314889189529916, "subsample": 0.8741941042251916}, "datetime": {"datetime": "2020-04-24 18:27:22", "elapsed": 2961.502251, "delta": 16.19271}}
{"target": 0.6248914, "params": {"alpha": 0.9959818630614373, "colsample_bytree": 0.9, "lam": 1.0, "max_depth": 4.687992753463941, "min_child_weight": 1.1883145374728832, "subsample": 0.8999999212436756}, "datetime": {"datetime": "2020-04-24 18:27:38", "elapsed": 2976.914684, "delta": 15.412433}}
{"target": 0.6375323999999999, "params": {"alpha": 0.35204089439580544, "colsample_bytree": 0.8972271973226873, "lam": 0.35206626612323555, "max_depth": 8.483437327807863, "min_child_weight": 9.015748372285884, "subsample": 0.8772552855120301}, "datetime": {"datetime": "2020-04-24 18:27:51", "elapsed": 2990.500277, "delta": 13.585593}}
{"target": 0.6341848, "params": {"alpha": 0.11620455736398816, "colsample_bytree": 0.8985849142454057, "lam": 0.9685493342928004, "max_depth": 9.132804646561027, "min_child_weight": 3.5690144008772053, "subsample": 0.8748786394686023}, "datetime": {"datetime": "2020-04-24 18:28:12", "elapsed": 3011.0205, "delta": 20.520223}}
{"target": 0.6146159999999999, "params": {"alpha": 0.9060583952402581, "colsample_bytree": 0.7049565979379636, "lam": 0.9953983558389854, "max_depth": 4.25010759591536, "min_child_weight": 3.086314959744028, "subsample": 0.867071025978503}, "datetime": {"datetime": "2020-04-24 18:28:26", "elapsed": 3025.089498, "delta": 14.068998}}
{"target": 0.6100252, "params": {"alpha": 0.9153130980063939, "colsample_bytree": 0.8798716886818053, "lam": 0.001681940468293952, "max_depth": 3.826699303151952, "min_child_weight": 1.1275168559219573, "subsample": 0.8507438041314134}, "datetime": {"datetime": "2020-04-24 18:28:36", "elapsed": 3035.778425, "delta": 10.688927}}
{"target": 0.6090018, "params": {"alpha": 0.0, "colsample_bytree": 0.8999999996646872, "lam": 1.0, "max_depth": 3.0, "min_child_weight": 10.0, "subsample": 0.8999999998213302}, "datetime": {"datetime": "2020-04-24 18:28:50", "elapsed": 3049.407247, "delta": 13.628822}}
{"target": 0.6001672, "params": {"alpha": 5.341527156996886e-08, "colsample_bytree": 0.9, "lam": 0.0, "max_depth": 3.0536749559990333, "min_child_weight": 6.721221975540965, "subsample": 0.5000000436658708}, "datetime": {"datetime": "2020-04-24 18:29:07", "elapsed": 3066.203892, "delta": 16.796645}}
{"target": 0.635383, "params": {"alpha": 0.6940968178471291, "colsample_bytree": 0.8745525903079701, "lam": 0.8548300086937626, "max_depth": 6.09416408385608, "min_child_weight": 6.739703470862866, "subsample": 0.8955515452186007}, "datetime": {"datetime": "2020-04-24 18:29:18", "elapsed": 3077.740637, "delta": 11.536745}}
{"target": 0.6328493999999999, "params": {"alpha": 0.45249632853575017, "colsample_bytree": 0.7996722914350545, "lam": 0.721122941560675, "max_depth": 5.814953524502311, "min_child_weight": 6.436196850612454, "subsample": 0.8622852502584801}, "datetime": {"datetime": "2020-04-24 18:29:33", "elapsed": 3091.926371, "delta": 14.185734}}
{"target": 0.631307, "params": {"alpha": 0.9857541175394482, "colsample_bytree": 0.8530501877159861, "lam": 0.8696580053387497, "max_depth": 5.611674067131414, "min_child_weight": 7.033750966695361, "subsample": 0.5947833767485747}, "datetime": {"datetime": "2020-04-24 18:29:47", "elapsed": 3106.742657, "delta": 14.816286}}
{"target": 0.6192772, "params": {"alpha": 0.0016411651043479747, "colsample_bytree": 0.8967918367297774, "lam": 0.9836485401121967, "max_depth": 3.86837203962034, "min_child_weight": 2.6581072248610096, "subsample": 0.8788585434281219}, "datetime": {"datetime": "2020-04-24 18:30:02", "elapsed": 3121.141695, "delta": 14.399038}}
{"target": 0.617544, "params": {"alpha": 0.3132433776778921, "colsample_bytree": 0.8960677525958298, "lam": 0.36648709614243835, "max_depth": 4.096838529056916, "min_child_weight": 1.5476969553977695, "subsample": 0.5289206404754896}, "datetime": {"datetime": "2020-04-24 18:30:19", "elapsed": 3138.248805, "delta": 17.10711}}
{"target": 0.6305358, "params": {"alpha": 0.06147175819621309, "colsample_bytree": 0.7860735201179583, "lam": 0.031330939590706985, "max_depth": 5.344530819943838, "min_child_weight": 3.887579800417444, "subsample": 0.8901007108078414}, "datetime": {"datetime": "2020-04-24 18:30:39", "elapsed": 3158.209264, "delta": 19.960459}}
{"target": 0.6080882, "params": {"alpha": 0.17976342340650875, "colsample_bytree": 0.8890677212651542, "lam": 0.01189047516170838, "max_depth": 9.39318944695945, "min_child_weight": 3.1731283308995213, "subsample": 0.8487340876201757}, "datetime": {"datetime": "2020-04-24 18:30:54", "elapsed": 3173.678984, "delta": 15.46972}}
{"target": 0.6331274, "params": {"alpha": 0.9993855809673985, "colsample_bytree": 0.8838015556573495, "lam": 0.03119502038337829, "max_depth": 5.241984950414678, "min_child_weight": 3.530317912940292, "subsample": 0.7758823145529905}, "datetime": {"datetime": "2020-04-24 18:31:16", "elapsed": 3195.818625, "delta": 22.139641}}
{"target": 0.6414024, "params": {"alpha": 0.039351289770472864, "colsample_bytree": 0.8078186055123473, "lam": 0.07973942520187305, "max_depth": 6.239089632078572, "min_child_weight": 4.716030977919383, "subsample": 0.8735239572164979}, "datetime": {"datetime": "2020-04-24 18:31:32", "elapsed": 3211.33824, "delta": 15.519615}}
{"target": 0.621064, "params": {"alpha": 0.056329933442926805, "colsample_bytree": 0.8867545994051647, "lam": 0.33514159689502787, "max_depth": 5.933092893882579, "min_child_weight": 5.224259166322154, "subsample": 0.8987463475761699}, "datetime": {"datetime": "2020-04-24 18:31:48", "elapsed": 3227.535367, "delta": 16.197127}}
{"target": 0.6372316, "params": {"alpha": 0.9557231683462011, "colsample_bytree": 0.8661832519745528, "lam": 0.4702337019361881, "max_depth": 7.799597984621482, "min_child_weight": 9.569021917050012, "subsample": 0.8748386521058256}, "datetime": {"datetime": "2020-04-24 18:32:05", "elapsed": 3244.56134, "delta": 17.025973}}
{"target": 0.6240678, "params": {"alpha": 0.4777901311354842, "colsample_bytree": 0.6483142618529727, "lam": 0.9807538929984558, "max_depth": 6.031316627917745, "min_child_weight": 4.494335115109401, "subsample": 0.8128460445125505}, "datetime": {"datetime": "2020-04-24 18:32:24", "elapsed": 3263.401484, "delta": 18.840144}}
{"target": 0.633108, "params": {"alpha": 0.029610144590194176, "colsample_bytree": 0.8459558857516625, "lam": 0.9944804227301194, "max_depth": 9.082129001169957, "min_child_weight": 6.083907726147954, "subsample": 0.5663170665362048}, "datetime": {"datetime": "2020-04-24 18:32:39", "elapsed": 3278.124074, "delta": 14.72259}}
{"target": 0.6270468, "params": {"alpha": 0.39458732338697744, "colsample_bytree": 0.8016378625731893, "lam": 0.20722130714666231, "max_depth": 9.967810772749313, "min_child_weight": 8.009667162243726, "subsample": 0.8827467195323928}, "datetime": {"datetime": "2020-04-24 18:32:57", "elapsed": 3296.065555, "delta": 17.941481}}
{"target": 0.6110456, "params": {"alpha": 0.16886731248956477, "colsample_bytree": 0.7193925886843139, "lam": 0.012721296759996559, "max_depth": 6.3735235314829755, "min_child_weight": 3.8903677164123547, "subsample": 0.5192301367940109}, "datetime": {"datetime": "2020-04-24 18:33:13", "elapsed": 3312.73475, "delta": 16.669195}}
{"target": 0.6332136, "params": {"alpha": 0.9909475578614838, "colsample_bytree": 0.8455667139996055, "lam": 0.058581035997569475, "max_depth": 5.052210684870264, "min_child_weight": 4.890134278132726, "subsample": 0.6025787878732862}, "datetime": {"datetime": "2020-04-24 18:33:32", "elapsed": 3331.169159, "delta": 18.434409}}
{"target": 0.6371688, "params": {"alpha": 0.19724020335476378, "colsample_bytree": 0.8934929735276607, "lam": 0.9172617257464423, "max_depth": 7.915422233194664, "min_child_weight": 5.338132103574708, "subsample": 0.8529699259690549}, "datetime": {"datetime": "2020-04-24 18:33:50", "elapsed": 3349.170107, "delta": 18.000948}}
{"target": 0.6368761999999999, "params": {"alpha": 0.020549365231052663, "colsample_bytree": 0.8932098820469876, "lam": 0.45495521659032834, "max_depth": 5.750343701100101, "min_child_weight": 7.102192913272142, "subsample": 0.7323920263711143}, "datetime": {"datetime": "2020-04-24 18:34:12", "elapsed": 3371.158739, "delta": 21.988632}}
{"target": 0.6218572000000001, "params": {"alpha": 0.0, "colsample_bytree": 0.8999999606323003, "lam": 0.3191825106580382, "max_depth": 4.500820475531292, "min_child_weight": 2.0484282860897167, "subsample": 0.5}, "datetime": {"datetime": "2020-04-24 18:34:28", "elapsed": 3387.471913, "delta": 16.313174}}
{"target": 0.6114173999999999, "params": {"alpha": 0.37737423958417016, "colsample_bytree": 0.8969823909210697, "lam": 0.6250212823449919, "max_depth": 3.455738884016774, "min_child_weight": 9.373380755776855, "subsample": 0.8735119044770319}, "datetime": {"datetime": "2020-04-24 18:34:44", "elapsed": 3403.457258, "delta": 15.985345}}
{"target": 0.6231992, "params": {"alpha": 0.10896274209540457, "colsample_bytree": 0.8661388490186868, "lam": 0.02899042594059542, "max_depth": 4.068028921526436, "min_child_weight": 1.3650776814840495, "subsample": 0.898341538715276}, "datetime": {"datetime": "2020-04-24 18:35:03", "elapsed": 3422.035314, "delta": 18.578056}}
{"target": 0.6379376, "params": {"alpha": 0.06808948645473112, "colsample_bytree": 0.8792258118352912, "lam": 0.04651275388312648, "max_depth": 5.42512734417293, "min_child_weight": 7.981323370121305, "subsample": 0.8860576667951541}, "datetime": {"datetime": "2020-04-24 18:35:20", "elapsed": 3439.305894, "delta": 17.27058}}
{"target": 0.6394325999999999, "params": {"alpha": 0.9217604930526432, "colsample_bytree": 0.8056145185906405, "lam": 0.9699409569857483, "max_depth": 5.470938664500447, "min_child_weight": 6.944874912415623, "subsample": 0.8414585135453805}, "datetime": {"datetime": "2020-04-24 18:35:36", "elapsed": 3455.025346, "delta": 15.719452}}
{"target": 0.6440754, "params": {"alpha": 0.0004097165694829652, "colsample_bytree": 0.8773622040437705, "lam": 0.4770470500436155, "max_depth": 9.538362765480235, "min_child_weight": 8.91932732144932, "subsample": 0.8978703894472424}, "datetime": {"datetime": "2020-04-24 18:35:52", "elapsed": 3471.562604, "delta": 16.537258}}
{"target": 0.6144248, "params": {"alpha": 0.5094870483547038, "colsample_bytree": 0.8979871013438354, "lam": 0.766561691677861, "max_depth": 6.256166730743324, "min_child_weight": 6.3505392807115975, "subsample": 0.7242168125096924}, "datetime": {"datetime": "2020-04-24 18:36:07", "elapsed": 3486.296607, "delta": 14.734003}}
{"target": 0.6393294, "params": {"alpha": 0.8054110592673285, "colsample_bytree": 0.8828177903214257, "lam": 0.5383539629967098, "max_depth": 6.228097122197752, "min_child_weight": 7.311737611195067, "subsample": 0.593170155812186}, "datetime": {"datetime": "2020-04-24 18:36:27", "elapsed": 3506.508553, "delta": 20.211946}}
{"target": 0.6220562000000001, "params": {"alpha": 0.5628928725197816, "colsample_bytree": 0.8426004543769381, "lam": 0.8759225495445233, "max_depth": 6.6107281896464976, "min_child_weight": 7.82130434230038, "subsample": 0.5091804506742637}, "datetime": {"datetime": "2020-04-24 18:36:48", "elapsed": 3527.317015, "delta": 20.808462}}
{"target": 0.6319956000000001, "params": {"alpha": 0.023595009996937533, "colsample_bytree": 0.7679734087783535, "lam": 0.9448964735767544, "max_depth": 4.96558905944646, "min_child_weight": 6.104411302766092, "subsample": 0.8601248551106286}, "datetime": {"datetime": "2020-04-24 18:37:13", "elapsed": 3552.648168, "delta": 25.331153}}
{"target": 0.612137, "params": {"alpha": 0.9651811003180208, "colsample_bytree": 0.5130368882653098, "lam": 0.015619593091770634, "max_depth": 8.302487613144361, "min_child_weight": 3.798116057522787, "subsample": 0.8632947581091346}, "datetime": {"datetime": "2020-04-24 18:37:27", "elapsed": 3566.625529, "delta": 13.977361}}
{"target": 0.6383633999999999, "params": {"alpha": 0.8012664961678158, "colsample_bytree": 0.7493728897376638, "lam": 0.451252712510681, "max_depth": 7.378547835262586, "min_child_weight": 6.390563041576947, "subsample": 0.885461674257627}, "datetime": {"datetime": "2020-04-24 18:37:41", "elapsed": 3580.138911, "delta": 13.513382}}
{"target": 0.6315274, "params": {"alpha": 0.08907715238405223, "colsample_bytree": 0.7779101859889521, "lam": 0.023501030291308123, "max_depth": 4.667780416195648, "min_child_weight": 6.350035568021191, "subsample": 0.8513601274045048}, "datetime": {"datetime": "2020-04-24 18:37:57", "elapsed": 3596.073347, "delta": 15.934436}}
{"target": 0.6177116, "params": {"alpha": 0.574733688815391, "colsample_bytree": 0.8303881766149942, "lam": 0.11077225590915851, "max_depth": 5.649736468805006, "min_child_weight": 1.398064210554491, "subsample": 0.8937345822923715}, "datetime": {"datetime": "2020-04-24 18:38:13", "elapsed": 3612.089517, "delta": 16.01617}}
{"target": 0.6339522, "params": {"alpha": 0.1330116301541897, "colsample_bytree": 0.8754498456574229, "lam": 0.9545926537079025, "max_depth": 7.61178170552911, "min_child_weight": 8.755769815646625, "subsample": 0.869428402354907}, "datetime": {"datetime": "2020-04-24 18:38:30", "elapsed": 3629.64632, "delta": 17.556803}}
{"target": 0.6443642, "params": {"alpha": 0.5049404691147614, "colsample_bytree": 0.8933041193173175, "lam": 0.4720417138351073, "max_depth": 5.859425283866844, "min_child_weight": 8.959189887599091, "subsample": 0.8964888820661432}, "datetime": {"datetime": "2020-04-24 18:38:49", "elapsed": 3648.094036, "delta": 18.447716}}
{"target": 0.6124706, "params": {"alpha": 0.9923073930576858, "colsample_bytree": 0.6087530367290386, "lam": 0.04398182641941939, "max_depth": 7.753605000282398, "min_child_weight": 9.867541789865678, "subsample": 0.5153042264161444}, "datetime": {"datetime": "2020-04-24 18:39:14", "elapsed": 3673.548362, "delta": 25.454326}}
{"target": 0.5489064, "params": {"alpha": 0.0, "colsample_bytree": 0.9, "lam": 0.0, "max_depth": 10.0, "min_child_weight": 1.0000000047125723, "subsample": 0.5}, "datetime": {"datetime": "2020-04-24 18:39:30", "elapsed": 3689.135733, "delta": 15.587371}}
{"target": 0.6095957999999999, "params": {"alpha": 0.54632650175814, "colsample_bytree": 0.5266723224050677, "lam": 0.9603133758008202, "max_depth": 7.481250182092452, "min_child_weight": 7.845805786540493, "subsample": 0.8791384065288554}, "datetime": {"datetime": "2020-04-24 18:39:42", "elapsed": 3701.796272, "delta": 12.660539}}
{"target": 0.6240471999999999, "params": {"alpha": 0.5104887393618599, "colsample_bytree": 0.6264117160840317, "lam": 0.9976595740467628, "max_depth": 5.184328605870878, "min_child_weight": 8.554956625006792, "subsample": 0.884087131997291}, "datetime": {"datetime": "2020-04-24 18:40:02", "elapsed": 3721.679909, "delta": 19.883637}}
{"target": 0.6245002000000001, "params": {"alpha": 0.9912103193088597, "colsample_bytree": 0.8681924443253315, "lam": 0.010947404748909317, "max_depth": 9.66264069430707, "min_child_weight": 8.625221668654099, "subsample": 0.510713288920345}, "datetime": {"datetime": "2020-04-24 18:40:18", "elapsed": 3737.065662, "delta": 15.385753}}
{"target": 0.6448894, "params": {"alpha": 0.9350221427443886, "colsample_bytree": 0.8585617928596676, "lam": 0.4575300143436649, "max_depth": 9.957861445426559, "min_child_weight": 9.25161326100473, "subsample": 0.8880296703240773}, "datetime": {"datetime": "2020-04-24 18:40:43", "elapsed": 3762.283673, "delta": 25.218011}}
{"target": 0.6302709999999999, "params": {"alpha": 0.020012165677106952, "colsample_bytree": 0.8928374138394792, "lam": 0.6670121525444669, "max_depth": 3.663175656382714, "min_child_weight": 8.271695126222102, "subsample": 0.8726771180952557}, "datetime": {"datetime": "2020-04-24 18:41:07", "elapsed": 3786.184928, "delta": 23.901255}}
