{"target": 0.6217496, "params": {"alpha": 0.41024587350483244, "colsample_bytree": 0.6841267560712677, "lam": 0.022988874094315048, "max_depth": 6.188059441527994, "min_child_weight": 4.41792882387915, "subsample": 0.8925576913443225}, "datetime": {"datetime": "2020-04-25 19:13:01", "elapsed": 6689.590369, "delta": 23.319643}}
{"target": 0.6275262, "params": {"alpha": 0.021872990294492967, "colsample_bytree": 0.8478681688373617, "lam": 0.38197146575122753, "max_depth": 7.171328065786556, "min_child_weight": 7.703166948633432, "subsample": 0.8787398965051347}, "datetime": {"datetime": "2020-04-25 19:13:28", "elapsed": 6716.875791, "delta": 27.285422}}
{"target": 0.6274256000000001, "params": {"alpha": 0.02603120062994424, "colsample_bytree": 0.8937563250517687, "lam": 0.445552315070062, "max_depth": 5.496667830762884, "min_child_weight": 6.76159847863704, "subsample": 0.8860698373313809}, "datetime": {"datetime": "2020-04-25 19:13:51", "elapsed": 6739.371938, "delta": 22.496147}}
{"target": 0.6228292, "params": {"alpha": 0.0022573197838904324, "colsample_bytree": 0.5931961198284208, "lam": 0.6378088778235135, "max_depth": 8.023882210913357, "min_child_weight": 9.106578044292252, "subsample": 0.8762065602417226}, "datetime": {"datetime": "2020-04-25 19:14:22", "elapsed": 6770.964826, "delta": 31.592888}}
{"target": 0.6211334, "params": {"alpha": 0.24381100729522198, "colsample_bytree": 0.8757453522768481, "lam": 0.006552922724798571, "max_depth": 6.724346339922618, "min_child_weight": 5.603002128460142, "subsample": 0.5205022231334677}, "datetime": {"datetime": "2020-04-25 19:14:48", "elapsed": 6796.983568, "delta": 26.018742}}
{"target": 0.633095, "params": {"alpha": 0.6790442849828761, "colsample_bytree": 0.8892986662697973, "lam": 0.023907450109302508, "max_depth": 5.611301189776264, "min_child_weight": 7.919578092904009, "subsample": 0.8716644103925761}, "datetime": {"datetime": "2020-04-25 19:15:16", "elapsed": 6825.041448, "delta": 28.05788}}
{"target": 0.632787, "params": {"alpha": 0.8853223339993155, "colsample_bytree": 0.864546531085828, "lam": 0.14050896447280048, "max_depth": 7.5088075971692865, "min_child_weight": 9.973722264639596, "subsample": 0.5244325274817483}, "datetime": {"datetime": "2020-04-25 19:15:49", "elapsed": 6857.757891, "delta": 32.716443}}
{"target": 0.64231, "params": {"alpha": 0.13942446688483956, "colsample_bytree": 0.8887261125197481, "lam": 0.9921873902642471, "max_depth": 6.293920475160476, "min_child_weight": 6.031222414571643, "subsample": 0.8402525480257572}, "datetime": {"datetime": "2020-04-25 19:16:18", "elapsed": 6886.220722, "delta": 28.462831}}
{"target": 0.6474597999999999, "params": {"alpha": 0.9292898385388026, "colsample_bytree": 0.8695907923747765, "lam": 0.08085121588231936, "max_depth": 5.134193376407715, "min_child_weight": 4.582982487939219, "subsample": 0.8924030628968158}, "datetime": {"datetime": "2020-04-25 19:16:43", "elapsed": 6911.361802, "delta": 25.14108}}
{"target": 0.6411363999999999, "params": {"alpha": 0.015829063876051208, "colsample_bytree": 0.8561765989947301, "lam": 0.8147005596268858, "max_depth": 9.738568356106164, "min_child_weight": 9.692162796394271, "subsample": 0.880993630985679}, "datetime": {"datetime": "2020-04-25 19:17:19", "elapsed": 6947.669222, "delta": 36.30742}}
{"target": 0.6239196, "params": {"alpha": 0.0068322814380761265, "colsample_bytree": 0.8973163218084652, "lam": 0.25365546837590003, "max_depth": 7.314358060436845, "min_child_weight": 4.140719496942812, "subsample": 0.5577450407021979}, "datetime": {"datetime": "2020-04-25 19:17:40", "elapsed": 6968.564659, "delta": 20.895437}}
{"target": 0.6347406, "params": {"alpha": 0.029162932939181374, "colsample_bytree": 0.8533032666543969, "lam": 0.6216102782332581, "max_depth": 7.325829400394273, "min_child_weight": 8.75100042629963, "subsample": 0.8959000202592212}, "datetime": {"datetime": "2020-04-25 19:18:11", "elapsed": 6999.697761, "delta": 31.133102}}
{"target": 0.616665, "params": {"alpha": 0.13406024030881636, "colsample_bytree": 0.8949585172965386, "lam": 0.4633307629715261, "max_depth": 8.469819104712464, "min_child_weight": 2.9655308155713644, "subsample": 0.874503590944981}, "datetime": {"datetime": "2020-04-25 19:18:40", "elapsed": 7028.716622, "delta": 29.018861}}
{"target": 0.6307262, "params": {"alpha": 0.9999999997500648, "colsample_bytree": 0.8999999999837515, "lam": 0.9999999999880246, "max_depth": 8.021382209298716, "min_child_weight": 6.229133035249594, "subsample": 0.8999999999068012}, "datetime": {"datetime": "2020-04-25 19:19:05", "elapsed": 7053.533616, "delta": 24.816994}}
{"target": 0.6364378, "params": {"alpha": 0.022892747085082266, "colsample_bytree": 0.7761462641375965, "lam": 0.19246288805615375, "max_depth": 6.743425152123952, "min_child_weight": 9.370515185347587, "subsample": 0.7711363841963925}, "datetime": {"datetime": "2020-04-25 19:19:32", "elapsed": 7080.463853, "delta": 26.930237}}
{"target": 0.6233596, "params": {"alpha": 0.9422229282738607, "colsample_bytree": 0.8825133430855412, "lam": 0.9805231921280435, "max_depth": 3.5583988503712085, "min_child_weight": 1.7002235232441694, "subsample": 0.5632835467410685}, "datetime": {"datetime": "2020-04-25 19:20:07", "elapsed": 7115.250537, "delta": 34.786684}}
{"target": 0.6245350000000001, "params": {"alpha": 0.9896811002785112, "colsample_bytree": 0.6341944657555139, "lam": 0.8969970087655702, "max_depth": 5.138764456437017, "min_child_weight": 5.251076841228095, "subsample": 0.8716688823244575}, "datetime": {"datetime": "2020-04-25 19:20:35", "elapsed": 7143.623071, "delta": 28.372534}}
{"target": 0.6114400000000001, "params": {"alpha": 0.4017739441686087, "colsample_bytree": 0.8921189508908873, "lam": 0.9786018394578518, "max_depth": 9.306460979135293, "min_child_weight": 2.397392257047103, "subsample": 0.5102677144153726}, "datetime": {"datetime": "2020-04-25 19:21:01", "elapsed": 7169.294244, "delta": 25.671173}}
{"target": 0.6153458, "params": {"alpha": 0.005144271663458798, "colsample_bytree": 0.8999999992745279, "lam": 0.999999884637859, "max_depth": 9.999999962885648, "min_child_weight": 5.272440932724766, "subsample": 0.5535219265052134}, "datetime": {"datetime": "2020-04-25 19:21:35", "elapsed": 7203.725897, "delta": 34.431653}}
{"target": 0.6282020000000001, "params": {"alpha": 0.021842549706210468, "colsample_bytree": 0.8512111195394805, "lam": 0.8334541850284743, "max_depth": 9.210667240731645, "min_child_weight": 4.441728927222792, "subsample": 0.5014378431498405}, "datetime": {"datetime": "2020-04-25 19:21:58", "elapsed": 7226.484239, "delta": 22.758342}}
{"target": 0.6358086, "params": {"alpha": 0.5048467747440271, "colsample_bytree": 0.870943048890811, "lam": 0.06115075982750606, "max_depth": 9.98817791747976, "min_child_weight": 7.870698267697751, "subsample": 0.5551614433447767}, "datetime": {"datetime": "2020-04-25 19:22:27", "elapsed": 7255.64228, "delta": 29.158041}}
{"target": 0.6287842, "params": {"alpha": 0.441451312607156, "colsample_bytree": 0.6645985464893108, "lam": 0.31777219785285216, "max_depth": 4.455505380685098, "min_child_weight": 5.079639208285064, "subsample": 0.8917525541183715}, "datetime": {"datetime": "2020-04-25 19:22:55", "elapsed": 7283.422759, "delta": 27.780479}}
{"target": 0.6308609999999999, "params": {"alpha": 0.9411059850878443, "colsample_bytree": 0.8575413436733532, "lam": 0.9683025033619687, "max_depth": 7.1655130513002865, "min_child_weight": 3.842978415663289, "subsample": 0.5223333005479727}, "datetime": {"datetime": "2020-04-25 19:23:28", "elapsed": 7316.925524, "delta": 33.502765}}
{"target": 0.6253558, "params": {"alpha": 0.45464775329663887, "colsample_bytree": 0.835369456691035, "lam": 0.12054071579328429, "max_depth": 8.835421239802153, "min_child_weight": 9.080449305044395, "subsample": 0.8718180281243941}, "datetime": {"datetime": "2020-04-25 19:23:53", "elapsed": 7341.795274, "delta": 24.86975}}
{"target": 0.6285692, "params": {"alpha": 0.0008302389373343599, "colsample_bytree": 0.7361799444393989, "lam": 0.9963811962693226, "max_depth": 4.221828592044506, "min_child_weight": 6.758278331671976, "subsample": 0.8502965351391769}, "datetime": {"datetime": "2020-04-25 19:24:35", "elapsed": 7383.50402, "delta": 41.708746}}
{"target": 0.6329296, "params": {"alpha": 0.0973269872901742, "colsample_bytree": 0.8419878596479617, "lam": 0.03532705622968535, "max_depth": 9.61519658626166, "min_child_weight": 9.563680525741237, "subsample": 0.8916875710089947}, "datetime": {"datetime": "2020-04-25 19:25:10", "elapsed": 7419.120653, "delta": 35.616633}}
{"target": 0.607707, "params": {"alpha": 0.9711646509541436, "colsample_bytree": 0.8797409538083589, "lam": 0.9553169519988521, "max_depth": 5.851710249382921, "min_child_weight": 2.315914992012857, "subsample": 0.5282248904327933}, "datetime": {"datetime": "2020-04-25 19:25:40", "elapsed": 7448.942588, "delta": 29.821935}}
{"target": 0.6185651999999999, "params": {"alpha": 0.9630920159296043, "colsample_bytree": 0.7961307472697607, "lam": 0.9172445728247862, "max_depth": 5.056437256511371, "min_child_weight": 5.9389282379930455, "subsample": 0.5244787241056303}, "datetime": {"datetime": "2020-04-25 19:26:10", "elapsed": 7478.408256, "delta": 29.465668}}
{"target": 0.6351844, "params": {"alpha": 0.9745480042516395, "colsample_bytree": 0.843271159341858, "lam": 0.023690849186711938, "max_depth": 8.256849994599946, "min_child_weight": 9.024012536302195, "subsample": 0.8247927286771222}, "datetime": {"datetime": "2020-04-25 19:26:45", "elapsed": 7513.697411, "delta": 35.289155}}
{"target": 0.6243947999999999, "params": {"alpha": 0.9280829762909044, "colsample_bytree": 0.8334430468110614, "lam": 0.15588029601124687, "max_depth": 3.594882278517358, "min_child_weight": 4.040467041933008, "subsample": 0.881964959682548}, "datetime": {"datetime": "2020-04-25 19:27:08", "elapsed": 7537.060533, "delta": 23.363122}}
{"target": 0.6421668, "params": {"alpha": 0.9606133464896811, "colsample_bytree": 0.7869805318149451, "lam": 0.4101121614568185, "max_depth": 4.565656017854197, "min_child_weight": 4.78812350760786, "subsample": 0.8815475309201588}, "datetime": {"datetime": "2020-04-25 19:27:35", "elapsed": 7563.303757, "delta": 26.243224}}
{"target": 0.6319864, "params": {"alpha": 0.9888701035846076, "colsample_bytree": 0.6615899379518679, "lam": 0.9691028412881987, "max_depth": 9.617933804980286, "min_child_weight": 8.592162410491214, "subsample": 0.8751280019628814}, "datetime": {"datetime": "2020-04-25 19:28:07", "elapsed": 7595.790548, "delta": 32.486791}}
{"target": 0.6360308, "params": {"alpha": 0.02893993296671915, "colsample_bytree": 0.8096903413673753, "lam": 0.012847009270005705, "max_depth": 4.873379144062529, "min_child_weight": 8.225627042521966, "subsample": 0.8825885103915123}, "datetime": {"datetime": "2020-04-25 19:28:32", "elapsed": 7620.625787, "delta": 24.835239}}
{"target": 0.6402521999999999, "params": {"alpha": 0.04503942084693502, "colsample_bytree": 0.899751720157945, "lam": 0.3285859941106135, "max_depth": 8.481739997462979, "min_child_weight": 8.056736375101414, "subsample": 0.8594158129939516}, "datetime": {"datetime": "2020-04-25 19:29:10", "elapsed": 7659.142966, "delta": 38.517179}}
{"target": 0.6327772, "params": {"alpha": 0.26541230415877215, "colsample_bytree": 0.7614215654676996, "lam": 0.21178783877214868, "max_depth": 9.889935053454405, "min_child_weight": 7.415795098459292, "subsample": 0.8899382291613982}, "datetime": {"datetime": "2020-04-25 19:29:45", "elapsed": 7693.39292, "delta": 34.249954}}
{"target": 0.6090658, "params": {"alpha": 0.11544624106131274, "colsample_bytree": 0.8777833729665315, "lam": 0.09825775245872381, "max_depth": 3.731481572766048, "min_child_weight": 2.7098521001833267, "subsample": 0.5578550366389756}, "datetime": {"datetime": "2020-04-25 19:30:18", "elapsed": 7726.307207, "delta": 32.914287}}
{"target": 0.6218408, "params": {"alpha": 0.9790161652384082, "colsample_bytree": 0.7541710347248055, "lam": 0.5691015376372034, "max_depth": 4.804678416775167, "min_child_weight": 5.269904545756633, "subsample": 0.7397827685959928}, "datetime": {"datetime": "2020-04-25 19:30:48", "elapsed": 7756.968156, "delta": 30.660949}}
{"target": 0.6249038, "params": {"alpha": 0.5365281061064892, "colsample_bytree": 0.71614400015969, "lam": 0.7446459347296381, "max_depth": 4.896627011618943, "min_child_weight": 4.843459457975289, "subsample": 0.765958159010419}, "datetime": {"datetime": "2020-04-25 19:31:19", "elapsed": 7787.370567, "delta": 30.402411}}
{"target": 0.5919209999999999, "params": {"alpha": 0.0, "colsample_bytree": 0.8999999999601873, "lam": 0.0, "max_depth": 3.0, "min_child_weight": 1.6196386765234163, "subsample": 0.5000000004889512}, "datetime": {"datetime": "2020-04-25 19:31:48", "elapsed": 7816.796129, "delta": 29.425562}}
{"target": 0.6302652, "params": {"alpha": 0.962495693758663, "colsample_bytree": 0.8824153730959082, "lam": 0.9816201446210412, "max_depth": 5.0287960262048, "min_child_weight": 7.801720237992722, "subsample": 0.6246351271341453}, "datetime": {"datetime": "2020-04-25 19:32:14", "elapsed": 7842.950841, "delta": 26.154712}}
{"target": 0.6377463999999999, "params": {"alpha": 0.8170429080547976, "colsample_bytree": 0.8741095678838642, "lam": 0.5843634530602457, "max_depth": 4.647524015624746, "min_child_weight": 6.026209066111929, "subsample": 0.8745519865362568}, "datetime": {"datetime": "2020-04-25 19:32:45", "elapsed": 7873.368919, "delta": 30.418078}}
{"target": 0.6371738, "params": {"alpha": 0.7203797499438006, "colsample_bytree": 0.8817582344494518, "lam": 0.006127447774744943, "max_depth": 4.782622889437949, "min_child_weight": 3.309259981730062, "subsample": 0.8753068225958685}, "datetime": {"datetime": "2020-04-25 19:33:20", "elapsed": 7909.109706, "delta": 35.740787}}
{"target": 0.635951, "params": {"alpha": 0.9573277474171197, "colsample_bytree": 0.7821662144717136, "lam": 0.3969830556250298, "max_depth": 4.986971595485617, "min_child_weight": 4.597890820516761, "subsample": 0.898036538449664}, "datetime": {"datetime": "2020-04-25 19:33:50", "elapsed": 7938.526412, "delta": 29.416706}}
{"target": 0.6261584, "params": {"alpha": 0.024566591780407543, "colsample_bytree": 0.7418097095980429, "lam": 0.4849685955028218, "max_depth": 8.571255910904966, "min_child_weight": 8.36641300941296, "subsample": 0.896742446959273}, "datetime": {"datetime": "2020-04-25 19:34:25", "elapsed": 7973.420206, "delta": 34.893794}}
{"target": 0.6214552, "params": {"alpha": 0.9336352382816411, "colsample_bytree": 0.8809710753333311, "lam": 0.6747936201446934, "max_depth": 3.891154951526726, "min_child_weight": 4.6906694660267725, "subsample": 0.8721517499436398}, "datetime": {"datetime": "2020-04-25 19:34:52", "elapsed": 8001.194392, "delta": 27.774186}}
{"target": 0.6365486, "params": {"alpha": 0.02655854972836469, "colsample_bytree": 0.862423507936917, "lam": 0.934853573621505, "max_depth": 7.00252835726029, "min_child_weight": 6.23396267708425, "subsample": 0.8528044128090881}, "datetime": {"datetime": "2020-04-25 19:35:33", "elapsed": 8041.56321, "delta": 40.368818}}
{"target": 0.604202, "params": {"alpha": 8.381040439168943e-09, "colsample_bytree": 0.9, "lam": 0.9999999992656792, "max_depth": 3.000000027578234, "min_child_weight": 8.378898795463115, "subsample": 0.8999999995077527}, "datetime": {"datetime": "2020-04-25 19:35:59", "elapsed": 8067.495952, "delta": 25.932742}}
{"target": 0.6330204, "params": {"alpha": 1.0, "colsample_bytree": 0.8999999999954498, "lam": 0.9999999999970868, "max_depth": 9.999999999801663, "min_child_weight": 6.567999181624558, "subsample": 0.8999999999809015}, "datetime": {"datetime": "2020-04-25 19:36:30", "elapsed": 8099.109121, "delta": 31.613169}}
{"target": 0.5977238, "params": {"alpha": 0.8989142506700181, "colsample_bytree": 0.8516245352428735, "lam": 0.00811514278654002, "max_depth": 3.2101223710662117, "min_child_weight": 6.360995062603362, "subsample": 0.8532382835604166}, "datetime": {"datetime": "2020-04-25 19:36:59", "elapsed": 8127.938909, "delta": 28.829788}}
{"target": 0.6346952, "params": {"alpha": 0.7137443919773863, "colsample_bytree": 0.8947746841982969, "lam": 0.6467798610148645, "max_depth": 5.194495610749985, "min_child_weight": 2.1075628326398355, "subsample": 0.8985668470703365}, "datetime": {"datetime": "2020-04-25 19:37:32", "elapsed": 8160.533459, "delta": 32.59455}}
{"target": 0.6180304, "params": {"alpha": 0.0, "colsample_bytree": 0.8999999992799651, "lam": 0.0, "max_depth": 5.286506783082619, "min_child_weight": 1.8105644163016823, "subsample": 0.500440853746078}, "datetime": {"datetime": "2020-04-25 19:38:02", "elapsed": 8190.693606, "delta": 30.160147}}
{"target": 0.5592864000000001, "params": {"alpha": 0.9872071781163055, "colsample_bytree": 0.5074344862379006, "lam": 0.9038417360116626, "max_depth": 3.012727918289692, "min_child_weight": 4.512822606815019, "subsample": 0.889483997747018}, "datetime": {"datetime": "2020-04-25 19:38:30", "elapsed": 8218.744172, "delta": 28.050566}}
{"target": 0.616729, "params": {"alpha": 0.0, "colsample_bytree": 0.9, "lam": 0.9999999988878265, "max_depth": 9.999999995108054, "min_child_weight": 1.448684895431013, "subsample": 0.5}, "datetime": {"datetime": "2020-04-25 19:39:00", "elapsed": 8249.075027, "delta": 30.330855}}
