{"target": 0.6180582, "params": {"alpha": 0.9679601691170643, "colsample_bytree": 0.8807874652619938, "lam": 0.45195765336312266, "max_depth": 3.9264862703258334, "min_child_weight": 7.251040846528346, "subsample": 0.635150746250698}, "datetime": {"datetime": "2020-04-24 19:34:19", "elapsed": 6978.864829, "delta": 23.553935}}
{"target": 0.6281074, "params": {"alpha": 0.901070740253021, "colsample_bytree": 0.883616086715591, "lam": 0.6158314625148413, "max_depth": 9.161818299212442, "min_child_weight": 8.229796218810169, "subsample": 0.5171040515431377}, "datetime": {"datetime": "2020-04-24 19:34:48", "elapsed": 7007.255035, "delta": 28.390206}}
{"target": 0.6202378000000001, "params": {"alpha": 0.9880788464527439, "colsample_bytree": 0.8695981370261001, "lam": 0.025520744450813204, "max_depth": 3.948884495809341, "min_child_weight": 8.279063814066086, "subsample": 0.5482697576717146}, "datetime": {"datetime": "2020-04-24 19:35:12", "elapsed": 7031.186568, "delta": 23.931533}}
{"target": 0.606864, "params": {"alpha": 1.0, "colsample_bytree": 0.8999999989669492, "lam": 1.0, "max_depth": 3.0, "min_child_weight": 9.06001707937821, "subsample": 0.9}, "datetime": {"datetime": "2020-04-24 19:35:35", "elapsed": 7054.648409, "delta": 23.461841}}
{"target": 0.6189056000000001, "params": {"alpha": 0.8589985946174598, "colsample_bytree": 0.5382870493224506, "lam": 0.037422311593603985, "max_depth": 9.262020521623256, "min_child_weight": 7.954199991643522, "subsample": 0.8421109745861504}, "datetime": {"datetime": "2020-04-24 19:35:57", "elapsed": 7076.747138, "delta": 22.098729}}
{"target": 0.6117144000000001, "params": {"alpha": 0.0794590654887225, "colsample_bytree": 0.8881045820336178, "lam": 0.24893088223227788, "max_depth": 7.2851410890750685, "min_child_weight": 1.033764605076977, "subsample": 0.899404369134126}, "datetime": {"datetime": "2020-04-24 19:36:30", "elapsed": 7109.072244, "delta": 32.325106}}
{"target": 0.6304448, "params": {"alpha": 0.9783749872495787, "colsample_bytree": 0.8254451218829915, "lam": 0.019864508051171126, "max_depth": 6.7104769969664515, "min_child_weight": 5.050761657055075, "subsample": 0.8947057219794234}, "datetime": {"datetime": "2020-04-24 19:37:01", "elapsed": 7140.192883, "delta": 31.120639}}
{"target": 0.6217005999999999, "params": {"alpha": 0.006043446764887994, "colsample_bytree": 0.8087291726931951, "lam": 0.002227173577241892, "max_depth": 6.056873335310073, "min_child_weight": 6.738592178450096, "subsample": 0.5153158724866516}, "datetime": {"datetime": "2020-04-24 19:37:31", "elapsed": 7170.464732, "delta": 30.271849}}
{"target": 0.616753, "params": {"alpha": 0.5153652631274604, "colsample_bytree": 0.8800521545191042, "lam": 0.02905985043026038, "max_depth": 6.184501858982758, "min_child_weight": 2.5264270951901855, "subsample": 0.5527013665130591}, "datetime": {"datetime": "2020-04-24 19:38:05", "elapsed": 7204.730247, "delta": 34.265515}}
{"target": 0.6399408, "params": {"alpha": 0.023854345063146876, "colsample_bytree": 0.849116611474124, "lam": 0.05970718580031664, "max_depth": 9.641911334662566, "min_child_weight": 9.918466117419213, "subsample": 0.7897034592071159}, "datetime": {"datetime": "2020-04-24 19:38:35", "elapsed": 7234.359824, "delta": 29.629577}}
{"target": 0.6271890000000001, "params": {"alpha": 0.9838572176865769, "colsample_bytree": 0.7206501350642792, "lam": 0.020320739799361442, "max_depth": 5.492930751243046, "min_child_weight": 4.683681993996013, "subsample": 0.8044513709531536}, "datetime": {"datetime": "2020-04-24 19:39:07", "elapsed": 7265.947619, "delta": 31.587795}}
{"target": 0.6170316, "params": {"alpha": 0.9765488509978753, "colsample_bytree": 0.8663407196524207, "lam": 0.005608983895425967, "max_depth": 3.7441624719745685, "min_child_weight": 9.32208833384349, "subsample": 0.5018325781823427}, "datetime": {"datetime": "2020-04-24 19:39:39", "elapsed": 7298.200354, "delta": 32.252735}}
{"target": 0.6159072, "params": {"alpha": 0.03497584577186075, "colsample_bytree": 0.8966886741802134, "lam": 0.3066273483539317, "max_depth": 9.108016497188448, "min_child_weight": 7.191244923922024, "subsample": 0.5184763040048431}, "datetime": {"datetime": "2020-04-24 19:40:01", "elapsed": 7320.57996, "delta": 22.379606}}
{"target": 0.6242281999999999, "params": {"alpha": 0.062416983337811094, "colsample_bytree": 0.8883408875558929, "lam": 0.3963240098492662, "max_depth": 3.77654428074588, "min_child_weight": 7.640171872027976, "subsample": 0.6288727932188877}, "datetime": {"datetime": "2020-04-24 19:40:38", "elapsed": 7357.440022, "delta": 36.860062}}
{"target": 0.6265256, "params": {"alpha": 8.857430087572713e-10, "colsample_bytree": 0.8999999895099388, "lam": 0.9999999801717488, "max_depth": 9.984739441087406, "min_child_weight": 5.521766690241742, "subsample": 0.5}, "datetime": {"datetime": "2020-04-24 19:41:08", "elapsed": 7386.957205, "delta": 29.517183}}
{"target": 0.6126275999999999, "params": {"alpha": 1.0, "colsample_bytree": 0.9, "lam": 1.0, "max_depth": 10.0, "min_child_weight": 2.755871248730175, "subsample": 0.8991824876895711}, "datetime": {"datetime": "2020-04-24 19:41:34", "elapsed": 7412.894038, "delta": 25.936833}}
{"target": 0.630595, "params": {"alpha": 0.02706584408187762, "colsample_bytree": 0.823374851158158, "lam": 0.3260530730090573, "max_depth": 4.602963572309282, "min_child_weight": 9.257875591969178, "subsample": 0.6097720129339851}, "datetime": {"datetime": "2020-04-24 19:42:02", "elapsed": 7441.534001, "delta": 28.639963}}
{"target": 0.6298656, "params": {"alpha": 0.9981996435452665, "colsample_bytree": 0.8825049598252186, "lam": 0.5052930834423562, "max_depth": 6.001222378394501, "min_child_weight": 4.894619083906793, "subsample": 0.8863828024025104}, "datetime": {"datetime": "2020-04-24 19:42:39", "elapsed": 7478.814435, "delta": 37.280434}}
{"target": 0.6137341999999999, "params": {"alpha": 0.18283804529142755, "colsample_bytree": 0.8949820038379599, "lam": 0.023333243931646264, "max_depth": 6.388949868033542, "min_child_weight": 4.620832365512161, "subsample": 0.5808977108426393}, "datetime": {"datetime": "2020-04-24 19:43:07", "elapsed": 7506.608385, "delta": 27.79395}}
{"target": 0.6295097999999999, "params": {"alpha": 0.9347559501883999, "colsample_bytree": 0.8942049295489344, "lam": 0.047116247671627476, "max_depth": 5.376397555956272, "min_child_weight": 4.964875607909247, "subsample": 0.8766241622551636}, "datetime": {"datetime": "2020-04-24 19:43:40", "elapsed": 7539.474606, "delta": 32.866221}}
{"target": 0.6351306, "params": {"alpha": 0.9891549438326233, "colsample_bytree": 0.8766493322576275, "lam": 0.013323721782441567, "max_depth": 4.6263338604044355, "min_child_weight": 8.23572687360885, "subsample": 0.8531412705233037}, "datetime": {"datetime": "2020-04-24 19:44:07", "elapsed": 7566.756125, "delta": 27.281519}}
{"target": 0.6129618, "params": {"alpha": 0.9785834273095977, "colsample_bytree": 0.6248707277287338, "lam": 0.9853916033622756, "max_depth": 4.838889383225885, "min_child_weight": 5.487961283399605, "subsample": 0.7939857395801292}, "datetime": {"datetime": "2020-04-24 19:44:33", "elapsed": 7591.968573, "delta": 25.212448}}
{"target": 0.617248, "params": {"alpha": 0.4638359896059234, "colsample_bytree": 0.895078993105342, "lam": 0.9859932005478986, "max_depth": 9.984661819513565, "min_child_weight": 6.796139062809008, "subsample": 0.5433799269125567}, "datetime": {"datetime": "2020-04-24 19:45:00", "elapsed": 7619.053939, "delta": 27.085366}}
{"target": 0.6235554, "params": {"alpha": 0.7565864523891197, "colsample_bytree": 0.8608857514213821, "lam": 0.9981079675132335, "max_depth": 8.732577230983186, "min_child_weight": 3.8053705714898465, "subsample": 0.8840629026551765}, "datetime": {"datetime": "2020-04-24 19:45:25", "elapsed": 7644.591789, "delta": 25.53785}}
{"target": 0.616315, "params": {"alpha": 0.15297314256678984, "colsample_bytree": 0.8956238033223431, "lam": 0.9969307182537379, "max_depth": 9.002151952591564, "min_child_weight": 4.000178696687886, "subsample": 0.5126334775741767}, "datetime": {"datetime": "2020-04-24 19:45:55", "elapsed": 7674.374749, "delta": 29.78296}}
{"target": 0.607288, "params": {"alpha": 0.0, "colsample_bytree": 0.9, "lam": 4.889375771886111e-08, "max_depth": 3.0000000980185484, "min_child_weight": 2.660280760358465, "subsample": 0.9}, "datetime": {"datetime": "2020-04-24 19:46:22", "elapsed": 7701.171853, "delta": 26.797104}}
{"target": 0.6312608000000001, "params": {"alpha": 0.8990083835510241, "colsample_bytree": 0.8962685421255016, "lam": 0.5931211656167075, "max_depth": 5.812718268166501, "min_child_weight": 9.561045500829358, "subsample": 0.8992459957644923}, "datetime": {"datetime": "2020-04-24 19:46:46", "elapsed": 7725.743789, "delta": 24.571936}}
{"target": 0.640023, "params": {"alpha": 0.9613860662135872, "colsample_bytree": 0.8849439755563128, "lam": 0.9416404029683619, "max_depth": 9.470481377055968, "min_child_weight": 6.704451138101646, "subsample": 0.8177599460419267}, "datetime": {"datetime": "2020-04-24 19:47:30", "elapsed": 7769.807299, "delta": 44.06351}}
{"target": 0.5916182, "params": {"alpha": 0.0, "colsample_bytree": 0.5000000478130335, "lam": 0.0, "max_depth": 9.999999999999906, "min_child_weight": 6.628304632518656, "subsample": 0.8999999766020119}, "datetime": {"datetime": "2020-04-24 19:48:02", "elapsed": 7801.595911, "delta": 31.788612}}
{"target": 0.6017127999999999, "params": {"alpha": 0.19314501301337084, "colsample_bytree": 0.5642665166749135, "lam": 0.9475055866700379, "max_depth": 5.2257039022370275, "min_child_weight": 4.282573409762975, "subsample": 0.8813516986515952}, "datetime": {"datetime": "2020-04-24 19:48:27", "elapsed": 7826.054497, "delta": 24.458586}}
{"target": 0.5738348, "params": {"alpha": 0.9999999760411681, "colsample_bytree": 0.5, "lam": 1.0766096087485117e-08, "max_depth": 9.999999999571553, "min_child_weight": 4.474903817210876, "subsample": 0.899999994658683}, "datetime": {"datetime": "2020-04-24 19:48:55", "elapsed": 7854.4016, "delta": 28.347103}}
{"target": 0.613499, "params": {"alpha": 0.6153834976613872, "colsample_bytree": 0.8670568827151669, "lam": 0.24514920266345974, "max_depth": 9.843455839134714, "min_child_weight": 4.937279537605193, "subsample": 0.6342180702630505}, "datetime": {"datetime": "2020-04-24 19:49:28", "elapsed": 7887.636431, "delta": 33.234831}}
{"target": 0.6205492, "params": {"alpha": 0.8731076216163322, "colsample_bytree": 0.8429306575605859, "lam": 0.726196769461736, "max_depth": 4.9538078726700885, "min_child_weight": 4.841163081442423, "subsample": 0.6690601737963561}, "datetime": {"datetime": "2020-04-24 19:50:02", "elapsed": 7921.784392, "delta": 34.147961}}
{"target": 0.622854, "params": {"alpha": 0.9200410336150388, "colsample_bytree": 0.7688121487207282, "lam": 0.8581305924307786, "max_depth": 9.471418874829801, "min_child_weight": 7.2472612246100105, "subsample": 0.5009479132113653}, "datetime": {"datetime": "2020-04-24 19:50:29", "elapsed": 7948.301159, "delta": 26.516767}}
{"target": 0.6187886, "params": {"alpha": 0.6411412915085037, "colsample_bytree": 0.8598227014870564, "lam": 0.9911504848286112, "max_depth": 9.744419003291465, "min_child_weight": 4.922967293712665, "subsample": 0.8341110108024409}, "datetime": {"datetime": "2020-04-24 19:50:53", "elapsed": 7972.320279, "delta": 24.01912}}
{"target": 0.6295854000000001, "params": {"alpha": 0.92550482535129, "colsample_bytree": 0.8731370948606588, "lam": 0.37311125304342774, "max_depth": 8.879684151966249, "min_child_weight": 4.541315402467168, "subsample": 0.8991988581934836}, "datetime": {"datetime": "2020-04-24 19:51:22", "elapsed": 8001.277401, "delta": 28.957122}}
{"target": 0.6321597999999999, "params": {"alpha": 0.964676488050348, "colsample_bytree": 0.8768353723241249, "lam": 0.9401156132778858, "max_depth": 5.284761188231922, "min_child_weight": 4.115801276075242, "subsample": 0.8871300262048438}, "datetime": {"datetime": "2020-04-24 19:51:55", "elapsed": 8033.910602, "delta": 32.633201}}
{"target": 0.6207748000000001, "params": {"alpha": 1.0, "colsample_bytree": 0.8999999999999999, "lam": 1.0, "max_depth": 9.999999999999998, "min_child_weight": 1.0, "subsample": 0.5000000023001604}, "datetime": {"datetime": "2020-04-24 19:52:40", "elapsed": 8079.855736, "delta": 45.945134}}
{"target": 0.6247971999999999, "params": {"alpha": 0.3250911945220585, "colsample_bytree": 0.8941655021010659, "lam": 0.7750911760950641, "max_depth": 9.336097255392048, "min_child_weight": 6.177570368146809, "subsample": 0.8949822323619447}, "datetime": {"datetime": "2020-04-24 19:53:10", "elapsed": 8108.924615, "delta": 29.068879}}
{"target": 0.5963868, "params": {"alpha": 0.9449392383457784, "colsample_bytree": 0.6990417977631732, "lam": 0.9049476016645157, "max_depth": 9.594728748195276, "min_child_weight": 2.590551396910223, "subsample": 0.5018549901453944}, "datetime": {"datetime": "2020-04-24 19:53:45", "elapsed": 8144.243935, "delta": 35.31932}}
{"target": 0.637027, "params": {"alpha": 0.006549453579926867, "colsample_bytree": 0.8392246042639879, "lam": 0.12354316821346167, "max_depth": 4.502945668726208, "min_child_weight": 3.973297543561424, "subsample": 0.8915712565421041}, "datetime": {"datetime": "2020-04-24 19:54:13", "elapsed": 8172.670032, "delta": 28.426097}}
{"target": 0.6243048, "params": {"alpha": 0.02709271121574519, "colsample_bytree": 0.8569818243498772, "lam": 0.0074519456427989406, "max_depth": 3.5494901148482088, "min_child_weight": 2.0155263434877453, "subsample": 0.7684405813325723}, "datetime": {"datetime": "2020-04-24 19:54:42", "elapsed": 8200.959844, "delta": 28.289812}}
{"target": 0.6059432, "params": {"alpha": 0.43218874656225115, "colsample_bytree": 0.9, "lam": 0.0, "max_depth": 8.35102158715789, "min_child_weight": 1.0000000110609746, "subsample": 0.9}, "datetime": {"datetime": "2020-04-24 19:55:13", "elapsed": 8232.778763, "delta": 31.818919}}
{"target": 0.6171792, "params": {"alpha": 0.037135455565673325, "colsample_bytree": 0.628268131259596, "lam": 0.05743672439197045, "max_depth": 3.669629848466956, "min_child_weight": 3.3890875438655, "subsample": 0.505685687497542}, "datetime": {"datetime": "2020-04-24 19:55:38", "elapsed": 8257.214632, "delta": 24.435869}}
{"target": 0.6234398000000001, "params": {"alpha": 0.9998774013845751, "colsample_bytree": 0.8639039450307571, "lam": 0.09298562827797596, "max_depth": 9.574741797856277, "min_child_weight": 5.516799746327888, "subsample": 0.8224405038156315}, "datetime": {"datetime": "2020-04-24 19:56:06", "elapsed": 8285.777101, "delta": 28.562469}}
{"target": 0.6243918, "params": {"alpha": 0.2648494607758042, "colsample_bytree": 0.8498777980974905, "lam": 0.9662845844464576, "max_depth": 4.455393926771346, "min_child_weight": 9.87747149240233, "subsample": 0.8969780555559941}, "datetime": {"datetime": "2020-04-24 19:56:32", "elapsed": 8311.348558, "delta": 25.571457}}
{"target": 0.642102, "params": {"alpha": 0.025015186334947925, "colsample_bytree": 0.8848171376936322, "lam": 0.7186648531149388, "max_depth": 4.981564265791983, "min_child_weight": 3.6893926182250327, "subsample": 0.8829154962793275}, "datetime": {"datetime": "2020-04-24 19:57:04", "elapsed": 8343.481784, "delta": 32.133226}}
{"target": 0.6298935999999999, "params": {"alpha": 0.03972658463913814, "colsample_bytree": 0.8201558558107056, "lam": 0.9780253994947282, "max_depth": 5.305486726713067, "min_child_weight": 5.315558397628807, "subsample": 0.8953038358513254}, "datetime": {"datetime": "2020-04-24 19:57:38", "elapsed": 8377.492526, "delta": 34.010742}}
{"target": 0.630729, "params": {"alpha": 0.5094933065405215, "colsample_bytree": 0.8992862476229182, "lam": 0.49963693360161165, "max_depth": 7.986439207019306, "min_child_weight": 8.358251179816984, "subsample": 0.6759276496618082}, "datetime": {"datetime": "2020-04-24 19:58:17", "elapsed": 8416.212442, "delta": 38.719916}}
{"target": 0.5948017999999999, "params": {"alpha": 0.002408171518752611, "colsample_bytree": 0.8944684308820869, "lam": 0.9986382723101755, "max_depth": 8.19442965117899, "min_child_weight": 1.0226714546528388, "subsample": 0.6122638025652162}, "datetime": {"datetime": "2020-04-24 19:58:56", "elapsed": 8455.834719, "delta": 39.622277}}
{"target": 0.6317328, "params": {"alpha": 0.40785137646949865, "colsample_bytree": 0.89843667908844, "lam": 0.9447004222994252, "max_depth": 7.429399742068466, "min_child_weight": 8.022129297860952, "subsample": 0.8965899122362724}, "datetime": {"datetime": "2020-04-24 19:59:26", "elapsed": 8485.191277, "delta": 29.356558}}
{"target": 0.6096096, "params": {"alpha": 0.05338109209510866, "colsample_bytree": 0.8657105417932061, "lam": 0.009559137923284222, "max_depth": 3.9475220960376802, "min_child_weight": 2.450763174667444, "subsample": 0.5082653693467719}, "datetime": {"datetime": "2020-04-24 19:59:54", "elapsed": 8513.849933, "delta": 28.658656}}
{"target": 0.6116234, "params": {"alpha": 0.6079183982130059, "colsample_bytree": 0.7535489762019213, "lam": 0.010696550781915448, "max_depth": 4.769167506090758, "min_child_weight": 5.041826044420646, "subsample": 0.6149525408877023}, "datetime": {"datetime": "2020-04-24 20:00:25", "elapsed": 8543.974117, "delta": 30.124184}}
{"target": 0.6232596, "params": {"alpha": 0.9999999995269844, "colsample_bytree": 0.8999999987906022, "lam": 0.9999999993917182, "max_depth": 7.5917626006763, "min_child_weight": 1.0000000523563162, "subsample": 0.5000000093916105}, "datetime": {"datetime": "2020-04-24 20:01:03", "elapsed": 8582.241484, "delta": 38.267367}}
{"target": 0.6328826, "params": {"alpha": 0.9552067283443295, "colsample_bytree": 0.8291359406527163, "lam": 0.935980345968138, "max_depth": 7.309757224291447, "min_child_weight": 8.557943763265172, "subsample": 0.5395552266185458}, "datetime": {"datetime": "2020-04-24 20:01:36", "elapsed": 8614.973387, "delta": 32.731903}}
