{"target": 0.6260041999999999, "params": {"alpha": 0.8760371295304377, "colsample_bytree": 0.888967088138614, "lam": 0.9999516284891097, "max_depth": 4.05808900578414, "min_child_weight": 7.158997741001247, "subsample": 0.582035002006738}, "datetime": {"datetime": "2020-04-25 17:53:02", "elapsed": 1890.299118, "delta": 8.959676}}
{"target": 0.6426274000000001, "params": {"alpha": 0.01853755285707115, "colsample_bytree": 0.8795647020891981, "lam": 0.01393465435982355, "max_depth": 5.730660028323926, "min_child_weight": 7.816838579656969, "subsample": 0.8718350399377115}, "datetime": {"datetime": "2020-04-25 17:53:14", "elapsed": 1902.764419, "delta": 12.465301}}
{"target": 0.633274, "params": {"alpha": 0.24150411227792667, "colsample_bytree": 0.8548658661669987, "lam": 0.030093436845978094, "max_depth": 6.789195327438711, "min_child_weight": 3.329108800019183, "subsample": 0.8962403204080077}, "datetime": {"datetime": "2020-04-25 17:53:24", "elapsed": 1912.552925, "delta": 9.788506}}
{"target": 0.6229508, "params": {"alpha": 0.02704793964055774, "colsample_bytree": 0.8929268858089001, "lam": 0.6786463473631938, "max_depth": 8.927855687132247, "min_child_weight": 6.076676847116537, "subsample": 0.7969025896528035}, "datetime": {"datetime": "2020-04-25 17:53:37", "elapsed": 1926.148048, "delta": 13.595123}}
{"target": 0.6350724, "params": {"alpha": 0.9896787499107585, "colsample_bytree": 0.7392225434399035, "lam": 0.8761746539060047, "max_depth": 9.147796013799768, "min_child_weight": 7.813978323877032, "subsample": 0.8930470228305694}, "datetime": {"datetime": "2020-04-25 17:53:49", "elapsed": 1937.91479, "delta": 11.766742}}
{"target": 0.5980594000000001, "params": {"alpha": 0.37562005735887993, "colsample_bytree": 0.7987618516518493, "lam": 0.9912002907814794, "max_depth": 9.978319026796104, "min_child_weight": 1.8302224143599504, "subsample": 0.6046240200217191}, "datetime": {"datetime": "2020-04-25 17:54:03", "elapsed": 1951.857852, "delta": 13.943062}}
{"target": 0.6256334, "params": {"alpha": 0.8998638337101429, "colsample_bytree": 0.8741738002086732, "lam": 0.07416205317763425, "max_depth": 7.094505669525121, "min_child_weight": 7.371133287659124, "subsample": 0.8443679961178936}, "datetime": {"datetime": "2020-04-25 17:54:14", "elapsed": 1962.466669, "delta": 10.608817}}
{"target": 0.6091178, "params": {"alpha": 0.9783335946103465, "colsample_bytree": 0.8302030189594528, "lam": 0.9594521900476193, "max_depth": 6.884917316058724, "min_child_weight": 5.709994710283588, "subsample": 0.6126902233360203}, "datetime": {"datetime": "2020-04-25 17:54:23", "elapsed": 1971.686931, "delta": 9.220262}}
{"target": 0.6049292, "params": {"alpha": 0.698729130699248, "colsample_bytree": 0.5684716815296189, "lam": 0.8275355206066939, "max_depth": 7.063538663617707, "min_child_weight": 4.854075699685344, "subsample": 0.8953272749649774}, "datetime": {"datetime": "2020-04-25 17:54:33", "elapsed": 1981.437908, "delta": 9.750977}}
{"target": 0.59223, "params": {"alpha": 0.9816700973311213, "colsample_bytree": 0.8623137385328212, "lam": 0.9995976915912761, "max_depth": 3.134676604124993, "min_child_weight": 7.415875471552251, "subsample": 0.6203456504508803}, "datetime": {"datetime": "2020-04-25 17:54:44", "elapsed": 1992.661944, "delta": 11.224036}}
{"target": 0.5962578000000001, "params": {"alpha": 0.30573079944240233, "colsample_bytree": 0.811311971578556, "lam": 0.015186540612516675, "max_depth": 3.078379298729157, "min_child_weight": 9.375960587329526, "subsample": 0.8880861413561263}, "datetime": {"datetime": "2020-04-25 17:54:54", "elapsed": 2002.584543, "delta": 9.922599}}
{"target": 0.6328238, "params": {"alpha": 0.9056401334309813, "colsample_bytree": 0.8687417264218114, "lam": 0.9608131680141229, "max_depth": 5.824743052887607, "min_child_weight": 5.784568233256852, "subsample": 0.8426614670718985}, "datetime": {"datetime": "2020-04-25 17:55:06", "elapsed": 2015.134151, "delta": 12.549608}}
{"target": 0.6197168000000001, "params": {"alpha": 0.9999999999999912, "colsample_bytree": 0.8999999999999958, "lam": 0.7486303101768744, "max_depth": 5.543469679713868, "min_child_weight": 1.2234400768308968, "subsample": 0.5}, "datetime": {"datetime": "2020-04-25 17:55:20", "elapsed": 2028.677228, "delta": 13.543077}}
{"target": 0.637111, "params": {"alpha": 0.3097789619478658, "colsample_bytree": 0.8983167254645268, "lam": 0.4355204389991931, "max_depth": 9.895185415763503, "min_child_weight": 7.143398828200302, "subsample": 0.6374877305694904}, "datetime": {"datetime": "2020-04-25 17:55:31", "elapsed": 2039.884248, "delta": 11.20702}}
{"target": 0.6359306, "params": {"alpha": 0.9634594492733594, "colsample_bytree": 0.6618883746929463, "lam": 0.9819724181486429, "max_depth": 5.20738933466769, "min_child_weight": 5.559801934872482, "subsample": 0.6329692060345439}, "datetime": {"datetime": "2020-04-25 17:55:41", "elapsed": 2049.563556, "delta": 9.679308}}
{"target": 0.6217688, "params": {"alpha": 0.06966330558443767, "colsample_bytree": 0.6908503739628751, "lam": 0.9825886899387124, "max_depth": 6.533784604060431, "min_child_weight": 5.274190485787573, "subsample": 0.7797947505597822}, "datetime": {"datetime": "2020-04-25 17:55:53", "elapsed": 2061.210045, "delta": 11.646489}}
{"target": 0.5959848, "params": {"alpha": 0.9755630497845211, "colsample_bytree": 0.5216973309391328, "lam": 0.9709108684733919, "max_depth": 9.987264068827828, "min_child_weight": 5.055178604856097, "subsample": 0.895542808193577}, "datetime": {"datetime": "2020-04-25 17:56:10", "elapsed": 2079.063727, "delta": 17.853682}}
{"target": 0.6235964, "params": {"alpha": 0.5179812874615175, "colsample_bytree": 0.8417976325980826, "lam": 0.8575862848735931, "max_depth": 4.510460711086159, "min_child_weight": 5.385944487616252, "subsample": 0.5382521511569582}, "datetime": {"datetime": "2020-04-25 17:56:20", "elapsed": 2089.12478, "delta": 10.061053}}
{"target": 0.6253987999999999, "params": {"alpha": 0.9742634501296354, "colsample_bytree": 0.8919535022395275, "lam": 0.8547234201465769, "max_depth": 8.996126967738427, "min_child_weight": 2.874993677537402, "subsample": 0.8934885563224767}, "datetime": {"datetime": "2020-04-25 17:56:33", "elapsed": 2101.758726, "delta": 12.633946}}
{"target": 0.6236216, "params": {"alpha": 0.1796745941180511, "colsample_bytree": 0.8946502844828799, "lam": 0.9570230310900855, "max_depth": 4.008537974484465, "min_child_weight": 9.959321912747704, "subsample": 0.6759956905012402}, "datetime": {"datetime": "2020-04-25 17:56:45", "elapsed": 2113.786272, "delta": 12.027546}}
{"target": 0.6404799999999999, "params": {"alpha": 0.9999999529851955, "colsample_bytree": 0.9, "lam": 1.0, "max_depth": 5.6692727701218075, "min_child_weight": 7.762339955493055, "subsample": 0.9}, "datetime": {"datetime": "2020-04-25 17:56:55", "elapsed": 2123.756421, "delta": 9.970149}}
{"target": 0.6169748, "params": {"alpha": 0.5930967001961576, "colsample_bytree": 0.8965815398910726, "lam": 0.6699142962944531, "max_depth": 7.947353252223445, "min_child_weight": 6.599281702300778, "subsample": 0.6611196438844208}, "datetime": {"datetime": "2020-04-25 17:57:06", "elapsed": 2134.881848, "delta": 11.125427}}
{"target": 0.6322046, "params": {"alpha": 0.9866362430149618, "colsample_bytree": 0.7450312120358701, "lam": 0.0052983733087108575, "max_depth": 4.639168911187994, "min_child_weight": 8.800612299285952, "subsample": 0.8865307165531076}, "datetime": {"datetime": "2020-04-25 17:57:17", "elapsed": 2145.429654, "delta": 10.547806}}
{"target": 0.6316485999999999, "params": {"alpha": 0.9797254846446795, "colsample_bytree": 0.7423859417976764, "lam": 0.9527069477038494, "max_depth": 7.723318820900602, "min_child_weight": 5.372019218311353, "subsample": 0.8968473464693367}, "datetime": {"datetime": "2020-04-25 17:57:28", "elapsed": 2156.925599, "delta": 11.495945}}
{"target": 0.628703, "params": {"alpha": 0.7279770914901686, "colsample_bytree": 0.8302970075778926, "lam": 0.02104658579926011, "max_depth": 7.80350013696969, "min_child_weight": 9.442625699179064, "subsample": 0.8836169926627668}, "datetime": {"datetime": "2020-04-25 17:57:37", "elapsed": 2166.048805, "delta": 9.123206}}
{"target": 0.6286682, "params": {"alpha": 0.9787067573805567, "colsample_bytree": 0.8953888862854829, "lam": 0.5829515211062046, "max_depth": 3.626572269620959, "min_child_weight": 9.994025307209913, "subsample": 0.8593205926785792}, "datetime": {"datetime": "2020-04-25 17:57:49", "elapsed": 2177.909411, "delta": 11.860606}}
{"target": 0.6370682000000001, "params": {"alpha": 4.4345187018342524e-10, "colsample_bytree": 0.9, "lam": 0.9999999999999937, "max_depth": 10.0, "min_child_weight": 9.999999999479519, "subsample": 0.899999999999733}, "datetime": {"datetime": "2020-04-25 17:58:00", "elapsed": 2188.666119, "delta": 10.756708}}
{"target": 0.621024, "params": {"alpha": 0.9528439568966363, "colsample_bytree": 0.8720347824697559, "lam": 0.23118682504019084, "max_depth": 9.98858982120834, "min_child_weight": 3.230993160650571, "subsample": 0.8955964848335487}, "datetime": {"datetime": "2020-04-25 17:58:13", "elapsed": 2201.490861, "delta": 12.824742}}
{"target": 0.6160452, "params": {"alpha": 0.04793810528082265, "colsample_bytree": 0.8899375438180009, "lam": 0.3864762872358055, "max_depth": 3.5319568953263647, "min_child_weight": 1.0258867020950007, "subsample": 0.6639365416314551}, "datetime": {"datetime": "2020-04-25 17:58:24", "elapsed": 2213.159811, "delta": 11.66895}}
{"target": 0.6286484, "params": {"alpha": 0.0058905834158832215, "colsample_bytree": 0.8721238998217311, "lam": 0.8482994669092145, "max_depth": 7.994430709274315, "min_child_weight": 2.6077140450402045, "subsample": 0.8875937527735038}, "datetime": {"datetime": "2020-04-25 17:58:35", "elapsed": 2223.838492, "delta": 10.678681}}
{"target": 0.6353834, "params": {"alpha": 0.98371064956932, "colsample_bytree": 0.8986786179369444, "lam": 0.958336096257819, "max_depth": 5.0569492904107936, "min_child_weight": 9.929450026023275, "subsample": 0.7845361878175428}, "datetime": {"datetime": "2020-04-25 17:58:46", "elapsed": 2234.443269, "delta": 10.604777}}
{"target": 0.6306615999999999, "params": {"alpha": 0.013647297908338851, "colsample_bytree": 0.8856697346019162, "lam": 0.3350731319691306, "max_depth": 9.074439677928371, "min_child_weight": 8.234129306534122, "subsample": 0.8175725134512897}, "datetime": {"datetime": "2020-04-25 17:58:55", "elapsed": 2244.067274, "delta": 9.624005}}
{"target": 0.6180774, "params": {"alpha": 0.8407475709079572, "colsample_bytree": 0.8988700227192704, "lam": 0.026275448793917633, "max_depth": 4.428030844226318, "min_child_weight": 6.270905655619475, "subsample": 0.6612923608784466}, "datetime": {"datetime": "2020-04-25 17:59:09", "elapsed": 2257.402233, "delta": 13.334959}}
{"target": 0.6321244, "params": {"alpha": 0.015487953274198607, "colsample_bytree": 0.8902062409954713, "lam": 0.010440367715859988, "max_depth": 5.542012139028978, "min_child_weight": 8.370317571004222, "subsample": 0.8250448687532835}, "datetime": {"datetime": "2020-04-25 17:59:22", "elapsed": 2270.894027, "delta": 13.491794}}
{"target": 0.6102041999999999, "params": {"alpha": 0.9934191279485938, "colsample_bytree": 0.650128486980595, "lam": 0.9979491887990894, "max_depth": 6.323338667695181, "min_child_weight": 1.0802962307231958, "subsample": 0.5001400637042656}, "datetime": {"datetime": "2020-04-25 17:59:35", "elapsed": 2283.229847, "delta": 12.33582}}
{"target": 0.6150704, "params": {"alpha": 0.03672516989093233, "colsample_bytree": 0.8635182671747689, "lam": 0.7709983679281044, "max_depth": 4.959948496591921, "min_child_weight": 1.1697979384232151, "subsample": 0.5379121079146437}, "datetime": {"datetime": "2020-04-25 17:59:46", "elapsed": 2294.627073, "delta": 11.397226}}
{"target": 0.6235189999999999, "params": {"alpha": 0.007087572304110723, "colsample_bytree": 0.7908770998066044, "lam": 0.998461653093791, "max_depth": 6.336111862649842, "min_child_weight": 7.539255712117795, "subsample": 0.5219259105503806}, "datetime": {"datetime": "2020-04-25 17:59:58", "elapsed": 2306.843943, "delta": 12.21687}}
{"target": 0.638606, "params": {"alpha": 0.07692435248421248, "colsample_bytree": 0.8703860933044851, "lam": 0.9059576100760984, "max_depth": 5.596805847334355, "min_child_weight": 7.953285200347504, "subsample": 0.8603729383136296}, "datetime": {"datetime": "2020-04-25 18:00:10", "elapsed": 2318.540988, "delta": 11.697045}}
{"target": 0.5937965999999999, "params": {"alpha": 0.06443765281504366, "colsample_bytree": 0.8874228366285541, "lam": 0.09596748037494918, "max_depth": 3.0592719669799155, "min_child_weight": 3.5162628357345698, "subsample": 0.567267893845868}, "datetime": {"datetime": "2020-04-25 18:00:22", "elapsed": 2330.420006, "delta": 11.879018}}
{"target": 0.6365202, "params": {"alpha": 0.007558204393140033, "colsample_bytree": 0.7127234136333667, "lam": 0.3308153599154643, "max_depth": 8.872781355699614, "min_child_weight": 9.129008882333503, "subsample": 0.8877418730937796}, "datetime": {"datetime": "2020-04-25 18:00:36", "elapsed": 2344.218017, "delta": 13.798011}}
{"target": 0.6388008000000001, "params": {"alpha": 0.5314258909256436, "colsample_bytree": 0.875043330251642, "lam": 0.3601129773531253, "max_depth": 5.283595186956419, "min_child_weight": 3.8142519874536123, "subsample": 0.8951963882011824}, "datetime": {"datetime": "2020-04-25 18:00:47", "elapsed": 2355.563103, "delta": 11.345086}}
{"target": 0.6316272, "params": {"alpha": 0.9541445053315198, "colsample_bytree": 0.8594715615575336, "lam": 0.5419295103531615, "max_depth": 5.481212624222199, "min_child_weight": 1.6202373510668626, "subsample": 0.8882199125024675}, "datetime": {"datetime": "2020-04-25 18:01:00", "elapsed": 2368.481135, "delta": 12.918032}}
{"target": 0.6266423999999999, "params": {"alpha": 0.9999999999999999, "colsample_bytree": 0.8962670001298683, "lam": 0.5670339020987405, "max_depth": 9.996645378815082, "min_child_weight": 4.586703434962978, "subsample": 0.9}, "datetime": {"datetime": "2020-04-25 18:01:14", "elapsed": 2382.637818, "delta": 14.156683}}
{"target": 0.6393356, "params": {"alpha": 0.9370217152498589, "colsample_bytree": 0.8842890750132363, "lam": 0.5872305229886041, "max_depth": 9.05927380002764, "min_child_weight": 8.059936552333896, "subsample": 0.5419940056444784}, "datetime": {"datetime": "2020-04-25 18:01:26", "elapsed": 2394.357635, "delta": 11.719817}}
{"target": 0.568535, "params": {"alpha": 0.0, "colsample_bytree": 0.5, "lam": 0.9999999999998633, "max_depth": 9.953211816411642, "min_child_weight": 2.9736921093260977, "subsample": 0.9}, "datetime": {"datetime": "2020-04-25 18:01:39", "elapsed": 2407.405132, "delta": 13.047497}}
{"target": 0.6410828000000001, "params": {"alpha": 0.5038443830839167, "colsample_bytree": 0.8854911419107946, "lam": 0.9961889813611212, "max_depth": 5.647445014868371, "min_child_weight": 7.662930298646673, "subsample": 0.8764930515601614}, "datetime": {"datetime": "2020-04-25 18:01:52", "elapsed": 2420.280049, "delta": 12.874917}}
{"target": 0.6318194, "params": {"alpha": 0.810510784124452, "colsample_bytree": 0.8928437893702017, "lam": 0.14309870355118892, "max_depth": 6.266408725045871, "min_child_weight": 9.947735480314599, "subsample": 0.8742863982438368}, "datetime": {"datetime": "2020-04-25 18:02:02", "elapsed": 2430.596648, "delta": 10.316599}}
{"target": 0.6228916, "params": {"alpha": 0.9772050066682892, "colsample_bytree": 0.8639310623504146, "lam": 0.9980350219508674, "max_depth": 9.986893449515225, "min_child_weight": 6.808170657589214, "subsample": 0.5410340325411304}, "datetime": {"datetime": "2020-04-25 18:02:15", "elapsed": 2443.924382, "delta": 13.327734}}
{"target": 0.6230272, "params": {"alpha": 0.9294453822940238, "colsample_bytree": 0.89478667246337, "lam": 0.5452233058625793, "max_depth": 3.912377352605926, "min_child_weight": 7.315420689340162, "subsample": 0.8309957901091658}, "datetime": {"datetime": "2020-04-25 18:02:29", "elapsed": 2457.450916, "delta": 13.526534}}
{"target": 0.6323868, "params": {"alpha": 0.06056524909576755, "colsample_bytree": 0.8589353889968823, "lam": 0.9383183457599327, "max_depth": 6.501960758391995, "min_child_weight": 6.818103429166966, "subsample": 0.8984974701682655}, "datetime": {"datetime": "2020-04-25 18:02:40", "elapsed": 2468.548241, "delta": 11.097325}}
{"target": 0.6348944000000001, "params": {"alpha": 0.48669010575991767, "colsample_bytree": 0.8998120918211933, "lam": 0.47201579817647865, "max_depth": 9.118005508330203, "min_child_weight": 7.341638920342393, "subsample": 0.8997004792041845}, "datetime": {"datetime": "2020-04-25 18:02:54", "elapsed": 2482.726064, "delta": 14.177823}}
{"target": 0.6227134, "params": {"alpha": 0.14249374052580988, "colsample_bytree": 0.8946934959853947, "lam": 0.4340097351732709, "max_depth": 3.9615068513634766, "min_child_weight": 3.583352962219429, "subsample": 0.5002167094353447}, "datetime": {"datetime": "2020-04-25 18:03:05", "elapsed": 2494.062249, "delta": 11.336185}}
{"target": 0.6365334, "params": {"alpha": 1.0, "colsample_bytree": 0.9, "lam": 1.0, "max_depth": 10.0, "min_child_weight": 9.554203769608465, "subsample": 0.8999999480506401}, "datetime": {"datetime": "2020-04-25 18:03:17", "elapsed": 2506.140216, "delta": 12.077967}}
{"target": 0.5841562, "params": {"alpha": 0.9596922934047526, "colsample_bytree": 0.5058072787408296, "lam": 0.9874702781415402, "max_depth": 9.181721875314773, "min_child_weight": 6.552524529902551, "subsample": 0.8925331226193824}, "datetime": {"datetime": "2020-04-25 18:03:30", "elapsed": 2518.616678, "delta": 12.476462}}
{"target": 0.6327994, "params": {"alpha": 0.3440366062247078, "colsample_bytree": 0.7771303171393462, "lam": 0.011670344401586763, "max_depth": 6.687922044047719, "min_child_weight": 6.056308742521528, "subsample": 0.8755188728090357}, "datetime": {"datetime": "2020-04-25 18:03:40", "elapsed": 2528.773812, "delta": 10.157134}}
{"target": 0.637565, "params": {"alpha": 0.07464050981645409, "colsample_bytree": 0.7752174546011941, "lam": 0.011185406333501735, "max_depth": 5.26110524527211, "min_child_weight": 5.954695637792014, "subsample": 0.8824138154652743}, "datetime": {"datetime": "2020-04-25 18:03:55", "elapsed": 2543.621374, "delta": 14.847562}}
{"target": 0.6271831999999999, "params": {"alpha": 0.06868118367632636, "colsample_bytree": 0.8799862738082551, "lam": 0.9387414950064694, "max_depth": 4.734331758598717, "min_child_weight": 9.082218241366293, "subsample": 0.7945434571891075}, "datetime": {"datetime": "2020-04-25 18:04:06", "elapsed": 2554.368374, "delta": 10.747}}
{"target": 0.5775496, "params": {"alpha": 0.9999999999999934, "colsample_bytree": 0.588401778024854, "lam": 1.0, "max_depth": 3.0, "min_child_weight": 1.0, "subsample": 0.8999999999999925}, "datetime": {"datetime": "2020-04-25 18:04:18", "elapsed": 2566.668727, "delta": 12.300353}}
{"target": 0.6260732, "params": {"alpha": 0.9875017841324044, "colsample_bytree": 0.6009773498856025, "lam": 0.050401672329071445, "max_depth": 6.3270460653965515, "min_child_weight": 5.797755968542799, "subsample": 0.8966806353655095}, "datetime": {"datetime": "2020-04-25 18:04:28", "elapsed": 2576.516748, "delta": 9.848021}}
{"target": 0.6191088, "params": {"alpha": 0.06278287044381681, "colsample_bytree": 0.820704506432349, "lam": 0.04946837204618715, "max_depth": 7.220001683545602, "min_child_weight": 5.183408133114339, "subsample": 0.7948732795727655}, "datetime": {"datetime": "2020-04-25 18:04:38", "elapsed": 2586.853568, "delta": 10.33682}}
{"target": 0.6285154, "params": {"alpha": 0.014529731065705986, "colsample_bytree": 0.6756130573989251, "lam": 0.003894196584813825, "max_depth": 6.401409837236761, "min_child_weight": 5.486717635220109, "subsample": 0.8980782883333561}, "datetime": {"datetime": "2020-04-25 18:04:52", "elapsed": 2600.285197, "delta": 13.431629}}
{"target": 0.6292258000000001, "params": {"alpha": 0.9540845779617769, "colsample_bytree": 0.8805904750711269, "lam": 0.9873976295486204, "max_depth": 6.081679547257093, "min_child_weight": 8.912219602608356, "subsample": 0.5290536969692767}, "datetime": {"datetime": "2020-04-25 18:05:02", "elapsed": 2611.156937, "delta": 10.87174}}
{"target": 0.6194824000000001, "params": {"alpha": 0.024145636018571226, "colsample_bytree": 0.8854279920617433, "lam": 0.056779978654618146, "max_depth": 9.832740331488155, "min_child_weight": 3.3562955594926223, "subsample": 0.8997447075019245}, "datetime": {"datetime": "2020-04-25 18:05:16", "elapsed": 2624.462003, "delta": 13.305066}}
{"target": 0.61556, "params": {"alpha": 1.0, "colsample_bytree": 0.9, "lam": 0.0, "max_depth": 10.0, "min_child_weight": 3.763217333375774, "subsample": 0.9}, "datetime": {"datetime": "2020-04-25 18:05:27", "elapsed": 2635.326696, "delta": 10.864693}}
{"target": 0.6279730000000001, "params": {"alpha": 0.9040832075971028, "colsample_bytree": 0.8661821199077038, "lam": 0.2941240964411125, "max_depth": 9.995340320828006, "min_child_weight": 6.95197792925786, "subsample": 0.8710477342129075}, "datetime": {"datetime": "2020-04-25 18:05:40", "elapsed": 2648.776207, "delta": 13.449511}}
{"target": 0.6307206, "params": {"alpha": 0.1699621434194113, "colsample_bytree": 0.853435245023701, "lam": 0.6127519895850926, "max_depth": 9.988708739668517, "min_child_weight": 6.513345479537813, "subsample": 0.8772260979909297}, "datetime": {"datetime": "2020-04-25 18:05:54", "elapsed": 2662.825543, "delta": 14.049336}}
{"target": 0.6432359999999999, "params": {"alpha": 0.6613904567391988, "colsample_bytree": 0.6693305160247153, "lam": 0.02417252197105746, "max_depth": 4.944348629833852, "min_child_weight": 9.703449901344378, "subsample": 0.8365697086400428}, "datetime": {"datetime": "2020-04-25 18:06:05", "elapsed": 2673.739793, "delta": 10.91425}}
