{"target": 0.6306238, "params": {"alpha": 0.9795980442737716, "colsample_bytree": 0.8997975433462685, "lam": 1.2650113594730248e-10, "max_depth": 8.035948954682834, "min_child_weight": 6.0146409403100956, "subsample": 0.6391901011926241}, "datetime": {"datetime": "2020-04-25 18:23:38", "elapsed": 3726.551839, "delta": 19.115598}}
{"target": 0.6382036, "params": {"alpha": 0.9938435584201262, "colsample_bytree": 0.8937055188957079, "lam": 0.2656735271629719, "max_depth": 5.98311713152933, "min_child_weight": 6.91600363648422, "subsample": 0.8976935233382529}, "datetime": {"datetime": "2020-04-25 18:23:55", "elapsed": 3744.107639, "delta": 17.5558}}
{"target": 0.619029, "params": {"alpha": 0.8979234606751305, "colsample_bytree": 0.8832374415018529, "lam": 0.011587051011572536, "max_depth": 5.640005406136844, "min_child_weight": 6.160088075794228, "subsample": 0.7617658094566756}, "datetime": {"datetime": "2020-04-25 18:24:14", "elapsed": 3762.376845, "delta": 18.269206}}
{"target": 0.6141844, "params": {"alpha": 0.2150773681583089, "colsample_bytree": 0.836973903466249, "lam": 0.9972941355953291, "max_depth": 5.816855630452212, "min_child_weight": 3.3605810029134204, "subsample": 0.6855136159746498}, "datetime": {"datetime": "2020-04-25 18:24:30", "elapsed": 3778.809279, "delta": 16.432434}}
{"target": 0.6358552, "params": {"alpha": 0.014651687296722504, "colsample_bytree": 0.8786936872135653, "lam": 0.74556340381137, "max_depth": 5.415499349034917, "min_child_weight": 9.263689019458923, "subsample": 0.844530585408187}, "datetime": {"datetime": "2020-04-25 18:24:43", "elapsed": 3792.118161, "delta": 13.308882}}
{"target": 0.6406802, "params": {"alpha": 0.03582765856241665, "colsample_bytree": 0.657008170262487, "lam": 0.286083323784577, "max_depth": 6.928938579037942, "min_child_weight": 8.95638458407951, "subsample": 0.8923555480243492}, "datetime": {"datetime": "2020-04-25 18:24:58", "elapsed": 3807.138777, "delta": 15.020616}}
{"target": 0.6177218000000001, "params": {"alpha": 0.015690923552529656, "colsample_bytree": 0.8800667508019406, "lam": 0.10675602643343862, "max_depth": 3.6894519618724106, "min_child_weight": 1.8723236791909321, "subsample": 0.8888814062714068}, "datetime": {"datetime": "2020-04-25 18:25:15", "elapsed": 3823.209266, "delta": 16.070489}}
{"target": 0.5455856, "params": {"alpha": 1.0, "colsample_bytree": 0.5000000922813762, "lam": 1.0, "max_depth": 8.903533007696728, "min_child_weight": 1.0, "subsample": 0.5000000035963313}, "datetime": {"datetime": "2020-04-25 18:25:34", "elapsed": 3842.76916, "delta": 19.559894}}
{"target": 0.5908232, "params": {"alpha": 1.0, "colsample_bytree": 0.5, "lam": 0.7439734351474857, "max_depth": 5.571211923020135, "min_child_weight": 1.000000078298315, "subsample": 0.9}, "datetime": {"datetime": "2020-04-25 18:25:48", "elapsed": 3856.277397, "delta": 13.508237}}
{"target": 0.6351356, "params": {"alpha": 0.8250425565080282, "colsample_bytree": 0.8686408621819401, "lam": 0.9876229045231798, "max_depth": 6.1195869720424785, "min_child_weight": 8.42590735660451, "subsample": 0.8673841422267261}, "datetime": {"datetime": "2020-04-25 18:26:08", "elapsed": 3876.775032, "delta": 20.497635}}
{"target": 0.6156952, "params": {"alpha": 0.524216950655284, "colsample_bytree": 0.876253783135631, "lam": 0.3992372254084061, "max_depth": 8.743091774474369, "min_child_weight": 6.840676021865647, "subsample": 0.5106941424200904}, "datetime": {"datetime": "2020-04-25 18:26:27", "elapsed": 3895.302357, "delta": 18.527325}}
{"target": 0.5927428, "params": {"alpha": 0.014044125876732427, "colsample_bytree": 0.8508059298878767, "lam": 0.999327127856826, "max_depth": 3.3748674253588637, "min_child_weight": 8.894838546609915, "subsample": 0.5585594167853778}, "datetime": {"datetime": "2020-04-25 18:26:44", "elapsed": 3912.51388, "delta": 17.211523}}
{"target": 0.6368136, "params": {"alpha": 0.9847031473419281, "colsample_bytree": 0.6680564620651401, "lam": 0.6984234579370037, "max_depth": 6.053711370505129, "min_child_weight": 5.195274278278825, "subsample": 0.8839338931029621}, "datetime": {"datetime": "2020-04-25 18:27:02", "elapsed": 3930.97663, "delta": 18.46275}}
{"target": 0.6294953999999999, "params": {"alpha": 0.7304848265986087, "colsample_bytree": 0.8467803203634097, "lam": 0.98275946445104, "max_depth": 5.180407968519105, "min_child_weight": 9.24674672721519, "subsample": 0.8532368251824948}, "datetime": {"datetime": "2020-04-25 18:27:21", "elapsed": 3949.433955, "delta": 18.457325}}
{"target": 0.6170858000000001, "params": {"alpha": 0.013969974679332697, "colsample_bytree": 0.8834615696451502, "lam": 0.9714632482210002, "max_depth": 8.498072418693182, "min_child_weight": 2.908347956757998, "subsample": 0.5241952225227807}, "datetime": {"datetime": "2020-04-25 18:27:34", "elapsed": 3963.144201, "delta": 13.710246}}
{"target": 0.6072462000000001, "params": {"alpha": 0.11968853066082541, "colsample_bytree": 0.8028390556745677, "lam": 0.9502034961100972, "max_depth": 3.2637881664493156, "min_child_weight": 6.965126847690344, "subsample": 0.8675596880591221}, "datetime": {"datetime": "2020-04-25 18:27:50", "elapsed": 3978.689147, "delta": 15.544946}}
{"target": 0.6356412, "params": {"alpha": 0.000845956029890238, "colsample_bytree": 0.85111971396613, "lam": 0.21300141284346896, "max_depth": 6.389487617482475, "min_child_weight": 3.132309224054985, "subsample": 0.8919430418171476}, "datetime": {"datetime": "2020-04-25 18:28:06", "elapsed": 3994.329441, "delta": 15.640294}}
{"target": 0.6311150000000001, "params": {"alpha": 0.991681093810935, "colsample_bytree": 0.8990058332526623, "lam": 0.5345906703830475, "max_depth": 4.738574125332171, "min_child_weight": 1.6195776196933924, "subsample": 0.8915160716545956}, "datetime": {"datetime": "2020-04-25 18:28:20", "elapsed": 4009.040105, "delta": 14.710664}}
{"target": 0.607297, "params": {"alpha": 0.9587582500699807, "colsample_bytree": 0.8705650786433985, "lam": 0.6037717128186423, "max_depth": 6.590252845259288, "min_child_weight": 1.0277683231386643, "subsample": 0.6679804190040378}, "datetime": {"datetime": "2020-04-25 18:28:38", "elapsed": 4026.203298, "delta": 17.163193}}
{"target": 0.5883239999999998, "params": {"alpha": 0.982192519321033, "colsample_bytree": 0.5015644128809207, "lam": 0.04886622624502701, "max_depth": 4.858846843447495, "min_child_weight": 9.533359874625788, "subsample": 0.5047008286573901}, "datetime": {"datetime": "2020-04-25 18:28:56", "elapsed": 4044.569102, "delta": 18.365804}}
{"target": 0.6343526, "params": {"alpha": 0.9871532191486766, "colsample_bytree": 0.8977120983827596, "lam": 0.9605689771068568, "max_depth": 6.636915553833443, "min_child_weight": 3.9539479254252026, "subsample": 0.8928226091663354}, "datetime": {"datetime": "2020-04-25 18:29:11", "elapsed": 4060.005949, "delta": 15.436847}}
{"target": 0.5613916, "params": {"alpha": 1.1121371797841323e-08, "colsample_bytree": 0.5, "lam": 1.0, "max_depth": 5.899992398658282, "min_child_weight": 1.0000001597728627, "subsample": 0.5000000214749312}, "datetime": {"datetime": "2020-04-25 18:29:31", "elapsed": 4079.786098, "delta": 19.780149}}
{"target": 0.6327668, "params": {"alpha": 0.07346057837634523, "colsample_bytree": 0.8727052702241891, "lam": 0.9946981286800601, "max_depth": 5.351884373314736, "min_child_weight": 1.7312727303748736, "subsample": 0.8100689045202778}, "datetime": {"datetime": "2020-04-25 18:29:57", "elapsed": 4105.720353, "delta": 25.934255}}
{"target": 0.5756836, "params": {"alpha": 1.0, "colsample_bytree": 0.9, "lam": 1.0825777449858659e-13, "max_depth": 10.0, "min_child_weight": 1.0000000000001532, "subsample": 0.9}, "datetime": {"datetime": "2020-04-25 18:30:15", "elapsed": 4123.672643, "delta": 17.95229}}
{"target": 0.6129104, "params": {"alpha": 0.9763698706502791, "colsample_bytree": 0.8337848910988626, "lam": 0.0380942400098605, "max_depth": 7.070310378973038, "min_child_weight": 2.1116031822754464, "subsample": 0.8825722818936816}, "datetime": {"datetime": "2020-04-25 18:30:28", "elapsed": 4137.190435, "delta": 13.517792}}
{"target": 0.6213738, "params": {"alpha": 0.49764715243706004, "colsample_bytree": 0.8543302291677588, "lam": 0.04599115745910509, "max_depth": 8.21338684647564, "min_child_weight": 5.515041933010224, "subsample": 0.6315132553292813}, "datetime": {"datetime": "2020-04-25 18:30:44", "elapsed": 4152.756527, "delta": 15.566092}}
{"target": 0.6372892, "params": {"alpha": 0.04106589039603337, "colsample_bytree": 0.8778653327949104, "lam": 0.019643184669225655, "max_depth": 8.892855263546856, "min_child_weight": 9.451630788025039, "subsample": 0.7059813461849336}, "datetime": {"datetime": "2020-04-25 18:31:03", "elapsed": 4172.006864, "delta": 19.250337}}
{"target": 0.6395582, "params": {"alpha": 0.9579915458848772, "colsample_bytree": 0.8799523084534036, "lam": 0.023713656669331562, "max_depth": 8.959641467198594, "min_child_weight": 8.699842736004532, "subsample": 0.8776302287710933}, "datetime": {"datetime": "2020-04-25 18:31:21", "elapsed": 4189.691027, "delta": 17.684163}}
{"target": 0.6236805999999999, "params": {"alpha": 0.9215241161336636, "colsample_bytree": 0.8891182146682446, "lam": 0.00982914585919914, "max_depth": 8.262541663914362, "min_child_weight": 5.430810767637904, "subsample": 0.8522139995354201}, "datetime": {"datetime": "2020-04-25 18:31:41", "elapsed": 4209.624653, "delta": 19.933626}}
{"target": 0.6031366, "params": {"alpha": 0.0037037023081087916, "colsample_bytree": 0.8251362271611568, "lam": 0.13078433133801137, "max_depth": 4.116103319379605, "min_child_weight": 4.175033140222736, "subsample": 0.5277809373507817}, "datetime": {"datetime": "2020-04-25 18:32:01", "elapsed": 4230.038111, "delta": 20.413458}}
{"target": 0.6341496, "params": {"alpha": 0.47613505246874516, "colsample_bytree": 0.8999999998940463, "lam": 0.9999999997351159, "max_depth": 9.999999999637554, "min_child_weight": 6.532627422301723, "subsample": 0.8999999998940463}, "datetime": {"datetime": "2020-04-25 18:32:22", "elapsed": 4250.247199, "delta": 20.209088}}
{"target": 0.6289467999999999, "params": {"alpha": 0.5174227205307564, "colsample_bytree": 0.8850087763531217, "lam": 0.03195021176150192, "max_depth": 4.291480173413604, "min_child_weight": 3.0328912049260923, "subsample": 0.6550406960982402}, "datetime": {"datetime": "2020-04-25 18:32:40", "elapsed": 4268.573635, "delta": 18.326436}}
{"target": 0.645548, "params": {"alpha": 0.915042512649597, "colsample_bytree": 0.8738336943474506, "lam": 0.0334783105875216, "max_depth": 5.465995429333532, "min_child_weight": 4.471742659430602, "subsample": 0.8797847667507237}, "datetime": {"datetime": "2020-04-25 18:32:58", "elapsed": 4286.345516, "delta": 17.771881}}
{"target": 0.601083, "params": {"alpha": 0.020570969743783474, "colsample_bytree": 0.6267129820486185, "lam": 0.9382487082433054, "max_depth": 9.981206933225359, "min_child_weight": 6.322032201197984, "subsample": 0.5634686457311571}, "datetime": {"datetime": "2020-04-25 18:33:18", "elapsed": 4306.321989, "delta": 19.976473}}
{"target": 0.6281102, "params": {"alpha": 0.0052653607938550895, "colsample_bytree": 0.8781736688108208, "lam": 0.09431630330018759, "max_depth": 8.45373764254331, "min_child_weight": 5.692343168762049, "subsample": 0.8623464349450314}, "datetime": {"datetime": "2020-04-25 18:33:40", "elapsed": 4328.889695, "delta": 22.567706}}
{"target": 0.6161288, "params": {"alpha": 0.9448346653668133, "colsample_bytree": 0.877427138866371, "lam": 0.9468178557275401, "max_depth": 8.302169772410423, "min_child_weight": 4.626347468405898, "subsample": 0.5261382838725442}, "datetime": {"datetime": "2020-04-25 18:33:57", "elapsed": 4346.138972, "delta": 17.249277}}
{"target": 0.6022464000000001, "params": {"alpha": 0.9917385010097333, "colsample_bytree": 0.6009974509184041, "lam": 0.9692274334946076, "max_depth": 5.951469332965804, "min_child_weight": 5.8603628849257206, "subsample": 0.7094279112903565}, "datetime": {"datetime": "2020-04-25 18:34:21", "elapsed": 4369.994125, "delta": 23.855153}}
{"target": 0.5945005999999999, "params": {"alpha": 0.08779343455454558, "colsample_bytree": 0.5001213074507799, "lam": 0.3414595749010494, "max_depth": 7.0799373904100396, "min_child_weight": 5.754104248156964, "subsample": 0.8842757625908058}, "datetime": {"datetime": "2020-04-25 18:34:38", "elapsed": 4386.758389, "delta": 16.764264}}
{"target": 0.6356524, "params": {"alpha": 1.0, "colsample_bytree": 0.9, "lam": 0.9999999869754432, "max_depth": 5.209704788857178, "min_child_weight": 3.8019014940494364, "subsample": 0.9}, "datetime": {"datetime": "2020-04-25 18:34:58", "elapsed": 4406.776355, "delta": 20.017966}}
{"target": 0.6295224000000001, "params": {"alpha": 0.03464675060914213, "colsample_bytree": 0.7898759340485408, "lam": 0.030493984074953184, "max_depth": 6.121737089320707, "min_child_weight": 7.443332013060768, "subsample": 0.89689527022147}, "datetime": {"datetime": "2020-04-25 18:35:12", "elapsed": 4421.162176, "delta": 14.385821}}
{"target": 0.6141126, "params": {"alpha": 0.001571853329205064, "colsample_bytree": 0.8740004855603247, "lam": 0.9184816643764608, "max_depth": 5.304648903936164, "min_child_weight": 2.9174176377678496, "subsample": 0.6210639746539457}, "datetime": {"datetime": "2020-04-25 18:35:30", "elapsed": 4438.762498, "delta": 17.600322}}
{"target": 0.5936822, "params": {"alpha": 0.9679208471325441, "colsample_bytree": 0.5828290939276213, "lam": 0.9525189471552282, "max_depth": 6.844249570280196, "min_child_weight": 2.4600920462094757, "subsample": 0.5220433682269863}, "datetime": {"datetime": "2020-04-25 18:35:53", "elapsed": 4462.177172, "delta": 23.414674}}
{"target": 0.6350828, "params": {"alpha": 0.9958278949138432, "colsample_bytree": 0.8788558896317061, "lam": 0.027275568749690393, "max_depth": 5.111347464850446, "min_child_weight": 7.444136600421051, "subsample": 0.8651698354194965}, "datetime": {"datetime": "2020-04-25 18:36:14", "elapsed": 4482.415263, "delta": 20.238091}}
{"target": 0.6250782, "params": {"alpha": 0.10591808031954941, "colsample_bytree": 0.7132641381747251, "lam": 0.9820539600748759, "max_depth": 4.841852906827505, "min_child_weight": 1.8851513050752613, "subsample": 0.8545902520695334}, "datetime": {"datetime": "2020-04-25 18:36:32", "elapsed": 4500.567564, "delta": 18.152301}}
{"target": 0.6211477999999999, "params": {"alpha": 0.34917703605919026, "colsample_bytree": 0.8860064136756971, "lam": 0.9966253586029338, "max_depth": 6.100250684018198, "min_child_weight": 5.440032822102461, "subsample": 0.5478199749389283}, "datetime": {"datetime": "2020-04-25 18:36:52", "elapsed": 4520.910729, "delta": 20.343165}}
{"target": 0.6375301999999999, "params": {"alpha": 0.7945619897015185, "colsample_bytree": 0.7989132495504696, "lam": 0.0002081610533808398, "max_depth": 6.44380464174937, "min_child_weight": 5.549997945653342, "subsample": 0.8924469889119968}, "datetime": {"datetime": "2020-04-25 18:37:15", "elapsed": 4544.194052, "delta": 23.283323}}
{"target": 0.6268684, "params": {"alpha": 0.47522981830113586, "colsample_bytree": 0.8595293615661657, "lam": 0.9919782600161592, "max_depth": 8.034272410174527, "min_child_weight": 5.321666636648148, "subsample": 0.8940688471545247}, "datetime": {"datetime": "2020-04-25 18:37:35", "elapsed": 4563.337558, "delta": 19.143506}}
{"target": 0.5915972, "params": {"alpha": 0.040681532401138254, "colsample_bytree": 0.5332596809193678, "lam": 0.9705463007174996, "max_depth": 4.306554696017676, "min_child_weight": 4.24046907368639, "subsample": 0.5782999888765732}, "datetime": {"datetime": "2020-04-25 18:37:56", "elapsed": 4584.474967, "delta": 21.137409}}
{"target": 0.6332842, "params": {"alpha": 0.016594596739010092, "colsample_bytree": 0.7577039262927054, "lam": 0.9881324353451658, "max_depth": 8.18866246906218, "min_child_weight": 9.24915273964804, "subsample": 0.5580629574950438}, "datetime": {"datetime": "2020-04-25 18:38:18", "elapsed": 4606.440748, "delta": 21.965781}}
{"target": 0.6265414, "params": {"alpha": 0.9889036770226276, "colsample_bytree": 0.8775537785920635, "lam": 0.3531380347114881, "max_depth": 3.639709424365451, "min_child_weight": 4.06153643020454, "subsample": 0.5013558373825511}, "datetime": {"datetime": "2020-04-25 18:38:39", "elapsed": 4627.40274, "delta": 20.961992}}
{"target": 0.6169404, "params": {"alpha": 0.806517232144797, "colsample_bytree": 0.8836561909422707, "lam": 0.014238770175729498, "max_depth": 4.1405386075393125, "min_child_weight": 3.7175185568190123, "subsample": 0.5479602832879218}, "datetime": {"datetime": "2020-04-25 18:39:02", "elapsed": 4650.941202, "delta": 23.538462}}
{"target": 0.6281962, "params": {"alpha": 0.36083694587972925, "colsample_bytree": 0.8124085647269716, "lam": 0.9923172163112253, "max_depth": 7.276028188300076, "min_child_weight": 9.54220127755748, "subsample": 0.897522739867638}, "datetime": {"datetime": "2020-04-25 18:39:23", "elapsed": 4671.634428, "delta": 20.693226}}
{"target": 0.6349588, "params": {"alpha": 0.03918844478094419, "colsample_bytree": 0.8173895021831596, "lam": 0.9997024104702612, "max_depth": 5.997896708743065, "min_child_weight": 9.441702551820859, "subsample": 0.6886838154993988}, "datetime": {"datetime": "2020-04-25 18:39:44", "elapsed": 4692.208555, "delta": 20.574127}}
{"target": 0.6318404, "params": {"alpha": 0.017050564293378034, "colsample_bytree": 0.8741471211203491, "lam": 0.18685649104397073, "max_depth": 9.986767600475982, "min_child_weight": 7.06352823356829, "subsample": 0.5774318846791276}, "datetime": {"datetime": "2020-04-25 18:40:07", "elapsed": 4716.069699, "delta": 23.861144}}
{"target": 0.6318987999999999, "params": {"alpha": 0.027447016697944582, "colsample_bytree": 0.6967930062537078, "lam": 0.9518483232307798, "max_depth": 9.74999271151054, "min_child_weight": 9.455205023316665, "subsample": 0.64496537175549}, "datetime": {"datetime": "2020-04-25 18:40:29", "elapsed": 4737.865688, "delta": 21.795989}}
{"target": 0.5561636, "params": {"alpha": 8.498887822415922e-09, "colsample_bytree": 0.5, "lam": 9.221891133058491e-09, "max_depth": 3.0000000358424512, "min_child_weight": 7.865713142619339, "subsample": 0.9}, "datetime": {"datetime": "2020-04-25 18:40:56", "elapsed": 4764.707133, "delta": 26.841445}}
{"target": 0.6280773999999999, "params": {"alpha": 0.025528709272787276, "colsample_bytree": 0.8537415061878855, "lam": 0.993715969344078, "max_depth": 5.412703295489761, "min_child_weight": 3.9224087647993877, "subsample": 0.8935570020576418}, "datetime": {"datetime": "2020-04-25 18:41:16", "elapsed": 4784.624414, "delta": 19.917281}}
{"target": 0.6439894, "params": {"alpha": 0.3475457801273625, "colsample_bytree": 0.720548403638347, "lam": 0.22667935907268966, "max_depth": 5.320766379160073, "min_child_weight": 9.48969404681433, "subsample": 0.8475635296817228}, "datetime": {"datetime": "2020-04-25 18:41:38", "elapsed": 4806.748892, "delta": 22.124478}}
{"target": 0.6374096, "params": {"alpha": 0.5162213283610422, "colsample_bytree": 0.8264788058955985, "lam": 0.019997310104203914, "max_depth": 6.3848146516701725, "min_child_weight": 9.342467429965106, "subsample": 0.8698340213675033}, "datetime": {"datetime": "2020-04-25 18:42:00", "elapsed": 4828.880542, "delta": 22.13165}}
{"target": 0.6272056, "params": {"alpha": 0.0693429098851086, "colsample_bytree": 0.8443637810429404, "lam": 0.9182182127784216, "max_depth": 9.936415290456223, "min_child_weight": 7.227779154852339, "subsample": 0.5159164774824109}, "datetime": {"datetime": "2020-04-25 18:42:19", "elapsed": 4847.897697, "delta": 19.017155}}
{"target": 0.6375344000000001, "params": {"alpha": 0.5817504100631782, "colsample_bytree": 0.8861292345750691, "lam": 0.05107470938316894, "max_depth": 5.242886077063382, "min_child_weight": 4.695475465713417, "subsample": 0.8887045224628738}, "datetime": {"datetime": "2020-04-25 18:42:42", "elapsed": 4870.89455, "delta": 22.996853}}
{"target": 0.606944, "params": {"alpha": 0.11223020963215447, "colsample_bytree": 0.8929676868198752, "lam": 0.09513939825088757, "max_depth": 9.911823871269998, "min_child_weight": 2.8410868659302313, "subsample": 0.5062907306549562}, "datetime": {"datetime": "2020-04-25 18:43:04", "elapsed": 4892.271268, "delta": 21.376718}}
{"target": 0.600863, "params": {"alpha": 0.0, "colsample_bytree": 0.9, "lam": 0.0, "max_depth": 9.12873229295621, "min_child_weight": 3.57112462309439, "subsample": 0.5000000423602374}, "datetime": {"datetime": "2020-04-25 18:43:23", "elapsed": 4912.110986, "delta": 19.839718}}
{"target": 0.6261745999999999, "params": {"alpha": 0.25555877693942475, "colsample_bytree": 0.7993377536846561, "lam": 0.014511817871637911, "max_depth": 4.502274345594492, "min_child_weight": 9.957577422579234, "subsample": 0.87120853639826}, "datetime": {"datetime": "2020-04-25 18:43:41", "elapsed": 4930.126472, "delta": 18.015486}}
{"target": 0.6216976000000001, "params": {"alpha": 0.9912643164474298, "colsample_bytree": 0.7604946560487762, "lam": 0.45826601374326403, "max_depth": 4.0107591673640295, "min_child_weight": 1.4722381607220214, "subsample": 0.509826428142959}, "datetime": {"datetime": "2020-04-25 18:43:59", "elapsed": 4948.15368, "delta": 18.027208}}
{"target": 0.6201068000000001, "params": {"alpha": 1.0, "colsample_bytree": 0.9, "lam": 5.718277802919989e-09, "max_depth": 10.0, "min_child_weight": 6.908433581576923, "subsample": 0.5000001203274057}, "datetime": {"datetime": "2020-04-25 18:44:18", "elapsed": 4966.269095, "delta": 18.115415}}
{"target": 0.6351642, "params": {"alpha": 0.587920736822995, "colsample_bytree": 0.8990362975862422, "lam": 0.13315646952656424, "max_depth": 5.072910728753846, "min_child_weight": 9.358449984985924, "subsample": 0.8553639852310118}, "datetime": {"datetime": "2020-04-25 18:44:37", "elapsed": 4985.363382, "delta": 19.094287}}
