{"target": 0.6281486000000001, "params": {"alpha": 0.011844471636330178, "colsample_bytree": 0.8813691966968049, "lam": 0.04061804536580238, "max_depth": 3.7751890444284837, "min_child_weight": 6.762566267427688, "subsample": 0.522609139132063}, "datetime": {"datetime": "2020-04-24 21:25:04", "elapsed": 5007.881268, "delta": 23.637027}}
{"target": 0.634052, "params": {"alpha": 0.06240305645863864, "colsample_bytree": 0.8487873305563453, "lam": 0.08506588876507493, "max_depth": 5.943059972523315, "min_child_weight": 4.7803004404496185, "subsample": 0.8666422284073141}, "datetime": {"datetime": "2020-04-24 21:25:23", "elapsed": 5026.131161, "delta": 18.249893}}
{"target": 0.5768538, "params": {"alpha": 0.0, "colsample_bytree": 0.5, "lam": 0.9999999987602692, "max_depth": 8.9514003069137, "min_child_weight": 10.0, "subsample": 0.5000000033753994}, "datetime": {"datetime": "2020-04-24 21:25:44", "elapsed": 5047.973134, "delta": 21.841973}}
{"target": 0.6436896, "params": {"alpha": 0.9999999991467994, "colsample_bytree": 0.8999999995448128, "lam": 0.9999999991467993, "max_depth": 8.565501373579501, "min_child_weight": 9.972319247025121, "subsample": 0.8999999996220021}, "datetime": {"datetime": "2020-04-24 21:26:08", "elapsed": 5071.962496, "delta": 23.989362}}
{"target": 0.6366124, "params": {"alpha": 0.7472987549695673, "colsample_bytree": 0.8792268890451054, "lam": 0.9763938287490044, "max_depth": 8.381550141595834, "min_child_weight": 9.638923643313996, "subsample": 0.8210649470095612}, "datetime": {"datetime": "2020-04-24 21:26:29", "elapsed": 5092.60768, "delta": 20.645184}}
{"target": 0.643497, "params": {"alpha": 0.9734982635816203, "colsample_bytree": 0.8703477103279298, "lam": 0.5019201499860572, "max_depth": 5.779259859905357, "min_child_weight": 6.343354506295685, "subsample": 0.897286744793333}, "datetime": {"datetime": "2020-04-24 21:26:53", "elapsed": 5117.005269, "delta": 24.397589}}
{"target": 0.6341711999999999, "params": {"alpha": 0.7330119796363092, "colsample_bytree": 0.8701298330753451, "lam": 0.7527290559458251, "max_depth": 8.130170080235107, "min_child_weight": 6.620641752075083, "subsample": 0.8838111370625455}, "datetime": {"datetime": "2020-04-24 21:27:18", "elapsed": 5141.934133, "delta": 24.928864}}
{"target": 0.6049490000000001, "params": {"alpha": 0.8910351354703863, "colsample_bytree": 0.8917380456272321, "lam": 0.16561402677839776, "max_depth": 7.926307850218226, "min_child_weight": 2.5881553523002854, "subsample": 0.5117502123630678}, "datetime": {"datetime": "2020-04-24 21:27:38", "elapsed": 5161.700113, "delta": 19.76598}}
{"target": 0.6433278, "params": {"alpha": 0.3457287882082998, "colsample_bytree": 0.8934858821604781, "lam": 0.14549602478626844, "max_depth": 5.836683623771453, "min_child_weight": 3.7876155529648026, "subsample": 0.898328221642863}, "datetime": {"datetime": "2020-04-24 21:27:59", "elapsed": 5182.414051, "delta": 20.713938}}
{"target": 0.611227, "params": {"alpha": 0.6514499988523866, "colsample_bytree": 0.8926243823028802, "lam": 0.03496872656935324, "max_depth": 6.569839874756342, "min_child_weight": 2.07527348408432, "subsample": 0.8300333522692729}, "datetime": {"datetime": "2020-04-24 21:28:24", "elapsed": 5207.605062, "delta": 25.191011}}
{"target": 0.629569, "params": {"alpha": 0.00572020935598927, "colsample_bytree": 0.8985751968145617, "lam": 0.1821088526066431, "max_depth": 4.249198109838302, "min_child_weight": 7.704369683137231, "subsample": 0.6012288523025541}, "datetime": {"datetime": "2020-04-24 21:28:49", "elapsed": 5232.108275, "delta": 24.503213}}
{"target": 0.6348702, "params": {"alpha": 0.5099645879722434, "colsample_bytree": 0.8963126316657535, "lam": 0.047857384316149054, "max_depth": 6.2508137220283775, "min_child_weight": 4.195913417613727, "subsample": 0.8754528857115682}, "datetime": {"datetime": "2020-04-24 21:29:13", "elapsed": 5256.180151, "delta": 24.071876}}
{"target": 0.6310192, "params": {"alpha": 0.007272280184105306, "colsample_bytree": 0.6952340589330214, "lam": 0.31074469410301053, "max_depth": 5.2103205569354545, "min_child_weight": 9.962237450458579, "subsample": 0.8996002579134452}, "datetime": {"datetime": "2020-04-24 21:29:33", "elapsed": 5276.761877, "delta": 20.581726}}
{"target": 0.6208068, "params": {"alpha": 0.03988660380703446, "colsample_bytree": 0.8935982298113729, "lam": 0.9036883163206718, "max_depth": 4.130327916810605, "min_child_weight": 4.041808827285613, "subsample": 0.5013985935492035}, "datetime": {"datetime": "2020-04-24 21:29:59", "elapsed": 5302.872211, "delta": 26.110334}}
{"target": 0.6323404, "params": {"alpha": 0.2902245089769554, "colsample_bytree": 0.8980051821601739, "lam": 0.02834564760851732, "max_depth": 5.738082336026196, "min_child_weight": 3.9507050516438156, "subsample": 0.6503954627806154}, "datetime": {"datetime": "2020-04-24 21:30:25", "elapsed": 5329.032321, "delta": 26.16011}}
{"target": 0.6309788000000001, "params": {"alpha": 0.1646199610145006, "colsample_bytree": 0.8899748138556174, "lam": 0.7459482359337921, "max_depth": 9.557342434430081, "min_child_weight": 6.755104211919256, "subsample": 0.8991276941044988}, "datetime": {"datetime": "2020-04-24 21:30:39", "elapsed": 5342.212551, "delta": 13.18023}}
{"target": 0.6257522, "params": {"alpha": 0.011081858380391107, "colsample_bytree": 0.8889303396047281, "lam": 0.9236634399997992, "max_depth": 6.512836081652841, "min_child_weight": 3.4076414869129144, "subsample": 0.8838212820933409}, "datetime": {"datetime": "2020-04-24 21:31:00", "elapsed": 5363.516003, "delta": 21.303452}}
{"target": 0.6378107999999999, "params": {"alpha": 0.08366785970865898, "colsample_bytree": 0.8843516419793411, "lam": 0.9964763510819521, "max_depth": 7.680306179873476, "min_child_weight": 4.299428766589591, "subsample": 0.818452781621596}, "datetime": {"datetime": "2020-04-24 21:31:26", "elapsed": 5389.966894, "delta": 26.450891}}
{"target": 0.6416968, "params": {"alpha": 0.08906281536011329, "colsample_bytree": 0.894050737344824, "lam": 0.0530040857461348, "max_depth": 8.439363381037266, "min_child_weight": 7.215676961553639, "subsample": 0.8947245108057036}, "datetime": {"datetime": "2020-04-24 21:31:46", "elapsed": 5409.425337, "delta": 19.458443}}
{"target": 0.6338868, "params": {"alpha": 0.03198205502153073, "colsample_bytree": 0.8858505856070426, "lam": 0.17711061682353157, "max_depth": 4.843065238782821, "min_child_weight": 9.484377024198405, "subsample": 0.5825139994438363}, "datetime": {"datetime": "2020-04-24 21:32:09", "elapsed": 5432.190359, "delta": 22.765022}}
{"target": 0.6419819999999999, "params": {"alpha": 0.09450404909977617, "colsample_bytree": 0.8599086238340898, "lam": 0.9960093582825768, "max_depth": 8.361214250929397, "min_child_weight": 8.968656317455133, "subsample": 0.8778023525401051}, "datetime": {"datetime": "2020-04-24 21:32:35", "elapsed": 5458.8156, "delta": 26.625241}}
{"target": 0.6438682, "params": {"alpha": 0.8808285830004808, "colsample_bytree": 0.8954766347200647, "lam": 0.2816180332703072, "max_depth": 6.2999551321581535, "min_child_weight": 6.390318881112878, "subsample": 0.8529573585660228}, "datetime": {"datetime": "2020-04-24 21:32:59", "elapsed": 5482.337857, "delta": 23.522257}}
{"target": 0.6245392, "params": {"alpha": 0.3098033588487227, "colsample_bytree": 0.7679242132043398, "lam": 0.11707180848240994, "max_depth": 6.369723801367917, "min_child_weight": 9.998399355054403, "subsample": 0.899697675836445}, "datetime": {"datetime": "2020-04-24 21:33:17", "elapsed": 5500.834248, "delta": 18.496391}}
{"target": 0.593268, "params": {"alpha": 0.9917677676842696, "colsample_bytree": 0.5380734885955143, "lam": 0.9356998826998599, "max_depth": 4.253557101424146, "min_child_weight": 4.077016580709166, "subsample": 0.7461802579835967}, "datetime": {"datetime": "2020-04-24 21:33:35", "elapsed": 5518.320487, "delta": 17.486239}}
{"target": 0.6426008, "params": {"alpha": 0.9546255356375416, "colsample_bytree": 0.8283868983809254, "lam": 0.9909544611986791, "max_depth": 7.876596997968247, "min_child_weight": 7.254463459084802, "subsample": 0.7587574954378735}, "datetime": {"datetime": "2020-04-24 21:33:54", "elapsed": 5537.925479, "delta": 19.604992}}
{"target": 0.621358, "params": {"alpha": 0.7524565651772358, "colsample_bytree": 0.8614797033815775, "lam": 0.35923364445949524, "max_depth": 3.6315697008874515, "min_child_weight": 5.260907071532783, "subsample": 0.5182093218372184}, "datetime": {"datetime": "2020-04-24 21:34:18", "elapsed": 5561.624834, "delta": 23.699355}}
{"target": 0.6052754, "params": {"alpha": 1.0, "colsample_bytree": 0.5000000002699478, "lam": 4.523016561265028e-10, "max_depth": 10.0, "min_child_weight": 10.0, "subsample": 0.9}, "datetime": {"datetime": "2020-04-24 21:34:41", "elapsed": 5584.78111, "delta": 23.156276}}
{"target": 0.640451, "params": {"alpha": 0.9718959095506271, "colsample_bytree": 0.8967144166061904, "lam": 0.14896201723698488, "max_depth": 8.393721414586585, "min_child_weight": 7.976859944893936, "subsample": 0.8805985849558793}, "datetime": {"datetime": "2020-04-24 21:35:00", "elapsed": 5603.616866, "delta": 18.835756}}
{"target": 0.6154120000000001, "params": {"alpha": 0.9847994022512728, "colsample_bytree": 0.8830765815309043, "lam": 0.023769339743471396, "max_depth": 4.535866139924316, "min_child_weight": 2.6247161045092904, "subsample": 0.5438757398728623}, "datetime": {"datetime": "2020-04-24 21:35:15", "elapsed": 5618.292073, "delta": 14.675207}}
{"target": 0.5967342, "params": {"alpha": 0.0, "colsample_bytree": 0.8999999997213844, "lam": 0.9999999996590607, "max_depth": 9.99999999973306, "min_child_weight": 1.0, "subsample": 0.8999999997535639}, "datetime": {"datetime": "2020-04-24 21:35:45", "elapsed": 5648.845315, "delta": 30.553242}}
{"target": 0.6238541999999999, "params": {"alpha": 0.050234069022888406, "colsample_bytree": 0.8813019329730427, "lam": 0.01886901003038044, "max_depth": 3.9161387891621726, "min_child_weight": 5.435378089077712, "subsample": 0.5656461124147876}, "datetime": {"datetime": "2020-04-24 21:36:09", "elapsed": 5672.238319, "delta": 23.393004}}
{"target": 0.6401726, "params": {"alpha": 0.9185070767811656, "colsample_bytree": 0.8632112001952076, "lam": 0.01748604996299885, "max_depth": 7.396343113436821, "min_child_weight": 8.088145214525355, "subsample": 0.8924781909341168}, "datetime": {"datetime": "2020-04-24 21:36:36", "elapsed": 5699.818207, "delta": 27.579888}}
{"target": 0.6404287999999999, "params": {"alpha": 0.961729920682371, "colsample_bytree": 0.7916719891636009, "lam": 0.019170950360006045, "max_depth": 5.584024827714911, "min_child_weight": 8.36818643516271, "subsample": 0.5974271149166903}, "datetime": {"datetime": "2020-04-24 21:37:05", "elapsed": 5728.458625, "delta": 28.640418}}
{"target": 0.631661, "params": {"alpha": 0.343359023544377, "colsample_bytree": 0.8531358254000676, "lam": 0.016237926943749592, "max_depth": 5.253588330671286, "min_child_weight": 4.073401497238716, "subsample": 0.8880394170440619}, "datetime": {"datetime": "2020-04-24 21:37:24", "elapsed": 5747.214618, "delta": 18.755993}}
{"target": 0.6090264, "params": {"alpha": 0.9196001115990441, "colsample_bytree": 0.5763282901190897, "lam": 0.023929502285926385, "max_depth": 9.959926696945946, "min_child_weight": 5.786681098384712, "subsample": 0.8967653043110231}, "datetime": {"datetime": "2020-04-24 21:37:54", "elapsed": 5777.818463, "delta": 30.603845}}
{"target": 0.623897, "params": {"alpha": 0.024385796354275957, "colsample_bytree": 0.8476200491010291, "lam": 0.09848852909382277, "max_depth": 4.320383057931892, "min_child_weight": 3.7794950071196896, "subsample": 0.8984476458697281}, "datetime": {"datetime": "2020-04-24 21:38:12", "elapsed": 5795.381702, "delta": 17.563239}}
{"target": 0.6389716, "params": {"alpha": 0.957792333736651, "colsample_bytree": 0.8177080448003575, "lam": 0.01763655478658055, "max_depth": 7.420832811301601, "min_child_weight": 8.655813153074433, "subsample": 0.8367350627597558}, "datetime": {"datetime": "2020-04-24 21:38:38", "elapsed": 5821.084142, "delta": 25.70244}}
{"target": 0.6425568, "params": {"alpha": 0.14947095685975675, "colsample_bytree": 0.7917097273537752, "lam": 0.8602163805332548, "max_depth": 6.9313109764813285, "min_child_weight": 9.989348943084464, "subsample": 0.8845767120296861}, "datetime": {"datetime": "2020-04-24 21:39:05", "elapsed": 5848.688699, "delta": 27.604557}}
{"target": 0.6359236, "params": {"alpha": 0.977575118701123, "colsample_bytree": 0.8710985104927819, "lam": 0.9337149340587827, "max_depth": 4.567961915034406, "min_child_weight": 3.9869877923450243, "subsample": 0.8534432262108624}, "datetime": {"datetime": "2020-04-24 21:39:31", "elapsed": 5874.699831, "delta": 26.011132}}
{"target": 0.5813636, "params": {"alpha": 0.9631568570183336, "colsample_bytree": 0.554239366052591, "lam": 0.101356798636, "max_depth": 4.349218867731068, "min_child_weight": 6.718021335112534, "subsample": 0.5421921125056733}, "datetime": {"datetime": "2020-04-24 21:39:57", "elapsed": 5900.944346, "delta": 26.244515}}
{"target": 0.6304484, "params": {"alpha": 0.6614152070386847, "colsample_bytree": 0.7105798473022107, "lam": 0.5581646270694176, "max_depth": 5.35113007639502, "min_child_weight": 5.24248684462136, "subsample": 0.8921972426851492}, "datetime": {"datetime": "2020-04-24 21:40:25", "elapsed": 5928.246795, "delta": 27.302449}}
{"target": 0.62392, "params": {"alpha": 0.5674516942375976, "colsample_bytree": 0.8939852498046399, "lam": 0.9853652613999677, "max_depth": 8.803507635086005, "min_child_weight": 8.876326076696023, "subsample": 0.8397758814963721}, "datetime": {"datetime": "2020-04-24 21:40:56", "elapsed": 5959.310302, "delta": 31.063507}}
{"target": 0.6283144, "params": {"alpha": 0.934591359490938, "colsample_bytree": 0.8878001308823675, "lam": 0.011675410616014403, "max_depth": 9.706341472234476, "min_child_weight": 4.5570724282810815, "subsample": 0.8986373374743133}, "datetime": {"datetime": "2020-04-24 21:41:19", "elapsed": 5982.225862, "delta": 22.91556}}
{"target": 0.619608, "params": {"alpha": 0.1694858814920922, "colsample_bytree": 0.8741840898433872, "lam": 0.9857977204661988, "max_depth": 9.361516433110216, "min_child_weight": 6.370224436574858, "subsample": 0.7005699005184649}, "datetime": {"datetime": "2020-04-24 21:41:49", "elapsed": 6012.377443, "delta": 30.151581}}
{"target": 0.645938, "params": {"alpha": 0.9513807457150225, "colsample_bytree": 0.8684839920603755, "lam": 0.9970489157736313, "max_depth": 9.30672577104773, "min_child_weight": 8.511037091963335, "subsample": 0.8171981877318353}, "datetime": {"datetime": "2020-04-24 21:42:12", "elapsed": 6035.880203, "delta": 23.50276}}
{"target": 0.6338768000000001, "params": {"alpha": 0.606246734123257, "colsample_bytree": 0.873742311255348, "lam": 0.1266188368034159, "max_depth": 9.367941844032437, "min_child_weight": 9.984552295592815, "subsample": 0.5121866625066135}, "datetime": {"datetime": "2020-04-24 21:42:31", "elapsed": 6054.603895, "delta": 18.723692}}
{"target": 0.6308724, "params": {"alpha": 0.015376057910307606, "colsample_bytree": 0.8644296209528791, "lam": 0.9987834643620429, "max_depth": 5.20844554382535, "min_child_weight": 4.044531743209834, "subsample": 0.8906487112701806}, "datetime": {"datetime": "2020-04-24 21:42:58", "elapsed": 6081.103478, "delta": 26.499583}}
{"target": 0.6226192, "params": {"alpha": 0.08297294092017604, "colsample_bytree": 0.8495089491875352, "lam": 0.07152014597050016, "max_depth": 6.218145410083229, "min_child_weight": 4.273357687952201, "subsample": 0.8987439373823194}, "datetime": {"datetime": "2020-04-24 21:43:19", "elapsed": 6102.440296, "delta": 21.336818}}
{"target": 0.6322471999999999, "params": {"alpha": 0.19387445451301344, "colsample_bytree": 0.875552307222334, "lam": 0.24649310038539185, "max_depth": 7.492382175363138, "min_child_weight": 4.903605339770673, "subsample": 0.8662428154562686}, "datetime": {"datetime": "2020-04-24 21:43:44", "elapsed": 6127.420962, "delta": 24.980666}}
{"target": 0.6253702, "params": {"alpha": 0.6328718994167045, "colsample_bytree": 0.897595393499423, "lam": 0.9745982021798983, "max_depth": 3.7695911210915103, "min_child_weight": 5.467731285589059, "subsample": 0.7206338430162402}, "datetime": {"datetime": "2020-04-24 21:44:10", "elapsed": 6153.96001, "delta": 26.539048}}
{"target": 0.6416826, "params": {"alpha": 0.05103772322895206, "colsample_bytree": 0.8177034625729165, "lam": 0.6404659540315906, "max_depth": 8.310478247160802, "min_child_weight": 8.660816280063585, "subsample": 0.8632434934904616}, "datetime": {"datetime": "2020-04-24 21:44:40", "elapsed": 6183.11347, "delta": 29.15346}}
{"target": 0.6205963999999999, "params": {"alpha": 0.9988110883857162, "colsample_bytree": 0.7204912038749864, "lam": 0.9912157021172509, "max_depth": 4.969772012848711, "min_child_weight": 3.2029552221287148, "subsample": 0.8890178421158883}, "datetime": {"datetime": "2020-04-24 21:45:14", "elapsed": 6218.033172, "delta": 34.919702}}
{"target": 0.6247346, "params": {"alpha": 0.9933588070355962, "colsample_bytree": 0.7416826514021748, "lam": 0.570508787792032, "max_depth": 9.349791222772456, "min_child_weight": 8.341784265608853, "subsample": 0.8789615759522271}, "datetime": {"datetime": "2020-04-24 21:45:35", "elapsed": 6238.412573, "delta": 20.379401}}
{"target": 0.5569468000000001, "params": {"alpha": 1.0, "colsample_bytree": 0.5000000044831647, "lam": 1.0, "max_depth": 6.687202298727041, "min_child_weight": 1.0000000402858107, "subsample": 0.5000000043490277}, "datetime": {"datetime": "2020-04-24 21:45:59", "elapsed": 6262.676723, "delta": 24.26415}}
{"target": 0.6324122, "params": {"alpha": 0.7006296788466074, "colsample_bytree": 0.8862241487712792, "lam": 0.9615453764422165, "max_depth": 5.358563023366265, "min_child_weight": 8.964928396911429, "subsample": 0.79923194211286}, "datetime": {"datetime": "2020-04-24 21:46:25", "elapsed": 6288.122477, "delta": 25.445754}}
{"target": 0.6033147999999999, "params": {"alpha": 0.0032196330532018314, "colsample_bytree": 0.8706811434933484, "lam": 0.527298317224128, "max_depth": 9.90953642753289, "min_child_weight": 4.447070116324982, "subsample": 0.5408508390958671}, "datetime": {"datetime": "2020-04-24 21:46:50", "elapsed": 6313.067787, "delta": 24.94531}}
{"target": 0.6181224000000001, "params": {"alpha": 0.6690934507298547, "colsample_bytree": 0.8898490743012447, "lam": 0.9699849653961415, "max_depth": 8.799524103793763, "min_child_weight": 3.720705933450403, "subsample": 0.5377608294975788}, "datetime": {"datetime": "2020-04-24 21:47:26", "elapsed": 6349.315768, "delta": 36.247981}}
{"target": 0.626406, "params": {"alpha": 0.3952444909348418, "colsample_bytree": 0.8529272449757288, "lam": 0.9794773371085511, "max_depth": 8.88534603677853, "min_child_weight": 6.485865555674316, "subsample": 0.8925304874372633}, "datetime": {"datetime": "2020-04-24 21:47:56", "elapsed": 6379.642918, "delta": 30.32715}}
{"target": 0.6175425999999999, "params": {"alpha": 0.019450233230313252, "colsample_bytree": 0.8002902321061021, "lam": 0.11185512379580098, "max_depth": 7.898443703842031, "min_child_weight": 5.962746538311097, "subsample": 0.6861530310564695}, "datetime": {"datetime": "2020-04-24 21:48:25", "elapsed": 6408.065035, "delta": 28.422117}}
{"target": 0.6411141999999999, "params": {"alpha": 0.01079986935598587, "colsample_bytree": 0.8726586697194119, "lam": 0.21032489300815638, "max_depth": 5.940603316126021, "min_child_weight": 6.324349378749621, "subsample": 0.8765078083260398}, "datetime": {"datetime": "2020-04-24 21:48:53", "elapsed": 6436.396129, "delta": 28.331094}}
{"target": 0.6279252, "params": {"alpha": 0.5055955405600483, "colsample_bytree": 0.7782675595773408, "lam": 0.9904196728672534, "max_depth": 4.498379908140237, "min_child_weight": 3.644021380217106, "subsample": 0.8745929018188536}, "datetime": {"datetime": "2020-04-24 21:49:18", "elapsed": 6461.328689, "delta": 24.93256}}
{"target": 0.6303116, "params": {"alpha": 0.8719821651404748, "colsample_bytree": 0.777579932189355, "lam": 0.8474639071061657, "max_depth": 9.543003733814139, "min_child_weight": 6.284208401452455, "subsample": 0.8897487496474239}, "datetime": {"datetime": "2020-04-24 21:49:45", "elapsed": 6488.838979, "delta": 27.51029}}
{"target": 0.6228518000000001, "params": {"alpha": 1.0, "colsample_bytree": 0.8999999602434432, "lam": 0.9999999688379368, "max_depth": 7.716626956698646, "min_child_weight": 4.867414807189374, "subsample": 0.5000000101684676}, "datetime": {"datetime": "2020-04-24 21:50:09", "elapsed": 6512.19424, "delta": 23.355261}}
{"target": 0.6265825999999999, "params": {"alpha": 0.034471245666091055, "colsample_bytree": 0.8744793866266203, "lam": 0.6750779176218877, "max_depth": 8.00005092818386, "min_child_weight": 9.107026221726182, "subsample": 0.8483774637440831}, "datetime": {"datetime": "2020-04-24 21:50:41", "elapsed": 6544.517593, "delta": 32.323353}}
{"target": 0.5506404, "params": {"alpha": 0.0, "colsample_bytree": 0.5000000048103718, "lam": 0.9999999959264018, "max_depth": 9.19040974893177, "min_child_weight": 1.4871693512348942, "subsample": 0.5}, "datetime": {"datetime": "2020-04-24 21:51:09", "elapsed": 6572.252286, "delta": 27.734693}}
{"target": 0.6213108, "params": {"alpha": 0.2172908807592151, "colsample_bytree": 0.8896621208918888, "lam": 0.9825634752933678, "max_depth": 8.011789672977434, "min_child_weight": 2.759796187112533, "subsample": 0.8771305920419679}, "datetime": {"datetime": "2020-04-24 21:51:35", "elapsed": 6598.309274, "delta": 26.056988}}
{"target": 0.6294132, "params": {"alpha": 0.5582045982417803, "colsample_bytree": 0.8948110251418712, "lam": 0.002682744228199918, "max_depth": 9.76658427363554, "min_child_weight": 9.259895863285156, "subsample": 0.7064874548467457}, "datetime": {"datetime": "2020-04-24 21:52:02", "elapsed": 6625.954731, "delta": 27.645457}}
