{"target": 0.6379244, "params": {"alpha": 0.686514878167673, "colsample_bytree": 0.8838838988457725, "lam": 0.03436163432565542, "max_depth": 8.802923928267099, "min_child_weight": 9.933492400118384, "subsample": 0.8767074811396873}, "datetime": {"datetime": "2020-04-24 19:05:03", "elapsed": 5222.448258, "delta": 25.308619}}
{"target": 0.6350355999999999, "params": {"alpha": 0.9687254322113217, "colsample_bytree": 0.8579926629661974, "lam": 0.4485901478694836, "max_depth": 4.274704673806369, "min_child_weight": 9.847041397762618, "subsample": 0.7001948438594543}, "datetime": {"datetime": "2020-04-24 19:05:30", "elapsed": 5249.545399, "delta": 27.097141}}
{"target": 0.6218588, "params": {"alpha": 0.894152301314669, "colsample_bytree": 0.647923895857906, "lam": 0.9772254134975418, "max_depth": 9.320555908243172, "min_child_weight": 4.3626077849425675, "subsample": 0.8121956408863551}, "datetime": {"datetime": "2020-04-24 19:05:54", "elapsed": 5272.917367, "delta": 23.371968}}
{"target": 0.6336614, "params": {"alpha": 0.002116565792274594, "colsample_bytree": 0.8178795641766857, "lam": 0.4280958152005998, "max_depth": 4.993424008801106, "min_child_weight": 8.51788309881384, "subsample": 0.7068880456073436}, "datetime": {"datetime": "2020-04-24 19:06:20", "elapsed": 5299.097715, "delta": 26.180348}}
{"target": 0.6352932, "params": {"alpha": 0.9905943062486615, "colsample_bytree": 0.8662140452417817, "lam": 0.21056566225193574, "max_depth": 6.1199803759866525, "min_child_weight": 8.148755550493828, "subsample": 0.8453466177047615}, "datetime": {"datetime": "2020-04-24 19:06:47", "elapsed": 5326.027344, "delta": 26.929629}}
{"target": 0.6207602, "params": {"alpha": 0.6653685037241307, "colsample_bytree": 0.8786203086513095, "lam": 0.018807961144203467, "max_depth": 3.8299062374820663, "min_child_weight": 2.106165882317202, "subsample": 0.881751665610562}, "datetime": {"datetime": "2020-04-24 19:07:15", "elapsed": 5354.428941, "delta": 28.401597}}
{"target": 0.6356628, "params": {"alpha": 0.6480593164508176, "colsample_bytree": 0.8935581424610082, "lam": 0.5030045124923381, "max_depth": 8.887614273903546, "min_child_weight": 7.912447250143831, "subsample": 0.8888198324939114}, "datetime": {"datetime": "2020-04-24 19:07:41", "elapsed": 5380.140383, "delta": 25.711442}}
{"target": 0.5797724000000001, "params": {"alpha": 0.9729379167742275, "colsample_bytree": 0.5398530870771527, "lam": 0.9480541733408113, "max_depth": 9.92794081435823, "min_child_weight": 5.998705761473153, "subsample": 0.6732466438865228}, "datetime": {"datetime": "2020-04-24 19:08:04", "elapsed": 5403.828423, "delta": 23.68804}}
{"target": 0.630469, "params": {"alpha": 0.022816687783370204, "colsample_bytree": 0.8801441377740178, "lam": 0.7353079495376844, "max_depth": 7.2724520121957195, "min_child_weight": 7.052921745803029, "subsample": 0.8857343901665937}, "datetime": {"datetime": "2020-04-24 19:08:28", "elapsed": 5427.042194, "delta": 23.213771}}
{"target": 0.6203131999999999, "params": {"alpha": 0.07303936113670095, "colsample_bytree": 0.5687531902405607, "lam": 0.968975069579913, "max_depth": 7.502089722245183, "min_child_weight": 6.91876569176544, "subsample": 0.8849350236532377}, "datetime": {"datetime": "2020-04-24 19:08:58", "elapsed": 5457.048716, "delta": 30.006522}}
{"target": 0.6333428, "params": {"alpha": 0.008716014318119303, "colsample_bytree": 0.8463325688300158, "lam": 0.037998769854568404, "max_depth": 9.245912061728749, "min_child_weight": 9.356056295000274, "subsample": 0.5003831787811287}, "datetime": {"datetime": "2020-04-24 19:09:17", "elapsed": 5476.292145, "delta": 19.243429}}
{"target": 0.6403573999999999, "params": {"alpha": 0.07321839862044965, "colsample_bytree": 0.8527046867256551, "lam": 0.9521633380401266, "max_depth": 3.7308828320145127, "min_child_weight": 7.5454102980394975, "subsample": 0.5845877418009776}, "datetime": {"datetime": "2020-04-24 19:09:47", "elapsed": 5506.801742, "delta": 30.509597}}
{"target": 0.6139022, "params": {"alpha": 0.001490779367989914, "colsample_bytree": 0.6588394440284662, "lam": 0.9927520058213777, "max_depth": 3.652281913884472, "min_child_weight": 7.861769674699474, "subsample": 0.6225337199605279}, "datetime": {"datetime": "2020-04-24 19:10:13", "elapsed": 5532.667162, "delta": 25.86542}}
{"target": 0.631621, "params": {"alpha": 0.8315436460692484, "colsample_bytree": 0.8622267497540643, "lam": 0.4740113920782343, "max_depth": 9.972284768108157, "min_child_weight": 6.841368515595223, "subsample": 0.8708543811232479}, "datetime": {"datetime": "2020-04-24 19:10:39", "elapsed": 5558.515564, "delta": 25.848402}}
{"target": 0.6205529999999999, "params": {"alpha": 1.6695050351900303e-14, "colsample_bytree": 0.899999999999996, "lam": 0.999999999999985, "max_depth": 7.228139065524272, "min_child_weight": 1.0, "subsample": 0.5}, "datetime": {"datetime": "2020-04-24 19:11:09", "elapsed": 5588.39523, "delta": 29.879666}}
{"target": 0.630522, "params": {"alpha": 0.014973872028170021, "colsample_bytree": 0.8998970623012239, "lam": 0.5562259829629291, "max_depth": 8.620081089862458, "min_child_weight": 9.551593806275998, "subsample": 0.8490902037418807}, "datetime": {"datetime": "2020-04-24 19:11:34", "elapsed": 5612.924096, "delta": 24.528866}}
{"target": 0.5869384, "params": {"alpha": 0.0001852383590999813, "colsample_bytree": 0.865019162634267, "lam": 8.299886121585234e-05, "max_depth": 3.0000000806690927, "min_child_weight": 5.231794592495159, "subsample": 0.5}, "datetime": {"datetime": "2020-04-24 19:11:57", "elapsed": 5636.110521, "delta": 23.186425}}
{"target": 0.6254676, "params": {"alpha": 0.45553770212338707, "colsample_bytree": 0.8686396829171129, "lam": 0.9816709331537319, "max_depth": 4.29327645658827, "min_child_weight": 7.0047693669075395, "subsample": 0.6317254683984852}, "datetime": {"datetime": "2020-04-24 19:12:18", "elapsed": 5657.1001, "delta": 20.989579}}
{"target": 0.6160594, "params": {"alpha": 0.1475164666571439, "colsample_bytree": 0.534486051376085, "lam": 0.726688124687699, "max_depth": 9.185125651917168, "min_child_weight": 9.979976328412448, "subsample": 0.8349645175166329}, "datetime": {"datetime": "2020-04-24 19:12:48", "elapsed": 5687.022006, "delta": 29.921906}}
{"target": 0.5961634, "params": {"alpha": 0.9380581281486946, "colsample_bytree": 0.5598622385049118, "lam": 0.05091021328972012, "max_depth": 4.004269004183694, "min_child_weight": 4.873543826874495, "subsample": 0.5091084141343349}, "datetime": {"datetime": "2020-04-24 19:13:17", "elapsed": 5716.521155, "delta": 29.499149}}
{"target": 0.6322694, "params": {"alpha": 0.12850977416219755, "colsample_bytree": 0.8983817240399665, "lam": 0.9609037978014543, "max_depth": 5.1927165351627576, "min_child_weight": 9.898937778416737, "subsample": 0.8947698245322212}, "datetime": {"datetime": "2020-04-24 19:13:41", "elapsed": 5740.107871, "delta": 23.586716}}
{"target": 0.6399250000000001, "params": {"alpha": 0.48059471027808387, "colsample_bytree": 0.8497744571777757, "lam": 0.993909549337205, "max_depth": 4.758140795096519, "min_child_weight": 5.622573844142284, "subsample": 0.8331620866296601}, "datetime": {"datetime": "2020-04-24 19:14:12", "elapsed": 5771.664457, "delta": 31.556586}}
{"target": 0.6353534, "params": {"alpha": 0.6852538058194407, "colsample_bytree": 0.8797144198841644, "lam": 0.9353273019853067, "max_depth": 9.743645196801705, "min_child_weight": 6.753764859022224, "subsample": 0.5669973251046733}, "datetime": {"datetime": "2020-04-24 19:14:34", "elapsed": 5793.480394, "delta": 21.815937}}
{"target": 0.5933386, "params": {"alpha": 0.43907071484881033, "colsample_bytree": 0.8874112604646405, "lam": 0.06140851631134081, "max_depth": 3.103718316871064, "min_child_weight": 4.595071348470778, "subsample": 0.8813929471513566}, "datetime": {"datetime": "2020-04-24 19:14:56", "elapsed": 5815.314076, "delta": 21.833682}}
{"target": 0.6357421999999999, "params": {"alpha": 0.0036566375429039066, "colsample_bytree": 0.8054303957343455, "lam": 0.36775525361684713, "max_depth": 5.716001691106117, "min_child_weight": 9.981712155280436, "subsample": 0.8971516822810485}, "datetime": {"datetime": "2020-04-24 19:15:25", "elapsed": 5844.088931, "delta": 28.774855}}
{"target": 0.6381903999999999, "params": {"alpha": 0.3565532612315321, "colsample_bytree": 0.8822197856429419, "lam": 0.031625348524704666, "max_depth": 8.378615941965442, "min_child_weight": 6.988640313359344, "subsample": 0.893758211891049}, "datetime": {"datetime": "2020-04-24 19:16:02", "elapsed": 5881.040235, "delta": 36.951304}}
{"target": 0.6351448, "params": {"alpha": 0.018841231595953745, "colsample_bytree": 0.8864043028470825, "lam": 0.02841915894515079, "max_depth": 8.388103525008091, "min_child_weight": 6.75064692878627, "subsample": 0.5727601227030324}, "datetime": {"datetime": "2020-04-24 19:16:28", "elapsed": 5907.86264, "delta": 26.822405}}
{"target": 0.6420277999999999, "params": {"alpha": 0.749986999801359, "colsample_bytree": 0.8767247854649239, "lam": 0.9811060260580794, "max_depth": 5.649475731835619, "min_child_weight": 8.791486652653974, "subsample": 0.8923275089829459}, "datetime": {"datetime": "2020-04-24 19:16:53", "elapsed": 5932.88171, "delta": 25.01907}}
{"target": 0.6238616, "params": {"alpha": 0.002337260716722356, "colsample_bytree": 0.7717399340588953, "lam": 0.00974188968308376, "max_depth": 5.27598773223783, "min_child_weight": 2.7013422295310416, "subsample": 0.5025383360400554}, "datetime": {"datetime": "2020-04-24 19:17:22", "elapsed": 5960.912892, "delta": 28.031182}}
{"target": 0.639072, "params": {"alpha": 0.010047777041895634, "colsample_bytree": 0.8922168519728235, "lam": 0.734761600155064, "max_depth": 8.975434309744521, "min_child_weight": 8.723205222417839, "subsample": 0.6054688229892824}, "datetime": {"datetime": "2020-04-24 19:17:51", "elapsed": 5990.277025, "delta": 29.364133}}
{"target": 0.622323, "params": {"alpha": 0.8608214984573952, "colsample_bytree": 0.8957688831019763, "lam": 0.9957557725355243, "max_depth": 4.107866109180964, "min_child_weight": 4.988699113295997, "subsample": 0.8704874642563765}, "datetime": {"datetime": "2020-04-24 19:18:12", "elapsed": 6010.938425, "delta": 20.6614}}
{"target": 0.6155136, "params": {"alpha": 0.5709301731848524, "colsample_bytree": 0.8827329701520494, "lam": 0.12942113209609085, "max_depth": 7.651024744107659, "min_child_weight": 5.880236062019236, "subsample": 0.5471533822612653}, "datetime": {"datetime": "2020-04-24 19:18:37", "elapsed": 6036.49498, "delta": 25.556555}}
{"target": 0.6342788, "params": {"alpha": 0.8841518985205578, "colsample_bytree": 0.8865583207109122, "lam": 0.9971303856918254, "max_depth": 5.101706855654488, "min_child_weight": 8.421335339061791, "subsample": 0.7343983869259558}, "datetime": {"datetime": "2020-04-24 19:19:02", "elapsed": 6061.429208, "delta": 24.934228}}
{"target": 0.6260624000000001, "params": {"alpha": 0.10362262977918901, "colsample_bytree": 0.6978918047807765, "lam": 0.9981913780880467, "max_depth": 7.608870602760637, "min_child_weight": 4.813838005014162, "subsample": 0.8867062748607406}, "datetime": {"datetime": "2020-04-24 19:19:24", "elapsed": 6083.015224, "delta": 21.586016}}
{"target": 0.5949936000000001, "params": {"alpha": 0.0701937956055605, "colsample_bytree": 0.5492405101194356, "lam": 0.9527604316598411, "max_depth": 7.038589465927844, "min_child_weight": 7.520032448843372, "subsample": 0.5408459267527397}, "datetime": {"datetime": "2020-04-24 19:19:49", "elapsed": 6108.015814, "delta": 25.00059}}
{"target": 0.5901102, "params": {"alpha": 1.0, "colsample_bytree": 0.9, "lam": 0.0, "max_depth": 10.0, "min_child_weight": 1.9088170983063326, "subsample": 0.8999999991248226}, "datetime": {"datetime": "2020-04-24 19:20:10", "elapsed": 6129.581254, "delta": 21.56544}}
{"target": 0.6306267999999999, "params": {"alpha": 0.39219984982738254, "colsample_bytree": 0.8971599257253309, "lam": 0.9776557388389469, "max_depth": 7.795126326413321, "min_child_weight": 2.8469412267145713, "subsample": 0.8921414145771327}, "datetime": {"datetime": "2020-04-24 19:20:39", "elapsed": 6158.67852, "delta": 29.097266}}
{"target": 0.633509, "params": {"alpha": 0.4505870547935743, "colsample_bytree": 0.8516142669550699, "lam": 0.9727532360334101, "max_depth": 6.941509752594283, "min_child_weight": 4.611038968164212, "subsample": 0.8828360526520791}, "datetime": {"datetime": "2020-04-24 19:21:04", "elapsed": 6183.430563, "delta": 24.752043}}
{"target": 0.631019, "params": {"alpha": 0.08623972278275982, "colsample_bytree": 0.8451253975451558, "lam": 0.9622885020855898, "max_depth": 5.60738167504298, "min_child_weight": 8.989139703142742, "subsample": 0.7785351060699663}, "datetime": {"datetime": "2020-04-24 19:21:30", "elapsed": 6209.637823, "delta": 26.20726}}
{"target": 0.6406973999999999, "params": {"alpha": 0.011562362525515568, "colsample_bytree": 0.873772933955562, "lam": 0.01878918216275527, "max_depth": 5.785699222038424, "min_child_weight": 8.5638846046939, "subsample": 0.828273934471804}, "datetime": {"datetime": "2020-04-24 19:21:54", "elapsed": 6233.712108, "delta": 24.074285}}
{"target": 0.5861012000000001, "params": {"alpha": 0.9302861723343586, "colsample_bytree": 0.8917426058311549, "lam": 0.9872171629403146, "max_depth": 8.804987359087404, "min_child_weight": 1.1021402366270845, "subsample": 0.5776928691557363}, "datetime": {"datetime": "2020-04-24 19:22:23", "elapsed": 6262.25984, "delta": 28.547732}}
{"target": 0.6387272000000002, "params": {"alpha": 0.9800741450004598, "colsample_bytree": 0.8819964000934937, "lam": 0.7121230364590275, "max_depth": 5.839368291535674, "min_child_weight": 9.969992298988364, "subsample": 0.5769368001610107}, "datetime": {"datetime": "2020-04-24 19:22:43", "elapsed": 6282.678134, "delta": 20.418294}}
{"target": 0.6055116, "params": {"alpha": 0.011471921348366165, "colsample_bytree": 0.6042237248687896, "lam": 0.03866225573314053, "max_depth": 6.809339250614122, "min_child_weight": 7.0605002072452585, "subsample": 0.8824346649314996}, "datetime": {"datetime": "2020-04-24 19:23:07", "elapsed": 6306.791836, "delta": 24.113702}}
{"target": 0.6368418, "params": {"alpha": 0.48739809275011514, "colsample_bytree": 0.8621645370188523, "lam": 0.43133895739222405, "max_depth": 6.452230659881401, "min_child_weight": 8.260526277174122, "subsample": 0.8983605898713264}, "datetime": {"datetime": "2020-04-24 19:23:41", "elapsed": 6340.540072, "delta": 33.748236}}
{"target": 0.6121454, "params": {"alpha": 0.8968025485227117, "colsample_bytree": 0.889993389160702, "lam": 0.4179870005388143, "max_depth": 6.683680610863783, "min_child_weight": 9.995788395154083, "subsample": 0.5285936611670856}, "datetime": {"datetime": "2020-04-24 19:24:01", "elapsed": 6360.461583, "delta": 19.921511}}
{"target": 0.6187412, "params": {"alpha": 0.010994974073545771, "colsample_bytree": 0.8615437712093259, "lam": 0.9632108957124376, "max_depth": 4.195243749589547, "min_child_weight": 7.528122489226433, "subsample": 0.6206109160885845}, "datetime": {"datetime": "2020-04-24 19:24:33", "elapsed": 6392.356634, "delta": 31.895051}}
{"target": 0.5944115999999999, "params": {"alpha": 0.5930831147813819, "colsample_bytree": 0.8808070841229918, "lam": 0.9923845222327421, "max_depth": 3.348405665164944, "min_child_weight": 7.651915654520084, "subsample": 0.6657687992745353}, "datetime": {"datetime": "2020-04-24 19:24:57", "elapsed": 6416.38591, "delta": 24.029276}}
{"target": 0.6369766, "params": {"alpha": 0.7484619317521467, "colsample_bytree": 0.8895325844257328, "lam": 0.015494786927767401, "max_depth": 5.779725726440011, "min_child_weight": 9.480217970663, "subsample": 0.7502985052972116}, "datetime": {"datetime": "2020-04-24 19:25:21", "elapsed": 6440.271505, "delta": 23.885595}}
{"target": 0.5975577999999999, "params": {"alpha": 0.08787400421795633, "colsample_bytree": 0.8603356160914906, "lam": 0.924276072675071, "max_depth": 3.296015225813886, "min_child_weight": 7.086976444035251, "subsample": 0.5142494014887522}, "datetime": {"datetime": "2020-04-24 19:25:48", "elapsed": 6467.298152, "delta": 27.026647}}
{"target": 0.6214875999999999, "params": {"alpha": 0.008457589116073416, "colsample_bytree": 0.6782976424535938, "lam": 0.9956936708350628, "max_depth": 3.591014039925534, "min_child_weight": 6.005260349625102, "subsample": 0.8929853049099579}, "datetime": {"datetime": "2020-04-24 19:26:17", "elapsed": 6496.678007, "delta": 29.379855}}
{"target": 0.6269394, "params": {"alpha": 0.9342951565241647, "colsample_bytree": 0.6930839496359145, "lam": 0.9877384775295734, "max_depth": 5.696109618816604, "min_child_weight": 3.635804735242454, "subsample": 0.5171582976042732}, "datetime": {"datetime": "2020-04-24 19:26:38", "elapsed": 6517.326788, "delta": 20.648781}}
{"target": 0.6306274, "params": {"alpha": 0.40675395090823097, "colsample_bytree": 0.8912318314206427, "lam": 0.9915189168228934, "max_depth": 4.023623778182715, "min_child_weight": 6.247719840815757, "subsample": 0.8686441672270967}, "datetime": {"datetime": "2020-04-24 19:27:02", "elapsed": 6541.272838, "delta": 23.94605}}
{"target": 0.631513, "params": {"alpha": 0.04617808563357517, "colsample_bytree": 0.850883206254827, "lam": 0.9830794887515532, "max_depth": 9.855418529982037, "min_child_weight": 6.526933103928752, "subsample": 0.885688964987319}, "datetime": {"datetime": "2020-04-24 19:27:29", "elapsed": 6568.597094, "delta": 27.324256}}
{"target": 0.6033738000000001, "params": {"alpha": 0.09674640323002792, "colsample_bytree": 0.874685015009165, "lam": 0.017132576459534588, "max_depth": 4.868103436017291, "min_child_weight": 1.5753009990668212, "subsample": 0.5036989092427274}, "datetime": {"datetime": "2020-04-24 19:28:02", "elapsed": 6600.968207, "delta": 32.371113}}
{"target": 0.6285076, "params": {"alpha": 0.005682456979053896, "colsample_bytree": 0.8913377614832936, "lam": 0.28413532575096634, "max_depth": 8.263610961181005, "min_child_weight": 6.814414583105652, "subsample": 0.8609226115466508}, "datetime": {"datetime": "2020-04-24 19:28:34", "elapsed": 6633.457245, "delta": 32.489038}}
{"target": 0.6412686, "params": {"alpha": 0.6228823424239125, "colsample_bytree": 0.8901388585425726, "lam": 0.10251967893035518, "max_depth": 7.597969125322884, "min_child_weight": 9.478792214580373, "subsample": 0.8591443610894427}, "datetime": {"datetime": "2020-04-24 19:28:58", "elapsed": 6657.608603, "delta": 24.151358}}
{"target": 0.6236012, "params": {"alpha": 0.4524086764141503, "colsample_bytree": 0.8214453540120634, "lam": 0.471556008685695, "max_depth": 5.504269170564978, "min_child_weight": 9.992916643081278, "subsample": 0.6494257470372511}, "datetime": {"datetime": "2020-04-24 19:29:27", "elapsed": 6686.196989, "delta": 28.588386}}
{"target": 0.5540324, "params": {"alpha": 0.999999997000962, "colsample_bytree": 0.5, "lam": 0.999999998746226, "max_depth": 10.0, "min_child_weight": 1.0, "subsample": 0.8999999897067874}, "datetime": {"datetime": "2020-04-24 19:29:50", "elapsed": 6709.281322, "delta": 23.084333}}
{"target": 0.6327444000000001, "params": {"alpha": 0.006747208286238315, "colsample_bytree": 0.899648548708182, "lam": 0.056270119406198194, "max_depth": 8.648799560733867, "min_child_weight": 8.949797118768512, "subsample": 0.8799098759533404}, "datetime": {"datetime": "2020-04-24 19:30:21", "elapsed": 6740.773234, "delta": 31.491912}}
{"target": 0.5954729999999999, "params": {"alpha": 0.9275862458206142, "colsample_bytree": 0.8890008630628217, "lam": 0.7953255553107049, "max_depth": 3.297759527255308, "min_child_weight": 1.8886704932147165, "subsample": 0.5357095038410493}, "datetime": {"datetime": "2020-04-24 19:30:48", "elapsed": 6767.277451, "delta": 26.504217}}
{"target": 0.6234094000000001, "params": {"alpha": 0.0027206079433574892, "colsample_bytree": 0.8283155146799586, "lam": 0.9949983892649733, "max_depth": 6.223389494693324, "min_child_weight": 3.0574741141095516, "subsample": 0.8838283377397391}, "datetime": {"datetime": "2020-04-24 19:31:19", "elapsed": 6798.63914, "delta": 31.361689}}
{"target": 0.5982108, "params": {"alpha": 0.9267279901498622, "colsample_bytree": 0.8755684360055181, "lam": 0.050008272194145054, "max_depth": 7.28887803858703, "min_child_weight": 1.9138960096126933, "subsample": 0.8893414346531634}, "datetime": {"datetime": "2020-04-24 19:31:45", "elapsed": 6824.241898, "delta": 25.602758}}
{"target": 0.6308414, "params": {"alpha": 0.2653809312035079, "colsample_bytree": 0.8438553834084198, "lam": 0.9901915946583656, "max_depth": 7.6236211287948485, "min_child_weight": 4.451094439694418, "subsample": 0.5102638527390266}, "datetime": {"datetime": "2020-04-24 19:32:12", "elapsed": 6851.151314, "delta": 26.909416}}
{"target": 0.5558238, "params": {"alpha": 0.999999998762496, "colsample_bytree": 0.5000000457547763, "lam": 0.999999999723809, "max_depth": 3.000000005608919, "min_child_weight": 6.437265123950604, "subsample": 0.9}, "datetime": {"datetime": "2020-04-24 19:32:37", "elapsed": 6876.527738, "delta": 25.376424}}
{"target": 0.6292116, "params": {"alpha": 0.06806702642805663, "colsample_bytree": 0.899999983137589, "lam": 0.9999999578439723, "max_depth": 7.71701705115875, "min_child_weight": 3.8453121211942145, "subsample": 0.899999983137589}, "datetime": {"datetime": "2020-04-24 19:33:10", "elapsed": 6909.768472, "delta": 33.240734}}
{"target": 0.6327261999999999, "params": {"alpha": 0.9854434419952879, "colsample_bytree": 0.8762809529050887, "lam": 0.015384689162731058, "max_depth": 4.503475260190343, "min_child_weight": 7.70798065205808, "subsample": 0.79205889757066}, "datetime": {"datetime": "2020-04-24 19:33:32", "elapsed": 6930.906379, "delta": 21.137907}}
{"target": 0.6424814, "params": {"alpha": 0.9735600662294385, "colsample_bytree": 0.8484812508626545, "lam": 0.8404794254130188, "max_depth": 6.794606848587767, "min_child_weight": 9.141126522808058, "subsample": 0.8590065654688832}, "datetime": {"datetime": "2020-04-24 19:33:56", "elapsed": 6955.310894, "delta": 24.404515}}
