{"target": 0.6373226000000001, "params": {"alpha": 0.03156226615989288, "colsample_bytree": 0.8834735533321056, "lam": 0.9643435364382492, "max_depth": 8.44349196197413, "min_child_weight": 6.739946172218998, "subsample": 0.7860620610160278}, "datetime": {"datetime": "2020-04-25 19:09:32", "elapsed": 6626.467352, "delta": 34.500647}}
{"target": 0.6226228, "params": {"alpha": 0.9613289530198591, "colsample_bytree": 0.8985713888816625, "lam": 0.05455604564585792, "max_depth": 9.979026732161635, "min_child_weight": 8.345303637890412, "subsample": 0.5047218109030472}, "datetime": {"datetime": "2020-04-25 19:10:01", "elapsed": 6654.722572, "delta": 28.25522}}
{"target": 0.6348798, "params": {"alpha": 0.9686538609192216, "colsample_bytree": 0.8627103906743938, "lam": 0.025805530769961615, "max_depth": 5.772851631842694, "min_child_weight": 2.687520681434183, "subsample": 0.8955631312948726}, "datetime": {"datetime": "2020-04-25 19:10:29", "elapsed": 6682.664854, "delta": 27.942282}}
{"target": 0.620666, "params": {"alpha": 0.4562030344008349, "colsample_bytree": 0.8955825471053567, "lam": 0.3993424819562804, "max_depth": 5.583238758742812, "min_child_weight": 7.131089024521907, "subsample": 0.7137326111450455}, "datetime": {"datetime": "2020-04-25 19:10:53", "elapsed": 6707.161042, "delta": 24.496188}}
{"target": 0.6067616, "params": {"alpha": 0.917515881586245, "colsample_bytree": 0.5933483648180864, "lam": 0.05840638912274376, "max_depth": 5.252386595029304, "min_child_weight": 7.039918994631292, "subsample": 0.8187762604682218}, "datetime": {"datetime": "2020-04-25 19:11:21", "elapsed": 6735.419454, "delta": 28.258412}}
{"target": 0.6432658, "params": {"alpha": 0.7085840112308343, "colsample_bytree": 0.8967613221073629, "lam": 0.6106022229423766, "max_depth": 9.50837609812065, "min_child_weight": 9.798417248682762, "subsample": 0.8682974121310294}, "datetime": {"datetime": "2020-04-25 19:11:54", "elapsed": 6768.270285, "delta": 32.850831}}
{"target": 0.6101666, "params": {"alpha": 0.007092063850975161, "colsample_bytree": 0.8579522246093563, "lam": 0.9673994333436166, "max_depth": 3.2775211923115766, "min_child_weight": 6.153677162739351, "subsample": 0.7444351592868846}, "datetime": {"datetime": "2020-04-25 19:12:24", "elapsed": 6798.093341, "delta": 29.823056}}
{"target": 0.6025720000000001, "params": {"alpha": 0.048011068038871896, "colsample_bytree": 0.5817352777769654, "lam": 0.5387363218595215, "max_depth": 4.997940765476986, "min_child_weight": 9.958621415324444, "subsample": 0.8944448140602788}, "datetime": {"datetime": "2020-04-25 19:12:49", "elapsed": 6822.82264, "delta": 24.729299}}
{"target": 0.6250321999999999, "params": {"alpha": 0.8827139073393917, "colsample_bytree": 0.780508323856141, "lam": 0.023984509772573936, "max_depth": 5.92876617538205, "min_child_weight": 7.714686714644772, "subsample": 0.5320742305585319}, "datetime": {"datetime": "2020-04-25 19:13:19", "elapsed": 6852.918663, "delta": 30.096023}}
{"target": 0.634833, "params": {"alpha": 0.987159272887431, "colsample_bytree": 0.8386631160112665, "lam": 0.4979702332505298, "max_depth": 4.604604660723671, "min_child_weight": 7.52199279012719, "subsample": 0.7873573647873806}, "datetime": {"datetime": "2020-04-25 19:13:41", "elapsed": 6875.527416, "delta": 22.608753}}
{"target": 0.5825262, "params": {"alpha": 0.47867611312774805, "colsample_bytree": 0.5114824395996345, "lam": 0.9258684422718882, "max_depth": 9.974944866080993, "min_child_weight": 4.049703205911979, "subsample": 0.8708159503844022}, "datetime": {"datetime": "2020-04-25 19:14:10", "elapsed": 6903.94224, "delta": 28.414824}}
{"target": 0.6083256, "params": {"alpha": 0.9877465892932571, "colsample_bytree": 0.5861784263785903, "lam": 0.89809376903553, "max_depth": 4.321128650233994, "min_child_weight": 4.263585902836526, "subsample": 0.7608161641770173}, "datetime": {"datetime": "2020-04-25 19:14:39", "elapsed": 6932.90444, "delta": 28.9622}}
{"target": 0.6315256, "params": {"alpha": 0.9612459220410824, "colsample_bytree": 0.8982622923958823, "lam": 0.9303313581861938, "max_depth": 4.984249511367942, "min_child_weight": 8.128023164029319, "subsample": 0.889490646915188}, "datetime": {"datetime": "2020-04-25 19:15:03", "elapsed": 6957.210444, "delta": 24.306004}}
{"target": 0.6261704, "params": {"alpha": 0.043686514084304906, "colsample_bytree": 0.8069803740824062, "lam": 0.570723694154882, "max_depth": 6.795457333078185, "min_child_weight": 8.589961681197897, "subsample": 0.6334810917568668}, "datetime": {"datetime": "2020-04-25 19:15:24", "elapsed": 6978.409911, "delta": 21.199467}}
{"target": 0.6295504, "params": {"alpha": 0.10702917369941889, "colsample_bytree": 0.860435404976158, "lam": 0.029048904186779745, "max_depth": 4.371585170681764, "min_child_weight": 9.841983529473413, "subsample": 0.6747856442234423}, "datetime": {"datetime": "2020-04-25 19:15:51", "elapsed": 7005.157424, "delta": 26.747513}}
{"target": 0.6373219999999999, "params": {"alpha": 0.841227736097348, "colsample_bytree": 0.8864977608942, "lam": 0.07107794733716866, "max_depth": 4.526401589550786, "min_child_weight": 3.449176039460045, "subsample": 0.8887285115664884}, "datetime": {"datetime": "2020-04-25 19:16:20", "elapsed": 7034.308806, "delta": 29.151382}}
{"target": 0.5882536, "params": {"alpha": 0.12906055544805906, "colsample_bytree": 0.532590868200503, "lam": 0.8704063783249046, "max_depth": 6.22045069980819, "min_child_weight": 1.06877590325957, "subsample": 0.8988275470156266}, "datetime": {"datetime": "2020-04-25 19:16:55", "elapsed": 7069.04553, "delta": 34.736724}}
{"target": 0.6441163999999999, "params": {"alpha": 0.14539618078791527, "colsample_bytree": 0.7986063532725677, "lam": 0.031403543698068415, "max_depth": 7.363936538964843, "min_child_weight": 8.511685840527015, "subsample": 0.8806478237925732}, "datetime": {"datetime": "2020-04-25 19:17:15", "elapsed": 7089.039273, "delta": 19.993743}}
{"target": 0.620442, "params": {"alpha": 0.01751101337439931, "colsample_bytree": 0.6801771945385127, "lam": 0.6964703762218329, "max_depth": 7.006701592252579, "min_child_weight": 5.040018712201917, "subsample": 0.8973207662386591}, "datetime": {"datetime": "2020-04-25 19:17:46", "elapsed": 7119.858798, "delta": 30.819525}}
{"target": 0.6307068000000001, "params": {"alpha": 0.3989532515441534, "colsample_bytree": 0.8813831822836491, "lam": 0.0005124567033235605, "max_depth": 4.322624664322854, "min_child_weight": 9.395996764984432, "subsample": 0.87620650610328}, "datetime": {"datetime": "2020-04-25 19:18:12", "elapsed": 7146.44574, "delta": 26.586942}}
{"target": 0.6200558, "params": {"alpha": 0.9933038390324037, "colsample_bytree": 0.8459368158045759, "lam": 0.0037677548859155197, "max_depth": 5.624172739634835, "min_child_weight": 5.97827689707427, "subsample": 0.6057276714823854}, "datetime": {"datetime": "2020-04-25 19:18:43", "elapsed": 7177.007942, "delta": 30.562202}}
{"target": 0.6474712, "params": {"alpha": 0.5612755018900004, "colsample_bytree": 0.8339402615098437, "lam": 0.10159640267629333, "max_depth": 5.601083596841963, "min_child_weight": 9.093084484929417, "subsample": 0.8727053996443604}, "datetime": {"datetime": "2020-04-25 19:19:11", "elapsed": 7205.375596, "delta": 28.367654}}
{"target": 0.6284766, "params": {"alpha": 0.60377205851283, "colsample_bytree": 0.8914087175814669, "lam": 0.4015827735718216, "max_depth": 9.989564253763689, "min_child_weight": 7.078689476293813, "subsample": 0.88263150063208}, "datetime": {"datetime": "2020-04-25 19:19:43", "elapsed": 7236.881746, "delta": 31.50615}}
{"target": 0.6397626, "params": {"alpha": 0.5785074031344771, "colsample_bytree": 0.7607380049464225, "lam": 0.09722820567775747, "max_depth": 5.188862735941687, "min_child_weight": 9.222632366629504, "subsample": 0.7922905632606561}, "datetime": {"datetime": "2020-04-25 19:20:09", "elapsed": 7263.100787, "delta": 26.219041}}
{"target": 0.635623, "params": {"alpha": 0.4195659460330773, "colsample_bytree": 0.6839525672988265, "lam": 0.00972893934502761, "max_depth": 5.928075877116257, "min_child_weight": 8.968823981016198, "subsample": 0.736557563489878}, "datetime": {"datetime": "2020-04-25 19:20:48", "elapsed": 7301.724424, "delta": 38.623637}}
{"target": 0.6375632, "params": {"alpha": 0.5616598020922972, "colsample_bytree": 0.8746856757866164, "lam": 0.03501965664433193, "max_depth": 5.853281679117616, "min_child_weight": 9.183700914952775, "subsample": 0.815949548644376}, "datetime": {"datetime": "2020-04-25 19:21:23", "elapsed": 7337.450332, "delta": 35.725908}}
{"target": 0.6411622, "params": {"alpha": 0.05526332067398465, "colsample_bytree": 0.8674958867225706, "lam": 0.9739535659883674, "max_depth": 5.137227439522364, "min_child_weight": 9.531375632912347, "subsample": 0.8409215142937309}, "datetime": {"datetime": "2020-04-25 19:21:56", "elapsed": 7370.197526, "delta": 32.747194}}
{"target": 0.6176916, "params": {"alpha": 0.3589677658994579, "colsample_bytree": 0.8687692245918968, "lam": 0.9928219049071672, "max_depth": 4.528078074728343, "min_child_weight": 4.898894049142745, "subsample": 0.5076070409671632}, "datetime": {"datetime": "2020-04-25 19:22:26", "elapsed": 7399.976772, "delta": 29.779246}}
{"target": 0.6239372, "params": {"alpha": 0.7948668083540192, "colsample_bytree": 0.8752497479143977, "lam": 0.011387728424369858, "max_depth": 5.5946521187347, "min_child_weight": 9.018518028585703, "subsample": 0.8837109351767218}, "datetime": {"datetime": "2020-04-25 19:22:54", "elapsed": 7427.771609, "delta": 27.794837}}
{"target": 0.6378367999999999, "params": {"alpha": 0.987231101707231, "colsample_bytree": 0.729617166593052, "lam": 0.23571953684736902, "max_depth": 5.844494641809106, "min_child_weight": 9.181984265990488, "subsample": 0.5179663767725349}, "datetime": {"datetime": "2020-04-25 19:23:24", "elapsed": 7457.946474, "delta": 30.174865}}
{"target": 0.5549740000000001, "params": {"alpha": 1.0, "colsample_bytree": 0.5, "lam": 7.11582221927781e-09, "max_depth": 3.0, "min_child_weight": 7.070226228875364, "subsample": 0.8999999994872712}, "datetime": {"datetime": "2020-04-25 19:24:07", "elapsed": 7501.022169, "delta": 43.075695}}
{"target": 0.6306628000000001, "params": {"alpha": 0.9999999953966727, "colsample_bytree": 0.866970505976759, "lam": 0.0, "max_depth": 6.264926317425583, "min_child_weight": 9.999999949066638, "subsample": 0.8999999938054735}, "datetime": {"datetime": "2020-04-25 19:24:32", "elapsed": 7525.873132, "delta": 24.850963}}
{"target": 0.6452008, "params": {"alpha": 0.6245908370827986, "colsample_bytree": 0.7635421527330498, "lam": 0.36439454376783587, "max_depth": 5.782047572035777, "min_child_weight": 9.292693538972236, "subsample": 0.8759858398742317}, "datetime": {"datetime": "2020-04-25 19:24:57", "elapsed": 7550.691777, "delta": 24.818645}}
{"target": 0.6212584, "params": {"alpha": 0.9829624700493212, "colsample_bytree": 0.8535032341749793, "lam": 0.07700564195484871, "max_depth": 4.556973303900034, "min_child_weight": 8.766155512021896, "subsample": 0.5228654998811608}, "datetime": {"datetime": "2020-04-25 19:25:21", "elapsed": 7574.916553, "delta": 24.224776}}
{"target": 0.6374922, "params": {"alpha": 0.9547024148975145, "colsample_bytree": 0.682934926561009, "lam": 0.11240685612864898, "max_depth": 6.3553404854604985, "min_child_weight": 9.212765278182447, "subsample": 0.8965903456481379}, "datetime": {"datetime": "2020-04-25 19:25:47", "elapsed": 7601.235608, "delta": 26.319055}}
{"target": 0.6333116, "params": {"alpha": 0.985574825639362, "colsample_bytree": 0.7762960262881935, "lam": 0.43934564040618684, "max_depth": 7.046394243481879, "min_child_weight": 8.74198670851688, "subsample": 0.8451242531604948}, "datetime": {"datetime": "2020-04-25 19:26:14", "elapsed": 7628.092275, "delta": 26.856667}}
{"target": 0.5990314, "params": {"alpha": 0.9999999744233051, "colsample_bytree": 0.8854825772173458, "lam": 0.9892332529079969, "max_depth": 3.0295977838989865, "min_child_weight": 9.289855497391544, "subsample": 0.8773326477444202}, "datetime": {"datetime": "2020-04-25 19:26:37", "elapsed": 7650.692961, "delta": 22.600686}}
{"target": 0.5981415999999999, "params": {"alpha": 0.674719588577801, "colsample_bytree": 0.8975350746817903, "lam": 0.5963913288789181, "max_depth": 9.576013918206602, "min_child_weight": 2.0908761545177916, "subsample": 0.5372781110323422}, "datetime": {"datetime": "2020-04-25 19:27:12", "elapsed": 7685.816954, "delta": 35.123993}}
{"target": 0.605783, "params": {"alpha": 0.9894990672009086, "colsample_bytree": 0.9, "lam": 0.9968911023710418, "max_depth": 8.616667288251717, "min_child_weight": 3.2729746319976294, "subsample": 0.5733055663356432}, "datetime": {"datetime": "2020-04-25 19:27:43", "elapsed": 7717.370165, "delta": 31.553211}}
{"target": 0.6339765999999999, "params": {"alpha": 0.9475968537888798, "colsample_bytree": 0.787332503690169, "lam": 0.43238184988959316, "max_depth": 6.578721505781071, "min_child_weight": 4.525895021288171, "subsample": 0.8907551840170131}, "datetime": {"datetime": "2020-04-25 19:28:12", "elapsed": 7745.697954, "delta": 28.327789}}
{"target": 0.6293219999999999, "params": {"alpha": 0.45878544832879287, "colsample_bytree": 0.7704463600631675, "lam": 0.36969335774158174, "max_depth": 5.467501279976668, "min_child_weight": 9.061629083354113, "subsample": 0.8668226078000927}, "datetime": {"datetime": "2020-04-25 19:28:45", "elapsed": 7779.28121, "delta": 33.583256}}
{"target": 0.6245086, "params": {"alpha": 0.6221602263488002, "colsample_bytree": 0.8853147671415523, "lam": 0.01390380428419502, "max_depth": 8.743178788716708, "min_child_weight": 7.059175376160378, "subsample": 0.8898166613857619}, "datetime": {"datetime": "2020-04-25 19:29:08", "elapsed": 7801.598536, "delta": 22.317326}}
{"target": 0.6297936, "params": {"alpha": 0.04101827986952, "colsample_bytree": 0.8980932058331601, "lam": 0.4507186420568643, "max_depth": 9.121929308611058, "min_child_weight": 8.620230778698321, "subsample": 0.5293878021428045}, "datetime": {"datetime": "2020-04-25 19:29:31", "elapsed": 7824.921741, "delta": 23.323205}}
{"target": 0.6223126000000001, "params": {"alpha": 0.9845369333453657, "colsample_bytree": 0.7922457284037852, "lam": 0.6402074451974685, "max_depth": 6.349057943056542, "min_child_weight": 8.450664376270998, "subsample": 0.5251553110851288}, "datetime": {"datetime": "2020-04-25 19:30:03", "elapsed": 7857.475139, "delta": 32.553398}}
{"target": 0.6023186, "params": {"alpha": 0.10514109702857588, "colsample_bytree": 0.6116816543913566, "lam": 0.032844874044187455, "max_depth": 9.951922505570366, "min_child_weight": 3.152161350666649, "subsample": 0.8962932512949292}, "datetime": {"datetime": "2020-04-25 19:30:33", "elapsed": 7886.765347, "delta": 29.290208}}
{"target": 0.6279068000000001, "params": {"alpha": 0.05114341745521178, "colsample_bytree": 0.7765838885949317, "lam": 0.9885462794603579, "max_depth": 4.790006000025221, "min_child_weight": 9.590748642345414, "subsample": 0.6376464564418364}, "datetime": {"datetime": "2020-04-25 19:31:04", "elapsed": 7918.223792, "delta": 31.458445}}
{"target": 0.593732, "params": {"alpha": 4.6585712495561415e-08, "colsample_bytree": 0.9, "lam": 0.0, "max_depth": 3.000000085428622, "min_child_weight": 8.293482415731134, "subsample": 0.5}, "datetime": {"datetime": "2020-04-25 19:31:49", "elapsed": 7963.468981, "delta": 45.245189}}
{"target": 0.631454, "params": {"alpha": 0.9637058331593765, "colsample_bytree": 0.8961499958671133, "lam": 0.8836315399233692, "max_depth": 7.26394463259237, "min_child_weight": 1.9919512640159045, "subsample": 0.894470836764147}, "datetime": {"datetime": "2020-04-25 19:32:25", "elapsed": 7999.420499, "delta": 35.951518}}
{"target": 0.6351922, "params": {"alpha": 0.03327342800725097, "colsample_bytree": 0.7951640409379699, "lam": 0.026944828254989228, "max_depth": 5.659984907439659, "min_child_weight": 9.097907655015431, "subsample": 0.8797626854339234}, "datetime": {"datetime": "2020-04-25 19:32:53", "elapsed": 8026.945146, "delta": 27.524647}}
{"target": 0.5682046, "params": {"alpha": 1.949549252448349e-10, "colsample_bytree": 0.8999999999887, "lam": 5.608236752472899e-12, "max_depth": 6.227362218341424, "min_child_weight": 1.000000000068019, "subsample": 0.5000000007061158}, "datetime": {"datetime": "2020-04-25 19:33:28", "elapsed": 8062.158927, "delta": 35.213781}}
{"target": 0.6019626, "params": {"alpha": 0.039298302868943646, "colsample_bytree": 0.8852933957816924, "lam": 0.01466303259347157, "max_depth": 5.710207409380336, "min_child_weight": 4.851026521883291, "subsample": 0.5257435878609265}, "datetime": {"datetime": "2020-04-25 19:34:01", "elapsed": 8094.56931, "delta": 32.410383}}
{"target": 0.6373696, "params": {"alpha": 0.029646446264491977, "colsample_bytree": 0.6978973554415299, "lam": 0.9816320220252448, "max_depth": 8.96904311646706, "min_child_weight": 7.526365135549556, "subsample": 0.8933206364778425}, "datetime": {"datetime": "2020-04-25 19:34:33", "elapsed": 8127.114236, "delta": 32.544926}}
{"target": 0.6060296, "params": {"alpha": 0.044071963417396054, "colsample_bytree": 0.5504028405314741, "lam": 0.09263819098677217, "max_depth": 6.048947850157305, "min_child_weight": 3.7178717947347972, "subsample": 0.882761442249157}, "datetime": {"datetime": "2020-04-25 19:34:59", "elapsed": 8153.312225, "delta": 26.197989}}
{"target": 0.6260556, "params": {"alpha": 0.9198110929368305, "colsample_bytree": 0.8227355815728583, "lam": 0.983482891345866, "max_depth": 9.98149070062598, "min_child_weight": 7.266103136757822, "subsample": 0.5974185450049966}, "datetime": {"datetime": "2020-04-25 19:35:39", "elapsed": 8192.716474, "delta": 39.404249}}
{"target": 0.5452814, "params": {"alpha": 1.459225961719672e-08, "colsample_bytree": 0.5, "lam": 4.706933773281234e-09, "max_depth": 3.0000000406657925, "min_child_weight": 2.32692686831837, "subsample": 0.5000000278817759}, "datetime": {"datetime": "2020-04-25 19:36:10", "elapsed": 8224.377811, "delta": 31.661337}}
{"target": 0.6448847999999999, "params": {"alpha": 0.8067040873335855, "colsample_bytree": 0.8021884799238104, "lam": 0.17622515174504683, "max_depth": 5.621359448869164, "min_child_weight": 9.594270462960452, "subsample": 0.7826688291097224}, "datetime": {"datetime": "2020-04-25 19:36:44", "elapsed": 8257.538697, "delta": 33.160886}}
{"target": 0.6368754000000001, "params": {"alpha": 0.9999999995012896, "colsample_bytree": 0.8999999934099296, "lam": 3.024879569236898e-10, "max_depth": 9.999999998860831, "min_child_weight": 10.0, "subsample": 0.899999999857679}, "datetime": {"datetime": "2020-04-25 19:37:11", "elapsed": 8285.143297, "delta": 27.6046}}
{"target": 0.6222460000000001, "params": {"alpha": 0.4030485072510389, "colsample_bytree": 0.8902560807892578, "lam": 0.0788104598165501, "max_depth": 9.29837945841493, "min_child_weight": 4.894514007834771, "subsample": 0.899305935745879}, "datetime": {"datetime": "2020-04-25 19:37:34", "elapsed": 8308.470172, "delta": 23.326875}}
{"target": 0.6299212, "params": {"alpha": 0.3606499132111639, "colsample_bytree": 0.8956600582812637, "lam": 0.6007443334483964, "max_depth": 5.781751486798141, "min_child_weight": 7.672587458621437, "subsample": 0.7082284337437635}, "datetime": {"datetime": "2020-04-25 19:38:01", "elapsed": 8335.061874, "delta": 26.591702}}
{"target": 0.634317, "params": {"alpha": 0.0023667255471691018, "colsample_bytree": 0.6626232149161693, "lam": 0.03449230904597522, "max_depth": 5.7299300540924145, "min_child_weight": 7.994888929667396, "subsample": 0.8972879693705285}, "datetime": {"datetime": "2020-04-25 19:38:38", "elapsed": 8371.874074, "delta": 36.8122}}
{"target": 0.6190996, "params": {"alpha": 0.059337159937571604, "colsample_bytree": 0.6514455703699608, "lam": 0.994671038165057, "max_depth": 5.132956852886089, "min_child_weight": 8.11561499438155, "subsample": 0.5420710715709526}, "datetime": {"datetime": "2020-04-25 19:39:03", "elapsed": 8396.831764, "delta": 24.95769}}
{"target": 0.6359686, "params": {"alpha": 0.5039153766150718, "colsample_bytree": 0.8669067329582973, "lam": 0.368435289179489, "max_depth": 6.526886309674146, "min_child_weight": 8.776241893954978, "subsample": 0.8545156668446114}, "datetime": {"datetime": "2020-04-25 19:39:36", "elapsed": 8430.208962, "delta": 33.377198}}
{"target": 0.6283306, "params": {"alpha": 0.03189517782428852, "colsample_bytree": 0.8897296407370332, "lam": 0.8477254489941592, "max_depth": 7.270057397635297, "min_child_weight": 3.026334748761206, "subsample": 0.8826689416108306}, "datetime": {"datetime": "2020-04-25 19:40:05", "elapsed": 8458.956801, "delta": 28.747839}}
{"target": 0.621806, "params": {"alpha": 0.9521068178674355, "colsample_bytree": 0.8390927644665681, "lam": 0.9855173996670252, "max_depth": 5.878838892102401, "min_child_weight": 3.5568298220577086, "subsample": 0.5655424122334041}, "datetime": {"datetime": "2020-04-25 19:40:44", "elapsed": 8498.201172, "delta": 39.244371}}
{"target": 0.6255847999999999, "params": {"alpha": 0.021525500863146196, "colsample_bytree": 0.8920428498949067, "lam": 0.5468379594065087, "max_depth": 3.5634928458063984, "min_child_weight": 9.773419421583224, "subsample": 0.5758702598587184}, "datetime": {"datetime": "2020-04-25 19:41:17", "elapsed": 8530.811369, "delta": 32.610197}}
{"target": 0.5974259999999999, "params": {"alpha": 0.9999999988053951, "colsample_bytree": 0.89999999110735, "lam": 0.0, "max_depth": 3.0, "min_child_weight": 9.999999962489209, "subsample": 0.5000000130288644}, "datetime": {"datetime": "2020-04-25 19:41:38", "elapsed": 8552.493916, "delta": 21.682547}}
{"target": 0.6400394, "params": {"alpha": 0.6097984982819374, "colsample_bytree": 0.8809029720137511, "lam": 0.4165827022373467, "max_depth": 9.999011002852047, "min_child_weight": 5.861537633395857, "subsample": 0.8922422517403347}, "datetime": {"datetime": "2020-04-25 19:42:11", "elapsed": 8584.635962, "delta": 32.142046}}
