{"target": 0.5986149999999999, "params": {"alpha": 0.0328091794585228, "colsample_bytree": 0.8867810085258347, "lam": 0.32459089037304156, "max_depth": 3.0646921382191965, "min_child_weight": 2.4043647121067666, "subsample": 0.5289837335599684}, "datetime": {"datetime": "2020-04-24 17:39:48", "elapsed": 107.571443, "delta": 1.519311}}
{"target": 0.5905462, "params": {"alpha": 0.9370545696160287, "colsample_bytree": 0.5028383333155452, "lam": 0.9262733107242661, "max_depth": 4.326145670257226, "min_child_weight": 7.234619958150384, "subsample": 0.8903965962115457}, "datetime": {"datetime": "2020-04-24 17:39:50", "elapsed": 109.24925, "delta": 1.677807}}
{"target": 0.6227332, "params": {"alpha": 0.01665688624015933, "colsample_bytree": 0.9, "lam": 0.6965500656959038, "max_depth": 4.436546796595937, "min_child_weight": 5.347764890977189, "subsample": 0.8992659878946755}, "datetime": {"datetime": "2020-04-24 17:39:51", "elapsed": 110.860298, "delta": 1.611048}}
{"target": 0.628756, "params": {"alpha": 0.24481211152820836, "colsample_bytree": 0.8807819136198123, "lam": 0.03257979736357164, "max_depth": 4.635508175938051, "min_child_weight": 9.901830283836528, "subsample": 0.5375800451217796}, "datetime": {"datetime": "2020-04-24 17:39:53", "elapsed": 112.325527, "delta": 1.465229}}
{"target": 0.6094588, "params": {"alpha": 0.23181669875775857, "colsample_bytree": 0.5585404929491757, "lam": 0.3848189659943976, "max_depth": 5.769028097264899, "min_child_weight": 3.768916300965194, "subsample": 0.8936755373612029}, "datetime": {"datetime": "2020-04-24 17:39:55", "elapsed": 114.068228, "delta": 1.742701}}
{"target": 0.6175034, "params": {"alpha": 0.9280416771433866, "colsample_bytree": 0.7292589542888147, "lam": 0.011946387044396656, "max_depth": 9.931636639546465, "min_child_weight": 2.75481658672201, "subsample": 0.8346075369199473}, "datetime": {"datetime": "2020-04-24 17:39:57", "elapsed": 116.460861, "delta": 2.392633}}
{"target": 0.6222216, "params": {"alpha": 0.06236792673008029, "colsample_bytree": 0.8707563893895658, "lam": 0.10669948195575507, "max_depth": 9.52257185429816, "min_child_weight": 2.617730421703238, "subsample": 0.7199803151733519}, "datetime": {"datetime": "2020-04-24 17:39:59", "elapsed": 118.830353, "delta": 2.369492}}
{"target": 0.6298782, "params": {"alpha": 0.5650274765680259, "colsample_bytree": 0.8526107985685858, "lam": 0.12050591680725187, "max_depth": 7.430073719546079, "min_child_weight": 2.542531212558296, "subsample": 0.8969987479288031}, "datetime": {"datetime": "2020-04-24 17:40:01", "elapsed": 120.725046, "delta": 1.894693}}
{"target": 0.6314556, "params": {"alpha": 0.1529042425482987, "colsample_bytree": 0.8928292729127809, "lam": 0.024310853683494837, "max_depth": 5.463468194925204, "min_child_weight": 6.841946636712647, "subsample": 0.7242441987271703}, "datetime": {"datetime": "2020-04-24 17:40:03", "elapsed": 122.382162, "delta": 1.657116}}
{"target": 0.5928898, "params": {"alpha": 0.0034082130026754642, "colsample_bytree": 0.8854530421413203, "lam": 0.05310427299999432, "max_depth": 9.919532771147912, "min_child_weight": 4.377284615574906, "subsample": 0.5036125719151537}, "datetime": {"datetime": "2020-04-24 17:40:05", "elapsed": 124.497975, "delta": 2.115813}}
{"target": 0.6284884, "params": {"alpha": 0.12868477657661004, "colsample_bytree": 0.8211728264957445, "lam": 0.9953421123982402, "max_depth": 5.456144596517181, "min_child_weight": 1.146804540951996, "subsample": 0.897041680884745}, "datetime": {"datetime": "2020-04-24 17:40:07", "elapsed": 126.148997, "delta": 1.651022}}
{"target": 0.6462158, "params": {"alpha": 0.3543062500286871, "colsample_bytree": 0.8533650222566567, "lam": 0.9941260694668355, "max_depth": 5.767935014670234, "min_child_weight": 6.558806984991438, "subsample": 0.8822955589423722}, "datetime": {"datetime": "2020-04-24 17:40:08", "elapsed": 127.664951, "delta": 1.515954}}
{"target": 0.5881578000000001, "params": {"alpha": 0.9954553723752113, "colsample_bytree": 0.6905680710200625, "lam": 0.9892221277983516, "max_depth": 3.075203704792236, "min_child_weight": 6.902976340230499, "subsample": 0.5165817581291982}, "datetime": {"datetime": "2020-04-24 17:40:10", "elapsed": 129.279534, "delta": 1.614583}}
{"target": 0.6316506000000001, "params": {"alpha": 1.0, "colsample_bytree": 0.7427349613379592, "lam": 0.0, "max_depth": 9.999999984322425, "min_child_weight": 10.0, "subsample": 0.9}, "datetime": {"datetime": "2020-04-24 17:40:12", "elapsed": 131.406316, "delta": 2.126782}}
{"target": 0.6364, "params": {"alpha": 0.6348406573441593, "colsample_bytree": 0.8934377077178788, "lam": 0.978888358952465, "max_depth": 9.95195627705169, "min_child_weight": 8.568792480381742, "subsample": 0.8215409117869721}, "datetime": {"datetime": "2020-04-24 17:40:14", "elapsed": 133.48925, "delta": 2.082934}}
{"target": 0.6325146000000001, "params": {"alpha": 0.5597665011206981, "colsample_bytree": 0.8413307368831688, "lam": 0.9876046031662167, "max_depth": 8.900452685209483, "min_child_weight": 9.944468366308012, "subsample": 0.6801579299532707}, "datetime": {"datetime": "2020-04-24 17:40:16", "elapsed": 135.514464, "delta": 2.025214}}
{"target": 0.6267251999999999, "params": {"alpha": 0.061635777561573346, "colsample_bytree": 0.8985580731078895, "lam": 0.8771022626647592, "max_depth": 6.970660119719117, "min_child_weight": 5.4886764941925605, "subsample": 0.8729632209989315}, "datetime": {"datetime": "2020-04-24 17:40:18", "elapsed": 137.391283, "delta": 1.876819}}
{"target": 0.5745184, "params": {"alpha": 0.9798660746536967, "colsample_bytree": 0.8935601992399455, "lam": 0.05917779364038578, "max_depth": 8.86073599732705, "min_child_weight": 1.89394080574468, "subsample": 0.822437681903446}, "datetime": {"datetime": "2020-04-24 17:40:20", "elapsed": 139.704371, "delta": 2.313088}}
{"target": 0.5998437999999999, "params": {"alpha": 0.01253391607547416, "colsample_bytree": 0.8930625324641233, "lam": 0.8919920892038818, "max_depth": 9.964691139619031, "min_child_weight": 2.3440860553772, "subsample": 0.5902810327845847}, "datetime": {"datetime": "2020-04-24 17:40:23", "elapsed": 142.355676, "delta": 2.651305}}
{"target": 0.6330978, "params": {"alpha": 0.7655171337091671, "colsample_bytree": 0.8999999991638747, "lam": 0.7047246480121885, "max_depth": 9.967712911528727, "min_child_weight": 7.460695743850406, "subsample": 0.8999999990662262}, "datetime": {"datetime": "2020-04-24 17:40:25", "elapsed": 144.653152, "delta": 2.297476}}
{"target": 0.62817, "params": {"alpha": 0.9999999997359507, "colsample_bytree": 0.9, "lam": 1.0, "max_depth": 6.823417704073335, "min_child_weight": 5.403987080041982, "subsample": 0.9}, "datetime": {"datetime": "2020-04-24 17:40:27", "elapsed": 146.525836, "delta": 1.872684}}
{"target": 0.5952096000000001, "params": {"alpha": 0.9540740655525309, "colsample_bytree": 0.8890967806215648, "lam": 0.989867043504325, "max_depth": 3.000494345081523, "min_child_weight": 5.001255441052368, "subsample": 0.7720292932391275}, "datetime": {"datetime": "2020-04-24 17:40:29", "elapsed": 148.183375, "delta": 1.657539}}
{"target": 0.6369316, "params": {"alpha": 0.9903264673454871, "colsample_bytree": 0.8800885621040666, "lam": 0.04377508127955432, "max_depth": 7.280344661691814, "min_child_weight": 7.959736868279235, "subsample": 0.5637888202458137}, "datetime": {"datetime": "2020-04-24 17:40:31", "elapsed": 150.043898, "delta": 1.860523}}
{"target": 0.611345, "params": {"alpha": 0.6740618139645282, "colsample_bytree": 0.8869141061994144, "lam": 0.007697221792090647, "max_depth": 7.007119826254191, "min_child_weight": 1.1813747541681554, "subsample": 0.8794967010447721}, "datetime": {"datetime": "2020-04-24 17:40:33", "elapsed": 151.956029, "delta": 1.912131}}
{"target": 0.6296958, "params": {"alpha": 0.017564743011651673, "colsample_bytree": 0.8703698106469928, "lam": 0.8944865145854848, "max_depth": 4.910715786586117, "min_child_weight": 3.117365486181142, "subsample": 0.8981494687343672}, "datetime": {"datetime": "2020-04-24 17:40:34", "elapsed": 153.724577, "delta": 1.768548}}
{"target": 0.6096684, "params": {"alpha": 0.63938529839911, "colsample_bytree": 0.8945772309803173, "lam": 0.023421628959337415, "max_depth": 4.664221633482231, "min_child_weight": 1.0570294391346846, "subsample": 0.7627227215745467}, "datetime": {"datetime": "2020-04-24 17:40:36", "elapsed": 155.614334, "delta": 1.889757}}
{"target": 0.6367724, "params": {"alpha": 0.9737711653815276, "colsample_bytree": 0.8996438970661481, "lam": 0.2322793250278118, "max_depth": 5.535936891149991, "min_child_weight": 9.073537703646958, "subsample": 0.5696289397073803}, "datetime": {"datetime": "2020-04-24 17:40:38", "elapsed": 157.598119, "delta": 1.983785}}
{"target": 0.6382402, "params": {"alpha": 0.16374567786964256, "colsample_bytree": 0.8892972216222002, "lam": 0.9220257767013518, "max_depth": 5.761575028910868, "min_child_weight": 9.945665036971391, "subsample": 0.8281285926406404}, "datetime": {"datetime": "2020-04-24 17:40:40", "elapsed": 159.638613, "delta": 2.040494}}
{"target": 0.6363982, "params": {"alpha": 0.993872349655262, "colsample_bytree": 0.8872519693882788, "lam": 0.13084699870998717, "max_depth": 9.774660272158812, "min_child_weight": 9.391312714615333, "subsample": 0.5457580259293096}, "datetime": {"datetime": "2020-04-24 17:40:42", "elapsed": 161.727441, "delta": 2.088828}}
{"target": 0.6348893999999999, "params": {"alpha": 0.4146003332321384, "colsample_bytree": 0.8994729499828524, "lam": 0.20373548445520306, "max_depth": 7.925548387922491, "min_child_weight": 5.575462177282819, "subsample": 0.8798201665225662}, "datetime": {"datetime": "2020-04-24 17:40:45", "elapsed": 164.247201, "delta": 2.51976}}
{"target": 0.6200265999999999, "params": {"alpha": 0.9598670142278231, "colsample_bytree": 0.6639112554321464, "lam": 0.9929218509490821, "max_depth": 7.034221696424515, "min_child_weight": 7.664795197020563, "subsample": 0.5260883962301666}, "datetime": {"datetime": "2020-04-24 17:40:47", "elapsed": 166.33787, "delta": 2.090669}}
{"target": 0.61748, "params": {"alpha": 0.7898601408940421, "colsample_bytree": 0.8989633878687382, "lam": 0.7624691687504505, "max_depth": 8.761433645148593, "min_child_weight": 6.611653493772886, "subsample": 0.6197999870961384}, "datetime": {"datetime": "2020-04-24 17:40:49", "elapsed": 168.782483, "delta": 2.444613}}
{"target": 0.6383602, "params": {"alpha": 0.8248295601985824, "colsample_bytree": 0.8749702685135403, "lam": 0.0849062259302723, "max_depth": 7.936310063292932, "min_child_weight": 8.937916086016015, "subsample": 0.8675412769052255}, "datetime": {"datetime": "2020-04-24 17:40:52", "elapsed": 171.428463, "delta": 2.64598}}
{"target": 0.6325232, "params": {"alpha": 0.8699759844034025, "colsample_bytree": 0.9, "lam": 1.0, "max_depth": 7.849661711077478, "min_child_weight": 10.0, "subsample": 0.9}, "datetime": {"datetime": "2020-04-24 17:40:55", "elapsed": 174.085638, "delta": 2.657175}}
{"target": 0.6053993999999999, "params": {"alpha": 0.0832272461712047, "colsample_bytree": 0.8975344766577023, "lam": 0.0634363082053494, "max_depth": 8.402524732995978, "min_child_weight": 3.659148933414454, "subsample": 0.7573629915230384}, "datetime": {"datetime": "2020-04-24 17:40:57", "elapsed": 176.444824, "delta": 2.359186}}
{"target": 0.6118602, "params": {"alpha": 1.0, "colsample_bytree": 0.9, "lam": 1.0, "max_depth": 7.624489806434161, "min_child_weight": 2.068581784585961, "subsample": 0.9}, "datetime": {"datetime": "2020-04-24 17:40:59", "elapsed": 178.810819, "delta": 2.365995}}
{"target": 0.6245172, "params": {"alpha": 0.7952086378759924, "colsample_bytree": 0.8843788388079983, "lam": 0.020644664667347268, "max_depth": 7.122077623211619, "min_child_weight": 9.917888661783044, "subsample": 0.5462868529104796}, "datetime": {"datetime": "2020-04-24 17:41:01", "elapsed": 180.756573, "delta": 1.945754}}
{"target": 0.6368432, "params": {"alpha": 0.0, "colsample_bytree": 0.8999999994442758, "lam": 0.9730035273551141, "max_depth": 9.999999998105949, "min_child_weight": 7.337336853212614, "subsample": 0.8999999973221707}, "datetime": {"datetime": "2020-04-24 17:41:04", "elapsed": 183.360518, "delta": 2.603945}}
{"target": 0.6123744, "params": {"alpha": 0.2691166075064103, "colsample_bytree": 0.8879076753216961, "lam": 0.42517271960143777, "max_depth": 9.959805581081424, "min_child_weight": 3.205682596893025, "subsample": 0.88326602695016}, "datetime": {"datetime": "2020-04-24 17:41:07", "elapsed": 186.205253, "delta": 2.844735}}
{"target": 0.6359916, "params": {"alpha": 0.3285827479150192, "colsample_bytree": 0.8731318960393049, "lam": 0.025803711115701344, "max_depth": 5.973481387513846, "min_child_weight": 5.565057962986778, "subsample": 0.8797154108663368}, "datetime": {"datetime": "2020-04-24 17:41:09", "elapsed": 188.205105, "delta": 1.999852}}
{"target": 0.6197495999999999, "params": {"alpha": 0.021045644354172333, "colsample_bytree": 0.5403835896505588, "lam": 0.78932943114214, "max_depth": 6.784177634228259, "min_child_weight": 6.885995539957129, "subsample": 0.8880967821358718}, "datetime": {"datetime": "2020-04-24 17:41:11", "elapsed": 190.225405, "delta": 2.0203}}
{"target": 0.6038178000000001, "params": {"alpha": 0.0004630599097964483, "colsample_bytree": 0.8907126019547281, "lam": 0.9608193860480404, "max_depth": 3.1377484019582216, "min_child_weight": 7.036607702589803, "subsample": 0.85570751407011}, "datetime": {"datetime": "2020-04-24 17:41:13", "elapsed": 192.222906, "delta": 1.997501}}
{"target": 0.5992148, "params": {"alpha": 0.6967032048228623, "colsample_bytree": 0.8879517330168196, "lam": 0.049749095600572946, "max_depth": 9.817538676776174, "min_child_weight": 2.6101883615857697, "subsample": 0.5307904083246007}, "datetime": {"datetime": "2020-04-24 17:41:15", "elapsed": 194.781904, "delta": 2.558998}}
{"target": 0.6274434, "params": {"alpha": 0.8300815946903466, "colsample_bytree": 0.8855569875628396, "lam": 0.9221098647691913, "max_depth": 5.162433533444926, "min_child_weight": 6.245497646628743, "subsample": 0.8886512247082061}, "datetime": {"datetime": "2020-04-24 17:41:18", "elapsed": 197.210236, "delta": 2.428332}}
{"target": 0.6304344000000001, "params": {"alpha": 0.9882548803396538, "colsample_bytree": 0.9, "lam": 1.0, "max_depth": 6.587723481276214, "min_child_weight": 8.294953944445844, "subsample": 0.9}, "datetime": {"datetime": "2020-04-24 17:41:20", "elapsed": 199.215561, "delta": 2.005325}}
{"target": 0.6288568, "params": {"alpha": 0.4099167551162265, "colsample_bytree": 0.8940086280768945, "lam": 0.6979661326712134, "max_depth": 6.450256906038751, "min_child_weight": 6.846202424056754, "subsample": 0.5025913837580527}, "datetime": {"datetime": "2020-04-24 17:41:22", "elapsed": 201.712078, "delta": 2.496517}}
{"target": 0.6062448, "params": {"alpha": 0.9950585783023984, "colsample_bytree": 0.8870377991492271, "lam": 0.021732044016525065, "max_depth": 6.524321453962734, "min_child_weight": 3.3461894202137366, "subsample": 0.5610071067933605}, "datetime": {"datetime": "2020-04-24 17:41:25", "elapsed": 204.229352, "delta": 2.517274}}
{"target": 0.5954838, "params": {"alpha": 0.11649607836557818, "colsample_bytree": 0.8957067403315251, "lam": 0.13019369589991492, "max_depth": 6.70586177221138, "min_child_weight": 1.9217828091146414, "subsample": 0.8432529967005102}, "datetime": {"datetime": "2020-04-24 17:41:27", "elapsed": 206.535012, "delta": 2.30566}}
{"target": 0.6214588, "params": {"alpha": 0.0047328427313851895, "colsample_bytree": 0.6529045993792388, "lam": 0.9855230728086875, "max_depth": 4.969003061268001, "min_child_weight": 9.985950664776194, "subsample": 0.5360119420210169}, "datetime": {"datetime": "2020-04-24 17:41:30", "elapsed": 208.987724, "delta": 2.452712}}
{"target": 0.6287984, "params": {"alpha": 0.8787386430611462, "colsample_bytree": 0.8846150376803844, "lam": 0.001186380860017544, "max_depth": 7.788576070216645, "min_child_weight": 6.335560306849219, "subsample": 0.8227242694668353}, "datetime": {"datetime": "2020-04-24 17:41:32", "elapsed": 211.274611, "delta": 2.286887}}
{"target": 0.588374, "params": {"alpha": 1.0, "colsample_bytree": 0.5704435215417581, "lam": 0.9999999947908417, "max_depth": 10.0, "min_child_weight": 3.292809455243682, "subsample": 0.9}, "datetime": {"datetime": "2020-04-24 17:41:35", "elapsed": 214.039201, "delta": 2.76459}}
{"target": 0.644559, "params": {"alpha": 4.56538234577356e-11, "colsample_bytree": 0.9, "lam": 0.5901536850353937, "max_depth": 9.994497502980204, "min_child_weight": 9.375984763519385, "subsample": 0.9}, "datetime": {"datetime": "2020-04-24 17:41:37", "elapsed": 216.454019, "delta": 2.414818}}
{"target": 0.6365322000000001, "params": {"alpha": 0.7273494597022725, "colsample_bytree": 0.8335989566780596, "lam": 0.015549416978680064, "max_depth": 7.856641853401915, "min_child_weight": 7.5110677709282765, "subsample": 0.8997610929506965}, "datetime": {"datetime": "2020-04-24 17:41:40", "elapsed": 218.94485, "delta": 2.490831}}
{"target": 0.6238417999999999, "params": {"alpha": 0.49089168525582494, "colsample_bytree": 0.8367231778836668, "lam": 0.9992076531100582, "max_depth": 5.094932261690404, "min_child_weight": 9.15942990886206, "subsample": 0.5598613183009142}, "datetime": {"datetime": "2020-04-24 17:41:42", "elapsed": 221.079746, "delta": 2.134896}}
{"target": 0.6222038, "params": {"alpha": 0.999999999999998, "colsample_bytree": 0.899999999999997, "lam": 1.0, "max_depth": 9.865106699056232, "min_child_weight": 5.328919204887779, "subsample": 0.8999999999999978}, "datetime": {"datetime": "2020-04-24 17:41:45", "elapsed": 223.967482, "delta": 2.887736}}
{"target": 0.6359362, "params": {"alpha": 0.06496859812313194, "colsample_bytree": 0.8919362841432668, "lam": 0.9875589379021554, "max_depth": 9.03678511763912, "min_child_weight": 8.117284146273995, "subsample": 0.5877887794271142}, "datetime": {"datetime": "2020-04-24 17:41:47", "elapsed": 226.416378, "delta": 2.448896}}
{"target": 0.6076658, "params": {"alpha": 0.9913161299162233, "colsample_bytree": 0.8582530969938136, "lam": 0.008085258767230985, "max_depth": 3.02465667106492, "min_child_weight": 3.0575410668088323, "subsample": 0.7789942350601111}, "datetime": {"datetime": "2020-04-24 17:41:49", "elapsed": 228.459346, "delta": 2.042968}}
{"target": 0.6306396000000001, "params": {"alpha": 0.03979379233390146, "colsample_bytree": 0.8944749118107571, "lam": 0.09372136453471425, "max_depth": 5.546201556628393, "min_child_weight": 9.17331010339105, "subsample": 0.8960712375268833}, "datetime": {"datetime": "2020-04-24 17:41:52", "elapsed": 230.912941, "delta": 2.453595}}
{"target": 0.6436896, "params": {"alpha": 0.9999999863377134, "colsample_bytree": 0.9, "lam": 0.9999999997759327, "max_depth": 9.079297354240568, "min_child_weight": 9.533526095096338, "subsample": 0.8999999998821762}, "datetime": {"datetime": "2020-04-24 17:41:54", "elapsed": 233.725985, "delta": 2.813044}}
{"target": 0.6347744000000001, "params": {"alpha": 0.9161816991817558, "colsample_bytree": 0.8799072532600926, "lam": 0.09932378848724688, "max_depth": 8.859564678081586, "min_child_weight": 8.537929074937942, "subsample": 0.879512641665149}, "datetime": {"datetime": "2020-04-24 17:41:57", "elapsed": 236.336356, "delta": 2.610371}}
{"target": 0.6381471999999999, "params": {"alpha": 0.22396460979680566, "colsample_bytree": 0.8937150067346377, "lam": 0.6557203474077132, "max_depth": 5.606791961629552, "min_child_weight": 4.130520861268403, "subsample": 0.8812493401854582}, "datetime": {"datetime": "2020-04-24 17:41:59", "elapsed": 238.308208, "delta": 1.971852}}
{"target": 0.6387066, "params": {"alpha": 0.022576635783635335, "colsample_bytree": 0.8585484720237979, "lam": 0.9847596697207439, "max_depth": 8.358278214073508, "min_child_weight": 9.064829061158807, "subsample": 0.8634453869037038}, "datetime": {"datetime": "2020-04-24 17:42:01", "elapsed": 240.591511, "delta": 2.283303}}
{"target": 0.637922, "params": {"alpha": 0.9079571601147585, "colsample_bytree": 0.86817474427067, "lam": 0.35224274618981954, "max_depth": 9.527956189460909, "min_child_weight": 9.954908772753704, "subsample": 0.8724061368371867}, "datetime": {"datetime": "2020-04-24 17:42:04", "elapsed": 243.401236, "delta": 2.809725}}
{"target": 0.6210983999999999, "params": {"alpha": 0.1060286052619066, "colsample_bytree": 0.9, "lam": 1.439231869152613e-09, "max_depth": 10.0, "min_child_weight": 8.423899413933315, "subsample": 0.5}, "datetime": {"datetime": "2020-04-24 17:42:06", "elapsed": 245.816056, "delta": 2.41482}}
{"target": 0.6265414, "params": {"alpha": 0.9284272941557057, "colsample_bytree": 0.858460779129273, "lam": 0.018888145520548627, "max_depth": 3.9640210116995007, "min_child_weight": 9.890991456110257, "subsample": 0.8946279387410876}, "datetime": {"datetime": "2020-04-24 17:42:09", "elapsed": 248.260761, "delta": 2.444705}}
{"target": 0.6126758, "params": {"alpha": 0.9603530076380308, "colsample_bytree": 0.5266817532296348, "lam": 0.018900893898419757, "max_depth": 6.591604310348528, "min_child_weight": 8.63861926650949, "subsample": 0.744344720843874}, "datetime": {"datetime": "2020-04-24 17:42:12", "elapsed": 250.889455, "delta": 2.628694}}
{"target": 0.6431652, "params": {"alpha": 0.9682917989828895, "colsample_bytree": 0.860347675078569, "lam": 0.03543101680811678, "max_depth": 5.618935259837874, "min_child_weight": 4.747094352290484, "subsample": 0.8819334517188099}, "datetime": {"datetime": "2020-04-24 17:42:14", "elapsed": 253.405292, "delta": 2.515837}}
{"target": 0.6154632, "params": {"alpha": 0.01983108065371264, "colsample_bytree": 0.5629367062973736, "lam": 0.03159944735840936, "max_depth": 4.655527996659693, "min_child_weight": 9.975575433096893, "subsample": 0.8722601495303413}, "datetime": {"datetime": "2020-04-24 17:42:16", "elapsed": 255.642144, "delta": 2.236852}}
