{"target": 0.6257682, "params": {"alpha": 0.07749656405883298, "colsample_bytree": 0.8985894905447249, "lam": 0.8496382713447137, "max_depth": 4.37469388423687, "min_child_weight": 3.4716477751957036, "subsample": 0.8457278893126957}, "datetime": {"datetime": "2020-04-25 17:23:22", "elapsed": 110.751809, "delta": 1.757395}}
{"target": 0.6078794000000001, "params": {"alpha": 0.010171201327473844, "colsample_bytree": 0.8626206574027611, "lam": 0.07254476477762273, "max_depth": 7.318216142270333, "min_child_weight": 2.229303895229518, "subsample": 0.8430611642960046}, "datetime": {"datetime": "2020-04-25 17:23:24", "elapsed": 112.697024, "delta": 1.945215}}
{"target": 0.6398242000000001, "params": {"alpha": 0.0, "colsample_bytree": 0.9, "lam": 4.3682663323296696e-11, "max_depth": 9.355438236756635, "min_child_weight": 8.878958104475233, "subsample": 0.9}, "datetime": {"datetime": "2020-04-25 17:23:26", "elapsed": 114.614144, "delta": 1.91712}}
{"target": 0.6329904, "params": {"alpha": 0.8754587782294504, "colsample_bytree": 0.8912063523818634, "lam": 0.9942352873936827, "max_depth": 6.528760391254965, "min_child_weight": 6.380585221058752, "subsample": 0.8400783589886474}, "datetime": {"datetime": "2020-04-25 17:23:28", "elapsed": 116.486907, "delta": 1.872763}}
{"target": 0.6274995999999999, "params": {"alpha": 0.07771843967055625, "colsample_bytree": 0.8795560032641934, "lam": 0.9334587669388295, "max_depth": 9.780659921934294, "min_child_weight": 5.813511276297565, "subsample": 0.8849093453495336}, "datetime": {"datetime": "2020-04-25 17:23:30", "elapsed": 118.783915, "delta": 2.297008}}
{"target": 0.6381720000000001, "params": {"alpha": 0.40701874791545345, "colsample_bytree": 0.8542098451623381, "lam": 0.8516842873140222, "max_depth": 5.769063697914069, "min_child_weight": 9.674572294218459, "subsample": 0.8861899418617412}, "datetime": {"datetime": "2020-04-25 17:23:32", "elapsed": 120.405655, "delta": 1.62174}}
{"target": 0.6309644000000001, "params": {"alpha": 0.0, "colsample_bytree": 0.9, "lam": 3.2717300964450664e-08, "max_depth": 9.999999945462106, "min_child_weight": 10.0, "subsample": 0.9}, "datetime": {"datetime": "2020-04-25 17:23:34", "elapsed": 122.489499, "delta": 2.083844}}
{"target": 0.6295716, "params": {"alpha": 0.6298775933052135, "colsample_bytree": 0.8879324590569637, "lam": 0.9507667778279245, "max_depth": 6.8096338616845085, "min_child_weight": 9.057028986631794, "subsample": 0.6169490040193124}, "datetime": {"datetime": "2020-04-25 17:23:35", "elapsed": 124.123581, "delta": 1.634082}}
{"target": 0.6321486000000001, "params": {"alpha": 0.9901856356332132, "colsample_bytree": 0.8958519793300921, "lam": 0.9853281796770188, "max_depth": 4.879342156716488, "min_child_weight": 8.952168505187295, "subsample": 0.6020481884792712}, "datetime": {"datetime": "2020-04-25 17:23:37", "elapsed": 125.765244, "delta": 1.641663}}
{"target": 0.6220161999999999, "params": {"alpha": 0.9984367434909092, "colsample_bytree": 0.884305711515494, "lam": 0.10578167200469912, "max_depth": 4.36929532677512, "min_child_weight": 1.0753842450473479, "subsample": 0.8380710121335156}, "datetime": {"datetime": "2020-04-25 17:23:39", "elapsed": 127.48623, "delta": 1.720986}}
{"target": 0.6210176000000001, "params": {"alpha": 0.04367685417385192, "colsample_bytree": 0.8162354011021382, "lam": 0.9646815510862414, "max_depth": 9.235703936550154, "min_child_weight": 2.6652518948847543, "subsample": 0.8854460683393472}, "datetime": {"datetime": "2020-04-25 17:23:41", "elapsed": 129.664892, "delta": 2.178662}}
{"target": 0.6261471999999999, "params": {"alpha": 0.9364241145873733, "colsample_bytree": 0.8142631480530649, "lam": 0.9415124811276004, "max_depth": 5.964563450649353, "min_child_weight": 7.74284949963347, "subsample": 0.5933305759519434}, "datetime": {"datetime": "2020-04-25 17:23:43", "elapsed": 131.582899, "delta": 1.918007}}
{"target": 0.64344, "params": {"alpha": 0.018503376506526337, "colsample_bytree": 0.7555343922540871, "lam": 0.050351448338282534, "max_depth": 6.725085649590676, "min_child_weight": 5.9564119225693695, "subsample": 0.8354693841677712}, "datetime": {"datetime": "2020-04-25 17:23:45", "elapsed": 133.54852, "delta": 1.965621}}
{"target": 0.6108326, "params": {"alpha": 0.010876059772578772, "colsample_bytree": 0.8707680088217733, "lam": 0.06753605303049137, "max_depth": 9.860685622642333, "min_child_weight": 4.37307073022812, "subsample": 0.889608701549307}, "datetime": {"datetime": "2020-04-25 17:23:47", "elapsed": 135.83755, "delta": 2.28903}}
{"target": 0.5967342, "params": {"alpha": 0.0, "colsample_bytree": 0.8999999999999362, "lam": 1.0, "max_depth": 9.99999999999979, "min_child_weight": 1.0, "subsample": 0.9}, "datetime": {"datetime": "2020-04-25 17:23:50", "elapsed": 138.568483, "delta": 2.730933}}
{"target": 0.6301881999999999, "params": {"alpha": 0.9981340428314276, "colsample_bytree": 0.6748763687841678, "lam": 0.07563431568788681, "max_depth": 8.342928506580087, "min_child_weight": 6.122876027593179, "subsample": 0.8555106761537608}, "datetime": {"datetime": "2020-04-25 17:23:52", "elapsed": 140.679856, "delta": 2.111373}}
{"target": 0.6229782, "params": {"alpha": 0.9999999999999313, "colsample_bytree": 0.9, "lam": 1.0, "max_depth": 6.275294319484757, "min_child_weight": 1.0000000000000941, "subsample": 0.9}, "datetime": {"datetime": "2020-04-25 17:23:54", "elapsed": 142.491373, "delta": 1.811517}}
{"target": 0.5971768, "params": {"alpha": 0.8566272199650018, "colsample_bytree": 0.8801170778303977, "lam": 0.9872209941550347, "max_depth": 3.1830724250119466, "min_child_weight": 3.8314721283123365, "subsample": 0.8770115820248141}, "datetime": {"datetime": "2020-04-25 17:23:55", "elapsed": 144.140563, "delta": 1.64919}}
{"target": 0.6437234000000001, "params": {"alpha": 0.006118397616255211, "colsample_bytree": 0.7888075943697639, "lam": 0.46535074237368235, "max_depth": 4.801102258881642, "min_child_weight": 5.503742338456497, "subsample": 0.8428013814326765}, "datetime": {"datetime": "2020-04-25 17:23:57", "elapsed": 146.136255, "delta": 1.995692}}
{"target": 0.6010449999999999, "params": {"alpha": 0.07561491194335046, "colsample_bytree": 0.5070596243808021, "lam": 0.592397879301218, "max_depth": 5.610952162823311, "min_child_weight": 5.984901156895941, "subsample": 0.8932724986586711}, "datetime": {"datetime": "2020-04-25 17:24:00", "elapsed": 148.279945, "delta": 2.14369}}
{"target": 0.6370984, "params": {"alpha": 0.21268686274732906, "colsample_bytree": 0.8962357334884508, "lam": 0.06844758256159633, "max_depth": 7.913581166817561, "min_child_weight": 6.241685812667703, "subsample": 0.8901961192296923}, "datetime": {"datetime": "2020-04-25 17:24:01", "elapsed": 150.151009, "delta": 1.871064}}
{"target": 0.6239282, "params": {"alpha": 0.03621883703230444, "colsample_bytree": 0.8808066372987866, "lam": 0.6667753565350479, "max_depth": 3.895128183355112, "min_child_weight": 4.905876501813433, "subsample": 0.5636817832465248}, "datetime": {"datetime": "2020-04-25 17:24:03", "elapsed": 151.945579, "delta": 1.79457}}
{"target": 0.6041176, "params": {"alpha": 0.15894605301690623, "colsample_bytree": 0.8798471661420089, "lam": 0.2716596414981777, "max_depth": 3.3612365120030963, "min_child_weight": 5.160928218589135, "subsample": 0.8374802144986981}, "datetime": {"datetime": "2020-04-25 17:24:05", "elapsed": 153.737484, "delta": 1.791905}}
{"target": 0.6212442, "params": {"alpha": 7.438826236420095e-15, "colsample_bytree": 0.9, "lam": 0.004141345917262298, "max_depth": 7.0708056723817565, "min_child_weight": 5.991522090649801, "subsample": 0.8718178065953847}, "datetime": {"datetime": "2020-04-25 17:24:07", "elapsed": 155.520736, "delta": 1.783252}}
{"target": 0.5982286, "params": {"alpha": 0.057532804523484124, "colsample_bytree": 0.5, "lam": 0.0, "max_depth": 8.296822869370823, "min_child_weight": 7.72577072901907, "subsample": 0.8656011004529895}, "datetime": {"datetime": "2020-04-25 17:24:09", "elapsed": 157.551652, "delta": 2.030916}}
{"target": 0.546434, "params": {"alpha": 0.9859266366143086, "colsample_bytree": 0.5166758507738733, "lam": 0.48949557709693503, "max_depth": 9.954045425494146, "min_child_weight": 1.0950376057455093, "subsample": 0.5491923392460237}, "datetime": {"datetime": "2020-04-25 17:24:12", "elapsed": 160.310161, "delta": 2.758509}}
{"target": 0.5759118, "params": {"alpha": 0.33747279249989093, "colsample_bytree": 0.5, "lam": 0.0022810194638613252, "max_depth": 7.348802992763182, "min_child_weight": 4.897122958910228, "subsample": 0.5}, "datetime": {"datetime": "2020-04-25 17:24:14", "elapsed": 162.434503, "delta": 2.124342}}
{"target": 0.6256526, "params": {"alpha": 0.049410369106824614, "colsample_bytree": 0.8830954174402244, "lam": 0.29345101502904813, "max_depth": 3.8260737410607333, "min_child_weight": 1.4054959607225452, "subsample": 0.5316217787072792}, "datetime": {"datetime": "2020-04-25 17:24:16", "elapsed": 164.325683, "delta": 1.89118}}
{"target": 0.6013748, "params": {"alpha": 0.0, "colsample_bytree": 0.9, "lam": 1.0, "max_depth": 3.000000003677745, "min_child_weight": 1.0, "subsample": 0.5}, "datetime": {"datetime": "2020-04-25 17:24:18", "elapsed": 166.426468, "delta": 2.100785}}
{"target": 0.6426223999999999, "params": {"alpha": 0.6472895546468744, "colsample_bytree": 0.891395140243018, "lam": 0.4392093805288474, "max_depth": 8.750478552918167, "min_child_weight": 6.6493310217946044, "subsample": 0.8882952668341759}, "datetime": {"datetime": "2020-04-25 17:24:20", "elapsed": 168.803688, "delta": 2.37722}}
{"target": 0.6180836000000001, "params": {"alpha": 0.8888829116402733, "colsample_bytree": 0.8861346246560747, "lam": 0.8865812542088937, "max_depth": 4.425508929787166, "min_child_weight": 1.9106650835867254, "subsample": 0.7603897617375766}, "datetime": {"datetime": "2020-04-25 17:24:22", "elapsed": 170.638201, "delta": 1.834513}}
{"target": 0.6221833999999999, "params": {"alpha": 0.2011087075518302, "colsample_bytree": 0.8414064409904642, "lam": 0.5848962947748022, "max_depth": 9.941777060783659, "min_child_weight": 8.21298174917098, "subsample": 0.5117369957090666}, "datetime": {"datetime": "2020-04-25 17:24:24", "elapsed": 172.841861, "delta": 2.20366}}
{"target": 0.5906116, "params": {"alpha": 0.040392374915101836, "colsample_bytree": 0.8475913195232819, "lam": 0.08639582079892283, "max_depth": 5.857705604641277, "min_child_weight": 1.028107279149877, "subsample": 0.7939384522390447}, "datetime": {"datetime": "2020-04-25 17:24:26", "elapsed": 174.809819, "delta": 1.967958}}
{"target": 0.6138328, "params": {"alpha": 0.007649320672725279, "colsample_bytree": 0.513440456621718, "lam": 0.005022826219369225, "max_depth": 5.644518346316421, "min_child_weight": 9.723781830337495, "subsample": 0.7484198650001125}, "datetime": {"datetime": "2020-04-25 17:24:29", "elapsed": 177.31283, "delta": 2.503011}}
{"target": 0.6262450000000002, "params": {"alpha": 0.9277802038372033, "colsample_bytree": 0.9, "lam": 1.0, "max_depth": 9.739319734500919, "min_child_weight": 3.9430489187582336, "subsample": 0.9}, "datetime": {"datetime": "2020-04-25 17:24:31", "elapsed": 180.151498, "delta": 2.838668}}
{"target": 0.628909, "params": {"alpha": 0.8885529624972299, "colsample_bytree": 0.8860343481519114, "lam": 0.06116730015702532, "max_depth": 9.90215471294757, "min_child_weight": 7.917432252762502, "subsample": 0.812269362909718}, "datetime": {"datetime": "2020-04-25 17:24:34", "elapsed": 182.860485, "delta": 2.708987}}
{"target": 0.6192884000000001, "params": {"alpha": 0.8445864612609479, "colsample_bytree": 0.8941084560637124, "lam": 0.15261656259064582, "max_depth": 8.808202542820457, "min_child_weight": 3.9722024378832472, "subsample": 0.8937784600837525}, "datetime": {"datetime": "2020-04-25 17:24:37", "elapsed": 185.249909, "delta": 2.389424}}
{"target": 0.5931284, "params": {"alpha": 0.2629179052203797, "colsample_bytree": 0.5927062755699809, "lam": 0.9646197058614947, "max_depth": 7.83773488684346, "min_child_weight": 1.0523550830632955, "subsample": 0.8381127770331405}, "datetime": {"datetime": "2020-04-25 17:24:39", "elapsed": 187.712919, "delta": 2.46301}}
{"target": 0.6266999999999999, "params": {"alpha": 0.9350902802341354, "colsample_bytree": 0.8688163281119146, "lam": 0.02756840990854381, "max_depth": 6.684616060772818, "min_child_weight": 6.338343856949751, "subsample": 0.6873575769791426}, "datetime": {"datetime": "2020-04-25 17:24:41", "elapsed": 189.915553, "delta": 2.202634}}
{"target": 0.5793274, "params": {"alpha": 0.8849002772166907, "colsample_bytree": 0.617589256250396, "lam": 0.09928240533694455, "max_depth": 3.0945452337900012, "min_child_weight": 1.0429655012165888, "subsample": 0.5011995721080051}, "datetime": {"datetime": "2020-04-25 17:24:43", "elapsed": 191.893832, "delta": 1.978279}}
{"target": 0.6117148, "params": {"alpha": 0.018349235477937098, "colsample_bytree": 0.8636475219783466, "lam": 0.9234560045987752, "max_depth": 6.597192169916985, "min_child_weight": 2.168353216234581, "subsample": 0.8485423038264985}, "datetime": {"datetime": "2020-04-25 17:24:46", "elapsed": 194.259236, "delta": 2.365404}}
{"target": 0.6226649999999999, "params": {"alpha": 0.9696540029229326, "colsample_bytree": 0.867888683288398, "lam": 0.38532051027333647, "max_depth": 9.762273668562232, "min_child_weight": 9.344430032345384, "subsample": 0.5376117000343135}, "datetime": {"datetime": "2020-04-25 17:24:48", "elapsed": 196.604969, "delta": 2.345733}}
{"target": 0.628811, "params": {"alpha": 0.9243838431438584, "colsample_bytree": 0.8415618687111435, "lam": 0.004176689810099998, "max_depth": 8.914452923689822, "min_child_weight": 9.984022993106679, "subsample": 0.8870523997337477}, "datetime": {"datetime": "2020-04-25 17:24:50", "elapsed": 198.957213, "delta": 2.352244}}
{"target": 0.6278916, "params": {"alpha": 0.89567033946931, "colsample_bytree": 0.8948088384372797, "lam": 0.924164834976684, "max_depth": 6.02139250886305, "min_child_weight": 4.170055570634737, "subsample": 0.8906171109180703}, "datetime": {"datetime": "2020-04-25 17:24:52", "elapsed": 201.161037, "delta": 2.203824}}
{"target": 0.6118156, "params": {"alpha": 0.06507084076879, "colsample_bytree": 0.5113405101730745, "lam": 0.9198542288340796, "max_depth": 8.463329440808192, "min_child_weight": 9.994559784670368, "subsample": 0.7279152083285602}, "datetime": {"datetime": "2020-04-25 17:24:55", "elapsed": 203.50944, "delta": 2.348403}}
{"target": 0.623969, "params": {"alpha": 0.003198465617058055, "colsample_bytree": 0.8575032086699013, "lam": 0.9810212916555335, "max_depth": 7.927020705806225, "min_child_weight": 3.3571455988803147, "subsample": 0.8842738602232143}, "datetime": {"datetime": "2020-04-25 17:24:57", "elapsed": 205.851482, "delta": 2.342042}}
{"target": 0.601063, "params": {"alpha": 0.11489540487453953, "colsample_bytree": 0.5396792136484628, "lam": 0.9056061070015605, "max_depth": 3.511534591463263, "min_child_weight": 1.0165234741709823, "subsample": 0.8912132076573027}, "datetime": {"datetime": "2020-04-25 17:24:59", "elapsed": 208.114451, "delta": 2.262969}}
{"target": 0.6366384, "params": {"alpha": 0.16241397659753776, "colsample_bytree": 0.8910804454966326, "lam": 0.09178999270513177, "max_depth": 9.143387351007952, "min_child_weight": 5.5821761454016885, "subsample": 0.8821606971427434}, "datetime": {"datetime": "2020-04-25 17:25:02", "elapsed": 210.469392, "delta": 2.354941}}
{"target": 0.5946046, "params": {"alpha": 0.038032256090791194, "colsample_bytree": 0.7500860712618338, "lam": 0.9899157486112565, "max_depth": 3.0120272214897805, "min_child_weight": 8.037457969046724, "subsample": 0.6199773614095291}, "datetime": {"datetime": "2020-04-25 17:25:04", "elapsed": 212.238779, "delta": 1.769387}}
{"target": 0.6244416, "params": {"alpha": 0.0, "colsample_bytree": 0.9, "lam": 0.7912679178533757, "max_depth": 4.998143404463037, "min_child_weight": 5.522826276097433, "subsample": 0.9}, "datetime": {"datetime": "2020-04-25 17:25:06", "elapsed": 214.651458, "delta": 2.412679}}
{"target": 0.6277674, "params": {"alpha": 0.027596550197935832, "colsample_bytree": 0.7208976183886476, "lam": 0.027156102855272812, "max_depth": 3.6589164264137124, "min_child_weight": 6.5586024791156055, "subsample": 0.8711736619206376}, "datetime": {"datetime": "2020-04-25 17:25:08", "elapsed": 216.587087, "delta": 1.935629}}
{"target": 0.6383964, "params": {"alpha": 0.9948373665465633, "colsample_bytree": 0.8869308630727852, "lam": 0.05822393274601878, "max_depth": 5.413043816400448, "min_child_weight": 3.8139044874829993, "subsample": 0.8835285861232394}, "datetime": {"datetime": "2020-04-25 17:25:10", "elapsed": 218.728474, "delta": 2.141387}}
{"target": 0.6013344, "params": {"alpha": 0.06193567894595198, "colsample_bytree": 0.517842322642975, "lam": 0.13145567985396867, "max_depth": 4.17169887213895, "min_child_weight": 5.356654365811016, "subsample": 0.7414688451559394}, "datetime": {"datetime": "2020-04-25 17:25:12", "elapsed": 220.872064, "delta": 2.14359}}
{"target": 0.6131428, "params": {"alpha": 0.07666481865975573, "colsample_bytree": 0.8970518794038573, "lam": 0.572407835611417, "max_depth": 6.039227684227, "min_child_weight": 3.2868233384342513, "subsample": 0.528531232083156}, "datetime": {"datetime": "2020-04-25 17:25:15", "elapsed": 223.277831, "delta": 2.405767}}
{"target": 0.6286424, "params": {"alpha": 0.0, "colsample_bytree": 0.8999999999971073, "lam": 0.5127785027702644, "max_depth": 4.52352242824055, "min_child_weight": 6.950130256821466, "subsample": 0.8999999999986485}, "datetime": {"datetime": "2020-04-25 17:25:17", "elapsed": 225.578018, "delta": 2.300187}}
{"target": 0.6365656000000001, "params": {"alpha": 0.9512671469184196, "colsample_bytree": 0.9, "lam": 1.0, "max_depth": 9.943526680664933, "min_child_weight": 10.0, "subsample": 0.9}, "datetime": {"datetime": "2020-04-25 17:25:19", "elapsed": 228.126278, "delta": 2.54826}}
{"target": 0.6200775999999999, "params": {"alpha": 0.26448592267114024, "colsample_bytree": 0.8541842225978424, "lam": 0.7285925208059735, "max_depth": 6.583693637008262, "min_child_weight": 6.736197115986949, "subsample": 0.5159859148936518}, "datetime": {"datetime": "2020-04-25 17:25:22", "elapsed": 230.649536, "delta": 2.523258}}
{"target": 0.6330696, "params": {"alpha": 0.008775964543185077, "colsample_bytree": 0.8368621355425336, "lam": 0.9705725250393735, "max_depth": 4.815664550973326, "min_child_weight": 9.996492673775265, "subsample": 0.7607629833927443}, "datetime": {"datetime": "2020-04-25 17:25:24", "elapsed": 233.191897, "delta": 2.542361}}
{"target": 0.6302978, "params": {"alpha": 0.5934898344116097, "colsample_bytree": 0.879981017940989, "lam": 0.14368843989423874, "max_depth": 4.894283140421324, "min_child_weight": 5.159830358891229, "subsample": 0.707573343351527}, "datetime": {"datetime": "2020-04-25 17:25:27", "elapsed": 235.37422, "delta": 2.182323}}
{"target": 0.6183533999999999, "params": {"alpha": 1.0, "colsample_bytree": 0.9, "lam": 1.0, "max_depth": 10.0, "min_child_weight": 4.686016185912792, "subsample": 0.5}, "datetime": {"datetime": "2020-04-25 17:25:30", "elapsed": 238.403146, "delta": 3.028926}}
{"target": 0.6333122, "params": {"alpha": 0.004448810444940943, "colsample_bytree": 0.8317317242197682, "lam": 0.009920028838842021, "max_depth": 4.817702528632539, "min_child_weight": 5.268292986253974, "subsample": 0.8664289574747568}, "datetime": {"datetime": "2020-04-25 17:25:32", "elapsed": 240.665608, "delta": 2.262462}}
{"target": 0.6082988, "params": {"alpha": 0.9859513204910273, "colsample_bytree": 0.9, "lam": 0.9528181529732124, "max_depth": 8.171374175391517, "min_child_weight": 1.7722219931518315, "subsample": 0.9}, "datetime": {"datetime": "2020-04-25 17:25:35", "elapsed": 243.458059, "delta": 2.792451}}
{"target": 0.6430438, "params": {"alpha": 1.0, "colsample_bytree": 0.9, "lam": 1.0, "max_depth": 5.89366220086234, "min_child_weight": 9.07612044330438, "subsample": 0.9}, "datetime": {"datetime": "2020-04-25 17:25:37", "elapsed": 245.845937, "delta": 2.387878}}
{"target": 0.6240842000000001, "params": {"alpha": 1.0, "colsample_bytree": 0.899999993731665, "lam": 0.39400453691433224, "max_depth": 4.966716195658018, "min_child_weight": 3.617914024554007, "subsample": 0.5354144609908073}, "datetime": {"datetime": "2020-04-25 17:25:39", "elapsed": 248.171067, "delta": 2.32513}}
{"target": 0.6031684, "params": {"alpha": 0.0866150096343512, "colsample_bytree": 0.8677257263155527, "lam": 0.18226930565536814, "max_depth": 3.0032098347998994, "min_child_weight": 7.053662385632568, "subsample": 0.8719676054534138}, "datetime": {"datetime": "2020-04-25 17:25:42", "elapsed": 250.601071, "delta": 2.430004}}
{"target": 0.5925732, "params": {"alpha": 0.7874025390455549, "colsample_bytree": 0.7680935741070114, "lam": 0.9943967810400868, "max_depth": 3.214660128215743, "min_child_weight": 9.798360960117337, "subsample": 0.5283997686398795}, "datetime": {"datetime": "2020-04-25 17:25:44", "elapsed": 252.740828, "delta": 2.139757}}
{"target": 0.6270866, "params": {"alpha": 0.3704142197035416, "colsample_bytree": 0.8849817160962983, "lam": 0.8780510089212205, "max_depth": 7.014396989933918, "min_child_weight": 5.496588909998102, "subsample": 0.8664133737377464}, "datetime": {"datetime": "2020-04-25 17:25:47", "elapsed": 255.347998, "delta": 2.60717}}
{"target": 0.643089, "params": {"alpha": 0.8853455532839825, "colsample_bytree": 0.8758555531377352, "lam": 0.09480047829671057, "max_depth": 8.43798997013147, "min_child_weight": 9.253948239149988, "subsample": 0.8994500980562299}, "datetime": {"datetime": "2020-04-25 17:25:49", "elapsed": 257.735957, "delta": 2.387959}}
