{"target": 0.6207208, "params": {"alpha": 0.9994000313130559, "colsample_bytree": 0.8440281612213694, "lam": 0.6393757573780264, "max_depth": 8.637815290272755, "min_child_weight": 5.170764243687813, "subsample": 0.5073684953916214}, "datetime": {"datetime": "2020-04-24 20:05:50", "elapsed": 253.162267, "delta": 2.615089}}
{"target": 0.6037794, "params": {"alpha": 0.6532483970325278, "colsample_bytree": 0.8903019079997536, "lam": 0.49759598234542435, "max_depth": 8.233935497533938, "min_child_weight": 2.147205311505421, "subsample": 0.8737884363980783}, "datetime": {"datetime": "2020-04-24 20:05:52", "elapsed": 255.429548, "delta": 2.267281}}
{"target": 0.6345559999999999, "params": {"alpha": 0.6399407738891425, "colsample_bytree": 0.8579786600623551, "lam": 0.16518458042142803, "max_depth": 4.533192576140703, "min_child_weight": 8.434871492950819, "subsample": 0.8878262781525585}, "datetime": {"datetime": "2020-04-24 20:05:54", "elapsed": 257.793837, "delta": 2.364289}}
{"target": 0.6375995999999999, "params": {"alpha": 1.0, "colsample_bytree": 0.8999999999998197, "lam": 0.0, "max_depth": 9.999999999999886, "min_child_weight": 9.254377294416862, "subsample": 0.8999999999997397}, "datetime": {"datetime": "2020-04-24 20:05:57", "elapsed": 260.674601, "delta": 2.880764}}
{"target": 0.6416176, "params": {"alpha": 0.11657304227180554, "colsample_bytree": 0.8940590633057535, "lam": 0.81395750922185, "max_depth": 5.93967288287215, "min_child_weight": 6.565059253525718, "subsample": 0.8825112260541701}, "datetime": {"datetime": "2020-04-24 20:06:00", "elapsed": 263.204297, "delta": 2.529696}}
{"target": 0.6345332, "params": {"alpha": 0.9999999942150337, "colsample_bytree": 0.8999999977528284, "lam": 0.9999999929061775, "max_depth": 10.0, "min_child_weight": 8.25962421778084, "subsample": 0.8999999877065327}, "datetime": {"datetime": "2020-04-24 20:06:02", "elapsed": 265.936461, "delta": 2.732164}}
{"target": 0.6022048, "params": {"alpha": 0.01263050366462104, "colsample_bytree": 0.7197317393703726, "lam": 0.2798028522749014, "max_depth": 9.470736285575665, "min_child_weight": 5.166122764029232, "subsample": 0.5311326763056978}, "datetime": {"datetime": "2020-04-24 20:06:05", "elapsed": 268.744694, "delta": 2.808233}}
{"target": 0.624426, "params": {"alpha": 0.5202310880985335, "colsample_bytree": 0.6458533939160509, "lam": 0.42065916516161905, "max_depth": 9.995303919929043, "min_child_weight": 5.075064080979167, "subsample": 0.8932917650826269}, "datetime": {"datetime": "2020-04-24 20:06:08", "elapsed": 271.942973, "delta": 3.198279}}
{"target": 0.5869706, "params": {"alpha": 0.05438606405293578, "colsample_bytree": 0.8759165902408363, "lam": 0.361947050969448, "max_depth": 9.862334904619308, "min_child_weight": 2.499648408891035, "subsample": 0.5049460032059928}, "datetime": {"datetime": "2020-04-24 20:06:11", "elapsed": 274.966535, "delta": 3.023562}}
{"target": 0.6429452, "params": {"alpha": 0.8177933728378298, "colsample_bytree": 0.893061799546454, "lam": 0.9808776643392902, "max_depth": 8.150506721114013, "min_child_weight": 6.754313008004775, "subsample": 0.5685836158667286}, "datetime": {"datetime": "2020-04-24 20:06:14", "elapsed": 277.667708, "delta": 2.701173}}
{"target": 0.6170821999999999, "params": {"alpha": 0.740775018657177, "colsample_bytree": 0.8913823636267961, "lam": 0.4256876567008513, "max_depth": 9.912545451667125, "min_child_weight": 3.4829428553716406, "subsample": 0.8757078096634638}, "datetime": {"datetime": "2020-04-24 20:06:17", "elapsed": 280.958614, "delta": 3.290906}}
{"target": 0.6449969999999999, "params": {"alpha": 0.9835309322504238, "colsample_bytree": 0.9, "lam": 1.0, "max_depth": 8.88527103429064, "min_child_weight": 8.65883975446907, "subsample": 0.9}, "datetime": {"datetime": "2020-04-24 20:06:20", "elapsed": 283.549816, "delta": 2.591202}}
{"target": 0.6337503999999999, "params": {"alpha": 0.49080687734356665, "colsample_bytree": 0.8628505201205929, "lam": 0.13061370338635925, "max_depth": 5.348597575820856, "min_child_weight": 3.3910459858172155, "subsample": 0.8992974467436267}, "datetime": {"datetime": "2020-04-24 20:06:23", "elapsed": 286.227714, "delta": 2.677898}}
{"target": 0.6259750000000001, "params": {"alpha": 0.00774816361103059, "colsample_bytree": 0.870883692419226, "lam": 0.19800870941397142, "max_depth": 4.505073675127191, "min_child_weight": 2.061740647189552, "subsample": 0.8777954255246005}, "datetime": {"datetime": "2020-04-24 20:06:25", "elapsed": 288.885052, "delta": 2.657338}}
{"target": 0.6284430000000001, "params": {"alpha": 0.8082775072670333, "colsample_bytree": 0.8286085020078129, "lam": 0.23903585987856202, "max_depth": 6.238094847401982, "min_child_weight": 1.0233531541012792, "subsample": 0.8754448986881036}, "datetime": {"datetime": "2020-04-24 20:06:27", "elapsed": 291.043017, "delta": 2.157965}}
{"target": 0.6293453999999999, "params": {"alpha": 0.8613670613803432, "colsample_bytree": 0.8865910050900638, "lam": 0.9988497140704488, "max_depth": 9.583574166314596, "min_child_weight": 7.062916465719057, "subsample": 0.598436605778359}, "datetime": {"datetime": "2020-04-24 20:06:31", "elapsed": 294.141754, "delta": 3.098737}}
{"target": 0.5987736, "params": {"alpha": 0.20428712366796997, "colsample_bytree": 0.8888469112048372, "lam": 0.8695916668123128, "max_depth": 3.0360952738301097, "min_child_weight": 3.178067212456927, "subsample": 0.537089130676033}, "datetime": {"datetime": "2020-04-24 20:06:33", "elapsed": 296.420952, "delta": 2.279198}}
{"target": 0.6371032000000001, "params": {"alpha": 0.9999999995018937, "colsample_bytree": 0.8999999999999804, "lam": 1.0, "max_depth": 7.041655332789151, "min_child_weight": 8.60303402332484, "subsample": 0.8999999997754278}, "datetime": {"datetime": "2020-04-24 20:06:36", "elapsed": 299.240081, "delta": 2.819129}}
{"target": 0.6281026, "params": {"alpha": 0.2996950425037157, "colsample_bytree": 0.8840855522385236, "lam": 0.8190182010852507, "max_depth": 7.855889427625247, "min_child_weight": 8.881567580479224, "subsample": 0.5028349674172424}, "datetime": {"datetime": "2020-04-24 20:06:38", "elapsed": 301.932673, "delta": 2.692592}}
{"target": 0.623639, "params": {"alpha": 0.8280621357841984, "colsample_bytree": 0.8388968936298147, "lam": 0.9880718706869605, "max_depth": 5.975179657681447, "min_child_weight": 1.077660448793115, "subsample": 0.504976442711299}, "datetime": {"datetime": "2020-04-24 20:06:41", "elapsed": 304.587489, "delta": 2.654816}}
{"target": 0.606666, "params": {"alpha": 0.9609382223912831, "colsample_bytree": 0.5595435515697375, "lam": 0.9425575335002704, "max_depth": 9.953325095280682, "min_child_weight": 9.430800824761672, "subsample": 0.7365803955123906}, "datetime": {"datetime": "2020-04-24 20:06:44", "elapsed": 307.494713, "delta": 2.907224}}
{"target": 0.6382548, "params": {"alpha": 0.04607724038831951, "colsample_bytree": 0.8959418496312408, "lam": 0.9334675933812894, "max_depth": 7.100863137004892, "min_child_weight": 9.394927834570304, "subsample": 0.8623459134585069}, "datetime": {"datetime": "2020-04-24 20:06:47", "elapsed": 310.13853, "delta": 2.643817}}
{"target": 0.631885, "params": {"alpha": 0.6798918442048071, "colsample_bytree": 0.7824708201127465, "lam": 0.004870110976692654, "max_depth": 6.116807187339193, "min_child_weight": 6.910956223987247, "subsample": 0.8697971097443947}, "datetime": {"datetime": "2020-04-24 20:06:49", "elapsed": 312.969257, "delta": 2.830727}}
{"target": 0.6286001999999999, "params": {"alpha": 0.9999999610043107, "colsample_bytree": 0.8999999960334265, "lam": 0.9999999788402014, "max_depth": 8.52224943999014, "min_child_weight": 7.1631728325889945, "subsample": 0.8999999960334265}, "datetime": {"datetime": "2020-04-24 20:06:52", "elapsed": 315.843912, "delta": 2.874655}}
{"target": 0.6213493999999999, "params": {"alpha": 0.33985723004730384, "colsample_bytree": 0.8876036026487034, "lam": 0.9099404575107967, "max_depth": 7.483256953483186, "min_child_weight": 5.857404742217719, "subsample": 0.5426791550562897}, "datetime": {"datetime": "2020-04-24 20:06:55", "elapsed": 318.656638, "delta": 2.812726}}
{"target": 0.6370682000000001, "params": {"alpha": 9.995922471344066e-09, "colsample_bytree": 0.9, "lam": 1.0, "max_depth": 10.0, "min_child_weight": 10.0, "subsample": 0.8999999966228105}, "datetime": {"datetime": "2020-04-24 20:06:58", "elapsed": 321.301103, "delta": 2.644465}}
{"target": 0.6287924, "params": {"alpha": 0.9920970014017952, "colsample_bytree": 0.8173523158353551, "lam": 0.49491684957148097, "max_depth": 7.765701491138244, "min_child_weight": 6.874872766628967, "subsample": 0.5385862201543923}, "datetime": {"datetime": "2020-04-24 20:07:01", "elapsed": 324.750983, "delta": 3.44988}}
{"target": 0.6241199999999999, "params": {"alpha": 0.721198281010281, "colsample_bytree": 0.885233072200567, "lam": 0.2201991082687038, "max_depth": 7.774561016500557, "min_child_weight": 4.179011207513376, "subsample": 0.892634663905866}, "datetime": {"datetime": "2020-04-24 20:07:04", "elapsed": 327.501982, "delta": 2.750999}}
{"target": 0.6286092, "params": {"alpha": 0.6301686440326149, "colsample_bytree": 0.8849323088706573, "lam": 0.6575539947803052, "max_depth": 3.8040555309105875, "min_child_weight": 9.36546729664429, "subsample": 0.8739747168718361}, "datetime": {"datetime": "2020-04-24 20:07:07", "elapsed": 330.192287, "delta": 2.690305}}
{"target": 0.5888108000000001, "params": {"alpha": 0.8938611464106293, "colsample_bytree": 0.8948121848131705, "lam": 0.4585444924878721, "max_depth": 8.777334923065883, "min_child_weight": 1.0011060907364295, "subsample": 0.5670566820344061}, "datetime": {"datetime": "2020-04-24 20:07:10", "elapsed": 333.8072, "delta": 3.614913}}
{"target": 0.6344034, "params": {"alpha": 0.9365129484619426, "colsample_bytree": 0.8755012849163797, "lam": 0.6437346135182791, "max_depth": 8.717011297583579, "min_child_weight": 9.974524556458121, "subsample": 0.8391546411873616}, "datetime": {"datetime": "2020-04-24 20:07:13", "elapsed": 336.888022, "delta": 3.080822}}
{"target": 0.627764, "params": {"alpha": 0.3511958936110451, "colsample_bytree": 0.898820735442162, "lam": 0.9759875194385701, "max_depth": 7.3196190533055665, "min_child_weight": 2.839658329932009, "subsample": 0.8348490793666039}, "datetime": {"datetime": "2020-04-24 20:07:17", "elapsed": 340.128719, "delta": 3.240697}}
{"target": 0.6328884, "params": {"alpha": 0.9999999998219249, "colsample_bytree": 0.8999999987579959, "lam": 0.05663688782067175, "max_depth": 3.902882160413939, "min_child_weight": 6.692864080104939, "subsample": 0.8999999997891938}, "datetime": {"datetime": "2020-04-24 20:07:19", "elapsed": 342.52012, "delta": 2.391401}}
{"target": 0.5981814, "params": {"alpha": 0.03195444470829656, "colsample_bytree": 0.5209328562623494, "lam": 0.06453326038909668, "max_depth": 7.276798308258958, "min_child_weight": 9.962933122388279, "subsample": 0.5055305339173513}, "datetime": {"datetime": "2020-04-24 20:07:22", "elapsed": 345.13107, "delta": 2.61095}}
{"target": 0.6351055999999999, "params": {"alpha": 0.31715531078412906, "colsample_bytree": 0.8944361779005292, "lam": 0.02099940890883556, "max_depth": 9.631417598021567, "min_child_weight": 9.995658380606077, "subsample": 0.8567546456707791}, "datetime": {"datetime": "2020-04-24 20:07:25", "elapsed": 348.644626, "delta": 3.513556}}
{"target": 0.6295844, "params": {"alpha": 0.013648488466318942, "colsample_bytree": 0.8970777023237297, "lam": 0.4697480744498681, "max_depth": 6.379229621329691, "min_child_weight": 9.336463302281393, "subsample": 0.5652691062467257}, "datetime": {"datetime": "2020-04-24 20:07:28", "elapsed": 351.395229, "delta": 2.750603}}
{"target": 0.6080342000000001, "params": {"alpha": 0.04838930781427231, "colsample_bytree": 0.5310412244226796, "lam": 0.7402811822856532, "max_depth": 5.777982619323261, "min_child_weight": 3.091251162625368, "subsample": 0.8971518023256568}, "datetime": {"datetime": "2020-04-24 20:07:31", "elapsed": 354.445483, "delta": 3.050254}}
{"target": 0.5974166000000001, "params": {"alpha": 0.10364481123371017, "colsample_bytree": 0.8899496821975195, "lam": 0.7989105727191587, "max_depth": 3.249942165184713, "min_child_weight": 2.3923787592521095, "subsample": 0.8645894182184861}, "datetime": {"datetime": "2020-04-24 20:07:34", "elapsed": 357.671626, "delta": 3.226143}}
{"target": 0.629232, "params": {"alpha": 0.9305784178464966, "colsample_bytree": 0.8890679049843475, "lam": 0.844296289267064, "max_depth": 7.782223912794333, "min_child_weight": 3.3262580146379723, "subsample": 0.5101982014236994}, "datetime": {"datetime": "2020-04-24 20:07:37", "elapsed": 360.833193, "delta": 3.161567}}
{"target": 0.6157602, "params": {"alpha": 0.4913483075837196, "colsample_bytree": 0.8911728750516876, "lam": 0.021998719416859935, "max_depth": 5.2992730773757195, "min_child_weight": 1.199517190370501, "subsample": 0.8844556132715982}, "datetime": {"datetime": "2020-04-24 20:07:40", "elapsed": 363.902224, "delta": 3.069031}}
{"target": 0.6321068000000001, "params": {"alpha": 0.8712759485412324, "colsample_bytree": 0.753459231550487, "lam": 0.09378693449180708, "max_depth": 4.5334144555782885, "min_child_weight": 9.949970801388746, "subsample": 0.8978091963389276}, "datetime": {"datetime": "2020-04-24 20:07:43", "elapsed": 366.850007, "delta": 2.947783}}
{"target": 0.6167738, "params": {"alpha": 0.746796411723258, "colsample_bytree": 0.8972698929149703, "lam": 0.048349806935204076, "max_depth": 4.133477203051264, "min_child_weight": 8.85540163646282, "subsample": 0.5354122259703894}, "datetime": {"datetime": "2020-04-24 20:07:47", "elapsed": 370.370542, "delta": 3.520535}}
{"target": 0.5815309999999999, "params": {"alpha": 0.0006666839343967458, "colsample_bytree": 0.5170263201899047, "lam": 0.25205990255955535, "max_depth": 3.1906804202540973, "min_child_weight": 1.052428041048664, "subsample": 0.9}, "datetime": {"datetime": "2020-04-24 20:07:50", "elapsed": 373.776481, "delta": 3.405939}}
{"target": 0.6361865999999999, "params": {"alpha": 0.027310582525771787, "colsample_bytree": 0.8910840373228299, "lam": 0.6732164733133464, "max_depth": 4.682854997153855, "min_child_weight": 8.33186148216842, "subsample": 0.8825688400874199}, "datetime": {"datetime": "2020-04-24 20:07:54", "elapsed": 377.173433, "delta": 3.396952}}
{"target": 0.624459, "params": {"alpha": 0.5848733298672975, "colsample_bytree": 0.9, "lam": 0.9752354415806768, "max_depth": 4.091858876770529, "min_child_weight": 1.2169046899489095, "subsample": 0.8758296547426759}, "datetime": {"datetime": "2020-04-24 20:07:57", "elapsed": 380.451542, "delta": 3.278109}}
{"target": 0.6337476000000001, "params": {"alpha": 0.951700542287291, "colsample_bytree": 0.8989448420740653, "lam": 0.01638487877928929, "max_depth": 5.527999543758083, "min_child_weight": 8.001797914088206, "subsample": 0.858138947701389}, "datetime": {"datetime": "2020-04-24 20:08:00", "elapsed": 383.816539, "delta": 3.364997}}
{"target": 0.6339705999999999, "params": {"alpha": 0.9463349961625384, "colsample_bytree": 0.8693764414445113, "lam": 0.0638491638775377, "max_depth": 9.99775596645108, "min_child_weight": 7.49226097195501, "subsample": 0.6444631938593182}, "datetime": {"datetime": "2020-04-24 20:08:04", "elapsed": 387.500178, "delta": 3.683639}}
{"target": 0.6179762, "params": {"alpha": 0.4556878095612438, "colsample_bytree": 0.8922673871770271, "lam": 0.3596636710297345, "max_depth": 3.940737728082405, "min_child_weight": 4.01438621391155, "subsample": 0.5348846492070496}, "datetime": {"datetime": "2020-04-24 20:08:07", "elapsed": 390.83826, "delta": 3.338082}}
{"target": 0.6360252, "params": {"alpha": 0.009379419994579807, "colsample_bytree": 0.8407537987764829, "lam": 0.09909791349465102, "max_depth": 4.989214424922888, "min_child_weight": 4.393205313307177, "subsample": 0.8914487696514659}, "datetime": {"datetime": "2020-04-24 20:08:11", "elapsed": 394.307026, "delta": 3.468766}}
{"target": 0.6241224000000001, "params": {"alpha": 0.7632423124083163, "colsample_bytree": 0.8875777138204008, "lam": 0.964887948454516, "max_depth": 9.937970060796719, "min_child_weight": 6.21624340169201, "subsample": 0.5419601033809809}, "datetime": {"datetime": "2020-04-24 20:08:15", "elapsed": 398.301346, "delta": 3.99432}}
{"target": 0.6364291999999999, "params": {"alpha": 0.923499714529403, "colsample_bytree": 0.8693645507814303, "lam": 0.008311280608417904, "max_depth": 6.764178663745922, "min_child_weight": 7.8376202704357745, "subsample": 0.8475401766578692}, "datetime": {"datetime": "2020-04-24 20:08:18", "elapsed": 401.797529, "delta": 3.496183}}
{"target": 0.6305032, "params": {"alpha": 0.037694688249793606, "colsample_bytree": 0.8957504001743453, "lam": 0.19478370472675277, "max_depth": 9.425089299831024, "min_child_weight": 9.282071264862905, "subsample": 0.8522549744941614}, "datetime": {"datetime": "2020-04-24 20:08:22", "elapsed": 405.231802, "delta": 3.434273}}
{"target": 0.6266440000000001, "params": {"alpha": 0.35597788535544583, "colsample_bytree": 0.6431576958733186, "lam": 0.9892352418703579, "max_depth": 8.220602781456652, "min_child_weight": 7.943698414242983, "subsample": 0.5054746651787758}, "datetime": {"datetime": "2020-04-24 20:08:25", "elapsed": 408.226791, "delta": 2.994989}}
{"target": 0.6229454000000001, "params": {"alpha": 0.308140482241269, "colsample_bytree": 0.8896633536864045, "lam": 0.9927109256578145, "max_depth": 5.779390467986257, "min_child_weight": 5.976643563908751, "subsample": 0.6751309364835102}, "datetime": {"datetime": "2020-04-24 20:08:28", "elapsed": 411.521876, "delta": 3.295085}}
{"target": 0.6344382, "params": {"alpha": 0.9851311698468718, "colsample_bytree": 0.8223293273375437, "lam": 0.28667232547137467, "max_depth": 5.132763490350916, "min_child_weight": 6.642046877966242, "subsample": 0.8976184530448194}, "datetime": {"datetime": "2020-04-24 20:08:31", "elapsed": 414.308521, "delta": 2.786645}}
{"target": 0.6188164, "params": {"alpha": 0.9617165050379566, "colsample_bytree": 0.5129399741298737, "lam": 0.5707017271664846, "max_depth": 7.097381443445625, "min_child_weight": 6.427935458287894, "subsample": 0.882818277326189}, "datetime": {"datetime": "2020-04-24 20:08:34", "elapsed": 417.91867, "delta": 3.610149}}
{"target": 0.6377822, "params": {"alpha": 0.935748495279103, "colsample_bytree": 0.8965853390636889, "lam": 0.4453100734750167, "max_depth": 5.982244907176435, "min_child_weight": 7.206517645222661, "subsample": 0.8985086870514758}, "datetime": {"datetime": "2020-04-24 20:08:38", "elapsed": 421.202489, "delta": 3.283819}}
{"target": 0.5809163999999999, "params": {"alpha": 0.7981015441610764, "colsample_bytree": 0.5068632479603102, "lam": 0.046449628347016825, "max_depth": 4.076117030488321, "min_child_weight": 9.99370667631162, "subsample": 0.6542219833706667}, "datetime": {"datetime": "2020-04-24 20:08:41", "elapsed": 424.792451, "delta": 3.589962}}
{"target": 0.5972715999999999, "params": {"alpha": 0.9239557272012892, "colsample_bytree": 0.7697986659561102, "lam": 0.9673566456231196, "max_depth": 3.058330445061369, "min_child_weight": 8.438420909124897, "subsample": 0.8580598060284159}, "datetime": {"datetime": "2020-04-24 20:08:44", "elapsed": 427.54956, "delta": 2.757109}}
{"target": 0.613437, "params": {"alpha": 0.4860959916859401, "colsample_bytree": 0.8714854071908713, "lam": 0.7986670034973283, "max_depth": 6.6182619646394185, "min_child_weight": 2.120064017330249, "subsample": 0.5019369147542672}, "datetime": {"datetime": "2020-04-24 20:08:47", "elapsed": 430.787106, "delta": 3.237546}}
{"target": 0.5375838000000001, "params": {"alpha": 1.0, "colsample_bytree": 0.5, "lam": 0.0, "max_depth": 3.0, "min_child_weight": 1.0, "subsample": 0.5}, "datetime": {"datetime": "2020-04-24 20:08:50", "elapsed": 433.732733, "delta": 2.945627}}
{"target": 0.6324104, "params": {"alpha": 0.03970135341491832, "colsample_bytree": 0.8932806498699578, "lam": 0.7970021408244726, "max_depth": 8.734989901700782, "min_child_weight": 7.171007290460951, "subsample": 0.5547321778548804}, "datetime": {"datetime": "2020-04-24 20:08:54", "elapsed": 437.725182, "delta": 3.992449}}
{"target": 0.6380668, "params": {"alpha": 0.22124910033997425, "colsample_bytree": 0.8980373817987645, "lam": 0.028852874982601917, "max_depth": 8.79145039905213, "min_child_weight": 7.422456540342663, "subsample": 0.8915018552735565}, "datetime": {"datetime": "2020-04-24 20:08:58", "elapsed": 441.18409, "delta": 3.458908}}
{"target": 0.6099756, "params": {"alpha": 0.9918495320153592, "colsample_bytree": 0.6288231887572572, "lam": 0.71144494604745, "max_depth": 4.389220344444629, "min_child_weight": 7.873441853992232, "subsample": 0.6750664291793391}, "datetime": {"datetime": "2020-04-24 20:09:01", "elapsed": 444.496723, "delta": 3.312633}}
{"target": 0.6322890000000001, "params": {"alpha": 0.9682013187160594, "colsample_bytree": 0.8333660825013012, "lam": 0.14471437815157306, "max_depth": 3.5171550547991943, "min_child_weight": 7.9371600580491775, "subsample": 0.8814960060153985}, "datetime": {"datetime": "2020-04-24 20:09:04", "elapsed": 447.669628, "delta": 3.172905}}
{"target": 0.6370950000000001, "params": {"alpha": 0.07536119825733989, "colsample_bytree": 0.8968352877093049, "lam": 0.011559046354573721, "max_depth": 5.200456686423349, "min_child_weight": 9.028089898013343, "subsample": 0.8553548940769462}, "datetime": {"datetime": "2020-04-24 20:09:07", "elapsed": 450.991338, "delta": 3.32171}}
{"target": 0.6255134, "params": {"alpha": 0.9343002170977289, "colsample_bytree": 0.5371180798048508, "lam": 0.22669731705262464, "max_depth": 5.372337629422628, "min_child_weight": 4.409870984692826, "subsample": 0.8293291357525784}, "datetime": {"datetime": "2020-04-24 20:09:11", "elapsed": 454.632675, "delta": 3.641337}}
