{"target": 0.6323178, "params": {"alpha": 0.9489758844823055, "colsample_bytree": 0.8800151615227176, "lam": 0.8797144258319848, "max_depth": 7.343656103973137, "min_child_weight": 5.809204656569923, "subsample": 0.8876314598675037}, "datetime": {"datetime": "2020-04-25 18:03:14", "elapsed": 2648.170246, "delta": 12.570124}}
{"target": 0.6010732, "params": {"alpha": 0.45788529052064586, "colsample_bytree": 0.8942880094541312, "lam": 0.051191399101674584, "max_depth": 3.0329646271961552, "min_child_weight": 8.892390721702832, "subsample": 0.8928777915888284}, "datetime": {"datetime": "2020-04-25 18:03:27", "elapsed": 2660.789375, "delta": 12.619129}}
{"target": 0.6385472, "params": {"alpha": 0.133647440030363, "colsample_bytree": 0.8490020423114096, "lam": 0.32038654030840064, "max_depth": 4.922012134159395, "min_child_weight": 7.371153176341219, "subsample": 0.8508633659654924}, "datetime": {"datetime": "2020-04-25 18:03:39", "elapsed": 2673.238039, "delta": 12.448664}}
{"target": 0.626306, "params": {"alpha": 0.10708251435669602, "colsample_bytree": 0.8741765434855697, "lam": 0.2777391955105377, "max_depth": 5.934697640844412, "min_child_weight": 8.40644835025062, "subsample": 0.544587479449604}, "datetime": {"datetime": "2020-04-25 18:03:51", "elapsed": 2685.420238, "delta": 12.182199}}
{"target": 0.6367141999999999, "params": {"alpha": 0.009528709625493015, "colsample_bytree": 0.8941365832414188, "lam": 0.10754343532725585, "max_depth": 6.625987527690858, "min_child_weight": 9.869022829037467, "subsample": 0.6974100103623998}, "datetime": {"datetime": "2020-04-25 18:04:04", "elapsed": 2698.352518, "delta": 12.93228}}
{"target": 0.605478, "params": {"alpha": 0.9999999986476972, "colsample_bytree": 0.9, "lam": 0.2672551536006805, "max_depth": 3.0, "min_child_weight": 6.081353347592929, "subsample": 0.8999999995264274}, "datetime": {"datetime": "2020-04-25 18:04:16", "elapsed": 2710.317877, "delta": 11.965359}}
{"target": 0.6341300000000001, "params": {"alpha": 0.03719943170445528, "colsample_bytree": 0.8928984449189334, "lam": 0.966164003864254, "max_depth": 5.740197856632325, "min_child_weight": 7.432112291950934, "subsample": 0.7709023595501887}, "datetime": {"datetime": "2020-04-25 18:04:29", "elapsed": 2722.955994, "delta": 12.638117}}
{"target": 0.6325071999999998, "params": {"alpha": 0.9272625835298284, "colsample_bytree": 0.8760749056901156, "lam": 0.4132243937399118, "max_depth": 9.577895188597786, "min_child_weight": 8.223237230798082, "subsample": 0.8973705403849345}, "datetime": {"datetime": "2020-04-25 18:04:45", "elapsed": 2739.037649, "delta": 16.081655}}
{"target": 0.6442096, "params": {"alpha": 0.6836097719429, "colsample_bytree": 0.8955644109653242, "lam": 0.6595187413507161, "max_depth": 9.808268792356182, "min_child_weight": 9.560634379146721, "subsample": 0.8352196669657364}, "datetime": {"datetime": "2020-04-25 18:05:00", "elapsed": 2753.578156, "delta": 14.540507}}
{"target": 0.6428765999999999, "params": {"alpha": 0.9861429917544874, "colsample_bytree": 0.8788515769558713, "lam": 0.998296520794186, "max_depth": 8.183276025028864, "min_child_weight": 7.848597896156723, "subsample": 0.887804903262484}, "datetime": {"datetime": "2020-04-25 18:05:17", "elapsed": 2771.046636, "delta": 17.46848}}
{"target": 0.6291254000000001, "params": {"alpha": 0.0, "colsample_bytree": 0.9, "lam": 1.0, "max_depth": 9.99999999890308, "min_child_weight": 6.379477436114236, "subsample": 0.8999999999012711}, "datetime": {"datetime": "2020-04-25 18:05:32", "elapsed": 2785.601857, "delta": 14.555221}}
{"target": 0.6294332, "params": {"alpha": 0.9711766371319837, "colsample_bytree": 0.6298962939807222, "lam": 0.9737109782061177, "max_depth": 4.7555820388252386, "min_child_weight": 8.912447795002375, "subsample": 0.8755118708463119}, "datetime": {"datetime": "2020-04-25 18:05:46", "elapsed": 2799.859601, "delta": 14.257744}}
{"target": 0.6309442, "params": {"alpha": 0.005658630106181395, "colsample_bytree": 0.8624567422036914, "lam": 0.5524337833706882, "max_depth": 7.498977825284341, "min_child_weight": 9.245336269918482, "subsample": 0.6450288078149394}, "datetime": {"datetime": "2020-04-25 18:05:59", "elapsed": 2813.516245, "delta": 13.656644}}
{"target": 0.6325076000000001, "params": {"alpha": 0.40908520484349, "colsample_bytree": 0.8879810802679238, "lam": 0.12006941508041724, "max_depth": 5.247461531823425, "min_child_weight": 6.945109551024535, "subsample": 0.8934230134114263}, "datetime": {"datetime": "2020-04-25 18:06:15", "elapsed": 2828.799348, "delta": 15.283103}}
{"target": 0.6292278, "params": {"alpha": 0.0, "colsample_bytree": 0.8999999999999947, "lam": 0.06921688650278959, "max_depth": 5.086352149885537, "min_child_weight": 4.998661470462346, "subsample": 0.8999999999999757}, "datetime": {"datetime": "2020-04-25 18:06:28", "elapsed": 2842.251516, "delta": 13.452168}}
{"target": 0.6220918, "params": {"alpha": 0.015066624506954507, "colsample_bytree": 0.8176322731433429, "lam": 0.11680879213726136, "max_depth": 8.512310852642347, "min_child_weight": 3.507212914438661, "subsample": 0.8922467788080528}, "datetime": {"datetime": "2020-04-25 18:06:45", "elapsed": 2859.134179, "delta": 16.882663}}
{"target": 0.6334096, "params": {"alpha": 0.9909533531234537, "colsample_bytree": 0.6602432039950286, "lam": 0.8260526340232355, "max_depth": 7.64535754311529, "min_child_weight": 8.873791280295784, "subsample": 0.89145353626346}, "datetime": {"datetime": "2020-04-25 18:06:58", "elapsed": 2872.249674, "delta": 13.115495}}
{"target": 0.6258332, "params": {"alpha": 0.9399612193605321, "colsample_bytree": 0.8913293481095848, "lam": 0.9675984569830233, "max_depth": 4.62260925508422, "min_child_weight": 9.996037587640517, "subsample": 0.5598051559731347}, "datetime": {"datetime": "2020-04-25 18:07:13", "elapsed": 2887.312481, "delta": 15.062807}}
{"target": 0.6186746, "params": {"alpha": 0.3927833633155652, "colsample_bytree": 0.896279816871838, "lam": 0.939573385114545, "max_depth": 9.880579521448954, "min_child_weight": 8.729367063114047, "subsample": 0.6761787648666382}, "datetime": {"datetime": "2020-04-25 18:07:30", "elapsed": 2904.075793, "delta": 16.763312}}
{"target": 0.6271424000000001, "params": {"alpha": 0.0004212406586250328, "colsample_bytree": 0.8857153536978095, "lam": 0.07312911087566765, "max_depth": 9.044073961488492, "min_child_weight": 9.37978868203018, "subsample": 0.6134762106484916}, "datetime": {"datetime": "2020-04-25 18:07:46", "elapsed": 2919.859242, "delta": 15.783449}}
{"target": 0.6321786, "params": {"alpha": 0.969219104408043, "colsample_bytree": 0.8885166859737785, "lam": 0.8418951216920851, "max_depth": 7.510391225219244, "min_child_weight": 8.082640874273197, "subsample": 0.7345336787805156}, "datetime": {"datetime": "2020-04-25 18:08:00", "elapsed": 2933.726913, "delta": 13.867671}}
{"target": 0.6381258000000001, "params": {"alpha": 0.9260822952659894, "colsample_bytree": 0.8944149391349658, "lam": 0.9341960246965159, "max_depth": 4.657138205627547, "min_child_weight": 3.885747088644343, "subsample": 0.8669117279461026}, "datetime": {"datetime": "2020-04-25 18:08:14", "elapsed": 2947.636269, "delta": 13.909356}}
{"target": 0.6340222000000001, "params": {"alpha": 0.041047128798433086, "colsample_bytree": 0.7759183138605033, "lam": 0.16967442583255277, "max_depth": 9.250787801588308, "min_child_weight": 8.280932928484264, "subsample": 0.8422966090746089}, "datetime": {"datetime": "2020-04-25 18:08:27", "elapsed": 2960.896343, "delta": 13.260074}}
{"target": 0.5866659999999999, "params": {"alpha": 9.074734942604517e-09, "colsample_bytree": 0.9, "lam": 0.0, "max_depth": 3.0000000045745305, "min_child_weight": 3.697940296546925, "subsample": 0.5000000041959147}, "datetime": {"datetime": "2020-04-25 18:08:39", "elapsed": 2972.94694, "delta": 12.050597}}
{"target": 0.6336128, "params": {"alpha": 0.9396793908707675, "colsample_bytree": 0.893865951129815, "lam": 0.4442687177480199, "max_depth": 7.802959433980538, "min_child_weight": 9.997324373878962, "subsample": 0.7111962310341601}, "datetime": {"datetime": "2020-04-25 18:08:54", "elapsed": 2987.702676, "delta": 14.755736}}
{"target": 0.5955324, "params": {"alpha": 0.0, "colsample_bytree": 0.8999999999564754, "lam": 0.8937149979525433, "max_depth": 3.0, "min_child_weight": 7.0954050872650285, "subsample": 0.5000000000190933}, "datetime": {"datetime": "2020-04-25 18:09:05", "elapsed": 2999.089632, "delta": 11.386956}}
{"target": 0.631714, "params": {"alpha": 0.7786038660481126, "colsample_bytree": 0.8771956419296301, "lam": 0.08883616465707889, "max_depth": 4.1961389267590095, "min_child_weight": 6.616670649128884, "subsample": 0.7893854359588317}, "datetime": {"datetime": "2020-04-25 18:09:18", "elapsed": 3012.089727, "delta": 13.000095}}
{"target": 0.6344768000000001, "params": {"alpha": 0.4535339989817585, "colsample_bytree": 0.868636121892232, "lam": 0.66783153244535, "max_depth": 9.966013590476889, "min_child_weight": 9.738175643902556, "subsample": 0.8933274199211672}, "datetime": {"datetime": "2020-04-25 18:09:36", "elapsed": 3030.001874, "delta": 17.912147}}
{"target": 0.6202636, "params": {"alpha": 1.0, "colsample_bytree": 0.8999999947712721, "lam": 0.9999999929368565, "max_depth": 10.0, "min_child_weight": 9.473902363920013, "subsample": 0.5000000058089602}, "datetime": {"datetime": "2020-04-25 18:09:52", "elapsed": 3046.167105, "delta": 16.165231}}
{"target": 0.6393941999999999, "params": {"alpha": 0.01958837025926541, "colsample_bytree": 0.7564828354790493, "lam": 0.3440389089454706, "max_depth": 8.56184302411494, "min_child_weight": 9.977033485549477, "subsample": 0.871053830577504}, "datetime": {"datetime": "2020-04-25 18:10:08", "elapsed": 3062.134233, "delta": 15.967128}}
{"target": 0.625972, "params": {"alpha": 0.033966133327940407, "colsample_bytree": 0.7131704925122719, "lam": 0.03454920088454816, "max_depth": 4.15945599970887, "min_child_weight": 9.741290234912713, "subsample": 0.8996765964048299}, "datetime": {"datetime": "2020-04-25 18:10:23", "elapsed": 3077.231537, "delta": 15.097304}}
{"target": 0.6439088, "params": {"alpha": 0.12984114940810054, "colsample_bytree": 0.8926993023086747, "lam": 0.9354207456895598, "max_depth": 6.212935024795974, "min_child_weight": 6.874020761992635, "subsample": 0.8652517335053557}, "datetime": {"datetime": "2020-04-25 18:10:39", "elapsed": 3092.569763, "delta": 15.338226}}
{"target": 0.6405974, "params": {"alpha": 0.9810831550993585, "colsample_bytree": 0.8824038371090259, "lam": 0.5991173290956762, "max_depth": 9.66224677786968, "min_child_weight": 9.061064644874744, "subsample": 0.8804848771726492}, "datetime": {"datetime": "2020-04-25 18:10:52", "elapsed": 3106.483295, "delta": 13.913532}}
{"target": 0.6335278, "params": {"alpha": 0.00034618718140766447, "colsample_bytree": 0.8725204957993857, "lam": 0.2440889325583364, "max_depth": 9.114086628275775, "min_child_weight": 9.96736131501776, "subsample": 0.7638516806152035}, "datetime": {"datetime": "2020-04-25 18:11:07", "elapsed": 3120.821478, "delta": 14.338183}}
{"target": 0.6204174, "params": {"alpha": 0.15279611858219522, "colsample_bytree": 0.5142993466399136, "lam": 0.021833922490286706, "max_depth": 7.947363767599349, "min_child_weight": 9.877043250367047, "subsample": 0.8202677013511142}, "datetime": {"datetime": "2020-04-25 18:11:22", "elapsed": 3135.86668, "delta": 15.045202}}
{"target": 0.6374312, "params": {"alpha": 0.9166414003548544, "colsample_bytree": 0.8895572721206291, "lam": 0.4862397908417935, "max_depth": 5.4233607098096535, "min_child_weight": 2.1944434933197376, "subsample": 0.8705981984840514}, "datetime": {"datetime": "2020-04-25 18:11:38", "elapsed": 3151.778977, "delta": 15.912297}}
{"target": 0.6213356, "params": {"alpha": 0.008938917697227433, "colsample_bytree": 0.5887945065286537, "lam": 0.8172317258333665, "max_depth": 9.920257044238925, "min_child_weight": 7.0187468466025855, "subsample": 0.8365117329396121}, "datetime": {"datetime": "2020-04-25 18:11:55", "elapsed": 3169.101267, "delta": 17.32229}}
{"target": 0.6324076, "params": {"alpha": 0.9795465532624734, "colsample_bytree": 0.8725633103649915, "lam": 0.9643540813964215, "max_depth": 6.006312876552858, "min_child_weight": 9.997470522337922, "subsample": 0.7313506947102374}, "datetime": {"datetime": "2020-04-25 18:12:10", "elapsed": 3184.266677, "delta": 15.16541}}
{"target": 0.609278, "params": {"alpha": 1.3415914364537806e-07, "colsample_bytree": 0.9, "lam": 1.5889115927947382e-07, "max_depth": 10.0, "min_child_weight": 5.923803934444968, "subsample": 0.5000001922156149}, "datetime": {"datetime": "2020-04-25 18:12:26", "elapsed": 3200.046162, "delta": 15.779485}}
{"target": 0.6287958, "params": {"alpha": 0.4883147814305002, "colsample_bytree": 0.8980268837739073, "lam": 0.9169932120171108, "max_depth": 5.045577653441722, "min_child_weight": 2.056756375059289, "subsample": 0.8963535620369346}, "datetime": {"datetime": "2020-04-25 18:12:43", "elapsed": 3216.547532, "delta": 16.50137}}
{"target": 0.6266687999999999, "params": {"alpha": 0.31715086829564665, "colsample_bytree": 0.8603696954413973, "lam": 0.9990942900973607, "max_depth": 8.401037530025931, "min_child_weight": 9.819900757126112, "subsample": 0.6657356343471522}, "datetime": {"datetime": "2020-04-25 18:12:55", "elapsed": 3229.529272, "delta": 12.98174}}
{"target": 0.6221591999999999, "params": {"alpha": 0.04433735740552747, "colsample_bytree": 0.8804384263376321, "lam": 0.5191280674465847, "max_depth": 6.788269745425768, "min_child_weight": 1.7842551614700732, "subsample": 0.8348387502454282}, "datetime": {"datetime": "2020-04-25 18:13:12", "elapsed": 3246.324285, "delta": 16.795013}}
{"target": 0.6387938, "params": {"alpha": 0.10768011543423595, "colsample_bytree": 0.8927295823830763, "lam": 0.03194374471724459, "max_depth": 9.463965477212625, "min_child_weight": 8.514783824423363, "subsample": 0.7222220236716991}, "datetime": {"datetime": "2020-04-25 18:13:29", "elapsed": 3262.726953, "delta": 16.402668}}
{"target": 0.6305068, "params": {"alpha": 0.9304883826010779, "colsample_bytree": 0.8975120148715847, "lam": 0.4500360918336923, "max_depth": 5.430448885845708, "min_child_weight": 3.208654270320717, "subsample": 0.8966529845817842}, "datetime": {"datetime": "2020-04-25 18:13:45", "elapsed": 3279.218161, "delta": 16.491208}}
{"target": 0.635003, "params": {"alpha": 0.5458848347630563, "colsample_bytree": 0.8942061054846697, "lam": 0.9977097253811891, "max_depth": 9.44090738497323, "min_child_weight": 6.074324786126461, "subsample": 0.8148866611978116}, "datetime": {"datetime": "2020-04-25 18:14:00", "elapsed": 3293.709917, "delta": 14.491756}}
{"target": 0.6341140000000001, "params": {"alpha": 0.9612990240949303, "colsample_bytree": 0.8999999751436215, "lam": 0.0, "max_depth": 8.601440401312738, "min_child_weight": 7.380774330856702, "subsample": 0.5}, "datetime": {"datetime": "2020-04-25 18:14:17", "elapsed": 3311.212228, "delta": 17.502311}}
{"target": 0.624225, "params": {"alpha": 0.2473097984106839, "colsample_bytree": 0.8992310761495297, "lam": 0.33100024794363836, "max_depth": 7.754884981467432, "min_child_weight": 3.3887846040347194, "subsample": 0.8944885533220132}, "datetime": {"datetime": "2020-04-25 18:14:35", "elapsed": 3328.679124, "delta": 17.466896}}
{"target": 0.6260752, "params": {"alpha": 0.00900974369329166, "colsample_bytree": 0.8901642550992024, "lam": 0.49949673880655343, "max_depth": 4.883870197161742, "min_child_weight": 1.4416310191081514, "subsample": 0.8591543666717587}, "datetime": {"datetime": "2020-04-25 18:14:52", "elapsed": 3345.647763, "delta": 16.968639}}
{"target": 0.6268357999999999, "params": {"alpha": 0.15461688299299092, "colsample_bytree": 0.8958356234396188, "lam": 0.9279428727745203, "max_depth": 4.39690990343569, "min_child_weight": 4.382758711357723, "subsample": 0.8793158523007227}, "datetime": {"datetime": "2020-04-25 18:15:08", "elapsed": 3361.912518, "delta": 16.264755}}
{"target": 0.6398382, "params": {"alpha": 0.9888517773926693, "colsample_bytree": 0.8409577008488907, "lam": 0.6344336176581906, "max_depth": 5.1205639624315875, "min_child_weight": 9.181428232968054, "subsample": 0.8349328269978038}, "datetime": {"datetime": "2020-04-25 18:15:21", "elapsed": 3375.51872, "delta": 13.606202}}
{"target": 0.6376696, "params": {"alpha": 0.09082997977375573, "colsample_bytree": 0.899387894457003, "lam": 0.38288322047347867, "max_depth": 6.25141731994835, "min_child_weight": 9.675165362728809, "subsample": 0.7863255995182771}, "datetime": {"datetime": "2020-04-25 18:15:37", "elapsed": 3390.633568, "delta": 15.114848}}
{"target": 0.6170486000000001, "params": {"alpha": 0.08275498610755516, "colsample_bytree": 0.8879354450815382, "lam": 0.8585269931256331, "max_depth": 9.399732151344944, "min_child_weight": 4.10520892021907, "subsample": 0.8752684937970547}, "datetime": {"datetime": "2020-04-25 18:15:51", "elapsed": 3404.582151, "delta": 13.948583}}
{"target": 0.6267052, "params": {"alpha": 0.8679308672832894, "colsample_bytree": 0.8969032704527908, "lam": 0.022261578530591852, "max_depth": 6.870908345237069, "min_child_weight": 7.130327429312481, "subsample": 0.7789524973410153}, "datetime": {"datetime": "2020-04-25 18:16:06", "elapsed": 3420.475312, "delta": 15.893161}}
{"target": 0.6242661999999999, "params": {"alpha": 0.020801544416802376, "colsample_bytree": 0.6129541433545338, "lam": 0.5721275272756965, "max_depth": 9.00511495686229, "min_child_weight": 8.879346939702257, "subsample": 0.8767116897114613}, "datetime": {"datetime": "2020-04-25 18:16:23", "elapsed": 3436.576492, "delta": 16.10118}}
{"target": 0.6321128, "params": {"alpha": 0.9948497339979456, "colsample_bytree": 0.7860440863655613, "lam": 0.963349875623349, "max_depth": 9.168138615009127, "min_child_weight": 5.2819209301118395, "subsample": 0.8924804737574699}, "datetime": {"datetime": "2020-04-25 18:16:41", "elapsed": 3455.232364, "delta": 18.655872}}
{"target": 0.6427642, "params": {"alpha": 0.3219089475856963, "colsample_bytree": 0.894385840912856, "lam": 0.014524140525126628, "max_depth": 8.47865813467403, "min_child_weight": 6.197137360874151, "subsample": 0.8873260919918715}, "datetime": {"datetime": "2020-04-25 18:16:58", "elapsed": 3472.24172, "delta": 17.009356}}
{"target": 0.6404248, "params": {"alpha": 0.45152362846653926, "colsample_bytree": 0.8865332376069017, "lam": 0.683215758094924, "max_depth": 5.888937696335518, "min_child_weight": 6.851011841712565, "subsample": 0.8760659366631527}, "datetime": {"datetime": "2020-04-25 18:17:17", "elapsed": 3491.453438, "delta": 19.211718}}
{"target": 0.6336932, "params": {"alpha": 0.5739993141888808, "colsample_bytree": 0.8993293988242641, "lam": 0.9933717704830463, "max_depth": 7.026727606060102, "min_child_weight": 6.715559212684587, "subsample": 0.855194064692604}, "datetime": {"datetime": "2020-04-25 18:17:34", "elapsed": 3508.517709, "delta": 17.064271}}
{"target": 0.6291698, "params": {"alpha": 0.9935055570655652, "colsample_bytree": 0.876482453408979, "lam": 0.2615915259015026, "max_depth": 9.32333257585362, "min_child_weight": 5.50732685691483, "subsample": 0.8903411116289218}, "datetime": {"datetime": "2020-04-25 18:17:50", "elapsed": 3524.419648, "delta": 15.901939}}
{"target": 0.6316957999999999, "params": {"alpha": 0.011752506850242539, "colsample_bytree": 0.8676216009905144, "lam": 0.013867576620954392, "max_depth": 7.170921794580395, "min_child_weight": 5.3600672627666555, "subsample": 0.8775362878342794}, "datetime": {"datetime": "2020-04-25 18:18:08", "elapsed": 3541.7015, "delta": 17.281852}}
{"target": 0.6304026, "params": {"alpha": 0.5569983186554113, "colsample_bytree": 0.8495262533698293, "lam": 0.9788391110894235, "max_depth": 5.324086704931229, "min_child_weight": 8.84041533389243, "subsample": 0.8922339795197762}, "datetime": {"datetime": "2020-04-25 18:18:22", "elapsed": 3556.020978, "delta": 14.319478}}
{"target": 0.6326649999999999, "params": {"alpha": 0.0, "colsample_bytree": 0.8999999982847384, "lam": 0.9999999957118472, "max_depth": 5.917322429231423, "min_child_weight": 5.6532994615019625, "subsample": 0.9}, "datetime": {"datetime": "2020-04-25 18:18:36", "elapsed": 3569.819327, "delta": 13.798349}}
{"target": 0.6352274, "params": {"alpha": 0.6196047613147992, "colsample_bytree": 0.8840970727253356, "lam": 0.15804128087447633, "max_depth": 6.064192128305018, "min_child_weight": 5.590468977269775, "subsample": 0.8184265489918456}, "datetime": {"datetime": "2020-04-25 18:18:53", "elapsed": 3586.759737, "delta": 16.94041}}
{"target": 0.63294, "params": {"alpha": 0.49139501818267184, "colsample_bytree": 0.8925999259308532, "lam": 0.19053727068582438, "max_depth": 4.749979721945867, "min_child_weight": 7.617127411641158, "subsample": 0.8670972487259891}, "datetime": {"datetime": "2020-04-25 18:19:08", "elapsed": 3601.706564, "delta": 14.946827}}
{"target": 0.6270196, "params": {"alpha": 0.1874110517684383, "colsample_bytree": 0.8765937456133839, "lam": 0.09891022811085959, "max_depth": 3.8626085093575577, "min_child_weight": 7.487318175656624, "subsample": 0.6047200774726273}, "datetime": {"datetime": "2020-04-25 18:19:23", "elapsed": 3617.104488, "delta": 15.397924}}
{"target": 0.6240572, "params": {"alpha": 0.03365697355258335, "colsample_bytree": 0.8953670845593698, "lam": 0.9658505112108416, "max_depth": 5.276603583031191, "min_child_weight": 4.6105619902816635, "subsample": 0.5743736899493461}, "datetime": {"datetime": "2020-04-25 18:19:37", "elapsed": 3630.683576, "delta": 13.579088}}
{"target": 0.6226718, "params": {"alpha": 0.005565708463098784, "colsample_bytree": 0.8872253109886388, "lam": 0.7449170329836887, "max_depth": 4.568521611820374, "min_child_weight": 7.630822489100337, "subsample": 0.5028413187401966}, "datetime": {"datetime": "2020-04-25 18:19:51", "elapsed": 3644.665414, "delta": 13.981838}}
