{"target": 0.6185932000000001, "params": {"alpha": 0.06619153881215789, "colsample_bytree": 0.7301205285326295, "lam": 0.30890923645802315, "max_depth": 3.547227218989632, "min_child_weight": 4.1251129497328165, "subsample": 0.6607676691823406}, "datetime": {"datetime": "2020-04-25 17:21:31", "elapsed": 0.0, "delta": 0.0}}
{"target": 0.6069402, "params": {"alpha": 0.025290950460524875, "colsample_bytree": 0.5797512118824112, "lam": 0.06469180751395553, "max_depth": 3.9215059595763826, "min_child_weight": 9.81218362847317, "subsample": 0.8885300127981806}, "datetime": {"datetime": "2020-04-25 17:21:32", "elapsed": 0.78959, "delta": 0.78959}}
{"target": 0.6288866, "params": {"alpha": 0.004220796314601816, "colsample_bytree": 0.7697207796755854, "lam": 0.43130139605968587, "max_depth": 4.914419643049425, "min_child_weight": 8.986928279947328, "subsample": 0.6773046414496997}, "datetime": {"datetime": "2020-04-25 17:21:33", "elapsed": 1.6081, "delta": 0.81851}}
{"target": 0.5903142000000001, "params": {"alpha": 0.6002100219598171, "colsample_bytree": 0.5373650430286245, "lam": 0.9380584130906717, "max_depth": 4.046368507695346, "min_child_weight": 2.8802107838596935, "subsample": 0.6001319781546353}, "datetime": {"datetime": "2020-04-25 17:21:34", "elapsed": 2.398598, "delta": 0.790498}}
{"target": 0.6005065999999999, "params": {"alpha": 0.49141703699729444, "colsample_bytree": 0.6237704793169536, "lam": 0.19008849397155592, "max_depth": 3.557776508478686, "min_child_weight": 9.169933784606409, "subsample": 0.6163920537757844}, "datetime": {"datetime": "2020-04-25 17:21:34", "elapsed": 3.176527, "delta": 0.777929}}
{"target": 0.553767, "params": {"alpha": 0.8696033200732601, "colsample_bytree": 0.5946731383519659, "lam": 0.6057055334023209, "max_depth": 3.311288042878621, "min_child_weight": 6.234425350691941, "subsample": 0.6886909767924096}, "datetime": {"datetime": "2020-04-25 17:21:35", "elapsed": 3.921414, "delta": 0.744887}}
{"target": 0.6162182, "params": {"alpha": 0.8106439424920096, "colsample_bytree": 0.7125902893321525, "lam": 0.6371583915193476, "max_depth": 3.744491090526895, "min_child_weight": 3.0829513535044932, "subsample": 0.7640507184322047}, "datetime": {"datetime": "2020-04-25 17:21:36", "elapsed": 4.709521, "delta": 0.788107}}
{"target": 0.59005, "params": {"alpha": 0.5960031433128246, "colsample_bytree": 0.5471749157072849, "lam": 0.6769762722590441, "max_depth": 9.694806952697954, "min_child_weight": 4.294034141443015, "subsample": 0.7713231535614425}, "datetime": {"datetime": "2020-04-25 17:21:37", "elapsed": 6.110075, "delta": 1.400554}}
{"target": 0.6053491999999999, "params": {"alpha": 0.7483486562945381, "colsample_bytree": 0.7891544224801179, "lam": 0.3836945742838286, "max_depth": 9.622069349891818, "min_child_weight": 3.6793539701225746, "subsample": 0.702137086559182}, "datetime": {"datetime": "2020-04-25 17:21:39", "elapsed": 7.469573, "delta": 1.359498}}
{"target": 0.6019776, "params": {"alpha": 0.10075330599180732, "colsample_bytree": 0.6061223919690379, "lam": 0.5440985840002874, "max_depth": 9.25472479760743, "min_child_weight": 5.931742643832561, "subsample": 0.5055673325259429}, "datetime": {"datetime": "2020-04-25 17:21:40", "elapsed": 8.530704, "delta": 1.061131}}
{"target": 0.6368754000000001, "params": {"alpha": 1.0, "colsample_bytree": 0.9, "lam": 0.0, "max_depth": 10.0, "min_child_weight": 10.0, "subsample": 0.9}, "datetime": {"datetime": "2020-04-25 17:21:41", "elapsed": 10.164186, "delta": 1.633482}}
{"target": 0.6012972, "params": {"alpha": 0.0, "colsample_bytree": 0.9, "lam": 0.0, "max_depth": 3.0, "min_child_weight": 1.0, "subsample": 0.9}, "datetime": {"datetime": "2020-04-25 17:21:43", "elapsed": 11.389472, "delta": 1.225286}}
{"target": 0.6308106, "params": {"alpha": 1.0, "colsample_bytree": 0.9, "lam": 0.0, "max_depth": 6.572838360100322, "min_child_weight": 5.040591314286565, "subsample": 0.9}, "datetime": {"datetime": "2020-04-25 17:21:44", "elapsed": 12.849237, "delta": 1.459765}}
{"target": 0.6244662, "params": {"alpha": 0.0, "colsample_bytree": 0.9, "lam": 1.0, "max_depth": 10.0, "min_child_weight": 10.0, "subsample": 0.5}, "datetime": {"datetime": "2020-04-25 17:21:46", "elapsed": 14.489723, "delta": 1.640486}}
{"target": 0.6289946000000001, "params": {"alpha": 1.0, "colsample_bytree": 0.9, "lam": 0.0, "max_depth": 6.43532505294233, "min_child_weight": 10.0, "subsample": 0.5}, "datetime": {"datetime": "2020-04-25 17:21:47", "elapsed": 15.899235, "delta": 1.409512}}
{"target": 0.5788204, "params": {"alpha": 0.0, "colsample_bytree": 0.9, "lam": 0.0, "max_depth": 10.0, "min_child_weight": 1.0, "subsample": 0.9}, "datetime": {"datetime": "2020-04-25 17:21:50", "elapsed": 18.274302, "delta": 2.375067}}
{"target": 0.6090018, "params": {"alpha": 0.0, "colsample_bytree": 0.9, "lam": 1.0, "max_depth": 3.0, "min_child_weight": 10.0, "subsample": 0.9}, "datetime": {"datetime": "2020-04-25 17:21:51", "elapsed": 19.621476, "delta": 1.347174}}
{"target": 0.6330204, "params": {"alpha": 1.0, "colsample_bytree": 0.9, "lam": 1.0, "max_depth": 10.0, "min_child_weight": 7.4605314905967655, "subsample": 0.9}, "datetime": {"datetime": "2020-04-25 17:21:53", "elapsed": 21.518611, "delta": 1.897135}}
{"target": 0.611921, "params": {"alpha": 1.0, "colsample_bytree": 0.9, "lam": 0.0, "max_depth": 5.066190031071941, "min_child_weight": 1.8601139545672551, "subsample": 0.5}, "datetime": {"datetime": "2020-04-25 17:21:54", "elapsed": 22.932898, "delta": 1.414287}}
{"target": 0.6352552, "params": {"alpha": 0.0, "colsample_bytree": 0.9, "lam": 0.0, "max_depth": 10.0, "min_child_weight": 6.824386216727848, "subsample": 0.9}, "datetime": {"datetime": "2020-04-25 17:21:56", "elapsed": 24.799138, "delta": 1.86624}}
{"target": 0.6444973999999999, "params": {"alpha": 0.0, "colsample_bytree": 0.9, "lam": 1.0, "max_depth": 5.812271636444263, "min_child_weight": 3.311414261008533, "subsample": 0.9}, "datetime": {"datetime": "2020-04-25 17:21:58", "elapsed": 26.227378, "delta": 1.42824}}
{"target": 0.5894524000000001, "params": {"alpha": 0.17701920869129262, "colsample_bytree": 0.8967056896391645, "lam": 0.006702792529944213, "max_depth": 3.437235248111959, "min_child_weight": 8.469058611290048, "subsample": 0.5324941386164965}, "datetime": {"datetime": "2020-04-25 17:21:59", "elapsed": 27.462328, "delta": 1.23495}}
{"target": 0.6364943999999999, "params": {"alpha": 0.0, "colsample_bytree": 0.9, "lam": 1.0, "max_depth": 7.738609426855436, "min_child_weight": 9.240551556315877, "subsample": 0.9}, "datetime": {"datetime": "2020-04-25 17:22:00", "elapsed": 29.052156, "delta": 1.589828}}
{"target": 0.618365, "params": {"alpha": 0.03701579485312578, "colsample_bytree": 0.8830820822535943, "lam": 0.013511969644956379, "max_depth": 4.423441022765312, "min_child_weight": 2.210828557157881, "subsample": 0.8903763152427433}, "datetime": {"datetime": "2020-04-25 17:22:02", "elapsed": 30.404385, "delta": 1.352229}}
{"target": 0.6372144, "params": {"alpha": 0.9866434993441902, "colsample_bytree": 0.793848662459282, "lam": 0.8892524740921965, "max_depth": 6.145276613592861, "min_child_weight": 9.979409430696808, "subsample": 0.8861575130477821}, "datetime": {"datetime": "2020-04-25 17:22:03", "elapsed": 31.830391, "delta": 1.426006}}
{"target": 0.6114498, "params": {"alpha": 0.0, "colsample_bytree": 0.9, "lam": 1.0, "max_depth": 10.0, "min_child_weight": 3.4130854223284124, "subsample": 0.5000347400467854}, "datetime": {"datetime": "2020-04-25 17:22:05", "elapsed": 33.729773, "delta": 1.899382}}
{"target": 0.6336748, "params": {"alpha": 0.009734907135071302, "colsample_bytree": 0.8909425344855852, "lam": 0.9158074831275769, "max_depth": 6.157998373162443, "min_child_weight": 5.980759748665678, "subsample": 0.5379173930362062}, "datetime": {"datetime": "2020-04-25 17:22:06", "elapsed": 35.099656, "delta": 1.369883}}
{"target": 0.6090232, "params": {"alpha": 0.9548379807528055, "colsample_bytree": 0.888982658025866, "lam": 0.926972328736605, "max_depth": 9.513545215688133, "min_child_weight": 1.3042338498149486, "subsample": 0.8043993024330646}, "datetime": {"datetime": "2020-04-25 17:22:09", "elapsed": 37.313532, "delta": 2.213876}}
{"target": 0.6087968, "params": {"alpha": 0.0, "colsample_bytree": 0.9, "lam": 1.0, "max_depth": 3.000000007087771, "min_child_weight": 3.159399133842181, "subsample": 0.9}, "datetime": {"datetime": "2020-04-25 17:22:10", "elapsed": 38.662852, "delta": 1.34932}}
{"target": 0.6307575999999999, "params": {"alpha": 0.03423628359358, "colsample_bytree": 0.8912461534479931, "lam": 0.7963262988205602, "max_depth": 8.465734984586113, "min_child_weight": 4.673647798073352, "subsample": 0.8739835679633583}, "datetime": {"datetime": "2020-04-25 17:22:12", "elapsed": 40.295865, "delta": 1.633013}}
{"target": 0.6253616, "params": {"alpha": 0.02740771407564402, "colsample_bytree": 0.6302963393144561, "lam": 0.8956224294847162, "max_depth": 5.7193224039440675, "min_child_weight": 9.924223327725382, "subsample": 0.54218021109349}, "datetime": {"datetime": "2020-04-25 17:22:13", "elapsed": 41.714661, "delta": 1.418796}}
{"target": 0.6377843999999999, "params": {"alpha": 0.7762195077373749, "colsample_bytree": 0.9, "lam": 0.972688191737932, "max_depth": 4.545295762602809, "min_child_weight": 10.0, "subsample": 0.8972542606781715}, "datetime": {"datetime": "2020-04-25 17:22:14", "elapsed": 43.092711, "delta": 1.37805}}
{"target": 0.6315538, "params": {"alpha": 0.10409234616230889, "colsample_bytree": 0.868452841701744, "lam": 0.1906606832440646, "max_depth": 5.089005696478374, "min_child_weight": 4.102545823382862, "subsample": 0.8900446778982206}, "datetime": {"datetime": "2020-04-25 17:22:16", "elapsed": 44.636654, "delta": 1.543943}}
{"target": 0.6275872, "params": {"alpha": 1.0, "colsample_bytree": 0.9, "lam": 0.6671383145068338, "max_depth": 7.474870077737051, "min_child_weight": 7.45960744246077, "subsample": 0.8999999999999992}, "datetime": {"datetime": "2020-04-25 17:22:17", "elapsed": 46.136243, "delta": 1.499589}}
{"target": 0.6182723999999999, "params": {"alpha": 0.8995631643746672, "colsample_bytree": 0.8760533502749084, "lam": 0.9029820286983249, "max_depth": 7.190222668545216, "min_child_weight": 2.767831675715445, "subsample": 0.8517471952481868}, "datetime": {"datetime": "2020-04-25 17:22:19", "elapsed": 47.798013, "delta": 1.66177}}
{"target": 0.5961712, "params": {"alpha": 0.9524125486157328, "colsample_bytree": 0.8783200993502572, "lam": 0.14076261451061534, "max_depth": 3.459038246889969, "min_child_weight": 3.0452959147311205, "subsample": 0.5708916086982152}, "datetime": {"datetime": "2020-04-25 17:22:21", "elapsed": 49.27161, "delta": 1.473597}}
{"target": 0.6218318, "params": {"alpha": 0.0, "colsample_bytree": 0.9, "lam": 0.8245508221558077, "max_depth": 5.617230907560782, "min_child_weight": 1.0000000067580062, "subsample": 0.9}, "datetime": {"datetime": "2020-04-25 17:22:22", "elapsed": 50.738171, "delta": 1.466561}}
{"target": 0.6005472000000001, "params": {"alpha": 1.0, "colsample_bytree": 0.9, "lam": 0.0, "max_depth": 7.965486234036679, "min_child_weight": 1.0000000065694172, "subsample": 0.9}, "datetime": {"datetime": "2020-04-25 17:22:24", "elapsed": 52.48523, "delta": 1.747059}}
{"target": 0.6206494000000001, "params": {"alpha": 0.9929688483059925, "colsample_bytree": 0.6419714470541067, "lam": 0.3768253017895701, "max_depth": 4.722162575139864, "min_child_weight": 1.042936259872358, "subsample": 0.8684116929936155}, "datetime": {"datetime": "2020-04-25 17:22:25", "elapsed": 53.993087, "delta": 1.507857}}
{"target": 0.6322880000000002, "params": {"alpha": 0.940650798392956, "colsample_bytree": 0.8821499814006541, "lam": 0.00505641343865848, "max_depth": 9.4135157585591, "min_child_weight": 8.431333893451768, "subsample": 0.5356390907493294}, "datetime": {"datetime": "2020-04-25 17:22:27", "elapsed": 55.61374, "delta": 1.620653}}
{"target": 0.6167374000000001, "params": {"alpha": 0.763781568047555, "colsample_bytree": 0.8892149532526572, "lam": 0.9977529448524397, "max_depth": 4.419362361517859, "min_child_weight": 4.389373656595046, "subsample": 0.8889829035607985}, "datetime": {"datetime": "2020-04-25 17:22:28", "elapsed": 57.08866, "delta": 1.47492}}
{"target": 0.6288646, "params": {"alpha": 0.064542368162673, "colsample_bytree": 0.8627747235307704, "lam": 0.2244752367249503, "max_depth": 6.558144225691315, "min_child_weight": 7.413280907994234, "subsample": 0.8046994568634054}, "datetime": {"datetime": "2020-04-25 17:22:30", "elapsed": 58.718286, "delta": 1.629626}}
{"target": 0.6385159999999999, "params": {"alpha": 0.0695637393299879, "colsample_bytree": 0.9, "lam": 1.0, "max_depth": 10.0, "min_child_weight": 9.0891511727579, "subsample": 0.9}, "datetime": {"datetime": "2020-04-25 17:22:32", "elapsed": 60.685326, "delta": 1.96704}}
{"target": 0.6390458, "params": {"alpha": 0.9571181022383826, "colsample_bytree": 0.8492373770016971, "lam": 0.9489050703301063, "max_depth": 8.712744536076784, "min_child_weight": 9.417053710485453, "subsample": 0.8509273063026659}, "datetime": {"datetime": "2020-04-25 17:22:34", "elapsed": 62.534856, "delta": 1.84953}}
{"target": 0.6213052, "params": {"alpha": 0.07811744629307582, "colsample_bytree": 0.8745794151219752, "lam": 0.9588015075574101, "max_depth": 7.544752338460629, "min_child_weight": 6.813707741102956, "subsample": 0.8812202973403329}, "datetime": {"datetime": "2020-04-25 17:22:35", "elapsed": 64.181382, "delta": 1.646526}}
{"target": 0.6385324, "params": {"alpha": 0.014009145175196691, "colsample_bytree": 0.895003956662132, "lam": 0.28905161490986997, "max_depth": 8.873451183897, "min_child_weight": 9.753970718908091, "subsample": 0.7707861923754238}, "datetime": {"datetime": "2020-04-25 17:22:37", "elapsed": 65.926412, "delta": 1.74503}}
{"target": 0.6227864000000001, "params": {"alpha": 0.9012360463912167, "colsample_bytree": 0.8616122793070545, "lam": 0.1176092811083379, "max_depth": 9.936928351745198, "min_child_weight": 5.757156385259214, "subsample": 0.8795202916533764}, "datetime": {"datetime": "2020-04-25 17:22:39", "elapsed": 68.047706, "delta": 2.121294}}
{"target": 0.6306626, "params": {"alpha": 0.021656060171819536, "colsample_bytree": 0.8918862904952383, "lam": 0.622036003555059, "max_depth": 6.510943032775993, "min_child_weight": 4.421258233876578, "subsample": 0.7530737835843049}, "datetime": {"datetime": "2020-04-25 17:22:41", "elapsed": 69.690019, "delta": 1.642313}}
{"target": 0.6312002, "params": {"alpha": 0.9960945145970307, "colsample_bytree": 0.6120576129771276, "lam": 0.03545872553491025, "max_depth": 8.27105527154095, "min_child_weight": 9.645252884819964, "subsample": 0.8562811246847777}, "datetime": {"datetime": "2020-04-25 17:22:43", "elapsed": 71.435022, "delta": 1.745003}}
{"target": 0.6354222, "params": {"alpha": 0.7068181184247042, "colsample_bytree": 0.887666717148669, "lam": 0.4426322849777147, "max_depth": 8.012346622925756, "min_child_weight": 9.99750399182287, "subsample": 0.8939185829608256}, "datetime": {"datetime": "2020-04-25 17:22:45", "elapsed": 73.309189, "delta": 1.874167}}
{"target": 0.6418486, "params": {"alpha": 0.08591968798498562, "colsample_bytree": 0.8656758008944132, "lam": 0.9835639157904542, "max_depth": 5.6517546213222385, "min_child_weight": 7.268194115247915, "subsample": 0.8727269714276018}, "datetime": {"datetime": "2020-04-25 17:22:46", "elapsed": 74.897216, "delta": 1.588027}}
{"target": 0.6489309999999999, "params": {"alpha": 0.8461620663551177, "colsample_bytree": 0.8560995405026993, "lam": 0.9828659091256761, "max_depth": 6.280308215317696, "min_child_weight": 8.723222473398824, "subsample": 0.599511506679617}, "datetime": {"datetime": "2020-04-25 17:22:48", "elapsed": 76.450874, "delta": 1.553658}}
{"target": 0.6284865999999999, "params": {"alpha": 0.9870448837472211, "colsample_bytree": 0.897331486366048, "lam": 0.610493044140725, "max_depth": 5.693014240671577, "min_child_weight": 2.22502576699213, "subsample": 0.8793214211906011}, "datetime": {"datetime": "2020-04-25 17:22:49", "elapsed": 78.06456, "delta": 1.613686}}
{"target": 0.6226474, "params": {"alpha": 0.9482358805122877, "colsample_bytree": 0.8873111178386364, "lam": 0.4425412981558332, "max_depth": 6.0784680088417655, "min_child_weight": 8.760595272760014, "subsample": 0.793128622410763}, "datetime": {"datetime": "2020-04-25 17:22:51", "elapsed": 79.646427, "delta": 1.581867}}
{"target": 0.6231692000000001, "params": {"alpha": 0.9815485025077412, "colsample_bytree": 0.8938264930686064, "lam": 0.8765611099606544, "max_depth": 8.091782133923614, "min_child_weight": 9.90104346867586, "subsample": 0.5204953509183643}, "datetime": {"datetime": "2020-04-25 17:22:53", "elapsed": 81.33393, "delta": 1.687503}}
{"target": 0.6300282, "params": {"alpha": 0.054660711204198464, "colsample_bytree": 0.6788060243875667, "lam": 0.060741834025643815, "max_depth": 9.969006059139035, "min_child_weight": 9.498383023493911, "subsample": 0.8800771803250902}, "datetime": {"datetime": "2020-04-25 17:22:55", "elapsed": 83.4348, "delta": 2.10087}}
{"target": 0.606245, "params": {"alpha": 0.07876211791237298, "colsample_bytree": 0.5736375449248151, "lam": 0.9688981294561325, "max_depth": 4.9647768378023205, "min_child_weight": 7.833921540185422, "subsample": 0.5270601878270436}, "datetime": {"datetime": "2020-04-25 17:22:56", "elapsed": 85.079689, "delta": 1.644889}}
{"target": 0.6028290000000001, "params": {"alpha": 0.012654077717995982, "colsample_bytree": 0.892775737555505, "lam": 0.7209108125764265, "max_depth": 8.512061374062322, "min_child_weight": 1.7337748518212446, "subsample": 0.5172114264710785}, "datetime": {"datetime": "2020-04-25 17:22:58", "elapsed": 87.074779, "delta": 1.99509}}
{"target": 0.5758546000000001, "params": {"alpha": 0.3096570473418969, "colsample_bytree": 0.551790166663852, "lam": 0.08142218336523932, "max_depth": 3.4100519760572547, "min_child_weight": 3.432119680150813, "subsample": 0.883783252823809}, "datetime": {"datetime": "2020-04-25 17:23:00", "elapsed": 88.540767, "delta": 1.465988}}
{"target": 0.6075137999999999, "params": {"alpha": 0.9137615120196318, "colsample_bytree": 0.8729591515220887, "lam": 0.8725907818319748, "max_depth": 3.3586817166590635, "min_child_weight": 1.067828693438136, "subsample": 0.844776536869368}, "datetime": {"datetime": "2020-04-25 17:23:01", "elapsed": 90.007111, "delta": 1.466344}}
{"target": 0.5990858, "params": {"alpha": 0.9934639103643809, "colsample_bytree": 0.6967400680745544, "lam": 0.5442402350504677, "max_depth": 3.0704065799669427, "min_child_weight": 9.908348915261667, "subsample": 0.8551458646453917}, "datetime": {"datetime": "2020-04-25 17:23:03", "elapsed": 91.560043, "delta": 1.552932}}
{"target": 0.6182380000000001, "params": {"alpha": 0.360612604318579, "colsample_bytree": 0.8983038936190432, "lam": 0.4682580462367555, "max_depth": 4.664145144515503, "min_child_weight": 9.90818567982693, "subsample": 0.5236886974419421}, "datetime": {"datetime": "2020-04-25 17:23:04", "elapsed": 93.146345, "delta": 1.586302}}
{"target": 0.6058848, "params": {"alpha": 0.0, "colsample_bytree": 0.9, "lam": 0.9797028039911164, "max_depth": 3.0000000000211258, "min_child_weight": 5.824198099648286, "subsample": 0.9}, "datetime": {"datetime": "2020-04-25 17:23:06", "elapsed": 94.696926, "delta": 1.550581}}
{"target": 0.627069, "params": {"alpha": 0.10749041723601188, "colsample_bytree": 0.9, "lam": 0.0, "max_depth": 8.053892088113676, "min_child_weight": 4.501483012899582, "subsample": 0.7363045777362136}, "datetime": {"datetime": "2020-04-25 17:23:08", "elapsed": 96.503236, "delta": 1.80631}}
{"target": 0.6234930000000001, "params": {"alpha": 0.9602281175238494, "colsample_bytree": 0.8756765950484702, "lam": 0.9675273967932726, "max_depth": 8.348815710643564, "min_child_weight": 5.323859994189406, "subsample": 0.690506898868243}, "datetime": {"datetime": "2020-04-25 17:23:10", "elapsed": 98.281963, "delta": 1.778727}}
{"target": 0.6402928, "params": {"alpha": 0.0020301183271257406, "colsample_bytree": 0.8770472484256158, "lam": 0.9680536487918769, "max_depth": 6.058051453917692, "min_child_weight": 8.084142067148251, "subsample": 0.7151947111146293}, "datetime": {"datetime": "2020-04-25 17:23:11", "elapsed": 99.966988, "delta": 1.685025}}
{"target": 0.6378286, "params": {"alpha": 0.0889550979884115, "colsample_bytree": 0.8822894555508737, "lam": 0.022023112639872666, "max_depth": 7.625407458313076, "min_child_weight": 9.84028374440121, "subsample": 0.8908599301117124}, "datetime": {"datetime": "2020-04-25 17:23:13", "elapsed": 101.818662, "delta": 1.851674}}
{"target": 0.6275158000000001, "params": {"alpha": 0.03187318545840356, "colsample_bytree": 0.8995450783280332, "lam": 0.0026314124798700878, "max_depth": 5.627488406950312, "min_child_weight": 6.0890757682152605, "subsample": 0.6385111272662913}, "datetime": {"datetime": "2020-04-25 17:23:15", "elapsed": 103.529508, "delta": 1.710846}}
{"target": 0.6078366, "params": {"alpha": 0.8987620641871673, "colsample_bytree": 0.571642698307628, "lam": 0.8752805039878048, "max_depth": 9.856145644917568, "min_child_weight": 9.848922590952196, "subsample": 0.7543397931163596}, "datetime": {"datetime": "2020-04-25 17:23:17", "elapsed": 105.593608, "delta": 2.0641}}
{"target": 0.6265246, "params": {"alpha": 0.07436172710991884, "colsample_bytree": 0.8930402036503622, "lam": 0.9433841837934172, "max_depth": 3.915646751295479, "min_child_weight": 9.107327271616525, "subsample": 0.8542783135991094}, "datetime": {"datetime": "2020-04-25 17:23:19", "elapsed": 107.275134, "delta": 1.681526}}
{"target": 0.6113626, "params": {"alpha": 0.9859313702751331, "colsample_bytree": 0.5476200066154326, "lam": 0.9733008095180473, "max_depth": 4.510697830253187, "min_child_weight": 9.709189404730584, "subsample": 0.8974154639136881}, "datetime": {"datetime": "2020-04-25 17:23:20", "elapsed": 108.994414, "delta": 1.71928}}
