{"target": 0.6304104, "params": {"alpha": 1.0, "colsample_bytree": 0.9, "lam": 0.782688961843067, "max_depth": 6.664540080170909, "min_child_weight": 9.999999611981199, "subsample": 0.8999999964409104}, "datetime": {"datetime": "2020-04-25 17:35:03", "elapsed": 811.533706, "delta": 5.310754}}
{"target": 0.64337, "params": {"alpha": 0.9570638836330233, "colsample_bytree": 0.851644860453717, "lam": 0.014155179662382888, "max_depth": 4.776084093248835, "min_child_weight": 9.14805889874237, "subsample": 0.7187293109585439}, "datetime": {"datetime": "2020-04-25 17:35:09", "elapsed": 818.043614, "delta": 6.509908}}
{"target": 0.632593, "params": {"alpha": 0.588423321707269, "colsample_bytree": 0.8718620454365943, "lam": 0.9740134861545963, "max_depth": 6.065334333963058, "min_child_weight": 8.645087452675504, "subsample": 0.7097171298575388}, "datetime": {"datetime": "2020-04-25 17:35:15", "elapsed": 823.330911, "delta": 5.287297}}
{"target": 0.6310667999999999, "params": {"alpha": 0.2490405737838387, "colsample_bytree": 0.895514598744992, "lam": 0.9852980213778881, "max_depth": 7.348488604304992, "min_child_weight": 7.889919824710066, "subsample": 0.7207964399092373}, "datetime": {"datetime": "2020-04-25 17:35:20", "elapsed": 828.510057, "delta": 5.179146}}
{"target": 0.6272308, "params": {"alpha": 0.8656128720243181, "colsample_bytree": 0.8997077613708115, "lam": 0.057596399089966055, "max_depth": 5.493400692046425, "min_child_weight": 9.80449314462721, "subsample": 0.794683589533848}, "datetime": {"datetime": "2020-04-25 17:35:25", "elapsed": 833.80483, "delta": 5.294773}}
{"target": 0.5949856, "params": {"alpha": 0.03301687737988179, "colsample_bytree": 0.5338753002998611, "lam": 0.6509755982707502, "max_depth": 5.171629151378053, "min_child_weight": 3.1429936454028278, "subsample": 0.8697768737181044}, "datetime": {"datetime": "2020-04-25 17:35:32", "elapsed": 840.811303, "delta": 7.006473}}
{"target": 0.6216662, "params": {"alpha": 0.003959108291849867, "colsample_bytree": 0.8954435303345815, "lam": 0.12873937371421096, "max_depth": 4.162421446227652, "min_child_weight": 3.6248093273466795, "subsample": 0.8328141448846833}, "datetime": {"datetime": "2020-04-25 17:35:37", "elapsed": 845.660891, "delta": 4.849588}}
{"target": 0.6273171999999999, "params": {"alpha": 0.0, "colsample_bytree": 0.9, "lam": 9.647517221387886e-09, "max_depth": 10.0, "min_child_weight": 5.507642493736256, "subsample": 0.9}, "datetime": {"datetime": "2020-04-25 17:35:43", "elapsed": 852.164302, "delta": 6.503411}}
{"target": 0.6136996, "params": {"alpha": 0.9799846772262727, "colsample_bytree": 0.8890718886230207, "lam": 0.9925515646572122, "max_depth": 3.9307971043225187, "min_child_weight": 3.1657247729765876, "subsample": 0.6602055549478645}, "datetime": {"datetime": "2020-04-25 17:35:49", "elapsed": 858.057482, "delta": 5.89318}}
{"target": 0.6387986, "params": {"alpha": 0.9999999999741037, "colsample_bytree": 0.8243477738428537, "lam": 0.999449741508235, "max_depth": 7.823669047053586, "min_child_weight": 8.212190907024533, "subsample": 0.8928507825854595}, "datetime": {"datetime": "2020-04-25 17:35:55", "elapsed": 863.473096, "delta": 5.415614}}
{"target": 0.641247, "params": {"alpha": 0.9782929945001219, "colsample_bytree": 0.8919329470844949, "lam": 0.028927873346453414, "max_depth": 7.933626008587782, "min_child_weight": 9.9373803872716, "subsample": 0.7774221905171379}, "datetime": {"datetime": "2020-04-25 17:36:01", "elapsed": 869.56584, "delta": 6.092744}}
{"target": 0.6183614000000001, "params": {"alpha": 0.9976839108847171, "colsample_bytree": 0.8801299596873193, "lam": 0.9375401315546553, "max_depth": 5.719320303607421, "min_child_weight": 8.330513606056037, "subsample": 0.5301017792058083}, "datetime": {"datetime": "2020-04-25 17:36:07", "elapsed": 875.513107, "delta": 5.947267}}
{"target": 0.6232604, "params": {"alpha": 0.9848602437320156, "colsample_bytree": 0.884135759629084, "lam": 0.9378865225145868, "max_depth": 4.941575021521947, "min_child_weight": 1.2698248251749726, "subsample": 0.8971644544965824}, "datetime": {"datetime": "2020-04-25 17:36:14", "elapsed": 882.611074, "delta": 7.097967}}
{"target": 0.6207748000000001, "params": {"alpha": 1.0, "colsample_bytree": 0.9, "lam": 1.0, "max_depth": 9.99999999952552, "min_child_weight": 1.0000000005528276, "subsample": 0.5000000001153271}, "datetime": {"datetime": "2020-04-25 17:36:20", "elapsed": 888.80699, "delta": 6.195916}}
{"target": 0.5708504, "params": {"alpha": 1.0, "colsample_bytree": 0.5000001593487527, "lam": 1.0, "max_depth": 6.68478822786705, "min_child_weight": 8.144266630118102, "subsample": 0.500000195871525}, "datetime": {"datetime": "2020-04-25 17:36:26", "elapsed": 894.838845, "delta": 6.031855}}
{"target": 0.6268035999999999, "params": {"alpha": 0.9800993711585718, "colsample_bytree": 0.8533604260322061, "lam": 0.9599964396498752, "max_depth": 6.477725514145787, "min_child_weight": 8.81265907281837, "subsample": 0.6276444654412795}, "datetime": {"datetime": "2020-04-25 17:36:32", "elapsed": 900.818205, "delta": 5.97936}}
{"target": 0.6422124, "params": {"alpha": 0.01589575301804247, "colsample_bytree": 0.8877078442107584, "lam": 0.9853799024896347, "max_depth": 6.3356287115873675, "min_child_weight": 7.677898817827039, "subsample": 0.879991893541805}, "datetime": {"datetime": "2020-04-25 17:36:39", "elapsed": 908.199964, "delta": 7.381759}}
{"target": 0.6404462, "params": {"alpha": 0.9999999999974171, "colsample_bytree": 0.9, "lam": 0.0, "max_depth": 6.464945405888435, "min_child_weight": 8.266830429546722, "subsample": 0.8999999999991993}, "datetime": {"datetime": "2020-04-25 17:36:45", "elapsed": 914.196899, "delta": 5.996935}}
{"target": 0.5981824, "params": {"alpha": 0.8309182475284984, "colsample_bytree": 0.7382454677797938, "lam": 0.8609238964601891, "max_depth": 3.0907145493807784, "min_child_weight": 2.1811711084929835, "subsample": 0.8814235545999797}, "datetime": {"datetime": "2020-04-25 17:36:52", "elapsed": 920.394083, "delta": 6.197184}}
{"target": 0.6251195999999999, "params": {"alpha": 0.6000844669730859, "colsample_bytree": 0.7709612904468303, "lam": 0.015733948193284664, "max_depth": 6.2222119123868715, "min_child_weight": 7.497939345141546, "subsample": 0.8975914750214198}, "datetime": {"datetime": "2020-04-25 17:36:58", "elapsed": 926.471139, "delta": 6.077056}}
{"target": 0.6376012, "params": {"alpha": 0.7868145192083555, "colsample_bytree": 0.884289498878122, "lam": 0.018980104393109376, "max_depth": 5.285937270407695, "min_child_weight": 8.821253916715342, "subsample": 0.8889020056515486}, "datetime": {"datetime": "2020-04-25 17:37:04", "elapsed": 933.079434, "delta": 6.608295}}
{"target": 0.629595, "params": {"alpha": 0.9354053058746659, "colsample_bytree": 0.8466283772245233, "lam": 0.08182065441445618, "max_depth": 8.437491346414232, "min_child_weight": 7.887218011612216, "subsample": 0.8113939435350821}, "datetime": {"datetime": "2020-04-25 17:37:12", "elapsed": 940.27949, "delta": 7.200056}}
{"target": 0.6085658, "params": {"alpha": 0.9922956664456282, "colsample_bytree": 0.8990495741544526, "lam": 0.010101714199565626, "max_depth": 3.061338567540399, "min_child_weight": 9.59910576381446, "subsample": 0.6324166909427225}, "datetime": {"datetime": "2020-04-25 17:37:17", "elapsed": 945.573484, "delta": 5.293994}}
{"target": 0.5991633999999999, "params": {"alpha": 0.9999999977602174, "colsample_bytree": 0.9, "lam": 1.0, "max_depth": 10.0, "min_child_weight": 1.0, "subsample": 0.8999999978887302}, "datetime": {"datetime": "2020-04-25 17:37:24", "elapsed": 952.723023, "delta": 7.149539}}
{"target": 0.6093596, "params": {"alpha": 0.04236621243091221, "colsample_bytree": 0.8940869135167011, "lam": 0.004879065145370287, "max_depth": 6.100496850157973, "min_child_weight": 9.91947952371271, "subsample": 0.5088820191969322}, "datetime": {"datetime": "2020-04-25 17:37:29", "elapsed": 958.167624, "delta": 5.444601}}
{"target": 0.6264192000000001, "params": {"alpha": 0.9999999943753934, "colsample_bytree": 0.8999999992908679, "lam": 5.624606556422353e-09, "max_depth": 9.999999985703308, "min_child_weight": 10.0, "subsample": 0.5000000013042987}, "datetime": {"datetime": "2020-04-25 17:37:37", "elapsed": 965.42276, "delta": 7.255136}}
{"target": 0.6341352, "params": {"alpha": 0.5721904989143556, "colsample_bytree": 0.871220311510628, "lam": 0.9897069283810941, "max_depth": 5.797644047587168, "min_child_weight": 9.9943830292436, "subsample": 0.8579186773028566}, "datetime": {"datetime": "2020-04-25 17:37:43", "elapsed": 971.782156, "delta": 6.359396}}
{"target": 0.6341254000000001, "params": {"alpha": 0.3885211466602243, "colsample_bytree": 0.8431989939869564, "lam": 0.4335128937565055, "max_depth": 4.654974581991788, "min_child_weight": 9.397868555190621, "subsample": 0.8536905618134407}, "datetime": {"datetime": "2020-04-25 17:37:50", "elapsed": 979.028433, "delta": 7.246277}}
{"target": 0.6358696, "params": {"alpha": 0.6314081999652645, "colsample_bytree": 0.8665312229244555, "lam": 0.9708797144720478, "max_depth": 6.179462858367716, "min_child_weight": 7.5857475594001045, "subsample": 0.897948970221534}, "datetime": {"datetime": "2020-04-25 17:37:56", "elapsed": 984.777651, "delta": 5.749218}}
{"target": 0.6307636000000001, "params": {"alpha": 0.048315680883611156, "colsample_bytree": 0.8914471285657108, "lam": 0.1935024665885997, "max_depth": 5.06214309410163, "min_child_weight": 9.651223351211089, "subsample": 0.8895946907053007}, "datetime": {"datetime": "2020-04-25 17:38:02", "elapsed": 990.2998, "delta": 5.522149}}
{"target": 0.6232596, "params": {"alpha": 0.9999999912148346, "colsample_bytree": 0.8999999971843307, "lam": 0.9999999964376152, "max_depth": 8.087022384557322, "min_child_weight": 1.0, "subsample": 0.5}, "datetime": {"datetime": "2020-04-25 17:38:09", "elapsed": 997.483595, "delta": 7.183795}}
{"target": 0.6248934, "params": {"alpha": 0.9978556430229837, "colsample_bytree": 0.6876190179907137, "lam": 0.9194865660342686, "max_depth": 9.983287807915358, "min_child_weight": 6.4534905084086205, "subsample": 0.8930360706738762}, "datetime": {"datetime": "2020-04-25 17:38:16", "elapsed": 1004.313645, "delta": 6.83005}}
{"target": 0.6394833999999999, "params": {"alpha": 0.8785981069538756, "colsample_bytree": 0.8696899307304804, "lam": 0.3226393323429234, "max_depth": 6.019698443910137, "min_child_weight": 3.8388899214589594, "subsample": 0.8871529494604629}, "datetime": {"datetime": "2020-04-25 17:38:21", "elapsed": 1009.574428, "delta": 5.260783}}
{"target": 0.6290564000000001, "params": {"alpha": 0.7028307967551244, "colsample_bytree": 0.8782770594902054, "lam": 0.8696178944919474, "max_depth": 8.416473045011948, "min_child_weight": 8.962698715229465, "subsample": 0.8891015899178063}, "datetime": {"datetime": "2020-04-25 17:38:28", "elapsed": 1016.313466, "delta": 6.739038}}
{"target": 0.63023, "params": {"alpha": 0.9746082536786916, "colsample_bytree": 0.887439160725697, "lam": 0.990055060841872, "max_depth": 6.69926423603685, "min_child_weight": 6.9223165099671515, "subsample": 0.6334011426286735}, "datetime": {"datetime": "2020-04-25 17:38:34", "elapsed": 1022.573124, "delta": 6.259658}}
{"target": 0.6375995999999999, "params": {"alpha": 0.9999999974048822, "colsample_bytree": 0.899999999179983, "lam": 5.785807880860066e-08, "max_depth": 9.99999999274184, "min_child_weight": 9.052762184592266, "subsample": 0.899999998961953}, "datetime": {"datetime": "2020-04-25 17:38:40", "elapsed": 1028.880847, "delta": 6.307723}}
{"target": 0.6147128000000001, "params": {"alpha": 0.38357726972645456, "colsample_bytree": 0.8999999999922075, "lam": 1.0, "max_depth": 9.999999999998213, "min_child_weight": 3.380036127314808, "subsample": 0.8999999999973803}, "datetime": {"datetime": "2020-04-25 17:38:47", "elapsed": 1035.257731, "delta": 6.376884}}
{"target": 0.6169076, "params": {"alpha": 0.03053274807415174, "colsample_bytree": 0.8893816126091052, "lam": 0.6893480480550259, "max_depth": 7.622482936704965, "min_child_weight": 4.543792878786586, "subsample": 0.8844299098216113}, "datetime": {"datetime": "2020-04-25 17:38:53", "elapsed": 1041.887914, "delta": 6.630183}}
{"target": 0.6313088, "params": {"alpha": 0.6440752363194369, "colsample_bytree": 0.8306400706231001, "lam": 0.9840736900643179, "max_depth": 6.197753615011186, "min_child_weight": 9.591673746251512, "subsample": 0.5234998952563197}, "datetime": {"datetime": "2020-04-25 17:39:00", "elapsed": 1048.817273, "delta": 6.929359}}
{"target": 0.632804, "params": {"alpha": 0.680812301842743, "colsample_bytree": 0.8865460479361686, "lam": 0.13529202892040515, "max_depth": 7.454502139507499, "min_child_weight": 8.141532451097365, "subsample": 0.8730825006214313}, "datetime": {"datetime": "2020-04-25 17:39:07", "elapsed": 1055.359632, "delta": 6.542359}}
{"target": 0.6194322, "params": {"alpha": 0.9999784213932541, "colsample_bytree": 0.8680503931318364, "lam": 0.9313423222466396, "max_depth": 4.415421969932824, "min_child_weight": 9.314359564565072, "subsample": 0.8944773632599555}, "datetime": {"datetime": "2020-04-25 17:39:13", "elapsed": 1062.052218, "delta": 6.692586}}
{"target": 0.6308056000000001, "params": {"alpha": 0.9381813570590644, "colsample_bytree": 0.8600511846798957, "lam": 0.9593702039571337, "max_depth": 8.38647889195625, "min_child_weight": 3.5054944636053875, "subsample": 0.86486729150087}, "datetime": {"datetime": "2020-04-25 17:39:21", "elapsed": 1069.600357, "delta": 7.548139}}
{"target": 0.6300762, "params": {"alpha": 0.6301447547609482, "colsample_bytree": 0.7468378791416311, "lam": 0.13653184728552814, "max_depth": 4.528276685265889, "min_child_weight": 6.740780607118955, "subsample": 0.8935702830481547}, "datetime": {"datetime": "2020-04-25 17:39:26", "elapsed": 1074.924032, "delta": 5.323675}}
{"target": 0.5977598000000001, "params": {"alpha": 0.9892495614098255, "colsample_bytree": 0.5467470064624882, "lam": 0.9995092345707954, "max_depth": 8.992873490760662, "min_child_weight": 4.051286813873954, "subsample": 0.8826760795659229}, "datetime": {"datetime": "2020-04-25 17:39:33", "elapsed": 1081.737543, "delta": 6.813511}}
{"target": 0.6373438, "params": {"alpha": 0.004665085526938895, "colsample_bytree": 0.8566514681679931, "lam": 0.9880032326944871, "max_depth": 5.145286625462523, "min_child_weight": 1.6073568700133183, "subsample": 0.5006518196133095}, "datetime": {"datetime": "2020-04-25 17:39:40", "elapsed": 1088.871598, "delta": 7.134055}}
{"target": 0.6238718, "params": {"alpha": 0.9839106030375964, "colsample_bytree": 0.6722989132729462, "lam": 0.6717765885870994, "max_depth": 6.010282234774514, "min_child_weight": 1.0142573674523767, "subsample": 0.5071515679660112}, "datetime": {"datetime": "2020-04-25 17:39:47", "elapsed": 1095.464987, "delta": 6.593389}}
{"target": 0.5982194000000001, "params": {"alpha": 0.9787300145920519, "colsample_bytree": 0.541555532558255, "lam": 0.03519261265802531, "max_depth": 3.8713277385949367, "min_child_weight": 9.974951498207645, "subsample": 0.5424537328301429}, "datetime": {"datetime": "2020-04-25 17:39:54", "elapsed": 1102.205196, "delta": 6.740209}}
{"target": 0.6196683999999999, "params": {"alpha": 0.007922892987930474, "colsample_bytree": 0.6621072725553685, "lam": 0.010654618408098115, "max_depth": 6.595248803560429, "min_child_weight": 6.110278586416886, "subsample": 0.6581996591415231}, "datetime": {"datetime": "2020-04-25 17:40:01", "elapsed": 1109.749215, "delta": 7.544019}}
{"target": 0.6043767999999999, "params": {"alpha": 1.0, "colsample_bytree": 0.9, "lam": 0.13340671437494883, "max_depth": 5.530815665772659, "min_child_weight": 1.0000003084363638, "subsample": 0.9}, "datetime": {"datetime": "2020-04-25 17:40:08", "elapsed": 1117.145515, "delta": 7.3963}}
{"target": 0.5961418, "params": {"alpha": 0.9443130385991826, "colsample_bytree": 0.8848326309893559, "lam": 0.6174650217218647, "max_depth": 7.3127263288745725, "min_child_weight": 1.6967236240081476, "subsample": 0.5409099576193229}, "datetime": {"datetime": "2020-04-25 17:40:15", "elapsed": 1123.665335, "delta": 6.51982}}
{"target": 0.5871664, "params": {"alpha": 0.9985186283075564, "colsample_bytree": 0.5912771448627899, "lam": 0.6176795364591673, "max_depth": 7.377976914398216, "min_child_weight": 1.0319566134678089, "subsample": 0.8969383523156124}, "datetime": {"datetime": "2020-04-25 17:40:24", "elapsed": 1132.563412, "delta": 8.898077}}
{"target": 0.6329312, "params": {"alpha": 0.0, "colsample_bytree": 0.8999999007542854, "lam": 0.0, "max_depth": 9.872050494858746, "min_child_weight": 7.80150469696879, "subsample": 0.8999999787958597}, "datetime": {"datetime": "2020-04-25 17:40:32", "elapsed": 1140.240952, "delta": 7.67754}}
{"target": 0.6025124, "params": {"alpha": 0.9049094399806633, "colsample_bytree": 0.8898365141607418, "lam": 0.07918825545117492, "max_depth": 3.498856328345524, "min_child_weight": 1.5737931552719417, "subsample": 0.7846517856505004}, "datetime": {"datetime": "2020-04-25 17:40:39", "elapsed": 1147.346412, "delta": 7.10546}}
{"target": 0.6359202, "params": {"alpha": 0.021935772851751523, "colsample_bytree": 0.8684665813918322, "lam": 0.714944457321849, "max_depth": 4.912468744232299, "min_child_weight": 1.7801267315221225, "subsample": 0.8661304738054747}, "datetime": {"datetime": "2020-04-25 17:40:47", "elapsed": 1155.782743, "delta": 8.436331}}
{"target": 0.6342213999999999, "params": {"alpha": 0.986087100811616, "colsample_bytree": 0.8892017973112993, "lam": 0.7541852489586808, "max_depth": 5.318570845848299, "min_child_weight": 1.7775288664694384, "subsample": 0.7553241439967876}, "datetime": {"datetime": "2020-04-25 17:40:54", "elapsed": 1162.882086, "delta": 7.099343}}
{"target": 0.6386722, "params": {"alpha": 0.9715965357230747, "colsample_bytree": 0.8799073803855714, "lam": 0.0016761640884702667, "max_depth": 7.742565186292643, "min_child_weight": 6.878430929191435, "subsample": 0.8917779881852752}, "datetime": {"datetime": "2020-04-25 17:41:02", "elapsed": 1170.237233, "delta": 7.355147}}
{"target": 0.6145756, "params": {"alpha": 0.9836803886614701, "colsample_bytree": 0.8704510176077968, "lam": 0.9642489892215196, "max_depth": 7.755118252118368, "min_child_weight": 3.1789555005854595, "subsample": 0.5658486534175949}, "datetime": {"datetime": "2020-04-25 17:41:08", "elapsed": 1177.079715, "delta": 6.842482}}
{"target": 0.6232278, "params": {"alpha": 3.303584360281804e-08, "colsample_bytree": 0.9, "lam": 1.0, "max_depth": 10.0, "min_child_weight": 2.376631377312074, "subsample": 0.9}, "datetime": {"datetime": "2020-04-25 17:41:17", "elapsed": 1185.450914, "delta": 8.371199}}
{"target": 0.597953, "params": {"alpha": 0.9999999978855669, "colsample_bytree": 0.8999999987387733, "lam": 2.5543192073135525e-08, "max_depth": 3.0000000561703497, "min_child_weight": 8.220255477742256, "subsample": 0.8999999981246977}, "datetime": {"datetime": "2020-04-25 17:41:25", "elapsed": 1194.094794, "delta": 8.64388}}
{"target": 0.5000866, "params": {"alpha": 0.0, "colsample_bytree": 0.5, "lam": 0.0, "max_depth": 7.254059462785196, "min_child_weight": 1.0, "subsample": 0.5}, "datetime": {"datetime": "2020-04-25 17:41:33", "elapsed": 1201.240537, "delta": 7.145743}}
{"target": 0.6320072, "params": {"alpha": 0.5730807549233384, "colsample_bytree": 0.843142810343134, "lam": 0.0003049149566621834, "max_depth": 8.259788293391907, "min_child_weight": 6.004987085041614, "subsample": 0.8927845201726868}, "datetime": {"datetime": "2020-04-25 17:41:39", "elapsed": 1207.803719, "delta": 6.563182}}
{"target": 0.633312, "params": {"alpha": 0.17859563273561696, "colsample_bytree": 0.8974102623225445, "lam": 0.41924748113826615, "max_depth": 8.02312996056259, "min_child_weight": 5.391999336342554, "subsample": 0.8035293200076346}, "datetime": {"datetime": "2020-04-25 17:41:47", "elapsed": 1215.83258, "delta": 8.028861}}
{"target": 0.6261808, "params": {"alpha": 0.09919175069338826, "colsample_bytree": 0.899850799553651, "lam": 0.170927455192167, "max_depth": 8.12753132768566, "min_child_weight": 2.9293957451652015, "subsample": 0.8309371642944159}, "datetime": {"datetime": "2020-04-25 17:41:56", "elapsed": 1225.031751, "delta": 9.199171}}
{"target": 0.6224736, "params": {"alpha": 0.9999999956732153, "colsample_bytree": 0.8999999884246498, "lam": 0.9422033079272467, "max_depth": 9.310818168150458, "min_child_weight": 4.993978443069146, "subsample": 0.899999981731697}, "datetime": {"datetime": "2020-04-25 17:42:06", "elapsed": 1234.217622, "delta": 9.185871}}
{"target": 0.6242454000000001, "params": {"alpha": 1.1173962915328247e-09, "colsample_bytree": 0.6339533065043332, "lam": 1.3305030221386409e-13, "max_depth": 8.500114298134092, "min_child_weight": 9.999999987575007, "subsample": 0.8999999981520269}, "datetime": {"datetime": "2020-04-25 17:42:13", "elapsed": 1241.387992, "delta": 7.17037}}
{"target": 0.6286634, "params": {"alpha": 0.9999999988623101, "colsample_bytree": 0.8999999992814167, "lam": 0.0, "max_depth": 5.014043029333109, "min_child_weight": 6.4062263974498, "subsample": 0.8999999971463749}, "datetime": {"datetime": "2020-04-25 17:42:21", "elapsed": 1249.294568, "delta": 7.906576}}
{"target": 0.6142326, "params": {"alpha": 0.9448189531492758, "colsample_bytree": 0.5428974984324657, "lam": 0.29141757585338035, "max_depth": 5.567028012845165, "min_child_weight": 4.419507705159198, "subsample": 0.8809396219539964}, "datetime": {"datetime": "2020-04-25 17:42:29", "elapsed": 1257.742914, "delta": 8.448346}}
{"target": 0.6211293999999999, "params": {"alpha": 0.9892960395588101, "colsample_bytree": 0.8862584042875818, "lam": 0.5907570112855544, "max_depth": 4.784020462727824, "min_child_weight": 4.71068264653494, "subsample": 0.5161599880419292}, "datetime": {"datetime": "2020-04-25 17:42:37", "elapsed": 1265.590099, "delta": 7.847185}}
