{"target": 0.6288720000000001, "params": {"alpha": 0.010345528601226617, "colsample_bytree": 0.6765743778898892, "lam": 0.0183416161719403, "max_depth": 4.439177663853966, "min_child_weight": 7.909425842357459, "subsample": 0.840940512805135}, "datetime": {"datetime": "2020-04-25 00:50:12", "elapsed": 748.577771, "delta": 5.344271}}
{"target": 0.6191237999999999, "params": {"alpha": 0.0941193176653995, "colsample_bytree": 0.5597475703555367, "lam": 0.12559672272682254, "max_depth": 4.907669557647752, "min_child_weight": 5.43347002682839, "subsample": 0.8946588536228273}, "datetime": {"datetime": "2020-04-25 00:50:18", "elapsed": 754.369449, "delta": 5.791678}}
{"target": 0.6295432, "params": {"alpha": 0.43809549251135815, "colsample_bytree": 0.89139381507474, "lam": 0.03618827283387327, "max_depth": 3.595020643066741, "min_child_weight": 5.7268402769117595, "subsample": 0.8586919766256933}, "datetime": {"datetime": "2020-04-25 00:50:23", "elapsed": 759.736028, "delta": 5.366579}}
{"target": 0.6199938, "params": {"alpha": 0.4248054780929159, "colsample_bytree": 0.8749807606340936, "lam": 0.7208940378040148, "max_depth": 7.984507455713231, "min_child_weight": 3.9417215782045165, "subsample": 0.8933080792275042}, "datetime": {"datetime": "2020-04-25 00:50:29", "elapsed": 765.502176, "delta": 5.766148}}
{"target": 0.635031, "params": {"alpha": 0.708821506065648, "colsample_bytree": 0.855354758815591, "lam": 0.9304678949390645, "max_depth": 7.313629115888983, "min_child_weight": 7.123508760923346, "subsample": 0.8790046207999502}, "datetime": {"datetime": "2020-04-25 00:50:34", "elapsed": 770.843933, "delta": 5.341757}}
{"target": 0.6363928, "params": {"alpha": 0.04232926480940047, "colsample_bytree": 0.8535873788919404, "lam": 0.220458085011483, "max_depth": 7.714425041340291, "min_child_weight": 9.983266933938262, "subsample": 0.6042176244972981}, "datetime": {"datetime": "2020-04-25 00:50:40", "elapsed": 776.710763, "delta": 5.86683}}
{"target": 0.6328258, "params": {"alpha": 0.9903674915613933, "colsample_bytree": 0.8839684859784296, "lam": 0.1408911425843069, "max_depth": 8.349208393487743, "min_child_weight": 9.052713215923557, "subsample": 0.7145792037983021}, "datetime": {"datetime": "2020-04-25 00:50:46", "elapsed": 782.4202, "delta": 5.709437}}
{"target": 0.6296664, "params": {"alpha": 0.4581510446020918, "colsample_bytree": 0.8876482663945986, "lam": 0.0011358656364246489, "max_depth": 6.616162371744204, "min_child_weight": 8.503470916847444, "subsample": 0.5841849134965883}, "datetime": {"datetime": "2020-04-25 00:50:51", "elapsed": 787.353394, "delta": 4.933194}}
{"target": 0.6203681999999999, "params": {"alpha": 0.9681798325841854, "colsample_bytree": 0.8986506452462795, "lam": 0.7359337270659481, "max_depth": 6.463205729661664, "min_child_weight": 8.444407391651225, "subsample": 0.7291144784522673}, "datetime": {"datetime": "2020-04-25 00:50:57", "elapsed": 793.11584, "delta": 5.762446}}
{"target": 0.6349906000000001, "params": {"alpha": 0.0575901052069967, "colsample_bytree": 0.8683901251164104, "lam": 0.9708341000306964, "max_depth": 4.691220547709355, "min_child_weight": 9.919999859702791, "subsample": 0.775247499946162}, "datetime": {"datetime": "2020-04-25 00:51:03", "elapsed": 799.643763, "delta": 6.527923}}
{"target": 0.6225723999999999, "params": {"alpha": 0.031047396754153578, "colsample_bytree": 0.8744955378023541, "lam": 0.9703157853204991, "max_depth": 3.5795333242563245, "min_child_weight": 2.441467183442029, "subsample": 0.5653225830389512}, "datetime": {"datetime": "2020-04-25 00:51:09", "elapsed": 805.476202, "delta": 5.832439}}
{"target": 0.6429922, "params": {"alpha": 0.3358123865397309, "colsample_bytree": 0.8991324137467522, "lam": 0.41730308346819545, "max_depth": 9.920047572280035, "min_child_weight": 9.409317852156649, "subsample": 0.889794176264104}, "datetime": {"datetime": "2020-04-25 00:51:16", "elapsed": 812.016521, "delta": 6.540319}}
{"target": 0.6233788, "params": {"alpha": 0.9931539203628788, "colsample_bytree": 0.8370459693638227, "lam": 0.9688953556449663, "max_depth": 4.327439249019232, "min_child_weight": 5.193535591225604, "subsample": 0.8927029087588325}, "datetime": {"datetime": "2020-04-25 00:51:20", "elapsed": 816.459844, "delta": 4.443323}}
{"target": 0.631617, "params": {"alpha": 0.5434135830859464, "colsample_bytree": 0.8559358844269893, "lam": 0.9691304343046516, "max_depth": 6.0377000739750795, "min_child_weight": 5.904053209066356, "subsample": 0.8583924775299414}, "datetime": {"datetime": "2020-04-25 00:51:26", "elapsed": 822.078059, "delta": 5.618215}}
{"target": 0.6035280000000001, "params": {"alpha": 0.9546616667105252, "colsample_bytree": 0.8883193745294502, "lam": 0.9976797334184285, "max_depth": 6.204259469901217, "min_child_weight": 1.0532690250617711, "subsample": 0.5327856399215388}, "datetime": {"datetime": "2020-04-25 00:51:31", "elapsed": 827.234744, "delta": 5.156685}}
{"target": 0.634502, "params": {"alpha": 0.9476005380511802, "colsample_bytree": 0.8787870534647901, "lam": 0.996510190799869, "max_depth": 7.877784941954928, "min_child_weight": 7.4963078067292015, "subsample": 0.8594385725230361}, "datetime": {"datetime": "2020-04-25 00:51:37", "elapsed": 833.504289, "delta": 6.269545}}
{"target": 0.601282, "params": {"alpha": 0.0, "colsample_bytree": 0.899999999991659, "lam": 0.9999999999885405, "max_depth": 3.0, "min_child_weight": 8.259808125846616, "subsample": 0.5}, "datetime": {"datetime": "2020-04-25 00:51:43", "elapsed": 839.070212, "delta": 5.565923}}
{"target": 0.6365082, "params": {"alpha": 0.27086484420780177, "colsample_bytree": 0.8003963755482526, "lam": 0.03294419958768824, "max_depth": 4.529375910758871, "min_child_weight": 9.99347787678828, "subsample": 0.5791969641864496}, "datetime": {"datetime": "2020-04-25 00:51:49", "elapsed": 845.290072, "delta": 6.21986}}
{"target": 0.6394983999999999, "params": {"alpha": 0.042024611024508274, "colsample_bytree": 0.8703606238217885, "lam": 0.994887230483344, "max_depth": 9.931323998132147, "min_child_weight": 9.14814580648081, "subsample": 0.8753411172249644}, "datetime": {"datetime": "2020-04-25 00:51:55", "elapsed": 851.182276, "delta": 5.892204}}
{"target": 0.6269662, "params": {"alpha": 0.9037168508471294, "colsample_bytree": 0.8645687972786857, "lam": 0.033321158648906724, "max_depth": 4.579630045196446, "min_child_weight": 4.363525016416696, "subsample": 0.890570738067558}, "datetime": {"datetime": "2020-04-25 00:52:01", "elapsed": 857.737938, "delta": 6.555662}}
{"target": 0.6219102000000001, "params": {"alpha": 0.0014954537421536518, "colsample_bytree": 0.8726918007037365, "lam": 0.024869303043900892, "max_depth": 3.682188756291648, "min_child_weight": 3.672210625803569, "subsample": 0.8987673866072889}, "datetime": {"datetime": "2020-04-25 00:52:06", "elapsed": 862.58429, "delta": 4.846352}}
{"target": 0.6358276, "params": {"alpha": 0.017730444260368294, "colsample_bytree": 0.8657898235912991, "lam": 0.07506270687759364, "max_depth": 8.955193690259131, "min_child_weight": 6.3337614615652695, "subsample": 0.8751391892129556}, "datetime": {"datetime": "2020-04-25 00:52:13", "elapsed": 868.90139, "delta": 6.3171}}
{"target": 0.6407408, "params": {"alpha": 0.008252611955910205, "colsample_bytree": 0.7993648264526894, "lam": 0.839518941090448, "max_depth": 6.617922865150482, "min_child_weight": 7.215774030095391, "subsample": 0.8673541455985687}, "datetime": {"datetime": "2020-04-25 00:52:20", "elapsed": 876.14201, "delta": 7.24062}}
{"target": 0.6423558, "params": {"alpha": 0.05452555627927047, "colsample_bytree": 0.7674289913301853, "lam": 0.6844168487574281, "max_depth": 5.874458007016486, "min_child_weight": 7.662706879060696, "subsample": 0.8951673339525564}, "datetime": {"datetime": "2020-04-25 00:52:26", "elapsed": 882.254818, "delta": 6.112808}}
{"target": 0.6333036000000001, "params": {"alpha": 0.0017335294412378355, "colsample_bytree": 0.676262859174117, "lam": 0.46276677656850884, "max_depth": 7.013678462103851, "min_child_weight": 8.155258309096137, "subsample": 0.7617291570624942}, "datetime": {"datetime": "2020-04-25 00:52:31", "elapsed": 887.438256, "delta": 5.183438}}
{"target": 0.6337524, "params": {"alpha": 0.01609562059010361, "colsample_bytree": 0.8190206489851759, "lam": 0.9258753287810496, "max_depth": 9.656957969672117, "min_child_weight": 7.887307634340771, "subsample": 0.8166118109575156}, "datetime": {"datetime": "2020-04-25 00:52:39", "elapsed": 894.948483, "delta": 7.510227}}
{"target": 0.6286044000000001, "params": {"alpha": 0.5330968188924904, "colsample_bytree": 0.8968215615445123, "lam": 0.9084200261852816, "max_depth": 3.945523444474266, "min_child_weight": 6.708146699733287, "subsample": 0.8327341573677473}, "datetime": {"datetime": "2020-04-25 00:52:44", "elapsed": 900.840443, "delta": 5.89196}}
{"target": 0.6246724, "params": {"alpha": 0.9531414554817537, "colsample_bytree": 0.8872407283554504, "lam": 0.6069181850529997, "max_depth": 3.8657439610939353, "min_child_weight": 1.1013935503364995, "subsample": 0.8151134017518135}, "datetime": {"datetime": "2020-04-25 00:52:51", "elapsed": 907.154245, "delta": 6.313802}}
{"target": 0.6396858, "params": {"alpha": 0.9787820662067864, "colsample_bytree": 0.7816297077898398, "lam": 0.3644630848143351, "max_depth": 6.746366196910354, "min_child_weight": 6.854523239210331, "subsample": 0.8761685377841786}, "datetime": {"datetime": "2020-04-25 00:52:57", "elapsed": 913.123344, "delta": 5.969099}}
{"target": 0.6152917999999999, "params": {"alpha": 0.8894928358614871, "colsample_bytree": 0.8985798036489001, "lam": 0.9957932463102507, "max_depth": 4.147780884782291, "min_child_weight": 2.354051215792816, "subsample": 0.5000732994523405}, "datetime": {"datetime": "2020-04-25 00:53:02", "elapsed": 918.055064, "delta": 4.93172}}
{"target": 0.5828326, "params": {"alpha": 0.9736217623574714, "colsample_bytree": 0.5588970960385823, "lam": 0.016018620377590498, "max_depth": 9.91848816212914, "min_child_weight": 3.9069977009073034, "subsample": 0.7239312948839005}, "datetime": {"datetime": "2020-04-25 00:53:08", "elapsed": 924.750049, "delta": 6.694985}}
{"target": 0.6272284, "params": {"alpha": 0.14960106221967306, "colsample_bytree": 0.8849894415956127, "lam": 0.6250778604333278, "max_depth": 9.3605208217631, "min_child_weight": 6.773598149926589, "subsample": 0.7539594943222483}, "datetime": {"datetime": "2020-04-25 00:53:16", "elapsed": 931.98635, "delta": 7.236301}}
{"target": 0.6260186, "params": {"alpha": 0.9647687553153365, "colsample_bytree": 0.8999867755892492, "lam": 0.8479659908649956, "max_depth": 8.647981774336834, "min_child_weight": 5.4581067996253445, "subsample": 0.7759834223496203}, "datetime": {"datetime": "2020-04-25 00:53:23", "elapsed": 939.529802, "delta": 7.543452}}
{"target": 0.6412156, "params": {"alpha": 0.9999999927054226, "colsample_bytree": 0.9, "lam": 6.354473795097833e-08, "max_depth": 9.999999892715648, "min_child_weight": 8.292033117748506, "subsample": 0.9}, "datetime": {"datetime": "2020-04-25 00:53:30", "elapsed": 946.360954, "delta": 6.831152}}
{"target": 0.6386681999999999, "params": {"alpha": 0.2412394776210075, "colsample_bytree": 0.8313592953396945, "lam": 0.027562004965359876, "max_depth": 4.701320026122787, "min_child_weight": 9.980778682886356, "subsample": 0.8225324585871303}, "datetime": {"datetime": "2020-04-25 00:53:36", "elapsed": 952.327637, "delta": 5.966683}}
{"target": 0.6148347999999999, "params": {"alpha": 0.27661542974160913, "colsample_bytree": 0.8840158223537335, "lam": 0.9903932150563994, "max_depth": 4.004617987382087, "min_child_weight": 3.3311361235553267, "subsample": 0.8858956919403216}, "datetime": {"datetime": "2020-04-25 00:53:42", "elapsed": 958.190274, "delta": 5.862637}}
{"target": 0.6239589999999999, "params": {"alpha": 0.013763836367228666, "colsample_bytree": 0.8531343105472065, "lam": 0.9991138937800125, "max_depth": 4.3865611469067, "min_child_weight": 1.6949651917133646, "subsample": 0.5843122651773532}, "datetime": {"datetime": "2020-04-25 00:53:50", "elapsed": 965.91387, "delta": 7.723596}}
{"target": 0.6195614, "params": {"alpha": 0.8342093771437891, "colsample_bytree": 0.6969667801306079, "lam": 0.013609793997364616, "max_depth": 7.5463333101951475, "min_child_weight": 8.798483985528664, "subsample": 0.561384413115004}, "datetime": {"datetime": "2020-04-25 00:53:56", "elapsed": 972.2654, "delta": 6.35153}}
{"target": 0.6337919999999999, "params": {"alpha": 0.0002216598652572399, "colsample_bytree": 0.7618821250712591, "lam": 0.12822778607700247, "max_depth": 3.6282890058034805, "min_child_weight": 6.3790490044772925, "subsample": 0.8975216577149707}, "datetime": {"datetime": "2020-04-25 00:54:01", "elapsed": 977.626599, "delta": 5.361199}}
{"target": 0.6229902, "params": {"alpha": 0.255156153380503, "colsample_bytree": 0.8903621514961153, "lam": 0.13991152501208548, "max_depth": 3.8303378502791885, "min_child_weight": 2.0312347610136134, "subsample": 0.8568386194857522}, "datetime": {"datetime": "2020-04-25 00:54:08", "elapsed": 984.145754, "delta": 6.519155}}
{"target": 0.6015484000000001, "params": {"alpha": 0.0816329851261629, "colsample_bytree": 0.7093459322004159, "lam": 0.026933161984201814, "max_depth": 3.038477226912992, "min_child_weight": 7.612500636743949, "subsample": 0.5835219124621465}, "datetime": {"datetime": "2020-04-25 00:54:16", "elapsed": 991.981349, "delta": 7.835595}}
{"target": 0.6364738, "params": {"alpha": 0.3238506487445948, "colsample_bytree": 0.8619063900806923, "lam": 0.14548372798700182, "max_depth": 8.360646071038992, "min_child_weight": 5.733853448311167, "subsample": 0.8942641676579529}, "datetime": {"datetime": "2020-04-25 00:54:22", "elapsed": 998.643858, "delta": 6.662509}}
{"target": 0.6256712, "params": {"alpha": 0.07399448872904968, "colsample_bytree": 0.8342925671456629, "lam": 0.004843329484193193, "max_depth": 8.196087378507166, "min_child_weight": 8.516807204548234, "subsample": 0.5136215290820372}, "datetime": {"datetime": "2020-04-25 00:54:29", "elapsed": 1005.425984, "delta": 6.782126}}
{"target": 0.6196548, "params": {"alpha": 0.0, "colsample_bytree": 0.9, "lam": 1.3881689917880533e-16, "max_depth": 4.397919955698512, "min_child_weight": 2.802869535788225, "subsample": 0.9}, "datetime": {"datetime": "2020-04-25 00:54:36", "elapsed": 1012.462694, "delta": 7.03671}}
{"target": 0.6254822, "params": {"alpha": 0.24534379239131332, "colsample_bytree": 0.8666493576681914, "lam": 0.9747172808539775, "max_depth": 9.979168969342865, "min_child_weight": 3.9846077488478158, "subsample": 0.824940364425979}, "datetime": {"datetime": "2020-04-25 00:54:44", "elapsed": 1020.722054, "delta": 8.25936}}
{"target": 0.6329064, "params": {"alpha": 0.04771889280654207, "colsample_bytree": 0.6974043704552806, "lam": 0.08713829698562492, "max_depth": 5.108639423959796, "min_child_weight": 7.2233472213693455, "subsample": 0.8942825960091121}, "datetime": {"datetime": "2020-04-25 00:54:51", "elapsed": 1027.232496, "delta": 6.510442}}
{"target": 0.6407502, "params": {"alpha": 0.1450008617294697, "colsample_bytree": 0.8975372635179579, "lam": 0.9618570176220735, "max_depth": 8.072501281959525, "min_child_weight": 9.973439920726511, "subsample": 0.8796411255997241}, "datetime": {"datetime": "2020-04-25 00:54:58", "elapsed": 1034.075249, "delta": 6.842753}}
{"target": 0.6348927999999999, "params": {"alpha": 0.46281901831419514, "colsample_bytree": 0.787153184676991, "lam": 0.006787070188552846, "max_depth": 4.589021614576701, "min_child_weight": 6.237516604415266, "subsample": 0.8853981710683039}, "datetime": {"datetime": "2020-04-25 00:55:04", "elapsed": 1040.481731, "delta": 6.406482}}
{"target": 0.6340085999999999, "params": {"alpha": 0.047347062924422256, "colsample_bytree": 0.794604015013713, "lam": 0.006403088594170048, "max_depth": 9.92134139755931, "min_child_weight": 9.43133184732338, "subsample": 0.7702330050596862}, "datetime": {"datetime": "2020-04-25 00:55:12", "elapsed": 1048.752768, "delta": 8.271037}}
{"target": 0.6285504000000001, "params": {"alpha": 0.0058102958032157925, "colsample_bytree": 0.892599708030476, "lam": 0.35065107784234184, "max_depth": 4.093707747222874, "min_child_weight": 6.072338689243611, "subsample": 0.8783003653123278}, "datetime": {"datetime": "2020-04-25 00:55:20", "elapsed": 1056.565749, "delta": 7.812981}}
{"target": 0.6248914, "params": {"alpha": 0.9958353225598255, "colsample_bytree": 0.8999999973708973, "lam": 0.9999999910188851, "max_depth": 4.614411475120222, "min_child_weight": 1.280252544141796, "subsample": 0.9}, "datetime": {"datetime": "2020-04-25 00:55:26", "elapsed": 1062.394638, "delta": 5.828889}}
{"target": 0.6353681999999999, "params": {"alpha": 0.6982018359077417, "colsample_bytree": 0.755984332874962, "lam": 0.9388236161176411, "max_depth": 5.1593708086168535, "min_child_weight": 7.550680879930853, "subsample": 0.877066066174927}, "datetime": {"datetime": "2020-04-25 00:55:34", "elapsed": 1070.373421, "delta": 7.978783}}
{"target": 0.6219756000000001, "params": {"alpha": 0.0023272877270501535, "colsample_bytree": 0.8450204655479967, "lam": 0.4819314310039642, "max_depth": 6.343526533800279, "min_child_weight": 1.957677138723612, "subsample": 0.863738937471666}, "datetime": {"datetime": "2020-04-25 00:55:43", "elapsed": 1079.234523, "delta": 8.861102}}
{"target": 0.622133, "params": {"alpha": 0.11975269179033243, "colsample_bytree": 0.8851558531935398, "lam": 0.032812919150888686, "max_depth": 3.92927429126311, "min_child_weight": 4.925703545401455, "subsample": 0.8995725029520647}, "datetime": {"datetime": "2020-04-25 00:55:49", "elapsed": 1085.702357, "delta": 6.467834}}
{"target": 0.5889116, "params": {"alpha": 7.21859264135672e-08, "colsample_bytree": 0.5000001544659072, "lam": 0.9999999824259117, "max_depth": 9.999999839491766, "min_child_weight": 4.5048932220206215, "subsample": 0.9}, "datetime": {"datetime": "2020-04-25 00:55:56", "elapsed": 1092.760718, "delta": 7.058361}}
{"target": 0.6341066, "params": {"alpha": 0.0704884693892528, "colsample_bytree": 0.780659340407353, "lam": 0.04134118478537763, "max_depth": 9.977488144923008, "min_child_weight": 5.864826342422306, "subsample": 0.8986021304225329}, "datetime": {"datetime": "2020-04-25 00:56:06", "elapsed": 1102.363832, "delta": 9.603114}}
{"target": 0.6379219999999999, "params": {"alpha": 0.9704846195277413, "colsample_bytree": 0.8910255308232873, "lam": 0.04917513930880324, "max_depth": 9.999728627887837, "min_child_weight": 9.229480625016107, "subsample": 0.7616551917145111}, "datetime": {"datetime": "2020-04-25 00:56:13", "elapsed": 1109.243888, "delta": 6.880056}}
{"target": 0.6307151999999999, "params": {"alpha": 0.23130498544284162, "colsample_bytree": 0.849419601091023, "lam": 0.8650175115712652, "max_depth": 4.093772060476846, "min_child_weight": 7.695136264413065, "subsample": 0.8691736657684062}, "datetime": {"datetime": "2020-04-25 00:56:20", "elapsed": 1116.573285, "delta": 7.329397}}
{"target": 0.6070196, "params": {"alpha": 0.03099399001073666, "colsample_bytree": 0.5475510305777755, "lam": 0.9941437624026883, "max_depth": 5.29816405866498, "min_child_weight": 2.6204233660512317, "subsample": 0.853711780772817}, "datetime": {"datetime": "2020-04-25 00:56:26", "elapsed": 1122.652363, "delta": 6.079078}}
{"target": 0.640558, "params": {"alpha": 0.9777366938135073, "colsample_bytree": 0.8364181002558504, "lam": 0.05030408117585927, "max_depth": 5.85601292045615, "min_child_weight": 8.204040972497483, "subsample": 0.8755043065716608}, "datetime": {"datetime": "2020-04-25 00:56:35", "elapsed": 1131.527983, "delta": 8.87562}}
{"target": 0.633073, "params": {"alpha": 0.3480662304274008, "colsample_bytree": 0.8597810881026313, "lam": 0.8443036600917879, "max_depth": 5.695454679565586, "min_child_weight": 8.551930274841055, "subsample": 0.8485887987252223}, "datetime": {"datetime": "2020-04-25 00:56:44", "elapsed": 1140.187603, "delta": 8.65962}}
{"target": 0.6378648, "params": {"alpha": 0.5590769050010694, "colsample_bytree": 0.7766213033882016, "lam": 0.14865889178419844, "max_depth": 5.702395598285866, "min_child_weight": 6.1628167156091225, "subsample": 0.8590404461650472}, "datetime": {"datetime": "2020-04-25 00:56:50", "elapsed": 1146.800088, "delta": 6.612485}}
{"target": 0.6401688, "params": {"alpha": 0.9055529127682155, "colsample_bytree": 0.8841574640296737, "lam": 0.017415029933157133, "max_depth": 4.764107021965453, "min_child_weight": 3.440719115023857, "subsample": 0.875963936772806}, "datetime": {"datetime": "2020-04-25 00:57:00", "elapsed": 1156.412952, "delta": 9.612864}}
{"target": 0.6320986, "params": {"alpha": 0.46417068030443775, "colsample_bytree": 0.7778610839868003, "lam": 0.4837884543545615, "max_depth": 7.831010886488085, "min_child_weight": 5.729772133186173, "subsample": 0.8993553467073785}, "datetime": {"datetime": "2020-04-25 00:57:07", "elapsed": 1163.69417, "delta": 7.281218}}
{"target": 0.626285, "params": {"alpha": 0.985396560959793, "colsample_bytree": 0.8787288509722315, "lam": 0.5709205233899318, "max_depth": 4.939446992999223, "min_child_weight": 9.752612772045364, "subsample": 0.8939589252503746}, "datetime": {"datetime": "2020-04-25 00:57:16", "elapsed": 1172.016974, "delta": 8.322804}}
{"target": 0.6367415999999999, "params": {"alpha": 0.7896435465739349, "colsample_bytree": 0.883239649138938, "lam": 0.1169712286743243, "max_depth": 6.386915982165113, "min_child_weight": 9.818992512456298, "subsample": 0.8522705860774755}, "datetime": {"datetime": "2020-04-25 00:57:24", "elapsed": 1180.505345, "delta": 8.488371}}
{"target": 0.622507, "params": {"alpha": 0.9059430277911746, "colsample_bytree": 0.8957658686602892, "lam": 0.0544168206286062, "max_depth": 6.961656323099016, "min_child_weight": 4.579119007145946, "subsample": 0.8913785637772841}, "datetime": {"datetime": "2020-04-25 00:57:31", "elapsed": 1187.882328, "delta": 7.376983}}
