{"target": 0.6120606000000001, "params": {"alpha": 0.7056033657121764, "colsample_bytree": 0.5646722572979462, "lam": 0.0738551393303103, "max_depth": 6.653214017676867, "min_child_weight": 6.32489901536793, "subsample": 0.8252569404395336}, "datetime": {"datetime": "2020-04-24 20:22:05", "elapsed": 1228.33233, "delta": 7.053824}}
{"target": 0.6237134000000001, "params": {"alpha": 0.05706138462962618, "colsample_bytree": 0.8790729387696508, "lam": 0.9782925864727101, "max_depth": 3.9091949370524297, "min_child_weight": 7.841904184712359, "subsample": 0.8841989802084962}, "datetime": {"datetime": "2020-04-24 20:22:12", "elapsed": 1235.942871, "delta": 7.610541}}
{"target": 0.6346506, "params": {"alpha": 0.02906877458393431, "colsample_bytree": 0.8433926148063795, "lam": 0.03994810639352431, "max_depth": 4.4462406009063, "min_child_weight": 7.872244671640289, "subsample": 0.8876190614908983}, "datetime": {"datetime": "2020-04-24 20:22:21", "elapsed": 1244.837556, "delta": 8.894685}}
{"target": 0.6196546, "params": {"alpha": 0.940449214985158, "colsample_bytree": 0.8640457408734963, "lam": 0.03364936206150326, "max_depth": 7.571861943242525, "min_child_weight": 5.122944558208909, "subsample": 0.548637560498551}, "datetime": {"datetime": "2020-04-24 20:22:28", "elapsed": 1251.538376, "delta": 6.70082}}
{"target": 0.6116045999999999, "params": {"alpha": 0.913803523728882, "colsample_bytree": 0.5858697661411914, "lam": 0.9282881676768915, "max_depth": 8.217908218636019, "min_child_weight": 6.273498454331762, "subsample": 0.5569030482368731}, "datetime": {"datetime": "2020-04-24 20:22:37", "elapsed": 1260.159356, "delta": 8.62098}}
{"target": 0.640048, "params": {"alpha": 0.4937551976209785, "colsample_bytree": 0.8937848434360354, "lam": 0.636866451081304, "max_depth": 9.40105519900724, "min_child_weight": 9.922161198522405, "subsample": 0.8807381684766445}, "datetime": {"datetime": "2020-04-24 20:22:45", "elapsed": 1268.658502, "delta": 8.499146}}
{"target": 0.630404, "params": {"alpha": 0.6987125447812425, "colsample_bytree": 0.8425198145686448, "lam": 0.9518208731291637, "max_depth": 5.2906053244385856, "min_child_weight": 3.611589122472755, "subsample": 0.8947718045745332}, "datetime": {"datetime": "2020-04-24 20:22:54", "elapsed": 1277.678734, "delta": 9.020232}}
{"target": 0.6479405999999999, "params": {"alpha": 0.0117330122382302, "colsample_bytree": 0.88731619296718, "lam": 0.4743301485605389, "max_depth": 6.329584345367205, "min_child_weight": 6.589135071319911, "subsample": 0.8733547683065761}, "datetime": {"datetime": "2020-04-24 20:23:01", "elapsed": 1284.455189, "delta": 6.776455}}
{"target": 0.626226, "params": {"alpha": 0.2910223617431218, "colsample_bytree": 0.8798807700940938, "lam": 0.9821612375261928, "max_depth": 7.240318468111266, "min_child_weight": 3.7326002869066515, "subsample": 0.8102635046205597}, "datetime": {"datetime": "2020-04-24 20:23:10", "elapsed": 1293.346953, "delta": 8.891764}}
{"target": 0.6353712, "params": {"alpha": 0.6823189573840204, "colsample_bytree": 0.8979196309684025, "lam": 0.9627286089004015, "max_depth": 7.154568397816591, "min_child_weight": 9.506694574668694, "subsample": 0.5591262420516487}, "datetime": {"datetime": "2020-04-24 20:23:19", "elapsed": 1303.020463, "delta": 9.67351}}
{"target": 0.6270838, "params": {"alpha": 0.9562270921809356, "colsample_bytree": 0.73290758680907, "lam": 0.3158843746563039, "max_depth": 6.7126758705612355, "min_child_weight": 7.072861186974431, "subsample": 0.8455222107241303}, "datetime": {"datetime": "2020-04-24 20:23:27", "elapsed": 1310.990461, "delta": 7.969998}}
{"target": 0.6230398, "params": {"alpha": 1.6818441879255627e-09, "colsample_bytree": 0.8999999987237085, "lam": 1.0, "max_depth": 5.9379850207983615, "min_child_weight": 1.0000000035515928, "subsample": 0.8999999993272624}, "datetime": {"datetime": "2020-04-24 20:23:36", "elapsed": 1319.871768, "delta": 8.881307}}
{"target": 0.6266413999999999, "params": {"alpha": 0.865061518866235, "colsample_bytree": 0.8783972010646708, "lam": 0.3621681461712025, "max_depth": 5.263413265409363, "min_child_weight": 8.429323460265385, "subsample": 0.5562002755468748}, "datetime": {"datetime": "2020-04-24 20:23:44", "elapsed": 1327.431911, "delta": 7.560143}}
{"target": 0.6340640000000001, "params": {"alpha": 0.13080189587321922, "colsample_bytree": 0.8969924393426536, "lam": 0.2641699718362489, "max_depth": 5.686569720298714, "min_child_weight": 6.750694557116839, "subsample": 0.8893246058648234}, "datetime": {"datetime": "2020-04-24 20:23:52", "elapsed": 1335.462085, "delta": 8.030174}}
{"target": 0.638259, "params": {"alpha": 0.9020275697801271, "colsample_bytree": 0.8327111297254686, "lam": 0.08302927830629336, "max_depth": 6.429876065566331, "min_child_weight": 9.370079473508568, "subsample": 0.5005409615918301}, "datetime": {"datetime": "2020-04-24 20:24:00", "elapsed": 1344.003369, "delta": 8.541284}}
{"target": 0.603111, "params": {"alpha": 0.03965680053513532, "colsample_bytree": 0.8844516340415258, "lam": 0.06412844603141077, "max_depth": 3.7834962208955156, "min_child_weight": 2.8073399087489292, "subsample": 0.5070195783368221}, "datetime": {"datetime": "2020-04-24 20:24:08", "elapsed": 1351.205146, "delta": 7.201777}}
{"target": 0.6239800000000001, "params": {"alpha": 0.005936588028887524, "colsample_bytree": 0.8712168433547218, "lam": 0.44385694542392473, "max_depth": 5.332225516468029, "min_child_weight": 7.8864934919936545, "subsample": 0.894834111428134}, "datetime": {"datetime": "2020-04-24 20:24:14", "elapsed": 1357.541571, "delta": 6.336425}}
{"target": 0.6264354, "params": {"alpha": 0.030028025888531484, "colsample_bytree": 0.8854379009562593, "lam": 0.015555161850335675, "max_depth": 8.861337876465319, "min_child_weight": 8.46326621960487, "subsample": 0.5872202216762629}, "datetime": {"datetime": "2020-04-24 20:24:22", "elapsed": 1365.803721, "delta": 8.26215}}
{"target": 0.6168146, "params": {"alpha": 0.058156459727873755, "colsample_bytree": 0.8539329368671545, "lam": 0.9270984913065862, "max_depth": 7.362986404083253, "min_child_weight": 5.032356427202886, "subsample": 0.5603682974475372}, "datetime": {"datetime": "2020-04-24 20:24:32", "elapsed": 1375.814991, "delta": 10.01127}}
{"target": 0.6004517999999999, "params": {"alpha": 0.977009258977264, "colsample_bytree": 0.8905660023504824, "lam": 0.939517699604405, "max_depth": 3.4957416389744593, "min_child_weight": 9.705484243185339, "subsample": 0.829914093485407}, "datetime": {"datetime": "2020-04-24 20:24:41", "elapsed": 1384.712517, "delta": 8.897526}}
{"target": 0.6227628000000001, "params": {"alpha": 0.991196390661502, "colsample_bytree": 0.8148777228016797, "lam": 0.11535697060649419, "max_depth": 4.877683610597552, "min_child_weight": 5.740169349268329, "subsample": 0.8173089702065073}, "datetime": {"datetime": "2020-04-24 20:24:49", "elapsed": 1392.932432, "delta": 8.219915}}
{"target": 0.5996102, "params": {"alpha": 0.020451530422429847, "colsample_bytree": 0.5037180349351934, "lam": 1.31957531273974e-07, "max_depth": 5.585628846322075, "min_child_weight": 3.936636177440133, "subsample": 0.8999999949353349}, "datetime": {"datetime": "2020-04-24 20:24:58", "elapsed": 1401.973987, "delta": 9.041555}}
{"target": 0.6332826, "params": {"alpha": 0.014799521862397524, "colsample_bytree": 0.8526268896614555, "lam": 0.9129418136614218, "max_depth": 6.73861967947394, "min_child_weight": 5.48468059352039, "subsample": 0.851270570500106}, "datetime": {"datetime": "2020-04-24 20:25:06", "elapsed": 1410.028338, "delta": 8.054351}}
{"target": 0.6155459999999999, "params": {"alpha": 0.9999999890706097, "colsample_bytree": 0.8826079682158812, "lam": 0.20008654555809163, "max_depth": 7.619557104153696, "min_child_weight": 9.99999997441664, "subsample": 0.5}, "datetime": {"datetime": "2020-04-24 20:25:15", "elapsed": 1418.780282, "delta": 8.751944}}
{"target": 0.627341, "params": {"alpha": 0.21112345515288355, "colsample_bytree": 0.8966578902259343, "lam": 0.8860444804086515, "max_depth": 5.894814938924937, "min_child_weight": 3.0980487966805588, "subsample": 0.8983233641422448}, "datetime": {"datetime": "2020-04-24 20:25:23", "elapsed": 1426.842366, "delta": 8.062084}}
{"target": 0.6395976000000001, "params": {"alpha": 0.11880804104243925, "colsample_bytree": 0.8748916329174965, "lam": 0.03168833939034177, "max_depth": 8.010331181717081, "min_child_weight": 9.82571556266733, "subsample": 0.8961716387598229}, "datetime": {"datetime": "2020-04-24 20:25:32", "elapsed": 1435.907711, "delta": 9.065345}}
{"target": 0.63303, "params": {"alpha": 0.15251139307073058, "colsample_bytree": 0.8833777338323873, "lam": 0.03827040327407172, "max_depth": 4.744875423345876, "min_child_weight": 5.126914399229203, "subsample": 0.7952679522959458}, "datetime": {"datetime": "2020-04-24 20:25:41", "elapsed": 1444.208508, "delta": 8.300797}}
{"target": 0.6329178000000001, "params": {"alpha": 0.027351485940927844, "colsample_bytree": 0.8787090259278425, "lam": 0.25253271597107485, "max_depth": 7.237000677581328, "min_child_weight": 4.346460838000192, "subsample": 0.8980396185668585}, "datetime": {"datetime": "2020-04-24 20:25:49", "elapsed": 1452.330982, "delta": 8.122474}}
{"target": 0.6394082, "params": {"alpha": 0.9741452923321298, "colsample_bytree": 0.898242535095255, "lam": 0.8189928294886705, "max_depth": 8.574217422879187, "min_child_weight": 9.10268084851828, "subsample": 0.8794628234371955}, "datetime": {"datetime": "2020-04-24 20:25:58", "elapsed": 1461.422724, "delta": 9.091742}}
{"target": 0.6401076, "params": {"alpha": 0.588288522124208, "colsample_bytree": 0.8803616244531285, "lam": 0.35452720067426746, "max_depth": 6.452779652973437, "min_child_weight": 6.666437109299661, "subsample": 0.8938869961112439}, "datetime": {"datetime": "2020-04-24 20:26:06", "elapsed": 1469.524401, "delta": 8.101677}}
{"target": 0.6063765999999999, "params": {"alpha": 0.9987271019238609, "colsample_bytree": 0.6245810098714922, "lam": 0.42007605515169366, "max_depth": 5.654718608805922, "min_child_weight": 1.1112009264197908, "subsample": 0.8943994178254682}, "datetime": {"datetime": "2020-04-24 20:26:16", "elapsed": 1479.255113, "delta": 9.730712}}
{"target": 0.6224536, "params": {"alpha": 0.4403040478956368, "colsample_bytree": 0.7473237368682479, "lam": 0.1338591890573534, "max_depth": 8.321020646765358, "min_child_weight": 5.18869871325639, "subsample": 0.8628545424012075}, "datetime": {"datetime": "2020-04-24 20:26:25", "elapsed": 1488.329052, "delta": 9.073939}}
{"target": 0.6078490000000001, "params": {"alpha": 0.9734817408675384, "colsample_bytree": 0.8412532154653158, "lam": 0.9860119115700918, "max_depth": 3.692377759856469, "min_child_weight": 6.942102476295998, "subsample": 0.5049027013902623}, "datetime": {"datetime": "2020-04-24 20:26:35", "elapsed": 1498.608184, "delta": 10.279132}}
{"target": 0.6368429999999999, "params": {"alpha": 0.26158957472960476, "colsample_bytree": 0.8999999642544234, "lam": 0.9940461292279543, "max_depth": 8.1932030324595, "min_child_weight": 6.951632845559061, "subsample": 0.8956490314736596}, "datetime": {"datetime": "2020-04-24 20:26:44", "elapsed": 1507.268487, "delta": 8.660303}}
{"target": 0.6337232, "params": {"alpha": 0.10530450455875107, "colsample_bytree": 0.8902098817219156, "lam": 0.9833130635737877, "max_depth": 9.275556810007416, "min_child_weight": 7.601337147138327, "subsample": 0.8119962557579314}, "datetime": {"datetime": "2020-04-24 20:26:53", "elapsed": 1516.463599, "delta": 9.195112}}
{"target": 0.6212470000000001, "params": {"alpha": 0.04484898910154067, "colsample_bytree": 0.8971711344792882, "lam": 0.9925278906536712, "max_depth": 5.641991857890464, "min_child_weight": 3.1651401936138726, "subsample": 0.5102324328803811}, "datetime": {"datetime": "2020-04-24 20:27:02", "elapsed": 1525.048348, "delta": 8.584749}}
{"target": 0.6209564000000001, "params": {"alpha": 0.9019960153438147, "colsample_bytree": 0.8936809479417138, "lam": 0.03830637687943106, "max_depth": 5.970705608214269, "min_child_weight": 8.99822222892858, "subsample": 0.5303278184450846}, "datetime": {"datetime": "2020-04-24 20:27:10", "elapsed": 1533.092866, "delta": 8.044518}}
{"target": 0.5984652, "params": {"alpha": 0.9430814414105487, "colsample_bytree": 0.5687022858904909, "lam": 0.9996395456153716, "max_depth": 5.973814738367201, "min_child_weight": 8.39506633783038, "subsample": 0.6531309216972027}, "datetime": {"datetime": "2020-04-24 20:27:22", "elapsed": 1545.188653, "delta": 12.095787}}
{"target": 0.6313359999999999, "params": {"alpha": 0.8811111129932667, "colsample_bytree": 0.6377543916524228, "lam": 0.002710303257177138, "max_depth": 5.2090362112156265, "min_child_weight": 8.574120384140222, "subsample": 0.8669907781576667}, "datetime": {"datetime": "2020-04-24 20:27:31", "elapsed": 1554.121339, "delta": 8.932686}}
{"target": 0.6350526000000001, "params": {"alpha": 0.9951512408297956, "colsample_bytree": 0.8771922056756645, "lam": 0.5805242710575245, "max_depth": 6.334551658986795, "min_child_weight": 9.996517368286632, "subsample": 0.607626843830841}, "datetime": {"datetime": "2020-04-24 20:27:39", "elapsed": 1562.117661, "delta": 7.996322}}
{"target": 0.6247662, "params": {"alpha": 0.2963990800477271, "colsample_bytree": 0.689176868377874, "lam": 0.11058358443365934, "max_depth": 6.254997255361015, "min_child_weight": 9.965043425006188, "subsample": 0.5011430786131695}, "datetime": {"datetime": "2020-04-24 20:27:48", "elapsed": 1571.662723, "delta": 9.545062}}
{"target": 0.6210462, "params": {"alpha": 0.9999999906199049, "colsample_bytree": 0.9, "lam": 1.0024101482661004e-08, "max_depth": 10.0, "min_child_weight": 5.650853258500906, "subsample": 0.5000000048545621}, "datetime": {"datetime": "2020-04-24 20:27:58", "elapsed": 1581.318474, "delta": 9.655751}}
{"target": 0.627175, "params": {"alpha": 0.7287605139829034, "colsample_bytree": 0.8828322037082237, "lam": 0.5672574708833146, "max_depth": 6.886422465815341, "min_child_weight": 9.524634058082826, "subsample": 0.887054531911063}, "datetime": {"datetime": "2020-04-24 20:28:09", "elapsed": 1592.284971, "delta": 10.966497}}
{"target": 0.6302922, "params": {"alpha": 0.021147925747382446, "colsample_bytree": 0.862026270393923, "lam": 0.43025780404122027, "max_depth": 5.133171064626715, "min_child_weight": 5.255698769206179, "subsample": 0.8979070306379084}, "datetime": {"datetime": "2020-04-24 20:28:17", "elapsed": 1600.870595, "delta": 8.585624}}
{"target": 0.6308968, "params": {"alpha": 0.04186551310032527, "colsample_bytree": 0.8875232251849695, "lam": 0.5049171917826454, "max_depth": 8.76999376168142, "min_child_weight": 9.965508875128341, "subsample": 0.8943369465381303}, "datetime": {"datetime": "2020-04-24 20:28:27", "elapsed": 1610.79605, "delta": 9.925455}}
{"target": 0.611859, "params": {"alpha": 0.02241730580086687, "colsample_bytree": 0.7797673817643567, "lam": 0.015382029620507387, "max_depth": 4.4154695499420065, "min_child_weight": 4.422389401874356, "subsample": 0.5395627362492221}, "datetime": {"datetime": "2020-04-24 20:28:37", "elapsed": 1620.406845, "delta": 9.610795}}
{"target": 0.6063787999999999, "params": {"alpha": 0.049985286773502446, "colsample_bytree": 0.8614293664788556, "lam": 0.9124905942875565, "max_depth": 9.348567146638006, "min_child_weight": 1.049990537527792, "subsample": 0.8159274644610697}, "datetime": {"datetime": "2020-04-24 20:28:48", "elapsed": 1631.306766, "delta": 10.899921}}
{"target": 0.6301354, "params": {"alpha": 0.9999999961601409, "colsample_bytree": 0.8999999654722313, "lam": 1.605503015091567e-08, "max_depth": 3.5365852383503817, "min_child_weight": 9.083186858671569, "subsample": 0.899999998509463}, "datetime": {"datetime": "2020-04-24 20:28:57", "elapsed": 1640.17169, "delta": 8.864924}}
{"target": 0.6029512, "params": {"alpha": 0.34653313751396764, "colsample_bytree": 0.8969731456346206, "lam": 0.3088079843250007, "max_depth": 7.3090735870234145, "min_child_weight": 1.097480699855176, "subsample": 0.891798002118488}, "datetime": {"datetime": "2020-04-24 20:29:05", "elapsed": 1648.765423, "delta": 8.593733}}
{"target": 0.6362249999999999, "params": {"alpha": 0.999999919021241, "colsample_bytree": 0.8999999784405978, "lam": 0.026280410428400378, "max_depth": 10.0, "min_child_weight": 8.382182513178167, "subsample": 0.8999999997094282}, "datetime": {"datetime": "2020-04-24 20:29:14", "elapsed": 1657.853008, "delta": 9.087585}}
{"target": 0.6357454, "params": {"alpha": 0.9355816235579502, "colsample_bytree": 0.8765544589367658, "lam": 0.9959379586763876, "max_depth": 9.337689679969273, "min_child_weight": 9.981406925641567, "subsample": 0.823253468839575}, "datetime": {"datetime": "2020-04-24 20:29:25", "elapsed": 1668.397681, "delta": 10.544673}}
{"target": 0.606692, "params": {"alpha": 0.9999999912148103, "colsample_bytree": 0.899999990965322, "lam": 1.8942688899562575e-08, "max_depth": 3.0, "min_child_weight": 4.780437461182355, "subsample": 0.9}, "datetime": {"datetime": "2020-04-24 20:29:34", "elapsed": 1677.887242, "delta": 9.489561}}
{"target": 0.6380667999999999, "params": {"alpha": 1.0, "colsample_bytree": 0.8999999587672299, "lam": 0.9999999187826338, "max_depth": 5.841154114125472, "min_child_weight": 9.661011946025564, "subsample": 0.8999998173152265}, "datetime": {"datetime": "2020-04-24 20:29:45", "elapsed": 1688.534951, "delta": 10.647709}}
{"target": 0.6387888, "params": {"alpha": 0.04806240164182174, "colsample_bytree": 0.7976022878742336, "lam": 0.9845277027506368, "max_depth": 4.840735549136054, "min_child_weight": 6.047223551479731, "subsample": 0.8923312522848996}, "datetime": {"datetime": "2020-04-24 20:29:53", "elapsed": 1696.518643, "delta": 7.983692}}
{"target": 0.6057608, "params": {"alpha": 0.9444866105692586, "colsample_bytree": 0.8830077571701515, "lam": 0.955339194687604, "max_depth": 5.558561230096256, "min_child_weight": 1.9232461160074117, "subsample": 0.5057803677072293}, "datetime": {"datetime": "2020-04-24 20:30:03", "elapsed": 1706.129714, "delta": 9.611071}}
{"target": 0.6354293999999999, "params": {"alpha": 0.46895154336799416, "colsample_bytree": 0.8877666222894526, "lam": 0.3025143109719366, "max_depth": 9.983068163383724, "min_child_weight": 9.63625597074914, "subsample": 0.5905935519063534}, "datetime": {"datetime": "2020-04-24 20:30:15", "elapsed": 1718.485394, "delta": 12.35568}}
{"target": 0.5982160000000001, "params": {"alpha": 0.12359834270613956, "colsample_bytree": 0.5463362070875598, "lam": 0.0004235374982505258, "max_depth": 5.628059977661506, "min_child_weight": 8.849901098977424, "subsample": 0.5638129322442523}, "datetime": {"datetime": "2020-04-24 20:30:23", "elapsed": 1726.529034, "delta": 8.04364}}
{"target": 0.6354306000000001, "params": {"alpha": 1.0, "colsample_bytree": 0.8999999988297627, "lam": 0.0, "max_depth": 10.0, "min_child_weight": 6.5103502561856255, "subsample": 0.9}, "datetime": {"datetime": "2020-04-24 20:30:32", "elapsed": 1735.646959, "delta": 9.117925}}
{"target": 0.6091735999999999, "params": {"alpha": 1.0, "colsample_bytree": 0.9, "lam": 0.5371815762290243, "max_depth": 6.344459069051092, "min_child_weight": 1.1323183250668722, "subsample": 0.7648624051634351}, "datetime": {"datetime": "2020-04-24 20:30:42", "elapsed": 1746.0418, "delta": 10.394841}}
{"target": 0.6440422000000001, "params": {"alpha": 0.9091464886319974, "colsample_bytree": 0.8417547605967393, "lam": 0.9972514754099682, "max_depth": 5.004610608416156, "min_child_weight": 1.0388547035536713, "subsample": 0.8397971735123312}, "datetime": {"datetime": "2020-04-24 20:30:51", "elapsed": 1754.802613, "delta": 8.760813}}
{"target": 0.621224, "params": {"alpha": 0.9535985418135108, "colsample_bytree": 0.6151810211882822, "lam": 0.9731218023636702, "max_depth": 5.730488448765225, "min_child_weight": 4.314088482907854, "subsample": 0.8784792402053201}, "datetime": {"datetime": "2020-04-24 20:31:01", "elapsed": 1764.267574, "delta": 9.464961}}
{"target": 0.613076, "params": {"alpha": 0.4603939836669816, "colsample_bytree": 0.6274582543739435, "lam": 0.006126897661573594, "max_depth": 9.976697214920058, "min_child_weight": 5.229479821950382, "subsample": 0.8869052680117397}, "datetime": {"datetime": "2020-04-24 20:31:12", "elapsed": 1775.513077, "delta": 11.245503}}
{"target": 0.601507, "params": {"alpha": 0.8744098236464364, "colsample_bytree": 0.8984624478640104, "lam": 0.8889303541846028, "max_depth": 3.062142796365048, "min_child_weight": 2.5193972741095942, "subsample": 0.8948751168455866}, "datetime": {"datetime": "2020-04-24 20:31:25", "elapsed": 1788.654696, "delta": 13.141619}}
{"target": 0.6313694, "params": {"alpha": 5.31984873761715e-05, "colsample_bytree": 0.8047370756184369, "lam": 0.9282036043312072, "max_depth": 8.04359754569646, "min_child_weight": 7.529831849298606, "subsample": 0.579248264130322}, "datetime": {"datetime": "2020-04-24 20:31:37", "elapsed": 1800.09805, "delta": 11.443354}}
{"target": 0.6041247999999999, "params": {"alpha": 0.01073787286998662, "colsample_bytree": 0.8985967624778326, "lam": 0.8849543360186373, "max_depth": 3.4240181852926725, "min_child_weight": 4.239233930973964, "subsample": 0.8832227469602679}, "datetime": {"datetime": "2020-04-24 20:31:45", "elapsed": 1808.909023, "delta": 8.810973}}
{"target": 0.6084720000000001, "params": {"alpha": 0.9866777625370824, "colsample_bytree": 0.6461476690770176, "lam": 0.323651786332083, "max_depth": 9.771532837659889, "min_child_weight": 5.030724978099163, "subsample": 0.8108360250401141}, "datetime": {"datetime": "2020-04-24 20:31:55", "elapsed": 1818.530545, "delta": 9.621522}}
{"target": 0.616017, "params": {"alpha": 0.044702570726560475, "colsample_bytree": 0.8563580299031956, "lam": 0.10071011527932627, "max_depth": 6.186806556223079, "min_child_weight": 1.2600378209653063, "subsample": 0.8614776462047677}, "datetime": {"datetime": "2020-04-24 20:32:06", "elapsed": 1829.285692, "delta": 10.755147}}
