{"target": 0.6196032, "params": {"alpha": 0.008420963951850657, "colsample_bytree": 0.7597056629509851, "lam": 0.9965146861391923, "max_depth": 3.7860978273027692, "min_child_weight": 6.616051298448215, "subsample": 0.50858724041984}, "datetime": {"datetime": "2020-04-25 01:21:30", "elapsed": 2626.112666, "delta": 15.841539}}
{"target": 0.6359432, "params": {"alpha": 0.9829473421147883, "colsample_bytree": 0.8697648787544634, "lam": 0.044621416371128486, "max_depth": 5.669186378430669, "min_child_weight": 3.4300180911937774, "subsample": 0.8505321436292199}, "datetime": {"datetime": "2020-04-25 01:21:43", "elapsed": 2639.162804, "delta": 13.050138}}
{"target": 0.6288758000000001, "params": {"alpha": 0.9442800982361986, "colsample_bytree": 0.8515442621894793, "lam": 0.0030095257168258893, "max_depth": 6.1427459520389975, "min_child_weight": 9.929193806584184, "subsample": 0.8757556461250438}, "datetime": {"datetime": "2020-04-25 01:22:00", "elapsed": 2656.710864, "delta": 17.54806}}
{"target": 0.6361954, "params": {"alpha": 0.6338960900472846, "colsample_bytree": 0.87263302452837, "lam": 0.9870431606034857, "max_depth": 5.890273339494855, "min_child_weight": 4.4709466620911265, "subsample": 0.8838396596972072}, "datetime": {"datetime": "2020-04-25 01:22:14", "elapsed": 2670.005391, "delta": 13.294527}}
{"target": 0.6350241999999999, "params": {"alpha": 0.9866896432499127, "colsample_bytree": 0.7412743231110414, "lam": 0.12133509125019759, "max_depth": 5.725307579247103, "min_child_weight": 5.955119703957603, "subsample": 0.8959222356241962}, "datetime": {"datetime": "2020-04-25 01:22:27", "elapsed": 2683.691401, "delta": 13.68601}}
{"target": 0.6294744, "params": {"alpha": 0.07544865785867994, "colsample_bytree": 0.8303809226620178, "lam": 0.032305562018983935, "max_depth": 6.9909136228765165, "min_child_weight": 8.9846342683873, "subsample": 0.6122091912732053}, "datetime": {"datetime": "2020-04-25 01:22:41", "elapsed": 2696.974729, "delta": 13.283328}}
{"target": 0.6372324, "params": {"alpha": 0.6424047365983245, "colsample_bytree": 0.8502831142501361, "lam": 0.0017149377441718627, "max_depth": 9.919244477079486, "min_child_weight": 9.714882334760201, "subsample": 0.8894885463135072}, "datetime": {"datetime": "2020-04-25 01:22:55", "elapsed": 2711.60664, "delta": 14.631911}}
{"target": 0.6453928, "params": {"alpha": 0.19475324051965692, "colsample_bytree": 0.8968982034976538, "lam": 0.6902847769360302, "max_depth": 9.795178140743696, "min_child_weight": 9.962872863605554, "subsample": 0.8669265558227361}, "datetime": {"datetime": "2020-04-25 01:23:10", "elapsed": 2726.738044, "delta": 15.131404}}
{"target": 0.6373352000000001, "params": {"alpha": 0.5711093384223387, "colsample_bytree": 0.87780014624444, "lam": 0.9717030525405418, "max_depth": 9.28527514038586, "min_child_weight": 9.763507346874839, "subsample": 0.8999576038675035}, "datetime": {"datetime": "2020-04-25 01:23:23", "elapsed": 2739.809982, "delta": 13.071938}}
{"target": 0.6288128000000001, "params": {"alpha": 0.9495324482778102, "colsample_bytree": 0.8193430379227973, "lam": 0.9079610330445401, "max_depth": 4.34731848751242, "min_child_weight": 9.167286502105863, "subsample": 0.89965780591162}, "datetime": {"datetime": "2020-04-25 01:23:34", "elapsed": 2750.184511, "delta": 10.374529}}
{"target": 0.6166617999999999, "params": {"alpha": 0.032087010672245175, "colsample_bytree": 0.6860324689767197, "lam": 0.902631711815006, "max_depth": 6.462671818884953, "min_child_weight": 5.507325159366806, "subsample": 0.5183558912898363}, "datetime": {"datetime": "2020-04-25 01:23:48", "elapsed": 2764.494044, "delta": 14.309533}}
{"target": 0.6226876, "params": {"alpha": 0.04298952868582806, "colsample_bytree": 0.6345395767447006, "lam": 0.3618185086150376, "max_depth": 3.6252250053867843, "min_child_weight": 7.275256416019913, "subsample": 0.8806525159260312}, "datetime": {"datetime": "2020-04-25 01:24:01", "elapsed": 2777.396839, "delta": 12.902795}}
{"target": 0.6054038, "params": {"alpha": 0.0047230174363414035, "colsample_bytree": 0.5787424300191817, "lam": 0.04913120578721131, "max_depth": 3.995501989308533, "min_child_weight": 5.801759447849924, "subsample": 0.7892383336422542}, "datetime": {"datetime": "2020-04-25 01:24:17", "elapsed": 2793.250944, "delta": 15.854105}}
{"target": 0.6367906000000001, "params": {"alpha": 0.9953588128821524, "colsample_bytree": 0.8237690949826983, "lam": 0.9910368545814874, "max_depth": 6.483204539149402, "min_child_weight": 9.44240727213333, "subsample": 0.8550068012767443}, "datetime": {"datetime": "2020-04-25 01:24:31", "elapsed": 2807.775276, "delta": 14.524332}}
{"target": 0.6394316, "params": {"alpha": 0.9698995859485011, "colsample_bytree": 0.8443141222408144, "lam": 0.9632409941554764, "max_depth": 9.120456332406073, "min_child_weight": 9.99171203134473, "subsample": 0.7169489499536275}, "datetime": {"datetime": "2020-04-25 01:24:44", "elapsed": 2820.221303, "delta": 12.446027}}
{"target": 0.6345487999999999, "params": {"alpha": 0.9710721622456815, "colsample_bytree": 0.8738287474500348, "lam": 0.75753536657605, "max_depth": 6.745502114141923, "min_child_weight": 6.761176475950011, "subsample": 0.8767379049396453}, "datetime": {"datetime": "2020-04-25 01:24:56", "elapsed": 2832.702118, "delta": 12.480815}}
{"target": 0.6353624, "params": {"alpha": 0.6351256279726745, "colsample_bytree": 0.8693241561594713, "lam": 0.013413328467917207, "max_depth": 6.948148245075646, "min_child_weight": 8.666042271753575, "subsample": 0.8644418254959771}, "datetime": {"datetime": "2020-04-25 01:25:11", "elapsed": 2847.644656, "delta": 14.942538}}
{"target": 0.6189438, "params": {"alpha": 1.526441764559782e-07, "colsample_bytree": 0.9, "lam": 0.0, "max_depth": 6.472634090118474, "min_child_weight": 1.000000118832541, "subsample": 0.9}, "datetime": {"datetime": "2020-04-25 01:25:23", "elapsed": 2859.106889, "delta": 11.462233}}
{"target": 0.6304323999999999, "params": {"alpha": 0.02007518730154101, "colsample_bytree": 0.8961434788690368, "lam": 0.9666845841947532, "max_depth": 4.072543139544287, "min_child_weight": 6.7958342353530625, "subsample": 0.8727053990786765}, "datetime": {"datetime": "2020-04-25 01:25:35", "elapsed": 2871.828357, "delta": 12.721468}}
{"target": 0.6395736, "params": {"alpha": 0.9737700310255104, "colsample_bytree": 0.8614883509146296, "lam": 0.16628753027503274, "max_depth": 7.204514527586281, "min_child_weight": 7.234563837135555, "subsample": 0.8899284327331476}, "datetime": {"datetime": "2020-04-25 01:25:53", "elapsed": 2889.803136, "delta": 17.974779}}
{"target": 0.6366508, "params": {"alpha": 0.9999971954021544, "colsample_bytree": 0.8992178163676121, "lam": 0.044771438784176665, "max_depth": 7.875827093812735, "min_child_weight": 9.594318956317894, "subsample": 0.8062224607498323}, "datetime": {"datetime": "2020-04-25 01:26:07", "elapsed": 2903.420733, "delta": 13.617597}}
{"target": 0.6298524000000001, "params": {"alpha": 0.09787408696734023, "colsample_bytree": 0.8656035449701385, "lam": 0.04457406593306079, "max_depth": 4.761922089827463, "min_child_weight": 5.809983631913504, "subsample": 0.8959111181200943}, "datetime": {"datetime": "2020-04-25 01:26:21", "elapsed": 2917.424816, "delta": 14.004083}}
{"target": 0.6327147999999999, "params": {"alpha": 0.6210122569001064, "colsample_bytree": 0.8804789111199312, "lam": 0.6722066103134026, "max_depth": 6.562155086971803, "min_child_weight": 5.6985811869520875, "subsample": 0.8921249692513891}, "datetime": {"datetime": "2020-04-25 01:26:38", "elapsed": 2934.845966, "delta": 17.42115}}
{"target": 0.6164816, "params": {"alpha": 0.06629821412940073, "colsample_bytree": 0.5920555549156924, "lam": 0.023753691904466412, "max_depth": 6.189067366521931, "min_child_weight": 6.535786807147886, "subsample": 0.8577063108358813}, "datetime": {"datetime": "2020-04-25 01:26:49", "elapsed": 2945.543936, "delta": 10.69797}}
{"target": 0.6371526, "params": {"alpha": 0.9507781631283452, "colsample_bytree": 0.6618457570405675, "lam": 0.019994270591846663, "max_depth": 5.095339995612212, "min_child_weight": 5.481481242372482, "subsample": 0.8785004914589839}, "datetime": {"datetime": "2020-04-25 01:27:04", "elapsed": 2960.149053, "delta": 14.605117}}
{"target": 0.5937667999999999, "params": {"alpha": 0.057298018634740155, "colsample_bytree": 0.5194101939587985, "lam": 0.022710661825554146, "max_depth": 5.201420427965395, "min_child_weight": 6.297287787182533, "subsample": 0.5092718113230786}, "datetime": {"datetime": "2020-04-25 01:27:21", "elapsed": 2977.554028, "delta": 17.404975}}
{"target": 0.6320738, "params": {"alpha": 0.9925330820188103, "colsample_bytree": 0.870680855332131, "lam": 0.39320490775421024, "max_depth": 5.0019149388593585, "min_child_weight": 5.372115360416597, "subsample": 0.6059935960399137}, "datetime": {"datetime": "2020-04-25 01:27:35", "elapsed": 2991.312721, "delta": 13.758693}}
{"target": 0.6313812, "params": {"alpha": 0.9182656924985201, "colsample_bytree": 0.8261934680509508, "lam": 0.9636457756577159, "max_depth": 9.351745054766837, "min_child_weight": 9.22617997980849, "subsample": 0.8842257449218061}, "datetime": {"datetime": "2020-04-25 01:27:51", "elapsed": 3006.92037, "delta": 15.607649}}
{"target": 0.623382, "params": {"alpha": 0.9970620517125582, "colsample_bytree": 0.8958342562237814, "lam": 0.0006158578178260266, "max_depth": 4.963717948660074, "min_child_weight": 6.200003633944582, "subsample": 0.5421907363460833}, "datetime": {"datetime": "2020-04-25 01:28:06", "elapsed": 3022.651123, "delta": 15.730753}}
{"target": 0.6387776, "params": {"alpha": 0.9165714594220934, "colsample_bytree": 0.7053173310305316, "lam": 0.4910620698584601, "max_depth": 5.493257937623821, "min_child_weight": 6.283198674453989, "subsample": 0.8907954594657892}, "datetime": {"datetime": "2020-04-25 01:28:21", "elapsed": 3037.335106, "delta": 14.683983}}
{"target": 0.6237822, "params": {"alpha": 0.598175206868191, "colsample_bytree": 0.8652622094525262, "lam": 0.015353514988527994, "max_depth": 9.989747890230426, "min_child_weight": 9.312029474625096, "subsample": 0.5256920185062763}, "datetime": {"datetime": "2020-04-25 01:28:41", "elapsed": 3057.167066, "delta": 19.83196}}
{"target": 0.6467392000000001, "params": {"alpha": 0.9220431250259042, "colsample_bytree": 0.8932798520177181, "lam": 0.40919808514413836, "max_depth": 8.034152287347252, "min_child_weight": 6.953380978460442, "subsample": 0.897497405235439}, "datetime": {"datetime": "2020-04-25 01:28:55", "elapsed": 3071.206881, "delta": 14.039815}}
{"target": 0.6079374000000001, "params": {"alpha": 0.8102499248841685, "colsample_bytree": 0.8840053169388156, "lam": 0.07013657414544738, "max_depth": 5.751323509040642, "min_child_weight": 4.889099476770087, "subsample": 0.5519714391003007}, "datetime": {"datetime": "2020-04-25 01:29:08", "elapsed": 3084.537986, "delta": 13.331105}}
{"target": 0.6346138, "params": {"alpha": 0.9388226997010024, "colsample_bytree": 0.83614046970319, "lam": 0.7589699155305186, "max_depth": 5.34499736044781, "min_child_weight": 5.441550477817199, "subsample": 0.8726540143324395}, "datetime": {"datetime": "2020-04-25 01:29:23", "elapsed": 3099.865104, "delta": 15.327118}}
{"target": 0.6185575999999999, "params": {"alpha": 0.9847608868587316, "colsample_bytree": 0.8953544437098706, "lam": 0.9679307883896621, "max_depth": 5.415523561005557, "min_child_weight": 3.1691393717239227, "subsample": 0.5877586924678538}, "datetime": {"datetime": "2020-04-25 01:29:40", "elapsed": 3116.142811, "delta": 16.277707}}
{"target": 0.615323, "params": {"alpha": 0.27131626473121784, "colsample_bytree": 0.8659353464325084, "lam": 0.9914363396287543, "max_depth": 4.272542416089454, "min_child_weight": 4.887622850955875, "subsample": 0.5093491039379763}, "datetime": {"datetime": "2020-04-25 01:29:56", "elapsed": 3132.314691, "delta": 16.17188}}
{"target": 0.6309984, "params": {"alpha": 0.9039734785655534, "colsample_bytree": 0.8939816168189693, "lam": 0.9845586668975639, "max_depth": 9.983135439474934, "min_child_weight": 6.342023819355506, "subsample": 0.8223458143645035}, "datetime": {"datetime": "2020-04-25 01:30:11", "elapsed": 3147.043944, "delta": 14.729253}}
{"target": 0.6268018, "params": {"alpha": 0.01848836928600528, "colsample_bytree": 0.8905246634842752, "lam": 0.9929197860325717, "max_depth": 7.335143354819068, "min_child_weight": 5.68471551679582, "subsample": 0.6990621307101311}, "datetime": {"datetime": "2020-04-25 01:30:26", "elapsed": 3162.377058, "delta": 15.333114}}
{"target": 0.6281362, "params": {"alpha": 0.9932512941630545, "colsample_bytree": 0.85511723693771, "lam": 0.07659685430544938, "max_depth": 9.984118221243596, "min_child_weight": 5.83566603236123, "subsample": 0.8258040200773398}, "datetime": {"datetime": "2020-04-25 01:30:44", "elapsed": 3180.167335, "delta": 17.790277}}
{"target": 0.6325945999999998, "params": {"alpha": 0.01384147104326594, "colsample_bytree": 0.6260592001041334, "lam": 0.04337359336407509, "max_depth": 7.6497606785874055, "min_child_weight": 8.585372955165244, "subsample": 0.812873257248228}, "datetime": {"datetime": "2020-04-25 01:31:01", "elapsed": 3197.757076, "delta": 17.589741}}
{"target": 0.618556, "params": {"alpha": 0.9999999821287046, "colsample_bytree": 0.667746008244546, "lam": 1.0, "max_depth": 3.7868031015613974, "min_child_weight": 2.5254803309538336, "subsample": 0.8862819272660509}, "datetime": {"datetime": "2020-04-25 01:31:14", "elapsed": 3210.77097, "delta": 13.013894}}
{"target": 0.6288748, "params": {"alpha": 0.47932924225014717, "colsample_bytree": 0.8929741961646784, "lam": 0.008971591059282913, "max_depth": 9.200744428529699, "min_child_weight": 7.247964047918789, "subsample": 0.8887775162401444}, "datetime": {"datetime": "2020-04-25 01:31:30", "elapsed": 3226.414177, "delta": 15.643207}}
{"target": 0.6300816, "params": {"alpha": 0.24776660634404546, "colsample_bytree": 0.8770245113826185, "lam": 0.9599157619033815, "max_depth": 9.29386038734447, "min_child_weight": 8.198282958460592, "subsample": 0.646710627303258}, "datetime": {"datetime": "2020-04-25 01:31:49", "elapsed": 3245.008515, "delta": 18.594338}}
{"target": 0.6296252, "params": {"alpha": 0.9860425619298899, "colsample_bytree": 0.8634609154043242, "lam": 0.714090132541346, "max_depth": 5.366852028586509, "min_child_weight": 1.687138452803904, "subsample": 0.7676866119391034}, "datetime": {"datetime": "2020-04-25 01:32:11", "elapsed": 3266.943357, "delta": 21.934842}}
{"target": 0.6041622, "params": {"alpha": 0.0, "colsample_bytree": 0.9, "lam": 1.1718317646047194e-11, "max_depth": 4.862081723488682, "min_child_weight": 1.0000000000105804, "subsample": 0.5000000000100139}, "datetime": {"datetime": "2020-04-25 01:32:28", "elapsed": 3284.204602, "delta": 17.261245}}
{"target": 0.623647, "params": {"alpha": 0.019097324812489602, "colsample_bytree": 0.8471647585021278, "lam": 0.9795297859580292, "max_depth": 6.569396303849087, "min_child_weight": 2.4023589249390724, "subsample": 0.855253196116901}, "datetime": {"datetime": "2020-04-25 01:32:44", "elapsed": 3300.661157, "delta": 16.456555}}
{"target": 0.5991486, "params": {"alpha": 0.08110283855098865, "colsample_bytree": 0.5552188944777708, "lam": 0.5290461425577574, "max_depth": 9.238283814050025, "min_child_weight": 7.3681908358220705, "subsample": 0.5241632830843921}, "datetime": {"datetime": "2020-04-25 01:33:02", "elapsed": 3318.230462, "delta": 17.569305}}
{"target": 0.6240066000000001, "params": {"alpha": 0.9109103403663521, "colsample_bytree": 0.8631554659452665, "lam": 0.03456153085245295, "max_depth": 8.506703748817431, "min_child_weight": 5.336267775350529, "subsample": 0.8901073214860329}, "datetime": {"datetime": "2020-04-25 01:33:20", "elapsed": 3336.848615, "delta": 18.618153}}
{"target": 0.6347424000000002, "params": {"alpha": 0.007536471256812338, "colsample_bytree": 0.8741079526944309, "lam": 0.5035637926494433, "max_depth": 8.785487830693018, "min_child_weight": 5.920825826309362, "subsample": 0.8832293591883167}, "datetime": {"datetime": "2020-04-25 01:33:39", "elapsed": 3355.214845, "delta": 18.36623}}
{"target": 0.6335066, "params": {"alpha": 0.41691868383985164, "colsample_bytree": 0.7759283379636945, "lam": 0.9829840937493582, "max_depth": 8.979526164083811, "min_child_weight": 8.021354786903016, "subsample": 0.8798179595264822}, "datetime": {"datetime": "2020-04-25 01:33:59", "elapsed": 3375.45912, "delta": 20.244275}}
{"target": 0.6188963999999999, "params": {"alpha": 0.09562182882055403, "colsample_bytree": 0.8980778387907496, "lam": 0.0698064340143556, "max_depth": 5.418208447996049, "min_child_weight": 3.6525045677625063, "subsample": 0.7115891881859217}, "datetime": {"datetime": "2020-04-25 01:34:15", "elapsed": 3391.454669, "delta": 15.995549}}
{"target": 0.6347954, "params": {"alpha": 0.021802911598608143, "colsample_bytree": 0.8486919382300259, "lam": 0.9313085575539941, "max_depth": 8.916302764805211, "min_child_weight": 6.904198068639095, "subsample": 0.8499963544434949}, "datetime": {"datetime": "2020-04-25 01:34:30", "elapsed": 3406.787631, "delta": 15.332962}}
{"target": 0.6312436, "params": {"alpha": 0.0012858652404528215, "colsample_bytree": 0.7237414801614807, "lam": 0.024138548158817552, "max_depth": 8.294185100004594, "min_child_weight": 5.673722030978919, "subsample": 0.8766637963620569}, "datetime": {"datetime": "2020-04-25 01:34:51", "elapsed": 3427.382218, "delta": 20.594587}}
{"target": 0.6353096, "params": {"alpha": 0.07760773789123909, "colsample_bytree": 0.8818899736943588, "lam": 0.9759070497474396, "max_depth": 4.842602455894067, "min_child_weight": 9.123903883568817, "subsample": 0.7332036317638517}, "datetime": {"datetime": "2020-04-25 01:35:08", "elapsed": 3444.352836, "delta": 16.970618}}
{"target": 0.6182238, "params": {"alpha": 0.028022451470035126, "colsample_bytree": 0.8853224022666317, "lam": 0.930091436998311, "max_depth": 4.540060548014252, "min_child_weight": 2.9752840893172507, "subsample": 0.5682599991380275}, "datetime": {"datetime": "2020-04-25 01:35:27", "elapsed": 3463.243358, "delta": 18.890522}}
{"target": 0.6322976, "params": {"alpha": 0.0354369834338103, "colsample_bytree": 0.6274957541472799, "lam": 0.9884127177282457, "max_depth": 5.910883461153107, "min_child_weight": 5.804484322783561, "subsample": 0.889162484238379}, "datetime": {"datetime": "2020-04-25 01:35:40", "elapsed": 3476.004303, "delta": 12.760945}}
{"target": 0.5525513999999999, "params": {"alpha": 4.5241222871393475e-08, "colsample_bytree": 0.5000000122205122, "lam": 1.0, "max_depth": 3.0, "min_child_weight": 2.875377353939687, "subsample": 0.5000000137255332}, "datetime": {"datetime": "2020-04-25 01:35:55", "elapsed": 3491.409948, "delta": 15.405645}}
{"target": 0.6169174, "params": {"alpha": 0.02728880619595464, "colsample_bytree": 0.8794350140751899, "lam": 0.08026739063256882, "max_depth": 8.305855345003618, "min_child_weight": 3.420358440762319, "subsample": 0.8743630251078924}, "datetime": {"datetime": "2020-04-25 01:36:12", "elapsed": 3507.969963, "delta": 16.560015}}
{"target": 0.6374143999999999, "params": {"alpha": 0.8878810858724115, "colsample_bytree": 0.894769782052205, "lam": 0.01340131893994223, "max_depth": 9.673551953575643, "min_child_weight": 9.187675451716647, "subsample": 0.8990737942116547}, "datetime": {"datetime": "2020-04-25 01:36:31", "elapsed": 3527.812437, "delta": 19.842474}}
{"target": 0.6245532, "params": {"alpha": 0.7503149793560874, "colsample_bytree": 0.8837722167458248, "lam": 0.6794028986657666, "max_depth": 9.935057499736754, "min_child_weight": 6.072663027310285, "subsample": 0.8960516737894895}, "datetime": {"datetime": "2020-04-25 01:36:53", "elapsed": 3549.372535, "delta": 21.560098}}
{"target": 0.6343874, "params": {"alpha": 0.008512832785603441, "colsample_bytree": 0.8484013082706074, "lam": 0.929633900170426, "max_depth": 6.410322173251366, "min_child_weight": 9.061458149926349, "subsample": 0.8525405309622303}, "datetime": {"datetime": "2020-04-25 01:37:07", "elapsed": 3563.530831, "delta": 14.158296}}
{"target": 0.6208378, "params": {"alpha": 0.9932067186181909, "colsample_bytree": 0.6353436020903355, "lam": 0.05828792837563779, "max_depth": 4.194205558629093, "min_child_weight": 1.0113322597511796, "subsample": 0.8833719244091277}, "datetime": {"datetime": "2020-04-25 01:37:22", "elapsed": 3578.34408, "delta": 14.813249}}
{"target": 0.6228619999999999, "params": {"alpha": 0.04722831264106564, "colsample_bytree": 0.855237408961562, "lam": 0.055345035030535006, "max_depth": 3.6302046632820346, "min_child_weight": 7.053206092831705, "subsample": 0.6204518652736747}, "datetime": {"datetime": "2020-04-25 01:37:38", "elapsed": 3594.015898, "delta": 15.671818}}
{"target": 0.6342114, "params": {"alpha": 0.030397448219278145, "colsample_bytree": 0.8816869688929216, "lam": 0.3519203347946396, "max_depth": 7.3546487005917545, "min_child_weight": 4.575157781040989, "subsample": 0.5131261228397279}, "datetime": {"datetime": "2020-04-25 01:37:58", "elapsed": 3614.313631, "delta": 20.297733}}
{"target": 0.6228584, "params": {"alpha": 0.1915401744434132, "colsample_bytree": 0.879409391595938, "lam": 0.5493815550199036, "max_depth": 7.270026925217227, "min_child_weight": 4.906311081263343, "subsample": 0.6307593277522257}, "datetime": {"datetime": "2020-04-25 01:38:19", "elapsed": 3635.322382, "delta": 21.008751}}
{"target": 0.6032485999999999, "params": {"alpha": 0.002203415954083243, "colsample_bytree": 0.561685196782671, "lam": 0.8107304964983046, "max_depth": 8.25880819209777, "min_child_weight": 5.5686248620512036, "subsample": 0.8850606367519278}, "datetime": {"datetime": "2020-04-25 01:38:36", "elapsed": 3651.991031, "delta": 16.668649}}
