{"target": 0.6408004, "params": {"alpha": 0.9954411313703012, "colsample_bytree": 0.8675730826565975, "lam": 0.9874444997142523, "max_depth": 5.154685958570996, "min_child_weight": 6.606275241534674, "subsample": 0.896885061482642}, "datetime": {"datetime": "2020-04-25 18:20:06", "elapsed": 3660.331565, "delta": 15.666151}}
{"target": 0.633118, "params": {"alpha": 0.5812156479715863, "colsample_bytree": 0.8950892599642806, "lam": 0.026570220407876266, "max_depth": 8.893974940862867, "min_child_weight": 5.784486908848429, "subsample": 0.896830107744655}, "datetime": {"datetime": "2020-04-25 18:20:25", "elapsed": 3678.956176, "delta": 18.624611}}
{"target": 0.637655, "params": {"alpha": 0.8923972664433, "colsample_bytree": 0.890964147531929, "lam": 0.17478596584410078, "max_depth": 4.651657064495802, "min_child_weight": 8.98519068621278, "subsample": 0.8964361148657334}, "datetime": {"datetime": "2020-04-25 18:20:45", "elapsed": 3699.300995, "delta": 20.344819}}
{"target": 0.6183620000000001, "params": {"alpha": 0.4473127007471873, "colsample_bytree": 0.8804162966282884, "lam": 0.007698100114412076, "max_depth": 4.691744301047031, "min_child_weight": 7.152321400430926, "subsample": 0.5117319311878943}, "datetime": {"datetime": "2020-04-25 18:21:03", "elapsed": 3716.580077, "delta": 17.279082}}
{"target": 0.6280798000000001, "params": {"alpha": 0.9177519311045141, "colsample_bytree": 0.8919267195387748, "lam": 0.5482133419270522, "max_depth": 4.339010494143318, "min_child_weight": 1.3039297643237422, "subsample": 0.8694835304141637}, "datetime": {"datetime": "2020-04-25 18:21:21", "elapsed": 3734.694572, "delta": 18.114495}}
{"target": 0.6354306000000001, "params": {"alpha": 0.9999999999999999, "colsample_bytree": 0.9, "lam": 0.0, "max_depth": 9.999999935535817, "min_child_weight": 6.899731343363572, "subsample": 0.9}, "datetime": {"datetime": "2020-04-25 18:21:40", "elapsed": 3753.692179, "delta": 18.997607}}
{"target": 0.593432, "params": {"alpha": 0.0, "colsample_bytree": 0.8999999992063648, "lam": 1.0, "max_depth": 3.0, "min_child_weight": 4.263572405000962, "subsample": 0.5}, "datetime": {"datetime": "2020-04-25 18:21:54", "elapsed": 3768.021295, "delta": 14.329116}}
{"target": 0.6286676000000001, "params": {"alpha": 0.03214724187294016, "colsample_bytree": 0.8940026014686384, "lam": 0.9671135547596151, "max_depth": 3.8798840074021532, "min_child_weight": 5.599424944405926, "subsample": 0.7446851814768791}, "datetime": {"datetime": "2020-04-25 18:22:14", "elapsed": 3787.915947, "delta": 19.894652}}
{"target": 0.6274455999999999, "params": {"alpha": 0.04603335882604476, "colsample_bytree": 0.8223900594122918, "lam": 0.03553793016216866, "max_depth": 8.062655288079362, "min_child_weight": 9.985407216789014, "subsample": 0.529136742616145}, "datetime": {"datetime": "2020-04-25 18:22:31", "elapsed": 3805.476894, "delta": 17.560947}}
{"target": 0.6306841999999999, "params": {"alpha": 0.14274836557162007, "colsample_bytree": 0.6657832266772358, "lam": 0.012612683531795454, "max_depth": 9.232625653285819, "min_child_weight": 9.973048161850665, "subsample": 0.552102420994273}, "datetime": {"datetime": "2020-04-25 18:22:49", "elapsed": 3823.385341, "delta": 17.908447}}
{"target": 0.6322012000000001, "params": {"alpha": 0.9890342202625546, "colsample_bytree": 0.8992806644670772, "lam": 0.5857813974102862, "max_depth": 8.211008669357188, "min_child_weight": 7.7063479534071435, "subsample": 0.7349878069132885}, "datetime": {"datetime": "2020-04-25 18:23:06", "elapsed": 3840.285328, "delta": 16.899987}}
{"target": 0.6333962, "params": {"alpha": 0.9801377139675878, "colsample_bytree": 0.8986661319671246, "lam": 0.4832611875427366, "max_depth": 9.445226974795936, "min_child_weight": 9.789219243125938, "subsample": 0.6726609294791015}, "datetime": {"datetime": "2020-04-25 18:23:23", "elapsed": 3856.544998, "delta": 16.25967}}
{"target": 0.6361262000000001, "params": {"alpha": 0.7287634865467957, "colsample_bytree": 0.8932151181654, "lam": 0.018917366580193717, "max_depth": 9.694216351463712, "min_child_weight": 7.414005766504981, "subsample": 0.8870483260565603}, "datetime": {"datetime": "2020-04-25 18:23:43", "elapsed": 3877.257334, "delta": 20.712336}}
{"target": 0.6268002, "params": {"alpha": 0.03202393312595586, "colsample_bytree": 0.8492613699136448, "lam": 0.5215141200189919, "max_depth": 4.560875665733258, "min_child_weight": 6.825289335504176, "subsample": 0.8895207212761465}, "datetime": {"datetime": "2020-04-25 18:23:56", "elapsed": 3890.509176, "delta": 13.251842}}
{"target": 0.6053376, "params": {"alpha": 0.984881290724208, "colsample_bytree": 0.886987711311622, "lam": 0.926861064795693, "max_depth": 3.1987786491157757, "min_child_weight": 7.432637388305039, "subsample": 0.8915352493619522}, "datetime": {"datetime": "2020-04-25 18:24:13", "elapsed": 3907.10509, "delta": 16.595914}}
{"target": 0.6299926000000001, "params": {"alpha": 0.9758289142110954, "colsample_bytree": 0.8224166649331702, "lam": 0.02205852298712141, "max_depth": 5.525356381686413, "min_child_weight": 4.627164944960246, "subsample": 0.8876617862695508}, "datetime": {"datetime": "2020-04-25 18:24:29", "elapsed": 3923.053888, "delta": 15.948798}}
{"target": 0.634649, "params": {"alpha": 0.9366419799941704, "colsample_bytree": 0.6438033497631749, "lam": 0.055329172918782255, "max_depth": 3.7424088089710263, "min_child_weight": 7.441800064218255, "subsample": 0.846582967342644}, "datetime": {"datetime": "2020-04-25 18:24:47", "elapsed": 3941.024927, "delta": 17.971039}}
{"target": 0.5967064, "params": {"alpha": 0.9076780548688522, "colsample_bytree": 0.5224188961153361, "lam": 0.007905504182160183, "max_depth": 3.8326580851668646, "min_child_weight": 6.079183660784297, "subsample": 0.8179325544040779}, "datetime": {"datetime": "2020-04-25 18:25:01", "elapsed": 3954.958055, "delta": 13.933128}}
{"target": 0.624813, "params": {"alpha": 0.9598427261199183, "colsample_bytree": 0.8720789993755483, "lam": 0.04087089918459197, "max_depth": 3.5570453256800985, "min_child_weight": 7.190910149329597, "subsample": 0.7204912035020685}, "datetime": {"datetime": "2020-04-25 18:25:21", "elapsed": 3975.502522, "delta": 20.544467}}
{"target": 0.5858518, "params": {"alpha": 0.6474751493039552, "colsample_bytree": 0.5000634858984783, "lam": 0.1486619220901162, "max_depth": 4.147190453471451, "min_child_weight": 8.297480707381734, "subsample": 0.8134270162624209}, "datetime": {"datetime": "2020-04-25 18:25:37", "elapsed": 3991.109489, "delta": 15.606967}}
{"target": 0.6263667999999999, "params": {"alpha": 0.979097838718553, "colsample_bytree": 0.823812030495866, "lam": 0.45330289947162794, "max_depth": 4.008937410836667, "min_child_weight": 7.797940300602404, "subsample": 0.8798291678330599}, "datetime": {"datetime": "2020-04-25 18:25:57", "elapsed": 4010.788562, "delta": 19.679073}}
{"target": 0.6436934, "params": {"alpha": 0.6135598009482567, "colsample_bytree": 0.8096313182670323, "lam": 0.5672782236016819, "max_depth": 7.597490283064871, "min_child_weight": 9.17001678639749, "subsample": 0.8113905024655035}, "datetime": {"datetime": "2020-04-25 18:26:13", "elapsed": 4026.683597, "delta": 15.895035}}
{"target": 0.6341452000000001, "params": {"alpha": 0.5365470396139556, "colsample_bytree": 0.8884217411894928, "lam": 0.9980270458099747, "max_depth": 7.35301972547648, "min_child_weight": 9.292085232558158, "subsample": 0.8713954282494512}, "datetime": {"datetime": "2020-04-25 18:26:35", "elapsed": 4048.878893, "delta": 22.195296}}
{"target": 0.6135244, "params": {"alpha": 1.0, "colsample_bytree": 0.8999999984592241, "lam": 0.0, "max_depth": 8.560961985990737, "min_child_weight": 3.436259125433636, "subsample": 0.9}, "datetime": {"datetime": "2020-04-25 18:26:55", "elapsed": 4068.816683, "delta": 19.93779}}
{"target": 0.6245011999999999, "params": {"alpha": 0.1862636988312102, "colsample_bytree": 0.8926852727284414, "lam": 0.08240444721745122, "max_depth": 5.133748361162063, "min_child_weight": 8.415556689295324, "subsample": 0.6734613623528888}, "datetime": {"datetime": "2020-04-25 18:27:19", "elapsed": 4092.788148, "delta": 23.971465}}
{"target": 0.631795, "params": {"alpha": 0.9169593261330344, "colsample_bytree": 0.8991569887152313, "lam": 0.39318374174582005, "max_depth": 8.056170029381871, "min_child_weight": 9.176357385431169, "subsample": 0.8500606099982255}, "datetime": {"datetime": "2020-04-25 18:27:33", "elapsed": 4107.330862, "delta": 14.542714}}
{"target": 0.6046052000000001, "params": {"alpha": 0.6436944288573159, "colsample_bytree": 0.5117905494831109, "lam": 0.4392283238159759, "max_depth": 7.415341061926812, "min_child_weight": 2.011673657802405, "subsample": 0.8939367135266179}, "datetime": {"datetime": "2020-04-25 18:27:48", "elapsed": 4122.499071, "delta": 15.168209}}
{"target": 0.6222006, "params": {"alpha": 2.586865126717903e-07, "colsample_bytree": 0.8999999986326389, "lam": 0.9999999953761175, "max_depth": 10.0, "min_child_weight": 4.538483065591968, "subsample": 0.899999999983274}, "datetime": {"datetime": "2020-04-25 18:28:08", "elapsed": 4141.535559, "delta": 19.036488}}
{"target": 0.6230796, "params": {"alpha": 0.9556468416862168, "colsample_bytree": 0.8638859748045402, "lam": 0.013935798535527844, "max_depth": 7.18063035802615, "min_child_weight": 9.06781354559539, "subsample": 0.5295714088327944}, "datetime": {"datetime": "2020-04-25 18:28:22", "elapsed": 4155.755117, "delta": 14.219558}}
{"target": 0.6241926000000001, "params": {"alpha": 0.013168793570893955, "colsample_bytree": 0.6134998468103694, "lam": 0.19187632688796585, "max_depth": 6.16576431709901, "min_child_weight": 9.908779504490418, "subsample": 0.8967805525188088}, "datetime": {"datetime": "2020-04-25 18:28:41", "elapsed": 4174.637682, "delta": 18.882565}}
{"target": 0.5995364000000001, "params": {"alpha": 0.9999999995938077, "colsample_bytree": 0.7988865486110727, "lam": 0.999999997649905, "max_depth": 3.085363231422186, "min_child_weight": 1.0, "subsample": 0.9}, "datetime": {"datetime": "2020-04-25 18:28:59", "elapsed": 4193.502041, "delta": 18.864359}}
{"target": 0.6401606, "params": {"alpha": 0.019246538453646878, "colsample_bytree": 0.7453467132962812, "lam": 0.09922037377635617, "max_depth": 6.613508163986858, "min_child_weight": 8.578556680650273, "subsample": 0.8843969036091635}, "datetime": {"datetime": "2020-04-25 18:29:18", "elapsed": 4212.052451, "delta": 18.55041}}
{"target": 0.6343896000000001, "params": {"alpha": 0.037992343216376345, "colsample_bytree": 0.8441246113033105, "lam": 0.011838955357611924, "max_depth": 9.179925829324635, "min_child_weight": 9.99657523074403, "subsample": 0.8082194976546219}, "datetime": {"datetime": "2020-04-25 18:29:37", "elapsed": 4231.018813, "delta": 18.966362}}
{"target": 0.6021744000000001, "params": {"alpha": 0.1264617549320306, "colsample_bytree": 0.559363635985682, "lam": 0.04679721534595871, "max_depth": 8.937116611676677, "min_child_weight": 8.845160865615188, "subsample": 0.5689502595897468}, "datetime": {"datetime": "2020-04-25 18:30:03", "elapsed": 4256.912172, "delta": 25.893359}}
{"target": 0.6149656, "params": {"alpha": 0.1607533934235743, "colsample_bytree": 0.5889747571565143, "lam": 0.1391229703781267, "max_depth": 8.760879896114297, "min_child_weight": 9.961646730118916, "subsample": 0.6056980111296342}, "datetime": {"datetime": "2020-04-25 18:30:23", "elapsed": 4277.382106, "delta": 20.469934}}
{"target": 0.6181502, "params": {"alpha": 0.4515670925354329, "colsample_bytree": 0.5292142896871255, "lam": 0.024172538529003473, "max_depth": 6.504733920098755, "min_child_weight": 8.179856012084928, "subsample": 0.8871784862636065}, "datetime": {"datetime": "2020-04-25 18:30:45", "elapsed": 4299.251649, "delta": 21.869543}}
{"target": 0.6232835999999999, "params": {"alpha": 0.026237919521802877, "colsample_bytree": 0.8986402837686549, "lam": 0.28868182267148046, "max_depth": 3.5501724386411864, "min_child_weight": 6.909689230950702, "subsample": 0.8849295949807598}, "datetime": {"datetime": "2020-04-25 18:31:05", "elapsed": 4319.087375, "delta": 19.835726}}
{"target": 0.6291022, "params": {"alpha": 0.0781964700115112, "colsample_bytree": 0.8937900873171429, "lam": 0.00018141538015048475, "max_depth": 4.144998551178175, "min_child_weight": 6.089493282181732, "subsample": 0.723319460957215}, "datetime": {"datetime": "2020-04-25 18:31:23", "elapsed": 4336.796514, "delta": 17.709139}}
{"target": 0.6163204, "params": {"alpha": 0.9526418588187414, "colsample_bytree": 0.8838025387560249, "lam": 0.9897134004905113, "max_depth": 8.975874179493562, "min_child_weight": 1.9677779188783542, "subsample": 0.5016754293291705}, "datetime": {"datetime": "2020-04-25 18:31:41", "elapsed": 4355.286515, "delta": 18.490001}}
{"target": 0.628854, "params": {"alpha": 0.24496686993984007, "colsample_bytree": 0.884049228059189, "lam": 0.04413295732544886, "max_depth": 7.016651850256486, "min_child_weight": 6.099826088806792, "subsample": 0.8634227779131401}, "datetime": {"datetime": "2020-04-25 18:32:04", "elapsed": 4377.807447, "delta": 22.520932}}
{"target": 0.5950886, "params": {"alpha": 0.9704590688105783, "colsample_bytree": 0.552970332051067, "lam": 0.575114887773861, "max_depth": 5.5995748782053845, "min_child_weight": 1.0082864646410608, "subsample": 0.8939694655744045}, "datetime": {"datetime": "2020-04-25 18:32:24", "elapsed": 4398.213229, "delta": 20.405782}}
{"target": 0.6315106, "params": {"alpha": 0.09378434485333553, "colsample_bytree": 0.8912118674606335, "lam": 0.443014327454195, "max_depth": 6.2739316294152, "min_child_weight": 2.839904827633738, "subsample": 0.8808740016047534}, "datetime": {"datetime": "2020-04-25 18:32:45", "elapsed": 4419.233525, "delta": 21.020296}}
{"target": 0.6331376000000001, "params": {"alpha": 0.5576953717329199, "colsample_bytree": 0.8931932469062001, "lam": 0.6137177774679057, "max_depth": 5.853367528854564, "min_child_weight": 4.972537399133614, "subsample": 0.8573791123530703}, "datetime": {"datetime": "2020-04-25 18:33:07", "elapsed": 4441.505397, "delta": 22.271872}}
{"target": 0.6003267999999999, "params": {"alpha": 0.005128057055495461, "colsample_bytree": 0.5896174769974931, "lam": 0.9299247101481608, "max_depth": 7.823362222596639, "min_child_weight": 4.804370730918572, "subsample": 0.5238995906199537}, "datetime": {"datetime": "2020-04-25 18:33:29", "elapsed": 4463.250895, "delta": 21.745498}}
{"target": 0.6439465999999999, "params": {"alpha": 0.23292684564263655, "colsample_bytree": 0.8176227648931703, "lam": 0.07965704334898371, "max_depth": 7.54497600827213, "min_child_weight": 8.058978952772122, "subsample": 0.8678030626146357}, "datetime": {"datetime": "2020-04-25 18:33:53", "elapsed": 4486.917813, "delta": 23.666918}}
{"target": 0.6319156, "params": {"alpha": 0.7901776240209376, "colsample_bytree": 0.8451435001415006, "lam": 0.5031377752010424, "max_depth": 8.404554046886469, "min_child_weight": 9.985584178083757, "subsample": 0.8724392283757387}, "datetime": {"datetime": "2020-04-25 18:34:17", "elapsed": 4510.697693, "delta": 23.77988}}
{"target": 0.6292764, "params": {"alpha": 1.0, "colsample_bytree": 0.8999999638940661, "lam": 1.0, "max_depth": 4.199164185620024, "min_child_weight": 5.121257902090683, "subsample": 0.9}, "datetime": {"datetime": "2020-04-25 18:34:36", "elapsed": 4530.372595, "delta": 19.674902}}
{"target": 0.6376067999999999, "params": {"alpha": 0.31083868570006723, "colsample_bytree": 0.8942851031392856, "lam": 0.8176569037493902, "max_depth": 6.422554887800924, "min_child_weight": 3.872914691783478, "subsample": 0.8991153238121276}, "datetime": {"datetime": "2020-04-25 18:34:57", "elapsed": 4551.293505, "delta": 20.92091}}
{"target": 0.625677, "params": {"alpha": 0.03821263992550594, "colsample_bytree": 0.8880640413933922, "lam": 0.9772401836274967, "max_depth": 7.970004081123957, "min_child_weight": 8.425081651504382, "subsample": 0.5121975253459888}, "datetime": {"datetime": "2020-04-25 18:35:22", "elapsed": 4576.043675, "delta": 24.75017}}
{"target": 0.6252816000000001, "params": {"alpha": 0.0, "colsample_bytree": 0.8999999947788507, "lam": 4.291648397683836e-09, "max_depth": 9.999999990223294, "min_child_weight": 7.413077593318229, "subsample": 0.5}, "datetime": {"datetime": "2020-04-25 18:35:47", "elapsed": 4601.334294, "delta": 25.290619}}
{"target": 0.6255012, "params": {"alpha": 0.08485553738884455, "colsample_bytree": 0.894284151319366, "lam": 0.016838253969851613, "max_depth": 4.705108787913638, "min_child_weight": 2.308665197604707, "subsample": 0.8857430738515812}, "datetime": {"datetime": "2020-04-25 18:36:10", "elapsed": 4623.857521, "delta": 22.523227}}
{"target": 0.6395853999999999, "params": {"alpha": 0.5764090246619742, "colsample_bytree": 0.7261808326839244, "lam": 0.2880613592551714, "max_depth": 7.353432122668075, "min_child_weight": 8.771676434758962, "subsample": 0.8796499046104252}, "datetime": {"datetime": "2020-04-25 18:36:34", "elapsed": 4648.275508, "delta": 24.417987}}
{"target": 0.6286137999999999, "params": {"alpha": 0.8862482832306185, "colsample_bytree": 0.8982280246895961, "lam": 0.8688686543459713, "max_depth": 6.719440540644904, "min_child_weight": 3.6184272680508447, "subsample": 0.8959668711344803}, "datetime": {"datetime": "2020-04-25 18:36:57", "elapsed": 4671.094747, "delta": 22.819239}}
{"target": 0.6157764, "params": {"alpha": 0.10325269218344713, "colsample_bytree": 0.6012539573784059, "lam": 0.8993304735695414, "max_depth": 6.6530594639493925, "min_child_weight": 6.951453641334963, "subsample": 0.8931569004063056}, "datetime": {"datetime": "2020-04-25 18:37:20", "elapsed": 4693.876992, "delta": 22.782245}}
{"target": 0.6392583999999999, "params": {"alpha": 0.3580921440480528, "colsample_bytree": 0.8733102666977337, "lam": 0.39790365799773797, "max_depth": 5.589905794381876, "min_child_weight": 7.576221118096123, "subsample": 0.5792614701102768}, "datetime": {"datetime": "2020-04-25 18:37:40", "elapsed": 4714.461371, "delta": 20.584379}}
{"target": 0.6241380000000001, "params": {"alpha": 0.8932552214714562, "colsample_bytree": 0.8553716467068275, "lam": 0.03607894479463092, "max_depth": 8.393884205815183, "min_child_weight": 6.260537632582118, "subsample": 0.6020215020425571}, "datetime": {"datetime": "2020-04-25 18:38:00", "elapsed": 4734.507329, "delta": 20.045958}}
{"target": 0.6128432000000001, "params": {"alpha": 0.973667741852581, "colsample_bytree": 0.889502296133281, "lam": 0.9997975224605111, "max_depth": 3.627703011134196, "min_child_weight": 2.012694906665985, "subsample": 0.6922233172861104}, "datetime": {"datetime": "2020-04-25 18:38:25", "elapsed": 4758.731971, "delta": 24.224642}}
{"target": 0.6056132, "params": {"alpha": 0.9561358083095476, "colsample_bytree": 0.9, "lam": 0.0, "max_depth": 10.0, "min_child_weight": 2.5107045438427518, "subsample": 0.899999854801075}, "datetime": {"datetime": "2020-04-25 18:38:47", "elapsed": 4780.936366, "delta": 22.204395}}
{"target": 0.6287942, "params": {"alpha": 0.4157427346935516, "colsample_bytree": 0.8887334102208058, "lam": 0.06836503596875654, "max_depth": 6.028683384439843, "min_child_weight": 4.430028729618833, "subsample": 0.877147811981092}, "datetime": {"datetime": "2020-04-25 18:39:11", "elapsed": 4805.450527, "delta": 24.514161}}
{"target": 0.6196868, "params": {"alpha": 0.0046349653226064325, "colsample_bytree": 0.6290899331077685, "lam": 0.019593035446663798, "max_depth": 4.082315969245612, "min_child_weight": 6.931809181241476, "subsample": 0.8688834005135221}, "datetime": {"datetime": "2020-04-25 18:39:33", "elapsed": 4827.396645, "delta": 21.946118}}
{"target": 0.6347792, "params": {"alpha": 0.9921715889220093, "colsample_bytree": 0.8194205287249725, "lam": 0.8522202515906663, "max_depth": 7.71497503907754, "min_child_weight": 9.695512361373876, "subsample": 0.6245290568665618}, "datetime": {"datetime": "2020-04-25 18:39:56", "elapsed": 4850.108166, "delta": 22.711521}}
{"target": 0.631421, "params": {"alpha": 0.012751322965946388, "colsample_bytree": 0.8985903847718999, "lam": 0.015245818294448932, "max_depth": 6.478496796012209, "min_child_weight": 7.985576147624743, "subsample": 0.854736626932932}, "datetime": {"datetime": "2020-04-25 18:40:15", "elapsed": 4869.410663, "delta": 19.302497}}
{"target": 0.643616, "params": {"alpha": 0.8216780956849139, "colsample_bytree": 0.7902318384767928, "lam": 0.018296840925828284, "max_depth": 5.728274561663985, "min_child_weight": 9.253281570360333, "subsample": 0.8543534500244232}, "datetime": {"datetime": "2020-04-25 18:40:36", "elapsed": 4889.725109, "delta": 20.314446}}
{"target": 0.601552, "params": {"alpha": 0.7524766257491825, "colsample_bytree": 0.8977047247254141, "lam": 0.6251159681209421, "max_depth": 7.646838775117266, "min_child_weight": 1.0430136359961533, "subsample": 0.8411952648990046}, "datetime": {"datetime": "2020-04-25 18:41:01", "elapsed": 4915.126768, "delta": 25.401659}}
{"target": 0.6330962, "params": {"alpha": 0.010281399031086713, "colsample_bytree": 0.7046531333423235, "lam": 0.3081241695053868, "max_depth": 9.735224095477264, "min_child_weight": 9.659550828123592, "subsample": 0.884217492299439}, "datetime": {"datetime": "2020-04-25 18:41:24", "elapsed": 4938.046975, "delta": 22.920207}}
{"target": 0.6366016, "params": {"alpha": 0.6344272386483596, "colsample_bytree": 0.7866618959454785, "lam": 0.02494105533599611, "max_depth": 8.25357460878659, "min_child_weight": 8.14988180094155, "subsample": 0.8711456703162492}, "datetime": {"datetime": "2020-04-25 18:41:53", "elapsed": 4966.90549, "delta": 28.858515}}
{"target": 0.5936388, "params": {"alpha": 0.27276969178779986, "colsample_bytree": 0.8831553493162912, "lam": 0.1526716686981353, "max_depth": 8.08492447583961, "min_child_weight": 2.255927548701588, "subsample": 0.876389740752513}, "datetime": {"datetime": "2020-04-25 18:42:14", "elapsed": 4987.792137, "delta": 20.886647}}
