{"target": 0.6223882, "params": {"alpha": 0.8899899451351696, "colsample_bytree": 0.7662879083688278, "lam": 0.003123106959423194, "max_depth": 7.399759847512858, "min_child_weight": 7.531277564530173, "subsample": 0.5056030151045008}, "datetime": {"datetime": "2020-04-26 09:42:52", "elapsed": 493.245965, "delta": 9.359087}}
{"target": 0.6205027999999999, "params": {"alpha": 0.028526978063890596, "colsample_bytree": 0.8224745169375356, "lam": 0.9666852991810899, "max_depth": 5.6853150466449955, "min_child_weight": 2.940571100063414, "subsample": 0.5000862212222716}, "datetime": {"datetime": "2020-04-26 09:43:00", "elapsed": 501.058884, "delta": 7.812919}}
{"target": 0.6282548, "params": {"alpha": 0.48619642869829927, "colsample_bytree": 0.8101146644967296, "lam": 0.001277001859579019, "max_depth": 5.224368148991417, "min_child_weight": 9.45536904953917, "subsample": 0.8616209207607229}, "datetime": {"datetime": "2020-04-26 09:43:10", "elapsed": 511.42627, "delta": 10.367386}}
{"target": 0.6364016, "params": {"alpha": 0.027680459247023115, "colsample_bytree": 0.874389051453198, "lam": 0.5217862700987606, "max_depth": 7.069781073696061, "min_child_weight": 7.680128202386217, "subsample": 0.8933847825331691}, "datetime": {"datetime": "2020-04-26 09:43:20", "elapsed": 520.974341, "delta": 9.548071}}
{"target": 0.6342596, "params": {"alpha": 0.8599012263559858, "colsample_bytree": 0.7243745408454849, "lam": 0.2352300080345071, "max_depth": 5.702850228431406, "min_child_weight": 9.206285538731652, "subsample": 0.7839990215419028}, "datetime": {"datetime": "2020-04-26 09:43:26", "elapsed": 526.989676, "delta": 6.015335}}
{"target": 0.6297195999999999, "params": {"alpha": 0.9176680961524211, "colsample_bytree": 0.7457875789118023, "lam": 0.04458205756844602, "max_depth": 5.751241132718958, "min_child_weight": 9.657959218151682, "subsample": 0.6864294078945883}, "datetime": {"datetime": "2020-04-26 09:43:35", "elapsed": 535.664194, "delta": 8.674518}}
{"target": 0.6459374, "params": {"alpha": 0.3356594856929507, "colsample_bytree": 0.7899966130413636, "lam": 0.6261088065958441, "max_depth": 8.112865311491813, "min_child_weight": 9.425782444537033, "subsample": 0.8954282265417872}, "datetime": {"datetime": "2020-04-26 09:43:44", "elapsed": 544.99157, "delta": 9.327376}}
{"target": 0.6211612, "params": {"alpha": 0.633296956180117, "colsample_bytree": 0.7181841980334028, "lam": 0.39044406398247744, "max_depth": 5.169224036389291, "min_child_weight": 8.060073969318008, "subsample": 0.5504416035302857}, "datetime": {"datetime": "2020-04-26 09:43:52", "elapsed": 552.716485, "delta": 7.724915}}
{"target": 0.6217254000000001, "params": {"alpha": 0.01356249115422814, "colsample_bytree": 0.8709321864263159, "lam": 0.6015991925709276, "max_depth": 5.203623354272981, "min_child_weight": 9.957278347868147, "subsample": 0.5427812323104685}, "datetime": {"datetime": "2020-04-26 09:43:58", "elapsed": 559.416951, "delta": 6.700466}}
{"target": 0.6336874, "params": {"alpha": 0.27874472472478484, "colsample_bytree": 0.8933756761863805, "lam": 0.7296467322646757, "max_depth": 7.939585918078873, "min_child_weight": 9.734341133237104, "subsample": 0.797199473383865}, "datetime": {"datetime": "2020-04-26 09:44:08", "elapsed": 568.595406, "delta": 9.178455}}
{"target": 0.6166058, "params": {"alpha": 0.59215859727299, "colsample_bytree": 0.8408755641618364, "lam": 0.2510919965415487, "max_depth": 4.288522289056177, "min_child_weight": 9.96897319735564, "subsample": 0.8561473143796667}, "datetime": {"datetime": "2020-04-26 09:44:20", "elapsed": 580.994364, "delta": 12.398958}}
{"target": 0.6399086, "params": {"alpha": 0.2937976543557168, "colsample_bytree": 0.679139146170487, "lam": 0.8167184967303757, "max_depth": 8.144535994934728, "min_child_weight": 8.895178309936945, "subsample": 0.8732192472554544}, "datetime": {"datetime": "2020-04-26 09:44:30", "elapsed": 591.100542, "delta": 10.106178}}
{"target": 0.6401614, "params": {"alpha": 0.0379240535630766, "colsample_bytree": 0.8887913480000859, "lam": 0.8186416751825492, "max_depth": 6.993926170365767, "min_child_weight": 9.90830227146558, "subsample": 0.8633747229207389}, "datetime": {"datetime": "2020-04-26 09:44:38", "elapsed": 599.27003, "delta": 8.169488}}
{"target": 0.6229782, "params": {"alpha": 0.9999999886024215, "colsample_bytree": 0.8999999893091821, "lam": 0.9999999938593782, "max_depth": 6.068962191896918, "min_child_weight": 1.0, "subsample": 0.8999999980431865}, "datetime": {"datetime": "2020-04-26 09:44:49", "elapsed": 610.213196, "delta": 10.943166}}
{"target": 0.6014325999999999, "params": {"alpha": 0.27396751142628684, "colsample_bytree": 0.5636543385310457, "lam": 0.16557661791316014, "max_depth": 4.627840333358991, "min_child_weight": 9.687604675752885, "subsample": 0.5077128043232646}, "datetime": {"datetime": "2020-04-26 09:44:56", "elapsed": 616.536978, "delta": 6.323782}}
{"target": 0.6373036000000001, "params": {"alpha": 0.06446869674067679, "colsample_bytree": 0.7878163862011751, "lam": 0.015375054792028164, "max_depth": 9.995548165487191, "min_child_weight": 6.130804873105173, "subsample": 0.8784914921647742}, "datetime": {"datetime": "2020-04-26 09:45:06", "elapsed": 627.137465, "delta": 10.600487}}
{"target": 0.568905, "params": {"alpha": 0.8315292750947387, "colsample_bytree": 0.549507573107117, "lam": 0.9708551730071937, "max_depth": 3.467623373421923, "min_child_weight": 9.82448491063569, "subsample": 0.5678114877839043}, "datetime": {"datetime": "2020-04-26 09:45:15", "elapsed": 636.006694, "delta": 8.869229}}
{"target": 0.6300106000000001, "params": {"alpha": 0.9896337796424384, "colsample_bytree": 0.895433826688405, "lam": 0.008591819697370662, "max_depth": 3.873286543658918, "min_child_weight": 5.144864092902811, "subsample": 0.7965459722240578}, "datetime": {"datetime": "2020-04-26 09:45:23", "elapsed": 644.152006, "delta": 8.145312}}
{"target": 0.631855, "params": {"alpha": 0.005445428361622651, "colsample_bytree": 0.8387598744332694, "lam": 0.6090661675311024, "max_depth": 8.284025332977773, "min_child_weight": 9.063941533890926, "subsample": 0.8636075367607353}, "datetime": {"datetime": "2020-04-26 09:45:33", "elapsed": 653.673791, "delta": 9.521785}}
{"target": 0.6341902, "params": {"alpha": 0.8711729994685207, "colsample_bytree": 0.8843081452364822, "lam": 0.48183217638737463, "max_depth": 6.458037835134966, "min_child_weight": 5.358611130425261, "subsample": 0.898015425605972}, "datetime": {"datetime": "2020-04-26 09:45:39", "elapsed": 659.949689, "delta": 6.275898}}
{"target": 0.6300072, "params": {"alpha": 0.831195531321783, "colsample_bytree": 0.8921049783562551, "lam": 0.033858622574099106, "max_depth": 6.651928034078351, "min_child_weight": 4.460672201094052, "subsample": 0.8961980705815829}, "datetime": {"datetime": "2020-04-26 09:45:46", "elapsed": 667.475945, "delta": 7.526256}}
{"target": 0.627461, "params": {"alpha": 0.9946506209508378, "colsample_bytree": 0.8484189621120868, "lam": 0.5343100895496924, "max_depth": 3.7061555092134024, "min_child_weight": 6.578986847646014, "subsample": 0.8854108573832538}, "datetime": {"datetime": "2020-04-26 09:45:56", "elapsed": 677.373507, "delta": 9.897562}}
{"target": 0.6375187999999999, "params": {"alpha": 0.0609107845175981, "colsample_bytree": 0.8995201965762517, "lam": 0.9467776053295787, "max_depth": 6.8624326347846685, "min_child_weight": 6.775666576601013, "subsample": 0.8725816116860267}, "datetime": {"datetime": "2020-04-26 09:46:08", "elapsed": 689.158615, "delta": 11.785108}}
{"target": 0.638597, "params": {"alpha": 0.6527742753827497, "colsample_bytree": 0.8444155142684917, "lam": 0.0012929647228749896, "max_depth": 9.234254302314376, "min_child_weight": 8.059158881802052, "subsample": 0.8487741491170808}, "datetime": {"datetime": "2020-04-26 09:46:16", "elapsed": 696.759199, "delta": 7.600584}}
{"target": 0.6060255999999999, "params": {"alpha": 0.9742564956047742, "colsample_bytree": 0.606499926414723, "lam": 0.9012756648354079, "max_depth": 4.874120976896198, "min_child_weight": 3.3582076398982013, "subsample": 0.8909902871687048}, "datetime": {"datetime": "2020-04-26 09:46:24", "elapsed": 704.799609, "delta": 8.04041}}
{"target": 0.6391532000000001, "params": {"alpha": 0.4481812272758666, "colsample_bytree": 0.7680418043077607, "lam": 0.9130354229520041, "max_depth": 8.074950457177444, "min_child_weight": 9.311641605059123, "subsample": 0.8992085859658938}, "datetime": {"datetime": "2020-04-26 09:46:33", "elapsed": 713.571771, "delta": 8.772162}}
{"target": 0.6313796, "params": {"alpha": 0.01413741879429542, "colsample_bytree": 0.8698029506340896, "lam": 0.12823498034329817, "max_depth": 5.461897901669106, "min_child_weight": 4.428041828669736, "subsample": 0.896457926645883}, "datetime": {"datetime": "2020-04-26 09:46:40", "elapsed": 721.069736, "delta": 7.497965}}
{"target": 0.623004, "params": {"alpha": 0.997933356352718, "colsample_bytree": 0.8783334791852242, "lam": 0.4357897890256296, "max_depth": 7.420226250127231, "min_child_weight": 9.698320111138761, "subsample": 0.5044474941483486}, "datetime": {"datetime": "2020-04-26 09:46:53", "elapsed": 733.556702, "delta": 12.486966}}
{"target": 0.6229243999999999, "params": {"alpha": 0.9831950627869427, "colsample_bytree": 0.7785348497070756, "lam": 0.9460112030998943, "max_depth": 6.970142275421166, "min_child_weight": 4.452347714813901, "subsample": 0.5383147956058496}, "datetime": {"datetime": "2020-04-26 09:47:03", "elapsed": 743.58553, "delta": 10.028828}}
{"target": 0.637084, "params": {"alpha": 0.07226360460870751, "colsample_bytree": 0.8720193948356024, "lam": 0.9944017087135267, "max_depth": 5.553193120288951, "min_child_weight": 9.355287783584457, "subsample": 0.736572300467875}, "datetime": {"datetime": "2020-04-26 09:47:13", "elapsed": 753.647933, "delta": 10.062403}}
{"target": 0.5935002, "params": {"alpha": 0.08015710804284049, "colsample_bytree": 0.507098869979182, "lam": 0.8308485422472901, "max_depth": 6.755357424537691, "min_child_weight": 2.8120669320087677, "subsample": 0.8792436377671692}, "datetime": {"datetime": "2020-04-26 09:47:23", "elapsed": 764.07742, "delta": 10.429487}}
{"target": 0.6240028000000001, "params": {"alpha": 0.9839184338906799, "colsample_bytree": 0.8923483907422544, "lam": 0.18474493265880432, "max_depth": 6.556098654884283, "min_child_weight": 9.288716493754949, "subsample": 0.7642625324246037}, "datetime": {"datetime": "2020-04-26 09:47:34", "elapsed": 775.10175, "delta": 11.02433}}
{"target": 0.6317276, "params": {"alpha": 0.5260385477731137, "colsample_bytree": 0.8696869731383465, "lam": 0.6913623312282065, "max_depth": 7.699063677364212, "min_child_weight": 8.761754277073464, "subsample": 0.5132013610611607}, "datetime": {"datetime": "2020-04-26 09:47:48", "elapsed": 789.485706, "delta": 14.383956}}
{"target": 0.6342868, "params": {"alpha": 0.4603765710429043, "colsample_bytree": 0.6561506536440493, "lam": 0.06418853558030746, "max_depth": 7.904124295421191, "min_child_weight": 9.005847257378111, "subsample": 0.8979144626230722}, "datetime": {"datetime": "2020-04-26 09:47:57", "elapsed": 797.69007, "delta": 8.204364}}
{"target": 0.6447584, "params": {"alpha": 0.462743383321523, "colsample_bytree": 0.8341880459111212, "lam": 0.0641920408354637, "max_depth": 7.056722671634127, "min_child_weight": 9.981177782116124, "subsample": 0.8496929895361771}, "datetime": {"datetime": "2020-04-26 09:48:13", "elapsed": 813.835036, "delta": 16.144966}}
{"target": 0.6419538, "params": {"alpha": 0.028414277805748678, "colsample_bytree": 0.8697146497849808, "lam": 0.43869306595866364, "max_depth": 6.702088484869202, "min_child_weight": 9.986930660672401, "subsample": 0.8896265878800436}, "datetime": {"datetime": "2020-04-26 09:48:26", "elapsed": 826.657815, "delta": 12.822779}}
{"target": 0.6308996, "params": {"alpha": 0.9577008542003692, "colsample_bytree": 0.6279306864108615, "lam": 0.038918136004181925, "max_depth": 6.304385370159924, "min_child_weight": 4.9675479098603095, "subsample": 0.898032493952031}, "datetime": {"datetime": "2020-04-26 09:48:34", "elapsed": 835.3985, "delta": 8.740685}}
{"target": 0.6260222, "params": {"alpha": 0.9877854558260143, "colsample_bytree": 0.8942341140889211, "lam": 0.9152966299913529, "max_depth": 7.3974984207336405, "min_child_weight": 9.202606529045877, "subsample": 0.6680704563268833}, "datetime": {"datetime": "2020-04-26 09:48:43", "elapsed": 844.262439, "delta": 8.863939}}
{"target": 0.6299524, "params": {"alpha": 0.9926946696673882, "colsample_bytree": 0.8788137036827441, "lam": 0.09098744895513167, "max_depth": 7.925497570434617, "min_child_weight": 6.224824995928506, "subsample": 0.8872466725703908}, "datetime": {"datetime": "2020-04-26 09:48:53", "elapsed": 854.214849, "delta": 9.95241}}
{"target": 0.6301552, "params": {"alpha": 0.6284981323668279, "colsample_bytree": 0.8403410303043888, "lam": 0.9737435443262686, "max_depth": 7.841092012669173, "min_child_weight": 9.954819163743144, "subsample": 0.5033707643537602}, "datetime": {"datetime": "2020-04-26 09:49:02", "elapsed": 862.93739, "delta": 8.722541}}
{"target": 0.6212160000000001, "params": {"alpha": 0.40093767826708526, "colsample_bytree": 0.8605124761026586, "lam": 0.002114449963850129, "max_depth": 7.880403617136401, "min_child_weight": 5.979669614547522, "subsample": 0.6098344000849807}, "datetime": {"datetime": "2020-04-26 09:49:09", "elapsed": 870.267888, "delta": 7.330498}}
{"target": 0.6156678, "params": {"alpha": 0.9836540415472262, "colsample_bytree": 0.8808620040454775, "lam": 0.9719442283544656, "max_depth": 4.35690626057516, "min_child_weight": 8.129371694965823, "subsample": 0.8922275349615578}, "datetime": {"datetime": "2020-04-26 09:49:21", "elapsed": 881.903504, "delta": 11.635616}}
{"target": 0.618767, "params": {"alpha": 0.977500232738641, "colsample_bytree": 0.701361703041231, "lam": 0.9839217308072298, "max_depth": 5.999135221665888, "min_child_weight": 5.46788462399649, "subsample": 0.6044747569765325}, "datetime": {"datetime": "2020-04-26 09:49:31", "elapsed": 892.21397, "delta": 10.310466}}
{"target": 0.6353664, "params": {"alpha": 0.002593434161808128, "colsample_bytree": 0.8812449744017798, "lam": 0.09448309314603909, "max_depth": 4.82694784102304, "min_child_weight": 8.98100126736841, "subsample": 0.8898758324485228}, "datetime": {"datetime": "2020-04-26 09:49:48", "elapsed": 909.368743, "delta": 17.154773}}
{"target": 0.6156532, "params": {"alpha": 0.0, "colsample_bytree": 0.9, "lam": 0.9230888991771206, "max_depth": 8.30690230452226, "min_child_weight": 1.0, "subsample": 0.5}, "datetime": {"datetime": "2020-04-26 09:49:58", "elapsed": 918.746276, "delta": 9.377533}}
{"target": 0.6472422, "params": {"alpha": 0.5023496420622832, "colsample_bytree": 0.7718827712025449, "lam": 0.008196302898922925, "max_depth": 7.267491363612009, "min_child_weight": 9.991801364988243, "subsample": 0.8893630227673036}, "datetime": {"datetime": "2020-04-26 09:50:12", "elapsed": 932.504322, "delta": 13.758046}}
{"target": 0.6263413999999999, "params": {"alpha": 0.9893730637391653, "colsample_bytree": 0.6309093902139574, "lam": 0.9645430657404359, "max_depth": 4.953396156849689, "min_child_weight": 7.81493280946614, "subsample": 0.7335620003015909}, "datetime": {"datetime": "2020-04-26 09:50:18", "elapsed": 939.14543, "delta": 6.641108}}
{"target": 0.6214446, "params": {"alpha": 0.08991737991885884, "colsample_bytree": 0.5848999586902663, "lam": 0.9560112690474425, "max_depth": 4.653232139446491, "min_child_weight": 7.717209994947599, "subsample": 0.8312645793349684}, "datetime": {"datetime": "2020-04-26 09:50:27", "elapsed": 947.542404, "delta": 8.396974}}
{"target": 0.6174063999999999, "params": {"alpha": 0.6540863727206809, "colsample_bytree": 0.8559127922691718, "lam": 0.007513023108215888, "max_depth": 8.695354936354107, "min_child_weight": 7.893775864833323, "subsample": 0.5105720277468755}, "datetime": {"datetime": "2020-04-26 09:50:35", "elapsed": 956.406238, "delta": 8.863834}}
{"target": 0.6079405999999999, "params": {"alpha": 0.9846530645599795, "colsample_bytree": 0.6030648989730056, "lam": 0.998618961064504, "max_depth": 8.570466112841574, "min_child_weight": 8.032482638225764, "subsample": 0.8711685145096753}, "datetime": {"datetime": "2020-04-26 09:50:46", "elapsed": 967.170463, "delta": 10.764225}}
{"target": 0.632647, "params": {"alpha": 0.9999999541831414, "colsample_bytree": 0.899999999023738, "lam": 0.9999999429931989, "max_depth": 5.06832810304921, "min_child_weight": 2.860360565144425, "subsample": 0.8999999733941411}, "datetime": {"datetime": "2020-04-26 09:50:55", "elapsed": 975.78769, "delta": 8.617227}}
{"target": 0.6356846, "params": {"alpha": 0.8289014139983343, "colsample_bytree": 0.6665204798117125, "lam": 0.005754394109951155, "max_depth": 5.085671365137763, "min_child_weight": 2.368258916041362, "subsample": 0.894205554937689}, "datetime": {"datetime": "2020-04-26 09:51:04", "elapsed": 985.008147, "delta": 9.220457}}
{"target": 0.6055944, "params": {"alpha": 0.9999442332320828, "colsample_bytree": 0.587293278173, "lam": 0.037535228090361694, "max_depth": 5.870269281933842, "min_child_weight": 1.8599131007517222, "subsample": 0.8455658847613103}, "datetime": {"datetime": "2020-04-26 09:51:17", "elapsed": 997.925215, "delta": 12.917068}}
{"target": 0.6164038000000001, "params": {"alpha": 0.950125758416571, "colsample_bytree": 0.88675987901476, "lam": 0.027347937415752477, "max_depth": 4.496225141780332, "min_child_weight": 3.976378915962458, "subsample": 0.8933931682802339}, "datetime": {"datetime": "2020-04-26 09:51:24", "elapsed": 1005.202701, "delta": 7.277486}}
{"target": 0.6231861999999999, "params": {"alpha": 0.77280824436954, "colsample_bytree": 0.8311762428660494, "lam": 0.015382700768867386, "max_depth": 4.223906458819541, "min_child_weight": 2.9759290866971466, "subsample": 0.7661329172950493}, "datetime": {"datetime": "2020-04-26 09:51:32", "elapsed": 1013.124521, "delta": 7.92182}}
{"target": 0.6117630000000001, "params": {"alpha": 0.38382115930483696, "colsample_bytree": 0.8990715959821409, "lam": 0.07629122528219812, "max_depth": 3.5693673678371307, "min_child_weight": 4.481959720644779, "subsample": 0.5488073771865116}, "datetime": {"datetime": "2020-04-26 09:51:46", "elapsed": 1026.680844, "delta": 13.556323}}
{"target": 0.6271572, "params": {"alpha": 0.6261920907228079, "colsample_bytree": 0.8903317378452178, "lam": 0.23072860208446744, "max_depth": 4.971381619368686, "min_child_weight": 1.7750367146601713, "subsample": 0.8971858941036053}, "datetime": {"datetime": "2020-04-26 09:51:54", "elapsed": 1034.696207, "delta": 8.015363}}