{"target": 0.627784, "params": {"alpha": 0.45080012922163737, "colsample_bytree": 0.8920618023328263, "lam": 0.8736888573198524, "max_depth": 8.582275827522437, "min_child_weight": 5.979268255369821, "subsample": 0.8003339817560029}, "datetime": {"datetime": "2020-04-25 00:41:47", "elapsed": 243.384391, "delta": 3.004236}}
{"target": 0.6271279999999999, "params": {"alpha": 0.7822871352204617, "colsample_bytree": 0.888289704506477, "lam": 0.4209097402052262, "max_depth": 9.212908413585625, "min_child_weight": 7.709579331672588, "subsample": 0.8470578098196058}, "datetime": {"datetime": "2020-04-25 00:41:50", "elapsed": 245.956426, "delta": 2.572035}}
{"target": 0.606724, "params": {"alpha": 0.023332742309591703, "colsample_bytree": 0.6000311204562305, "lam": 0.05625994081500629, "max_depth": 7.751174735554027, "min_child_weight": 7.0707384538741, "subsample": 0.6639492802057444}, "datetime": {"datetime": "2020-04-25 00:41:52", "elapsed": 248.373785, "delta": 2.417359}}
{"target": 0.6423694, "params": {"alpha": 0.9664974285067753, "colsample_bytree": 0.8115661459664116, "lam": 0.9250826857473222, "max_depth": 8.136765771299146, "min_child_weight": 6.946571784647547, "subsample": 0.8543338275739764}, "datetime": {"datetime": "2020-04-25 00:41:54", "elapsed": 250.750797, "delta": 2.377012}}
{"target": 0.582561, "params": {"alpha": 0.8801832509085582, "colsample_bytree": 0.5047875935450892, "lam": 0.950807486389574, "max_depth": 6.777526346081102, "min_child_weight": 1.0439064216109317, "subsample": 0.8354767694408305}, "datetime": {"datetime": "2020-04-25 00:41:57", "elapsed": 253.217453, "delta": 2.466656}}
{"target": 0.6303720000000002, "params": {"alpha": 0.9892670230717804, "colsample_bytree": 0.8964739878266941, "lam": 0.9954575089463553, "max_depth": 4.580820464328614, "min_child_weight": 2.986251510887298, "subsample": 0.8925859279261437}, "datetime": {"datetime": "2020-04-25 00:41:59", "elapsed": 255.347344, "delta": 2.129891}}
{"target": 0.594749, "params": {"alpha": 0.978413326487131, "colsample_bytree": 0.8897007617452717, "lam": 0.021829041463037213, "max_depth": 3.013063933458744, "min_child_weight": 4.3773608887457245, "subsample": 0.8201354967121544}, "datetime": {"datetime": "2020-04-25 00:42:01", "elapsed": 257.638162, "delta": 2.290818}}
{"target": 0.6372996000000001, "params": {"alpha": 1.0, "colsample_bytree": 0.9, "lam": 0.937580051277587, "max_depth": 5.659528616370911, "min_child_weight": 8.82475670917021, "subsample": 0.8807396201886686}, "datetime": {"datetime": "2020-04-25 00:42:04", "elapsed": 260.449094, "delta": 2.810932}}
{"target": 0.6475308, "params": {"alpha": 0.10384816981674239, "colsample_bytree": 0.8467930412999354, "lam": 0.9206616944391867, "max_depth": 9.974677945950301, "min_child_weight": 8.11200270382437, "subsample": 0.866147287400721}, "datetime": {"datetime": "2020-04-25 00:42:07", "elapsed": 263.067638, "delta": 2.618544}}
{"target": 0.6321062, "params": {"alpha": 0.07182566291772208, "colsample_bytree": 0.8881336395703159, "lam": 0.9566142641783884, "max_depth": 9.201720901425919, "min_child_weight": 9.944033326528837, "subsample": 0.8303721294718441}, "datetime": {"datetime": "2020-04-25 00:42:09", "elapsed": 265.627085, "delta": 2.559447}}
{"target": 0.6245928, "params": {"alpha": 0.009803834127611322, "colsample_bytree": 0.8759380454653463, "lam": 0.09239233382380241, "max_depth": 9.981486714018473, "min_child_weight": 6.448926314106123, "subsample": 0.6114177043099951}, "datetime": {"datetime": "2020-04-25 00:42:12", "elapsed": 268.711972, "delta": 3.084887}}
{"target": 0.641528, "params": {"alpha": 0.5396954337088458, "colsample_bytree": 0.8951022572962146, "lam": 0.5048682240429625, "max_depth": 6.9847794342877885, "min_child_weight": 5.596048404958087, "subsample": 0.8359305349348106}, "datetime": {"datetime": "2020-04-25 00:42:15", "elapsed": 271.667076, "delta": 2.955104}}
{"target": 0.6256468, "params": {"alpha": 0.020816770505187487, "colsample_bytree": 0.8985849562148147, "lam": 0.22502396838894645, "max_depth": 5.095371081145076, "min_child_weight": 2.6711961333919296, "subsample": 0.884649529397991}, "datetime": {"datetime": "2020-04-25 00:42:18", "elapsed": 274.194829, "delta": 2.527753}}
{"target": 0.6365276, "params": {"alpha": 0.005181036074650813, "colsample_bytree": 0.855422369839447, "lam": 0.9119823214824259, "max_depth": 6.357526391398332, "min_child_weight": 6.299685037275576, "subsample": 0.8545815852413021}, "datetime": {"datetime": "2020-04-25 00:42:20", "elapsed": 276.494925, "delta": 2.300096}}
{"target": 0.6353696, "params": {"alpha": 0.11914442415080928, "colsample_bytree": 0.8567887759520685, "lam": 0.9820490038284833, "max_depth": 7.5929700811730205, "min_child_weight": 8.664028620865375, "subsample": 0.8857085439119334}, "datetime": {"datetime": "2020-04-25 00:42:23", "elapsed": 279.252889, "delta": 2.757964}}
{"target": 0.638631, "params": {"alpha": 0.822144069974957, "colsample_bytree": 0.8572972473480425, "lam": 0.04884410285966312, "max_depth": 7.989396081166339, "min_child_weight": 7.380602793377042, "subsample": 0.8794197441834557}, "datetime": {"datetime": "2020-04-25 00:42:26", "elapsed": 282.087485, "delta": 2.834596}}
{"target": 0.6375934000000001, "params": {"alpha": 0.2672996356446652, "colsample_bytree": 0.8451368746435448, "lam": 0.07985058026587621, "max_depth": 9.97809122406441, "min_child_weight": 9.958536395156392, "subsample": 0.7567649422318571}, "datetime": {"datetime": "2020-04-25 00:42:28", "elapsed": 284.804557, "delta": 2.717072}}
{"target": 0.6362714, "params": {"alpha": 0.05577684643140879, "colsample_bytree": 0.8802337356208243, "lam": 0.9794081873987129, "max_depth": 5.851957030738582, "min_child_weight": 3.074146808387306, "subsample": 0.8943618366715791}, "datetime": {"datetime": "2020-04-25 00:42:31", "elapsed": 287.55299, "delta": 2.748433}}
{"target": 0.6399384, "params": {"alpha": 0.04128937372129571, "colsample_bytree": 0.8857623412959854, "lam": 0.9638730815091683, "max_depth": 6.152551962531969, "min_child_weight": 5.431504358414085, "subsample": 0.8495135212625582}, "datetime": {"datetime": "2020-04-25 00:42:34", "elapsed": 289.963608, "delta": 2.410618}}
{"target": 0.637255, "params": {"alpha": 0.32452468821990965, "colsample_bytree": 0.8984267109537944, "lam": 0.4488676166115918, "max_depth": 5.0324386201939255, "min_child_weight": 7.375877529724878, "subsample": 0.8901843548587846}, "datetime": {"datetime": "2020-04-25 00:42:36", "elapsed": 292.148265, "delta": 2.184657}}
{"target": 0.64225, "params": {"alpha": 0.8383580019947661, "colsample_bytree": 0.8974375703844428, "lam": 0.6052390837222705, "max_depth": 5.850657494732149, "min_child_weight": 6.707136597573391, "subsample": 0.8876934330101849}, "datetime": {"datetime": "2020-04-25 00:42:38", "elapsed": 294.770191, "delta": 2.621926}}
{"target": 0.5805198, "params": {"alpha": 0.02163412468894743, "colsample_bytree": 0.5456013664484654, "lam": 0.9279251999689716, "max_depth": 4.350996707942026, "min_child_weight": 9.986821846090026, "subsample": 0.5267068605861872}, "datetime": {"datetime": "2020-04-25 00:42:41", "elapsed": 297.213624, "delta": 2.443433}}
{"target": 0.638376, "params": {"alpha": 0.15189356043811708, "colsample_bytree": 0.8999999970650248, "lam": 0.43009990474694065, "max_depth": 6.865000982487274, "min_child_weight": 8.920660872882962, "subsample": 0.8999999977282916}, "datetime": {"datetime": "2020-04-25 00:42:44", "elapsed": 300.297634, "delta": 3.08401}}
{"target": 0.6118692, "params": {"alpha": 0.7017983286437759, "colsample_bytree": 0.8706811150593666, "lam": 0.01884866768604343, "max_depth": 9.904443156197276, "min_child_weight": 4.975360772960543, "subsample": 0.8115890653485345}, "datetime": {"datetime": "2020-04-25 00:42:47", "elapsed": 303.84836, "delta": 3.550726}}
{"target": 0.6205936000000001, "params": {"alpha": 0.019549483745504248, "colsample_bytree": 0.8998464960942002, "lam": 0.703207116763995, "max_depth": 9.430542937460729, "min_child_weight": 4.681699993791818, "subsample": 0.8714649778367076}, "datetime": {"datetime": "2020-04-25 00:42:50", "elapsed": 306.832134, "delta": 2.983774}}
{"target": 0.6372452, "params": {"alpha": 0.9334040150388573, "colsample_bytree": 0.8872604009094586, "lam": 0.08916376759753775, "max_depth": 7.679478812270919, "min_child_weight": 8.296294877564044, "subsample": 0.5171484345389408}, "datetime": {"datetime": "2020-04-25 00:42:53", "elapsed": 309.182822, "delta": 2.350688}}
{"target": 0.6269937999999999, "params": {"alpha": 0.9209589261382517, "colsample_bytree": 0.8806565745324306, "lam": 0.009632957473057258, "max_depth": 8.531833273583578, "min_child_weight": 6.568853272709209, "subsample": 0.7804963768440789}, "datetime": {"datetime": "2020-04-25 00:42:56", "elapsed": 312.018573, "delta": 2.835751}}
{"target": 0.6298639999999999, "params": {"alpha": 0.9855110025731085, "colsample_bytree": 0.8991387027213267, "lam": 0.4651758849892349, "max_depth": 5.917990661589265, "min_child_weight": 9.980015114524006, "subsample": 0.692981283584314}, "datetime": {"datetime": "2020-04-25 00:42:59", "elapsed": 315.234364, "delta": 3.215791}}
{"target": 0.6356054, "params": {"alpha": 0.9825630877893531, "colsample_bytree": 0.8078753729307192, "lam": 0.48146683079823027, "max_depth": 7.36370524065995, "min_child_weight": 5.9159707884588135, "subsample": 0.8951644869063937}, "datetime": {"datetime": "2020-04-25 00:43:02", "elapsed": 318.14731, "delta": 2.912946}}
{"target": 0.628412, "params": {"alpha": 1.9315370297733773e-09, "colsample_bytree": 0.8999999746177358, "lam": 2.6184084307488752e-09, "max_depth": 9.999999970788163, "min_child_weight": 9.999999977832655, "subsample": 0.5000000253822642}, "datetime": {"datetime": "2020-04-25 00:43:05", "elapsed": 321.07041, "delta": 2.9231}}
{"target": 0.6158332, "params": {"alpha": 0.9918041496015833, "colsample_bytree": 0.8835514304788448, "lam": 0.025302688164516862, "max_depth": 4.552701462288992, "min_child_weight": 1.5755012661390828, "subsample": 0.8976817635646501}, "datetime": {"datetime": "2020-04-25 00:43:07", "elapsed": 323.836607, "delta": 2.766197}}
{"target": 0.6392871999999999, "params": {"alpha": 1.0, "colsample_bytree": 0.8999999999993293, "lam": 0.40714516155290154, "max_depth": 4.917716119973058, "min_child_weight": 3.8039483101748437, "subsample": 0.8999999999988063}, "datetime": {"datetime": "2020-04-25 00:43:10", "elapsed": 326.468985, "delta": 2.632378}}
{"target": 0.6404894, "params": {"alpha": 0.4927280409523518, "colsample_bytree": 0.8044497517346005, "lam": 0.021041406284482922, "max_depth": 5.10121056885038, "min_child_weight": 4.007097125453324, "subsample": 0.8957902017684627}, "datetime": {"datetime": "2020-04-25 00:43:12", "elapsed": 328.626323, "delta": 2.157338}}
{"target": 0.6416250000000001, "params": {"alpha": 0.8171052068567232, "colsample_bytree": 0.8999999864242954, "lam": 0.9999999999999999, "max_depth": 9.400112795454985, "min_child_weight": 8.231569822414508, "subsample": 0.8999999999999999}, "datetime": {"datetime": "2020-04-25 00:43:16", "elapsed": 331.947511, "delta": 3.321188}}
{"target": 0.6316214, "params": {"alpha": 0.23687308352610725, "colsample_bytree": 0.7262417423315857, "lam": 0.8950276148333225, "max_depth": 7.3628541135234045, "min_child_weight": 5.180226277021185, "subsample": 0.8855504512361567}, "datetime": {"datetime": "2020-04-25 00:43:19", "elapsed": 335.051386, "delta": 3.103875}}
{"target": 0.5844882, "params": {"alpha": 0.0010525073046591116, "colsample_bytree": 0.5034917576028115, "lam": 0.05939122766937088, "max_depth": 8.44805227413154, "min_child_weight": 4.324986284641814, "subsample": 0.8061655847118974}, "datetime": {"datetime": "2020-04-25 00:43:22", "elapsed": 338.242513, "delta": 3.191127}}
{"target": 0.6326284, "params": {"alpha": 1.0, "colsample_bytree": 0.9, "lam": 0.9999999779537702, "max_depth": 8.111620721756887, "min_child_weight": 10.0, "subsample": 0.8999999930164215}, "datetime": {"datetime": "2020-04-25 00:43:24", "elapsed": 340.748182, "delta": 2.505669}}
{"target": 0.595812, "params": {"alpha": 0.9499518866585389, "colsample_bytree": 0.5166750806872856, "lam": 0.8764784310610584, "max_depth": 7.967653681583083, "min_child_weight": 9.82306050080406, "subsample": 0.5082337035578015}, "datetime": {"datetime": "2020-04-25 00:43:27", "elapsed": 343.156016, "delta": 2.407834}}
{"target": 0.6389596, "params": {"alpha": 5.5911206575072283e-08, "colsample_bytree": 0.9, "lam": 1.0, "max_depth": 6.725050919620249, "min_child_weight": 9.978522970840856, "subsample": 0.9}, "datetime": {"datetime": "2020-04-25 00:43:30", "elapsed": 346.536842, "delta": 3.380826}}
{"target": 0.6221821999999999, "params": {"alpha": 0.4473695121130853, "colsample_bytree": 0.8677799165897906, "lam": 0.6758401412251474, "max_depth": 8.191130691541328, "min_child_weight": 8.228067778428098, "subsample": 0.6130591003229655}, "datetime": {"datetime": "2020-04-25 00:43:33", "elapsed": 349.464802, "delta": 2.92796}}
{"target": 0.5982976, "params": {"alpha": 0.9916294318866159, "colsample_bytree": 0.8975185829244507, "lam": 0.9337868758448756, "max_depth": 3.0366441181420254, "min_child_weight": 9.327523967548483, "subsample": 0.7960745609906987}, "datetime": {"datetime": "2020-04-25 00:43:36", "elapsed": 351.894951, "delta": 2.430149}}
{"target": 0.6413806, "params": {"alpha": 1.0, "colsample_bytree": 0.9, "lam": 0.9413744635742184, "max_depth": 5.749872120111137, "min_child_weight": 10.0, "subsample": 0.9}, "datetime": {"datetime": "2020-04-25 00:43:38", "elapsed": 354.785555, "delta": 2.890604}}
{"target": 0.6316912, "params": {"alpha": 0.03253657587914682, "colsample_bytree": 0.7730646332119714, "lam": 0.04769446087039819, "max_depth": 4.3322791581473155, "min_child_weight": 9.974824259616494, "subsample": 0.8735060185261867}, "datetime": {"datetime": "2020-04-25 00:43:41", "elapsed": 357.730225, "delta": 2.94467}}
{"target": 0.608198, "params": {"alpha": 0.8950038241862402, "colsample_bytree": 0.8999999999696328, "lam": 0.9576768303601427, "max_depth": 9.559328946815098, "min_child_weight": 3.313143077624745, "subsample": 0.8967807909418641}, "datetime": {"datetime": "2020-04-25 00:43:45", "elapsed": 361.412144, "delta": 3.681919}}
{"target": 0.5956948, "params": {"alpha": 0.03571532031671509, "colsample_bytree": 0.8929475073334544, "lam": 0.7120148322422499, "max_depth": 3.0853385664288253, "min_child_weight": 6.212729036644785, "subsample": 0.5628099620558671}, "datetime": {"datetime": "2020-04-25 00:43:48", "elapsed": 364.174269, "delta": 2.762125}}
{"target": 0.6164757999999999, "params": {"alpha": 0.8342284056533056, "colsample_bytree": 0.8912105903600982, "lam": 0.9751786094980868, "max_depth": 7.353688619372124, "min_child_weight": 2.0702434113409858, "subsample": 0.8799686833878724}, "datetime": {"datetime": "2020-04-25 00:43:51", "elapsed": 367.27799, "delta": 3.103721}}
{"target": 0.639072, "params": {"alpha": 0.19228743936789527, "colsample_bytree": 0.8870418295947762, "lam": 0.9747722339705105, "max_depth": 5.6663843204270385, "min_child_weight": 7.3900333803766705, "subsample": 0.8917540211659525}, "datetime": {"datetime": "2020-04-25 00:43:54", "elapsed": 370.211638, "delta": 2.933648}}
{"target": 0.5978148, "params": {"alpha": 0.813079386673145, "colsample_bytree": 0.8645277000809408, "lam": 0.9106921694866293, "max_depth": 9.998581713582483, "min_child_weight": 1.0109216368606138, "subsample": 0.6013429320785777}, "datetime": {"datetime": "2020-04-25 00:43:58", "elapsed": 373.88799, "delta": 3.676352}}
{"target": 0.635247, "params": {"alpha": 0.5544866461710113, "colsample_bytree": 0.8993820217763095, "lam": 0.005236523279055549, "max_depth": 7.622517231019474, "min_child_weight": 9.265275142010585, "subsample": 0.5394155037420838}, "datetime": {"datetime": "2020-04-25 00:44:01", "elapsed": 377.242108, "delta": 3.354118}}
{"target": 0.633797, "params": {"alpha": 0.45489675895227155, "colsample_bytree": 0.8656681259430201, "lam": 0.4609059481656038, "max_depth": 5.60920520777022, "min_child_weight": 4.811838356769675, "subsample": 0.8862018873254671}, "datetime": {"datetime": "2020-04-25 00:44:04", "elapsed": 380.430154, "delta": 3.188046}}
{"target": 0.6129119999999999, "params": {"alpha": 0.8731278155524612, "colsample_bytree": 0.5850687732196718, "lam": 0.8416081277393542, "max_depth": 4.169282750228501, "min_child_weight": 1.0068602503702715, "subsample": 0.8475943206580181}, "datetime": {"datetime": "2020-04-25 00:44:07", "elapsed": 383.498054, "delta": 3.0679}}
{"target": 0.6016308, "params": {"alpha": 0.7530186869655427, "colsample_bytree": 0.5436748685397386, "lam": 0.02403732968945349, "max_depth": 4.243607542940225, "min_child_weight": 3.8181030329016847, "subsample": 0.8871592633494347}, "datetime": {"datetime": "2020-04-25 00:44:10", "elapsed": 386.596361, "delta": 3.098307}}
{"target": 0.6291986, "params": {"alpha": 0.9275334711384332, "colsample_bytree": 0.8964536953062028, "lam": 0.5074746722035175, "max_depth": 6.107887295620589, "min_child_weight": 3.176007688239731, "subsample": 0.8541539133585159}, "datetime": {"datetime": "2020-04-25 00:44:13", "elapsed": 389.350088, "delta": 2.753727}}
{"target": 0.6364892, "params": {"alpha": 0.46384922223685243, "colsample_bytree": 0.8660075279222106, "lam": 0.8780195418745729, "max_depth": 6.270169129906759, "min_child_weight": 9.599079863502597, "subsample": 0.8710000444179862}, "datetime": {"datetime": "2020-04-25 00:44:16", "elapsed": 392.662075, "delta": 3.311987}}
{"target": 0.6433758, "params": {"alpha": 0.2901372707803881, "colsample_bytree": 0.886003666629174, "lam": 0.31673466474760914, "max_depth": 4.878994446753366, "min_child_weight": 9.993956727362288, "subsample": 0.7340595395812002}, "datetime": {"datetime": "2020-04-25 00:44:20", "elapsed": 396.288344, "delta": 3.626269}}
{"target": 0.6261336, "params": {"alpha": 0.5130142738763025, "colsample_bytree": 0.8860100641451659, "lam": 0.9512818837604443, "max_depth": 4.986161502070749, "min_child_weight": 3.0045027597808414, "subsample": 0.5153409047709325}, "datetime": {"datetime": "2020-04-25 00:44:23", "elapsed": 399.42772, "delta": 3.139376}}
{"target": 0.614241, "params": {"alpha": 0.6063818779769643, "colsample_bytree": 0.890637252566927, "lam": 0.7523762805669807, "max_depth": 6.356603527920221, "min_child_weight": 6.046500909953665, "subsample": 0.5119414075508659}, "datetime": {"datetime": "2020-04-25 00:44:26", "elapsed": 402.698388, "delta": 3.270668}}
{"target": 0.5918856000000001, "params": {"alpha": 0.06334983901261548, "colsample_bytree": 0.8940443622067608, "lam": 0.8735880324266003, "max_depth": 7.839499449893462, "min_child_weight": 1.0851555835101006, "subsample": 0.5216891846409746}, "datetime": {"datetime": "2020-04-25 00:44:30", "elapsed": 405.977738, "delta": 3.27935}}
{"target": 0.6403285999999999, "params": {"alpha": 0.00879936138613413, "colsample_bytree": 0.8685529026607861, "lam": 0.09468179871016791, "max_depth": 4.311844222646387, "min_child_weight": 5.709242777511276, "subsample": 0.8964540242640496}, "datetime": {"datetime": "2020-04-25 00:44:33", "elapsed": 408.913756, "delta": 2.936018}}
{"target": 0.6264822000000001, "params": {"alpha": 0.16088946575117347, "colsample_bytree": 0.8979355561099573, "lam": 0.9435015225376344, "max_depth": 8.111342666236105, "min_child_weight": 9.33750111032567, "subsample": 0.5093458647213198}, "datetime": {"datetime": "2020-04-25 00:44:36", "elapsed": 412.685519, "delta": 3.771763}}
{"target": 0.6173881999999999, "params": {"alpha": 0.9505124136736115, "colsample_bytree": 0.6030083762886905, "lam": 0.6942981778623448, "max_depth": 8.617239069124023, "min_child_weight": 6.9134482334581895, "subsample": 0.8863559762121604}, "datetime": {"datetime": "2020-04-25 00:44:40", "elapsed": 416.029085, "delta": 3.343566}}
{"target": 0.6193544, "params": {"alpha": 0.9258122915287322, "colsample_bytree": 0.8981761301872215, "lam": 0.835378364266603, "max_depth": 9.581194504890881, "min_child_weight": 4.242331611690875, "subsample": 0.5118907266004314}, "datetime": {"datetime": "2020-04-25 00:44:44", "elapsed": 420.000703, "delta": 3.971618}}
{"target": 0.6320366, "params": {"alpha": 0.9999999995577726, "colsample_bytree": 0.8999999258165424, "lam": 0.9911851041908901, "max_depth": 8.635697837535032, "min_child_weight": 6.769553804286425, "subsample": 0.882117889705019}, "datetime": {"datetime": "2020-04-25 00:44:48", "elapsed": 424.702222, "delta": 4.701519}}
{"target": 0.6316746, "params": {"alpha": 0.024250622502527852, "colsample_bytree": 0.8844982594578304, "lam": 0.528242117085244, "max_depth": 7.493740328150264, "min_child_weight": 7.5188551947428195, "subsample": 0.8943021862844249}, "datetime": {"datetime": "2020-04-25 00:44:52", "elapsed": 428.231975, "delta": 3.529753}}
{"target": 0.6380264, "params": {"alpha": 0.9903883221266604, "colsample_bytree": 0.8923804127214868, "lam": 0.7471249155698813, "max_depth": 7.497333946644661, "min_child_weight": 7.509157486454514, "subsample": 0.7560902577456491}, "datetime": {"datetime": "2020-04-25 00:44:56", "elapsed": 432.112813, "delta": 3.880838}}
{"target": 0.5993999999999999, "params": {"alpha": 0.03238663930325958, "colsample_bytree": 0.8219736226845937, "lam": 0.9948841049619851, "max_depth": 3.0094421466418053, "min_child_weight": 6.61911488794695, "subsample": 0.8780403440365723}, "datetime": {"datetime": "2020-04-25 00:45:00", "elapsed": 435.988033, "delta": 3.87522}}
{"target": 0.6249266, "params": {"alpha": 0.9671204163686632, "colsample_bytree": 0.8451517993340347, "lam": 0.8609049749547355, "max_depth": 7.880860825509354, "min_child_weight": 4.908100358873622, "subsample": 0.5153433093973496}, "datetime": {"datetime": "2020-04-25 00:45:04", "elapsed": 439.907672, "delta": 3.919639}}
