{"target": 0.6214158000000001, "params": {"alpha": 0.6511970252555807, "colsample_bytree": 0.8976138653616845, "lam": 0.07079669895575813, "max_depth": 7.884311116118999, "min_child_weight": 2.986489216844448, "subsample": 0.890598451583239}, "datetime": {"datetime": "2020-04-24 20:32:16", "elapsed": 1839.692468, "delta": 10.406776}}
{"target": 0.6246942000000001, "params": {"alpha": 0.24368144171185047, "colsample_bytree": 0.8722844453460894, "lam": 0.76497558798359, "max_depth": 9.983733194246582, "min_child_weight": 4.037218445509088, "subsample": 0.7803131980428111}, "datetime": {"datetime": "2020-04-24 20:32:28", "elapsed": 1851.432004, "delta": 11.739536}}
{"target": 0.6248146, "params": {"alpha": 0.021836030228243226, "colsample_bytree": 0.880134839197115, "lam": 2.8687743994388962e-08, "max_depth": 9.986599923549193, "min_child_weight": 7.9454981560291715, "subsample": 0.5604584802355063}, "datetime": {"datetime": "2020-04-24 20:32:37", "elapsed": 1860.861483, "delta": 9.429479}}
{"target": 0.6302292, "params": {"alpha": 0.9748675452834551, "colsample_bytree": 0.8401802031526844, "lam": 0.11963437905593965, "max_depth": 9.281841084174541, "min_child_weight": 7.858565960136985, "subsample": 0.8681642274180339}, "datetime": {"datetime": "2020-04-24 20:32:47", "elapsed": 1870.57044, "delta": 9.708957}}
{"target": 0.6399158, "params": {"alpha": 0.6450479744782329, "colsample_bytree": 0.8903877441454169, "lam": 0.011693174046725763, "max_depth": 4.562250474902097, "min_child_weight": 2.502239842720041, "subsample": 0.8391157394786638}, "datetime": {"datetime": "2020-04-24 20:33:00", "elapsed": 1883.767715, "delta": 13.197275}}
{"target": 0.617185, "params": {"alpha": 0.4252763981433634, "colsample_bytree": 0.8584883774859813, "lam": 0.03737524554356553, "max_depth": 4.880667993759395, "min_child_weight": 2.796420853288012, "subsample": 0.5036488646656277}, "datetime": {"datetime": "2020-04-24 20:33:10", "elapsed": 1893.330885, "delta": 9.56317}}
{"target": 0.6331554, "params": {"alpha": 0.9983346634384382, "colsample_bytree": 0.8734723537230737, "lam": 0.02525448369797978, "max_depth": 5.708723208716243, "min_child_weight": 6.733323521434491, "subsample": 0.8502953063153493}, "datetime": {"datetime": "2020-04-24 20:33:23", "elapsed": 1906.661628, "delta": 13.330743}}
{"target": 0.5907416000000001, "params": {"alpha": 3.5827533872153034e-08, "colsample_bytree": 0.5000000129746338, "lam": 1.3472603898267234e-08, "max_depth": 10.0, "min_child_weight": 9.341649833956728, "subsample": 0.5}, "datetime": {"datetime": "2020-04-24 20:33:33", "elapsed": 1916.828399, "delta": 10.166771}}
{"target": 0.6206242, "params": {"alpha": 0.16197379765862452, "colsample_bytree": 0.8895175494443059, "lam": 0.5131858543225328, "max_depth": 4.36764371446863, "min_child_weight": 2.937982359902192, "subsample": 0.892734444775249}, "datetime": {"datetime": "2020-04-24 20:33:43", "elapsed": 1926.454509, "delta": 9.62611}}
{"target": 0.6410018000000001, "params": {"alpha": 0.02731281850244771, "colsample_bytree": 0.8995455686707812, "lam": 0.02624608754974045, "max_depth": 5.26072410091143, "min_child_weight": 9.995026875979503, "subsample": 0.8423139198401166}, "datetime": {"datetime": "2020-04-24 20:33:54", "elapsed": 1937.64209, "delta": 11.187581}}
{"target": 0.6086153999999999, "params": {"alpha": 0.008800713670457205, "colsample_bytree": 0.8584656414439676, "lam": 0.9906134696425254, "max_depth": 4.35640096459014, "min_child_weight": 8.733591627700324, "subsample": 0.5264240993620518}, "datetime": {"datetime": "2020-04-24 20:34:08", "elapsed": 1951.35362, "delta": 13.71153}}
{"target": 0.6269256000000001, "params": {"alpha": 0.056664021580207335, "colsample_bytree": 0.6108285390913027, "lam": 0.9949956904895365, "max_depth": 7.624509304170683, "min_child_weight": 8.880743887616775, "subsample": 0.8598319235842509}, "datetime": {"datetime": "2020-04-24 20:34:22", "elapsed": 1965.341549, "delta": 13.987929}}
{"target": 0.6172856, "params": {"alpha": 0.9896438420135372, "colsample_bytree": 0.8675187712397889, "lam": 0.9633915227184701, "max_depth": 3.7523671050131484, "min_child_weight": 4.624760186662683, "subsample": 0.504063279373442}, "datetime": {"datetime": "2020-04-24 20:34:33", "elapsed": 1976.971745, "delta": 11.630196}}
{"target": 0.589241, "params": {"alpha": 0.001593195998748409, "colsample_bytree": 0.5832023733936342, "lam": 0.5619660312342892, "max_depth": 9.150366486059315, "min_child_weight": 3.95999829642148, "subsample": 0.6428780273135047}, "datetime": {"datetime": "2020-04-24 20:34:46", "elapsed": 1989.186113, "delta": 12.214368}}
{"target": 0.6371591999999999, "params": {"alpha": 0.9341043088574817, "colsample_bytree": 0.8082394651722734, "lam": 0.004547089908956026, "max_depth": 4.932101757395578, "min_child_weight": 2.5564205480406623, "subsample": 0.8182113248483563}, "datetime": {"datetime": "2020-04-24 20:34:57", "elapsed": 2000.173681, "delta": 10.987568}}
{"target": 0.6250252, "params": {"alpha": 0.6202578638281361, "colsample_bytree": 0.6715892627812177, "lam": 0.38133823839132364, "max_depth": 4.942203399858495, "min_child_weight": 9.992475387005419, "subsample": 0.5198629733833877}, "datetime": {"datetime": "2020-04-24 20:35:07", "elapsed": 2010.683374, "delta": 10.509693}}
{"target": 0.6384826, "params": {"alpha": 0.5155887825075216, "colsample_bytree": 0.8990682130336811, "lam": 0.014597966974158938, "max_depth": 8.142387188824134, "min_child_weight": 6.8987133214199545, "subsample": 0.7955178556781115}, "datetime": {"datetime": "2020-04-24 20:35:18", "elapsed": 2021.492422, "delta": 10.809048}}
{"target": 0.6450921999999999, "params": {"alpha": 0.4147189184689172, "colsample_bytree": 0.7511980817895886, "lam": 0.003556727468464582, "max_depth": 8.349165339749575, "min_child_weight": 9.665500666410846, "subsample": 0.8252163037408489}, "datetime": {"datetime": "2020-04-24 20:35:30", "elapsed": 2033.660098, "delta": 12.167676}}
{"target": 0.6462838, "params": {"alpha": 0.019177202028816454, "colsample_bytree": 0.8456397999497572, "lam": 0.9724547571726941, "max_depth": 5.375922890083128, "min_child_weight": 6.593084320365103, "subsample": 0.8257130744994765}, "datetime": {"datetime": "2020-04-24 20:35:41", "elapsed": 2044.260695, "delta": 10.600597}}
{"target": 0.620142, "params": {"alpha": 0.9732135489484589, "colsample_bytree": 0.8921715345692229, "lam": 0.05325241102302425, "max_depth": 3.8601574769731384, "min_child_weight": 2.1077086464514205, "subsample": 0.8997028706485751}, "datetime": {"datetime": "2020-04-24 20:35:51", "elapsed": 2054.942014, "delta": 10.681319}}
{"target": 0.6368663999999999, "params": {"alpha": 0.005680793593574318, "colsample_bytree": 0.8507147528678503, "lam": 0.03849793337301877, "max_depth": 6.012922367413216, "min_child_weight": 8.193470454833417, "subsample": 0.873347196749316}, "datetime": {"datetime": "2020-04-24 20:36:04", "elapsed": 2067.667145, "delta": 12.725131}}
{"target": 0.6363913999999999, "params": {"alpha": 0.010318639064967994, "colsample_bytree": 0.8677009806051108, "lam": 0.9978375436464444, "max_depth": 8.492634449130707, "min_child_weight": 4.618314791180274, "subsample": 0.8934586345224564}, "datetime": {"datetime": "2020-04-24 20:36:14", "elapsed": 2077.173037, "delta": 9.505892}}
{"target": 0.626955, "params": {"alpha": 0.9898658092397111, "colsample_bytree": 0.8908295633481336, "lam": 0.9895393914137446, "max_depth": 5.905761265030192, "min_child_weight": 7.100508266532449, "subsample": 0.8770389029383872}, "datetime": {"datetime": "2020-04-24 20:36:25", "elapsed": 2088.163624, "delta": 10.990587}}
{"target": 0.6225388000000001, "params": {"alpha": 0.8427955104076191, "colsample_bytree": 0.8979178302350677, "lam": 0.9999999999984488, "max_depth": 4.551419994252764, "min_child_weight": 4.794898470501771, "subsample": 0.9}, "datetime": {"datetime": "2020-04-24 20:36:36", "elapsed": 2099.65777, "delta": 11.494146}}
{"target": 0.6386809999999998, "params": {"alpha": 0.7409870451744366, "colsample_bytree": 0.754345037469463, "lam": 0.008149126833358111, "max_depth": 5.994510758989612, "min_child_weight": 8.208056967835144, "subsample": 0.8644595455710897}, "datetime": {"datetime": "2020-04-24 20:36:46", "elapsed": 2109.734927, "delta": 10.077157}}
{"target": 0.6326649999999999, "params": {"alpha": 0.0, "colsample_bytree": 0.9, "lam": 1.0, "max_depth": 5.5414724390957435, "min_child_weight": 5.6682616663782115, "subsample": 0.9}, "datetime": {"datetime": "2020-04-24 20:36:56", "elapsed": 2119.267917, "delta": 9.53299}}
{"target": 0.6308884, "params": {"alpha": 0.8622612453175371, "colsample_bytree": 0.8989420714653783, "lam": 0.11417948047458892, "max_depth": 7.4757139875279, "min_child_weight": 7.225122753215679, "subsample": 0.8970714063179221}, "datetime": {"datetime": "2020-04-24 20:37:09", "elapsed": 2132.068146, "delta": 12.800229}}
{"target": 0.6287733999999999, "params": {"alpha": 0.038186526814749246, "colsample_bytree": 0.8939905074539553, "lam": 0.9984894747172129, "max_depth": 9.302093173863375, "min_child_weight": 9.717060538970166, "subsample": 0.8940257146622984}, "datetime": {"datetime": "2020-04-24 20:37:20", "elapsed": 2143.85043, "delta": 11.782284}}
{"target": 0.625278, "params": {"alpha": 0.011643390657825936, "colsample_bytree": 0.7282801576978805, "lam": 0.9674845432078959, "max_depth": 4.6681846678722625, "min_child_weight": 4.502144129034005, "subsample": 0.8052995419504718}, "datetime": {"datetime": "2020-04-24 20:37:35", "elapsed": 2158.833671, "delta": 14.983241}}
{"target": 0.6076946, "params": {"alpha": 0.9656111994445827, "colsample_bytree": 0.8318957493563736, "lam": 0.01018341095405928, "max_depth": 9.469791123978535, "min_child_weight": 2.9862735532096654, "subsample": 0.5704972480984172}, "datetime": {"datetime": "2020-04-24 20:37:47", "elapsed": 2171.043107, "delta": 12.209436}}
{"target": 0.6012972, "params": {"alpha": 8.157818314940922e-10, "colsample_bytree": 0.8999999998262793, "lam": 1.3472456530906352e-10, "max_depth": 3.000000000224787, "min_child_weight": 1.0000000004775378, "subsample": 0.8999999999999999}, "datetime": {"datetime": "2020-04-24 20:38:00", "elapsed": 2183.807302, "delta": 12.764195}}
{"target": 0.6403514, "params": {"alpha": 0.4056128212490303, "colsample_bytree": 0.8864568937927244, "lam": 0.8582821933718446, "max_depth": 9.587879144714464, "min_child_weight": 8.523519043809612, "subsample": 0.8754601334367804}, "datetime": {"datetime": "2020-04-24 20:38:12", "elapsed": 2195.590683, "delta": 11.783381}}
{"target": 0.628458, "params": {"alpha": 0.56552790617116, "colsample_bytree": 0.8978695325885171, "lam": 0.07366947592620954, "max_depth": 4.253119334769986, "min_child_weight": 5.841235158733004, "subsample": 0.8800085208846509}, "datetime": {"datetime": "2020-04-24 20:38:24", "elapsed": 2208.033765, "delta": 12.443082}}
{"target": 0.6242372, "params": {"alpha": 0.8793000703132121, "colsample_bytree": 0.885157548814611, "lam": 0.17370032765632715, "max_depth": 8.92326289028469, "min_child_weight": 5.239959384715065, "subsample": 0.8757493350591224}, "datetime": {"datetime": "2020-04-24 20:38:38", "elapsed": 2221.347048, "delta": 13.313283}}
{"target": 0.6432834, "params": {"alpha": 0.5428828790515224, "colsample_bytree": 0.8901163218842936, "lam": 0.9744605511850379, "max_depth": 9.09804681678006, "min_child_weight": 6.308502473181959, "subsample": 0.8508904553550249}, "datetime": {"datetime": "2020-04-24 20:38:49", "elapsed": 2232.850043, "delta": 11.502995}}
{"target": 0.6243768000000001, "params": {"alpha": 0.5414738213324378, "colsample_bytree": 0.8269522171045011, "lam": 0.7356178292195985, "max_depth": 7.1828998806753255, "min_child_weight": 5.010135652929099, "subsample": 0.8972770590119077}, "datetime": {"datetime": "2020-04-24 20:39:01", "elapsed": 2244.13669, "delta": 11.286647}}
{"target": 0.6231328, "params": {"alpha": 0.0238335500612058, "colsample_bytree": 0.8987021017380543, "lam": 0.6374256523357484, "max_depth": 6.582714519113413, "min_child_weight": 6.342467665862751, "subsample": 0.8857495916282938}, "datetime": {"datetime": "2020-04-24 20:39:11", "elapsed": 2254.467971, "delta": 10.331281}}
{"target": 0.6357842, "params": {"alpha": 0.8914879449083395, "colsample_bytree": 0.8952728031141075, "lam": 0.9246368959884268, "max_depth": 7.555265046940383, "min_child_weight": 8.411896018141293, "subsample": 0.6795943140166755}, "datetime": {"datetime": "2020-04-24 20:39:23", "elapsed": 2266.176315, "delta": 11.708344}}
{"target": 0.622401, "params": {"alpha": 0.9802470712416613, "colsample_bytree": 0.8584185232124901, "lam": 0.11601582177791725, "max_depth": 5.786886716896017, "min_child_weight": 3.268060426847444, "subsample": 0.8865072547524214}, "datetime": {"datetime": "2020-04-24 20:39:31", "elapsed": 2274.685829, "delta": 8.509514}}
{"target": 0.5956462, "params": {"alpha": 0.9999999136703124, "colsample_bytree": 0.9, "lam": 2.53693847520205e-07, "max_depth": 3.0, "min_child_weight": 8.675462284192959, "subsample": 0.9}, "datetime": {"datetime": "2020-04-24 20:39:44", "elapsed": 2287.198185, "delta": 12.512356}}
{"target": 0.5951226000000001, "params": {"alpha": 0.9999999976273671, "colsample_bytree": 0.8999999995222013, "lam": 0.00956522609360501, "max_depth": 9.950079904766898, "min_child_weight": 2.3110346456987374, "subsample": 0.899999999226121}, "datetime": {"datetime": "2020-04-24 20:39:55", "elapsed": 2298.108507, "delta": 10.910322}}
{"target": 0.6067750000000001, "params": {"alpha": 0.9999999849347551, "colsample_bytree": 0.5, "lam": 0.9999999956823239, "max_depth": 8.507884299238356, "min_child_weight": 9.87508252246174, "subsample": 0.9}, "datetime": {"datetime": "2020-04-24 20:40:10", "elapsed": 2314.001493, "delta": 15.892986}}
{"target": 0.6400338000000001, "params": {"alpha": 0.0060012854419604356, "colsample_bytree": 0.8731711996952753, "lam": 0.4330276075696725, "max_depth": 6.442002776437829, "min_child_weight": 6.912222500093621, "subsample": 0.8422366331349662}, "datetime": {"datetime": "2020-04-24 20:40:23", "elapsed": 2326.596359, "delta": 12.594866}}
{"target": 0.6334762, "params": {"alpha": 0.5280945750411903, "colsample_bytree": 0.6827650885446985, "lam": 0.9423870403788971, "max_depth": 7.423066867693511, "min_child_weight": 6.843613215933967, "subsample": 0.7099506795773995}, "datetime": {"datetime": "2020-04-24 20:40:38", "elapsed": 2341.082806, "delta": 14.486447}}
{"target": 0.6287918, "params": {"alpha": 0.018949344844840055, "colsample_bytree": 0.8983031463130425, "lam": 0.9120993307805445, "max_depth": 9.984386857031355, "min_child_weight": 9.99999999991168, "subsample": 0.5}, "datetime": {"datetime": "2020-04-24 20:40:53", "elapsed": 2356.367087, "delta": 15.284281}}
{"target": 0.5919144000000001, "params": {"alpha": 0.9912167128517432, "colsample_bytree": 0.9, "lam": 0.0, "max_depth": 3.0, "min_child_weight": 2.066092437485529, "subsample": 0.5}, "datetime": {"datetime": "2020-04-24 20:41:04", "elapsed": 2367.699535, "delta": 11.332448}}
{"target": 0.6162778, "params": {"alpha": 0.7046920696622138, "colsample_bytree": 0.8935960062991547, "lam": 0.961908456234134, "max_depth": 8.394791170734326, "min_child_weight": 5.597074623332642, "subsample": 0.6859321194372052}, "datetime": {"datetime": "2020-04-24 20:41:14", "elapsed": 2377.825008, "delta": 10.125473}}
{"target": 0.619434, "params": {"alpha": 0.02453287901683454, "colsample_bytree": 0.8679970453193367, "lam": 0.07278698173837983, "max_depth": 6.054362143585408, "min_child_weight": 6.4697684973177, "subsample": 0.5644442999105069}, "datetime": {"datetime": "2020-04-24 20:41:26", "elapsed": 2389.548004, "delta": 11.722996}}
{"target": 0.6187274, "params": {"alpha": 0.03297864341253964, "colsample_bytree": 0.6039803824402177, "lam": 0.9761607662515155, "max_depth": 5.788794284376053, "min_child_weight": 7.167147708346562, "subsample": 0.8444093557576944}, "datetime": {"datetime": "2020-04-24 20:41:40", "elapsed": 2403.181095, "delta": 13.633091}}
{"target": 0.639027, "params": {"alpha": 0.9874137213702626, "colsample_bytree": 0.7740505706231546, "lam": 0.01971446766568974, "max_depth": 6.64726410857279, "min_child_weight": 9.301270346168568, "subsample": 0.8338619495528335}, "datetime": {"datetime": "2020-04-24 20:41:54", "elapsed": 2417.763311, "delta": 14.582216}}
{"target": 0.6381751999999999, "params": {"alpha": 0.04474362396956122, "colsample_bytree": 0.866396087906953, "lam": 0.9614983599671048, "max_depth": 6.535425466195227, "min_child_weight": 7.487446634482656, "subsample": 0.8924324079562544}, "datetime": {"datetime": "2020-04-24 20:42:09", "elapsed": 2432.87376, "delta": 15.110449}}
{"target": 0.6249969999999999, "params": {"alpha": 0.9536953739723216, "colsample_bytree": 0.8943985148892233, "lam": 0.013728471693288502, "max_depth": 4.183787595330081, "min_child_weight": 9.758072291915857, "subsample": 0.8446923882683359}, "datetime": {"datetime": "2020-04-24 20:42:20", "elapsed": 2443.860629, "delta": 10.986869}}
{"target": 0.6395354, "params": {"alpha": 0.39469243401477117, "colsample_bytree": 0.8869215908752031, "lam": 0.07556235043664672, "max_depth": 8.46024267802207, "min_child_weight": 9.939337803881246, "subsample": 0.7204201741771645}, "datetime": {"datetime": "2020-04-24 20:42:33", "elapsed": 2456.243866, "delta": 12.383237}}
{"target": 0.6334294, "params": {"alpha": 0.04938368321756981, "colsample_bytree": 0.8932265310877565, "lam": 0.04240417813981201, "max_depth": 8.351218279031798, "min_child_weight": 7.95729654749317, "subsample": 0.852353108548501}, "datetime": {"datetime": "2020-04-24 20:42:43", "elapsed": 2466.983511, "delta": 10.739645}}
{"target": 0.6118364, "params": {"alpha": 0.001320186724853789, "colsample_bytree": 0.5221709155289711, "lam": 0.9964665510724195, "max_depth": 5.8691084930199695, "min_child_weight": 5.320893638046717, "subsample": 0.8658182180205435}, "datetime": {"datetime": "2020-04-24 20:42:55", "elapsed": 2478.583393, "delta": 11.599882}}
{"target": 0.6288116, "params": {"alpha": 0.5974984457793272, "colsample_bytree": 0.766471361417672, "lam": 0.6969354335358287, "max_depth": 8.431796929267307, "min_child_weight": 7.001337919728725, "subsample": 0.6771559913377793}, "datetime": {"datetime": "2020-04-24 20:43:09", "elapsed": 2492.360467, "delta": 13.777074}}
{"target": 0.624508, "params": {"alpha": 0.008970939586062099, "colsample_bytree": 0.8532737794554509, "lam": 0.9371374965899074, "max_depth": 4.6528581530103885, "min_child_weight": 6.415149821648988, "subsample": 0.6123346107174193}, "datetime": {"datetime": "2020-04-24 20:43:25", "elapsed": 2508.435048, "delta": 16.074581}}
{"target": 0.6260074, "params": {"alpha": 0.943402799880726, "colsample_bytree": 0.8571165432031359, "lam": 0.9896818576914438, "max_depth": 6.534872178446429, "min_child_weight": 9.552945237420435, "subsample": 0.6084976172980385}, "datetime": {"datetime": "2020-04-24 20:43:38", "elapsed": 2521.591765, "delta": 13.156717}}
{"target": 0.6363168, "params": {"alpha": 0.06784617626384137, "colsample_bytree": 0.8866331087679485, "lam": 0.6244807070178392, "max_depth": 9.956475245778734, "min_child_weight": 8.596267837510336, "subsample": 0.7522301299610277}, "datetime": {"datetime": "2020-04-24 20:43:54", "elapsed": 2537.14838, "delta": 15.556615}}
{"target": 0.6344226, "params": {"alpha": 0.9451782889499251, "colsample_bytree": 0.8008757940915783, "lam": 0.6633463949105806, "max_depth": 4.941027120676935, "min_child_weight": 9.114582058147521, "subsample": 0.8958546182207667}, "datetime": {"datetime": "2020-04-24 20:44:04", "elapsed": 2547.554015, "delta": 10.405635}}
{"target": 0.5881582, "params": {"alpha": 0.9999999991386886, "colsample_bytree": 0.8999999995115434, "lam": 0.0, "max_depth": 3.0, "min_child_weight": 3.900622504592896, "subsample": 0.5}, "datetime": {"datetime": "2020-04-24 20:44:16", "elapsed": 2559.127709, "delta": 11.573694}}
{"target": 0.5786186, "params": {"alpha": 0.6882386909728678, "colsample_bytree": 0.5807852257701276, "lam": 0.024916045568699308, "max_depth": 3.406065838078277, "min_child_weight": 5.329969990001781, "subsample": 0.898238262393251}, "datetime": {"datetime": "2020-04-24 20:44:30", "elapsed": 2573.556183, "delta": 14.428474}}
{"target": 0.5930010000000001, "params": {"alpha": 0.9636090891257845, "colsample_bytree": 0.8906357398816538, "lam": 0.8499303545670993, "max_depth": 3.473836721536822, "min_child_weight": 8.920840562201972, "subsample": 0.5484128976012352}, "datetime": {"datetime": "2020-04-24 20:44:42", "elapsed": 2585.627393, "delta": 12.07121}}
{"target": 0.6335154000000001, "params": {"alpha": 0.4880858224376887, "colsample_bytree": 0.8819782832696875, "lam": 0.9564014759737918, "max_depth": 5.230881323889717, "min_child_weight": 6.669500035989928, "subsample": 0.8780789491591999}, "datetime": {"datetime": "2020-04-24 20:44:57", "elapsed": 2600.115883, "delta": 14.48849}}
{"target": 0.6075835999999999, "params": {"alpha": 0.47056591793525127, "colsample_bytree": 0.8876487989654123, "lam": 0.9558718271183265, "max_depth": 3.019006612759671, "min_child_weight": 1.547253601315267, "subsample": 0.514160587858116}, "datetime": {"datetime": "2020-04-24 20:45:09", "elapsed": 2612.509821, "delta": 12.393938}}
{"target": 0.6168224, "params": {"alpha": 0.9502010455279577, "colsample_bytree": 0.775361096325453, "lam": 0.9899850833426653, "max_depth": 4.417250850012108, "min_child_weight": 8.69474430689355, "subsample": 0.8099456448949935}, "datetime": {"datetime": "2020-04-24 20:45:22", "elapsed": 2625.210162, "delta": 12.700341}}
{"target": 0.6027982000000001, "params": {"alpha": 0.08650240311474744, "colsample_bytree": 0.7688235922190843, "lam": 0.8604305910454669, "max_depth": 3.0124541370592546, "min_child_weight": 8.728569039479453, "subsample": 0.8826648215279151}, "datetime": {"datetime": "2020-04-24 20:45:36", "elapsed": 2639.181327, "delta": 13.971165}}
