{"target": 0.6274704, "params": {"alpha": 0.8033821922839619, "colsample_bytree": 0.8661549938738609, "lam": 0.944954820654653, "max_depth": 5.385130677526599, "min_child_weight": 5.666176043177458, "subsample": 0.8873831140806425}, "datetime": {"datetime": "2020-04-25 17:50:05", "elapsed": 1859.0886, "delta": 10.324678}}
{"target": 0.6309373999999999, "params": {"alpha": 0.04473823061667492, "colsample_bytree": 0.8949510410961001, "lam": 0.32587166501680653, "max_depth": 4.507707724441826, "min_child_weight": 3.782767841547803, "subsample": 0.8594629583358013}, "datetime": {"datetime": "2020-04-25 17:50:14", "elapsed": 1868.28956, "delta": 9.20096}}
{"target": 0.6322864, "params": {"alpha": 0.48194481138137557, "colsample_bytree": 0.8985037675178242, "lam": 0.2722646585799535, "max_depth": 4.489415080628417, "min_child_weight": 7.92891712674623, "subsample": 0.5738664680757964}, "datetime": {"datetime": "2020-04-25 17:50:24", "elapsed": 1877.762485, "delta": 9.472925}}
{"target": 0.633554, "params": {"alpha": 0.03105700326413141, "colsample_bytree": 0.8388435318958554, "lam": 0.48744441331694655, "max_depth": 3.947179992035007, "min_child_weight": 6.349134112432478, "subsample": 0.8959080765429395}, "datetime": {"datetime": "2020-04-25 17:50:35", "elapsed": 1888.861835, "delta": 11.09935}}
{"target": 0.617656, "params": {"alpha": 0.07421576741623248, "colsample_bytree": 0.8798746787998839, "lam": 0.9921961992411539, "max_depth": 3.761944037225282, "min_child_weight": 7.498178389348154, "subsample": 0.8977627542329663}, "datetime": {"datetime": "2020-04-25 17:50:45", "elapsed": 1899.137503, "delta": 10.275668}}
{"target": 0.6159625999999999, "params": {"alpha": 0.04286406482777749, "colsample_bytree": 0.5824592553989655, "lam": 0.5972428056034684, "max_depth": 5.163201926307871, "min_child_weight": 4.300667954207845, "subsample": 0.8887487292614572}, "datetime": {"datetime": "2020-04-25 17:50:56", "elapsed": 1910.264553, "delta": 11.12705}}
{"target": 0.6169514, "params": {"alpha": 0.9816303452254136, "colsample_bytree": 0.8527805952861894, "lam": 0.33238644779474247, "max_depth": 3.816764854515865, "min_child_weight": 3.258604430505706, "subsample": 0.8636106050826454}, "datetime": {"datetime": "2020-04-25 17:51:06", "elapsed": 1920.481247, "delta": 10.216694}}
{"target": 0.6301175999999999, "params": {"alpha": 0.3998560813122194, "colsample_bytree": 0.8603789760974472, "lam": 0.0661406817769411, "max_depth": 5.143507920676342, "min_child_weight": 3.2817751366023327, "subsample": 0.873067693299006}, "datetime": {"datetime": "2020-04-25 17:51:17", "elapsed": 1931.290261, "delta": 10.809014}}
{"target": 0.6350094, "params": {"alpha": 0.0, "colsample_bytree": 0.6241139269825581, "lam": 0.9987657646478744, "max_depth": 5.544191444919683, "min_child_weight": 9.350281790594337, "subsample": 0.8999999893970915}, "datetime": {"datetime": "2020-04-25 17:51:27", "elapsed": 1941.232306, "delta": 9.942045}}
{"target": 0.6324230000000001, "params": {"alpha": 0.12332101717791089, "colsample_bytree": 0.8943473841584729, "lam": 0.12939072255545014, "max_depth": 4.394098123113538, "min_child_weight": 6.697369627035881, "subsample": 0.6955624929680283}, "datetime": {"datetime": "2020-04-25 17:51:36", "elapsed": 1949.89268, "delta": 8.660374}}
{"target": 0.6408784000000001, "params": {"alpha": 0.9964778216087956, "colsample_bytree": 0.8916559738199961, "lam": 0.5577072347216738, "max_depth": 5.880865913824341, "min_child_weight": 9.856874846875522, "subsample": 0.7820469260594308}, "datetime": {"datetime": "2020-04-25 17:51:46", "elapsed": 1960.032591, "delta": 10.139911}}
{"target": 0.6275038000000001, "params": {"alpha": 0.007374870514046172, "colsample_bytree": 0.8402494575291677, "lam": 0.08621637483038369, "max_depth": 8.4113839964743, "min_child_weight": 8.986278471973572, "subsample": 0.8812144743936983}, "datetime": {"datetime": "2020-04-25 17:51:58", "elapsed": 1971.648107, "delta": 11.615516}}
{"target": 0.6265906, "params": {"alpha": 0.23225161446335707, "colsample_bytree": 0.8781541337510683, "lam": 0.9963971863159645, "max_depth": 3.618600344248353, "min_child_weight": 5.446356103216802, "subsample": 0.8967587115526519}, "datetime": {"datetime": "2020-04-25 17:52:08", "elapsed": 1981.939317, "delta": 10.29121}}
{"target": 0.5786426, "params": {"alpha": 0.0038022888424870116, "colsample_bytree": 0.5613423518058829, "lam": 0.7973727041118851, "max_depth": 3.033368437792467, "min_child_weight": 9.733564303928311, "subsample": 0.895865645839323}, "datetime": {"datetime": "2020-04-25 17:52:18", "elapsed": 1992.48472, "delta": 10.545403}}
{"target": 0.6294514, "params": {"alpha": 0.6749804581772846, "colsample_bytree": 0.8948195218009238, "lam": 0.04229168246080828, "max_depth": 9.921076215728313, "min_child_weight": 5.3196109183128275, "subsample": 0.8462647587633672}, "datetime": {"datetime": "2020-04-25 17:52:30", "elapsed": 2004.444553, "delta": 11.959833}}
{"target": 0.6365082, "params": {"alpha": 0.9297406794260399, "colsample_bytree": 0.8898745937381938, "lam": 0.6425506878717326, "max_depth": 8.789937228871064, "min_child_weight": 9.918167028474866, "subsample": 0.6097708851963762}, "datetime": {"datetime": "2020-04-25 17:52:41", "elapsed": 2014.556859, "delta": 10.112306}}
{"target": 0.6377636000000001, "params": {"alpha": 0.9929517678864722, "colsample_bytree": 0.8419910608378776, "lam": 0.07978468118173887, "max_depth": 4.607861984779371, "min_child_weight": 9.542439499974227, "subsample": 0.8267087772422741}, "datetime": {"datetime": "2020-04-25 17:52:50", "elapsed": 2024.261117, "delta": 9.704258}}
{"target": 0.616007, "params": {"alpha": 0.988671751444513, "colsample_bytree": 0.5720006147183634, "lam": 0.9505388982080717, "max_depth": 5.391337350681727, "min_child_weight": 2.456495632079776, "subsample": 0.8953695373372941}, "datetime": {"datetime": "2020-04-25 17:53:01", "elapsed": 2035.066401, "delta": 10.805284}}
{"target": 0.6292222, "params": {"alpha": 0.9999999999999928, "colsample_bytree": 0.9, "lam": 0.9999999999999966, "max_depth": 4.041780058927779, "min_child_weight": 9.999999999999998, "subsample": 0.8999999999999976}, "datetime": {"datetime": "2020-04-25 17:53:12", "elapsed": 2046.111405, "delta": 11.045004}}
{"target": 0.6317202, "params": {"alpha": 0.9807460203444996, "colsample_bytree": 0.856744628344554, "lam": 0.9580164497680138, "max_depth": 4.71888194782554, "min_child_weight": 1.2140336727659955, "subsample": 0.8992261507522601}, "datetime": {"datetime": "2020-04-25 17:53:24", "elapsed": 2057.907954, "delta": 11.796549}}
{"target": 0.6259498000000001, "params": {"alpha": 0.9758969309573494, "colsample_bytree": 0.8308507811121251, "lam": 0.9971092150933473, "max_depth": 3.825995702431893, "min_child_weight": 5.818745708760537, "subsample": 0.8912419959596765}, "datetime": {"datetime": "2020-04-25 17:53:34", "elapsed": 2068.293695, "delta": 10.385741}}
{"target": 0.6414176, "params": {"alpha": 0.48230034487993256, "colsample_bytree": 0.895915915677945, "lam": 0.20919711903009253, "max_depth": 5.436680477234965, "min_child_weight": 4.189375424074191, "subsample": 0.8708077013407536}, "datetime": {"datetime": "2020-04-25 17:53:45", "elapsed": 2079.395567, "delta": 11.101872}}
{"target": 0.62876, "params": {"alpha": 0.2411365725325646, "colsample_bytree": 0.8259387877693806, "lam": 0.07161746066838293, "max_depth": 7.175576361359129, "min_child_weight": 2.539183261680921, "subsample": 0.8979293552061098}, "datetime": {"datetime": "2020-04-25 17:53:55", "elapsed": 2089.321651, "delta": 9.926084}}
{"target": 0.642393, "params": {"alpha": 0.9815909097992185, "colsample_bytree": 0.8522288597806972, "lam": 0.9508674095188894, "max_depth": 7.6393139574088345, "min_child_weight": 7.515825193929743, "subsample": 0.8881860022443617}, "datetime": {"datetime": "2020-04-25 17:54:07", "elapsed": 2100.931459, "delta": 11.609808}}
{"target": 0.6290922, "params": {"alpha": 0.9472666447022022, "colsample_bytree": 0.89478726122097, "lam": 0.0331641513883697, "max_depth": 7.847351231371724, "min_child_weight": 7.386757255171018, "subsample": 0.8810342949675092}, "datetime": {"datetime": "2020-04-25 17:54:19", "elapsed": 2112.555794, "delta": 11.624335}}
{"target": 0.627766, "params": {"alpha": 0.985062669995226, "colsample_bytree": 0.5522948187543527, "lam": 0.9305720002629635, "max_depth": 7.178533684240525, "min_child_weight": 8.280236062871158, "subsample": 0.8482124199544143}, "datetime": {"datetime": "2020-04-25 17:54:30", "elapsed": 2123.563828, "delta": 11.008034}}
{"target": 0.6062696, "params": {"alpha": 0.042875291289916406, "colsample_bytree": 0.8985882608080784, "lam": 0.43934201783606364, "max_depth": 7.414241758560847, "min_child_weight": 6.896676902379481, "subsample": 0.6910485095741703}, "datetime": {"datetime": "2020-04-25 17:54:41", "elapsed": 2134.809031, "delta": 11.245203}}
{"target": 0.6195302, "params": {"alpha": 0.016465937810740017, "colsample_bytree": 0.8309433858869092, "lam": 0.9168430823562873, "max_depth": 7.523166090131629, "min_child_weight": 4.13165143342662, "subsample": 0.8702409165150404}, "datetime": {"datetime": "2020-04-25 17:54:52", "elapsed": 2146.529565, "delta": 11.720534}}
{"target": 0.643305, "params": {"alpha": 0.9958460075354336, "colsample_bytree": 0.8708659873340454, "lam": 0.5056653895973917, "max_depth": 7.336736050452945, "min_child_weight": 9.08451129493304, "subsample": 0.7553224402439661}, "datetime": {"datetime": "2020-04-25 17:55:02", "elapsed": 2156.369421, "delta": 9.839856}}
{"target": 0.6221726000000001, "params": {"alpha": 0.2376784947336591, "colsample_bytree": 0.8905015090988887, "lam": 0.09658066860526404, "max_depth": 3.7547020874076633, "min_child_weight": 1.6227163558529027, "subsample": 0.8935830054158539}, "datetime": {"datetime": "2020-04-25 17:55:12", "elapsed": 2166.434093, "delta": 10.064672}}
{"target": 0.617261, "params": {"alpha": 0.7415192402183951, "colsample_bytree": 0.8726783529391381, "lam": 0.9881534179735413, "max_depth": 6.540557763639088, "min_child_weight": 2.174929017686432, "subsample": 0.8756220616321577}, "datetime": {"datetime": "2020-04-25 17:55:25", "elapsed": 2178.7607, "delta": 12.326607}}
{"target": 0.6371032000000001, "params": {"alpha": 0.9999999894644993, "colsample_bytree": 0.8868914201867281, "lam": 0.9999999712095496, "max_depth": 6.832491699045662, "min_child_weight": 8.909817354220587, "subsample": 0.8999999884838199}, "datetime": {"datetime": "2020-04-25 17:55:36", "elapsed": 2190.160254, "delta": 11.399554}}
{"target": 0.6364943999999999, "params": {"alpha": 0.0, "colsample_bytree": 0.8999999913372891, "lam": 0.9999999999704924, "max_depth": 7.626749105337363, "min_child_weight": 9.202468994875652, "subsample": 0.8999999999955363}, "datetime": {"datetime": "2020-04-25 17:55:49", "elapsed": 2202.699295, "delta": 12.539041}}
{"target": 0.6326468000000001, "params": {"alpha": 0.38874611647087576, "colsample_bytree": 0.8782395279449164, "lam": 0.19639949171172477, "max_depth": 6.275367335045388, "min_child_weight": 6.292968793648404, "subsample": 0.8655682298675542}, "datetime": {"datetime": "2020-04-25 17:56:00", "elapsed": 2214.374775, "delta": 11.67548}}
{"target": 0.6391984, "params": {"alpha": 0.5881686086847788, "colsample_bytree": 0.8965861143919567, "lam": 0.8481154256908834, "max_depth": 7.855164873113408, "min_child_weight": 9.67242130025368, "subsample": 0.5831662888286467}, "datetime": {"datetime": "2020-04-25 17:56:11", "elapsed": 2224.988772, "delta": 10.613997}}
{"target": 0.6121482, "params": {"alpha": 0.0181527975555813, "colsample_bytree": 0.8714038827964279, "lam": 0.983069540171879, "max_depth": 4.993212980904929, "min_child_weight": 1.836338107009695, "subsample": 0.5299641727337693}, "datetime": {"datetime": "2020-04-25 17:56:23", "elapsed": 2236.826789, "delta": 11.838017}}
{"target": 0.5884672, "params": {"alpha": 0.00720990250993081, "colsample_bytree": 0.502528932787827, "lam": 0.8579524298914171, "max_depth": 4.009147099546995, "min_child_weight": 1.8569348222201927, "subsample": 0.894467112610699}, "datetime": {"datetime": "2020-04-25 17:56:35", "elapsed": 2248.618881, "delta": 11.792092}}
{"target": 0.6214228, "params": {"alpha": 0.9302925675349076, "colsample_bytree": 0.6248058144409261, "lam": 0.9693455217348633, "max_depth": 9.354121213346648, "min_child_weight": 5.904261290221549, "subsample": 0.892004198911047}, "datetime": {"datetime": "2020-04-25 17:56:47", "elapsed": 2260.73347, "delta": 12.114589}}
{"target": 0.4726258, "params": {"alpha": 0.999999999454199, "colsample_bytree": 0.5000000049911348, "lam": 3.917248984185512e-09, "max_depth": 10.0, "min_child_weight": 1.0, "subsample": 0.5}, "datetime": {"datetime": "2020-04-25 17:56:58", "elapsed": 2271.997301, "delta": 11.263831}}
{"target": 0.5684094000000001, "params": {"alpha": 5.424875499993816e-09, "colsample_bytree": 0.5000000029486353, "lam": 7.3329258193020385e-09, "max_depth": 7.458787786147929, "min_child_weight": 2.213612061477423, "subsample": 0.5000000023236153}, "datetime": {"datetime": "2020-04-25 17:57:11", "elapsed": 2284.715132, "delta": 12.717831}}
{"target": 0.6284913999999999, "params": {"alpha": 1.0, "colsample_bytree": 0.899999992147466, "lam": 0.9999999841073018, "max_depth": 9.175061419629799, "min_child_weight": 9.708803225826843, "subsample": 0.8940681499418153}, "datetime": {"datetime": "2020-04-25 17:57:22", "elapsed": 2296.402548, "delta": 11.687416}}
{"target": 0.6275213999999999, "params": {"alpha": 0.9966851620457755, "colsample_bytree": 0.8999999971137009, "lam": 0.15709962848573028, "max_depth": 7.043081600094881, "min_child_weight": 2.640352784679385, "subsample": 0.9}, "datetime": {"datetime": "2020-04-25 17:57:36", "elapsed": 2309.961346, "delta": 13.558798}}
{"target": 0.6308252, "params": {"alpha": 0.08678207061573429, "colsample_bytree": 0.8633016363114254, "lam": 0.9909799282998352, "max_depth": 8.579499836733547, "min_child_weight": 7.835102014124295, "subsample": 0.690329605946934}, "datetime": {"datetime": "2020-04-25 17:57:47", "elapsed": 2321.497866, "delta": 11.53652}}
{"target": 0.6193538000000001, "params": {"alpha": 0.6643953484942641, "colsample_bytree": 0.8597673733531839, "lam": 0.05304722577996701, "max_depth": 8.118249697734704, "min_child_weight": 4.517461096990993, "subsample": 0.8812557400704004}, "datetime": {"datetime": "2020-04-25 17:58:01", "elapsed": 2335.198212, "delta": 13.700346}}
{"target": 0.5977296000000001, "params": {"alpha": 0.21292999196483975, "colsample_bytree": 0.8832997692351814, "lam": 0.07628291270947707, "max_depth": 9.924393081553124, "min_child_weight": 1.9781793979596927, "subsample": 0.6433745704513779}, "datetime": {"datetime": "2020-04-25 17:58:15", "elapsed": 2348.613291, "delta": 13.415079}}
{"target": 0.6344422, "params": {"alpha": 0.056162500315617536, "colsample_bytree": 0.8884829755431378, "lam": 0.572017087977319, "max_depth": 5.088633139026295, "min_child_weight": 2.565984015327696, "subsample": 0.8705014765271111}, "datetime": {"datetime": "2020-04-25 17:58:27", "elapsed": 2360.735082, "delta": 12.121791}}
{"target": 0.6254952000000001, "params": {"alpha": 0.9752860325083608, "colsample_bytree": 0.8996617323366625, "lam": 0.4837463600603601, "max_depth": 6.078796415690498, "min_child_weight": 5.347413972291733, "subsample": 0.5831382724976507}, "datetime": {"datetime": "2020-04-25 17:58:37", "elapsed": 2371.336997, "delta": 10.601915}}
{"target": 0.6330204, "params": {"alpha": 0.9999999999968862, "colsample_bytree": 0.8999997297341358, "lam": 1.0, "max_depth": 9.999999999998273, "min_child_weight": 6.830145805072448, "subsample": 0.9}, "datetime": {"datetime": "2020-04-25 17:58:53", "elapsed": 2387.341934, "delta": 16.004937}}
{"target": 0.6427446, "params": {"alpha": 0.08100876801052814, "colsample_bytree": 0.8996861141897521, "lam": 0.25981549894667766, "max_depth": 5.2450793659669195, "min_child_weight": 4.710289309990679, "subsample": 0.874716200040188}, "datetime": {"datetime": "2020-04-25 17:59:06", "elapsed": 2400.092546, "delta": 12.750612}}
{"target": 0.6213713999999999, "params": {"alpha": 0.6167943574296013, "colsample_bytree": 0.8523366753721788, "lam": 0.702613596448404, "max_depth": 5.60728651364092, "min_child_weight": 1.016819080866612, "subsample": 0.8900136228172735}, "datetime": {"datetime": "2020-04-25 17:59:18", "elapsed": 2412.098923, "delta": 12.006377}}
{"target": 0.6291978, "params": {"alpha": 0.9694024024232636, "colsample_bytree": 0.8328941723400056, "lam": 0.016436819978789874, "max_depth": 6.4103405636271376, "min_child_weight": 3.784533671310652, "subsample": 0.8955305530792661}, "datetime": {"datetime": "2020-04-25 17:59:30", "elapsed": 2423.989608, "delta": 11.890685}}
{"target": 0.6370038000000001, "params": {"alpha": 0.03171542231038027, "colsample_bytree": 0.8931507634969396, "lam": 0.7283975489159095, "max_depth": 5.708461963010802, "min_child_weight": 9.846286265975943, "subsample": 0.8151408832945787}, "datetime": {"datetime": "2020-04-25 17:59:43", "elapsed": 2437.280877, "delta": 13.291269}}
{"target": 0.6219104000000001, "params": {"alpha": 0.11484330428118994, "colsample_bytree": 0.5396529493285732, "lam": 0.16048519573036768, "max_depth": 5.029953832131186, "min_child_weight": 9.080888851215164, "subsample": 0.8443848745268698}, "datetime": {"datetime": "2020-04-25 17:59:54", "elapsed": 2448.42452, "delta": 11.143643}}
{"target": 0.6319496, "params": {"alpha": 0.9733601640514511, "colsample_bytree": 0.8893480181457772, "lam": 0.817341428075541, "max_depth": 5.914916764639507, "min_child_weight": 7.087447233544981, "subsample": 0.8564886443930346}, "datetime": {"datetime": "2020-04-25 18:00:08", "elapsed": 2461.716839, "delta": 13.292319}}
{"target": 0.6232382, "params": {"alpha": 0.7658863775140536, "colsample_bytree": 0.875148712646804, "lam": 0.9556581892942254, "max_depth": 9.305687907197099, "min_child_weight": 2.720157572998774, "subsample": 0.8554586661887985}, "datetime": {"datetime": "2020-04-25 18:00:21", "elapsed": 2475.107479, "delta": 13.39064}}
{"target": 0.6355826, "params": {"alpha": 0.22675482115646617, "colsample_bytree": 0.8968911624002214, "lam": 0.5946651045425451, "max_depth": 6.545716651076042, "min_child_weight": 7.399167677593253, "subsample": 0.8141212723690071}, "datetime": {"datetime": "2020-04-25 18:00:35", "elapsed": 2488.804232, "delta": 13.696753}}
{"target": 0.6156404, "params": {"alpha": 0.7713250635689113, "colsample_bytree": 0.5594895953199492, "lam": 0.9923270860981058, "max_depth": 8.04113267950725, "min_child_weight": 7.576642623444632, "subsample": 0.8402446947595995}, "datetime": {"datetime": "2020-04-25 18:00:47", "elapsed": 2501.125832, "delta": 12.3216}}
{"target": 0.6036079999999999, "params": {"alpha": 0.830691691137821, "colsample_bytree": 0.8987356224151613, "lam": 0.9201759828150344, "max_depth": 9.329369159935698, "min_child_weight": 1.0311045087787112, "subsample": 0.8444832118773056}, "datetime": {"datetime": "2020-04-25 18:01:04", "elapsed": 2517.856538, "delta": 16.730706}}
{"target": 0.6296656, "params": {"alpha": 0.4157628731205335, "colsample_bytree": 0.8281037830863314, "lam": 0.9910939950768021, "max_depth": 7.24320137444046, "min_child_weight": 8.224292673986021, "subsample": 0.8872518205789839}, "datetime": {"datetime": "2020-04-25 18:01:16", "elapsed": 2529.965655, "delta": 12.109117}}
{"target": 0.6391442, "params": {"alpha": 0.009526621851883688, "colsample_bytree": 0.7171114781745611, "lam": 0.5686040801427177, "max_depth": 8.191662184241647, "min_child_weight": 9.654360786555829, "subsample": 0.7943112556752681}, "datetime": {"datetime": "2020-04-25 18:01:29", "elapsed": 2543.028899, "delta": 13.063244}}
{"target": 0.6012972, "params": {"alpha": 0.0, "colsample_bytree": 0.899999999999994, "lam": 5.607638839104643e-11, "max_depth": 3.0, "min_child_weight": 1.0000000006255483, "subsample": 0.8999999999998732}, "datetime": {"datetime": "2020-04-25 18:01:40", "elapsed": 2554.31179, "delta": 11.282891}}
{"target": 0.6257796, "params": {"alpha": 0.8956675639717998, "colsample_bytree": 0.8991383991122663, "lam": 0.47200834596362473, "max_depth": 3.55289982430772, "min_child_weight": 5.456398422737291, "subsample": 0.6175156680728613}, "datetime": {"datetime": "2020-04-25 18:01:53", "elapsed": 2567.019633, "delta": 12.707843}}
{"target": 0.6209146000000001, "params": {"alpha": 0.9615286107269349, "colsample_bytree": 0.885260618777512, "lam": 0.08506754794813054, "max_depth": 5.139735019434491, "min_child_weight": 9.948611379024847, "subsample": 0.8545360411389731}, "datetime": {"datetime": "2020-04-25 18:02:03", "elapsed": 2577.015471, "delta": 9.995838}}
{"target": 0.6362392, "params": {"alpha": 0.8749150631247382, "colsample_bytree": 0.8573875463057421, "lam": 0.007066954862745223, "max_depth": 6.750955239108476, "min_child_weight": 5.072174962718261, "subsample": 0.8928982759294886}, "datetime": {"datetime": "2020-04-25 18:02:18", "elapsed": 2591.627679, "delta": 14.612208}}
{"target": 0.6365487999999999, "params": {"alpha": 0.006797871120253207, "colsample_bytree": 0.681054787375482, "lam": 0.07058733823362995, "max_depth": 6.530597357956169, "min_child_weight": 9.274065316968407, "subsample": 0.851037327184887}, "datetime": {"datetime": "2020-04-25 18:02:32", "elapsed": 2606.19913, "delta": 14.571451}}
{"target": 0.6233890000000001, "params": {"alpha": 0.9798725232000649, "colsample_bytree": 0.8418023617444887, "lam": 0.7575789080434363, "max_depth": 6.643988408950859, "min_child_weight": 9.424369270132866, "subsample": 0.6941870921182872}, "datetime": {"datetime": "2020-04-25 18:02:45", "elapsed": 2618.756281, "delta": 12.557151}}
{"target": 0.6437212, "params": {"alpha": 0.9023379167107403, "colsample_bytree": 0.9, "lam": 1.25048195766192e-07, "max_depth": 7.520745801112302, "min_child_weight": 5.958802728577329, "subsample": 0.9}, "datetime": {"datetime": "2020-04-25 18:03:02", "elapsed": 2635.600122, "delta": 16.843841}}
