{"target": 0.6157592, "params": {"alpha": 0.18185546956187604, "colsample_bytree": 0.8809584816811055, "lam": 0.25185873103182044, "max_depth": 3.8116101084338054, "min_child_weight": 3.897850866312725, "subsample": 0.6876650549653035}, "datetime": {"datetime": "2020-04-24 17:38:01", "elapsed": 0.0, "delta": 0.0}}
{"target": 0.6114514, "params": {"alpha": 0.5570506561751059, "colsample_bytree": 0.7264983259989669, "lam": 0.7269464841203553, "max_depth": 8.767620510566081, "min_child_weight": 3.8624089243071036, "subsample": 0.5983101827556878}, "datetime": {"datetime": "2020-04-24 17:38:02", "elapsed": 1.142271, "delta": 1.142271}}
{"target": 0.6062656000000001, "params": {"alpha": 0.7944025225959132, "colsample_bytree": 0.584692314161752, "lam": 0.7632356296132936, "max_depth": 5.84505015051575, "min_child_weight": 2.2422710940041064, "subsample": 0.8522140662705571}, "datetime": {"datetime": "2020-04-24 17:38:03", "elapsed": 2.055896, "delta": 0.913625}}
{"target": 0.6179128, "params": {"alpha": 0.7739298998917892, "colsample_bytree": 0.802790444825169, "lam": 0.9982389689623515, "max_depth": 3.596601949572084, "min_child_weight": 5.471342624379542, "subsample": 0.8072868605193821}, "datetime": {"datetime": "2020-04-24 17:38:03", "elapsed": 2.85484, "delta": 0.798944}}
{"target": 0.6210342, "params": {"alpha": 8.697539681523647e-05, "colsample_bytree": 0.7859397399644844, "lam": 0.5034279346241681, "max_depth": 6.7157843847422996, "min_child_weight": 8.857362772258625, "subsample": 0.5648824152914989}, "datetime": {"datetime": "2020-04-24 17:38:04", "elapsed": 3.759637, "delta": 0.904797}}
{"target": 0.6176496, "params": {"alpha": 0.42921551288465243, "colsample_bytree": 0.5778635097819382, "lam": 0.45025525646589626, "max_depth": 9.649490074866492, "min_child_weight": 8.616607962151399, "subsample": 0.8741232165888824}, "datetime": {"datetime": "2020-04-24 17:38:06", "elapsed": 5.041217, "delta": 1.28158}}
{"target": 0.6180692000000001, "params": {"alpha": 0.01099701049938151, "colsample_bytree": 0.5476618137716726, "lam": 0.24704419733882133, "max_depth": 5.754955780319632, "min_child_weight": 8.664022416449619, "subsample": 0.6327393665631956}, "datetime": {"datetime": "2020-04-24 17:38:07", "elapsed": 5.900018, "delta": 0.858801}}
{"target": 0.6360084, "params": {"alpha": 0.032481028691646596, "colsample_bytree": 0.7747216457069417, "lam": 0.4587354290063357, "max_depth": 5.3072289485452995, "min_child_weight": 6.691445561287841, "subsample": 0.8032992101187229}, "datetime": {"datetime": "2020-04-24 17:38:07", "elapsed": 6.721359, "delta": 0.821341}}
{"target": 0.6261902, "params": {"alpha": 0.4939036030680686, "colsample_bytree": 0.648686303133431, "lam": 0.9060990031544316, "max_depth": 7.812254682466183, "min_child_weight": 4.838310311107278, "subsample": 0.6798390459622997}, "datetime": {"datetime": "2020-04-24 17:38:08", "elapsed": 7.74573, "delta": 1.024371}}
{"target": 0.6305396000000001, "params": {"alpha": 0.4292377502444489, "colsample_bytree": 0.8065539849212664, "lam": 0.9782380203595245, "max_depth": 9.971585407176597, "min_child_weight": 6.316550760260158, "subsample": 0.8360349850811355}, "datetime": {"datetime": "2020-04-24 17:38:10", "elapsed": 9.096675, "delta": 1.350945}}
{"target": 0.6464163999999999, "params": {"alpha": 0.002643435887683343, "colsample_bytree": 0.6967732932290496, "lam": 0.9681087316376705, "max_depth": 5.456094449249759, "min_child_weight": 4.131403158073704, "subsample": 0.8266312065689493}, "datetime": {"datetime": "2020-04-24 17:38:11", "elapsed": 10.495241, "delta": 1.398566}}
{"target": 0.6018131999999999, "params": {"alpha": 0.05626364400050188, "colsample_bytree": 0.523116309632867, "lam": 0.9275742607090819, "max_depth": 8.702784547532815, "min_child_weight": 4.8212819278687595, "subsample": 0.8857212640691507}, "datetime": {"datetime": "2020-04-24 17:38:13", "elapsed": 12.393847, "delta": 1.898606}}
{"target": 0.6089886, "params": {"alpha": 1.0, "colsample_bytree": 0.9, "lam": 1.0, "max_depth": 3.0, "min_child_weight": 10.0, "subsample": 0.9}, "datetime": {"datetime": "2020-04-24 17:38:14", "elapsed": 13.63864, "delta": 1.244793}}
{"target": 0.6278608, "params": {"alpha": 1.0, "colsample_bytree": 0.9, "lam": 1.0, "max_depth": 10.0, "min_child_weight": 10.0, "subsample": 0.5}, "datetime": {"datetime": "2020-04-24 17:38:16", "elapsed": 15.185701, "delta": 1.547061}}
{"target": 0.6093022, "params": {"alpha": 0.05122777809785095, "colsample_bytree": 0.7978275838602413, "lam": 0.8789558515517719, "max_depth": 4.038950294632534, "min_child_weight": 1.0521130030381247, "subsample": 0.6074557638851407}, "datetime": {"datetime": "2020-04-24 17:38:17", "elapsed": 16.578682, "delta": 1.392981}}
{"target": 0.6310509999999999, "params": {"alpha": 1.0, "colsample_bytree": 0.9, "lam": 0.0, "max_depth": 8.878410891793564, "min_child_weight": 7.090058907194568, "subsample": 0.9}, "datetime": {"datetime": "2020-04-24 17:38:19", "elapsed": 18.228365, "delta": 1.649683}}
{"target": 0.5924896000000001, "params": {"alpha": 0.017684117226385743, "colsample_bytree": 0.7666572596718013, "lam": 0.9907672473358577, "max_depth": 3.234135813675908, "min_child_weight": 9.744628606222573, "subsample": 0.6256638060289522}, "datetime": {"datetime": "2020-04-24 17:38:20", "elapsed": 19.561337, "delta": 1.332972}}
{"target": 0.5878553999999999, "params": {"alpha": 0.9421263785241952, "colsample_bytree": 0.8952093521666102, "lam": 0.9671355541125635, "max_depth": 9.853163260889822, "min_child_weight": 1.04072857740902, "subsample": 0.8853380835796469}, "datetime": {"datetime": "2020-04-24 17:38:22", "elapsed": 21.765253, "delta": 2.203916}}
{"target": 0.6195136, "params": {"alpha": 0.0, "colsample_bytree": 0.9, "lam": 0.9999999999661018, "max_depth": 6.606733552728553, "min_child_weight": 2.534559461923594, "subsample": 0.5}, "datetime": {"datetime": "2020-04-24 17:38:24", "elapsed": 23.275533, "delta": 1.51028}}
{"target": 0.6358847999999999, "params": {"alpha": 0.7754931346598641, "colsample_bytree": 0.6809762034998394, "lam": 0.9981395472529828, "max_depth": 6.131045393633546, "min_child_weight": 8.778874975804918, "subsample": 0.8977808189977207}, "datetime": {"datetime": "2020-04-24 17:38:25", "elapsed": 24.630455, "delta": 1.354922}}
{"target": 0.631481, "params": {"alpha": 0.9600888612073664, "colsample_bytree": 0.7746786411098743, "lam": 0.9638326575616221, "max_depth": 9.969353238598053, "min_child_weight": 6.74312071042275, "subsample": 0.5249308467099926}, "datetime": {"datetime": "2020-04-24 17:38:27", "elapsed": 26.292531, "delta": 1.662076}}
{"target": 0.6379802, "params": {"alpha": 0.9697168648914709, "colsample_bytree": 0.8880630213170406, "lam": 0.7425277098199174, "max_depth": 5.766797383459002, "min_child_weight": 5.5135697572719495, "subsample": 0.8730534324480024}, "datetime": {"datetime": "2020-04-24 17:38:28", "elapsed": 27.611848, "delta": 1.319317}}
{"target": 0.6365332, "params": {"alpha": 0.8886542095601583, "colsample_bytree": 0.8562735277573761, "lam": 0.10466884178123248, "max_depth": 5.646049538432186, "min_child_weight": 9.993861165620643, "subsample": 0.8690707944409185}, "datetime": {"datetime": "2020-04-24 17:38:30", "elapsed": 28.983168, "delta": 1.37132}}
{"target": 0.6009393999999999, "params": {"alpha": 0.02007355271817457, "colsample_bytree": 0.5289540170915326, "lam": 0.9574485521821223, "max_depth": 5.44276966286854, "min_child_weight": 4.781132539386207, "subsample": 0.5639677623108239}, "datetime": {"datetime": "2020-04-24 17:38:31", "elapsed": 30.270414, "delta": 1.287246}}
{"target": 0.6026672, "params": {"alpha": 0.5570785387415685, "colsample_bytree": 0.8939575709537, "lam": 0.993010793301576, "max_depth": 3.097566112067091, "min_child_weight": 2.3946639812735206, "subsample": 0.8475446639280115}, "datetime": {"datetime": "2020-04-24 17:38:32", "elapsed": 31.472362, "delta": 1.201948}}
{"target": 0.5989093999999999, "params": {"alpha": 0.0, "colsample_bytree": 0.9, "lam": 0.0, "max_depth": 3.0000000025989966, "min_child_weight": 10.0, "subsample": 0.9}, "datetime": {"datetime": "2020-04-24 17:38:33", "elapsed": 32.761921, "delta": 1.289559}}
{"target": 0.6012972, "params": {"alpha": 0.0, "colsample_bytree": 0.9, "lam": 0.0, "max_depth": 3.2432044836145404, "min_child_weight": 1.0000000000097944, "subsample": 0.9}, "datetime": {"datetime": "2020-04-24 17:38:35", "elapsed": 33.980859, "delta": 1.218938}}
{"target": 0.6299064000000001, "params": {"alpha": 0.046835563119906665, "colsample_bytree": 0.8764878571202905, "lam": 0.8968498171712812, "max_depth": 4.85631325688529, "min_child_weight": 9.087787085078332, "subsample": 0.8924130919302655}, "datetime": {"datetime": "2020-04-24 17:38:36", "elapsed": 35.294496, "delta": 1.313637}}
{"target": 0.6240022, "params": {"alpha": 0.9803216610056673, "colsample_bytree": 0.9, "lam": 0.8208759327962258, "max_depth": 8.71440729579786, "min_child_weight": 4.244489556936316, "subsample": 0.8744552933296378}, "datetime": {"datetime": "2020-04-24 17:38:38", "elapsed": 37.165029, "delta": 1.870533}}
{"target": 0.6300582, "params": {"alpha": 0.0006135368286910571, "colsample_bytree": 0.9, "lam": 0.0, "max_depth": 6.8762111331942615, "min_child_weight": 4.138753671058291, "subsample": 0.9}, "datetime": {"datetime": "2020-04-24 17:38:39", "elapsed": 38.733944, "delta": 1.568915}}
{"target": 0.5967669999999999, "params": {"alpha": 0.7567550316805277, "colsample_bytree": 0.8752526894253354, "lam": 0.15638509294077518, "max_depth": 3.4346864234180856, "min_child_weight": 8.07880655789882, "subsample": 0.897778935172328}, "datetime": {"datetime": "2020-04-24 17:38:41", "elapsed": 39.913455, "delta": 1.179511}}
{"target": 0.6077977999999999, "params": {"alpha": 2.362646005272335e-09, "colsample_bytree": 0.9, "lam": 1.0, "max_depth": 3.000000003810652, "min_child_weight": 4.7670103512044255, "subsample": 0.9}, "datetime": {"datetime": "2020-04-24 17:38:42", "elapsed": 41.193301, "delta": 1.279846}}
{"target": 0.644869, "params": {"alpha": 0.4910776915875774, "colsample_bytree": 0.8459238774698394, "lam": 0.1078546846784596, "max_depth": 9.81136726355492, "min_child_weight": 9.987210356695957, "subsample": 0.8770378086418332}, "datetime": {"datetime": "2020-04-24 17:38:44", "elapsed": 43.106352, "delta": 1.913051}}
{"target": 0.628412, "params": {"alpha": 0.0, "colsample_bytree": 0.9, "lam": 0.0, "max_depth": 10.0, "min_child_weight": 10.0, "subsample": 0.5}, "datetime": {"datetime": "2020-04-24 17:38:45", "elapsed": 44.814849, "delta": 1.708497}}
{"target": 0.6326098, "params": {"alpha": 2.290245208247388e-05, "colsample_bytree": 0.8627722379470535, "lam": 0.9117958807181141, "max_depth": 7.66898307562331, "min_child_weight": 9.872591496763684, "subsample": 0.8846909964298699}, "datetime": {"datetime": "2020-04-24 17:38:47", "elapsed": 46.51034, "delta": 1.695491}}
{"target": 0.6296732, "params": {"alpha": 0.3468058045658351, "colsample_bytree": 0.8638658488030582, "lam": 0.9836331069685857, "max_depth": 4.73011264693304, "min_child_weight": 3.900957214406488, "subsample": 0.8969713639547041}, "datetime": {"datetime": "2020-04-24 17:38:49", "elapsed": 48.043982, "delta": 1.533642}}
{"target": 0.5462119999999999, "params": {"alpha": 0.007329099757014235, "colsample_bytree": 0.5545372008918865, "lam": 0.2477361479930642, "max_depth": 9.99617765489717, "min_child_weight": 1.1955233327708683, "subsample": 0.680330517872801}, "datetime": {"datetime": "2020-04-24 17:38:51", "elapsed": 50.268764, "delta": 2.224782}}
{"target": 0.5754914, "params": {"alpha": 0.5571093052297599, "colsample_bytree": 0.5564299335146674, "lam": 0.03731772309434511, "max_depth": 3.2761313517553448, "min_child_weight": 5.439220230807395, "subsample": 0.8867203884607232}, "datetime": {"datetime": "2020-04-24 17:38:52", "elapsed": 51.710269, "delta": 1.441505}}
{"target": 0.641819, "params": {"alpha": 0.946531186836452, "colsample_bytree": 0.8677543405042702, "lam": 0.07265250825373948, "max_depth": 8.235947844248825, "min_child_weight": 9.983972115605924, "subsample": 0.8352688521589575}, "datetime": {"datetime": "2020-04-24 17:38:54", "elapsed": 53.425624, "delta": 1.715355}}
{"target": 0.6370682000000001, "params": {"alpha": 0.0, "colsample_bytree": 0.9, "lam": 1.0, "max_depth": 9.999999999999947, "min_child_weight": 10.0, "subsample": 0.9}, "datetime": {"datetime": "2020-04-24 17:38:56", "elapsed": 55.347417, "delta": 1.921793}}
{"target": 0.6322472, "params": {"alpha": 0.2664062081630374, "colsample_bytree": 0.9, "lam": 1.0, "max_depth": 7.786847408079176, "min_child_weight": 7.1536468911614906, "subsample": 0.899999999987061}, "datetime": {"datetime": "2020-04-24 17:38:58", "elapsed": 57.103082, "delta": 1.755665}}
{"target": 0.639276, "params": {"alpha": 0.6642267606851129, "colsample_bytree": 0.8789374172379281, "lam": 0.017693844896377153, "max_depth": 6.099146513586458, "min_child_weight": 8.432876545420296, "subsample": 0.8801376776709513}, "datetime": {"datetime": "2020-04-24 17:38:59", "elapsed": 58.65441, "delta": 1.551328}}
{"target": 0.5852044000000001, "params": {"alpha": 0.0, "colsample_bytree": 0.5, "lam": 1.0, "max_depth": 7.337314835167269, "min_child_weight": 1.0000000104448363, "subsample": 0.9}, "datetime": {"datetime": "2020-04-24 17:39:01", "elapsed": 60.23717, "delta": 1.58276}}
{"target": 0.6003527999999999, "params": {"alpha": 0.9489561413995636, "colsample_bytree": 0.5399558051956594, "lam": 0.05641000506742877, "max_depth": 9.911908959461343, "min_child_weight": 5.643218757141295, "subsample": 0.6439326612473585}, "datetime": {"datetime": "2020-04-24 17:39:03", "elapsed": 62.185407, "delta": 1.948237}}
{"target": 0.6033915999999999, "params": {"alpha": 0.05296599049181072, "colsample_bytree": 0.5423316168214215, "lam": 0.6062915849700101, "max_depth": 4.271918858396927, "min_child_weight": 2.524052883007771, "subsample": 0.8559967558524613}, "datetime": {"datetime": "2020-04-24 17:39:04", "elapsed": 63.684375, "delta": 1.498968}}
{"target": 0.6391904, "params": {"alpha": 0.9570241309051453, "colsample_bytree": 0.885939707145557, "lam": 0.048886626517004816, "max_depth": 9.99048206368382, "min_child_weight": 8.469473331393317, "subsample": 0.8184153710539389}, "datetime": {"datetime": "2020-04-24 17:39:06", "elapsed": 65.648977, "delta": 1.964602}}
{"target": 0.6050701999999999, "params": {"alpha": 8.211513281461696e-09, "colsample_bytree": 0.5000000023315172, "lam": 0.07073003078259, "max_depth": 6.646043881692751, "min_child_weight": 9.898552744983926, "subsample": 0.9}, "datetime": {"datetime": "2020-04-24 17:39:08", "elapsed": 67.168911, "delta": 1.519934}}
{"target": 0.6109983999999999, "params": {"alpha": 1.0, "colsample_bytree": 0.9, "lam": 1.0, "max_depth": 10.0, "min_child_weight": 4.046954622760683, "subsample": 0.5}, "datetime": {"datetime": "2020-04-24 17:39:10", "elapsed": 69.07036, "delta": 1.901449}}
{"target": 0.6336682, "params": {"alpha": 0.5627290330954114, "colsample_bytree": 0.8999999964472086, "lam": 0.9999999906062305, "max_depth": 6.623849027253583, "min_child_weight": 3.7995264568572655, "subsample": 0.8381528165090942}, "datetime": {"datetime": "2020-04-24 17:39:11", "elapsed": 70.738532, "delta": 1.668172}}
{"target": 0.5879719999999999, "params": {"alpha": 1.0, "colsample_bytree": 0.9, "lam": 0.010162145931936966, "max_depth": 3.0, "min_child_weight": 1.0, "subsample": 0.5}, "datetime": {"datetime": "2020-04-24 17:39:13", "elapsed": 72.179689, "delta": 1.441157}}
{"target": 0.5961894, "params": {"alpha": 1.0, "colsample_bytree": 0.9, "lam": 0.430760760945274, "max_depth": 7.928575171892622, "min_child_weight": 1.0000000003955556, "subsample": 0.5}, "datetime": {"datetime": "2020-04-24 17:39:15", "elapsed": 74.049171, "delta": 1.869482}}
{"target": 0.6327187999999999, "params": {"alpha": 0.951740279337391, "colsample_bytree": 0.9, "lam": 0.9563596408940589, "max_depth": 5.250114617503363, "min_child_weight": 7.637215484370948, "subsample": 0.6792301676839217}, "datetime": {"datetime": "2020-04-24 17:39:16", "elapsed": 75.554762, "delta": 1.505591}}
{"target": 0.6448736, "params": {"alpha": 4.501176491145099e-08, "colsample_bytree": 0.9, "lam": 0.009384616851453784, "max_depth": 4.953780376972211, "min_child_weight": 3.966400617187119, "subsample": 0.9}, "datetime": {"datetime": "2020-04-24 17:39:18", "elapsed": 77.123804, "delta": 1.569042}}
{"target": 0.6339184, "params": {"alpha": 0.9884460162609745, "colsample_bytree": 0.8312850240558546, "lam": 0.9133951977125011, "max_depth": 6.489064663504763, "min_child_weight": 9.743677400193612, "subsample": 0.6402706176373453}, "datetime": {"datetime": "2020-04-24 17:39:19", "elapsed": 78.66598, "delta": 1.542176}}
{"target": 0.6329849999999999, "params": {"alpha": 0.9679160805262625, "colsample_bytree": 0.8735197530881964, "lam": 0.9754675285751914, "max_depth": 7.8648205684095895, "min_child_weight": 8.97807798437949, "subsample": 0.8867287975654892}, "datetime": {"datetime": "2020-04-24 17:39:21", "elapsed": 80.419373, "delta": 1.753393}}
{"target": 0.6337402000000001, "params": {"alpha": 0.002385576242283416, "colsample_bytree": 0.8229739908276688, "lam": 0.9985176678286014, "max_depth": 6.014392116196841, "min_child_weight": 4.002022389435995, "subsample": 0.8630283236101857}, "datetime": {"datetime": "2020-04-24 17:39:23", "elapsed": 82.170161, "delta": 1.750788}}
{"target": 0.6000338000000001, "params": {"alpha": 0.9957422747653321, "colsample_bytree": 0.5081019812317193, "lam": 0.06537945126487765, "max_depth": 7.188154067914873, "min_child_weight": 3.944464171829961, "subsample": 0.8917574805638198}, "datetime": {"datetime": "2020-04-24 17:39:24", "elapsed": 83.856938, "delta": 1.686777}}
{"target": 0.6374296, "params": {"alpha": 0.0, "colsample_bytree": 0.9, "lam": 0.0, "max_depth": 7.00247820892463, "min_child_weight": 6.8414282431396165, "subsample": 0.8999999900604054}, "datetime": {"datetime": "2020-04-24 17:39:26", "elapsed": 85.576408, "delta": 1.71947}}
{"target": 0.5712126, "params": {"alpha": 0.039211612396523154, "colsample_bytree": 0.5869002263470533, "lam": 0.9313657036619326, "max_depth": 3.075115511009031, "min_child_weight": 1.2013424680921219, "subsample": 0.8153963780950244}, "datetime": {"datetime": "2020-04-24 17:39:28", "elapsed": 87.037642, "delta": 1.461234}}
{"target": 0.6225373999999999, "params": {"alpha": 0.14623582212850206, "colsample_bytree": 0.86511734859429, "lam": 0.06770186931353683, "max_depth": 9.990140703709383, "min_child_weight": 7.039162293132279, "subsample": 0.7899556269009165}, "datetime": {"datetime": "2020-04-24 17:39:30", "elapsed": 89.147275, "delta": 2.109633}}
{"target": 0.6342978, "params": {"alpha": 0.9156654670556414, "colsample_bytree": 0.8567412447488161, "lam": 0.7936496215626417, "max_depth": 7.541535759615718, "min_child_weight": 6.389356767543624, "subsample": 0.898275442341349}, "datetime": {"datetime": "2020-04-24 17:39:32", "elapsed": 90.90602, "delta": 1.758745}}
{"target": 0.6126886, "params": {"alpha": 0.004005509034856192, "colsample_bytree": 0.7994964443428804, "lam": 0.17641616814880645, "max_depth": 5.6160304394162015, "min_child_weight": 1.5419849386729991, "subsample": 0.5285087233016139}, "datetime": {"datetime": "2020-04-24 17:39:33", "elapsed": 92.77693, "delta": 1.87091}}
{"target": 0.5913738000000001, "params": {"alpha": 0.9897653358477436, "colsample_bytree": 0.5132910726902585, "lam": 0.9744161080821941, "max_depth": 7.700552803691397, "min_child_weight": 3.4568765775681176, "subsample": 0.5285804026768941}, "datetime": {"datetime": "2020-04-24 17:39:35", "elapsed": 94.663961, "delta": 1.887031}}
{"target": 0.6180212, "params": {"alpha": 0.7932090151076866, "colsample_bytree": 0.8961674633518719, "lam": 0.04855154003847939, "max_depth": 8.968729690803364, "min_child_weight": 5.098342453799714, "subsample": 0.5255075164214782}, "datetime": {"datetime": "2020-04-24 17:39:37", "elapsed": 96.526518, "delta": 1.862557}}
{"target": 0.6047034, "params": {"alpha": 0.9593241879512042, "colsample_bytree": 0.8964697278123531, "lam": 0.9870175991125887, "max_depth": 5.935656700101983, "min_child_weight": 1.1388709774893, "subsample": 0.5693759649645451}, "datetime": {"datetime": "2020-04-24 17:39:39", "elapsed": 98.175791, "delta": 1.649273}}
{"target": 0.5896878, "params": {"alpha": 0.9028634464765527, "colsample_bytree": 0.530871934172487, "lam": 0.1264017134238804, "max_depth": 3.8642861898130385, "min_child_weight": 9.989674235011185, "subsample": 0.5096979408544012}, "datetime": {"datetime": "2020-04-24 17:39:40", "elapsed": 99.622089, "delta": 1.446298}}
{"target": 0.6343156000000001, "params": {"alpha": 0.9801198821446323, "colsample_bytree": 0.8900223907389941, "lam": 0.20677932602300997, "max_depth": 6.092385932292966, "min_child_weight": 6.780585036465355, "subsample": 0.8805241600850395}, "datetime": {"datetime": "2020-04-24 17:39:42", "elapsed": 101.224428, "delta": 1.602339}}
{"target": 0.6349066000000001, "params": {"alpha": 0.16018213838086304, "colsample_bytree": 0.8768906084349588, "lam": 0.04083879547055935, "max_depth": 9.12189593668759, "min_child_weight": 9.633115390010015, "subsample": 0.8806990415409846}, "datetime": {"datetime": "2020-04-24 17:39:44", "elapsed": 103.105558, "delta": 1.88113}}
{"target": 0.6287853999999999, "params": {"alpha": 0.10039355981614861, "colsample_bytree": 0.8779543933049359, "lam": 0.7915199809414439, "max_depth": 5.3188830299398395, "min_child_weight": 7.908025636640355, "subsample": 0.892835774218609}, "datetime": {"datetime": "2020-04-24 17:39:45", "elapsed": 104.570324, "delta": 1.464766}}
{"target": 0.6294335999999999, "params": {"alpha": 0.7487111386528965, "colsample_bytree": 0.8596313739400296, "lam": 0.8240602007878667, "max_depth": 5.060496164506883, "min_child_weight": 9.936735431688398, "subsample": 0.887536443520959}, "datetime": {"datetime": "2020-04-24 17:39:47", "elapsed": 106.052132, "delta": 1.481808}}
