{"target": 0.6412908, "params": {"alpha": 0.010533148701169615, "colsample_bytree": 0.8751088894877415, "lam": 0.07570540534960779, "max_depth": 8.216693504863766, "min_child_weight": 9.227457953982048, "subsample": 0.8899785833393059}, "datetime": {"datetime": "2020-04-24 17:59:13", "elapsed": 1272.203472, "delta": 7.989706}}
{"target": 0.634047, "params": {"alpha": 0.9148920578586021, "colsample_bytree": 0.8612928309842033, "lam": 0.08565859433867862, "max_depth": 9.2573680276425, "min_child_weight": 7.816828552973154, "subsample": 0.553346510568979}, "datetime": {"datetime": "2020-04-24 17:59:21", "elapsed": 1280.721507, "delta": 8.518035}}
{"target": 0.6313096, "params": {"alpha": 0.35759554650387093, "colsample_bytree": 0.8962202864747573, "lam": 0.28191292444919025, "max_depth": 5.840562621676379, "min_child_weight": 6.477815106876647, "subsample": 0.8687839484022919}, "datetime": {"datetime": "2020-04-24 17:59:29", "elapsed": 1288.418538, "delta": 7.697031}}
{"target": 0.6359397999999999, "params": {"alpha": 0.8752635093403344, "colsample_bytree": 0.8162032965828248, "lam": 0.024565968481489286, "max_depth": 5.46122960319319, "min_child_weight": 3.921538406068604, "subsample": 0.8876386195034693}, "datetime": {"datetime": "2020-04-24 17:59:37", "elapsed": 1295.936768, "delta": 7.51823}}
{"target": 0.6204134, "params": {"alpha": 0.9742983197999143, "colsample_bytree": 0.8956367698273162, "lam": 0.9920854131500688, "max_depth": 4.102517596258013, "min_child_weight": 1.0074105454204823, "subsample": 0.5737136964541866}, "datetime": {"datetime": "2020-04-24 17:59:44", "elapsed": 1303.73817, "delta": 7.801402}}
{"target": 0.6323278, "params": {"alpha": 0.017840844458475225, "colsample_bytree": 0.8416042043029792, "lam": 0.4075775575421068, "max_depth": 4.899040193797211, "min_child_weight": 9.971845625525832, "subsample": 0.8400194405132446}, "datetime": {"datetime": "2020-04-24 17:59:52", "elapsed": 1311.625187, "delta": 7.887017}}
{"target": 0.6167436000000001, "params": {"alpha": 0.036325635162908876, "colsample_bytree": 0.5321983760167852, "lam": 0.007320370238407481, "max_depth": 7.706842374257733, "min_child_weight": 8.303036741007645, "subsample": 0.8239300448207632}, "datetime": {"datetime": "2020-04-24 18:00:01", "elapsed": 1320.766175, "delta": 9.140988}}
{"target": 0.6365276, "params": {"alpha": 0.9999999954970848, "colsample_bytree": 0.9, "lam": 4.502915132309626e-09, "max_depth": 7.132821189353345, "min_child_weight": 9.999999992134956, "subsample": 0.8999999981988339}, "datetime": {"datetime": "2020-04-24 18:00:10", "elapsed": 1328.908103, "delta": 8.141928}}
{"target": 0.615518, "params": {"alpha": 0.20822101399285098, "colsample_bytree": 0.6166357716518162, "lam": 0.9982120502248985, "max_depth": 5.381114235766499, "min_child_weight": 3.4266284458273324, "subsample": 0.8825080490990358}, "datetime": {"datetime": "2020-04-24 18:00:18", "elapsed": 1337.861529, "delta": 8.953426}}
{"target": 0.6299357999999999, "params": {"alpha": 0.08940449243127446, "colsample_bytree": 0.7631991174433609, "lam": 0.012135024575173903, "max_depth": 4.862137153499972, "min_child_weight": 5.425043859680474, "subsample": 0.8593669563875466}, "datetime": {"datetime": "2020-04-24 18:00:25", "elapsed": 1344.793471, "delta": 6.931942}}
{"target": 0.6363184, "params": {"alpha": 0.999934774261022, "colsample_bytree": 0.8926160175226991, "lam": 0.5253071910487432, "max_depth": 7.00269184092886, "min_child_weight": 8.555789375781156, "subsample": 0.8656615108689083}, "datetime": {"datetime": "2020-04-24 18:00:33", "elapsed": 1352.179657, "delta": 7.386186}}
{"target": 0.6398767999999999, "params": {"alpha": 0.07860200085924518, "colsample_bytree": 0.8943895535705368, "lam": 0.0885920284144518, "max_depth": 5.552592030908072, "min_child_weight": 4.370481243213929, "subsample": 0.8926486749821396}, "datetime": {"datetime": "2020-04-24 18:00:41", "elapsed": 1360.339533, "delta": 8.159876}}
{"target": 0.5983556, "params": {"alpha": 0.03672157415207765, "colsample_bytree": 0.8999999676451204, "lam": 0.9912041017766802, "max_depth": 3.00002385584952, "min_child_weight": 8.667624775695955, "subsample": 0.5006323756117143}, "datetime": {"datetime": "2020-04-24 18:00:50", "elapsed": 1369.329336, "delta": 8.989803}}
{"target": 0.6345518, "params": {"alpha": 0.9492256306175356, "colsample_bytree": 0.8846092313921412, "lam": 0.6136396580563421, "max_depth": 6.605947003517091, "min_child_weight": 7.622647665731511, "subsample": 0.8864691449724869}, "datetime": {"datetime": "2020-04-24 18:00:58", "elapsed": 1377.062795, "delta": 7.733459}}
{"target": 0.6199964, "params": {"alpha": 0.8481300834532967, "colsample_bytree": 0.8886643166613928, "lam": 0.9382358294135489, "max_depth": 8.123211378841699, "min_child_weight": 3.0778571648702893, "subsample": 0.8334246294110926}, "datetime": {"datetime": "2020-04-24 18:01:07", "elapsed": 1386.620795, "delta": 9.558}}
{"target": 0.606279, "params": {"alpha": 0.014506805184662075, "colsample_bytree": 0.5241313002730018, "lam": 0.21826874272957109, "max_depth": 6.423001036793296, "min_child_weight": 5.068989697280832, "subsample": 0.8989333332372813}, "datetime": {"datetime": "2020-04-24 18:01:16", "elapsed": 1395.648528, "delta": 9.027733}}
{"target": 0.621307, "params": {"alpha": 0.3583092550004482, "colsample_bytree": 0.8860217488065746, "lam": 0.9565324511947313, "max_depth": 7.495081676284555, "min_child_weight": 6.369301209808959, "subsample": 0.885639621920908}, "datetime": {"datetime": "2020-04-24 18:01:26", "elapsed": 1405.717703, "delta": 10.069175}}
{"target": 0.6412152000000001, "params": {"alpha": 0.3575072171895738, "colsample_bytree": 0.8993263221732837, "lam": 0.480738651873703, "max_depth": 7.713089640991586, "min_child_weight": 6.888559650750205, "subsample": 0.8988338483757965}, "datetime": {"datetime": "2020-04-24 18:01:37", "elapsed": 1416.709362, "delta": 10.991659}}
{"target": 0.627126, "params": {"alpha": 0.38991644826117167, "colsample_bytree": 0.829645310838059, "lam": 0.7479422329919503, "max_depth": 7.4933251923838196, "min_child_weight": 5.3624982717145, "subsample": 0.8836690177026899}, "datetime": {"datetime": "2020-04-24 18:01:46", "elapsed": 1425.189152, "delta": 8.47979}}
{"target": 0.5914818, "params": {"alpha": 0.03622336712819996, "colsample_bytree": 0.5201688130052647, "lam": 0.9657127248094086, "max_depth": 7.705827410214697, "min_child_weight": 5.4471038993253025, "subsample": 0.644005655599372}, "datetime": {"datetime": "2020-04-24 18:01:57", "elapsed": 1436.409162, "delta": 11.22001}}
{"target": 0.6376542, "params": {"alpha": 0.04530721992283859, "colsample_bytree": 0.7737769076101368, "lam": 0.8611910056096664, "max_depth": 7.467028081276963, "min_child_weight": 8.083418770231983, "subsample": 0.8813638412851548}, "datetime": {"datetime": "2020-04-24 18:02:05", "elapsed": 1444.492555, "delta": 8.083393}}
{"target": 0.6387176, "params": {"alpha": 0.06225645614412967, "colsample_bytree": 0.876141755824244, "lam": 0.19897914727390043, "max_depth": 7.413792712852387, "min_child_weight": 7.350498507144618, "subsample": 0.8804221753228891}, "datetime": {"datetime": "2020-04-24 18:02:13", "elapsed": 1452.571117, "delta": 8.078562}}
{"target": 0.6122574000000001, "params": {"alpha": 0.8261676706864061, "colsample_bytree": 0.5404088225138935, "lam": 0.9637773163815848, "max_depth": 6.613243343081985, "min_child_weight": 9.90730695204025, "subsample": 0.8947746842537581}, "datetime": {"datetime": "2020-04-24 18:02:22", "elapsed": 1461.082759, "delta": 8.511642}}
{"target": 0.5711, "params": {"alpha": 0.0, "colsample_bytree": 0.5, "lam": 0.0, "max_depth": 3.8657854755200147, "min_child_weight": 1.0, "subsample": 0.5}, "datetime": {"datetime": "2020-04-24 18:02:30", "elapsed": 1469.566085, "delta": 8.483326}}
{"target": 0.6365263999999999, "params": {"alpha": 0.9272783878969884, "colsample_bytree": 0.8853285609908872, "lam": 0.9774776837928256, "max_depth": 9.05160765036049, "min_child_weight": 8.255813618923641, "subsample": 0.8504126791190671}, "datetime": {"datetime": "2020-04-24 18:02:40", "elapsed": 1479.20257, "delta": 9.636485}}
{"target": 0.6320338000000001, "params": {"alpha": 0.6299031361784962, "colsample_bytree": 0.8281494396098488, "lam": 0.9821645045984206, "max_depth": 7.749724876206418, "min_child_weight": 8.28568466465645, "subsample": 0.5449296090522475}, "datetime": {"datetime": "2020-04-24 18:02:50", "elapsed": 1489.029368, "delta": 9.826798}}
{"target": 0.641423, "params": {"alpha": 0.3138944278028257, "colsample_bytree": 0.8972698748999446, "lam": 0.28633623631565563, "max_depth": 7.60289287346583, "min_child_weight": 8.918573001872634, "subsample": 0.8945573211053095}, "datetime": {"datetime": "2020-04-24 18:02:59", "elapsed": 1498.479866, "delta": 9.450498}}
{"target": 0.6342668, "params": {"alpha": 0.4150947962178795, "colsample_bytree": 0.8385463866060738, "lam": 0.9746123860402879, "max_depth": 8.133408552415185, "min_child_weight": 4.438449374804108, "subsample": 0.8330280643499091}, "datetime": {"datetime": "2020-04-24 18:03:08", "elapsed": 1507.184457, "delta": 8.704591}}
{"target": 0.6328458, "params": {"alpha": 0.3095671234572759, "colsample_bytree": 0.8764195239952071, "lam": 0.9800582878251012, "max_depth": 6.190626952694027, "min_child_weight": 2.2728646546126656, "subsample": 0.8235649498899338}, "datetime": {"datetime": "2020-04-24 18:03:14", "elapsed": 1513.767466, "delta": 6.583009}}
{"target": 0.62101, "params": {"alpha": 0.9271963024846754, "colsample_bytree": 0.8037201126134719, "lam": 0.9961548626124227, "max_depth": 6.500139520864273, "min_child_weight": 4.633687859357794, "subsample": 0.6083074995195042}, "datetime": {"datetime": "2020-04-24 18:03:21", "elapsed": 1520.176391, "delta": 6.408925}}
{"target": 0.6367034, "params": {"alpha": 0.6052589804262296, "colsample_bytree": 0.8779349049843355, "lam": 0.8764929592563269, "max_depth": 6.046863992159498, "min_child_weight": 5.062863488610438, "subsample": 0.8952399112943141}, "datetime": {"datetime": "2020-04-24 18:03:29", "elapsed": 1528.009469, "delta": 7.833078}}
{"target": 0.6299224000000001, "params": {"alpha": 0.36138590331432496, "colsample_bytree": 0.8964317675674593, "lam": 0.9036523595304221, "max_depth": 8.22204115847896, "min_child_weight": 9.98423693655988, "subsample": 0.8966297720733059}, "datetime": {"datetime": "2020-04-24 18:03:39", "elapsed": 1538.282837, "delta": 10.273368}}
{"target": 0.6386866, "params": {"alpha": 0.9547065491897558, "colsample_bytree": 0.8898690566207188, "lam": 0.3096877964955683, "max_depth": 8.396511024980516, "min_child_weight": 7.869297859601911, "subsample": 0.564468720313348}, "datetime": {"datetime": "2020-04-24 18:03:49", "elapsed": 1548.192166, "delta": 9.909329}}
{"target": 0.6017020000000001, "params": {"alpha": 0.9719795292834645, "colsample_bytree": 0.8648869862106127, "lam": 0.07276978708412496, "max_depth": 3.00685987180961, "min_child_weight": 9.213008194219936, "subsample": 0.801182343134561}, "datetime": {"datetime": "2020-04-24 18:03:59", "elapsed": 1558.45967, "delta": 10.267504}}
{"target": 0.6220597999999999, "params": {"alpha": 0.21380906080798168, "colsample_bytree": 0.7453990946873067, "lam": 0.9952873248421962, "max_depth": 7.234374984750026, "min_child_weight": 2.3282788932372362, "subsample": 0.8946060428130063}, "datetime": {"datetime": "2020-04-24 18:04:11", "elapsed": 1570.193237, "delta": 11.733567}}
{"target": 0.584367, "params": {"alpha": 0.0, "colsample_bytree": 0.5, "lam": 0.0, "max_depth": 6.3245467349657964, "min_child_weight": 1.0, "subsample": 0.8999999999976513}, "datetime": {"datetime": "2020-04-24 18:04:18", "elapsed": 1577.868171, "delta": 7.674934}}
{"target": 0.637016, "params": {"alpha": 0.9049834632787599, "colsample_bytree": 0.8953877390643155, "lam": 0.36449577097167574, "max_depth": 6.150097208954659, "min_child_weight": 9.996032510472348, "subsample": 0.8648656043428471}, "datetime": {"datetime": "2020-04-24 18:04:27", "elapsed": 1586.617357, "delta": 8.749186}}
{"target": 0.5682046, "params": {"alpha": 0.0, "colsample_bytree": 0.9, "lam": 1.905867460848326e-09, "max_depth": 5.817398723395902, "min_child_weight": 1.0, "subsample": 0.50000001279126}, "datetime": {"datetime": "2020-04-24 18:04:38", "elapsed": 1597.624545, "delta": 11.007188}}
{"target": 0.6153818, "params": {"alpha": 0.024685587903422568, "colsample_bytree": 0.8757417499364835, "lam": 0.9598414627173399, "max_depth": 4.142310319836067, "min_child_weight": 2.937552492954937, "subsample": 0.5043485726800421}, "datetime": {"datetime": "2020-04-24 18:04:47", "elapsed": 1606.702165, "delta": 9.07762}}
{"target": 0.6219866, "params": {"alpha": 0.7077984398377704, "colsample_bytree": 0.6662807435618525, "lam": 0.9203155946326806, "max_depth": 9.93214419558845, "min_child_weight": 4.706798752146634, "subsample": 0.8734276406445635}, "datetime": {"datetime": "2020-04-24 18:04:58", "elapsed": 1616.932314, "delta": 10.230149}}
{"target": 0.5910754, "params": {"alpha": 0.06579747350855314, "colsample_bytree": 0.899846956399133, "lam": 0.01177867215467665, "max_depth": 9.17692481578132, "min_child_weight": 1.9190767993975968, "subsample": 0.8949259792966762}, "datetime": {"datetime": "2020-04-24 18:05:06", "elapsed": 1625.22183, "delta": 8.289516}}
{"target": 0.6417648, "params": {"alpha": 0.7985950915869973, "colsample_bytree": 0.8999999946018203, "lam": 0.0, "max_depth": 9.99999997809008, "min_child_weight": 7.747195108834527, "subsample": 0.8999999815416826}, "datetime": {"datetime": "2020-04-24 18:05:17", "elapsed": 1636.231444, "delta": 11.009614}}
{"target": 0.5969909999999999, "params": {"alpha": 0.019738003899664402, "colsample_bytree": 0.5454921842571618, "lam": 0.012667795911720292, "max_depth": 5.455533437028581, "min_child_weight": 2.0563245559156154, "subsample": 0.8470299121641436}, "datetime": {"datetime": "2020-04-24 18:05:28", "elapsed": 1646.994257, "delta": 10.762813}}
{"target": 0.6206392000000001, "params": {"alpha": 0.9902806211223623, "colsample_bytree": 0.789418382331226, "lam": 0.9943018285261112, "max_depth": 8.705611995154566, "min_child_weight": 7.661041585433175, "subsample": 0.6686611419449652}, "datetime": {"datetime": "2020-04-24 18:05:38", "elapsed": 1657.180705, "delta": 10.186448}}
{"target": 0.6062056, "params": {"alpha": 0.8538932138891246, "colsample_bytree": 0.6003655473299521, "lam": 0.9444554661568424, "max_depth": 4.2148640922142295, "min_child_weight": 1.0078960683931677, "subsample": 0.8754316482999693}, "datetime": {"datetime": "2020-04-24 18:05:48", "elapsed": 1667.321223, "delta": 10.140518}}
{"target": 0.6284256, "params": {"alpha": 0.0, "colsample_bytree": 0.9, "lam": 0.9894884008393899, "max_depth": 4.389797313295112, "min_child_weight": 3.941642288418841, "subsample": 0.9}, "datetime": {"datetime": "2020-04-24 18:05:58", "elapsed": 1677.060175, "delta": 9.738952}}
{"target": 0.6493548, "params": {"alpha": 0.020180129004274572, "colsample_bytree": 0.886066568979399, "lam": 0.8365945522884426, "max_depth": 9.041341880499218, "min_child_weight": 6.0257427166567865, "subsample": 0.8917526680559292}, "datetime": {"datetime": "2020-04-24 18:06:07", "elapsed": 1686.585375, "delta": 9.5252}}
{"target": 0.6246436, "params": {"alpha": 0.3889774641248379, "colsample_bytree": 0.880592153576645, "lam": 0.9803752223573476, "max_depth": 9.204294217228744, "min_child_weight": 5.622631958180779, "subsample": 0.7824019493383128}, "datetime": {"datetime": "2020-04-24 18:06:16", "elapsed": 1695.453511, "delta": 8.868136}}
{"target": 0.614328, "params": {"alpha": 0.9650499277376282, "colsample_bytree": 0.5328308723588809, "lam": 0.06573606455492687, "max_depth": 9.986129791894536, "min_child_weight": 6.775694462596995, "subsample": 0.8724659460824788}, "datetime": {"datetime": "2020-04-24 18:06:27", "elapsed": 1706.436926, "delta": 10.983415}}
{"target": 0.6337146, "params": {"alpha": 0.19377529622003875, "colsample_bytree": 0.8742411890218218, "lam": 0.970527560482461, "max_depth": 4.747471318118369, "min_child_weight": 6.6030515266509076, "subsample": 0.893887101868571}, "datetime": {"datetime": "2020-04-24 18:06:38", "elapsed": 1717.262795, "delta": 10.825869}}
{"target": 0.5885148000000001, "params": {"alpha": 0.8766787789490362, "colsample_bytree": 0.6453366611317988, "lam": 0.060633190511850454, "max_depth": 8.005061442121438, "min_child_weight": 1.0020200285114793, "subsample": 0.8695267868107395}, "datetime": {"datetime": "2020-04-24 18:06:50", "elapsed": 1728.932836, "delta": 11.670041}}
{"target": 0.6247550000000001, "params": {"alpha": 0.1526673911558506, "colsample_bytree": 0.8713556229878252, "lam": 0.7771223760712618, "max_depth": 8.341562508411311, "min_child_weight": 6.150854131886834, "subsample": 0.8964621376470103}, "datetime": {"datetime": "2020-04-24 18:06:58", "elapsed": 1737.605, "delta": 8.672164}}
{"target": 0.6230656000000001, "params": {"alpha": 0.09985933541268333, "colsample_bytree": 0.8867654340100852, "lam": 0.35668511407114256, "max_depth": 9.370701225324552, "min_child_weight": 6.455639484707464, "subsample": 0.8413215595092565}, "datetime": {"datetime": "2020-04-24 18:07:09", "elapsed": 1748.017956, "delta": 10.412956}}
{"target": 0.6333435999999999, "params": {"alpha": 0.09982022263016077, "colsample_bytree": 0.6846245087138597, "lam": 0.23715182788432299, "max_depth": 6.534207712606727, "min_child_weight": 8.50538844731004, "subsample": 0.8955513525575036}, "datetime": {"datetime": "2020-04-24 18:07:19", "elapsed": 1758.487447, "delta": 10.469491}}
{"target": 0.6285535999999999, "params": {"alpha": 0.007986096531949927, "colsample_bytree": 0.8488651388680086, "lam": 0.9965412321106586, "max_depth": 7.9627435930786, "min_child_weight": 7.877425227655301, "subsample": 0.5432326143899127}, "datetime": {"datetime": "2020-04-24 18:07:27", "elapsed": 1765.977847, "delta": 7.4904}}
{"target": 0.6400586, "params": {"alpha": 0.5123700436672871, "colsample_bytree": 0.8886607461038205, "lam": 0.980468992467113, "max_depth": 6.585421982550825, "min_child_weight": 9.958354255581332, "subsample": 0.8397448501254814}, "datetime": {"datetime": "2020-04-24 18:07:37", "elapsed": 1776.387515, "delta": 10.409668}}
{"target": 0.625324, "params": {"alpha": 0.8165940136664023, "colsample_bytree": 0.8990191330079107, "lam": 0.9856946977993672, "max_depth": 7.467297933184699, "min_child_weight": 4.188372456405023, "subsample": 0.5619799317621348}, "datetime": {"datetime": "2020-04-24 18:07:48", "elapsed": 1787.374571, "delta": 10.987056}}
{"target": 0.6285532, "params": {"alpha": 0.20058280087565727, "colsample_bytree": 0.8953597981669175, "lam": 0.9364080457458781, "max_depth": 6.483964050760791, "min_child_weight": 8.70316891810029, "subsample": 0.8782880752554602}, "datetime": {"datetime": "2020-04-24 18:07:58", "elapsed": 1796.9873, "delta": 9.612729}}
{"target": 0.635593, "params": {"alpha": 0.24878809876113472, "colsample_bytree": 0.8464834782024461, "lam": 0.009683612317696544, "max_depth": 7.793591506547555, "min_child_weight": 6.801574101398612, "subsample": 0.8932349396177715}, "datetime": {"datetime": "2020-04-24 18:08:07", "elapsed": 1806.601472, "delta": 9.614172}}
{"target": 0.6326764, "params": {"alpha": 0.7853860327999997, "colsample_bytree": 0.8995711417278387, "lam": 0.04359322047919745, "max_depth": 7.081247428433592, "min_child_weight": 9.180838553463337, "subsample": 0.8903256770881365}, "datetime": {"datetime": "2020-04-24 18:08:17", "elapsed": 1816.775631, "delta": 10.174159}}
{"target": 0.6377666, "params": {"alpha": 0.9031206511931745, "colsample_bytree": 0.8511409489421271, "lam": 0.007407822926122076, "max_depth": 8.2022795003783, "min_child_weight": 8.286463639875757, "subsample": 0.5448079123309111}, "datetime": {"datetime": "2020-04-24 18:08:26", "elapsed": 1825.818979, "delta": 9.043348}}
{"target": 0.6436986000000001, "params": {"alpha": 0.9950459699452596, "colsample_bytree": 0.8848587204995594, "lam": 0.636405166164503, "max_depth": 7.225531951807266, "min_child_weight": 9.986127372065903, "subsample": 0.8647795058553203}, "datetime": {"datetime": "2020-04-24 18:08:37", "elapsed": 1836.244319, "delta": 10.42534}}
{"target": 0.6326602, "params": {"alpha": 0.9999999966193154, "colsample_bytree": 0.9, "lam": 1.0, "max_depth": 5.914574927620445, "min_child_weight": 5.617587790705793, "subsample": 0.8999999794395724}, "datetime": {"datetime": "2020-04-24 18:08:49", "elapsed": 1848.880271, "delta": 12.635952}}
{"target": 0.6287038, "params": {"alpha": 0.04617824691735817, "colsample_bytree": 0.899950644175764, "lam": 0.9463117712689091, "max_depth": 8.766615705801158, "min_child_weight": 6.557082286488081, "subsample": 0.8804705028263092}, "datetime": {"datetime": "2020-04-24 18:08:59", "elapsed": 1858.277996, "delta": 9.397725}}
{"target": 0.6314690000000001, "params": {"alpha": 0.9361598147002577, "colsample_bytree": 0.866349865729741, "lam": 0.05396045374057412, "max_depth": 4.526239806978426, "min_child_weight": 6.488049865280891, "subsample": 0.839355202572182}, "datetime": {"datetime": "2020-04-24 18:09:08", "elapsed": 1867.53728, "delta": 9.259284}}
{"target": 0.6372266, "params": {"alpha": 0.722870267265631, "colsample_bytree": 0.8917089950039208, "lam": 0.04211471854663651, "max_depth": 6.985323042416172, "min_child_weight": 6.2499645671294655, "subsample": 0.8944069157305767}, "datetime": {"datetime": "2020-04-24 18:09:18", "elapsed": 1877.797373, "delta": 10.260093}}
{"target": 0.6370001999999999, "params": {"alpha": 0.051779004078847835, "colsample_bytree": 0.8887194600981623, "lam": 0.9998308255138805, "max_depth": 8.909226838420253, "min_child_weight": 9.571623870109875, "subsample": 0.7977742220412125}, "datetime": {"datetime": "2020-04-24 18:09:29", "elapsed": 1888.312487, "delta": 10.515114}}
