{"target": 0.6343476, "params": {"alpha": 0.8375610031164993, "colsample_bytree": 0.6798573014269247, "lam": 0.05337615250996175, "max_depth": 9.270892609533256, "min_child_weight": 9.449056466166816, "subsample": 0.899138915224567}, "datetime": {"datetime": "2020-04-24 21:02:59", "elapsed": 3682.361955, "delta": 18.235313}}
{"target": 0.6268188, "params": {"alpha": 0.3585078645340153, "colsample_bytree": 0.7716432236029565, "lam": 0.0010391527196104144, "max_depth": 5.546754932698557, "min_child_weight": 5.515771243060375, "subsample": 0.8760198795342793}, "datetime": {"datetime": "2020-04-24 21:03:17", "elapsed": 3700.701171, "delta": 18.339216}}
{"target": 0.6307288, "params": {"alpha": 0.7526074571839637, "colsample_bytree": 0.8339145415441813, "lam": 0.9686696200996758, "max_depth": 4.433136880235631, "min_child_weight": 3.84031781704612, "subsample": 0.5688750764608831}, "datetime": {"datetime": "2020-04-24 21:03:36", "elapsed": 3719.750813, "delta": 19.049642}}
{"target": 0.6263764, "params": {"alpha": 0.03929405422675458, "colsample_bytree": 0.8795190296717901, "lam": 0.9961766350003293, "max_depth": 4.728993621924978, "min_child_weight": 5.26378844484087, "subsample": 0.5944633196402603}, "datetime": {"datetime": "2020-04-24 21:03:56", "elapsed": 3739.257395, "delta": 19.506582}}
{"target": 0.6244172000000001, "params": {"alpha": 0.9999999816602784, "colsample_bytree": 0.8999999999905465, "lam": 0.9999999843169816, "max_depth": 7.2672607047192255, "min_child_weight": 9.99999999973525, "subsample": 0.5}, "datetime": {"datetime": "2020-04-24 21:04:15", "elapsed": 3758.417489, "delta": 19.160094}}
{"target": 0.6382069999999999, "params": {"alpha": 0.949841111652192, "colsample_bytree": 0.8529707788012495, "lam": 0.06219155493948325, "max_depth": 6.617282131767978, "min_child_weight": 5.61596780279367, "subsample": 0.8944106216728147}, "datetime": {"datetime": "2020-04-24 21:04:31", "elapsed": 3774.332609, "delta": 15.91512}}
{"target": 0.6210203999999999, "params": {"alpha": 0.49053274295113025, "colsample_bytree": 0.5759015293774365, "lam": 0.002465812968644787, "max_depth": 8.652616530382083, "min_child_weight": 9.91881869133249, "subsample": 0.8880340547425514}, "datetime": {"datetime": "2020-04-24 21:04:51", "elapsed": 3795.010744, "delta": 20.678135}}
{"target": 0.6354932000000001, "params": {"alpha": 0.04237846689868918, "colsample_bytree": 0.8622929870622472, "lam": 0.010193052678923675, "max_depth": 7.949540020259967, "min_child_weight": 7.188041929532287, "subsample": 0.8007080832320987}, "datetime": {"datetime": "2020-04-24 21:05:08", "elapsed": 3811.135547, "delta": 16.124803}}
{"target": 0.6203331999999999, "params": {"alpha": 0.9772476672468088, "colsample_bytree": 0.8891640745137346, "lam": 0.980234446385815, "max_depth": 5.024384600927069, "min_child_weight": 7.262083746638856, "subsample": 0.5174490146820392}, "datetime": {"datetime": "2020-04-24 21:05:28", "elapsed": 3831.423973, "delta": 20.288426}}
{"target": 0.646174, "params": {"alpha": 0.10072838961940733, "colsample_bytree": 0.8969670929754769, "lam": 0.008702154185753819, "max_depth": 4.707740460320823, "min_child_weight": 4.028086439649719, "subsample": 0.884812907620016}, "datetime": {"datetime": "2020-04-24 21:05:44", "elapsed": 3847.920916, "delta": 16.496943}}
{"target": 0.6158054, "params": {"alpha": 0.23937276803269514, "colsample_bytree": 0.8578085437309958, "lam": 0.0019552881176067016, "max_depth": 4.357127464538744, "min_child_weight": 4.242018941547932, "subsample": 0.8647808704952059}, "datetime": {"datetime": "2020-04-24 21:05:58", "elapsed": 3861.571256, "delta": 13.65034}}
{"target": 0.6430374, "params": {"alpha": 0.9999976719526509, "colsample_bytree": 0.7822237401862304, "lam": 0.9999998453621346, "max_depth": 9.125083259770495, "min_child_weight": 9.007358911918027, "subsample": 0.9}, "datetime": {"datetime": "2020-04-24 21:06:18", "elapsed": 3881.474312, "delta": 19.903056}}
{"target": 0.6390708, "params": {"alpha": 0.7232746848823656, "colsample_bytree": 0.8951605329053482, "lam": 0.3028045002497881, "max_depth": 8.711835774681347, "min_child_weight": 9.44715705126766, "subsample": 0.8843277739831515}, "datetime": {"datetime": "2020-04-24 21:06:39", "elapsed": 3902.998427, "delta": 21.524115}}
{"target": 0.6426492, "params": {"alpha": 0.1509939426920619, "colsample_bytree": 0.8460139861979683, "lam": 0.5441835923807521, "max_depth": 6.738504248531711, "min_child_weight": 9.989349123210786, "subsample": 0.8249531900378648}, "datetime": {"datetime": "2020-04-24 21:06:57", "elapsed": 3920.734975, "delta": 17.736548}}
{"target": 0.6034944, "params": {"alpha": 0.4810508300370061, "colsample_bytree": 0.8869352979534912, "lam": 0.6041776263065514, "max_depth": 7.872720351167907, "min_child_weight": 3.416531958446191, "subsample": 0.6298456478616028}, "datetime": {"datetime": "2020-04-24 21:07:18", "elapsed": 3941.721047, "delta": 20.986072}}
{"target": 0.6139966, "params": {"alpha": 0.0683297476645719, "colsample_bytree": 0.884555416202613, "lam": 0.9338016906803625, "max_depth": 8.56965365387604, "min_child_weight": 2.094673632857278, "subsample": 0.8980936770347074}, "datetime": {"datetime": "2020-04-24 21:07:37", "elapsed": 3960.285032, "delta": 18.563985}}
{"target": 0.5878802000000001, "params": {"alpha": 0.9756857496941329, "colsample_bytree": 0.8421698713685972, "lam": 0.9755834277114651, "max_depth": 3.3591853352609427, "min_child_weight": 3.4381329108723127, "subsample": 0.5291856266853006}, "datetime": {"datetime": "2020-04-24 21:07:55", "elapsed": 3979.019006, "delta": 18.733974}}
{"target": 0.5925432, "params": {"alpha": 0.11484389402514816, "colsample_bytree": 0.8803528338918121, "lam": 0.04714217699520917, "max_depth": 7.7019084025057785, "min_child_weight": 2.179212624294279, "subsample": 0.859050450594729}, "datetime": {"datetime": "2020-04-24 21:08:12", "elapsed": 3995.542954, "delta": 16.523948}}
{"target": 0.6125026, "params": {"alpha": 0.9768829604378053, "colsample_bytree": 0.8541697464489968, "lam": 0.9950793277539938, "max_depth": 7.328192496766999, "min_child_weight": 3.6423595259259915, "subsample": 0.5327450308946623}, "datetime": {"datetime": "2020-04-24 21:08:29", "elapsed": 4012.297508, "delta": 16.754554}}
{"target": 0.6309644000000001, "params": {"alpha": 5.11894755475314e-07, "colsample_bytree": 0.9, "lam": 0.0, "max_depth": 10.0, "min_child_weight": 10.0, "subsample": 0.9}, "datetime": {"datetime": "2020-04-24 21:08:47", "elapsed": 4030.068209, "delta": 17.770701}}
{"target": 0.6226248, "params": {"alpha": 0.9300415030965313, "colsample_bytree": 0.8666948403962835, "lam": 0.01088929468978539, "max_depth": 7.252573568843167, "min_child_weight": 2.843508889926472, "subsample": 0.8802453162690737}, "datetime": {"datetime": "2020-04-24 21:09:01", "elapsed": 4044.880829, "delta": 14.81262}}
{"target": 0.6339484, "params": {"alpha": 0.017187312989352055, "colsample_bytree": 0.835196714428849, "lam": 0.1253014303506812, "max_depth": 4.684819716088828, "min_child_weight": 3.094019017626705, "subsample": 0.8716920288428944}, "datetime": {"datetime": "2020-04-24 21:09:19", "elapsed": 4062.444679, "delta": 17.56385}}
{"target": 0.6362094, "params": {"alpha": 0.36869468526556626, "colsample_bytree": 0.8999999999669559, "lam": 0.9999999999173896, "max_depth": 9.999999999740334, "min_child_weight": 8.196127879666038, "subsample": 0.8999999999669559}, "datetime": {"datetime": "2020-04-24 21:09:35", "elapsed": 4078.477532, "delta": 16.032853}}
{"target": 0.6372232, "params": {"alpha": 0.10457293491281905, "colsample_bytree": 0.8301686998275066, "lam": 0.6459317772113188, "max_depth": 4.937327354765779, "min_child_weight": 3.77099273262374, "subsample": 0.8831740401021649}, "datetime": {"datetime": "2020-04-24 21:09:53", "elapsed": 4096.41127, "delta": 17.933738}}
{"target": 0.6043916, "params": {"alpha": 0.003019540268526799, "colsample_bytree": 0.8581645689920997, "lam": 0.9204961426948194, "max_depth": 8.958446309767263, "min_child_weight": 2.6213876765274713, "subsample": 0.599629239325076}, "datetime": {"datetime": "2020-04-24 21:10:13", "elapsed": 4116.371038, "delta": 19.959768}}
{"target": 0.6220037999999999, "params": {"alpha": 0.44364717668247367, "colsample_bytree": 0.8991533392680073, "lam": 0.8258275873283929, "max_depth": 7.8767041450743385, "min_child_weight": 7.147780528957467, "subsample": 0.5191901568293824}, "datetime": {"datetime": "2020-04-24 21:10:29", "elapsed": 4132.41735, "delta": 16.046312}}
{"target": 0.6362206, "params": {"alpha": 0.0, "colsample_bytree": 0.9, "lam": 1.0, "max_depth": 8.166510466628633, "min_child_weight": 7.9426844004334844, "subsample": 0.9}, "datetime": {"datetime": "2020-04-24 21:10:57", "elapsed": 4160.052334, "delta": 27.634984}}
{"target": 0.6345430000000001, "params": {"alpha": 0.02298213246403058, "colsample_bytree": 0.8973836155494208, "lam": 0.99841265695327, "max_depth": 6.545012864916055, "min_child_weight": 2.4573046635039826, "subsample": 0.8916848850798135}, "datetime": {"datetime": "2020-04-24 21:11:17", "elapsed": 4180.215798, "delta": 20.163464}}
{"target": 0.6262804, "params": {"alpha": 0.037160941565216765, "colsample_bytree": 0.8798885810674122, "lam": 0.4497165800925259, "max_depth": 4.026204273928822, "min_child_weight": 7.358944942734222, "subsample": 0.8671389372035456}, "datetime": {"datetime": "2020-04-24 21:11:38", "elapsed": 4201.341981, "delta": 21.126183}}
{"target": 0.6472117999999999, "params": {"alpha": 0.9447985245364209, "colsample_bytree": 0.8558984240740628, "lam": 0.0522059911213012, "max_depth": 8.192137340667644, "min_child_weight": 8.288415591107281, "subsample": 0.8969458784280676}, "datetime": {"datetime": "2020-04-24 21:11:56", "elapsed": 4219.588005, "delta": 18.246024}}
{"target": 0.6339278, "params": {"alpha": 0.9825658077674375, "colsample_bytree": 0.8756033101765976, "lam": 0.28647923934517017, "max_depth": 6.046671970146248, "min_child_weight": 9.498772544679023, "subsample": 0.8817220059314153}, "datetime": {"datetime": "2020-04-24 21:12:16", "elapsed": 4239.105272, "delta": 19.517267}}
{"target": 0.6326882, "params": {"alpha": 0.2863926637715608, "colsample_bytree": 0.8738124329924856, "lam": 0.004366969431547574, "max_depth": 4.818926685872257, "min_child_weight": 3.5805531358604776, "subsample": 0.8886841306447599}, "datetime": {"datetime": "2020-04-24 21:12:36", "elapsed": 4259.728392, "delta": 20.62312}}
{"target": 0.63564, "params": {"alpha": 0.6352154502415903, "colsample_bytree": 0.8787820577249585, "lam": 0.2680059159164625, "max_depth": 4.939068612342148, "min_child_weight": 2.37855607963818, "subsample": 0.8965899945847777}, "datetime": {"datetime": "2020-04-24 21:13:01", "elapsed": 4284.125075, "delta": 24.396683}}
{"target": 0.6185274000000001, "params": {"alpha": 0.9028125187682754, "colsample_bytree": 0.8621999773473529, "lam": 0.06233616082965798, "max_depth": 7.925639486350173, "min_child_weight": 8.220566119863253, "subsample": 0.7120154095109572}, "datetime": {"datetime": "2020-04-24 21:13:21", "elapsed": 4304.820698, "delta": 20.695623}}
{"target": 0.6037294, "params": {"alpha": 0.0604234551366043, "colsample_bytree": 0.8758160328782509, "lam": 0.631237690632914, "max_depth": 9.558080326648318, "min_child_weight": 3.329330027370151, "subsample": 0.898295051251853}, "datetime": {"datetime": "2020-04-24 21:13:46", "elapsed": 4329.595992, "delta": 24.775294}}
{"target": 0.6377396000000001, "params": {"alpha": 0.07201714753439292, "colsample_bytree": 0.8794051462717536, "lam": 0.9785454229315764, "max_depth": 8.874669725939729, "min_child_weight": 6.202432620830541, "subsample": 0.8514103960797881}, "datetime": {"datetime": "2020-04-24 21:14:08", "elapsed": 4351.318721, "delta": 21.722729}}
{"target": 0.6303284, "params": {"alpha": 0.9257339228449153, "colsample_bytree": 0.728110685567283, "lam": 0.20829137502324757, "max_depth": 8.498436209492407, "min_child_weight": 8.005845530553124, "subsample": 0.819837159708668}, "datetime": {"datetime": "2020-04-24 21:14:31", "elapsed": 4374.103225, "delta": 22.784504}}
{"target": 0.6312016, "params": {"alpha": 0.16489395645912985, "colsample_bytree": 0.8827885054176691, "lam": 0.9886301085733953, "max_depth": 9.878984945935635, "min_child_weight": 4.501390330269896, "subsample": 0.857736110276822}, "datetime": {"datetime": "2020-04-24 21:14:46", "elapsed": 4389.48068, "delta": 15.377455}}
{"target": 0.6366736000000001, "params": {"alpha": 0.005258163945287664, "colsample_bytree": 0.8136322990303688, "lam": 0.9520710754313879, "max_depth": 9.806869177251372, "min_child_weight": 8.896562235378589, "subsample": 0.8872146502573168}, "datetime": {"datetime": "2020-04-24 21:15:07", "elapsed": 4410.432012, "delta": 20.951332}}
{"target": 0.6407532, "params": {"alpha": 0.06841172765437153, "colsample_bytree": 0.8562952339370451, "lam": 0.00750228902758554, "max_depth": 6.260217810111495, "min_child_weight": 6.814388161966091, "subsample": 0.8912656647458232}, "datetime": {"datetime": "2020-04-24 21:15:23", "elapsed": 4426.713798, "delta": 16.281786}}
{"target": 0.6406299999999999, "params": {"alpha": 0.9942602870316274, "colsample_bytree": 0.6784028008811571, "lam": 0.8752117881201136, "max_depth": 4.713423934323017, "min_child_weight": 3.9731134600312066, "subsample": 0.8885167355199701}, "datetime": {"datetime": "2020-04-24 21:15:46", "elapsed": 4449.743147, "delta": 23.029349}}
{"target": 0.6380528, "params": {"alpha": 0.33642442976389897, "colsample_bytree": 0.8853080077818942, "lam": 0.13925389170064006, "max_depth": 9.909497755284047, "min_child_weight": 9.102592902529924, "subsample": 0.8965586654597497}, "datetime": {"datetime": "2020-04-24 21:16:03", "elapsed": 4467.020813, "delta": 17.277666}}
{"target": 0.6088281999999999, "params": {"alpha": 0.9992168058133367, "colsample_bytree": 0.8385728949465807, "lam": 0.5360774214040489, "max_depth": 5.161948283133827, "min_child_weight": 3.9562168326706892, "subsample": 0.5312163688266659}, "datetime": {"datetime": "2020-04-24 21:16:20", "elapsed": 4483.914105, "delta": 16.893292}}
{"target": 0.622064, "params": {"alpha": 0.9166533170317736, "colsample_bytree": 0.896925520014308, "lam": 0.15943008344818155, "max_depth": 6.1958131793785345, "min_child_weight": 4.6331326130243085, "subsample": 0.8470309693852707}, "datetime": {"datetime": "2020-04-24 21:16:40", "elapsed": 4503.610246, "delta": 19.696141}}
{"target": 0.6380667999999999, "params": {"alpha": 0.9999998477366825, "colsample_bytree": 0.8999999993559175, "lam": 0.999999959894405, "max_depth": 5.651286034292426, "min_child_weight": 9.999999993224778, "subsample": 0.8999999288819874}, "datetime": {"datetime": "2020-04-24 21:17:00", "elapsed": 4523.183861, "delta": 19.573615}}
{"target": 0.6049802000000001, "params": {"alpha": 1.0, "colsample_bytree": 0.9, "lam": 4.294398396347934e-08, "max_depth": 5.496284164360746, "min_child_weight": 1.0000000376275024, "subsample": 0.5000000408142279}, "datetime": {"datetime": "2020-04-24 21:17:26", "elapsed": 4549.609603, "delta": 26.425742}}
{"target": 0.6320666, "params": {"alpha": 0.04089796443377314, "colsample_bytree": 0.8116983787026313, "lam": 0.6375082096754184, "max_depth": 9.233846826266149, "min_child_weight": 8.004886277924793, "subsample": 0.5131504464903732}, "datetime": {"datetime": "2020-04-24 21:17:47", "elapsed": 4570.71513, "delta": 21.105527}}
{"target": 0.6265688, "params": {"alpha": 0.9894471158120962, "colsample_bytree": 0.8332220643320547, "lam": 0.994825714387491, "max_depth": 8.941564678064331, "min_child_weight": 6.3136313804139474, "subsample": 0.5888960080540658}, "datetime": {"datetime": "2020-04-24 21:18:10", "elapsed": 4593.668886, "delta": 22.953756}}
{"target": 0.6333246000000001, "params": {"alpha": 0.19199961059225434, "colsample_bytree": 0.8243457502169669, "lam": 0.03017243591319063, "max_depth": 6.628253008055301, "min_child_weight": 8.523791972694625, "subsample": 0.8972745589106328}, "datetime": {"datetime": "2020-04-24 21:18:29", "elapsed": 4612.444387, "delta": 18.775501}}
{"target": 0.6322778, "params": {"alpha": 0.9872276414497837, "colsample_bytree": 0.7553558063858772, "lam": 0.02832030347457415, "max_depth": 6.216344118845418, "min_child_weight": 7.555725882277776, "subsample": 0.8671721824813132}, "datetime": {"datetime": "2020-04-24 21:18:46", "elapsed": 4629.93239, "delta": 17.488003}}
{"target": 0.6347954, "params": {"alpha": 0.008995737039219631, "colsample_bytree": 0.6838770790161699, "lam": 0.006301571423005026, "max_depth": 7.221396575239398, "min_child_weight": 8.682493898233645, "subsample": 0.8604506150949833}, "datetime": {"datetime": "2020-04-24 21:19:09", "elapsed": 4652.379787, "delta": 22.447397}}
{"target": 0.6437948, "params": {"alpha": 0.06366693031309634, "colsample_bytree": 0.8493328858483542, "lam": 0.0038261527865509626, "max_depth": 5.828791079980451, "min_child_weight": 4.138611375171122, "subsample": 0.8717405339094888}, "datetime": {"datetime": "2020-04-24 21:19:25", "elapsed": 4668.279618, "delta": 15.899831}}
{"target": 0.6304170000000001, "params": {"alpha": 0.8119251556710018, "colsample_bytree": 0.8575274446763819, "lam": 0.08561726636579614, "max_depth": 6.188646811185455, "min_child_weight": 9.91501017258889, "subsample": 0.5704236513495616}, "datetime": {"datetime": "2020-04-24 21:19:45", "elapsed": 4688.326463, "delta": 20.046845}}
{"target": 0.5866659999999999, "params": {"alpha": 0.0, "colsample_bytree": 0.9, "lam": 0.0, "max_depth": 3.0, "min_child_weight": 3.643516577496108, "subsample": 0.5}, "datetime": {"datetime": "2020-04-24 21:20:07", "elapsed": 4710.207845, "delta": 21.881382}}
{"target": 0.6174482, "params": {"alpha": 0.9446256686536024, "colsample_bytree": 0.8381392760388524, "lam": 0.9996208719488937, "max_depth": 4.184388355876671, "min_child_weight": 8.369118351596448, "subsample": 0.5079241830255873}, "datetime": {"datetime": "2020-04-24 21:20:25", "elapsed": 4728.142976, "delta": 17.935131}}
{"target": 0.623578, "params": {"alpha": 0.05397957095876693, "colsample_bytree": 0.767518155010634, "lam": 0.02745397014167894, "max_depth": 6.197049591673187, "min_child_weight": 7.951141493343789, "subsample": 0.5305044715204142}, "datetime": {"datetime": "2020-04-24 21:20:47", "elapsed": 4751.022525, "delta": 22.879549}}
{"target": 0.6012394000000001, "params": {"alpha": 0.19120723601873557, "colsample_bytree": 0.8947610267505275, "lam": 0.921542835457932, "max_depth": 3.06625352950746, "min_child_weight": 9.980084516507908, "subsample": 0.7731639222849938}, "datetime": {"datetime": "2020-04-24 21:21:08", "elapsed": 4771.643533, "delta": 20.621008}}
{"target": 0.6453878000000001, "params": {"alpha": 0.7420008547141806, "colsample_bytree": 0.798278696429096, "lam": 0.9967531785543139, "max_depth": 7.867811786941369, "min_child_weight": 6.78850331178104, "subsample": 0.8542251689666505}, "datetime": {"datetime": "2020-04-24 21:21:31", "elapsed": 4794.4736, "delta": 22.830067}}
{"target": 0.604323, "params": {"alpha": 0.029066931287649478, "colsample_bytree": 0.8680822648820938, "lam": 0.07360308081120803, "max_depth": 4.068592064590721, "min_child_weight": 1.403095240029626, "subsample": 0.503670056125781}, "datetime": {"datetime": "2020-04-24 21:21:48", "elapsed": 4811.560285, "delta": 17.086685}}
{"target": 0.6187115999999999, "params": {"alpha": 0.7792421651362311, "colsample_bytree": 0.6235753120463127, "lam": 0.9394092397709467, "max_depth": 7.7182364720629595, "min_child_weight": 8.069696185346174, "subsample": 0.8846717357638866}, "datetime": {"datetime": "2020-04-24 21:22:11", "elapsed": 4834.559456, "delta": 22.999171}}
{"target": 0.6204748, "params": {"alpha": 0.04015899310404647, "colsample_bytree": 0.7372534462717606, "lam": 0.9528308541840085, "max_depth": 8.661741121161665, "min_child_weight": 7.821955014287607, "subsample": 0.5222613731584611}, "datetime": {"datetime": "2020-04-24 21:22:29", "elapsed": 4852.416716, "delta": 17.85726}}
{"target": 0.6300796, "params": {"alpha": 0.7698982229393369, "colsample_bytree": 0.638504333320574, "lam": 0.01448793524487968, "max_depth": 5.939201046597806, "min_child_weight": 5.059656397951445, "subsample": 0.8939972009606207}, "datetime": {"datetime": "2020-04-24 21:22:48", "elapsed": 4871.219229, "delta": 18.802513}}
{"target": 0.6358458, "params": {"alpha": 0.5549161341903532, "colsample_bytree": 0.8622681953982472, "lam": 0.012573116578279198, "max_depth": 4.740680539962733, "min_child_weight": 8.955158738393777, "subsample": 0.8970474718653996}, "datetime": {"datetime": "2020-04-24 21:23:06", "elapsed": 4889.79051, "delta": 18.571281}}
{"target": 0.6316488, "params": {"alpha": 0.8025528987701165, "colsample_bytree": 0.886657232223281, "lam": 0.7250148293555101, "max_depth": 6.07701950917147, "min_child_weight": 7.81464909743446, "subsample": 0.8762330136917096}, "datetime": {"datetime": "2020-04-24 21:23:27", "elapsed": 4910.248817, "delta": 20.458307}}
{"target": 0.6189438, "params": {"alpha": 8.278038054999122e-09, "colsample_bytree": 0.9, "lam": 0.0, "max_depth": 5.535703660540428, "min_child_weight": 1.0, "subsample": 0.9}, "datetime": {"datetime": "2020-04-24 21:23:50", "elapsed": 4933.846656, "delta": 23.597839}}
{"target": 0.6314886, "params": {"alpha": 0.006996843174751133, "colsample_bytree": 0.8050602900708672, "lam": 0.9675262128001262, "max_depth": 7.642207295762124, "min_child_weight": 9.447939283789427, "subsample": 0.5007611048703697}, "datetime": {"datetime": "2020-04-24 21:24:15", "elapsed": 4958.686526, "delta": 24.83987}}
{"target": 0.6457292000000001, "params": {"alpha": 0.1113351761549578, "colsample_bytree": 0.8833583418909896, "lam": 0.06070505331065801, "max_depth": 8.262277724453439, "min_child_weight": 9.280734122365406, "subsample": 0.8855479589337464}, "datetime": {"datetime": "2020-04-24 21:24:41", "elapsed": 4984.244241, "delta": 25.557715}}
