{"target": 0.6403656, "params": {"alpha": 0.9864272584667874, "colsample_bytree": 0.8743270457947148, "lam": 0.18712876159954184, "max_depth": 4.827793211507904, "min_child_weight": 6.5399305192756945, "subsample": 0.8547425659610359}, "datetime": {"datetime": "2020-04-25 19:42:43", "elapsed": 8616.578306, "delta": 31.942344}}
{"target": 0.6317388, "params": {"alpha": 0.06764085121113539, "colsample_bytree": 0.8434242469420328, "lam": 0.9887748559050061, "max_depth": 4.784073285234403, "min_child_weight": 9.996829086457439, "subsample": 0.5438898187646204}, "datetime": {"datetime": "2020-04-25 19:43:09", "elapsed": 8643.064071, "delta": 26.485765}}
{"target": 0.6372194, "params": {"alpha": 0.23164966020673994, "colsample_bytree": 0.8631428196819452, "lam": 0.9180279411690149, "max_depth": 5.979757403307469, "min_child_weight": 7.197858520095393, "subsample": 0.8674190759779222}, "datetime": {"datetime": "2020-04-25 19:43:42", "elapsed": 8676.017457, "delta": 32.953386}}
{"target": 0.6251572, "params": {"alpha": 0.010216662219960426, "colsample_bytree": 0.8951600171570182, "lam": 0.8153627093256667, "max_depth": 5.861459503581417, "min_child_weight": 2.2480952369204665, "subsample": 0.8324764913223597}, "datetime": {"datetime": "2020-04-25 19:44:26", "elapsed": 8719.892894, "delta": 43.875437}}
{"target": 0.6300206, "params": {"alpha": 0.0015158223550209016, "colsample_bytree": 0.8806399682364552, "lam": 0.49889712118694807, "max_depth": 4.549462220974846, "min_child_weight": 2.4616586600923602, "subsample": 0.8976501441281783}, "datetime": {"datetime": "2020-04-25 19:44:57", "elapsed": 8750.610467, "delta": 30.717573}}
{"target": 0.6259602, "params": {"alpha": 0.06173172021595463, "colsample_bytree": 0.7940068418986042, "lam": 0.23377973008118413, "max_depth": 5.339589980608261, "min_child_weight": 7.716392902855806, "subsample": 0.5462483377731603}, "datetime": {"datetime": "2020-04-25 19:45:28", "elapsed": 8782.108306, "delta": 31.497839}}
{"target": 0.6102873999999999, "params": {"alpha": 0.6363079671252485, "colsample_bytree": 0.8966984358336734, "lam": 0.38468474219445314, "max_depth": 7.33957874790474, "min_child_weight": 2.164961120449447, "subsample": 0.6103174455802943}, "datetime": {"datetime": "2020-04-26 09:34:39", "elapsed": 0.0, "delta": 0.0}}
{"target": 0.642031, "params": {"alpha": 0.018830416670388095, "colsample_bytree": 0.8440395354797607, "lam": 0.13911819496796773, "max_depth": 7.235995037884999, "min_child_weight": 9.995619974115579, "subsample": 0.866970183517264}, "datetime": {"datetime": "2020-04-26 09:34:47", "elapsed": 7.634376, "delta": 7.634376}}
{"target": 0.6264474, "params": {"alpha": 0.06084583044812131, "colsample_bytree": 0.7743659376897871, "lam": 0.9690713822975693, "max_depth": 7.9073135017650875, "min_child_weight": 9.469088950623444, "subsample": 0.543140182801394}, "datetime": {"datetime": "2020-04-26 09:34:57", "elapsed": 18.474529, "delta": 10.840153}}
{"target": 0.642798, "params": {"alpha": 0.02169264517163927, "colsample_bytree": 0.8645183493836033, "lam": 0.9846139370084545, "max_depth": 4.801223587689459, "min_child_weight": 7.640560679566419, "subsample": 0.8509483249652593}, "datetime": {"datetime": "2020-04-26 09:35:05", "elapsed": 26.069183, "delta": 7.594654}}
{"target": 0.6403138, "params": {"alpha": 0.04546618814564307, "colsample_bytree": 0.7650269538564948, "lam": 0.6387064513483554, "max_depth": 7.683770378875634, "min_child_weight": 9.915099246337991, "subsample": 0.8975387029192692}, "datetime": {"datetime": "2020-04-26 09:35:12", "elapsed": 32.520397, "delta": 6.451214}}
{"target": 0.5654044, "params": {"alpha": 0.06267833615625928, "colsample_bytree": 0.8840911863532503, "lam": 0.06721751014639465, "max_depth": 8.781567245951535, "min_child_weight": 1.0384100594662018, "subsample": 0.5842710783971559}, "datetime": {"datetime": "2020-04-26 09:35:18", "elapsed": 38.923924, "delta": 6.403527}}
{"target": 0.6234105999999999, "params": {"alpha": 0.966313894105605, "colsample_bytree": 0.754492078876889, "lam": 0.49451733792832864, "max_depth": 3.9655676503839823, "min_child_weight": 9.948327661780262, "subsample": 0.5722989955826543}, "datetime": {"datetime": "2020-04-26 09:35:24", "elapsed": 45.454063, "delta": 6.530139}}
{"target": 0.6088944, "params": {"alpha": 0.9744937695105336, "colsample_bytree": 0.8915453139692443, "lam": 0.07206552946963818, "max_depth": 7.304336081322136, "min_child_weight": 1.7778389590928874, "subsample": 0.8897088135131999}, "datetime": {"datetime": "2020-04-26 09:35:36", "elapsed": 57.256644, "delta": 11.802581}}
{"target": 0.6173604, "params": {"alpha": 0.16337692793913194, "colsample_bytree": 0.700973941597236, "lam": 0.9640331732545984, "max_depth": 8.484595662335149, "min_child_weight": 3.7820757412896633, "subsample": 0.8980138968538405}, "datetime": {"datetime": "2020-04-26 09:35:43", "elapsed": 64.356187, "delta": 7.099543}}
{"target": 0.6387964, "params": {"alpha": 0.0034753887587115617, "colsample_bytree": 0.8717754835742589, "lam": 0.9551387288173974, "max_depth": 6.106097087095952, "min_child_weight": 9.559996203899702, "subsample": 0.8105734285978918}, "datetime": {"datetime": "2020-04-26 09:35:52", "elapsed": 72.821046, "delta": 8.464859}}
{"target": 0.633099, "params": {"alpha": 0.9639734246035866, "colsample_bytree": 0.8555319857311827, "lam": 0.03171345150795568, "max_depth": 9.951130279684792, "min_child_weight": 7.919608302196698, "subsample": 0.7903900946561839}, "datetime": {"datetime": "2020-04-26 09:36:00", "elapsed": 80.572357, "delta": 7.751311}}
{"target": 0.6308239999999999, "params": {"alpha": 0.04653534727907349, "colsample_bytree": 0.889556746437266, "lam": 0.5033052152781152, "max_depth": 4.667904396747607, "min_child_weight": 8.731577714588864, "subsample": 0.8891897414657268}, "datetime": {"datetime": "2020-04-26 09:36:07", "elapsed": 88.31794, "delta": 7.745583}}
{"target": 0.6275354, "params": {"alpha": 0.6137083958544203, "colsample_bytree": 0.8307530934050242, "lam": 0.1298436954365073, "max_depth": 7.20246849890129, "min_child_weight": 3.6260826884572275, "subsample": 0.8983043928444624}, "datetime": {"datetime": "2020-04-26 09:36:17", "elapsed": 97.683365, "delta": 9.365425}}
{"target": 0.6294512000000001, "params": {"alpha": 0.8804281767853332, "colsample_bytree": 0.7449032510040161, "lam": 0.28048222696530045, "max_depth": 7.136151805570629, "min_child_weight": 6.1781720397628845, "subsample": 0.8917239568769475}, "datetime": {"datetime": "2020-04-26 09:36:23", "elapsed": 103.984914, "delta": 6.301549}}
{"target": 0.6282182, "params": {"alpha": 0.09457812489206274, "colsample_bytree": 0.8996812621257908, "lam": 0.5869331526294852, "max_depth": 5.00950966835675, "min_child_weight": 4.639246371416831, "subsample": 0.8165204827930743}, "datetime": {"datetime": "2020-04-26 09:36:29", "elapsed": 109.898134, "delta": 5.91322}}
{"target": 0.6399776, "params": {"alpha": 0.5912763950308343, "colsample_bytree": 0.8914415412107535, "lam": 0.9915950213125153, "max_depth": 9.559291243884058, "min_child_weight": 9.239096927201503, "subsample": 0.8936511435475991}, "datetime": {"datetime": "2020-04-26 09:36:37", "elapsed": 118.469429, "delta": 8.571295}}
{"target": 0.6357172, "params": {"alpha": 0.20800609996710107, "colsample_bytree": 0.897982480404284, "lam": 0.029931589813263715, "max_depth": 9.996379840277807, "min_child_weight": 5.6673715295087455, "subsample": 0.8785478181918791}, "datetime": {"datetime": "2020-04-26 09:36:43", "elapsed": 124.159711, "delta": 5.690282}}
{"target": 0.6019798, "params": {"alpha": 0.9999999814952965, "colsample_bytree": 0.899999979129742, "lam": 7.713277496879908e-08, "max_depth": 5.739938156612258, "min_child_weight": 1.8531009860327656, "subsample": 0.5000000030420972}, "datetime": {"datetime": "2020-04-26 09:36:52", "elapsed": 132.854133, "delta": 8.694422}}
{"target": 0.623096, "params": {"alpha": 0.024281417941308003, "colsample_bytree": 0.5846733254100644, "lam": 0.06960209825523389, "max_depth": 7.291218071820328, "min_child_weight": 9.707691122185441, "subsample": 0.8939597116020244}, "datetime": {"datetime": "2020-04-26 09:37:01", "elapsed": 142.269442, "delta": 9.415309}}
{"target": 0.6042018, "params": {"alpha": 0.01331155787538636, "colsample_bytree": 0.8999999680019233, "lam": 1.0, "max_depth": 3.0230155106944547, "min_child_weight": 7.994852648621285, "subsample": 0.9}, "datetime": {"datetime": "2020-04-26 09:37:12", "elapsed": 153.237123, "delta": 10.967681}}
{"target": 0.6336537999999999, "params": {"alpha": 0.5176387273431574, "colsample_bytree": 0.825881663304147, "lam": 0.9847618102544895, "max_depth": 5.636487351117623, "min_child_weight": 5.663083432660728, "subsample": 0.5512808314773705}, "datetime": {"datetime": "2020-04-26 09:37:21", "elapsed": 161.906775, "delta": 8.669652}}
{"target": 0.6252217999999999, "params": {"alpha": 0.5900394863830044, "colsample_bytree": 0.8711085294566536, "lam": 0.5354679004890871, "max_depth": 4.39180456019913, "min_child_weight": 4.392043318405525, "subsample": 0.8842207817465797}, "datetime": {"datetime": "2020-04-26 09:37:27", "elapsed": 168.117269, "delta": 6.210494}}
{"target": 0.6450254, "params": {"alpha": 0.3746944672126281, "colsample_bytree": 0.8763702170203244, "lam": 0.4378266473173329, "max_depth": 9.546901751840604, "min_child_weight": 9.113726291721951, "subsample": 0.8964492293356601}, "datetime": {"datetime": "2020-04-26 09:37:35", "elapsed": 175.981132, "delta": 7.863863}}
{"target": 0.6234472, "params": {"alpha": 0.6532440184216044, "colsample_bytree": 0.8892611577137925, "lam": 0.9732236849444063, "max_depth": 4.0690063878433325, "min_child_weight": 3.3508644077562835, "subsample": 0.8952458933412515}, "datetime": {"datetime": "2020-04-26 09:37:47", "elapsed": 188.423313, "delta": 12.442181}}
{"target": 0.6337592, "params": {"alpha": 0.9699178444524126, "colsample_bytree": 0.8869499010243194, "lam": 0.524301148151851, "max_depth": 5.677652530170847, "min_child_weight": 9.638199862429612, "subsample": 0.5602711395863335}, "datetime": {"datetime": "2020-04-26 09:37:55", "elapsed": 196.082913, "delta": 7.6596}}
{"target": 0.6314802, "params": {"alpha": 0.9650081123942749, "colsample_bytree": 0.8115776628445652, "lam": 0.9700670487984427, "max_depth": 7.522305473318772, "min_child_weight": 4.265932576796585, "subsample": 0.8997319787916033}, "datetime": {"datetime": "2020-04-26 09:38:07", "elapsed": 207.563503, "delta": 11.48059}}
{"target": 0.63638, "params": {"alpha": 0.387215284931156, "colsample_bytree": 0.8386114431892577, "lam": 0.11934897638235187, "max_depth": 5.421805490636974, "min_child_weight": 4.724395391782458, "subsample": 0.8797343809931006}, "datetime": {"datetime": "2020-04-26 09:38:12", "elapsed": 212.5073, "delta": 4.943797}}
{"target": 0.5854414, "params": {"alpha": 0.9999999851353978, "colsample_bytree": 0.8999999990955633, "lam": 0.0, "max_depth": 3.0000001465800064, "min_child_weight": 8.850937683770733, "subsample": 0.5000000619962365}, "datetime": {"datetime": "2020-04-26 09:38:17", "elapsed": 217.630864, "delta": 5.123564}}
{"target": 0.6240084, "params": {"alpha": 0.08927340298360886, "colsample_bytree": 0.8704446491942983, "lam": 0.9198306881048837, "max_depth": 7.492317926283489, "min_child_weight": 2.070027827985568, "subsample": 0.8695736592378385}, "datetime": {"datetime": "2020-04-26 09:38:28", "elapsed": 229.185021, "delta": 11.554157}}
{"target": 0.6153896, "params": {"alpha": 0.8785763647420053, "colsample_bytree": 0.8949071098974343, "lam": 0.9999999880812549, "max_depth": 8.080109020481284, "min_child_weight": 6.281061425703234, "subsample": 0.5000000000519307}, "datetime": {"datetime": "2020-04-26 09:38:37", "elapsed": 238.112879, "delta": 8.927858}}
{"target": 0.6314742, "params": {"alpha": 0.4711971066746524, "colsample_bytree": 0.8848586224056695, "lam": 0.7895236738407738, "max_depth": 4.890354651416894, "min_child_weight": 4.053042444708689, "subsample": 0.8866718680193011}, "datetime": {"datetime": "2020-04-26 09:38:45", "elapsed": 246.123661, "delta": 8.010782}}
{"target": 0.6352262, "params": {"alpha": 0.0047122369127078345, "colsample_bytree": 0.8130045362606212, "lam": 0.9871157101611883, "max_depth": 7.077409581384285, "min_child_weight": 7.573101021387668, "subsample": 0.8227115179717255}, "datetime": {"datetime": "2020-04-26 09:38:51", "elapsed": 252.4766, "delta": 6.352939}}
{"target": 0.5989006000000001, "params": {"alpha": 0.4419443699262958, "colsample_bytree": 0.5, "lam": 2.436857884861752e-07, "max_depth": 7.403627183946972, "min_child_weight": 5.172649718726547, "subsample": 0.8999999941457926}, "datetime": {"datetime": "2020-04-26 09:38:59", "elapsed": 260.023083, "delta": 7.546483}}
{"target": 0.5742202000000001, "params": {"alpha": 0.5741957694123282, "colsample_bytree": 0.5510081690274224, "lam": 0.9822238188829681, "max_depth": 9.150817581086509, "min_child_weight": 2.463800305551519, "subsample": 0.521327056736606}, "datetime": {"datetime": "2020-04-26 09:39:06", "elapsed": 267.062556, "delta": 7.039473}}
{"target": 0.6277076000000001, "params": {"alpha": 0.011028693875987039, "colsample_bytree": 0.7635323647329929, "lam": 0.9879727056421577, "max_depth": 5.009909729903752, "min_child_weight": 8.82165168690079, "subsample": 0.8731388848509416}, "datetime": {"datetime": "2020-04-26 09:39:12", "elapsed": 273.253337, "delta": 6.190781}}
{"target": 0.6013444, "params": {"alpha": 0.08480962114981483, "colsample_bytree": 0.8967401393206796, "lam": 0.8962617267230172, "max_depth": 9.482618461619413, "min_child_weight": 2.051940887465676, "subsample": 0.8505377987393975}, "datetime": {"datetime": "2020-04-26 09:39:25", "elapsed": 286.080788, "delta": 12.827451}}
{"target": 0.6315149999999999, "params": {"alpha": 0.004489860223372055, "colsample_bytree": 0.8588280741185397, "lam": 0.0420578595862664, "max_depth": 8.754620912124658, "min_child_weight": 8.298693033385435, "subsample": 0.6209124519916629}, "datetime": {"datetime": "2020-04-26 09:39:34", "elapsed": 295.218755, "delta": 9.137967}}
{"target": 0.6333694000000001, "params": {"alpha": 0.9374394662833323, "colsample_bytree": 0.8501638735146069, "lam": 0.9562795637591297, "max_depth": 5.136134006196452, "min_child_weight": 9.148579983352642, "subsample": 0.8642765383634727}, "datetime": {"datetime": "2020-04-26 09:39:40", "elapsed": 301.249512, "delta": 6.030757}}
{"target": 0.6114826000000001, "params": {"alpha": 0.9637835692103657, "colsample_bytree": 0.8922071226294339, "lam": 0.31192710315090344, "max_depth": 4.8962030246947785, "min_child_weight": 4.519926115238028, "subsample": 0.5582097417339846}, "datetime": {"datetime": "2020-04-26 09:39:50", "elapsed": 310.755974, "delta": 9.506462}}
{"target": 0.6188232, "params": {"alpha": 0.02113703817068957, "colsample_bytree": 0.7673188130716365, "lam": 0.35676346942627557, "max_depth": 3.7542753049659607, "min_child_weight": 3.425119336897888, "subsample": 0.5047407363068667}, "datetime": {"datetime": "2020-04-26 09:39:58", "elapsed": 319.085522, "delta": 8.329548}}
{"target": 0.6357876, "params": {"alpha": 0.9804255659461706, "colsample_bytree": 0.8985831262159342, "lam": 0.6874156638611709, "max_depth": 6.1622383760421595, "min_child_weight": 5.842079602385691, "subsample": 0.7785226283544168}, "datetime": {"datetime": "2020-04-26 09:40:05", "elapsed": 325.741472, "delta": 6.65595}}
{"target": 0.6364112, "params": {"alpha": 0.46907174619212777, "colsample_bytree": 0.8984541535493997, "lam": 0.5692994159828928, "max_depth": 6.18558359790855, "min_child_weight": 7.168102656616915, "subsample": 0.8854354491858856}, "datetime": {"datetime": "2020-04-26 09:40:12", "elapsed": 333.442999, "delta": 7.701527}}
{"target": 0.6393215999999999, "params": {"alpha": 0.8681364312237255, "colsample_bytree": 0.8875629965733808, "lam": 0.9869689923642586, "max_depth": 5.095177453539912, "min_child_weight": 2.9581692227818097, "subsample": 0.7538860504248017}, "datetime": {"datetime": "2020-04-26 09:40:20", "elapsed": 340.854142, "delta": 7.411143}}
{"target": 0.6194626, "params": {"alpha": 0.9490671245775294, "colsample_bytree": 0.8690983717958722, "lam": 0.3929326748839841, "max_depth": 4.771971040093787, "min_child_weight": 9.995738233808952, "subsample": 0.5230479117793891}, "datetime": {"datetime": "2020-04-26 09:40:28", "elapsed": 348.845366, "delta": 7.991224}}
{"target": 0.619907, "params": {"alpha": 0.037154966631700814, "colsample_bytree": 0.8928948002134155, "lam": 0.42538125839355945, "max_depth": 8.501856102042579, "min_child_weight": 4.391125716516488, "subsample": 0.8431692650599867}, "datetime": {"datetime": "2020-04-26 09:40:35", "elapsed": 355.779584, "delta": 6.934218}}
{"target": 0.6326454, "params": {"alpha": 0.6835500120348765, "colsample_bytree": 0.846624496342212, "lam": 0.9987229248402586, "max_depth": 9.074588092731936, "min_child_weight": 3.797500456976799, "subsample": 0.8522967409427036}, "datetime": {"datetime": "2020-04-26 09:40:43", "elapsed": 363.943841, "delta": 8.164257}}
{"target": 0.6271056, "params": {"alpha": 0.9749335308697099, "colsample_bytree": 0.8732688122771679, "lam": 0.5709159562817565, "max_depth": 4.297403861411489, "min_child_weight": 9.336571789938171, "subsample": 0.876763229470599}, "datetime": {"datetime": "2020-04-26 09:40:50", "elapsed": 371.417428, "delta": 7.473587}}
{"target": 0.6355106, "params": {"alpha": 0.7973141517917394, "colsample_bytree": 0.8531306051656776, "lam": 0.8162968571779933, "max_depth": 5.95718334519379, "min_child_weight": 8.791351540892492, "subsample": 0.8895654541443452}, "datetime": {"datetime": "2020-04-26 09:40:57", "elapsed": 378.394987, "delta": 6.977559}}
{"target": 0.6400954, "params": {"alpha": 0.21303445717759428, "colsample_bytree": 0.8961304062955192, "lam": 0.48445693520638256, "max_depth": 5.9157949486788715, "min_child_weight": 5.920229271101596, "subsample": 0.8797755286813815}, "datetime": {"datetime": "2020-04-26 09:41:08", "elapsed": 388.814924, "delta": 10.419937}}
{"target": 0.5460222, "params": {"alpha": 0.0, "colsample_bytree": 0.5, "lam": 0.0, "max_depth": 9.999999980959194, "min_child_weight": 1.9619064832167947, "subsample": 0.5}, "datetime": {"datetime": "2020-04-26 09:41:15", "elapsed": 396.296298, "delta": 7.481374}}
{"target": 0.640021, "params": {"alpha": 0.8571202160760766, "colsample_bytree": 0.8817398140467116, "lam": 0.1451864577034987, "max_depth": 4.933139713262083, "min_child_weight": 2.796512648732181, "subsample": 0.8973967424085445}, "datetime": {"datetime": "2020-04-26 09:41:23", "elapsed": 403.727398, "delta": 7.4311}}
{"target": 0.619182, "params": {"alpha": 0.5028549614632015, "colsample_bytree": 0.8483976291903687, "lam": 0.10683681476686169, "max_depth": 4.182346214214912, "min_child_weight": 1.0494766239484141, "subsample": 0.8908538160356336}, "datetime": {"datetime": "2020-04-26 09:41:33", "elapsed": 413.572353, "delta": 9.844955}}
{"target": 0.6403376, "params": {"alpha": 0.024253568121194613, "colsample_bytree": 0.8949006739554137, "lam": 0.5605544456604967, "max_depth": 6.337976876230599, "min_child_weight": 7.081620414515395, "subsample": 0.8870148041500998}, "datetime": {"datetime": "2020-04-26 09:41:40", "elapsed": 421.019599, "delta": 7.447246}}
{"target": 0.6289262000000001, "params": {"alpha": 0.004221477628453485, "colsample_bytree": 0.7468429975955375, "lam": 0.04115322363032037, "max_depth": 8.530332859765997, "min_child_weight": 6.625259137382999, "subsample": 0.8617098550350593}, "datetime": {"datetime": "2020-04-26 09:41:50", "elapsed": 430.651877, "delta": 9.632278}}
{"target": 0.6389526, "params": {"alpha": 0.033934140765681686, "colsample_bytree": 0.8978857371113984, "lam": 0.7718200709734346, "max_depth": 5.544495445901451, "min_child_weight": 7.342332814728715, "subsample": 0.8917694974221193}, "datetime": {"datetime": "2020-04-26 09:41:57", "elapsed": 438.478314, "delta": 7.826437}}
{"target": 0.6229775999999999, "params": {"alpha": 0.014028872146849003, "colsample_bytree": 0.8920909385409048, "lam": 0.16429236617083443, "max_depth": 3.6641119936958697, "min_child_weight": 3.8733360742246172, "subsample": 0.8977788593685638}, "datetime": {"datetime": "2020-04-26 09:42:03", "elapsed": 444.211376, "delta": 5.733062}}
{"target": 0.6335645999999999, "params": {"alpha": 0.9351303661946706, "colsample_bytree": 0.6145697233653622, "lam": 0.06540807193124865, "max_depth": 7.735063261166352, "min_child_weight": 9.260240894317292, "subsample": 0.8585210704358812}, "datetime": {"datetime": "2020-04-26 09:42:13", "elapsed": 453.802055, "delta": 9.590679}}
{"target": 0.6350515999999999, "params": {"alpha": 0.5860176860709378, "colsample_bytree": 0.8780210275698306, "lam": 0.20436384766699267, "max_depth": 8.872570433095772, "min_child_weight": 9.177931271544058, "subsample": 0.8836842409491401}, "datetime": {"datetime": "2020-04-26 09:42:20", "elapsed": 460.926548, "delta": 7.124493}}
{"target": 0.6195096, "params": {"alpha": 0.3146403693632426, "colsample_bytree": 0.8745880380402795, "lam": 0.9817658421279024, "max_depth": 9.952267982939794, "min_child_weight": 5.62304346812516, "subsample": 0.6033083597165803}, "datetime": {"datetime": "2020-04-26 09:42:28", "elapsed": 469.28669, "delta": 8.360142}}
{"target": 0.6151544, "params": {"alpha": 0.012235628610564597, "colsample_bytree": 0.8806115844039998, "lam": 0.9566139159110453, "max_depth": 3.7406049810701933, "min_child_weight": 4.513318778723353, "subsample": 0.862247524038436}, "datetime": {"datetime": "2020-04-26 09:42:34", "elapsed": 474.853192, "delta": 5.566502}}
{"target": 0.6288943999999999, "params": {"alpha": 0.1246180646123417, "colsample_bytree": 0.6352925224001873, "lam": 0.8486477900769652, "max_depth": 9.400512670789846, "min_child_weight": 8.074247734370221, "subsample": 0.8920603194256513}, "datetime": {"datetime": "2020-04-26 09:42:43", "elapsed": 483.886878, "delta": 9.033686}}
