{"target": 0.6337434, "params": {"alpha": 0.10250392801059849, "colsample_bytree": 0.8504315381179663, "lam": 0.02575901317510043, "max_depth": 4.1222661782275924, "min_child_weight": 8.491687230139966, "subsample": 0.8981477352519396}, "datetime": {"datetime": "2020-04-25 02:28:15", "elapsed": 6631.872747, "delta": 29.536078}}
{"target": 0.6400056000000001, "params": {"alpha": 0.5736332627144828, "colsample_bytree": 0.8451235053984747, "lam": 0.9786153311180966, "max_depth": 7.62740443070662, "min_child_weight": 5.989984674023124, "subsample": 0.8961539736792279}, "datetime": {"datetime": "2020-04-25 02:28:43", "elapsed": 6659.758641, "delta": 27.885894}}
{"target": 0.6164826, "params": {"alpha": 0.4555928595741112, "colsample_bytree": 0.6257439235532077, "lam": 0.028844852838158852, "max_depth": 9.585045879180594, "min_child_weight": 6.0076878360101125, "subsample": 0.8987111954871432}, "datetime": {"datetime": "2020-04-25 02:29:15", "elapsed": 6691.174779, "delta": 31.416138}}
{"target": 0.6298737999999999, "params": {"alpha": 0.01675060639363335, "colsample_bytree": 0.8993084558657691, "lam": 0.9709267256525739, "max_depth": 9.990350194138594, "min_child_weight": 7.330286820392062, "subsample": 0.5352527821794725}, "datetime": {"datetime": "2020-04-25 02:29:42", "elapsed": 6718.743354, "delta": 27.568575}}
{"target": 0.6298758, "params": {"alpha": 0.7918499792288262, "colsample_bytree": 0.8894797616434797, "lam": 0.9137983566316564, "max_depth": 5.137448168685125, "min_child_weight": 6.522545742970414, "subsample": 0.6044393352940767}, "datetime": {"datetime": "2020-04-25 02:30:14", "elapsed": 6750.30119, "delta": 31.557836}}
{"target": 0.6335426, "params": {"alpha": 0.48640688173675806, "colsample_bytree": 0.8653331995869542, "lam": 0.38468061018287014, "max_depth": 9.973877926615469, "min_child_weight": 7.4695711168056675, "subsample": 0.8966472200911024}, "datetime": {"datetime": "2020-04-25 02:30:47", "elapsed": 6783.02739, "delta": 32.7262}}
{"target": 0.6350488000000001, "params": {"alpha": 0.055936086265993, "colsample_bytree": 0.8488283070553313, "lam": 0.945569600726334, "max_depth": 5.795806385669296, "min_child_weight": 8.018395958719092, "subsample": 0.8970605286860878}, "datetime": {"datetime": "2020-04-25 02:31:14", "elapsed": 6810.084648, "delta": 27.057258}}
{"target": 0.6406408, "params": {"alpha": 0.013214058696167541, "colsample_bytree": 0.7289000273837298, "lam": 0.9380877788112518, "max_depth": 5.8969510397422695, "min_child_weight": 8.30632082333303, "subsample": 0.501045531761287}, "datetime": {"datetime": "2020-04-25 02:31:37", "elapsed": 6832.8911, "delta": 22.806452}}
{"target": 0.6381086, "params": {"alpha": 0.06691912727620819, "colsample_bytree": 0.6503783930527166, "lam": 0.7107512753866857, "max_depth": 6.276926380347473, "min_child_weight": 8.028595105356505, "subsample": 0.6024878188225775}, "datetime": {"datetime": "2020-04-25 02:32:06", "elapsed": 6862.444088, "delta": 29.552988}}
{"target": 0.6160030000000001, "params": {"alpha": 0.0796916818006882, "colsample_bytree": 0.8739142234719404, "lam": 0.9621964719675489, "max_depth": 6.09023966686924, "min_child_weight": 6.969500254362938, "subsample": 0.517474268111987}, "datetime": {"datetime": "2020-04-25 02:32:32", "elapsed": 6888.265924, "delta": 25.821836}}
{"target": 0.6324504, "params": {"alpha": 0.024400596437926025, "colsample_bytree": 0.8902974409491183, "lam": 0.01938671023048133, "max_depth": 4.172324987393669, "min_child_weight": 6.519869836049384, "subsample": 0.8307142428088388}, "datetime": {"datetime": "2020-04-25 02:32:57", "elapsed": 6912.968988, "delta": 24.703064}}
{"target": 0.6279656, "params": {"alpha": 0.9996335474095837, "colsample_bytree": 0.8775237939586473, "lam": 0.004992558049517148, "max_depth": 4.405995727286364, "min_child_weight": 4.954273662088348, "subsample": 0.5680969268976126}, "datetime": {"datetime": "2020-04-25 02:33:24", "elapsed": 6940.510569, "delta": 27.541581}}
{"target": 0.6305922, "params": {"alpha": 0.9958609515614067, "colsample_bytree": 0.8784566867537353, "lam": 0.9746862261631553, "max_depth": 8.992630102713553, "min_child_weight": 9.91276601159588, "subsample": 0.8488469604553869}, "datetime": {"datetime": "2020-04-25 02:33:56", "elapsed": 6972.330504, "delta": 31.819935}}
{"target": 0.6233594, "params": {"alpha": 0.9612537407363889, "colsample_bytree": 0.8888213245479434, "lam": 0.9791361500786941, "max_depth": 5.475522128037243, "min_child_weight": 8.112290381872372, "subsample": 0.5068216312238107}, "datetime": {"datetime": "2020-04-25 02:34:24", "elapsed": 7000.368852, "delta": 28.038348}}
{"target": 0.6241174, "params": {"alpha": 0.9875980448256855, "colsample_bytree": 0.8882925310797753, "lam": 0.019378482640067474, "max_depth": 3.8602130199857037, "min_child_weight": 1.0035738858269856, "subsample": 0.5922911040548317}, "datetime": {"datetime": "2020-04-25 02:34:49", "elapsed": 7025.880851, "delta": 25.511999}}
{"target": 0.6246102, "params": {"alpha": 0.011336950031158421, "colsample_bytree": 0.6278470532709699, "lam": 0.288365866401628, "max_depth": 5.988279597689276, "min_child_weight": 8.502084293781078, "subsample": 0.6553408523594767}, "datetime": {"datetime": "2020-04-25 02:35:19", "elapsed": 7055.776553, "delta": 29.895702}}
{"target": 0.6396474, "params": {"alpha": 0.5679503694886835, "colsample_bytree": 0.8081703368281612, "lam": 0.985732632218499, "max_depth": 6.332699876576939, "min_child_weight": 9.053106657258274, "subsample": 0.8840243841349678}, "datetime": {"datetime": "2020-04-25 02:35:49", "elapsed": 7085.384971, "delta": 29.608418}}
{"target": 0.628665, "params": {"alpha": 0.02373944026308039, "colsample_bytree": 0.6303740801675238, "lam": 0.978364494458782, "max_depth": 5.4675642970902665, "min_child_weight": 7.339439266217946, "subsample": 0.8712702935478214}, "datetime": {"datetime": "2020-04-25 02:36:14", "elapsed": 7110.604395, "delta": 25.219424}}
{"target": 0.5749268000000001, "params": {"alpha": 3.000171132723511e-08, "colsample_bytree": 0.9, "lam": 4.503308138288356e-09, "max_depth": 8.722709922511719, "min_child_weight": 1.2218987379418684, "subsample": 0.5000000029055023}, "datetime": {"datetime": "2020-04-25 02:36:47", "elapsed": 7143.338053, "delta": 32.733658}}
{"target": 0.6372975999999999, "params": {"alpha": 0.0344242713072167, "colsample_bytree": 0.8915408065812866, "lam": 0.608482796040855, "max_depth": 7.869530184020852, "min_child_weight": 8.902464773235796, "subsample": 0.5521733155049381}, "datetime": {"datetime": "2020-04-25 02:37:10", "elapsed": 7166.177593, "delta": 22.83954}}
{"target": 0.6250088, "params": {"alpha": 8.895984435430826e-06, "colsample_bytree": 0.8496844809934436, "lam": 0.04296510918622387, "max_depth": 3.712293429249671, "min_child_weight": 7.2946516153316185, "subsample": 0.8668213971045875}, "datetime": {"datetime": "2020-04-25 02:37:38", "elapsed": 7194.299895, "delta": 28.122302}}
{"target": 0.6385076, "params": {"alpha": 0.5922266701633164, "colsample_bytree": 0.8976248529248623, "lam": 0.9965504598984835, "max_depth": 5.235257249606757, "min_child_weight": 8.762184055440091, "subsample": 0.7675813662572737}, "datetime": {"datetime": "2020-04-25 02:38:04", "elapsed": 7220.133282, "delta": 25.833387}}
{"target": 0.6080236, "params": {"alpha": 0.5184043551781473, "colsample_bytree": 0.869348196517936, "lam": 0.6642355973021489, "max_depth": 9.99413678875771, "min_child_weight": 3.8437249702175373, "subsample": 0.5024639471895032}, "datetime": {"datetime": "2020-04-25 02:38:38", "elapsed": 7254.17484, "delta": 34.041558}}
{"target": 0.5984649999999999, "params": {"alpha": 0.982904789472753, "colsample_bytree": 0.5849290634134889, "lam": 0.033971695501743726, "max_depth": 9.600969812368188, "min_child_weight": 9.994128136077695, "subsample": 0.526250129731565}, "datetime": {"datetime": "2020-04-25 02:39:10", "elapsed": 7286.265518, "delta": 32.090678}}
{"target": 0.6315725999999999, "params": {"alpha": 0.04300924232030723, "colsample_bytree": 0.8967639308491885, "lam": 0.9934232114771602, "max_depth": 5.945353163122871, "min_child_weight": 2.35604172510867, "subsample": 0.8710228238677089}, "datetime": {"datetime": "2020-04-25 02:39:39", "elapsed": 7314.908492, "delta": 28.642974}}
{"target": 0.635745, "params": {"alpha": 0.5116384597468447, "colsample_bytree": 0.8369394374465828, "lam": 0.5953137816121034, "max_depth": 6.710054306153738, "min_child_weight": 5.216675693209484, "subsample": 0.8928378970963501}, "datetime": {"datetime": "2020-04-25 02:40:05", "elapsed": 7340.885976, "delta": 25.977484}}
{"target": 0.6327888000000002, "params": {"alpha": 0.4700753137949596, "colsample_bytree": 0.8981985661608001, "lam": 0.01892952365065126, "max_depth": 9.021006003444466, "min_child_weight": 8.280569870530535, "subsample": 0.606851677254302}, "datetime": {"datetime": "2020-04-25 02:40:27", "elapsed": 7363.860858, "delta": 22.974882}}
{"target": 0.62702, "params": {"alpha": 0.9999999972504438, "colsample_bytree": 0.8999998165832104, "lam": 1.0, "max_depth": 9.99999999488241, "min_child_weight": 3.897393670394728, "subsample": 0.8999999996098949}, "datetime": {"datetime": "2020-04-25 02:40:57", "elapsed": 7392.968256, "delta": 29.107398}}
{"target": 0.6137884, "params": {"alpha": 0.003980897071420353, "colsample_bytree": 0.887837962218234, "lam": 0.40253293068028395, "max_depth": 7.878508977520752, "min_child_weight": 4.113971972913333, "subsample": 0.5153718348239811}, "datetime": {"datetime": "2020-04-25 02:41:30", "elapsed": 7426.580476, "delta": 33.61222}}
{"target": 0.6417385999999999, "params": {"alpha": 0.12214777846297176, "colsample_bytree": 0.7595726613477614, "lam": 0.5976178269512925, "max_depth": 9.567919202849222, "min_child_weight": 9.994869883548182, "subsample": 0.6315272457367312}, "datetime": {"datetime": "2020-04-25 02:42:01", "elapsed": 7457.113595, "delta": 30.533119}}
{"target": 0.6359576, "params": {"alpha": 0.7960434329086032, "colsample_bytree": 0.8956575016037944, "lam": 0.9346706034883839, "max_depth": 7.646553052349443, "min_child_weight": 9.604390663360352, "subsample": 0.7921597886687208}, "datetime": {"datetime": "2020-04-25 02:42:24", "elapsed": 7480.109757, "delta": 22.996162}}
{"target": 0.5820955999999999, "params": {"alpha": 0.05519748987980788, "colsample_bytree": 0.5686582436581047, "lam": 0.9946868238265751, "max_depth": 8.573950253947684, "min_child_weight": 3.097899739175906, "subsample": 0.7393178538786837}, "datetime": {"datetime": "2020-04-25 02:42:46", "elapsed": 7502.85571, "delta": 22.745953}}
{"target": 0.6405128, "params": {"alpha": 0.01587229748169694, "colsample_bytree": 0.8988591618050114, "lam": 0.6667505143009148, "max_depth": 7.283059791022146, "min_child_weight": 4.312647812547489, "subsample": 0.8931152978617627}, "datetime": {"datetime": "2020-04-25 02:43:16", "elapsed": 7532.652341, "delta": 29.796631}}
{"target": 0.6175594, "params": {"alpha": 0.9840979803803451, "colsample_bytree": 0.5719506032148334, "lam": 0.9544489682883796, "max_depth": 9.473094255436642, "min_child_weight": 9.81279560763284, "subsample": 0.8525673250814401}, "datetime": {"datetime": "2020-04-25 02:43:40", "elapsed": 7556.262797, "delta": 23.610456}}
{"target": 0.633309, "params": {"alpha": 0.0006047877156495352, "colsample_bytree": 0.8395832991445082, "lam": 0.38491681085762774, "max_depth": 4.569068486808131, "min_child_weight": 7.620349422097597, "subsample": 0.8540403442417701}, "datetime": {"datetime": "2020-04-25 02:44:18", "elapsed": 7594.870147, "delta": 38.60735}}
{"target": 0.6303442, "params": {"alpha": 0.008608495354568757, "colsample_bytree": 0.7276442028473629, "lam": 0.05339334762749515, "max_depth": 5.365028017205747, "min_child_weight": 5.323308966478958, "subsample": 0.8618378132021092}, "datetime": {"datetime": "2020-04-25 02:44:47", "elapsed": 7623.545333, "delta": 28.675186}}
{"target": 0.6393042, "params": {"alpha": 0.3983049135112665, "colsample_bytree": 0.650302709628422, "lam": 0.010576351661402805, "max_depth": 5.420323389342264, "min_child_weight": 5.901915668201574, "subsample": 0.8874805442004681}, "datetime": {"datetime": "2020-04-25 02:45:17", "elapsed": 7653.609543, "delta": 30.06421}}
{"target": 0.6248986000000001, "params": {"alpha": 6.397406245431193e-07, "colsample_bytree": 0.8999999919121808, "lam": 0.9999999797804521, "max_depth": 5.211389913826596, "min_child_weight": 1.101077843646653, "subsample": 0.8999999919121808}, "datetime": {"datetime": "2020-04-25 02:45:42", "elapsed": 7677.977218, "delta": 24.367675}}
{"target": 0.6317648, "params": {"alpha": 0.02519640115642907, "colsample_bytree": 0.8204647283178352, "lam": 0.07748944287546666, "max_depth": 5.465647567740211, "min_child_weight": 7.721277750001548, "subsample": 0.8595078925843936}, "datetime": {"datetime": "2020-04-25 02:46:04", "elapsed": 7700.502338, "delta": 22.52512}}
{"target": 0.6446757999999999, "params": {"alpha": 0.9210676190191883, "colsample_bytree": 0.7958306961545032, "lam": 0.9731618738628262, "max_depth": 7.774077371584234, "min_child_weight": 7.0715024788630645, "subsample": 0.8922281944799333}, "datetime": {"datetime": "2020-04-25 02:46:31", "elapsed": 7726.959919, "delta": 26.457581}}
{"target": 0.6263023999999999, "params": {"alpha": 0.9793336595220343, "colsample_bytree": 0.7338754075097009, "lam": 0.14074117342238113, "max_depth": 7.180460794230199, "min_child_weight": 5.154770863827118, "subsample": 0.8802480332084878}, "datetime": {"datetime": "2020-04-25 02:47:01", "elapsed": 7757.516866, "delta": 30.556947}}
{"target": 0.6379775999999999, "params": {"alpha": 0.7047666487202523, "colsample_bytree": 0.8810145378587689, "lam": 0.8904199537619003, "max_depth": 8.080030913617776, "min_child_weight": 5.6668982486707655, "subsample": 0.8894731020767135}, "datetime": {"datetime": "2020-04-25 02:47:30", "elapsed": 7785.970068, "delta": 28.453202}}
{"target": 0.631336, "params": {"alpha": 0.8479914717055164, "colsample_bytree": 0.890216704416285, "lam": 0.01335289906594983, "max_depth": 8.624858767912436, "min_child_weight": 5.959407483003, "subsample": 0.5158325345815072}, "datetime": {"datetime": "2020-04-25 02:47:55", "elapsed": 7811.378885, "delta": 25.408817}}
{"target": 0.6344458, "params": {"alpha": 0.0645261307763737, "colsample_bytree": 0.8973309687931216, "lam": 0.938620084096737, "max_depth": 9.992203827169025, "min_child_weight": 7.999742320654649, "subsample": 0.87122619786915}, "datetime": {"datetime": "2020-04-25 02:48:24", "elapsed": 7840.322176, "delta": 28.943291}}
{"target": 0.6087337999999999, "params": {"alpha": 0.018811302951625697, "colsample_bytree": 0.7480408452162274, "lam": 0.021504693486188775, "max_depth": 6.766953112557054, "min_child_weight": 4.527102490065531, "subsample": 0.660372245097407}, "datetime": {"datetime": "2020-04-25 02:48:55", "elapsed": 7871.811529, "delta": 31.489353}}
{"target": 0.642709, "params": {"alpha": 0.8430475396951382, "colsample_bytree": 0.8649269625348037, "lam": 0.8533598473107734, "max_depth": 5.531825703956831, "min_child_weight": 6.290577798893427, "subsample": 0.8946316720684485}, "datetime": {"datetime": "2020-04-25 02:49:24", "elapsed": 7900.328917, "delta": 28.517388}}
{"target": 0.626823, "params": {"alpha": 0.7261690405368015, "colsample_bytree": 0.8613960268294966, "lam": 0.880401302942849, "max_depth": 5.191664726793005, "min_child_weight": 6.696587992030082, "subsample": 0.889008191895363}, "datetime": {"datetime": "2020-04-25 02:49:49", "elapsed": 7925.588128, "delta": 25.259211}}
{"target": 0.6371939999999999, "params": {"alpha": 0.4369989599116654, "colsample_bytree": 0.8681809645925687, "lam": 0.9836983304641203, "max_depth": 9.46672896843481, "min_child_weight": 9.983318801198397, "subsample": 0.56903310494557}, "datetime": {"datetime": "2020-04-25 02:50:18", "elapsed": 7954.664079, "delta": 29.075951}}
{"target": 0.6366724, "params": {"alpha": 0.692745266486873, "colsample_bytree": 0.8531427093216897, "lam": 0.9242639918031076, "max_depth": 5.375032746997053, "min_child_weight": 5.737332332447621, "subsample": 0.6336730433873387}, "datetime": {"datetime": "2020-04-25 02:50:54", "elapsed": 7990.058852, "delta": 35.394773}}
{"target": 0.6381296, "params": {"alpha": 0.988438067503969, "colsample_bytree": 0.8990278148684917, "lam": 0.0017696713458792424, "max_depth": 8.48937467766936, "min_child_weight": 7.975549926037484, "subsample": 0.8847508887351361}, "datetime": {"datetime": "2020-04-26 09:19:57", "elapsed": 0.0, "delta": 0.0}}
{"target": 0.6403054, "params": {"alpha": 0.9962967696441908, "colsample_bytree": 0.8293010352252823, "lam": 0.1774738874517674, "max_depth": 7.6312773374609035, "min_child_weight": 6.411037613404529, "subsample": 0.8495359088498411}, "datetime": {"datetime": "2020-04-26 09:20:09", "elapsed": 12.337458, "delta": 12.337458}}
{"target": 0.633643, "params": {"alpha": 0.5139861157140165, "colsample_bytree": 0.7587814312770538, "lam": 0.9927494311433692, "max_depth": 6.0299460466199974, "min_child_weight": 8.51975507899498, "subsample": 0.5889798452011331}, "datetime": {"datetime": "2020-04-26 09:20:21", "elapsed": 23.834007, "delta": 11.496549}}
{"target": 0.6311902, "params": {"alpha": 0.4374315193706878, "colsample_bytree": 0.8922289855800885, "lam": 0.9640907564517912, "max_depth": 5.106143824558633, "min_child_weight": 9.991625835617935, "subsample": 0.8114539981940605}, "datetime": {"datetime": "2020-04-26 09:20:38", "elapsed": 40.948599, "delta": 17.114592}}
{"target": 0.6306146, "params": {"alpha": 0.5882455995931873, "colsample_bytree": 0.8709292596660082, "lam": 0.5573430127425234, "max_depth": 5.870883558861018, "min_child_weight": 3.9186470470623607, "subsample": 0.8694109018917363}, "datetime": {"datetime": "2020-04-26 09:20:48", "elapsed": 51.678883, "delta": 10.730284}}
{"target": 0.5801918, "params": {"alpha": 0.8100079451632388, "colsample_bytree": 0.8042573778174367, "lam": 0.0029761464469194587, "max_depth": 3.0209496396386784, "min_child_weight": 9.176316550287037, "subsample": 0.5301145696617735}, "datetime": {"datetime": "2020-04-26 09:20:59", "elapsed": 61.940887, "delta": 10.262004}}