{"target": 0.64104, "params": {"alpha": 0.257074197377102, "colsample_bytree": 0.8875490780254982, "lam": 0.41885438791166685, "max_depth": 7.151750804552428, "min_child_weight": 9.875049859534323, "subsample": 0.8692380544808835}, "datetime": {"datetime": "2020-04-25 02:00:54", "elapsed": 4990.188019, "delta": 27.555236}}
{"target": 0.626059, "params": {"alpha": 0.9791003804924426, "colsample_bytree": 0.8516194296353413, "lam": 0.9221671968130911, "max_depth": 3.8016587812119407, "min_child_weight": 8.900750504071592, "subsample": 0.7140375366185416}, "datetime": {"datetime": "2020-04-25 02:01:16", "elapsed": 5012.1018, "delta": 21.913781}}
{"target": 0.6409234, "params": {"alpha": 0.09634989902066415, "colsample_bytree": 0.8268139658183861, "lam": 0.40537952610973726, "max_depth": 6.205833205222007, "min_child_weight": 8.341065446550724, "subsample": 0.8816481178805051}, "datetime": {"datetime": "2020-04-25 02:01:34", "elapsed": 5030.722771, "delta": 18.620971}}
{"target": 0.6198632, "params": {"alpha": 0.9718669684854621, "colsample_bytree": 0.899850621560816, "lam": 0.7373184147324863, "max_depth": 4.461246379249385, "min_child_weight": 9.004776453057612, "subsample": 0.6330271839130586}, "datetime": {"datetime": "2020-04-25 02:01:58", "elapsed": 5053.897888, "delta": 23.175117}}
{"target": 0.6163803999999999, "params": {"alpha": 0.1225493351636806, "colsample_bytree": 0.7131425536897683, "lam": 0.8815894000529368, "max_depth": 4.105792458920906, "min_child_weight": 8.45789680451874, "subsample": 0.6562789098218034}, "datetime": {"datetime": "2020-04-25 02:02:18", "elapsed": 5074.050242, "delta": 20.152354}}
{"target": 0.6250574, "params": {"alpha": 0.9926570287543346, "colsample_bytree": 0.8820964301371539, "lam": 0.038586209457421305, "max_depth": 3.9134554796262786, "min_child_weight": 2.7833536386001514, "subsample": 0.8803919232620361}, "datetime": {"datetime": "2020-04-25 02:02:43", "elapsed": 5099.101191, "delta": 25.050949}}
{"target": 0.6273314, "params": {"alpha": 0.9960772877600248, "colsample_bytree": 0.8790997609170099, "lam": 0.46866946811579546, "max_depth": 7.795940391048239, "min_child_weight": 7.294998415714282, "subsample": 0.8800023625032096}, "datetime": {"datetime": "2020-04-25 02:03:02", "elapsed": 5118.041306, "delta": 18.940115}}
{"target": 0.6284118000000001, "params": {"alpha": 0.9037050593812165, "colsample_bytree": 0.649359590970162, "lam": 0.7650702718718908, "max_depth": 7.226926569261483, "min_child_weight": 7.983002500578593, "subsample": 0.51202131103151}, "datetime": {"datetime": "2020-04-25 02:03:18", "elapsed": 5134.867483, "delta": 16.826177}}
{"target": 0.6345252, "params": {"alpha": 0.009625919248840265, "colsample_bytree": 0.8586914662470491, "lam": 0.9981714277894376, "max_depth": 9.376084832705974, "min_child_weight": 5.733340590610805, "subsample": 0.8708920376391056}, "datetime": {"datetime": "2020-04-25 02:03:40", "elapsed": 5156.776433, "delta": 21.90895}}
{"target": 0.6356526, "params": {"alpha": 0.977114260206963, "colsample_bytree": 0.9, "lam": 0.9999999999999112, "max_depth": 4.531342989230521, "min_child_weight": 4.47934040555896, "subsample": 0.8999999999942875}, "datetime": {"datetime": "2020-04-25 02:03:58", "elapsed": 5174.502646, "delta": 17.726213}}
{"target": 0.6195088000000001, "params": {"alpha": 0.2627257670919033, "colsample_bytree": 0.6178268821310182, "lam": 0.9873516590949076, "max_depth": 7.804351155949097, "min_child_weight": 8.15820639604096, "subsample": 0.5328542829290666}, "datetime": {"datetime": "2020-04-25 02:04:24", "elapsed": 5200.705592, "delta": 26.202946}}
{"target": 0.6249604, "params": {"alpha": 1.0, "colsample_bytree": 0.9, "lam": 0.9999999985928568, "max_depth": 4.094170881675504, "min_child_weight": 4.007701213221047, "subsample": 0.5000000115782494}, "datetime": {"datetime": "2020-04-25 02:04:52", "elapsed": 5227.989041, "delta": 27.283449}}
{"target": 0.6320088, "params": {"alpha": 0.42856057377356027, "colsample_bytree": 0.8839225279637641, "lam": 0.018335106528278966, "max_depth": 8.139244957103088, "min_child_weight": 6.503864007524805, "subsample": 0.8897490108626541}, "datetime": {"datetime": "2020-04-25 02:05:16", "elapsed": 5252.621316, "delta": 24.632275}}
{"target": 0.6224238, "params": {"alpha": 0.038100734907426825, "colsample_bytree": 0.8852595084608187, "lam": 0.9516684860145724, "max_depth": 9.45946631346795, "min_child_weight": 3.595820310370304, "subsample": 0.8982974865558737}, "datetime": {"datetime": "2020-04-25 02:05:38", "elapsed": 5273.939491, "delta": 21.318175}}
{"target": 0.6306746000000001, "params": {"alpha": 0.24168553944226168, "colsample_bytree": 0.8976166275335459, "lam": 0.6288870752062818, "max_depth": 5.948879892031836, "min_child_weight": 5.9686769152226775, "subsample": 0.8954934574282694}, "datetime": {"datetime": "2020-04-25 02:06:01", "elapsed": 5297.386096, "delta": 23.446605}}
{"target": 0.6251431999999999, "params": {"alpha": 0.5720138314889277, "colsample_bytree": 0.6471534548038872, "lam": 0.1573218314027236, "max_depth": 6.654517716855649, "min_child_weight": 5.47800650012347, "subsample": 0.8998046703707054}, "datetime": {"datetime": "2020-04-25 02:06:22", "elapsed": 5318.497356, "delta": 21.11126}}
{"target": 0.6216208, "params": {"alpha": 0.9176324696862898, "colsample_bytree": 0.8883952694392032, "lam": 0.006025658016903801, "max_depth": 9.986216541007229, "min_child_weight": 4.066092116613818, "subsample": 0.8421068604474435}, "datetime": {"datetime": "2020-04-25 02:06:47", "elapsed": 5343.132274, "delta": 24.634918}}
{"target": 0.6362354, "params": {"alpha": 0.9510897128494399, "colsample_bytree": 0.8813261161698636, "lam": 0.255483353126305, "max_depth": 6.879696042152579, "min_child_weight": 8.688056348764135, "subsample": 0.6149642725397639}, "datetime": {"datetime": "2020-04-25 02:07:09", "elapsed": 5365.447762, "delta": 22.315488}}
{"target": 0.6031852, "params": {"alpha": 0.0062545677791379095, "colsample_bytree": 0.8920404518076763, "lam": 0.6459346320075131, "max_depth": 3.1261520300703767, "min_child_weight": 1.705998769523699, "subsample": 0.5190339263913383}, "datetime": {"datetime": "2020-04-25 02:07:29", "elapsed": 5385.194873, "delta": 19.747111}}
{"target": 0.6325468, "params": {"alpha": 0.5761183441043406, "colsample_bytree": 0.7206401861262004, "lam": 0.02501354874807471, "max_depth": 4.580935739613664, "min_child_weight": 8.676794225902578, "subsample": 0.8708516986820432}, "datetime": {"datetime": "2020-04-25 02:07:48", "elapsed": 5404.390306, "delta": 19.195433}}
{"target": 0.6304678, "params": {"alpha": 0.016871021498673144, "colsample_bytree": 0.7168915187238375, "lam": 0.033278740405735086, "max_depth": 9.90687632260443, "min_child_weight": 7.1342360331997305, "subsample": 0.897939498854586}, "datetime": {"datetime": "2020-04-25 02:08:09", "elapsed": 5425.326754, "delta": 20.936448}}
{"target": 0.6144364, "params": {"alpha": 0.9891174366524107, "colsample_bytree": 0.5266748180652876, "lam": 0.8927623157232263, "max_depth": 5.446217657643639, "min_child_weight": 8.433821761481525, "subsample": 0.8601323278619222}, "datetime": {"datetime": "2020-04-25 02:08:35", "elapsed": 5451.522816, "delta": 26.196062}}
{"target": 0.632451, "params": {"alpha": 0.001089902761292727, "colsample_bytree": 0.7445008305422114, "lam": 0.138571090114729, "max_depth": 7.889536747413359, "min_child_weight": 8.19384762661165, "subsample": 0.8991313900606168}, "datetime": {"datetime": "2020-04-25 02:08:58", "elapsed": 5474.088302, "delta": 22.565486}}
{"target": 0.635473, "params": {"alpha": 0.11790508512361741, "colsample_bytree": 0.7932071165493927, "lam": 0.9899235545223622, "max_depth": 6.713450850244465, "min_child_weight": 7.3371329722569465, "subsample": 0.8821026771933005}, "datetime": {"datetime": "2020-04-25 02:09:19", "elapsed": 5495.574591, "delta": 21.486289}}
{"target": 0.6265048, "params": {"alpha": 0.5962146008941273, "colsample_bytree": 0.8855161727333836, "lam": 0.37243016781170646, "max_depth": 3.6834770076259593, "min_child_weight": 6.898065000144907, "subsample": 0.854752025873337}, "datetime": {"datetime": "2020-04-25 02:09:46", "elapsed": 5522.423536, "delta": 26.848945}}
{"target": 0.620773, "params": {"alpha": 0.6963399219158223, "colsample_bytree": 0.8999999997578652, "lam": 0.9999999754084111, "max_depth": 9.99999993477071, "min_child_weight": 4.987504086187153, "subsample": 0.8999999998530783}, "datetime": {"datetime": "2020-04-25 02:10:10", "elapsed": 5546.78313, "delta": 24.359594}}
{"target": 0.6362190000000001, "params": {"alpha": 0.9853353359248513, "colsample_bytree": 0.8870674553786999, "lam": 0.45183758593860035, "max_depth": 7.453989771321717, "min_child_weight": 9.335275515602712, "subsample": 0.7102390266493666}, "datetime": {"datetime": "2020-04-25 02:10:28", "elapsed": 5564.840853, "delta": 18.057723}}
{"target": 0.631585, "params": {"alpha": 0.9528240862717791, "colsample_bytree": 0.8508687255753388, "lam": 0.04424453450842847, "max_depth": 4.761669283246123, "min_child_weight": 6.209715032773991, "subsample": 0.8953040807365795}, "datetime": {"datetime": "2020-04-25 02:10:54", "elapsed": 5590.044305, "delta": 25.203452}}
{"target": 0.6392878, "params": {"alpha": 0.9673300003340056, "colsample_bytree": 0.8768015256595126, "lam": 0.9008630088464736, "max_depth": 9.564868812541842, "min_child_weight": 9.989964010830919, "subsample": 0.8922854819878205}, "datetime": {"datetime": "2020-04-25 02:11:16", "elapsed": 5612.82639, "delta": 22.782085}}
{"target": 0.6182759999999999, "params": {"alpha": 0.03789200857542396, "colsample_bytree": 0.7777862385892966, "lam": 0.9923380455263002, "max_depth": 6.2549585219606385, "min_child_weight": 4.20282305462352, "subsample": 0.5490383248887251}, "datetime": {"datetime": "2020-04-25 02:11:34", "elapsed": 5630.809614, "delta": 17.983224}}
{"target": 0.6273556000000001, "params": {"alpha": 0.022633219245851488, "colsample_bytree": 0.8779907405255041, "lam": 0.02552941484989113, "max_depth": 8.470851952068822, "min_child_weight": 5.268621558197064, "subsample": 0.8980949573192456}, "datetime": {"datetime": "2020-04-25 02:12:00", "elapsed": 5656.581497, "delta": 25.771883}}
{"target": 0.622519, "params": {"alpha": 0.6914319146802811, "colsample_bytree": 0.8978481436887167, "lam": 0.43023034873138244, "max_depth": 7.190098921151453, "min_child_weight": 5.868168851992272, "subsample": 0.8885792715340629}, "datetime": {"datetime": "2020-04-25 02:12:27", "elapsed": 5683.537594, "delta": 26.956097}}
{"target": 0.637992, "params": {"alpha": 0.9856248667196805, "colsample_bytree": 0.6567529791618639, "lam": 0.3203990126675561, "max_depth": 6.83975735035256, "min_child_weight": 5.323719480476423, "subsample": 0.8229548465372527}, "datetime": {"datetime": "2020-04-25 02:12:50", "elapsed": 5706.122751, "delta": 22.585157}}
{"target": 0.6229813999999999, "params": {"alpha": 0.8806277765035873, "colsample_bytree": 0.7367439035433871, "lam": 0.27743856919128407, "max_depth": 7.233806959288389, "min_child_weight": 5.197759361776329, "subsample": 0.5139182773060859}, "datetime": {"datetime": "2020-04-25 02:13:13", "elapsed": 5729.496157, "delta": 23.373406}}
{"target": 0.6302852, "params": {"alpha": 0.9470599559304467, "colsample_bytree": 0.8761276670377118, "lam": 0.22584446667191316, "max_depth": 5.177815632195438, "min_child_weight": 5.768975894893488, "subsample": 0.8875148803960327}, "datetime": {"datetime": "2020-04-25 02:13:36", "elapsed": 5752.405053, "delta": 22.908896}}
{"target": 0.6375588000000001, "params": {"alpha": 0.5420326402539702, "colsample_bytree": 0.714696366343201, "lam": 0.07602224177972416, "max_depth": 4.872376245348023, "min_child_weight": 4.917509839793587, "subsample": 0.8916667348492817}, "datetime": {"datetime": "2020-04-25 02:14:01", "elapsed": 5777.518717, "delta": 25.113664}}
{"target": 0.6382366, "params": {"alpha": 0.954417359335396, "colsample_bytree": 0.8947093601086487, "lam": 0.2682769789729662, "max_depth": 6.757814984986247, "min_child_weight": 5.441585830798408, "subsample": 0.8421057897857029}, "datetime": {"datetime": "2020-04-25 02:14:28", "elapsed": 5804.567468, "delta": 27.048751}}
{"target": 0.630448, "params": {"alpha": 0.07072267625796036, "colsample_bytree": 0.8836919539362753, "lam": 0.9233465488042019, "max_depth": 5.228281600467808, "min_child_weight": 2.360472300372951, "subsample": 0.8841812751621303}, "datetime": {"datetime": "2020-04-25 02:14:57", "elapsed": 5833.012603, "delta": 28.445135}}
{"target": 0.6244666000000001, "params": {"alpha": 0.005990979339480248, "colsample_bytree": 0.8999999999997196, "lam": 0.9999999999999931, "max_depth": 9.999999999999991, "min_child_weight": 10.0, "subsample": 0.5}, "datetime": {"datetime": "2020-04-25 02:15:25", "elapsed": 5861.521691, "delta": 28.509088}}
{"target": 0.607603, "params": {"alpha": 0.8460828993324646, "colsample_bytree": 0.8783364035582676, "lam": 0.9444379858456221, "max_depth": 3.9576745406589087, "min_child_weight": 5.600687419600874, "subsample": 0.5080851299032256}, "datetime": {"datetime": "2020-04-25 02:15:49", "elapsed": 5885.787519, "delta": 24.265828}}
{"target": 0.6385846, "params": {"alpha": 0.08387516782222992, "colsample_bytree": 0.873386502340971, "lam": 0.049770187173497904, "max_depth": 7.409611464224428, "min_child_weight": 7.196522282132339, "subsample": 0.8781044111829095}, "datetime": {"datetime": "2020-04-25 02:16:11", "elapsed": 5907.159233, "delta": 21.371714}}
{"target": 0.6380834, "params": {"alpha": 0.23688911348089625, "colsample_bytree": 0.7809814689430177, "lam": 0.9730443456296455, "max_depth": 7.953643766908962, "min_child_weight": 6.456300777941243, "subsample": 0.8556757410111862}, "datetime": {"datetime": "2020-04-25 02:16:38", "elapsed": 5934.774343, "delta": 27.61511}}
{"target": 0.6236948, "params": {"alpha": 0.9919254265724942, "colsample_bytree": 0.8941090781497019, "lam": 0.1850997307794504, "max_depth": 5.471295369903042, "min_child_weight": 2.0753190801555075, "subsample": 0.8245926739863454}, "datetime": {"datetime": "2020-04-25 02:17:05", "elapsed": 5961.72475, "delta": 26.950407}}
{"target": 0.6311758000000001, "params": {"alpha": 0.5741623283564753, "colsample_bytree": 0.8938675223559172, "lam": 0.725645852538905, "max_depth": 4.99303187130862, "min_child_weight": 4.308882851708222, "subsample": 0.6460407841663289}, "datetime": {"datetime": "2020-04-25 02:17:39", "elapsed": 5995.765496, "delta": 34.040746}}
{"target": 0.638394, "params": {"alpha": 0.49079664590152083, "colsample_bytree": 0.8983993528371521, "lam": 0.04000643148796679, "max_depth": 5.034087332073241, "min_child_weight": 4.4980239648711855, "subsample": 0.8876072155965498}, "datetime": {"datetime": "2020-04-25 02:18:02", "elapsed": 6018.696511, "delta": 22.931015}}
{"target": 0.6229954, "params": {"alpha": 0.2507595397704615, "colsample_bytree": 0.7903442814912839, "lam": 0.026273875984491046, "max_depth": 5.518835880946187, "min_child_weight": 6.548960917529557, "subsample": 0.8988181018260671}, "datetime": {"datetime": "2020-04-25 02:18:24", "elapsed": 6040.16183, "delta": 21.465319}}
{"target": 0.6225806, "params": {"alpha": 0.06262667471685535, "colsample_bytree": 0.8933195877700761, "lam": 0.023213560590351845, "max_depth": 8.079001823218773, "min_child_weight": 5.2651866414820825, "subsample": 0.571749620989127}, "datetime": {"datetime": "2020-04-25 02:18:53", "elapsed": 6069.316411, "delta": 29.154581}}
{"target": 0.6062700000000001, "params": {"alpha": 0.9911480010773985, "colsample_bytree": 0.8890518812182506, "lam": 0.9356545073029936, "max_depth": 8.649188960262672, "min_child_weight": 2.588942058587854, "subsample": 0.5000577744455815}, "datetime": {"datetime": "2020-04-25 02:19:21", "elapsed": 6097.147453, "delta": 27.831042}}
{"target": 0.63555, "params": {"alpha": 0.2155532694549367, "colsample_bytree": 0.8946706403138526, "lam": 0.0034884282411273837, "max_depth": 7.998953941921438, "min_child_weight": 7.527382103291537, "subsample": 0.8943307105631537}, "datetime": {"datetime": "2020-04-25 02:19:42", "elapsed": 6118.100155, "delta": 20.952702}}
{"target": 0.6132394, "params": {"alpha": 0.013178955027975503, "colsample_bytree": 0.5824338502286852, "lam": 0.4597346393334263, "max_depth": 7.090676955542658, "min_child_weight": 7.40616072143922, "subsample": 0.8999615889445693}, "datetime": {"datetime": "2020-04-25 02:20:05", "elapsed": 6141.361592, "delta": 23.261437}}
{"target": 0.6274654, "params": {"alpha": 0.9932587731001087, "colsample_bytree": 0.8550616603044774, "lam": 0.9143832208521611, "max_depth": 7.035685915442627, "min_child_weight": 7.375974459581417, "subsample": 0.6608457376309256}, "datetime": {"datetime": "2020-04-25 02:20:35", "elapsed": 6171.232257, "delta": 29.870665}}
{"target": 0.6161633999999999, "params": {"alpha": 0.11745309193411546, "colsample_bytree": 0.8744757737439053, "lam": 0.9448301914342145, "max_depth": 8.822324724996475, "min_child_weight": 4.047236987641757, "subsample": 0.5069658921732628}, "datetime": {"datetime": "2020-04-25 02:21:05", "elapsed": 6201.882938, "delta": 30.650681}}
{"target": 0.6401508, "params": {"alpha": 0.9216300917729957, "colsample_bytree": 0.7846490056495499, "lam": 0.03008230135371681, "max_depth": 5.1069228348170315, "min_child_weight": 4.848952171306884, "subsample": 0.884881941313826}, "datetime": {"datetime": "2020-04-25 02:21:38", "elapsed": 6234.133547, "delta": 32.250609}}
{"target": 0.6223327999999999, "params": {"alpha": 0.9716803433725463, "colsample_bytree": 0.6231066157928056, "lam": 0.8488992324922626, "max_depth": 7.452293417426095, "min_child_weight": 5.7740334476581525, "subsample": 0.8976995170353577}, "datetime": {"datetime": "2020-04-25 02:22:06", "elapsed": 6262.714995, "delta": 28.581448}}
{"target": 0.6282192, "params": {"alpha": 0.6447541171150932, "colsample_bytree": 0.8540551966864752, "lam": 0.06954482118216554, "max_depth": 6.62003796968566, "min_child_weight": 6.784962311516437, "subsample": 0.887186665372119}, "datetime": {"datetime": "2020-04-25 02:22:35", "elapsed": 6291.15849, "delta": 28.443495}}
{"target": 0.6390678, "params": {"alpha": 0.026990065348497905, "colsample_bytree": 0.8433810808200201, "lam": 0.034672563191661565, "max_depth": 4.982250374792657, "min_child_weight": 3.7675335835769292, "subsample": 0.89899590092702}, "datetime": {"datetime": "2020-04-25 02:22:58", "elapsed": 6314.505858, "delta": 23.347368}}
{"target": 0.595796, "params": {"alpha": 1.696122979212844e-08, "colsample_bytree": 0.9, "lam": 1.0008763175605313e-08, "max_depth": 7.581256041311196, "min_child_weight": 1.9039004046959678, "subsample": 0.5000000012007155}, "datetime": {"datetime": "2020-04-25 02:23:26", "elapsed": 6342.081563, "delta": 27.575705}}
{"target": 0.6384703999999999, "params": {"alpha": 0.9811847783750773, "colsample_bytree": 0.783053948228337, "lam": 0.3140195292955029, "max_depth": 5.62288938052136, "min_child_weight": 8.374996224368857, "subsample": 0.8845739490005806}, "datetime": {"datetime": "2020-04-25 02:23:54", "elapsed": 6370.338721, "delta": 28.257158}}
{"target": 0.6270698, "params": {"alpha": 0.5808921037246417, "colsample_bytree": 0.7749673593172575, "lam": 0.9710681772425342, "max_depth": 9.282504161825882, "min_child_weight": 5.047288408540444, "subsample": 0.5188561198216939}, "datetime": {"datetime": "2020-04-25 02:24:17", "elapsed": 6393.780478, "delta": 23.441757}}
{"target": 0.6247102, "params": {"alpha": 0.05384919739435501, "colsample_bytree": 0.8843737293580072, "lam": 0.8634648869243645, "max_depth": 7.402937247238357, "min_child_weight": 6.848233574466088, "subsample": 0.8443466913950486}, "datetime": {"datetime": "2020-04-25 02:24:45", "elapsed": 6420.997614, "delta": 27.217136}}
{"target": 0.6436322000000001, "params": {"alpha": 0.9685430835292665, "colsample_bytree": 0.7975324132678638, "lam": 0.30485609764163735, "max_depth": 5.677114475578414, "min_child_weight": 7.655127131788268, "subsample": 0.892717633953493}, "datetime": {"datetime": "2020-04-25 02:25:17", "elapsed": 6453.229767, "delta": 32.232153}}
{"target": 0.642495, "params": {"alpha": 0.5495677614658024, "colsample_bytree": 0.8413579451475142, "lam": 0.9626258527853901, "max_depth": 7.08200703987307, "min_child_weight": 9.321903910061094, "subsample": 0.8952240340034627}, "datetime": {"datetime": "2020-04-25 02:25:40", "elapsed": 6476.433032, "delta": 23.203265}}
{"target": 0.6360524, "params": {"alpha": 0.016125399672940244, "colsample_bytree": 0.8610435930662586, "lam": 0.9638312504228064, "max_depth": 9.926445434474925, "min_child_weight": 8.490398064428314, "subsample": 0.8542375169804484}, "datetime": {"datetime": "2020-04-25 02:26:10", "elapsed": 6506.463887, "delta": 30.030855}}
{"target": 0.6347913999999999, "params": {"alpha": 0.6222691713464928, "colsample_bytree": 0.8503611724952527, "lam": 0.5366999077183033, "max_depth": 6.706034213105081, "min_child_weight": 9.47398185399838, "subsample": 0.7704297744640838}, "datetime": {"datetime": "2020-04-25 02:26:38", "elapsed": 6534.878838, "delta": 28.414951}}
{"target": 0.6355803999999999, "params": {"alpha": 0.9757949684219996, "colsample_bytree": 0.8853941283425502, "lam": 0.6622552426484617, "max_depth": 8.249859777483422, "min_child_weight": 6.939159172184163, "subsample": 0.8658637075456879}, "datetime": {"datetime": "2020-04-25 02:27:10", "elapsed": 6566.698359, "delta": 31.819521}}
{"target": 0.6431772, "params": {"alpha": 0.0039756009337064135, "colsample_bytree": 0.7979795888338099, "lam": 0.519763856738178, "max_depth": 7.798444807559459, "min_child_weight": 8.821958645940784, "subsample": 0.8654576553830109}, "datetime": {"datetime": "2020-04-25 02:27:46", "elapsed": 6602.336669, "delta": 35.63831}}
