{"target": 0.6313365999999999, "params": {"alpha": 0.9660184628780403, "colsample_bytree": 0.8182252759422036, "lam": 0.9684580183432963, "max_depth": 6.339155786320335, "min_child_weight": 3.6015976552419557, "subsample": 0.5696407882863468}, "datetime": {"datetime": "2020-04-25 18:06:22", "elapsed": 2691.046954, "delta": 17.307161}}
{"target": 0.626708, "params": {"alpha": 0.24382641857013077, "colsample_bytree": 0.8611409717623251, "lam": 0.0009460636349631901, "max_depth": 7.750892882028907, "min_child_weight": 7.867125506240185, "subsample": 0.8625125834338592}, "datetime": {"datetime": "2020-04-25 18:06:36", "elapsed": 2704.464482, "delta": 13.417528}}
{"target": 0.6231776, "params": {"alpha": 0.00774916109496282, "colsample_bytree": 0.8147801882942265, "lam": 0.999483884883066, "max_depth": 6.641095977377195, "min_child_weight": 3.969926100497805, "subsample": 0.6039337631572336}, "datetime": {"datetime": "2020-04-25 18:06:50", "elapsed": 2718.285299, "delta": 13.820817}}
{"target": 0.6074716, "params": {"alpha": 0.735119597449709, "colsample_bytree": 0.8581203882886801, "lam": 0.022905922764983377, "max_depth": 3.3097013772214687, "min_child_weight": 9.920958089383484, "subsample": 0.8754461134866063}, "datetime": {"datetime": "2020-04-25 18:07:00", "elapsed": 2729.138946, "delta": 10.853647}}
{"target": 0.6372642, "params": {"alpha": 0.9360994368470499, "colsample_bytree": 0.8925436784115335, "lam": 0.005113705621121345, "max_depth": 5.923478765391831, "min_child_weight": 7.852881702056196, "subsample": 0.849072395194967}, "datetime": {"datetime": "2020-04-25 18:07:12", "elapsed": 2741.179704, "delta": 12.040758}}
{"target": 0.6238604, "params": {"alpha": 0.9998450932741678, "colsample_bytree": 0.8658186065106108, "lam": 0.974661123771111, "max_depth": 5.40864073398304, "min_child_weight": 4.967933864090875, "subsample": 0.7054718702395562}, "datetime": {"datetime": "2020-04-25 18:07:25", "elapsed": 2753.914385, "delta": 12.734681}}
{"target": 0.6338054, "params": {"alpha": 0.5202565407969976, "colsample_bytree": 0.8595599292817006, "lam": 0.10122159327823366, "max_depth": 4.941423931512518, "min_child_weight": 4.181422375061774, "subsample": 0.8563634961516351}, "datetime": {"datetime": "2020-04-25 18:07:37", "elapsed": 2766.084908, "delta": 12.170523}}
{"target": 0.6321448, "params": {"alpha": 0.4315810058477222, "colsample_bytree": 0.8695686152324008, "lam": 0.013033304082165742, "max_depth": 3.9468088318178944, "min_child_weight": 6.454555736646757, "subsample": 0.8888449671730392}, "datetime": {"datetime": "2020-04-25 18:07:55", "elapsed": 2784.050742, "delta": 17.965834}}
{"target": 0.6396546000000001, "params": {"alpha": 0.8008451062625781, "colsample_bytree": 0.7262773273650172, "lam": 0.36923883557272796, "max_depth": 5.022107725811363, "min_child_weight": 9.34679474567013, "subsample": 0.8709517463922404}, "datetime": {"datetime": "2020-04-25 18:08:11", "elapsed": 2800.132875, "delta": 16.082133}}
{"target": 0.6304966000000001, "params": {"alpha": 0.3834333939690472, "colsample_bytree": 0.8988199204520453, "lam": 0.2789993347809736, "max_depth": 6.8973087694212065, "min_child_weight": 9.955266441366552, "subsample": 0.6283580760715897}, "datetime": {"datetime": "2020-04-25 18:08:22", "elapsed": 2810.575966, "delta": 10.443091}}
{"target": 0.634481, "params": {"alpha": 0.9966806881727498, "colsample_bytree": 0.8218258251010999, "lam": 0.9931352750201161, "max_depth": 6.55179985618393, "min_child_weight": 3.2976537891783453, "subsample": 0.821716703830895}, "datetime": {"datetime": "2020-04-25 18:08:34", "elapsed": 2823.08994, "delta": 12.513974}}
{"target": 0.635593, "params": {"alpha": 0.05280368965054083, "colsample_bytree": 0.894518813097832, "lam": 0.6308023008746894, "max_depth": 6.871554522041412, "min_child_weight": 9.506137043730329, "subsample": 0.8704864452117544}, "datetime": {"datetime": "2020-04-25 18:08:49", "elapsed": 2837.282394, "delta": 14.192454}}
{"target": 0.6333396, "params": {"alpha": 0.8853850101402707, "colsample_bytree": 0.875480110985723, "lam": 0.9991173802212764, "max_depth": 9.163352612410877, "min_child_weight": 7.9918106656727534, "subsample": 0.7447918235975383}, "datetime": {"datetime": "2020-04-25 18:09:04", "elapsed": 2852.958671, "delta": 15.676277}}
{"target": 0.6260866, "params": {"alpha": 0.8933567994901782, "colsample_bytree": 0.7444135750117609, "lam": 0.5658925935082836, "max_depth": 4.7709326638528555, "min_child_weight": 9.982983684917013, "subsample": 0.8944130206772236}, "datetime": {"datetime": "2020-04-25 18:09:19", "elapsed": 2867.655383, "delta": 14.696712}}
{"target": 0.6340359999999999, "params": {"alpha": 0.48481787303312085, "colsample_bytree": 0.6946150648831828, "lam": 0.01327924678751935, "max_depth": 5.173456107606809, "min_child_weight": 9.186726129343988, "subsample": 0.7282632442987464}, "datetime": {"datetime": "2020-04-25 18:09:36", "elapsed": 2884.290189, "delta": 16.634806}}
{"target": 0.6281787999999999, "params": {"alpha": 0.9803144705285529, "colsample_bytree": 0.7671414948604239, "lam": 0.9474910532739004, "max_depth": 4.871410916241694, "min_child_weight": 5.985282111431233, "subsample": 0.8821692842844973}, "datetime": {"datetime": "2020-04-25 18:09:52", "elapsed": 2900.828938, "delta": 16.538749}}
{"target": 0.6385107999999999, "params": {"alpha": 0.05158778340278247, "colsample_bytree": 0.8423022486156195, "lam": 0.3664514039170834, "max_depth": 5.957911765511337, "min_child_weight": 7.872216859313984, "subsample": 0.8841757946840298}, "datetime": {"datetime": "2020-04-25 18:10:08", "elapsed": 2917.002832, "delta": 16.173894}}
{"target": 0.629458, "params": {"alpha": 0.724184381725198, "colsample_bytree": 0.7620329444457561, "lam": 0.0078144720400658, "max_depth": 6.076478028401516, "min_child_weight": 3.697342443275678, "subsample": 0.885032661673862}, "datetime": {"datetime": "2020-04-25 18:10:23", "elapsed": 2931.629837, "delta": 14.627005}}
{"target": 0.6436896, "params": {"alpha": 0.9999999993715937, "colsample_bytree": 0.8999999054510479, "lam": 0.9999999993715937, "max_depth": 9.266317574845452, "min_child_weight": 9.999999838443484, "subsample": 0.8999999056653392}, "datetime": {"datetime": "2020-04-25 18:10:42", "elapsed": 2950.614853, "delta": 18.985016}}
{"target": 0.6343514000000001, "params": {"alpha": 0.056385305866742064, "colsample_bytree": 0.8976526966559036, "lam": 0.3883985688854926, "max_depth": 9.54500228237425, "min_child_weight": 9.886175253176624, "subsample": 0.7978960019489691}, "datetime": {"datetime": "2020-04-25 18:10:55", "elapsed": 2964.042126, "delta": 13.427273}}
{"target": 0.6188663999999999, "params": {"alpha": 0.01833017216029531, "colsample_bytree": 0.8687923171027332, "lam": 0.003335085715067021, "max_depth": 9.435367703519352, "min_child_weight": 7.5341226569822135, "subsample": 0.512417862762458}, "datetime": {"datetime": "2020-04-25 18:11:11", "elapsed": 2979.214127, "delta": 15.172001}}
{"target": 0.6284416, "params": {"alpha": 0.9340530422988007, "colsample_bytree": 0.8812442146892966, "lam": 0.19940757531544362, "max_depth": 7.543224843695616, "min_child_weight": 6.502083953632186, "subsample": 0.8613852367028432}, "datetime": {"datetime": "2020-04-25 18:11:25", "elapsed": 2993.764204, "delta": 14.550077}}
{"target": 0.6178684, "params": {"alpha": 0.475771333018179, "colsample_bytree": 0.894910740343158, "lam": 0.5770094897604257, "max_depth": 9.90789527473381, "min_child_weight": 5.287623106535979, "subsample": 0.8514836636863242}, "datetime": {"datetime": "2020-04-25 18:11:37", "elapsed": 3005.992814, "delta": 12.22861}}
{"target": 0.6203110000000001, "params": {"alpha": 0.9777902670172511, "colsample_bytree": 0.879535876381043, "lam": 0.31589854120838845, "max_depth": 5.961457091181998, "min_child_weight": 3.265185109271833, "subsample": 0.8612060947019922}, "datetime": {"datetime": "2020-04-25 18:11:52", "elapsed": 3020.992692, "delta": 14.999878}}
{"target": 0.6083344, "params": {"alpha": 0.9863310420955763, "colsample_bytree": 0.8700080511281436, "lam": 0.7426466438231003, "max_depth": 4.930593234460078, "min_child_weight": 2.7094536019568336, "subsample": 0.6733559260766938}, "datetime": {"datetime": "2020-04-25 18:12:05", "elapsed": 3033.363484, "delta": 12.370792}}
{"target": 0.6301264, "params": {"alpha": 0.9413631101335653, "colsample_bytree": 0.7355012566946111, "lam": 0.03986814170595032, "max_depth": 4.376723358032235, "min_child_weight": 7.460450173428136, "subsample": 0.8752552896248925}, "datetime": {"datetime": "2020-04-25 18:12:21", "elapsed": 3050.097371, "delta": 16.733887}}
{"target": 0.6277573999999999, "params": {"alpha": 0.9560314541432542, "colsample_bytree": 0.8501109440929127, "lam": 0.003862016828699022, "max_depth": 8.89855987291152, "min_child_weight": 5.499109413849584, "subsample": 0.8311107706612599}, "datetime": {"datetime": "2020-04-25 18:12:39", "elapsed": 3067.454612, "delta": 17.357241}}
{"target": 0.6295906, "params": {"alpha": 0.13266334521732703, "colsample_bytree": 0.8660230737681345, "lam": 0.009749545249563618, "max_depth": 7.697707794036849, "min_child_weight": 6.751250043804804, "subsample": 0.8400489558617432}, "datetime": {"datetime": "2020-04-25 18:12:55", "elapsed": 3083.397165, "delta": 15.942553}}
{"target": 0.6293150000000001, "params": {"alpha": 0.9529443036275009, "colsample_bytree": 0.6658488538029792, "lam": 0.4468198802549349, "max_depth": 9.723728336407612, "min_child_weight": 8.495385240042198, "subsample": 0.8887473394682264}, "datetime": {"datetime": "2020-04-25 18:13:10", "elapsed": 3099.170073, "delta": 15.772908}}
{"target": 0.6307796, "params": {"alpha": 0.9582433739110099, "colsample_bytree": 0.8189566050970039, "lam": 0.6257244900551345, "max_depth": 8.569152515300607, "min_child_weight": 8.398719145347945, "subsample": 0.8952193185393735}, "datetime": {"datetime": "2020-04-25 18:13:27", "elapsed": 3115.535343, "delta": 16.36527}}
{"target": 0.6239072, "params": {"alpha": 0.06009214555120623, "colsample_bytree": 0.8773529229974101, "lam": 0.9780993204289765, "max_depth": 9.118550241843247, "min_child_weight": 3.688361229997825, "subsample": 0.889967814904768}, "datetime": {"datetime": "2020-04-25 18:13:41", "elapsed": 3129.857566, "delta": 14.322223}}
{"target": 0.6346576, "params": {"alpha": 0.9770280512691161, "colsample_bytree": 0.8094050003962909, "lam": 0.6443304912439702, "max_depth": 4.973246527016876, "min_child_weight": 3.852213323410508, "subsample": 0.8891347260903322}, "datetime": {"datetime": "2020-04-25 18:14:00", "elapsed": 3148.52633, "delta": 18.668764}}
{"target": 0.6345000000000001, "params": {"alpha": 0.018359192833143467, "colsample_bytree": 0.8740398447936333, "lam": 0.2707619464176473, "max_depth": 9.992824455197706, "min_child_weight": 9.112702846125641, "subsample": 0.8703690928190756}, "datetime": {"datetime": "2020-04-25 18:14:14", "elapsed": 3162.662086, "delta": 14.135756}}
{"target": 0.6390239999999999, "params": {"alpha": 0.6493988202896026, "colsample_bytree": 0.8946870008360746, "lam": 0.9982830127635087, "max_depth": 6.445534748757935, "min_child_weight": 8.982716280952387, "subsample": 0.8336685139667781}, "datetime": {"datetime": "2020-04-25 18:14:27", "elapsed": 3175.915971, "delta": 13.253885}}
{"target": 0.6374986, "params": {"alpha": 0.959826447001233, "colsample_bytree": 0.8820015962006873, "lam": 0.9548787099932471, "max_depth": 9.37455513372445, "min_child_weight": 9.151970842508213, "subsample": 0.8912472996466512}, "datetime": {"datetime": "2020-04-25 18:14:43", "elapsed": 3191.297548, "delta": 15.381577}}
{"target": 0.6258206000000001, "params": {"alpha": 0.5019252561108943, "colsample_bytree": 0.8843589886677635, "lam": 0.2508173524511488, "max_depth": 6.8351973726666255, "min_child_weight": 3.992130092432923, "subsample": 0.8797001621599139}, "datetime": {"datetime": "2020-04-25 18:14:56", "elapsed": 3204.595492, "delta": 13.297944}}
{"target": 0.636009, "params": {"alpha": 0.9066133585736488, "colsample_bytree": 0.8819577625490456, "lam": 0.9710276601575334, "max_depth": 8.226446587116143, "min_child_weight": 7.871747496454874, "subsample": 0.5698149098610722}, "datetime": {"datetime": "2020-04-25 18:15:10", "elapsed": 3218.96599, "delta": 14.370498}}
{"target": 0.6307642, "params": {"alpha": 0.9664130206606428, "colsample_bytree": 0.8954533935906759, "lam": 0.9078988145277409, "max_depth": 5.195125992979042, "min_child_weight": 5.569834348036117, "subsample": 0.6561417230479736}, "datetime": {"datetime": "2020-04-25 18:15:28", "elapsed": 3236.906131, "delta": 17.940141}}
{"target": 0.6420011999999999, "params": {"alpha": 0.0187850843217644, "colsample_bytree": 0.8430769635364916, "lam": 0.37303961296052823, "max_depth": 7.711807131693438, "min_child_weight": 8.851879423874319, "subsample": 0.8648564094097719}, "datetime": {"datetime": "2020-04-25 18:15:42", "elapsed": 3250.966869, "delta": 14.060738}}
{"target": 0.6261, "params": {"alpha": 0.03401341949064063, "colsample_bytree": 0.852443956359324, "lam": 0.9990326902643042, "max_depth": 7.811697050481386, "min_child_weight": 5.717757774019956, "subsample": 0.8987432264245376}, "datetime": {"datetime": "2020-04-25 18:16:03", "elapsed": 3271.663691, "delta": 20.696822}}
{"target": 0.6315942, "params": {"alpha": 0.0010968924130255742, "colsample_bytree": 0.8244092804692253, "lam": 0.3490213771535965, "max_depth": 8.040615310469537, "min_child_weight": 9.984712909466255, "subsample": 0.832994820089646}, "datetime": {"datetime": "2020-04-25 18:16:19", "elapsed": 3287.585045, "delta": 15.921354}}
{"target": 0.6295438000000001, "params": {"alpha": 0.0, "colsample_bytree": 0.8999999916951618, "lam": 0.9999999792379044, "max_depth": 9.045181340293619, "min_child_weight": 9.999999934209155, "subsample": 0.5}, "datetime": {"datetime": "2020-04-25 18:16:31", "elapsed": 3299.849289, "delta": 12.264244}}
{"target": 0.6386348, "params": {"alpha": 0.004485695172138371, "colsample_bytree": 0.7727761158512161, "lam": 0.9998136378644137, "max_depth": 5.832302731411723, "min_child_weight": 2.933589999246972, "subsample": 0.674500166565623}, "datetime": {"datetime": "2020-04-25 18:16:46", "elapsed": 3314.518467, "delta": 14.669178}}
{"target": 0.6426348, "params": {"alpha": 0.8833122979745154, "colsample_bytree": 0.7395180911040696, "lam": 0.010574784226519363, "max_depth": 5.091601182510258, "min_child_weight": 9.602007625388204, "subsample": 0.8780263655687767}, "datetime": {"datetime": "2020-04-25 18:16:57", "elapsed": 3325.374532, "delta": 10.856065}}
{"target": 0.6402574000000001, "params": {"alpha": 0.022622955300341308, "colsample_bytree": 0.8515307172626896, "lam": 0.1137587204554753, "max_depth": 8.350960091314963, "min_child_weight": 9.336185786525853, "subsample": 0.8570110164677374}, "datetime": {"datetime": "2020-04-25 18:17:12", "elapsed": 3341.03727, "delta": 15.662738}}
{"target": 0.6449900000000001, "params": {"alpha": 0.04168512175010619, "colsample_bytree": 0.6641770120385855, "lam": 0.9848024971312023, "max_depth": 9.983838245124463, "min_child_weight": 9.626001685369186, "subsample": 0.8612081179876769}, "datetime": {"datetime": "2020-04-25 18:17:28", "elapsed": 3356.589816, "delta": 15.552546}}
{"target": 0.6236501999999999, "params": {"alpha": 0.04567087946655002, "colsample_bytree": 0.8982907498700402, "lam": 0.6369439519484736, "max_depth": 6.061178447580735, "min_child_weight": 9.957570405462393, "subsample": 0.6801247198432459}, "datetime": {"datetime": "2020-04-25 18:17:48", "elapsed": 3376.347878, "delta": 19.758062}}
{"target": 0.633097, "params": {"alpha": 0.34783964462857564, "colsample_bytree": 0.8859576912465426, "lam": 0.9235842621700064, "max_depth": 7.660524126480809, "min_child_weight": 8.683000545579583, "subsample": 0.8819938116454245}, "datetime": {"datetime": "2020-04-25 18:18:02", "elapsed": 3391.035575, "delta": 14.687697}}
{"target": 0.6271476, "params": {"alpha": 0.5840198662005427, "colsample_bytree": 0.8220333600760001, "lam": 0.7292084539463367, "max_depth": 9.23965969761858, "min_child_weight": 9.850387386741122, "subsample": 0.8948475425581564}, "datetime": {"datetime": "2020-04-25 18:18:21", "elapsed": 3409.776547, "delta": 18.740972}}
{"target": 0.6381361999999999, "params": {"alpha": 0.43243498426344007, "colsample_bytree": 0.8951118521751553, "lam": 0.9912680710220346, "max_depth": 4.829763542794868, "min_child_weight": 8.21302669034276, "subsample": 0.7888058142301855}, "datetime": {"datetime": "2020-04-25 18:18:39", "elapsed": 3427.623918, "delta": 17.847371}}
{"target": 0.6413672, "params": {"alpha": 0.6787141895433749, "colsample_bytree": 0.8910949052075623, "lam": 0.980032474508278, "max_depth": 5.910912152617504, "min_child_weight": 6.67886394681642, "subsample": 0.8553907877121947}, "datetime": {"datetime": "2020-04-25 18:18:53", "elapsed": 3441.423935, "delta": 13.800017}}
{"target": 0.6148070000000001, "params": {"alpha": 0.9859104594622741, "colsample_bytree": 0.6608260985607373, "lam": 0.8943583711397717, "max_depth": 4.449621510141147, "min_child_weight": 5.368769544471847, "subsample": 0.5616422035486371}, "datetime": {"datetime": "2020-04-25 18:19:09", "elapsed": 3457.911489, "delta": 16.487554}}
{"target": 0.6288929999999999, "params": {"alpha": 0.013787330327694303, "colsample_bytree": 0.8399105852182935, "lam": 0.9884189130149105, "max_depth": 7.446306870320906, "min_child_weight": 9.491856859905457, "subsample": 0.5104403971636262}, "datetime": {"datetime": "2020-04-25 18:19:28", "elapsed": 3477.051036, "delta": 19.139547}}
{"target": 0.6192099999999999, "params": {"alpha": 0.01098692067683793, "colsample_bytree": 0.8402754889561636, "lam": 0.9896641399199484, "max_depth": 5.8098661137797105, "min_child_weight": 2.699307247679539, "subsample": 0.8602601701933832}, "datetime": {"datetime": "2020-04-25 18:19:51", "elapsed": 3499.665653, "delta": 22.614617}}
{"target": 0.6208448, "params": {"alpha": 0.7402524472370922, "colsample_bytree": 0.8152504128223113, "lam": 0.9698187707720509, "max_depth": 4.605899376833013, "min_child_weight": 9.958467919970142, "subsample": 0.5253543035307657}, "datetime": {"datetime": "2020-04-25 18:20:05", "elapsed": 3513.780523, "delta": 14.11487}}
{"target": 0.6179134, "params": {"alpha": 0.16122006505579023, "colsample_bytree": 0.7859603980647416, "lam": 0.9737169761067148, "max_depth": 5.234834730215153, "min_child_weight": 2.3371723982239603, "subsample": 0.5017450093288138}, "datetime": {"datetime": "2020-04-25 18:20:23", "elapsed": 3531.64128, "delta": 17.860757}}
{"target": 0.5431492, "params": {"alpha": 0.0, "colsample_bytree": 0.5, "lam": 9.92343548022205e-09, "max_depth": 3.000000002218139, "min_child_weight": 4.634503339882886, "subsample": 0.5}, "datetime": {"datetime": "2020-04-25 18:20:41", "elapsed": 3549.413652, "delta": 17.772372}}
{"target": 0.6465154, "params": {"alpha": 0.46106608970342433, "colsample_bytree": 0.8950475101274351, "lam": 0.8936134576636268, "max_depth": 7.988655172428591, "min_child_weight": 7.931899995946855, "subsample": 0.8921491756066424}, "datetime": {"datetime": "2020-04-25 18:21:02", "elapsed": 3570.35001, "delta": 20.936358}}
{"target": 0.606049, "params": {"alpha": 0.029618477544342214, "colsample_bytree": 0.8951104830535372, "lam": 0.4340973677676183, "max_depth": 3.3959093475019677, "min_child_weight": 3.743885773612993, "subsample": 0.8861871373560465}, "datetime": {"datetime": "2020-04-25 18:21:21", "elapsed": 3589.484881, "delta": 19.134871}}
{"target": 0.5848814000000001, "params": {"alpha": 0.5105981129713636, "colsample_bytree": 0.7909818257024359, "lam": 0.9281116220231657, "max_depth": 3.0776894192537547, "min_child_weight": 3.1737901402041158, "subsample": 0.5665723347234477}, "datetime": {"datetime": "2020-04-25 18:21:39", "elapsed": 3607.203139, "delta": 17.718258}}
{"target": 0.6359298, "params": {"alpha": 0.05005275162424272, "colsample_bytree": 0.8643180035282783, "lam": 0.1270513835888667, "max_depth": 6.525031685688411, "min_child_weight": 8.745578822866143, "subsample": 0.8984721847734478}, "datetime": {"datetime": "2020-04-25 18:21:53", "elapsed": 3621.833276, "delta": 14.630137}}
{"target": 0.6370044, "params": {"alpha": 0.976543791475746, "colsample_bytree": 0.8615510289749162, "lam": 0.9949787707589616, "max_depth": 6.486537039932521, "min_child_weight": 7.0986443609095415, "subsample": 0.8997250190992427}, "datetime": {"datetime": "2020-04-25 18:22:12", "elapsed": 3640.239216, "delta": 18.40594}}
{"target": 0.6370972, "params": {"alpha": 0.09306700481063523, "colsample_bytree": 0.8623148737842148, "lam": 0.9783367913169588, "max_depth": 5.27900266948569, "min_child_weight": 3.3199113126853548, "subsample": 0.7599866608879893}, "datetime": {"datetime": "2020-04-25 18:22:32", "elapsed": 3660.243885, "delta": 20.004669}}
{"target": 0.629693, "params": {"alpha": 0.4522143813939219, "colsample_bytree": 0.8949927824245341, "lam": 0.02805541936653122, "max_depth": 4.731861946000743, "min_child_weight": 7.900468934630715, "subsample": 0.8513595409187416}, "datetime": {"datetime": "2020-04-25 18:22:47", "elapsed": 3675.495911, "delta": 15.252026}}
{"target": 0.6294838, "params": {"alpha": 0.9762472654984363, "colsample_bytree": 0.8590416200062737, "lam": 0.4190112370155876, "max_depth": 9.362641177581747, "min_child_weight": 7.798932903446121, "subsample": 0.6541358519346899}, "datetime": {"datetime": "2020-04-25 18:23:04", "elapsed": 3692.44959, "delta": 16.953679}}
{"target": 0.6339539999999999, "params": {"alpha": 0.9999999955799299, "colsample_bytree": 0.8999999953674255, "lam": 0.9999999639875169, "max_depth": 3.6067769737666144, "min_child_weight": 10.0, "subsample": 0.8343006419014227}, "datetime": {"datetime": "2020-04-25 18:23:19", "elapsed": 3707.436241, "delta": 14.986651}}
