{"target": 0.5988584, "params": {"alpha": 0.5010696884615546, "colsample_bytree": 0.5145422007307157, "lam": 0.11557065163927738, "max_depth": 4.233583921851396, "min_child_weight": 6.471263062745697, "subsample": 0.5631559736639529}, "datetime": {"datetime": "2020-04-25 00:37:44", "elapsed": 0.0, "delta": 0.0}}
{"target": 0.6302177999999999, "params": {"alpha": 0.2755697928423385, "colsample_bytree": 0.7589106994730578, "lam": 0.5153113188698564, "max_depth": 5.10970444906755, "min_child_weight": 6.2852147978075905, "subsample": 0.8152580421431177}, "datetime": {"datetime": "2020-04-25 00:37:44", "elapsed": 0.785427, "delta": 0.785427}}
{"target": 0.6068938, "params": {"alpha": 0.9746302840548934, "colsample_bytree": 0.5844122271977182, "lam": 0.9256867720504026, "max_depth": 6.109809851204299, "min_child_weight": 5.1645294115229605, "subsample": 0.7279509181364704}, "datetime": {"datetime": "2020-04-25 00:37:45", "elapsed": 1.6226, "delta": 0.837173}}
{"target": 0.6302496, "params": {"alpha": 0.5124808878296262, "colsample_bytree": 0.7679656160973856, "lam": 0.6364415891658526, "max_depth": 8.098127925858508, "min_child_weight": 9.073391039526909, "subsample": 0.7448659536282115}, "datetime": {"datetime": "2020-04-25 00:37:46", "elapsed": 2.563709, "delta": 0.941109}}
{"target": 0.6425525999999999, "params": {"alpha": 0.3874374272290486, "colsample_bytree": 0.7267874777365023, "lam": 0.9906170438302008, "max_depth": 9.630207053332118, "min_child_weight": 7.973513018948578, "subsample": 0.7722942699064221}, "datetime": {"datetime": "2020-04-25 00:37:47", "elapsed": 3.784315, "delta": 1.220606}}
{"target": 0.5935878, "params": {"alpha": 0.9727743910282713, "colsample_bytree": 0.5162259041577073, "lam": 0.8206552526486312, "max_depth": 5.275053033758434, "min_child_weight": 3.977073558938463, "subsample": 0.5454576187616764}, "datetime": {"datetime": "2020-04-25 00:37:48", "elapsed": 4.582436, "delta": 0.798121}}
{"target": 0.6292854, "params": {"alpha": 0.6123708831753307, "colsample_bytree": 0.6244696717240461, "lam": 0.4160103747816617, "max_depth": 7.008540197430159, "min_child_weight": 8.246965151980184, "subsample": 0.7298054237242085}, "datetime": {"datetime": "2020-04-25 00:37:49", "elapsed": 5.462794, "delta": 0.880358}}
{"target": 0.6151359999999999, "params": {"alpha": 0.4288633940006804, "colsample_bytree": 0.5296783680472196, "lam": 0.9868870015902229, "max_depth": 8.820563104780067, "min_child_weight": 4.947469148766428, "subsample": 0.8439112544926871}, "datetime": {"datetime": "2020-04-25 00:37:50", "elapsed": 6.599022, "delta": 1.136228}}
{"target": 0.5884288, "params": {"alpha": 0.709981247333004, "colsample_bytree": 0.5360462814651611, "lam": 0.5324931878654692, "max_depth": 3.8164067423318806, "min_child_weight": 9.281832369887391, "subsample": 0.6414892626331934}, "datetime": {"datetime": "2020-04-25 00:37:51", "elapsed": 7.359349, "delta": 0.760327}}
{"target": 0.6065021999999999, "params": {"alpha": 0.1084534036210042, "colsample_bytree": 0.8891123368381328, "lam": 0.10516751395315838, "max_depth": 6.688323012289689, "min_child_weight": 3.47660794004502, "subsample": 0.7829170272941403}, "datetime": {"datetime": "2020-04-25 00:37:52", "elapsed": 8.261833, "delta": 0.902484}}
{"target": 0.5925788, "params": {"alpha": 0.30659768226705664, "colsample_bytree": 0.6846800038952576, "lam": 0.9574787540449559, "max_depth": 3.0672099063094205, "min_child_weight": 1.2395031899747087, "subsample": 0.8233026910058044}, "datetime": {"datetime": "2020-04-25 00:37:53", "elapsed": 9.346062, "delta": 1.084229}}
{"target": 0.617871, "params": {"alpha": 0.02352200692553086, "colsample_bytree": 0.8893914411694857, "lam": 0.9958716645361348, "max_depth": 7.113893168462109, "min_child_weight": 7.69577125879602, "subsample": 0.5583634636679743}, "datetime": {"datetime": "2020-04-25 00:37:54", "elapsed": 10.575543, "delta": 1.229481}}
{"target": 0.5756836, "params": {"alpha": 1.0, "colsample_bytree": 0.9, "lam": 0.0, "max_depth": 10.0, "min_child_weight": 1.0000000012029748, "subsample": 0.9}, "datetime": {"datetime": "2020-04-25 00:37:56", "elapsed": 12.827053, "delta": 2.25151}}
{"target": 0.632629, "params": {"alpha": 0.027388879272298494, "colsample_bytree": 0.6414169814482567, "lam": 0.23753068302462688, "max_depth": 9.78714316568572, "min_child_weight": 9.892657518772976, "subsample": 0.8583926737753065}, "datetime": {"datetime": "2020-04-25 00:37:58", "elapsed": 14.469528, "delta": 1.642475}}
{"target": 0.627872, "params": {"alpha": 0.9833156824090129, "colsample_bytree": 0.8773203634804614, "lam": 0.09334730753728493, "max_depth": 9.633855283914102, "min_child_weight": 6.503581849041501, "subsample": 0.8458004334754596}, "datetime": {"datetime": "2020-04-25 00:38:00", "elapsed": 16.101349, "delta": 1.631821}}
{"target": 0.6365334, "params": {"alpha": 0.9999999999982515, "colsample_bytree": 0.8999999999953551, "lam": 0.9999999999915874, "max_depth": 9.99999999997872, "min_child_weight": 9.999999999998966, "subsample": 0.9}, "datetime": {"datetime": "2020-04-25 00:38:01", "elapsed": 17.736958, "delta": 1.635609}}
{"target": 0.615589, "params": {"alpha": 0.007582189477649881, "colsample_bytree": 0.5238359964571431, "lam": 0.8682971162020633, "max_depth": 6.270207396312647, "min_child_weight": 9.01058311803259, "subsample": 0.8623800320767211}, "datetime": {"datetime": "2020-04-25 00:38:03", "elapsed": 18.992352, "delta": 1.255394}}
{"target": 0.5514008, "params": {"alpha": 0.0, "colsample_bytree": 0.5, "lam": 1.0, "max_depth": 8.949868346603058, "min_child_weight": 1.0000000091537022, "subsample": 0.9}, "datetime": {"datetime": "2020-04-25 00:38:04", "elapsed": 20.85094, "delta": 1.858588}}
{"target": 0.6066486, "params": {"alpha": 0.9829243309352608, "colsample_bytree": 0.8845097076190311, "lam": 0.652109811454046, "max_depth": 3.2200756036729565, "min_child_weight": 5.7907169677131884, "subsample": 0.8758028140135441}, "datetime": {"datetime": "2020-04-25 00:38:06", "elapsed": 22.063294, "delta": 1.212354}}
{"target": 0.5956558000000001, "params": {"alpha": 0.0, "colsample_bytree": 0.9, "lam": 0.0, "max_depth": 3.0748449515081875, "min_child_weight": 8.63596088002853, "subsample": 0.9}, "datetime": {"datetime": "2020-04-25 00:38:07", "elapsed": 23.26595, "delta": 1.202656}}
{"target": 0.6173622, "params": {"alpha": 0.9741851282253671, "colsample_bytree": 0.5809184371102734, "lam": 0.12752524199131943, "max_depth": 9.818603933217965, "min_child_weight": 9.439563203660592, "subsample": 0.8069360677905247}, "datetime": {"datetime": "2020-04-25 00:38:09", "elapsed": 24.971665, "delta": 1.705715}}
{"target": 0.6325906, "params": {"alpha": 0.6736511005989805, "colsample_bytree": 0.8812750006241614, "lam": 0.049335646261116195, "max_depth": 5.2253860545465, "min_child_weight": 8.593873119907022, "subsample": 0.8894627910135917}, "datetime": {"datetime": "2020-04-25 00:38:10", "elapsed": 26.202389, "delta": 1.230724}}
{"target": 0.628039, "params": {"alpha": 0.019670829257350197, "colsample_bytree": 0.8333393889525993, "lam": 0.14718914457508814, "max_depth": 8.82935070599261, "min_child_weight": 7.474386945899786, "subsample": 0.8704287425499959}, "datetime": {"datetime": "2020-04-25 00:38:11", "elapsed": 27.727824, "delta": 1.525435}}
{"target": 0.6297304, "params": {"alpha": 0.9753721763416074, "colsample_bytree": 0.8430332880767244, "lam": 0.006538309873621917, "max_depth": 3.5053336025244333, "min_child_weight": 1.1550945623435886, "subsample": 0.8899610163006446}, "datetime": {"datetime": "2020-04-25 00:38:13", "elapsed": 28.919771, "delta": 1.191947}}
{"target": 0.6079078000000001, "params": {"alpha": 0.6123127701981115, "colsample_bytree": 0.8965768014204275, "lam": 0.057406368628182936, "max_depth": 3.310654973801652, "min_child_weight": 2.9768913550114666, "subsample": 0.8385617528813383}, "datetime": {"datetime": "2020-04-25 00:38:14", "elapsed": 30.142577, "delta": 1.222806}}
{"target": 0.6216332000000001, "params": {"alpha": 0.9400026221321406, "colsample_bytree": 0.8919858843952864, "lam": 0.6800400114379358, "max_depth": 5.209945118321949, "min_child_weight": 1.0531924365928362, "subsample": 0.8630040515145463}, "datetime": {"datetime": "2020-04-25 00:38:15", "elapsed": 31.439838, "delta": 1.297261}}
{"target": 0.594377, "params": {"alpha": 0.0, "colsample_bytree": 0.5, "lam": 1.0, "max_depth": 9.999999991230284, "min_child_weight": 9.999999991026892, "subsample": 0.9}, "datetime": {"datetime": "2020-04-25 00:38:17", "elapsed": 33.065874, "delta": 1.626036}}
{"target": 0.618443, "params": {"alpha": 0.0, "colsample_bytree": 0.9, "lam": 1.0, "max_depth": 10.0, "min_child_weight": 4.843379387621655, "subsample": 0.500000000078944}, "datetime": {"datetime": "2020-04-25 00:38:18", "elapsed": 34.702279, "delta": 1.636405}}
{"target": 0.5951487999999999, "params": {"alpha": 0.07568531860157612, "colsample_bytree": 0.5383373972494078, "lam": 0.04209048918047309, "max_depth": 5.644476505651771, "min_child_weight": 1.1313495445520099, "subsample": 0.8958996175887811}, "datetime": {"datetime": "2020-04-25 00:38:20", "elapsed": 36.01632, "delta": 1.314041}}
{"target": 0.622969, "params": {"alpha": 0.9753468971120681, "colsample_bytree": 0.84924781226, "lam": 0.6545058878034008, "max_depth": 9.971822514945092, "min_child_weight": 4.164819072694606, "subsample": 0.8947780318636004}, "datetime": {"datetime": "2020-04-25 00:38:21", "elapsed": 37.871285, "delta": 1.854965}}
{"target": 0.6286486, "params": {"alpha": 0.20296189729745673, "colsample_bytree": 0.8291208264127525, "lam": 0.010318183645308787, "max_depth": 6.954691878354612, "min_child_weight": 9.96570869216575, "subsample": 0.5642583932362548}, "datetime": {"datetime": "2020-04-25 00:38:23", "elapsed": 39.162029, "delta": 1.290744}}
{"target": 0.6290656, "params": {"alpha": 0.23764003937442135, "colsample_bytree": 0.8982777429630441, "lam": 0.4542431192404093, "max_depth": 9.960859300931304, "min_child_weight": 8.770162555688238, "subsample": 0.668708951630617}, "datetime": {"datetime": "2020-04-25 00:38:24", "elapsed": 40.719692, "delta": 1.557663}}
{"target": 0.6277504, "params": {"alpha": 0.8966702179376087, "colsample_bytree": 0.8258730315888766, "lam": 0.7874196536066655, "max_depth": 9.889200860297162, "min_child_weight": 7.699588913135191, "subsample": 0.8971304203469965}, "datetime": {"datetime": "2020-04-25 00:38:26", "elapsed": 42.500387, "delta": 1.780695}}
{"target": 0.598901, "params": {"alpha": 1.0, "colsample_bytree": 0.9, "lam": 0.0, "max_depth": 3.0, "min_child_weight": 10.0, "subsample": 0.9}, "datetime": {"datetime": "2020-04-25 00:38:27", "elapsed": 43.758343, "delta": 1.257956}}
{"target": 0.5794758000000001, "params": {"alpha": 0.9884498979421388, "colsample_bytree": 0.7121916595145141, "lam": 0.028669655817863404, "max_depth": 8.125994021355265, "min_child_weight": 2.0247117638802283, "subsample": 0.5397648721735688}, "datetime": {"datetime": "2020-04-25 00:38:29", "elapsed": 45.396, "delta": 1.637657}}
{"target": 0.6335172, "params": {"alpha": 0.9661869215280708, "colsample_bytree": 0.8677763487540794, "lam": 0.041152853706099, "max_depth": 8.199504765390387, "min_child_weight": 9.999068886294085, "subsample": 0.6470041110680427}, "datetime": {"datetime": "2020-04-25 00:38:30", "elapsed": 46.865647, "delta": 1.469647}}
{"target": 0.5959082, "params": {"alpha": 0.050017085047950105, "colsample_bytree": 0.537892195442912, "lam": 0.15035989939784722, "max_depth": 9.990327513391549, "min_child_weight": 5.106317800442307, "subsample": 0.5489219535995185}, "datetime": {"datetime": "2020-04-25 00:38:32", "elapsed": 48.632623, "delta": 1.766976}}
{"target": 0.6298298, "params": {"alpha": 1.0, "colsample_bytree": 0.9, "lam": 0.0, "max_depth": 6.199610155087261, "min_child_weight": 5.230071481974967, "subsample": 0.9}, "datetime": {"datetime": "2020-04-25 00:38:34", "elapsed": 49.967981, "delta": 1.335358}}
{"target": 0.623463, "params": {"alpha": 0.9863617756770241, "colsample_bytree": 0.8134049836981923, "lam": 0.9311283547602927, "max_depth": 8.971991506631976, "min_child_weight": 6.958495238554901, "subsample": 0.5095782168822877}, "datetime": {"datetime": "2020-04-25 00:38:35", "elapsed": 51.54667, "delta": 1.578689}}
{"target": 0.6274511999999999, "params": {"alpha": 0.1418139852131558, "colsample_bytree": 0.8684046636167624, "lam": 0.9876398408707896, "max_depth": 9.945257974150895, "min_child_weight": 6.8452477004042, "subsample": 0.8675056713761831}, "datetime": {"datetime": "2020-04-25 00:38:37", "elapsed": 53.353427, "delta": 1.806757}}
{"target": 0.6029586, "params": {"alpha": 0.6739439416091657, "colsample_bytree": 0.9, "lam": 0.058696452643620736, "max_depth": 4.396087677505981, "min_child_weight": 1.2128212134568368, "subsample": 0.5}, "datetime": {"datetime": "2020-04-25 00:38:38", "elapsed": 54.739591, "delta": 1.386164}}
{"target": 0.6250899999999999, "params": {"alpha": 0.12341501866082116, "colsample_bytree": 0.8740063254641941, "lam": 0.9936355187247766, "max_depth": 4.5942453463970025, "min_child_weight": 4.18354696520883, "subsample": 0.8961167985347179}, "datetime": {"datetime": "2020-04-25 00:38:40", "elapsed": 56.011321, "delta": 1.27173}}
{"target": 0.6368754000000001, "params": {"alpha": 1.0, "colsample_bytree": 0.9, "lam": 2.4572225969528806e-08, "max_depth": 10.0, "min_child_weight": 9.982079889061191, "subsample": 0.9}, "datetime": {"datetime": "2020-04-25 00:38:41", "elapsed": 57.673848, "delta": 1.662527}}
{"target": 0.6315822000000001, "params": {"alpha": 0.013534648891669998, "colsample_bytree": 0.893920148365086, "lam": 0.28381173551211647, "max_depth": 8.21545953613944, "min_child_weight": 9.958610503870988, "subsample": 0.8502339456290102}, "datetime": {"datetime": "2020-04-25 00:38:43", "elapsed": 59.184321, "delta": 1.510473}}
{"target": 0.6360002, "params": {"alpha": 0.9563194728841607, "colsample_bytree": 0.717172383962192, "lam": 0.6742399397303879, "max_depth": 6.122325159075106, "min_child_weight": 9.95802549868461, "subsample": 0.8745755711674927}, "datetime": {"datetime": "2020-04-25 00:38:44", "elapsed": 60.493286, "delta": 1.308965}}
{"target": 0.6011566, "params": {"alpha": 3.0261035416012428e-09, "colsample_bytree": 0.9, "lam": 0.9742177506779455, "max_depth": 3.0, "min_child_weight": 10.0, "subsample": 0.8850170177599505}, "datetime": {"datetime": "2020-04-25 00:38:45", "elapsed": 61.834522, "delta": 1.341236}}
{"target": 0.629622, "params": {"alpha": 0.3150288571004124, "colsample_bytree": 0.7904179984646709, "lam": 0.07593652647334104, "max_depth": 9.733532475859317, "min_child_weight": 9.948906404590641, "subsample": 0.5003503500780103}, "datetime": {"datetime": "2020-04-25 00:38:47", "elapsed": 63.478388, "delta": 1.643866}}
{"target": 0.6399355999999999, "params": {"alpha": 0.9425118702723869, "colsample_bytree": 0.8835470919883135, "lam": 0.9542733222209253, "max_depth": 5.621549177731557, "min_child_weight": 7.975902434985445, "subsample": 0.8262077550661622}, "datetime": {"datetime": "2020-04-25 00:38:49", "elapsed": 65.019291, "delta": 1.540903}}
{"target": 0.6359592, "params": {"alpha": 0.779461929508865, "colsample_bytree": 0.8976746775051121, "lam": 0.07706640839743151, "max_depth": 5.653978584888389, "min_child_weight": 9.986668408398614, "subsample": 0.8651810382462265}, "datetime": {"datetime": "2020-04-25 00:38:50", "elapsed": 66.646949, "delta": 1.627658}}
{"target": 0.6302572000000001, "params": {"alpha": 0.9999997201620473, "colsample_bytree": 0.9, "lam": 0.23304625822944003, "max_depth": 4.733357536460245, "min_child_weight": 2.715492791344128, "subsample": 0.9}, "datetime": {"datetime": "2020-04-25 00:38:52", "elapsed": 68.065377, "delta": 1.418428}}
{"target": 0.6375282, "params": {"alpha": 0.0, "colsample_bytree": 0.899999999877438, "lam": 1.0, "max_depth": 8.823512534716107, "min_child_weight": 8.475910197036127, "subsample": 0.8999999997379488}, "datetime": {"datetime": "2020-04-25 00:38:53", "elapsed": 69.820186, "delta": 1.754809}}
{"target": 0.6212792, "params": {"alpha": 0.41007299360085536, "colsample_bytree": 0.8784728827422569, "lam": 0.04834939758242507, "max_depth": 9.419316538786212, "min_child_weight": 3.7612390911787896, "subsample": 0.8907697148392064}, "datetime": {"datetime": "2020-04-25 00:38:55", "elapsed": 71.669088, "delta": 1.848902}}
{"target": 0.635893, "params": {"alpha": 0.9999999901797898, "colsample_bytree": 0.8235307314057296, "lam": 0.9999999925201047, "max_depth": 8.332388148350319, "min_child_weight": 8.40743830247584, "subsample": 0.9}, "datetime": {"datetime": "2020-04-25 00:38:57", "elapsed": 73.195135, "delta": 1.526047}}
{"target": 0.643112, "params": {"alpha": 0.999999999298976, "colsample_bytree": 0.899999999073245, "lam": 0.9999999994203316, "max_depth": 8.135985815501362, "min_child_weight": 9.932824091602633, "subsample": 0.5905636956466582}, "datetime": {"datetime": "2020-04-25 00:38:58", "elapsed": 74.797145, "delta": 1.60201}}
{"target": 0.625065, "params": {"alpha": 0.7699578117447914, "colsample_bytree": 0.8856105236470262, "lam": 0.952502256399986, "max_depth": 6.066137811615493, "min_child_weight": 9.325337447632222, "subsample": 0.5331991626921353}, "datetime": {"datetime": "2020-04-25 00:39:00", "elapsed": 76.340825, "delta": 1.54368}}
{"target": 0.6320406000000001, "params": {"alpha": 0.228397054370725, "colsample_bytree": 0.8130746478748361, "lam": 0.07372698340560058, "max_depth": 6.12766134602189, "min_child_weight": 7.28085964033161, "subsample": 0.895704147899538}, "datetime": {"datetime": "2020-04-25 00:39:01", "elapsed": 77.767412, "delta": 1.426587}}
{"target": 0.6442324, "params": {"alpha": 0.9951645609994754, "colsample_bytree": 0.863173436808419, "lam": 0.07994144687700167, "max_depth": 5.246945550344994, "min_child_weight": 6.149751594580071, "subsample": 0.8829151980128231}, "datetime": {"datetime": "2020-04-25 00:39:03", "elapsed": 79.437863, "delta": 1.670451}}
{"target": 0.6051138, "params": {"alpha": 0.056747701812116746, "colsample_bytree": 0.896165452209337, "lam": 0.005363196656682168, "max_depth": 3.2676902860019093, "min_child_weight": 1.1836047424662666, "subsample": 0.8485229497355465}, "datetime": {"datetime": "2020-04-25 00:39:05", "elapsed": 80.914935, "delta": 1.477072}}
{"target": 0.628421, "params": {"alpha": 0.9746525809169406, "colsample_bytree": 0.5234053302644949, "lam": 0.03984717591095266, "max_depth": 5.696994527880012, "min_child_weight": 6.606472987307403, "subsample": 0.8824034470204831}, "datetime": {"datetime": "2020-04-25 00:39:06", "elapsed": 82.475552, "delta": 1.560617}}
{"target": 0.631595, "params": {"alpha": 0.930722762639325, "colsample_bytree": 0.8974686659887159, "lam": 0.8805368745135377, "max_depth": 4.8232962745363, "min_child_weight": 6.983510655922911, "subsample": 0.8993247191183316}, "datetime": {"datetime": "2020-04-25 00:39:07", "elapsed": 83.841847, "delta": 1.366295}}
{"target": 0.6337662, "params": {"alpha": 0.8944625975860752, "colsample_bytree": 0.8668111223989055, "lam": 0.1638239762544803, "max_depth": 4.566579521011857, "min_child_weight": 5.374560393050905, "subsample": 0.8992388733036671}, "datetime": {"datetime": "2020-04-25 00:39:09", "elapsed": 85.373725, "delta": 1.531878}}
{"target": 0.6299303999999999, "params": {"alpha": 0.9396235190691427, "colsample_bytree": 0.8801475108894984, "lam": 0.35117776125967193, "max_depth": 6.996648832427801, "min_child_weight": 9.943319450149213, "subsample": 0.8467354726323754}, "datetime": {"datetime": "2020-04-25 00:39:11", "elapsed": 87.151047, "delta": 1.777322}}
{"target": 0.6431712, "params": {"alpha": 0.16394045835827065, "colsample_bytree": 0.7244414719090204, "lam": 0.03183790782171869, "max_depth": 4.656558472009305, "min_child_weight": 9.989277792424542, "subsample": 0.7875155762980123}, "datetime": {"datetime": "2020-04-25 00:39:12", "elapsed": 88.707858, "delta": 1.556811}}
{"target": 0.5617944, "params": {"alpha": 0.0, "colsample_bytree": 0.5, "lam": 0.0, "max_depth": 3.0, "min_child_weight": 10.0, "subsample": 0.8999999999999994}, "datetime": {"datetime": "2020-04-25 00:39:14", "elapsed": 90.137283, "delta": 1.429425}}
{"target": 0.6348818, "params": {"alpha": 0.045034695029804284, "colsample_bytree": 0.8143209052730476, "lam": 0.819881839414981, "max_depth": 5.206328164396854, "min_child_weight": 9.929227560417429, "subsample": 0.7738055676321576}, "datetime": {"datetime": "2020-04-25 00:39:15", "elapsed": 91.765114, "delta": 1.627831}}
{"target": 0.6301788, "params": {"alpha": 0.8071946341852141, "colsample_bytree": 0.6924960328745514, "lam": 0.9673791583004102, "max_depth": 9.073939752055582, "min_child_weight": 9.832208672020293, "subsample": 0.8820378939102622}, "datetime": {"datetime": "2020-04-25 00:39:17", "elapsed": 93.63546, "delta": 1.870346}}
{"target": 0.6288037999999999, "params": {"alpha": 0.5197104160974662, "colsample_bytree": 0.899999997946032, "lam": 1.0, "max_depth": 5.600048572500682, "min_child_weight": 1.9983786843874498, "subsample": 0.9}, "datetime": {"datetime": "2020-04-25 00:39:19", "elapsed": 95.322809, "delta": 1.687349}}
{"target": 0.6349574, "params": {"alpha": 0.9807299409361312, "colsample_bytree": 0.8897054600220262, "lam": 0.9815245892472717, "max_depth": 4.621389860120336, "min_child_weight": 9.807846582928711, "subsample": 0.7485688489140673}, "datetime": {"datetime": "2020-04-25 00:39:20", "elapsed": 96.855536, "delta": 1.532727}}
{"target": 0.6009502000000001, "params": {"alpha": 0.02615072910548155, "colsample_bytree": 0.5007242896058031, "lam": 0.020643252652648325, "max_depth": 8.30902455589326, "min_child_weight": 9.975528533879338, "subsample": 0.8401752289174547}, "datetime": {"datetime": "2020-04-25 00:39:22", "elapsed": 98.844427, "delta": 1.988891}}
