{"target": 0.6112304, "params": {"alpha": 0.09187849978086449, "colsample_bytree": 0.8976328492542535, "lam": 0.0683076047932678, "max_depth": 4.325092962494845, "min_child_weight": 8.899434799611674, "subsample": 0.5100437511375546}, "datetime": {"datetime": "2020-04-25 17:31:26", "elapsed": 739.540849, "delta": 4.874692}}
{"target": 0.5895311999999999, "params": {"alpha": 0.7561567566113774, "colsample_bytree": 0.5253800115309618, "lam": 0.9054154767154393, "max_depth": 9.38288383121382, "min_child_weight": 3.813390105536973, "subsample": 0.5033879028690862}, "datetime": {"datetime": "2020-04-25 17:31:33", "elapsed": 746.883959, "delta": 7.34311}}
{"target": 0.6356005999999998, "params": {"alpha": 0.3562166436243056, "colsample_bytree": 0.8879755712531214, "lam": 0.00645016244448493, "max_depth": 5.864648898270976, "min_child_weight": 7.987254416743953, "subsample": 0.860692188033001}, "datetime": {"datetime": "2020-04-25 17:31:39", "elapsed": 753.192485, "delta": 6.308526}}
{"target": 0.6287274, "params": {"alpha": 0.09081665168037245, "colsample_bytree": 0.8988676631360593, "lam": 0.49703160004003244, "max_depth": 9.927684668611196, "min_child_weight": 6.430158880081217, "subsample": 0.8866644196669897}, "datetime": {"datetime": "2020-04-25 17:31:47", "elapsed": 761.525873, "delta": 8.333388}}
{"target": 0.6423197999999999, "params": {"alpha": 0.9232740321943483, "colsample_bytree": 0.894204000627302, "lam": 0.6968624539832909, "max_depth": 5.0023735386050125, "min_child_weight": 8.658407674120669, "subsample": 0.8982775135884566}, "datetime": {"datetime": "2020-04-25 17:31:54", "elapsed": 767.77231, "delta": 6.246437}}
{"target": 0.6354478, "params": {"alpha": 0.635371336990649, "colsample_bytree": 0.8980883597147522, "lam": 0.5343973117926464, "max_depth": 4.95576448754241, "min_child_weight": 9.490905013903816, "subsample": 0.830441320200188}, "datetime": {"datetime": "2020-04-25 17:32:00", "elapsed": 774.138815, "delta": 6.366505}}
{"target": 0.5967296, "params": {"alpha": 0.7990578690933403, "colsample_bytree": 0.894457713082783, "lam": 0.9650668359942489, "max_depth": 9.995669744517064, "min_child_weight": 2.174682576233722, "subsample": 0.5234259404022603}, "datetime": {"datetime": "2020-04-25 17:32:08", "elapsed": 781.609502, "delta": 7.470687}}
{"target": 0.5783758000000001, "params": {"alpha": 0.8791391798013443, "colsample_bytree": 0.6056591844504786, "lam": 0.018882702459146472, "max_depth": 3.2461101754915225, "min_child_weight": 9.959492006705304, "subsample": 0.8863651609452398}, "datetime": {"datetime": "2020-04-25 17:32:13", "elapsed": 787.276186, "delta": 5.666684}}
{"target": 0.5923830000000001, "params": {"alpha": 0.9556755676753327, "colsample_bytree": 0.8895903987906422, "lam": 0.4119997085686916, "max_depth": 8.649112968221804, "min_child_weight": 2.2952449951517084, "subsample": 0.5542124641702284}, "datetime": {"datetime": "2020-04-25 17:32:20", "elapsed": 794.319265, "delta": 7.043079}}
{"target": 0.60374, "params": {"alpha": 0.14884806738706213, "colsample_bytree": 0.8998253788456059, "lam": 0.9249746605335418, "max_depth": 8.97490318172515, "min_child_weight": 1.5174570325021883, "subsample": 0.514772326552106}, "datetime": {"datetime": "2020-04-25 17:32:27", "elapsed": 801.015261, "delta": 6.695996}}
{"target": 0.6285236000000001, "params": {"alpha": 0.2063006345039201, "colsample_bytree": 0.8415141001404607, "lam": 0.9774318426206491, "max_depth": 8.613809025483114, "min_child_weight": 4.418014750217992, "subsample": 0.8927112151657688}, "datetime": {"datetime": "2020-04-25 17:32:35", "elapsed": 808.946409, "delta": 7.931148}}
{"target": 0.6000094, "params": {"alpha": 0.7951677871462961, "colsample_bytree": 0.8551469479143512, "lam": 0.11440229332922969, "max_depth": 6.8941548317456425, "min_child_weight": 1.0580070454150057, "subsample": 0.8986459871134944}, "datetime": {"datetime": "2020-04-25 17:32:42", "elapsed": 816.101078, "delta": 7.154669}}
{"target": 0.6161704, "params": {"alpha": 0.21813128179197294, "colsample_bytree": 0.843370564357905, "lam": 0.9169406597064369, "max_depth": 6.797018430105763, "min_child_weight": 2.3164672913609543, "subsample": 0.6675431809131099}, "datetime": {"datetime": "2020-04-25 17:32:48", "elapsed": 821.816534, "delta": 5.715456}}
{"target": 0.617282, "params": {"alpha": 0.9998707714264089, "colsample_bytree": 0.6209989209165072, "lam": 0.9862045639437015, "max_depth": 9.96178252624296, "min_child_weight": 6.358649299948464, "subsample": 0.806891539739288}, "datetime": {"datetime": "2020-04-25 17:32:56", "elapsed": 830.366862, "delta": 8.550328}}
{"target": 0.6208332000000001, "params": {"alpha": 0.27636193014828137, "colsample_bytree": 0.8908157285418201, "lam": 0.9706880943795038, "max_depth": 8.58526068802881, "min_child_weight": 2.9660021340710707, "subsample": 0.8092751624335135}, "datetime": {"datetime": "2020-04-25 17:33:04", "elapsed": 837.924425, "delta": 7.557563}}
{"target": 0.632647, "params": {"alpha": 1.0, "colsample_bytree": 0.9, "lam": 1.0, "max_depth": 4.502086569662854, "min_child_weight": 2.8370409258854723, "subsample": 0.9}, "datetime": {"datetime": "2020-04-25 17:33:11", "elapsed": 844.821639, "delta": 6.897214}}
{"target": 0.6131704, "params": {"alpha": 0.013963788917182862, "colsample_bytree": 0.8983380632141944, "lam": 0.9647167652532341, "max_depth": 4.4112631036687695, "min_child_weight": 2.9558392608130197, "subsample": 0.5927368110772921}, "datetime": {"datetime": "2020-04-25 17:33:16", "elapsed": 850.502716, "delta": 5.681077}}
{"target": 0.5903912, "params": {"alpha": 0.9858519454992234, "colsample_bytree": 0.8210870318853063, "lam": 0.9692664392505453, "max_depth": 3.033568836429533, "min_child_weight": 6.112703213774445, "subsample": 0.5746891431256225}, "datetime": {"datetime": "2020-04-25 17:33:22", "elapsed": 856.411366, "delta": 5.90865}}
{"target": 0.6303808, "params": {"alpha": 0.905563524070061, "colsample_bytree": 0.9, "lam": 1.0, "max_depth": 5.47424696838153, "min_child_weight": 1.578902972703405, "subsample": 0.9}, "datetime": {"datetime": "2020-04-25 17:33:29", "elapsed": 862.950168, "delta": 6.538802}}
{"target": 0.5941487999999999, "params": {"alpha": 0.13052366572943416, "colsample_bytree": 0.9, "lam": 3.117742878352503e-08, "max_depth": 6.505625935732319, "min_child_weight": 3.3568189298458297, "subsample": 0.5578783421909477}, "datetime": {"datetime": "2020-04-25 17:33:35", "elapsed": 868.971575, "delta": 6.021407}}
{"target": 0.616999, "params": {"alpha": 0.9500270681186623, "colsample_bytree": 0.867606568163912, "lam": 0.8924197854013424, "max_depth": 4.953926176230657, "min_child_weight": 8.614038941713318, "subsample": 0.5038531472819202}, "datetime": {"datetime": "2020-04-25 17:33:41", "elapsed": 874.938468, "delta": 5.966893}}
{"target": 0.601519, "params": {"alpha": 0.5802216704832807, "colsample_bytree": 0.5490331464146181, "lam": 0.0013146534387474661, "max_depth": 7.191124053784202, "min_child_weight": 6.078648191596131, "subsample": 0.5530845816602178}, "datetime": {"datetime": "2020-04-25 17:33:48", "elapsed": 881.673474, "delta": 6.735006}}
{"target": 0.6445244000000001, "params": {"alpha": 0.7402970038677267, "colsample_bytree": 0.8691904336826054, "lam": 0.9844948665356927, "max_depth": 8.985375773797342, "min_child_weight": 5.719841617419522, "subsample": 0.8767406535745743}, "datetime": {"datetime": "2020-04-25 17:33:55", "elapsed": 889.322888, "delta": 7.649414}}
{"target": 0.6238897999999999, "params": {"alpha": 0.9507504293490935, "colsample_bytree": 0.8862011819006053, "lam": 0.23465155659951886, "max_depth": 5.25296975826044, "min_child_weight": 8.383555901283902, "subsample": 0.801879438932386}, "datetime": {"datetime": "2020-04-25 17:34:02", "elapsed": 895.575253, "delta": 6.252365}}
{"target": 0.6293826, "params": {"alpha": 0.46680983608749826, "colsample_bytree": 0.8922545842094125, "lam": 0.9673531896780319, "max_depth": 4.6776670262137285, "min_child_weight": 8.45822121238949, "subsample": 0.8844649060025174}, "datetime": {"datetime": "2020-04-25 17:34:08", "elapsed": 902.097075, "delta": 6.521822}}
{"target": 0.628252, "params": {"alpha": 0.9418627680965014, "colsample_bytree": 0.8857250296731762, "lam": 0.05252554045440727, "max_depth": 4.564434605478132, "min_child_weight": 2.103436085674351, "subsample": 0.8972408729823353}, "datetime": {"datetime": "2020-04-25 17:34:14", "elapsed": 908.248371, "delta": 6.151296}}
{"target": 0.5830772, "params": {"alpha": 0.6321734664038229, "colsample_bytree": 0.5090364309545351, "lam": 0.9998237006376117, "max_depth": 4.462442160173781, "min_child_weight": 6.048368202843885, "subsample": 0.8854898851838279}, "datetime": {"datetime": "2020-04-25 17:34:21", "elapsed": 914.809519, "delta": 6.561148}}
{"target": 0.611541, "params": {"alpha": 0.0, "colsample_bytree": 0.9, "lam": 1.0, "max_depth": 6.799819986714534, "min_child_weight": 1.0, "subsample": 0.8999999981358558}, "datetime": {"datetime": "2020-04-25 17:34:29", "elapsed": 922.567219, "delta": 7.7577}}
{"target": 0.6052446, "params": {"alpha": 0.11901240459409979, "colsample_bytree": 0.5236763306144444, "lam": 0.04886674822678683, "max_depth": 7.8100525639425324, "min_child_weight": 8.356304496013866, "subsample": 0.5826114687524411}, "datetime": {"datetime": "2020-04-25 17:34:36", "elapsed": 929.759913, "delta": 7.192694}}
{"target": 0.6418844, "params": {"alpha": 2.5041660568801515e-08, "colsample_bytree": 0.8999999936470473, "lam": 1.0, "max_depth": 6.28622183159548, "min_child_weight": 7.7077911446828535, "subsample": 0.8999999829591714}, "datetime": {"datetime": "2020-04-25 17:34:43", "elapsed": 936.742808, "delta": 6.982895}}
{"target": 0.624091, "params": {"alpha": 0.9999999993662354, "colsample_bytree": 0.9, "lam": 0.9999999996719202, "max_depth": 8.633060917629665, "min_child_weight": 4.467775939150949, "subsample": 0.8999999986290463}, "datetime": {"datetime": "2020-04-25 17:34:51", "elapsed": 945.098791, "delta": 8.355983}}
{"target": 0.6270384, "params": {"alpha": 0.007245247761755169, "colsample_bytree": 0.8867907733934446, "lam": 0.9064610164792758, "max_depth": 8.398738106673468, "min_child_weight": 5.663399193969348, "subsample": 0.6006152514167068}, "datetime": {"datetime": "2020-04-25 17:34:58", "elapsed": 951.645557, "delta": 6.546766}}
{"target": 0.6207431999999999, "params": {"alpha": 0.0, "colsample_bytree": 0.9, "lam": 1.0, "max_depth": 7.33701190084869, "min_child_weight": 9.980647940461424, "subsample": 0.5}, "datetime": {"datetime": "2020-04-25 17:35:04", "elapsed": 957.767645, "delta": 6.122088}}
{"target": 0.6327684, "params": {"alpha": 0.08263490469034374, "colsample_bytree": 0.8480297269575869, "lam": 0.9866447297867477, "max_depth": 6.434413142724095, "min_child_weight": 8.918496198958183, "subsample": 0.8961300843981459}, "datetime": {"datetime": "2020-04-25 17:35:10", "elapsed": 964.396416, "delta": 6.628771}}
{"target": 0.651118, "params": {"alpha": 0.4974718119132463, "colsample_bytree": 0.892078866102323, "lam": 0.6719198315738566, "max_depth": 5.783350570205586, "min_child_weight": 7.155634476200785, "subsample": 0.8296333989369202}, "datetime": {"datetime": "2020-04-25 17:35:18", "elapsed": 971.63182, "delta": 7.235404}}
{"target": 0.6412156, "params": {"alpha": 0.9999999216440766, "colsample_bytree": 0.9, "lam": 6.105277826842813e-08, "max_depth": 9.972766567268893, "min_child_weight": 8.491921778610065, "subsample": 0.9}, "datetime": {"datetime": "2020-04-25 17:35:27", "elapsed": 980.711335, "delta": 9.079515}}
{"target": 0.6358798, "params": {"alpha": 0.008085424846067335, "colsample_bytree": 0.7535200629119994, "lam": 0.41757223066808746, "max_depth": 5.844418500860801, "min_child_weight": 9.86836968527458, "subsample": 0.5679327784765944}, "datetime": {"datetime": "2020-04-25 17:35:33", "elapsed": 986.792462, "delta": 6.081127}}
{"target": 0.620818, "params": {"alpha": 0.996957835084087, "colsample_bytree": 0.862601554650384, "lam": 0.021140065520301454, "max_depth": 3.59632414265048, "min_child_weight": 6.278530332971066, "subsample": 0.5554241415473578}, "datetime": {"datetime": "2020-04-25 17:35:39", "elapsed": 993.048056, "delta": 6.255594}}
{"target": 0.633277, "params": {"alpha": 0.2617610520098096, "colsample_bytree": 0.8950020371405888, "lam": 0.07573279482429729, "max_depth": 9.960990119811147, "min_child_weight": 7.789648327588491, "subsample": 0.8258471823519489}, "datetime": {"datetime": "2020-04-25 17:35:47", "elapsed": 1001.335813, "delta": 8.287757}}
{"target": 0.6358554000000001, "params": {"alpha": 0.05888539397025472, "colsample_bytree": 0.8879927456096167, "lam": 0.5289208519107422, "max_depth": 5.359559845835087, "min_child_weight": 7.930422032635459, "subsample": 0.8770488470888504}, "datetime": {"datetime": "2020-04-25 17:35:54", "elapsed": 1008.021423, "delta": 6.68561}}
{"target": 0.6352142000000001, "params": {"alpha": 0.5208386884695823, "colsample_bytree": 0.8866917700963626, "lam": 0.9429985636778038, "max_depth": 6.079669697895047, "min_child_weight": 7.438296227699499, "subsample": 0.8792968134005676}, "datetime": {"datetime": "2020-04-25 17:36:00", "elapsed": 1014.313734, "delta": 6.292311}}
{"target": 0.636789, "params": {"alpha": 0.8905664910112685, "colsample_bytree": 0.8959463267955188, "lam": 0.13054897601033855, "max_depth": 5.996453918414845, "min_child_weight": 5.096909371736544, "subsample": 0.810337862948757}, "datetime": {"datetime": "2020-04-25 17:36:07", "elapsed": 1021.014964, "delta": 6.70123}}
{"target": 0.6291825999999999, "params": {"alpha": 0.4952468608843308, "colsample_bytree": 0.8935868551468249, "lam": 0.3829555337367698, "max_depth": 6.276215085593265, "min_child_weight": 9.0352013239877, "subsample": 0.5136640311155533}, "datetime": {"datetime": "2020-04-25 17:36:13", "elapsed": 1027.169117, "delta": 6.154153}}
{"target": 0.6355394000000001, "params": {"alpha": 0.050757244525167056, "colsample_bytree": 0.8808818277940036, "lam": 0.015065360340695277, "max_depth": 8.756594775588411, "min_child_weight": 4.716414620887143, "subsample": 0.8738146192360537}, "datetime": {"datetime": "2020-04-25 17:36:21", "elapsed": 1035.14098, "delta": 7.971863}}
{"target": 0.638228, "params": {"alpha": 1.0, "colsample_bytree": 0.9, "lam": 1.0, "max_depth": 5.1194293218063285, "min_child_weight": 10.0, "subsample": 0.9}, "datetime": {"datetime": "2020-04-25 17:36:28", "elapsed": 1041.639732, "delta": 6.498752}}
{"target": 0.6370163999999999, "params": {"alpha": 0.02867276302973698, "colsample_bytree": 0.6513135614160352, "lam": 0.9826927421816966, "max_depth": 5.081484953090358, "min_child_weight": 9.986684159520138, "subsample": 0.6296581005236112}, "datetime": {"datetime": "2020-04-25 17:36:34", "elapsed": 1048.014664, "delta": 6.374932}}
{"target": 0.59861, "params": {"alpha": 0.851491149867099, "colsample_bytree": 0.8185353717825983, "lam": 0.941066492114738, "max_depth": 3.046149344453227, "min_child_weight": 2.211153570797879, "subsample": 0.8842412142157285}, "datetime": {"datetime": "2020-04-25 17:36:41", "elapsed": 1055.086847, "delta": 7.072183}}
{"target": 0.623733, "params": {"alpha": 0.16400306896057393, "colsample_bytree": 0.8727588418171465, "lam": 0.11145858956375942, "max_depth": 5.879332991454406, "min_child_weight": 7.051930067985444, "subsample": 0.7370689841683221}, "datetime": {"datetime": "2020-04-25 17:36:49", "elapsed": 1062.854119, "delta": 7.767272}}
{"target": 0.62415, "params": {"alpha": 0.02219272241945125, "colsample_bytree": 0.7900124703541469, "lam": 0.19402795037205078, "max_depth": 6.038687117682137, "min_child_weight": 4.865988048765434, "subsample": 0.8812533666150335}, "datetime": {"datetime": "2020-04-25 17:36:57", "elapsed": 1071.182466, "delta": 8.328347}}
{"target": 0.6024756, "params": {"alpha": 0.756761711461868, "colsample_bytree": 0.5326200508375329, "lam": 0.3976468653508659, "max_depth": 5.43544115746987, "min_child_weight": 9.997211133990382, "subsample": 0.6692997087796637}, "datetime": {"datetime": "2020-04-25 17:37:04", "elapsed": 1078.503714, "delta": 7.321248}}
{"target": 0.6130754, "params": {"alpha": 0.1690943276398581, "colsample_bytree": 0.8735646598860671, "lam": 0.9835457572122738, "max_depth": 4.2198662356368, "min_child_weight": 1.0290671373871638, "subsample": 0.890840183180917}, "datetime": {"datetime": "2020-04-25 17:37:12", "elapsed": 1085.861794, "delta": 7.35808}}
{"target": 0.6358212, "params": {"alpha": 0.018357981882189178, "colsample_bytree": 0.8976717850086608, "lam": 0.810877392206231, "max_depth": 4.957054385417082, "min_child_weight": 9.933692711515544, "subsample": 0.8956415953741849}, "datetime": {"datetime": "2020-04-25 17:37:19", "elapsed": 1093.261998, "delta": 7.400204}}
{"target": 0.6320776, "params": {"alpha": 0.0, "colsample_bytree": 0.9, "lam": 0.9898262837136176, "max_depth": 7.588893845707905, "min_child_weight": 5.817776030105773, "subsample": 0.8999999959807019}, "datetime": {"datetime": "2020-04-25 17:37:27", "elapsed": 1101.005283, "delta": 7.743285}}
{"target": 0.5979289999999999, "params": {"alpha": 0.0, "colsample_bytree": 0.8999999999482794, "lam": 0.9999999999713867, "max_depth": 3.0, "min_child_weight": 9.99999999999311, "subsample": 0.5}, "datetime": {"datetime": "2020-04-25 17:37:34", "elapsed": 1107.578797, "delta": 6.573514}}
{"target": 0.6286001999999999, "params": {"alpha": 0.999999947255858, "colsample_bytree": 0.8999999085675798, "lam": 0.9999998404627903, "max_depth": 9.385895995431593, "min_child_weight": 7.442078163971074, "subsample": 0.899999912174765}, "datetime": {"datetime": "2020-04-25 17:37:42", "elapsed": 1116.51569, "delta": 8.936893}}
{"target": 0.6350558, "params": {"alpha": 0.023180440944521208, "colsample_bytree": 0.8869511057269192, "lam": 0.005948078552174607, "max_depth": 8.384946594313135, "min_child_weight": 5.6778964588263605, "subsample": 0.8773810274819266}, "datetime": {"datetime": "2020-04-25 17:37:51", "elapsed": 1124.53646, "delta": 8.02077}}
{"target": 0.6443673999999999, "params": {"alpha": 0.6661810551021038, "colsample_bytree": 0.8848246671792688, "lam": 0.35012392529686454, "max_depth": 4.972027642197598, "min_child_weight": 7.174061934943789, "subsample": 0.8323312673097495}, "datetime": {"datetime": "2020-04-25 17:37:58", "elapsed": 1132.250798, "delta": 7.714338}}
{"target": 0.6354858, "params": {"alpha": 0.517559811384146, "colsample_bytree": 0.8927765934672637, "lam": 0.3842443173718534, "max_depth": 6.598797349626051, "min_child_weight": 5.515017418782541, "subsample": 0.8574910352819621}, "datetime": {"datetime": "2020-04-25 17:38:07", "elapsed": 1140.796376, "delta": 8.545578}}
{"target": 0.6355404, "params": {"alpha": 0.9728122192966506, "colsample_bytree": 0.8999999742336025, "lam": 1.0, "max_depth": 4.510769415903219, "min_child_weight": 8.944900823432437, "subsample": 0.9}, "datetime": {"datetime": "2020-04-25 17:38:15", "elapsed": 1148.900702, "delta": 8.104326}}
{"target": 0.6344606, "params": {"alpha": 0.04653882521985275, "colsample_bytree": 0.8664007424459426, "lam": 0.9927528963305606, "max_depth": 9.142168639680502, "min_child_weight": 6.18445154576674, "subsample": 0.8711055535034913}, "datetime": {"datetime": "2020-04-25 17:38:25", "elapsed": 1158.662893, "delta": 9.762191}}
{"target": 0.6030708, "params": {"alpha": 0.5368263144830172, "colsample_bytree": 0.8883774951181096, "lam": 0.04928449803813739, "max_depth": 9.705405507690763, "min_child_weight": 3.135421319098524, "subsample": 0.807346175083167}, "datetime": {"datetime": "2020-04-25 17:38:34", "elapsed": 1167.950097, "delta": 9.287204}}
{"target": 0.638433, "params": {"alpha": 1.0, "colsample_bytree": 0.9, "lam": 0.9999999967331359, "max_depth": 9.99999999825353, "min_child_weight": 8.986880317565225, "subsample": 0.9}, "datetime": {"datetime": "2020-04-25 17:38:43", "elapsed": 1177.196964, "delta": 9.246867}}
{"target": 0.6292998, "params": {"alpha": 0.020454652117196215, "colsample_bytree": 0.596465111367109, "lam": 0.9491420465166592, "max_depth": 7.420940210673162, "min_child_weight": 8.63902115323034, "subsample": 0.854068618512941}, "datetime": {"datetime": "2020-04-25 17:38:51", "elapsed": 1185.322244, "delta": 8.12528}}
{"target": 0.6341334, "params": {"alpha": 0.9654417692046645, "colsample_bytree": 0.8683723665153449, "lam": 0.7587285191049149, "max_depth": 5.682573942209412, "min_child_weight": 6.353710433483609, "subsample": 0.8782815744501391}, "datetime": {"datetime": "2020-04-25 17:38:59", "elapsed": 1193.058768, "delta": 7.736524}}
{"target": 0.6374920000000001, "params": {"alpha": 0.0024341497657329736, "colsample_bytree": 0.8254443933896617, "lam": 0.08163201980154122, "max_depth": 9.930168062666556, "min_child_weight": 9.89598837502444, "subsample": 0.8888299471658498}, "datetime": {"datetime": "2020-04-25 17:39:08", "elapsed": 1202.412522, "delta": 9.353754}}
{"target": 0.6297929999999999, "params": {"alpha": 0.15653836911913377, "colsample_bytree": 0.833110921834076, "lam": 0.9791558583211806, "max_depth": 5.528776829703952, "min_child_weight": 9.928040190469607, "subsample": 0.5516736785069507}, "datetime": {"datetime": "2020-04-25 17:39:16", "elapsed": 1209.95263, "delta": 7.540108}}
{"target": 0.6493388, "params": {"alpha": 0.013935695881094556, "colsample_bytree": 0.7665920528347803, "lam": 0.06458155342672467, "max_depth": 9.045025027380024, "min_child_weight": 9.973077788362533, "subsample": 0.7826081497382023}, "datetime": {"datetime": "2020-04-25 17:39:25", "elapsed": 1219.014769, "delta": 9.062139}}
{"target": 0.6389594, "params": {"alpha": 0.999999946851309, "colsample_bytree": 0.8999999989817766, "lam": 0.9999999985145273, "max_depth": 7.036552654530682, "min_child_weight": 9.587733101236932, "subsample": 0.899999978589104}, "datetime": {"datetime": "2020-04-25 17:39:33", "elapsed": 1226.834994, "delta": 7.820225}}
