{"target": 0.6396688000000001, "params": {"alpha": 0.35842869839160574, "colsample_bytree": 0.8793510185413692, "lam": 0.11435405309276736, "max_depth": 9.969149317677442, "min_child_weight": 6.807102359445586, "subsample": 0.8907586040700068}, "datetime": {"datetime": "2020-04-25 00:45:08", "elapsed": 444.357392, "delta": 4.44972}}
{"target": 0.628073, "params": {"alpha": 0.9247393981910977, "colsample_bytree": 0.8921652183946093, "lam": 0.9291451619745035, "max_depth": 7.2971446387750065, "min_child_weight": 8.97083340907445, "subsample": 0.5928047462607005}, "datetime": {"datetime": "2020-04-25 00:45:12", "elapsed": 447.886509, "delta": 3.529117}}
{"target": 0.6225263999999999, "params": {"alpha": 0.8911671279384497, "colsample_bytree": 0.8924005006368894, "lam": 0.5260991460634279, "max_depth": 8.846766185951392, "min_child_weight": 9.965901141403302, "subsample": 0.6263783399782309}, "datetime": {"datetime": "2020-04-25 00:45:16", "elapsed": 452.167836, "delta": 4.281327}}
{"target": 0.6125922, "params": {"alpha": 0.9912246576164545, "colsample_bytree": 0.8860307221505885, "lam": 0.03965181828777398, "max_depth": 8.704909753477097, "min_child_weight": 3.1648411359580235, "subsample": 0.8993308693857291}, "datetime": {"datetime": "2020-04-25 00:45:20", "elapsed": 456.491643, "delta": 4.323807}}
{"target": 0.6367878, "params": {"alpha": 0.853822688139852, "colsample_bytree": 0.8820711541570847, "lam": 0.4995061440444448, "max_depth": 7.871981637376193, "min_child_weight": 5.316710974854075, "subsample": 0.8799827780058707}, "datetime": {"datetime": "2020-04-25 00:45:24", "elapsed": 459.928382, "delta": 3.436739}}
{"target": 0.6353676, "params": {"alpha": 0.5175338020827662, "colsample_bytree": 0.899064586619883, "lam": 0.1502662123589954, "max_depth": 7.648450936831942, "min_child_weight": 6.490446678051038, "subsample": 0.8982512278370788}, "datetime": {"datetime": "2020-04-25 00:45:28", "elapsed": 463.933761, "delta": 4.005379}}
{"target": 0.6348412, "params": {"alpha": 0.18155360382750407, "colsample_bytree": 0.8863939235025013, "lam": 0.7618558890773237, "max_depth": 6.470519651505071, "min_child_weight": 8.201180305411354, "subsample": 0.8937914892988053}, "datetime": {"datetime": "2020-04-25 00:45:32", "elapsed": 468.287784, "delta": 4.354023}}
{"target": 0.621227, "params": {"alpha": 0.7035144284305253, "colsample_bytree": 0.8986685487271773, "lam": 0.08441960435406937, "max_depth": 9.845479774803373, "min_child_weight": 7.477992222650199, "subsample": 0.6207406730395072}, "datetime": {"datetime": "2020-04-25 00:45:37", "elapsed": 472.947525, "delta": 4.659741}}
{"target": 0.6377187999999998, "params": {"alpha": 0.5853786374395973, "colsample_bytree": 0.8974306001204206, "lam": 0.11020397176719932, "max_depth": 5.285928955905293, "min_child_weight": 3.3896833434403972, "subsample": 0.8898637425986272}, "datetime": {"datetime": "2020-04-25 00:45:40", "elapsed": 476.243392, "delta": 3.295867}}
{"target": 0.6291404, "params": {"alpha": 0.12621199962687035, "colsample_bytree": 0.8782523365021712, "lam": 0.04993508579957939, "max_depth": 7.610497756308181, "min_child_weight": 9.298157463548337, "subsample": 0.8927151063694048}, "datetime": {"datetime": "2020-04-25 00:45:43", "elapsed": 479.841298, "delta": 3.597906}}
{"target": 0.6342082, "params": {"alpha": 0.07375735147400764, "colsample_bytree": 0.8982948153866082, "lam": 0.6353601354796007, "max_depth": 9.739856437568012, "min_child_weight": 7.576812707382245, "subsample": 0.8785628521299196}, "datetime": {"datetime": "2020-04-25 00:45:47", "elapsed": 483.64278, "delta": 3.801482}}
{"target": 0.6445308, "params": {"alpha": 0.995490966763633, "colsample_bytree": 0.8526967021098328, "lam": 0.07412582039210802, "max_depth": 6.280534865709715, "min_child_weight": 8.728603042430414, "subsample": 0.8452809680180493}, "datetime": {"datetime": "2020-04-25 00:45:51", "elapsed": 487.450318, "delta": 3.807538}}
{"target": 0.638433, "params": {"alpha": 0.9999999999980721, "colsample_bytree": 0.8999999999904277, "lam": 0.9999999999921779, "max_depth": 10.0, "min_child_weight": 9.165402294512809, "subsample": 0.9}, "datetime": {"datetime": "2020-04-25 00:45:56", "elapsed": 492.006335, "delta": 4.556017}}
{"target": 0.6289068, "params": {"alpha": 0.9913003133143224, "colsample_bytree": 0.8730514516299375, "lam": 0.981973245711574, "max_depth": 6.086634074596729, "min_child_weight": 2.6472792560376437, "subsample": 0.5486088225173364}, "datetime": {"datetime": "2020-04-25 00:45:59", "elapsed": 495.522333, "delta": 3.515998}}
{"target": 0.6191989999999999, "params": {"alpha": 0.0822437542433071, "colsample_bytree": 0.5126752849535468, "lam": 0.004564952584444448, "max_depth": 9.716310664034221, "min_child_weight": 6.608858324258514, "subsample": 0.8269144576038205}, "datetime": {"datetime": "2020-04-25 00:46:04", "elapsed": 500.301024, "delta": 4.778691}}
{"target": 0.6189486000000001, "params": {"alpha": 0.9903604831904254, "colsample_bytree": 0.8656281851537146, "lam": 0.006259618632289077, "max_depth": 6.832448398828536, "min_child_weight": 9.902165567791547, "subsample": 0.5032347297681634}, "datetime": {"datetime": "2020-04-25 00:46:08", "elapsed": 503.889874, "delta": 3.58885}}
{"target": 0.6222565999999999, "params": {"alpha": 0.3133468143956305, "colsample_bytree": 0.8714818940730797, "lam": 0.9623256052534137, "max_depth": 8.254664320725448, "min_child_weight": 6.935233848150668, "subsample": 0.723546167914172}, "datetime": {"datetime": "2020-04-25 00:46:12", "elapsed": 508.55687, "delta": 4.666996}}
{"target": 0.6221485999999999, "params": {"alpha": 0.15753690333080295, "colsample_bytree": 0.8954307989687956, "lam": 0.43855720252688013, "max_depth": 4.12222246784081, "min_child_weight": 1.0058390215800033, "subsample": 0.8957670859067628}, "datetime": {"datetime": "2020-04-25 00:46:17", "elapsed": 512.899223, "delta": 4.342353}}
{"target": 0.6052754, "params": {"alpha": 0.9999999997409597, "colsample_bytree": 0.5000000009395557, "lam": 0.0, "max_depth": 9.99999999925962, "min_child_weight": 9.999999998798966, "subsample": 0.8999999999977075}, "datetime": {"datetime": "2020-04-25 00:46:21", "elapsed": 517.415113, "delta": 4.51589}}
{"target": 0.6365588000000001, "params": {"alpha": 1.0, "colsample_bytree": 0.9, "lam": 0.9766570273781272, "max_depth": 6.49299729369401, "min_child_weight": 9.999999987475562, "subsample": 0.8999999953336778}, "datetime": {"datetime": "2020-04-25 00:46:25", "elapsed": 521.525052, "delta": 4.109939}}
{"target": 0.626878, "params": {"alpha": 0.9288963181861928, "colsample_bytree": 0.8354646576474949, "lam": 0.10660257585808763, "max_depth": 5.112793338259576, "min_child_weight": 6.926857603817941, "subsample": 0.8573790919774539}, "datetime": {"datetime": "2020-04-25 00:46:28", "elapsed": 524.872134, "delta": 3.347082}}
{"target": 0.6215296, "params": {"alpha": 0.8589437397694302, "colsample_bytree": 0.7943464168292915, "lam": 0.0019159034129803132, "max_depth": 4.025499603540448, "min_child_weight": 8.192094897907774, "subsample": 0.5512058862335062}, "datetime": {"datetime": "2020-04-25 00:46:32", "elapsed": 528.188296, "delta": 3.316162}}
{"target": 0.6326594, "params": {"alpha": 0.0864904738379304, "colsample_bytree": 0.8300030157017833, "lam": 0.9985800841496945, "max_depth": 9.952693917921533, "min_child_weight": 8.205495863415617, "subsample": 0.6071173467968755}, "datetime": {"datetime": "2020-04-25 00:46:37", "elapsed": 533.649846, "delta": 5.46155}}
{"target": 0.6350201999999999, "params": {"alpha": 0.9741430656521188, "colsample_bytree": 0.8946935258475992, "lam": 0.7249859853589018, "max_depth": 5.7413121294402885, "min_child_weight": 5.8113725962870815, "subsample": 0.8765260692022236}, "datetime": {"datetime": "2020-04-25 00:46:41", "elapsed": 537.755407, "delta": 4.105561}}
{"target": 0.6035522, "params": {"alpha": 0.026287303107144222, "colsample_bytree": 0.8794832231852769, "lam": 0.9438704459019991, "max_depth": 7.761636510414677, "min_child_weight": 3.3134501620509926, "subsample": 0.5290130487276281}, "datetime": {"datetime": "2020-04-25 00:46:45", "elapsed": 541.205377, "delta": 3.44997}}
{"target": 0.6188774, "params": {"alpha": 0.5120769574302493, "colsample_bytree": 0.8987533920346393, "lam": 0.9887786549611415, "max_depth": 3.6342626273979644, "min_child_weight": 1.1820336128053563, "subsample": 0.5048480936569959}, "datetime": {"datetime": "2020-04-25 00:46:49", "elapsed": 545.492047, "delta": 4.28667}}
{"target": 0.632675, "params": {"alpha": 0.788769647574643, "colsample_bytree": 0.8985169997430571, "lam": 0.08297596751937986, "max_depth": 6.42567466504932, "min_child_weight": 6.241382661681434, "subsample": 0.8651854090999647}, "datetime": {"datetime": "2020-04-25 00:46:53", "elapsed": 549.326895, "delta": 3.834848}}
{"target": 0.6225278, "params": {"alpha": 0.05284631601072065, "colsample_bytree": 0.8420097744141897, "lam": 0.4926468019056708, "max_depth": 6.738136931082571, "min_child_weight": 5.6449947333898765, "subsample": 0.8835279230121564}, "datetime": {"datetime": "2020-04-25 00:46:57", "elapsed": 553.393698, "delta": 4.066803}}
{"target": 0.6321570000000001, "params": {"alpha": 0.9999999983014675, "colsample_bytree": 0.8999999983374842, "lam": 1.0, "max_depth": 5.62214996382418, "min_child_weight": 3.5194493251827272, "subsample": 0.9}, "datetime": {"datetime": "2020-04-25 00:47:01", "elapsed": 557.29265, "delta": 3.898952}}
{"target": 0.6413677999999999, "params": {"alpha": 0.0051598036503628375, "colsample_bytree": 0.6839625654242458, "lam": 0.011622319932853786, "max_depth": 5.02517179281786, "min_child_weight": 6.169532616194359, "subsample": 0.8706481909300672}, "datetime": {"datetime": "2020-04-25 00:47:05", "elapsed": 561.254507, "delta": 3.961857}}
{"target": 0.6260028, "params": {"alpha": 0.032010551892550865, "colsample_bytree": 0.8977750275561917, "lam": 0.009644319792749156, "max_depth": 5.643951337066522, "min_child_weight": 4.4805053961732995, "subsample": 0.8382372740782056}, "datetime": {"datetime": "2020-04-25 00:47:08", "elapsed": 564.71611, "delta": 3.461603}}
{"target": 0.6195096, "params": {"alpha": 0.16519436186438863, "colsample_bytree": 0.8669090334107258, "lam": 0.9895880273424297, "max_depth": 8.508565719549347, "min_child_weight": 4.971383025894191, "subsample": 0.719643520557854}, "datetime": {"datetime": "2020-04-25 00:47:14", "elapsed": 570.017131, "delta": 5.301021}}
{"target": 0.6182574, "params": {"alpha": 0.9940066779036048, "colsample_bytree": 0.8841604786663357, "lam": 0.9181083925087385, "max_depth": 9.841746683588674, "min_child_weight": 5.46483262097987, "subsample": 0.7378069743741484}, "datetime": {"datetime": "2020-04-25 00:47:19", "elapsed": 574.934341, "delta": 4.91721}}
{"target": 0.6242464, "params": {"alpha": 0.9933425583186092, "colsample_bytree": 0.8999999992511849, "lam": 0.9346389962986147, "max_depth": 4.861197037773664, "min_child_weight": 1.0, "subsample": 0.5}, "datetime": {"datetime": "2020-04-25 00:47:23", "elapsed": 579.382567, "delta": 4.448226}}
{"target": 0.6286782, "params": {"alpha": 0.5006147065359489, "colsample_bytree": 0.644440327088377, "lam": 0.010509026846884484, "max_depth": 6.273245717112809, "min_child_weight": 8.309988087328783, "subsample": 0.8950746107684121}, "datetime": {"datetime": "2020-04-25 00:47:27", "elapsed": 583.571957, "delta": 4.18939}}
{"target": 0.6361592, "params": {"alpha": 0.5978344033768104, "colsample_bytree": 0.8927524375351565, "lam": 0.06464054160624322, "max_depth": 5.058772471283366, "min_child_weight": 5.46887620479581, "subsample": 0.8969028952725523}, "datetime": {"datetime": "2020-04-25 00:47:32", "elapsed": 588.348358, "delta": 4.776401}}
{"target": 0.6266938, "params": {"alpha": 0.0, "colsample_bytree": 0.899999996168742, "lam": 0.9999999942068267, "max_depth": 6.590883329343945, "min_child_weight": 4.8897470492899195, "subsample": 0.8999999985135044}, "datetime": {"datetime": "2020-04-25 00:47:36", "elapsed": 592.12655, "delta": 3.778192}}
{"target": 0.6370312, "params": {"alpha": 0.9153186026769436, "colsample_bytree": 0.8841801653123232, "lam": 0.9601574809657503, "max_depth": 7.128343578454139, "min_child_weight": 6.324441790026708, "subsample": 0.8716740526791413}, "datetime": {"datetime": "2020-04-25 00:47:40", "elapsed": 596.641148, "delta": 4.514598}}
{"target": 0.6347256, "params": {"alpha": 0.48140714984746047, "colsample_bytree": 0.8932768192116534, "lam": 0.8675304246952228, "max_depth": 4.823759971148808, "min_child_weight": 9.182077419840905, "subsample": 0.8790723142318453}, "datetime": {"datetime": "2020-04-25 00:47:45", "elapsed": 601.111997, "delta": 4.470849}}
{"target": 0.637672, "params": {"alpha": 0.528190432600266, "colsample_bytree": 0.8833400329914276, "lam": 0.030405635271500753, "max_depth": 9.995409256708445, "min_child_weight": 8.684714703680596, "subsample": 0.8603281172464197}, "datetime": {"datetime": "2020-04-25 00:47:50", "elapsed": 606.006442, "delta": 4.894445}}
{"target": 0.623594, "params": {"alpha": 0.5305299332620922, "colsample_bytree": 0.8897576435101411, "lam": 0.005805848798572044, "max_depth": 7.652405969892865, "min_child_weight": 5.396103104076959, "subsample": 0.7611919904538829}, "datetime": {"datetime": "2020-04-25 00:47:55", "elapsed": 611.34935, "delta": 5.342908}}
{"target": 0.6284704000000001, "params": {"alpha": 0.6454606829211716, "colsample_bytree": 0.8983516539318974, "lam": 0.97923050160997, "max_depth": 9.958877377688953, "min_child_weight": 7.713989033456627, "subsample": 0.8350108337507356}, "datetime": {"datetime": "2020-04-25 00:47:59", "elapsed": 615.526818, "delta": 4.177468}}
{"target": 0.6295847999999999, "params": {"alpha": 0.0, "colsample_bytree": 0.8999999981133968, "lam": 0.04070162412985692, "max_depth": 9.64554920047527, "min_child_weight": 9.947232200052538, "subsample": 0.8837193486832794}, "datetime": {"datetime": "2020-04-25 00:48:04", "elapsed": 619.924204, "delta": 4.397386}}
{"target": 0.6184854, "params": {"alpha": 0.032772917892542885, "colsample_bytree": 0.5304937996461692, "lam": 0.9138379222260312, "max_depth": 9.929418404919332, "min_child_weight": 5.8350661591698305, "subsample": 0.8902871403141701}, "datetime": {"datetime": "2020-04-25 00:48:10", "elapsed": 626.412089, "delta": 6.487885}}
{"target": 0.6412156, "params": {"alpha": 0.9999999999923325, "colsample_bytree": 0.8999999999340118, "lam": 6.95027623304954e-11, "max_depth": 10.0, "min_child_weight": 7.506829976645069, "subsample": 0.9}, "datetime": {"datetime": "2020-04-25 00:48:14", "elapsed": 630.511118, "delta": 4.099029}}
{"target": 0.6270168, "params": {"alpha": 0.0353359818461535, "colsample_bytree": 0.8805770396209869, "lam": 0.9545956666930304, "max_depth": 5.710726225049566, "min_child_weight": 5.09965994655547, "subsample": 0.5592105607355533}, "datetime": {"datetime": "2020-04-25 00:48:19", "elapsed": 635.072844, "delta": 4.561726}}
{"target": 0.628484, "params": {"alpha": 0.9999999925655194, "colsample_bytree": 0.8999999963267066, "lam": 3.4710241713928957e-09, "max_depth": 5.653822421432912, "min_child_weight": 3.8508821903797066, "subsample": 0.5}, "datetime": {"datetime": "2020-04-25 00:48:23", "elapsed": 639.513887, "delta": 4.441043}}
{"target": 0.6348535999999999, "params": {"alpha": 0.9970755398178865, "colsample_bytree": 0.8479225554464294, "lam": 0.11199579011168148, "max_depth": 5.6023193687935295, "min_child_weight": 4.085321993826643, "subsample": 0.8970908751139566}, "datetime": {"datetime": "2020-04-25 00:48:27", "elapsed": 643.877761, "delta": 4.363874}}
{"target": 0.6351100000000001, "params": {"alpha": 0.17966358855025377, "colsample_bytree": 0.8141434021131866, "lam": 0.9989383987757671, "max_depth": 4.764931491724673, "min_child_weight": 7.1518918261401385, "subsample": 0.8945602203795913}, "datetime": {"datetime": "2020-04-25 00:48:32", "elapsed": 648.317872, "delta": 4.440111}}
{"target": 0.595269, "params": {"alpha": 0.05626614613972025, "colsample_bytree": 0.8661710550918112, "lam": 0.12063663315934758, "max_depth": 9.999781196814457, "min_child_weight": 3.2003357928421523, "subsample": 0.8585075335263195}, "datetime": {"datetime": "2020-04-25 00:48:38", "elapsed": 654.464589, "delta": 6.146717}}
{"target": 0.6405724, "params": {"alpha": 0.34311115517584334, "colsample_bytree": 0.8250071286681291, "lam": 0.9760229994605377, "max_depth": 9.668300361162972, "min_child_weight": 8.650566626649596, "subsample": 0.8932144699322713}, "datetime": {"datetime": "2020-04-25 00:48:43", "elapsed": 659.556364, "delta": 5.091775}}
{"target": 0.6140326, "params": {"alpha": 0.9524100593567626, "colsample_bytree": 0.8895371849737194, "lam": 0.6842875571846265, "max_depth": 8.125023667248325, "min_child_weight": 7.316985781870858, "subsample": 0.5198070307692001}, "datetime": {"datetime": "2020-04-25 00:48:50", "elapsed": 666.250198, "delta": 6.693834}}
{"target": 0.6374008, "params": {"alpha": 0.956430557054383, "colsample_bytree": 0.8706660381391863, "lam": 0.7996208084450589, "max_depth": 7.888150471248008, "min_child_weight": 6.587168503774646, "subsample": 0.8894336659959579}, "datetime": {"datetime": "2020-04-25 00:48:55", "elapsed": 670.927124, "delta": 4.676926}}
{"target": 0.5978236000000001, "params": {"alpha": 0.9515457309672428, "colsample_bytree": 0.8915962130996371, "lam": 0.0538277901863915, "max_depth": 8.113575283439676, "min_child_weight": 1.0286880398405134, "subsample": 0.6932789477606845}, "datetime": {"datetime": "2020-04-25 00:49:00", "elapsed": 676.577761, "delta": 5.650637}}
{"target": 0.6352522, "params": {"alpha": 0.7578434241920706, "colsample_bytree": 0.8999470878000018, "lam": 0.1415055884478515, "max_depth": 7.40583856166075, "min_child_weight": 7.886935895363422, "subsample": 0.8883188312746814}, "datetime": {"datetime": "2020-04-25 00:49:04", "elapsed": 680.547859, "delta": 3.970098}}
{"target": 0.6372348000000001, "params": {"alpha": 0.9999999969053445, "colsample_bytree": 0.8999998710921112, "lam": 0.999999987450278, "max_depth": 8.490511877979895, "min_child_weight": 9.34888710804166, "subsample": 0.8999999954084531}, "datetime": {"datetime": "2020-04-25 00:49:09", "elapsed": 685.412675, "delta": 4.864816}}
{"target": 0.624309, "params": {"alpha": 0.8129746233661405, "colsample_bytree": 0.8926978593687103, "lam": 0.981441806386271, "max_depth": 7.403053548667707, "min_child_weight": 5.29237415476567, "subsample": 0.8944872420358693}, "datetime": {"datetime": "2020-04-25 00:49:14", "elapsed": 690.726482, "delta": 5.313807}}
{"target": 0.6269475999999999, "params": {"alpha": 0.9218369465070949, "colsample_bytree": 0.8479908930318041, "lam": 0.02542795839515688, "max_depth": 5.85773912147019, "min_child_weight": 9.215162886102904, "subsample": 0.7866404419093722}, "datetime": {"datetime": "2020-04-25 00:49:19", "elapsed": 695.582589, "delta": 4.856107}}
{"target": 0.6247062, "params": {"alpha": 0.9656887110749889, "colsample_bytree": 0.8565387837249621, "lam": 0.06701578349146742, "max_depth": 9.140791832607592, "min_child_weight": 4.964463097416168, "subsample": 0.8901594387005763}, "datetime": {"datetime": "2020-04-25 00:49:25", "elapsed": 700.925299, "delta": 5.34271}}
{"target": 0.6144502, "params": {"alpha": 0.900260971941336, "colsample_bytree": 0.8654922242720638, "lam": 0.9878346141298359, "max_depth": 6.441481208338105, "min_child_weight": 3.3925306989657615, "subsample": 0.5007791631131394}, "datetime": {"datetime": "2020-04-25 00:49:30", "elapsed": 705.965028, "delta": 5.039729}}
{"target": 0.5965198, "params": {"alpha": 0.34629624383554203, "colsample_bytree": 0.8784352075122237, "lam": 0.07369501067668371, "max_depth": 6.083716514432451, "min_child_weight": 1.0004301068113726, "subsample": 0.6332038747111357}, "datetime": {"datetime": "2020-04-25 00:49:34", "elapsed": 710.356489, "delta": 4.391461}}
{"target": 0.6296558, "params": {"alpha": 0.021735715730463512, "colsample_bytree": 0.8791280242890442, "lam": 0.6030859556350497, "max_depth": 4.997945940331677, "min_child_weight": 3.5194662083378976, "subsample": 0.8345561934639838}, "datetime": {"datetime": "2020-04-25 00:49:38", "elapsed": 714.768537, "delta": 4.412048}}
{"target": 0.625831, "params": {"alpha": 0.09331191627097557, "colsample_bytree": 0.680102561904121, "lam": 0.917496076269275, "max_depth": 7.744579227577196, "min_child_weight": 5.535672132266348, "subsample": 0.5542424626968421}, "datetime": {"datetime": "2020-04-25 00:49:44", "elapsed": 720.722942, "delta": 5.954405}}
{"target": 0.6269254, "params": {"alpha": 0.0018369533019482187, "colsample_bytree": 0.8921731122317071, "lam": 0.8512773668333737, "max_depth": 5.380459347526406, "min_child_weight": 6.7629595174991755, "subsample": 0.8878804012888235}, "datetime": {"datetime": "2020-04-25 00:49:50", "elapsed": 726.344517, "delta": 5.621575}}
{"target": 0.6012158, "params": {"alpha": 0.0632013445532077, "colsample_bytree": 0.8951389919860977, "lam": 0.0014447548913711916, "max_depth": 8.565469462651238, "min_child_weight": 2.2671467828399297, "subsample": 0.8960857219551888}, "datetime": {"datetime": "2020-04-25 00:49:56", "elapsed": 732.278094, "delta": 5.933577}}
{"target": 0.6333068, "params": {"alpha": 0.7902560821797024, "colsample_bytree": 0.8755906375787109, "lam": 0.48167328642148255, "max_depth": 4.910223778174349, "min_child_weight": 8.050412455660307, "subsample": 0.8977910994977938}, "datetime": {"datetime": "2020-04-25 00:50:01", "elapsed": 737.167954, "delta": 4.88986}}
{"target": 0.640966, "params": {"alpha": 0.02464899688768596, "colsample_bytree": 0.7744210465076711, "lam": 0.21135252144282524, "max_depth": 7.359591764207558, "min_child_weight": 8.59226541906913, "subsample": 0.5950533037440872}, "datetime": {"datetime": "2020-04-25 00:50:07", "elapsed": 743.2335, "delta": 6.065546}}
