{"target": 0.6237516000000001, "params": {"alpha": 0.8881321007112926, "colsample_bytree": 0.868742112636231, "lam": 0.9949012529583581, "max_depth": 8.963935448440653, "min_child_weight": 7.551906253058183, "subsample": 0.7703709420753646}, "datetime": {"datetime": "2020-04-25 01:07:41", "elapsed": 1797.055838, "delta": 10.034811}}
{"target": 0.4726258, "params": {"alpha": 1.0, "colsample_bytree": 0.5000000014408991, "lam": 0.0, "max_depth": 10.0, "min_child_weight": 1.000000005510335, "subsample": 0.5000000010335377}, "datetime": {"datetime": "2020-04-25 01:07:51", "elapsed": 1807.075134, "delta": 10.019296}}
{"target": 0.6060542, "params": {"alpha": 0.9764220483762959, "colsample_bytree": 0.8706415142887612, "lam": 0.7433870070095894, "max_depth": 7.456823621455513, "min_child_weight": 1.1429373470762525, "subsample": 0.8936697758080252}, "datetime": {"datetime": "2020-04-25 01:08:03", "elapsed": 1819.17851, "delta": 12.103376}}
{"target": 0.6266826, "params": {"alpha": 1.7986451950552587e-08, "colsample_bytree": 0.8999999892793736, "lam": 0.9999999731984341, "max_depth": 5.436471142564809, "min_child_weight": 3.7553002188543783, "subsample": 0.5000002067988496}, "datetime": {"datetime": "2020-04-25 01:08:15", "elapsed": 1831.763747, "delta": 12.585237}}
{"target": 0.6351966, "params": {"alpha": 0.028153624954055823, "colsample_bytree": 0.6302775932659547, "lam": 0.37202679530492455, "max_depth": 5.272253681902475, "min_child_weight": 7.8192639373695005, "subsample": 0.8788105943723523}, "datetime": {"datetime": "2020-04-25 01:08:24", "elapsed": 1840.212238, "delta": 8.448491}}
{"target": 0.6380492, "params": {"alpha": 0.9526728046933912, "colsample_bytree": 0.808139039194377, "lam": 0.006424208982264257, "max_depth": 6.77090347780141, "min_child_weight": 9.163738556541034, "subsample": 0.8367657249065279}, "datetime": {"datetime": "2020-04-25 01:08:34", "elapsed": 1850.340703, "delta": 10.128465}}
{"target": 0.6377478, "params": {"alpha": 0.9813421175666126, "colsample_bytree": 0.8688008611164932, "lam": 0.03958237260500885, "max_depth": 9.37741573079898, "min_child_weight": 8.966092697886818, "subsample": 0.5919688673936114}, "datetime": {"datetime": "2020-04-25 01:08:46", "elapsed": 1862.163935, "delta": 11.823232}}
{"target": 0.6127978000000001, "params": {"alpha": 0.613127194177512, "colsample_bytree": 0.8920159213003345, "lam": 0.9354529726057997, "max_depth": 5.121431726167536, "min_child_weight": 2.2438691950680414, "subsample": 0.5802608042215663}, "datetime": {"datetime": "2020-04-25 01:08:56", "elapsed": 1872.152229, "delta": 9.988294}}
{"target": 0.6176581999999999, "params": {"alpha": 0.9160006581475577, "colsample_bytree": 0.8840459359708377, "lam": 0.9024642764879053, "max_depth": 7.815854792365651, "min_child_weight": 5.769851781502437, "subsample": 0.5018332961677825}, "datetime": {"datetime": "2020-04-25 01:09:05", "elapsed": 1881.690556, "delta": 9.538327}}
{"target": 0.6368487999999999, "params": {"alpha": 0.7358479737917695, "colsample_bytree": 0.8863167190230474, "lam": 0.9653893995241613, "max_depth": 5.5549704060559355, "min_child_weight": 4.708062498645522, "subsample": 0.8418620974009117}, "datetime": {"datetime": "2020-04-25 01:09:16", "elapsed": 1892.165378, "delta": 10.474822}}
{"target": 0.6355488, "params": {"alpha": 0.9965650551684014, "colsample_bytree": 0.8815848585209729, "lam": 0.07729788335530496, "max_depth": 7.06785799001773, "min_child_weight": 6.64397433452051, "subsample": 0.8936026639608976}, "datetime": {"datetime": "2020-04-25 01:09:26", "elapsed": 1902.608469, "delta": 10.443091}}
{"target": 0.5951645999999999, "params": {"alpha": 0.7196485826663647, "colsample_bytree": 0.899904213785891, "lam": 0.5606878816369743, "max_depth": 6.109324870886266, "min_child_weight": 2.264479679568692, "subsample": 0.560011940446164}, "datetime": {"datetime": "2020-04-25 01:09:39", "elapsed": 1915.642868, "delta": 13.034399}}
{"target": 0.6139672, "params": {"alpha": 0.990377381550976, "colsample_bytree": 0.8985093689614805, "lam": 0.9984597548541219, "max_depth": 5.600874733567654, "min_child_weight": 4.120394396476275, "subsample": 0.5198846206216774}, "datetime": {"datetime": "2020-04-25 01:09:50", "elapsed": 1926.334077, "delta": 10.691209}}
{"target": 0.627703, "params": {"alpha": 0.01772867011102386, "colsample_bytree": 0.8055825044821091, "lam": 0.9966549310029563, "max_depth": 5.669247847599876, "min_child_weight": 1.9192179260140438, "subsample": 0.8742379917758031}, "datetime": {"datetime": "2020-04-25 01:10:01", "elapsed": 1937.462547, "delta": 11.12847}}
{"target": 0.6085058, "params": {"alpha": 0.9961771403163009, "colsample_bytree": 0.5120854507314396, "lam": 0.9882770324776041, "max_depth": 7.78910609867515, "min_child_weight": 2.9622320654688954, "subsample": 0.8921666462970921}, "datetime": {"datetime": "2020-04-25 01:10:10", "elapsed": 1946.745641, "delta": 9.283094}}
{"target": 0.6017972, "params": {"alpha": 0.9999999999999793, "colsample_bytree": 0.8999999999999692, "lam": 0.010868753940269918, "max_depth": 6.025451519901761, "min_child_weight": 1.0, "subsample": 0.5000000000000063}, "datetime": {"datetime": "2020-04-25 01:10:25", "elapsed": 1961.861012, "delta": 15.115371}}
{"target": 0.6156710000000001, "params": {"alpha": 0.019360597939078295, "colsample_bytree": 0.8888436114033262, "lam": 0.9532672765560617, "max_depth": 7.215058053268885, "min_child_weight": 1.417065665982273, "subsample": 0.8961454597829253}, "datetime": {"datetime": "2020-04-25 01:10:37", "elapsed": 1972.927802, "delta": 11.06679}}
{"target": 0.619864, "params": {"alpha": 0.037992355928227806, "colsample_bytree": 0.8741003334272877, "lam": 0.4289392873409511, "max_depth": 9.23347628676676, "min_child_weight": 3.696834463505622, "subsample": 0.5461893394044595}, "datetime": {"datetime": "2020-04-25 01:10:47", "elapsed": 1983.731554, "delta": 10.803752}}
{"target": 0.6265584000000001, "params": {"alpha": 0.9993515972140077, "colsample_bytree": 0.6479878271534968, "lam": 0.9523081617123524, "max_depth": 8.262781468006178, "min_child_weight": 4.042482994701148, "subsample": 0.5129502766539074}, "datetime": {"datetime": "2020-04-25 01:11:00", "elapsed": 1996.385112, "delta": 12.653558}}
{"target": 0.6324054, "params": {"alpha": 0.0033535433810476523, "colsample_bytree": 0.6601787190583477, "lam": 0.9790225629675691, "max_depth": 8.313238319820488, "min_child_weight": 7.607749995584505, "subsample": 0.8381259407391422}, "datetime": {"datetime": "2020-04-25 01:11:11", "elapsed": 2007.397338, "delta": 11.012226}}
{"target": 0.6328472, "params": {"alpha": 0.9754380953189046, "colsample_bytree": 0.8090005617339083, "lam": 0.5191584072325368, "max_depth": 4.710293239428862, "min_child_weight": 6.221866128593064, "subsample": 0.8961216681118509}, "datetime": {"datetime": "2020-04-25 01:11:21", "elapsed": 2017.662198, "delta": 10.26486}}
{"target": 0.6104736000000001, "params": {"alpha": 0.9780180812969016, "colsample_bytree": 0.897568648917361, "lam": 0.9912827460048959, "max_depth": 8.804411729314793, "min_child_weight": 1.5837949919705974, "subsample": 0.5512298330525337}, "datetime": {"datetime": "2020-04-25 01:11:34", "elapsed": 2030.090438, "delta": 12.42824}}
{"target": 0.5885214000000001, "params": {"alpha": 0.007845269422077744, "colsample_bytree": 0.885420801046712, "lam": 0.013133152281588534, "max_depth": 3.0000000010366845, "min_child_weight": 3.6557564460765137, "subsample": 0.5000000030948698}, "datetime": {"datetime": "2020-04-25 01:11:46", "elapsed": 2042.195745, "delta": 12.105307}}
{"target": 0.6231566, "params": {"alpha": 0.01204855386230863, "colsample_bytree": 0.828289880457574, "lam": 0.9969454802001312, "max_depth": 9.89599315996235, "min_child_weight": 3.631721060127586, "subsample": 0.5493607355672425}, "datetime": {"datetime": "2020-04-25 01:12:01", "elapsed": 2057.099061, "delta": 14.903316}}
{"target": 0.6291682000000001, "params": {"alpha": 0.014569286483227195, "colsample_bytree": 0.733612390144579, "lam": 0.002786954794593788, "max_depth": 7.056417997386923, "min_child_weight": 8.076338638465646, "subsample": 0.7283340906094355}, "datetime": {"datetime": "2020-04-25 01:12:11", "elapsed": 2067.171271, "delta": 10.07221}}
{"target": 0.6392592, "params": {"alpha": 0.06094230785417265, "colsample_bytree": 0.8869329943572573, "lam": 0.8472715469349501, "max_depth": 7.953274468902235, "min_child_weight": 5.875920723795423, "subsample": 0.8925145819069034}, "datetime": {"datetime": "2020-04-25 01:12:24", "elapsed": 2080.51258, "delta": 13.341309}}
{"target": 0.6323719999999999, "params": {"alpha": 0.3673011258124491, "colsample_bytree": 0.8823490566326058, "lam": 0.9167400567296058, "max_depth": 4.6270729198409395, "min_child_weight": 9.851739821696126, "subsample": 0.6244192865428161}, "datetime": {"datetime": "2020-04-25 01:12:35", "elapsed": 2090.942229, "delta": 10.429649}}
{"target": 0.6150500000000001, "params": {"alpha": 0.9986125271137732, "colsample_bytree": 0.8885428397823757, "lam": 0.9723104361712753, "max_depth": 7.648091039298591, "min_child_weight": 3.7316301819781112, "subsample": 0.7074967895724523}, "datetime": {"datetime": "2020-04-25 01:12:47", "elapsed": 2103.281126, "delta": 12.338897}}
{"target": 0.6291302, "params": {"alpha": 0.09494590935198743, "colsample_bytree": 0.7713322864368697, "lam": 0.9686741060891617, "max_depth": 6.888745924335659, "min_child_weight": 6.619971373923026, "subsample": 0.8831961018330179}, "datetime": {"datetime": "2020-04-25 01:12:57", "elapsed": 2113.081512, "delta": 9.800386}}
{"target": 0.629741, "params": {"alpha": 0.030316641834412517, "colsample_bytree": 0.7800371376121173, "lam": 0.5137265607739492, "max_depth": 9.966498969037367, "min_child_weight": 7.058554761114717, "subsample": 0.8556270579783798}, "datetime": {"datetime": "2020-04-25 01:13:12", "elapsed": 2128.355514, "delta": 15.274002}}
{"target": 0.6202382, "params": {"alpha": 0.9999999976019275, "colsample_bytree": 0.8999999995307326, "lam": 0.0, "max_depth": 7.9714846653277815, "min_child_weight": 2.818245473605975, "subsample": 0.8999999999242573}, "datetime": {"datetime": "2020-04-25 01:13:23", "elapsed": 2139.519549, "delta": 11.164035}}
{"target": 0.6218235999999999, "params": {"alpha": 0.0022318295137108146, "colsample_bytree": 0.8260839279610848, "lam": 0.8966408456633119, "max_depth": 3.6120945191030476, "min_child_weight": 8.381644739140555, "subsample": 0.8922078370518709}, "datetime": {"datetime": "2020-04-25 01:13:36", "elapsed": 2152.729382, "delta": 13.209833}}
{"target": 0.6292222, "params": {"alpha": 1.0, "colsample_bytree": 0.9, "lam": 1.0, "max_depth": 3.742333330949914, "min_child_weight": 9.999999976150283, "subsample": 0.8999999930292875}, "datetime": {"datetime": "2020-04-25 01:13:47", "elapsed": 2163.548648, "delta": 10.819266}}
{"target": 0.6274374, "params": {"alpha": 0.045544211009208246, "colsample_bytree": 0.8515087377273001, "lam": 0.003102469404705377, "max_depth": 4.902175764314203, "min_child_weight": 5.900027796696344, "subsample": 0.576364327685712}, "datetime": {"datetime": "2020-04-25 01:13:59", "elapsed": 2175.059697, "delta": 11.511049}}
{"target": 0.6169294, "params": {"alpha": 0.9999999977740852, "colsample_bytree": 0.8999999987278989, "lam": 1.0, "max_depth": 9.999999999719211, "min_child_weight": 2.496835446473648, "subsample": 0.8999999948366305}, "datetime": {"datetime": "2020-04-25 01:14:10", "elapsed": 2186.60998, "delta": 11.550283}}
{"target": 0.6427358000000001, "params": {"alpha": 0.054119634457194477, "colsample_bytree": 0.8791503798787652, "lam": 0.984581353770719, "max_depth": 6.162266694118182, "min_child_weight": 9.245812445301736, "subsample": 0.879685373615992}, "datetime": {"datetime": "2020-04-25 01:14:23", "elapsed": 2199.830601, "delta": 13.220621}}
{"target": 0.6383424, "params": {"alpha": 0.9296497870695647, "colsample_bytree": 0.732472119039018, "lam": 0.052850168697123445, "max_depth": 4.8364374148037275, "min_child_weight": 8.27174918314597, "subsample": 0.8654628196607732}, "datetime": {"datetime": "2020-04-25 01:14:37", "elapsed": 2213.007061, "delta": 13.17646}}
{"target": 0.6386106, "params": {"alpha": 0.5003762024478035, "colsample_bytree": 0.8954082853540735, "lam": 0.35943701397054806, "max_depth": 8.223382455012224, "min_child_weight": 6.996438237818368, "subsample": 0.863602955732063}, "datetime": {"datetime": "2020-04-25 01:14:51", "elapsed": 2227.359383, "delta": 14.352322}}
{"target": 0.6169968, "params": {"alpha": 0.04059956480590332, "colsample_bytree": 0.6369855494477275, "lam": 0.9923931721231218, "max_depth": 7.728076293482566, "min_child_weight": 4.72006363988252, "subsample": 0.5272093970334435}, "datetime": {"datetime": "2020-04-25 01:15:04", "elapsed": 2240.477703, "delta": 13.11832}}
{"target": 0.6263588, "params": {"alpha": 0.08936183943398412, "colsample_bytree": 0.8846476902097433, "lam": 0.0940785463593159, "max_depth": 6.4043342024013015, "min_child_weight": 8.999033717302932, "subsample": 0.8868055433637563}, "datetime": {"datetime": "2020-04-25 01:15:16", "elapsed": 2252.477153, "delta": 11.99945}}
{"target": 0.6242446, "params": {"alpha": 0.9927691063673597, "colsample_bytree": 0.8715467950732636, "lam": 0.04419083517696787, "max_depth": 8.871642422953348, "min_child_weight": 9.34716636511375, "subsample": 0.5472080569068597}, "datetime": {"datetime": "2020-04-25 01:15:29", "elapsed": 2265.228307, "delta": 12.751154}}
{"target": 0.6360134000000001, "params": {"alpha": 0.8153795699315117, "colsample_bytree": 0.8804011487725654, "lam": 0.0042495170416166905, "max_depth": 5.11569703756116, "min_child_weight": 8.064303395003268, "subsample": 0.8983978478155941}, "datetime": {"datetime": "2020-04-25 01:15:44", "elapsed": 2280.571058, "delta": 15.342751}}
{"target": 0.634523, "params": {"alpha": 0.9483445897825056, "colsample_bytree": 0.8929798334442638, "lam": 0.03309693360745081, "max_depth": 8.810408896035822, "min_child_weight": 7.5863629905064585, "subsample": 0.8907231682416105}, "datetime": {"datetime": "2020-04-25 01:15:57", "elapsed": 2293.076703, "delta": 12.505645}}
{"target": 0.631019, "params": {"alpha": 0.2287853676464895, "colsample_bytree": 0.8200102634137658, "lam": 0.8771769782333794, "max_depth": 5.310181830003662, "min_child_weight": 4.06291364350431, "subsample": 0.8914998248148436}, "datetime": {"datetime": "2020-04-25 01:16:08", "elapsed": 2304.088601, "delta": 11.011898}}
{"target": 0.6336923999999999, "params": {"alpha": 0.6529548818211521, "colsample_bytree": 0.8967001444668405, "lam": 0.4377832270674413, "max_depth": 4.557957315292212, "min_child_weight": 3.6312102255415497, "subsample": 0.8890779322211716}, "datetime": {"datetime": "2020-04-25 01:16:22", "elapsed": 2318.47517, "delta": 14.386569}}
{"target": 0.6422734, "params": {"alpha": 0.9999999959901437, "colsample_bytree": 0.8999995996509309, "lam": 0.003396323289289167, "max_depth": 9.417133469004263, "min_child_weight": 9.786808126637759, "subsample": 0.8999999976465605}, "datetime": {"datetime": "2020-04-25 01:16:32", "elapsed": 2328.514927, "delta": 10.039757}}
{"target": 0.6404116, "params": {"alpha": 0.9944903761114955, "colsample_bytree": 0.6970521851001861, "lam": 0.5679307333905963, "max_depth": 5.42606825632214, "min_child_weight": 7.810265254433605, "subsample": 0.8747621287438465}, "datetime": {"datetime": "2020-04-25 01:16:42", "elapsed": 2338.598113, "delta": 10.083186}}
{"target": 0.6247032000000001, "params": {"alpha": 0.0722347564849366, "colsample_bytree": 0.8835699975865787, "lam": 0.995324750790915, "max_depth": 6.609775586527032, "min_child_weight": 9.819990424767616, "subsample": 0.5271732360095595}, "datetime": {"datetime": "2020-04-25 01:16:57", "elapsed": 2353.641393, "delta": 15.04328}}
{"target": 0.635051, "params": {"alpha": 0.9417668665887478, "colsample_bytree": 0.8568406187161659, "lam": 0.03387283516474515, "max_depth": 6.312170151474396, "min_child_weight": 3.516763857937997, "subsample": 0.7817266933732815}, "datetime": {"datetime": "2020-04-25 01:17:11", "elapsed": 2367.640468, "delta": 13.999075}}
{"target": 0.6243114, "params": {"alpha": 0.9547457590706557, "colsample_bytree": 0.8885690427330107, "lam": 0.4174315714622546, "max_depth": 8.975939258226918, "min_child_weight": 4.035410593056798, "subsample": 0.8973576247670338}, "datetime": {"datetime": "2020-04-25 01:17:23", "elapsed": 2379.548277, "delta": 11.907809}}
{"target": 0.6325415999999999, "params": {"alpha": 0.8262367851506975, "colsample_bytree": 0.8869916019185202, "lam": 0.9999999999999993, "max_depth": 4.9105277393540785, "min_child_weight": 3.6222213233019267, "subsample": 0.8899948864006965}, "datetime": {"datetime": "2020-04-25 01:17:38", "elapsed": 2394.569322, "delta": 15.021045}}
{"target": 0.6316324, "params": {"alpha": 0.604582281518676, "colsample_bytree": 0.6526837027724526, "lam": 0.07079180655283812, "max_depth": 5.743758988902818, "min_child_weight": 7.052528472019195, "subsample": 0.8690572000906761}, "datetime": {"datetime": "2020-04-25 01:17:49", "elapsed": 2405.864971, "delta": 11.295649}}
{"target": 0.6039038, "params": {"alpha": 0.04292289591428178, "colsample_bytree": 0.8774650607502472, "lam": 0.0021431338955621992, "max_depth": 3.0731231984172513, "min_child_weight": 6.133806311451935, "subsample": 0.8938487143208549}, "datetime": {"datetime": "2020-04-25 01:18:01", "elapsed": 2417.306615, "delta": 11.441644}}
{"target": 0.6377684, "params": {"alpha": 0.9890999475006408, "colsample_bytree": 0.8860351809811848, "lam": 0.5932063277492996, "max_depth": 9.698569604045314, "min_child_weight": 9.829365317254197, "subsample": 0.8234216126036298}, "datetime": {"datetime": "2020-04-25 01:18:16", "elapsed": 2432.519513, "delta": 15.212898}}
{"target": 0.6356232, "params": {"alpha": 0.30616074104316715, "colsample_bytree": 0.8464326789173847, "lam": 0.9774122259016748, "max_depth": 7.641241722073116, "min_child_weight": 5.49924379381379, "subsample": 0.7909023968038216}, "datetime": {"datetime": "2020-04-25 01:18:33", "elapsed": 2449.846776, "delta": 17.327263}}
{"target": 0.6293074000000001, "params": {"alpha": 0.30363444515395455, "colsample_bytree": 0.8936452985803927, "lam": 0.9352646132571629, "max_depth": 5.422501690178739, "min_child_weight": 3.355723121288107, "subsample": 0.8710119791474138}, "datetime": {"datetime": "2020-04-25 01:18:47", "elapsed": 2463.247951, "delta": 13.401175}}
{"target": 0.5975484, "params": {"alpha": 0.03495464333793907, "colsample_bytree": 0.664357839328569, "lam": 0.04208763239909896, "max_depth": 3.1293445299282503, "min_child_weight": 2.429646625481042, "subsample": 0.8995592416954785}, "datetime": {"datetime": "2020-04-25 01:19:03", "elapsed": 2479.424532, "delta": 16.176581}}
{"target": 0.6158578, "params": {"alpha": 0.9974284574714265, "colsample_bytree": 0.5397337206713585, "lam": 0.9796594243938958, "max_depth": 8.302898517923781, "min_child_weight": 5.331849479564641, "subsample": 0.8192296677299837}, "datetime": {"datetime": "2020-04-25 01:19:17", "elapsed": 2493.572574, "delta": 14.148042}}
{"target": 0.6463838, "params": {"alpha": 0.9550139014295842, "colsample_bytree": 0.8480852083972044, "lam": 0.9515167487901226, "max_depth": 9.373511994967803, "min_child_weight": 9.791031281702267, "subsample": 0.8638022260169516}, "datetime": {"datetime": "2020-04-25 01:19:30", "elapsed": 2506.510229, "delta": 12.937655}}
{"target": 0.5903240000000001, "params": {"alpha": 0.01577387383421036, "colsample_bytree": 0.53495089501143, "lam": 0.6398726077834587, "max_depth": 3.7145165328459484, "min_child_weight": 1.1589705049072614, "subsample": 0.5270883660622875}, "datetime": {"datetime": "2020-04-25 01:19:43", "elapsed": 2519.123589, "delta": 12.61336}}
{"target": 0.6261585999999999, "params": {"alpha": 0.9886725129498144, "colsample_bytree": 0.6890269991401702, "lam": 0.01685545524058496, "max_depth": 5.236421445635187, "min_child_weight": 8.447338608048977, "subsample": 0.6031916832999938}, "datetime": {"datetime": "2020-04-25 01:19:55", "elapsed": 2531.364369, "delta": 12.24078}}
{"target": 0.6254286, "params": {"alpha": 0.016070359895676622, "colsample_bytree": 0.8512765011832073, "lam": 0.991092365934066, "max_depth": 6.767290414829536, "min_child_weight": 3.882573961701615, "subsample": 0.8698767630587584}, "datetime": {"datetime": "2020-04-25 01:20:09", "elapsed": 2545.056462, "delta": 13.692093}}
{"target": 0.6301618, "params": {"alpha": 0.9951653039617622, "colsample_bytree": 0.8204929755529076, "lam": 0.0656968461591173, "max_depth": 9.457469434970404, "min_child_weight": 8.34845699582392, "subsample": 0.8988500048356252}, "datetime": {"datetime": "2020-04-25 01:20:22", "elapsed": 2558.195481, "delta": 13.139019}}
{"target": 0.6150344000000001, "params": {"alpha": 5.157454815596887e-09, "colsample_bytree": 0.899999993952828, "lam": 3.313273479376133e-08, "max_depth": 10.0, "min_child_weight": 4.163829281401387, "subsample": 0.9}, "datetime": {"datetime": "2020-04-25 01:20:38", "elapsed": 2574.247947, "delta": 16.052466}}
{"target": 0.6309482, "params": {"alpha": 0.006596415330483385, "colsample_bytree": 0.8747371339315275, "lam": 0.378681916349358, "max_depth": 7.184163105760823, "min_child_weight": 8.378849889391452, "subsample": 0.8077729969705527}, "datetime": {"datetime": "2020-04-25 01:20:50", "elapsed": 2586.423076, "delta": 12.175129}}
{"target": 0.6296476, "params": {"alpha": 0.3848695566412843, "colsample_bytree": 0.8958814253242561, "lam": 0.9518925691926411, "max_depth": 5.575201695842434, "min_child_weight": 9.596450284746647, "subsample": 0.8868239036670249}, "datetime": {"datetime": "2020-04-25 01:21:02", "elapsed": 2598.750302, "delta": 12.327226}}
{"target": 0.6340574, "params": {"alpha": 0.12234563619652106, "colsample_bytree": 0.8548357038037313, "lam": 0.03856007290307506, "max_depth": 5.38182467565459, "min_child_weight": 6.003189469783442, "subsample": 0.853212508377228}, "datetime": {"datetime": "2020-04-25 01:21:14", "elapsed": 2610.271127, "delta": 11.520825}}
