{"target": 0.619379, "params": {"alpha": 0.14268944001678763, "colsample_bytree": 0.8852647608528087, "lam": 0.9801037655019587, "max_depth": 7.813324755135825, "min_child_weight": 3.219345909143695, "subsample": 0.75412845222757}, "datetime": {"datetime": "2020-04-24 17:42:19", "elapsed": 258.280817, "delta": 2.638673}}
{"target": 0.6393878, "params": {"alpha": 0.9075285317634698, "colsample_bytree": 0.8765149642221517, "lam": 0.04722451645937009, "max_depth": 5.018082280162709, "min_child_weight": 4.489577694166597, "subsample": 0.886324217348363}, "datetime": {"datetime": "2020-04-24 17:42:22", "elapsed": 260.973793, "delta": 2.692976}}
{"target": 0.6057718000000001, "params": {"alpha": 0.587169189442223, "colsample_bytree": 0.8695774999026943, "lam": 0.9805690324715857, "max_depth": 8.577356882374424, "min_child_weight": 5.061195542472736, "subsample": 0.5330745269470186}, "datetime": {"datetime": "2020-04-24 17:42:24", "elapsed": 263.617078, "delta": 2.643285}}
{"target": 0.6275906, "params": {"alpha": 0.873647146272952, "colsample_bytree": 0.7838570548961314, "lam": 0.011286544060196468, "max_depth": 9.812790897615534, "min_child_weight": 4.533948483467939, "subsample": 0.8429651718887252}, "datetime": {"datetime": "2020-04-24 17:42:27", "elapsed": 266.522831, "delta": 2.905753}}
{"target": 0.6136632, "params": {"alpha": 0.009268009961653001, "colsample_bytree": 0.5723328079964546, "lam": 0.995797969928542, "max_depth": 6.154818030865747, "min_child_weight": 9.463042020538879, "subsample": 0.8248587635887545}, "datetime": {"datetime": "2020-04-24 17:42:30", "elapsed": 269.080517, "delta": 2.557686}}
{"target": 0.6272996000000001, "params": {"alpha": 0.841735378502825, "colsample_bytree": 0.8428031384288506, "lam": 0.9667408821044964, "max_depth": 9.053691922383845, "min_child_weight": 8.918177188285588, "subsample": 0.5155664128895168}, "datetime": {"datetime": "2020-04-24 17:42:33", "elapsed": 272.157983, "delta": 3.077466}}
{"target": 0.6380918, "params": {"alpha": 0.08145735268104581, "colsample_bytree": 0.8919413585605633, "lam": 0.18835964301650177, "max_depth": 8.219326288899243, "min_child_weight": 8.394789810491755, "subsample": 0.81891433035465}, "datetime": {"datetime": "2020-04-24 17:42:35", "elapsed": 274.834694, "delta": 2.676711}}
{"target": 0.6199058, "params": {"alpha": 0.977247422752688, "colsample_bytree": 0.8906661610891258, "lam": 0.18670027905209607, "max_depth": 7.851180179378105, "min_child_weight": 4.537184001057908, "subsample": 0.8270388507208739}, "datetime": {"datetime": "2020-04-24 17:42:38", "elapsed": 277.553361, "delta": 2.718667}}
{"target": 0.5763182, "params": {"alpha": 0.018314741701364712, "colsample_bytree": 0.5429930875611291, "lam": 0.977772393293503, "max_depth": 5.5923444438574474, "min_child_weight": 1.3598295616497431, "subsample": 0.5390901813700827}, "datetime": {"datetime": "2020-04-24 17:42:41", "elapsed": 279.964741, "delta": 2.41138}}
{"target": 0.6052574, "params": {"alpha": 0.15572275523257406, "colsample_bytree": 0.8230686092456141, "lam": 0.9737366164920639, "max_depth": 9.070868706460255, "min_child_weight": 1.0239412103132166, "subsample": 0.8299713399766815}, "datetime": {"datetime": "2020-04-24 17:42:44", "elapsed": 283.427584, "delta": 3.462843}}
{"target": 0.6321414000000001, "params": {"alpha": 0.0739053076145586, "colsample_bytree": 0.8833474388107176, "lam": 0.03974799753979763, "max_depth": 4.464361889905511, "min_child_weight": 1.9552135994807742, "subsample": 0.6835786513989339}, "datetime": {"datetime": "2020-04-24 17:42:46", "elapsed": 285.79687, "delta": 2.369286}}
{"target": 0.6339086, "params": {"alpha": 0.5107171985366324, "colsample_bytree": 0.899999983462092, "lam": 0.9716113545474045, "max_depth": 8.471978009060187, "min_child_weight": 8.332770369225868, "subsample": 0.8999999801093187}, "datetime": {"datetime": "2020-04-24 17:42:50", "elapsed": 289.226691, "delta": 3.429821}}
{"target": 0.6380672, "params": {"alpha": 0.942118191211577, "colsample_bytree": 0.8999999839200309, "lam": 1.0, "max_depth": 6.118334500764142, "min_child_weight": 9.999999999800027, "subsample": 0.8999999997352496}, "datetime": {"datetime": "2020-04-24 17:42:53", "elapsed": 292.150839, "delta": 2.924148}}
{"target": 0.6373635999999999, "params": {"alpha": 0.04901860972430061, "colsample_bytree": 0.8705068195165232, "lam": 0.1280824190834614, "max_depth": 8.68536367251036, "min_child_weight": 6.940518072413137, "subsample": 0.838360246940579}, "datetime": {"datetime": "2020-04-24 17:42:56", "elapsed": 295.105752, "delta": 2.954913}}
{"target": 0.626969, "params": {"alpha": 0.9965835111278233, "colsample_bytree": 0.8958662130497314, "lam": 0.027287942670544463, "max_depth": 5.3844201557189475, "min_child_weight": 7.9979456021215745, "subsample": 0.564287663155018}, "datetime": {"datetime": "2020-04-24 17:42:58", "elapsed": 297.453567, "delta": 2.347815}}
{"target": 0.638433, "params": {"alpha": 0.999999999784216, "colsample_bytree": 0.8999999999443357, "lam": 1.0, "max_depth": 9.999999999843181, "min_child_weight": 9.0351604491803, "subsample": 0.9}, "datetime": {"datetime": "2020-04-24 17:43:01", "elapsed": 300.765349, "delta": 3.311782}}
{"target": 0.6284722, "params": {"alpha": 0.19390603225799252, "colsample_bytree": 0.899976956529934, "lam": 0.0019929248851376924, "max_depth": 7.6479896844795805, "min_child_weight": 7.159483974392834, "subsample": 0.5810122859267849}, "datetime": {"datetime": "2020-04-24 17:43:04", "elapsed": 303.634784, "delta": 2.869435}}
{"target": 0.6381202, "params": {"alpha": 0.003955020069385751, "colsample_bytree": 0.8944015136235072, "lam": 0.03017891713146592, "max_depth": 6.833061543855633, "min_child_weight": 8.034805048077192, "subsample": 0.8651808984872795}, "datetime": {"datetime": "2020-04-24 17:43:07", "elapsed": 306.315355, "delta": 2.680571}}
{"target": 0.6459543999999999, "params": {"alpha": 6.804190540776744e-05, "colsample_bytree": 0.8743371476665553, "lam": 0.9930676649192202, "max_depth": 9.041988158507777, "min_child_weight": 8.967605704049504, "subsample": 0.8915658844954275}, "datetime": {"datetime": "2020-04-24 17:43:10", "elapsed": 309.339314, "delta": 3.023959}}
{"target": 0.6157625999999999, "params": {"alpha": 0.011337592062756308, "colsample_bytree": 0.8750738545138428, "lam": 0.2820212946035566, "max_depth": 5.2012732744540875, "min_child_weight": 1.0608363541133383, "subsample": 0.8835227690310894}, "datetime": {"datetime": "2020-04-24 17:43:13", "elapsed": 312.174888, "delta": 2.835574}}
{"target": 0.597217, "params": {"alpha": 0.9899001973378685, "colsample_bytree": 0.8912415304643382, "lam": 0.982867783090678, "max_depth": 3.131283551356708, "min_child_weight": 1.2671267348763888, "subsample": 0.8940410125132059}, "datetime": {"datetime": "2020-04-24 17:43:16", "elapsed": 315.012666, "delta": 2.837778}}
{"target": 0.6437178, "params": {"alpha": 0.617032205644498, "colsample_bytree": 0.8853611848398915, "lam": 0.6111629213550855, "max_depth": 6.233480419350721, "min_child_weight": 7.515502981479393, "subsample": 0.7994952716888023}, "datetime": {"datetime": "2020-04-24 17:43:19", "elapsed": 318.536607, "delta": 3.523941}}
{"target": 0.6406984, "params": {"alpha": 0.649488415609641, "colsample_bytree": 0.8899046940315434, "lam": 0.6564877345485496, "max_depth": 6.324303679758288, "min_child_weight": 9.371223384511156, "subsample": 0.8818449663692418}, "datetime": {"datetime": "2020-04-24 17:43:22", "elapsed": 321.332566, "delta": 2.795959}}
{"target": 0.6463334, "params": {"alpha": 0.18293924507086068, "colsample_bytree": 0.8739330001806083, "lam": 0.6539113533028252, "max_depth": 5.812489458331299, "min_child_weight": 6.734008111591804, "subsample": 0.8712991288888468}, "datetime": {"datetime": "2020-04-24 17:43:25", "elapsed": 324.320894, "delta": 2.988328}}
{"target": 0.6288166000000001, "params": {"alpha": 0.007579911647315973, "colsample_bytree": 0.8769396135970344, "lam": 0.9112646344758346, "max_depth": 5.23000049368974, "min_child_weight": 1.8728071648853706, "subsample": 0.8988468618570211}, "datetime": {"datetime": "2020-04-24 17:43:28", "elapsed": 327.243291, "delta": 2.922397}}
{"target": 0.6146092, "params": {"alpha": 0.1494977731013959, "colsample_bytree": 0.8735737643958246, "lam": 0.0009892180661518202, "max_depth": 4.201009550315674, "min_child_weight": 3.1782798049873477, "subsample": 0.8884529080895263}, "datetime": {"datetime": "2020-04-24 17:43:31", "elapsed": 330.27253, "delta": 3.029239}}
{"target": 0.6225212000000001, "params": {"alpha": 0.019848141584205004, "colsample_bytree": 0.8466180924422888, "lam": 0.24995315040025612, "max_depth": 5.08364954596776, "min_child_weight": 3.6318731010857137, "subsample": 0.5172146100858378}, "datetime": {"datetime": "2020-04-24 17:43:34", "elapsed": 332.932486, "delta": 2.659956}}
{"target": 0.6256943999999999, "params": {"alpha": 0.8994837200306005, "colsample_bytree": 0.8918685689185377, "lam": 0.4591519752063765, "max_depth": 6.124420715843543, "min_child_weight": 8.324973529393397, "subsample": 0.5338600447899039}, "datetime": {"datetime": "2020-04-24 17:43:37", "elapsed": 336.207646, "delta": 3.27516}}
{"target": 0.6511698, "params": {"alpha": 0.8479732710537886, "colsample_bytree": 0.8784614976308316, "lam": 0.9867232827718333, "max_depth": 5.740913903510171, "min_child_weight": 7.058843321941838, "subsample": 0.8920455016510349}, "datetime": {"datetime": "2020-04-24 17:43:40", "elapsed": 339.370698, "delta": 3.163052}}
{"target": 0.6138640000000001, "params": {"alpha": 0.9823232257817228, "colsample_bytree": 0.5823830269187156, "lam": 0.8735569647931104, "max_depth": 5.919939079996867, "min_child_weight": 6.701193752785778, "subsample": 0.8789912343266171}, "datetime": {"datetime": "2020-04-24 17:43:43", "elapsed": 342.763794, "delta": 3.393096}}
{"target": 0.6416286, "params": {"alpha": 0.9672880229304536, "colsample_bytree": 0.8957698245983623, "lam": 0.014121797520825985, "max_depth": 4.553686123595796, "min_child_weight": 5.556624775351469, "subsample": 0.8289854233630025}, "datetime": {"datetime": "2020-04-24 17:43:46", "elapsed": 345.734351, "delta": 2.970557}}
{"target": 0.6311856, "params": {"alpha": 0.5923453646511564, "colsample_bytree": 0.8999999999805648, "lam": 0.999999988431078, "max_depth": 6.412891726005445, "min_child_weight": 7.270013560069193, "subsample": 0.8035989883832245}, "datetime": {"datetime": "2020-04-24 17:43:50", "elapsed": 349.30175, "delta": 3.567399}}
{"target": 0.6451702, "params": {"alpha": 0.08853046928555464, "colsample_bytree": 0.8933645643514281, "lam": 0.9905764421957519, "max_depth": 5.283248855809731, "min_child_weight": 6.957067589880126, "subsample": 0.8545577862542666}, "datetime": {"datetime": "2020-04-24 17:43:54", "elapsed": 352.939957, "delta": 3.638207}}
{"target": 0.6359315999999999, "params": {"alpha": 0.06256783912969233, "colsample_bytree": 0.8642956843823678, "lam": 0.014052337097055778, "max_depth": 5.53169901054971, "min_child_weight": 4.935532621764695, "subsample": 0.8313731995169489}, "datetime": {"datetime": "2020-04-24 17:43:57", "elapsed": 355.943828, "delta": 3.003871}}
{"target": 0.6362604, "params": {"alpha": 0.6740560216256312, "colsample_bytree": 0.8792033335870435, "lam": 0.7633402909227619, "max_depth": 5.610871844068688, "min_child_weight": 7.189300960834718, "subsample": 0.8698132467930917}, "datetime": {"datetime": "2020-04-24 17:44:00", "elapsed": 359.52731, "delta": 3.583482}}
{"target": 0.5911654, "params": {"alpha": 0.038242167287346085, "colsample_bytree": 0.5062553637661479, "lam": 0.9990568466267178, "max_depth": 9.50623650214299, "min_child_weight": 7.022114396643096, "subsample": 0.8249295679673169}, "datetime": {"datetime": "2020-04-24 17:44:03", "elapsed": 362.793956, "delta": 3.266646}}
{"target": 0.6400836, "params": {"alpha": 0.972988290952987, "colsample_bytree": 0.7298753438507857, "lam": 0.9336361492503421, "max_depth": 5.3022136291071185, "min_child_weight": 8.491819944575129, "subsample": 0.872363921812599}, "datetime": {"datetime": "2020-04-24 17:44:06", "elapsed": 365.636729, "delta": 2.842773}}
{"target": 0.6302472000000001, "params": {"alpha": 0.94420251054881, "colsample_bytree": 0.870131399429493, "lam": 0.10542953712184722, "max_depth": 4.217229989025362, "min_child_weight": 8.971881967544611, "subsample": 0.8725021847615282}, "datetime": {"datetime": "2020-04-24 17:44:09", "elapsed": 368.613284, "delta": 2.976555}}
{"target": 0.6347484, "params": {"alpha": 1.0, "colsample_bytree": 0.8999999969415228, "lam": 1.0, "max_depth": 5.684980389079799, "min_child_weight": 4.8392319304336135, "subsample": 0.8999999980437867}, "datetime": {"datetime": "2020-04-24 17:44:12", "elapsed": 371.621606, "delta": 3.008322}}
{"target": 0.610862, "params": {"alpha": 9.778081446563362e-08, "colsample_bytree": 0.5, "lam": 0.0, "max_depth": 10.0, "min_child_weight": 10.0, "subsample": 0.9}, "datetime": {"datetime": "2020-04-24 17:44:16", "elapsed": 375.451355, "delta": 3.829749}}
{"target": 0.605912, "params": {"alpha": 0.9212548046367867, "colsample_bytree": 0.8556832252959554, "lam": 0.9080101428405509, "max_depth": 3.121607017200167, "min_child_weight": 8.38849258635812, "subsample": 0.8798904236166282}, "datetime": {"datetime": "2020-04-24 17:44:19", "elapsed": 378.139127, "delta": 2.687772}}
{"target": 0.6327494, "params": {"alpha": 0.9959998981599583, "colsample_bytree": 0.8946474912020949, "lam": 0.5131693771065999, "max_depth": 7.71768838773962, "min_child_weight": 7.526016686637569, "subsample": 0.8859671706328367}, "datetime": {"datetime": "2020-04-24 17:44:22", "elapsed": 381.211907, "delta": 3.07278}}
{"target": 0.6192152, "params": {"alpha": 0.9605031472641241, "colsample_bytree": 0.8620897063839055, "lam": 0.01286546624016105, "max_depth": 3.733480007103411, "min_child_weight": 2.0531049632184777, "subsample": 0.5057595597526612}, "datetime": {"datetime": "2020-04-24 17:44:26", "elapsed": 385.15748, "delta": 3.945573}}
{"target": 0.6324796000000001, "params": {"alpha": 0.9873466546106994, "colsample_bytree": 0.9, "lam": 0.9999999843409021, "max_depth": 3.6389021421370056, "min_child_weight": 6.6737917594738825, "subsample": 0.9}, "datetime": {"datetime": "2020-04-24 17:44:29", "elapsed": 388.256814, "delta": 3.099334}}
{"target": 0.6383639999999999, "params": {"alpha": 0.08309838395245273, "colsample_bytree": 0.8756576102516096, "lam": 0.029177201970753353, "max_depth": 6.187990947729027, "min_child_weight": 6.992360666471423, "subsample": 0.8693580156009322}, "datetime": {"datetime": "2020-04-24 17:44:32", "elapsed": 391.294948, "delta": 3.038134}}
{"target": 0.6391935999999999, "params": {"alpha": 0.03021223783274407, "colsample_bytree": 0.848054048177912, "lam": 0.3956160359455494, "max_depth": 9.181924261623056, "min_child_weight": 8.068053710879461, "subsample": 0.898103603112116}, "datetime": {"datetime": "2020-04-24 17:44:35", "elapsed": 394.791546, "delta": 3.496598}}
{"target": 0.6148374, "params": {"alpha": 0.9999999913334883, "colsample_bytree": 0.9, "lam": 0.8502375599030615, "max_depth": 6.7209046447833645, "min_child_weight": 2.349327595992373, "subsample": 0.9}, "datetime": {"datetime": "2020-04-24 17:44:39", "elapsed": 398.175521, "delta": 3.383975}}
{"target": 0.5674826000000001, "params": {"alpha": 1.0, "colsample_bytree": 0.5000000000081928, "lam": 1.0, "max_depth": 7.570392504414789, "min_child_weight": 1.0000000035228556, "subsample": 0.9}, "datetime": {"datetime": "2020-04-24 17:44:42", "elapsed": 401.70394, "delta": 3.528419}}
{"target": 0.6411431999999999, "params": {"alpha": 0.9623831165102903, "colsample_bytree": 0.891733905232787, "lam": 0.0, "max_depth": 4.945008664724975, "min_child_weight": 9.415305970061658, "subsample": 0.8981046756439094}, "datetime": {"datetime": "2020-04-24 17:44:45", "elapsed": 404.440814, "delta": 2.736874}}
{"target": 0.6078018000000001, "params": {"alpha": 0.41089435958682374, "colsample_bytree": 0.8962269832682468, "lam": 0.9282972741006912, "max_depth": 7.657821937556356, "min_child_weight": 1.0841021697848752, "subsample": 0.8744786722459299}, "datetime": {"datetime": "2020-04-24 17:44:48", "elapsed": 407.872217, "delta": 3.431403}}
{"target": 0.6259696, "params": {"alpha": 0.8051238824843735, "colsample_bytree": 0.8802703375876798, "lam": 0.028424163113493495, "max_depth": 4.110120168842541, "min_child_weight": 5.190754095360456, "subsample": 0.5602147124726147}, "datetime": {"datetime": "2020-04-24 17:44:52", "elapsed": 410.912303, "delta": 3.040086}}
{"target": 0.6431364, "params": {"alpha": 0.45640368862760194, "colsample_bytree": 0.8711129280165275, "lam": 0.3238526775832229, "max_depth": 9.867144816246673, "min_child_weight": 9.234835327035487, "subsample": 0.8649045464367255}, "datetime": {"datetime": "2020-04-24 17:44:55", "elapsed": 414.85849, "delta": 3.946187}}
{"target": 0.5918316, "params": {"alpha": 0.184147963606611, "colsample_bytree": 0.5121568014057808, "lam": 0.2411454781918161, "max_depth": 9.03773753171334, "min_child_weight": 2.6593452000768076, "subsample": 0.897968950750704}, "datetime": {"datetime": "2020-04-24 17:45:00", "elapsed": 419.305796, "delta": 4.447306}}
{"target": 0.6266714, "params": {"alpha": 0.0, "colsample_bytree": 0.9, "lam": 7.384776693377327e-10, "max_depth": 6.12874168425822, "min_child_weight": 9.999999996401705, "subsample": 0.6608581241236172}, "datetime": {"datetime": "2020-04-24 17:45:03", "elapsed": 422.545519, "delta": 3.239723}}
{"target": 0.6292682, "params": {"alpha": 0.8592356111045252, "colsample_bytree": 0.8567879821298334, "lam": 0.05196431629145426, "max_depth": 5.256583460102826, "min_child_weight": 2.0092432975744234, "subsample": 0.8866186040354411}, "datetime": {"datetime": "2020-04-24 17:45:07", "elapsed": 426.045391, "delta": 3.499872}}
{"target": 0.6286035999999999, "params": {"alpha": 0.8479920041286994, "colsample_bytree": 0.7692690003212513, "lam": 0.9342604093656863, "max_depth": 4.663928721269631, "min_child_weight": 1.8302172591307966, "subsample": 0.8947927460444565}, "datetime": {"datetime": "2020-04-24 17:45:10", "elapsed": 429.438465, "delta": 3.393074}}
{"target": 0.6397784, "params": {"alpha": 0.39979367106157504, "colsample_bytree": 0.8645622146507828, "lam": 0.5406610171487821, "max_depth": 8.565210257141857, "min_child_weight": 9.901567157282495, "subsample": 0.8713314487475482}, "datetime": {"datetime": "2020-04-24 17:45:14", "elapsed": 433.315055, "delta": 3.87659}}
{"target": 0.6263066, "params": {"alpha": 0.9712041854565941, "colsample_bytree": 0.8916813545804148, "lam": 0.0449315317593284, "max_depth": 4.160640272213835, "min_child_weight": 4.813544122050927, "subsample": 0.8781117530522434}, "datetime": {"datetime": "2020-04-24 17:45:17", "elapsed": 436.779968, "delta": 3.464913}}
{"target": 0.6316798, "params": {"alpha": 0.6066951635900109, "colsample_bytree": 0.8909405531354422, "lam": 0.11560393145984382, "max_depth": 9.62307802449503, "min_child_weight": 5.988619540926303, "subsample": 0.8624729365438885}, "datetime": {"datetime": "2020-04-24 17:45:22", "elapsed": 440.929877, "delta": 4.149909}}
{"target": 0.6187995999999999, "params": {"alpha": 0.9973075484894924, "colsample_bytree": 0.8912878338646115, "lam": 0.32478158379119193, "max_depth": 9.853345673183735, "min_child_weight": 6.276590804069581, "subsample": 0.5695194003756472}, "datetime": {"datetime": "2020-04-24 17:45:25", "elapsed": 444.739319, "delta": 3.809442}}
{"target": 0.6187722000000001, "params": {"alpha": 0.007808655610092363, "colsample_bytree": 0.8969061281183848, "lam": 0.9931488007920803, "max_depth": 5.6228992483567986, "min_child_weight": 6.395580852808456, "subsample": 0.5290763090418533}, "datetime": {"datetime": "2020-04-24 17:45:29", "elapsed": 448.540157, "delta": 3.800838}}
{"target": 0.6400321999999999, "params": {"alpha": 0.9233507536639933, "colsample_bytree": 0.8839526915709238, "lam": 0.29247988834355254, "max_depth": 6.96897950654132, "min_child_weight": 7.042259102800209, "subsample": 0.876119353256605}, "datetime": {"datetime": "2020-04-24 17:45:33", "elapsed": 452.160614, "delta": 3.620457}}
{"target": 0.6338922, "params": {"alpha": 0.29330651949092057, "colsample_bytree": 0.8740374692882418, "lam": 0.01567646083397345, "max_depth": 9.98369350625803, "min_child_weight": 9.895086266838064, "subsample": 0.8712926011118113}, "datetime": {"datetime": "2020-04-24 17:45:36", "elapsed": 455.531774, "delta": 3.37116}}
{"target": 0.6256618, "params": {"alpha": 0.06524873346598936, "colsample_bytree": 0.8841882852839811, "lam": 0.6446072155036463, "max_depth": 9.549792269695121, "min_child_weight": 9.465087194292202, "subsample": 0.5526601838323497}, "datetime": {"datetime": "2020-04-24 17:45:40", "elapsed": 459.352175, "delta": 3.820401}}
{"target": 0.6225304, "params": {"alpha": 0.913972588867354, "colsample_bytree": 0.5231527751865285, "lam": 0.010375047511063218, "max_depth": 8.718495237935597, "min_child_weight": 9.871289804974001, "subsample": 0.8808919225737349}, "datetime": {"datetime": "2020-04-24 17:45:44", "elapsed": 462.996662, "delta": 3.644487}}
{"target": 0.6392450000000001, "params": {"alpha": 0.6242755034140729, "colsample_bytree": 0.8835347680908738, "lam": 0.987431505014849, "max_depth": 9.648133752180108, "min_child_weight": 9.397792923151775, "subsample": 0.8932111984796027}, "datetime": {"datetime": "2020-04-24 17:45:48", "elapsed": 467.138597, "delta": 4.141935}}
{"target": 0.6382532000000001, "params": {"alpha": 0.03733006253925242, "colsample_bytree": 0.8743618958112167, "lam": 0.6920681800032019, "max_depth": 5.076551691285829, "min_child_weight": 4.300881729757107, "subsample": 0.8865041477538729}, "datetime": {"datetime": "2020-04-24 17:45:52", "elapsed": 470.965283, "delta": 3.826686}}
