{"target": 0.6121194, "params": {"alpha": 0.5394236974756541, "colsample_bytree": 0.7063345818813287, "lam": 0.9646010841246395, "max_depth": 9.26943344840386, "min_child_weight": 2.085212265358576, "subsample": 0.8666742038525579}, "datetime": {"datetime": "2020-04-25 17:19:06", "elapsed": 0.0, "delta": 0.0}}
{"target": 0.6309518000000001, "params": {"alpha": 0.8684927755446844, "colsample_bytree": 0.889513586479435, "lam": 0.4535896300514417, "max_depth": 6.575456776865303, "min_child_weight": 7.764138955419011, "subsample": 0.672034175929507}, "datetime": {"datetime": "2020-04-25 17:19:10", "elapsed": 3.588035, "delta": 3.588035}}
{"target": 0.6358326, "params": {"alpha": 0.6989256901384916, "colsample_bytree": 0.8934128625196807, "lam": 0.7299048922662663, "max_depth": 6.401871750407242, "min_child_weight": 8.186305698767972, "subsample": 0.8038117642352554}, "datetime": {"datetime": "2020-04-25 17:19:13", "elapsed": 7.221746, "delta": 3.633711}}
{"target": 0.6041004000000001, "params": {"alpha": 0.54542505387159, "colsample_bytree": 0.5053558006056857, "lam": 0.7533849552499194, "max_depth": 5.802726369348761, "min_child_weight": 8.14017550060881, "subsample": 0.8027926329675068}, "datetime": {"datetime": "2020-04-25 17:19:17", "elapsed": 10.846637, "delta": 3.624891}}
{"target": 0.6052495999999999, "params": {"alpha": 0.7250428196384283, "colsample_bytree": 0.6126906833331027, "lam": 0.018181184157193497, "max_depth": 5.523636661389333, "min_child_weight": 5.048013005226045, "subsample": 0.5599422828527361}, "datetime": {"datetime": "2020-04-25 17:19:20", "elapsed": 13.920235, "delta": 3.073598}}
{"target": 0.6323508, "params": {"alpha": 0.5862203878295892, "colsample_bytree": 0.8921656727399019, "lam": 0.5314085159164625, "max_depth": 5.625021070729586, "min_child_weight": 6.21724747733001, "subsample": 0.5972059559411377}, "datetime": {"datetime": "2020-04-25 17:19:23", "elapsed": 17.082658, "delta": 3.162423}}
{"target": 0.6316725999999999, "params": {"alpha": 0.23672785550493758, "colsample_bytree": 0.6922445709481748, "lam": 0.8910761719363591, "max_depth": 7.05370901334216, "min_child_weight": 9.516434773924612, "subsample": 0.8750366521361037}, "datetime": {"datetime": "2020-04-25 17:19:27", "elapsed": 21.136839, "delta": 4.054181}}
{"target": 0.6316790000000001, "params": {"alpha": 0.15127307146410207, "colsample_bytree": 0.8614636955535929, "lam": 0.4137643367296804, "max_depth": 8.827959019912988, "min_child_weight": 6.665033451057509, "subsample": 0.7840139253962528}, "datetime": {"datetime": "2020-04-25 17:19:32", "elapsed": 25.768498, "delta": 4.631659}}
{"target": 0.636323, "params": {"alpha": 0.8923518548788804, "colsample_bytree": 0.7710839855312627, "lam": 0.7944136985100084, "max_depth": 8.196748506212241, "min_child_weight": 7.970863948876924, "subsample": 0.6277247627589024}, "datetime": {"datetime": "2020-04-25 17:19:35", "elapsed": 29.488808, "delta": 3.72031}}
{"target": 0.6358813999999999, "params": {"alpha": 0.5859289051832768, "colsample_bytree": 0.8326483943450524, "lam": 0.03744311756228602, "max_depth": 5.09928658046727, "min_child_weight": 7.607243292887037, "subsample": 0.5675320213446017}, "datetime": {"datetime": "2020-04-25 17:19:38", "elapsed": 32.416712, "delta": 2.927904}}
{"target": 0.5891404, "params": {"alpha": 0.135962257254735, "colsample_bytree": 0.8920903478789428, "lam": 0.9114942498266242, "max_depth": 3.047831357021095, "min_child_weight": 1.3177635846282807, "subsample": 0.5893544072479454}, "datetime": {"datetime": "2020-04-25 17:19:42", "elapsed": 35.970044, "delta": 3.553332}}
{"target": 0.5981306, "params": {"alpha": 0.9262984336087842, "colsample_bytree": 0.8714639029330988, "lam": 0.7569025245571357, "max_depth": 3.0000017367780156, "min_child_weight": 9.897809954424375, "subsample": 0.863008578570926}, "datetime": {"datetime": "2020-04-25 17:19:46", "elapsed": 39.777341, "delta": 3.807297}}
{"target": 0.641545, "params": {"alpha": 0.9315299847449459, "colsample_bytree": 0.8493715036455362, "lam": 0.9567241337920542, "max_depth": 9.695941926431724, "min_child_weight": 9.994409147417766, "subsample": 0.8527414379375117}, "datetime": {"datetime": "2020-04-25 17:19:52", "elapsed": 45.980567, "delta": 6.203226}}
{"target": 0.5902974000000001, "params": {"alpha": 0.19031369245546415, "colsample_bytree": 0.7755003747367317, "lam": 0.23439626992491103, "max_depth": 9.940104368797765, "min_child_weight": 1.0034702929267176, "subsample": 0.5819405836869367}, "datetime": {"datetime": "2020-04-25 17:19:58", "elapsed": 52.08358, "delta": 6.103013}}
{"target": 0.5910332, "params": {"alpha": 0.017080732365026385, "colsample_bytree": 0.885075031310977, "lam": 0.1043391410386908, "max_depth": 3.1636571870453762, "min_child_weight": 6.120956120843387, "subsample": 0.5309971151462265}, "datetime": {"datetime": "2020-04-25 17:20:01", "elapsed": 55.487499, "delta": 3.403919}}
{"target": 0.6057813999999999, "params": {"alpha": 0.02847746297815401, "colsample_bytree": 0.7815277478170588, "lam": 0.5337200744779778, "max_depth": 6.846485175695477, "min_child_weight": 1.0022159236590467, "subsample": 0.5094522182162846}, "datetime": {"datetime": "2020-04-25 17:20:05", "elapsed": 59.424206, "delta": 3.936707}}
{"target": 0.6296408, "params": {"alpha": 0.06806808698975209, "colsample_bytree": 0.8759603866601264, "lam": 0.9217095159983175, "max_depth": 9.843697417941364, "min_child_weight": 9.714654020395066, "subsample": 0.5633071043561955}, "datetime": {"datetime": "2020-04-25 17:20:10", "elapsed": 64.39935, "delta": 4.975144}}
{"target": 0.6199282, "params": {"alpha": 1.0, "colsample_bytree": 0.9, "lam": 3.842908352303214e-11, "max_depth": 5.139330038470716, "min_child_weight": 1.0000000009738588, "subsample": 0.9}, "datetime": {"datetime": "2020-04-25 17:20:15", "elapsed": 68.770874, "delta": 4.371524}}
{"target": 0.6148838, "params": {"alpha": 0.9909975103805246, "colsample_bytree": 0.8788644843779272, "lam": 0.820225099786518, "max_depth": 9.797923610739389, "min_child_weight": 5.1950026780165945, "subsample": 0.6032428325432455}, "datetime": {"datetime": "2020-04-25 17:20:20", "elapsed": 74.292639, "delta": 5.521765}}
{"target": 0.6322371999999999, "params": {"alpha": 0.2511521769801931, "colsample_bytree": 0.8498136134461246, "lam": 0.07644259191201808, "max_depth": 4.943005275393098, "min_child_weight": 9.919264330294869, "subsample": 0.8470976158977708}, "datetime": {"datetime": "2020-04-25 17:20:25", "elapsed": 78.536148, "delta": 4.243509}}
{"target": 0.6276358, "params": {"alpha": 0.9046952417928529, "colsample_bytree": 0.8916454229675801, "lam": 0.04124778735151302, "max_depth": 8.215264278429878, "min_child_weight": 9.539029826704791, "subsample": 0.537896727848785}, "datetime": {"datetime": "2020-04-25 17:20:29", "elapsed": 82.682725, "delta": 4.146577}}
{"target": 0.6321565999999998, "params": {"alpha": 0.9363822290916233, "colsample_bytree": 0.8856693364851997, "lam": 0.8623888405318578, "max_depth": 7.018281714447814, "min_child_weight": 9.99020360161652, "subsample": 0.5301936759136089}, "datetime": {"datetime": "2020-04-25 17:20:33", "elapsed": 86.624325, "delta": 3.9416}}
{"target": 0.6346586000000001, "params": {"alpha": 0.5360865487941916, "colsample_bytree": 0.8532434321003137, "lam": 0.9639224973484709, "max_depth": 9.976898580896018, "min_child_weight": 7.471806199975919, "subsample": 0.8130174373900234}, "datetime": {"datetime": "2020-04-25 17:20:39", "elapsed": 92.74815, "delta": 6.123825}}
{"target": 0.6151407999999999, "params": {"alpha": 0.9706831631418468, "colsample_bytree": 0.808539488447771, "lam": 0.9736358602990893, "max_depth": 6.913550560499175, "min_child_weight": 1.0411726081151929, "subsample": 0.8969354933508249}, "datetime": {"datetime": "2020-04-25 17:20:44", "elapsed": 97.851343, "delta": 5.103193}}
{"target": 0.6398797999999999, "params": {"alpha": 0.059505985065870015, "colsample_bytree": 0.8842805545618695, "lam": 0.9996872139391787, "max_depth": 8.12653037092358, "min_child_weight": 9.25421166117328, "subsample": 0.8237110319618348}, "datetime": {"datetime": "2020-04-25 17:20:49", "elapsed": 103.295426, "delta": 5.444083}}
{"target": 0.6251704, "params": {"alpha": 0.017444240270691136, "colsample_bytree": 0.8988910057473889, "lam": 0.7463680636036705, "max_depth": 5.419928113268113, "min_child_weight": 3.42323743441058, "subsample": 0.8931428791897283}, "datetime": {"datetime": "2020-04-25 17:20:54", "elapsed": 107.790561, "delta": 4.495135}}
{"target": 0.6280756000000001, "params": {"alpha": 0.03140792970442985, "colsample_bytree": 0.8679693869347689, "lam": 0.8107924307340304, "max_depth": 5.275645769614782, "min_child_weight": 9.158395109479471, "subsample": 0.5078451611069204}, "datetime": {"datetime": "2020-04-25 17:20:57", "elapsed": 111.330354, "delta": 3.539793}}
{"target": 0.629056, "params": {"alpha": 0.005723176568985688, "colsample_bytree": 0.8812201884344011, "lam": 0.0005880980691647109, "max_depth": 5.941548651438321, "min_child_weight": 6.114611887341594, "subsample": 0.7980784868611974}, "datetime": {"datetime": "2020-04-25 17:21:02", "elapsed": 115.781071, "delta": 4.450717}}
{"target": 0.6131544, "params": {"alpha": 0.0, "colsample_bytree": 0.8999999981598011, "lam": 0.7645529273444788, "max_depth": 8.356187082053292, "min_child_weight": 3.950108179432776, "subsample": 0.5}, "datetime": {"datetime": "2020-04-25 17:21:06", "elapsed": 119.944193, "delta": 4.163122}}
{"target": 0.6301798, "params": {"alpha": 0.9440960764140942, "colsample_bytree": 0.887041724207975, "lam": 0.06552708120004858, "max_depth": 4.200766352090824, "min_child_weight": 8.587121900183625, "subsample": 0.8682326415029523}, "datetime": {"datetime": "2020-04-25 17:21:10", "elapsed": 124.215355, "delta": 4.271162}}
{"target": 0.6262884, "params": {"alpha": 0.9526786421882877, "colsample_bytree": 0.8958561225333631, "lam": 0.8126124131481693, "max_depth": 8.473906571985346, "min_child_weight": 6.860581340372364, "subsample": 0.896664810851516}, "datetime": {"datetime": "2020-04-25 17:21:16", "elapsed": 129.631432, "delta": 5.416077}}
{"target": 0.6250766, "params": {"alpha": 0.15930971625651646, "colsample_bytree": 0.6906115337295561, "lam": 0.03142922662486192, "max_depth": 9.96141776642456, "min_child_weight": 8.59414930799174, "subsample": 0.8794827919511099}, "datetime": {"datetime": "2020-04-25 17:21:22", "elapsed": 136.237651, "delta": 6.606219}}
{"target": 0.6174274, "params": {"alpha": 0.9043217848581572, "colsample_bytree": 0.888153465198384, "lam": 0.8423842789250067, "max_depth": 4.6992939782501395, "min_child_weight": 1.959398825595008, "subsample": 0.5664062354151352}, "datetime": {"datetime": "2020-04-25 17:21:26", "elapsed": 140.307613, "delta": 4.069962}}
{"target": 0.5936794000000001, "params": {"alpha": 0.4733816821290616, "colsample_bytree": 0.5595996209323835, "lam": 0.9697105158205199, "max_depth": 9.940239711844896, "min_child_weight": 8.240883696119084, "subsample": 0.5180806272806627}, "datetime": {"datetime": "2020-04-25 17:21:32", "elapsed": 145.815668, "delta": 5.508055}}
{"target": 0.610769, "params": {"alpha": 0.0, "colsample_bytree": 0.9, "lam": 0.9999999999997057, "max_depth": 9.999999999999693, "min_child_weight": 3.389168715066235, "subsample": 0.9}, "datetime": {"datetime": "2020-04-25 17:21:39", "elapsed": 152.837851, "delta": 7.022183}}
{"target": 0.6086042, "params": {"alpha": 0.7730734312176919, "colsample_bytree": 0.8976564616920361, "lam": 0.012539842508995203, "max_depth": 7.795028047001132, "min_child_weight": 1.821854574299179, "subsample": 0.7128532005342569}, "datetime": {"datetime": "2020-04-25 17:21:44", "elapsed": 157.997317, "delta": 5.159466}}
{"target": 0.6067878, "params": {"alpha": 0.962565152795113, "colsample_bytree": 0.8975721870926865, "lam": 0.8261862599853081, "max_depth": 9.688038135676882, "min_child_weight": 1.2286381779445585, "subsample": 0.7412780129030101}, "datetime": {"datetime": "2020-04-25 17:21:51", "elapsed": 164.741306, "delta": 6.743989}}
{"target": 0.623929, "params": {"alpha": 0.9220197114967775, "colsample_bytree": 0.8755774873534192, "lam": 0.05835190208466767, "max_depth": 9.945972163892506, "min_child_weight": 6.98378970013082, "subsample": 0.5953512119604174}, "datetime": {"datetime": "2020-04-25 17:21:56", "elapsed": 169.940662, "delta": 5.199356}}
{"target": 0.6403546, "params": {"alpha": 1.0, "colsample_bytree": 0.9, "lam": 0.4160518320970905, "max_depth": 9.938008678800076, "min_child_weight": 9.942090655918108, "subsample": 0.8962385266265516}, "datetime": {"datetime": "2020-04-25 17:22:02", "elapsed": 176.449642, "delta": 6.50898}}
{"target": 0.6278276, "params": {"alpha": 0.0185739508214936, "colsample_bytree": 0.8975911768870939, "lam": 0.2476760984618247, "max_depth": 7.591175607315421, "min_child_weight": 9.668064820433045, "subsample": 0.8792406776957238}, "datetime": {"datetime": "2020-04-25 17:22:08", "elapsed": 181.956513, "delta": 5.506871}}
{"target": 0.604685, "params": {"alpha": 0.1599356961005941, "colsample_bytree": 0.8153807074869918, "lam": 0.02220612065308969, "max_depth": 3.1134870621564676, "min_child_weight": 9.457881034266169, "subsample": 0.6109449714301751}, "datetime": {"datetime": "2020-04-25 17:22:12", "elapsed": 185.724468, "delta": 3.767955}}
{"target": 0.5961584, "params": {"alpha": 0.9897533656419224, "colsample_bytree": 0.8895522414012146, "lam": 0.14315244080987122, "max_depth": 3.00642085941254, "min_child_weight": 2.028942403705133, "subsample": 0.5662080701733345}, "datetime": {"datetime": "2020-04-25 17:22:15", "elapsed": 189.488993, "delta": 3.764525}}
{"target": 0.628541, "params": {"alpha": 0.42910862674702155, "colsample_bytree": 0.8973627345086685, "lam": 0.5052298903070886, "max_depth": 8.590339695049728, "min_child_weight": 8.453178959673288, "subsample": 0.801617709752865}, "datetime": {"datetime": "2020-04-25 17:22:21", "elapsed": 195.327982, "delta": 5.838989}}
{"target": 0.614255, "params": {"alpha": 0.040623702390172545, "colsample_bytree": 0.6517418621623404, "lam": 0.0543249773314457, "max_depth": 9.884265107798523, "min_child_weight": 4.983745697097039, "subsample": 0.8908396398412548}, "datetime": {"datetime": "2020-04-25 17:22:28", "elapsed": 202.248303, "delta": 6.920321}}
{"target": 0.6224226, "params": {"alpha": 0.017281781947927233, "colsample_bytree": 0.9, "lam": 0.2102147874854234, "max_depth": 4.279071228734028, "min_child_weight": 2.5221778137642974, "subsample": 0.5000000041759579}, "datetime": {"datetime": "2020-04-25 17:22:32", "elapsed": 205.885987, "delta": 3.637684}}
{"target": 0.6205854, "params": {"alpha": 0.020441816157063086, "colsample_bytree": 0.8839999301198125, "lam": 0.9631853038179998, "max_depth": 6.673910481260302, "min_child_weight": 7.359011018023357, "subsample": 0.5131875349725792}, "datetime": {"datetime": "2020-04-25 17:22:36", "elapsed": 209.947817, "delta": 4.06183}}
{"target": 0.6224978, "params": {"alpha": 0.10657192149808903, "colsample_bytree": 0.8724178739103233, "lam": 0.8887286476887161, "max_depth": 4.275408080854843, "min_child_weight": 9.737874907622047, "subsample": 0.8548443359932496}, "datetime": {"datetime": "2020-04-25 17:22:40", "elapsed": 214.410074, "delta": 4.462257}}
{"target": 0.6325189999999999, "params": {"alpha": 1.0, "colsample_bytree": 0.8999999999999992, "lam": 0.9982321902003889, "max_depth": 8.204021488087445, "min_child_weight": 10.0, "subsample": 0.9}, "datetime": {"datetime": "2020-04-25 17:22:46", "elapsed": 219.886264, "delta": 5.47619}}
{"target": 0.6302960000000001, "params": {"alpha": 0.9926662548809143, "colsample_bytree": 0.8703284248670468, "lam": 0.9671580888234415, "max_depth": 4.696014028437798, "min_child_weight": 5.989629792834584, "subsample": 0.5029825589813106}, "datetime": {"datetime": "2020-04-25 17:22:50", "elapsed": 223.567582, "delta": 3.681318}}
{"target": 0.6345613999999999, "params": {"alpha": 0.0885117787538392, "colsample_bytree": 0.8272223253438755, "lam": 0.06452462334941589, "max_depth": 9.94089163374895, "min_child_weight": 6.879293324436857, "subsample": 0.899050898928708}, "datetime": {"datetime": "2020-04-25 17:22:56", "elapsed": 230.168396, "delta": 6.600814}}
{"target": 0.6470812, "params": {"alpha": 0.11362596357291177, "colsample_bytree": 0.8721360346847828, "lam": 0.11837127826406069, "max_depth": 9.710705847795253, "min_child_weight": 9.942659033894538, "subsample": 0.8608547699029003}, "datetime": {"datetime": "2020-04-25 17:23:03", "elapsed": 236.694619, "delta": 6.526223}}
{"target": 0.6233891999999999, "params": {"alpha": 0.03731643789640893, "colsample_bytree": 0.807688552497217, "lam": 0.037894470892915644, "max_depth": 3.999042624935423, "min_child_weight": 1.0041615242803992, "subsample": 0.8829488205995604}, "datetime": {"datetime": "2020-04-25 17:23:07", "elapsed": 241.147787, "delta": 4.453168}}
{"target": 0.63247, "params": {"alpha": 0.9029870775509998, "colsample_bytree": 0.8887953836921618, "lam": 0.01087532940350644, "max_depth": 5.441966918343054, "min_child_weight": 9.380069425500189, "subsample": 0.5379378161560573}, "datetime": {"datetime": "2020-04-25 17:23:11", "elapsed": 245.486759, "delta": 4.338972}}
{"target": 0.6229948000000001, "params": {"alpha": 0.9372660999563664, "colsample_bytree": 0.8766885892821454, "lam": 0.9889134803065879, "max_depth": 8.034453145321292, "min_child_weight": 8.594128898511787, "subsample": 0.5334251949852752}, "datetime": {"datetime": "2020-04-25 17:23:16", "elapsed": 249.97947, "delta": 4.492711}}
{"target": 0.6126143999999999, "params": {"alpha": 0.04013100577626538, "colsample_bytree": 0.512562264230963, "lam": 0.988897792215388, "max_depth": 9.355607713257273, "min_child_weight": 9.984217436370365, "subsample": 0.7818950235355324}, "datetime": {"datetime": "2020-04-25 17:23:22", "elapsed": 255.647999, "delta": 5.668529}}
{"target": 0.5989514, "params": {"alpha": 0.933726986697892, "colsample_bytree": 0.6408239138528253, "lam": 0.004055896104028456, "max_depth": 9.949092449404233, "min_child_weight": 2.573277337492042, "subsample": 0.6122666278787313}, "datetime": {"datetime": "2020-04-25 17:23:28", "elapsed": 261.758412, "delta": 6.110413}}
{"target": 0.6026644, "params": {"alpha": 0.7084737063440861, "colsample_bytree": 0.8636540677766023, "lam": 0.8795043129419702, "max_depth": 3.401829667680452, "min_child_weight": 3.998187079054694, "subsample": 0.8736256985955004}, "datetime": {"datetime": "2020-04-25 17:23:32", "elapsed": 265.964942, "delta": 4.20653}}
{"target": 0.6316904, "params": {"alpha": 0.8975683457285358, "colsample_bytree": 0.8327997406937132, "lam": 0.2135361280535214, "max_depth": 4.126759239221975, "min_child_weight": 5.827669901457125, "subsample": 0.8807549798782964}, "datetime": {"datetime": "2020-04-25 17:23:36", "elapsed": 270.381633, "delta": 4.416691}}
{"target": 0.6381172, "params": {"alpha": 0.016504887168103832, "colsample_bytree": 0.8629413701836193, "lam": 0.8900613481974616, "max_depth": 6.3849180855671595, "min_child_weight": 9.91982247745216, "subsample": 0.7801029274764975}, "datetime": {"datetime": "2020-04-25 17:23:41", "elapsed": 275.161386, "delta": 4.779753}}
{"target": 0.6426098, "params": {"alpha": 0.15996659537279045, "colsample_bytree": 0.8724619394297533, "lam": 0.9800506786082345, "max_depth": 9.949651496640168, "min_child_weight": 9.519190474939704, "subsample": 0.8899875628466105}, "datetime": {"datetime": "2020-04-25 17:23:48", "elapsed": 282.116486, "delta": 6.9551}}
{"target": 0.6327212, "params": {"alpha": 0.01578733716126446, "colsample_bytree": 0.8776694104811626, "lam": 0.014858740843965657, "max_depth": 4.461486848866402, "min_child_weight": 7.873973086866642, "subsample": 0.8846038587421866}, "datetime": {"datetime": "2020-04-25 17:23:53", "elapsed": 286.636322, "delta": 4.519836}}
{"target": 0.6098846000000001, "params": {"alpha": 0.010038311264016553, "colsample_bytree": 0.5534137655061349, "lam": 0.938130034837249, "max_depth": 9.732422878990182, "min_child_weight": 5.779436014921846, "subsample": 0.8884800646451922}, "datetime": {"datetime": "2020-04-25 17:24:00", "elapsed": 293.548899, "delta": 6.912577}}
{"target": 0.6215382, "params": {"alpha": 0.9364776454363929, "colsample_bytree": 0.8773812601058129, "lam": 0.8957613609522822, "max_depth": 4.100485353174423, "min_child_weight": 6.982564278270658, "subsample": 0.8036756008795634}, "datetime": {"datetime": "2020-04-25 17:24:04", "elapsed": 297.846704, "delta": 4.297805}}
{"target": 0.6138368, "params": {"alpha": 0.5147089364437084, "colsample_bytree": 0.8877893287509622, "lam": 0.0068833075637707575, "max_depth": 3.9112007239951483, "min_child_weight": 9.913670107545533, "subsample": 0.5306940449753157}, "datetime": {"datetime": "2020-04-25 17:24:08", "elapsed": 301.714219, "delta": 3.867515}}
{"target": 0.6095566, "params": {"alpha": 0.09333607670293709, "colsample_bytree": 0.8407253845888656, "lam": 0.02775500773308992, "max_depth": 5.531296158983022, "min_child_weight": 1.9381058781303162, "subsample": 0.8726824551637564}, "datetime": {"datetime": "2020-04-25 17:24:13", "elapsed": 306.861737, "delta": 5.147518}}
{"target": 0.5989093999999999, "params": {"alpha": 2.5822327409198384e-08, "colsample_bytree": 0.9, "lam": 0.0, "max_depth": 3.0, "min_child_weight": 10.0, "subsample": 0.9}, "datetime": {"datetime": "2020-04-25 17:24:18", "elapsed": 311.638225, "delta": 4.776488}}
{"target": 0.6357942000000001, "params": {"alpha": 0.6581457037194273, "colsample_bytree": 0.8968546969033295, "lam": 0.00028051396093131675, "max_depth": 7.894141839466198, "min_child_weight": 7.569848707053891, "subsample": 0.6000399355801624}, "datetime": {"datetime": "2020-04-25 17:24:22", "elapsed": 316.313654, "delta": 4.675429}}
{"target": 0.6306654, "params": {"alpha": 1.0, "colsample_bytree": 0.9, "lam": 0.9933604260573705, "max_depth": 6.118200950003067, "min_child_weight": 4.265127348829782, "subsample": 0.8952603227551137}, "datetime": {"datetime": "2020-04-25 17:24:28", "elapsed": 321.781763, "delta": 5.468109}}
