{"target": 0.6152656000000001, "params": {"alpha": 0.09254109428689616, "colsample_bytree": 0.6176696903606277, "lam": 0.2295504649078245, "max_depth": 4.43331149324478, "min_child_weight": 9.745613038070928, "subsample": 0.8743485836887731}, "datetime": {"datetime": "2020-04-24 20:03:26", "elapsed": 110.002197, "delta": 1.428996}}
{"target": 0.5932415999999999, "params": {"alpha": 0.9250564746589983, "colsample_bytree": 0.8896673861238944, "lam": 0.010422743053537187, "max_depth": 3.0530656127783184, "min_child_weight": 6.030269229781821, "subsample": 0.5158268651604065}, "datetime": {"datetime": "2020-04-24 20:03:28", "elapsed": 111.412394, "delta": 1.410197}}
{"target": 0.625843, "params": {"alpha": 0.3103980845972414, "colsample_bytree": 0.8709938384467306, "lam": 0.9753924533161191, "max_depth": 6.685448442391259, "min_child_weight": 3.407691221602552, "subsample": 0.5131697821450619}, "datetime": {"datetime": "2020-04-24 20:03:29", "elapsed": 112.977836, "delta": 1.565442}}
{"target": 0.628569, "params": {"alpha": 0.6268261968655541, "colsample_bytree": 0.8528849532874871, "lam": 0.7201243944752587, "max_depth": 9.880455214007895, "min_child_weight": 7.700681397851733, "subsample": 0.8981593811984796}, "datetime": {"datetime": "2020-04-24 20:03:32", "elapsed": 115.117354, "delta": 2.139518}}
{"target": 0.6361358, "params": {"alpha": 0.3075738684998347, "colsample_bytree": 0.8814442183170204, "lam": 0.8701387543826061, "max_depth": 6.600236762989315, "min_child_weight": 9.972867345658578, "subsample": 0.5412374061344141}, "datetime": {"datetime": "2020-04-24 20:03:33", "elapsed": 116.790186, "delta": 1.672832}}
{"target": 0.6323354, "params": {"alpha": 0.2870342269493308, "colsample_bytree": 0.8822917979889686, "lam": 0.05935571106149706, "max_depth": 9.943348110871781, "min_child_weight": 8.451368223644433, "subsample": 0.860902381290116}, "datetime": {"datetime": "2020-04-24 20:03:35", "elapsed": 118.977757, "delta": 2.187571}}
{"target": 0.5057229999999999, "params": {"alpha": 0.26214596354659814, "colsample_bytree": 0.5412866362591505, "lam": 0.0, "max_depth": 9.967024873090903, "min_child_weight": 1.0, "subsample": 0.5}, "datetime": {"datetime": "2020-04-24 20:03:38", "elapsed": 121.231082, "delta": 2.253325}}
{"target": 0.61532, "params": {"alpha": 0.4558602391529317, "colsample_bytree": 0.8976275849146123, "lam": 0.8862655665582604, "max_depth": 9.633291866088314, "min_child_weight": 2.7318036422459233, "subsample": 0.5268101743998079}, "datetime": {"datetime": "2020-04-24 20:03:40", "elapsed": 123.27469, "delta": 2.043608}}
{"target": 0.6282042000000001, "params": {"alpha": 0.06338648001186231, "colsample_bytree": 0.8835726208208046, "lam": 0.4186386189999127, "max_depth": 5.0151215290432765, "min_child_weight": 1.1452768687196424, "subsample": 0.8555595512780858}, "datetime": {"datetime": "2020-04-24 20:03:41", "elapsed": 125.018618, "delta": 1.743928}}
{"target": 0.6076751999999999, "params": {"alpha": 0.9910364823534568, "colsample_bytree": 0.8904367250403424, "lam": 0.9707512235218795, "max_depth": 7.458546480810062, "min_child_weight": 1.0880552114593005, "subsample": 0.5718533029501047}, "datetime": {"datetime": "2020-04-24 20:03:43", "elapsed": 126.943584, "delta": 1.924966}}
{"target": 0.5996284, "params": {"alpha": 0.985959630551608, "colsample_bytree": 0.8568084397814663, "lam": 0.7254314373707009, "max_depth": 3.236028727144052, "min_child_weight": 4.221187551846976, "subsample": 0.8544482837520129}, "datetime": {"datetime": "2020-04-24 20:03:45", "elapsed": 128.45652, "delta": 1.512936}}
{"target": 0.6253647999999999, "params": {"alpha": 0.8728624585091872, "colsample_bytree": 0.8958110954551761, "lam": 0.10409226492416812, "max_depth": 4.672232651752272, "min_child_weight": 7.355013017415835, "subsample": 0.5524002063385904}, "datetime": {"datetime": "2020-04-24 20:03:47", "elapsed": 130.094221, "delta": 1.637701}}
{"target": 0.6298344, "params": {"alpha": 0.20977591586581867, "colsample_bytree": 0.8976924434234594, "lam": 0.09575608357915988, "max_depth": 6.518205004504784, "min_child_weight": 8.641574849718172, "subsample": 0.5417736683728067}, "datetime": {"datetime": "2020-04-24 20:03:48", "elapsed": 131.675882, "delta": 1.581661}}
{"target": 0.6365264, "params": {"alpha": 0.34276940644942855, "colsample_bytree": 0.870053340365633, "lam": 0.6507911153475244, "max_depth": 4.860496620445549, "min_child_weight": 9.93263664332465, "subsample": 0.8898457465307374}, "datetime": {"datetime": "2020-04-24 20:03:50", "elapsed": 133.241089, "delta": 1.565207}}
{"target": 0.6382006, "params": {"alpha": 0.9827094393524433, "colsample_bytree": 0.8861543677491153, "lam": 0.8555518602435377, "max_depth": 4.165187906228054, "min_child_weight": 8.8503723453794, "subsample": 0.5741502853302627}, "datetime": {"datetime": "2020-04-24 20:03:51", "elapsed": 134.868081, "delta": 1.626992}}
{"target": 0.640089, "params": {"alpha": 0.2777275709569258, "colsample_bytree": 0.8681773346049335, "lam": 0.027857592329873504, "max_depth": 8.951689319194355, "min_child_weight": 9.469953730066662, "subsample": 0.8606817440039748}, "datetime": {"datetime": "2020-04-24 20:03:53", "elapsed": 136.951032, "delta": 2.082951}}
{"target": 0.6326426, "params": {"alpha": 1.2206129798238502e-13, "colsample_bytree": 0.9, "lam": 0.9999999999999527, "max_depth": 5.143125512034523, "min_child_weight": 3.0453592003098184, "subsample": 0.9}, "datetime": {"datetime": "2020-04-24 20:03:55", "elapsed": 138.638032, "delta": 1.687}}
{"target": 0.6210967999999999, "params": {"alpha": 0.11423349746139, "colsample_bytree": 0.8960671011987784, "lam": 0.8411356320836901, "max_depth": 6.076672741884169, "min_child_weight": 4.720162848982325, "subsample": 0.6671407465978831}, "datetime": {"datetime": "2020-04-24 20:03:57", "elapsed": 140.374652, "delta": 1.73662}}
{"target": 0.632657, "params": {"alpha": 0.9190216077145543, "colsample_bytree": 0.8996538007370648, "lam": 0.9978127222764712, "max_depth": 5.716426448972647, "min_child_weight": 6.465439187779046, "subsample": 0.7801056644111954}, "datetime": {"datetime": "2020-04-24 20:03:59", "elapsed": 142.118368, "delta": 1.743716}}
{"target": 0.6433462, "params": {"alpha": 0.6416449311574851, "colsample_bytree": 0.896200316834932, "lam": 0.5255796314452268, "max_depth": 6.762512450598598, "min_child_weight": 6.438518723632072, "subsample": 0.8462217857410984}, "datetime": {"datetime": "2020-04-24 20:04:00", "elapsed": 143.991185, "delta": 1.872817}}
{"target": 0.6241477999999999, "params": {"alpha": 0.9730142145027504, "colsample_bytree": 0.8980102829801975, "lam": 0.7560277652797694, "max_depth": 6.256951185253625, "min_child_weight": 3.821244445167155, "subsample": 0.8572720955428609}, "datetime": {"datetime": "2020-04-24 20:04:02", "elapsed": 145.7322, "delta": 1.741015}}
{"target": 0.6333778000000001, "params": {"alpha": 0.03863421256795929, "colsample_bytree": 0.8897023973542191, "lam": 0.9740823970353696, "max_depth": 4.971737474538694, "min_child_weight": 7.175209498454795, "subsample": 0.806524304692817}, "datetime": {"datetime": "2020-04-24 20:04:04", "elapsed": 147.593398, "delta": 1.861198}}
{"target": 0.637519, "params": {"alpha": 0.05645145347252356, "colsample_bytree": 0.8974522571780641, "lam": 0.871695922023638, "max_depth": 7.660012386037346, "min_child_weight": 8.352059039171253, "subsample": 0.88215679940649}, "datetime": {"datetime": "2020-04-24 20:04:06", "elapsed": 149.40063, "delta": 1.807232}}
{"target": 0.6229212, "params": {"alpha": 0.024034902837271055, "colsample_bytree": 0.6460508618056178, "lam": 0.9611261547303892, "max_depth": 4.611363411638171, "min_child_weight": 9.993195991258107, "subsample": 0.5423304820051635}, "datetime": {"datetime": "2020-04-24 20:04:08", "elapsed": 151.438297, "delta": 2.037667}}
{"target": 0.6286256, "params": {"alpha": 0.11980481340656779, "colsample_bytree": 0.8899242964902869, "lam": 0.7395069333593893, "max_depth": 6.463690080105054, "min_child_weight": 1.1797176182594036, "subsample": 0.8903246227387163}, "datetime": {"datetime": "2020-04-24 20:04:10", "elapsed": 153.470399, "delta": 2.032102}}
{"target": 0.6200988, "params": {"alpha": 0.01999289775091062, "colsample_bytree": 0.8405119482416699, "lam": 0.0784640769431405, "max_depth": 5.247156687227745, "min_child_weight": 3.4489833886526533, "subsample": 0.6244495193440629}, "datetime": {"datetime": "2020-04-24 20:04:12", "elapsed": 155.45156, "delta": 1.981161}}
{"target": 0.6404342000000001, "params": {"alpha": 0.880264245147896, "colsample_bytree": 0.8995664779779156, "lam": 0.7458383773514914, "max_depth": 9.585860189730461, "min_child_weight": 9.023752693494389, "subsample": 0.8691448884836726}, "datetime": {"datetime": "2020-04-24 20:04:14", "elapsed": 157.703909, "delta": 2.252349}}
{"target": 0.5853476, "params": {"alpha": 0.6659097148233051, "colsample_bytree": 0.5014692897232429, "lam": 0.9477015174918185, "max_depth": 9.012583197135797, "min_child_weight": 4.698627422995642, "subsample": 0.874813975425736}, "datetime": {"datetime": "2020-04-24 20:04:16", "elapsed": 160.021132, "delta": 2.317223}}
{"target": 0.6233068, "params": {"alpha": 0.6991034397978432, "colsample_bytree": 0.8798169575330416, "lam": 0.3073346671531916, "max_depth": 9.260423730965902, "min_child_weight": 6.020314910131916, "subsample": 0.8937277433629145}, "datetime": {"datetime": "2020-04-24 20:04:19", "elapsed": 162.153762, "delta": 2.13263}}
{"target": 0.6327256, "params": {"alpha": 0.06920925718688475, "colsample_bytree": 0.866321780521868, "lam": 0.14556607774688857, "max_depth": 8.063358361976654, "min_child_weight": 9.577958098654884, "subsample": 0.5500966833025778}, "datetime": {"datetime": "2020-04-24 20:04:21", "elapsed": 164.325499, "delta": 2.171737}}
{"target": 0.6336812000000001, "params": {"alpha": 0.854477219308454, "colsample_bytree": 0.799641562655022, "lam": 0.4716404801242492, "max_depth": 7.259745959617469, "min_child_weight": 5.536025332545818, "subsample": 0.5156652588872421}, "datetime": {"datetime": "2020-04-24 20:04:23", "elapsed": 166.588519, "delta": 2.26302}}
{"target": 0.6093362, "params": {"alpha": 0.11548723366444569, "colsample_bytree": 0.8970706722397527, "lam": 0.32919984592726437, "max_depth": 7.07160882316577, "min_child_weight": 7.054700398083791, "subsample": 0.5299032768771614}, "datetime": {"datetime": "2020-04-24 20:04:25", "elapsed": 168.956727, "delta": 2.368208}}
{"target": 0.6198414000000001, "params": {"alpha": 0.8776094595559202, "colsample_bytree": 0.8952260336554587, "lam": 0.8596915706689232, "max_depth": 6.618370390849231, "min_child_weight": 5.49329155161297, "subsample": 0.8980484888777113}, "datetime": {"datetime": "2020-04-24 20:04:28", "elapsed": 171.288169, "delta": 2.331442}}
{"target": 0.622654, "params": {"alpha": 0.038338097318529885, "colsample_bytree": 0.5281032251431419, "lam": 0.4425965705884375, "max_depth": 5.6155355075093105, "min_child_weight": 6.105759280023061, "subsample": 0.8999873464798982}, "datetime": {"datetime": "2020-04-24 20:04:30", "elapsed": 173.242534, "delta": 1.954365}}
{"target": 0.6335964, "params": {"alpha": 0.9997148438318598, "colsample_bytree": 0.8856739662561162, "lam": 0.5265856657648084, "max_depth": 9.046697000570777, "min_child_weight": 8.249101676187442, "subsample": 0.5944392855686577}, "datetime": {"datetime": "2020-04-24 20:04:32", "elapsed": 175.39625, "delta": 2.153716}}
{"target": 0.5919169999999999, "params": {"alpha": 0.6690290316582789, "colsample_bytree": 0.8477467179845868, "lam": 0.9651181636895912, "max_depth": 9.999310749875756, "min_child_weight": 1.0617427846598506, "subsample": 0.8726403912413533}, "datetime": {"datetime": "2020-04-24 20:04:35", "elapsed": 178.316239, "delta": 2.919989}}
{"target": 0.6372437999999999, "params": {"alpha": 0.15927693253976072, "colsample_bytree": 0.8532538839139383, "lam": 0.0381090096716058, "max_depth": 7.791139673845438, "min_child_weight": 8.83704318432653, "subsample": 0.8927332459919592}, "datetime": {"datetime": "2020-04-24 20:04:37", "elapsed": 180.900654, "delta": 2.584415}}
{"target": 0.6293090000000001, "params": {"alpha": 0.8671180717343957, "colsample_bytree": 0.7806822025718998, "lam": 0.00773437566930224, "max_depth": 7.864465672576227, "min_child_weight": 5.869757934053459, "subsample": 0.8760612460706609}, "datetime": {"datetime": "2020-04-24 20:04:39", "elapsed": 183.002346, "delta": 2.101692}}
{"target": 0.6094448, "params": {"alpha": 0.006902873820073596, "colsample_bytree": 0.8832952657923876, "lam": 0.1152564343584469, "max_depth": 9.996157577139126, "min_child_weight": 4.007775794855652, "subsample": 0.8866012952190768}, "datetime": {"datetime": "2020-04-24 20:04:42", "elapsed": 185.828742, "delta": 2.826396}}
{"target": 0.6329766, "params": {"alpha": 0.4554320329369491, "colsample_bytree": 0.8818793742356781, "lam": 0.9676281746141966, "max_depth": 6.357767579559028, "min_child_weight": 8.852908609796494, "subsample": 0.8335950358784887}, "datetime": {"datetime": "2020-04-24 20:04:44", "elapsed": 187.998842, "delta": 2.1701}}
{"target": 0.636668, "params": {"alpha": 0.019158655519371015, "colsample_bytree": 0.8952064466540122, "lam": 0.9025031067486441, "max_depth": 8.89066589585689, "min_child_weight": 8.334392377218444, "subsample": 0.7559241181836569}, "datetime": {"datetime": "2020-04-24 20:04:47", "elapsed": 190.261405, "delta": 2.262563}}
{"target": 0.6389897999999999, "params": {"alpha": 0.9279257190644485, "colsample_bytree": 0.8469833560773763, "lam": 0.04816289807736607, "max_depth": 4.195961934157179, "min_child_weight": 9.969733401810819, "subsample": 0.5766893239492367}, "datetime": {"datetime": "2020-04-24 20:04:49", "elapsed": 192.305583, "delta": 2.044178}}
{"target": 0.5913489999999999, "params": {"alpha": 0.7056172399240779, "colsample_bytree": 0.5456247863431463, "lam": 0.9491973940321081, "max_depth": 4.765571324818736, "min_child_weight": 5.324454825660789, "subsample": 0.5530370400739045}, "datetime": {"datetime": "2020-04-24 20:04:51", "elapsed": 194.69299, "delta": 2.387407}}
{"target": 0.5926965999999999, "params": {"alpha": 0.08775078815997883, "colsample_bytree": 0.8954548390531143, "lam": 0.8650397700259088, "max_depth": 3.342806851837152, "min_child_weight": 7.879115143704816, "subsample": 0.5543769075561802}, "datetime": {"datetime": "2020-04-24 20:04:53", "elapsed": 196.748422, "delta": 2.055432}}
{"target": 0.6188344000000001, "params": {"alpha": 0.19002489696307934, "colsample_bytree": 0.8662809492679797, "lam": 0.13977864858832634, "max_depth": 6.658390581258425, "min_child_weight": 2.62059749442715, "subsample": 0.8802018709688662}, "datetime": {"datetime": "2020-04-24 20:04:55", "elapsed": 198.834742, "delta": 2.08632}}
{"target": 0.6028941999999999, "params": {"alpha": 0.13579413179444166, "colsample_bytree": 0.8937577895309494, "lam": 0.17943367463543103, "max_depth": 3.276441178245408, "min_child_weight": 5.835580244297645, "subsample": 0.898318535332006}, "datetime": {"datetime": "2020-04-24 20:04:57", "elapsed": 200.870799, "delta": 2.036057}}
{"target": 0.6291344000000001, "params": {"alpha": 0.6730189664634431, "colsample_bytree": 0.8775504419731676, "lam": 0.9834520028238745, "max_depth": 4.1557016423371556, "min_child_weight": 9.75714001626581, "subsample": 0.5712736404460095}, "datetime": {"datetime": "2020-04-24 20:04:59", "elapsed": 202.886471, "delta": 2.015672}}
{"target": 0.5954846, "params": {"alpha": 0.9833781155819268, "colsample_bytree": 0.5320953053905974, "lam": 0.11822799746739232, "max_depth": 3.7041129317974586, "min_child_weight": 8.852303567357042, "subsample": 0.6138835580663111}, "datetime": {"datetime": "2020-04-24 20:05:01", "elapsed": 205.038144, "delta": 2.151673}}
{"target": 0.6116388, "params": {"alpha": 0.06831352728971707, "colsample_bytree": 0.566140121205347, "lam": 0.8859530486279025, "max_depth": 6.1242878935765335, "min_child_weight": 9.883069494090291, "subsample": 0.8748192357837528}, "datetime": {"datetime": "2020-04-24 20:05:04", "elapsed": 207.227788, "delta": 2.189644}}
{"target": 0.6288446000000001, "params": {"alpha": 0.9537718776464206, "colsample_bytree": 0.892580325447264, "lam": 0.5680570455891145, "max_depth": 4.486111648039323, "min_child_weight": 9.951476882438902, "subsample": 0.6072190260011592}, "datetime": {"datetime": "2020-04-24 20:05:06", "elapsed": 209.416228, "delta": 2.18844}}
{"target": 0.632278, "params": {"alpha": 0.4777612893490091, "colsample_bytree": 0.7505528135086943, "lam": 0.9486658553823402, "max_depth": 3.877386540499557, "min_child_weight": 8.80096547874692, "subsample": 0.8772566713645218}, "datetime": {"datetime": "2020-04-24 20:05:08", "elapsed": 211.63935, "delta": 2.223122}}
{"target": 0.618919, "params": {"alpha": 0.9798003727049631, "colsample_bytree": 0.894200449471379, "lam": 0.8522721368643412, "max_depth": 4.427888889751879, "min_child_weight": 3.0866941810798174, "subsample": 0.7185309061096548}, "datetime": {"datetime": "2020-04-24 20:05:10", "elapsed": 213.992273, "delta": 2.352923}}
{"target": 0.6190582, "params": {"alpha": 0.46952387257115724, "colsample_bytree": 0.8961119641094113, "lam": 0.996278555537674, "max_depth": 4.776874689977065, "min_child_weight": 7.913781258669773, "subsample": 0.5101943122747618}, "datetime": {"datetime": "2020-04-24 20:05:13", "elapsed": 216.150233, "delta": 2.15796}}
{"target": 0.6349786, "params": {"alpha": 0.21271535818712506, "colsample_bytree": 0.8840054624105846, "lam": 0.6513658296202653, "max_depth": 5.121944869034119, "min_child_weight": 6.038467748764081, "subsample": 0.8945967876137062}, "datetime": {"datetime": "2020-04-24 20:05:15", "elapsed": 218.478592, "delta": 2.328359}}
{"target": 0.6419811999999999, "params": {"alpha": 0.996991559944082, "colsample_bytree": 0.8864863339876066, "lam": 0.10864295838291138, "max_depth": 6.906450161312806, "min_child_weight": 6.6281784978828755, "subsample": 0.8238420860208376}, "datetime": {"datetime": "2020-04-24 20:05:17", "elapsed": 220.875992, "delta": 2.3974}}
{"target": 0.642767, "params": {"alpha": 0.9871755505367747, "colsample_bytree": 0.8228386115612762, "lam": 0.9888355201844765, "max_depth": 7.956836732269736, "min_child_weight": 8.071801037321794, "subsample": 0.8534653663440198}, "datetime": {"datetime": "2020-04-24 20:05:20", "elapsed": 223.32384, "delta": 2.447848}}
{"target": 0.6254454, "params": {"alpha": 0.0036356011462387317, "colsample_bytree": 0.8215202956617351, "lam": 0.037643171213103455, "max_depth": 4.955807763916091, "min_child_weight": 7.098001027197757, "subsample": 0.8717134460811949}, "datetime": {"datetime": "2020-04-24 20:05:22", "elapsed": 225.641742, "delta": 2.317902}}
{"target": 0.6337038, "params": {"alpha": 0.6017848660391725, "colsample_bytree": 0.8903719313855061, "lam": 0.21977391457546647, "max_depth": 8.640168155684295, "min_child_weight": 8.288296277038157, "subsample": 0.7892120101545387}, "datetime": {"datetime": "2020-04-24 20:05:25", "elapsed": 228.296465, "delta": 2.654723}}
{"target": 0.6044902000000001, "params": {"alpha": 0.05404941896111892, "colsample_bytree": 0.55440087116007, "lam": 0.1395994970156451, "max_depth": 9.816093990669053, "min_child_weight": 7.241673754593185, "subsample": 0.5065534999381872}, "datetime": {"datetime": "2020-04-24 20:05:27", "elapsed": 230.75103, "delta": 2.454565}}
{"target": 0.6305528, "params": {"alpha": 0.4803837623131425, "colsample_bytree": 0.8630012753360439, "lam": 0.017770604159964898, "max_depth": 5.059646587778217, "min_child_weight": 9.663977664569678, "subsample": 0.5116202485808203}, "datetime": {"datetime": "2020-04-24 20:05:30", "elapsed": 233.18205, "delta": 2.43102}}
{"target": 0.6320824, "params": {"alpha": 0.9986626681166639, "colsample_bytree": 0.8743189025778497, "lam": 0.009165572869798577, "max_depth": 9.552531090992101, "min_child_weight": 9.990174782888985, "subsample": 0.8860039194699285}, "datetime": {"datetime": "2020-04-24 20:05:32", "elapsed": 235.813973, "delta": 2.631923}}
{"target": 0.6308182, "params": {"alpha": 0.9999999708449091, "colsample_bytree": 0.9, "lam": 1.0, "max_depth": 7.717507723037343, "min_child_weight": 9.614156510444849, "subsample": 0.5000000497576128}, "datetime": {"datetime": "2020-04-24 20:05:34", "elapsed": 237.884467, "delta": 2.070494}}
{"target": 0.6096386, "params": {"alpha": 0.5389172450757916, "colsample_bytree": 0.5484730181317661, "lam": 0.9820472125875205, "max_depth": 4.660434930931082, "min_child_weight": 9.412425803990251, "subsample": 0.8400830162479374}, "datetime": {"datetime": "2020-04-24 20:05:37", "elapsed": 240.190269, "delta": 2.305802}}
{"target": 0.5890514, "params": {"alpha": 0.013534651406728049, "colsample_bytree": 0.5494416998037615, "lam": 0.3113464572157655, "max_depth": 7.2850420623257595, "min_child_weight": 4.462522758253412, "subsample": 0.5188686501259383}, "datetime": {"datetime": "2020-04-24 20:05:39", "elapsed": 242.656146, "delta": 2.465877}}
{"target": 0.6283514, "params": {"alpha": 0.9929553026745833, "colsample_bytree": 0.899801676584971, "lam": 0.9012268788268973, "max_depth": 3.6950220172304498, "min_child_weight": 7.617896371080664, "subsample": 0.8988891030108482}, "datetime": {"datetime": "2020-04-24 20:05:41", "elapsed": 244.950123, "delta": 2.293977}}
{"target": 0.6074068, "params": {"alpha": 0.03425748082968405, "colsample_bytree": 0.8311425190435857, "lam": 0.9534253570931794, "max_depth": 9.881617004186925, "min_child_weight": 3.6272069772416695, "subsample": 0.5309414248009559}, "datetime": {"datetime": "2020-04-24 20:05:44", "elapsed": 247.797451, "delta": 2.847328}}
{"target": 0.621527, "params": {"alpha": 0.025347050660368575, "colsample_bytree": 0.8876566008103217, "lam": 0.7286181807883028, "max_depth": 9.833343877981738, "min_child_weight": 5.998895816738301, "subsample": 0.7971046245747462}, "datetime": {"datetime": "2020-04-24 20:05:47", "elapsed": 250.547178, "delta": 2.749727}}
