{"target": 0.6008624, "params": {"alpha": 0.1973699602437654, "colsample_bytree": 0.5990921677829344, "lam": 0.9203069741145846, "max_depth": 9.996940260244035, "min_child_weight": 3.2054471816449706, "subsample": 0.8754573744913772}, "datetime": {"datetime": "2020-04-25 00:39:25", "elapsed": 101.112125, "delta": 2.267698}}
{"target": 0.6155628, "params": {"alpha": 0.039980763556573096, "colsample_bytree": 0.8199135413278515, "lam": 0.03448562469567895, "max_depth": 5.121483507522582, "min_child_weight": 9.990556528745037, "subsample": 0.6458208035850109}, "datetime": {"datetime": "2020-04-25 00:39:26", "elapsed": 102.699192, "delta": 1.587067}}
{"target": 0.6230502, "params": {"alpha": 0.1426261486862863, "colsample_bytree": 0.8928393740092841, "lam": 0.6603283712475954, "max_depth": 4.143032173644822, "min_child_weight": 9.841218464638905, "subsample": 0.8787831782014806}, "datetime": {"datetime": "2020-04-25 00:39:28", "elapsed": 104.29551, "delta": 1.596318}}
{"target": 0.6188509999999999, "params": {"alpha": 0.9645629702860617, "colsample_bytree": 0.898681061952054, "lam": 0.9828135775137623, "max_depth": 8.38090858166996, "min_child_weight": 3.099803121940683, "subsample": 0.733210511700283}, "datetime": {"datetime": "2020-04-25 00:39:30", "elapsed": 105.982606, "delta": 1.687096}}
{"target": 0.5489064, "params": {"alpha": 0.0, "colsample_bytree": 0.8999999999999999, "lam": 0.0, "max_depth": 10.0, "min_child_weight": 1.0, "subsample": 0.5}, "datetime": {"datetime": "2020-04-25 00:39:32", "elapsed": 108.050555, "delta": 2.067949}}
{"target": 0.606802, "params": {"alpha": 0.00991489116678847, "colsample_bytree": 0.9, "lam": 0.0, "max_depth": 7.207669539208772, "min_child_weight": 1.0, "subsample": 0.9}, "datetime": {"datetime": "2020-04-25 00:39:33", "elapsed": 109.687236, "delta": 1.636681}}
{"target": 0.5801050000000001, "params": {"alpha": 0.011369017690772032, "colsample_bytree": 0.5385844620347929, "lam": 0.04396250352386821, "max_depth": 3.0247105992584538, "min_child_weight": 5.34525991904934, "subsample": 0.843346217591175}, "datetime": {"datetime": "2020-04-25 00:39:35", "elapsed": 111.084918, "delta": 1.397682}}
{"target": 0.5984392, "params": {"alpha": 0.2694973235440816, "colsample_bytree": 0.5046296162730984, "lam": 0.050990470299628776, "max_depth": 4.788911889368666, "min_child_weight": 9.995161303712848, "subsample": 0.8816804340745352}, "datetime": {"datetime": "2020-04-25 00:39:36", "elapsed": 112.589935, "delta": 1.505017}}
{"target": 0.619962, "params": {"alpha": 1.0, "colsample_bytree": 0.9, "lam": 1.0, "max_depth": 7.305381050032505, "min_child_weight": 1.0, "subsample": 0.5}, "datetime": {"datetime": "2020-04-25 00:39:38", "elapsed": 114.376642, "delta": 1.786707}}
{"target": 0.6066898000000001, "params": {"alpha": 0.3268560502944766, "colsample_bytree": 0.8965708533941276, "lam": 0.004859307181022787, "max_depth": 3.5760738398490832, "min_child_weight": 9.760693542755858, "subsample": 0.5100678608466107}, "datetime": {"datetime": "2020-04-25 00:39:40", "elapsed": 115.968655, "delta": 1.592013}}
{"target": 0.5997798000000001, "params": {"alpha": 0.9559718111361389, "colsample_bytree": 0.8110999404197328, "lam": 0.8162934098266527, "max_depth": 9.967419925072726, "min_child_weight": 1.8905579155959815, "subsample": 0.5181685666851986}, "datetime": {"datetime": "2020-04-25 00:39:42", "elapsed": 118.11373, "delta": 2.145075}}
{"target": 0.5912938, "params": {"alpha": 0.9906383247809024, "colsample_bytree": 0.8180355393241494, "lam": 0.9666322891548229, "max_depth": 3.095141745526217, "min_child_weight": 3.5218299282975094, "subsample": 0.7546577479520156}, "datetime": {"datetime": "2020-04-25 00:39:43", "elapsed": 119.672342, "delta": 1.558612}}
{"target": 0.544645, "params": {"alpha": 1.0, "colsample_bytree": 0.5, "lam": 1.0, "max_depth": 3.0, "min_child_weight": 7.849736740063017, "subsample": 0.5}, "datetime": {"datetime": "2020-04-25 00:39:45", "elapsed": 121.006736, "delta": 1.334394}}
{"target": 0.6260001999999999, "params": {"alpha": 0.0, "colsample_bytree": 0.9, "lam": 1.0, "max_depth": 7.3094323256415645, "min_child_weight": 2.635080568509678, "subsample": 0.9}, "datetime": {"datetime": "2020-04-25 00:39:46", "elapsed": 122.702389, "delta": 1.695653}}
{"target": 0.6122248, "params": {"alpha": 1.0, "colsample_bytree": 0.9, "lam": 0.0, "max_depth": 6.411255031487128, "min_child_weight": 1.8106114415825398, "subsample": 0.9}, "datetime": {"datetime": "2020-04-25 00:39:48", "elapsed": 124.304675, "delta": 1.602286}}
{"target": 0.6332144, "params": {"alpha": 0.9642422883200458, "colsample_bytree": 0.7531291951532264, "lam": 0.0448819638017639, "max_depth": 8.206618328423067, "min_child_weight": 5.983167294556553, "subsample": 0.8998756682212863}, "datetime": {"datetime": "2020-04-25 00:39:50", "elapsed": 126.258018, "delta": 1.953343}}
{"target": 0.633576, "params": {"alpha": 0.0, "colsample_bytree": 0.9, "lam": 0.2944271599414545, "max_depth": 7.70783841815299, "min_child_weight": 5.13045804616313, "subsample": 0.9}, "datetime": {"datetime": "2020-04-25 00:39:52", "elapsed": 128.203309, "delta": 1.945291}}
{"target": 0.6007286, "params": {"alpha": 0.9855874448099323, "colsample_bytree": 0.5093675761594223, "lam": 0.9756280209590079, "max_depth": 6.686842829911137, "min_child_weight": 7.536820600434214, "subsample": 0.894841911815845}, "datetime": {"datetime": "2020-04-25 00:39:54", "elapsed": 129.929388, "delta": 1.726079}}
{"target": 0.6230398, "params": {"alpha": 0.0, "colsample_bytree": 0.9, "lam": 1.0, "max_depth": 6.089885645453262, "min_child_weight": 1.0, "subsample": 0.9}, "datetime": {"datetime": "2020-04-25 00:39:55", "elapsed": 131.677976, "delta": 1.748588}}
{"target": 0.6133568, "params": {"alpha": 0.9649104981492903, "colsample_bytree": 0.8571750423434039, "lam": 0.014038623503184078, "max_depth": 7.944280717296991, "min_child_weight": 4.496810117454517, "subsample": 0.6230998303471397}, "datetime": {"datetime": "2020-04-25 00:39:57", "elapsed": 133.559856, "delta": 1.88188}}
{"target": 0.6378296000000001, "params": {"alpha": 0.2581407790966769, "colsample_bytree": 0.8844832533579625, "lam": 0.9942837523921078, "max_depth": 6.954419158219757, "min_child_weight": 9.926368534294259, "subsample": 0.7534312783417332}, "datetime": {"datetime": "2020-04-25 00:39:59", "elapsed": 135.379482, "delta": 1.819626}}
{"target": 0.6239432, "params": {"alpha": 0.903944658908567, "colsample_bytree": 0.8712318030709423, "lam": 0.018074984181038034, "max_depth": 7.220070842680366, "min_child_weight": 6.956653567209049, "subsample": 0.6140040207092402}, "datetime": {"datetime": "2020-04-25 00:40:01", "elapsed": 137.230739, "delta": 1.851257}}
{"target": 0.6184643999999999, "params": {"alpha": 0.9950028045763929, "colsample_bytree": 0.6338281261515131, "lam": 0.020698709910246693, "max_depth": 4.159693815033561, "min_child_weight": 7.556850362847736, "subsample": 0.8229765535643265}, "datetime": {"datetime": "2020-04-25 00:40:02", "elapsed": 138.872827, "delta": 1.642088}}
{"target": 0.6356064, "params": {"alpha": 0.0, "colsample_bytree": 0.9, "lam": 0.7871733935914961, "max_depth": 3.5937108400311244, "min_child_weight": 7.166729240043666, "subsample": 0.9}, "datetime": {"datetime": "2020-04-25 00:40:04", "elapsed": 140.513727, "delta": 1.6409}}
{"target": 0.605748, "params": {"alpha": 1.0, "colsample_bytree": 0.9, "lam": 1.0, "max_depth": 8.74694593429194, "min_child_weight": 1.0, "subsample": 0.9}, "datetime": {"datetime": "2020-04-25 00:40:06", "elapsed": 142.751588, "delta": 2.237861}}
{"target": 0.6082310000000001, "params": {"alpha": 1.0, "colsample_bytree": 0.9, "lam": 1.0, "max_depth": 3.0, "min_child_weight": 1.0, "subsample": 0.9}, "datetime": {"datetime": "2020-04-25 00:40:08", "elapsed": 144.277923, "delta": 1.526335}}
{"target": 0.6297838, "params": {"alpha": 1.0, "colsample_bytree": 0.9, "lam": 1.0, "max_depth": 3.812162587059716, "min_child_weight": 1.9220584289488412, "subsample": 0.9}, "datetime": {"datetime": "2020-04-25 00:40:10", "elapsed": 146.034046, "delta": 1.756123}}
{"target": 0.6416383999999999, "params": {"alpha": 0.033372283698684994, "colsample_bytree": 0.8918160835846232, "lam": 0.0, "max_depth": 7.2456864293463275, "min_child_weight": 8.547434869444363, "subsample": 0.8808408493684287}, "datetime": {"datetime": "2020-04-25 00:40:12", "elapsed": 147.973791, "delta": 1.939745}}
{"target": 0.6219288000000001, "params": {"alpha": 0.07548851193827433, "colsample_bytree": 0.8821289083237926, "lam": 0.9531476446790337, "max_depth": 3.586722642303524, "min_child_weight": 5.578845395574459, "subsample": 0.8776436222822511}, "datetime": {"datetime": "2020-04-25 00:40:13", "elapsed": 149.820092, "delta": 1.846301}}
{"target": 0.6296944, "params": {"alpha": 0.9989032440443262, "colsample_bytree": 0.8968162740173804, "lam": 0.07053147815960614, "max_depth": 4.290839973343299, "min_child_weight": 9.164272422309223, "subsample": 0.8679610521504428}, "datetime": {"datetime": "2020-04-25 00:40:15", "elapsed": 151.593845, "delta": 1.773753}}
{"target": 0.620058, "params": {"alpha": 0.028224265116758795, "colsample_bytree": 0.7035340000011423, "lam": 0.9793130296458589, "max_depth": 4.859472617034314, "min_child_weight": 7.689052542454889, "subsample": 0.5592842514652034}, "datetime": {"datetime": "2020-04-25 00:40:17", "elapsed": 153.416276, "delta": 1.822431}}
{"target": 0.6270694, "params": {"alpha": 0.8061265899876885, "colsample_bytree": 0.8904650304556168, "lam": 0.08902441093830049, "max_depth": 4.4750132572133525, "min_child_weight": 9.956718008741811, "subsample": 0.8911380258698247}, "datetime": {"datetime": "2020-04-25 00:40:19", "elapsed": 155.376539, "delta": 1.960263}}
{"target": 0.6333855999999999, "params": {"alpha": 0.0, "colsample_bytree": 0.9, "lam": 1.0, "max_depth": 7.3280547340901965, "min_child_weight": 4.827584024134705, "subsample": 0.5}, "datetime": {"datetime": "2020-04-25 00:40:21", "elapsed": 157.500418, "delta": 2.123879}}
{"target": 0.546246, "params": {"alpha": 1.0, "colsample_bytree": 0.5, "lam": 0.0, "max_depth": 3.0, "min_child_weight": 1.86183129717222, "subsample": 0.5}, "datetime": {"datetime": "2020-04-25 00:40:23", "elapsed": 159.547182, "delta": 2.046764}}
{"target": 0.6309298, "params": {"alpha": 0.0, "colsample_bytree": 0.9, "lam": 1.0, "max_depth": 8.690182409385168, "min_child_weight": 3.7952026475699068, "subsample": 0.8903830766075357}, "datetime": {"datetime": "2020-04-25 00:40:25", "elapsed": 161.856723, "delta": 2.309541}}
{"target": 0.6215919999999999, "params": {"alpha": 0.7629475291620343, "colsample_bytree": 0.8913473672333766, "lam": 0.9766333555911711, "max_depth": 6.928233891023047, "min_child_weight": 4.195306586736808, "subsample": 0.8878553926515202}, "datetime": {"datetime": "2020-04-25 00:40:27", "elapsed": 163.720618, "delta": 1.863895}}
{"target": 0.6306636, "params": {"alpha": 0.1521149446100324, "colsample_bytree": 0.8755602979792592, "lam": 0.03160735197691944, "max_depth": 4.153252903659858, "min_child_weight": 6.955051135770368, "subsample": 0.8563001796972183}, "datetime": {"datetime": "2020-04-25 00:40:29", "elapsed": 165.398264, "delta": 1.677646}}
{"target": 0.625987, "params": {"alpha": 0.0006106079295444822, "colsample_bytree": 0.5621781644519362, "lam": 0.6955114847189753, "max_depth": 6.0148411494433605, "min_child_weight": 5.104177857635666, "subsample": 0.8820212485295891}, "datetime": {"datetime": "2020-04-25 00:40:31", "elapsed": 167.3115, "delta": 1.913236}}
{"target": 0.6227586, "params": {"alpha": 0.972950617119706, "colsample_bytree": 0.7049756035940773, "lam": 0.05701453584661664, "max_depth": 8.55864145458678, "min_child_weight": 8.175230072227937, "subsample": 0.567691665645757}, "datetime": {"datetime": "2020-04-25 00:40:33", "elapsed": 169.464432, "delta": 2.152932}}
{"target": 0.6286706, "params": {"alpha": 0.7729141600192514, "colsample_bytree": 0.8860762048725452, "lam": 0.9999999999970465, "max_depth": 4.13280018944468, "min_child_weight": 8.219348694458912, "subsample": 0.9}, "datetime": {"datetime": "2020-04-25 00:40:35", "elapsed": 171.340439, "delta": 1.876007}}
{"target": 0.6245537999999999, "params": {"alpha": 0.0581230341562502, "colsample_bytree": 0.7739095709535211, "lam": 0.9073714916463115, "max_depth": 4.439693763365677, "min_child_weight": 2.327880676074309, "subsample": 0.8961738432111346}, "datetime": {"datetime": "2020-04-25 00:40:37", "elapsed": 173.37974, "delta": 2.039301}}
{"target": 0.5687456000000001, "params": {"alpha": 1.0, "colsample_bytree": 0.5, "lam": 1.0, "max_depth": 10.0, "min_child_weight": 7.339931988429867, "subsample": 0.5}, "datetime": {"datetime": "2020-04-25 00:40:40", "elapsed": 175.906951, "delta": 2.527211}}
{"target": 0.6213578, "params": {"alpha": 0.18851254119029492, "colsample_bytree": 0.895837223359453, "lam": 0.1934885599111028, "max_depth": 9.087225570236622, "min_child_weight": 5.459779587466487, "subsample": 0.7215292324152531}, "datetime": {"datetime": "2020-04-25 00:40:42", "elapsed": 178.0409, "delta": 2.133949}}
{"target": 0.6384247999999999, "params": {"alpha": 0.23217514526985994, "colsample_bytree": 0.8783770511615625, "lam": 0.9308095334817404, "max_depth": 7.407381952550598, "min_child_weight": 6.164494203470798, "subsample": 0.8906488715676963}, "datetime": {"datetime": "2020-04-25 00:40:44", "elapsed": 180.10981, "delta": 2.06891}}
{"target": 0.6074965999999999, "params": {"alpha": 0.9020758180432089, "colsample_bytree": 0.9, "lam": 0.3277515080613494, "max_depth": 10.0, "min_child_weight": 3.1569287725093074, "subsample": 0.5}, "datetime": {"datetime": "2020-04-25 00:40:46", "elapsed": 182.431284, "delta": 2.321474}}
{"target": 0.6315358, "params": {"alpha": 0.0325882604258958, "colsample_bytree": 0.8942334290792944, "lam": 0.9689179431873919, "max_depth": 5.003795316096733, "min_child_weight": 8.179176836585885, "subsample": 0.8848924400304451}, "datetime": {"datetime": "2020-04-25 00:40:48", "elapsed": 184.210909, "delta": 1.779625}}
{"target": 0.6258761999999999, "params": {"alpha": 0.3015899692752839, "colsample_bytree": 0.8568389584704521, "lam": 0.017140454653664428, "max_depth": 9.372898263707604, "min_child_weight": 9.311567609492755, "subsample": 0.8115257280084918}, "datetime": {"datetime": "2020-04-25 00:40:50", "elapsed": 186.494832, "delta": 2.283923}}
{"target": 0.6230931999999999, "params": {"alpha": 0.09659941612645706, "colsample_bytree": 0.5561937711644895, "lam": 0.906115386878647, "max_depth": 8.872936042818822, "min_child_weight": 6.605241337346048, "subsample": 0.8335472380459085}, "datetime": {"datetime": "2020-04-25 00:40:53", "elapsed": 188.946638, "delta": 2.451806}}
{"target": 0.6173102, "params": {"alpha": 0.0, "colsample_bytree": 0.9, "lam": 1.0, "max_depth": 6.020348776880492, "min_child_weight": 2.088626925199368, "subsample": 0.5}, "datetime": {"datetime": "2020-04-25 00:40:55", "elapsed": 191.049724, "delta": 2.103086}}
{"target": 0.6383243999999999, "params": {"alpha": 0.5632441335376737, "colsample_bytree": 0.8387089251699709, "lam": 0.9931044826923724, "max_depth": 5.626954449036542, "min_child_weight": 9.998543508777509, "subsample": 0.7399829377857539}, "datetime": {"datetime": "2020-04-25 00:40:57", "elapsed": 193.080671, "delta": 2.030947}}
{"target": 0.6277946, "params": {"alpha": 0.0, "colsample_bytree": 0.9, "lam": 1.0, "max_depth": 4.429766854979147, "min_child_weight": 1.0, "subsample": 0.9}, "datetime": {"datetime": "2020-04-25 00:40:59", "elapsed": 195.21484, "delta": 2.134169}}
{"target": 0.6172948, "params": {"alpha": 0.8783934874662913, "colsample_bytree": 0.848616698308695, "lam": 0.9862292986332928, "max_depth": 9.41605809354795, "min_child_weight": 9.441036464598705, "subsample": 0.5209305031533934}, "datetime": {"datetime": "2020-04-25 00:41:01", "elapsed": 197.627601, "delta": 2.412761}}
{"target": 0.6295869999999999, "params": {"alpha": 0.11004111341400757, "colsample_bytree": 0.6783334194369801, "lam": 0.08204413592379667, "max_depth": 9.910657879898089, "min_child_weight": 7.694128968912502, "subsample": 0.8381764804429641}, "datetime": {"datetime": "2020-04-25 00:41:04", "elapsed": 200.081589, "delta": 2.453988}}
{"target": 0.6087968, "params": {"alpha": 0.0, "colsample_bytree": 0.9, "lam": 1.0, "max_depth": 3.0, "min_child_weight": 2.9664226938871314, "subsample": 0.9}, "datetime": {"datetime": "2020-04-25 00:41:06", "elapsed": 201.999179, "delta": 1.91759}}
{"target": 0.6430756000000001, "params": {"alpha": 0.8414211572782504, "colsample_bytree": 0.8959573537243546, "lam": 0.9303255021618994, "max_depth": 7.929423423277938, "min_child_weight": 5.6605008478937275, "subsample": 0.8141015896716061}, "datetime": {"datetime": "2020-04-25 00:41:08", "elapsed": 204.238567, "delta": 2.239388}}
{"target": 0.6236552, "params": {"alpha": 0.9889705382154413, "colsample_bytree": 0.8990084895336936, "lam": 0.031352123305723345, "max_depth": 5.9483471357059585, "min_child_weight": 7.571278265295313, "subsample": 0.662541845649505}, "datetime": {"datetime": "2020-04-25 00:41:10", "elapsed": 206.470009, "delta": 2.231442}}
{"target": 0.650059, "params": {"alpha": 0.789295964476009, "colsample_bytree": 0.8889723606374375, "lam": 0.518009144987951, "max_depth": 8.478819842872491, "min_child_weight": 7.0801015964647105, "subsample": 0.8967714552689041}, "datetime": {"datetime": "2020-04-25 00:41:12", "elapsed": 208.699706, "delta": 2.229697}}
{"target": 0.6206162, "params": {"alpha": 0.00521792268091803, "colsample_bytree": 0.8800010651764782, "lam": 0.008447755307841365, "max_depth": 4.575302674372407, "min_child_weight": 4.249045805515562, "subsample": 0.7164359123752815}, "datetime": {"datetime": "2020-04-25 00:41:14", "elapsed": 210.611799, "delta": 1.912093}}
{"target": 0.6330676, "params": {"alpha": 0.17399004238811933, "colsample_bytree": 0.8939234246221326, "lam": 0.014005771920374666, "max_depth": 4.605034352403153, "min_child_weight": 9.557810090091952, "subsample": 0.8327191018369906}, "datetime": {"datetime": "2020-04-25 00:41:16", "elapsed": 212.617341, "delta": 2.005542}}
{"target": 0.6380108, "params": {"alpha": 0.9209693520032697, "colsample_bytree": 0.8623725956257444, "lam": 0.07669018456850751, "max_depth": 7.263803793529824, "min_child_weight": 8.631540047717165, "subsample": 0.8941391864200442}, "datetime": {"datetime": "2020-04-25 00:41:18", "elapsed": 214.721778, "delta": 2.104437}}
{"target": 0.6259586, "params": {"alpha": 0.09622110515894489, "colsample_bytree": 0.7622936170030543, "lam": 0.019966248521324337, "max_depth": 5.9673049233908415, "min_child_weight": 5.636738722956024, "subsample": 0.8106052353218436}, "datetime": {"datetime": "2020-04-25 00:41:21", "elapsed": 216.908241, "delta": 2.186463}}
{"target": 0.6287206000000001, "params": {"alpha": 0.9999999898948649, "colsample_bytree": 0.8999999984130408, "lam": 1.0, "max_depth": 8.49053506085903, "min_child_weight": 4.7669921131907955, "subsample": 0.855475050686474}, "datetime": {"datetime": "2020-04-25 00:41:23", "elapsed": 219.069993, "delta": 2.161752}}
{"target": 0.6230396, "params": {"alpha": 0.9833448051916103, "colsample_bytree": 0.7333548932860019, "lam": 0.9273010620216969, "max_depth": 4.8738883599275695, "min_child_weight": 8.453225526788412, "subsample": 0.5340878761193735}, "datetime": {"datetime": "2020-04-25 00:41:25", "elapsed": 221.49478, "delta": 2.424787}}
{"target": 0.606015, "params": {"alpha": 0.02273529788445272, "colsample_bytree": 0.5259381168777724, "lam": 0.9690105949045905, "max_depth": 4.591492001195254, "min_child_weight": 6.178738217745263, "subsample": 0.884716696053995}, "datetime": {"datetime": "2020-04-25 00:41:27", "elapsed": 223.787914, "delta": 2.293134}}
{"target": 0.6378677999999999, "params": {"alpha": 0.3357607277881939, "colsample_bytree": 0.815688872015596, "lam": 0.982234127996462, "max_depth": 8.918640624026379, "min_child_weight": 7.598613167887942, "subsample": 0.8778488815348973}, "datetime": {"datetime": "2020-04-25 00:41:30", "elapsed": 225.88388, "delta": 2.095966}}
{"target": 0.596664, "params": {"alpha": 0.0, "colsample_bytree": 0.9, "lam": 0.9296325361411918, "max_depth": 10.0, "min_child_weight": 2.3195209828081857, "subsample": 0.9}, "datetime": {"datetime": "2020-04-25 00:41:32", "elapsed": 228.729023, "delta": 2.845143}}
{"target": 0.6130546000000001, "params": {"alpha": 0.29992368378640044, "colsample_bytree": 0.9, "lam": 0.9862647690472154, "max_depth": 9.155279280877915, "min_child_weight": 3.1101241782012847, "subsample": 0.5}, "datetime": {"datetime": "2020-04-25 00:41:34", "elapsed": 230.826147, "delta": 2.097124}}
{"target": 0.6387126, "params": {"alpha": 0.05814520624921171, "colsample_bytree": 0.8992385063224303, "lam": 0.9506434812092552, "max_depth": 5.825917016340402, "min_child_weight": 4.245144218286727, "subsample": 0.8372726305512836}, "datetime": {"datetime": "2020-04-25 00:41:37", "elapsed": 233.274994, "delta": 2.448847}}
{"target": 0.5991496000000001, "params": {"alpha": 0.7961731516399057, "colsample_bytree": 0.8846778179630088, "lam": 0.06355343997215379, "max_depth": 3.0030311109893932, "min_child_weight": 6.6338675218024665, "subsample": 0.8985904438029015}, "datetime": {"datetime": "2020-04-25 00:41:39", "elapsed": 235.169502, "delta": 1.894508}}
{"target": 0.6112652000000001, "params": {"alpha": 0.10029769410141787, "colsample_bytree": 0.5722913381745273, "lam": 0.640141813758722, "max_depth": 9.912101696771073, "min_child_weight": 8.39524075836978, "subsample": 0.8770146098400502}, "datetime": {"datetime": "2020-04-25 00:41:41", "elapsed": 237.7631, "delta": 2.593598}}
{"target": 0.6324398, "params": {"alpha": 0.040672440328953785, "colsample_bytree": 0.8656726707672469, "lam": 0.7904696364045083, "max_depth": 9.421655873273506, "min_child_weight": 7.395802621951085, "subsample": 0.5386354919047452}, "datetime": {"datetime": "2020-04-25 00:41:44", "elapsed": 240.380155, "delta": 2.617055}}
