{"target": 0.600863, "params": {"alpha": 5.7832183907760026e-11, "colsample_bytree": 0.8999999999675664, "lam": 3.2907025456149532e-09, "max_depth": 8.660909238449742, "min_child_weight": 3.6989698878898065, "subsample": 0.5}, "datetime": {"datetime": "2020-04-25 01:38:55", "elapsed": 3671.024794, "delta": 19.033763}}
{"target": 0.6057779999999999, "params": {"alpha": 0.9660682479438301, "colsample_bytree": 0.5043922245258206, "lam": 0.03240417823735764, "max_depth": 6.2561147160256905, "min_child_weight": 4.166394076147736, "subsample": 0.8974478244419141}, "datetime": {"datetime": "2020-04-25 01:39:15", "elapsed": 3691.099666, "delta": 20.074872}}
{"target": 0.6197444, "params": {"alpha": 0.9999621005874446, "colsample_bytree": 0.7656390383948392, "lam": 0.9233094188844783, "max_depth": 5.564941873432373, "min_child_weight": 2.0200703921025873, "subsample": 0.5178978524997482}, "datetime": {"datetime": "2020-04-25 01:39:40", "elapsed": 3716.17424, "delta": 25.074574}}
{"target": 0.6296898000000001, "params": {"alpha": 0.9833713605077548, "colsample_bytree": 0.7663480395904054, "lam": 0.12578495143539314, "max_depth": 6.485142672208818, "min_child_weight": 7.2993085939730955, "subsample": 0.8977044010031195}, "datetime": {"datetime": "2020-04-25 01:39:58", "elapsed": 3734.486116, "delta": 18.311876}}
{"target": 0.6325033999999999, "params": {"alpha": 1.0, "colsample_bytree": 0.8999999999999971, "lam": 1.0115893565596413e-07, "max_depth": 3.636225312331288, "min_child_weight": 6.319657844637386, "subsample": 0.8999999704373718}, "datetime": {"datetime": "2020-04-25 01:40:17", "elapsed": 3753.064329, "delta": 18.578213}}
{"target": 0.601693, "params": {"alpha": 0.9999999682432881, "colsample_bytree": 0.5000000556870977, "lam": 2.300623067497078e-08, "max_depth": 10.0, "min_child_weight": 7.27178631437936, "subsample": 0.899999923459289}, "datetime": {"datetime": "2020-04-25 01:40:33", "elapsed": 3769.061823, "delta": 15.997494}}
{"target": 0.629922, "params": {"alpha": 0.9064016866684074, "colsample_bytree": 0.8910417462454975, "lam": 0.20358051562991808, "max_depth": 8.486877441661381, "min_child_weight": 7.016112268612532, "subsample": 0.8797519170521062}, "datetime": {"datetime": "2020-04-25 01:40:51", "elapsed": 3787.877885, "delta": 18.816062}}
{"target": 0.616729, "params": {"alpha": 8.884375482657379e-08, "colsample_bytree": 0.8854227084600396, "lam": 1.0, "max_depth": 10.0, "min_child_weight": 1.4064619082477892, "subsample": 0.5000000265050436}, "datetime": {"datetime": "2020-04-25 01:41:10", "elapsed": 3806.811123, "delta": 18.933238}}
{"target": 0.630352, "params": {"alpha": 0.5850608007596791, "colsample_bytree": 0.8294931331813171, "lam": 0.8612131420380127, "max_depth": 8.743073237749133, "min_child_weight": 4.547946849123333, "subsample": 0.5014349380336107}, "datetime": {"datetime": "2020-04-25 01:41:25", "elapsed": 3821.691712, "delta": 14.880589}}
{"target": 0.5559572, "params": {"alpha": 0.9999999996783515, "colsample_bytree": 0.5000000002374881, "lam": 3.4095563913421254e-10, "max_depth": 3.000000000210698, "min_child_weight": 1.0, "subsample": 0.8999999999565792}, "datetime": {"datetime": "2020-04-25 01:41:42", "elapsed": 3838.071897, "delta": 16.380185}}
{"target": 0.6358423999999999, "params": {"alpha": 0.6915331117414388, "colsample_bytree": 0.8059269074409138, "lam": 0.7954530638769922, "max_depth": 7.800852600006219, "min_child_weight": 7.1555040678642134, "subsample": 0.8834743488767722}, "datetime": {"datetime": "2020-04-25 01:41:59", "elapsed": 3855.54016, "delta": 17.468263}}
{"target": 0.6123524, "params": {"alpha": 0.9666733110167725, "colsample_bytree": 0.8861985982660954, "lam": 0.025680359881811388, "max_depth": 3.8340589787065014, "min_child_weight": 6.246343187997686, "subsample": 0.5110015112280001}, "datetime": {"datetime": "2020-04-25 01:42:17", "elapsed": 3873.354366, "delta": 17.814206}}
{"target": 0.6384516, "params": {"alpha": 0.5948779646395634, "colsample_bytree": 0.8246821427248388, "lam": 0.6750339106971636, "max_depth": 8.582113331233227, "min_child_weight": 6.779403497076822, "subsample": 0.892689077726089}, "datetime": {"datetime": "2020-04-25 01:42:32", "elapsed": 3888.216652, "delta": 14.862286}}
{"target": 0.6459668, "params": {"alpha": 0.0669111414556332, "colsample_bytree": 0.8999999987700632, "lam": 0.9999999987207759, "max_depth": 5.053618786790074, "min_child_weight": 2.74218278701863, "subsample": 0.846076588525642}, "datetime": {"datetime": "2020-04-25 01:42:54", "elapsed": 3909.898105, "delta": 21.681453}}
{"target": 0.6268826000000001, "params": {"alpha": 0.04372022506026774, "colsample_bytree": 0.898888539585015, "lam": 0.10975978120690832, "max_depth": 7.552199474198581, "min_child_weight": 4.42277979351135, "subsample": 0.8927957580906338}, "datetime": {"datetime": "2020-04-25 01:43:13", "elapsed": 3929.555727, "delta": 19.657622}}
{"target": 0.613164, "params": {"alpha": 0.0037561123904106264, "colsample_bytree": 0.6081235484753263, "lam": 0.040597858555443844, "max_depth": 4.269179973838676, "min_child_weight": 9.12984227833633, "subsample": 0.594819149295144}, "datetime": {"datetime": "2020-04-25 01:43:31", "elapsed": 3947.795231, "delta": 18.239504}}
{"target": 0.599548, "params": {"alpha": 0.9941705008680625, "colsample_bytree": 0.897334458249121, "lam": 0.860808994597423, "max_depth": 3.030053364169662, "min_child_weight": 1.952431194310754, "subsample": 0.5429947627716094}, "datetime": {"datetime": "2020-04-25 01:43:49", "elapsed": 3965.552202, "delta": 17.756971}}
{"target": 0.6354620000000001, "params": {"alpha": 0.0032851405182261484, "colsample_bytree": 0.8929213067179036, "lam": 0.2903163317126676, "max_depth": 6.869451853624756, "min_child_weight": 9.843336460386888, "subsample": 0.8288856041591626}, "datetime": {"datetime": "2020-04-25 01:44:10", "elapsed": 3985.985214, "delta": 20.433012}}
{"target": 0.6376806, "params": {"alpha": 0.7520374816372183, "colsample_bytree": 0.8664429608383186, "lam": 0.032116478116129166, "max_depth": 5.168032723365998, "min_child_weight": 3.747795986418023, "subsample": 0.8964402757720695}, "datetime": {"datetime": "2020-04-25 01:44:26", "elapsed": 4002.429892, "delta": 16.444678}}
{"target": 0.63582, "params": {"alpha": 0.9367119609415433, "colsample_bytree": 0.8638303230460502, "lam": 0.8038984898614585, "max_depth": 5.190236398879947, "min_child_weight": 4.3617314797370454, "subsample": 0.8901518201755052}, "datetime": {"datetime": "2020-04-25 01:44:43", "elapsed": 4019.423801, "delta": 16.993909}}
{"target": 0.6325272, "params": {"alpha": 0.9966984198196933, "colsample_bytree": 0.8952439121110248, "lam": 0.32610417641168776, "max_depth": 7.125723289390524, "min_child_weight": 3.827364663737425, "subsample": 0.5813805993305159}, "datetime": {"datetime": "2020-04-25 01:45:00", "elapsed": 4036.378923, "delta": 16.955122}}
{"target": 0.6345238, "params": {"alpha": 0.9954205384598416, "colsample_bytree": 0.8727079256454953, "lam": 0.980323665997463, "max_depth": 7.339590970275667, "min_child_weight": 9.680720728821136, "subsample": 0.5573965617324819}, "datetime": {"datetime": "2020-04-25 01:45:18", "elapsed": 4054.026914, "delta": 17.647991}}
{"target": 0.6191618, "params": {"alpha": 0.4689095724339857, "colsample_bytree": 0.8878549713150234, "lam": 0.996472270276188, "max_depth": 4.215655465366165, "min_child_weight": 9.266488149211721, "subsample": 0.7768963668197646}, "datetime": {"datetime": "2020-04-25 01:45:37", "elapsed": 4073.281984, "delta": 19.25507}}
{"target": 0.6198876, "params": {"alpha": 0.987506831409789, "colsample_bytree": 0.8020257914232771, "lam": 0.9995363175193958, "max_depth": 9.064020831074409, "min_child_weight": 8.327175540316633, "subsample": 0.5105916931884539}, "datetime": {"datetime": "2020-04-25 01:45:55", "elapsed": 4091.019413, "delta": 17.737429}}
{"target": 0.6409621999999999, "params": {"alpha": 0.1076530868869483, "colsample_bytree": 0.8772095433911287, "lam": 0.6565387774153114, "max_depth": 9.955874308670847, "min_child_weight": 9.635043502360725, "subsample": 0.8692489614005794}, "datetime": {"datetime": "2020-04-25 01:46:18", "elapsed": 4114.425861, "delta": 23.406448}}
{"target": 0.6144604, "params": {"alpha": 0.987758016936976, "colsample_bytree": 0.7838129871175524, "lam": 0.20194099176124614, "max_depth": 3.615821808692549, "min_child_weight": 9.014914400945484, "subsample": 0.5396812723460418}, "datetime": {"datetime": "2020-04-25 01:46:33", "elapsed": 4129.398455, "delta": 14.972594}}
{"target": 0.629351, "params": {"alpha": 0.011103710741385053, "colsample_bytree": 0.8783044066289684, "lam": 0.400673792047994, "max_depth": 8.395449020768975, "min_child_weight": 5.531045518847441, "subsample": 0.5095985217665582}, "datetime": {"datetime": "2020-04-25 01:46:49", "elapsed": 4145.334167, "delta": 15.935712}}
{"target": 0.636581, "params": {"alpha": 0.5338722828961754, "colsample_bytree": 0.899999774321883, "lam": 0.9999999999999999, "max_depth": 9.999999718527567, "min_child_weight": 10.0, "subsample": 0.8999999999999999}, "datetime": {"datetime": "2020-04-25 01:47:08", "elapsed": 4164.100564, "delta": 18.766397}}
{"target": 0.6369718000000001, "params": {"alpha": 0.06541211070244668, "colsample_bytree": 0.8975157380044262, "lam": 0.2403137631089004, "max_depth": 8.06385479090203, "min_child_weight": 6.137085249091418, "subsample": 0.8737131783598989}, "datetime": {"datetime": "2020-04-25 01:47:27", "elapsed": 4183.704652, "delta": 19.604088}}
{"target": 0.6004982, "params": {"alpha": 0.8635034334120782, "colsample_bytree": 0.8719708576680392, "lam": 0.9740354154535492, "max_depth": 3.3282396301086585, "min_child_weight": 4.944922826553137, "subsample": 0.8831245449893363}, "datetime": {"datetime": "2020-04-25 01:47:45", "elapsed": 4201.356172, "delta": 17.65152}}
{"target": 0.6188528, "params": {"alpha": 0.9762258033852843, "colsample_bytree": 0.8605327435067687, "lam": 0.5148191104660785, "max_depth": 3.8453677513726676, "min_child_weight": 9.995475707498523, "subsample": 0.673853142885526}, "datetime": {"datetime": "2020-04-25 01:48:03", "elapsed": 4219.517128, "delta": 18.160956}}
{"target": 0.6302908, "params": {"alpha": 0.9232197488250657, "colsample_bytree": 0.7655287818451528, "lam": 0.9911246390222679, "max_depth": 5.903462786308072, "min_child_weight": 9.941388493051011, "subsample": 0.5854674071548938}, "datetime": {"datetime": "2020-04-25 01:48:17", "elapsed": 4233.644155, "delta": 14.127027}}
{"target": 0.6364134, "params": {"alpha": 0.6508482609966293, "colsample_bytree": 0.8984931213913399, "lam": 0.41929440965606346, "max_depth": 7.116244970819244, "min_child_weight": 7.098440273383307, "subsample": 0.8780017313327897}, "datetime": {"datetime": "2020-04-25 01:48:35", "elapsed": 4251.362092, "delta": 17.717937}}
{"target": 0.6281306, "params": {"alpha": 0.6615296445317296, "colsample_bytree": 0.8367796893787134, "lam": 0.7034232947393919, "max_depth": 8.46553645398873, "min_child_weight": 7.368804975130296, "subsample": 0.8968867188686886}, "datetime": {"datetime": "2020-04-25 01:48:53", "elapsed": 4269.560136, "delta": 18.198044}}
{"target": 0.6270168, "params": {"alpha": 0.3051460064676361, "colsample_bytree": 0.7352346761205862, "lam": 0.9635633822416546, "max_depth": 9.553780226549412, "min_child_weight": 7.336520942694335, "subsample": 0.8762532015581648}, "datetime": {"datetime": "2020-04-25 01:49:12", "elapsed": 4288.244277, "delta": 18.684141}}
{"target": 0.6020390000000001, "params": {"alpha": 0.0, "colsample_bytree": 0.9, "lam": 0.0, "max_depth": 7.023975980803061, "min_child_weight": 2.4168407396931553, "subsample": 0.9}, "datetime": {"datetime": "2020-04-25 01:49:31", "elapsed": 4307.132281, "delta": 18.888004}}
{"target": 0.6382528, "params": {"alpha": 0.7623663391042376, "colsample_bytree": 0.8348607480658423, "lam": 0.9864833750723542, "max_depth": 7.9355441062495125, "min_child_weight": 8.958751156189546, "subsample": 0.8427034498384749}, "datetime": {"datetime": "2020-04-25 01:49:52", "elapsed": 4328.50928, "delta": 21.376999}}
{"target": 0.6191949999999999, "params": {"alpha": 0.9604453060877832, "colsample_bytree": 0.8998685796126513, "lam": 0.002426618554543847, "max_depth": 6.635922062662766, "min_child_weight": 3.623509056003682, "subsample": 0.5518972106060618}, "datetime": {"datetime": "2020-04-25 01:50:09", "elapsed": 4345.079484, "delta": 16.570204}}
{"target": 0.6414748, "params": {"alpha": 0.9798942178197537, "colsample_bytree": 0.7474113255147339, "lam": 0.23149150633644477, "max_depth": 7.421621378537436, "min_child_weight": 3.596328851409245, "subsample": 0.8883425695995182}, "datetime": {"datetime": "2020-04-25 01:50:24", "elapsed": 4360.443536, "delta": 15.364052}}
{"target": 0.5782792, "params": {"alpha": 0.9961452345916619, "colsample_bytree": 0.5426815631419221, "lam": 0.040974783445996144, "max_depth": 3.4680865333761464, "min_child_weight": 6.020037049522574, "subsample": 0.8995135585316401}, "datetime": {"datetime": "2020-04-25 01:50:45", "elapsed": 4381.451293, "delta": 21.007757}}
{"target": 0.639956, "params": {"alpha": 0.991302639467697, "colsample_bytree": 0.885958485883801, "lam": 0.9993421122531114, "max_depth": 6.929954306937043, "min_child_weight": 2.824170321367045, "subsample": 0.8391735210838742}, "datetime": {"datetime": "2020-04-25 01:51:07", "elapsed": 4403.278021, "delta": 21.826728}}
{"target": 0.616401, "params": {"alpha": 0.9682483504568765, "colsample_bytree": 0.8730693854357093, "lam": 0.5623534048548916, "max_depth": 7.439819150411165, "min_child_weight": 3.1848982237269006, "subsample": 0.8997601315636932}, "datetime": {"datetime": "2020-04-25 01:51:32", "elapsed": 4428.411515, "delta": 25.133494}}
{"target": 0.6147216, "params": {"alpha": 0.966575267591083, "colsample_bytree": 0.5103331778240306, "lam": 0.32484149630448356, "max_depth": 7.601651339651441, "min_child_weight": 3.8259395157137632, "subsample": 0.8900061497427654}, "datetime": {"datetime": "2020-04-25 01:51:56", "elapsed": 4452.825001, "delta": 24.413486}}
{"target": 0.5969268000000001, "params": {"alpha": 0.8828061183804653, "colsample_bytree": 0.5407757082285438, "lam": 0.9997047868169691, "max_depth": 8.82760088235032, "min_child_weight": 4.034967944921956, "subsample": 0.8462698596301296}, "datetime": {"datetime": "2020-04-25 01:52:12", "elapsed": 4468.129567, "delta": 15.304566}}
{"target": 0.6184952, "params": {"alpha": 0.9697146111329799, "colsample_bytree": 0.806218159793043, "lam": 0.2608231559439954, "max_depth": 6.7883790853027755, "min_child_weight": 3.696383331639406, "subsample": 0.8559180407516621}, "datetime": {"datetime": "2020-04-25 01:52:31", "elapsed": 4487.345666, "delta": 19.216099}}
{"target": 0.6171157999999999, "params": {"alpha": 0.8296890521181635, "colsample_bytree": 0.7626929246474188, "lam": 0.019331441334616284, "max_depth": 7.74080114204191, "min_child_weight": 3.326628052420171, "subsample": 0.6068977062345063}, "datetime": {"datetime": "2020-04-25 01:52:47", "elapsed": 4503.343189, "delta": 15.997523}}
{"target": 0.6380974, "params": {"alpha": 0.5080296958076509, "colsample_bytree": 0.8937843170151266, "lam": 0.3231167781868246, "max_depth": 9.569991578899964, "min_child_weight": 9.993610083788543, "subsample": 0.8468930299287191}, "datetime": {"datetime": "2020-04-25 01:53:12", "elapsed": 4528.19487, "delta": 24.851681}}
{"target": 0.5956674, "params": {"alpha": 1.0, "colsample_bytree": 0.8999999870897102, "lam": 0.12890699524210505, "max_depth": 10.0, "min_child_weight": 2.1288541860121484, "subsample": 0.8999999864699159}, "datetime": {"datetime": "2020-04-25 01:53:31", "elapsed": 4547.088652, "delta": 18.893782}}
{"target": 0.6210656, "params": {"alpha": 0.9222857753906187, "colsample_bytree": 0.8759283949082306, "lam": 0.12128611580077808, "max_depth": 7.691417447673059, "min_child_weight": 3.7067066244297893, "subsample": 0.7094481467468723}, "datetime": {"datetime": "2020-04-25 01:53:48", "elapsed": 4564.727882, "delta": 17.63923}}
{"target": 0.6281714, "params": {"alpha": 0.963588279167046, "colsample_bytree": 0.8187961086837807, "lam": 0.999999482840195, "max_depth": 7.513456399027362, "min_child_weight": 8.26748616912391, "subsample": 0.8858314090616677}, "datetime": {"datetime": "2020-04-25 01:54:13", "elapsed": 4589.583338, "delta": 24.855456}}
{"target": 0.6351318, "params": {"alpha": 0.0034896053223976153, "colsample_bytree": 0.8456734335719759, "lam": 0.32393430818940083, "max_depth": 5.178805523301288, "min_child_weight": 8.622817641731537, "subsample": 0.8646327905638218}, "datetime": {"datetime": "2020-04-25 01:54:34", "elapsed": 4610.135189, "delta": 20.551851}}
{"target": 0.5898318, "params": {"alpha": 0.056474183571828096, "colsample_bytree": 0.8928129342802572, "lam": 0.9120700928922614, "max_depth": 9.976743537502418, "min_child_weight": 1.0465299716918683, "subsample": 0.8877531054381096}, "datetime": {"datetime": "2020-04-25 01:54:55", "elapsed": 4631.748214, "delta": 21.613025}}
{"target": 0.6236438, "params": {"alpha": 0.9777514671295386, "colsample_bytree": 0.8749935104152516, "lam": 0.9981790979622572, "max_depth": 7.401924401262167, "min_child_weight": 2.7254553117789913, "subsample": 0.5221661221760295}, "datetime": {"datetime": "2020-04-25 01:55:17", "elapsed": 4653.4506, "delta": 21.702386}}
{"target": 0.6006484000000001, "params": {"alpha": 0.02382291563092198, "colsample_bytree": 0.8669129405654071, "lam": 0.2909250420103564, "max_depth": 3.042055241452281, "min_child_weight": 4.529602689354723, "subsample": 0.8326276155372818}, "datetime": {"datetime": "2020-04-25 01:55:36", "elapsed": 4671.990124, "delta": 18.539524}}
{"target": 0.6021882, "params": {"alpha": 0.08592951171670726, "colsample_bytree": 0.8812835924025353, "lam": 0.9679678131589428, "max_depth": 3.485907851210177, "min_child_weight": 7.834087918779316, "subsample": 0.8763589421135338}, "datetime": {"datetime": "2020-04-25 01:55:53", "elapsed": 4689.61877, "delta": 17.628646}}
{"target": 0.5984072000000001, "params": {"alpha": 0.11238655792633045, "colsample_bytree": 0.8755870170646443, "lam": 0.9513206757543529, "max_depth": 9.111719010694392, "min_child_weight": 1.1041992285619586, "subsample": 0.5308018552706151}, "datetime": {"datetime": "2020-04-25 01:56:20", "elapsed": 4716.492606, "delta": 26.873836}}
{"target": 0.60876, "params": {"alpha": 0.9132011209151326, "colsample_bytree": 0.6797438259049144, "lam": 0.015127483955969523, "max_depth": 7.444976855923812, "min_child_weight": 3.1814089709477837, "subsample": 0.8784949478398818}, "datetime": {"datetime": "2020-04-25 01:56:40", "elapsed": 4735.950431, "delta": 19.457825}}
{"target": 0.6251082, "params": {"alpha": 0.04568673457540218, "colsample_bytree": 0.8311166316044385, "lam": 0.9888555048451602, "max_depth": 8.852424309553879, "min_child_weight": 7.57491395173052, "subsample": 0.5879266058327247}, "datetime": {"datetime": "2020-04-25 01:57:04", "elapsed": 4760.723906, "delta": 24.773475}}
{"target": 0.6276037999999999, "params": {"alpha": 0.9466201142362762, "colsample_bytree": 0.8915496965141751, "lam": 0.0032361453423245257, "max_depth": 7.691725261441736, "min_child_weight": 8.531929422520495, "subsample": 0.8722482432455748}, "datetime": {"datetime": "2020-04-25 01:57:24", "elapsed": 4780.094831, "delta": 19.370925}}
{"target": 0.6050009999999999, "params": {"alpha": 0.013748635617676586, "colsample_bytree": 0.5362938302240645, "lam": 0.9485533477905125, "max_depth": 8.93824828999227, "min_child_weight": 8.493723425248765, "subsample": 0.5850994015851223}, "datetime": {"datetime": "2020-04-25 01:57:45", "elapsed": 4801.880253, "delta": 21.785422}}
{"target": 0.6202826000000001, "params": {"alpha": 0.981660679061933, "colsample_bytree": 0.8086487071125459, "lam": 0.9728560389050646, "max_depth": 6.309459304395167, "min_child_weight": 1.7848687524749898, "subsample": 0.8511310577869828}, "datetime": {"datetime": "2020-04-25 01:58:07", "elapsed": 4823.351264, "delta": 21.471011}}
{"target": 0.6268016, "params": {"alpha": 0.06391318376823707, "colsample_bytree": 0.6524798668732543, "lam": 0.7676922927917348, "max_depth": 4.4230590614356196, "min_child_weight": 7.316959807832818, "subsample": 0.889354003986693}, "datetime": {"datetime": "2020-04-25 01:58:35", "elapsed": 4851.594618, "delta": 28.243354}}
{"target": 0.613204, "params": {"alpha": 0.9999999746096013, "colsample_bytree": 0.9, "lam": 1.0, "max_depth": 8.747939463494903, "min_child_weight": 2.308551049701862, "subsample": 0.8999999956605335}, "datetime": {"datetime": "2020-04-25 01:59:05", "elapsed": 4881.617881, "delta": 30.023263}}
{"target": 0.5974342, "params": {"alpha": 3.781159988980644e-08, "colsample_bytree": 0.8999999999997507, "lam": 1.328823930681541e-08, "max_depth": 3.0000000600311774, "min_child_weight": 10.0, "subsample": 0.5000000597154732}, "datetime": {"datetime": "2020-04-25 01:59:28", "elapsed": 4903.978886, "delta": 22.361005}}
{"target": 0.6003506000000001, "params": {"alpha": 0.9716355480640977, "colsample_bytree": 0.564294162102216, "lam": 0.422796770817495, "max_depth": 8.628318925800771, "min_child_weight": 4.6529503436158635, "subsample": 0.5000784626048476}, "datetime": {"datetime": "2020-04-25 01:59:48", "elapsed": 4924.593498, "delta": 20.614612}}
{"target": 0.5945398, "params": {"alpha": 0.009526438400401793, "colsample_bytree": 0.8564399522593367, "lam": 0.7701463783047322, "max_depth": 3.0972847308528113, "min_child_weight": 9.211227942659304, "subsample": 0.6412462048029773}, "datetime": {"datetime": "2020-04-25 02:00:09", "elapsed": 4945.836459, "delta": 21.242961}}
{"target": 0.6361361999999999, "params": {"alpha": 0.09330922509992035, "colsample_bytree": 0.8171501658873703, "lam": 0.9465982083495627, "max_depth": 8.298395348439668, "min_child_weight": 8.157287794582638, "subsample": 0.8609653972422839}, "datetime": {"datetime": "2020-04-25 02:00:26", "elapsed": 4962.632783, "delta": 16.796324}}
