{"target": 0.6292306, "params": {"alpha": 0.6088611897970427, "colsample_bytree": 0.8816434428579365, "lam": 0.9645700344815512, "max_depth": 6.533226393513768, "min_child_weight": 8.403084559739014, "subsample": 0.5596909702941221}, "datetime": {"datetime": "2020-04-25 17:42:45", "elapsed": 1273.423745, "delta": 7.833646}}
{"target": 0.5963798, "params": {"alpha": 0.9968498240448304, "colsample_bytree": 0.503065470619011, "lam": 0.04972416893958165, "max_depth": 7.878164206732643, "min_child_weight": 6.802466649276248, "subsample": 0.7817047130494184}, "datetime": {"datetime": "2020-04-25 17:42:54", "elapsed": 1282.26649, "delta": 8.842745}}
{"target": 0.6361482, "params": {"alpha": 0.5587099465533497, "colsample_bytree": 0.8760151981350444, "lam": 0.044190052663182544, "max_depth": 6.636333714408247, "min_child_weight": 8.762072684125423, "subsample": 0.8895337465255795}, "datetime": {"datetime": "2020-04-25 17:43:02", "elapsed": 1290.255605, "delta": 7.989115}}
{"target": 0.6424224, "params": {"alpha": 0.024651337080777713, "colsample_bytree": 0.7437185222319043, "lam": 0.09018133861049582, "max_depth": 7.402699515340689, "min_child_weight": 8.978760877530227, "subsample": 0.8615647478157815}, "datetime": {"datetime": "2020-04-25 17:43:11", "elapsed": 1299.715453, "delta": 9.459848}}
{"target": 0.6383262000000001, "params": {"alpha": 0.006810125724801663, "colsample_bytree": 0.8486579068785753, "lam": 0.593865496378293, "max_depth": 7.627613058609723, "min_child_weight": 8.12677642861011, "subsample": 0.8977951408601019}, "datetime": {"datetime": "2020-04-25 17:43:22", "elapsed": 1310.382586, "delta": 10.667133}}
{"target": 0.637152, "params": {"alpha": 0.45880839668628537, "colsample_bytree": 0.83873678126524, "lam": 0.36591408064411823, "max_depth": 4.920682863656274, "min_child_weight": 5.703428163667603, "subsample": 0.8467064435694214}, "datetime": {"datetime": "2020-04-25 17:43:30", "elapsed": 1318.743591, "delta": 8.361005}}
{"target": 0.6175278, "params": {"alpha": 0.9808492103035151, "colsample_bytree": 0.8837650883399735, "lam": 0.9855829759142544, "max_depth": 4.1574320148526995, "min_child_weight": 6.170518938784871, "subsample": 0.5122556720940109}, "datetime": {"datetime": "2020-04-25 17:43:36", "elapsed": 1325.130332, "delta": 6.386741}}
{"target": 0.6256898, "params": {"alpha": 0.0002446435221994392, "colsample_bytree": 0.8971196550635901, "lam": 0.4097204185866419, "max_depth": 7.665678344960754, "min_child_weight": 9.347373364585335, "subsample": 0.5348603977623045}, "datetime": {"datetime": "2020-04-25 17:43:44", "elapsed": 1333.076467, "delta": 7.946135}}
{"target": 0.6073470000000001, "params": {"alpha": 0.07535144700596463, "colsample_bytree": 0.8988771625992413, "lam": 0.6767255387522367, "max_depth": 5.8458132054888745, "min_child_weight": 1.5494836753677976, "subsample": 0.5351241989062114}, "datetime": {"datetime": "2020-04-25 17:43:54", "elapsed": 1342.799796, "delta": 9.723329}}
{"target": 0.6432591999999999, "params": {"alpha": 0.07243335603482082, "colsample_bytree": 0.8726388931802324, "lam": 0.014865823912355136, "max_depth": 6.410759497964442, "min_child_weight": 7.761989676654372, "subsample": 0.8891439470903338}, "datetime": {"datetime": "2020-04-25 17:44:03", "elapsed": 1352.163803, "delta": 9.364007}}
{"target": 0.6044978, "params": {"alpha": 0.00953622159985823, "colsample_bytree": 0.5098993161972905, "lam": 0.9352974723901357, "max_depth": 4.3034594808618785, "min_child_weight": 5.838106855648383, "subsample": 0.8981011956220285}, "datetime": {"datetime": "2020-04-25 17:44:13", "elapsed": 1361.592441, "delta": 9.428638}}
{"target": 0.6198712, "params": {"alpha": 0.7362509657771847, "colsample_bytree": 0.8743050693624381, "lam": 0.05594282587146704, "max_depth": 4.418026458587974, "min_child_weight": 8.758970819124322, "subsample": 0.5205679246739835}, "datetime": {"datetime": "2020-04-25 17:44:23", "elapsed": 1371.996583, "delta": 10.404142}}
{"target": 0.6219342, "params": {"alpha": 0.020855362325594595, "colsample_bytree": 0.8915178400021071, "lam": 0.44333156622301795, "max_depth": 4.655460525972188, "min_child_weight": 1.8956257537208019, "subsample": 0.6095255468723951}, "datetime": {"datetime": "2020-04-25 17:44:31", "elapsed": 1379.352775, "delta": 7.356192}}
{"target": 0.639397, "params": {"alpha": 0.815665155347322, "colsample_bytree": 0.8400265576869967, "lam": 0.004444299733662227, "max_depth": 4.554891924359554, "min_child_weight": 9.192315100906535, "subsample": 0.8583845163865027}, "datetime": {"datetime": "2020-04-25 17:44:38", "elapsed": 1387.119978, "delta": 7.767203}}
{"target": 0.6311082, "params": {"alpha": 0.07761472684052884, "colsample_bytree": 0.8421829312587555, "lam": 0.15521797999427167, "max_depth": 6.503935278582981, "min_child_weight": 5.763242934955029, "subsample": 0.8868747838778341}, "datetime": {"datetime": "2020-04-25 17:44:47", "elapsed": 1395.697433, "delta": 8.577455}}
{"target": 0.6072704000000001, "params": {"alpha": 0.007722432854476491, "colsample_bytree": 0.6033533636462783, "lam": 0.2786586193691949, "max_depth": 5.531875290225594, "min_child_weight": 5.080738853749238, "subsample": 0.7732189023494545}, "datetime": {"datetime": "2020-04-25 17:44:55", "elapsed": 1403.327557, "delta": 7.630124}}
{"target": 0.6215954, "params": {"alpha": 0.12185960711415544, "colsample_bytree": 0.7432392137684476, "lam": 0.9929515395848765, "max_depth": 7.064798939190035, "min_child_weight": 5.990780191705352, "subsample": 0.5203544350084234}, "datetime": {"datetime": "2020-04-25 17:45:04", "elapsed": 1412.612844, "delta": 9.285287}}
{"target": 0.6319752000000001, "params": {"alpha": 1.0, "colsample_bytree": 0.9, "lam": 1.0, "max_depth": 7.0134574414534905, "min_child_weight": 5.048766272716112, "subsample": 0.5}, "datetime": {"datetime": "2020-04-25 17:45:12", "elapsed": 1420.824621, "delta": 8.211777}}
{"target": 0.6292158000000001, "params": {"alpha": 0.5991132011082654, "colsample_bytree": 0.8904303024364386, "lam": 0.6925460896926062, "max_depth": 9.973878351703624, "min_child_weight": 8.143769076125384, "subsample": 0.881129498425854}, "datetime": {"datetime": "2020-04-25 17:45:21", "elapsed": 1429.347017, "delta": 8.522396}}
{"target": 0.6072863999999999, "params": {"alpha": 0.1569636388807992, "colsample_bytree": 0.5, "lam": 0.0, "max_depth": 7.078546642064658, "min_child_weight": 9.999999983390884, "subsample": 0.8999999925133719}, "datetime": {"datetime": "2020-04-25 17:45:29", "elapsed": 1437.262333, "delta": 7.915316}}
{"target": 0.6287003999999999, "params": {"alpha": 0.01908224732647079, "colsample_bytree": 0.891674816643717, "lam": 0.9766461812110462, "max_depth": 5.721540310401428, "min_child_weight": 6.524452882264141, "subsample": 0.6452766311759847}, "datetime": {"datetime": "2020-04-25 17:45:36", "elapsed": 1444.642642, "delta": 7.380309}}
{"target": 0.6419258, "params": {"alpha": 0.4715696024786441, "colsample_bytree": 0.8789986996464918, "lam": 0.018468492574090112, "max_depth": 5.743572334566372, "min_child_weight": 4.023467583142432, "subsample": 0.8656267196172915}, "datetime": {"datetime": "2020-04-25 17:45:43", "elapsed": 1451.939006, "delta": 7.296364}}
{"target": 0.6324582, "params": {"alpha": 0.9617691808030607, "colsample_bytree": 0.8953716785429774, "lam": 0.0070874774051359335, "max_depth": 5.364703086875407, "min_child_weight": 2.9308185234617876, "subsample": 0.8949453231958576}, "datetime": {"datetime": "2020-04-25 17:45:51", "elapsed": 1459.857394, "delta": 7.918388}}
{"target": 0.64366, "params": {"alpha": 0.027392678328260645, "colsample_bytree": 0.7937751396945498, "lam": 0.09695172518678652, "max_depth": 6.731811606325506, "min_child_weight": 8.825520145065614, "subsample": 0.839414155479043}, "datetime": {"datetime": "2020-04-25 17:45:59", "elapsed": 1468.046426, "delta": 8.189032}}
{"target": 0.6039702, "params": {"alpha": 0.9381870090653694, "colsample_bytree": 0.8821684859043899, "lam": 0.16596184854109075, "max_depth": 6.1893781821177924, "min_child_weight": 4.540059316842914, "subsample": 0.5893152269379597}, "datetime": {"datetime": "2020-04-25 17:46:10", "elapsed": 1478.505584, "delta": 10.459158}}
{"target": 0.6355776000000001, "params": {"alpha": 0.023490355341244107, "colsample_bytree": 0.8976600553266447, "lam": 0.29803122692478956, "max_depth": 7.770998364180342, "min_child_weight": 7.177442060622276, "subsample": 0.898272792325086}, "datetime": {"datetime": "2020-04-25 17:46:18", "elapsed": 1486.785534, "delta": 8.27995}}
{"target": 0.6266846, "params": {"alpha": 0.02600010390534102, "colsample_bytree": 0.884575197813606, "lam": 0.975497104897414, "max_depth": 8.074286409200862, "min_child_weight": 8.190502112133714, "subsample": 0.6717001305764492}, "datetime": {"datetime": "2020-04-25 17:46:28", "elapsed": 1496.53243, "delta": 9.746896}}
{"target": 0.5794076, "params": {"alpha": 0.0021902631544018503, "colsample_bytree": 0.5269847072848294, "lam": 0.9436238582566238, "max_depth": 3.4481294386769483, "min_child_weight": 9.92918395987043, "subsample": 0.8741478111639553}, "datetime": {"datetime": "2020-04-25 17:46:38", "elapsed": 1507.060185, "delta": 10.527755}}
{"target": 0.6399322, "params": {"alpha": 0.2953677588995476, "colsample_bytree": 0.8937677139067228, "lam": 0.655310346975291, "max_depth": 9.983667728034241, "min_child_weight": 9.816418636997449, "subsample": 0.8715868230456971}, "datetime": {"datetime": "2020-04-25 17:46:47", "elapsed": 1515.82804, "delta": 8.767855}}
{"target": 0.6274006, "params": {"alpha": 0.1414601593248711, "colsample_bytree": 0.8830746853557241, "lam": 0.01219472751004158, "max_depth": 5.5259207093241, "min_child_weight": 3.5493075268659267, "subsample": 0.8931935373350325}, "datetime": {"datetime": "2020-04-25 17:46:57", "elapsed": 1526.025365, "delta": 10.197325}}
{"target": 0.6260515999999999, "params": {"alpha": 0.85817364635947, "colsample_bytree": 0.8894641808899, "lam": 0.09559563430899043, "max_depth": 8.333755682534008, "min_child_weight": 9.561567842733595, "subsample": 0.5240639667501741}, "datetime": {"datetime": "2020-04-25 17:47:06", "elapsed": 1534.957536, "delta": 8.932171}}
{"target": 0.6329781999999999, "params": {"alpha": 0.9988353659078344, "colsample_bytree": 0.6884448264793368, "lam": 0.9903835997630762, "max_depth": 6.787586181919605, "min_child_weight": 5.484880197370061, "subsample": 0.8920920393582701}, "datetime": {"datetime": "2020-04-25 17:47:16", "elapsed": 1544.788419, "delta": 9.830883}}
{"target": 0.6294000000000001, "params": {"alpha": 0.018740702173242085, "colsample_bytree": 0.8717309709629941, "lam": 0.0008269416048868328, "max_depth": 7.37789464357199, "min_child_weight": 3.7988124188529953, "subsample": 0.8785658517991306}, "datetime": {"datetime": "2020-04-25 17:47:26", "elapsed": 1554.465608, "delta": 9.677189}}
{"target": 0.5792536, "params": {"alpha": 0.006943033041841518, "colsample_bytree": 0.8821958358874078, "lam": 0.0832366667251403, "max_depth": 8.793565587739112, "min_child_weight": 2.0598326129353186, "subsample": 0.8480827207907475}, "datetime": {"datetime": "2020-04-25 17:47:35", "elapsed": 1563.622059, "delta": 9.156451}}
{"target": 0.6220863999999999, "params": {"alpha": 0.4346292068133385, "colsample_bytree": 0.8929729671568741, "lam": 0.3698130221436571, "max_depth": 4.108836648072813, "min_child_weight": 4.121781087440541, "subsample": 0.891648960066294}, "datetime": {"datetime": "2020-04-25 17:47:45", "elapsed": 1573.605013, "delta": 9.982954}}
{"target": 0.6266832, "params": {"alpha": 0.08423066627593057, "colsample_bytree": 0.8957051783014753, "lam": 0.2859711763728784, "max_depth": 6.124281040438393, "min_child_weight": 4.031247304733603, "subsample": 0.8744926753267346}, "datetime": {"datetime": "2020-04-25 17:47:55", "elapsed": 1584.088036, "delta": 10.483023}}
{"target": 0.6369878, "params": {"alpha": 0.09754760799022977, "colsample_bytree": 0.8880282471889059, "lam": 0.12451353146657462, "max_depth": 6.9044899020101855, "min_child_weight": 8.500758418447987, "subsample": 0.8908811506138645}, "datetime": {"datetime": "2020-04-25 17:48:05", "elapsed": 1594.054766, "delta": 9.96673}}
{"target": 0.6188155999999999, "params": {"alpha": 0.9955496238876832, "colsample_bytree": 0.8611727020661641, "lam": 0.27149956767883954, "max_depth": 4.498381711122988, "min_child_weight": 2.107173648137662, "subsample": 0.8993460129008818}, "datetime": {"datetime": "2020-04-25 17:48:14", "elapsed": 1602.38926, "delta": 8.334494}}
{"target": 0.6303026, "params": {"alpha": 0.06041811815315645, "colsample_bytree": 0.8995960841149753, "lam": 0.4091104516021693, "max_depth": 8.147107220882054, "min_child_weight": 3.5508318912702217, "subsample": 0.8383034794013751}, "datetime": {"datetime": "2020-04-25 17:48:21", "elapsed": 1609.278861, "delta": 6.889601}}
{"target": 0.60293, "params": {"alpha": 0.07113131945277706, "colsample_bytree": 0.8887384983369044, "lam": 0.7279313017425592, "max_depth": 7.642984827525892, "min_child_weight": 1.0645311149622687, "subsample": 0.8942664667933475}, "datetime": {"datetime": "2020-04-25 17:48:30", "elapsed": 1618.677125, "delta": 9.398264}}
{"target": 0.6287284, "params": {"alpha": 0.9909626243333, "colsample_bytree": 0.8962957187829411, "lam": 0.0925094012459029, "max_depth": 8.122316645221325, "min_child_weight": 6.801193208111062, "subsample": 0.5394704404016449}, "datetime": {"datetime": "2020-04-25 17:48:40", "elapsed": 1628.949298, "delta": 10.272173}}
{"target": 0.615092, "params": {"alpha": 0.7532833318795747, "colsample_bytree": 0.8932635004086689, "lam": 0.9922652989233494, "max_depth": 8.481507474695933, "min_child_weight": 2.4439356672736565, "subsample": 0.5501318832183112}, "datetime": {"datetime": "2020-04-25 17:48:51", "elapsed": 1639.836354, "delta": 10.887056}}
{"target": 0.6138170000000001, "params": {"alpha": 0.0002299473812078512, "colsample_bytree": 0.5309512335836414, "lam": 0.9501856812135777, "max_depth": 5.263400270069531, "min_child_weight": 1.5641894918739667, "subsample": 0.8446242987676519}, "datetime": {"datetime": "2020-04-25 17:49:00", "elapsed": 1648.344472, "delta": 8.508118}}
{"target": 0.6231534, "params": {"alpha": 0.9999999807029146, "colsample_bytree": 0.8999999924292647, "lam": 1.0, "max_depth": 4.809475035062198, "min_child_weight": 5.053931988312872, "subsample": 0.8999999933863132}, "datetime": {"datetime": "2020-04-25 17:49:10", "elapsed": 1658.554813, "delta": 10.210341}}
{"target": 0.6385982, "params": {"alpha": 0.016258808865440066, "colsample_bytree": 0.8731514627277368, "lam": 0.3288534208784929, "max_depth": 6.032382396286332, "min_child_weight": 9.035686119850212, "subsample": 0.8963198955849018}, "datetime": {"datetime": "2020-04-25 17:49:19", "elapsed": 1667.746145, "delta": 9.191332}}
{"target": 0.6328524, "params": {"alpha": 0.15869164707237393, "colsample_bytree": 0.8715375015172542, "lam": 0.9974321286120093, "max_depth": 4.93479629610273, "min_child_weight": 7.263945321867802, "subsample": 0.873663620237676}, "datetime": {"datetime": "2020-04-25 17:49:29", "elapsed": 1677.582425, "delta": 9.83628}}
{"target": 0.6136426, "params": {"alpha": 0.003871742347203888, "colsample_bytree": 0.8435538949112322, "lam": 0.9710716103894868, "max_depth": 6.974854707866755, "min_child_weight": 3.0122840360442242, "subsample": 0.5680392822219378}, "datetime": {"datetime": "2020-04-25 17:49:38", "elapsed": 1686.924778, "delta": 9.342353}}
{"target": 0.6413452, "params": {"alpha": 0.439572511934904, "colsample_bytree": 0.8969333085883866, "lam": 0.028849531220288317, "max_depth": 7.361582599230523, "min_child_weight": 6.718773074034013, "subsample": 0.8969353086654536}, "datetime": {"datetime": "2020-04-25 17:49:47", "elapsed": 1695.347681, "delta": 8.422903}}
{"target": 0.617999, "params": {"alpha": 5.3025895621407296e-08, "colsample_bytree": 0.8999999998763535, "lam": 0.9999999998772299, "max_depth": 4.431410392581723, "min_child_weight": 1.8357277374241896, "subsample": 0.5000001264624403}, "datetime": {"datetime": "2020-04-25 17:49:57", "elapsed": 1705.248656, "delta": 9.900975}}
{"target": 0.6142762, "params": {"alpha": 0.006303487030058119, "colsample_bytree": 0.5244850469191434, "lam": 0.018294664688223605, "max_depth": 6.276976427465826, "min_child_weight": 9.054402421907094, "subsample": 0.8800005527604464}, "datetime": {"datetime": "2020-04-25 17:50:05", "elapsed": 1713.581923, "delta": 8.333267}}
{"target": 0.6333808000000001, "params": {"alpha": 0.38734991592546375, "colsample_bytree": 0.8911282571719047, "lam": 0.9830324928253025, "max_depth": 4.880855311516789, "min_child_weight": 9.567455540178509, "subsample": 0.5980312211111929}, "datetime": {"datetime": "2020-04-25 17:50:15", "elapsed": 1724.036085, "delta": 10.454162}}
{"target": 0.6357672, "params": {"alpha": 0.10044469020141289, "colsample_bytree": 0.8898851786212052, "lam": 0.0065416425109792176, "max_depth": 7.1636258639489485, "min_child_weight": 9.119332266012167, "subsample": 0.8168724101558107}, "datetime": {"datetime": "2020-04-25 17:50:26", "elapsed": 1734.474593, "delta": 10.438508}}
{"target": 0.6138794, "params": {"alpha": 0.9369935762662941, "colsample_bytree": 0.8764840179907626, "lam": 0.9654738913585746, "max_depth": 5.410827097765397, "min_child_weight": 6.714380519372811, "subsample": 0.5070076620023156}, "datetime": {"datetime": "2020-04-25 17:50:34", "elapsed": 1742.718767, "delta": 8.244174}}
{"target": 0.6256936, "params": {"alpha": 0.003120526234160148, "colsample_bytree": 0.8755593075077005, "lam": 0.09974560107351249, "max_depth": 8.415098521628055, "min_child_weight": 5.777327275426393, "subsample": 0.5625444628052189}, "datetime": {"datetime": "2020-04-25 17:50:44", "elapsed": 1752.307394, "delta": 9.588627}}
{"target": 0.63996, "params": {"alpha": 0.002252085094580303, "colsample_bytree": 0.8044602567405161, "lam": 0.43799619250926825, "max_depth": 7.469604706617009, "min_child_weight": 9.357467031530089, "subsample": 0.8985134496896527}, "datetime": {"datetime": "2020-04-25 17:50:55", "elapsed": 1763.579452, "delta": 11.272058}}
{"target": 0.6190888, "params": {"alpha": 0.02618795751309322, "colsample_bytree": 0.5789041172152839, "lam": 0.982189505904342, "max_depth": 7.40925715264495, "min_child_weight": 8.473087048424748, "subsample": 0.8500540013314916}, "datetime": {"datetime": "2020-04-25 17:51:04", "elapsed": 1773.005497, "delta": 9.426045}}
{"target": 0.6312816000000001, "params": {"alpha": 0.11414905333113737, "colsample_bytree": 0.6233947380425543, "lam": 0.36179787510958056, "max_depth": 5.782386168550129, "min_child_weight": 10.0, "subsample": 0.89999999717104}, "datetime": {"datetime": "2020-04-25 17:51:12", "elapsed": 1781.028468, "delta": 8.022971}}
{"target": 0.6006236, "params": {"alpha": 0.0, "colsample_bytree": 0.794320274274145, "lam": 0.9982382800192057, "max_depth": 3.0, "min_child_weight": 1.5332794190919055, "subsample": 0.8999999993140664}, "datetime": {"datetime": "2020-04-25 17:51:21", "elapsed": 1789.692564, "delta": 8.664096}}
{"target": 0.64278, "params": {"alpha": 0.960177890708427, "colsample_bytree": 0.8985997475236907, "lam": 0.6974567032345241, "max_depth": 9.393661975088216, "min_child_weight": 8.25687948266425, "subsample": 0.8883613939569497}, "datetime": {"datetime": "2020-04-25 17:51:32", "elapsed": 1800.40545, "delta": 10.712886}}
{"target": 0.6382764, "params": {"alpha": 0.9045282264149241, "colsample_bytree": 0.8943992407518628, "lam": 8.453521670725994e-05, "max_depth": 5.6897492136419165, "min_child_weight": 5.308017488897432, "subsample": 0.8834140425966959}, "datetime": {"datetime": "2020-04-25 17:51:41", "elapsed": 1809.68502, "delta": 9.27957}}
{"target": 0.6110061999999999, "params": {"alpha": 0.5979862856992368, "colsample_bytree": 0.8435678416596797, "lam": 0.3599930421639388, "max_depth": 7.678758366683876, "min_child_weight": 2.7888973876673955, "subsample": 0.8981195099986918}, "datetime": {"datetime": "2020-04-25 17:51:51", "elapsed": 1819.333762, "delta": 9.648742}}
{"target": 0.6315531999999999, "params": {"alpha": 0.9885491844946277, "colsample_bytree": 0.8479178740026281, "lam": 0.9425679932380358, "max_depth": 9.998321207925283, "min_child_weight": 8.001795802274128, "subsample": 0.6164055492532933}, "datetime": {"datetime": "2020-04-25 17:51:58", "elapsed": 1826.785641, "delta": 7.451879}}
{"target": 0.6428659999999999, "params": {"alpha": 0.9999999970149035, "colsample_bytree": 0.8999999771405645, "lam": 0.46648310970016976, "max_depth": 9.999999772254354, "min_child_weight": 9.705656030991378, "subsample": 0.8999999999497735}, "datetime": {"datetime": "2020-04-25 17:52:09", "elapsed": 1837.232442, "delta": 10.446801}}
{"target": 0.62817, "params": {"alpha": 0.9999999571750207, "colsample_bytree": 0.8999999996667166, "lam": 0.9999999929254636, "max_depth": 6.602476745401814, "min_child_weight": 4.928343405796127, "subsample": 0.8999999996667166}, "datetime": {"datetime": "2020-04-25 17:52:21", "elapsed": 1849.633929, "delta": 12.401487}}
{"target": 0.6322654, "params": {"alpha": 0.999537144220445, "colsample_bytree": 0.8947927648159069, "lam": 0.35066744526270344, "max_depth": 8.085587407106066, "min_child_weight": 8.638204185091137, "subsample": 0.8473900649594281}, "datetime": {"datetime": "2020-04-25 17:52:34", "elapsed": 1862.298499, "delta": 12.66457}}
{"target": 0.6404302, "params": {"alpha": 0.40289910173144705, "colsample_bytree": 0.7107134343608259, "lam": 0.03821972049289124, "max_depth": 6.673812472363139, "min_child_weight": 5.651079683881139, "subsample": 0.8786809927621948}, "datetime": {"datetime": "2020-04-25 17:52:44", "elapsed": 1872.674528, "delta": 10.376029}}
{"target": 0.5365218, "params": {"alpha": 0.8412152355183707, "colsample_bytree": 0.851631365743921, "lam": 0.058837252451361954, "max_depth": 8.973486025812145, "min_child_weight": 1.0108417497225708, "subsample": 0.5263884055297796}, "datetime": {"datetime": "2020-04-25 17:52:53", "elapsed": 1881.339442, "delta": 8.664914}}
