{"target": 0.6003373999999999, "params": {"alpha": 0.042105895227124046, "colsample_bytree": 0.5048088352490386, "lam": 0.05320317169617972, "max_depth": 8.353053741676641, "min_child_weight": 5.892724592402757, "subsample": 0.8481240306747958}, "datetime": {"datetime": "2020-04-25 17:29:39", "elapsed": 487.438161, "delta": 3.723453}}
{"target": 0.6227094, "params": {"alpha": 0.926380816292329, "colsample_bytree": 0.6731277134450796, "lam": 0.004335243757138563, "max_depth": 7.523397706167942, "min_child_weight": 5.596714555574053, "subsample": 0.884127075820689}, "datetime": {"datetime": "2020-04-25 17:29:43", "elapsed": 491.901108, "delta": 4.462947}}
{"target": 0.625475, "params": {"alpha": 0.014029167965918798, "colsample_bytree": 0.858945303345023, "lam": 0.99440463066522, "max_depth": 8.62374366296731, "min_child_weight": 6.465806049251487, "subsample": 0.6978342868627377}, "datetime": {"datetime": "2020-04-25 17:29:48", "elapsed": 496.570828, "delta": 4.66972}}
{"target": 0.6144449999999999, "params": {"alpha": 0.44574193410790064, "colsample_bytree": 0.8878409939069021, "lam": 0.9235104300985927, "max_depth": 9.021022465679529, "min_child_weight": 3.820518333198456, "subsample": 0.6548652165513642}, "datetime": {"datetime": "2020-04-25 17:29:52", "elapsed": 501.056826, "delta": 4.485998}}
{"target": 0.6310252000000001, "params": {"alpha": 0.011089681277804186, "colsample_bytree": 0.8664258439518757, "lam": 0.6890748335363566, "max_depth": 3.993692789429899, "min_child_weight": 1.3996937005491177, "subsample": 0.8518881954886267}, "datetime": {"datetime": "2020-04-25 17:29:56", "elapsed": 504.47789, "delta": 3.421064}}
{"target": 0.6265004, "params": {"alpha": 0.30599338200877746, "colsample_bytree": 0.8757925348941182, "lam": 0.9937264799194658, "max_depth": 9.602230821859326, "min_child_weight": 6.589733285121637, "subsample": 0.6324751163044676}, "datetime": {"datetime": "2020-04-25 17:30:00", "elapsed": 508.763872, "delta": 4.285982}}
{"target": 0.6103974, "params": {"alpha": 0.06445494768089743, "colsample_bytree": 0.8578582112458029, "lam": 0.06530296163625626, "max_depth": 8.289286240036411, "min_child_weight": 1.0673353984721607, "subsample": 0.8478687899098353}, "datetime": {"datetime": "2020-04-25 17:30:04", "elapsed": 513.07668, "delta": 4.312808}}
{"target": 0.6144232, "params": {"alpha": 0.01516672267877317, "colsample_bytree": 0.8763855053147112, "lam": 0.9599812834350852, "max_depth": 5.368111344643467, "min_child_weight": 3.961767845180555, "subsample": 0.6029718847417618}, "datetime": {"datetime": "2020-04-25 17:30:09", "elapsed": 517.568629, "delta": 4.491949}}
{"target": 0.6128156, "params": {"alpha": 0.9597526159404323, "colsample_bytree": 0.8989261296617291, "lam": 0.041898757872715575, "max_depth": 8.247347989018612, "min_child_weight": 5.0485922364060745, "subsample": 0.5105788172319105}, "datetime": {"datetime": "2020-04-25 17:30:13", "elapsed": 521.966438, "delta": 4.397809}}
{"target": 0.626494, "params": {"alpha": 0.9893501139875231, "colsample_bytree": 0.6256051650662012, "lam": 0.0643439157452198, "max_depth": 8.682381008290257, "min_child_weight": 8.659479366536445, "subsample": 0.830564627994323}, "datetime": {"datetime": "2020-04-25 17:30:18", "elapsed": 526.425473, "delta": 4.459035}}
{"target": 0.5941732, "params": {"alpha": 0.9999999996390702, "colsample_bytree": 0.5039195544361924, "lam": 0.9999999978573804, "max_depth": 6.154536048401422, "min_child_weight": 2.065652963541157, "subsample": 0.89999999788901}, "datetime": {"datetime": "2020-04-25 17:30:22", "elapsed": 530.518972, "delta": 4.093499}}
{"target": 0.6290766000000001, "params": {"alpha": 1.0, "colsample_bytree": 0.9, "lam": 0.9999999922106081, "max_depth": 4.6403166555202535, "min_child_weight": 7.57310583567309, "subsample": 0.8999999952247647}, "datetime": {"datetime": "2020-04-25 17:30:26", "elapsed": 534.41239, "delta": 3.893418}}
{"target": 0.6230169999999999, "params": {"alpha": 0.968315716587143, "colsample_bytree": 0.8897500516602745, "lam": 0.23283332425079106, "max_depth": 4.4296363917912664, "min_child_weight": 5.613711424340751, "subsample": 0.8609503404464587}, "datetime": {"datetime": "2020-04-25 17:30:30", "elapsed": 538.626708, "delta": 4.214318}}
{"target": 0.6200182, "params": {"alpha": 0.8177969613178981, "colsample_bytree": 0.8540428199545225, "lam": 0.009647059674481873, "max_depth": 4.362801879937488, "min_child_weight": 7.292426994058826, "subsample": 0.5193618602478011}, "datetime": {"datetime": "2020-04-25 17:30:35", "elapsed": 543.349917, "delta": 4.723209}}
{"target": 0.5907416000000001, "params": {"alpha": 0.0, "colsample_bytree": 0.500000044295462, "lam": 0.0, "max_depth": 9.563262818192403, "min_child_weight": 9.425211721703151, "subsample": 0.5000000219620764}, "datetime": {"datetime": "2020-04-25 17:30:39", "elapsed": 547.879423, "delta": 4.529506}}
{"target": 0.6421044, "params": {"alpha": 0.1078685181407566, "colsample_bytree": 0.8600480327547804, "lam": 0.5842261661882349, "max_depth": 9.940644583983792, "min_child_weight": 9.3868071835475, "subsample": 0.8901386865554386}, "datetime": {"datetime": "2020-04-25 17:30:43", "elapsed": 551.8056, "delta": 3.926177}}
{"target": 0.6371004, "params": {"alpha": 0.4668158405336015, "colsample_bytree": 0.8873124409957454, "lam": 0.36008210004123387, "max_depth": 9.225956223736466, "min_child_weight": 6.610254416999825, "subsample": 0.8968280135555906}, "datetime": {"datetime": "2020-04-25 17:30:47", "elapsed": 556.137269, "delta": 4.331669}}
{"target": 0.6159475999999999, "params": {"alpha": 0.1841930332375179, "colsample_bytree": 0.8603120862562255, "lam": 0.07698363115733797, "max_depth": 9.778556497604662, "min_child_weight": 5.8837408716154425, "subsample": 0.5197254722364226}, "datetime": {"datetime": "2020-04-25 17:30:52", "elapsed": 560.959755, "delta": 4.822486}}
{"target": 0.6274764, "params": {"alpha": 0.9606052117796556, "colsample_bytree": 0.8078226127870305, "lam": 0.024622174250902518, "max_depth": 3.5669823451883746, "min_child_weight": 7.6508305557675405, "subsample": 0.6885252825347856}, "datetime": {"datetime": "2020-04-25 17:30:56", "elapsed": 565.052205, "delta": 4.09245}}
{"target": 0.6296654, "params": {"alpha": 0.014957968242048314, "colsample_bytree": 0.8535759580128792, "lam": 0.18162088414283561, "max_depth": 4.611335035133576, "min_child_weight": 5.845069454915235, "subsample": 0.7741497883347064}, "datetime": {"datetime": "2020-04-25 17:31:00", "elapsed": 568.988221, "delta": 3.936016}}
{"target": 0.6317196, "params": {"alpha": 0.17448133387487763, "colsample_bytree": 0.8812366190403218, "lam": 0.04764013929663369, "max_depth": 4.964882273999119, "min_child_weight": 6.6869722210928, "subsample": 0.8936543302697488}, "datetime": {"datetime": "2020-04-25 17:31:06", "elapsed": 574.31295, "delta": 5.324729}}
{"target": 0.6001065999999999, "params": {"alpha": 0.08443519510871478, "colsample_bytree": 0.8997977656867916, "lam": 0.9976856509965815, "max_depth": 9.190979876697632, "min_child_weight": 1.084623481706374, "subsample": 0.5593089969813235}, "datetime": {"datetime": "2020-04-25 17:31:11", "elapsed": 579.407356, "delta": 5.094406}}
{"target": 0.6016624, "params": {"alpha": 0.015642448930517028, "colsample_bytree": 0.8642903727102783, "lam": 0.9271935738670097, "max_depth": 3.2650964995764786, "min_child_weight": 4.307611893656249, "subsample": 0.5550959049059119}, "datetime": {"datetime": "2020-04-25 17:31:14", "elapsed": 582.969773, "delta": 3.562417}}
{"target": 0.6270958, "params": {"alpha": 0.008433499726294147, "colsample_bytree": 0.8423739418596525, "lam": 0.5300010879133606, "max_depth": 4.405226171521523, "min_child_weight": 4.969094544838325, "subsample": 0.8320174853111977}, "datetime": {"datetime": "2020-04-25 17:31:19", "elapsed": 587.583086, "delta": 4.613313}}
{"target": 0.6315146, "params": {"alpha": 0.12453728751919024, "colsample_bytree": 0.8860892379552044, "lam": 0.980482566299012, "max_depth": 5.281353553690646, "min_child_weight": 2.5298677167565913, "subsample": 0.8992096477609051}, "datetime": {"datetime": "2020-04-25 17:31:24", "elapsed": 592.308803, "delta": 4.725717}}
{"target": 0.6162482, "params": {"alpha": 0.031928941427707525, "colsample_bytree": 0.8925458108607145, "lam": 0.8928103168753994, "max_depth": 3.8210342977245157, "min_child_weight": 7.721685732590545, "subsample": 0.8536431590349303}, "datetime": {"datetime": "2020-04-25 17:31:28", "elapsed": 596.52934, "delta": 4.220537}}
{"target": 0.6301764, "params": {"alpha": 0.05126816962144298, "colsample_bytree": 0.8854002649818042, "lam": 0.8647831590050753, "max_depth": 8.01329913156564, "min_child_weight": 9.844779233611206, "subsample": 0.698285734604303}, "datetime": {"datetime": "2020-04-25 17:31:33", "elapsed": 601.733133, "delta": 5.203793}}
{"target": 0.6161871999999999, "params": {"alpha": 0.013493016937908053, "colsample_bytree": 0.8747358096669143, "lam": 0.9516331728789695, "max_depth": 7.235902141479047, "min_child_weight": 5.002324629806171, "subsample": 0.5203431232339506}, "datetime": {"datetime": "2020-04-25 17:31:38", "elapsed": 607.081943, "delta": 5.34881}}
{"target": 0.6133430000000001, "params": {"alpha": 0.9503311978315166, "colsample_bytree": 0.8550220758919989, "lam": 0.7964244921230852, "max_depth": 3.875817231926915, "min_child_weight": 8.195288745493858, "subsample": 0.5417027246433562}, "datetime": {"datetime": "2020-04-25 17:31:43", "elapsed": 611.659727, "delta": 4.577784}}
{"target": 0.6168124, "params": {"alpha": 0.9723436575041406, "colsample_bytree": 0.8937144612264376, "lam": 0.005218567100948479, "max_depth": 9.899428175340066, "min_child_weight": 4.7965954006138, "subsample": 0.7517138744344074}, "datetime": {"datetime": "2020-04-25 17:31:48", "elapsed": 616.773531, "delta": 5.113804}}
{"target": 0.637763, "params": {"alpha": 0.1727513263689937, "colsample_bytree": 0.8788195621771876, "lam": 0.08072329317590621, "max_depth": 5.2926528399819315, "min_child_weight": 8.924558663437903, "subsample": 0.8850750381581234}, "datetime": {"datetime": "2020-04-25 17:31:52", "elapsed": 621.196053, "delta": 4.422522}}
{"target": 0.6326284, "params": {"alpha": 0.9999999982435855, "colsample_bytree": 0.9, "lam": 0.9999999994081222, "max_depth": 8.332220177715115, "min_child_weight": 9.999999999868582, "subsample": 0.8999999979918734}, "datetime": {"datetime": "2020-04-25 17:31:58", "elapsed": 626.578808, "delta": 5.382755}}
{"target": 0.5902354000000001, "params": {"alpha": 0.12069953295747671, "colsample_bytree": 0.8287143435657474, "lam": 0.047973520925504554, "max_depth": 3.015042697493279, "min_child_weight": 9.999964371936624, "subsample": 0.5220054100390481}, "datetime": {"datetime": "2020-04-25 17:32:02", "elapsed": 630.961587, "delta": 4.382779}}
{"target": 0.6393262, "params": {"alpha": 0.11878989526978134, "colsample_bytree": 0.8992697051302929, "lam": 0.15846113243054372, "max_depth": 8.363429934992165, "min_child_weight": 9.759043305054046, "subsample": 0.8655301971602788}, "datetime": {"datetime": "2020-04-25 17:32:06", "elapsed": 634.813452, "delta": 3.851865}}
{"target": 0.6401272, "params": {"alpha": 0.02187840391182372, "colsample_bytree": 0.8901648259552197, "lam": 0.9669449376725248, "max_depth": 5.1956055274008435, "min_child_weight": 8.485434168458799, "subsample": 0.8836418862961191}, "datetime": {"datetime": "2020-04-25 17:32:11", "elapsed": 639.41826, "delta": 4.604808}}
{"target": 0.642676, "params": {"alpha": 0.9903801526563053, "colsample_bytree": 0.8864521221719841, "lam": 0.4565061370446478, "max_depth": 5.203221357093847, "min_child_weight": 1.094820840629184, "subsample": 0.894430795802684}, "datetime": {"datetime": "2020-04-25 17:32:16", "elapsed": 645.174565, "delta": 5.756305}}
{"target": 0.6300576, "params": {"alpha": 0.8327255326860131, "colsample_bytree": 0.8978492537153568, "lam": 0.8170745169903263, "max_depth": 5.476208264218065, "min_child_weight": 3.322423905050406, "subsample": 0.8903418653245001}, "datetime": {"datetime": "2020-04-25 17:32:21", "elapsed": 649.784407, "delta": 4.609842}}
{"target": 0.5916148000000001, "params": {"alpha": 0.9265558320058227, "colsample_bytree": 0.5321011717004809, "lam": 0.9879908874758381, "max_depth": 6.961907244569294, "min_child_weight": 9.988081025588349, "subsample": 0.6073933883499414}, "datetime": {"datetime": "2020-04-25 17:32:26", "elapsed": 654.256499, "delta": 4.472092}}
{"target": 0.6334416, "params": {"alpha": 0.9814968436121891, "colsample_bytree": 0.8668857306087514, "lam": 0.011860840252897908, "max_depth": 7.807982724570566, "min_child_weight": 8.673836165272096, "subsample": 0.630685897130402}, "datetime": {"datetime": "2020-04-25 17:32:30", "elapsed": 658.511988, "delta": 4.255489}}
{"target": 0.626886, "params": {"alpha": 0.9490937967882356, "colsample_bytree": 0.890703922106469, "lam": 0.5884556864799914, "max_depth": 8.34841559102243, "min_child_weight": 8.581543028505816, "subsample": 0.5241124051850857}, "datetime": {"datetime": "2020-04-25 17:32:34", "elapsed": 662.965429, "delta": 4.453441}}
{"target": 0.6333946, "params": {"alpha": 0.34972888714535244, "colsample_bytree": 0.8544605023121299, "lam": 0.013067196236955514, "max_depth": 5.872620438104036, "min_child_weight": 6.385558411218128, "subsample": 0.8649496308474902}, "datetime": {"datetime": "2020-04-25 17:32:38", "elapsed": 667.163673, "delta": 4.198244}}
{"target": 0.6346248000000001, "params": {"alpha": 0.9962641022440355, "colsample_bytree": 0.9, "lam": 0.0, "max_depth": 4.727552142549708, "min_child_weight": 9.999999998453832, "subsample": 0.8999999993016761}, "datetime": {"datetime": "2020-04-25 17:32:43", "elapsed": 671.617943, "delta": 4.45427}}
{"target": 0.6197666, "params": {"alpha": 0.34642176282566484, "colsample_bytree": 0.8375387748188445, "lam": 0.07360617563848948, "max_depth": 8.631512903179171, "min_child_weight": 4.9748038469041465, "subsample": 0.8976416455697144}, "datetime": {"datetime": "2020-04-25 17:32:47", "elapsed": 675.778702, "delta": 4.160759}}
{"target": 0.6119414000000001, "params": {"alpha": 0.9321748402209636, "colsample_bytree": 0.8982168588667994, "lam": 0.3326743370952978, "max_depth": 8.92554547455411, "min_child_weight": 2.75870873451297, "subsample": 0.8573561333258433}, "datetime": {"datetime": "2020-04-25 17:32:53", "elapsed": 681.390733, "delta": 5.612031}}
{"target": 0.6075189999999999, "params": {"alpha": 0.9418643336462933, "colsample_bytree": 0.8882367774011489, "lam": 0.058602139510221085, "max_depth": 6.505991077253896, "min_child_weight": 1.0989395746782649, "subsample": 0.8976517711458052}, "datetime": {"datetime": "2020-04-25 17:32:59", "elapsed": 687.349345, "delta": 5.958612}}
{"target": 0.637616, "params": {"alpha": 0.011998572625731785, "colsample_bytree": 0.8027230902655007, "lam": 0.010593512184330245, "max_depth": 6.5460088645342065, "min_child_weight": 4.086649684569822, "subsample": 0.8960013127738204}, "datetime": {"datetime": "2020-04-25 17:33:04", "elapsed": 692.304498, "delta": 4.955153}}
{"target": 0.6286001999999999, "params": {"alpha": 0.9999999987634229, "colsample_bytree": 0.8999999995199138, "lam": 0.9999999989990387, "max_depth": 8.753143630880503, "min_child_weight": 7.156486851336992, "subsample": 0.9}, "datetime": {"datetime": "2020-04-25 17:33:08", "elapsed": 697.136352, "delta": 4.831854}}
{"target": 0.6313954, "params": {"alpha": 0.5474974347590933, "colsample_bytree": 0.8388120685048666, "lam": 0.053363587777759514, "max_depth": 7.953355772751078, "min_child_weight": 6.2238924944196885, "subsample": 0.5476917068694549}, "datetime": {"datetime": "2020-04-25 17:33:14", "elapsed": 702.599686, "delta": 5.463334}}
{"target": 0.6373226, "params": {"alpha": 0.20378692685203337, "colsample_bytree": 0.8786857970440403, "lam": 0.12748706366798157, "max_depth": 6.442028988619455, "min_child_weight": 9.871766341824609, "subsample": 0.8691542143292945}, "datetime": {"datetime": "2020-04-25 17:33:19", "elapsed": 708.123559, "delta": 5.523873}}
{"target": 0.613193, "params": {"alpha": 0.9567850242834566, "colsample_bytree": 0.8950411019315676, "lam": 0.0077120230869103246, "max_depth": 7.948938208518102, "min_child_weight": 3.8095544411146465, "subsample": 0.8102945135867909}, "datetime": {"datetime": "2020-04-25 17:33:24", "elapsed": 712.50219, "delta": 4.378631}}
{"target": 0.641736, "params": {"alpha": 0.5385657095971593, "colsample_bytree": 0.8970953849085941, "lam": 0.8800364392050726, "max_depth": 8.36639337572225, "min_child_weight": 8.228095394663896, "subsample": 0.8856626984082527}, "datetime": {"datetime": "2020-04-25 17:33:30", "elapsed": 718.408861, "delta": 5.906671}}
{"target": 0.6205024, "params": {"alpha": 0.19312016190594727, "colsample_bytree": 0.8928185088078429, "lam": 0.6760571049773538, "max_depth": 4.074328808099542, "min_child_weight": 2.599659436560872, "subsample": 0.8994696784616072}, "datetime": {"datetime": "2020-04-25 17:33:35", "elapsed": 723.731994, "delta": 5.323133}}
{"target": 0.5893754, "params": {"alpha": 0.0, "colsample_bytree": 0.5, "lam": 1.0, "max_depth": 9.99999996559149, "min_child_weight": 7.875834297247294, "subsample": 0.9}, "datetime": {"datetime": "2020-04-25 17:33:41", "elapsed": 729.283727, "delta": 5.551733}}
{"target": 0.6314098, "params": {"alpha": 0.2355394645423723, "colsample_bytree": 0.8546280880313402, "lam": 0.0007443342277274612, "max_depth": 3.9079244486437767, "min_child_weight": 7.204299860303832, "subsample": 0.8598685486853712}, "datetime": {"datetime": "2020-04-25 17:33:45", "elapsed": 733.60333, "delta": 4.319603}}
{"target": 0.5957193999999999, "params": {"alpha": 0.08814069922267875, "colsample_bytree": 0.836627912607345, "lam": 0.9820997463352529, "max_depth": 8.859103616369524, "min_child_weight": 1.0339020458824129, "subsample": 0.875910553955203}, "datetime": {"datetime": "2020-04-25 17:33:51", "elapsed": 739.230755, "delta": 5.627425}}
{"target": 0.6347822000000001, "params": {"alpha": 0.4089295274560799, "colsample_bytree": 0.8776600249810007, "lam": 0.13141770216668813, "max_depth": 8.913280656978301, "min_child_weight": 8.083265922046863, "subsample": 0.8878507349928952}, "datetime": {"datetime": "2020-04-25 17:33:56", "elapsed": 744.610309, "delta": 5.379554}}
{"target": 0.6265183999999999, "params": {"alpha": 0.412154601227129, "colsample_bytree": 0.8818316746731744, "lam": 0.9379763213348351, "max_depth": 8.505479273185205, "min_child_weight": 7.121661365739082, "subsample": 0.8784988944715861}, "datetime": {"datetime": "2020-04-25 17:34:01", "elapsed": 749.716675, "delta": 5.106366}}
{"target": 0.5986798, "params": {"alpha": 0.03256259251079119, "colsample_bytree": 0.8959359019289244, "lam": 0.9342616132655375, "max_depth": 7.0599317541691295, "min_child_weight": 1.0438911132210331, "subsample": 0.5210547342929489}, "datetime": {"datetime": "2020-04-25 17:34:06", "elapsed": 754.394774, "delta": 4.678099}}
{"target": 0.6381464, "params": {"alpha": 0.9882510712337227, "colsample_bytree": 0.8582452090718252, "lam": 0.5677155612997746, "max_depth": 5.302743274149757, "min_child_weight": 4.8525782977691385, "subsample": 0.8911976071412742}, "datetime": {"datetime": "2020-04-25 17:34:11", "elapsed": 759.571869, "delta": 5.177095}}
{"target": 0.6363458, "params": {"alpha": 0.3982697114818403, "colsample_bytree": 0.8712639587511276, "lam": 0.03050557503041995, "max_depth": 8.780195676063908, "min_child_weight": 6.3003053432348635, "subsample": 0.7437239395173499}, "datetime": {"datetime": "2020-04-25 17:34:17", "elapsed": 765.686555, "delta": 6.114686}}
{"target": 0.6281054000000001, "params": {"alpha": 0.9968480933551123, "colsample_bytree": 0.8788908892497793, "lam": 0.07035414102970339, "max_depth": 3.6108276099874206, "min_child_weight": 8.859804832331513, "subsample": 0.8959008804847582}, "datetime": {"datetime": "2020-04-25 17:34:22", "elapsed": 770.432857, "delta": 4.746302}}
{"target": 0.6358415999999999, "params": {"alpha": 0.003923514496443681, "colsample_bytree": 0.8424148132474136, "lam": 0.8475821977066182, "max_depth": 8.647814214213602, "min_child_weight": 8.7108548134434, "subsample": 0.8934171075235451}, "datetime": {"datetime": "2020-04-25 17:34:28", "elapsed": 776.510937, "delta": 6.07808}}
{"target": 0.6403398, "params": {"alpha": 0.7549487341913425, "colsample_bytree": 0.8818148013969819, "lam": 0.9621432658012079, "max_depth": 6.221800222882225, "min_child_weight": 9.94359257470339, "subsample": 0.6026864769329167}, "datetime": {"datetime": "2020-04-25 17:34:35", "elapsed": 783.522104, "delta": 7.011167}}
{"target": 0.6205816000000001, "params": {"alpha": 0.20725027096487147, "colsample_bytree": 0.8907239852906645, "lam": 0.9780477221205635, "max_depth": 8.515399704320794, "min_child_weight": 5.307526501257109, "subsample": 0.5472150445050054}, "datetime": {"datetime": "2020-04-25 17:34:40", "elapsed": 788.587598, "delta": 5.065494}}
{"target": 0.6261163999999999, "params": {"alpha": 0.5060530736283942, "colsample_bytree": 0.8682626166354355, "lam": 0.4530413017836157, "max_depth": 4.715995166634446, "min_child_weight": 1.3324772115010322, "subsample": 0.8908655301011834}, "datetime": {"datetime": "2020-04-25 17:34:46", "elapsed": 794.958841, "delta": 6.371243}}
{"target": 0.6222006, "params": {"alpha": 0.0, "colsample_bytree": 0.9, "lam": 0.9999999979788352, "max_depth": 9.876577486725566, "min_child_weight": 4.570699281815841, "subsample": 0.8999999991256178}, "datetime": {"datetime": "2020-04-25 17:34:52", "elapsed": 800.810327, "delta": 5.851486}}
{"target": 0.639749, "params": {"alpha": 0.3810157498535377, "colsample_bytree": 0.8873670507627351, "lam": 0.0036910764135341667, "max_depth": 9.92599643253832, "min_child_weight": 9.507729021059594, "subsample": 0.7579105499874805}, "datetime": {"datetime": "2020-04-25 17:34:58", "elapsed": 806.222952, "delta": 5.412625}}
