{"target": 0.6278608, "params": {"alpha": 0.9999999976601518, "colsample_bytree": 0.8999999995337765, "lam": 0.9999999823285419, "max_depth": 9.999999913105361, "min_child_weight": 9.99999999823994, "subsample": 0.5}, "datetime": {"datetime": "2020-04-24 20:09:15", "elapsed": 458.378523, "delta": 3.745848}}
{"target": 0.6320028000000001, "params": {"alpha": 0.989833483474472, "colsample_bytree": 0.9, "lam": 0.022491013431982464, "max_depth": 8.453437182474085, "min_child_weight": 10.0, "subsample": 0.8999999716290777}, "datetime": {"datetime": "2020-04-24 20:09:19", "elapsed": 462.311258, "delta": 3.932735}}
{"target": 0.638767, "params": {"alpha": 0.08608912152153936, "colsample_bytree": 0.8033993683322478, "lam": 0.9865857274215913, "max_depth": 5.640443108127512, "min_child_weight": 1.0502325641492962, "subsample": 0.8740327321474708}, "datetime": {"datetime": "2020-04-24 20:09:22", "elapsed": 465.8017, "delta": 3.490442}}
{"target": 0.640944, "params": {"alpha": 0.03467342172809207, "colsample_bytree": 0.8485128795328281, "lam": 0.8920552333415444, "max_depth": 6.249869557025432, "min_child_weight": 8.067933639369237, "subsample": 0.8008482230370071}, "datetime": {"datetime": "2020-04-24 20:09:26", "elapsed": 469.080001, "delta": 3.278301}}
{"target": 0.6294090000000001, "params": {"alpha": 0.011027204400803403, "colsample_bytree": 0.8056383985990225, "lam": 0.025162161210849576, "max_depth": 4.561969689994013, "min_child_weight": 5.808196099488237, "subsample": 0.8975507465053651}, "datetime": {"datetime": "2020-04-24 20:09:29", "elapsed": 472.833653, "delta": 3.753652}}
{"target": 0.6213554, "params": {"alpha": 0.5556043076961048, "colsample_bytree": 0.8980036288992268, "lam": 0.6420418114305351, "max_depth": 9.462605605141084, "min_child_weight": 4.478021630755301, "subsample": 0.5071806987106137}, "datetime": {"datetime": "2020-04-24 20:09:34", "elapsed": 477.648163, "delta": 4.81451}}
{"target": 0.6185248, "params": {"alpha": 0.9411145731278184, "colsample_bytree": 0.8792430236375994, "lam": 0.005230822343987973, "max_depth": 4.447691780759927, "min_child_weight": 3.6414936144504066, "subsample": 0.8782568212528385}, "datetime": {"datetime": "2020-04-24 20:09:38", "elapsed": 481.270242, "delta": 3.622079}}
{"target": 0.6498809999999999, "params": {"alpha": 0.0032626108870451587, "colsample_bytree": 0.7992938860118238, "lam": 0.003245707451656421, "max_depth": 6.93858682619927, "min_child_weight": 8.541147809368553, "subsample": 0.8770200458300891}, "datetime": {"datetime": "2020-04-24 20:09:42", "elapsed": 485.408382, "delta": 4.13814}}
{"target": 0.6373874, "params": {"alpha": 0.017875742606135003, "colsample_bytree": 0.7935546809577677, "lam": 0.07194123711619294, "max_depth": 8.713788901499308, "min_child_weight": 9.99496389934829, "subsample": 0.781476114326199}, "datetime": {"datetime": "2020-04-24 20:09:46", "elapsed": 489.437788, "delta": 4.029406}}
{"target": 0.6190946, "params": {"alpha": 0.006520352477890068, "colsample_bytree": 0.8956771087237144, "lam": 0.7523189907071652, "max_depth": 3.9009554412647187, "min_child_weight": 4.91886899587753, "subsample": 0.8753725100715102}, "datetime": {"datetime": "2020-04-24 20:09:49", "elapsed": 492.819391, "delta": 3.381603}}
{"target": 0.6405643999999999, "params": {"alpha": 0.012226948239991486, "colsample_bytree": 0.8596179527119552, "lam": 0.9243796578207785, "max_depth": 5.340907370294284, "min_child_weight": 5.198898349756224, "subsample": 0.8811250977316887}, "datetime": {"datetime": "2020-04-24 20:09:53", "elapsed": 496.263078, "delta": 3.443687}}
{"target": 0.6073274, "params": {"alpha": 0.9809253797515867, "colsample_bytree": 0.8835956373625589, "lam": 0.8813959075706179, "max_depth": 9.974739473236948, "min_child_weight": 2.7715561779649716, "subsample": 0.511379210083409}, "datetime": {"datetime": "2020-04-24 20:09:57", "elapsed": 500.058752, "delta": 3.795674}}
{"target": 0.6205019999999999, "params": {"alpha": 0.0, "colsample_bytree": 0.8999999999999786, "lam": 0.9740712161296297, "max_depth": 4.22137895257336, "min_child_weight": 1.0, "subsample": 0.8950922435182898}, "datetime": {"datetime": "2020-04-24 20:10:00", "elapsed": 503.887127, "delta": 3.828375}}
{"target": 0.6065114, "params": {"alpha": 1.401475844589592e-10, "colsample_bytree": 0.8999999999297302, "lam": 0.0, "max_depth": 3.0000000008100796, "min_child_weight": 1.7824136044284127, "subsample": 0.9}, "datetime": {"datetime": "2020-04-24 20:10:05", "elapsed": 508.135815, "delta": 4.248688}}
{"target": 0.6359489999999999, "params": {"alpha": 0.14925380784558162, "colsample_bytree": 0.8986318955083463, "lam": 0.9798033422962723, "max_depth": 5.10908525875081, "min_child_weight": 1.780011442886988, "subsample": 0.7782612724047009}, "datetime": {"datetime": "2020-04-24 20:10:09", "elapsed": 512.934717, "delta": 4.798902}}
{"target": 0.6283888, "params": {"alpha": 0.07308434023395949, "colsample_bytree": 0.6806450994280575, "lam": 0.9816129241356752, "max_depth": 6.313443697451367, "min_child_weight": 6.344200376608039, "subsample": 0.8755495900482486}, "datetime": {"datetime": "2020-04-24 20:10:13", "elapsed": 516.72032, "delta": 3.785603}}
{"target": 0.6284388000000001, "params": {"alpha": 0.03657158770299562, "colsample_bytree": 0.897768047672312, "lam": 0.9804137806015178, "max_depth": 7.9213604100550725, "min_child_weight": 3.4778371577207796, "subsample": 0.5284623658962287}, "datetime": {"datetime": "2020-04-24 20:10:17", "elapsed": 520.233666, "delta": 3.513346}}
{"target": 0.6352608000000001, "params": {"alpha": 0.5188134827600861, "colsample_bytree": 0.8636602285113861, "lam": 0.046008783830732924, "max_depth": 6.823925155052138, "min_child_weight": 9.18105044412815, "subsample": 0.8875699739805931}, "datetime": {"datetime": "2020-04-24 20:10:21", "elapsed": 524.202689, "delta": 3.969023}}
{"target": 0.6296826, "params": {"alpha": 0.9009742111955152, "colsample_bytree": 0.8853319251898232, "lam": 0.7154630910979687, "max_depth": 3.9595810268638574, "min_child_weight": 8.460746070345216, "subsample": 0.8664661117554273}, "datetime": {"datetime": "2020-04-24 20:10:25", "elapsed": 528.283348, "delta": 4.080659}}
{"target": 0.6327136, "params": {"alpha": 0.6077321240063636, "colsample_bytree": 0.8860296040188052, "lam": 0.06551490953631744, "max_depth": 9.993647324641364, "min_child_weight": 7.093402372584737, "subsample": 0.7871263418543284}, "datetime": {"datetime": "2020-04-24 20:10:29", "elapsed": 532.160831, "delta": 3.877483}}
{"target": 0.6296392, "params": {"alpha": 0.8525624214770536, "colsample_bytree": 0.8797884034718821, "lam": 0.05460900910348232, "max_depth": 9.091615764678219, "min_child_weight": 9.372919911492785, "subsample": 0.5617755465573943}, "datetime": {"datetime": "2020-04-24 20:10:33", "elapsed": 536.426536, "delta": 4.265705}}
{"target": 0.6300134000000001, "params": {"alpha": 0.8532394737484719, "colsample_bytree": 0.8997546866107415, "lam": 0.03022918910484529, "max_depth": 5.455044903826495, "min_child_weight": 9.988710968148109, "subsample": 0.8957066246369084}, "datetime": {"datetime": "2020-04-24 20:10:36", "elapsed": 540.008027, "delta": 3.581491}}
{"target": 0.6253132, "params": {"alpha": 0.9699451345391157, "colsample_bytree": 0.8904132309133839, "lam": 0.7214606049011673, "max_depth": 6.488272478637008, "min_child_weight": 6.355977993953424, "subsample": 0.5372572925707405}, "datetime": {"datetime": "2020-04-24 20:10:40", "elapsed": 543.513446, "delta": 3.505419}}
{"target": 0.6400872, "params": {"alpha": 0.8970420699354505, "colsample_bytree": 0.7457034159360236, "lam": 0.019777062373937837, "max_depth": 6.268838079785793, "min_child_weight": 4.898641135858556, "subsample": 0.8901681413457017}, "datetime": {"datetime": "2020-04-24 20:10:44", "elapsed": 547.338131, "delta": 3.824685}}
{"target": 0.6335838, "params": {"alpha": 0.9395779813704045, "colsample_bytree": 0.8779837746017118, "lam": 0.49040138910962805, "max_depth": 5.4678387403109365, "min_child_weight": 4.804479227573186, "subsample": 0.8922118226711069}, "datetime": {"datetime": "2020-04-24 20:10:48", "elapsed": 551.996637, "delta": 4.658506}}
{"target": 0.6436896, "params": {"alpha": 1.0, "colsample_bytree": 0.9, "lam": 1.0, "max_depth": 9.161476927108906, "min_child_weight": 9.724525074478573, "subsample": 0.8999999826580474}, "datetime": {"datetime": "2020-04-24 20:10:54", "elapsed": 557.131362, "delta": 5.134725}}
{"target": 0.5902374, "params": {"alpha": 0.9725359188346668, "colsample_bytree": 0.5000066579812718, "lam": 0.21491165761204312, "max_depth": 6.657958847181167, "min_child_weight": 4.399582792104217, "subsample": 0.896018689911779}, "datetime": {"datetime": "2020-04-24 20:10:58", "elapsed": 561.100785, "delta": 3.969423}}
{"target": 0.6296968000000001, "params": {"alpha": 0.5957434681957252, "colsample_bytree": 0.8961687148012901, "lam": 0.007078673216281639, "max_depth": 7.213436549939159, "min_child_weight": 5.510948272539865, "subsample": 0.8411057634280281}, "datetime": {"datetime": "2020-04-24 20:11:01", "elapsed": 564.547783, "delta": 3.446998}}
{"target": 0.6430298000000001, "params": {"alpha": 0.4585435887786018, "colsample_bytree": 0.8400013170911607, "lam": 0.039052886035825574, "max_depth": 5.420712060452471, "min_child_weight": 5.010134663357125, "subsample": 0.8727266182245257}, "datetime": {"datetime": "2020-04-24 20:11:06", "elapsed": 569.687626, "delta": 5.139843}}
{"target": 0.6342930000000001, "params": {"alpha": 0.9135652483729243, "colsample_bytree": 0.8927545182482717, "lam": 0.012800959782735988, "max_depth": 5.5639728419982335, "min_child_weight": 4.127524344399192, "subsample": 0.6012179525351996}, "datetime": {"datetime": "2020-04-24 20:11:11", "elapsed": 574.292727, "delta": 4.605101}}
{"target": 0.630549, "params": {"alpha": 0.9505725253451782, "colsample_bytree": 0.896309888800556, "lam": 0.8901743876780323, "max_depth": 4.827530807520712, "min_child_weight": 6.95704709726861, "subsample": 0.8750847763710117}, "datetime": {"datetime": "2020-04-24 20:11:15", "elapsed": 578.592561, "delta": 4.299834}}
{"target": 0.6303718, "params": {"alpha": 0.12573952264355193, "colsample_bytree": 0.899999996500392, "lam": 0.961669708828231, "max_depth": 7.011598923236292, "min_child_weight": 6.912775108837877, "subsample": 0.8999999971326492}, "datetime": {"datetime": "2020-04-24 20:11:19", "elapsed": 582.862355, "delta": 4.269794}}
{"target": 0.6338722, "params": {"alpha": 0.9999999928333144, "colsample_bytree": 0.8585844152298434, "lam": 0.0, "max_depth": 5.526141646462972, "min_child_weight": 4.6411778442740665, "subsample": 0.9}, "datetime": {"datetime": "2020-04-24 20:11:24", "elapsed": 587.226885, "delta": 4.36453}}
{"target": 0.6297408000000001, "params": {"alpha": 0.0059132129812636824, "colsample_bytree": 0.5953845544426826, "lam": 0.0678149673635573, "max_depth": 5.644176332844426, "min_child_weight": 5.156929737639814, "subsample": 0.8787243269951837}, "datetime": {"datetime": "2020-04-24 20:11:28", "elapsed": 591.560538, "delta": 4.333653}}
{"target": 0.6190102, "params": {"alpha": 0.7807214436651206, "colsample_bytree": 0.644829155721643, "lam": 0.9928875382703769, "max_depth": 6.3936721179863865, "min_child_weight": 9.991346253560602, "subsample": 0.5096650558896274}, "datetime": {"datetime": "2020-04-24 20:11:32", "elapsed": 595.691179, "delta": 4.130641}}
{"target": 0.623351, "params": {"alpha": 0.33658792173877283, "colsample_bytree": 0.8970216274616156, "lam": 0.9605679609899163, "max_depth": 5.573749429797184, "min_child_weight": 1.041895342792598, "subsample": 0.8390751315681313}, "datetime": {"datetime": "2020-04-24 20:11:36", "elapsed": 599.962533, "delta": 4.271354}}
{"target": 0.6008794, "params": {"alpha": 0.1920060458456071, "colsample_bytree": 0.5337252579837326, "lam": 0.9607710152580712, "max_depth": 6.29029739764651, "min_child_weight": 1.3488119427013368, "subsample": 0.8697500432484637}, "datetime": {"datetime": "2020-04-24 20:11:41", "elapsed": 604.458488, "delta": 4.495955}}
{"target": 0.624637, "params": {"alpha": 0.9992913412639144, "colsample_bytree": 0.8707299075202808, "lam": 0.4364063851097967, "max_depth": 3.8639409902981376, "min_child_weight": 1.6432510561291047, "subsample": 0.8603043973755882}, "datetime": {"datetime": "2020-04-24 20:11:45", "elapsed": 608.753016, "delta": 4.294528}}
{"target": 0.6291748, "params": {"alpha": 0.014704073604682288, "colsample_bytree": 0.8737062251027046, "lam": 0.9291205654188017, "max_depth": 6.066756725158525, "min_child_weight": 2.150948853250462, "subsample": 0.7391433428713402}, "datetime": {"datetime": "2020-04-24 20:11:50", "elapsed": 613.24469, "delta": 4.491674}}
{"target": 0.6270994, "params": {"alpha": 0.0009902907045467035, "colsample_bytree": 0.8482857166714848, "lam": 0.0189142126308941, "max_depth": 3.5428954113492255, "min_child_weight": 7.809012889905587, "subsample": 0.8935158317245719}, "datetime": {"datetime": "2020-04-24 20:11:54", "elapsed": 617.317124, "delta": 4.072434}}
{"target": 0.604201, "params": {"alpha": 0.9111363934685903, "colsample_bytree": 0.5943849418698245, "lam": 0.021230678414518978, "max_depth": 9.999153481803713, "min_child_weight": 7.788862760493823, "subsample": 0.8764832242244984}, "datetime": {"datetime": "2020-04-24 20:12:00", "elapsed": 623.24172, "delta": 5.924596}}
{"target": 0.6337569999999999, "params": {"alpha": 0.04301373915725992, "colsample_bytree": 0.6594912523618918, "lam": 0.11488593185801288, "max_depth": 6.183695793982818, "min_child_weight": 8.464497815255678, "subsample": 0.8764403005564408}, "datetime": {"datetime": "2020-04-24 20:12:05", "elapsed": 628.320736, "delta": 5.079016}}
{"target": 0.6263958000000001, "params": {"alpha": 0.006218126190120299, "colsample_bytree": 0.8854862874685371, "lam": 0.4886462559713475, "max_depth": 4.134960194172621, "min_child_weight": 8.741830079972289, "subsample": 0.885733979095175}, "datetime": {"datetime": "2020-04-24 20:12:09", "elapsed": 632.9612, "delta": 4.640464}}
{"target": 0.6407491999999999, "params": {"alpha": 0.0013168056236757542, "colsample_bytree": 0.8692756845259315, "lam": 0.9347821962778691, "max_depth": 6.629747697809675, "min_child_weight": 8.578232015179728, "subsample": 0.6261270713967362}, "datetime": {"datetime": "2020-04-24 20:12:15", "elapsed": 638.262338, "delta": 5.301138}}
{"target": 0.6207231999999999, "params": {"alpha": 0.03879934720133449, "colsample_bytree": 0.8632235405089119, "lam": 0.9560668430180318, "max_depth": 4.619861428101067, "min_child_weight": 2.433539394548853, "subsample": 0.5010771810338541}, "datetime": {"datetime": "2020-04-24 20:12:19", "elapsed": 642.86771, "delta": 4.605372}}
{"target": 0.6311984, "params": {"alpha": 0.05277263823138456, "colsample_bytree": 0.8258632709148919, "lam": 0.028618914800703443, "max_depth": 7.0159718690869495, "min_child_weight": 7.990541804730194, "subsample": 0.8695658245439325}, "datetime": {"datetime": "2020-04-24 20:12:24", "elapsed": 647.875201, "delta": 5.007491}}
{"target": 0.5940478, "params": {"alpha": 0.0, "colsample_bytree": 0.8316056369708066, "lam": 0.0, "max_depth": 3.0, "min_child_weight": 4.468972046890076, "subsample": 0.5}, "datetime": {"datetime": "2020-04-24 20:12:29", "elapsed": 652.388697, "delta": 4.513496}}
{"target": 0.6284628, "params": {"alpha": 1.0, "colsample_bytree": 0.9, "lam": 1.0, "max_depth": 5.663329868287758, "min_child_weight": 2.429663968063364, "subsample": 0.9}, "datetime": {"datetime": "2020-04-24 20:12:33", "elapsed": 656.853597, "delta": 4.4649}}
{"target": 0.6317066, "params": {"alpha": 0.7158432049530296, "colsample_bytree": 0.8999999937158019, "lam": 0.9999999991631184, "max_depth": 7.571835394195374, "min_child_weight": 10.0, "subsample": 0.9}, "datetime": {"datetime": "2020-04-24 20:12:38", "elapsed": 661.280769, "delta": 4.427172}}
{"target": 0.6225617999999999, "params": {"alpha": 0.09933046202373097, "colsample_bytree": 0.8855833031164541, "lam": 0.7528769932463868, "max_depth": 9.967317102586906, "min_child_weight": 6.922589280218543, "subsample": 0.5069726863431931}, "datetime": {"datetime": "2020-04-24 20:12:43", "elapsed": 666.858377, "delta": 5.577608}}
{"target": 0.6129916, "params": {"alpha": 0.9843455438377037, "colsample_bytree": 0.8395031913812312, "lam": 0.9630021827431823, "max_depth": 4.18628368789667, "min_child_weight": 1.239040687012626, "subsample": 0.5254995247972853}, "datetime": {"datetime": "2020-04-24 20:12:48", "elapsed": 671.200346, "delta": 4.341969}}
{"target": 0.6398971999999999, "params": {"alpha": 0.3338902902406675, "colsample_bytree": 0.8973080728252945, "lam": 0.07014986094871589, "max_depth": 6.151715339861069, "min_child_weight": 4.4594406912178215, "subsample": 0.7944792345061285}, "datetime": {"datetime": "2020-04-24 20:12:52", "elapsed": 675.716604, "delta": 4.516258}}
{"target": 0.6353166, "params": {"alpha": 0.9932658032155285, "colsample_bytree": 0.743267703982795, "lam": 0.9060114338340416, "max_depth": 7.928455587110088, "min_child_weight": 9.022875408945417, "subsample": 0.8949535928716925}, "datetime": {"datetime": "2020-04-24 20:12:58", "elapsed": 681.419844, "delta": 5.70324}}
{"target": 0.622522, "params": {"alpha": 0.6286315549489787, "colsample_bytree": 0.894705403306203, "lam": 0.6913168904226007, "max_depth": 7.084807544537693, "min_child_weight": 4.284566346613685, "subsample": 0.5010020825088823}, "datetime": {"datetime": "2020-04-24 20:13:03", "elapsed": 686.574079, "delta": 5.154235}}
{"target": 0.6246463999999999, "params": {"alpha": 0.9995457297057996, "colsample_bytree": 0.8068006241668558, "lam": 0.009398592573133024, "max_depth": 4.66851634833903, "min_child_weight": 7.299090211486458, "subsample": 0.8710904662116392}, "datetime": {"datetime": "2020-04-24 20:13:07", "elapsed": 691.008997, "delta": 4.434918}}
{"target": 0.6291158, "params": {"alpha": 0.7937379911973322, "colsample_bytree": 0.8942705958506666, "lam": 0.5601309239527376, "max_depth": 7.87926389873136, "min_child_weight": 5.064460977789949, "subsample": 0.8569046058661531}, "datetime": {"datetime": "2020-04-24 20:13:12", "elapsed": 695.879807, "delta": 4.87081}}
{"target": 0.6112382000000001, "params": {"alpha": 0.0414023885717929, "colsample_bytree": 0.8604464902760869, "lam": 0.6885872983554989, "max_depth": 6.233099131383046, "min_child_weight": 1.0108399300900883, "subsample": 0.5055842913442389}, "datetime": {"datetime": "2020-04-24 20:13:19", "elapsed": 702.194013, "delta": 6.314206}}
{"target": 0.6420248000000001, "params": {"alpha": 0.020436458713887218, "colsample_bytree": 0.8940612471392589, "lam": 0.9577705989155751, "max_depth": 5.556883025985632, "min_child_weight": 7.299432627892758, "subsample": 0.870910443063289}, "datetime": {"datetime": "2020-04-24 20:13:24", "elapsed": 707.065671, "delta": 4.871658}}
{"target": 0.6372702, "params": {"alpha": 0.07191686876902403, "colsample_bytree": 0.8885443908593974, "lam": 0.2549123244035103, "max_depth": 6.74816845266151, "min_child_weight": 8.717699318193773, "subsample": 0.8109002708815145}, "datetime": {"datetime": "2020-04-24 20:13:28", "elapsed": 711.187296, "delta": 4.121625}}
{"target": 0.6305806, "params": {"alpha": 0.0, "colsample_bytree": 0.8999999985667722, "lam": 0.9999999500346447, "max_depth": 4.0825691628663465, "min_child_weight": 6.429035007597712, "subsample": 0.8999999968337178}, "datetime": {"datetime": "2020-04-24 20:13:33", "elapsed": 716.628854, "delta": 5.441558}}
{"target": 0.6115288, "params": {"alpha": 0.017680155811610643, "colsample_bytree": 0.8874132120528335, "lam": 0.3101910406757893, "max_depth": 5.721418878189017, "min_child_weight": 1.990450602247083, "subsample": 0.8997712999196141}, "datetime": {"datetime": "2020-04-24 20:13:38", "elapsed": 721.704567, "delta": 5.075713}}
{"target": 0.6061425999999999, "params": {"alpha": 1.0, "colsample_bytree": 0.8999999987080706, "lam": 0.31625970071749154, "max_depth": 7.311084110702968, "min_child_weight": 1.6758412499203514, "subsample": 0.9}, "datetime": {"datetime": "2020-04-24 20:13:44", "elapsed": 727.296801, "delta": 5.592234}}
{"target": 0.6260901999999999, "params": {"alpha": 0.9018733658540558, "colsample_bytree": 0.9, "lam": 1.0, "max_depth": 6.919937484381237, "min_child_weight": 7.041710586883341, "subsample": 0.9}, "datetime": {"datetime": "2020-04-24 20:13:49", "elapsed": 732.530678, "delta": 5.233877}}
{"target": 0.631634, "params": {"alpha": 0.01318427351764162, "colsample_bytree": 0.8917043759027088, "lam": 0.9342679285739073, "max_depth": 5.61253514431773, "min_child_weight": 8.759160632085674, "subsample": 0.696397466880834}, "datetime": {"datetime": "2020-04-24 20:13:55", "elapsed": 738.755905, "delta": 6.225227}}
{"target": 0.6366963999999999, "params": {"alpha": 0.5281364062696124, "colsample_bytree": 0.8915704660092606, "lam": 0.9973652258810374, "max_depth": 8.04020060473375, "min_child_weight": 7.834757184977329, "subsample": 0.8760463746524267}, "datetime": {"datetime": "2020-04-24 20:14:00", "elapsed": 743.817316, "delta": 5.061411}}
{"target": 0.63117, "params": {"alpha": 0.011191703655201057, "colsample_bytree": 0.8898573076381375, "lam": 0.11199291168183201, "max_depth": 9.793814645865492, "min_child_weight": 9.97038676504622, "subsample": 0.5099282207048921}, "datetime": {"datetime": "2020-04-24 20:14:06", "elapsed": 749.96367, "delta": 6.146354}}
{"target": 0.6359138, "params": {"alpha": 0.9895620762908321, "colsample_bytree": 0.8501325086133185, "lam": 0.009319579977517978, "max_depth": 8.102806918074773, "min_child_weight": 7.44646263526454, "subsample": 0.8553134379184795}, "datetime": {"datetime": "2020-04-24 20:14:12", "elapsed": 755.805789, "delta": 5.842119}}
{"target": 0.6238346000000001, "params": {"alpha": 0.9999999980916684, "colsample_bytree": 0.8999999976038215, "lam": 0.11520150736951978, "max_depth": 4.737691807355108, "min_child_weight": 1.0946848923666204, "subsample": 0.8999999969935824}, "datetime": {"datetime": "2020-04-24 20:14:18", "elapsed": 761.507365, "delta": 5.701576}}
