{"target": 0.6212408, "params": {"alpha": 0.9761816353342615, "colsample_bytree": 0.8513044873937269, "lam": 0.06081356179590203, "max_depth": 4.53335068961896, "min_child_weight": 9.98721690325817, "subsample": 0.522434973047937}, "datetime": {"datetime": "2020-04-24 21:52:30", "elapsed": 6653.464795, "delta": 27.510064}}
{"target": 0.6415879999999999, "params": {"alpha": 0.017225553901665136, "colsample_bytree": 0.8740379383088952, "lam": 0.5303026452709327, "max_depth": 7.431033255662609, "min_child_weight": 9.975463405282085, "subsample": 0.8267153163349847}, "datetime": {"datetime": "2020-04-24 21:53:01", "elapsed": 6684.431212, "delta": 30.966417}}
{"target": 0.6215246, "params": {"alpha": 0.7263787784043844, "colsample_bytree": 0.7556389039571354, "lam": 0.45858792010982063, "max_depth": 4.462191450390399, "min_child_weight": 9.995668508738373, "subsample": 0.8518144802132956}, "datetime": {"datetime": "2020-04-24 21:53:26", "elapsed": 6709.397283, "delta": 24.966071}}
{"target": 0.634861, "params": {"alpha": 0.6388878575679959, "colsample_bytree": 0.7106425327179446, "lam": 0.9035672289638335, "max_depth": 5.3410515783557075, "min_child_weight": 9.867494828494252, "subsample": 0.817312980950623}, "datetime": {"datetime": "2020-04-24 21:53:51", "elapsed": 6734.187627, "delta": 24.790344}}
{"target": 0.6170136, "params": {"alpha": 0.99999999919637, "colsample_bytree": 0.9, "lam": 6.482014039814519e-09, "max_depth": 8.410279901220655, "min_child_weight": 3.5545520254583387, "subsample": 0.9}, "datetime": {"datetime": "2020-04-24 21:54:24", "elapsed": 6767.196383, "delta": 33.008756}}
{"target": 0.6038356, "params": {"alpha": 0.09931282863737767, "colsample_bytree": 0.8982683961423947, "lam": 0.9598925839565544, "max_depth": 3.1522646125661393, "min_child_weight": 6.511706612323701, "subsample": 0.747313141691017}, "datetime": {"datetime": "2020-04-24 21:54:57", "elapsed": 6800.710468, "delta": 33.514085}}
{"target": 0.6351378, "params": {"alpha": 0.04601716503910558, "colsample_bytree": 0.7502416295516166, "lam": 0.9817265079433408, "max_depth": 7.842678094914645, "min_child_weight": 6.24700006565718, "subsample": 0.8505408546266124}, "datetime": {"datetime": "2020-04-24 21:55:23", "elapsed": 6826.55842, "delta": 25.847952}}
{"target": 0.6065746, "params": {"alpha": 0.45773982167824584, "colsample_bytree": 0.8677453558027531, "lam": 1.7953511336736938e-09, "max_depth": 6.775467011140754, "min_child_weight": 1.0000000000000036, "subsample": 0.8903827309803908}, "datetime": {"datetime": "2020-04-24 21:55:46", "elapsed": 6849.529278, "delta": 22.970858}}
{"target": 0.6130532000000001, "params": {"alpha": 0.288231279658422, "colsample_bytree": 0.8902030789653754, "lam": 0.9836689567594415, "max_depth": 7.629289306381754, "min_child_weight": 1.4486095463441275, "subsample": 0.8245623608212955}, "datetime": {"datetime": "2020-04-24 21:56:13", "elapsed": 6876.407246, "delta": 26.877968}}
{"target": 0.6169294, "params": {"alpha": 0.9999999993376485, "colsample_bytree": 0.8999999996964737, "lam": 0.9999999992412483, "max_depth": 9.999999994688919, "min_child_weight": 2.321201348095154, "subsample": 0.899999999696427}, "datetime": {"datetime": "2020-04-24 21:56:41", "elapsed": 6904.354165, "delta": 27.946919}}
{"target": 0.6290706, "params": {"alpha": 0.9831640867874809, "colsample_bytree": 0.8208795022005542, "lam": 0.9980377845376144, "max_depth": 5.285420734921384, "min_child_weight": 4.869441444231911, "subsample": 0.8150750938406328}, "datetime": {"datetime": "2020-04-24 21:57:07", "elapsed": 6930.760927, "delta": 26.406762}}
{"target": 0.5986963999999999, "params": {"alpha": 0.41372943065462886, "colsample_bytree": 0.8738916096123113, "lam": 0.9764773187377884, "max_depth": 3.476933829009022, "min_child_weight": 9.24686993760398, "subsample": 0.876708687806948}, "datetime": {"datetime": "2020-04-24 21:57:31", "elapsed": 6954.108996, "delta": 23.348069}}
{"target": 0.6330123999999999, "params": {"alpha": 0.18368283381787964, "colsample_bytree": 0.7897475599417674, "lam": 0.024983080870222496, "max_depth": 8.339380981390233, "min_child_weight": 8.78757708260226, "subsample": 0.8785621011035656}, "datetime": {"datetime": "2020-04-24 21:57:57", "elapsed": 6980.254803, "delta": 26.145807}}
{"target": 0.6254338, "params": {"alpha": 0.5177222700835492, "colsample_bytree": 0.8829350022048548, "lam": 0.5784373928063798, "max_depth": 4.046031097643138, "min_child_weight": 8.89899450305011, "subsample": 0.6509335677591913}, "datetime": {"datetime": "2020-04-24 21:58:19", "elapsed": 7002.48891, "delta": 22.234107}}
{"target": 0.6357035999999999, "params": {"alpha": 0.03381450838817068, "colsample_bytree": 0.818181305544993, "lam": 0.028931512233512757, "max_depth": 8.777598084450771, "min_child_weight": 9.528507168051103, "subsample": 0.6489478808191065}, "datetime": {"datetime": "2020-04-24 21:58:46", "elapsed": 7029.55337, "delta": 27.06446}}
{"target": 0.6387026, "params": {"alpha": 0.0532103858245232, "colsample_bytree": 0.8596121289995653, "lam": 0.027972575185891024, "max_depth": 9.374707046641124, "min_child_weight": 8.372950136853664, "subsample": 0.8953474804383996}, "datetime": {"datetime": "2020-04-24 21:59:18", "elapsed": 7061.132043, "delta": 31.578673}}
{"target": 0.6362818, "params": {"alpha": 0.20303602055908898, "colsample_bytree": 0.8908873823353024, "lam": 0.21161520492390062, "max_depth": 9.29338664076667, "min_child_weight": 7.871401733098414, "subsample": 0.7642753589112883}, "datetime": {"datetime": "2020-04-24 21:59:44", "elapsed": 7087.95613, "delta": 26.824087}}
{"target": 0.6373962, "params": {"alpha": 0.9560765539741892, "colsample_bytree": 0.7895203391260603, "lam": 0.5722260228075691, "max_depth": 5.311149310066553, "min_child_weight": 9.57391513572838, "subsample": 0.8869952812567261}, "datetime": {"datetime": "2020-04-24 22:00:18", "elapsed": 7121.190748, "delta": 33.234618}}
{"target": 0.63015, "params": {"alpha": 0.9961217058454238, "colsample_bytree": 0.6872139477755631, "lam": 0.06757037302096358, "max_depth": 6.936139108240998, "min_child_weight": 5.431932596970754, "subsample": 0.8175917882917343}, "datetime": {"datetime": "2020-04-24 22:00:48", "elapsed": 7151.903395, "delta": 30.712647}}
{"target": 0.6355928, "params": {"alpha": 0.019451749431410037, "colsample_bytree": 0.8140823136574464, "lam": 0.6497447410850772, "max_depth": 8.231323168594317, "min_child_weight": 5.372642789276045, "subsample": 0.896268189957859}, "datetime": {"datetime": "2020-04-24 22:01:24", "elapsed": 7187.369096, "delta": 35.465701}}
{"target": 0.6346392000000001, "params": {"alpha": 0.17826520130986612, "colsample_bytree": 0.8763922351455958, "lam": 0.9941161626720371, "max_depth": 5.3398371713315615, "min_child_weight": 8.026484895728842, "subsample": 0.8695643158075846}, "datetime": {"datetime": "2020-04-24 22:01:58", "elapsed": 7221.663919, "delta": 34.294823}}
{"target": 0.6426287999999999, "params": {"alpha": 0.987269538832905, "colsample_bytree": 0.8793075073463512, "lam": 0.3744862374732464, "max_depth": 9.306357699274173, "min_child_weight": 9.178337165823129, "subsample": 0.8942285561445957}, "datetime": {"datetime": "2020-04-24 22:02:31", "elapsed": 7254.514724, "delta": 32.850805}}
{"target": 0.635076, "params": {"alpha": 0.007081224376931705, "colsample_bytree": 0.8615288146128735, "lam": 0.9835416628455884, "max_depth": 8.104850807685072, "min_child_weight": 5.109021976170259, "subsample": 0.853689242298258}, "datetime": {"datetime": "2020-04-24 22:03:01", "elapsed": 7284.145869, "delta": 29.631145}}
{"target": 0.62702, "params": {"alpha": 0.9999999999302006, "colsample_bytree": 0.8999999992021823, "lam": 0.999999999960176, "max_depth": 9.616740986950939, "min_child_weight": 4.091622952778001, "subsample": 0.8999999999763347}, "datetime": {"datetime": "2020-04-24 22:03:38", "elapsed": 7321.29517, "delta": 37.149301}}
{"target": 0.6338424, "params": {"alpha": 0.31512354360186656, "colsample_bytree": 0.8838284113202743, "lam": 0.29736954961933293, "max_depth": 7.029540138178555, "min_child_weight": 9.907174616390094, "subsample": 0.6183576509149836}, "datetime": {"datetime": "2020-04-24 22:04:14", "elapsed": 7357.184356, "delta": 35.889186}}
{"target": 0.63582, "params": {"alpha": 0.019724618416212758, "colsample_bytree": 0.7055670657111053, "lam": 0.7482054553266229, "max_depth": 7.960163393415826, "min_child_weight": 7.054190020999062, "subsample": 0.8822811056323938}, "datetime": {"datetime": "2020-04-24 22:04:46", "elapsed": 7389.901531, "delta": 32.717175}}
{"target": 0.6282226, "params": {"alpha": 0.9878737160225995, "colsample_bytree": 0.8889729998057853, "lam": 0.014799046922997272, "max_depth": 4.73611211111654, "min_child_weight": 2.0823140301003953, "subsample": 0.8970523810168376}, "datetime": {"datetime": "2020-04-24 22:05:14", "elapsed": 7417.186243, "delta": 27.284712}}
{"target": 0.6302916, "params": {"alpha": 0.5849421510131496, "colsample_bytree": 0.8991195659147887, "lam": 0.9946573149608878, "max_depth": 4.705380690693154, "min_child_weight": 2.605826821031959, "subsample": 0.8995954093632723}, "datetime": {"datetime": "2020-04-24 22:05:41", "elapsed": 7444.674049, "delta": 27.487806}}
{"target": 0.6301712, "params": {"alpha": 0.021740587770060937, "colsample_bytree": 0.8946354505623428, "lam": 0.44800018395047947, "max_depth": 9.349338924211612, "min_child_weight": 8.415922127425837, "subsample": 0.871319641979238}, "datetime": {"datetime": "2020-04-24 22:06:16", "elapsed": 7479.189349, "delta": 34.5153}}
{"target": 0.6346356, "params": {"alpha": 0.9586229948225741, "colsample_bytree": 0.8324635813118448, "lam": 0.9856267166987072, "max_depth": 7.683668830124931, "min_child_weight": 6.896798807334381, "subsample": 0.8513162826056645}, "datetime": {"datetime": "2020-04-24 22:06:41", "elapsed": 7504.646462, "delta": 25.457113}}
{"target": 0.6409154000000001, "params": {"alpha": 0.7037953081649392, "colsample_bytree": 0.8910439152431513, "lam": 0.9928438448059436, "max_depth": 9.410070841808444, "min_child_weight": 5.604146527991563, "subsample": 0.8925750496959483}, "datetime": {"datetime": "2020-04-24 22:07:20", "elapsed": 7543.308633, "delta": 38.662171}}
{"target": 0.6291576, "params": {"alpha": 0.03905585917756038, "colsample_bytree": 0.881036101109985, "lam": 0.06875133079234852, "max_depth": 3.6246704885217644, "min_child_weight": 9.019597645477933, "subsample": 0.8328023224590536}, "datetime": {"datetime": "2020-04-24 22:07:54", "elapsed": 7577.99537, "delta": 34.686737}}
{"target": 0.6230819999999999, "params": {"alpha": 0.6662871752891106, "colsample_bytree": 0.887875220302223, "lam": 0.9655662827292659, "max_depth": 6.045943469963353, "min_child_weight": 3.9124986437173486, "subsample": 0.513816935716296}, "datetime": {"datetime": "2020-04-24 22:08:33", "elapsed": 7616.125237, "delta": 38.129867}}
{"target": 0.6251992, "params": {"alpha": 0.9762080319681662, "colsample_bytree": 0.8890538162893873, "lam": 0.47208475790296933, "max_depth": 4.288086866683411, "min_child_weight": 7.006971417859808, "subsample": 0.8864593888636225}, "datetime": {"datetime": "2020-04-24 22:09:02", "elapsed": 7645.243527, "delta": 29.11829}}
{"target": 0.6226824, "params": {"alpha": 0.0313448187694334, "colsample_bytree": 0.8758546195536161, "lam": 0.0015245879807117557, "max_depth": 7.843890815767172, "min_child_weight": 5.01319109077398, "subsample": 0.8637403018313867}, "datetime": {"datetime": "2020-04-24 22:09:34", "elapsed": 7677.988506, "delta": 32.744979}}
{"target": 0.628538, "params": {"alpha": 0.523271952177107, "colsample_bytree": 0.8948514266898053, "lam": 0.9737986787535734, "max_depth": 8.950309578090367, "min_child_weight": 9.83965711581043, "subsample": 0.8419871468840414}, "datetime": {"datetime": "2020-04-24 22:10:01", "elapsed": 7704.785665, "delta": 26.797159}}
{"target": 0.6251566000000001, "params": {"alpha": 0.059575073186014516, "colsample_bytree": 0.8754007811702127, "lam": 0.9890992240911619, "max_depth": 8.39791830481575, "min_child_weight": 8.664026481831598, "subsample": 0.5220656305610161}, "datetime": {"datetime": "2020-04-24 22:10:32", "elapsed": 7735.297078, "delta": 30.511413}}
{"target": 0.6346266, "params": {"alpha": 0.019682279730277252, "colsample_bytree": 0.867749027486034, "lam": 0.0586847773038931, "max_depth": 7.189706600688893, "min_child_weight": 8.55305124870134, "subsample": 0.5393830527805279}, "datetime": {"datetime": "2020-04-24 22:11:08", "elapsed": 7771.792916, "delta": 36.495838}}
{"target": 0.6296118, "params": {"alpha": 0.9474132643672464, "colsample_bytree": 0.8725659779569614, "lam": 0.3921245785300813, "max_depth": 3.665287302383482, "min_child_weight": 5.9697676724323, "subsample": 0.8899005639648283}, "datetime": {"datetime": "2020-04-24 22:11:43", "elapsed": 7806.810406, "delta": 35.01749}}
{"target": 0.6166812, "params": {"alpha": 0.9807629236190201, "colsample_bytree": 0.8709822213453764, "lam": 0.6668139929042136, "max_depth": 4.863439046112285, "min_child_weight": 1.0125550793312468, "subsample": 0.6133251664214359}, "datetime": {"datetime": "2020-04-24 22:12:16", "elapsed": 7839.854983, "delta": 33.044577}}
{"target": 0.6312552, "params": {"alpha": 0.9598454218303296, "colsample_bytree": 0.899886590333743, "lam": 0.9980105153395105, "max_depth": 9.89603276096822, "min_child_weight": 7.808108124914099, "subsample": 0.62556738471412}, "datetime": {"datetime": "2020-04-24 22:12:46", "elapsed": 7869.716889, "delta": 29.861906}}
{"target": 0.6412156, "params": {"alpha": 0.9999999950651896, "colsample_bytree": 0.8999999964780283, "lam": 9.452761075668663e-10, "max_depth": 9.999999963887065, "min_child_weight": 7.855313041659454, "subsample": 0.9}, "datetime": {"datetime": "2020-04-24 22:13:15", "elapsed": 7898.953522, "delta": 29.236633}}
{"target": 0.6294823999999999, "params": {"alpha": 0.9038216574441498, "colsample_bytree": 0.7664779349993587, "lam": 0.07698065475155591, "max_depth": 7.410248768068977, "min_child_weight": 6.235025125625951, "subsample": 0.5105494107193738}, "datetime": {"datetime": "2020-04-24 22:13:52", "elapsed": 7935.408058, "delta": 36.454536}}
{"target": 0.630732, "params": {"alpha": 0.4529943296925354, "colsample_bytree": 0.8993175200566077, "lam": 0.03365374946882038, "max_depth": 4.7697205559756455, "min_child_weight": 8.170256079966626, "subsample": 0.7041448948768286}, "datetime": {"datetime": "2020-04-24 22:14:18", "elapsed": 7961.682426, "delta": 26.274368}}
{"target": 0.6475593999999999, "params": {"alpha": 0.07950355777189277, "colsample_bytree": 0.8766564026001018, "lam": 0.9951924779688888, "max_depth": 6.16127160263799, "min_child_weight": 6.971293939058047, "subsample": 0.8719923242307719}, "datetime": {"datetime": "2020-04-24 22:14:48", "elapsed": 7991.157227, "delta": 29.474801}}
{"target": 0.6198534, "params": {"alpha": 0.4419273330488592, "colsample_bytree": 0.8864538077674815, "lam": 0.6148689364288265, "max_depth": 7.036653968638085, "min_child_weight": 2.097840056034339, "subsample": 0.8830256998457644}, "datetime": {"datetime": "2020-04-24 22:15:28", "elapsed": 8031.507681, "delta": 40.350454}}
{"target": 0.6234858, "params": {"alpha": 0.7797221608869599, "colsample_bytree": 0.8676701257901018, "lam": 0.9684259138575554, "max_depth": 9.985150100230946, "min_child_weight": 3.6057953070083206, "subsample": 0.8902762104953232}, "datetime": {"datetime": "2020-04-24 22:16:01", "elapsed": 8064.153174, "delta": 32.645493}}
{"target": 0.6230316, "params": {"alpha": 0.8359387142656403, "colsample_bytree": 0.8824549093453722, "lam": 0.9979635764431352, "max_depth": 9.204861282115953, "min_child_weight": 6.056247290830524, "subsample": 0.7568849083053462}, "datetime": {"datetime": "2020-04-24 22:16:40", "elapsed": 8103.736913, "delta": 39.583739}}
{"target": 0.6223474, "params": {"alpha": 0.4166807820587396, "colsample_bytree": 0.7443904110170044, "lam": 0.8308828385089463, "max_depth": 9.87080735772416, "min_child_weight": 6.187708163497179, "subsample": 0.8835857985456168}, "datetime": {"datetime": "2020-04-24 22:17:14", "elapsed": 8137.889304, "delta": 34.152391}}
{"target": 0.6464134, "params": {"alpha": 8.892657494626308e-09, "colsample_bytree": 0.8999999981457344, "lam": 0.3735289631531794, "max_depth": 10.0, "min_child_weight": 9.340441534904853, "subsample": 0.9}, "datetime": {"datetime": "2020-04-24 22:17:49", "elapsed": 8172.531895, "delta": 34.642591}}
{"target": 0.6429400000000001, "params": {"alpha": 0.8492277758813589, "colsample_bytree": 0.8875122485492535, "lam": 0.6764760990300106, "max_depth": 5.141158654325772, "min_child_weight": 7.539397798059479, "subsample": 0.8294106298493205}, "datetime": {"datetime": "2020-04-24 22:18:23", "elapsed": 8206.896197, "delta": 34.364302}}
{"target": 0.6154726, "params": {"alpha": 0.010534733089778703, "colsample_bytree": 0.8854356995580444, "lam": 0.6736225694269528, "max_depth": 7.535180808400119, "min_child_weight": 4.646862936247083, "subsample": 0.8777213783264532}, "datetime": {"datetime": "2020-04-24 22:18:50", "elapsed": 8233.873076, "delta": 26.976879}}
