{"target": 0.5915665999999999, "params": {"alpha": 0.0782200153055308, "colsample_bytree": 0.8954145157618381, "lam": 0.7444958872305693, "max_depth": 8.45903714692626, "min_child_weight": 2.353863251324545, "subsample": 0.5299814600674966}, "datetime": {"datetime": "2020-04-24 17:51:25", "elapsed": 804.149107, "delta": 5.553078}}
{"target": 0.625472, "params": {"alpha": 0.9993752779196534, "colsample_bytree": 0.8966428830245916, "lam": 0.40195492117213394, "max_depth": 8.55973835593188, "min_child_weight": 9.950081790133897, "subsample": 0.5353882837235201}, "datetime": {"datetime": "2020-04-24 17:51:32", "elapsed": 810.894854, "delta": 6.745747}}
{"target": 0.6391064, "params": {"alpha": 0.9369760861984313, "colsample_bytree": 0.8471272161511919, "lam": 0.1601252143116536, "max_depth": 6.610314568146645, "min_child_weight": 9.3635058810219, "subsample": 0.893750451689749}, "datetime": {"datetime": "2020-04-24 17:51:37", "elapsed": 816.009167, "delta": 5.114313}}
{"target": 0.6330562000000001, "params": {"alpha": 0.04100273753290662, "colsample_bytree": 0.8993710850270279, "lam": 0.9173855710805255, "max_depth": 9.644686421325845, "min_child_weight": 8.387550818317697, "subsample": 0.8264883770344441}, "datetime": {"datetime": "2020-04-24 17:51:43", "elapsed": 822.450611, "delta": 6.441444}}
{"target": 0.6387588, "params": {"alpha": 0.6357922185173726, "colsample_bytree": 0.89652277228694, "lam": 0.18229563567616114, "max_depth": 9.464016661381262, "min_child_weight": 7.771741309677679, "subsample": 0.899828713769925}, "datetime": {"datetime": "2020-04-24 17:51:49", "elapsed": 828.281086, "delta": 5.830475}}
{"target": 0.6147144, "params": {"alpha": 0.9609285341046928, "colsample_bytree": 0.8915054961368059, "lam": 0.13030126119420482, "max_depth": 4.760525513951848, "min_child_weight": 3.0516436194959047, "subsample": 0.614491024225429}, "datetime": {"datetime": "2020-04-24 17:51:55", "elapsed": 834.87924, "delta": 6.598154}}
{"target": 0.6288492, "params": {"alpha": 0.15709420421912446, "colsample_bytree": 0.8873759131580092, "lam": 0.0596435531506041, "max_depth": 8.681583809136155, "min_child_weight": 5.894681382715668, "subsample": 0.8814928612861491}, "datetime": {"datetime": "2020-04-24 17:52:02", "elapsed": 841.760124, "delta": 6.880884}}
{"target": 0.6381840000000001, "params": {"alpha": 0.06955577543189118, "colsample_bytree": 0.8686570125789428, "lam": 0.9828917595688041, "max_depth": 5.768369114879373, "min_child_weight": 6.813704846041639, "subsample": 0.8764179782567636}, "datetime": {"datetime": "2020-04-24 17:52:07", "elapsed": 846.759876, "delta": 4.999752}}
{"target": 0.6365334, "params": {"alpha": 0.9999998084127409, "colsample_bytree": 0.8999999975474613, "lam": 0.9999999938686532, "max_depth": 9.999999978637684, "min_child_weight": 9.999999825470283, "subsample": 0.8999999031037165}, "datetime": {"datetime": "2020-04-24 17:52:15", "elapsed": 854.687696, "delta": 7.92782}}
{"target": 0.6226117999999999, "params": {"alpha": 0.0948698768966969, "colsample_bytree": 0.85594844154872, "lam": 0.05869500101234937, "max_depth": 8.813421380178799, "min_child_weight": 8.218138955927637, "subsample": 0.5325589934781169}, "datetime": {"datetime": "2020-04-24 17:52:22", "elapsed": 861.437756, "delta": 6.75006}}
{"target": 0.6514553999999999, "params": {"alpha": 0.6174791280539174, "colsample_bytree": 0.8787637643165596, "lam": 0.6689082814889908, "max_depth": 6.0870174184301185, "min_child_weight": 6.542861040862969, "subsample": 0.8270254134233337}, "datetime": {"datetime": "2020-04-24 17:52:27", "elapsed": 866.617855, "delta": 5.180099}}
{"target": 0.6334746, "params": {"alpha": 0.7349541108272117, "colsample_bytree": 0.8700765513189561, "lam": 0.7680003133394917, "max_depth": 6.468938452549684, "min_child_weight": 6.080871873899964, "subsample": 0.8995026434447253}, "datetime": {"datetime": "2020-04-24 17:52:34", "elapsed": 873.582514, "delta": 6.964659}}
{"target": 0.6272030000000001, "params": {"alpha": 0.497918828363625, "colsample_bytree": 0.8608524909451282, "lam": 0.4853866534616016, "max_depth": 6.642438124217737, "min_child_weight": 6.769404717356159, "subsample": 0.8764994038442059}, "datetime": {"datetime": "2020-04-24 17:52:40", "elapsed": 879.582308, "delta": 5.999794}}
{"target": 0.6385404, "params": {"alpha": 0.7905681399401371, "colsample_bytree": 0.8845183908730836, "lam": 0.7759771438115726, "max_depth": 5.999492774586969, "min_child_weight": 6.676157905749428, "subsample": 0.8022458576760898}, "datetime": {"datetime": "2020-04-24 17:52:46", "elapsed": 885.826569, "delta": 6.244261}}
{"target": 0.6175432, "params": {"alpha": 0.10569424318805642, "colsample_bytree": 0.8397086145657953, "lam": 0.8541257241977102, "max_depth": 8.105029555098245, "min_child_weight": 6.6113530035388335, "subsample": 0.5135135843870826}, "datetime": {"datetime": "2020-04-24 17:52:52", "elapsed": 891.335832, "delta": 5.509263}}
{"target": 0.60934, "params": {"alpha": 0.8226440460319986, "colsample_bytree": 0.882769216921599, "lam": 0.0704004692954886, "max_depth": 3.0210819076885955, "min_child_weight": 1.6927415928876868, "subsample": 0.8942008402777701}, "datetime": {"datetime": "2020-04-24 17:52:58", "elapsed": 897.764036, "delta": 6.428204}}
{"target": 0.6301715999999999, "params": {"alpha": 0.021475959383888625, "colsample_bytree": 0.9, "lam": 0.9969519407043848, "max_depth": 4.618385112876705, "min_child_weight": 1.0, "subsample": 0.8796072057078745}, "datetime": {"datetime": "2020-04-24 17:53:05", "elapsed": 904.212891, "delta": 6.448855}}
{"target": 0.6252585999999999, "params": {"alpha": 0.9487044627859575, "colsample_bytree": 0.889508175339476, "lam": 0.8303381870146552, "max_depth": 5.227818849003006, "min_child_weight": 1.1904608353893833, "subsample": 0.8895405447114011}, "datetime": {"datetime": "2020-04-24 17:53:11", "elapsed": 910.524588, "delta": 6.311697}}
{"target": 0.5981036000000001, "params": {"alpha": 0.061400283881422046, "colsample_bytree": 0.5049297738500904, "lam": 0.9158333112517141, "max_depth": 5.98502621091722, "min_child_weight": 7.889541083856873, "subsample": 0.8283500180538321}, "datetime": {"datetime": "2020-04-24 17:53:17", "elapsed": 916.206697, "delta": 5.682109}}
{"target": 0.5629350000000001, "params": {"alpha": 0.21682051317132245, "colsample_bytree": 0.525522548179081, "lam": 0.01214525877282513, "max_depth": 9.998090504669003, "min_child_weight": 3.032284260099179, "subsample": 0.6613403424559801}, "datetime": {"datetime": "2020-04-24 17:53:23", "elapsed": 922.812648, "delta": 6.605951}}
{"target": 0.6390686, "params": {"alpha": 0.6519044706918034, "colsample_bytree": 0.8888364489700236, "lam": 0.4908513413124984, "max_depth": 9.474263442722844, "min_child_weight": 4.948720002719126, "subsample": 0.8381491887012937}, "datetime": {"datetime": "2020-04-24 17:53:31", "elapsed": 930.054622, "delta": 7.241974}}
{"target": 0.6341978, "params": {"alpha": 0.07304906496906649, "colsample_bytree": 0.8979625998050116, "lam": 0.9477927063677996, "max_depth": 9.771167226184861, "min_child_weight": 5.094426084330111, "subsample": 0.7822841399368486}, "datetime": {"datetime": "2020-04-24 17:53:37", "elapsed": 936.587432, "delta": 6.53281}}
{"target": 0.6282452, "params": {"alpha": 0.3237854440154937, "colsample_bytree": 0.793410630009892, "lam": 0.21904973538694006, "max_depth": 9.939168146359133, "min_child_weight": 5.120111692548047, "subsample": 0.8751895559846341}, "datetime": {"datetime": "2020-04-24 17:53:46", "elapsed": 944.937117, "delta": 8.349685}}
{"target": 0.5970918000000001, "params": {"alpha": 0.9776201256272004, "colsample_bytree": 0.5038465282995328, "lam": 0.033502744664818396, "max_depth": 5.686749546034978, "min_child_weight": 9.096879160851135, "subsample": 0.7425364915781806}, "datetime": {"datetime": "2020-04-24 17:53:53", "elapsed": 952.243495, "delta": 7.306378}}
{"target": 0.5510379999999999, "params": {"alpha": 1.247611948748247e-11, "colsample_bytree": 0.5000000001006957, "lam": 7.875009603943575e-12, "max_depth": 3.0000000000663585, "min_child_weight": 8.428353830415574, "subsample": 0.5}, "datetime": {"datetime": "2020-04-24 17:53:59", "elapsed": 958.514646, "delta": 6.271151}}
{"target": 0.5838677999999999, "params": {"alpha": 0.9855330654277085, "colsample_bytree": 0.500306156816376, "lam": 0.11147351787182747, "max_depth": 4.423425524944555, "min_child_weight": 1.7570653469161583, "subsample": 0.8214066888253213}, "datetime": {"datetime": "2020-04-24 17:54:05", "elapsed": 964.675795, "delta": 6.161149}}
{"target": 0.586731, "params": {"alpha": 0.9155161049177644, "colsample_bytree": 0.878708588850992, "lam": 0.0713721685126687, "max_depth": 9.84927719357795, "min_child_weight": 1.0796883312209866, "subsample": 0.8278544662958972}, "datetime": {"datetime": "2020-04-24 17:54:12", "elapsed": 971.820242, "delta": 7.144447}}
{"target": 0.631182, "params": {"alpha": 0.3104218623861097, "colsample_bytree": 0.8192955629337781, "lam": 0.8649328860648442, "max_depth": 9.434527212902015, "min_child_weight": 4.311202992204602, "subsample": 0.865304611365604}, "datetime": {"datetime": "2020-04-24 17:54:19", "elapsed": 978.18374, "delta": 6.363498}}
{"target": 0.6222006, "params": {"alpha": 1.8187564271153454e-09, "colsample_bytree": 0.8999999958310845, "lam": 1.0, "max_depth": 10.0, "min_child_weight": 5.050034706151895, "subsample": 0.8999999958310845}, "datetime": {"datetime": "2020-04-24 17:54:26", "elapsed": 985.426505, "delta": 7.242765}}
{"target": 0.6125812, "params": {"alpha": 0.019446413230798765, "colsample_bytree": 0.8968744829338118, "lam": 0.8897012595129681, "max_depth": 6.29389466724836, "min_child_weight": 1.024384118257354, "subsample": 0.5617925571549064}, "datetime": {"datetime": "2020-04-24 17:54:34", "elapsed": 993.404608, "delta": 7.978103}}
{"target": 0.6295238, "params": {"alpha": 0.39709790433704706, "colsample_bytree": 0.882991423697749, "lam": 0.9311407558276681, "max_depth": 9.276571122932047, "min_child_weight": 7.160420974351151, "subsample": 0.8200734815544943}, "datetime": {"datetime": "2020-04-24 17:54:42", "elapsed": 1001.288579, "delta": 7.883971}}
{"target": 0.6002308000000001, "params": {"alpha": 0.9763223184407348, "colsample_bytree": 0.598574905915557, "lam": 0.31122466515648395, "max_depth": 7.6977814538739935, "min_child_weight": 7.001885506408639, "subsample": 0.5331306954029356}, "datetime": {"datetime": "2020-04-24 17:54:49", "elapsed": 1008.27427, "delta": 6.985691}}
{"target": 0.640062, "params": {"alpha": 0.20168483432559225, "colsample_bytree": 0.7489897170523157, "lam": 0.977602217085732, "max_depth": 7.6228975924526114, "min_child_weight": 5.700116093849688, "subsample": 0.8701436490162888}, "datetime": {"datetime": "2020-04-24 17:54:56", "elapsed": 1015.287598, "delta": 7.013328}}
{"target": 0.6141306, "params": {"alpha": 0.9977468073478519, "colsample_bytree": 0.8971463138791669, "lam": 0.9197926880215679, "max_depth": 4.0778003849319875, "min_child_weight": 2.0958173039040893, "subsample": 0.8790938063585937}, "datetime": {"datetime": "2020-04-24 17:55:03", "elapsed": 1022.073978, "delta": 6.78638}}
{"target": 0.6230756, "params": {"alpha": 0.0011659455484844816, "colsample_bytree": 0.8888998239185089, "lam": 0.3450607946483847, "max_depth": 9.34218724884903, "min_child_weight": 4.951496097079034, "subsample": 0.8694496577569734}, "datetime": {"datetime": "2020-04-24 17:55:10", "elapsed": 1029.802851, "delta": 7.728873}}
{"target": 0.6310768, "params": {"alpha": 0.5570577296330841, "colsample_bytree": 0.8693622024278136, "lam": 0.9434137527863454, "max_depth": 9.881134584197635, "min_child_weight": 5.218535956685822, "subsample": 0.5380109571121746}, "datetime": {"datetime": "2020-04-24 17:55:16", "elapsed": 1035.790499, "delta": 5.987648}}
{"target": 0.6315017999999999, "params": {"alpha": 0.007892147367508762, "colsample_bytree": 0.8998614618353102, "lam": 0.039920022804097344, "max_depth": 4.436223361861643, "min_child_weight": 7.868302029944908, "subsample": 0.8841210402843582}, "datetime": {"datetime": "2020-04-24 17:55:23", "elapsed": 1042.319204, "delta": 6.528705}}
{"target": 0.6317622, "params": {"alpha": 0.2869788414550015, "colsample_bytree": 0.8891692998985916, "lam": 0.7778577622403607, "max_depth": 6.0675485296384934, "min_child_weight": 9.99938245623189, "subsample": 0.5696216755766044}, "datetime": {"datetime": "2020-04-24 17:55:30", "elapsed": 1049.410741, "delta": 7.091537}}
{"target": 0.6460242, "params": {"alpha": 0.5624719774245414, "colsample_bytree": 0.8810978119428474, "lam": 0.9971484988743018, "max_depth": 7.341776696441912, "min_child_weight": 2.8469550298181603, "subsample": 0.8932195265754088}, "datetime": {"datetime": "2020-04-24 17:55:36", "elapsed": 1055.660638, "delta": 6.249897}}
{"target": 0.6444943999999999, "params": {"alpha": 0.16152610462551348, "colsample_bytree": 0.8999999927080111, "lam": 1.0, "max_depth": 6.354125301440763, "min_child_weight": 2.827343271759909, "subsample": 0.9}, "datetime": {"datetime": "2020-04-24 17:55:44", "elapsed": 1063.105197, "delta": 7.444559}}
{"target": 0.6344134, "params": {"alpha": 0.9704041728897298, "colsample_bytree": 0.8981723795653983, "lam": 0.9802620611720273, "max_depth": 4.841603700181521, "min_child_weight": 7.9645876925913175, "subsample": 0.8941789616702065}, "datetime": {"datetime": "2020-04-24 17:55:50", "elapsed": 1069.293813, "delta": 6.188616}}
{"target": 0.6385567999999999, "params": {"alpha": 0.5715411521519058, "colsample_bytree": 0.881904722056299, "lam": 0.9592376523783499, "max_depth": 8.296530821945215, "min_child_weight": 9.479090626552516, "subsample": 0.8967002770993114}, "datetime": {"datetime": "2020-04-24 17:55:56", "elapsed": 1075.476842, "delta": 6.183029}}
{"target": 0.6047382000000001, "params": {"alpha": 0.9939059451159138, "colsample_bytree": 0.8937986119469453, "lam": 0.6144358030719641, "max_depth": 3.0934523998467434, "min_child_weight": 5.931283855222449, "subsample": 0.8555818883414932}, "datetime": {"datetime": "2020-04-24 17:56:03", "elapsed": 1082.348994, "delta": 6.872152}}
{"target": 0.625129, "params": {"alpha": 0.9261848350526759, "colsample_bytree": 0.8871283291805022, "lam": 0.9287922841172226, "max_depth": 3.8535087716133725, "min_child_weight": 9.706984472877503, "subsample": 0.8637474510488317}, "datetime": {"datetime": "2020-04-24 17:56:10", "elapsed": 1088.899933, "delta": 6.550939}}
{"target": 0.6032026, "params": {"alpha": 0.022911217661547245, "colsample_bytree": 0.8833137196779832, "lam": 0.950291844454811, "max_depth": 9.588990552974037, "min_child_weight": 2.399542702343186, "subsample": 0.8997678346336839}, "datetime": {"datetime": "2020-04-24 17:56:17", "elapsed": 1096.607735, "delta": 7.707802}}
{"target": 0.6284744, "params": {"alpha": 0.999999999999998, "colsample_bytree": 0.8999999990178618, "lam": 0.999999999999998, "max_depth": 7.493651743705835, "min_child_weight": 3.6260776499320526, "subsample": 0.8999999988986513}, "datetime": {"datetime": "2020-04-24 17:56:25", "elapsed": 1104.407674, "delta": 7.799939}}
{"target": 0.638517, "params": {"alpha": 0.4718915333517626, "colsample_bytree": 0.8669747404063558, "lam": 0.1404982417164945, "max_depth": 4.300024460441904, "min_child_weight": 6.0773708011800425, "subsample": 0.8985902834297634}, "datetime": {"datetime": "2020-04-24 17:56:32", "elapsed": 1111.636239, "delta": 7.228565}}
{"target": 0.6151084, "params": {"alpha": 0.03504089548455369, "colsample_bytree": 0.5110925843058179, "lam": 0.824687314926033, "max_depth": 8.285977272814259, "min_child_weight": 9.588519519467939, "subsample": 0.8984487742880364}, "datetime": {"datetime": "2020-04-24 17:56:40", "elapsed": 1119.56029, "delta": 7.924051}}
{"target": 0.6156862000000001, "params": {"alpha": 3.385608278330073e-08, "colsample_bytree": 0.8999999990874602, "lam": 1.4750082439865958e-08, "max_depth": 4.066157571185849, "min_child_weight": 5.8523655262766425, "subsample": 0.5000000082812153}, "datetime": {"datetime": "2020-04-24 17:56:48", "elapsed": 1127.085577, "delta": 7.525287}}
{"target": 0.6208085999999999, "params": {"alpha": 0.04887159428599663, "colsample_bytree": 0.8964900148356479, "lam": 0.021911934865727623, "max_depth": 5.807326332108905, "min_child_weight": 2.8668909166493783, "subsample": 0.7842153888355552}, "datetime": {"datetime": "2020-04-24 17:56:56", "elapsed": 1135.086673, "delta": 8.001096}}
{"target": 0.6249990000000001, "params": {"alpha": 0.8817543244930621, "colsample_bytree": 0.890304254159543, "lam": 0.01934112997059101, "max_depth": 4.671068888537018, "min_child_weight": 9.078754893844536, "subsample": 0.6098999080101171}, "datetime": {"datetime": "2020-04-24 17:57:04", "elapsed": 1143.44988, "delta": 8.363207}}
{"target": 0.6243716000000001, "params": {"alpha": 0.1322810227415646, "colsample_bytree": 0.8674655218823799, "lam": 0.9192348539567813, "max_depth": 7.024941382074119, "min_child_weight": 3.173667857058769, "subsample": 0.8871530255389164}, "datetime": {"datetime": "2020-04-24 17:57:10", "elapsed": 1149.279293, "delta": 5.829413}}
{"target": 0.623809, "params": {"alpha": 0.10221667690406688, "colsample_bytree": 0.8978226899924544, "lam": 0.6613139670514881, "max_depth": 4.7141729305296325, "min_child_weight": 7.781397000500867, "subsample": 0.5020813466702854}, "datetime": {"datetime": "2020-04-24 17:57:16", "elapsed": 1155.651571, "delta": 6.372278}}
{"target": 0.6289802, "params": {"alpha": 0.3624505640400745, "colsample_bytree": 0.8735755376546586, "lam": 0.02942597754305465, "max_depth": 5.145851971221683, "min_child_weight": 2.2958084567358124, "subsample": 0.5681181916904995}, "datetime": {"datetime": "2020-04-24 17:57:24", "elapsed": 1163.224156, "delta": 7.572585}}
{"target": 0.6483930000000001, "params": {"alpha": 0.04642481849070623, "colsample_bytree": 0.8980507189522106, "lam": 0.05907853662383333, "max_depth": 8.17928816740941, "min_child_weight": 7.283710290321675, "subsample": 0.8764675504683168}, "datetime": {"datetime": "2020-04-24 17:57:32", "elapsed": 1171.882211, "delta": 8.658055}}
{"target": 0.6212178, "params": {"alpha": 0.4537154613112534, "colsample_bytree": 0.8918353551434779, "lam": 0.4912210708769522, "max_depth": 5.021073676361343, "min_child_weight": 1.9143886333777407, "subsample": 0.891479800505723}, "datetime": {"datetime": "2020-04-24 17:57:40", "elapsed": 1179.337305, "delta": 7.455094}}
{"target": 0.6241934, "params": {"alpha": 0.917088405508666, "colsample_bytree": 0.8727899775022376, "lam": 0.056180284023314875, "max_depth": 6.2756544880534815, "min_child_weight": 9.304457918742045, "subsample": 0.5204167937161264}, "datetime": {"datetime": "2020-04-24 17:57:47", "elapsed": 1186.177113, "delta": 6.839808}}
{"target": 0.6335872, "params": {"alpha": 0.010316966836108277, "colsample_bytree": 0.8809589005354271, "lam": 0.5503036734043165, "max_depth": 7.612320588968921, "min_child_weight": 6.371247612944701, "subsample": 0.8683197344147857}, "datetime": {"datetime": "2020-04-24 17:57:54", "elapsed": 1193.384574, "delta": 7.207461}}
{"target": 0.6433958, "params": {"alpha": 0.7699481883850082, "colsample_bytree": 0.8802913791414794, "lam": 0.7122048132257914, "max_depth": 6.5224282285060475, "min_child_weight": 9.998596897153751, "subsample": 0.8642443739502019}, "datetime": {"datetime": "2020-04-24 17:58:02", "elapsed": 1201.44797, "delta": 8.063396}}
{"target": 0.6336444, "params": {"alpha": 0.5489363596539039, "colsample_bytree": 0.8793743631773285, "lam": 0.8359740684676564, "max_depth": 6.959502221806893, "min_child_weight": 9.46163341979464, "subsample": 0.8984744036638012}, "datetime": {"datetime": "2020-04-24 17:58:10", "elapsed": 1209.043639, "delta": 7.595669}}
{"target": 0.6183120000000001, "params": {"alpha": 0.6132567816704018, "colsample_bytree": 0.8992864352142992, "lam": 0.3852975324744454, "max_depth": 9.908395434875256, "min_child_weight": 9.862622759093819, "subsample": 0.5203166851660107}, "datetime": {"datetime": "2020-04-24 17:58:17", "elapsed": 1215.937359, "delta": 6.89372}}
{"target": 0.5929646, "params": {"alpha": 0.0, "colsample_bytree": 0.9, "lam": 4.599719938550491e-09, "max_depth": 3.0, "min_child_weight": 1.4065684649133299, "subsample": 0.5}, "datetime": {"datetime": "2020-04-24 17:58:24", "elapsed": 1223.046146, "delta": 7.108787}}
{"target": 0.6334712, "params": {"alpha": 0.51086971028017, "colsample_bytree": 0.8914351258772456, "lam": 0.47116754803817706, "max_depth": 9.660775518953976, "min_child_weight": 8.808061123335992, "subsample": 0.7858300802933862}, "datetime": {"datetime": "2020-04-24 17:58:31", "elapsed": 1230.43188, "delta": 7.385734}}
{"target": 0.6309397999999999, "params": {"alpha": 0.21187021370057468, "colsample_bytree": 0.878109255796931, "lam": 0.13141501460184213, "max_depth": 8.566585616722932, "min_child_weight": 7.57520666623928, "subsample": 0.848719400712198}, "datetime": {"datetime": "2020-04-24 17:58:38", "elapsed": 1236.956662, "delta": 6.524782}}
{"target": 0.6248288, "params": {"alpha": 0.8425156663109891, "colsample_bytree": 0.8850902653421797, "lam": 0.05578794458627345, "max_depth": 9.973819886620404, "min_child_weight": 5.3066973232818535, "subsample": 0.8295889691749021}, "datetime": {"datetime": "2020-04-24 17:58:48", "elapsed": 1247.022972, "delta": 10.06631}}
{"target": 0.6047164, "params": {"alpha": 0.9220392921852444, "colsample_bytree": 0.584936534296912, "lam": 0.9836709358440326, "max_depth": 7.679636730285516, "min_child_weight": 4.847331435824944, "subsample": 0.8864730738766873}, "datetime": {"datetime": "2020-04-24 17:58:56", "elapsed": 1255.84264, "delta": 8.819668}}
{"target": 0.6151116, "params": {"alpha": 0.03596336767745911, "colsample_bytree": 0.8281548954941867, "lam": 0.0053372653520641355, "max_depth": 7.274474325581535, "min_child_weight": 4.558651243477742, "subsample": 0.6603801799786648}, "datetime": {"datetime": "2020-04-24 17:59:05", "elapsed": 1264.213766, "delta": 8.371126}}
