{"target": 0.6286474, "params": {"alpha": 0.9954958264635536, "colsample_bytree": 0.8969691473035022, "lam": 0.006331981024885747, "max_depth": 5.768146033675527, "min_child_weight": 5.265765895254834, "subsample": 0.7315350549346226}, "datetime": {"datetime": "2020-04-24 17:45:57", "elapsed": 476.177009, "delta": 5.211726}}
{"target": 0.5794080000000001, "params": {"alpha": 0.0, "colsample_bytree": 0.9, "lam": 9.529962946867085e-09, "max_depth": 8.196684950478968, "min_child_weight": 1.2378294700845722, "subsample": 0.5000000093835896}, "datetime": {"datetime": "2020-04-24 17:46:00", "elapsed": 479.856304, "delta": 3.679295}}
{"target": 0.6224565999999999, "params": {"alpha": 0.1332087885853126, "colsample_bytree": 0.8775625295511642, "lam": 0.051425629284488794, "max_depth": 3.892432319069278, "min_child_weight": 6.821320660678657, "subsample": 0.6543173110712255}, "datetime": {"datetime": "2020-04-24 17:46:04", "elapsed": 483.229268, "delta": 3.372964}}
{"target": 0.6238436, "params": {"alpha": 0.015341621156959806, "colsample_bytree": 0.8398593455205636, "lam": 0.05673351744129862, "max_depth": 3.975777447619514, "min_child_weight": 5.251464551773253, "subsample": 0.8587557687915885}, "datetime": {"datetime": "2020-04-24 17:46:08", "elapsed": 486.909235, "delta": 3.679967}}
{"target": 0.629045, "params": {"alpha": 1.0, "colsample_bytree": 0.8198433234386541, "lam": 1.0, "max_depth": 5.473973245559391, "min_child_weight": 9.176252636513798, "subsample": 0.9}, "datetime": {"datetime": "2020-04-24 17:46:11", "elapsed": 490.422597, "delta": 3.513362}}
{"target": 0.643067, "params": {"alpha": 0.8907525157397627, "colsample_bytree": 0.8524591066905206, "lam": 0.025672645316677234, "max_depth": 8.952327068286776, "min_child_weight": 9.956248761148784, "subsample": 0.582205417126334}, "datetime": {"datetime": "2020-04-24 17:46:15", "elapsed": 494.427141, "delta": 4.004544}}
{"target": 0.6340337999999999, "params": {"alpha": 0.8371427014363948, "colsample_bytree": 0.898751122611706, "lam": 0.30946348172391624, "max_depth": 5.287377442579956, "min_child_weight": 8.751980789869325, "subsample": 0.8588793065143856}, "datetime": {"datetime": "2020-04-24 17:46:19", "elapsed": 498.153737, "delta": 3.726596}}
{"target": 0.598661, "params": {"alpha": 0.9999999975745254, "colsample_bytree": 0.5000001933926957, "lam": 0.9999999978699428, "max_depth": 9.999999998502517, "min_child_weight": 10.0, "subsample": 0.8999999992271442}, "datetime": {"datetime": "2020-04-24 17:46:24", "elapsed": 502.96578, "delta": 4.812043}}
{"target": 0.6313141999999999, "params": {"alpha": 1.0, "colsample_bytree": 0.9, "lam": 0.061370669764039196, "max_depth": 10.0, "min_child_weight": 10.0, "subsample": 0.5000000037257705}, "datetime": {"datetime": "2020-04-24 17:46:29", "elapsed": 508.095477, "delta": 5.129697}}
{"target": 0.6268537999999999, "params": {"alpha": 0.06528945470213854, "colsample_bytree": 0.8775652312642488, "lam": 0.09763548119443743, "max_depth": 7.943947653492761, "min_child_weight": 9.994279830492182, "subsample": 0.8503926352076228}, "datetime": {"datetime": "2020-04-24 17:46:34", "elapsed": 513.209624, "delta": 5.114147}}
{"target": 0.6077796, "params": {"alpha": 0.6091913925920617, "colsample_bytree": 0.8607921736321085, "lam": 0.9998284543213609, "max_depth": 4.9362919446981905, "min_child_weight": 2.2258902826456883, "subsample": 0.5029920733605552}, "datetime": {"datetime": "2020-04-24 17:46:37", "elapsed": 516.51124, "delta": 3.301616}}
{"target": 0.6303946, "params": {"alpha": 0.9787106496469385, "colsample_bytree": 0.8705500028468264, "lam": 0.09447817199099073, "max_depth": 3.832815382355959, "min_child_weight": 6.17653195495942, "subsample": 0.8027102501468626}, "datetime": {"datetime": "2020-04-24 17:46:41", "elapsed": 520.614436, "delta": 4.103196}}
{"target": 0.6214584000000001, "params": {"alpha": 0.48678981186052805, "colsample_bytree": 0.879543698754055, "lam": 0.9808334227242426, "max_depth": 4.216669347167914, "min_child_weight": 8.342369148694376, "subsample": 0.890785044404949}, "datetime": {"datetime": "2020-04-24 17:46:46", "elapsed": 525.064477, "delta": 4.450041}}
{"target": 0.6256866000000001, "params": {"alpha": 1.0, "colsample_bytree": 0.9, "lam": 1.0, "max_depth": 4.647775529943008, "min_child_weight": 10.0, "subsample": 0.5000000262033392}, "datetime": {"datetime": "2020-04-24 17:46:50", "elapsed": 529.271207, "delta": 4.20673}}
{"target": 0.6047142000000001, "params": {"alpha": 0.9547340324106572, "colsample_bytree": 0.875152863892924, "lam": 0.0699501273235148, "max_depth": 9.463568392495638, "min_child_weight": 3.5443854664019043, "subsample": 0.8118360287002422}, "datetime": {"datetime": "2020-04-24 17:46:55", "elapsed": 534.07926, "delta": 4.808053}}
{"target": 0.6340774, "params": {"alpha": 0.01688076675226824, "colsample_bytree": 0.866289417046164, "lam": 0.980076880171256, "max_depth": 9.955246441760854, "min_child_weight": 9.120539286548228, "subsample": 0.8569562353687197}, "datetime": {"datetime": "2020-04-24 17:46:59", "elapsed": 538.871443, "delta": 4.792183}}
{"target": 0.630876, "params": {"alpha": 0.4571808141997362, "colsample_bytree": 0.894928004995915, "lam": 0.06036195629743846, "max_depth": 7.215188475612456, "min_child_weight": 7.922567877016817, "subsample": 0.8774824220587538}, "datetime": {"datetime": "2020-04-24 17:47:04", "elapsed": 543.127019, "delta": 4.255576}}
{"target": 0.6397274000000001, "params": {"alpha": 0.2761285502827272, "colsample_bytree": 0.8795721731735886, "lam": 0.034884476450920965, "max_depth": 4.978885124779257, "min_child_weight": 6.126444064055086, "subsample": 0.8758584010718324}, "datetime": {"datetime": "2020-04-24 17:47:08", "elapsed": 546.954229, "delta": 3.82721}}
{"target": 0.6299862, "params": {"alpha": 0.011318374567669265, "colsample_bytree": 0.8952961377772113, "lam": 0.8644754936261452, "max_depth": 8.64181052284001, "min_child_weight": 8.136129830370805, "subsample": 0.8462381812650113}, "datetime": {"datetime": "2020-04-24 17:47:12", "elapsed": 551.80136, "delta": 4.847131}}
{"target": 0.6327444000000001, "params": {"alpha": 0.5981756627880547, "colsample_bytree": 0.8561349051262777, "lam": 0.05513426805122379, "max_depth": 8.67253324473938, "min_child_weight": 7.485438969262753, "subsample": 0.5646520604860766}, "datetime": {"datetime": "2020-04-24 17:47:17", "elapsed": 556.073461, "delta": 4.272101}}
{"target": 0.6166532, "params": {"alpha": 0.9661543156947273, "colsample_bytree": 0.899999995342924, "lam": 0.9999999883573097, "max_depth": 9.999999986610467, "min_child_weight": 7.659672939618118, "subsample": 0.5212906622935136}, "datetime": {"datetime": "2020-04-24 17:47:22", "elapsed": 561.047419, "delta": 4.973958}}
{"target": 0.6325082, "params": {"alpha": 0.0, "colsample_bytree": 0.8942760564746634, "lam": 2.1824201274747576e-07, "max_depth": 3.9274687101328754, "min_child_weight": 6.300952520418496, "subsample": 0.8999999643348994}, "datetime": {"datetime": "2020-04-24 17:47:26", "elapsed": 565.123119, "delta": 4.0757}}
{"target": 0.6374948, "params": {"alpha": 0.36999101829165204, "colsample_bytree": 0.8803952829671461, "lam": 0.9818905930718947, "max_depth": 7.619121289963228, "min_child_weight": 4.622454471072265, "subsample": 0.8837164516844285}, "datetime": {"datetime": "2020-04-24 17:47:30", "elapsed": 569.860956, "delta": 4.737837}}
{"target": 0.6007788000000001, "params": {"alpha": 1.0, "colsample_bytree": 0.827689194684118, "lam": 8.224442519798864e-09, "max_depth": 6.078082089934115, "min_child_weight": 1.8444022634301496, "subsample": 0.5}, "datetime": {"datetime": "2020-04-24 17:47:35", "elapsed": 573.968542, "delta": 4.107586}}
{"target": 0.6136256, "params": {"alpha": 0.0, "colsample_bytree": 0.8999999988572046, "lam": 0.9956327420692109, "max_depth": 4.275872305208152, "min_child_weight": 9.999999992680923, "subsample": 0.5000000726915941}, "datetime": {"datetime": "2020-04-24 17:47:39", "elapsed": 578.120595, "delta": 4.152053}}
{"target": 0.6209568, "params": {"alpha": 0.010440148211762255, "colsample_bytree": 0.9, "lam": 0.13682250947023092, "max_depth": 9.999999999371589, "min_child_weight": 2.534526502478364, "subsample": 0.9}, "datetime": {"datetime": "2020-04-24 17:47:44", "elapsed": 583.244432, "delta": 5.123837}}
{"target": 0.632702, "params": {"alpha": 0.813296819945921, "colsample_bytree": 0.8944802996209413, "lam": 0.01390712171378139, "max_depth": 8.30421425216661, "min_child_weight": 9.190514799427659, "subsample": 0.5845165401628556}, "datetime": {"datetime": "2020-04-24 17:47:48", "elapsed": 587.258205, "delta": 4.013773}}
{"target": 0.5770076000000001, "params": {"alpha": 0.0, "colsample_bytree": 0.5000000188282632, "lam": 1.0, "max_depth": 3.8704673238504244, "min_child_weight": 4.337621952290845, "subsample": 0.8999999842690423}, "datetime": {"datetime": "2020-04-24 17:47:52", "elapsed": 591.168733, "delta": 3.910528}}
{"target": 0.629979, "params": {"alpha": 0.041301330427634286, "colsample_bytree": 0.8319073002725209, "lam": 0.5257011996352731, "max_depth": 5.895341269572219, "min_child_weight": 6.283145257019352, "subsample": 0.896940150824491}, "datetime": {"datetime": "2020-04-24 17:47:56", "elapsed": 595.597934, "delta": 4.429201}}
{"target": 0.5974259999999999, "params": {"alpha": 1.0, "colsample_bytree": 0.9, "lam": 4.9434013428977765e-09, "max_depth": 3.0, "min_child_weight": 9.999999998906368, "subsample": 0.5}, "datetime": {"datetime": "2020-04-24 17:48:01", "elapsed": 599.959372, "delta": 4.361438}}
{"target": 0.6324918, "params": {"alpha": 0.0, "colsample_bytree": 0.8999999996369237, "lam": 0.9999999999676014, "max_depth": 4.121805746315124, "min_child_weight": 6.744988288726474, "subsample": 0.899999999373063}, "datetime": {"datetime": "2020-04-24 17:48:05", "elapsed": 604.244156, "delta": 4.284784}}
{"target": 0.6262610000000001, "params": {"alpha": 0.5655221701795697, "colsample_bytree": 0.8913595292536102, "lam": 0.033140268777630766, "max_depth": 6.560715814154166, "min_child_weight": 4.41368113756341, "subsample": 0.8987642983338762}, "datetime": {"datetime": "2020-04-24 17:48:10", "elapsed": 608.910021, "delta": 4.665865}}
{"target": 0.5956734, "params": {"alpha": 0.14434073864309338, "colsample_bytree": 0.8845944937245802, "lam": 0.5907076499751637, "max_depth": 3.292775561447407, "min_child_weight": 5.8146271242761385, "subsample": 0.5422069490894749}, "datetime": {"datetime": "2020-04-24 17:48:13", "elapsed": 612.758776, "delta": 3.848755}}
{"target": 0.6286294, "params": {"alpha": 0.396819844301888, "colsample_bytree": 0.8078913323743757, "lam": 0.017582434190160368, "max_depth": 8.279045538646518, "min_child_weight": 4.785781960982046, "subsample": 0.8725694905595882}, "datetime": {"datetime": "2020-04-24 17:48:18", "elapsed": 617.57739, "delta": 4.818614}}
{"target": 0.636315, "params": {"alpha": 0.007459471817113705, "colsample_bytree": 0.8400550921492362, "lam": 0.016445863597861488, "max_depth": 4.55992764098104, "min_child_weight": 8.604851660751505, "subsample": 0.600800100388859}, "datetime": {"datetime": "2020-04-24 17:48:24", "elapsed": 622.977339, "delta": 5.399949}}
{"target": 0.6269808, "params": {"alpha": 0.9999999998009758, "colsample_bytree": 0.9, "lam": 2.9401245659038836e-07, "max_depth": 8.637154933734372, "min_child_weight": 5.59049176759442, "subsample": 0.9}, "datetime": {"datetime": "2020-04-24 17:48:29", "elapsed": 628.139998, "delta": 5.162659}}
{"target": 0.6389448, "params": {"alpha": 0.3272864399304247, "colsample_bytree": 0.8745963143506017, "lam": 0.592671923718, "max_depth": 7.350998615833377, "min_child_weight": 6.505751537152226, "subsample": 0.8650012137667162}, "datetime": {"datetime": "2020-04-24 17:48:33", "elapsed": 632.187417, "delta": 4.047419}}
{"target": 0.637496, "params": {"alpha": 0.3143534926529047, "colsample_bytree": 0.8707282923928055, "lam": 0.011198955605434158, "max_depth": 4.821381147233047, "min_child_weight": 4.702668420135464, "subsample": 0.8675707482390896}, "datetime": {"datetime": "2020-04-24 17:48:37", "elapsed": 636.789545, "delta": 4.602128}}
{"target": 0.6404862, "params": {"alpha": 0.015367893091789875, "colsample_bytree": 0.8966994585774213, "lam": 0.08088936520418999, "max_depth": 4.8553222747112885, "min_child_weight": 7.016684384775733, "subsample": 0.8430523449613235}, "datetime": {"datetime": "2020-04-24 17:48:42", "elapsed": 641.327523, "delta": 4.537978}}
{"target": 0.6246718, "params": {"alpha": 0.15121233051569216, "colsample_bytree": 0.8674767977127253, "lam": 0.9766910386906864, "max_depth": 3.9258923645225825, "min_child_weight": 1.697072208372468, "subsample": 0.8446298755601409}, "datetime": {"datetime": "2020-04-24 17:48:46", "elapsed": 645.534257, "delta": 4.206734}}
{"target": 0.6291654, "params": {"alpha": 0.02276233712076836, "colsample_bytree": 0.8888720949394838, "lam": 0.014030019454503218, "max_depth": 9.709188446009609, "min_child_weight": 8.410086545441676, "subsample": 0.8774099574412093}, "datetime": {"datetime": "2020-04-24 17:48:51", "elapsed": 650.078241, "delta": 4.543984}}
{"target": 0.6319663999999999, "params": {"alpha": 0.017777801269567517, "colsample_bytree": 0.8760959454876418, "lam": 0.0130437316385138, "max_depth": 7.461049528472321, "min_child_weight": 5.731828446964013, "subsample": 0.8901454405861619}, "datetime": {"datetime": "2020-04-24 17:48:56", "elapsed": 655.253079, "delta": 5.174838}}
{"target": 0.627613, "params": {"alpha": 0.017459151431577502, "colsample_bytree": 0.8772000871996912, "lam": 0.03127935612074273, "max_depth": 3.5032312389160856, "min_child_weight": 8.875582999038535, "subsample": 0.7934986404090192}, "datetime": {"datetime": "2020-04-24 17:49:01", "elapsed": 660.031085, "delta": 4.778006}}
{"target": 0.6397424, "params": {"alpha": 0.31035289590498005, "colsample_bytree": 0.8815190741898742, "lam": 0.7849599951509413, "max_depth": 8.93178505703542, "min_child_weight": 8.767321723371097, "subsample": 0.8996216833358381}, "datetime": {"datetime": "2020-04-24 17:49:06", "elapsed": 665.631488, "delta": 5.600403}}
{"target": 0.628243, "params": {"alpha": 0.9999999849400325, "colsample_bytree": 0.8999999996093371, "lam": 0.9999999922126545, "max_depth": 9.999999997350182, "min_child_weight": 6.496493790087453, "subsample": 0.8999999996093372}, "datetime": {"datetime": "2020-04-24 17:49:12", "elapsed": 671.717732, "delta": 6.086244}}
{"target": 0.6312196, "params": {"alpha": 0.7677685658660249, "colsample_bytree": 0.8807351397477986, "lam": 0.979186595334259, "max_depth": 5.738221750542045, "min_child_weight": 3.385885577704343, "subsample": 0.8899889971641414}, "datetime": {"datetime": "2020-04-24 17:49:18", "elapsed": 677.786086, "delta": 6.068354}}
{"target": 0.6464399999999999, "params": {"alpha": 0.06609658763845838, "colsample_bytree": 0.8834968528373033, "lam": 0.8715605060824368, "max_depth": 8.764998477518416, "min_child_weight": 9.987913483639232, "subsample": 0.890087886292938}, "datetime": {"datetime": "2020-04-24 17:49:24", "elapsed": 682.895978, "delta": 5.109892}}
{"target": 0.6205124, "params": {"alpha": 0.2173694311513592, "colsample_bytree": 0.8728661477061708, "lam": 0.6986095091696974, "max_depth": 9.887981733754472, "min_child_weight": 6.372086182523148, "subsample": 0.5247876371898273}, "datetime": {"datetime": "2020-04-24 17:49:29", "elapsed": 688.631965, "delta": 5.735987}}
{"target": 0.6357806, "params": {"alpha": 0.9814785939927931, "colsample_bytree": 0.8567679300370453, "lam": 0.9619388873595472, "max_depth": 5.6406171716959035, "min_child_weight": 7.896365846783441, "subsample": 0.895935894753473}, "datetime": {"datetime": "2020-04-24 17:49:34", "elapsed": 693.386863, "delta": 4.754898}}
{"target": 0.6303411999999999, "params": {"alpha": 0.007452478501818738, "colsample_bytree": 0.8803262044185494, "lam": 0.082835097909286, "max_depth": 6.14159014688698, "min_child_weight": 7.794940650328554, "subsample": 0.6778269471233844}, "datetime": {"datetime": "2020-04-24 17:49:39", "elapsed": 698.003504, "delta": 4.616641}}
{"target": 0.6108296, "params": {"alpha": 0.9501538758976389, "colsample_bytree": 0.7313015996849579, "lam": 0.9474155279136096, "max_depth": 4.426561856680831, "min_child_weight": 8.528075587962423, "subsample": 0.5071332368422593}, "datetime": {"datetime": "2020-04-24 17:49:44", "elapsed": 703.146739, "delta": 5.143235}}
{"target": 0.6112454, "params": {"alpha": 0.0019878515358005, "colsample_bytree": 0.5390633133202201, "lam": 0.0299180634674433, "max_depth": 4.625404754710848, "min_child_weight": 8.400365089273146, "subsample": 0.7885056568466116}, "datetime": {"datetime": "2020-04-24 17:49:50", "elapsed": 708.923098, "delta": 5.776359}}
{"target": 0.6326769999999999, "params": {"alpha": 0.2115069132850903, "colsample_bytree": 0.8962059902388637, "lam": 0.6225231780599073, "max_depth": 9.33735638342954, "min_child_weight": 9.950110852897655, "subsample": 0.896393284833721}, "datetime": {"datetime": "2020-04-24 17:49:55", "elapsed": 714.799601, "delta": 5.876503}}
{"target": 0.6346436, "params": {"alpha": 0.8964424454479882, "colsample_bytree": 0.8715335169462097, "lam": 0.015431167528049627, "max_depth": 9.265029460977, "min_child_weight": 9.840671220146207, "subsample": 0.840577571786089}, "datetime": {"datetime": "2020-04-24 17:50:01", "elapsed": 720.418538, "delta": 5.618937}}
{"target": 0.6237554, "params": {"alpha": 0.03265705387249729, "colsample_bytree": 0.7986683647896704, "lam": 0.19311400018426017, "max_depth": 8.601583013643886, "min_child_weight": 9.943779950554259, "subsample": 0.5434777383613077}, "datetime": {"datetime": "2020-04-24 17:50:07", "elapsed": 726.499014, "delta": 6.080476}}
{"target": 0.606276, "params": {"alpha": 0.017991250945668558, "colsample_bytree": 0.7951847835094028, "lam": 0.0022610598286942896, "max_depth": 3.0139164481365444, "min_child_weight": 4.166213022991069, "subsample": 0.6285237441500144}, "datetime": {"datetime": "2020-04-24 17:50:12", "elapsed": 730.934925, "delta": 4.435911}}
{"target": 0.6191417999999999, "params": {"alpha": 0.9999999999521917, "colsample_bytree": 0.8999999999808767, "lam": 0.0, "max_depth": 6.08402854452519, "min_child_weight": 1.000000000114792, "subsample": 0.8999999999808767}, "datetime": {"datetime": "2020-04-24 17:50:18", "elapsed": 737.275992, "delta": 6.341067}}
{"target": 0.5967342, "params": {"alpha": 0.0, "colsample_bytree": 0.8999999999693564, "lam": 1.0, "max_depth": 10.0, "min_child_weight": 1.0000000000598541, "subsample": 0.9}, "datetime": {"datetime": "2020-04-24 17:50:24", "elapsed": 743.47951, "delta": 6.203518}}
{"target": 0.6259562, "params": {"alpha": 0.014906108073961089, "colsample_bytree": 0.7576228251002014, "lam": 0.9806296434482749, "max_depth": 5.346105653465438, "min_child_weight": 3.963097279789161, "subsample": 0.5664898794321965}, "datetime": {"datetime": "2020-04-24 17:50:30", "elapsed": 749.4443, "delta": 5.96479}}
{"target": 0.638682, "params": {"alpha": 0.8899782267279748, "colsample_bytree": 0.8574202002527394, "lam": 0.08984264535662267, "max_depth": 5.952114882966912, "min_child_weight": 9.964027993325853, "subsample": 0.5622632716778051}, "datetime": {"datetime": "2020-04-24 17:50:36", "elapsed": 754.954196, "delta": 5.509896}}
{"target": 0.6351002, "params": {"alpha": 0.8099946650262112, "colsample_bytree": 0.8846325030368101, "lam": 0.02924231948709055, "max_depth": 6.28207213343448, "min_child_weight": 7.667077650171278, "subsample": 0.8680708697162096}, "datetime": {"datetime": "2020-04-24 17:50:41", "elapsed": 760.68461, "delta": 5.730414}}
{"target": 0.6078804, "params": {"alpha": 0.45172803486974933, "colsample_bytree": 0.5136484457833528, "lam": 0.9608175240621064, "max_depth": 7.000093179472473, "min_child_weight": 4.030432607034099, "subsample": 0.8955261851198832}, "datetime": {"datetime": "2020-04-24 17:50:46", "elapsed": 765.638231, "delta": 4.953621}}
{"target": 0.6177193999999999, "params": {"alpha": 0.8543441795277001, "colsample_bytree": 0.8655574965551115, "lam": 0.0255106446346276, "max_depth": 7.249297737198673, "min_child_weight": 3.18017804904097, "subsample": 0.8928618743272478}, "datetime": {"datetime": "2020-04-24 17:50:51", "elapsed": 770.536163, "delta": 4.897932}}
{"target": 0.6257774, "params": {"alpha": 0.933765579430703, "colsample_bytree": 0.8790659491773934, "lam": 0.08788162064471083, "max_depth": 5.027661215944539, "min_child_weight": 9.944488196703688, "subsample": 0.538826252389604}, "datetime": {"datetime": "2020-04-24 17:50:57", "elapsed": 776.154283, "delta": 5.61812}}
{"target": 0.6311032, "params": {"alpha": 0.49813872820330873, "colsample_bytree": 0.8997916225120559, "lam": 0.9811026657180498, "max_depth": 5.406160324722811, "min_child_weight": 4.680241134750609, "subsample": 0.8930073757652855}, "datetime": {"datetime": "2020-04-24 17:51:02", "elapsed": 781.874367, "delta": 5.720084}}
{"target": 0.6263196000000001, "params": {"alpha": 0.027789800976365298, "colsample_bytree": 0.8587329361267396, "lam": 0.012319178089676308, "max_depth": 4.15687329174311, "min_child_weight": 9.556373385262097, "subsample": 0.8186287233282259}, "datetime": {"datetime": "2020-04-24 17:51:08", "elapsed": 787.571992, "delta": 5.697625}}
{"target": 0.6361125999999999, "params": {"alpha": 0.3812707127238655, "colsample_bytree": 0.878715284220414, "lam": 1.893174121536667e-05, "max_depth": 6.459974331886162, "min_child_weight": 9.031245530956499, "subsample": 0.8769851677676962}, "datetime": {"datetime": "2020-04-24 17:51:14", "elapsed": 793.163955, "delta": 5.591963}}
{"target": 0.6137273999999999, "params": {"alpha": 0.0033378054976198612, "colsample_bytree": 0.5566981043214206, "lam": 0.08217743971578206, "max_depth": 7.9359056187981505, "min_child_weight": 6.417999288662967, "subsample": 0.87820174613384}, "datetime": {"datetime": "2020-04-24 17:51:19", "elapsed": 798.596029, "delta": 5.432074}}
