{"target": 0.6192295999999999, "params": {"alpha": 0.9939107733006015, "colsample_bytree": 0.8945658903342353, "lam": 0.9910602812716878, "max_depth": 6.3407332614234, "min_child_weight": 2.5374707964446146, "subsample": 0.5110177532756257}, "datetime": {"datetime": "2020-04-25 17:24:32", "elapsed": 326.00834, "delta": 4.226577}}
{"target": 0.6348003999999999, "params": {"alpha": 0.7549326466623646, "colsample_bytree": 0.8957602643383524, "lam": 0.049705641729013816, "max_depth": 4.66233708047466, "min_child_weight": 4.274953227719351, "subsample": 0.8470695330459752}, "datetime": {"datetime": "2020-04-25 17:24:37", "elapsed": 330.80999, "delta": 4.80165}}
{"target": 0.6322694, "params": {"alpha": 0.07592373806244179, "colsample_bytree": 0.8647809726900415, "lam": 0.9978510784099811, "max_depth": 4.870926311574072, "min_child_weight": 5.475083293216267, "subsample": 0.8987261616404407}, "datetime": {"datetime": "2020-04-25 17:24:42", "elapsed": 335.751954, "delta": 4.941964}}
{"target": 0.6263103999999999, "params": {"alpha": 0.9099334016708163, "colsample_bytree": 0.8994529332985891, "lam": 0.735316444556201, "max_depth": 4.760446121755702, "min_child_weight": 4.915997380990512, "subsample": 0.8302533873858478}, "datetime": {"datetime": "2020-04-25 17:24:47", "elapsed": 340.627073, "delta": 4.875119}}
{"target": 0.6293466, "params": {"alpha": 0.26195879986117965, "colsample_bytree": 0.8870341041541634, "lam": 0.9358706322860891, "max_depth": 7.966295451745214, "min_child_weight": 7.30344759120671, "subsample": 0.874974687047845}, "datetime": {"datetime": "2020-04-25 17:24:52", "elapsed": 346.2957, "delta": 5.668627}}
{"target": 0.6258694, "params": {"alpha": 0.008989261593043363, "colsample_bytree": 0.8516178569517713, "lam": 0.9878707460038901, "max_depth": 5.6531163562687405, "min_child_weight": 1.0605264034069064, "subsample": 0.8572881153656795}, "datetime": {"datetime": "2020-04-25 17:24:57", "elapsed": 351.417853, "delta": 5.122153}}
{"target": 0.6221821999999999, "params": {"alpha": 0.9882916491858155, "colsample_bytree": 0.8943294131548747, "lam": 0.0034213072566707803, "max_depth": 7.145145145501311, "min_child_weight": 4.262837155644021, "subsample": 0.7846543266982162}, "datetime": {"datetime": "2020-04-25 17:25:03", "elapsed": 356.609562, "delta": 5.191709}}
{"target": 0.6271160000000001, "params": {"alpha": 0.4929108279885067, "colsample_bytree": 0.8841520913313887, "lam": 0.010559541420160579, "max_depth": 4.9762365088154095, "min_child_weight": 6.131901631866447, "subsample": 0.7762088097372695}, "datetime": {"datetime": "2020-04-25 17:25:07", "elapsed": 361.4249, "delta": 4.815338}}
{"target": 0.6368456, "params": {"alpha": 0.5163505220866684, "colsample_bytree": 0.8775582314686532, "lam": 0.986365423442555, "max_depth": 6.051135226295846, "min_child_weight": 9.917626981023425, "subsample": 0.8779433624308252}, "datetime": {"datetime": "2020-04-25 17:25:12", "elapsed": 366.442166, "delta": 5.017266}}
{"target": 0.6251211999999999, "params": {"alpha": 0.9973303802699318, "colsample_bytree": 0.8601245199343575, "lam": 0.043342301184254084, "max_depth": 3.9540139877265545, "min_child_weight": 4.202370613304764, "subsample": 0.5784748194210891}, "datetime": {"datetime": "2020-04-25 17:25:17", "elapsed": 371.060848, "delta": 4.618682}}
{"target": 0.6419382, "params": {"alpha": 0.059718040591634214, "colsample_bytree": 0.8140584835598927, "lam": 0.7104167777859886, "max_depth": 9.99268366702356, "min_child_weight": 9.943936869960476, "subsample": 0.8730496354193844}, "datetime": {"datetime": "2020-04-25 17:25:24", "elapsed": 377.807235, "delta": 6.746387}}
{"target": 0.625675, "params": {"alpha": 0.9633485417767859, "colsample_bytree": 0.8853379914516788, "lam": 0.8118595954160013, "max_depth": 8.5895120117944, "min_child_weight": 3.5651490070918395, "subsample": 0.8780025393082096}, "datetime": {"datetime": "2020-04-25 17:25:30", "elapsed": 384.392714, "delta": 6.585479}}
{"target": 0.6183096, "params": {"alpha": 0.0690437813260314, "colsample_bytree": 0.8933289404946254, "lam": 0.020208727725439135, "max_depth": 3.860534582447309, "min_child_weight": 2.634234188843306, "subsample": 0.880238235776613}, "datetime": {"datetime": "2020-04-25 17:25:35", "elapsed": 389.208693, "delta": 4.815979}}
{"target": 0.6187728, "params": {"alpha": 2.5972614716116143e-08, "colsample_bytree": 0.9, "lam": 0.9999999470068457, "max_depth": 6.195980387587923, "min_child_weight": 5.0457762703997675, "subsample": 0.6935490763519362}, "datetime": {"datetime": "2020-04-25 17:25:40", "elapsed": 394.178776, "delta": 4.970083}}
{"target": 0.5910338, "params": {"alpha": 0.527584159351383, "colsample_bytree": 0.5265220975797698, "lam": 0.9381325358339802, "max_depth": 4.574439204757615, "min_child_weight": 1.072755467017212, "subsample": 0.6183187911631861}, "datetime": {"datetime": "2020-04-25 17:25:45", "elapsed": 398.684274, "delta": 4.505498}}
{"target": 0.6347676, "params": {"alpha": 0.1120165835581104, "colsample_bytree": 0.8818532530865626, "lam": 0.1806223731426, "max_depth": 5.850955039767252, "min_child_weight": 8.800797531289033, "subsample": 0.8536921658964931}, "datetime": {"datetime": "2020-04-25 17:25:50", "elapsed": 403.809949, "delta": 5.125675}}
{"target": 0.6105756, "params": {"alpha": 0.878560451658216, "colsample_bytree": 0.8944680503518729, "lam": 0.008496102192373844, "max_depth": 3.099211037518375, "min_child_weight": 7.989266548786551, "subsample": 0.8347838493602531}, "datetime": {"datetime": "2020-04-25 17:25:54", "elapsed": 408.46175, "delta": 4.651801}}
{"target": 0.620434, "params": {"alpha": 0.9991201966564297, "colsample_bytree": 0.6253189992051158, "lam": 0.10285981571474101, "max_depth": 8.575880320187173, "min_child_weight": 7.610622814959106, "subsample": 0.8545411374953833}, "datetime": {"datetime": "2020-04-25 17:26:01", "elapsed": 415.05984, "delta": 6.59809}}
{"target": 0.6398623999999999, "params": {"alpha": 0.26651063485651083, "colsample_bytree": 0.8914787042173968, "lam": 0.544601884071238, "max_depth": 8.828757015151393, "min_child_weight": 9.884123854733783, "subsample": 0.8758943890201139}, "datetime": {"datetime": "2020-04-25 17:26:07", "elapsed": 421.471988, "delta": 6.412148}}
{"target": 0.6345824, "params": {"alpha": 0.013102647451235128, "colsample_bytree": 0.889967661747403, "lam": 0.9716549109776834, "max_depth": 9.664732796776725, "min_child_weight": 7.303480504889058, "subsample": 0.8880221090034728}, "datetime": {"datetime": "2020-04-25 17:26:15", "elapsed": 428.748079, "delta": 7.276091}}
{"target": 0.6152438, "params": {"alpha": 0.026116960639536613, "colsample_bytree": 0.8386655475511448, "lam": 0.024231141541940282, "max_depth": 9.167591633146792, "min_child_weight": 6.207506154093707, "subsample": 0.5565884404232726}, "datetime": {"datetime": "2020-04-25 17:26:20", "elapsed": 433.987746, "delta": 5.239667}}
{"target": 0.5960712, "params": {"alpha": 0.05470036365169378, "colsample_bytree": 0.9, "lam": 0.027016394682041985, "max_depth": 3.972676313410123, "min_child_weight": 1.0000000104765223, "subsample": 0.5000000051228889}, "datetime": {"datetime": "2020-04-25 17:26:24", "elapsed": 438.128826, "delta": 4.14108}}
{"target": 0.6036678, "params": {"alpha": 0.1951914166504244, "colsample_bytree": 0.8918237047243228, "lam": 0.7055812803311793, "max_depth": 8.20292430847635, "min_child_weight": 1.3193107221422085, "subsample": 0.8690113640771052}, "datetime": {"datetime": "2020-04-25 17:26:31", "elapsed": 444.59563, "delta": 6.466804}}
{"target": 0.6124254, "params": {"alpha": 0.9164378971047621, "colsample_bytree": 0.8528244485272571, "lam": 0.12047611570707761, "max_depth": 4.836991600627381, "min_child_weight": 3.1597982831623894, "subsample": 0.5241155319302054}, "datetime": {"datetime": "2020-04-25 17:26:35", "elapsed": 448.796602, "delta": 4.200972}}
{"target": 0.6107936, "params": {"alpha": 0.017811039638548687, "colsample_bytree": 0.8997316306227616, "lam": 0.25189353608642095, "max_depth": 4.186503245111048, "min_child_weight": 4.8142816957350725, "subsample": 0.5601467606972815}, "datetime": {"datetime": "2020-04-25 17:26:39", "elapsed": 453.042394, "delta": 4.245792}}
{"target": 0.6387998, "params": {"alpha": 0.23800823492083123, "colsample_bytree": 0.8660865868564165, "lam": 0.9983054003976106, "max_depth": 7.994506442279161, "min_child_weight": 9.956646762531367, "subsample": 0.8573938393344355}, "datetime": {"datetime": "2020-04-25 17:26:45", "elapsed": 459.154929, "delta": 6.112535}}
{"target": 0.6244272000000001, "params": {"alpha": 0.9992408846424874, "colsample_bytree": 0.7914733788363151, "lam": 0.9891005571324434, "max_depth": 3.7716045660686444, "min_child_weight": 1.2079843041896663, "subsample": 0.8987741612888963}, "datetime": {"datetime": "2020-04-25 17:26:50", "elapsed": 463.846329, "delta": 4.6914}}
{"target": 0.5695586, "params": {"alpha": 0.9921892414482959, "colsample_bytree": 0.5132209728285562, "lam": 0.9481942024938901, "max_depth": 8.315853866403126, "min_child_weight": 1.0314682693835882, "subsample": 0.5066410612920519}, "datetime": {"datetime": "2020-04-25 17:26:55", "elapsed": 469.060483, "delta": 5.214154}}
{"target": 0.6314918, "params": {"alpha": 0.23672764639266808, "colsample_bytree": 0.8983164328444514, "lam": 0.9715121177866756, "max_depth": 5.01240076405472, "min_child_weight": 7.545528930252553, "subsample": 0.7067165159089214}, "datetime": {"datetime": "2020-04-25 17:27:00", "elapsed": 474.026422, "delta": 4.965939}}
{"target": 0.6269194, "params": {"alpha": 0.917415634245941, "colsample_bytree": 0.8756728939146963, "lam": 0.04294987385821569, "max_depth": 6.695913940203739, "min_child_weight": 9.915865470237788, "subsample": 0.5570464906071452}, "datetime": {"datetime": "2020-04-25 17:27:05", "elapsed": 478.911885, "delta": 4.885463}}
{"target": 0.6132902, "params": {"alpha": 1.0, "colsample_bytree": 0.8999999999860264, "lam": 1.0, "max_depth": 9.99999999998738, "min_child_weight": 3.3756297470819754, "subsample": 0.9}, "datetime": {"datetime": "2020-04-25 17:27:14", "elapsed": 487.693303, "delta": 8.781418}}
{"target": 0.6288199999999999, "params": {"alpha": 0.1990664158416443, "colsample_bytree": 0.8568529683997399, "lam": 0.8081318786949179, "max_depth": 4.370508046851671, "min_child_weight": 1.7464931092631542, "subsample": 0.8998319102918592}, "datetime": {"datetime": "2020-04-25 17:27:19", "elapsed": 492.984269, "delta": 5.290966}}
{"target": 0.6212943999999999, "params": {"alpha": 0.44761244299671876, "colsample_bytree": 0.8780817355686115, "lam": 0.2368662130686101, "max_depth": 9.994668787014255, "min_child_weight": 9.914785062105322, "subsample": 0.6857072635297881}, "datetime": {"datetime": "2020-04-25 17:27:26", "elapsed": 499.830045, "delta": 6.845776}}
{"target": 0.5644318, "params": {"alpha": 0.8305116621720579, "colsample_bytree": 0.6573666086795872, "lam": 0.019190246497552965, "max_depth": 9.739509311458974, "min_child_weight": 1.4363086867700379, "subsample": 0.8974844819121497}, "datetime": {"datetime": "2020-04-25 17:27:35", "elapsed": 509.228062, "delta": 9.398017}}
{"target": 0.5944578, "params": {"alpha": 0.056681192834630356, "colsample_bytree": 0.8830581554255467, "lam": 0.1072546603050929, "max_depth": 8.983908412051669, "min_child_weight": 2.793988576027571, "subsample": 0.5334339419480207}, "datetime": {"datetime": "2020-04-25 17:27:41", "elapsed": 515.285626, "delta": 6.057564}}
{"target": 0.6145414, "params": {"alpha": 0.9181802338548559, "colsample_bytree": 0.89835635847897, "lam": 0.8926017201595338, "max_depth": 7.6677227021377306, "min_child_weight": 2.910682089602026, "subsample": 0.8153708060091114}, "datetime": {"datetime": "2020-04-25 17:27:48", "elapsed": 521.832705, "delta": 6.547079}}
{"target": 0.616729, "params": {"alpha": 0.0, "colsample_bytree": 0.8999999999999905, "lam": 0.9999999999999983, "max_depth": 10.0, "min_child_weight": 1.0, "subsample": 0.5000000000000058}, "datetime": {"datetime": "2020-04-25 17:27:54", "elapsed": 528.357809, "delta": 6.525104}}
{"target": 0.623147, "params": {"alpha": 0.9999999647250424, "colsample_bytree": 0.9, "lam": 0.9999999898436169, "max_depth": 7.316566403886217, "min_child_weight": 5.820570080008059, "subsample": 0.5}, "datetime": {"datetime": "2020-04-25 17:28:00", "elapsed": 533.538037, "delta": 5.180228}}
{"target": 0.6351326, "params": {"alpha": 0.5375019213168977, "colsample_bytree": 0.8556133166181382, "lam": 0.9951259154691914, "max_depth": 9.418539863810558, "min_child_weight": 2.295982573122601, "subsample": 0.500571306699849}, "datetime": {"datetime": "2020-04-25 17:28:05", "elapsed": 539.345518, "delta": 5.807481}}
{"target": 0.62605, "params": {"alpha": 0.9357139765204819, "colsample_bytree": 0.8825606987976542, "lam": 0.7479080685098171, "max_depth": 8.432911637038334, "min_child_weight": 7.174396206350802, "subsample": 0.515564244822124}, "datetime": {"datetime": "2020-04-25 17:28:11", "elapsed": 545.224368, "delta": 5.87885}}
{"target": 0.63834, "params": {"alpha": 0.9568774670772334, "colsample_bytree": 0.8871383668579158, "lam": 0.045015534549823655, "max_depth": 6.578384778064745, "min_child_weight": 5.9716079729480045, "subsample": 0.8866300491858563}, "datetime": {"datetime": "2020-04-25 17:28:18", "elapsed": 552.073359, "delta": 6.848991}}
{"target": 0.6285546, "params": {"alpha": 0.9923528922247452, "colsample_bytree": 0.8913475918465006, "lam": 0.379718410336224, "max_depth": 8.80702141898735, "min_child_weight": 4.870095571950802, "subsample": 0.8917537013211804}, "datetime": {"datetime": "2020-04-25 17:28:26", "elapsed": 559.606323, "delta": 7.532964}}
{"target": 0.6456006000000001, "params": {"alpha": 0.9918665005592016, "colsample_bytree": 0.8749234627907654, "lam": 0.99660423291042, "max_depth": 5.3913611420133165, "min_child_weight": 6.725375556545196, "subsample": 0.8413643713885774}, "datetime": {"datetime": "2020-04-25 17:28:31", "elapsed": 565.149265, "delta": 5.542942}}
{"target": 0.6331965999999999, "params": {"alpha": 0.9841896495295334, "colsample_bytree": 0.8949635735402611, "lam": 0.08737413022088503, "max_depth": 5.483164201036118, "min_child_weight": 6.95257615596581, "subsample": 0.6661909616679622}, "datetime": {"datetime": "2020-04-25 17:28:37", "elapsed": 570.831732, "delta": 5.682467}}
{"target": 0.6295645999999999, "params": {"alpha": 0.20357907849894707, "colsample_bytree": 0.8191940317870545, "lam": 0.35766376047186965, "max_depth": 7.596200093199667, "min_child_weight": 5.524508420960073, "subsample": 0.8954657540456425}, "datetime": {"datetime": "2020-04-25 17:28:43", "elapsed": 577.320333, "delta": 6.488601}}
{"target": 0.6331966, "params": {"alpha": 0.02137285593934901, "colsample_bytree": 0.8991666223475614, "lam": 0.7439413704233653, "max_depth": 9.517426105815971, "min_child_weight": 9.793073980122236, "subsample": 0.8249903769585951}, "datetime": {"datetime": "2020-04-25 17:28:51", "elapsed": 585.259994, "delta": 7.939661}}
{"target": 0.558024, "params": {"alpha": 0.7219725643993727, "colsample_bytree": 0.5, "lam": 0.0, "max_depth": 3.0000000613698345, "min_child_weight": 1.011075778289385, "subsample": 0.7209734164851038}, "datetime": {"datetime": "2020-04-25 17:28:57", "elapsed": 590.830945, "delta": 5.570951}}
{"target": 0.6177545999999999, "params": {"alpha": 0.9733854363763439, "colsample_bytree": 0.549767555689084, "lam": 0.1121986275771053, "max_depth": 8.387069913795978, "min_child_weight": 9.987377497270927, "subsample": 0.8710150793946088}, "datetime": {"datetime": "2020-04-25 17:29:04", "elapsed": 597.717708, "delta": 6.886763}}
{"target": 0.6339505999999999, "params": {"alpha": 0.9993952192113127, "colsample_bytree": 0.8379706443236367, "lam": 0.01649810593398604, "max_depth": 7.48401178188176, "min_child_weight": 8.836549315600857, "subsample": 0.8736965946333407}, "datetime": {"datetime": "2020-04-25 17:29:10", "elapsed": 603.652965, "delta": 5.935257}}
{"target": 0.6345332, "params": {"alpha": 0.9999999842560419, "colsample_bytree": 0.8999999937024168, "lam": 0.999999995693101, "max_depth": 9.999999997048743, "min_child_weight": 7.92081368992412, "subsample": 0.8999998994550354}, "datetime": {"datetime": "2020-04-25 17:29:18", "elapsed": 612.019088, "delta": 8.366123}}
{"target": 0.644769, "params": {"alpha": 0.7355104300455867, "colsample_bytree": 0.8624027647670378, "lam": 0.8428487922925796, "max_depth": 5.973195193756622, "min_child_weight": 5.667019562527056, "subsample": 0.8978074866754151}, "datetime": {"datetime": "2020-04-25 17:29:24", "elapsed": 617.847136, "delta": 5.828048}}
{"target": 0.598456, "params": {"alpha": 0.9437437033211613, "colsample_bytree": 0.814591290896264, "lam": 0.07156356669497566, "max_depth": 3.032652974207775, "min_child_weight": 4.688813670907674, "subsample": 0.892106264222382}, "datetime": {"datetime": "2020-04-25 17:29:29", "elapsed": 623.22056, "delta": 5.373424}}
{"target": 0.6374009999999999, "params": {"alpha": 0.14231371745668553, "colsample_bytree": 0.8613523568831565, "lam": 0.9999424106722266, "max_depth": 7.18855219551498, "min_child_weight": 8.934821681374228, "subsample": 0.6174149492692782}, "datetime": {"datetime": "2020-04-25 17:29:35", "elapsed": 629.11229, "delta": 5.89173}}
{"target": 0.6365334, "params": {"alpha": 0.9999999999999998, "colsample_bytree": 0.8999999999999994, "lam": 0.9999999999999988, "max_depth": 9.999999999999998, "min_child_weight": 10.0, "subsample": 0.8999999456931133}, "datetime": {"datetime": "2020-04-25 17:29:44", "elapsed": 638.158425, "delta": 9.046135}}
{"target": 0.61556, "params": {"alpha": 1.0, "colsample_bytree": 0.9, "lam": 1.4035281226100999e-09, "max_depth": 10.0, "min_child_weight": 4.066056039927368, "subsample": 0.9}, "datetime": {"datetime": "2020-04-25 17:29:52", "elapsed": 646.264447, "delta": 8.106022}}
{"target": 0.6434297999999999, "params": {"alpha": 0.4585142152849049, "colsample_bytree": 0.897903034091152, "lam": 0.8287975256018671, "max_depth": 6.4244058368386945, "min_child_weight": 6.817574162319308, "subsample": 0.8920600670307359}, "datetime": {"datetime": "2020-04-25 17:29:59", "elapsed": 652.59299, "delta": 6.328543}}
{"target": 0.635431, "params": {"alpha": 0.9683854409365147, "colsample_bytree": 0.8566896788617862, "lam": 0.09210211665793988, "max_depth": 9.199119297648942, "min_child_weight": 9.79580900160923, "subsample": 0.8922352509390026}, "datetime": {"datetime": "2020-04-25 17:30:07", "elapsed": 660.602032, "delta": 8.009042}}
{"target": 0.6310424, "params": {"alpha": 0.8714938261128958, "colsample_bytree": 0.8757532855006533, "lam": 0.002213200699686002, "max_depth": 4.774363710428174, "min_child_weight": 7.2042158951390345, "subsample": 0.8963998026865632}, "datetime": {"datetime": "2020-04-25 17:30:13", "elapsed": 666.841855, "delta": 6.239823}}
{"target": 0.6273116, "params": {"alpha": 0.02428188196384451, "colsample_bytree": 0.8909199671741088, "lam": 0.9855906484804784, "max_depth": 5.499294435212127, "min_child_weight": 6.29744738730816, "subsample": 0.8141723440546822}, "datetime": {"datetime": "2020-04-25 17:30:20", "elapsed": 673.542214, "delta": 6.700359}}
{"target": 0.5947288, "params": {"alpha": 0.25187999831924657, "colsample_bytree": 0.8625082857714526, "lam": 0.9479862284821184, "max_depth": 3.0668590706660033, "min_child_weight": 8.563300600599831, "subsample": 0.6498234822234789}, "datetime": {"datetime": "2020-04-25 17:30:24", "elapsed": 678.534845, "delta": 4.992631}}
{"target": 0.6421964, "params": {"alpha": 0.46957904975035536, "colsample_bytree": 0.8963864002953097, "lam": 0.005225078222066859, "max_depth": 4.6841700472489896, "min_child_weight": 8.51244989618466, "subsample": 0.8431959974626853}, "datetime": {"datetime": "2020-04-25 17:30:31", "elapsed": 684.860407, "delta": 6.325562}}
{"target": 0.6185284, "params": {"alpha": 0.8682278160024623, "colsample_bytree": 0.5133929559639999, "lam": 0.9734002478880335, "max_depth": 7.209468990265552, "min_child_weight": 5.359672340831853, "subsample": 0.8961339748618655}, "datetime": {"datetime": "2020-04-25 17:30:38", "elapsed": 692.274622, "delta": 7.414215}}
{"target": 0.631917, "params": {"alpha": 0.06236698418234432, "colsample_bytree": 0.8936005250353918, "lam": 0.06724284856368457, "max_depth": 6.850152874339678, "min_child_weight": 7.01448907885059, "subsample": 0.8733108258381747}, "datetime": {"datetime": "2020-04-25 17:30:45", "elapsed": 699.046903, "delta": 6.772281}}
{"target": 0.633492, "params": {"alpha": 1.0, "colsample_bytree": 0.9, "lam": 0.0, "max_depth": 8.483394499382605, "min_child_weight": 9.999999991008444, "subsample": 0.9}, "datetime": {"datetime": "2020-04-25 17:30:52", "elapsed": 705.997769, "delta": 6.950866}}
{"target": 0.6314016, "params": {"alpha": 0.9683271353198494, "colsample_bytree": 0.8414884825547804, "lam": 0.8783159104680681, "max_depth": 6.618498581431545, "min_child_weight": 6.453722770363447, "subsample": 0.8650326372594838}, "datetime": {"datetime": "2020-04-25 17:30:58", "elapsed": 712.466895, "delta": 6.469126}}
{"target": 0.6303143999999999, "params": {"alpha": 0.6921122503018375, "colsample_bytree": 0.8873304434034917, "lam": 0.8863190004639703, "max_depth": 7.103324800521289, "min_child_weight": 4.814741701368362, "subsample": 0.8696858739125592}, "datetime": {"datetime": "2020-04-25 17:31:05", "elapsed": 718.913142, "delta": 6.446247}}
{"target": 0.6346864, "params": {"alpha": 0.6444410315484065, "colsample_bytree": 0.8999999981837816, "lam": 0.4456551544840302, "max_depth": 7.580176810224497, "min_child_weight": 7.979863478814406, "subsample": 0.8511163375017157}, "datetime": {"datetime": "2020-04-25 17:31:13", "elapsed": 726.754748, "delta": 7.841606}}
{"target": 0.6293034, "params": {"alpha": 0.8115162495955998, "colsample_bytree": 0.8802903348017532, "lam": 0.11598628619525053, "max_depth": 9.489110010808417, "min_child_weight": 6.370760065903898, "subsample": 0.8988581305361256}, "datetime": {"datetime": "2020-04-25 17:31:21", "elapsed": 734.666157, "delta": 7.911409}}
