{"target": 0.6061477999999999, "params": {"alpha": 0.8709092439629866, "colsample_bytree": 0.5622354048039939, "lam": 0.022896297178971126, "max_depth": 7.45487540464276, "min_child_weight": 8.557756771317708, "subsample": 0.6850369600456372}, "datetime": {"datetime": "2020-04-24 20:14:23", "elapsed": 766.543129, "delta": 5.035764}}
{"target": 0.6329866, "params": {"alpha": 0.4895254422964608, "colsample_bytree": 0.8352620263318284, "lam": 0.288083489575404, "max_depth": 5.588856929364347, "min_child_weight": 4.4854746653904645, "subsample": 0.8740014655258597}, "datetime": {"datetime": "2020-04-24 20:14:28", "elapsed": 771.710254, "delta": 5.167125}}
{"target": 0.6289574, "params": {"alpha": 0.4553633116689366, "colsample_bytree": 0.8874835084615175, "lam": 0.08875132646097605, "max_depth": 4.395823208945618, "min_child_weight": 9.947531991158638, "subsample": 0.7579568580035277}, "datetime": {"datetime": "2020-04-24 20:14:34", "elapsed": 777.831318, "delta": 6.121064}}
{"target": 0.5919738000000001, "params": {"alpha": 0.05827329210514898, "colsample_bytree": 0.8838461079899, "lam": 0.8592543266147228, "max_depth": 3.1764370499522494, "min_child_weight": 9.343554391648304, "subsample": 0.5111258691211693}, "datetime": {"datetime": "2020-04-24 20:14:39", "elapsed": 782.873436, "delta": 5.042118}}
{"target": 0.6421205999999999, "params": {"alpha": 0.9658526009708674, "colsample_bytree": 0.7720930972939313, "lam": 0.06438335584995114, "max_depth": 5.5697656652693395, "min_child_weight": 8.895316757224395, "subsample": 0.5772620294189429}, "datetime": {"datetime": "2020-04-24 20:14:45", "elapsed": 788.577711, "delta": 5.704275}}
{"target": 0.6438322, "params": {"alpha": 0.11777810405086783, "colsample_bytree": 0.9, "lam": 1.0, "max_depth": 8.925400391095412, "min_child_weight": 9.999999998967425, "subsample": 0.9}, "datetime": {"datetime": "2020-04-24 20:14:52", "elapsed": 795.111448, "delta": 6.533737}}
{"target": 0.6207431999999999, "params": {"alpha": 0.0, "colsample_bytree": 0.8999999984697947, "lam": 1.0, "max_depth": 6.540322416336814, "min_child_weight": 10.0, "subsample": 0.5}, "datetime": {"datetime": "2020-04-24 20:14:57", "elapsed": 800.412949, "delta": 5.301501}}
{"target": 0.6296678000000001, "params": {"alpha": 0.37219738004963876, "colsample_bytree": 0.8693632051196309, "lam": 0.023509420318718055, "max_depth": 3.8731046512969765, "min_child_weight": 7.1172575402343865, "subsample": 0.8356573886309357}, "datetime": {"datetime": "2020-04-24 20:15:02", "elapsed": 805.62084, "delta": 5.207891}}
{"target": 0.6180982, "params": {"alpha": 0.35703521020973994, "colsample_bytree": 0.8991134372033776, "lam": 0.6834841785601347, "max_depth": 8.74672049624263, "min_child_weight": 3.2401795202605275, "subsample": 0.8695487497442604}, "datetime": {"datetime": "2020-04-24 20:15:07", "elapsed": 810.920742, "delta": 5.299902}}
{"target": 0.6160182, "params": {"alpha": 0.07986584028148125, "colsample_bytree": 0.7800550248307461, "lam": 0.9999999999998981, "max_depth": 9.999999999999288, "min_child_weight": 1.0000000000009168, "subsample": 0.5}, "datetime": {"datetime": "2020-04-24 20:15:14", "elapsed": 817.65064, "delta": 6.729898}}
{"target": 0.6021984, "params": {"alpha": 0.00873933106181668, "colsample_bytree": 0.8974021316378464, "lam": 0.19376692463268352, "max_depth": 7.6097024101595725, "min_child_weight": 3.0256362880643493, "subsample": 0.5168621024593707}, "datetime": {"datetime": "2020-04-24 20:15:20", "elapsed": 823.92061, "delta": 6.26997}}
{"target": 0.6311926000000001, "params": {"alpha": 0.9671926139683168, "colsample_bytree": 0.8015919846822961, "lam": 0.007245520094810276, "max_depth": 5.16300710821673, "min_child_weight": 9.275110694527106, "subsample": 0.6690687431697434}, "datetime": {"datetime": "2020-04-24 20:15:26", "elapsed": 829.196261, "delta": 5.275651}}
{"target": 0.6241787999999999, "params": {"alpha": 0.9863047147672507, "colsample_bytree": 0.8534696180874334, "lam": 0.5076713735874575, "max_depth": 6.291723887911109, "min_child_weight": 8.73562398046092, "subsample": 0.5499093571155008}, "datetime": {"datetime": "2020-04-24 20:15:31", "elapsed": 834.202206, "delta": 5.005945}}
{"target": 0.6343599999999999, "params": {"alpha": 0.7854810061777043, "colsample_bytree": 0.8972478579903811, "lam": 0.07389269382986963, "max_depth": 6.6747971156027255, "min_child_weight": 9.975903561587405, "subsample": 0.8693100302702104}, "datetime": {"datetime": "2020-04-24 20:15:35", "elapsed": 838.989537, "delta": 4.787331}}
{"target": 0.6455374, "params": {"alpha": 0.284565039042019, "colsample_bytree": 0.9, "lam": 1.0, "max_depth": 9.999999998155687, "min_child_weight": 9.109617298709942, "subsample": 0.8999999998242368}, "datetime": {"datetime": "2020-04-24 20:15:43", "elapsed": 846.156921, "delta": 7.167384}}
{"target": 0.636525, "params": {"alpha": 0.43129250002221464, "colsample_bytree": 0.8573441122001291, "lam": 0.8868033963808191, "max_depth": 9.003236454134118, "min_child_weight": 9.40625726397117, "subsample": 0.8024954307977896}, "datetime": {"datetime": "2020-04-24 20:15:49", "elapsed": 852.176118, "delta": 6.019197}}
{"target": 0.6222618, "params": {"alpha": 0.29235497589823567, "colsample_bytree": 0.877080473011677, "lam": 0.05987864429616818, "max_depth": 6.7925508359198545, "min_child_weight": 3.598977671877876, "subsample": 0.8943579404189772}, "datetime": {"datetime": "2020-04-24 20:15:54", "elapsed": 858.020807, "delta": 5.844689}}
{"target": 0.6369130000000001, "params": {"alpha": 0.7946653927568301, "colsample_bytree": 0.8416222505053486, "lam": 0.11079674728179156, "max_depth": 5.647824037404568, "min_child_weight": 8.719423355003384, "subsample": 0.8892843427003736}, "datetime": {"datetime": "2020-04-24 20:16:00", "elapsed": 863.471556, "delta": 5.450749}}
{"target": 0.6017692, "params": {"alpha": 0.8298135911560646, "colsample_bytree": 0.8925047930769379, "lam": 0.6932601677190046, "max_depth": 9.959656282003749, "min_child_weight": 1.2308500769355404, "subsample": 0.5136283359715628}, "datetime": {"datetime": "2020-04-24 20:16:08", "elapsed": 871.068338, "delta": 7.596782}}
{"target": 0.5865892, "params": {"alpha": 0.9609818148639749, "colsample_bytree": 0.8966381891342834, "lam": 0.9897903770449171, "max_depth": 9.013042177358344, "min_child_weight": 2.4717743281965396, "subsample": 0.5183519446254262}, "datetime": {"datetime": "2020-04-24 20:16:13", "elapsed": 876.999575, "delta": 5.931237}}
{"target": 0.5993832, "params": {"alpha": 0.9853873455814627, "colsample_bytree": 0.8859377043408916, "lam": 0.07900952052434973, "max_depth": 3.0197332439314586, "min_child_weight": 7.662311538006695, "subsample": 0.6403167445152158}, "datetime": {"datetime": "2020-04-24 20:16:19", "elapsed": 882.80288, "delta": 5.803305}}
{"target": 0.6384730000000001, "params": {"alpha": 0.04771957503578461, "colsample_bytree": 0.8584027220653412, "lam": 0.008139212786642869, "max_depth": 5.182488120650552, "min_child_weight": 8.268319022653575, "subsample": 0.6257802785198727}, "datetime": {"datetime": "2020-04-24 20:16:26", "elapsed": 889.196857, "delta": 6.393977}}
{"target": 0.6105244, "params": {"alpha": 0.7786880411224877, "colsample_bytree": 0.8896004939825046, "lam": 0.01089572391729332, "max_depth": 9.006183088527525, "min_child_weight": 6.8458240903403045, "subsample": 0.5129437621946983}, "datetime": {"datetime": "2020-04-24 20:16:32", "elapsed": 895.226368, "delta": 6.029511}}
{"target": 0.630354, "params": {"alpha": 0.9280761340233471, "colsample_bytree": 0.8999642503046267, "lam": 0.9840237024918855, "max_depth": 4.093766631914372, "min_child_weight": 4.224882298229467, "subsample": 0.8997189554880438}, "datetime": {"datetime": "2020-04-24 20:16:39", "elapsed": 902.878766, "delta": 7.652398}}
{"target": 0.6319982, "params": {"alpha": 0.106779505338635, "colsample_bytree": 0.837679659354424, "lam": 0.518604291721365, "max_depth": 6.149362434280862, "min_child_weight": 5.415093632236083, "subsample": 0.8962335270013417}, "datetime": {"datetime": "2020-04-24 20:16:46", "elapsed": 909.844972, "delta": 6.966206}}
{"target": 0.6382966000000001, "params": {"alpha": 0.6547544424485178, "colsample_bytree": 0.731190676339403, "lam": 0.013150223176698117, "max_depth": 5.633915949714666, "min_child_weight": 8.459023723690176, "subsample": 0.5011597319137263}, "datetime": {"datetime": "2020-04-24 20:16:53", "elapsed": 916.18312, "delta": 6.338148}}
{"target": 0.63335, "params": {"alpha": 0.014975268649486062, "colsample_bytree": 0.8227948335448725, "lam": 0.9960513386340607, "max_depth": 9.886704468358175, "min_child_weight": 7.73623927909568, "subsample": 0.8077834828474826}, "datetime": {"datetime": "2020-04-24 20:17:00", "elapsed": 923.151305, "delta": 6.968185}}
{"target": 0.6330204, "params": {"alpha": 1.0, "colsample_bytree": 0.8999999999999998, "lam": 1.0, "max_depth": 9.999999999999998, "min_child_weight": 6.989115059558943, "subsample": 0.9}, "datetime": {"datetime": "2020-04-24 20:17:06", "elapsed": 929.435613, "delta": 6.284308}}
{"target": 0.5949715999999999, "params": {"alpha": 0.1331770738023259, "colsample_bytree": 0.5461652932090825, "lam": 0.9507047683764378, "max_depth": 9.98050742496452, "min_child_weight": 5.2156720241252215, "subsample": 0.5399219819465552}, "datetime": {"datetime": "2020-04-24 20:17:12", "elapsed": 935.182264, "delta": 5.746651}}
{"target": 0.6343112000000001, "params": {"alpha": 0.007233977390113666, "colsample_bytree": 0.8177760567806668, "lam": 0.02131582998453352, "max_depth": 7.280596305571565, "min_child_weight": 9.20641910122601, "subsample": 0.8004981318584415}, "datetime": {"datetime": "2020-04-24 20:17:18", "elapsed": 941.280776, "delta": 6.098512}}
{"target": 0.6187774000000001, "params": {"alpha": 0.006883164252477703, "colsample_bytree": 0.5473358232066723, "lam": 0.10562896225102758, "max_depth": 8.07670995563555, "min_child_weight": 7.830001462298166, "subsample": 0.8774035888691591}, "datetime": {"datetime": "2020-04-24 20:17:23", "elapsed": 947.034479, "delta": 5.753703}}
{"target": 0.6423433999999999, "params": {"alpha": 0.99165767003734, "colsample_bytree": 0.8558849863394062, "lam": 0.007266463552732971, "max_depth": 9.932693859787156, "min_child_weight": 5.42307623076491, "subsample": 0.8295694559397706}, "datetime": {"datetime": "2020-04-24 20:17:31", "elapsed": 954.683746, "delta": 7.649267}}
{"target": 0.6313669999999999, "params": {"alpha": 0.0, "colsample_bytree": 0.8999999645782146, "lam": 0.9096267076717904, "max_depth": 6.223659904221415, "min_child_weight": 6.913861939341182, "subsample": 0.5}, "datetime": {"datetime": "2020-04-24 20:17:37", "elapsed": 960.472182, "delta": 5.788436}}
{"target": 0.624117, "params": {"alpha": 0.8462689001590106, "colsample_bytree": 0.8835570025649395, "lam": 0.27539735299570467, "max_depth": 9.945019131411122, "min_child_weight": 5.726617313323711, "subsample": 0.8900449570461517}, "datetime": {"datetime": "2020-04-24 20:17:44", "elapsed": 967.20769, "delta": 6.735508}}
{"target": 0.628786, "params": {"alpha": 0.9094239312581857, "colsample_bytree": 0.6972074431176651, "lam": 0.007484669035074165, "max_depth": 9.387678597751155, "min_child_weight": 5.211542628769197, "subsample": 0.8814783565210731}, "datetime": {"datetime": "2020-04-24 20:17:52", "elapsed": 975.949704, "delta": 8.742014}}
{"target": 0.6327195999999999, "params": {"alpha": 0.22876993204533203, "colsample_bytree": 0.8868566555114507, "lam": 0.9447518930826825, "max_depth": 9.060572860622871, "min_child_weight": 5.676222817134187, "subsample": 0.8386057296396758}, "datetime": {"datetime": "2020-04-24 20:17:59", "elapsed": 982.397429, "delta": 6.447725}}
{"target": 0.5897471999999999, "params": {"alpha": 0.6634844561480758, "colsample_bytree": 0.5435867489685422, "lam": 0.04813247872969584, "max_depth": 9.929266935736205, "min_child_weight": 4.162383431014051, "subsample": 0.7485023305616513}, "datetime": {"datetime": "2020-04-24 20:18:06", "elapsed": 989.119035, "delta": 6.721606}}
{"target": 0.6296614, "params": {"alpha": 0.0003737402738565043, "colsample_bytree": 0.8194889560213725, "lam": 0.9249282537140555, "max_depth": 9.226535211095007, "min_child_weight": 4.43703273143243, "subsample": 0.870888619146897}, "datetime": {"datetime": "2020-04-24 20:18:14", "elapsed": 997.549185, "delta": 8.43015}}
{"target": 0.6291424, "params": {"alpha": 0.8805612598331859, "colsample_bytree": 0.8777367876162734, "lam": 0.921666894309287, "max_depth": 6.486820381171982, "min_child_weight": 1.086630197891757, "subsample": 0.8998038347822397}, "datetime": {"datetime": "2020-04-24 20:18:20", "elapsed": 1003.409185, "delta": 5.86}}
{"target": 0.6123377999999999, "params": {"alpha": 0.41135315123641114, "colsample_bytree": 0.8668993078374677, "lam": 0.0007068842288676658, "max_depth": 6.379591001710391, "min_child_weight": 5.063230231509529, "subsample": 0.577835889898565}, "datetime": {"datetime": "2020-04-24 20:18:27", "elapsed": 1010.75224, "delta": 7.343055}}
{"target": 0.6196539999999999, "params": {"alpha": 0.967872174256478, "colsample_bytree": 0.8712804203557087, "lam": 0.9848856435230388, "max_depth": 8.375074034594054, "min_child_weight": 7.830083544159586, "subsample": 0.5105582230168694}, "datetime": {"datetime": "2020-04-24 20:18:35", "elapsed": 1018.817556, "delta": 8.065316}}
{"target": 0.5868658, "params": {"alpha": 0.0, "colsample_bytree": 0.500000001696142, "lam": 0.9920901761689956, "max_depth": 4.640254096889693, "min_child_weight": 1.1192434828550484, "subsample": 0.7867368303167032}, "datetime": {"datetime": "2020-04-24 20:18:42", "elapsed": 1025.900343, "delta": 7.082787}}
{"target": 0.623262, "params": {"alpha": 0.18724560971276638, "colsample_bytree": 0.8801526566636928, "lam": 0.6922331392948652, "max_depth": 9.344218668276897, "min_child_weight": 4.973467712735655, "subsample": 0.8998184513826623}, "datetime": {"datetime": "2020-04-24 20:18:52", "elapsed": 1035.17938, "delta": 9.279037}}
{"target": 0.638433, "params": {"alpha": 1.0, "colsample_bytree": 0.9, "lam": 1.0, "max_depth": 10.0, "min_child_weight": 9.159042649315296, "subsample": 0.9}, "datetime": {"datetime": "2020-04-24 20:18:58", "elapsed": 1041.393147, "delta": 6.213767}}
{"target": 0.6170742, "params": {"alpha": 0.09408382645031721, "colsample_bytree": 0.8498678586661061, "lam": 0.8831926403275554, "max_depth": 8.56482278663417, "min_child_weight": 6.205754360009176, "subsample": 0.5092003656235966}, "datetime": {"datetime": "2020-04-24 20:19:04", "elapsed": 1047.992152, "delta": 6.599005}}
{"target": 0.6054915999999999, "params": {"alpha": 0.8753685299414954, "colsample_bytree": 0.8712714783873334, "lam": 0.9987102470266759, "max_depth": 3.1356673162736954, "min_child_weight": 5.614218724275281, "subsample": 0.8418561249460965}, "datetime": {"datetime": "2020-04-24 20:19:14", "elapsed": 1057.247101, "delta": 9.254949}}
{"target": 0.618318, "params": {"alpha": 0.3693710657754208, "colsample_bytree": 0.894679107250286, "lam": 0.8755298905545197, "max_depth": 8.346752719729439, "min_child_weight": 4.344471143116305, "subsample": 0.5122871584855015}, "datetime": {"datetime": "2020-04-24 20:19:21", "elapsed": 1064.415588, "delta": 7.168487}}
{"target": 0.6323204, "params": {"alpha": 0.9815552537379703, "colsample_bytree": 0.8544388250392692, "lam": 0.019309437446761613, "max_depth": 8.562233250257508, "min_child_weight": 8.936714971930662, "subsample": 0.8878376736916609}, "datetime": {"datetime": "2020-04-24 20:19:32", "elapsed": 1075.145128, "delta": 10.72954}}
{"target": 0.6295824000000001, "params": {"alpha": 0.2052192078765337, "colsample_bytree": 0.7336570774500806, "lam": 0.9963446705649945, "max_depth": 9.485506506795542, "min_child_weight": 6.665672704810935, "subsample": 0.8885665214948941}, "datetime": {"datetime": "2020-04-24 20:19:40", "elapsed": 1083.290214, "delta": 8.145086}}
{"target": 0.6119657999999999, "params": {"alpha": 0.04086292154041049, "colsample_bytree": 0.566038078856034, "lam": 0.9829621972172837, "max_depth": 8.95287606274928, "min_child_weight": 8.900950289821244, "subsample": 0.8971386005503522}, "datetime": {"datetime": "2020-04-24 20:19:47", "elapsed": 1091.014598, "delta": 7.724384}}
{"target": 0.644049, "params": {"alpha": 0.11551261252565137, "colsample_bytree": 0.8950151919385994, "lam": 0.9513366102107452, "max_depth": 7.113432867124338, "min_child_weight": 4.842583262398229, "subsample": 0.8755579939148581}, "datetime": {"datetime": "2020-04-24 20:19:55", "elapsed": 1099.03554, "delta": 8.020942}}
{"target": 0.6270218, "params": {"alpha": 0.04319976699601935, "colsample_bytree": 0.8298523009617589, "lam": 0.9908737949934965, "max_depth": 6.832323237735333, "min_child_weight": 4.386547299752664, "subsample": 0.7896889600849477}, "datetime": {"datetime": "2020-04-24 20:20:02", "elapsed": 1105.787309, "delta": 6.751769}}
{"target": 0.622927, "params": {"alpha": 0.9428370993940929, "colsample_bytree": 0.8970383075176316, "lam": 0.9854139349210919, "max_depth": 3.8041171131619484, "min_child_weight": 2.130375251248817, "subsample": 0.5837838054190204}, "datetime": {"datetime": "2020-04-24 20:20:10", "elapsed": 1113.424668, "delta": 7.637359}}
{"target": 0.6042913999999999, "params": {"alpha": 0.8723045747550119, "colsample_bytree": 0.8940351129086466, "lam": 0.7591274356370935, "max_depth": 6.5927526423492715, "min_child_weight": 2.9435152059189313, "subsample": 0.6060272486714926}, "datetime": {"datetime": "2020-04-24 20:20:18", "elapsed": 1121.045889, "delta": 7.621221}}
{"target": 0.6359534, "params": {"alpha": 0.014346223026370342, "colsample_bytree": 0.8859435747437796, "lam": 0.07175058706971449, "max_depth": 9.784958135172365, "min_child_weight": 7.236191955203281, "subsample": 0.8794589331199874}, "datetime": {"datetime": "2020-04-24 20:20:26", "elapsed": 1129.591974, "delta": 8.546085}}
{"target": 0.6395823999999999, "params": {"alpha": 0.06444151821561139, "colsample_bytree": 0.8339950098981509, "lam": 0.08321880701189655, "max_depth": 5.956814309740608, "min_child_weight": 9.872030971928341, "subsample": 0.801168503027557}, "datetime": {"datetime": "2020-04-24 20:20:34", "elapsed": 1137.56852, "delta": 7.976546}}
{"target": 0.629097, "params": {"alpha": 0.026334201141917202, "colsample_bytree": 0.6930587254703524, "lam": 0.9874247761557864, "max_depth": 7.689739547311144, "min_child_weight": 4.820573897873662, "subsample": 0.8696750507583862}, "datetime": {"datetime": "2020-04-24 20:20:42", "elapsed": 1145.155672, "delta": 7.587152}}
{"target": 0.6264331999999999, "params": {"alpha": 0.017793298504465427, "colsample_bytree": 0.8791901239921982, "lam": 0.028003092873093882, "max_depth": 4.061452192197121, "min_child_weight": 1.0182472442019188, "subsample": 0.8850976270813422}, "datetime": {"datetime": "2020-04-24 20:20:48", "elapsed": 1151.887535, "delta": 6.731863}}
{"target": 0.6368672, "params": {"alpha": 0.5541640731186431, "colsample_bytree": 0.8446386432520409, "lam": 0.7625906145958982, "max_depth": 5.933220266642829, "min_child_weight": 9.98037858690306, "subsample": 0.8224287356547357}, "datetime": {"datetime": "2020-04-24 20:20:55", "elapsed": 1158.511835, "delta": 6.6243}}
{"target": 0.6360632, "params": {"alpha": 0.5091057199191636, "colsample_bytree": 0.6574369941627614, "lam": 0.008079768254470432, "max_depth": 4.76563375079989, "min_child_weight": 4.9553483222439, "subsample": 0.8521786907350006}, "datetime": {"datetime": "2020-04-24 20:21:04", "elapsed": 1167.125341, "delta": 8.613506}}
{"target": 0.6233756, "params": {"alpha": 0.9486958894953246, "colsample_bytree": 0.8824259582751097, "lam": 0.7226598057068375, "max_depth": 4.339921879799627, "min_child_weight": 5.699783159872576, "subsample": 0.8175773036489027}, "datetime": {"datetime": "2020-04-24 20:21:10", "elapsed": 1174.007076, "delta": 6.881735}}
{"target": 0.6325734000000001, "params": {"alpha": 0.10585660617941406, "colsample_bytree": 0.6418658642758929, "lam": 0.9867649160722557, "max_depth": 7.031460930105185, "min_child_weight": 8.143071436310564, "subsample": 0.8765790215475487}, "datetime": {"datetime": "2020-04-24 20:21:17", "elapsed": 1180.605929, "delta": 6.598853}}
{"target": 0.600547, "params": {"alpha": 0.010978886791075726, "colsample_bytree": 0.8895806450364541, "lam": 0.8829121462303332, "max_depth": 7.197101429146657, "min_child_weight": 2.4135228090101393, "subsample": 0.5451404260178893}, "datetime": {"datetime": "2020-04-24 20:21:25", "elapsed": 1188.794596, "delta": 8.188667}}
{"target": 0.6312124000000001, "params": {"alpha": 0.023202119523943122, "colsample_bytree": 0.9, "lam": 1.0, "max_depth": 9.999999998644693, "min_child_weight": 6.884400596909363, "subsample": 0.8999999985910714}, "datetime": {"datetime": "2020-04-24 20:21:34", "elapsed": 1197.354525, "delta": 8.559929}}
{"target": 0.6301697999999999, "params": {"alpha": 0.9203001560281884, "colsample_bytree": 0.8246712090008079, "lam": 0.99554760489064, "max_depth": 4.728383391734945, "min_child_weight": 1.8461723415035758, "subsample": 0.8895415944766423}, "datetime": {"datetime": "2020-04-24 20:21:42", "elapsed": 1205.531103, "delta": 8.176578}}
{"target": 0.6350486, "params": {"alpha": 0.0005912239178667011, "colsample_bytree": 0.8966466185249037, "lam": 0.5587300947531546, "max_depth": 8.730077139472163, "min_child_weight": 7.5377268336432355, "subsample": 0.8480396761926396}, "datetime": {"datetime": "2020-04-24 20:21:49", "elapsed": 1212.38956, "delta": 6.858457}}
{"target": 0.6261218000000001, "params": {"alpha": 0.9517593552610458, "colsample_bytree": 0.881420032034825, "lam": 0.3483114550602475, "max_depth": 7.197982212691764, "min_child_weight": 6.362289402248642, "subsample": 0.8655342879309038}, "datetime": {"datetime": "2020-04-24 20:21:58", "elapsed": 1221.278506, "delta": 8.888946}}
