{"target": 0.6349066, "params": {"alpha": 0.1344759792880712, "colsample_bytree": 0.7261208854019878, "lam": 0.7736317942904468, "max_depth": 7.191822773500521, "min_child_weight": 9.118559435874017, "subsample": 0.5495269079634015}, "datetime": {"datetime": "2020-04-24 20:01:36", "elapsed": 0.0, "delta": 0.0}}
{"target": 0.6338616000000001, "params": {"alpha": 0.4832922118129832, "colsample_bytree": 0.7233445516127005, "lam": 0.26979960472603504, "max_depth": 9.273514312295934, "min_child_weight": 4.862914738615999, "subsample": 0.8303040893022722}, "datetime": {"datetime": "2020-04-24 20:01:38", "elapsed": 1.143628, "delta": 1.143628}}
{"target": 0.6221732, "params": {"alpha": 0.1633546540313402, "colsample_bytree": 0.8398750389295546, "lam": 0.5851665836891583, "max_depth": 8.23438423574245, "min_child_weight": 5.013632717222304, "subsample": 0.5802538465981559}, "datetime": {"datetime": "2020-04-24 20:01:39", "elapsed": 2.11408, "delta": 0.970452}}
{"target": 0.6284474, "params": {"alpha": 0.20244608286346277, "colsample_bytree": 0.8075375606536661, "lam": 0.28602499120786895, "max_depth": 9.664319852277867, "min_child_weight": 3.7499711498571204, "subsample": 0.5261032057471344}, "datetime": {"datetime": "2020-04-24 20:01:40", "elapsed": 3.35051, "delta": 1.23643}}
{"target": 0.6233022, "params": {"alpha": 0.3332439677176171, "colsample_bytree": 0.6277732465036461, "lam": 0.5554575200028213, "max_depth": 8.535958571908651, "min_child_weight": 9.222047607256005, "subsample": 0.7118875765386679}, "datetime": {"datetime": "2020-04-24 20:01:41", "elapsed": 4.407417, "delta": 1.056907}}
{"target": 0.6230570000000001, "params": {"alpha": 0.06202188712688228, "colsample_bytree": 0.6768709160278251, "lam": 0.48119064639057074, "max_depth": 4.568133873001634, "min_child_weight": 8.80477244334913, "subsample": 0.6184549440363508}, "datetime": {"datetime": "2020-04-24 20:01:42", "elapsed": 5.203903, "delta": 0.796486}}
{"target": 0.6064382, "params": {"alpha": 0.6970806421991225, "colsample_bytree": 0.8846886151524289, "lam": 0.05128990307661219, "max_depth": 3.39492555063048, "min_child_weight": 2.8368511468943085, "subsample": 0.7467042364654934}, "datetime": {"datetime": "2020-04-24 20:01:42", "elapsed": 5.938746, "delta": 0.734843}}
{"target": 0.6429404, "params": {"alpha": 0.6312361505394684, "colsample_bytree": 0.6891855041890854, "lam": 0.6107278274429105, "max_depth": 4.650631690334152, "min_child_weight": 9.959173350288673, "subsample": 0.727763880919001}, "datetime": {"datetime": "2020-04-24 20:01:43", "elapsed": 6.736185, "delta": 0.797439}}
{"target": 0.5827686, "params": {"alpha": 0.5691812299185389, "colsample_bytree": 0.61731319099566, "lam": 0.6623204126523333, "max_depth": 3.2521879526652753, "min_child_weight": 6.909625577376824, "subsample": 0.8522982455247501}, "datetime": {"datetime": "2020-04-24 20:01:44", "elapsed": 7.467831, "delta": 0.731646}}
{"target": 0.6298508, "params": {"alpha": 0.5717554837557879, "colsample_bytree": 0.7057442880329937, "lam": 0.9290912402467065, "max_depth": 6.041422220750057, "min_child_weight": 5.076208368013207, "subsample": 0.8857731222361565}, "datetime": {"datetime": "2020-04-24 20:01:45", "elapsed": 8.323293, "delta": 0.855462}}
{"target": 0.5763486, "params": {"alpha": 0.9755200052211582, "colsample_bytree": 0.5982297116010761, "lam": 0.8812775351550208, "max_depth": 9.76464965706621, "min_child_weight": 1.0305456624158285, "subsample": 0.5947111112613341}, "datetime": {"datetime": "2020-04-24 20:01:47", "elapsed": 10.308967, "delta": 1.985674}}
{"target": 0.5562346, "params": {"alpha": 0.0, "colsample_bytree": 0.5, "lam": 0.0, "max_depth": 6.992032217076686, "min_child_weight": 1.0, "subsample": 0.9}, "datetime": {"datetime": "2020-04-24 20:01:48", "elapsed": 11.828094, "delta": 1.519127}}
{"target": 0.6275644, "params": {"alpha": 1.0, "colsample_bytree": 0.9, "lam": 0.0, "max_depth": 6.30242754179279, "min_child_weight": 7.656046127205639, "subsample": 0.5}, "datetime": {"datetime": "2020-04-24 20:01:50", "elapsed": 13.199806, "delta": 1.371712}}
{"target": 0.6365168000000001, "params": {"alpha": 0.0, "colsample_bytree": 0.9, "lam": 0.0, "max_depth": 7.030979026177873, "min_child_weight": 10.0, "subsample": 0.9}, "datetime": {"datetime": "2020-04-24 20:01:51", "elapsed": 14.555745, "delta": 1.355939}}
{"target": 0.6036404, "params": {"alpha": 0.9985818345824609, "colsample_bytree": 0.8554126597802421, "lam": 0.8951423064851517, "max_depth": 3.2277479778564415, "min_child_weight": 1.1564590216654054, "subsample": 0.7921598938620592}, "datetime": {"datetime": "2020-04-24 20:01:52", "elapsed": 15.84048, "delta": 1.284735}}
{"target": 0.6090018, "params": {"alpha": 0.0, "colsample_bytree": 0.9, "lam": 1.0, "max_depth": 3.4676436134870654, "min_child_weight": 10.0, "subsample": 0.9}, "datetime": {"datetime": "2020-04-24 20:01:54", "elapsed": 17.126986, "delta": 1.286506}}
{"target": 0.6106543999999999, "params": {"alpha": 1.0, "colsample_bytree": 0.9, "lam": 1.0, "max_depth": 10.0, "min_child_weight": 4.980009930136628, "subsample": 0.7262166838649229}, "datetime": {"datetime": "2020-04-24 20:01:55", "elapsed": 18.873927, "delta": 1.746941}}
{"target": 0.5610563999999999, "params": {"alpha": 1.0, "colsample_bytree": 0.5, "lam": 0.0, "max_depth": 8.947872679671747, "min_child_weight": 4.032646579512875, "subsample": 0.5}, "datetime": {"datetime": "2020-04-24 20:01:57", "elapsed": 20.466911, "delta": 1.592984}}
{"target": 0.6292101999999999, "params": {"alpha": 0.006394857480209515, "colsample_bytree": 0.8662006512644609, "lam": 0.027465809865282242, "max_depth": 9.951459962888038, "min_child_weight": 6.320090493510938, "subsample": 0.8757890626511283}, "datetime": {"datetime": "2020-04-24 20:01:59", "elapsed": 22.25497, "delta": 1.788059}}
{"target": 0.6082415999999999, "params": {"alpha": 0.0, "colsample_bytree": 0.9, "lam": 1.0, "max_depth": 3.0, "min_child_weight": 1.0, "subsample": 0.9}, "datetime": {"datetime": "2020-04-24 20:02:00", "elapsed": 23.420301, "delta": 1.165331}}
{"target": 0.568535, "params": {"alpha": 0.0, "colsample_bytree": 0.5, "lam": 1.0, "max_depth": 10.0, "min_child_weight": 2.9506177399832985, "subsample": 0.9}, "datetime": {"datetime": "2020-04-24 20:02:02", "elapsed": 25.404897, "delta": 1.984596}}
{"target": 0.6365334, "params": {"alpha": 1.0, "colsample_bytree": 0.9, "lam": 1.0, "max_depth": 10.0, "min_child_weight": 10.0, "subsample": 0.9}, "datetime": {"datetime": "2020-04-24 20:02:04", "elapsed": 27.138138, "delta": 1.733241}}
{"target": 0.5756836, "params": {"alpha": 1.0, "colsample_bytree": 0.9, "lam": 0.0, "max_depth": 10.0, "min_child_weight": 1.0, "subsample": 0.9}, "datetime": {"datetime": "2020-04-24 20:02:06", "elapsed": 29.41292, "delta": 2.274782}}
{"target": 0.6389594, "params": {"alpha": 1.0, "colsample_bytree": 0.9, "lam": 1.0, "max_depth": 6.684204150726742, "min_child_weight": 10.0, "subsample": 0.9}, "datetime": {"datetime": "2020-04-24 20:02:07", "elapsed": 30.898314, "delta": 1.485394}}
{"target": 0.6288064, "params": {"alpha": 0.8555302046365205, "colsample_bytree": 0.9, "lam": 1.0, "max_depth": 6.188616157658347, "min_child_weight": 1.8896163253851987, "subsample": 0.9}, "datetime": {"datetime": "2020-04-24 20:02:09", "elapsed": 32.289664, "delta": 1.39135}}
{"target": 0.598901, "params": {"alpha": 1.0, "colsample_bytree": 0.9, "lam": 0.0, "max_depth": 3.0, "min_child_weight": 10.0, "subsample": 0.9}, "datetime": {"datetime": "2020-04-24 20:02:10", "elapsed": 33.586913, "delta": 1.297249}}
{"target": 0.6284252, "params": {"alpha": 0.0, "colsample_bytree": 0.9, "lam": 1.0, "max_depth": 4.213033302872778, "min_child_weight": 3.833027926335739, "subsample": 0.9}, "datetime": {"datetime": "2020-04-24 20:02:11", "elapsed": 34.898976, "delta": 1.312063}}
{"target": 0.6264192000000001, "params": {"alpha": 1.0, "colsample_bytree": 0.9, "lam": 0.0, "max_depth": 10.0, "min_child_weight": 10.0, "subsample": 0.5}, "datetime": {"datetime": "2020-04-24 20:02:13", "elapsed": 36.522711, "delta": 1.623735}}
{"target": 0.5971209999999999, "params": {"alpha": 0.0, "colsample_bytree": 0.9, "lam": 1.0, "max_depth": 8.55682508534919, "min_child_weight": 1.0, "subsample": 0.5}, "datetime": {"datetime": "2020-04-24 20:02:15", "elapsed": 38.244707, "delta": 1.721996}}
{"target": 0.6312258000000001, "params": {"alpha": 0.0, "colsample_bytree": 0.9, "lam": 0.0, "max_depth": 6.376792808035924, "min_child_weight": 5.888036598423213, "subsample": 0.9}, "datetime": {"datetime": "2020-04-24 20:02:16", "elapsed": 39.636039, "delta": 1.391332}}
{"target": 0.5515772, "params": {"alpha": 1.0, "colsample_bytree": 0.5, "lam": 1.0, "max_depth": 3.0, "min_child_weight": 10.0, "subsample": 0.5}, "datetime": {"datetime": "2020-04-24 20:02:17", "elapsed": 40.955493, "delta": 1.319454}}
{"target": 0.6290766000000001, "params": {"alpha": 1.0, "colsample_bytree": 0.9, "lam": 1.0, "max_depth": 5.036467054552129, "min_child_weight": 8.12316872109519, "subsample": 0.9}, "datetime": {"datetime": "2020-04-24 20:02:19", "elapsed": 42.424889, "delta": 1.469396}}
{"target": 0.6333972, "params": {"alpha": 0.044429479393737425, "colsample_bytree": 0.8366115395351236, "lam": 0.8205597276593858, "max_depth": 9.514885875195393, "min_child_weight": 9.940059227780404, "subsample": 0.6147526600374719}, "datetime": {"datetime": "2020-04-24 20:02:21", "elapsed": 44.40514, "delta": 1.980251}}
{"target": 0.5946032000000001, "params": {"alpha": 1.0, "colsample_bytree": 0.5, "lam": 0.0, "max_depth": 5.830981223482085, "min_child_weight": 10.0, "subsample": 0.9}, "datetime": {"datetime": "2020-04-24 20:02:22", "elapsed": 45.759309, "delta": 1.354169}}
{"target": 0.6145296, "params": {"alpha": 0.006774656296289483, "colsample_bytree": 0.8976947770318195, "lam": 0.25717204383318515, "max_depth": 4.03917653033051, "min_child_weight": 9.962519633531166, "subsample": 0.5088149505378429}, "datetime": {"datetime": "2020-04-24 20:02:24", "elapsed": 47.108591, "delta": 1.349282}}
{"target": 0.6209948000000001, "params": {"alpha": 0.0, "colsample_bytree": 0.9, "lam": 1.0, "max_depth": 4.897396072799148, "min_child_weight": 1.0, "subsample": 0.5}, "datetime": {"datetime": "2020-04-24 20:02:25", "elapsed": 48.675453, "delta": 1.566862}}
{"target": 0.6219848, "params": {"alpha": 1.0, "colsample_bytree": 0.9, "lam": 0.0, "max_depth": 4.1191431230547995, "min_child_weight": 4.904726880383011, "subsample": 0.9}, "datetime": {"datetime": "2020-04-24 20:02:27", "elapsed": 50.04981, "delta": 1.374357}}
{"target": 0.6393828, "params": {"alpha": 0.5192093818306577, "colsample_bytree": 0.9, "lam": 0.3637522533826919, "max_depth": 8.044823376214753, "min_child_weight": 7.468144681032575, "subsample": 0.9}, "datetime": {"datetime": "2020-04-24 20:02:28", "elapsed": 51.716197, "delta": 1.666387}}
{"target": 0.638026, "params": {"alpha": 0.0, "colsample_bytree": 0.9, "lam": 1.0, "max_depth": 5.875953762722424, "min_child_weight": 9.53058991319862, "subsample": 0.9}, "datetime": {"datetime": "2020-04-24 20:02:30", "elapsed": 53.17166, "delta": 1.455463}}
{"target": 0.5842635999999999, "params": {"alpha": 0.6461583125740037, "colsample_bytree": 0.5, "lam": 1.0, "max_depth": 4.339608370369589, "min_child_weight": 2.589733935735889, "subsample": 0.9}, "datetime": {"datetime": "2020-04-24 20:02:31", "elapsed": 54.50502, "delta": 1.33336}}
{"target": 0.6314688, "params": {"alpha": 0.10070703294941585, "colsample_bytree": 0.8742330718450901, "lam": 0.4520298973524949, "max_depth": 6.157714847455592, "min_child_weight": 3.8140212980573045, "subsample": 0.8925807651204418}, "datetime": {"datetime": "2020-04-24 20:02:32", "elapsed": 55.994692, "delta": 1.489672}}
{"target": 0.6251016, "params": {"alpha": 0.46396063525848685, "colsample_bytree": 0.8488155040629113, "lam": 0.9337697439192715, "max_depth": 8.404575339869494, "min_child_weight": 9.990687518105926, "subsample": 0.5037481149715388}, "datetime": {"datetime": "2020-04-24 20:02:34", "elapsed": 57.506772, "delta": 1.51208}}
{"target": 0.6229836000000001, "params": {"alpha": 0.48262751760775624, "colsample_bytree": 0.9, "lam": 0.0, "max_depth": 3.583930296259219, "min_child_weight": 1.0, "subsample": 0.9}, "datetime": {"datetime": "2020-04-24 20:02:35", "elapsed": 58.808, "delta": 1.301228}}
{"target": 0.6382146, "params": {"alpha": 0.08492230142099133, "colsample_bytree": 0.8958311126605182, "lam": 0.010889924091762593, "max_depth": 9.999748849570615, "min_child_weight": 9.650556608675009, "subsample": 0.7097313335089455}, "datetime": {"datetime": "2020-04-24 20:02:37", "elapsed": 60.667299, "delta": 1.859299}}
{"target": 0.6149984, "params": {"alpha": 0.021032181492526947, "colsample_bytree": 0.8305706153325678, "lam": 0.398880089023565, "max_depth": 4.655018936236539, "min_child_weight": 5.774041165703644, "subsample": 0.5274792887148734}, "datetime": {"datetime": "2020-04-24 20:02:38", "elapsed": 62.04409, "delta": 1.376791}}
{"target": 0.6118248, "params": {"alpha": 0.12670281723667798, "colsample_bytree": 0.8796139737909794, "lam": 0.1374574671371166, "max_depth": 9.095379007472204, "min_child_weight": 4.33157902983957, "subsample": 0.8630920786328099}, "datetime": {"datetime": "2020-04-24 20:02:40", "elapsed": 63.752588, "delta": 1.708498}}
{"target": 0.6108038, "params": {"alpha": 0.5374057318639334, "colsample_bytree": 0.5125378965243061, "lam": 0.11691017618246391, "max_depth": 9.96869945923922, "min_child_weight": 5.530582205974063, "subsample": 0.5080905719427007}, "datetime": {"datetime": "2020-04-24 20:02:42", "elapsed": 65.537478, "delta": 1.78489}}
{"target": 0.6057501999999999, "params": {"alpha": 4.2747259568366045e-09, "colsample_bytree": 0.5, "lam": 0.3850904266927906, "max_depth": 10.0, "min_child_weight": 10.0, "subsample": 0.9}, "datetime": {"datetime": "2020-04-24 20:02:44", "elapsed": 67.366275, "delta": 1.828797}}
{"target": 0.5945996000000001, "params": {"alpha": 1.0, "colsample_bytree": 0.9, "lam": 0.022231320710405386, "max_depth": 5.588110192810835, "min_child_weight": 1.8305890271066645, "subsample": 0.5}, "datetime": {"datetime": "2020-04-24 20:02:45", "elapsed": 68.902181, "delta": 1.535906}}
{"target": 0.6394894000000001, "params": {"alpha": 0.8951639377104005, "colsample_bytree": 0.8825598524947358, "lam": 0.19608184304532805, "max_depth": 4.57656105395869, "min_child_weight": 9.276022727738832, "subsample": 0.838343405466689}, "datetime": {"datetime": "2020-04-24 20:02:47", "elapsed": 70.294079, "delta": 1.391898}}
{"target": 0.6333154, "params": {"alpha": 0.40420322725126656, "colsample_bytree": 0.884713738400124, "lam": 0.3028371993694703, "max_depth": 6.115197615541561, "min_child_weight": 7.67762112062632, "subsample": 0.8817910277064389}, "datetime": {"datetime": "2020-04-24 20:02:48", "elapsed": 71.764803, "delta": 1.470724}}
{"target": 0.6262632, "params": {"alpha": 0.33040160864668744, "colsample_bytree": 0.9, "lam": 1.0, "max_depth": 10.0, "min_child_weight": 8.521623073462546, "subsample": 0.5000000007061308}, "datetime": {"datetime": "2020-04-24 20:02:50", "elapsed": 73.486298, "delta": 1.721495}}
{"target": 0.6206138, "params": {"alpha": 0.0, "colsample_bytree": 0.8999999997178054, "lam": 0.0, "max_depth": 3.6676253630859765, "min_child_weight": 3.962843091563924, "subsample": 0.9}, "datetime": {"datetime": "2020-04-24 20:02:51", "elapsed": 74.941059, "delta": 1.454761}}
{"target": 0.6051979999999999, "params": {"alpha": 0.1044584549587324, "colsample_bytree": 0.8977414166888098, "lam": 0.5493406954867801, "max_depth": 9.999438803804592, "min_child_weight": 1.0691890864533304, "subsample": 0.55302054254703}, "datetime": {"datetime": "2020-04-24 20:02:53", "elapsed": 77.018615, "delta": 2.077556}}
{"target": 0.6315883999999999, "params": {"alpha": 0.8289040155842228, "colsample_bytree": 0.8638141196039827, "lam": 0.9024336000115215, "max_depth": 5.518213856453732, "min_child_weight": 9.726758180103255, "subsample": 0.5865276768482607}, "datetime": {"datetime": "2020-04-24 20:02:55", "elapsed": 78.45933, "delta": 1.440715}}
{"target": 0.624833, "params": {"alpha": 0.029416072867768484, "colsample_bytree": 0.8006882964743876, "lam": 0.9397231845452911, "max_depth": 9.850181859813713, "min_child_weight": 4.78556457595149, "subsample": 0.5082222629073314}, "datetime": {"datetime": "2020-04-24 20:02:57", "elapsed": 80.357301, "delta": 1.897971}}
{"target": 0.6264958, "params": {"alpha": 0.9562070279400297, "colsample_bytree": 0.8599071998692862, "lam": 0.747611230475101, "max_depth": 8.619573962710458, "min_child_weight": 6.180955363563329, "subsample": 0.8793683088156246}, "datetime": {"datetime": "2020-04-24 20:02:59", "elapsed": 82.148873, "delta": 1.791572}}
{"target": 0.6389842, "params": {"alpha": 0.9041907604839794, "colsample_bytree": 0.8973966999305388, "lam": 0.04063087495083739, "max_depth": 9.51705371297896, "min_child_weight": 8.67376634206147, "subsample": 0.8774593413597038}, "datetime": {"datetime": "2020-04-24 20:03:00", "elapsed": 83.943682, "delta": 1.794809}}
{"target": 0.5929646, "params": {"alpha": 3.7681052612681896e-10, "colsample_bytree": 0.9, "lam": 0.0, "max_depth": 3.000000000993093, "min_child_weight": 1.0000000015223736, "subsample": 0.5}, "datetime": {"datetime": "2020-04-24 20:03:02", "elapsed": 85.462966, "delta": 1.519284}}
{"target": 0.6322848000000001, "params": {"alpha": 0.012304528624923372, "colsample_bytree": 0.8889657610480953, "lam": 0.14394295902566367, "max_depth": 8.484373240306653, "min_child_weight": 7.727304433436997, "subsample": 0.501434665800325}, "datetime": {"datetime": "2020-04-24 20:03:04", "elapsed": 87.11802, "delta": 1.655054}}
{"target": 0.634024, "params": {"alpha": 0.9927592520370695, "colsample_bytree": 0.8984822708765757, "lam": 0.741654747827455, "max_depth": 5.352957162252064, "min_child_weight": 1.0930796904888935, "subsample": 0.8788587177993332}, "datetime": {"datetime": "2020-04-24 20:03:05", "elapsed": 88.691568, "delta": 1.573548}}
{"target": 0.6059007999999999, "params": {"alpha": 0.6470735320356819, "colsample_bytree": 0.8740516073270538, "lam": 0.06494278940479581, "max_depth": 9.917472822226822, "min_child_weight": 4.824203813592709, "subsample": 0.521919793622528}, "datetime": {"datetime": "2020-04-24 20:03:07", "elapsed": 90.533802, "delta": 1.842234}}
{"target": 0.6271477999999999, "params": {"alpha": 1.0, "colsample_bytree": 0.9, "lam": 1.0, "max_depth": 5.362835195215285, "min_child_weight": 4.251326810790464, "subsample": 0.5}, "datetime": {"datetime": "2020-04-24 20:03:09", "elapsed": 92.092097, "delta": 1.558295}}
{"target": 0.592854, "params": {"alpha": 0.10651722904365868, "colsample_bytree": 0.5004726414023253, "lam": 0.3073736078119649, "max_depth": 8.476790253739724, "min_child_weight": 6.309278146769651, "subsample": 0.8566754679406436}, "datetime": {"datetime": "2020-04-24 20:03:10", "elapsed": 93.788135, "delta": 1.696038}}
{"target": 0.632312, "params": {"alpha": 0.9546149229424029, "colsample_bytree": 0.8985543636327171, "lam": 0.24176566736056826, "max_depth": 7.73403211697315, "min_child_weight": 9.14643412222612, "subsample": 0.8525809286360593}, "datetime": {"datetime": "2020-04-24 20:03:12", "elapsed": 95.344517, "delta": 1.556382}}
{"target": 0.6228953999999999, "params": {"alpha": 0.8161892821224092, "colsample_bytree": 0.8679458720955655, "lam": 0.11334018912068733, "max_depth": 5.875873482140967, "min_child_weight": 5.718928083392896, "subsample": 0.7334196513461142}, "datetime": {"datetime": "2020-04-24 20:03:13", "elapsed": 97.005453, "delta": 1.660936}}
{"target": 0.6331986000000001, "params": {"alpha": 0.0963287817769984, "colsample_bytree": 0.9, "lam": 0.9999999952112951, "max_depth": 8.057748694469888, "min_child_weight": 9.763982379407317, "subsample": 0.9}, "datetime": {"datetime": "2020-04-24 20:03:15", "elapsed": 98.652843, "delta": 1.64739}}
{"target": 0.6313700000000001, "params": {"alpha": 0.5250092345161435, "colsample_bytree": 0.8992600151479389, "lam": 0.014965358781080296, "max_depth": 3.7354211347114004, "min_child_weight": 8.373631506083779, "subsample": 0.872991420203344}, "datetime": {"datetime": "2020-04-24 20:03:17", "elapsed": 100.283363, "delta": 1.63052}}
{"target": 0.6333388, "params": {"alpha": 0.49850062351829005, "colsample_bytree": 0.8961613711048282, "lam": 0.8630191406686518, "max_depth": 5.045347369270867, "min_child_weight": 4.433997651173618, "subsample": 0.8907386000634168}, "datetime": {"datetime": "2020-04-24 20:03:18", "elapsed": 101.824222, "delta": 1.540859}}
{"target": 0.6344386, "params": {"alpha": 0.9899691313710575, "colsample_bytree": 0.7786629340936313, "lam": 0.9677273359925483, "max_depth": 4.829180931557109, "min_child_weight": 9.999304884902552, "subsample": 0.8819490806206014}, "datetime": {"datetime": "2020-04-24 20:03:20", "elapsed": 103.445769, "delta": 1.621547}}
{"target": 0.6246044, "params": {"alpha": 0.839185594811902, "colsample_bytree": 0.8771788268877645, "lam": 0.9508609602298878, "max_depth": 7.100148471063242, "min_child_weight": 7.7440798304820975, "subsample": 0.504694870604135}, "datetime": {"datetime": "2020-04-24 20:03:22", "elapsed": 105.212978, "delta": 1.767209}}
{"target": 0.6242802000000001, "params": {"alpha": 0.9600486394550407, "colsample_bytree": 0.9, "lam": 1.0, "max_depth": 7.509958990432308, "min_child_weight": 4.305969596513057, "subsample": 0.9}, "datetime": {"datetime": "2020-04-24 20:03:23", "elapsed": 106.919451, "delta": 1.706473}}
{"target": 0.6352784, "params": {"alpha": 0.0015503764756862157, "colsample_bytree": 0.899999999999998, "lam": 0.9999999999999962, "max_depth": 6.1941371668943175, "min_child_weight": 5.750763841228917, "subsample": 0.5}, "datetime": {"datetime": "2020-04-24 20:03:25", "elapsed": 108.573201, "delta": 1.65375}}
