{"target": 0.6066703999999999, "params": {"alpha": 0.1025877389933465, "colsample_bytree": 0.5116998113089806, "lam": 0.9607053143443103, "max_depth": 5.796900565930111, "min_child_weight": 2.284480855678477, "subsample": 0.8091349729133608}, "datetime": {"datetime": "2020-04-25 17:39:41", "elapsed": 1234.587064, "delta": 7.75207}}
{"target": 0.6376674, "params": {"alpha": 0.32015753048087836, "colsample_bytree": 0.8853666773055759, "lam": 0.1375749539234974, "max_depth": 8.804541696161182, "min_child_weight": 9.975621666334378, "subsample": 0.8744624162015031}, "datetime": {"datetime": "2020-04-25 17:39:50", "elapsed": 1244.457725, "delta": 9.870661}}
{"target": 0.6015436, "params": {"alpha": 0.9259916928778146, "colsample_bytree": 0.5640476001056993, "lam": 0.05163186057086511, "max_depth": 9.9896779832245, "min_child_weight": 6.958968851011914, "subsample": 0.8968803148912041}, "datetime": {"datetime": "2020-04-25 17:40:01", "elapsed": 1254.693489, "delta": 10.235764}}
{"target": 0.6245022, "params": {"alpha": 0.6242415293999044, "colsample_bytree": 0.8987533305929375, "lam": 0.021710740085488123, "max_depth": 3.602519582646253, "min_child_weight": 5.263422105467379, "subsample": 0.8924080250096726}, "datetime": {"datetime": "2020-04-25 17:40:09", "elapsed": 1262.970352, "delta": 8.276863}}
{"target": 0.6385962000000001, "params": {"alpha": 0.13295496069153645, "colsample_bytree": 0.6657468857508905, "lam": 0.07459607984806305, "max_depth": 9.523579349496925, "min_child_weight": 9.959643773027228, "subsample": 0.8632767273674584}, "datetime": {"datetime": "2020-04-25 17:40:18", "elapsed": 1272.413359, "delta": 9.443007}}
{"target": 0.6013562, "params": {"alpha": 1.0, "colsample_bytree": 0.9, "lam": 1.0, "max_depth": 3.0000000007310064, "min_child_weight": 1.0, "subsample": 0.5000000006599832}, "datetime": {"datetime": "2020-04-25 17:40:25", "elapsed": 1279.291902, "delta": 6.878543}}
{"target": 0.6169800000000001, "params": {"alpha": 0.9942154720659042, "colsample_bytree": 0.8608958533770477, "lam": 0.2339608951461295, "max_depth": 3.5803592441179672, "min_child_weight": 1.0494698414744827, "subsample": 0.8631481244663514}, "datetime": {"datetime": "2020-04-25 17:40:32", "elapsed": 1286.2053, "delta": 6.913398}}
{"target": 0.6150794, "params": {"alpha": 0.8660669187057092, "colsample_bytree": 0.8956309090640557, "lam": 0.836827747336795, "max_depth": 5.183500075498839, "min_child_weight": 6.771738192464002, "subsample": 0.5175813727285958}, "datetime": {"datetime": "2020-04-25 17:40:39", "elapsed": 1293.371884, "delta": 7.166584}}
{"target": 0.6430438, "params": {"alpha": 0.9999999999973902, "colsample_bytree": 0.8999999999955263, "lam": 1.0, "max_depth": 5.663490100656664, "min_child_weight": 9.310276574183574, "subsample": 0.9}, "datetime": {"datetime": "2020-04-25 17:40:47", "elapsed": 1301.466051, "delta": 8.094167}}
{"target": 0.6349306, "params": {"alpha": 0.9669356359653529, "colsample_bytree": 0.8726144083248146, "lam": 0.05307758935606299, "max_depth": 8.003778217869765, "min_child_weight": 5.7095922235958625, "subsample": 0.8910448768329674}, "datetime": {"datetime": "2020-04-25 17:40:56", "elapsed": 1309.664568, "delta": 8.198517}}
{"target": 0.6280738, "params": {"alpha": 0.7934074430234059, "colsample_bytree": 0.8765583127754719, "lam": 0.90681032142958, "max_depth": 4.4440593900815415, "min_child_weight": 6.012686304090316, "subsample": 0.8152121341737644}, "datetime": {"datetime": "2020-04-25 17:41:03", "elapsed": 1316.902841, "delta": 7.238273}}
{"target": 0.6277931999999999, "params": {"alpha": 0.9976294257277558, "colsample_bytree": 0.8780462569008232, "lam": 0.1802717038774979, "max_depth": 7.614743425272562, "min_child_weight": 8.173056597516265, "subsample": 0.5031434255986361}, "datetime": {"datetime": "2020-04-25 17:41:11", "elapsed": 1325.263016, "delta": 8.360175}}
{"target": 0.6217088000000001, "params": {"alpha": 0.9650895548564179, "colsample_bytree": 0.8970164317529361, "lam": 0.02140867196259877, "max_depth": 4.628560365385196, "min_child_weight": 5.581067344972152, "subsample": 0.6963719432487085}, "datetime": {"datetime": "2020-04-25 17:41:19", "elapsed": 1332.639734, "delta": 7.376718}}
{"target": 0.6239846, "params": {"alpha": 0.9605646556919961, "colsample_bytree": 0.8797758963877125, "lam": 0.9809701364457717, "max_depth": 3.761992699027565, "min_child_weight": 4.411806707834074, "subsample": 0.5131873187272457}, "datetime": {"datetime": "2020-04-25 17:41:26", "elapsed": 1339.559236, "delta": 6.919502}}
{"target": 0.6382144000000001, "params": {"alpha": 0.2796645430112602, "colsample_bytree": 0.8854080631193566, "lam": 0.36534622946287953, "max_depth": 5.553470790121684, "min_child_weight": 5.548813844661027, "subsample": 0.8661291379926381}, "datetime": {"datetime": "2020-04-25 17:41:34", "elapsed": 1347.870695, "delta": 8.311459}}
{"target": 0.5994501999999999, "params": {"alpha": 0.008579369328832298, "colsample_bytree": 0.7060473334626722, "lam": 0.016321051546889898, "max_depth": 3.104337608662118, "min_child_weight": 7.427404084746912, "subsample": 0.8822326213720584}, "datetime": {"datetime": "2020-04-25 17:41:41", "elapsed": 1355.51658, "delta": 7.645885}}
{"target": 0.6319272, "params": {"alpha": 0.7013929962358141, "colsample_bytree": 0.8843553688847088, "lam": 0.3715154308725541, "max_depth": 5.37267342782662, "min_child_weight": 7.463688993898623, "subsample": 0.8932935523050145}, "datetime": {"datetime": "2020-04-25 17:41:50", "elapsed": 1363.618634, "delta": 8.102054}}
{"target": 0.638183, "params": {"alpha": 0.003812418831380948, "colsample_bytree": 0.8835310793494406, "lam": 0.09963500006129777, "max_depth": 5.167710880709828, "min_child_weight": 4.068914966966734, "subsample": 0.7457429598009071}, "datetime": {"datetime": "2020-04-25 17:41:58", "elapsed": 1371.939113, "delta": 8.320479}}
{"target": 0.6224798, "params": {"alpha": 0.2489071911927574, "colsample_bytree": 0.6318194189571972, "lam": 0.08634885179805185, "max_depth": 4.4678339296571945, "min_child_weight": 3.426648737013486, "subsample": 0.8847371564825957}, "datetime": {"datetime": "2020-04-25 17:42:07", "elapsed": 1380.994413, "delta": 9.0553}}
{"target": 0.6385316, "params": {"alpha": 0.24849967103782444, "colsample_bytree": 0.8791321470346224, "lam": 0.9586452444545851, "max_depth": 5.231625618661011, "min_child_weight": 4.714216801209511, "subsample": 0.8714895414174895}, "datetime": {"datetime": "2020-04-25 17:42:16", "elapsed": 1390.283284, "delta": 9.288871}}
{"target": 0.6370682000000001, "params": {"alpha": 0.0, "colsample_bytree": 0.9, "lam": 0.9999999935282318, "max_depth": 9.990537733138666, "min_child_weight": 10.0, "subsample": 0.8999999942701515}, "datetime": {"datetime": "2020-04-25 17:42:27", "elapsed": 1401.099311, "delta": 10.816027}}
{"target": 0.5891156, "params": {"alpha": 0.051509611782874054, "colsample_bytree": 0.5586216318893154, "lam": 0.072660016556239, "max_depth": 4.969060645706215, "min_child_weight": 1.0462112131864663, "subsample": 0.8447098712280103}, "datetime": {"datetime": "2020-04-25 17:42:35", "elapsed": 1408.708674, "delta": 7.609363}}
{"target": 0.5449052, "params": {"alpha": 0.0, "colsample_bytree": 0.5, "lam": 0.0, "max_depth": 3.0, "min_child_weight": 9.999999995881446, "subsample": 0.5}, "datetime": {"datetime": "2020-04-25 17:42:42", "elapsed": 1416.082173, "delta": 7.373499}}
{"target": 0.6275202, "params": {"alpha": 0.17923825433238327, "colsample_bytree": 0.8794806923700524, "lam": 0.979439537700505, "max_depth": 9.456072087781557, "min_child_weight": 5.425404714319855, "subsample": 0.8941439483140962}, "datetime": {"datetime": "2020-04-25 17:42:51", "elapsed": 1425.437639, "delta": 9.355466}}
{"target": 0.5759488, "params": {"alpha": 0.0081310426063409, "colsample_bytree": 0.8511964218009356, "lam": 0.03521316176066258, "max_depth": 7.644802437260191, "min_child_weight": 1.0378967690982124, "subsample": 0.8935519083052181}, "datetime": {"datetime": "2020-04-25 17:43:02", "elapsed": 1435.726904, "delta": 10.289265}}
{"target": 0.6357558, "params": {"alpha": 0.03549793960842762, "colsample_bytree": 0.8713425301351798, "lam": 0.5112717355036508, "max_depth": 9.951661603670248, "min_child_weight": 8.815096044319974, "subsample": 0.833852613409504}, "datetime": {"datetime": "2020-04-25 17:43:12", "elapsed": 1445.702727, "delta": 9.975823}}
{"target": 0.5474821999999999, "params": {"alpha": 0.0, "colsample_bytree": 0.5, "lam": 0.9999999979337902, "max_depth": 10.0, "min_child_weight": 1.0, "subsample": 0.8999999990149201}, "datetime": {"datetime": "2020-04-25 17:43:23", "elapsed": 1456.836504, "delta": 11.133777}}
{"target": 0.6232291999999999, "params": {"alpha": 0.4320418854721365, "colsample_bytree": 0.8896791739238754, "lam": 0.9064050275265988, "max_depth": 8.541065720793847, "min_child_weight": 5.562457246939431, "subsample": 0.8796358528399533}, "datetime": {"datetime": "2020-04-25 17:43:33", "elapsed": 1466.746746, "delta": 9.910242}}
{"target": 0.6100800000000001, "params": {"alpha": 0.007385480072501838, "colsample_bytree": 0.5609182722444372, "lam": 0.13396360442383093, "max_depth": 7.678478500941457, "min_child_weight": 4.464412948204456, "subsample": 0.8385348335589897}, "datetime": {"datetime": "2020-04-25 17:43:43", "elapsed": 1476.694275, "delta": 9.947529}}
{"target": 0.6308762, "params": {"alpha": 0.9999999401617934, "colsample_bytree": 0.8999999964559587, "lam": 0.8169805833771852, "max_depth": 9.382274422968862, "min_child_weight": 6.3205916064184935, "subsample": 0.8966494937168037}, "datetime": {"datetime": "2020-04-25 17:43:52", "elapsed": 1486.52021, "delta": 9.825935}}
{"target": 0.6312862, "params": {"alpha": 0.9819487907494429, "colsample_bytree": 0.875084980579199, "lam": 0.9815966729966569, "max_depth": 6.372133848852522, "min_child_weight": 5.163636659971321, "subsample": 0.899923442758011}, "datetime": {"datetime": "2020-04-25 17:44:04", "elapsed": 1497.621647, "delta": 11.101437}}
{"target": 0.5960598, "params": {"alpha": 0.7207014934807058, "colsample_bytree": 0.8904234690195818, "lam": 0.9743146270201637, "max_depth": 6.6579708507064765, "min_child_weight": 1.3192317856543885, "subsample": 0.5219561506100535}, "datetime": {"datetime": "2020-04-25 17:44:13", "elapsed": 1506.581718, "delta": 8.960071}}
{"target": 0.6275216, "params": {"alpha": 0.9899068616536978, "colsample_bytree": 0.8382570541775962, "lam": 0.35727499422338427, "max_depth": 6.353856556840903, "min_child_weight": 2.5351852879981376, "subsample": 0.8269634464965361}, "datetime": {"datetime": "2020-04-25 17:44:21", "elapsed": 1514.842049, "delta": 8.260331}}
{"target": 0.6065581999999999, "params": {"alpha": 0.9828790098883081, "colsample_bytree": 0.5648295079225203, "lam": 0.8264464324303965, "max_depth": 6.635105426795306, "min_child_weight": 3.2314775061617875, "subsample": 0.8528940417537866}, "datetime": {"datetime": "2020-04-25 17:44:31", "elapsed": 1525.14597, "delta": 10.303921}}
{"target": 0.6417682000000001, "params": {"alpha": 0.015207063218648953, "colsample_bytree": 0.8737395760475142, "lam": 0.011714773884769603, "max_depth": 9.033315838445604, "min_child_weight": 8.935012680545057, "subsample": 0.5848521379514657}, "datetime": {"datetime": "2020-04-25 17:44:41", "elapsed": 1534.994274, "delta": 9.848304}}
{"target": 0.6274896, "params": {"alpha": 7.716684534702958e-08, "colsample_bytree": 0.899999999918032, "lam": 1.3392137714333125e-10, "max_depth": 7.340948152726526, "min_child_weight": 8.463831093449707, "subsample": 0.5000000000819679}, "datetime": {"datetime": "2020-04-25 17:44:49", "elapsed": 1542.838968, "delta": 7.844694}}
{"target": 0.6312506000000001, "params": {"alpha": 0.1501005204996506, "colsample_bytree": 0.8795828172738851, "lam": 0.9628469721670654, "max_depth": 9.939114821739839, "min_child_weight": 7.013503290628478, "subsample": 0.5854907535638505}, "datetime": {"datetime": "2020-04-25 17:44:58", "elapsed": 1551.934175, "delta": 9.095207}}
{"target": 0.6197104, "params": {"alpha": 0.9391398665268521, "colsample_bytree": 0.8808273685992031, "lam": 0.9720331748944784, "max_depth": 8.984920546895694, "min_child_weight": 5.8260699401060165, "subsample": 0.5179006258147678}, "datetime": {"datetime": "2020-04-25 17:45:07", "elapsed": 1560.791016, "delta": 8.856841}}
{"target": 0.5749097999999999, "params": {"alpha": 1.0951322393217721e-08, "colsample_bytree": 0.5, "lam": 1.0, "max_depth": 6.438825411252832, "min_child_weight": 10.0, "subsample": 0.5000000032541646}, "datetime": {"datetime": "2020-04-25 17:45:16", "elapsed": 1569.896504, "delta": 9.105488}}
{"target": 0.6180490000000001, "params": {"alpha": 0.05075976199237475, "colsample_bytree": 0.8911621413100691, "lam": 0.03283841118680886, "max_depth": 8.721581819190735, "min_child_weight": 7.332956020455957, "subsample": 0.699302595103691}, "datetime": {"datetime": "2020-04-25 17:45:25", "elapsed": 1579.057801, "delta": 9.161297}}
{"target": 0.6372082, "params": {"alpha": 0.05449727709946317, "colsample_bytree": 0.8971288340955901, "lam": 0.2405857649926061, "max_depth": 5.922949801689307, "min_child_weight": 9.951781618845125, "subsample": 0.7964461069838722}, "datetime": {"datetime": "2020-04-25 17:45:34", "elapsed": 1588.00435, "delta": 8.946549}}
{"target": 0.5965418, "params": {"alpha": 0.02272759277002878, "colsample_bytree": 0.743878078448578, "lam": 0.9936761159124928, "max_depth": 9.519248273370044, "min_child_weight": 2.901606793957048, "subsample": 0.6547261479670201}, "datetime": {"datetime": "2020-04-25 17:45:45", "elapsed": 1598.732857, "delta": 10.728507}}
{"target": 0.6239708, "params": {"alpha": 0.1627679058785032, "colsample_bytree": 0.6501463219436802, "lam": 0.9787682955657522, "max_depth": 8.469319201492059, "min_child_weight": 6.649161932277056, "subsample": 0.6521956650341164}, "datetime": {"datetime": "2020-04-25 17:45:54", "elapsed": 1607.677714, "delta": 8.944857}}
{"target": 0.618624, "params": {"alpha": 0.08403832524323962, "colsample_bytree": 0.890905771829973, "lam": 0.018012679169793655, "max_depth": 7.614687906453236, "min_child_weight": 4.779412616754767, "subsample": 0.7660269714983984}, "datetime": {"datetime": "2020-04-25 17:46:03", "elapsed": 1616.672763, "delta": 8.995049}}
{"target": 0.6052354, "params": {"alpha": 0.9052800894798634, "colsample_bytree": 0.5759351938489572, "lam": 0.02412522106631254, "max_depth": 9.182851502461682, "min_child_weight": 4.860704980287139, "subsample": 0.8530402020851522}, "datetime": {"datetime": "2020-04-25 17:46:13", "elapsed": 1626.851293, "delta": 10.17853}}
{"target": 0.6399914000000001, "params": {"alpha": 0.16981463453988022, "colsample_bytree": 0.8389138607541216, "lam": 0.017157624885208778, "max_depth": 9.308102374974517, "min_child_weight": 9.237892760773809, "subsample": 0.8997299119901943}, "datetime": {"datetime": "2020-04-25 17:46:23", "elapsed": 1637.4204, "delta": 10.569107}}
{"target": 0.6274341999999999, "params": {"alpha": 0.7581036185194514, "colsample_bytree": 0.8764991846234687, "lam": 0.7301641317577591, "max_depth": 7.055177469996954, "min_child_weight": 9.955147486995381, "subsample": 0.881289161942894}, "datetime": {"datetime": "2020-04-25 17:46:33", "elapsed": 1646.937087, "delta": 9.516687}}
{"target": 0.6079966000000001, "params": {"alpha": 0.0007558207541642492, "colsample_bytree": 0.8416363569104496, "lam": 0.05128706619416923, "max_depth": 9.931707421152925, "min_child_weight": 4.143326010600628, "subsample": 0.6082513394072532}, "datetime": {"datetime": "2020-04-25 17:46:42", "elapsed": 1655.695493, "delta": 8.758406}}
{"target": 0.5882761999999999, "params": {"alpha": 0.9999999929308466, "colsample_bytree": 0.5, "lam": 1.0, "max_depth": 10.0, "min_child_weight": 9.426211699199897, "subsample": 0.855755582164688}, "datetime": {"datetime": "2020-04-25 17:46:53", "elapsed": 1666.673852, "delta": 10.978359}}
{"target": 0.6310176000000001, "params": {"alpha": 0.8295719942768361, "colsample_bytree": 0.8806005626613065, "lam": 0.13603370869949283, "max_depth": 7.502409934123613, "min_child_weight": 6.617248972287301, "subsample": 0.7680572431844825}, "datetime": {"datetime": "2020-04-25 17:47:02", "elapsed": 1675.774716, "delta": 9.100864}}
{"target": 0.634093, "params": {"alpha": 0.35976751805868523, "colsample_bytree": 0.887623512879111, "lam": 0.012996573798343736, "max_depth": 3.542723279274279, "min_child_weight": 6.7571982484374775, "subsample": 0.873213723700112}, "datetime": {"datetime": "2020-04-25 17:47:11", "elapsed": 1684.913174, "delta": 9.138458}}
{"target": 0.6192484, "params": {"alpha": 0.8995160796632014, "colsample_bytree": 0.878407438841593, "lam": 0.969530673177996, "max_depth": 8.239368931137026, "min_child_weight": 1.6830073678756245, "subsample": 0.8626324193797007}, "datetime": {"datetime": "2020-04-25 17:47:21", "elapsed": 1694.713426, "delta": 9.800252}}
{"target": 0.6294998, "params": {"alpha": 0.9720857671659207, "colsample_bytree": 0.8578436529889597, "lam": 0.026346123990954595, "max_depth": 8.907664693771626, "min_child_weight": 8.348265493425808, "subsample": 0.6926289824767695}, "datetime": {"datetime": "2020-04-25 17:47:31", "elapsed": 1705.3297, "delta": 10.616274}}
{"target": 0.5924702, "params": {"alpha": 1.0, "colsample_bytree": 0.6970567927376402, "lam": 1.0, "max_depth": 3.290624236059778, "min_child_weight": 3.263713522727981, "subsample": 0.5000000034392916}, "datetime": {"datetime": "2020-04-25 17:47:40", "elapsed": 1713.894896, "delta": 8.565196}}
{"target": 0.6400048, "params": {"alpha": 0.9313616317723392, "colsample_bytree": 0.8999999990021843, "lam": 0.9999999869916315, "max_depth": 5.6506672446181945, "min_child_weight": 3.1117294389585917, "subsample": 0.8999999983184297}, "datetime": {"datetime": "2020-04-25 17:47:50", "elapsed": 1723.775288, "delta": 9.880392}}
{"target": 0.6414246, "params": {"alpha": 0.22007346381282689, "colsample_bytree": 0.8888970599651895, "lam": 0.03373351106955391, "max_depth": 4.329042757029955, "min_child_weight": 7.350572431491444, "subsample": 0.8431351409465855}, "datetime": {"datetime": "2020-04-25 17:48:00", "elapsed": 1734.503952, "delta": 10.728664}}
{"target": 0.6294761999999999, "params": {"alpha": 0.10628203004916559, "colsample_bytree": 0.8368941341360918, "lam": 0.001323397135270632, "max_depth": 5.4118377476849275, "min_child_weight": 9.710874717153748, "subsample": 0.6463343440856082}, "datetime": {"datetime": "2020-04-25 17:48:10", "elapsed": 1743.819262, "delta": 9.31531}}
{"target": 0.6379534, "params": {"alpha": 0.07303691358201359, "colsample_bytree": 0.8943580628471612, "lam": 0.709739291893613, "max_depth": 6.47417324128154, "min_child_weight": 8.198267952141851, "subsample": 0.8693010416860967}, "datetime": {"datetime": "2020-04-25 17:48:20", "elapsed": 1754.214259, "delta": 10.394997}}
{"target": 0.6405399999999999, "params": {"alpha": 0.03678422972279283, "colsample_bytree": 0.8189106156962596, "lam": 0.47487542230310187, "max_depth": 8.454418742220138, "min_child_weight": 9.997630143330367, "subsample": 0.5926456638867792}, "datetime": {"datetime": "2020-04-25 17:48:30", "elapsed": 1763.71298, "delta": 9.498721}}
{"target": 0.6194354, "params": {"alpha": 0.6908540407034274, "colsample_bytree": 0.8543383907062972, "lam": 0.9618825500220421, "max_depth": 5.073527275229436, "min_child_weight": 3.899643386494409, "subsample": 0.5026922361729205}, "datetime": {"datetime": "2020-04-25 17:48:39", "elapsed": 1772.973706, "delta": 9.260726}}
{"target": 0.6307712, "params": {"alpha": 0.593226192949099, "colsample_bytree": 0.8533910794083277, "lam": 0.0011798793762562987, "max_depth": 8.158150323641237, "min_child_weight": 3.372115203845372, "subsample": 0.8797582491268334}, "datetime": {"datetime": "2020-04-25 17:48:49", "elapsed": 1782.983072, "delta": 10.009366}}
{"target": 0.6303864, "params": {"alpha": 0.653577583871507, "colsample_bytree": 0.8995770789399682, "lam": 0.005946972276170914, "max_depth": 6.762813603224999, "min_child_weight": 8.46821094851032, "subsample": 0.7732138212577131}, "datetime": {"datetime": "2020-04-25 17:49:00", "elapsed": 1794.055319, "delta": 11.072247}}
{"target": 0.6295396, "params": {"alpha": 0.6392019161230973, "colsample_bytree": 0.8770765211389764, "lam": 0.9228696941639191, "max_depth": 5.277197045020139, "min_child_weight": 7.075933343201468, "subsample": 0.8900707921984989}, "datetime": {"datetime": "2020-04-25 17:49:10", "elapsed": 1803.746648, "delta": 9.691329}}
{"target": 0.6368485999999999, "params": {"alpha": 0.8823235925737736, "colsample_bytree": 0.8933773778042922, "lam": 0.8667034222452488, "max_depth": 9.859274547247656, "min_child_weight": 5.663054440136766, "subsample": 0.8759310692735685}, "datetime": {"datetime": "2020-04-25 17:49:22", "elapsed": 1816.092365, "delta": 12.345717}}
{"target": 0.6267856, "params": {"alpha": 0.5167534220334711, "colsample_bytree": 0.8902149672911168, "lam": 0.982644743954969, "max_depth": 6.289202048009658, "min_child_weight": 6.266796632169551, "subsample": 0.7180127449775263}, "datetime": {"datetime": "2020-04-25 17:49:31", "elapsed": 1825.148338, "delta": 9.055973}}
{"target": 0.6347896000000001, "params": {"alpha": 0.008172475458089412, "colsample_bytree": 0.8436713266648332, "lam": 0.091421493013634, "max_depth": 8.741549168058437, "min_child_weight": 9.9781894869074, "subsample": 0.5062991993251359}, "datetime": {"datetime": "2020-04-25 17:49:43", "elapsed": 1836.588281, "delta": 11.439943}}
{"target": 0.621617, "params": {"alpha": 0.7862341591997626, "colsample_bytree": 0.8615566292627939, "lam": 0.9961668562793072, "max_depth": 9.997203329616948, "min_child_weight": 4.722482634151611, "subsample": 0.8860817982697159}, "datetime": {"datetime": "2020-04-25 17:49:55", "elapsed": 1848.763922, "delta": 12.175641}}
