{"target": 0.6329296, "params": {"alpha": 0.5897414803536114, "colsample_bytree": 0.6326823218885154, "lam": 0.017545611953425966, "max_depth": 9.409421194141343, "min_child_weight": 9.977367857027598, "subsample": 0.6433642102062109}, "datetime": {"datetime": "2020-04-24 18:09:41", "elapsed": 1900.667802, "delta": 12.355315}}
{"target": 0.6267726, "params": {"alpha": 0.001182838082541271, "colsample_bytree": 0.8902581430460765, "lam": 0.7051116452952763, "max_depth": 9.887665519769596, "min_child_weight": 7.6216757208231956, "subsample": 0.5030014084463278}, "datetime": {"datetime": "2020-04-24 18:09:51", "elapsed": 1910.631044, "delta": 9.963242}}
{"target": 0.6322646000000001, "params": {"alpha": 0.07308394293963927, "colsample_bytree": 0.8443250747491027, "lam": 0.8223228441740925, "max_depth": 9.71180849266208, "min_child_weight": 5.628794694014391, "subsample": 0.8874781985152151}, "datetime": {"datetime": "2020-04-24 18:10:00", "elapsed": 1919.407219, "delta": 8.776175}}
{"target": 0.624152, "params": {"alpha": 0.9517521511895807, "colsample_bytree": 0.8901457507228284, "lam": 0.9350799308468354, "max_depth": 3.9819061077826015, "min_child_weight": 5.853006681326663, "subsample": 0.7536738236340035}, "datetime": {"datetime": "2020-04-24 18:10:10", "elapsed": 1929.693135, "delta": 10.285916}}
{"target": 0.6423352, "params": {"alpha": 0.02403084581670445, "colsample_bytree": 0.8932316331311541, "lam": 0.011911214922644242, "max_depth": 7.542697619781884, "min_child_weight": 8.50708614518541, "subsample": 0.8546267451851397}, "datetime": {"datetime": "2020-04-24 18:10:19", "elapsed": 1938.625774, "delta": 8.932639}}
{"target": 0.6273183999999999, "params": {"alpha": 0.9572228849278505, "colsample_bytree": 0.6794575126862761, "lam": 0.01750575003686916, "max_depth": 9.107572764338705, "min_child_weight": 4.814628463714164, "subsample": 0.8368187786543015}, "datetime": {"datetime": "2020-04-24 18:10:31", "elapsed": 1950.142706, "delta": 11.516932}}
{"target": 0.6397454, "params": {"alpha": 0.00430429743063343, "colsample_bytree": 0.8553078142645967, "lam": 0.5033116110705058, "max_depth": 7.8852097268494274, "min_child_weight": 7.136077959864195, "subsample": 0.7799056927031411}, "datetime": {"datetime": "2020-04-24 18:10:41", "elapsed": 1960.440618, "delta": 10.297912}}
{"target": 0.6432264000000001, "params": {"alpha": 0.00700879532252463, "colsample_bytree": 0.8828071821473187, "lam": 0.004649259573405784, "max_depth": 9.161586745787389, "min_child_weight": 9.96694058311352, "subsample": 0.878006354159123}, "datetime": {"datetime": "2020-04-24 18:10:51", "elapsed": 1970.410954, "delta": 9.970336}}
{"target": 0.6371732000000001, "params": {"alpha": 0.015736596874930675, "colsample_bytree": 0.8355238048105829, "lam": 0.4789780872634555, "max_depth": 7.59578196424874, "min_child_weight": 8.446874528665752, "subsample": 0.8201727935255991}, "datetime": {"datetime": "2020-04-24 18:11:01", "elapsed": 1980.27242, "delta": 9.861466}}
{"target": 0.6400044, "params": {"alpha": 0.9999999813088545, "colsample_bytree": 0.899999989647549, "lam": 0.9999999999619119, "max_depth": 6.0157655035798685, "min_child_weight": 2.8492248670851086, "subsample": 0.9}, "datetime": {"datetime": "2020-04-24 18:11:10", "elapsed": 1989.395761, "delta": 9.123341}}
{"target": 0.6263076, "params": {"alpha": 0.826719256315895, "colsample_bytree": 0.8833452813006519, "lam": 0.041066479877911344, "max_depth": 5.007687455539071, "min_child_weight": 5.6741090942752255, "subsample": 0.8864829272841575}, "datetime": {"datetime": "2020-04-24 18:11:20", "elapsed": 1999.803728, "delta": 10.407967}}
{"target": 0.6274580000000001, "params": {"alpha": 0.573641281255935, "colsample_bytree": 0.8912017928663623, "lam": 0.018503291278994416, "max_depth": 5.381991734815323, "min_child_weight": 4.178189192518818, "subsample": 0.7564643514056906}, "datetime": {"datetime": "2020-04-24 18:11:32", "elapsed": 2011.683185, "delta": 11.879457}}
{"target": 0.6504804, "params": {"alpha": 0.016788881620900975, "colsample_bytree": 0.8819868664992547, "lam": 0.9409575953966237, "max_depth": 9.20507381165295, "min_child_weight": 6.108865902136805, "subsample": 0.8575932209358054}, "datetime": {"datetime": "2020-04-24 18:11:44", "elapsed": 2023.005436, "delta": 11.322251}}
{"target": 0.6033316, "params": {"alpha": 0.08967430647847796, "colsample_bytree": 0.847584108859172, "lam": 0.8626918255136946, "max_depth": 9.588845312542102, "min_child_weight": 1.0186284149393074, "subsample": 0.5074851902124319}, "datetime": {"datetime": "2020-04-24 18:11:55", "elapsed": 2034.431111, "delta": 11.425675}}
{"target": 0.6191926000000001, "params": {"alpha": 0.9683825671888457, "colsample_bytree": 0.8883418715127461, "lam": 0.07828822070975816, "max_depth": 5.96512226340206, "min_child_weight": 2.8054247844363562, "subsample": 0.8749490215546075}, "datetime": {"datetime": "2020-04-24 18:12:06", "elapsed": 2045.779401, "delta": 11.34829}}
{"target": 0.6392876, "params": {"alpha": 0.0020758086924079766, "colsample_bytree": 0.8953107171683325, "lam": 0.8721935980933563, "max_depth": 6.655545097880169, "min_child_weight": 9.96793956442772, "subsample": 0.8646713491639221}, "datetime": {"datetime": "2020-04-24 18:12:17", "elapsed": 2056.302775, "delta": 10.523374}}
{"target": 0.6285948, "params": {"alpha": 0.9449659038101457, "colsample_bytree": 0.8626613087181304, "lam": 0.2917237904232899, "max_depth": 6.36435877823679, "min_child_weight": 5.717755613259347, "subsample": 0.8722735923191371}, "datetime": {"datetime": "2020-04-24 18:12:32", "elapsed": 2071.449698, "delta": 15.146923}}
{"target": 0.6194712, "params": {"alpha": 0.94029023251803, "colsample_bytree": 0.8340278751152705, "lam": 0.9870956127990239, "max_depth": 6.92898315855718, "min_child_weight": 3.097744304780082, "subsample": 0.8327789434827316}, "datetime": {"datetime": "2020-04-24 18:12:43", "elapsed": 2082.800187, "delta": 11.350489}}
{"target": 0.5452736, "params": {"alpha": 0.8264283555068189, "colsample_bytree": 0.5, "lam": 8.698630003121558e-09, "max_depth": 3.000000008142178, "min_child_weight": 2.4849436565619465, "subsample": 0.5000000031102874}, "datetime": {"datetime": "2020-04-24 18:12:52", "elapsed": 2091.188051, "delta": 8.387864}}
{"target": 0.6329678000000001, "params": {"alpha": 0.907969287165443, "colsample_bytree": 0.8024958535739664, "lam": 0.0021812505101496127, "max_depth": 9.976424866410097, "min_child_weight": 9.064995508821669, "subsample": 0.8869140896410203}, "datetime": {"datetime": "2020-04-24 18:13:04", "elapsed": 2103.862389, "delta": 12.674338}}
{"target": 0.6091176, "params": {"alpha": 0.9899796259578871, "colsample_bytree": 0.8828834135720333, "lam": 0.028397502212200942, "max_depth": 6.808600700673119, "min_child_weight": 6.4698765455845795, "subsample": 0.5026929096513789}, "datetime": {"datetime": "2020-04-24 18:13:16", "elapsed": 2115.240129, "delta": 11.37774}}
{"target": 0.6173302, "params": {"alpha": 0.4370935979834881, "colsample_bytree": 0.8649065557999787, "lam": 0.4486187326252945, "max_depth": 7.625202417890144, "min_child_weight": 2.901800139024287, "subsample": 0.8776300219771656}, "datetime": {"datetime": "2020-04-24 18:13:26", "elapsed": 2125.19843, "delta": 9.958301}}
{"target": 0.6303813999999999, "params": {"alpha": 0.9999999970551285, "colsample_bytree": 0.9, "lam": 1.0, "max_depth": 5.312684060856713, "min_child_weight": 1.7542105198549984, "subsample": 0.8999999717975615}, "datetime": {"datetime": "2020-04-24 18:13:37", "elapsed": 2136.534978, "delta": 11.336548}}
{"target": 0.604683, "params": {"alpha": 0.0, "colsample_bytree": 0.8999999841543298, "lam": 0.5624339900737916, "max_depth": 3.170558065571647, "min_child_weight": 2.9896706576170637, "subsample": 0.9}, "datetime": {"datetime": "2020-04-24 18:13:51", "elapsed": 2150.032465, "delta": 13.497487}}
{"target": 0.6243518, "params": {"alpha": 0.9905237360766748, "colsample_bytree": 0.8956197626871935, "lam": 0.02791592515479857, "max_depth": 5.675522373488054, "min_child_weight": 4.1786110937814644, "subsample": 0.8951990025947918}, "datetime": {"datetime": "2020-04-24 18:14:01", "elapsed": 2159.91904, "delta": 9.886575}}
{"target": 0.6181911999999999, "params": {"alpha": 0.7319030781463552, "colsample_bytree": 0.5219282107829617, "lam": 0.170599859630155, "max_depth": 5.183448625680369, "min_child_weight": 4.8644697442287175, "subsample": 0.868574827407261}, "datetime": {"datetime": "2020-04-24 18:14:13", "elapsed": 2172.802593, "delta": 12.883553}}
{"target": 0.6011996, "params": {"alpha": 0.48830648023558854, "colsample_bytree": 0.7031125326176105, "lam": 0.02802759225572138, "max_depth": 7.77913265748916, "min_child_weight": 2.730280009131455, "subsample": 0.503157334551226}, "datetime": {"datetime": "2020-04-24 18:14:23", "elapsed": 2182.352086, "delta": 9.549493}}
{"target": 0.629444, "params": {"alpha": 0.010899982510982342, "colsample_bytree": 0.8786613718035181, "lam": 0.2588111745033538, "max_depth": 4.446087280594923, "min_child_weight": 6.65096541257773, "subsample": 0.832712373006813}, "datetime": {"datetime": "2020-04-24 18:14:33", "elapsed": 2192.030911, "delta": 9.678825}}
{"target": 0.6310184, "params": {"alpha": 0.05145123494733761, "colsample_bytree": 0.7790415864011642, "lam": 0.9805720758573298, "max_depth": 4.724039209849568, "min_child_weight": 7.513345482381199, "subsample": 0.7989260660508459}, "datetime": {"datetime": "2020-04-24 18:14:44", "elapsed": 2203.11941, "delta": 11.088499}}
{"target": 0.6265334, "params": {"alpha": 0.24933933195641955, "colsample_bytree": 0.899450945628555, "lam": 0.9991864794863541, "max_depth": 7.431505247165583, "min_child_weight": 7.50854014186216, "subsample": 0.5522058682245783}, "datetime": {"datetime": "2020-04-24 18:14:55", "elapsed": 2214.627464, "delta": 11.508054}}
{"target": 0.6390824, "params": {"alpha": 0.4447076779361028, "colsample_bytree": 0.8351870896859324, "lam": 0.9489714911434476, "max_depth": 5.605031112330234, "min_child_weight": 7.017919128123465, "subsample": 0.820169298465913}, "datetime": {"datetime": "2020-04-24 18:15:04", "elapsed": 2223.606681, "delta": 8.979217}}
{"target": 0.6359315999999999, "params": {"alpha": 0.07520699508039308, "colsample_bytree": 0.8981390262081251, "lam": 0.0218785768762787, "max_depth": 5.001202678548662, "min_child_weight": 8.393833867269226, "subsample": 0.5734056860961826}, "datetime": {"datetime": "2020-04-24 18:15:16", "elapsed": 2235.431593, "delta": 11.824912}}
{"target": 0.6165998, "params": {"alpha": 0.708794709180563, "colsample_bytree": 0.8733311463093298, "lam": 0.35527753582664745, "max_depth": 9.935189146580523, "min_child_weight": 2.1950537965977013, "subsample": 0.8961901590173668}, "datetime": {"datetime": "2020-04-24 18:15:29", "elapsed": 2247.993836, "delta": 12.562243}}
{"target": 0.6352368, "params": {"alpha": 0.9851879341122407, "colsample_bytree": 0.8956349289696078, "lam": 0.011972551705984436, "max_depth": 8.542474264918631, "min_child_weight": 7.907414467551487, "subsample": 0.7922348392024781}, "datetime": {"datetime": "2020-04-24 18:15:40", "elapsed": 2259.534417, "delta": 11.540581}}
{"target": 0.6302888, "params": {"alpha": 0.8278934212345588, "colsample_bytree": 0.8937302800105937, "lam": 0.04483186716027099, "max_depth": 4.148685042609355, "min_child_weight": 5.509549616838535, "subsample": 0.8712942594093103}, "datetime": {"datetime": "2020-04-24 18:15:53", "elapsed": 2271.951852, "delta": 12.417435}}
{"target": 0.6418581999999999, "params": {"alpha": 0.9749146431576574, "colsample_bytree": 0.7456812758435591, "lam": 0.024855916682904433, "max_depth": 4.536576123340728, "min_child_weight": 3.7429209524640363, "subsample": 0.8567282580142732}, "datetime": {"datetime": "2020-04-24 18:16:05", "elapsed": 2284.192519, "delta": 12.240667}}
{"target": 0.6304158000000001, "params": {"alpha": 0.2893339433118396, "colsample_bytree": 0.6096812755811414, "lam": 0.012375064972177885, "max_depth": 4.814536691117626, "min_child_weight": 3.757543517654793, "subsample": 0.8853744980327285}, "datetime": {"datetime": "2020-04-24 18:16:17", "elapsed": 2296.299598, "delta": 12.107079}}
{"target": 0.6378814, "params": {"alpha": 0.9453129255019058, "colsample_bytree": 0.6992124683702433, "lam": 0.003747517873586986, "max_depth": 4.929446057790493, "min_child_weight": 4.243090560357885, "subsample": 0.5}, "datetime": {"datetime": "2020-04-24 18:16:36", "elapsed": 2315.512936, "delta": 19.213338}}
{"target": 0.6461598000000001, "params": {"alpha": 0.03203744133601283, "colsample_bytree": 0.8996215616199732, "lam": 0.13518233483459807, "max_depth": 5.52299541670495, "min_child_weight": 7.426287623290655, "subsample": 0.8513872169474463}, "datetime": {"datetime": "2020-04-24 18:16:46", "elapsed": 2325.600689, "delta": 10.087753}}
{"target": 0.6275706000000001, "params": {"alpha": 0.8474873537236626, "colsample_bytree": 0.8956504458708314, "lam": 0.6086786474225953, "max_depth": 9.71200287113658, "min_child_weight": 4.503001451531514, "subsample": 0.869985813792641}, "datetime": {"datetime": "2020-04-24 18:16:55", "elapsed": 2334.117722, "delta": 8.517033}}
{"target": 0.6292222, "params": {"alpha": 0.9999999910503591, "colsample_bytree": 0.8999999922048711, "lam": 1.0, "max_depth": 4.451463573604439, "min_child_weight": 10.0, "subsample": 0.9}, "datetime": {"datetime": "2020-04-24 18:17:07", "elapsed": 2346.147478, "delta": 12.029756}}
{"target": 0.6226452, "params": {"alpha": 0.04357765363797461, "colsample_bytree": 0.8190074952019665, "lam": 0.03613866049990888, "max_depth": 4.44990356890656, "min_child_weight": 4.213515577769716, "subsample": 0.5197708172636621}, "datetime": {"datetime": "2020-04-24 18:17:20", "elapsed": 2359.441225, "delta": 13.293747}}
{"target": 0.6067554000000001, "params": {"alpha": 0.9989094338116183, "colsample_bytree": 0.8420470555255215, "lam": 0.13312979328358876, "max_depth": 3.209516476468582, "min_child_weight": 3.9508174583501363, "subsample": 0.5095056310529054}, "datetime": {"datetime": "2020-04-24 18:17:34", "elapsed": 2373.033682, "delta": 13.592457}}
{"target": 0.6207512000000001, "params": {"alpha": 0.8935882640479874, "colsample_bytree": 0.8583509853316765, "lam": 0.09108336884745383, "max_depth": 9.797054647469551, "min_child_weight": 7.239643374477605, "subsample": 0.5546405691748164}, "datetime": {"datetime": "2020-04-24 18:17:44", "elapsed": 2383.240876, "delta": 10.207194}}
{"target": 0.6214542, "params": {"alpha": 0.04435227615968318, "colsample_bytree": 0.7359110242324275, "lam": 0.978341354308163, "max_depth": 3.5024362977023205, "min_child_weight": 8.779316709525457, "subsample": 0.882252777016471}, "datetime": {"datetime": "2020-04-24 18:17:56", "elapsed": 2395.087469, "delta": 11.846593}}
{"target": 0.6122504, "params": {"alpha": 0.8171769247414366, "colsample_bytree": 0.8660514370271397, "lam": 0.030518856609288214, "max_depth": 4.363326338652366, "min_child_weight": 6.028276670613224, "subsample": 0.5508039396695273}, "datetime": {"datetime": "2020-04-24 18:18:08", "elapsed": 2407.751798, "delta": 12.664329}}
{"target": 0.6230012, "params": {"alpha": 0.9913910027822702, "colsample_bytree": 0.8753109124859413, "lam": 0.0026756512125140075, "max_depth": 4.424576313586925, "min_child_weight": 4.2435026276379055, "subsample": 0.6500900661348923}, "datetime": {"datetime": "2020-04-24 18:18:22", "elapsed": 2421.726846, "delta": 13.975048}}
{"target": 0.6321966000000001, "params": {"alpha": 0.9624959674620824, "colsample_bytree": 0.6938117601207587, "lam": 0.9393650213810104, "max_depth": 5.270083736422021, "min_child_weight": 3.8850601500809074, "subsample": 0.8349906997102052}, "datetime": {"datetime": "2020-04-24 18:18:37", "elapsed": 2435.906006, "delta": 14.17916}}
{"target": 0.5558234, "params": {"alpha": 1.0, "colsample_bytree": 0.5, "lam": 0.9999999903005888, "max_depth": 3.4842457588976004, "min_child_weight": 9.72108068163461, "subsample": 0.8999999931125545}, "datetime": {"datetime": "2020-04-24 18:18:49", "elapsed": 2448.014192, "delta": 12.108186}}
{"target": 0.5896348, "params": {"alpha": 0.003461310175497667, "colsample_bytree": 0.8327957078568251, "lam": 0.9916780868218342, "max_depth": 3.0221078562761217, "min_child_weight": 3.479586968973809, "subsample": 0.5290125549815345}, "datetime": {"datetime": "2020-04-24 18:19:01", "elapsed": 2460.158291, "delta": 12.144099}}
{"target": 0.6385738, "params": {"alpha": 0.4568442939063265, "colsample_bytree": 0.7233562427463818, "lam": 0.005522170722888076, "max_depth": 8.527392066671652, "min_child_weight": 9.990403162545807, "subsample": 0.8442712375021948}, "datetime": {"datetime": "2020-04-24 18:19:15", "elapsed": 2474.444788, "delta": 14.286497}}
{"target": 0.6130036000000001, "params": {"alpha": 0.9159531285136455, "colsample_bytree": 0.5342720169821691, "lam": 0.031085756600547576, "max_depth": 5.078567643862325, "min_child_weight": 3.1962883541673617, "subsample": 0.7413987956942698}, "datetime": {"datetime": "2020-04-24 18:19:25", "elapsed": 2484.526913, "delta": 10.082125}}
{"target": 0.6133054, "params": {"alpha": 0.02288354920561353, "colsample_bytree": 0.8865350123803326, "lam": 0.9072665281763421, "max_depth": 4.126881563666396, "min_child_weight": 8.707598614755636, "subsample": 0.5076320539339335}, "datetime": {"datetime": "2020-04-24 18:19:36", "elapsed": 2495.196948, "delta": 10.670035}}
{"target": 0.6052107999999999, "params": {"alpha": 0.9999999864389838, "colsample_bytree": 0.9, "lam": 0.12159429552342736, "max_depth": 3.0, "min_child_weight": 6.854742974838357, "subsample": 0.7475415786703236}, "datetime": {"datetime": "2020-04-24 18:19:51", "elapsed": 2510.168742, "delta": 14.971794}}
{"target": 0.6112944, "params": {"alpha": 0.9006737632396806, "colsample_bytree": 0.579705945942532, "lam": 0.1615782849571531, "max_depth": 5.062717213805718, "min_child_weight": 3.938398948923139, "subsample": 0.8210944934042372}, "datetime": {"datetime": "2020-04-24 18:20:03", "elapsed": 2522.054757, "delta": 11.886015}}
{"target": 0.6354786, "params": {"alpha": 3.9981707876862724e-08, "colsample_bytree": 0.9, "lam": 1.0, "max_depth": 5.923925974404439, "min_child_weight": 4.8501305394466865, "subsample": 0.9}, "datetime": {"datetime": "2020-04-24 18:20:14", "elapsed": 2533.376266, "delta": 11.321509}}
{"target": 0.6228708000000001, "params": {"alpha": 0.04705953331602564, "colsample_bytree": 0.7952652818331929, "lam": 0.03163412702656487, "max_depth": 5.051893929590963, "min_child_weight": 9.689471077356405, "subsample": 0.5052264039716428}, "datetime": {"datetime": "2020-04-24 18:20:28", "elapsed": 2547.238725, "delta": 13.862459}}
{"target": 0.6436896, "params": {"alpha": 0.9999999854102861, "colsample_bytree": 0.9, "lam": 1.0, "max_depth": 9.120845884557898, "min_child_weight": 9.999999927721488, "subsample": 0.9}, "datetime": {"datetime": "2020-04-24 18:20:45", "elapsed": 2564.575153, "delta": 17.336428}}
{"target": 0.636407, "params": {"alpha": 0.9348886401882912, "colsample_bytree": 0.8646970818136915, "lam": 0.6777229041616954, "max_depth": 9.818529446369567, "min_child_weight": 8.367363562811478, "subsample": 0.8953093298155312}, "datetime": {"datetime": "2020-04-24 18:20:57", "elapsed": 2576.30464, "delta": 11.729487}}
{"target": 0.621625, "params": {"alpha": 0.6572750593236986, "colsample_bytree": 0.8930629744003149, "lam": 0.03368709595010444, "max_depth": 4.027438289311235, "min_child_weight": 6.717328223174889, "subsample": 0.8664380588857721}, "datetime": {"datetime": "2020-04-24 18:21:12", "elapsed": 2590.97525, "delta": 14.67061}}
{"target": 0.6321426, "params": {"alpha": 0.9023483684540285, "colsample_bytree": 0.8689416954179177, "lam": 0.9382194710021603, "max_depth": 4.032089880269246, "min_child_weight": 3.6418068112831743, "subsample": 0.8357753375867196}, "datetime": {"datetime": "2020-04-24 18:21:24", "elapsed": 2603.349386, "delta": 12.374136}}
{"target": 0.6389594, "params": {"alpha": 0.9999999999722128, "colsample_bytree": 0.899999989443306, "lam": 0.9999998838727684, "max_depth": 7.040724425665685, "min_child_weight": 9.999999984063463, "subsample": 0.8999999329551057}, "datetime": {"datetime": "2020-04-24 18:21:35", "elapsed": 2614.666415, "delta": 11.317029}}
{"target": 0.6302994, "params": {"alpha": 0.9677515261710857, "colsample_bytree": 0.6951059418985895, "lam": 0.9632295535804881, "max_depth": 4.832441083053708, "min_child_weight": 4.761665183954339, "subsample": 0.8992314280434628}, "datetime": {"datetime": "2020-04-24 18:21:55", "elapsed": 2634.699677, "delta": 20.033262}}
{"target": 0.625148, "params": {"alpha": 0.8593151313418748, "colsample_bytree": 0.7905120020522645, "lam": 0.011903321668185973, "max_depth": 4.033448309097556, "min_child_weight": 3.5777286979742455, "subsample": 0.8612955800246311}, "datetime": {"datetime": "2020-04-24 18:22:09", "elapsed": 2648.388917, "delta": 13.68924}}
{"target": 0.6386288, "params": {"alpha": 0.9855649249519725, "colsample_bytree": 0.8984586781771512, "lam": 0.37636083386936214, "max_depth": 6.309543266577638, "min_child_weight": 8.727732649088004, "subsample": 0.8219269171144352}, "datetime": {"datetime": "2020-04-24 18:22:21", "elapsed": 2660.612595, "delta": 12.223678}}
{"target": 0.619766, "params": {"alpha": 0.9463520753957885, "colsample_bytree": 0.8740759025942466, "lam": 0.9266227754715711, "max_depth": 5.7532123371171915, "min_child_weight": 8.708073975720557, "subsample": 0.5267981111613316}, "datetime": {"datetime": "2020-04-24 18:22:36", "elapsed": 2675.111112, "delta": 14.498517}}
{"target": 0.6275359999999999, "params": {"alpha": 0.9930422040156853, "colsample_bytree": 0.8882646945548853, "lam": 0.9637595211857045, "max_depth": 4.276371342100543, "min_child_weight": 8.90610300361876, "subsample": 0.8454406966000207}, "datetime": {"datetime": "2020-04-24 18:22:48", "elapsed": 2687.848811, "delta": 12.737699}}
