{"target": 0.5803474000000001, "params": {"alpha": 0.07675940444732055, "colsample_bytree": 0.5078442778858357, "lam": 0.9995580740457515, "max_depth": 3.6991436516190124, "min_child_weight": 9.825234266379825, "subsample": 0.7218272886199835}, "datetime": {"datetime": "2020-04-24 20:45:49", "elapsed": 2652.182844, "delta": 13.001517}}
{"target": 0.6247594000000001, "params": {"alpha": 0.0926796715296192, "colsample_bytree": 0.8941182394053754, "lam": 0.6026919758241859, "max_depth": 8.013914404442914, "min_child_weight": 4.30405583055116, "subsample": 0.8221688620056482}, "datetime": {"datetime": "2020-04-24 20:45:58", "elapsed": 2661.676825, "delta": 9.493981}}
{"target": 0.6192914, "params": {"alpha": 0.7909801213637403, "colsample_bytree": 0.8975876253820019, "lam": 0.08349474887681974, "max_depth": 6.29827192878082, "min_child_weight": 3.8805693097778207, "subsample": 0.5217222179180137}, "datetime": {"datetime": "2020-04-24 20:46:11", "elapsed": 2674.820568, "delta": 13.143743}}
{"target": 0.6074767999999999, "params": {"alpha": 1.0, "colsample_bytree": 0.8999999999908, "lam": 0.9999999999077491, "max_depth": 3.000000000062126, "min_child_weight": 6.979384259564284, "subsample": 0.899999999955956}, "datetime": {"datetime": "2020-04-24 20:46:23", "elapsed": 2686.049078, "delta": 11.22851}}
{"target": 0.6258969999999999, "params": {"alpha": 0.9191863832341493, "colsample_bytree": 0.8949116115369227, "lam": 0.9394057387956822, "max_depth": 7.7103979046914635, "min_child_weight": 3.1272134643328107, "subsample": 0.8965476772001744}, "datetime": {"datetime": "2020-04-24 20:46:34", "elapsed": 2697.289683, "delta": 11.240605}}
{"target": 0.628951, "params": {"alpha": 0.7736919816952046, "colsample_bytree": 0.8063727216368946, "lam": 0.9524025533867083, "max_depth": 7.009663833122194, "min_child_weight": 6.5231569293593905, "subsample": 0.6057058979558229}, "datetime": {"datetime": "2020-04-24 20:46:48", "elapsed": 2711.510562, "delta": 14.220879}}
{"target": 0.628965, "params": {"alpha": 0.9700648689941438, "colsample_bytree": 0.620753245193504, "lam": 0.45486731161307503, "max_depth": 5.826856199232009, "min_child_weight": 5.349181306041559, "subsample": 0.8353929947086223}, "datetime": {"datetime": "2020-04-24 20:47:00", "elapsed": 2723.199916, "delta": 11.689354}}
{"target": 0.6180268, "params": {"alpha": 0.4254435707858334, "colsample_bytree": 0.8872523306646107, "lam": 0.08669269226227982, "max_depth": 9.208244990978617, "min_child_weight": 3.3661166230129864, "subsample": 0.8981172354601734}, "datetime": {"datetime": "2020-04-24 20:47:17", "elapsed": 2740.970034, "delta": 17.770118}}
{"target": 0.6042886, "params": {"alpha": 1.0, "colsample_bytree": 0.9, "lam": 1.0, "max_depth": 9.49078751786295, "min_child_weight": 1.0000000018853783, "subsample": 0.5}, "datetime": {"datetime": "2020-04-24 20:47:31", "elapsed": 2754.175232, "delta": 13.205198}}
{"target": 0.622261, "params": {"alpha": 0.029622734129926442, "colsample_bytree": 0.7216576162147064, "lam": 0.9663077123905495, "max_depth": 5.63747522627688, "min_child_weight": 2.1029237631803626, "subsample": 0.8998983899965547}, "datetime": {"datetime": "2020-04-24 20:47:46", "elapsed": 2769.417103, "delta": 15.241871}}
{"target": 0.6128167999999999, "params": {"alpha": 0.9820681661518035, "colsample_bytree": 0.868152320965041, "lam": 0.6179855794421549, "max_depth": 4.2340049275385585, "min_child_weight": 9.236786807461252, "subsample": 0.5618169795496138}, "datetime": {"datetime": "2020-04-24 20:48:02", "elapsed": 2786.011834, "delta": 16.594731}}
{"target": 0.6229188, "params": {"alpha": 0.9839949833619006, "colsample_bytree": 0.8171339714467551, "lam": 0.012072743708166356, "max_depth": 4.125730895575776, "min_child_weight": 8.277559659081536, "subsample": 0.8579446233333619}, "datetime": {"datetime": "2020-04-24 20:48:16", "elapsed": 2799.465677, "delta": 13.453843}}
{"target": 0.6312764, "params": {"alpha": 0.531687189533464, "colsample_bytree": 0.7649033890205548, "lam": 0.4496644260733257, "max_depth": 4.906735526746806, "min_child_weight": 9.501173778561615, "subsample": 0.8913667607053508}, "datetime": {"datetime": "2020-04-24 20:48:31", "elapsed": 2814.697746, "delta": 15.232069}}
{"target": 0.617181, "params": {"alpha": 0.6751118022425128, "colsample_bytree": 0.8752977867127465, "lam": 0.020912792525331514, "max_depth": 4.830887779971208, "min_child_weight": 4.599058506935207, "subsample": 0.5159304511785087}, "datetime": {"datetime": "2020-04-24 20:48:44", "elapsed": 2827.463459, "delta": 12.765713}}
{"target": 0.6306155999999999, "params": {"alpha": 0.004068425259637132, "colsample_bytree": 0.770664384803458, "lam": 0.986504714637023, "max_depth": 5.33858562098737, "min_child_weight": 1.2761290689656748, "subsample": 0.8639465447371077}, "datetime": {"datetime": "2020-04-24 20:48:56", "elapsed": 2839.852787, "delta": 12.389328}}
{"target": 0.6211242, "params": {"alpha": 0.5476026677801975, "colsample_bytree": 0.8873910207671885, "lam": 0.27243565866596353, "max_depth": 4.402694070956867, "min_child_weight": 1.954281549695084, "subsample": 0.8819443814822414}, "datetime": {"datetime": "2020-04-24 20:49:11", "elapsed": 2854.641213, "delta": 14.788426}}
{"target": 0.6320430000000001, "params": {"alpha": 0.9946763266169482, "colsample_bytree": 0.8927968089260938, "lam": 0.9889751559372845, "max_depth": 8.19761573427888, "min_child_weight": 8.533668251664407, "subsample": 0.8148898055966713}, "datetime": {"datetime": "2020-04-24 20:49:25", "elapsed": 2868.068595, "delta": 13.427382}}
{"target": 0.6282424, "params": {"alpha": 4.4949737876591897e-10, "colsample_bytree": 0.8096358551930236, "lam": 2.949792491087503e-08, "max_depth": 4.836084776980457, "min_child_weight": 1.0000000103805424, "subsample": 0.5000000000851836}, "datetime": {"datetime": "2020-04-24 20:49:40", "elapsed": 2883.78402, "delta": 15.715425}}
{"target": 0.6326718, "params": {"alpha": 0.9771258378218821, "colsample_bytree": 0.7641544849890405, "lam": 0.879140440149548, "max_depth": 7.433025263794741, "min_child_weight": 7.594647091310037, "subsample": 0.8847148354857478}, "datetime": {"datetime": "2020-04-24 20:49:53", "elapsed": 2896.187195, "delta": 12.403175}}
{"target": 0.5675744, "params": {"alpha": 0.0, "colsample_bytree": 0.5000000588501067, "lam": 1.5071871003632728e-07, "max_depth": 5.454408813612954, "min_child_weight": 1.0, "subsample": 0.5000000022587752}, "datetime": {"datetime": "2020-04-24 20:50:05", "elapsed": 2908.216174, "delta": 12.028979}}
{"target": 0.5977878, "params": {"alpha": 0.9650392571541946, "colsample_bytree": 0.5289121264130008, "lam": 0.9762816277104365, "max_depth": 8.123691368765865, "min_child_weight": 1.0329630643130794, "subsample": 0.8309687411468076}, "datetime": {"datetime": "2020-04-24 20:50:24", "elapsed": 2927.059972, "delta": 18.843798}}
{"target": 0.5958880000000001, "params": {"alpha": 4.561585325992137e-08, "colsample_bytree": 0.8129097757679068, "lam": 4.92547182243266e-08, "max_depth": 3.0000001179150444, "min_child_weight": 7.119637130609429, "subsample": 0.9}, "datetime": {"datetime": "2020-04-24 20:50:41", "elapsed": 2944.093765, "delta": 17.033793}}
{"target": 0.6419556, "params": {"alpha": 0.006596995049020005, "colsample_bytree": 0.884436589092996, "lam": 0.075977000286513, "max_depth": 4.777843950781186, "min_child_weight": 8.63997331281, "subsample": 0.8411315124435879}, "datetime": {"datetime": "2020-04-24 20:50:59", "elapsed": 2962.260293, "delta": 18.166528}}
{"target": 0.6253964, "params": {"alpha": 0.6022288778799836, "colsample_bytree": 0.8293969107706045, "lam": 0.971446740913278, "max_depth": 4.6605217644013806, "min_child_weight": 9.958292470713273, "subsample": 0.5409672598136456}, "datetime": {"datetime": "2020-04-24 20:51:15", "elapsed": 2978.797917, "delta": 16.537624}}
{"target": 0.64016, "params": {"alpha": 0.10509705337465669, "colsample_bytree": 0.8717435005749381, "lam": 0.9695961679744138, "max_depth": 7.046989599770608, "min_child_weight": 8.72006922989448, "subsample": 0.8226146643646642}, "datetime": {"datetime": "2020-04-24 20:51:31", "elapsed": 2994.250376, "delta": 15.452459}}
{"target": 0.6275040000000001, "params": {"alpha": 0.08926613050651622, "colsample_bytree": 0.8635525728178242, "lam": 0.9847665645364339, "max_depth": 7.465506586036131, "min_child_weight": 8.27770432654794, "subsample": 0.5072362050058736}, "datetime": {"datetime": "2020-04-24 20:51:44", "elapsed": 3008.019558, "delta": 13.769182}}
{"target": 0.6243062, "params": {"alpha": 0.05421125530114812, "colsample_bytree": 0.8988780691700461, "lam": 0.01842809098388154, "max_depth": 5.554677614794771, "min_child_weight": 2.963644220589963, "subsample": 0.8745290206224006}, "datetime": {"datetime": "2020-04-24 20:52:01", "elapsed": 3024.302288, "delta": 16.28273}}
{"target": 0.6267684, "params": {"alpha": 0.8541230362252836, "colsample_bytree": 0.8997449912227989, "lam": 0.020255777793084184, "max_depth": 6.911327058994969, "min_child_weight": 9.856619344979423, "subsample": 0.5519440646355787}, "datetime": {"datetime": "2020-04-24 20:52:15", "elapsed": 3038.239346, "delta": 13.937058}}
{"target": 0.6292348000000001, "params": {"alpha": 0.09376168001859797, "colsample_bytree": 0.8973916526043209, "lam": 0.49076702304964726, "max_depth": 4.5796187693738055, "min_child_weight": 6.517825256635771, "subsample": 0.8859909960218632}, "datetime": {"datetime": "2020-04-24 20:52:30", "elapsed": 3053.782725, "delta": 15.543379}}
{"target": 0.6055702000000001, "params": {"alpha": 0.9999999999993942, "colsample_bytree": 0.9, "lam": 0.9999999999999655, "max_depth": 7.773603836539349, "min_child_weight": 1.0, "subsample": 0.8999999999991888}, "datetime": {"datetime": "2020-04-24 20:52:42", "elapsed": 3065.317872, "delta": 11.535147}}
{"target": 0.5982066, "params": {"alpha": 0.0, "colsample_bytree": 0.9, "lam": 0.99999999892845, "max_depth": 3.0, "min_child_weight": 4.953151321677559, "subsample": 0.5000000128137043}, "datetime": {"datetime": "2020-04-24 20:52:59", "elapsed": 3082.392528, "delta": 17.074656}}
{"target": 0.5977165999999999, "params": {"alpha": 0.9862038990874911, "colsample_bytree": 0.5640078497952412, "lam": 0.017490336787167715, "max_depth": 6.639858405999933, "min_child_weight": 9.158077119550315, "subsample": 0.5176313076116698}, "datetime": {"datetime": "2020-04-24 20:53:13", "elapsed": 3096.555152, "delta": 14.162624}}
{"target": 0.6247872, "params": {"alpha": 0.9128150390501967, "colsample_bytree": 0.6778487927698131, "lam": 0.9450274595700981, "max_depth": 4.32751830289197, "min_child_weight": 1.008747279627387, "subsample": 0.8934384307966878}, "datetime": {"datetime": "2020-04-24 20:53:25", "elapsed": 3108.886945, "delta": 12.331793}}
{"target": 0.6340399999999999, "params": {"alpha": 0.9548853722454728, "colsample_bytree": 0.7739599836181579, "lam": 0.9642073216086824, "max_depth": 5.6424503991898, "min_child_weight": 1.0035697593240753, "subsample": 0.8950715793654633}, "datetime": {"datetime": "2020-04-24 20:53:43", "elapsed": 3126.394063, "delta": 17.507118}}
{"target": 0.6403274, "params": {"alpha": 0.9305356886146647, "colsample_bytree": 0.7887180012325494, "lam": 0.4469588050137866, "max_depth": 7.884745471256514, "min_child_weight": 8.466173424745604, "subsample": 0.8999191316401747}, "datetime": {"datetime": "2020-04-24 20:53:55", "elapsed": 3138.590915, "delta": 12.196852}}
{"target": 0.6296756, "params": {"alpha": 0.4585003223735339, "colsample_bytree": 0.8024117568304194, "lam": 0.47019672139948665, "max_depth": 7.374175346291939, "min_child_weight": 8.270390104762509, "subsample": 0.8964770880032472}, "datetime": {"datetime": "2020-04-24 20:54:14", "elapsed": 3157.495161, "delta": 18.904246}}
{"target": 0.626129, "params": {"alpha": 0.7162118752297835, "colsample_bytree": 0.8559437938035039, "lam": 0.06117197793269802, "max_depth": 8.21563267282048, "min_child_weight": 5.867472175963231, "subsample": 0.530671069285094}, "datetime": {"datetime": "2020-04-24 20:54:32", "elapsed": 3175.266525, "delta": 17.771364}}
{"target": 0.6352627999999999, "params": {"alpha": 0.03964960186714195, "colsample_bytree": 0.8964591732370024, "lam": 0.1931985790113292, "max_depth": 9.023209135475927, "min_child_weight": 6.55434356341661, "subsample": 0.8868348453678231}, "datetime": {"datetime": "2020-04-24 20:54:46", "elapsed": 3189.168608, "delta": 13.902083}}
{"target": 0.5943764, "params": {"alpha": 0.4759983519238299, "colsample_bytree": 0.8529423244397092, "lam": 0.08475320945772369, "max_depth": 9.916477378077573, "min_child_weight": 3.277691977410264, "subsample": 0.6021576334662753}, "datetime": {"datetime": "2020-04-24 20:55:03", "elapsed": 3206.576897, "delta": 17.408289}}
{"target": 0.6305700000000001, "params": {"alpha": 0.9999997034689, "colsample_bytree": 0.9, "lam": 0.9999997679099626, "max_depth": 4.085338434396788, "min_child_weight": 6.400632474419426, "subsample": 0.8999998475162063}, "datetime": {"datetime": "2020-04-24 20:55:19", "elapsed": 3222.063468, "delta": 15.486571}}
{"target": 0.621317, "params": {"alpha": 0.2829908446664481, "colsample_bytree": 0.8271442937302906, "lam": 0.9650690671191497, "max_depth": 4.175488519460652, "min_child_weight": 9.878452368612916, "subsample": 0.822935395865248}, "datetime": {"datetime": "2020-04-24 20:55:35", "elapsed": 3238.6499, "delta": 16.586432}}
{"target": 0.6242066000000001, "params": {"alpha": 0.9855152123682901, "colsample_bytree": 0.8869508219960303, "lam": 0.8492912301343608, "max_depth": 6.14263989754415, "min_child_weight": 4.952231419225265, "subsample": 0.5094400571772645}, "datetime": {"datetime": "2020-04-24 20:55:53", "elapsed": 3256.439114, "delta": 17.789214}}
{"target": 0.578563, "params": {"alpha": 0.567077587340998, "colsample_bytree": 0.5547967065240932, "lam": 1.5333293736558521e-07, "max_depth": 3.3157318687680224, "min_child_weight": 8.037285196239242, "subsample": 0.8531249686095884}, "datetime": {"datetime": "2020-04-24 20:56:06", "elapsed": 3269.877809, "delta": 13.438695}}
{"target": 0.6184846, "params": {"alpha": 0.9845058983606255, "colsample_bytree": 0.886598079673843, "lam": 1.0, "max_depth": 6.853261769993868, "min_child_weight": 1.8856379762498934, "subsample": 0.9}, "datetime": {"datetime": "2020-04-24 20:56:25", "elapsed": 3288.900504, "delta": 19.022695}}
{"target": 0.6248582, "params": {"alpha": 0.9999999744511587, "colsample_bytree": 0.899999984973762, "lam": 1.0, "max_depth": 5.1330512600374165, "min_child_weight": 5.888361185772046, "subsample": 0.9}, "datetime": {"datetime": "2020-04-24 20:56:43", "elapsed": 3306.83982, "delta": 17.939316}}
{"target": 0.6351272, "params": {"alpha": 0.999999603427652, "colsample_bytree": 0.8999999982733646, "lam": 0.3402033358558146, "max_depth": 3.5458472363718605, "min_child_weight": 7.142602798746188, "subsample": 0.8999999982733646}, "datetime": {"datetime": "2020-04-24 20:56:57", "elapsed": 3320.151504, "delta": 13.311684}}
{"target": 0.6157448000000001, "params": {"alpha": 0.011875532689019752, "colsample_bytree": 0.8813098610965076, "lam": 0.9929453408910147, "max_depth": 9.753090205377406, "min_child_weight": 2.1505042670583716, "subsample": 0.6964714393822525}, "datetime": {"datetime": "2020-04-24 20:57:10", "elapsed": 3333.729428, "delta": 13.577924}}
{"target": 0.579821, "params": {"alpha": 0.9739050876684947, "colsample_bytree": 0.8902721756469354, "lam": 0.03192552962507911, "max_depth": 8.844168016487195, "min_child_weight": 2.288173214074697, "subsample": 0.8335046964112272}, "datetime": {"datetime": "2020-04-24 20:57:28", "elapsed": 3351.310393, "delta": 17.580965}}
{"target": 0.6402979999999999, "params": {"alpha": 0.07931412835189977, "colsample_bytree": 0.8642480352233404, "lam": 0.9424303486273999, "max_depth": 6.316277342295873, "min_child_weight": 8.769331948732455, "subsample": 0.8825095084821277}, "datetime": {"datetime": "2020-04-24 20:57:44", "elapsed": 3367.503287, "delta": 16.192894}}
{"target": 0.6223516, "params": {"alpha": 0.9952604475634967, "colsample_bytree": 0.8918885477506144, "lam": 0.9714479590269616, "max_depth": 9.28488479375699, "min_child_weight": 9.254181487731659, "subsample": 0.5286086145069212}, "datetime": {"datetime": "2020-04-24 20:58:03", "elapsed": 3386.479298, "delta": 18.976011}}
{"target": 0.5996265999999999, "params": {"alpha": 0.013534700418095458, "colsample_bytree": 0.8896164559610611, "lam": 0.05989496069518252, "max_depth": 3.0587746842291272, "min_child_weight": 9.953731617610435, "subsample": 0.8601443529633176}, "datetime": {"datetime": "2020-04-24 20:58:17", "elapsed": 3400.957837, "delta": 14.478539}}
{"target": 0.6213444, "params": {"alpha": 0.052475100463083124, "colsample_bytree": 0.8609534588977483, "lam": 0.03345664100519252, "max_depth": 9.212120772363724, "min_child_weight": 6.8544166473095505, "subsample": 0.5190801600398346}, "datetime": {"datetime": "2020-04-24 20:58:35", "elapsed": 3418.642836, "delta": 17.684999}}
{"target": 0.6245088, "params": {"alpha": 0.9577767221775758, "colsample_bytree": 0.857410769511149, "lam": 0.06102564390281606, "max_depth": 9.96839444102588, "min_child_weight": 8.410600769840277, "subsample": 0.5067028487512354}, "datetime": {"datetime": "2020-04-24 20:58:51", "elapsed": 3434.813825, "delta": 16.170989}}
{"target": 0.6196046, "params": {"alpha": 0.9689419885010351, "colsample_bytree": 0.8997389381515151, "lam": 0.04301980958749074, "max_depth": 3.8358313152644614, "min_child_weight": 7.257077766118416, "subsample": 0.533146212711398}, "datetime": {"datetime": "2020-04-24 20:59:09", "elapsed": 3452.613225, "delta": 17.7994}}
{"target": 0.5934844, "params": {"alpha": 0.9999997113455305, "colsample_bytree": 0.8999997587761525, "lam": 0.04093879162288551, "max_depth": 3.379963765886277, "min_child_weight": 10.0, "subsample": 0.5}, "datetime": {"datetime": "2020-04-24 20:59:24", "elapsed": 3467.302138, "delta": 14.688913}}
{"target": 0.6393334, "params": {"alpha": 0.042660202813712744, "colsample_bytree": 0.8836137228378259, "lam": 0.9593579452013935, "max_depth": 4.594852766021602, "min_child_weight": 5.208338132692504, "subsample": 0.8894601494406773}, "datetime": {"datetime": "2020-04-24 20:59:40", "elapsed": 3483.962172, "delta": 16.660034}}
{"target": 0.6284319999999999, "params": {"alpha": 0.024340516093013687, "colsample_bytree": 0.880436760847205, "lam": 0.5723812244526006, "max_depth": 5.328614803823196, "min_child_weight": 9.990568925383005, "subsample": 0.6454656665836056}, "datetime": {"datetime": "2020-04-24 21:00:02", "elapsed": 3505.793627, "delta": 21.831455}}
{"target": 0.6186132, "params": {"alpha": 0.943462840031721, "colsample_bytree": 0.8861604523888198, "lam": 0.3635240802657731, "max_depth": 9.046637892369198, "min_child_weight": 3.6510417317932014, "subsample": 0.7852956374509628}, "datetime": {"datetime": "2020-04-24 21:00:20", "elapsed": 3523.886464, "delta": 18.092837}}
{"target": 0.6285282, "params": {"alpha": 0.020265608529853374, "colsample_bytree": 0.8427524181646229, "lam": 0.07557961002616675, "max_depth": 6.846081587539516, "min_child_weight": 5.164224643759071, "subsample": 0.8984826462885189}, "datetime": {"datetime": "2020-04-24 21:00:36", "elapsed": 3539.742865, "delta": 15.856401}}
{"target": 0.6357368, "params": {"alpha": 0.8888384130555584, "colsample_bytree": 0.8884549498903573, "lam": 0.017155273619546052, "max_depth": 4.852726665166553, "min_child_weight": 2.9319861456537426, "subsample": 0.8885054920356441}, "datetime": {"datetime": "2020-04-24 21:00:52", "elapsed": 3555.079779, "delta": 15.336914}}
{"target": 0.6419512, "params": {"alpha": 0.8551745473105179, "colsample_bytree": 0.898587409182835, "lam": 0.7016094813558804, "max_depth": 8.971274951389006, "min_child_weight": 8.50852611439343, "subsample": 0.8964377994143229}, "datetime": {"datetime": "2020-04-24 21:01:06", "elapsed": 3569.065735, "delta": 13.985956}}
{"target": 0.64175, "params": {"alpha": 0.8973110018805861, "colsample_bytree": 0.8718495693302479, "lam": 0.014098690182528073, "max_depth": 6.80712183875246, "min_child_weight": 8.742191801320867, "subsample": 0.8998040110725308}, "datetime": {"datetime": "2020-04-24 21:01:21", "elapsed": 3584.842912, "delta": 15.777177}}
{"target": 0.6234542000000001, "params": {"alpha": 0.009756741127799562, "colsample_bytree": 0.8690999650931257, "lam": 0.028089708629840504, "max_depth": 6.349507212753283, "min_child_weight": 9.813681966092954, "subsample": 0.5442393625219876}, "datetime": {"datetime": "2020-04-24 21:01:37", "elapsed": 3600.956381, "delta": 16.113469}}
{"target": 0.628243, "params": {"alpha": 1.0, "colsample_bytree": 0.8999999752131925, "lam": 0.9999999989507186, "max_depth": 10.0, "min_child_weight": 5.897838765066291, "subsample": 0.9}, "datetime": {"datetime": "2020-04-24 21:01:54", "elapsed": 3617.732866, "delta": 16.776485}}
{"target": 0.6342412, "params": {"alpha": 0.05741807928270293, "colsample_bytree": 0.8770429358050017, "lam": 0.9933638899248259, "max_depth": 4.804016645629633, "min_child_weight": 3.9688331353053923, "subsample": 0.5011454791062908}, "datetime": {"datetime": "2020-04-24 21:02:10", "elapsed": 3633.796196, "delta": 16.06333}}
{"target": 0.6400952000000001, "params": {"alpha": 0.09956502930445854, "colsample_bytree": 0.8333699528289207, "lam": 0.912749997410879, "max_depth": 7.288094737073845, "min_child_weight": 9.946372318555383, "subsample": 0.592023275787187}, "datetime": {"datetime": "2020-04-24 21:02:25", "elapsed": 3648.302337, "delta": 14.506141}}
{"target": 0.629819, "params": {"alpha": 0.5376850181740734, "colsample_bytree": 0.8989996922202701, "lam": 0.7876400663001217, "max_depth": 9.961557128705595, "min_child_weight": 9.528006619419642, "subsample": 0.8400283235522612}, "datetime": {"datetime": "2020-04-24 21:02:41", "elapsed": 3664.126642, "delta": 15.824305}}
