{"target": 0.6507022, "params": {"alpha": 0.3920323266577628, "lam": 0.9048515773200195, "max_depth": 9.0, "min_child_weight": 9.0}, "datetime": {"datetime": "2020-04-24 20:31:51", "elapsed": 962.636367, "delta": 3.229312}}
{"target": 0.6499834, "params": {"alpha": 0.38047300818768603, "lam": 0.9118808601328566, "max_depth": 9.0, "min_child_weight": 9.0}, "datetime": {"datetime": "2020-04-24 20:31:55", "elapsed": 966.177937, "delta": 3.54157}}
{"target": 0.6482105999999999, "params": {"alpha": 0.38211390927596167, "lam": 0.9015724000738312, "max_depth": 9.0, "min_child_weight": 9.0}, "datetime": {"datetime": "2020-04-24 20:31:59", "elapsed": 969.919584, "delta": 3.741647}}
{"target": 0.6512140000000001, "params": {"alpha": 0.38109160726843483, "lam": 0.9078526602254995, "max_depth": 9.0, "min_child_weight": 9.0}, "datetime": {"datetime": "2020-04-24 20:32:02", "elapsed": 973.360913, "delta": 3.441329}}
{"target": 0.6505476, "params": {"alpha": 0.3889256474377316, "lam": 0.9049550044492116, "max_depth": 9.0, "min_child_weight": 9.0}, "datetime": {"datetime": "2020-04-24 20:32:05", "elapsed": 976.695885, "delta": 3.334972}}
{"target": 0.6510546, "params": {"alpha": 0.38860134387257317, "lam": 0.9125685009228284, "max_depth": 9.0, "min_child_weight": 9.0}, "datetime": {"datetime": "2020-04-24 20:32:09", "elapsed": 980.10991, "delta": 3.414025}}
{"target": 0.6503962000000001, "params": {"alpha": 0.385578698967879, "lam": 0.9099772298789047, "max_depth": 9.0, "min_child_weight": 9.0}, "datetime": {"datetime": "2020-04-24 20:32:13", "elapsed": 983.850193, "delta": 3.740283}}
{"target": 0.6503968, "params": {"alpha": 0.3946445662630965, "lam": 0.9101829989689006, "max_depth": 9.0, "min_child_weight": 9.0}, "datetime": {"datetime": "2020-04-24 20:32:16", "elapsed": 987.645174, "delta": 3.794981}}
{"target": 0.6503974, "params": {"alpha": 0.38335271254474923, "lam": 0.910438178536376, "max_depth": 9.0, "min_child_weight": 9.0}, "datetime": {"datetime": "2020-04-24 20:32:20", "elapsed": 991.126366, "delta": 3.481192}}
{"target": 0.6510964, "params": {"alpha": 0.3941709931142089, "lam": 0.9152468800530634, "max_depth": 9.0, "min_child_weight": 9.0}, "datetime": {"datetime": "2020-04-24 20:32:23", "elapsed": 994.427408, "delta": 3.301042}}
{"target": 0.6505494, "params": {"alpha": 0.386507821420241, "lam": 0.9056196079107715, "max_depth": 9.0, "min_child_weight": 9.0}, "datetime": {"datetime": "2020-04-24 20:32:26", "elapsed": 997.501768, "delta": 3.07436}}
{"target": 0.6510556000000001, "params": {"alpha": 0.39132848064896864, "lam": 0.9129567511903526, "max_depth": 9.0, "min_child_weight": 9.0}, "datetime": {"datetime": "2020-04-24 20:32:30", "elapsed": 1001.476249, "delta": 3.974481}}
{"target": 0.6504598, "params": {"alpha": 0.39082007953632236, "lam": 0.903765583733503, "max_depth": 9.0, "min_child_weight": 9.0}, "datetime": {"datetime": "2020-04-24 20:32:34", "elapsed": 1004.970066, "delta": 3.493817}}
{"target": 0.6503948, "params": {"alpha": 0.3793876398238266, "lam": 0.9123870017031009, "max_depth": 9.0, "min_child_weight": 9.0}, "datetime": {"datetime": "2020-04-24 20:32:37", "elapsed": 1008.355911, "delta": 3.385845}}
{"target": 0.6510552000000001, "params": {"alpha": 0.39080849466138834, "lam": 0.9128333007277262, "max_depth": 9.0, "min_child_weight": 9.0}, "datetime": {"datetime": "2020-04-24 20:32:41", "elapsed": 1012.28101, "delta": 3.925099}}
{"target": 0.6508898, "params": {"alpha": 0.379261576624887, "lam": 0.909335563356575, "max_depth": 9.0, "min_child_weight": 9.0}, "datetime": {"datetime": "2020-04-24 20:32:45", "elapsed": 1015.947993, "delta": 3.666983}}
{"target": 0.6503943999999999, "params": {"alpha": 0.3937463048264307, "lam": 0.909568927638787, "max_depth": 9.0, "min_child_weight": 9.0}, "datetime": {"datetime": "2020-04-24 20:32:48", "elapsed": 1019.682853, "delta": 3.73486}}
{"target": 0.651098, "params": {"alpha": 0.38599037839479156, "lam": 0.9160375274649185, "max_depth": 9.0, "min_child_weight": 9.0}, "datetime": {"datetime": "2020-04-24 20:32:52", "elapsed": 1023.675391, "delta": 3.992538}}
{"target": 0.6505456000000001, "params": {"alpha": 0.37825014493967546, "lam": 0.9041974166164942, "max_depth": 9.0, "min_child_weight": 9.0}, "datetime": {"datetime": "2020-04-24 20:32:56", "elapsed": 1027.264209, "delta": 3.588818}}
{"target": 0.647675, "params": {"alpha": 0.38607406285165147, "lam": 0.9001849445799971, "max_depth": 9.0, "min_child_weight": 9.0}, "datetime": {"datetime": "2020-04-24 20:33:00", "elapsed": 1030.948387, "delta": 3.684178}}
{"target": 0.6510542, "params": {"alpha": 0.3826058004550942, "lam": 0.9124583523689426, "max_depth": 9.0, "min_child_weight": 9.0}, "datetime": {"datetime": "2020-04-24 20:33:04", "elapsed": 1034.971886, "delta": 4.023499}}
{"target": 0.6510885999999999, "params": {"alpha": 0.38890563271775036, "lam": 0.9116698165659575, "max_depth": 9.0, "min_child_weight": 9.0}, "datetime": {"datetime": "2020-04-24 20:33:07", "elapsed": 1038.736868, "delta": 3.764982}}
{"target": 0.650804, "params": {"alpha": 0.3860480536388614, "lam": 0.9143332472145363, "max_depth": 9.0, "min_child_weight": 9.0}, "datetime": {"datetime": "2020-04-24 20:33:11", "elapsed": 1042.734516, "delta": 3.997648}}
{"target": 0.6499832, "params": {"alpha": 0.3897864661862066, "lam": 0.9118440647072915, "max_depth": 9.0, "min_child_weight": 9.0}, "datetime": {"datetime": "2020-04-24 20:33:15", "elapsed": 1046.204929, "delta": 3.470413}}
{"target": 0.6510964, "params": {"alpha": 0.3912609769742732, "lam": 0.9151957350756372, "max_depth": 9.0, "min_child_weight": 9.0}, "datetime": {"datetime": "2020-04-24 20:33:19", "elapsed": 1050.233612, "delta": 4.028683}}
{"target": 0.6503978, "params": {"alpha": 0.3750422712633823, "lam": 0.9105868572209996, "max_depth": 9.0, "min_child_weight": 9.0}, "datetime": {"datetime": "2020-04-24 20:33:23", "elapsed": 1053.812916, "delta": 3.579304}}
{"target": 0.6503968, "params": {"alpha": 0.39086573038447814, "lam": 0.9101675230882964, "max_depth": 9.0, "min_child_weight": 9.0}, "datetime": {"datetime": "2020-04-24 20:33:27", "elapsed": 1057.82868, "delta": 4.015764}}
{"target": 0.6508894, "params": {"alpha": 0.39114479264876756, "lam": 0.9091666985913914, "max_depth": 9.0, "min_child_weight": 9.0}, "datetime": {"datetime": "2020-04-24 20:33:31", "elapsed": 1061.896035, "delta": 4.067355}}
{"target": 0.6503994, "params": {"alpha": 0.37640748878127595, "lam": 0.9111547547460426, "max_depth": 9.0, "min_child_weight": 9.0}, "datetime": {"datetime": "2020-04-24 20:33:34", "elapsed": 1065.166068, "delta": 3.270033}}
{"target": 0.6503942, "params": {"alpha": 0.3918854249743867, "lam": 0.9122394098588293, "max_depth": 9.0, "min_child_weight": 9.0}, "datetime": {"datetime": "2020-04-24 20:33:38", "elapsed": 1069.245058, "delta": 4.07899}}
{"target": 0.650396, "params": {"alpha": 0.3913995873705023, "lam": 0.9099153771892915, "max_depth": 9.0, "min_child_weight": 9.0}, "datetime": {"datetime": "2020-04-24 20:33:42", "elapsed": 1073.046567, "delta": 3.801509}}
{"target": 0.6510568, "params": {"alpha": 0.38695478101626535, "lam": 0.9134610760471764, "max_depth": 9.0, "min_child_weight": 9.0}, "datetime": {"datetime": "2020-04-24 20:33:46", "elapsed": 1076.807055, "delta": 3.760488}}
{"target": 0.6477218, "params": {"alpha": 0.3873154613281543, "lam": 0.9005260933468537, "max_depth": 9.0, "min_child_weight": 9.0}, "datetime": {"datetime": "2020-04-24 20:33:50", "elapsed": 1080.832058, "delta": 4.025003}}
{"target": 0.6505498000000001, "params": {"alpha": 0.3825223264600115, "lam": 0.90578712946228, "max_depth": 9.0, "min_child_weight": 9.0}, "datetime": {"datetime": "2020-04-24 20:33:53", "elapsed": 1084.733366, "delta": 3.901308}}
{"target": 0.6504603999999999, "params": {"alpha": 0.38106060278642306, "lam": 0.9040273143816011, "max_depth": 9.0, "min_child_weight": 9.0}, "datetime": {"datetime": "2020-04-24 20:33:58", "elapsed": 1088.802016, "delta": 4.06865}}
{"target": 0.6503317999999999, "params": {"alpha": 0.396929016054673, "lam": 0.9157580469864539, "max_depth": 9.0, "min_child_weight": 9.0}, "datetime": {"datetime": "2020-04-24 20:34:01", "elapsed": 1092.061514, "delta": 3.259498}}
{"target": 0.6497409999999999, "params": {"alpha": 0.3979068166066748, "lam": 0.9086035299997169, "max_depth": 9.0, "min_child_weight": 9.0}, "datetime": {"datetime": "2020-04-24 20:34:05", "elapsed": 1096.487417, "delta": 4.425903}}
{"target": 0.6503962000000001, "params": {"alpha": 0.3844035003482683, "lam": 0.9100284545997959, "max_depth": 9.0, "min_child_weight": 9.0}, "datetime": {"datetime": "2020-04-24 20:34:10", "elapsed": 1101.088972, "delta": 4.601555}}
{"target": 0.6505468000000001, "params": {"alpha": 0.3916800867487493, "lam": 0.9046053088064286, "max_depth": 9.0, "min_child_weight": 9.0}, "datetime": {"datetime": "2020-04-24 20:34:14", "elapsed": 1105.446234, "delta": 4.357262}}
{"target": 0.6503347999999999, "params": {"alpha": 0.3845507773786643, "lam": 0.91709400892007, "max_depth": 9.0, "min_child_weight": 9.0}, "datetime": {"datetime": "2020-04-24 20:34:18", "elapsed": 1109.22579, "delta": 3.779556}}
{"target": 0.6503954000000001, "params": {"alpha": 0.38871650576344174, "lam": 0.9097269873722433, "max_depth": 9.0, "min_child_weight": 9.0}, "datetime": {"datetime": "2020-04-24 20:34:22", "elapsed": 1113.557218, "delta": 4.331428}}
{"target": 0.6504112, "params": {"alpha": 0.3908431157275222, "lam": 0.91897591372177, "max_depth": 9.0, "min_child_weight": 9.0}, "datetime": {"datetime": "2020-04-24 20:34:27", "elapsed": 1117.813606, "delta": 4.256388}}
{"target": 0.6510884, "params": {"alpha": 0.3831255764392062, "lam": 0.9115990416158658, "max_depth": 9.0, "min_child_weight": 9.0}, "datetime": {"datetime": "2020-04-24 20:34:31", "elapsed": 1122.406318, "delta": 4.592712}}
{"target": 0.6505485999999999, "params": {"alpha": 0.37485646762207137, "lam": 0.90654124518834, "max_depth": 9.0, "min_child_weight": 9.0}, "datetime": {"datetime": "2020-04-24 20:34:35", "elapsed": 1126.378362, "delta": 3.972044}}
{"target": 0.6503338, "params": {"alpha": 0.3891519224306501, "lam": 0.9166189197393151, "max_depth": 9.0, "min_child_weight": 9.0}, "datetime": {"datetime": "2020-04-24 20:34:39", "elapsed": 1130.562838, "delta": 4.184476}}
{"target": 0.651089, "params": {"alpha": 0.38072982334342376, "lam": 0.911799262316693, "max_depth": 9.0, "min_child_weight": 9.0}, "datetime": {"datetime": "2020-04-24 20:34:44", "elapsed": 1134.808364, "delta": 4.245526}}
{"target": 0.650549, "params": {"alpha": 0.3826047016562807, "lam": 0.9067512318395896, "max_depth": 9.0, "min_child_weight": 9.0}, "datetime": {"datetime": "2020-04-24 20:34:48", "elapsed": 1139.571207, "delta": 4.762843}}
{"target": 0.6503362, "params": {"alpha": 0.38784596233473667, "lam": 0.9176871350134499, "max_depth": 9.0, "min_child_weight": 9.0}, "datetime": {"datetime": "2020-04-24 20:34:53", "elapsed": 1143.787209, "delta": 4.216002}}
{"target": 0.6510954, "params": {"alpha": 0.3794803420155637, "lam": 0.9148792920313105, "max_depth": 9.0, "min_child_weight": 9.0}, "datetime": {"datetime": "2020-04-24 20:34:57", "elapsed": 1148.507657, "delta": 4.720448}}
{"target": 0.6323934, "params": {"alpha": 0.6268043676149592, "lam": 0.4463682557817813, "max_depth": 9.0, "min_child_weight": 9.0}, "datetime": {"datetime": "2020-04-24 20:35:02", "elapsed": 1153.049824, "delta": 4.542167}}
{"target": 0.650398, "params": {"alpha": 0.373596542185074, "lam": 0.9106800024639891, "max_depth": 9.0, "min_child_weight": 9.0}, "datetime": {"datetime": "2020-04-24 20:35:07", "elapsed": 1157.817132, "delta": 4.767308}}
{"target": 0.6510566000000001, "params": {"alpha": 0.3876150605281984, "lam": 0.9133946964555663, "max_depth": 9.0, "min_child_weight": 9.0}, "datetime": {"datetime": "2020-04-24 20:35:11", "elapsed": 1161.832427, "delta": 4.015295}}
{"target": 0.6505464, "params": {"alpha": 0.38858478675757324, "lam": 0.904415524194906, "max_depth": 9.0, "min_child_weight": 9.0}, "datetime": {"datetime": "2020-04-24 20:35:15", "elapsed": 1166.12434, "delta": 4.291913}}
{"target": 0.6510964, "params": {"alpha": 0.38321585878815834, "lam": 0.9152909177627696, "max_depth": 9.0, "min_child_weight": 9.0}, "datetime": {"datetime": "2020-04-24 20:35:19", "elapsed": 1170.276948, "delta": 4.152608}}
{"target": 0.6508898000000001, "params": {"alpha": 0.3922233191351504, "lam": 0.9093558614029804, "max_depth": 9.0, "min_child_weight": 9.0}, "datetime": {"datetime": "2020-04-24 20:35:24", "elapsed": 1174.872436, "delta": 4.595488}}
{"target": 0.6510546, "params": {"alpha": 0.38995243375464705, "lam": 0.9125445171609956, "max_depth": 9.0, "min_child_weight": 9.0}, "datetime": {"datetime": "2020-04-24 20:35:28", "elapsed": 1179.520909, "delta": 4.648473}}
{"target": 0.6505474, "params": {"alpha": 0.38808931551911774, "lam": 0.9048972953199147, "max_depth": 9.0, "min_child_weight": 9.0}, "datetime": {"datetime": "2020-04-24 20:35:33", "elapsed": 1183.814684, "delta": 4.293775}}
{"target": 0.6461699999999999, "params": {"alpha": 0.07917945237636403, "lam": 0.9999395421590496, "max_depth": 9.0, "min_child_weight": 9.0}, "datetime": {"datetime": "2020-04-24 20:35:37", "elapsed": 1188.149876, "delta": 4.335192}}
{"target": 0.650398, "params": {"alpha": 0.3966490886171631, "lam": 0.9105874529219847, "max_depth": 9.0, "min_child_weight": 9.0}, "datetime": {"datetime": "2020-04-24 20:35:41", "elapsed": 1192.415845, "delta": 4.265969}}
{"target": 0.6510954, "params": {"alpha": 0.3910962200964321, "lam": 0.9149441989207759, "max_depth": 9.0, "min_child_weight": 9.0}, "datetime": {"datetime": "2020-04-24 20:35:45", "elapsed": 1196.456797, "delta": 4.040952}}
{"target": 0.6503968, "params": {"alpha": 0.3914687380127655, "lam": 0.9101826677993697, "max_depth": 9.0, "min_child_weight": 9.0}, "datetime": {"datetime": "2020-04-24 20:35:49", "elapsed": 1200.500541, "delta": 4.043744}}
{"target": 0.6504117999999999, "params": {"alpha": 0.38313282534990045, "lam": 0.9191981677061587, "max_depth": 9.0, "min_child_weight": 9.0}, "datetime": {"datetime": "2020-04-24 20:35:54", "elapsed": 1205.673705, "delta": 5.173164}}
{"target": 0.6508887999999999, "params": {"alpha": 0.37770517884167254, "lam": 0.9090719146634778, "max_depth": 9.0, "min_child_weight": 9.0}, "datetime": {"datetime": "2020-04-24 20:35:59", "elapsed": 1210.706117, "delta": 5.032412}}
{"target": 0.651096, "params": {"alpha": 0.3877421688681988, "lam": 0.9151766732281107, "max_depth": 9.0, "min_child_weight": 9.0}, "datetime": {"datetime": "2020-04-24 20:36:04", "elapsed": 1215.344604, "delta": 4.638487}}
{"target": 0.6503942, "params": {"alpha": 0.3942426420536014, "lam": 0.909527804940918, "max_depth": 9.0, "min_child_weight": 9.0}, "datetime": {"datetime": "2020-04-24 20:36:09", "elapsed": 1220.262406, "delta": 4.917802}}
{"target": 0.6503347999999999, "params": {"alpha": 0.3792542652572901, "lam": 0.917098068937961, "max_depth": 9.0, "min_child_weight": 9.0}, "datetime": {"datetime": "2020-04-24 20:36:13", "elapsed": 1224.710657, "delta": 4.448251}}
{"target": 0.6503363999999999, "params": {"alpha": 0.3796511660874222, "lam": 0.9177297397353228, "max_depth": 9.0, "min_child_weight": 9.0}, "datetime": {"datetime": "2020-04-24 20:36:18", "elapsed": 1229.143489, "delta": 4.432832}}
{"target": 0.6504128, "params": {"alpha": 0.39223931381316157, "lam": 0.9195185642227754, "max_depth": 9.0, "min_child_weight": 9.0}, "datetime": {"datetime": "2020-04-24 20:36:23", "elapsed": 1234.004073, "delta": 4.860584}}
{"target": 0.6503942, "params": {"alpha": 0.38475191980136836, "lam": 0.9094971185122549, "max_depth": 9.0, "min_child_weight": 9.0}, "datetime": {"datetime": "2020-04-24 20:36:27", "elapsed": 1238.563468, "delta": 4.559395}}
{"target": 0.6505496000000001, "params": {"alpha": 0.3837276019517333, "lam": 0.9056604806339812, "max_depth": 9.0, "min_child_weight": 9.0}, "datetime": {"datetime": "2020-04-24 20:36:33", "elapsed": 1244.491793, "delta": 5.928325}}
{"target": 0.6507028, "params": {"alpha": 0.3947496555247545, "lam": 0.9049839335816955, "max_depth": 9.0, "min_child_weight": 9.0}, "datetime": {"datetime": "2020-04-24 20:36:38", "elapsed": 1248.931008, "delta": 4.439215}}
{"target": 0.6500098000000001, "params": {"alpha": 0.38587775835519744, "lam": 0.9225132083151596, "max_depth": 9.0, "min_child_weight": 9.0}, "datetime": {"datetime": "2020-04-24 20:36:43", "elapsed": 1253.799226, "delta": 4.868218}}
{"target": 0.6505456000000001, "params": {"alpha": 0.38700760587023586, "lam": 0.9041553023597018, "max_depth": 9.0, "min_child_weight": 9.0}, "datetime": {"datetime": "2020-04-24 20:36:47", "elapsed": 1258.683513, "delta": 4.884287}}
{"target": 0.650411, "params": {"alpha": 0.38830703487720164, "lam": 0.9187662232827376, "max_depth": 9.0, "min_child_weight": 9.0}, "datetime": {"datetime": "2020-04-24 20:36:52", "elapsed": 1263.292369, "delta": 4.608856}}
{"target": 0.6297848, "params": {"alpha": 0.3806596541706486, "colsample_bytree": 0.7438200970487978, "lam": 0.899029769248243, "max_depth": 9.0, "min_child_weight": 9.0, "subsample": 0.759981505173868}, "datetime": {"datetime": "2020-04-24 20:36:53", "elapsed": 1264.399999, "delta": 1.10763}}
{"target": 0.6077364000000001, "params": {"alpha": 0.3806596541706486, "colsample_bytree": 0.5237104764599563, "lam": 0.899029769248243, "max_depth": 9.0, "min_child_weight": 9.0, "subsample": 0.8043843849333545}, "datetime": {"datetime": "2020-04-24 20:36:54", "elapsed": 1265.509814, "delta": 1.109815}}
{"target": 0.6373084, "params": {"alpha": 0.3806596541706486, "colsample_bytree": 0.8865657467467962, "lam": 0.899029769248243, "max_depth": 9.0, "min_child_weight": 9.0, "subsample": 0.88626814632248}, "datetime": {"datetime": "2020-04-24 20:36:55", "elapsed": 1266.623695, "delta": 1.113881}}
{"target": 0.641028, "params": {"alpha": 0.3806596541706486, "colsample_bytree": 0.7485348602854092, "lam": 0.899029769248243, "max_depth": 9.0, "min_child_weight": 9.0, "subsample": 0.6325310219099439}, "datetime": {"datetime": "2020-04-24 20:36:56", "elapsed": 1267.701992, "delta": 1.078297}}
{"target": 0.5913200000000001, "params": {"alpha": 0.3806596541706486, "colsample_bytree": 0.5070492195824874, "lam": 0.899029769248243, "max_depth": 9.0, "min_child_weight": 9.0, "subsample": 0.8682693381295632}, "datetime": {"datetime": "2020-04-24 20:36:58", "elapsed": 1268.823918, "delta": 1.121926}}
{"target": 0.6137232000000001, "params": {"alpha": 0.3806596541706486, "colsample_bytree": 0.5300522945007369, "lam": 0.899029769248243, "max_depth": 9.0, "min_child_weight": 9.0, "subsample": 0.8864210611970531}, "datetime": {"datetime": "2020-04-24 20:36:59", "elapsed": 1269.960324, "delta": 1.136406}}
{"target": 0.598474, "params": {"alpha": 0.3806596541706486, "colsample_bytree": 0.560188045534556, "lam": 0.899029769248243, "max_depth": 9.0, "min_child_weight": 9.0, "subsample": 0.5205750776769513}, "datetime": {"datetime": "2020-04-24 20:37:00", "elapsed": 1271.010849, "delta": 1.050525}}
{"target": 0.5816728, "params": {"alpha": 0.3806596541706486, "colsample_bytree": 0.5052687643273617, "lam": 0.899029769248243, "max_depth": 9.0, "min_child_weight": 9.0, "subsample": 0.5064081220827624}, "datetime": {"datetime": "2020-04-24 20:37:01", "elapsed": 1272.071983, "delta": 1.061134}}
{"target": 0.6438526, "params": {"alpha": 0.3806596541706486, "colsample_bytree": 0.8631806921022253, "lam": 0.899029769248243, "max_depth": 9.0, "min_child_weight": 9.0, "subsample": 0.5932542311193492}, "datetime": {"datetime": "2020-04-24 20:37:02", "elapsed": 1273.11266, "delta": 1.040677}}
{"target": 0.6239956, "params": {"alpha": 0.3806596541706486, "colsample_bytree": 0.854035810872941, "lam": 0.899029769248243, "max_depth": 9.0, "min_child_weight": 9.0, "subsample": 0.7499563475905363}, "datetime": {"datetime": "2020-04-24 20:37:03", "elapsed": 1274.211214, "delta": 1.098554}}
{"target": 0.6338402000000001, "params": {"alpha": 0.3806596541706486, "colsample_bytree": 0.9, "lam": 0.899029769248243, "max_depth": 9.0, "min_child_weight": 9.0, "subsample": 0.5}, "datetime": {"datetime": "2020-04-24 20:37:04", "elapsed": 1275.604206, "delta": 1.392992}}
{"target": 0.632833, "params": {"alpha": 0.3806596541706486, "colsample_bytree": 0.704670570548012, "lam": 0.899029769248243, "max_depth": 9.0, "min_child_weight": 9.0, "subsample": 0.9}, "datetime": {"datetime": "2020-04-24 20:37:06", "elapsed": 1277.174924, "delta": 1.570718}}
{"target": 0.6384184, "params": {"alpha": 0.3806596541706486, "colsample_bytree": 0.7708978866449253, "lam": 0.899029769248243, "max_depth": 9.0, "min_child_weight": 9.0, "subsample": 0.5}, "datetime": {"datetime": "2020-04-24 20:37:07", "elapsed": 1278.521259, "delta": 1.346335}}
{"target": 0.632584, "params": {"alpha": 0.3806596541706486, "colsample_bytree": 0.6294219937430079, "lam": 0.899029769248243, "max_depth": 9.0, "min_child_weight": 9.0, "subsample": 0.7192660212312092}, "datetime": {"datetime": "2020-04-24 20:37:09", "elapsed": 1280.019249, "delta": 1.49799}}
{"target": 0.622285, "params": {"alpha": 0.3806596541706486, "colsample_bytree": 0.6230045938302696, "lam": 0.899029769248243, "max_depth": 9.0, "min_child_weight": 9.0, "subsample": 0.8477454957295494}, "datetime": {"datetime": "2020-04-24 20:37:10", "elapsed": 1281.676855, "delta": 1.657606}}
{"target": 0.5948194, "params": {"alpha": 0.3806596541706486, "colsample_bytree": 0.5058084912680887, "lam": 0.899029769248243, "max_depth": 9.0, "min_child_weight": 9.0, "subsample": 0.6467310654427739}, "datetime": {"datetime": "2020-04-24 20:37:12", "elapsed": 1283.228718, "delta": 1.551863}}
{"target": 0.6460218, "params": {"alpha": 0.3806596541706486, "colsample_bytree": 0.8252804656241327, "lam": 0.899029769248243, "max_depth": 9.0, "min_child_weight": 9.0, "subsample": 0.8990775997964547}, "datetime": {"datetime": "2020-04-24 20:37:14", "elapsed": 1284.769157, "delta": 1.540439}}
