{"target": 0.6311198, "params": {"max_depth": 6.950470000171418, "min_child_weight": 6.554083149994572}, "datetime": {"datetime": "2020-04-24 20:15:49", "elapsed": 0.0, "delta": 0.0}}
{"target": 0.599179, "params": {"max_depth": 3.336831682685131, "min_child_weight": 2.1254858317281564}, "datetime": {"datetime": "2020-04-24 20:15:49", "elapsed": 0.750146, "delta": 0.750146}}
{"target": 0.6043588, "params": {"max_depth": 3.0243050363127955, "min_child_weight": 3.9599003832108117}, "datetime": {"datetime": "2020-04-24 20:15:50", "elapsed": 1.493989, "delta": 0.743843}}
{"target": 0.6432156, "params": {"max_depth": 5.925447110281069, "min_child_weight": 9.304622859990793}, "datetime": {"datetime": "2020-04-24 20:15:51", "elapsed": 2.345083, "delta": 0.851094}}
{"target": 0.6321364, "params": {"max_depth": 4.4260130491766105, "min_child_weight": 9.136617264833147}, "datetime": {"datetime": "2020-04-24 20:15:52", "elapsed": 3.137703, "delta": 0.79262}}
{"target": 0.6311198, "params": {"max_depth": 6.614507160656013, "min_child_weight": 6.860625993796588}, "datetime": {"datetime": "2020-04-24 20:15:53", "elapsed": 4.058304, "delta": 0.920601}}
{"target": 0.6388032, "params": {"max_depth": 5.463632053480941, "min_child_weight": 5.125941305880525}, "datetime": {"datetime": "2020-04-24 20:15:54", "elapsed": 4.877802, "delta": 0.819498}}
{"target": 0.6357974, "params": {"max_depth": 4.598895885451876, "min_child_weight": 6.045914705468523}, "datetime": {"datetime": "2020-04-24 20:15:54", "elapsed": 5.691578, "delta": 0.813776}}
{"target": 0.6411648, "params": {"max_depth": 6.329828358627417, "min_child_weight": 6.673855289759226}, "datetime": {"datetime": "2020-04-24 20:15:55", "elapsed": 6.541161, "delta": 0.849583}}
{"target": 0.5990164, "params": {"max_depth": 9.794647302611935, "min_child_weight": 2.7557504311545347}, "datetime": {"datetime": "2020-04-24 20:15:57", "elapsed": 8.111741, "delta": 1.57058}}
{"target": 0.6373406000000001, "params": {"max_depth": 9.871448084697066, "min_child_weight": 9.96914306096045}, "datetime": {"datetime": "2020-04-24 20:15:58", "elapsed": 9.654177, "delta": 1.542436}}
{"target": 0.6064664000000001, "params": {"max_depth": 7.666097350088089, "min_child_weight": 1.0107285619521256}, "datetime": {"datetime": "2020-04-24 20:16:00", "elapsed": 11.007782, "delta": 1.353605}}
{"target": 0.5938036, "params": {"max_depth": 10.0, "min_child_weight": 1.0000000167882783}, "datetime": {"datetime": "2020-04-24 20:16:02", "elapsed": 13.063232, "delta": 2.05545}}
{"target": 0.6419294, "params": {"max_depth": 7.569768087216785, "min_child_weight": 9.971441232257158}, "datetime": {"datetime": "2020-04-24 20:16:03", "elapsed": 14.429543, "delta": 1.366311}}
{"target": 0.6363366, "params": {"max_depth": 6.010158311342269, "min_child_weight": 9.996207819491074}, "datetime": {"datetime": "2020-04-24 20:16:04", "elapsed": 15.690235, "delta": 1.260692}}
{"target": 0.6303097999999999, "params": {"max_depth": 7.213065071876132, "min_child_weight": 4.0052217547948885}, "datetime": {"datetime": "2020-04-24 20:16:06", "elapsed": 16.99138, "delta": 1.301145}}
{"target": 0.6369948, "params": {"max_depth": 5.284896294602451, "min_child_weight": 7.971301570446252}, "datetime": {"datetime": "2020-04-24 20:16:07", "elapsed": 18.257694, "delta": 1.266314}}
{"target": 0.601726, "params": {"max_depth": 3.030553180122852, "min_child_weight": 9.910638081644311}, "datetime": {"datetime": "2020-04-24 20:16:08", "elapsed": 19.389513, "delta": 1.131819}}
{"target": 0.6293398, "params": {"max_depth": 9.988591920580404, "min_child_weight": 7.944501072862724}, "datetime": {"datetime": "2020-04-24 20:16:10", "elapsed": 20.998416, "delta": 1.608903}}
{"target": 0.6461694000000001, "params": {"max_depth": 8.75928113339614, "min_child_weight": 9.237351753071493}, "datetime": {"datetime": "2020-04-24 20:16:11", "elapsed": 22.412511, "delta": 1.414095}}
{"target": 0.6433128, "params": {"max_depth": 7.42735171164299, "min_child_weight": 9.156419670314385}, "datetime": {"datetime": "2020-04-24 20:16:12", "elapsed": 23.667166, "delta": 1.254655}}
{"target": 0.6390513999999999, "params": {"max_depth": 8.684931758857422, "min_child_weight": 9.769858769100392}, "datetime": {"datetime": "2020-04-24 20:16:14", "elapsed": 25.252551, "delta": 1.585385}}
{"target": 0.6017163999999999, "params": {"max_depth": 3.011111487693508, "min_child_weight": 7.539595462329021}, "datetime": {"datetime": "2020-04-24 20:16:15", "elapsed": 26.27643, "delta": 1.023879}}
{"target": 0.5992012, "params": {"max_depth": 3.0040106021535338, "min_child_weight": 1.0446885913515913}, "datetime": {"datetime": "2020-04-24 20:16:16", "elapsed": 27.441281, "delta": 1.164851}}
{"target": 0.6434684, "params": {"max_depth": 9.991032624148836, "min_child_weight": 9.183760806528742}, "datetime": {"datetime": "2020-04-24 20:16:18", "elapsed": 29.080751, "delta": 1.63947}}
{"target": 0.6397077999999999, "params": {"max_depth": 5.84152537290996, "min_child_weight": 5.96353086492515}, "datetime": {"datetime": "2020-04-24 20:16:19", "elapsed": 30.375997, "delta": 1.295246}}
{"target": 0.6461694000000001, "params": {"max_depth": 9.123809407548874, "min_child_weight": 8.996003902522885}, "datetime": {"datetime": "2020-04-24 20:16:21", "elapsed": 31.852852, "delta": 1.476855}}
{"target": 0.6461694000000001, "params": {"max_depth": 8.634230603366863, "min_child_weight": 8.881366713180741}, "datetime": {"datetime": "2020-04-24 20:16:22", "elapsed": 33.336836, "delta": 1.483984}}
{"target": 0.6461694000000001, "params": {"max_depth": 9.27446678651679, "min_child_weight": 9.017686951522464}, "datetime": {"datetime": "2020-04-24 20:16:24", "elapsed": 34.87914, "delta": 1.542304}}
{"target": 0.6393713999999999, "params": {"max_depth": 8.493724357368688, "min_child_weight": 8.974109466478112}, "datetime": {"datetime": "2020-04-24 20:16:25", "elapsed": 36.302454, "delta": 1.423314}}
{"target": 0.6461694000000001, "params": {"max_depth": 9.418175866785694, "min_child_weight": 9.149539315980116}, "datetime": {"datetime": "2020-04-24 20:16:27", "elapsed": 37.8074, "delta": 1.504946}}
{"target": 0.6433128, "params": {"max_depth": 6.755496249667676, "min_child_weight": 9.347559079565665}, "datetime": {"datetime": "2020-04-24 20:16:28", "elapsed": 39.205341, "delta": 1.397941}}
{"target": 0.6461694000000001, "params": {"max_depth": 9.466171512626325, "min_child_weight": 9.089991877253276}, "datetime": {"datetime": "2020-04-24 20:16:30", "elapsed": 40.791904, "delta": 1.586563}}
{"target": 0.6461694000000001, "params": {"max_depth": 9.33994853962565, "min_child_weight": 9.105260340362964}, "datetime": {"datetime": "2020-04-24 20:16:31", "elapsed": 42.490143, "delta": 1.698239}}
{"target": 0.6461694000000001, "params": {"max_depth": 9.425424562890727, "min_child_weight": 9.051065550000228}, "datetime": {"datetime": "2020-04-24 20:16:33", "elapsed": 44.057802, "delta": 1.567659}}
{"target": 0.6461694000000001, "params": {"max_depth": 9.368177650992353, "min_child_weight": 9.076872407763172}, "datetime": {"datetime": "2020-04-24 20:16:35", "elapsed": 45.954311, "delta": 1.896509}}
{"target": 0.6461694000000001, "params": {"max_depth": 9.38201261314964, "min_child_weight": 9.138132478001424}, "datetime": {"datetime": "2020-04-24 20:16:37", "elapsed": 47.761515, "delta": 1.807204}}
{"target": 0.6461694000000001, "params": {"max_depth": 9.318750067084007, "min_child_weight": 9.018000291037948}, "datetime": {"datetime": "2020-04-24 20:16:38", "elapsed": 49.439417, "delta": 1.677902}}
{"target": 0.6461694000000001, "params": {"max_depth": 9.331438075060818, "min_child_weight": 9.121322431453908}, "datetime": {"datetime": "2020-04-24 20:16:40", "elapsed": 50.98139, "delta": 1.541973}}
{"target": 0.6461694000000001, "params": {"max_depth": 9.356350770073357, "min_child_weight": 9.102262102070924}, "datetime": {"datetime": "2020-04-24 20:16:41", "elapsed": 52.64626, "delta": 1.66487}}
{"target": 0.6461694000000001, "params": {"max_depth": 9.31364168336476, "min_child_weight": 8.936183872856743}, "datetime": {"datetime": "2020-04-24 20:16:43", "elapsed": 54.446563, "delta": 1.800303}}
{"target": 0.6461694000000001, "params": {"max_depth": 9.340126741790964, "min_child_weight": 9.179766646670107}, "datetime": {"datetime": "2020-04-24 20:16:45", "elapsed": 56.05721, "delta": 1.610647}}
{"target": 0.6461694000000001, "params": {"max_depth": 9.35639376922509, "min_child_weight": 9.181872548555681}, "datetime": {"datetime": "2020-04-24 20:16:46", "elapsed": 57.742132, "delta": 1.684922}}
{"target": 0.6461694000000001, "params": {"max_depth": 9.294734755312072, "min_child_weight": 8.908638133240666}, "datetime": {"datetime": "2020-04-24 20:16:48", "elapsed": 59.513664, "delta": 1.771532}}
{"target": 0.6461694000000001, "params": {"max_depth": 9.364042493574873, "min_child_weight": 9.005087819229212}, "datetime": {"datetime": "2020-04-24 20:16:50", "elapsed": 61.402107, "delta": 1.888443}}
{"target": 0.6461694000000001, "params": {"max_depth": 9.339089304152548, "min_child_weight": 9.20133871407365}, "datetime": {"datetime": "2020-04-24 20:16:52", "elapsed": 63.056822, "delta": 1.654715}}
{"target": 0.6461694000000001, "params": {"max_depth": 9.366592145655904, "min_child_weight": 8.986294994187958}, "datetime": {"datetime": "2020-04-24 20:16:54", "elapsed": 64.768891, "delta": 1.712069}}
{"target": 0.6461694000000001, "params": {"max_depth": 9.394922902930954, "min_child_weight": 9.142976290401146}, "datetime": {"datetime": "2020-04-24 20:16:55", "elapsed": 66.509629, "delta": 1.740738}}
{"target": 0.6461694000000001, "params": {"max_depth": 9.295471945116006, "min_child_weight": 9.155167970407861}, "datetime": {"datetime": "2020-04-24 20:16:57", "elapsed": 68.255288, "delta": 1.745659}}
{"target": 0.6461694000000001, "params": {"max_depth": 9.311122756441938, "min_child_weight": 8.978375245312787}, "datetime": {"datetime": "2020-04-24 20:16:59", "elapsed": 69.935686, "delta": 1.680398}}
{"target": 0.6461694000000001, "params": {"max_depth": 9.411214542560371, "min_child_weight": 9.119615986554232}, "datetime": {"datetime": "2020-04-24 20:17:00", "elapsed": 71.557606, "delta": 1.62192}}
{"target": 0.6461694000000001, "params": {"max_depth": 9.347806601820672, "min_child_weight": 8.954560682177995}, "datetime": {"datetime": "2020-04-24 20:17:02", "elapsed": 73.199454, "delta": 1.641848}}
{"target": 0.6461694000000001, "params": {"max_depth": 9.241281465157854, "min_child_weight": 9.127397394971572}, "datetime": {"datetime": "2020-04-24 20:17:04", "elapsed": 74.977862, "delta": 1.778408}}
{"target": 0.6461694000000001, "params": {"max_depth": 9.432553959753907, "min_child_weight": 9.155949048368502}, "datetime": {"datetime": "2020-04-24 20:17:05", "elapsed": 76.662628, "delta": 1.684766}}
{"target": 0.6461694000000001, "params": {"max_depth": 9.219048007191363, "min_child_weight": 9.045104101100854}, "datetime": {"datetime": "2020-04-24 20:17:07", "elapsed": 78.452989, "delta": 1.790361}}
{"target": 0.6461694000000001, "params": {"max_depth": 9.472332189523947, "min_child_weight": 9.036892920220238}, "datetime": {"datetime": "2020-04-24 20:17:09", "elapsed": 80.485912, "delta": 2.032923}}
{"target": 0.6461694000000001, "params": {"max_depth": 9.360827848121229, "min_child_weight": 9.173170205212044}, "datetime": {"datetime": "2020-04-24 20:17:11", "elapsed": 82.187521, "delta": 1.701609}}
{"target": 0.6461694000000001, "params": {"max_depth": 9.477063642098413, "min_child_weight": 9.03555498439161}, "datetime": {"datetime": "2020-04-24 20:17:13", "elapsed": 83.877855, "delta": 1.690334}}
{"target": 0.6461694000000001, "params": {"max_depth": 9.202878809707144, "min_child_weight": 9.118985164903926}, "datetime": {"datetime": "2020-04-24 20:17:14", "elapsed": 85.598045, "delta": 1.72019}}
{"target": 0.6461694000000001, "params": {"max_depth": 9.321356152164284, "min_child_weight": 8.960952701429441}, "datetime": {"datetime": "2020-04-24 20:17:16", "elapsed": 87.401028, "delta": 1.802983}}
{"target": 0.6461694000000001, "params": {"max_depth": 9.370452125210846, "min_child_weight": 9.13026799970511}, "datetime": {"datetime": "2020-04-24 20:17:18", "elapsed": 89.132893, "delta": 1.731865}}
{"target": 0.6461694000000001, "params": {"max_depth": 9.27060612042181, "min_child_weight": 8.934359285684655}, "datetime": {"datetime": "2020-04-24 20:17:20", "elapsed": 90.873525, "delta": 1.740632}}
{"target": 0.6461694000000001, "params": {"max_depth": 9.260727980436181, "min_child_weight": 9.199870364158626}, "datetime": {"datetime": "2020-04-24 20:17:21", "elapsed": 92.594181, "delta": 1.720656}}
{"target": 0.6461694000000001, "params": {"max_depth": 9.244894615899916, "min_child_weight": 9.021593756373031}, "datetime": {"datetime": "2020-04-24 20:17:23", "elapsed": 94.351687, "delta": 1.757506}}
{"target": 0.6461694000000001, "params": {"max_depth": 9.46349464928743, "min_child_weight": 9.139970884762777}, "datetime": {"datetime": "2020-04-24 20:17:25", "elapsed": 96.071272, "delta": 1.719585}}
{"target": 0.6461694000000001, "params": {"max_depth": 9.263472625067038, "min_child_weight": 9.136548853311536}, "datetime": {"datetime": "2020-04-24 20:17:27", "elapsed": 97.866115, "delta": 1.794843}}
{"target": 0.6461694000000001, "params": {"max_depth": 9.45158364591877, "min_child_weight": 9.0003998112158}, "datetime": {"datetime": "2020-04-24 20:17:28", "elapsed": 99.739049, "delta": 1.872934}}
{"target": 0.6461694000000001, "params": {"max_depth": 9.200644285131904, "min_child_weight": 9.128180039980569}, "datetime": {"datetime": "2020-04-24 20:17:30", "elapsed": 101.522888, "delta": 1.783839}}
{"target": 0.6461694000000001, "params": {"max_depth": 9.478781758987424, "min_child_weight": 9.146908692384574}, "datetime": {"datetime": "2020-04-24 20:17:32", "elapsed": 103.350955, "delta": 1.828067}}
{"target": 0.6461694000000001, "params": {"max_depth": 9.229152051075417, "min_child_weight": 9.032351347161901}, "datetime": {"datetime": "2020-04-24 20:17:34", "elapsed": 105.154425, "delta": 1.80347}}
{"target": 0.6461694000000001, "params": {"max_depth": 9.425976044205306, "min_child_weight": 8.9924289981004}, "datetime": {"datetime": "2020-04-24 20:17:36", "elapsed": 106.964177, "delta": 1.809752}}
{"target": 0.6434684, "params": {"max_depth": 9.528591429929913, "min_child_weight": 9.097070657556523}, "datetime": {"datetime": "2020-04-24 20:17:38", "elapsed": 108.943607, "delta": 1.97943}}
{"target": 0.6461694000000001, "params": {"max_depth": 9.24098859198476, "min_child_weight": 8.925561837844796}, "datetime": {"datetime": "2020-04-24 20:17:39", "elapsed": 110.641275, "delta": 1.697668}}
{"target": 0.6461694000000001, "params": {"max_depth": 9.205939356622759, "min_child_weight": 9.016302252926161}, "datetime": {"datetime": "2020-04-24 20:17:41", "elapsed": 112.479976, "delta": 1.838701}}
{"target": 0.6461694000000001, "params": {"max_depth": 9.212980429958606, "min_child_weight": 9.133405234461916}, "datetime": {"datetime": "2020-04-24 20:17:43", "elapsed": 114.30262, "delta": 1.822644}}
{"target": 0.6461694000000001, "params": {"max_depth": 9.175041067831895, "min_child_weight": 9.050343605962345}, "datetime": {"datetime": "2020-04-24 20:17:45", "elapsed": 116.244477, "delta": 1.941857}}
{"target": 0.6461694000000001, "params": {"max_depth": 9.244453849138766, "min_child_weight": 8.974573805204997}, "datetime": {"datetime": "2020-04-24 20:17:47", "elapsed": 118.063336, "delta": 1.818859}}
{"target": 0.6461694000000001, "params": {"max_depth": 9.175537623165653, "min_child_weight": 9.14524882767057}, "datetime": {"datetime": "2020-04-24 20:17:49", "elapsed": 119.830451, "delta": 1.767115}}
{"target": 0.6461694000000001, "params": {"max_depth": 9.211320164847521, "min_child_weight": 9.155178892010062}, "datetime": {"datetime": "2020-04-24 20:17:51", "elapsed": 121.882885, "delta": 2.052434}}
{"target": 0.6461694000000001, "params": {"max_depth": 9.169445076139365, "min_child_weight": 9.080681637385004}, "datetime": {"datetime": "2020-04-24 20:17:52", "elapsed": 123.624414, "delta": 1.741529}}
{"target": 0.6461694000000001, "params": {"max_depth": 9.196961638040236, "min_child_weight": 9.040704433044285}, "datetime": {"datetime": "2020-04-24 20:17:54", "elapsed": 125.354706, "delta": 1.730292}}
{"target": 0.6461694000000001, "params": {"max_depth": 9.19618768216041, "min_child_weight": 8.98016439386699}, "datetime": {"datetime": "2020-04-24 20:17:56", "elapsed": 127.069272, "delta": 1.714566}}
{"target": 0.6461694000000001, "params": {"max_depth": 9.180851721415994, "min_child_weight": 8.969020341337366}, "datetime": {"datetime": "2020-04-24 20:17:58", "elapsed": 128.881303, "delta": 1.812031}}
{"target": 0.6461694000000001, "params": {"max_depth": 9.233322249220567, "min_child_weight": 8.96963619423785}, "datetime": {"datetime": "2020-04-24 20:17:59", "elapsed": 130.665983, "delta": 1.78468}}
{"target": 0.6461694000000001, "params": {"max_depth": 9.283005355184237, "min_child_weight": 9.122599294561814}, "datetime": {"datetime": "2020-04-24 20:18:01", "elapsed": 132.399865, "delta": 1.733882}}
{"target": 0.6461694000000001, "params": {"max_depth": 9.306748599019896, "min_child_weight": 8.98859699965652}, "datetime": {"datetime": "2020-04-24 20:18:03", "elapsed": 134.324317, "delta": 1.924452}}
{"target": 0.6461694000000001, "params": {"max_depth": 9.187904298139498, "min_child_weight": 9.036871493311674}, "datetime": {"datetime": "2020-04-24 20:18:05", "elapsed": 136.215696, "delta": 1.891379}}
{"target": 0.6461694000000001, "params": {"max_depth": 9.232469782807378, "min_child_weight": 9.163187829241629}, "datetime": {"datetime": "2020-04-24 20:18:07", "elapsed": 138.022826, "delta": 1.80713}}
{"target": 0.6461694000000001, "params": {"max_depth": 9.308909292575613, "min_child_weight": 9.123430094651354}, "datetime": {"datetime": "2020-04-24 20:18:09", "elapsed": 139.762804, "delta": 1.739978}}
{"target": 0.6461694000000001, "params": {"max_depth": 9.309351776542313, "min_child_weight": 9.016625191721037}, "datetime": {"datetime": "2020-04-24 20:18:10", "elapsed": 141.562424, "delta": 1.79962}}
{"target": 0.6461694000000001, "params": {"max_depth": 9.251955841709293, "min_child_weight": 9.128394449559716}, "datetime": {"datetime": "2020-04-24 20:18:12", "elapsed": 143.299946, "delta": 1.737522}}
{"target": 0.6461694000000001, "params": {"max_depth": 9.249764886204009, "min_child_weight": 9.130879970228346}, "datetime": {"datetime": "2020-04-24 20:18:14", "elapsed": 145.119425, "delta": 1.819479}}
{"target": 0.6461694000000001, "params": {"max_depth": 9.238982465650004, "min_child_weight": 8.987934712942696}, "datetime": {"datetime": "2020-04-24 20:18:16", "elapsed": 146.9852, "delta": 1.865775}}
{"target": 0.6461694000000001, "params": {"max_depth": 9.17208177103021, "min_child_weight": 9.120794636757143}, "datetime": {"datetime": "2020-04-24 20:18:18", "elapsed": 148.928734, "delta": 1.943534}}
{"target": 0.6461694000000001, "params": {"max_depth": 9.211280570130587, "min_child_weight": 8.94798507339057}, "datetime": {"datetime": "2020-04-24 20:18:19", "elapsed": 150.710806, "delta": 1.782072}}
{"target": 0.6461694000000001, "params": {"max_depth": 9.206080163192883, "min_child_weight": 9.081489689752365}, "datetime": {"datetime": "2020-04-24 20:18:21", "elapsed": 152.688584, "delta": 1.977778}}
{"target": 0.6461694000000001, "params": {"max_depth": 9.197241704659383, "min_child_weight": 8.991899439863268}, "datetime": {"datetime": "2020-04-24 20:18:23", "elapsed": 154.615572, "delta": 1.926988}}
{"target": 0.6461694000000001, "params": {"max_depth": 9.207045174144474, "min_child_weight": 9.11243831685365}, "datetime": {"datetime": "2020-04-24 20:18:25", "elapsed": 156.300985, "delta": 1.685413}}
{"target": 0.6461694000000001, "params": {"max_depth": 9.256739086095198, "min_child_weight": 9.017390061844937}, "datetime": {"datetime": "2020-04-24 20:18:27", "elapsed": 158.407989, "delta": 2.107004}}
{"target": 0.6461694000000001, "params": {"max_depth": 9.283627707977457, "min_child_weight": 9.196444016379559}, "datetime": {"datetime": "2020-04-24 20:18:29", "elapsed": 160.374607, "delta": 1.966618}}
{"target": 0.6461694000000001, "params": {"max_depth": 9.200587021142955, "min_child_weight": 8.996627320481243}, "datetime": {"datetime": "2020-04-24 20:18:31", "elapsed": 162.486691, "delta": 2.112084}}
{"target": 0.6461694000000001, "params": {"max_depth": 9.267585492819268, "min_child_weight": 9.027628278640952}, "datetime": {"datetime": "2020-04-24 20:18:33", "elapsed": 164.468772, "delta": 1.982081}}
{"target": 0.6461694000000001, "params": {"max_depth": 9.27532759977677, "min_child_weight": 9.147051820394912}, "datetime": {"datetime": "2020-04-24 20:18:35", "elapsed": 166.699707, "delta": 2.230935}}
{"target": 0.6461694000000001, "params": {"max_depth": 9.276597107019459, "min_child_weight": 9.179117146604005}, "datetime": {"datetime": "2020-04-24 20:18:37", "elapsed": 168.677666, "delta": 1.977959}}
{"target": 0.6461694000000001, "params": {"max_depth": 9.137998239776415, "min_child_weight": 9.026855595890268}, "datetime": {"datetime": "2020-04-24 20:18:40", "elapsed": 171.007913, "delta": 2.330247}}
{"target": 0.6461694000000001, "params": {"max_depth": 9.183399769102666, "min_child_weight": 9.044126757953507}, "datetime": {"datetime": "2020-04-24 20:18:42", "elapsed": 173.28185, "delta": 2.273937}}
{"target": 0.6461694000000001, "params": {"max_depth": 9.411009783436473, "min_child_weight": 9.008764144595492}, "datetime": {"datetime": "2020-04-24 20:18:44", "elapsed": 175.613054, "delta": 2.331204}}
{"target": 0.6461694000000001, "params": {"max_depth": 9.274775192272614, "min_child_weight": 9.06765444073589}, "datetime": {"datetime": "2020-04-24 20:18:46", "elapsed": 177.69503, "delta": 2.081976}}
