{"target": 0.6438186, "params": {"alpha": 0.10181112308228013, "colsample_bytree": 0.8074724700726482, "lam": 0.9999972492245628, "max_depth": 5.0, "min_child_weight": 3.0, "subsample": 0.8239837719328487}, "datetime": {"datetime": "2020-04-24 19:32:50", "elapsed": 1455.220001, "delta": 3.352595}}
{"target": 0.6452747999999999, "params": {"alpha": 0.10181112308228013, "colsample_bytree": 0.8059681305302597, "lam": 0.9999972492245628, "max_depth": 5.0, "min_child_weight": 3.0, "subsample": 0.8265398885406219}, "datetime": {"datetime": "2020-04-24 19:32:54", "elapsed": 1458.903097, "delta": 3.683096}}
{"target": 0.6449366, "params": {"alpha": 0.10181112308228013, "colsample_bytree": 0.8011323466735627, "lam": 0.9999972492245628, "max_depth": 5.0, "min_child_weight": 3.0, "subsample": 0.8242772735582578}, "datetime": {"datetime": "2020-04-24 19:32:58", "elapsed": 1462.990899, "delta": 4.087802}}
{"target": 0.6414068, "params": {"alpha": 0.10181112308228013, "colsample_bytree": 0.8019630855202873, "lam": 0.9999972492245628, "max_depth": 5.0, "min_child_weight": 3.0, "subsample": 0.8251944003487577}, "datetime": {"datetime": "2020-04-24 19:33:01", "elapsed": 1466.593385, "delta": 3.602486}}
{"target": 0.6443999999999999, "params": {"alpha": 0.10181112308228013, "colsample_bytree": 0.8060800099171271, "lam": 0.9999972492245628, "max_depth": 5.0, "min_child_weight": 3.0, "subsample": 0.8220206794551517}, "datetime": {"datetime": "2020-04-24 19:33:04", "elapsed": 1469.752259, "delta": 3.158874}}
{"target": 0.6433523999999999, "params": {"alpha": 0.10181112308228013, "colsample_bytree": 0.8062707639549452, "lam": 0.9999972492245628, "max_depth": 5.0, "min_child_weight": 3.0, "subsample": 0.8226482496654297}, "datetime": {"datetime": "2020-04-24 19:33:08", "elapsed": 1473.531973, "delta": 3.779714}}
{"target": 0.6460284, "params": {"alpha": 0.10181112308228013, "colsample_bytree": 0.809739050753604, "lam": 0.9999972492245628, "max_depth": 5.0, "min_child_weight": 3.0, "subsample": 0.8228888403428243}, "datetime": {"datetime": "2020-04-24 19:33:12", "elapsed": 1477.491419, "delta": 3.959446}}
{"target": 0.6430406, "params": {"alpha": 0.10181112308228013, "colsample_bytree": 0.8095540722999053, "lam": 0.9999972492245628, "max_depth": 5.0, "min_child_weight": 3.0, "subsample": 0.82351478709772}, "datetime": {"datetime": "2020-04-24 19:33:16", "elapsed": 1481.760392, "delta": 4.268973}}
{"target": 0.6464210000000001, "params": {"alpha": 0.10181112308228013, "colsample_bytree": 0.8080678266645187, "lam": 0.9999972492245628, "max_depth": 5.0, "min_child_weight": 3.0, "subsample": 0.8229323546548375}, "datetime": {"datetime": "2020-04-24 19:33:20", "elapsed": 1485.614737, "delta": 3.854345}}
{"target": 0.6412707999999999, "params": {"alpha": 0.10181112308228013, "colsample_bytree": 0.8041997108681729, "lam": 0.9999972492245628, "max_depth": 5.0, "min_child_weight": 3.0, "subsample": 0.8225955633512756}, "datetime": {"datetime": "2020-04-24 19:33:24", "elapsed": 1488.886735, "delta": 3.271998}}
{"target": 0.6446224, "params": {"alpha": 0.10181112308228013, "colsample_bytree": 0.803021255709548, "lam": 0.9999972492245628, "max_depth": 5.0, "min_child_weight": 3.0, "subsample": 0.8220119940366258}, "datetime": {"datetime": "2020-04-24 19:33:28", "elapsed": 1493.148262, "delta": 4.261527}}
{"target": 0.6454716, "params": {"alpha": 0.10181112308228013, "colsample_bytree": 0.809500816008732, "lam": 0.9999972492245628, "max_depth": 5.0, "min_child_weight": 3.0, "subsample": 0.822087876279441}, "datetime": {"datetime": "2020-04-24 19:33:32", "elapsed": 1497.589597, "delta": 4.441335}}
{"target": 0.6422904, "params": {"alpha": 0.10181112308228013, "colsample_bytree": 0.8060033341792937, "lam": 0.9999972492245628, "max_depth": 5.0, "min_child_weight": 3.0, "subsample": 0.8215343935306698}, "datetime": {"datetime": "2020-04-24 19:33:36", "elapsed": 1500.91695, "delta": 3.327353}}
{"target": 0.6424664, "params": {"alpha": 0.10181112308228013, "colsample_bytree": 0.8092857436106711, "lam": 0.9999972492245628, "max_depth": 5.0, "min_child_weight": 3.0, "subsample": 0.8259227675141136}, "datetime": {"datetime": "2020-04-24 19:33:39", "elapsed": 1504.479489, "delta": 3.562539}}
{"target": 0.6490498, "params": {"alpha": 0.10181112308228013, "colsample_bytree": 0.8056346936312033, "lam": 0.9999972492245628, "max_depth": 5.0, "min_child_weight": 3.0, "subsample": 0.8255827251348448}, "datetime": {"datetime": "2020-04-24 19:33:43", "elapsed": 1508.46087, "delta": 3.981381}}
{"target": 0.6456434, "params": {"alpha": 0.10181112308228013, "colsample_bytree": 0.809904082074306, "lam": 0.9999972492245628, "max_depth": 5.0, "min_child_weight": 3.0, "subsample": 0.8206408548757206}, "datetime": {"datetime": "2020-04-24 19:33:47", "elapsed": 1511.939242, "delta": 3.478372}}
{"target": 0.6431848, "params": {"alpha": 0.10181112308228013, "colsample_bytree": 0.8052052629272625, "lam": 0.9999972492245628, "max_depth": 5.0, "min_child_weight": 3.0, "subsample": 0.8239356980710009}, "datetime": {"datetime": "2020-04-24 19:33:50", "elapsed": 1515.558642, "delta": 3.6194}}
{"target": 0.6454576, "params": {"alpha": 0.10181112308228013, "colsample_bytree": 0.8058971187388582, "lam": 0.9999972492245628, "max_depth": 5.0, "min_child_weight": 3.0, "subsample": 0.8222140062955766}, "datetime": {"datetime": "2020-04-24 19:33:53", "elapsed": 1518.550978, "delta": 2.992336}}
{"target": 0.6474114, "params": {"alpha": 0.10181112308228013, "colsample_bytree": 0.8073221063798696, "lam": 0.9999972492245628, "max_depth": 5.0, "min_child_weight": 3.0, "subsample": 0.8256877754670442}, "datetime": {"datetime": "2020-04-24 19:33:56", "elapsed": 1521.794212, "delta": 3.243234}}
{"target": 0.6421342, "params": {"alpha": 0.10181112308228013, "colsample_bytree": 0.8034342204806739, "lam": 0.9999972492245628, "max_depth": 5.0, "min_child_weight": 3.0, "subsample": 0.8249881156196615}, "datetime": {"datetime": "2020-04-24 19:34:00", "elapsed": 1525.530386, "delta": 3.736174}}
{"target": 0.6415634, "params": {"alpha": 0.10181112308228013, "colsample_bytree": 0.8066313967861338, "lam": 0.9999972492245628, "max_depth": 5.0, "min_child_weight": 3.0, "subsample": 0.8236521045281633}, "datetime": {"datetime": "2020-04-24 19:34:04", "elapsed": 1529.829029, "delta": 4.298643}}
{"target": 0.6424451999999999, "params": {"alpha": 0.10181112308228013, "colsample_bytree": 0.807489986259659, "lam": 0.9999972492245628, "max_depth": 5.0, "min_child_weight": 3.0, "subsample": 0.8258065418617551}, "datetime": {"datetime": "2020-04-24 19:34:09", "elapsed": 1533.986209, "delta": 4.15718}}
{"target": 0.6430174, "params": {"alpha": 0.10181112308228013, "colsample_bytree": 0.8088550793425144, "lam": 0.9999972492245628, "max_depth": 5.0, "min_child_weight": 3.0, "subsample": 0.8245409343145904}, "datetime": {"datetime": "2020-04-24 19:34:13", "elapsed": 1538.410042, "delta": 4.423833}}
{"target": 0.6454716, "params": {"alpha": 0.10181112308228013, "colsample_bytree": 0.8047549314257176, "lam": 0.9999972492245628, "max_depth": 5.0, "min_child_weight": 3.0, "subsample": 0.8220812885826656}, "datetime": {"datetime": "2020-04-24 19:34:17", "elapsed": 1542.014417, "delta": 3.604375}}
{"target": 0.6421376000000001, "params": {"alpha": 0.10181112308228013, "colsample_bytree": 0.8037882943982375, "lam": 0.9999972492245628, "max_depth": 5.0, "min_child_weight": 3.0, "subsample": 0.8248245436431778}, "datetime": {"datetime": "2020-04-24 19:34:21", "elapsed": 1545.928867, "delta": 3.91445}}
{"target": 0.6396958, "params": {"alpha": 0.10181112308228013, "colsample_bytree": 0.8102133352812833, "lam": 0.9999972492245628, "max_depth": 5.0, "min_child_weight": 3.0, "subsample": 0.8222508146807543}, "datetime": {"datetime": "2020-04-24 19:34:24", "elapsed": 1549.591397, "delta": 3.66253}}
{"target": 0.6430148000000001, "params": {"alpha": 0.10181112308228013, "colsample_bytree": 0.8074426970253189, "lam": 0.9999972492245628, "max_depth": 5.0, "min_child_weight": 3.0, "subsample": 0.8245667193332318}, "datetime": {"datetime": "2020-04-24 19:34:29", "elapsed": 1554.012271, "delta": 4.420874}}
{"target": 0.646603, "params": {"alpha": 0.10181112308228013, "colsample_bytree": 0.8083433987769826, "lam": 0.9999972492245628, "max_depth": 5.0, "min_child_weight": 3.0, "subsample": 0.8231228104313488}, "datetime": {"datetime": "2020-04-24 19:34:33", "elapsed": 1558.24492, "delta": 4.232649}}
{"target": 0.6448016, "params": {"alpha": 0.10181112308228013, "colsample_bytree": 0.8085532882058173, "lam": 0.9999972492245628, "max_depth": 5.0, "min_child_weight": 3.0, "subsample": 0.8227457097277302}, "datetime": {"datetime": "2020-04-24 19:34:37", "elapsed": 1562.826878, "delta": 4.581958}}
{"target": 0.6444796, "params": {"alpha": 0.10181112308228013, "colsample_bytree": 0.807418499227007, "lam": 0.9999972492245628, "max_depth": 5.0, "min_child_weight": 3.0, "subsample": 0.8241896479250246}, "datetime": {"datetime": "2020-04-24 19:34:41", "elapsed": 1566.406207, "delta": 3.579329}}
{"target": 0.645113, "params": {"alpha": 0.10181112308228013, "colsample_bytree": 0.8083351562710765, "lam": 0.9999972492245628, "max_depth": 5.0, "min_child_weight": 3.0, "subsample": 0.8266685843495463}, "datetime": {"datetime": "2020-04-24 19:34:45", "elapsed": 1570.158844, "delta": 3.752637}}
{"target": 0.6412892, "params": {"alpha": 0.10181112308228013, "colsample_bytree": 0.8083827736531299, "lam": 0.9999972492245628, "max_depth": 5.0, "min_child_weight": 3.0, "subsample": 0.8235644923003744}, "datetime": {"datetime": "2020-04-24 19:34:49", "elapsed": 1574.625014, "delta": 4.46617}}
{"target": 0.6424664, "params": {"alpha": 0.10181112308228013, "colsample_bytree": 0.8095002894945897, "lam": 0.9999972492245628, "max_depth": 5.0, "min_child_weight": 3.0, "subsample": 0.8259267006962059}, "datetime": {"datetime": "2020-04-24 19:34:53", "elapsed": 1578.142751, "delta": 3.517737}}
{"target": 0.6513704, "params": {"alpha": 0.10181112308228013, "colsample_bytree": 0.8109985842614438, "lam": 0.9999972492245628, "max_depth": 5.0, "min_child_weight": 3.0, "subsample": 0.8254860398469814}, "datetime": {"datetime": "2020-04-24 19:34:56", "elapsed": 1581.732982, "delta": 3.590231}}
{"target": 0.6414105999999999, "params": {"alpha": 0.10181112308228013, "colsample_bytree": 0.8109938802342427, "lam": 0.9999972492245628, "max_depth": 5.0, "min_child_weight": 3.0, "subsample": 0.8224482807341031}, "datetime": {"datetime": "2020-04-24 19:35:00", "elapsed": 1585.344033, "delta": 3.611051}}
{"target": 0.6415634, "params": {"alpha": 0.10181112308228013, "colsample_bytree": 0.8090507078953264, "lam": 0.9999972492245628, "max_depth": 5.0, "min_child_weight": 3.0, "subsample": 0.823673453439099}, "datetime": {"datetime": "2020-04-24 19:35:04", "elapsed": 1588.964891, "delta": 3.620858}}
{"target": 0.6434618000000001, "params": {"alpha": 0.10181112308228013, "colsample_bytree": 0.8119369257985267, "lam": 0.9999972492245628, "max_depth": 5.0, "min_child_weight": 3.0, "subsample": 0.8281705593386448}, "datetime": {"datetime": "2020-04-24 19:35:07", "elapsed": 1592.262696, "delta": 3.297805}}
{"target": 0.6414086, "params": {"alpha": 0.10181112308228013, "colsample_bytree": 0.8091445353766804, "lam": 0.9999972492245628, "max_depth": 5.0, "min_child_weight": 3.0, "subsample": 0.8224677172249327}, "datetime": {"datetime": "2020-04-24 19:35:11", "elapsed": 1596.165077, "delta": 3.902381}}
{"target": 0.6419279999999999, "params": {"alpha": 0.10181112308228013, "colsample_bytree": 0.8059019818694391, "lam": 0.9999972492245628, "max_depth": 5.0, "min_child_weight": 3.0, "subsample": 0.8249966704131311}, "datetime": {"datetime": "2020-04-24 19:35:15", "elapsed": 1600.487376, "delta": 4.322299}}
{"target": 0.6423384000000001, "params": {"alpha": 0.10181112308228013, "colsample_bytree": 0.8062388744240525, "lam": 0.9999972492245628, "max_depth": 5.0, "min_child_weight": 3.0, "subsample": 0.826119882921347}, "datetime": {"datetime": "2020-04-24 19:35:20", "elapsed": 1605.115606, "delta": 4.62823}}
{"target": 0.6442876, "params": {"alpha": 0.10181112308228013, "colsample_bytree": 0.8092199495536191, "lam": 0.9999972492245628, "max_depth": 5.0, "min_child_weight": 3.0, "subsample": 0.8240084722111278}, "datetime": {"datetime": "2020-04-24 19:35:24", "elapsed": 1608.93148, "delta": 3.815874}}
{"target": 0.6452036, "params": {"alpha": 0.10181112308228013, "colsample_bytree": 0.8067644601865752, "lam": 0.9999972492245628, "max_depth": 5.0, "min_child_weight": 3.0, "subsample": 0.8268325988230644}, "datetime": {"datetime": "2020-04-24 19:35:27", "elapsed": 1612.772838, "delta": 3.841358}}
{"target": 0.6412892, "params": {"alpha": 0.10181112308228013, "colsample_bytree": 0.8085067432365747, "lam": 0.9999972492245628, "max_depth": 5.0, "min_child_weight": 3.0, "subsample": 0.8235813198531257}, "datetime": {"datetime": "2020-04-24 19:35:32", "elapsed": 1617.537774, "delta": 4.764936}}
{"target": 0.6474088, "params": {"alpha": 0.10181112308228013, "colsample_bytree": 0.8117715680679654, "lam": 0.9999972492245628, "max_depth": 5.0, "min_child_weight": 3.0, "subsample": 0.8257108419740039}, "datetime": {"datetime": "2020-04-24 19:35:37", "elapsed": 1622.115237, "delta": 4.577463}}
{"target": 0.6421376000000001, "params": {"alpha": 0.10181112308228013, "colsample_bytree": 0.8033430579207612, "lam": 0.9999972492245628, "max_depth": 5.0, "min_child_weight": 3.0, "subsample": 0.8248128352615627}, "datetime": {"datetime": "2020-04-24 19:35:40", "elapsed": 1625.67867, "delta": 3.563433}}
{"target": 0.6453328, "params": {"alpha": 0.10181112308228013, "colsample_bytree": 0.8112779533920838, "lam": 0.9999972492245628, "max_depth": 5.0, "min_child_weight": 3.0, "subsample": 0.8222210854582228}, "datetime": {"datetime": "2020-04-24 19:35:45", "elapsed": 1630.141285, "delta": 4.462615}}
{"target": 0.6423384000000001, "params": {"alpha": 0.10181112308228013, "colsample_bytree": 0.8114554171289665, "lam": 0.9999972492245628, "max_depth": 5.0, "min_child_weight": 3.0, "subsample": 0.8261222241018581}, "datetime": {"datetime": "2020-04-24 19:35:49", "elapsed": 1634.263054, "delta": 4.121769}}
{"target": 0.6435672, "params": {"alpha": 0.10181112308228013, "colsample_bytree": 0.8109632130738424, "lam": 0.9999972492245628, "max_depth": 5.0, "min_child_weight": 3.0, "subsample": 0.829297555770357}, "datetime": {"datetime": "2020-04-24 19:35:53", "elapsed": 1637.942188, "delta": 3.679134}}
{"target": 0.6414278, "params": {"alpha": 0.10181112308228013, "colsample_bytree": 0.8064761476972127, "lam": 0.9999972492245628, "max_depth": 5.0, "min_child_weight": 3.0, "subsample": 0.8274411733535152}, "datetime": {"datetime": "2020-04-24 19:35:57", "elapsed": 1642.546546, "delta": 4.604358}}
{"target": 0.647597, "params": {"alpha": 0.10181112308228013, "colsample_bytree": 0.809485053798775, "lam": 0.9999972492245628, "max_depth": 5.0, "min_child_weight": 3.0, "subsample": 0.8229879142195206}, "datetime": {"datetime": "2020-04-24 19:36:02", "elapsed": 1647.268158, "delta": 4.721612}}
{"target": 0.6444748, "params": {"alpha": 0.10181112308228013, "colsample_bytree": 0.8096182568971093, "lam": 0.9999972492245628, "max_depth": 5.0, "min_child_weight": 3.0, "subsample": 0.8242546555836923}, "datetime": {"datetime": "2020-04-24 19:36:07", "elapsed": 1651.980872, "delta": 4.712714}}
{"target": 0.644288, "params": {"alpha": 0.10181112308228013, "colsample_bytree": 0.8110474090516921, "lam": 0.9999972492245628, "max_depth": 5.0, "min_child_weight": 3.0, "subsample": 0.8240342468807558}, "datetime": {"datetime": "2020-04-24 19:36:11", "elapsed": 1656.117812, "delta": 4.13694}}
{"target": 0.6443329999999999, "params": {"alpha": 0.10181112308228013, "colsample_bytree": 0.807567910977091, "lam": 0.9999972492245628, "max_depth": 5.0, "min_child_weight": 3.0, "subsample": 0.8244562617638623}, "datetime": {"datetime": "2020-04-24 19:36:15", "elapsed": 1659.925994, "delta": 3.808182}}
{"target": 0.642339, "params": {"alpha": 0.10181112308228013, "colsample_bytree": 0.8113531652211137, "lam": 0.9999972492245628, "max_depth": 5.0, "min_child_weight": 3.0, "subsample": 0.8261012583353606}, "datetime": {"datetime": "2020-04-24 19:36:18", "elapsed": 1663.58901, "delta": 3.663016}}
{"target": 0.6412456, "params": {"alpha": 0.10181112308228013, "colsample_bytree": 0.8083347136755086, "lam": 0.9999972492245628, "max_depth": 5.0, "min_child_weight": 3.0, "subsample": 0.8232079481482077}, "datetime": {"datetime": "2020-04-24 19:36:23", "elapsed": 1668.480389, "delta": 4.891379}}
{"target": 0.6412707999999999, "params": {"alpha": 0.10181112308228013, "colsample_bytree": 0.8088837010507368, "lam": 0.9999972492245628, "max_depth": 5.0, "min_child_weight": 3.0, "subsample": 0.8225557482355055}, "datetime": {"datetime": "2020-04-24 19:36:28", "elapsed": 1672.911988, "delta": 4.431599}}
{"target": 0.644478, "params": {"alpha": 0.10181112308228013, "colsample_bytree": 0.8134925119227576, "lam": 0.9999972492245628, "max_depth": 5.0, "min_child_weight": 3.0, "subsample": 0.8240978938367637}, "datetime": {"datetime": "2020-04-24 19:36:31", "elapsed": 1676.603218, "delta": 3.69123}}
{"target": 0.6443999999999999, "params": {"alpha": 0.10181112308228013, "colsample_bytree": 0.8097892774310286, "lam": 0.9999972492245628, "max_depth": 5.0, "min_child_weight": 3.0, "subsample": 0.8220361909118965}, "datetime": {"datetime": "2020-04-24 19:36:36", "elapsed": 1681.277678, "delta": 4.67446}}
{"target": 0.6397288, "params": {"alpha": 0.10181112308228013, "colsample_bytree": 0.8077352214526403, "lam": 0.9999972492245628, "max_depth": 5.0, "min_child_weight": 3.0, "subsample": 0.8268716472661048}, "datetime": {"datetime": "2020-04-24 19:36:40", "elapsed": 1685.695951, "delta": 4.418273}}
{"target": 0.6450927999999999, "params": {"alpha": 0.10181112308228013, "colsample_bytree": 0.8087095728513451, "lam": 0.9999972492245628, "max_depth": 5.0, "min_child_weight": 3.0, "subsample": 0.8215113290900424}, "datetime": {"datetime": "2020-04-24 19:36:44", "elapsed": 1689.75025, "delta": 4.054299}}
{"target": 0.6444006, "params": {"alpha": 0.10181112308228013, "colsample_bytree": 0.809619055977919, "lam": 0.9999972492245628, "max_depth": 5.0, "min_child_weight": 3.0, "subsample": 0.8220003127131698}, "datetime": {"datetime": "2020-04-24 19:36:49", "elapsed": 1694.530153, "delta": 4.779903}}
{"target": 0.6445449999999999, "params": {"alpha": 0.10181112308228013, "colsample_bytree": 0.8095691287496917, "lam": 0.9999972492245628, "max_depth": 5.0, "min_child_weight": 3.0, "subsample": 0.8214220161997833}, "datetime": {"datetime": "2020-04-24 19:36:54", "elapsed": 1699.083927, "delta": 4.553774}}
{"target": 0.6423561999999998, "params": {"alpha": 0.10181112308228013, "colsample_bytree": 0.805966665078456, "lam": 0.9999972492245628, "max_depth": 5.0, "min_child_weight": 3.0, "subsample": 0.8208606377042811}, "datetime": {"datetime": "2020-04-24 19:36:59", "elapsed": 1703.878917, "delta": 4.79499}}
{"target": 0.6412945999999999, "params": {"alpha": 0.10181112308228013, "colsample_bytree": 0.8086398672559245, "lam": 0.9999972492245628, "max_depth": 5.0, "min_child_weight": 3.0, "subsample": 0.8238037199726362}, "datetime": {"datetime": "2020-04-24 19:37:05", "elapsed": 1710.159911, "delta": 6.280994}}
{"target": 0.6415078000000001, "params": {"alpha": 0.10181112308228013, "colsample_bytree": 0.808027797770476, "lam": 0.9999972492245628, "max_depth": 5.0, "min_child_weight": 3.0, "subsample": 0.8224080838709138}, "datetime": {"datetime": "2020-04-24 19:37:08", "elapsed": 1713.822271, "delta": 3.66236}}
{"target": 0.6466036, "params": {"alpha": 0.10181112308228013, "colsample_bytree": 0.8089978625824796, "lam": 0.9999972492245628, "max_depth": 5.0, "min_child_weight": 3.0, "subsample": 0.8230953094263649}, "datetime": {"datetime": "2020-04-24 19:37:14", "elapsed": 1719.140131, "delta": 5.31786}}
{"target": 0.6444661999999999, "params": {"alpha": 0.10181112308228013, "colsample_bytree": 0.8050169188539127, "lam": 0.9999972492245628, "max_depth": 5.0, "min_child_weight": 3.0, "subsample": 0.8238976809338214}, "datetime": {"datetime": "2020-04-24 19:37:19", "elapsed": 1724.036932, "delta": 4.896801}}
{"target": 0.6443999999999999, "params": {"alpha": 0.10181112308228013, "colsample_bytree": 0.8085094467114752, "lam": 0.9999972492245628, "max_depth": 5.0, "min_child_weight": 3.0, "subsample": 0.822030928665648}, "datetime": {"datetime": "2020-04-24 19:37:24", "elapsed": 1728.889751, "delta": 4.852819}}
{"target": 0.6450932, "params": {"alpha": 0.10181112308228013, "colsample_bytree": 0.807558667859926, "lam": 0.9999972492245628, "max_depth": 5.0, "min_child_weight": 3.0, "subsample": 0.8214934633271613}, "datetime": {"datetime": "2020-04-24 19:37:28", "elapsed": 1733.497071, "delta": 4.60732}}
{"target": 0.6472642000000001, "params": {"alpha": 0.10181112308228013, "colsample_bytree": 0.8087159509196318, "lam": 0.9999972492245628, "max_depth": 5.0, "min_child_weight": 3.0, "subsample": 0.8263208476703746}, "datetime": {"datetime": "2020-04-24 19:37:33", "elapsed": 1738.269164, "delta": 4.772093}}
{"target": 0.6423406, "params": {"alpha": 0.10181112308228013, "colsample_bytree": 0.808450280148646, "lam": 0.9999972492245628, "max_depth": 5.0, "min_child_weight": 3.0, "subsample": 0.8261369028522425}, "datetime": {"datetime": "2020-04-24 19:37:38", "elapsed": 1743.007725, "delta": 4.738561}}
{"target": 0.6438186, "params": {"alpha": 0.10181112308228013, "colsample_bytree": 0.8104626468853924, "lam": 0.9999972492245628, "max_depth": 5.0, "min_child_weight": 3.0, "subsample": 0.8239939235241671}, "datetime": {"datetime": "2020-04-24 19:37:42", "elapsed": 1747.054754, "delta": 4.047029}}
