{"target": 0.6484144, "params": {"max_depth": 4.753865105456058, "min_child_weight": 3.0975858078471648}, "datetime": {"datetime": "2020-04-24 19:15:34", "elapsed": 419.417169, "delta": 2.548226}}
{"target": 0.6484144, "params": {"max_depth": 4.763841517327485, "min_child_weight": 2.63465576993529}, "datetime": {"datetime": "2020-04-24 19:15:37", "elapsed": 422.652361, "delta": 3.235192}}
{"target": 0.6484144, "params": {"max_depth": 4.738039973327587, "min_child_weight": 2.6876512290027748}, "datetime": {"datetime": "2020-04-24 19:15:40", "elapsed": 425.281077, "delta": 2.628716}}
{"target": 0.6484144, "params": {"max_depth": 4.788821543409459, "min_child_weight": 2.7156601468056483}, "datetime": {"datetime": "2020-04-24 19:15:43", "elapsed": 428.037179, "delta": 2.756102}}
{"target": 0.6484144, "params": {"max_depth": 4.827524512414186, "min_child_weight": 2.616868542460552}, "datetime": {"datetime": "2020-04-24 19:15:46", "elapsed": 431.126655, "delta": 3.089476}}
{"target": 0.6484144, "params": {"max_depth": 4.804912973739992, "min_child_weight": 2.701159018170337}, "datetime": {"datetime": "2020-04-24 19:15:48", "elapsed": 433.799362, "delta": 2.672707}}
{"target": 0.6484144, "params": {"max_depth": 4.8598660723966995, "min_child_weight": 2.528984327012659}, "datetime": {"datetime": "2020-04-24 19:15:51", "elapsed": 436.571611, "delta": 2.772249}}
{"target": 0.6484144, "params": {"max_depth": 4.71975360045806, "min_child_weight": 3.0224925239785305}, "datetime": {"datetime": "2020-04-24 19:15:54", "elapsed": 439.364515, "delta": 2.792904}}
{"target": 0.6484144, "params": {"max_depth": 4.774796279828226, "min_child_weight": 2.6160718777449263}, "datetime": {"datetime": "2020-04-24 19:15:57", "elapsed": 442.504369, "delta": 3.139854}}
{"target": 0.6484144, "params": {"max_depth": 4.727696492123391, "min_child_weight": 2.9615312049635807}, "datetime": {"datetime": "2020-04-24 19:16:00", "elapsed": 445.693724, "delta": 3.189355}}
{"target": 0.6484144, "params": {"max_depth": 4.832924888992913, "min_child_weight": 2.644742008880138}, "datetime": {"datetime": "2020-04-24 19:16:03", "elapsed": 448.355189, "delta": 2.661465}}
{"target": 0.6484144, "params": {"max_depth": 4.746255918179433, "min_child_weight": 2.9626779379734005}, "datetime": {"datetime": "2020-04-24 19:16:06", "elapsed": 451.164744, "delta": 2.809555}}
{"target": 0.6484144, "params": {"max_depth": 4.765029695443639, "min_child_weight": 2.9822073797222446}, "datetime": {"datetime": "2020-04-24 19:16:09", "elapsed": 454.251263, "delta": 3.086519}}
{"target": 0.6484144, "params": {"max_depth": 4.803088257157728, "min_child_weight": 2.62488451072705}, "datetime": {"datetime": "2020-04-24 19:16:12", "elapsed": 457.190249, "delta": 2.938986}}
{"target": 0.6484144, "params": {"max_depth": 4.759281847522162, "min_child_weight": 2.9738791928264288}, "datetime": {"datetime": "2020-04-24 19:16:15", "elapsed": 460.589681, "delta": 3.399432}}
{"target": 0.6484144, "params": {"max_depth": 4.800889100063872, "min_child_weight": 2.641442295865706}, "datetime": {"datetime": "2020-04-24 19:16:19", "elapsed": 464.033124, "delta": 3.443443}}
{"target": 0.6484144, "params": {"max_depth": 4.876580555295009, "min_child_weight": 2.5268093852374975}, "datetime": {"datetime": "2020-04-24 19:16:21", "elapsed": 466.748785, "delta": 2.715661}}
{"target": 0.6484144, "params": {"max_depth": 4.7231074812116915, "min_child_weight": 3.0221480113295236}, "datetime": {"datetime": "2020-04-24 19:16:24", "elapsed": 469.792329, "delta": 3.043544}}
{"target": 0.6484144, "params": {"max_depth": 4.7581668410160525, "min_child_weight": 2.656283373316324}, "datetime": {"datetime": "2020-04-24 19:16:28", "elapsed": 473.473297, "delta": 3.680968}}
{"target": 0.6484144, "params": {"max_depth": 4.7185166959617355, "min_child_weight": 3.004545886179911}, "datetime": {"datetime": "2020-04-24 19:16:31", "elapsed": 475.953005, "delta": 2.479708}}
{"target": 0.6484144, "params": {"max_depth": 4.75861076999083, "min_child_weight": 2.9999453354533117}, "datetime": {"datetime": "2020-04-24 19:16:34", "elapsed": 479.84247, "delta": 3.889465}}
{"target": 0.6327552000000001, "params": {"alpha": 0.5318713567735313, "lam": 0.6118259026798086, "max_depth": 5.0, "min_child_weight": 3.0}, "datetime": {"datetime": "2020-04-24 19:16:35", "elapsed": 480.64317, "delta": 0.8007}}
{"target": 0.6347286, "params": {"alpha": 0.5885269541013836, "lam": 0.6859218164391092, "max_depth": 5.0, "min_child_weight": 3.0}, "datetime": {"datetime": "2020-04-24 19:16:36", "elapsed": 481.44249, "delta": 0.79932}}
{"target": 0.6312348, "params": {"alpha": 0.5572643026191271, "lam": 0.1964998881260187, "max_depth": 5.0, "min_child_weight": 3.0}, "datetime": {"datetime": "2020-04-24 19:16:37", "elapsed": 482.249231, "delta": 0.806741}}
{"target": 0.6486746, "params": {"alpha": 0.24174428545642435, "lam": 0.9955252567847125, "max_depth": 5.0, "min_child_weight": 3.0}, "datetime": {"datetime": "2020-04-24 19:16:38", "elapsed": 483.044277, "delta": 0.795046}}
{"target": 0.6326786, "params": {"alpha": 0.8947920010627798, "lam": 0.23431032003246566, "max_depth": 5.0, "min_child_weight": 3.0}, "datetime": {"datetime": "2020-04-24 19:16:38", "elapsed": 483.840211, "delta": 0.795934}}
{"target": 0.6319004, "params": {"alpha": 0.1484670647292391, "lam": 0.6122026038704075, "max_depth": 5.0, "min_child_weight": 3.0}, "datetime": {"datetime": "2020-04-24 19:16:39", "elapsed": 484.645028, "delta": 0.804817}}
{"target": 0.6395006000000001, "params": {"alpha": 0.2771488931019749, "lam": 0.30022519962452743, "max_depth": 5.0, "min_child_weight": 3.0}, "datetime": {"datetime": "2020-04-24 19:16:40", "elapsed": 485.446301, "delta": 0.801273}}
{"target": 0.6327682, "params": {"alpha": 0.10139292779649245, "lam": 0.23080053593393068, "max_depth": 5.0, "min_child_weight": 3.0}, "datetime": {"datetime": "2020-04-24 19:16:41", "elapsed": 486.24876, "delta": 0.802459}}
{"target": 0.6327556000000001, "params": {"alpha": 0.8908230647288546, "lam": 0.22428726714189173, "max_depth": 5.0, "min_child_weight": 3.0}, "datetime": {"datetime": "2020-04-24 19:16:42", "elapsed": 487.0524, "delta": 0.80364}}
{"target": 0.6332517999999998, "params": {"alpha": 0.13229832222358973, "lam": 0.6985599106989341, "max_depth": 5.0, "min_child_weight": 3.0}, "datetime": {"datetime": "2020-04-24 19:16:42", "elapsed": 487.861117, "delta": 0.808717}}
{"target": 0.6500958, "params": {"alpha": 1.0, "lam": 1.0, "max_depth": 5.0, "min_child_weight": 3.0}, "datetime": {"datetime": "2020-04-24 19:16:44", "elapsed": 488.924915, "delta": 1.063798}}
{"target": 0.6260305999999999, "params": {"alpha": 1.0, "lam": 2.4178911823702684e-09, "max_depth": 5.0, "min_child_weight": 3.0}, "datetime": {"datetime": "2020-04-24 19:16:45", "elapsed": 490.217501, "delta": 1.292586}}
{"target": 0.6484144, "params": {"alpha": 0.0, "lam": 1.0, "max_depth": 5.0, "min_child_weight": 3.0}, "datetime": {"datetime": "2020-04-24 19:16:46", "elapsed": 491.451573, "delta": 1.234072}}
{"target": 0.6500978, "params": {"alpha": 0.7121513343270901, "lam": 0.9996961142911672, "max_depth": 5.0, "min_child_weight": 3.0}, "datetime": {"datetime": "2020-04-24 19:16:48", "elapsed": 492.883974, "delta": 1.432401}}
{"target": 0.6289391999999999, "params": {"alpha": 0.9975438772844016, "lam": 0.740046635261443, "max_depth": 5.0, "min_child_weight": 3.0}, "datetime": {"datetime": "2020-04-24 19:16:49", "elapsed": 494.256353, "delta": 1.372379}}
{"target": 0.650099, "params": {"alpha": 0.47672549960703625, "lam": 0.9995235909355088, "max_depth": 5.0, "min_child_weight": 3.0}, "datetime": {"datetime": "2020-04-24 19:16:50", "elapsed": 495.543057, "delta": 1.286704}}
{"target": 0.6500968, "params": {"alpha": 0.8190802298665942, "lam": 0.9992659438772352, "max_depth": 5.0, "min_child_weight": 3.0}, "datetime": {"datetime": "2020-04-24 19:16:52", "elapsed": 497.026458, "delta": 1.483401}}
{"target": 0.6500978, "params": {"alpha": 0.5971321456375516, "lam": 0.9991952130141388, "max_depth": 5.0, "min_child_weight": 3.0}, "datetime": {"datetime": "2020-04-24 19:16:53", "elapsed": 498.47074, "delta": 1.444282}}
{"target": 0.650097, "params": {"alpha": 0.8150768382385963, "lam": 0.9998247663116784, "max_depth": 5.0, "min_child_weight": 3.0}, "datetime": {"datetime": "2020-04-24 19:16:55", "elapsed": 499.905143, "delta": 1.434403}}
{"target": 0.650097, "params": {"alpha": 0.8150768382385963, "lam": 0.9998247663116784, "max_depth": 5.0, "min_child_weight": 3.0}, "datetime": {"datetime": "2020-04-24 19:16:55", "elapsed": 500.484705, "delta": 0.579562}}
{"target": 0.6500991999999999, "params": {"alpha": 0.42901447016672367, "lam": 0.9995554920313601, "max_depth": 5.0, "min_child_weight": 3.0}, "datetime": {"datetime": "2020-04-24 19:16:57", "elapsed": 501.956408, "delta": 1.471703}}
{"target": 0.6500958000000001, "params": {"alpha": 0.9748457016679714, "lam": 0.9992580523167789, "max_depth": 5.0, "min_child_weight": 3.0}, "datetime": {"datetime": "2020-04-24 19:16:58", "elapsed": 503.308785, "delta": 1.352377}}
{"target": 0.6500984, "params": {"alpha": 0.5783609521442002, "lam": 0.9997608433972311, "max_depth": 5.0, "min_child_weight": 3.0}, "datetime": {"datetime": "2020-04-24 19:16:59", "elapsed": 504.724731, "delta": 1.415946}}
{"target": 0.6500966, "params": {"alpha": 0.8868426348025991, "lam": 0.999737803146512, "max_depth": 5.0, "min_child_weight": 3.0}, "datetime": {"datetime": "2020-04-24 19:17:01", "elapsed": 506.359754, "delta": 1.635023}}
{"target": 0.6501006, "params": {"alpha": 0.2196586348657621, "lam": 0.9999789617374125, "max_depth": 5.0, "min_child_weight": 3.0}, "datetime": {"datetime": "2020-04-24 19:17:02", "elapsed": 507.786692, "delta": 1.426938}}
{"target": 0.6500994, "params": {"alpha": 0.41302355537681035, "lam": 0.9995307138506437, "max_depth": 5.0, "min_child_weight": 3.0}, "datetime": {"datetime": "2020-04-24 19:17:04", "elapsed": 509.330545, "delta": 1.543853}}
{"target": 0.6500980000000001, "params": {"alpha": 0.6686253017177728, "lam": 0.9997988580363395, "max_depth": 5.0, "min_child_weight": 3.0}, "datetime": {"datetime": "2020-04-24 19:17:05", "elapsed": 510.766213, "delta": 1.435668}}
{"target": 0.6500958, "params": {"alpha": 0.9756841920962316, "lam": 0.9990333345566788, "max_depth": 5.0, "min_child_weight": 3.0}, "datetime": {"datetime": "2020-04-24 19:17:07", "elapsed": 512.283978, "delta": 1.517765}}
{"target": 0.6500956, "params": {"alpha": 0.9995736154907265, "lam": 0.9991988156088792, "max_depth": 5.0, "min_child_weight": 3.0}, "datetime": {"datetime": "2020-04-24 19:17:08", "elapsed": 513.588539, "delta": 1.304561}}
{"target": 0.6501012, "params": {"alpha": 0.14711792850887218, "lam": 0.9999759865431492, "max_depth": 5.0, "min_child_weight": 3.0}, "datetime": {"datetime": "2020-04-24 19:17:10", "elapsed": 515.127279, "delta": 1.53874}}
{"target": 0.6500969999999999, "params": {"alpha": 0.8182955963016317, "lam": 0.9998875337834199, "max_depth": 5.0, "min_child_weight": 3.0}, "datetime": {"datetime": "2020-04-24 19:17:11", "elapsed": 516.546743, "delta": 1.419464}}
{"target": 0.6500969999999999, "params": {"alpha": 0.8182955963016317, "lam": 0.9998875337834199, "max_depth": 5.0, "min_child_weight": 3.0}, "datetime": {"datetime": "2020-04-24 19:17:12", "elapsed": 517.077236, "delta": 0.530493}}
{"target": 0.6500978, "params": {"alpha": 0.6652237002286884, "lam": 0.999397964365358, "max_depth": 5.0, "min_child_weight": 3.0}, "datetime": {"datetime": "2020-04-24 19:17:13", "elapsed": 518.421149, "delta": 1.343913}}
{"target": 0.650099, "params": {"alpha": 0.48146439684747167, "lam": 0.9996772415263836, "max_depth": 5.0, "min_child_weight": 3.0}, "datetime": {"datetime": "2020-04-24 19:17:15", "elapsed": 519.932054, "delta": 1.510905}}
{"target": 0.6500958, "params": {"alpha": 0.9982294495909076, "lam": 0.9998783810410793, "max_depth": 5.0, "min_child_weight": 3.0}, "datetime": {"datetime": "2020-04-24 19:17:16", "elapsed": 521.406672, "delta": 1.474618}}
{"target": 0.6500997999999999, "params": {"alpha": 0.35606123105787923, "lam": 0.9997840688418352, "max_depth": 5.0, "min_child_weight": 3.0}, "datetime": {"datetime": "2020-04-24 19:17:18", "elapsed": 522.988408, "delta": 1.581736}}
{"target": 0.6500997999999999, "params": {"alpha": 0.35606123105787923, "lam": 0.9997840688418352, "max_depth": 5.0, "min_child_weight": 3.0}, "datetime": {"datetime": "2020-04-24 19:17:18", "elapsed": 523.654025, "delta": 0.665617}}
{"target": 0.6500997999999999, "params": {"alpha": 0.35606123105787923, "lam": 0.9997840688418352, "max_depth": 5.0, "min_child_weight": 3.0}, "datetime": {"datetime": "2020-04-24 19:17:19", "elapsed": 524.430607, "delta": 0.776582}}
{"target": 0.6500966, "params": {"alpha": 0.8825765233926821, "lam": 0.9998513828558817, "max_depth": 5.0, "min_child_weight": 3.0}, "datetime": {"datetime": "2020-04-24 19:17:21", "elapsed": 526.145421, "delta": 1.714814}}
{"target": 0.6501007999999999, "params": {"alpha": 0.16885049603354896, "lam": 0.9997107002087905, "max_depth": 5.0, "min_child_weight": 3.0}, "datetime": {"datetime": "2020-04-24 19:17:22", "elapsed": 527.757469, "delta": 1.612048}}
{"target": 0.6501004, "params": {"alpha": 0.29296916520668626, "lam": 0.9999389651020357, "max_depth": 5.0, "min_child_weight": 3.0}, "datetime": {"datetime": "2020-04-24 19:17:24", "elapsed": 529.395234, "delta": 1.637765}}
{"target": 0.6500988000000001, "params": {"alpha": 0.5174875084827459, "lam": 0.999881752126214, "max_depth": 5.0, "min_child_weight": 3.0}, "datetime": {"datetime": "2020-04-24 19:17:25", "elapsed": 530.791488, "delta": 1.396254}}
{"target": 0.6500982, "params": {"alpha": 0.6291631585263892, "lam": 0.9997248828615677, "max_depth": 5.0, "min_child_weight": 3.0}, "datetime": {"datetime": "2020-04-24 19:17:27", "elapsed": 532.501116, "delta": 1.709628}}
{"target": 0.6500969999999999, "params": {"alpha": 0.8143819792120622, "lam": 0.9999925385535666, "max_depth": 5.0, "min_child_weight": 3.0}, "datetime": {"datetime": "2020-04-24 19:17:29", "elapsed": 533.971446, "delta": 1.47033}}
{"target": 0.650101, "params": {"alpha": 0.13846652639917212, "lam": 0.9997422576885764, "max_depth": 5.0, "min_child_weight": 3.0}, "datetime": {"datetime": "2020-04-24 19:17:30", "elapsed": 535.470693, "delta": 1.499247}}
{"target": 0.6500959999999999, "params": {"alpha": 0.9884191465850206, "lam": 0.9998716749469791, "max_depth": 5.0, "min_child_weight": 3.0}, "datetime": {"datetime": "2020-04-24 19:17:32", "elapsed": 536.977145, "delta": 1.506452}}
{"target": 0.6501002, "params": {"alpha": 0.280521078716812, "lam": 0.9999412236694328, "max_depth": 5.0, "min_child_weight": 3.0}, "datetime": {"datetime": "2020-04-24 19:17:33", "elapsed": 538.57709, "delta": 1.599945}}
{"target": 0.6501002, "params": {"alpha": 0.280521078716812, "lam": 0.9999412236694328, "max_depth": 5.0, "min_child_weight": 3.0}, "datetime": {"datetime": "2020-04-24 19:17:34", "elapsed": 539.407614, "delta": 0.830524}}
{"target": 0.6500975999999999, "params": {"alpha": 0.7119584067017475, "lam": 0.9999427004812371, "max_depth": 5.0, "min_child_weight": 3.0}, "datetime": {"datetime": "2020-04-24 19:17:36", "elapsed": 540.878222, "delta": 1.470608}}
{"target": 0.6500975999999999, "params": {"alpha": 0.7119584067017475, "lam": 0.9999427004812371, "max_depth": 5.0, "min_child_weight": 3.0}, "datetime": {"datetime": "2020-04-24 19:17:36", "elapsed": 541.574219, "delta": 0.695997}}
{"target": 0.6500975999999999, "params": {"alpha": 0.6681033348071272, "lam": 0.9995340816555407, "max_depth": 5.0, "min_child_weight": 3.0}, "datetime": {"datetime": "2020-04-24 19:17:38", "elapsed": 543.08011, "delta": 1.505891}}
{"target": 0.650097, "params": {"alpha": 0.8286429859585558, "lam": 0.9995511877334179, "max_depth": 5.0, "min_child_weight": 3.0}, "datetime": {"datetime": "2020-04-24 19:17:39", "elapsed": 544.728807, "delta": 1.648697}}
{"target": 0.6500994, "params": {"alpha": 0.4294041666247943, "lam": 0.9998462086914033, "max_depth": 5.0, "min_child_weight": 3.0}, "datetime": {"datetime": "2020-04-24 19:17:41", "elapsed": 546.281683, "delta": 1.552876}}
{"target": 0.6500966, "params": {"alpha": 0.8820617590750051, "lam": 0.9999100065104489, "max_depth": 5.0, "min_child_weight": 3.0}, "datetime": {"datetime": "2020-04-24 19:17:42", "elapsed": 547.838052, "delta": 1.556369}}
{"target": 0.6500958000000001, "params": {"alpha": 0.9927204084497627, "lam": 0.9993258339881635, "max_depth": 5.0, "min_child_weight": 3.0}, "datetime": {"datetime": "2020-04-24 19:17:44", "elapsed": 549.46175, "delta": 1.623698}}
{"target": 0.6501011999999999, "params": {"alpha": 0.12388972302357859, "lam": 0.9996268557833283, "max_depth": 5.0, "min_child_weight": 3.0}, "datetime": {"datetime": "2020-04-24 19:17:46", "elapsed": 551.128588, "delta": 1.666838}}
{"target": 0.6500998, "params": {"alpha": 0.3122986418068696, "lam": 0.999866550315943, "max_depth": 5.0, "min_child_weight": 3.0}, "datetime": {"datetime": "2020-04-24 19:17:48", "elapsed": 553.030167, "delta": 1.901579}}
{"target": 0.650099, "params": {"alpha": 0.4726174680028393, "lam": 0.9997071492245944, "max_depth": 5.0, "min_child_weight": 3.0}, "datetime": {"datetime": "2020-04-24 19:17:49", "elapsed": 554.646399, "delta": 1.616232}}
{"target": 0.6500982000000001, "params": {"alpha": 0.622200172719712, "lam": 0.9998976373914625, "max_depth": 5.0, "min_child_weight": 3.0}, "datetime": {"datetime": "2020-04-24 19:17:51", "elapsed": 556.176555, "delta": 1.530156}}
{"target": 0.6501012, "params": {"alpha": 0.1658277856255861, "lam": 0.999900863608336, "max_depth": 5.0, "min_child_weight": 3.0}, "datetime": {"datetime": "2020-04-24 19:17:53", "elapsed": 557.871781, "delta": 1.695226}}
{"target": 0.6500954, "params": {"alpha": 0.9948029214173207, "lam": 0.9990537379736987, "max_depth": 5.0, "min_child_weight": 3.0}, "datetime": {"datetime": "2020-04-24 19:17:54", "elapsed": 559.376013, "delta": 1.504232}}
{"target": 0.650096, "params": {"alpha": 0.9943050359320473, "lam": 0.9999620913524834, "max_depth": 5.0, "min_child_weight": 3.0}, "datetime": {"datetime": "2020-04-24 19:17:56", "elapsed": 561.17369, "delta": 1.797677}}
{"target": 0.6500958000000001, "params": {"alpha": 0.9972561837926833, "lam": 0.9996613298652837, "max_depth": 5.0, "min_child_weight": 3.0}, "datetime": {"datetime": "2020-04-24 19:17:58", "elapsed": 562.873985, "delta": 1.700295}}
{"target": 0.6500982, "params": {"alpha": 0.6040964008602705, "lam": 0.9999384560496035, "max_depth": 5.0, "min_child_weight": 3.0}, "datetime": {"datetime": "2020-04-24 19:17:59", "elapsed": 564.533553, "delta": 1.659568}}
{"target": 0.6500982, "params": {"alpha": 0.6040964008602705, "lam": 0.9999384560496035, "max_depth": 5.0, "min_child_weight": 3.0}, "datetime": {"datetime": "2020-04-24 19:18:00", "elapsed": 565.289542, "delta": 0.755989}}
{"target": 0.6501004, "params": {"alpha": 0.274841972771123, "lam": 0.9998590213209361, "max_depth": 5.0, "min_child_weight": 3.0}, "datetime": {"datetime": "2020-04-24 19:18:02", "elapsed": 566.902579, "delta": 1.613037}}
{"target": 0.6500986, "params": {"alpha": 0.561609978537965, "lam": 0.9998703440199415, "max_depth": 5.0, "min_child_weight": 3.0}, "datetime": {"datetime": "2020-04-24 19:18:03", "elapsed": 568.568371, "delta": 1.665792}}
{"target": 0.6500966000000001, "params": {"alpha": 0.854013544603457, "lam": 0.9996408606417925, "max_depth": 5.0, "min_child_weight": 3.0}, "datetime": {"datetime": "2020-04-24 19:18:05", "elapsed": 570.249367, "delta": 1.680996}}
{"target": 0.6500966, "params": {"alpha": 0.8890444921250565, "lam": 0.9997419665491658, "max_depth": 5.0, "min_child_weight": 3.0}, "datetime": {"datetime": "2020-04-24 19:18:07", "elapsed": 572.105473, "delta": 1.856106}}
{"target": 0.6500973999999999, "params": {"alpha": 0.7558587499378874, "lam": 0.9998363299668998, "max_depth": 5.0, "min_child_weight": 3.0}, "datetime": {"datetime": "2020-04-24 19:18:08", "elapsed": 573.768233, "delta": 1.66276}}
{"target": 0.6500973999999999, "params": {"alpha": 0.7558587499378874, "lam": 0.9998363299668998, "max_depth": 5.0, "min_child_weight": 3.0}, "datetime": {"datetime": "2020-04-24 19:18:09", "elapsed": 574.450012, "delta": 0.681779}}
{"target": 0.6500992, "params": {"alpha": 0.47542210575558486, "lam": 0.9999573728571169, "max_depth": 5.0, "min_child_weight": 3.0}, "datetime": {"datetime": "2020-04-24 19:18:11", "elapsed": 576.274106, "delta": 1.824094}}
{"target": 0.6500998, "params": {"alpha": 0.35034736370524633, "lam": 0.999973954930774, "max_depth": 5.0, "min_child_weight": 3.0}, "datetime": {"datetime": "2020-04-24 19:18:13", "elapsed": 578.09592, "delta": 1.821814}}
{"target": 0.6501012, "params": {"alpha": 0.14385135358540502, "lam": 0.999742231539281, "max_depth": 5.0, "min_child_weight": 3.0}, "datetime": {"datetime": "2020-04-24 19:18:14", "elapsed": 579.826237, "delta": 1.730317}}
{"target": 0.6501006, "params": {"alpha": 0.23835595932774334, "lam": 0.9999483886961621, "max_depth": 5.0, "min_child_weight": 3.0}, "datetime": {"datetime": "2020-04-24 19:18:16", "elapsed": 581.431351, "delta": 1.605114}}
{"target": 0.6501006, "params": {"alpha": 0.23835595932774334, "lam": 0.9999483886961621, "max_depth": 5.0, "min_child_weight": 3.0}, "datetime": {"datetime": "2020-04-24 19:18:17", "elapsed": 582.334281, "delta": 0.90293}}
{"target": 0.6500980000000001, "params": {"alpha": 0.6711688127352767, "lam": 0.9998100724601016, "max_depth": 5.0, "min_child_weight": 3.0}, "datetime": {"datetime": "2020-04-24 19:18:19", "elapsed": 584.319981, "delta": 1.9857}}
{"target": 0.6500958, "params": {"alpha": 0.9999999855106679, "lam": 0.9999999921797655, "max_depth": 5.0, "min_child_weight": 3.0}, "datetime": {"datetime": "2020-04-24 19:18:21", "elapsed": 586.128833, "delta": 1.808852}}
