{"target": 0.650101, "params": {"alpha": 0.14010320970475665, "lam": 0.9997082321182559, "max_depth": 5.0, "min_child_weight": 3.0}, "datetime": {"datetime": "2020-04-24 19:22:18", "elapsed": 822.883309, "delta": 2.835562}}
{"target": 0.6500972, "params": {"alpha": 0.7664879037717425, "lam": 0.9999031137129089, "max_depth": 5.0, "min_child_weight": 3.0}, "datetime": {"datetime": "2020-04-24 19:22:20", "elapsed": 825.697736, "delta": 2.814427}}
{"target": 0.6500958, "params": {"alpha": 0.9880307701801055, "lam": 0.9997478298437862, "max_depth": 5.0, "min_child_weight": 3.0}, "datetime": {"datetime": "2020-04-24 19:22:23", "elapsed": 828.490544, "delta": 2.792808}}
{"target": 0.6500964, "params": {"alpha": 0.9144339406880442, "lam": 0.9996741491842455, "max_depth": 5.0, "min_child_weight": 3.0}, "datetime": {"datetime": "2020-04-24 19:22:26", "elapsed": 831.426248, "delta": 2.935704}}
{"target": 0.6500958, "params": {"alpha": 0.99785565560811, "lam": 0.9999093333247653, "max_depth": 5.0, "min_child_weight": 3.0}, "datetime": {"datetime": "2020-04-24 19:22:29", "elapsed": 834.3279, "delta": 2.901652}}
{"target": 0.6501006, "params": {"alpha": 0.28468551876282755, "lam": 0.9999671121832838, "max_depth": 5.0, "min_child_weight": 3.0}, "datetime": {"datetime": "2020-04-24 19:22:32", "elapsed": 837.490429, "delta": 3.162529}}
{"target": 0.6500996000000001, "params": {"alpha": 0.4156284106511454, "lam": 0.9998741058571777, "max_depth": 5.0, "min_child_weight": 3.0}, "datetime": {"datetime": "2020-04-24 19:22:35", "elapsed": 840.486973, "delta": 2.996544}}
{"target": 0.6500959999999999, "params": {"alpha": 0.9937303314464413, "lam": 0.9997936185288088, "max_depth": 5.0, "min_child_weight": 3.0}, "datetime": {"datetime": "2020-04-24 19:22:39", "elapsed": 844.013404, "delta": 3.526431}}
{"target": 0.6500988000000001, "params": {"alpha": 0.4991788867704875, "lam": 0.9997017229098819, "max_depth": 5.0, "min_child_weight": 3.0}, "datetime": {"datetime": "2020-04-24 19:22:42", "elapsed": 846.90523, "delta": 2.891826}}
{"target": 0.6501008, "params": {"alpha": 0.17029652854866262, "lam": 0.9998629442593545, "max_depth": 5.0, "min_child_weight": 3.0}, "datetime": {"datetime": "2020-04-24 19:22:45", "elapsed": 849.988968, "delta": 3.083738}}
{"target": 0.6500982, "params": {"alpha": 0.6169944100677502, "lam": 0.9998884583854663, "max_depth": 5.0, "min_child_weight": 3.0}, "datetime": {"datetime": "2020-04-24 19:22:48", "elapsed": 853.575461, "delta": 3.586493}}
{"target": 0.6500974, "params": {"alpha": 0.730860985959667, "lam": 0.9998443271083973, "max_depth": 5.0, "min_child_weight": 3.0}, "datetime": {"datetime": "2020-04-24 19:22:51", "elapsed": 856.565382, "delta": 2.989921}}
{"target": 0.6500984, "params": {"alpha": 0.5852989437132283, "lam": 0.9996034050505306, "max_depth": 5.0, "min_child_weight": 3.0}, "datetime": {"datetime": "2020-04-24 19:22:54", "elapsed": 859.635863, "delta": 3.070481}}
{"target": 0.6500980000000001, "params": {"alpha": 0.616033138427102, "lam": 0.9997704308560899, "max_depth": 5.0, "min_child_weight": 3.0}, "datetime": {"datetime": "2020-04-24 19:22:57", "elapsed": 862.605664, "delta": 2.969801}}
{"target": 0.6500982, "params": {"alpha": 0.6262577905633312, "lam": 0.9994539318902177, "max_depth": 5.0, "min_child_weight": 3.0}, "datetime": {"datetime": "2020-04-24 19:23:01", "elapsed": 866.100357, "delta": 3.494693}}
{"target": 0.6500999999999999, "params": {"alpha": 0.31960935688757175, "lam": 0.9999857021410804, "max_depth": 5.0, "min_child_weight": 3.0}, "datetime": {"datetime": "2020-04-24 19:23:04", "elapsed": 868.916267, "delta": 2.81591}}
{"target": 0.6500978000000001, "params": {"alpha": 0.6711169167277504, "lam": 0.999728068191789, "max_depth": 5.0, "min_child_weight": 3.0}, "datetime": {"datetime": "2020-04-24 19:23:07", "elapsed": 872.073907, "delta": 3.15764}}
{"target": 0.6500992, "params": {"alpha": 0.4478538889038659, "lam": 0.9999602086872885, "max_depth": 5.0, "min_child_weight": 3.0}, "datetime": {"datetime": "2020-04-24 19:23:10", "elapsed": 875.564508, "delta": 3.490601}}
{"target": 0.6500969999999999, "params": {"alpha": 0.8191786019833892, "lam": 0.9998885876458422, "max_depth": 5.0, "min_child_weight": 3.0}, "datetime": {"datetime": "2020-04-24 19:23:14", "elapsed": 878.940891, "delta": 3.376383}}
{"target": 0.6501013999999999, "params": {"alpha": 0.11294872625035524, "lam": 0.9999554459865558, "max_depth": 5.0, "min_child_weight": 3.0}, "datetime": {"datetime": "2020-04-24 19:23:17", "elapsed": 881.95695, "delta": 3.016059}}
{"target": 0.6501, "params": {"alpha": 0.3063983057517692, "lam": 0.9998224449655283, "max_depth": 5.0, "min_child_weight": 3.0}, "datetime": {"datetime": "2020-04-24 19:23:21", "elapsed": 885.97452, "delta": 4.01757}}
{"target": 0.6500996000000001, "params": {"alpha": 0.3698711036983846, "lam": 0.9999630101794816, "max_depth": 5.0, "min_child_weight": 3.0}, "datetime": {"datetime": "2020-04-24 19:23:24", "elapsed": 889.581261, "delta": 3.606741}}
{"target": 0.6500959999999999, "params": {"alpha": 0.9932371177784055, "lam": 0.9998455650289382, "max_depth": 5.0, "min_child_weight": 3.0}, "datetime": {"datetime": "2020-04-24 19:23:28", "elapsed": 892.876274, "delta": 3.295013}}
{"target": 0.6501002, "params": {"alpha": 0.22860292026992668, "lam": 0.9994908757909075, "max_depth": 5.0, "min_child_weight": 3.0}, "datetime": {"datetime": "2020-04-24 19:23:31", "elapsed": 896.281703, "delta": 3.405429}}
{"target": 0.6500962, "params": {"alpha": 0.9379964599405951, "lam": 0.9999258451155175, "max_depth": 5.0, "min_child_weight": 3.0}, "datetime": {"datetime": "2020-04-24 19:23:35", "elapsed": 899.920363, "delta": 3.63866}}
{"target": 0.6500988000000001, "params": {"alpha": 0.540641414157668, "lam": 0.9998887983898959, "max_depth": 5.0, "min_child_weight": 3.0}, "datetime": {"datetime": "2020-04-24 19:23:39", "elapsed": 904.015931, "delta": 4.095568}}
{"target": 0.6500992, "params": {"alpha": 0.4677510257664954, "lam": 0.9996670922134379, "max_depth": 5.0, "min_child_weight": 3.0}, "datetime": {"datetime": "2020-04-24 19:23:42", "elapsed": 907.184294, "delta": 3.168363}}
{"target": 0.6500992, "params": {"alpha": 0.4677510257664954, "lam": 0.9996670922134379, "max_depth": 5.0, "min_child_weight": 3.0}, "datetime": {"datetime": "2020-04-24 19:23:44", "elapsed": 909.533679, "delta": 2.349385}}
{"target": 0.6500961999999999, "params": {"alpha": 0.9225291495425908, "lam": 0.9998458951148677, "max_depth": 5.0, "min_child_weight": 3.0}, "datetime": {"datetime": "2020-04-24 19:23:48", "elapsed": 913.015358, "delta": 3.481679}}
{"target": 0.6500966, "params": {"alpha": 0.8745881132598466, "lam": 0.9998341815233623, "max_depth": 5.0, "min_child_weight": 3.0}, "datetime": {"datetime": "2020-04-24 19:23:51", "elapsed": 916.470296, "delta": 3.454938}}
{"target": 0.6501007999999999, "params": {"alpha": 0.1844879673908626, "lam": 0.9996227101428968, "max_depth": 5.0, "min_child_weight": 3.0}, "datetime": {"datetime": "2020-04-24 19:23:55", "elapsed": 919.876658, "delta": 3.406362}}
{"target": 0.6500994, "params": {"alpha": 0.41435052912025105, "lam": 0.9999260974606895, "max_depth": 5.0, "min_child_weight": 3.0}, "datetime": {"datetime": "2020-04-24 19:23:58", "elapsed": 923.260551, "delta": 3.383893}}
{"target": 0.6501007999999999, "params": {"alpha": 0.16013109010344084, "lam": 0.9995733627878826, "max_depth": 5.0, "min_child_weight": 3.0}, "datetime": {"datetime": "2020-04-24 19:24:01", "elapsed": 926.528199, "delta": 3.267648}}
{"target": 0.6500958, "params": {"alpha": 0.991044142346689, "lam": 0.9997187996311356, "max_depth": 5.0, "min_child_weight": 3.0}, "datetime": {"datetime": "2020-04-24 19:24:05", "elapsed": 929.982156, "delta": 3.453957}}
{"target": 0.6500984000000001, "params": {"alpha": 0.532352103433338, "lam": 0.9990754976716923, "max_depth": 5.0, "min_child_weight": 3.0}, "datetime": {"datetime": "2020-04-24 19:24:08", "elapsed": 933.396319, "delta": 3.414163}}
{"target": 0.6501002, "params": {"alpha": 0.308593050560122, "lam": 0.9997530746762123, "max_depth": 5.0, "min_child_weight": 3.0}, "datetime": {"datetime": "2020-04-24 19:24:12", "elapsed": 937.047319, "delta": 3.651}}
{"target": 0.6500964, "params": {"alpha": 0.9527726724078049, "lam": 0.9997595798786783, "max_depth": 5.0, "min_child_weight": 3.0}, "datetime": {"datetime": "2020-04-24 19:24:15", "elapsed": 940.630318, "delta": 3.582999}}
{"target": 0.6500986, "params": {"alpha": 0.5802147582617051, "lam": 0.9998068086566116, "max_depth": 5.0, "min_child_weight": 3.0}, "datetime": {"datetime": "2020-04-24 19:24:19", "elapsed": 944.363194, "delta": 3.732876}}
{"target": 0.6501007999999999, "params": {"alpha": 0.24565961644587198, "lam": 0.9999700291702299, "max_depth": 5.0, "min_child_weight": 3.0}, "datetime": {"datetime": "2020-04-24 19:24:23", "elapsed": 947.877266, "delta": 3.514072}}
{"target": 0.6500966, "params": {"alpha": 0.8893973900837424, "lam": 0.999869155236723, "max_depth": 5.0, "min_child_weight": 3.0}, "datetime": {"datetime": "2020-04-24 19:24:26", "elapsed": 951.646018, "delta": 3.768752}}
{"target": 0.6500966, "params": {"alpha": 0.892989249789462, "lam": 0.9998860679405107, "max_depth": 5.0, "min_child_weight": 3.0}, "datetime": {"datetime": "2020-04-24 19:24:30", "elapsed": 955.300712, "delta": 3.654694}}
{"target": 0.6500988000000001, "params": {"alpha": 0.51489596731305, "lam": 0.9999426167944472, "max_depth": 5.0, "min_child_weight": 3.0}, "datetime": {"datetime": "2020-04-24 19:24:34", "elapsed": 958.920764, "delta": 3.620052}}
{"target": 0.6500966, "params": {"alpha": 0.8913897400845936, "lam": 0.9999618445270333, "max_depth": 5.0, "min_child_weight": 3.0}, "datetime": {"datetime": "2020-04-24 19:24:37", "elapsed": 962.37131, "delta": 3.450546}}
{"target": 0.6500980000000001, "params": {"alpha": 0.660283261987724, "lam": 0.999856637376491, "max_depth": 5.0, "min_child_weight": 3.0}, "datetime": {"datetime": "2020-04-24 19:24:41", "elapsed": 966.159512, "delta": 3.788202}}
{"target": 0.6500986, "params": {"alpha": 0.5237230233319281, "lam": 0.9998247827190899, "max_depth": 5.0, "min_child_weight": 3.0}, "datetime": {"datetime": "2020-04-24 19:24:44", "elapsed": 969.593238, "delta": 3.433726}}
{"target": 0.6500962, "params": {"alpha": 0.9237336463680232, "lam": 0.9996657574942914, "max_depth": 5.0, "min_child_weight": 3.0}, "datetime": {"datetime": "2020-04-24 19:24:48", "elapsed": 973.334794, "delta": 3.741556}}
{"target": 0.6500973999999999, "params": {"alpha": 0.7266921601374496, "lam": 0.9997059759989839, "max_depth": 5.0, "min_child_weight": 3.0}, "datetime": {"datetime": "2020-04-24 19:24:52", "elapsed": 977.110599, "delta": 3.775805}}
{"target": 0.650101, "params": {"alpha": 0.14994967224297184, "lam": 0.9995047673705493, "max_depth": 5.0, "min_child_weight": 3.0}, "datetime": {"datetime": "2020-04-24 19:24:55", "elapsed": 980.58335, "delta": 3.472751}}
{"target": 0.6500978, "params": {"alpha": 0.6888625892288729, "lam": 0.9998624170563636, "max_depth": 5.0, "min_child_weight": 3.0}, "datetime": {"datetime": "2020-04-24 19:24:59", "elapsed": 984.288429, "delta": 3.705079}}
{"target": 0.6501002, "params": {"alpha": 0.31298653245016117, "lam": 0.9997410032624396, "max_depth": 5.0, "min_child_weight": 3.0}, "datetime": {"datetime": "2020-04-24 19:25:03", "elapsed": 987.942309, "delta": 3.65388}}
{"target": 0.6500996000000001, "params": {"alpha": 0.3861207372379297, "lam": 0.999990793687845, "max_depth": 5.0, "min_child_weight": 3.0}, "datetime": {"datetime": "2020-04-24 19:25:06", "elapsed": 991.440308, "delta": 3.497999}}
{"target": 0.6500956, "params": {"alpha": 0.9907131979820639, "lam": 0.9995693482135019, "max_depth": 5.0, "min_child_weight": 3.0}, "datetime": {"datetime": "2020-04-24 19:25:10", "elapsed": 995.118175, "delta": 3.677867}}
{"target": 0.6500968000000001, "params": {"alpha": 0.8310123694509798, "lam": 0.9997664340766467, "max_depth": 5.0, "min_child_weight": 3.0}, "datetime": {"datetime": "2020-04-24 19:25:13", "elapsed": 998.7961, "delta": 3.677925}}
{"target": 0.6501006, "params": {"alpha": 0.1875740300756401, "lam": 0.9995410791109731, "max_depth": 5.0, "min_child_weight": 3.0}, "datetime": {"datetime": "2020-04-24 19:25:17", "elapsed": 1002.65214, "delta": 3.85604}}
{"target": 0.6500978, "params": {"alpha": 0.6081435254037825, "lam": 0.9993424067088326, "max_depth": 5.0, "min_child_weight": 3.0}, "datetime": {"datetime": "2020-04-24 19:25:21", "elapsed": 1006.34298, "delta": 3.69084}}
{"target": 0.6501002, "params": {"alpha": 0.2991667647562961, "lam": 0.9997939799646001, "max_depth": 5.0, "min_child_weight": 3.0}, "datetime": {"datetime": "2020-04-24 19:25:25", "elapsed": 1010.177144, "delta": 3.834164}}
{"target": 0.6501004, "params": {"alpha": 0.26851721110378524, "lam": 0.9997516060817745, "max_depth": 5.0, "min_child_weight": 3.0}, "datetime": {"datetime": "2020-04-24 19:25:29", "elapsed": 1013.910085, "delta": 3.732941}}
{"target": 0.6500978, "params": {"alpha": 0.7169228187198909, "lam": 0.9999718693244393, "max_depth": 5.0, "min_child_weight": 3.0}, "datetime": {"datetime": "2020-04-24 19:25:32", "elapsed": 1017.392819, "delta": 3.482734}}
{"target": 0.6500976, "params": {"alpha": 0.7057455959508735, "lam": 0.9999501954686955, "max_depth": 5.0, "min_child_weight": 3.0}, "datetime": {"datetime": "2020-04-24 19:25:36", "elapsed": 1021.136379, "delta": 3.74356}}
{"target": 0.6501006, "params": {"alpha": 0.1814049480600165, "lam": 0.9994887202757664, "max_depth": 5.0, "min_child_weight": 3.0}, "datetime": {"datetime": "2020-04-24 19:25:40", "elapsed": 1025.152307, "delta": 4.015928}}
{"target": 0.6500972, "params": {"alpha": 0.8078784241626423, "lam": 0.9999415133912468, "max_depth": 5.0, "min_child_weight": 3.0}, "datetime": {"datetime": "2020-04-24 19:25:43", "elapsed": 1028.692472, "delta": 3.540165}}
{"target": 0.6501016, "params": {"alpha": 0.10181112308228013, "lam": 0.9999972492245628, "max_depth": 5.0, "min_child_weight": 3.0}, "datetime": {"datetime": "2020-04-24 19:25:47", "elapsed": 1032.421803, "delta": 3.729331}}
{"target": 0.6500954, "params": {"alpha": 0.9995447556861278, "lam": 0.9992406944800435, "max_depth": 5.0, "min_child_weight": 3.0}, "datetime": {"datetime": "2020-04-24 19:25:51", "elapsed": 1036.686627, "delta": 4.264824}}
{"target": 0.6500982, "params": {"alpha": 0.6109798258645286, "lam": 0.9996293964111034, "max_depth": 5.0, "min_child_weight": 3.0}, "datetime": {"datetime": "2020-04-24 19:25:55", "elapsed": 1040.332689, "delta": 3.646062}}
{"target": 0.6500982, "params": {"alpha": 0.6109798258645286, "lam": 0.9996293964111034, "max_depth": 5.0, "min_child_weight": 3.0}, "datetime": {"datetime": "2020-04-24 19:25:58", "elapsed": 1043.619425, "delta": 3.286736}}
{"target": 0.6501004, "params": {"alpha": 0.26635760951825593, "lam": 0.9999013971266855, "max_depth": 5.0, "min_child_weight": 3.0}, "datetime": {"datetime": "2020-04-24 19:26:02", "elapsed": 1047.284041, "delta": 3.664616}}
{"target": 0.6501002, "params": {"alpha": 0.278008503727347, "lam": 0.9998643234498531, "max_depth": 5.0, "min_child_weight": 3.0}, "datetime": {"datetime": "2020-04-24 19:26:06", "elapsed": 1051.228312, "delta": 3.944271}}
{"target": 0.6500992, "params": {"alpha": 0.4394290196668451, "lam": 0.999891148587898, "max_depth": 5.0, "min_child_weight": 3.0}, "datetime": {"datetime": "2020-04-24 19:26:10", "elapsed": 1055.433083, "delta": 4.204771}}
{"target": 0.6321441999999999, "params": {"alpha": 0.10181112308228013, "colsample_bytree": 0.754433340185224, "lam": 0.9999972492245628, "max_depth": 5.0, "min_child_weight": 3.0, "subsample": 0.7708956215751188}, "datetime": {"datetime": "2020-04-24 19:26:11", "elapsed": 1056.251098, "delta": 0.818015}}
{"target": 0.6300558, "params": {"alpha": 0.10181112308228013, "colsample_bytree": 0.6879200270713786, "lam": 0.9999972492245628, "max_depth": 5.0, "min_child_weight": 3.0, "subsample": 0.8021088110269143}, "datetime": {"datetime": "2020-04-24 19:26:12", "elapsed": 1057.056199, "delta": 0.805101}}
{"target": 0.6339952, "params": {"alpha": 0.10181112308228013, "colsample_bytree": 0.8585367594932104, "lam": 0.9999972492245628, "max_depth": 5.0, "min_child_weight": 3.0, "subsample": 0.7759481001266512}, "datetime": {"datetime": "2020-04-24 19:26:12", "elapsed": 1057.858537, "delta": 0.802338}}
{"target": 0.6223835999999998, "params": {"alpha": 0.10181112308228013, "colsample_bytree": 0.8641958473543904, "lam": 0.9999972492245628, "max_depth": 5.0, "min_child_weight": 3.0, "subsample": 0.7437231812443572}, "datetime": {"datetime": "2020-04-24 19:26:13", "elapsed": 1058.668615, "delta": 0.810078}}
{"target": 0.6181278, "params": {"alpha": 0.10181112308228013, "colsample_bytree": 0.7337016348580411, "lam": 0.9999972492245628, "max_depth": 5.0, "min_child_weight": 3.0, "subsample": 0.6771358494769675}, "datetime": {"datetime": "2020-04-24 19:26:14", "elapsed": 1059.476205, "delta": 0.80759}}
{"target": 0.6073028, "params": {"alpha": 0.10181112308228013, "colsample_bytree": 0.5286394883791474, "lam": 0.9999972492245628, "max_depth": 5.0, "min_child_weight": 3.0, "subsample": 0.8724587268230413}, "datetime": {"datetime": "2020-04-24 19:26:15", "elapsed": 1060.288247, "delta": 0.812042}}
{"target": 0.6119006, "params": {"alpha": 0.10181112308228013, "colsample_bytree": 0.6082644218259592, "lam": 0.9999972492245628, "max_depth": 5.0, "min_child_weight": 3.0, "subsample": 0.5004090603550322}, "datetime": {"datetime": "2020-04-24 19:26:16", "elapsed": 1061.087985, "delta": 0.799738}}
{"target": 0.6063164, "params": {"alpha": 0.10181112308228013, "colsample_bytree": 0.8637530566413252, "lam": 0.9999972492245628, "max_depth": 5.0, "min_child_weight": 3.0, "subsample": 0.5604568037970156}, "datetime": {"datetime": "2020-04-24 19:26:17", "elapsed": 1061.916578, "delta": 0.828593}}
{"target": 0.6263622, "params": {"alpha": 0.10181112308228013, "colsample_bytree": 0.7228487834282176, "lam": 0.9999972492245628, "max_depth": 5.0, "min_child_weight": 3.0, "subsample": 0.7134485486829464}, "datetime": {"datetime": "2020-04-24 19:26:17", "elapsed": 1062.723555, "delta": 0.806977}}
{"target": 0.6064092, "params": {"alpha": 0.10181112308228013, "colsample_bytree": 0.7470927573720747, "lam": 0.9999972492245628, "max_depth": 5.0, "min_child_weight": 3.0, "subsample": 0.5339177822416099}, "datetime": {"datetime": "2020-04-24 19:26:18", "elapsed": 1063.528271, "delta": 0.804716}}
{"target": 0.6326422, "params": {"alpha": 0.10181112308228013, "colsample_bytree": 0.9, "lam": 0.9999972492245628, "max_depth": 5.0, "min_child_weight": 3.0, "subsample": 0.9}, "datetime": {"datetime": "2020-04-24 19:26:19", "elapsed": 1064.783819, "delta": 1.255548}}
{"target": 0.58844, "params": {"alpha": 0.10181112308228013, "colsample_bytree": 0.5, "lam": 0.9999972492245628, "max_depth": 5.0, "min_child_weight": 3.0, "subsample": 0.6726736714595425}, "datetime": {"datetime": "2020-04-24 19:26:21", "elapsed": 1065.94023, "delta": 1.156411}}
{"target": 0.629293, "params": {"alpha": 0.10181112308228013, "colsample_bytree": 0.7844512087311163, "lam": 0.9999972492245628, "max_depth": 5.0, "min_child_weight": 3.0, "subsample": 0.8988404666150962}, "datetime": {"datetime": "2020-04-24 19:26:22", "elapsed": 1067.107645, "delta": 1.167415}}
{"target": 0.6228894, "params": {"alpha": 0.10181112308228013, "colsample_bytree": 0.9, "lam": 0.9999972492245628, "max_depth": 5.0, "min_child_weight": 3.0, "subsample": 0.5}, "datetime": {"datetime": "2020-04-24 19:26:23", "elapsed": 1068.1992, "delta": 1.091555}}
{"target": 0.6423314, "params": {"alpha": 0.10181112308228013, "colsample_bytree": 0.8992910303145898, "lam": 0.9999972492245628, "max_depth": 5.0, "min_child_weight": 3.0, "subsample": 0.8359578879405272}, "datetime": {"datetime": "2020-04-24 19:26:24", "elapsed": 1069.435931, "delta": 1.236731}}
{"target": 0.6401568, "params": {"alpha": 0.10181112308228013, "colsample_bytree": 0.8504496125277974, "lam": 0.9999972492245628, "max_depth": 5.0, "min_child_weight": 3.0, "subsample": 0.8428368345322312}, "datetime": {"datetime": "2020-04-24 19:26:25", "elapsed": 1070.749677, "delta": 1.313746}}
{"target": 0.6367864, "params": {"alpha": 0.10181112308228013, "colsample_bytree": 0.8993514641487534, "lam": 0.9999972492245628, "max_depth": 5.0, "min_child_weight": 3.0, "subsample": 0.8331446380018811}, "datetime": {"datetime": "2020-04-24 19:26:27", "elapsed": 1071.955288, "delta": 1.205611}}
{"target": 0.6346627999999999, "params": {"alpha": 0.10181112308228013, "colsample_bytree": 0.8531935463176066, "lam": 0.9999972492245628, "max_depth": 5.0, "min_child_weight": 3.0, "subsample": 0.8406162611008363}, "datetime": {"datetime": "2020-04-24 19:26:28", "elapsed": 1073.459583, "delta": 1.504295}}
{"target": 0.6367428, "params": {"alpha": 0.10181112308228013, "colsample_bytree": 0.8985564003542985, "lam": 0.9999972492245628, "max_depth": 5.0, "min_child_weight": 3.0, "subsample": 0.8368391894846743}, "datetime": {"datetime": "2020-04-24 19:26:29", "elapsed": 1074.857725, "delta": 1.398142}}
{"target": 0.6410078, "params": {"alpha": 0.10181112308228013, "colsample_bytree": 0.899891058492162, "lam": 0.9999972492245628, "max_depth": 5.0, "min_child_weight": 3.0, "subsample": 0.8355930655988059}, "datetime": {"datetime": "2020-04-24 19:26:31", "elapsed": 1076.335626, "delta": 1.477901}}
{"target": 0.6419976000000001, "params": {"alpha": 0.10181112308228013, "colsample_bytree": 0.8991714299896144, "lam": 0.9999972492245628, "max_depth": 5.0, "min_child_weight": 3.0, "subsample": 0.8343452759806613}, "datetime": {"datetime": "2020-04-24 19:26:33", "elapsed": 1078.051903, "delta": 1.716277}}
{"target": 0.6404399999999999, "params": {"alpha": 0.10181112308228013, "colsample_bytree": 0.8997372853327532, "lam": 0.9999972492245628, "max_depth": 5.0, "min_child_weight": 3.0, "subsample": 0.8303531474911992}, "datetime": {"datetime": "2020-04-24 19:26:34", "elapsed": 1079.583128, "delta": 1.531225}}
