{"target": 0.6432156, "params": {"max_depth": 6.288169700511821, "min_child_weight": 8.963971767057963}, "datetime": {"datetime": "2020-04-24 23:52:18", "elapsed": 0.0, "delta": 0.0}}
{"target": 0.6461694000000001, "params": {"max_depth": 8.805677036301159, "min_child_weight": 9.413407354951886}, "datetime": {"datetime": "2020-04-24 23:52:19", "elapsed": 1.175356, "delta": 1.175356}}
{"target": 0.6390513999999999, "params": {"max_depth": 8.960800044750524, "min_child_weight": 9.949926213925051}, "datetime": {"datetime": "2020-04-24 23:52:20", "elapsed": 2.332902, "delta": 1.157546}}
{"target": 0.6434684, "params": {"max_depth": 9.740449925806729, "min_child_weight": 9.483583393938536}, "datetime": {"datetime": "2020-04-24 23:52:22", "elapsed": 3.725001, "delta": 1.392099}}
{"target": 0.6408421999999999, "params": {"max_depth": 5.849159487869436, "min_child_weight": 2.8460456425018923}, "datetime": {"datetime": "2020-04-24 23:52:23", "elapsed": 4.59107, "delta": 0.866069}}
{"target": 0.6313704, "params": {"max_depth": 3.892496701399382, "min_child_weight": 3.821744723373337}, "datetime": {"datetime": "2020-04-24 23:52:23", "elapsed": 5.339576, "delta": 0.748506}}
{"target": 0.6024502, "params": {"max_depth": 3.0659526396421004, "min_child_weight": 4.572628270017539}, "datetime": {"datetime": "2020-04-24 23:52:24", "elapsed": 6.061514, "delta": 0.721938}}
{"target": 0.6344196, "params": {"max_depth": 5.227400907139248, "min_child_weight": 4.3578475103408385}, "datetime": {"datetime": "2020-04-24 23:52:25", "elapsed": 6.856063, "delta": 0.794549}}
{"target": 0.6366685999999999, "params": {"max_depth": 4.52266934530361, "min_child_weight": 8.672468073452631}, "datetime": {"datetime": "2020-04-24 23:52:26", "elapsed": 7.655651, "delta": 0.799588}}
{"target": 0.6164864, "params": {"max_depth": 9.9531735449217, "min_child_weight": 5.004018829486069}, "datetime": {"datetime": "2020-04-24 23:52:27", "elapsed": 9.249639, "delta": 1.593988}}
{"target": 0.5992012, "params": {"max_depth": 3.0725227001421866, "min_child_weight": 1.0872934808050254}, "datetime": {"datetime": "2020-04-24 23:52:28", "elapsed": 10.176141, "delta": 0.926502}}
{"target": 0.5938036, "params": {"max_depth": 10.0, "min_child_weight": 1.0}, "datetime": {"datetime": "2020-04-24 23:52:30", "elapsed": 12.43073, "delta": 2.254589}}
{"target": 0.601726, "params": {"max_depth": 3.0583545994920796, "min_child_weight": 9.992402794132952}, "datetime": {"datetime": "2020-04-24 23:52:31", "elapsed": 13.369412, "delta": 0.938682}}
{"target": 0.6151066000000001, "params": {"max_depth": 5.887483937713739, "min_child_weight": 1.004589894140447}, "datetime": {"datetime": "2020-04-24 23:52:32", "elapsed": 14.425063, "delta": 1.055651}}
{"target": 0.6367276000000001, "params": {"max_depth": 8.174540303603958, "min_child_weight": 7.447833680370024}, "datetime": {"datetime": "2020-04-24 23:52:34", "elapsed": 15.677509, "delta": 1.252446}}
{"target": 0.6293398, "params": {"max_depth": 9.99066255493047, "min_child_weight": 7.989470034019275}, "datetime": {"datetime": "2020-04-24 23:52:35", "elapsed": 17.406231, "delta": 1.728722}}
{"target": 0.6206210000000001, "params": {"max_depth": 8.12016520850299, "min_child_weight": 3.0776665222670028}, "datetime": {"datetime": "2020-04-24 23:52:37", "elapsed": 18.810246, "delta": 1.404015}}
{"target": 0.6356678, "params": {"max_depth": 5.959553712710825, "min_child_weight": 7.625017840206688}, "datetime": {"datetime": "2020-04-24 23:52:38", "elapsed": 19.952149, "delta": 1.141903}}
{"target": 0.6393713999999999, "params": {"max_depth": 7.823762237044338, "min_child_weight": 8.791271455586795}, "datetime": {"datetime": "2020-04-24 23:52:39", "elapsed": 21.237012, "delta": 1.284863}}
{"target": 0.6399627999999999, "params": {"max_depth": 5.255709931006239, "min_child_weight": 9.99456743602481}, "datetime": {"datetime": "2020-04-24 23:52:40", "elapsed": 22.377568, "delta": 1.140556}}
{"target": 0.6484144, "params": {"max_depth": 4.640968297154409, "min_child_weight": 2.5537413222925474}, "datetime": {"datetime": "2020-04-24 23:52:41", "elapsed": 23.471124, "delta": 1.093556}}
{"target": 0.6484144, "params": {"max_depth": 4.818510504378692, "min_child_weight": 2.8652422672796414}, "datetime": {"datetime": "2020-04-24 23:52:43", "elapsed": 24.704428, "delta": 1.233304}}
{"target": 0.6340136, "params": {"max_depth": 4.769163869005942, "min_child_weight": 2.37506072816721}, "datetime": {"datetime": "2020-04-24 23:52:44", "elapsed": 25.914184, "delta": 1.209756}}
{"target": 0.6064664000000001, "params": {"max_depth": 7.964214106647087, "min_child_weight": 1.0}, "datetime": {"datetime": "2020-04-24 23:52:45", "elapsed": 27.448193, "delta": 1.534009}}
{"target": 0.6174945999999999, "params": {"max_depth": 7.411096143664136, "min_child_weight": 4.952892381431592}, "datetime": {"datetime": "2020-04-24 23:52:47", "elapsed": 28.651223, "delta": 1.20303}}
{"target": 0.6017268, "params": {"max_depth": 3.0285514428538196, "min_child_weight": 2.7870814095461216}, "datetime": {"datetime": "2020-04-24 23:52:48", "elapsed": 29.588395, "delta": 0.937172}}
{"target": 0.6030172, "params": {"max_depth": 3.004617105160409, "min_child_weight": 7.02457758033205}, "datetime": {"datetime": "2020-04-24 23:52:49", "elapsed": 30.566394, "delta": 0.977999}}
{"target": 0.5990164, "params": {"max_depth": 9.989149066320957, "min_child_weight": 2.999561595354221}, "datetime": {"datetime": "2020-04-24 23:52:51", "elapsed": 32.72119, "delta": 2.154796}}
{"target": 0.639735, "params": {"max_depth": 6.933351033462305, "min_child_weight": 9.982529906084277}, "datetime": {"datetime": "2020-04-24 23:52:52", "elapsed": 34.016077, "delta": 1.294887}}
{"target": 0.6259222000000001, "params": {"max_depth": 4.484056453716052, "min_child_weight": 6.627597622131711}, "datetime": {"datetime": "2020-04-24 23:52:53", "elapsed": 35.102031, "delta": 1.085954}}
{"target": 0.6461694000000001, "params": {"max_depth": 9.088819210201361, "min_child_weight": 8.534700789549436}, "datetime": {"datetime": "2020-04-24 23:52:55", "elapsed": 36.680054, "delta": 1.578023}}
{"target": 0.6484144, "params": {"max_depth": 4.769980020750273, "min_child_weight": 3.2748399881229835}, "datetime": {"datetime": "2020-04-24 23:52:56", "elapsed": 37.903346, "delta": 1.223292}}
{"target": 0.6204322, "params": {"max_depth": 4.387524437928589, "min_child_weight": 3.0269606914993012}, "datetime": {"datetime": "2020-04-24 23:52:57", "elapsed": 39.164219, "delta": 1.260873}}
{"target": 0.6236164000000001, "params": {"max_depth": 8.922858386837735, "min_child_weight": 5.962669042211807}, "datetime": {"datetime": "2020-04-24 23:52:59", "elapsed": 40.753119, "delta": 1.5889}}
{"target": 0.603758, "params": {"max_depth": 3.0, "min_child_weight": 8.60465100742144}, "datetime": {"datetime": "2020-04-24 23:53:00", "elapsed": 41.870228, "delta": 1.117109}}
{"target": 0.6141306, "params": {"max_depth": 8.876666008098432, "min_child_weight": 4.224644399240617}, "datetime": {"datetime": "2020-04-24 23:53:02", "elapsed": 43.59822, "delta": 1.727992}}
{"target": 0.6219692, "params": {"max_depth": 4.2003159782489075, "min_child_weight": 1.0}, "datetime": {"datetime": "2020-04-24 23:53:03", "elapsed": 44.728462, "delta": 1.130242}}
{"target": 0.6303097999999999, "params": {"max_depth": 6.747923547684062, "min_child_weight": 3.72919382084784}, "datetime": {"datetime": "2020-04-24 23:53:04", "elapsed": 46.054016, "delta": 1.325554}}
{"target": 0.6358254000000001, "params": {"max_depth": 6.855311409054565, "min_child_weight": 6.478894351300309}, "datetime": {"datetime": "2020-04-24 23:53:05", "elapsed": 47.328387, "delta": 1.274371}}
{"target": 0.6228393999999999, "params": {"max_depth": 4.034555919162656, "min_child_weight": 5.192586517467124}, "datetime": {"datetime": "2020-04-24 23:53:06", "elapsed": 48.475263, "delta": 1.146876}}
{"target": 0.631118, "params": {"max_depth": 10.0, "min_child_weight": 6.529515267098715}, "datetime": {"datetime": "2020-04-24 23:53:08", "elapsed": 50.310451, "delta": 1.835188}}
{"target": 0.5956977999999999, "params": {"max_depth": 9.163494039203304, "min_child_weight": 1.9469785394603456}, "datetime": {"datetime": "2020-04-24 23:53:10", "elapsed": 52.107793, "delta": 1.797342}}
{"target": 0.6227486000000001, "params": {"max_depth": 4.041969348887751, "min_child_weight": 9.990948052736451}, "datetime": {"datetime": "2020-04-24 23:53:11", "elapsed": 53.180104, "delta": 1.072311}}
{"target": 0.6373406000000001, "params": {"max_depth": 9.983666537386954, "min_child_weight": 9.990419912030015}, "datetime": {"datetime": "2020-04-24 23:53:13", "elapsed": 54.931379, "delta": 1.751275}}
{"target": 0.611381, "params": {"max_depth": 7.196615600289227, "min_child_weight": 1.991254634067289}, "datetime": {"datetime": "2020-04-24 23:53:14", "elapsed": 56.270608, "delta": 1.339229}}
{"target": 0.6215295999999999, "params": {"max_depth": 3.9974952136020026, "min_child_weight": 7.709954032960251}, "datetime": {"datetime": "2020-04-24 23:53:15", "elapsed": 57.308742, "delta": 1.038134}}
{"target": 0.6397077999999999, "params": {"max_depth": 5.6913409260123515, "min_child_weight": 6.17282517456986}, "datetime": {"datetime": "2020-04-24 23:53:16", "elapsed": 58.482545, "delta": 1.173803}}
{"target": 0.6184860000000001, "params": {"max_depth": 3.6455841620509055, "min_child_weight": 1.8455845241728703}, "datetime": {"datetime": "2020-04-24 23:53:18", "elapsed": 59.584097, "delta": 1.101552}}
{"target": 0.6300454, "params": {"max_depth": 9.209245604519513, "min_child_weight": 7.215580822110281}, "datetime": {"datetime": "2020-04-24 23:53:19", "elapsed": 61.111336, "delta": 1.527239}}
{"target": 0.6386446, "params": {"max_depth": 5.567632322114102, "min_child_weight": 3.5622506976005264}, "datetime": {"datetime": "2020-04-24 23:53:20", "elapsed": 62.254612, "delta": 1.143276}}
{"target": 0.637198, "params": {"max_depth": 7.079994764032589, "min_child_weight": 7.8479264870534795}, "datetime": {"datetime": "2020-04-24 23:53:21", "elapsed": 63.461105, "delta": 1.206493}}
{"target": 0.6419294, "params": {"max_depth": 7.864430587114778, "min_child_weight": 9.970418283032812}, "datetime": {"datetime": "2020-04-24 23:53:23", "elapsed": 64.801462, "delta": 1.340357}}
{"target": 0.6366685999999999, "params": {"max_depth": 5.402785502876338, "min_child_weight": 9.17009698412006}, "datetime": {"datetime": "2020-04-24 23:53:24", "elapsed": 65.921946, "delta": 1.120484}}
{"target": 0.6313704, "params": {"max_depth": 4.480028663933082, "min_child_weight": 4.344344936167229}, "datetime": {"datetime": "2020-04-24 23:53:25", "elapsed": 67.040929, "delta": 1.118983}}
{"target": 0.6238319999999999, "params": {"max_depth": 6.191372719776295, "min_child_weight": 5.363358147989497}, "datetime": {"datetime": "2020-04-24 23:53:26", "elapsed": 68.134248, "delta": 1.093319}}
{"target": 0.6196151999999999, "params": {"max_depth": 7.023832664010321, "min_child_weight": 1.0105730210211366}, "datetime": {"datetime": "2020-04-24 23:53:27", "elapsed": 69.462708, "delta": 1.32846}}
{"target": 0.6279406, "params": {"max_depth": 7.845508814453256, "min_child_weight": 6.33931285536716}, "datetime": {"datetime": "2020-04-24 23:53:29", "elapsed": 71.008068, "delta": 1.54536}}
{"target": 0.6369948, "params": {"max_depth": 5.056241780829031, "min_child_weight": 7.961098544335222}, "datetime": {"datetime": "2020-04-24 23:53:30", "elapsed": 72.270182, "delta": 1.262114}}
{"target": 0.6363366, "params": {"max_depth": 6.1177240141218725, "min_child_weight": 9.964257482042246}, "datetime": {"datetime": "2020-04-24 23:53:31", "elapsed": 73.490899, "delta": 1.220717}}
{"target": 0.6368668, "params": {"max_depth": 6.940821197124555, "min_child_weight": 2.9302360731173644}, "datetime": {"datetime": "2020-04-24 23:53:33", "elapsed": 74.848031, "delta": 1.357132}}
{"target": 0.6357974, "params": {"max_depth": 4.942148296137914, "min_child_weight": 5.576230882292457}, "datetime": {"datetime": "2020-04-24 23:53:34", "elapsed": 75.929386, "delta": 1.081355}}
{"target": 0.6433128, "params": {"max_depth": 7.116062286914362, "min_child_weight": 9.313917265372664}, "datetime": {"datetime": "2020-04-24 23:53:35", "elapsed": 77.179063, "delta": 1.249677}}
{"target": 0.6434684, "params": {"max_depth": 10.0, "min_child_weight": 9.009538691846112}, "datetime": {"datetime": "2020-04-24 23:53:37", "elapsed": 78.98376, "delta": 1.804697}}
{"target": 0.6135619999999999, "params": {"max_depth": 7.758467574870041, "min_child_weight": 3.914752324358246}, "datetime": {"datetime": "2020-04-24 23:53:38", "elapsed": 80.464148, "delta": 1.480388}}
{"target": 0.6304178, "params": {"max_depth": 5.370258551646392, "min_child_weight": 6.934068828254016}, "datetime": {"datetime": "2020-04-24 23:53:40", "elapsed": 81.6274, "delta": 1.163252}}
{"target": 0.6284442, "params": {"max_depth": 8.471307161916664, "min_child_weight": 8.277372390894444}, "datetime": {"datetime": "2020-04-24 23:53:41", "elapsed": 82.966839, "delta": 1.339439}}
{"target": 0.6461694000000001, "params": {"max_depth": 9.454403477016553, "min_child_weight": 8.899240819294583}, "datetime": {"datetime": "2020-04-24 23:53:42", "elapsed": 84.526436, "delta": 1.559597}}
{"target": 0.6433128, "params": {"max_depth": 6.807025767241547, "min_child_weight": 8.531867619187}, "datetime": {"datetime": "2020-04-24 23:53:44", "elapsed": 85.833418, "delta": 1.306982}}
{"target": 0.6356678, "params": {"max_depth": 5.803601719321922, "min_child_weight": 8.440057437270442}, "datetime": {"datetime": "2020-04-24 23:53:45", "elapsed": 87.138853, "delta": 1.305435}}
{"target": 0.6484144, "params": {"max_depth": 5.155330385432415, "min_child_weight": 3.187667137306828}, "datetime": {"datetime": "2020-04-24 23:53:46", "elapsed": 88.529057, "delta": 1.390204}}
{"target": 0.6311198, "params": {"max_depth": 7.370657811484304, "min_child_weight": 7.040704936723675}, "datetime": {"datetime": "2020-04-24 23:53:48", "elapsed": 89.895201, "delta": 1.366144}}
{"target": 0.6393713999999999, "params": {"max_depth": 8.071980330250732, "min_child_weight": 9.378290517439066}, "datetime": {"datetime": "2020-04-24 23:53:49", "elapsed": 91.357182, "delta": 1.461981}}
{"target": 0.6366685999999999, "params": {"max_depth": 4.632126751196652, "min_child_weight": 9.47788696789683}, "datetime": {"datetime": "2020-04-24 23:53:51", "elapsed": 92.637352, "delta": 1.28017}}
{"target": 0.6411648, "params": {"max_depth": 6.316227440379039, "min_child_weight": 6.776740936041788}, "datetime": {"datetime": "2020-04-24 23:53:52", "elapsed": 93.969573, "delta": 1.332221}}
{"target": 0.6344196, "params": {"max_depth": 4.85786112855508, "min_child_weight": 3.7281473056421572}, "datetime": {"datetime": "2020-04-24 23:53:53", "elapsed": 95.156349, "delta": 1.186776}}
{"target": 0.6408421999999999, "params": {"max_depth": 6.350819131894834, "min_child_weight": 3.150369109008871}, "datetime": {"datetime": "2020-04-24 23:53:55", "elapsed": 96.567378, "delta": 1.411029}}
{"target": 0.6099646, "params": {"max_depth": 9.99673285079978, "min_child_weight": 3.987024842185065}, "datetime": {"datetime": "2020-04-24 23:53:57", "elapsed": 98.780091, "delta": 2.212713}}
{"target": 0.6321364, "params": {"max_depth": 3.7712601605898266, "min_child_weight": 9.165224782494995}, "datetime": {"datetime": "2020-04-24 23:53:58", "elapsed": 99.960751, "delta": 1.18066}}
{"target": 0.6461694000000001, "params": {"max_depth": 8.9776936967178, "min_child_weight": 8.94820221031172}, "datetime": {"datetime": "2020-04-24 23:54:00", "elapsed": 101.611769, "delta": 1.651018}}
{"target": 0.6367276000000001, "params": {"max_depth": 8.477421046988237, "min_child_weight": 6.835883167853444}, "datetime": {"datetime": "2020-04-24 23:54:01", "elapsed": 103.207731, "delta": 1.595962}}
{"target": 0.6071076, "params": {"max_depth": 9.153596228709594, "min_child_weight": 3.2302930074282674}, "datetime": {"datetime": "2020-04-24 23:54:03", "elapsed": 105.082201, "delta": 1.87447}}
{"target": 0.6388032, "params": {"max_depth": 5.367731647335846, "min_child_weight": 5.028663468375642}, "datetime": {"datetime": "2020-04-24 23:54:04", "elapsed": 106.299242, "delta": 1.217041}}
{"target": 0.6433128, "params": {"max_depth": 7.263077600969727, "min_child_weight": 8.768765897438536}, "datetime": {"datetime": "2020-04-24 23:54:06", "elapsed": 107.759394, "delta": 1.460152}}
{"target": 0.636115, "params": {"max_depth": 9.48734668309095, "min_child_weight": 8.371778900486483}, "datetime": {"datetime": "2020-04-24 23:54:08", "elapsed": 109.601059, "delta": 1.841665}}
{"target": 0.6461694000000001, "params": {"max_depth": 9.256016703051237, "min_child_weight": 9.391617614132077}, "datetime": {"datetime": "2020-04-24 23:54:09", "elapsed": 111.373979, "delta": 1.77292}}
{"target": 0.6433128, "params": {"max_depth": 6.577538701548836, "min_child_weight": 9.429497045151763}, "datetime": {"datetime": "2020-04-24 23:54:11", "elapsed": 112.872935, "delta": 1.498956}}
{"target": 0.6484144, "params": {"max_depth": 4.964131655001786, "min_child_weight": 3.034314439985433}, "datetime": {"datetime": "2020-04-24 23:54:12", "elapsed": 114.347257, "delta": 1.474322}}
{"target": 0.6313704, "params": {"max_depth": 3.740508410857307, "min_child_weight": 4.368597969475669}, "datetime": {"datetime": "2020-04-24 23:54:14", "elapsed": 115.671936, "delta": 1.324679}}
{"target": 0.6419294, "params": {"max_depth": 8.392999547153362, "min_child_weight": 9.982939826604614}, "datetime": {"datetime": "2020-04-24 23:54:15", "elapsed": 117.344972, "delta": 1.673036}}
{"target": 0.6434684, "params": {"max_depth": 9.996005376422218, "min_child_weight": 9.403819170843905}, "datetime": {"datetime": "2020-04-24 23:54:17", "elapsed": 119.386662, "delta": 2.04169}}
{"target": 0.6397077999999999, "params": {"max_depth": 6.2439617706420645, "min_child_weight": 6.237886397552892}, "datetime": {"datetime": "2020-04-24 23:54:19", "elapsed": 120.968959, "delta": 1.582297}}
{"target": 0.6484144, "params": {"max_depth": 4.975102831753199, "min_child_weight": 3.2400463610286585}, "datetime": {"datetime": "2020-04-24 23:54:21", "elapsed": 122.700495, "delta": 1.731536}}
{"target": 0.6433128, "params": {"max_depth": 6.729858386759425, "min_child_weight": 9.060719985523235}, "datetime": {"datetime": "2020-04-24 23:54:22", "elapsed": 124.292684, "delta": 1.592189}}
{"target": 0.6484144, "params": {"max_depth": 5.037862432146465, "min_child_weight": 2.993878411289071}, "datetime": {"datetime": "2020-04-24 23:54:24", "elapsed": 125.69534, "delta": 1.402656}}
{"target": 0.6484144, "params": {"max_depth": 4.961892756149409, "min_child_weight": 3.0965681230460618}, "datetime": {"datetime": "2020-04-24 23:54:25", "elapsed": 127.251644, "delta": 1.556304}}
{"target": 0.6363366, "params": {"max_depth": 5.892966072439847, "min_child_weight": 9.50044183444977}, "datetime": {"datetime": "2020-04-24 23:54:27", "elapsed": 128.779599, "delta": 1.527955}}
{"target": 0.6461694000000001, "params": {"max_depth": 9.214107627964612, "min_child_weight": 9.063814300133142}, "datetime": {"datetime": "2020-04-24 23:54:29", "elapsed": 130.820468, "delta": 2.040869}}
{"target": 0.625424, "params": {"max_depth": 3.637137220248712, "min_child_weight": 6.234782789626313}, "datetime": {"datetime": "2020-04-24 23:54:30", "elapsed": 132.416087, "delta": 1.595619}}
{"target": 0.6386446, "params": {"max_depth": 5.9995835750637525, "min_child_weight": 4.3947122583133496}, "datetime": {"datetime": "2020-04-24 23:54:32", "elapsed": 134.303259, "delta": 1.887172}}
{"target": 0.6408421999999999, "params": {"max_depth": 6.437657562452666, "min_child_weight": 2.554357681537083}, "datetime": {"datetime": "2020-04-24 23:54:34", "elapsed": 136.141636, "delta": 1.838377}}
{"target": 0.6484144, "params": {"max_depth": 4.999542040723632, "min_child_weight": 3.18717010275982}, "datetime": {"datetime": "2020-04-24 23:54:36", "elapsed": 137.838268, "delta": 1.696632}}
{"target": 0.6484144, "params": {"max_depth": 4.867250255922771, "min_child_weight": 2.9235363141084227}, "datetime": {"datetime": "2020-04-24 23:54:37", "elapsed": 139.541063, "delta": 1.702795}}
{"target": 0.6484144, "params": {"max_depth": 4.892000866109936, "min_child_weight": 3.0654972980239377}, "datetime": {"datetime": "2020-04-24 23:54:39", "elapsed": 141.182085, "delta": 1.641022}}
{"target": 0.6356678, "params": {"max_depth": 6.4621721156581895, "min_child_weight": 8.083213116158586}, "datetime": {"datetime": "2020-04-24 23:54:41", "elapsed": 142.727913, "delta": 1.545828}}
{"target": 0.637198, "params": {"max_depth": 7.483856072375248, "min_child_weight": 8.242878108055404}, "datetime": {"datetime": "2020-04-24 23:54:42", "elapsed": 144.468132, "delta": 1.740219}}
{"target": 0.6484144, "params": {"max_depth": 4.961248789022704, "min_child_weight": 3.1247641334611505}, "datetime": {"datetime": "2020-04-24 23:54:44", "elapsed": 146.244749, "delta": 1.776617}}
{"target": 0.6484144, "params": {"max_depth": 4.866893530549789, "min_child_weight": 2.808606569594639}, "datetime": {"datetime": "2020-04-24 23:54:46", "elapsed": 148.272585, "delta": 2.027836}}
{"target": 0.6484144, "params": {"max_depth": 4.982836953570591, "min_child_weight": 3.0900751320627773}, "datetime": {"datetime": "2020-04-24 23:54:48", "elapsed": 150.089352, "delta": 1.816767}}
{"target": 0.631118, "params": {"max_depth": 9.998865951140434, "min_child_weight": 7.167434442929272}, "datetime": {"datetime": "2020-04-24 23:54:50", "elapsed": 152.529024, "delta": 2.439672}}
{"target": 0.6484144, "params": {"max_depth": 4.941401219773727, "min_child_weight": 3.139640204789388}, "datetime": {"datetime": "2020-04-24 23:54:52", "elapsed": 154.34666, "delta": 1.817636}}
{"target": 0.6484144, "params": {"max_depth": 4.977745416921271, "min_child_weight": 2.9462422374343533}, "datetime": {"datetime": "2020-04-24 23:54:54", "elapsed": 156.107331, "delta": 1.760671}}
