{"target": 0.6433128, "params": {"max_depth": 6.621690937408462, "min_child_weight": 8.65438618943616}, "datetime": {"datetime": "2020-04-24 22:51:45", "elapsed": 0.0, "delta": 0.0}}
{"target": 0.6215295999999999, "params": {"max_depth": 3.7642888018178624, "min_child_weight": 8.232568335342172}, "datetime": {"datetime": "2020-04-24 22:51:45", "elapsed": 0.750616, "delta": 0.750616}}
{"target": 0.6369948, "params": {"max_depth": 4.85949985324851, "min_child_weight": 7.980853609243012}, "datetime": {"datetime": "2020-04-24 22:51:46", "elapsed": 1.551056, "delta": 0.80044}}
{"target": 0.6367276000000001, "params": {"max_depth": 8.039096692498756, "min_child_weight": 6.8633000100349}, "datetime": {"datetime": "2020-04-24 22:51:47", "elapsed": 2.590706, "delta": 1.03965}}
{"target": 0.636115, "params": {"max_depth": 9.359923345966175, "min_child_weight": 7.575373549737616}, "datetime": {"datetime": "2020-04-24 22:51:48", "elapsed": 3.791225, "delta": 1.200519}}
{"target": 0.6358254000000001, "params": {"max_depth": 7.253376863656893, "min_child_weight": 6.4269807349587635}, "datetime": {"datetime": "2020-04-24 22:51:49", "elapsed": 4.721061, "delta": 0.929836}}
{"target": 0.6017268, "params": {"max_depth": 3.060595451880038, "min_child_weight": 3.0552655008431744}, "datetime": {"datetime": "2020-04-24 22:51:50", "elapsed": 5.435942, "delta": 0.714881}}
{"target": 0.6227486000000001, "params": {"max_depth": 4.020120744208827, "min_child_weight": 9.554114834439666}, "datetime": {"datetime": "2020-04-24 22:51:51", "elapsed": 6.187741, "delta": 0.751799}}
{"target": 0.6017268, "params": {"max_depth": 3.432056501271505, "min_child_weight": 2.656678310140089}, "datetime": {"datetime": "2020-04-24 22:51:52", "elapsed": 6.900296, "delta": 0.712555}}
{"target": 0.6008495999999999, "params": {"max_depth": 7.517888771657969, "min_child_weight": 1.7828456262804733}, "datetime": {"datetime": "2020-04-24 22:51:53", "elapsed": 8.065425, "delta": 1.165129}}
{"target": 0.6373406000000001, "params": {"max_depth": 9.903831405940593, "min_child_weight": 9.97979661122793}, "datetime": {"datetime": "2020-04-24 22:51:54", "elapsed": 9.766228, "delta": 1.700803}}
{"target": 0.639735, "params": {"max_depth": 7.454747980235148, "min_child_weight": 9.984142764976186}, "datetime": {"datetime": "2020-04-24 22:51:56", "elapsed": 11.082509, "delta": 1.316281}}
{"target": 0.6433128, "params": {"max_depth": 7.271764491102211, "min_child_weight": 8.518319792292447}, "datetime": {"datetime": "2020-04-24 22:51:57", "elapsed": 12.417832, "delta": 1.335323}}
{"target": 0.637198, "params": {"max_depth": 6.826907010793749, "min_child_weight": 8.45583905282066}, "datetime": {"datetime": "2020-04-24 22:51:58", "elapsed": 13.767856, "delta": 1.350024}}
{"target": 0.6393713999999999, "params": {"max_depth": 7.898506838345574, "min_child_weight": 8.88275612325346}, "datetime": {"datetime": "2020-04-24 22:52:00", "elapsed": 15.113063, "delta": 1.345207}}
{"target": 0.6432156, "params": {"max_depth": 6.477901075320032, "min_child_weight": 8.57574840457217}, "datetime": {"datetime": "2020-04-24 22:52:01", "elapsed": 16.393952, "delta": 1.280889}}
{"target": 0.6432156, "params": {"max_depth": 6.350296366550605, "min_child_weight": 8.965072462611175}, "datetime": {"datetime": "2020-04-24 22:52:02", "elapsed": 17.651513, "delta": 1.257561}}
{"target": 0.6432156, "params": {"max_depth": 6.291416792650168, "min_child_weight": 9.198097299730716}, "datetime": {"datetime": "2020-04-24 22:52:04", "elapsed": 18.945059, "delta": 1.293546}}
{"target": 0.6363366, "params": {"max_depth": 6.4016773173885255, "min_child_weight": 9.992885820381284}, "datetime": {"datetime": "2020-04-24 22:52:05", "elapsed": 20.186698, "delta": 1.241639}}
{"target": 0.6356678, "params": {"max_depth": 6.2184914634867, "min_child_weight": 8.256991598760237}, "datetime": {"datetime": "2020-04-24 22:52:06", "elapsed": 21.40363, "delta": 1.216932}}
{"target": 0.5938036, "params": {"max_depth": 9.999999999990472, "min_child_weight": 1.0}, "datetime": {"datetime": "2020-04-24 22:52:09", "elapsed": 23.886717, "delta": 2.483087}}
{"target": 0.6099646, "params": {"max_depth": 9.991689005241295, "min_child_weight": 3.829701082157843}, "datetime": {"datetime": "2020-04-24 22:52:11", "elapsed": 26.006327, "delta": 2.11961}}
{"target": 0.5992012, "params": {"max_depth": 3.0000000000000804, "min_child_weight": 1.0}, "datetime": {"datetime": "2020-04-24 22:52:12", "elapsed": 27.144555, "delta": 1.138228}}
{"target": 0.6388032, "params": {"max_depth": 5.307447129355598, "min_child_weight": 5.168264517825288}, "datetime": {"datetime": "2020-04-24 22:52:13", "elapsed": 28.308603, "delta": 1.164048}}
{"target": 0.6174945999999999, "params": {"max_depth": 7.0848596928325325, "min_child_weight": 4.508242245253134}, "datetime": {"datetime": "2020-04-24 22:52:14", "elapsed": 29.713983, "delta": 1.40538}}
{"target": 0.6186006, "params": {"max_depth": 9.962265286155144, "min_child_weight": 6.182933064579691}, "datetime": {"datetime": "2020-04-24 22:52:17", "elapsed": 31.869781, "delta": 2.155798}}
{"target": 0.625424, "params": {"max_depth": 4.1980915218633506, "min_child_weight": 5.889542418519106}, "datetime": {"datetime": "2020-04-24 22:52:18", "elapsed": 32.965535, "delta": 1.095754}}
{"target": 0.6434684, "params": {"max_depth": 9.986960080491587, "min_child_weight": 8.761583492404228}, "datetime": {"datetime": "2020-04-24 22:52:19", "elapsed": 34.825875, "delta": 1.86034}}
{"target": 0.6397077999999999, "params": {"max_depth": 5.659903058383006, "min_child_weight": 6.177244118413757}, "datetime": {"datetime": "2020-04-24 22:52:21", "elapsed": 36.066526, "delta": 1.240651}}
{"target": 0.6461694000000001, "params": {"max_depth": 9.336832468901406, "min_child_weight": 9.149101158961843}, "datetime": {"datetime": "2020-04-24 22:52:22", "elapsed": 37.650088, "delta": 1.583562}}
{"target": 0.6390513999999999, "params": {"max_depth": 9.056616661803577, "min_child_weight": 9.52993948093917}, "datetime": {"datetime": "2020-04-24 22:52:24", "elapsed": 39.331992, "delta": 1.681904}}
{"target": 0.6461694000000001, "params": {"max_depth": 9.32469593827712, "min_child_weight": 8.659531679389254}, "datetime": {"datetime": "2020-04-24 22:52:25", "elapsed": 40.831498, "delta": 1.499506}}
{"target": 0.6433128, "params": {"max_depth": 6.957892590255929, "min_child_weight": 9.324145266398556}, "datetime": {"datetime": "2020-04-24 22:52:27", "elapsed": 42.326616, "delta": 1.495118}}
{"target": 0.6434684, "params": {"max_depth": 9.62659440963436, "min_child_weight": 8.993255816102469}, "datetime": {"datetime": "2020-04-24 22:52:29", "elapsed": 44.155366, "delta": 1.82875}}
{"target": 0.6461694000000001, "params": {"max_depth": 9.17537280374173, "min_child_weight": 8.635793912399976}, "datetime": {"datetime": "2020-04-24 22:52:30", "elapsed": 45.831095, "delta": 1.675729}}
{"target": 0.6461694000000001, "params": {"max_depth": 9.030221146841377, "min_child_weight": 8.544813869017833}, "datetime": {"datetime": "2020-04-24 22:52:32", "elapsed": 47.545995, "delta": 1.7149}}
{"target": 0.6461694000000001, "params": {"max_depth": 9.203341354730224, "min_child_weight": 8.617493051751566}, "datetime": {"datetime": "2020-04-24 22:52:34", "elapsed": 49.180986, "delta": 1.634991}}
{"target": 0.636115, "params": {"max_depth": 8.949793565209783, "min_child_weight": 8.472728407428583}, "datetime": {"datetime": "2020-04-24 22:52:36", "elapsed": 50.855002, "delta": 1.674016}}
{"target": 0.6393867999999999, "params": {"max_depth": 5.42996822773708, "min_child_weight": 1.0085084253091212}, "datetime": {"datetime": "2020-04-24 22:52:37", "elapsed": 52.26292, "delta": 1.407918}}
{"target": 0.6151066000000001, "params": {"max_depth": 6.2393241083698125, "min_child_weight": 1.0004093126675406}, "datetime": {"datetime": "2020-04-24 22:52:38", "elapsed": 53.553112, "delta": 1.290192}}
{"target": 0.601726, "params": {"max_depth": 3.011718768915176, "min_child_weight": 9.957572413722929}, "datetime": {"datetime": "2020-04-24 22:52:39", "elapsed": 54.796261, "delta": 1.243149}}
{"target": 0.6318164, "params": {"max_depth": 5.593048538239127, "min_child_weight": 2.4760505465159373}, "datetime": {"datetime": "2020-04-24 22:52:41", "elapsed": 56.29129, "delta": 1.495029}}
{"target": 0.6219692, "params": {"max_depth": 4.46513310856006, "min_child_weight": 1.004219832367319}, "datetime": {"datetime": "2020-04-24 22:52:42", "elapsed": 57.733947, "delta": 1.442657}}
{"target": 0.6276526, "params": {"max_depth": 8.614334983813569, "min_child_weight": 5.462348507618546}, "datetime": {"datetime": "2020-04-24 22:52:44", "elapsed": 59.52597, "delta": 1.792023}}
{"target": 0.6344196, "params": {"max_depth": 4.725293067755114, "min_child_weight": 4.026768174685708}, "datetime": {"datetime": "2020-04-24 22:52:46", "elapsed": 60.979044, "delta": 1.453074}}
{"target": 0.6366685999999999, "params": {"max_depth": 5.241426059363499, "min_child_weight": 8.98842108166862}, "datetime": {"datetime": "2020-04-24 22:52:47", "elapsed": 62.371244, "delta": 1.3922}}
{"target": 0.5942738000000001, "params": {"max_depth": 9.999580772721053, "min_child_weight": 2.3350919876345033}, "datetime": {"datetime": "2020-04-24 22:52:50", "elapsed": 64.860744, "delta": 2.4895}}
{"target": 0.6293398, "params": {"max_depth": 9.97187661635136, "min_child_weight": 8.227480167750555}, "datetime": {"datetime": "2020-04-24 22:52:52", "elapsed": 66.974925, "delta": 2.114181}}
{"target": 0.6024502, "params": {"max_depth": 3.00449579347473, "min_child_weight": 5.42160298046074}, "datetime": {"datetime": "2020-04-24 22:52:53", "elapsed": 68.328388, "delta": 1.353463}}
{"target": 0.6386446, "params": {"max_depth": 5.665836592895398, "min_child_weight": 3.96968235205542}, "datetime": {"datetime": "2020-04-24 22:52:54", "elapsed": 69.764677, "delta": 1.436289}}
{"target": 0.6300454, "params": {"max_depth": 8.870745460474442, "min_child_weight": 6.57162050632763}, "datetime": {"datetime": "2020-04-24 22:52:56", "elapsed": 71.537781, "delta": 1.773104}}
{"target": 0.6304178, "params": {"max_depth": 4.962963819534779, "min_child_weight": 6.961228192846807}, "datetime": {"datetime": "2020-04-24 22:52:58", "elapsed": 72.855074, "delta": 1.317293}}
{"target": 0.6141306, "params": {"max_depth": 8.701426878473526, "min_child_weight": 3.579289726263782}, "datetime": {"datetime": "2020-04-24 22:52:59", "elapsed": 74.706242, "delta": 1.851168}}
{"target": 0.6397077999999999, "params": {"max_depth": 6.201955386379126, "min_child_weight": 5.588762724765383}, "datetime": {"datetime": "2020-04-24 22:53:01", "elapsed": 76.056142, "delta": 1.3499}}
{"target": 0.6434684, "params": {"max_depth": 9.974777420429135, "min_child_weight": 9.371697975431905}, "datetime": {"datetime": "2020-04-24 22:53:03", "elapsed": 77.997405, "delta": 1.941263}}
{"target": 0.6340136, "params": {"max_depth": 5.255999971003703, "min_child_weight": 1.6093189965342694}, "datetime": {"datetime": "2020-04-24 22:53:04", "elapsed": 79.400217, "delta": 1.402812}}
{"target": 0.6461694000000001, "params": {"max_depth": 9.43343526791126, "min_child_weight": 8.854116874385571}, "datetime": {"datetime": "2020-04-24 22:53:06", "elapsed": 81.172969, "delta": 1.772752}}
{"target": 0.6461694000000001, "params": {"max_depth": 9.269408427865187, "min_child_weight": 8.956001425265164}, "datetime": {"datetime": "2020-04-24 22:53:08", "elapsed": 82.962863, "delta": 1.789894}}
{"target": 0.6461694000000001, "params": {"max_depth": 9.45750390640675, "min_child_weight": 8.87975590528993}, "datetime": {"datetime": "2020-04-24 22:53:09", "elapsed": 84.688365, "delta": 1.725502}}
{"target": 0.6461694000000001, "params": {"max_depth": 9.435299183443693, "min_child_weight": 8.846363208769358}, "datetime": {"datetime": "2020-04-24 22:53:11", "elapsed": 86.534855, "delta": 1.84649}}
{"target": 0.6461694000000001, "params": {"max_depth": 9.25462039467568, "min_child_weight": 8.893343920929887}, "datetime": {"datetime": "2020-04-24 22:53:13", "elapsed": 88.437849, "delta": 1.902994}}
{"target": 0.6461694000000001, "params": {"max_depth": 9.467381645375864, "min_child_weight": 8.842248567579063}, "datetime": {"datetime": "2020-04-24 22:53:15", "elapsed": 90.029068, "delta": 1.591219}}
{"target": 0.6461694000000001, "params": {"max_depth": 9.356888213502362, "min_child_weight": 8.886831746275975}, "datetime": {"datetime": "2020-04-24 22:53:17", "elapsed": 91.8716, "delta": 1.842532}}
{"target": 0.6433128, "params": {"max_depth": 7.124340493724219, "min_child_weight": 9.030535712844479}, "datetime": {"datetime": "2020-04-24 22:53:18", "elapsed": 93.296143, "delta": 1.424543}}
{"target": 0.6461694000000001, "params": {"max_depth": 9.462118313073695, "min_child_weight": 8.868115607489372}, "datetime": {"datetime": "2020-04-24 22:53:20", "elapsed": 95.069249, "delta": 1.773106}}
{"target": 0.6461694000000001, "params": {"max_depth": 9.29757071410394, "min_child_weight": 8.899423299705633}, "datetime": {"datetime": "2020-04-24 22:53:21", "elapsed": 96.800244, "delta": 1.730995}}
{"target": 0.6434684, "params": {"max_depth": 9.503318240118086, "min_child_weight": 8.855601223194405}, "datetime": {"datetime": "2020-04-24 22:53:23", "elapsed": 98.748122, "delta": 1.947878}}
{"target": 0.6461694000000001, "params": {"max_depth": 9.20366793136157, "min_child_weight": 8.893864830063167}, "datetime": {"datetime": "2020-04-24 22:53:25", "elapsed": 100.562607, "delta": 1.814485}}
{"target": 0.6461694000000001, "params": {"max_depth": 9.174959448770862, "min_child_weight": 8.907529818528701}, "datetime": {"datetime": "2020-04-24 22:53:27", "elapsed": 102.314389, "delta": 1.751782}}
{"target": 0.6461694000000001, "params": {"max_depth": 9.203751069881712, "min_child_weight": 8.92659331250351}, "datetime": {"datetime": "2020-04-24 22:53:29", "elapsed": 104.158323, "delta": 1.843934}}
{"target": 0.6461694000000001, "params": {"max_depth": 9.24208296901859, "min_child_weight": 8.961501991603726}, "datetime": {"datetime": "2020-04-24 22:53:31", "elapsed": 105.91834, "delta": 1.760017}}
{"target": 0.6461694000000001, "params": {"max_depth": 9.232576804698047, "min_child_weight": 8.917786944350912}, "datetime": {"datetime": "2020-04-24 22:53:32", "elapsed": 107.706167, "delta": 1.787827}}
{"target": 0.6461694000000001, "params": {"max_depth": 9.260060043519836, "min_child_weight": 8.898361090250598}, "datetime": {"datetime": "2020-04-24 22:53:34", "elapsed": 109.368024, "delta": 1.661857}}
{"target": 0.6461694000000001, "params": {"max_depth": 9.38755625796005, "min_child_weight": 8.872100733788042}, "datetime": {"datetime": "2020-04-24 22:53:36", "elapsed": 111.042695, "delta": 1.674671}}
{"target": 0.6461694000000001, "params": {"max_depth": 9.31077484837315, "min_child_weight": 8.8772215638674}, "datetime": {"datetime": "2020-04-24 22:53:38", "elapsed": 112.937674, "delta": 1.894979}}
{"target": 0.6461694000000001, "params": {"max_depth": 9.280144625286205, "min_child_weight": 8.956289598228466}, "datetime": {"datetime": "2020-04-24 22:53:39", "elapsed": 114.699918, "delta": 1.762244}}
{"target": 0.6461694000000001, "params": {"max_depth": 9.338494015649577, "min_child_weight": 8.849437626615206}, "datetime": {"datetime": "2020-04-24 22:53:41", "elapsed": 116.595246, "delta": 1.895328}}
{"target": 0.6461694000000001, "params": {"max_depth": 9.238029362948952, "min_child_weight": 8.889108892536758}, "datetime": {"datetime": "2020-04-24 22:53:43", "elapsed": 118.347195, "delta": 1.751949}}
{"target": 0.6461694000000001, "params": {"max_depth": 9.337771385748397, "min_child_weight": 8.802856396411983}, "datetime": {"datetime": "2020-04-24 22:53:45", "elapsed": 120.249929, "delta": 1.902734}}
{"target": 0.6461694000000001, "params": {"max_depth": 9.293468698874037, "min_child_weight": 8.823924565893623}, "datetime": {"datetime": "2020-04-24 22:53:47", "elapsed": 122.268681, "delta": 2.018752}}
{"target": 0.6461694000000001, "params": {"max_depth": 9.332903506198047, "min_child_weight": 8.85931693937799}, "datetime": {"datetime": "2020-04-24 22:53:49", "elapsed": 123.983817, "delta": 1.715136}}
{"target": 0.6461694000000001, "params": {"max_depth": 9.265661416409237, "min_child_weight": 8.94066709644634}, "datetime": {"datetime": "2020-04-24 22:53:51", "elapsed": 125.965735, "delta": 1.981918}}
{"target": 0.6461694000000001, "params": {"max_depth": 9.417550698841744, "min_child_weight": 9.003978007320283}, "datetime": {"datetime": "2020-04-24 22:53:53", "elapsed": 127.892184, "delta": 1.926449}}
{"target": 0.6461694000000001, "params": {"max_depth": 9.203116594771155, "min_child_weight": 8.920274336290117}, "datetime": {"datetime": "2020-04-24 22:53:54", "elapsed": 129.803903, "delta": 1.911719}}
{"target": 0.6461694000000001, "params": {"max_depth": 9.374142349058008, "min_child_weight": 8.971827592495266}, "datetime": {"datetime": "2020-04-24 22:53:57", "elapsed": 131.873645, "delta": 2.069742}}
{"target": 0.6461694000000001, "params": {"max_depth": 9.316030716447147, "min_child_weight": 8.81870951743708}, "datetime": {"datetime": "2020-04-24 22:53:58", "elapsed": 133.780864, "delta": 1.907219}}
{"target": 0.6461694000000001, "params": {"max_depth": 9.339880292919467, "min_child_weight": 8.892704884647841}, "datetime": {"datetime": "2020-04-24 22:54:00", "elapsed": 135.638014, "delta": 1.85715}}
{"target": 0.6461694000000001, "params": {"max_depth": 9.382501672664048, "min_child_weight": 8.987337365304596}, "datetime": {"datetime": "2020-04-24 22:54:02", "elapsed": 137.551075, "delta": 1.913061}}
{"target": 0.6461694000000001, "params": {"max_depth": 9.351719250136423, "min_child_weight": 8.84509304141444}, "datetime": {"datetime": "2020-04-24 22:54:04", "elapsed": 139.4777, "delta": 1.926625}}
{"target": 0.6461694000000001, "params": {"max_depth": 9.29499169062516, "min_child_weight": 8.830045992257507}, "datetime": {"datetime": "2020-04-24 22:54:06", "elapsed": 141.431352, "delta": 1.953652}}
{"target": 0.6461694000000001, "params": {"max_depth": 9.266778772974138, "min_child_weight": 8.838500046389678}, "datetime": {"datetime": "2020-04-24 22:54:08", "elapsed": 143.447515, "delta": 2.016163}}
{"target": 0.6461694000000001, "params": {"max_depth": 9.289492795672707, "min_child_weight": 8.924674185019686}, "datetime": {"datetime": "2020-04-24 22:54:10", "elapsed": 145.346796, "delta": 1.899281}}
{"target": 0.6461694000000001, "params": {"max_depth": 9.200442009797483, "min_child_weight": 8.908759539249724}, "datetime": {"datetime": "2020-04-24 22:54:12", "elapsed": 147.1893, "delta": 1.842504}}
{"target": 0.6461694000000001, "params": {"max_depth": 9.321132884594457, "min_child_weight": 8.846923468813445}, "datetime": {"datetime": "2020-04-24 22:54:14", "elapsed": 149.344827, "delta": 2.155527}}
{"target": 0.6461694000000001, "params": {"max_depth": 9.347284421940213, "min_child_weight": 8.82549675320667}, "datetime": {"datetime": "2020-04-24 22:54:16", "elapsed": 151.269254, "delta": 1.924427}}
{"target": 0.6461694000000001, "params": {"max_depth": 9.198359159899722, "min_child_weight": 8.932608819733204}, "datetime": {"datetime": "2020-04-24 22:54:18", "elapsed": 153.11794, "delta": 1.848686}}
{"target": 0.6461694000000001, "params": {"max_depth": 9.424764862389559, "min_child_weight": 9.003155353189777}, "datetime": {"datetime": "2020-04-24 22:54:20", "elapsed": 155.23055, "delta": 2.11261}}
{"target": 0.6461694000000001, "params": {"max_depth": 9.35566527613639, "min_child_weight": 8.964678552197427}, "datetime": {"datetime": "2020-04-24 22:54:22", "elapsed": 157.242684, "delta": 2.012134}}
{"target": 0.6461694000000001, "params": {"max_depth": 9.240611103763676, "min_child_weight": 8.930120319547406}, "datetime": {"datetime": "2020-04-24 22:54:24", "elapsed": 159.457684, "delta": 2.215}}
{"target": 0.6461694000000001, "params": {"max_depth": 9.294276666904928, "min_child_weight": 8.855093172567628}, "datetime": {"datetime": "2020-04-24 22:54:26", "elapsed": 161.582524, "delta": 2.12484}}
{"target": 0.6461694000000001, "params": {"max_depth": 9.311071216273788, "min_child_weight": 8.849389226971898}, "datetime": {"datetime": "2020-04-24 22:54:28", "elapsed": 163.552353, "delta": 1.969829}}
{"target": 0.6461694000000001, "params": {"max_depth": 9.445946467523381, "min_child_weight": 9.00488202640074}, "datetime": {"datetime": "2020-04-24 22:54:30", "elapsed": 165.5754, "delta": 2.023047}}
{"target": 0.6461694000000001, "params": {"max_depth": 9.325540017701055, "min_child_weight": 8.966810541760232}, "datetime": {"datetime": "2020-04-24 22:54:33", "elapsed": 167.913331, "delta": 2.337931}}
{"target": 0.6461694000000001, "params": {"max_depth": 9.408976598581782, "min_child_weight": 8.818225298160861}, "datetime": {"datetime": "2020-04-24 22:54:35", "elapsed": 170.008639, "delta": 2.095308}}
{"target": 0.6461694000000001, "params": {"max_depth": 9.404549155772852, "min_child_weight": 8.890910193763514}, "datetime": {"datetime": "2020-04-24 22:54:37", "elapsed": 172.259369, "delta": 2.25073}}
{"target": 0.6461694000000001, "params": {"max_depth": 9.367182721600596, "min_child_weight": 8.812380357333389}, "datetime": {"datetime": "2020-04-24 22:54:39", "elapsed": 174.34246, "delta": 2.083091}}
{"target": 0.6461694000000001, "params": {"max_depth": 9.352470991125399, "min_child_weight": 8.950676138589067}, "datetime": {"datetime": "2020-04-24 22:54:41", "elapsed": 176.521925, "delta": 2.179465}}
{"target": 0.6461694000000001, "params": {"max_depth": 9.356037216348152, "min_child_weight": 8.824465319359659}, "datetime": {"datetime": "2020-04-24 22:54:43", "elapsed": 178.651344, "delta": 2.129419}}
{"target": 0.6461694000000001, "params": {"max_depth": 9.317010976518969, "min_child_weight": 8.938280689936043}, "datetime": {"datetime": "2020-04-24 22:54:45", "elapsed": 180.7158, "delta": 2.064456}}
