{"target": 0.6432156, "params": {"max_depth": 5.922003842211744, "min_child_weight": 9.180355667426754}, "datetime": {"datetime": "2020-04-24 23:31:06", "elapsed": 433.071821, "delta": 3.408383}}
{"target": 0.6432156, "params": {"max_depth": 6.335295334304686, "min_child_weight": 9.141631259316153}, "datetime": {"datetime": "2020-04-24 23:31:09", "elapsed": 436.62222, "delta": 3.550399}}
{"target": 0.6432156, "params": {"max_depth": 5.759802387475235, "min_child_weight": 9.113104152624418}, "datetime": {"datetime": "2020-04-24 23:31:12", "elapsed": 439.722261, "delta": 3.100041}}
{"target": 0.6432156, "params": {"max_depth": 6.26442397304004, "min_child_weight": 9.12445519756065}, "datetime": {"datetime": "2020-04-24 23:31:15", "elapsed": 442.747881, "delta": 3.02562}}
{"target": 0.6432156, "params": {"max_depth": 6.013071350742904, "min_child_weight": 9.10418280285682}, "datetime": {"datetime": "2020-04-24 23:31:19", "elapsed": 446.084767, "delta": 3.336886}}
{"target": 0.6432156, "params": {"max_depth": 5.973825094070046, "min_child_weight": 9.052133943970576}, "datetime": {"datetime": "2020-04-24 23:31:22", "elapsed": 449.36342, "delta": 3.278653}}
{"target": 0.6432156, "params": {"max_depth": 5.921905226711855, "min_child_weight": 9.04207011250157}, "datetime": {"datetime": "2020-04-24 23:31:25", "elapsed": 452.477427, "delta": 3.114007}}
{"target": 0.6432156, "params": {"max_depth": 5.917556000012179, "min_child_weight": 9.219944659723156}, "datetime": {"datetime": "2020-04-24 23:31:28", "elapsed": 455.383329, "delta": 2.905902}}
{"target": 0.6432156, "params": {"max_depth": 5.939166214269775, "min_child_weight": 9.069291218886441}, "datetime": {"datetime": "2020-04-24 23:31:31", "elapsed": 458.43402, "delta": 3.050691}}
{"target": 0.6432156, "params": {"max_depth": 5.88266163144757, "min_child_weight": 9.088790203725642}, "datetime": {"datetime": "2020-04-24 23:31:35", "elapsed": 462.006837, "delta": 3.572817}}
{"target": 0.6432156, "params": {"max_depth": 6.395148679385115, "min_child_weight": 9.279968682128448}, "datetime": {"datetime": "2020-04-24 23:31:38", "elapsed": 465.231959, "delta": 3.225122}}
{"target": 0.6432156, "params": {"max_depth": 5.992626326859835, "min_child_weight": 9.267915738466101}, "datetime": {"datetime": "2020-04-24 23:31:41", "elapsed": 468.543295, "delta": 3.311336}}
{"target": 0.6432156, "params": {"max_depth": 5.981459115768388, "min_child_weight": 9.16839349887385}, "datetime": {"datetime": "2020-04-24 23:31:44", "elapsed": 471.720971, "delta": 3.177676}}
{"target": 0.6432156, "params": {"max_depth": 6.117765217875512, "min_child_weight": 9.28111272805408}, "datetime": {"datetime": "2020-04-24 23:31:48", "elapsed": 475.086291, "delta": 3.36532}}
{"target": 0.6432156, "params": {"max_depth": 5.776561323069272, "min_child_weight": 9.01246598306598}, "datetime": {"datetime": "2020-04-24 23:31:51", "elapsed": 478.38743, "delta": 3.301139}}
{"target": 0.6432156, "params": {"max_depth": 6.15541855689216, "min_child_weight": 9.165791184041003}, "datetime": {"datetime": "2020-04-24 23:31:55", "elapsed": 482.332054, "delta": 3.944624}}
{"target": 0.6432156, "params": {"max_depth": 6.097448458716672, "min_child_weight": 9.080078757969867}, "datetime": {"datetime": "2020-04-24 23:31:59", "elapsed": 486.369463, "delta": 4.037409}}
{"target": 0.6432156, "params": {"max_depth": 6.0172249759748215, "min_child_weight": 9.272099088043262}, "datetime": {"datetime": "2020-04-24 23:32:03", "elapsed": 490.003014, "delta": 3.633551}}
{"target": 0.6432156, "params": {"max_depth": 6.15045884036315, "min_child_weight": 9.226231661789695}, "datetime": {"datetime": "2020-04-24 23:32:06", "elapsed": 493.856046, "delta": 3.853032}}
{"target": 0.6410368, "params": {"alpha": 0.28045487992729556, "lam": 0.3062862982758692, "max_depth": 6.0, "min_child_weight": 9.0}, "datetime": {"datetime": "2020-04-24 23:32:07", "elapsed": 494.714074, "delta": 0.858028}}
{"target": 0.6352722, "params": {"alpha": 0.6481063164355167, "lam": 0.10444776575390546, "max_depth": 6.0, "min_child_weight": 9.0}, "datetime": {"datetime": "2020-04-24 23:32:08", "elapsed": 495.553341, "delta": 0.839267}}
{"target": 0.6379389999999999, "params": {"alpha": 0.2459454067878477, "lam": 0.9000048117509584, "max_depth": 6.0, "min_child_weight": 9.0}, "datetime": {"datetime": "2020-04-24 23:32:09", "elapsed": 496.414697, "delta": 0.861356}}
{"target": 0.6334248, "params": {"alpha": 0.3477830877210779, "lam": 0.20206434070372148, "max_depth": 6.0, "min_child_weight": 9.0}, "datetime": {"datetime": "2020-04-24 23:32:10", "elapsed": 497.26521, "delta": 0.850513}}
{"target": 0.6359342000000001, "params": {"alpha": 0.8093937280105049, "lam": 0.6765301283699459, "max_depth": 6.0, "min_child_weight": 9.0}, "datetime": {"datetime": "2020-04-24 23:32:11", "elapsed": 498.103421, "delta": 0.838211}}
{"target": 0.6420764, "params": {"alpha": 0.2241405999491355, "lam": 0.9642702813201259, "max_depth": 6.0, "min_child_weight": 9.0}, "datetime": {"datetime": "2020-04-24 23:32:12", "elapsed": 498.934037, "delta": 0.830616}}
{"target": 0.642569, "params": {"alpha": 0.31168864673847074, "lam": 0.15299368047490014, "max_depth": 6.0, "min_child_weight": 9.0}, "datetime": {"datetime": "2020-04-24 23:32:12", "elapsed": 499.774378, "delta": 0.840341}}
{"target": 0.6402412, "params": {"alpha": 0.9892366124801485, "lam": 0.783404418796587, "max_depth": 6.0, "min_child_weight": 9.0}, "datetime": {"datetime": "2020-04-24 23:32:13", "elapsed": 500.606451, "delta": 0.832073}}
{"target": 0.6404594, "params": {"alpha": 0.008079698273181779, "lam": 0.4393980745009801, "max_depth": 6.0, "min_child_weight": 9.0}, "datetime": {"datetime": "2020-04-24 23:32:14", "elapsed": 501.43833, "delta": 0.831879}}
{"target": 0.6391334, "params": {"alpha": 0.9984690504149609, "lam": 0.7090646975207658, "max_depth": 6.0, "min_child_weight": 9.0}, "datetime": {"datetime": "2020-04-24 23:32:15", "elapsed": 502.280742, "delta": 0.842412}}
{"target": 0.6335792, "params": {"alpha": 1.0, "lam": 0.0, "max_depth": 6.0, "min_child_weight": 9.0}, "datetime": {"datetime": "2020-04-24 23:32:16", "elapsed": 503.347463, "delta": 1.066721}}
{"target": 0.6336634, "params": {"alpha": 0.0, "lam": 0.0, "max_depth": 6.0, "min_child_weight": 9.0}, "datetime": {"datetime": "2020-04-24 23:32:17", "elapsed": 504.630585, "delta": 1.283122}}
{"target": 0.6428320000000001, "params": {"alpha": 0.00978434138032036, "lam": 0.9777699303344723, "max_depth": 6.0, "min_child_weight": 9.0}, "datetime": {"datetime": "2020-04-24 23:32:18", "elapsed": 505.830852, "delta": 1.200267}}
{"target": 0.6428536000000001, "params": {"alpha": 0.7052572594396068, "lam": 0.9997506749367017, "max_depth": 6.0, "min_child_weight": 9.0}, "datetime": {"datetime": "2020-04-24 23:32:20", "elapsed": 507.123324, "delta": 1.292472}}
{"target": 0.6398786000000001, "params": {"alpha": 0.9919360047748009, "lam": 0.9959265173554824, "max_depth": 6.0, "min_child_weight": 9.0}, "datetime": {"datetime": "2020-04-24 23:32:21", "elapsed": 508.500094, "delta": 1.37677}}
{"target": 0.6436056, "params": {"alpha": 0.0012192891965495667, "lam": 0.9967384191797241, "max_depth": 6.0, "min_child_weight": 9.0}, "datetime": {"datetime": "2020-04-24 23:32:23", "elapsed": 509.952193, "delta": 1.452099}}
{"target": 0.6432144, "params": {"alpha": 0.005894360391136, "lam": 0.9989729675647794, "max_depth": 6.0, "min_child_weight": 9.0}, "datetime": {"datetime": "2020-04-24 23:32:24", "elapsed": 511.531555, "delta": 1.579362}}
{"target": 0.6432135999999999, "params": {"alpha": 4.749837635042997e-05, "lam": 0.9984770023042053, "max_depth": 6.0, "min_child_weight": 9.0}, "datetime": {"datetime": "2020-04-24 23:32:26", "elapsed": 512.973991, "delta": 1.442436}}
{"target": 0.6432128, "params": {"alpha": 0.005670923680684781, "lam": 0.9980085327420276, "max_depth": 6.0, "min_child_weight": 9.0}, "datetime": {"datetime": "2020-04-24 23:32:27", "elapsed": 514.376559, "delta": 1.402568}}
{"target": 0.641415, "params": {"alpha": 0.003294136643238743, "lam": 0.995681730542421, "max_depth": 6.0, "min_child_weight": 9.0}, "datetime": {"datetime": "2020-04-24 23:32:29", "elapsed": 515.892913, "delta": 1.516354}}
{"target": 0.6436043999999999, "params": {"alpha": 0.0045784261929842085, "lam": 0.9958912954800799, "max_depth": 6.0, "min_child_weight": 9.0}, "datetime": {"datetime": "2020-04-24 23:32:30", "elapsed": 517.287846, "delta": 1.394933}}
{"target": 0.6414105999999999, "params": {"alpha": 0.011041927155024056, "lam": 0.9928730390453603, "max_depth": 6.0, "min_child_weight": 9.0}, "datetime": {"datetime": "2020-04-24 23:32:31", "elapsed": 518.705884, "delta": 1.418038}}
{"target": 0.643736, "params": {"alpha": 0.005723433890257201, "lam": 0.9898690016463287, "max_depth": 6.0, "min_child_weight": 9.0}, "datetime": {"datetime": "2020-04-24 23:32:33", "elapsed": 520.21579, "delta": 1.509906}}
{"target": 0.6414152, "params": {"alpha": 0.01363616734879558, "lam": 0.9956890438980337, "max_depth": 6.0, "min_child_weight": 9.0}, "datetime": {"datetime": "2020-04-24 23:32:34", "elapsed": 521.716227, "delta": 1.500437}}
{"target": 0.6432142, "params": {"alpha": 0.0009980919776058084, "lam": 0.9988734240740786, "max_depth": 6.0, "min_child_weight": 9.0}, "datetime": {"datetime": "2020-04-24 23:32:36", "elapsed": 523.143494, "delta": 1.427267}}
{"target": 0.6432148, "params": {"alpha": 0.012472505325875849, "lam": 0.9993275239094779, "max_depth": 6.0, "min_child_weight": 9.0}, "datetime": {"datetime": "2020-04-24 23:32:37", "elapsed": 524.580999, "delta": 1.437505}}
{"target": 0.6432119999999999, "params": {"alpha": 0.004005178646464103, "lam": 0.9974727846006979, "max_depth": 6.0, "min_child_weight": 9.0}, "datetime": {"datetime": "2020-04-24 23:32:39", "elapsed": 526.045554, "delta": 1.464555}}
{"target": 0.6414145999999998, "params": {"alpha": 0.014708156191825195, "lam": 0.9955065526243776, "max_depth": 6.0, "min_child_weight": 9.0}, "datetime": {"datetime": "2020-04-24 23:32:40", "elapsed": 527.512634, "delta": 1.46708}}
{"target": 0.6432148, "params": {"alpha": 0.0008606111190349042, "lam": 0.9994914371333556, "max_depth": 6.0, "min_child_weight": 9.0}, "datetime": {"datetime": "2020-04-24 23:32:42", "elapsed": 528.908201, "delta": 1.395567}}
{"target": 0.6414112, "params": {"alpha": 0.00409798613743817, "lam": 0.9932304752843534, "max_depth": 6.0, "min_child_weight": 9.0}, "datetime": {"datetime": "2020-04-24 23:32:43", "elapsed": 530.381302, "delta": 1.473101}}
{"target": 0.6432133999999999, "params": {"alpha": 0.004352064060641925, "lam": 0.9983395571659048, "max_depth": 6.0, "min_child_weight": 9.0}, "datetime": {"datetime": "2020-04-24 23:32:45", "elapsed": 531.997537, "delta": 1.616235}}
{"target": 0.6432116, "params": {"alpha": 0.009218545968681768, "lam": 0.9970885189995132, "max_depth": 6.0, "min_child_weight": 9.0}, "datetime": {"datetime": "2020-04-24 23:32:46", "elapsed": 533.574395, "delta": 1.576858}}
{"target": 0.6432135999999999, "params": {"alpha": 0.006362034048647214, "lam": 0.9984155483687795, "max_depth": 6.0, "min_child_weight": 9.0}, "datetime": {"datetime": "2020-04-24 23:32:48", "elapsed": 535.104725, "delta": 1.53033}}
{"target": 0.643213, "params": {"alpha": 0.010023592440363216, "lam": 0.9980339387704912, "max_depth": 6.0, "min_child_weight": 9.0}, "datetime": {"datetime": "2020-04-24 23:32:49", "elapsed": 536.793165, "delta": 1.68844}}
{"target": 0.6414146, "params": {"alpha": 0.008334579101748174, "lam": 0.9953677023618688, "max_depth": 6.0, "min_child_weight": 9.0}, "datetime": {"datetime": "2020-04-24 23:32:51", "elapsed": 538.435339, "delta": 1.642174}}
{"target": 0.6414148, "params": {"alpha": 0.0037365439120236044, "lam": 0.9954285589678489, "max_depth": 6.0, "min_child_weight": 9.0}, "datetime": {"datetime": "2020-04-24 23:32:53", "elapsed": 540.091744, "delta": 1.656405}}
{"target": 0.6432153999999999, "params": {"alpha": 0.002254622338260792, "lam": 0.9996851599944587, "max_depth": 6.0, "min_child_weight": 9.0}, "datetime": {"datetime": "2020-04-24 23:32:54", "elapsed": 541.730202, "delta": 1.638458}}
{"target": 0.6414124000000001, "params": {"alpha": 0.00863843389614849, "lam": 0.9940461203565116, "max_depth": 6.0, "min_child_weight": 9.0}, "datetime": {"datetime": "2020-04-24 23:32:56", "elapsed": 543.32345, "delta": 1.593248}}
{"target": 0.6432148, "params": {"alpha": 0.008101919815602598, "lam": 0.9993140285926906, "max_depth": 6.0, "min_child_weight": 9.0}, "datetime": {"datetime": "2020-04-24 23:32:58", "elapsed": 544.95254, "delta": 1.62909}}
{"target": 0.6432156, "params": {"alpha": 0.008788582056558747, "lam": 0.9999676940111256, "max_depth": 6.0, "min_child_weight": 9.0}, "datetime": {"datetime": "2020-04-24 23:32:59", "elapsed": 546.5038, "delta": 1.55126}}
{"target": 0.6414104, "params": {"alpha": 0.010894351674280212, "lam": 0.9927336847748174, "max_depth": 6.0, "min_child_weight": 9.0}, "datetime": {"datetime": "2020-04-24 23:33:01", "elapsed": 548.148833, "delta": 1.645033}}
{"target": 0.6431902, "params": {"alpha": 0.021860546504514522, "lam": 0.9872977977533729, "max_depth": 6.0, "min_child_weight": 9.0}, "datetime": {"datetime": "2020-04-24 23:33:02", "elapsed": 549.768685, "delta": 1.619852}}
{"target": 0.6432128, "params": {"alpha": 0.003026478817670264, "lam": 0.997935313984788, "max_depth": 6.0, "min_child_weight": 9.0}, "datetime": {"datetime": "2020-04-24 23:33:04", "elapsed": 551.433788, "delta": 1.665103}}
{"target": 0.6432156, "params": {"alpha": 0.010454961828330722, "lam": 0.9998402896756386, "max_depth": 6.0, "min_child_weight": 9.0}, "datetime": {"datetime": "2020-04-24 23:33:06", "elapsed": 552.96116, "delta": 1.527372}}
{"target": 0.6432156, "params": {"alpha": 0.011087257706778764, "lam": 0.9999576497907237, "max_depth": 6.0, "min_child_weight": 9.0}, "datetime": {"datetime": "2020-04-24 23:33:07", "elapsed": 554.66267, "delta": 1.70151}}
{"target": 0.6436054, "params": {"alpha": 0.02058058260555129, "lam": 0.9965769909467074, "max_depth": 6.0, "min_child_weight": 9.0}, "datetime": {"datetime": "2020-04-24 23:33:09", "elapsed": 556.254338, "delta": 1.591668}}
{"target": 0.6432138, "params": {"alpha": 0.006772465773832503, "lam": 0.9987077025526163, "max_depth": 6.0, "min_child_weight": 9.0}, "datetime": {"datetime": "2020-04-24 23:33:11", "elapsed": 557.944531, "delta": 1.690193}}
{"target": 0.6432142, "params": {"alpha": 0.019480824039681988, "lam": 0.9987735255514767, "max_depth": 6.0, "min_child_weight": 9.0}, "datetime": {"datetime": "2020-04-24 23:33:12", "elapsed": 559.644709, "delta": 1.700178}}
{"target": 0.6414145999999998, "params": {"alpha": 0.007647896843368307, "lam": 0.9955311697650836, "max_depth": 6.0, "min_child_weight": 9.0}, "datetime": {"datetime": "2020-04-24 23:33:14", "elapsed": 561.435251, "delta": 1.790542}}
{"target": 0.6436052, "params": {"alpha": 0.023457386933484647, "lam": 0.9966283927940227, "max_depth": 6.0, "min_child_weight": 9.0}, "datetime": {"datetime": "2020-04-24 23:33:16", "elapsed": 563.042499, "delta": 1.607248}}
{"target": 0.6432146000000001, "params": {"alpha": 0.012427867682937244, "lam": 0.9990509454517075, "max_depth": 6.0, "min_child_weight": 9.0}, "datetime": {"datetime": "2020-04-24 23:33:17", "elapsed": 564.669733, "delta": 1.627234}}
{"target": 0.6432109999999999, "params": {"alpha": 0.0054220286463241285, "lam": 0.9968120151447285, "max_depth": 6.0, "min_child_weight": 9.0}, "datetime": {"datetime": "2020-04-24 23:33:19", "elapsed": 566.341995, "delta": 1.672262}}
{"target": 0.6432132, "params": {"alpha": 0.01426514398454437, "lam": 0.998303681611412, "max_depth": 6.0, "min_child_weight": 9.0}, "datetime": {"datetime": "2020-04-24 23:33:21", "elapsed": 568.002982, "delta": 1.660987}}
{"target": 0.6436056, "params": {"alpha": 0.015242317084962376, "lam": 0.996626801666504, "max_depth": 6.0, "min_child_weight": 9.0}, "datetime": {"datetime": "2020-04-24 23:33:22", "elapsed": 569.828744, "delta": 1.825762}}
{"target": 0.6432148, "params": {"alpha": 0.018771794984076884, "lam": 0.9993423736584358, "max_depth": 6.0, "min_child_weight": 9.0}, "datetime": {"datetime": "2020-04-24 23:33:24", "elapsed": 571.567894, "delta": 1.73915}}
{"target": 0.6432122, "params": {"alpha": 0.03823360769356676, "lam": 0.9975422839448761, "max_depth": 6.0, "min_child_weight": 9.0}, "datetime": {"datetime": "2020-04-24 23:33:26", "elapsed": 573.269883, "delta": 1.701989}}
{"target": 0.6432133999999999, "params": {"alpha": 0.0027810587927906694, "lam": 0.998243395467689, "max_depth": 6.0, "min_child_weight": 9.0}, "datetime": {"datetime": "2020-04-24 23:33:28", "elapsed": 575.018125, "delta": 1.748242}}
{"target": 0.6414114, "params": {"alpha": 0.021052001832067457, "lam": 0.9932603278083108, "max_depth": 6.0, "min_child_weight": 9.0}, "datetime": {"datetime": "2020-04-24 23:33:29", "elapsed": 576.670853, "delta": 1.652728}}
{"target": 0.6414141999999999, "params": {"alpha": 0.021218226392650363, "lam": 0.9950150808683046, "max_depth": 6.0, "min_child_weight": 9.0}, "datetime": {"datetime": "2020-04-24 23:33:31", "elapsed": 578.340539, "delta": 1.669686}}
{"target": 0.6432133999999999, "params": {"alpha": 0.01233343371088691, "lam": 0.9981896753251956, "max_depth": 6.0, "min_child_weight": 9.0}, "datetime": {"datetime": "2020-04-24 23:33:33", "elapsed": 580.076463, "delta": 1.735924}}
{"target": 0.6432128, "params": {"alpha": 0.014056323550100225, "lam": 0.9979582690631241, "max_depth": 6.0, "min_child_weight": 9.0}, "datetime": {"datetime": "2020-04-24 23:33:35", "elapsed": 581.877883, "delta": 1.80142}}
{"target": 0.6432119999999999, "params": {"alpha": 0.0011186973228934916, "lam": 0.9974265897258427, "max_depth": 6.0, "min_child_weight": 9.0}, "datetime": {"datetime": "2020-04-24 23:33:36", "elapsed": 583.751829, "delta": 1.873946}}
{"target": 0.643605, "params": {"alpha": 0.01915812756115398, "lam": 0.9963000024779408, "max_depth": 6.0, "min_child_weight": 9.0}, "datetime": {"datetime": "2020-04-24 23:33:38", "elapsed": 585.554869, "delta": 1.80304}}
{"target": 0.6414146, "params": {"alpha": 0.0005827194036031047, "lam": 0.9952729922845556, "max_depth": 6.0, "min_child_weight": 9.0}, "datetime": {"datetime": "2020-04-24 23:33:40", "elapsed": 587.48371, "delta": 1.928841}}
{"target": 0.6414096, "params": {"alpha": 0.0016311553061211237, "lam": 0.992273487097008, "max_depth": 6.0, "min_child_weight": 9.0}, "datetime": {"datetime": "2020-04-24 23:33:42", "elapsed": 589.31877, "delta": 1.83506}}
{"target": 0.6432119999999999, "params": {"alpha": 0.02175515242063153, "lam": 0.997337051951425, "max_depth": 6.0, "min_child_weight": 9.0}, "datetime": {"datetime": "2020-04-24 23:33:44", "elapsed": 591.136862, "delta": 1.818092}}
{"target": 0.6431872000000001, "params": {"alpha": 0.0030282688719662776, "lam": 0.9857304374716961, "max_depth": 6.0, "min_child_weight": 9.0}, "datetime": {"datetime": "2020-04-24 23:33:46", "elapsed": 592.919676, "delta": 1.782814}}
{"target": 0.6432109999999999, "params": {"alpha": 0.003480938767008168, "lam": 0.9969027154591242, "max_depth": 6.0, "min_child_weight": 9.0}, "datetime": {"datetime": "2020-04-24 23:33:47", "elapsed": 594.689046, "delta": 1.76937}}
{"target": 0.6414132, "params": {"alpha": 0.0008799187520246443, "lam": 0.9945739488158556, "max_depth": 6.0, "min_child_weight": 9.0}, "datetime": {"datetime": "2020-04-24 23:33:49", "elapsed": 596.452401, "delta": 1.763355}}
{"target": 0.6432126, "params": {"alpha": 0.004652167881391445, "lam": 0.997771332163762, "max_depth": 6.0, "min_child_weight": 9.0}, "datetime": {"datetime": "2020-04-24 23:33:51", "elapsed": 598.154158, "delta": 1.701757}}
{"target": 0.6414139999999999, "params": {"alpha": 0.0017784992334132221, "lam": 0.9950048537366384, "max_depth": 6.0, "min_child_weight": 9.0}, "datetime": {"datetime": "2020-04-24 23:33:53", "elapsed": 600.140622, "delta": 1.986464}}
{"target": 0.6414118, "params": {"alpha": 0.011651142785570556, "lam": 0.9935347835438952, "max_depth": 6.0, "min_child_weight": 9.0}, "datetime": {"datetime": "2020-04-24 23:33:55", "elapsed": 601.961879, "delta": 1.821257}}
{"target": 0.6414112, "params": {"alpha": 0.01800927116352935, "lam": 0.9932409051150357, "max_depth": 6.0, "min_child_weight": 9.0}, "datetime": {"datetime": "2020-04-24 23:33:57", "elapsed": 603.886588, "delta": 1.924709}}
{"target": 0.6432128, "params": {"alpha": 0.005193007307696451, "lam": 0.9978480070562168, "max_depth": 6.0, "min_child_weight": 9.0}, "datetime": {"datetime": "2020-04-24 23:33:58", "elapsed": 605.53757, "delta": 1.650982}}
{"target": 0.6432114, "params": {"alpha": 0.0018723275878518297, "lam": 0.9970748378653969, "max_depth": 6.0, "min_child_weight": 9.0}, "datetime": {"datetime": "2020-04-24 23:34:00", "elapsed": 607.278091, "delta": 1.740521}}
{"target": 0.6432152, "params": {"alpha": 0.022661180499884526, "lam": 0.9995001599208098, "max_depth": 6.0, "min_child_weight": 9.0}, "datetime": {"datetime": "2020-04-24 23:34:02", "elapsed": 609.133604, "delta": 1.855513}}
{"target": 0.6432152, "params": {"alpha": 0.0005005476553892052, "lam": 0.999685994975381, "max_depth": 6.0, "min_child_weight": 9.0}, "datetime": {"datetime": "2020-04-24 23:34:04", "elapsed": 610.922554, "delta": 1.78895}}
{"target": 0.643213, "params": {"alpha": 0.019160765496382348, "lam": 0.9980796691625549, "max_depth": 6.0, "min_child_weight": 9.0}, "datetime": {"datetime": "2020-04-24 23:34:05", "elapsed": 612.730048, "delta": 1.807494}}
{"target": 0.6432156, "params": {"alpha": 0.008232385174474444, "lam": 0.9999528634535861, "max_depth": 6.0, "min_child_weight": 9.0}, "datetime": {"datetime": "2020-04-24 23:34:07", "elapsed": 614.671174, "delta": 1.941126}}
{"target": 0.6437356, "params": {"alpha": 0.003218889304049233, "lam": 0.9894996077896622, "max_depth": 6.0, "min_child_weight": 9.0}, "datetime": {"datetime": "2020-04-24 23:34:09", "elapsed": 616.455917, "delta": 1.784743}}
