{"target": 0.6396376, "params": {"alpha": 0.10181112308228013, "colsample_bytree": 0.8995289890653269, "lam": 0.9999972492245628, "max_depth": 5.0, "min_child_weight": 3.0, "subsample": 0.8225386399162903}, "datetime": {"datetime": "2020-04-24 19:26:36", "elapsed": 1080.973826, "delta": 1.390698}}
{"target": 0.647575, "params": {"alpha": 0.10181112308228013, "colsample_bytree": 0.8994296163188011, "lam": 0.9999972492245628, "max_depth": 5.0, "min_child_weight": 3.0, "subsample": 0.8281319808866017}, "datetime": {"datetime": "2020-04-24 19:26:37", "elapsed": 1082.433377, "delta": 1.459551}}
{"target": 0.5694362, "params": {"alpha": 0.10181112308228013, "colsample_bytree": 0.5, "lam": 0.9999972492245628, "max_depth": 5.0, "min_child_weight": 3.0, "subsample": 0.5000000080846968}, "datetime": {"datetime": "2020-04-24 19:26:38", "elapsed": 1083.712217, "delta": 1.27884}}
{"target": 0.6351888, "params": {"alpha": 0.10181112308228013, "colsample_bytree": 0.8998691232969747, "lam": 0.9999972492245628, "max_depth": 5.0, "min_child_weight": 3.0, "subsample": 0.8032195959509629}, "datetime": {"datetime": "2020-04-24 19:26:40", "elapsed": 1085.271197, "delta": 1.55898}}
{"target": 0.63385, "params": {"alpha": 0.10181112308228013, "colsample_bytree": 0.8993374954144995, "lam": 0.9999972492245628, "max_depth": 5.0, "min_child_weight": 3.0, "subsample": 0.8510285180192916}, "datetime": {"datetime": "2020-04-24 19:26:41", "elapsed": 1086.782541, "delta": 1.511344}}
{"target": 0.6340127999999999, "params": {"alpha": 0.10181112308228013, "colsample_bytree": 0.6310264987894517, "lam": 0.9999972492245628, "max_depth": 5.0, "min_child_weight": 3.0, "subsample": 0.899174058251428}, "datetime": {"datetime": "2020-04-24 19:26:43", "elapsed": 1088.299085, "delta": 1.516544}}
{"target": 0.6086699999999999, "params": {"alpha": 0.10181112308228013, "colsample_bytree": 0.6164242789474269, "lam": 0.9999972492245628, "max_depth": 5.0, "min_child_weight": 3.0, "subsample": 0.6384739522614802}, "datetime": {"datetime": "2020-04-24 19:26:45", "elapsed": 1090.844641, "delta": 2.545556}}
{"target": 0.6361100000000001, "params": {"alpha": 0.10181112308228013, "colsample_bytree": 0.7007101818251649, "lam": 0.9999972492245628, "max_depth": 5.0, "min_child_weight": 3.0, "subsample": 0.8985907100473246}, "datetime": {"datetime": "2020-04-24 19:26:47", "elapsed": 1092.676413, "delta": 1.831772}}
{"target": 0.6481306, "params": {"alpha": 0.10181112308228013, "colsample_bytree": 0.8092001201201211, "lam": 0.9999972492245628, "max_depth": 5.0, "min_child_weight": 3.0, "subsample": 0.8181317297152724}, "datetime": {"datetime": "2020-04-24 19:26:49", "elapsed": 1094.682815, "delta": 2.006402}}
{"target": 0.609565, "params": {"alpha": 0.10181112308228013, "colsample_bytree": 0.5699211029685582, "lam": 0.9999972492245628, "max_depth": 5.0, "min_child_weight": 3.0, "subsample": 0.7723125572717262}, "datetime": {"datetime": "2020-04-24 19:26:51", "elapsed": 1096.552677, "delta": 1.869862}}
{"target": 0.6302931999999999, "params": {"alpha": 0.10181112308228013, "colsample_bytree": 0.8137916052643654, "lam": 0.9999972492245628, "max_depth": 5.0, "min_child_weight": 3.0, "subsample": 0.5002717631167033}, "datetime": {"datetime": "2020-04-24 19:26:53", "elapsed": 1098.187945, "delta": 1.635268}}
{"target": 0.59364, "params": {"alpha": 0.10181112308228013, "colsample_bytree": 0.5, "lam": 0.9999972492245628, "max_depth": 5.0, "min_child_weight": 3.0, "subsample": 0.9}, "datetime": {"datetime": "2020-04-24 19:26:54", "elapsed": 1099.668887, "delta": 1.480942}}
{"target": 0.6419828000000001, "params": {"alpha": 0.10181112308228013, "colsample_bytree": 0.7598806847503878, "lam": 0.9999972492245628, "max_depth": 5.0, "min_child_weight": 3.0, "subsample": 0.8427338443735728}, "datetime": {"datetime": "2020-04-24 19:26:56", "elapsed": 1101.625936, "delta": 1.957049}}
{"target": 0.6340467999999999, "params": {"alpha": 0.10181112308228013, "colsample_bytree": 0.8038708216010557, "lam": 0.9999972492245628, "max_depth": 5.0, "min_child_weight": 3.0, "subsample": 0.8049816182442258}, "datetime": {"datetime": "2020-04-24 19:26:58", "elapsed": 1103.227458, "delta": 1.601522}}
{"target": 0.5938166, "params": {"alpha": 0.10181112308228013, "colsample_bytree": 0.500586942651343, "lam": 0.9999972492245628, "max_depth": 5.0, "min_child_weight": 3.0, "subsample": 0.7873068649823804}, "datetime": {"datetime": "2020-04-24 19:27:00", "elapsed": 1104.967406, "delta": 1.739948}}
{"target": 0.5882722, "params": {"alpha": 0.10181112308228013, "colsample_bytree": 0.5477000683361797, "lam": 0.9999972492245628, "max_depth": 5.0, "min_child_weight": 3.0, "subsample": 0.570042162203733}, "datetime": {"datetime": "2020-04-24 19:27:01", "elapsed": 1106.832431, "delta": 1.865025}}
{"target": 0.6162498, "params": {"alpha": 0.10181112308228013, "colsample_bytree": 0.6955330663868594, "lam": 0.9999972492245628, "max_depth": 5.0, "min_child_weight": 3.0, "subsample": 0.5014931696752998}, "datetime": {"datetime": "2020-04-24 19:27:03", "elapsed": 1108.636483, "delta": 1.804052}}
{"target": 0.6205656, "params": {"alpha": 0.10181112308228013, "colsample_bytree": 0.8999298086161341, "lam": 0.9999972492245628, "max_depth": 5.0, "min_child_weight": 3.0, "subsample": 0.6425962752645602}, "datetime": {"datetime": "2020-04-24 19:27:05", "elapsed": 1110.36872, "delta": 1.732237}}
{"target": 0.6180770000000001, "params": {"alpha": 0.10181112308228013, "colsample_bytree": 0.8239563553452807, "lam": 0.9999972492245628, "max_depth": 5.0, "min_child_weight": 3.0, "subsample": 0.6495019779438779}, "datetime": {"datetime": "2020-04-24 19:27:06", "elapsed": 1111.783529, "delta": 1.414809}}
{"target": 0.6218174, "params": {"alpha": 0.10181112308228013, "colsample_bytree": 0.630885612810388, "lam": 0.9999972492245628, "max_depth": 5.0, "min_child_weight": 3.0, "subsample": 0.8474522487661529}, "datetime": {"datetime": "2020-04-24 19:27:08", "elapsed": 1113.483813, "delta": 1.700284}}
{"target": 0.6194169999999999, "params": {"alpha": 0.10181112308228013, "colsample_bytree": 0.6553527780734756, "lam": 0.9999972492245628, "max_depth": 5.0, "min_child_weight": 3.0, "subsample": 0.5675405196725144}, "datetime": {"datetime": "2020-04-24 19:27:10", "elapsed": 1115.66954, "delta": 2.185727}}
{"target": 0.6345343999999999, "params": {"alpha": 0.10181112308228013, "colsample_bytree": 0.8027748757359044, "lam": 0.9999972492245628, "max_depth": 5.0, "min_child_weight": 3.0, "subsample": 0.8517567701570646}, "datetime": {"datetime": "2020-04-24 19:27:12", "elapsed": 1117.418721, "delta": 1.749181}}
{"target": 0.6117412000000001, "params": {"alpha": 0.10181112308228013, "colsample_bytree": 0.5771887842238821, "lam": 0.9999972492245628, "max_depth": 5.0, "min_child_weight": 3.0, "subsample": 0.8987126498815083}, "datetime": {"datetime": "2020-04-24 19:27:13", "elapsed": 1118.826409, "delta": 1.407688}}
{"target": 0.6139823999999999, "params": {"alpha": 0.10181112308228013, "colsample_bytree": 0.6454771567370394, "lam": 0.9999972492245628, "max_depth": 5.0, "min_child_weight": 3.0, "subsample": 0.7252599655688182}, "datetime": {"datetime": "2020-04-24 19:27:15", "elapsed": 1120.276105, "delta": 1.449696}}
{"target": 0.6327702, "params": {"alpha": 0.10181112308228013, "colsample_bytree": 0.7141451291659271, "lam": 0.9999972492245628, "max_depth": 5.0, "min_child_weight": 3.0, "subsample": 0.847718187242676}, "datetime": {"datetime": "2020-04-24 19:27:17", "elapsed": 1122.31712, "delta": 2.041015}}
{"target": 0.6364126000000001, "params": {"alpha": 0.10181112308228013, "colsample_bytree": 0.7382068610775026, "lam": 0.9999972492245628, "max_depth": 5.0, "min_child_weight": 3.0, "subsample": 0.8062414196247338}, "datetime": {"datetime": "2020-04-24 19:27:19", "elapsed": 1124.5621, "delta": 2.24498}}
{"target": 0.6403924, "params": {"alpha": 0.10181112308228013, "colsample_bytree": 0.8354427238230052, "lam": 0.9999972492245628, "max_depth": 5.0, "min_child_weight": 3.0, "subsample": 0.8161434782543637}, "datetime": {"datetime": "2020-04-24 19:27:21", "elapsed": 1126.553547, "delta": 1.991447}}
{"target": 0.6330552, "params": {"alpha": 0.10181112308228013, "colsample_bytree": 0.850049823293071, "lam": 0.9999972492245628, "max_depth": 5.0, "min_child_weight": 3.0, "subsample": 0.8997534413586465}, "datetime": {"datetime": "2020-04-24 19:27:23", "elapsed": 1128.292995, "delta": 1.739448}}
{"target": 0.6231443999999999, "params": {"alpha": 0.10181112308228013, "colsample_bytree": 0.8547142921044086, "lam": 0.9999972492245628, "max_depth": 5.0, "min_child_weight": 3.0, "subsample": 0.5000087680064091}, "datetime": {"datetime": "2020-04-24 19:27:25", "elapsed": 1130.071054, "delta": 1.778059}}
{"target": 0.6095117999999999, "params": {"alpha": 0.10181112308228013, "colsample_bytree": 0.6883626503882403, "lam": 0.9999972492245628, "max_depth": 5.0, "min_child_weight": 3.0, "subsample": 0.6217591180127636}, "datetime": {"datetime": "2020-04-24 19:27:26", "elapsed": 1131.864097, "delta": 1.793043}}
{"target": 0.617982, "params": {"alpha": 0.10181112308228013, "colsample_bytree": 0.7888964128707289, "lam": 0.9999972492245628, "max_depth": 5.0, "min_child_weight": 3.0, "subsample": 0.7076572230259959}, "datetime": {"datetime": "2020-04-24 19:27:29", "elapsed": 1133.974998, "delta": 2.110901}}
{"target": 0.6412663999999999, "params": {"alpha": 0.10181112308228013, "colsample_bytree": 0.7837306079887735, "lam": 0.9999972492245628, "max_depth": 5.0, "min_child_weight": 3.0, "subsample": 0.8282447240210944}, "datetime": {"datetime": "2020-04-24 19:27:30", "elapsed": 1135.809619, "delta": 1.834621}}
{"target": 0.6350254, "params": {"alpha": 0.10181112308228013, "colsample_bytree": 0.7347630465440196, "lam": 0.9999972492245628, "max_depth": 5.0, "min_child_weight": 3.0, "subsample": 0.8997582504628643}, "datetime": {"datetime": "2020-04-24 19:27:32", "elapsed": 1137.860755, "delta": 2.051136}}
{"target": 0.6431088, "params": {"alpha": 0.10181112308228013, "colsample_bytree": 0.8154302101936899, "lam": 0.9999972492245628, "max_depth": 5.0, "min_child_weight": 3.0, "subsample": 0.8294957843207442}, "datetime": {"datetime": "2020-04-24 19:27:34", "elapsed": 1139.462589, "delta": 1.601834}}
{"target": 0.6402705999999999, "params": {"alpha": 0.10181112308228013, "colsample_bytree": 0.8753544829238333, "lam": 0.9999972492245628, "max_depth": 5.0, "min_child_weight": 3.0, "subsample": 0.8163769727354322}, "datetime": {"datetime": "2020-04-24 19:27:36", "elapsed": 1141.16471, "delta": 1.702121}}
{"target": 0.6436674, "params": {"alpha": 0.10181112308228013, "colsample_bytree": 0.8096579627968634, "lam": 0.9999972492245628, "max_depth": 5.0, "min_child_weight": 3.0, "subsample": 0.8247421799274213}, "datetime": {"datetime": "2020-04-24 19:27:38", "elapsed": 1143.40977, "delta": 2.24506}}
{"target": 0.642339, "params": {"alpha": 0.10181112308228013, "colsample_bytree": 0.8109479689280163, "lam": 0.9999972492245628, "max_depth": 5.0, "min_child_weight": 3.0, "subsample": 0.8261017415800868}, "datetime": {"datetime": "2020-04-24 19:27:40", "elapsed": 1145.347652, "delta": 1.937882}}
{"target": 0.6299006, "params": {"alpha": 0.10181112308228013, "colsample_bytree": 0.6678146876141868, "lam": 0.9999972492245628, "max_depth": 5.0, "min_child_weight": 3.0, "subsample": 0.8996064307053018}, "datetime": {"datetime": "2020-04-24 19:27:42", "elapsed": 1147.4104, "delta": 2.062748}}
{"target": 0.6286172, "params": {"alpha": 0.10181112308228013, "colsample_bytree": 0.7125407122414056, "lam": 0.9999972492245628, "max_depth": 5.0, "min_child_weight": 3.0, "subsample": 0.7647480501003743}, "datetime": {"datetime": "2020-04-24 19:27:44", "elapsed": 1149.106008, "delta": 1.695608}}
{"target": 0.6444234, "params": {"alpha": 0.10181112308228013, "colsample_bytree": 0.8203645971026682, "lam": 0.9999972492245628, "max_depth": 5.0, "min_child_weight": 3.0, "subsample": 0.8265034830059999}, "datetime": {"datetime": "2020-04-24 19:27:46", "elapsed": 1151.381097, "delta": 2.275089}}
{"target": 0.6419314, "params": {"alpha": 0.10181112308228013, "colsample_bytree": 0.8184032879745272, "lam": 0.9999972492245628, "max_depth": 5.0, "min_child_weight": 3.0, "subsample": 0.8248167312869427}, "datetime": {"datetime": "2020-04-24 19:27:48", "elapsed": 1153.193276, "delta": 1.812179}}
{"target": 0.6390640000000001, "params": {"alpha": 0.10181112308228013, "colsample_bytree": 0.7617774835726441, "lam": 0.9999972492245628, "max_depth": 5.0, "min_child_weight": 3.0, "subsample": 0.8273233949960206}, "datetime": {"datetime": "2020-04-24 19:27:50", "elapsed": 1155.448566, "delta": 2.25529}}
{"target": 0.6458524000000001, "params": {"alpha": 0.10181112308228013, "colsample_bytree": 0.8035781408222114, "lam": 0.9999972492245628, "max_depth": 5.0, "min_child_weight": 3.0, "subsample": 0.8266954287750504}, "datetime": {"datetime": "2020-04-24 19:27:52", "elapsed": 1157.825329, "delta": 2.376763}}
{"target": 0.6421344, "params": {"alpha": 0.10181112308228013, "colsample_bytree": 0.8026321410569368, "lam": 0.9999972492245628, "max_depth": 5.0, "min_child_weight": 3.0, "subsample": 0.8250263105091855}, "datetime": {"datetime": "2020-04-24 19:27:55", "elapsed": 1160.165474, "delta": 2.340145}}
{"target": 0.6513702, "params": {"alpha": 0.10181112308228013, "colsample_bytree": 0.8104541376535119, "lam": 0.9999972492245628, "max_depth": 5.0, "min_child_weight": 3.0, "subsample": 0.8254740624492463}, "datetime": {"datetime": "2020-04-24 19:27:57", "elapsed": 1162.230089, "delta": 2.064615}}
{"target": 0.6262506, "params": {"alpha": 0.10181112308228013, "colsample_bytree": 0.7700974485336249, "lam": 0.9999972492245628, "max_depth": 5.0, "min_child_weight": 3.0, "subsample": 0.5004601369283161}, "datetime": {"datetime": "2020-04-24 19:27:59", "elapsed": 1164.340055, "delta": 2.109966}}
{"target": 0.64234, "params": {"alpha": 0.10181112308228013, "colsample_bytree": 0.8087696752368374, "lam": 0.9999972492245628, "max_depth": 5.0, "min_child_weight": 3.0, "subsample": 0.8261940975466309}, "datetime": {"datetime": "2020-04-24 19:28:01", "elapsed": 1166.300726, "delta": 1.960671}}
{"target": 0.6444748, "params": {"alpha": 0.10181112308228013, "colsample_bytree": 0.8150632128675979, "lam": 0.9999972492245628, "max_depth": 5.0, "min_child_weight": 3.0, "subsample": 0.8242395554752466}, "datetime": {"datetime": "2020-04-24 19:28:03", "elapsed": 1168.477676, "delta": 2.17695}}
{"target": 0.6430148000000001, "params": {"alpha": 0.10181112308228013, "colsample_bytree": 0.8076377094362561, "lam": 0.9999972492245628, "max_depth": 5.0, "min_child_weight": 3.0, "subsample": 0.8245532362748231}, "datetime": {"datetime": "2020-04-24 19:28:05", "elapsed": 1170.310275, "delta": 1.832599}}
{"target": 0.647407, "params": {"alpha": 0.10181112308228013, "colsample_bytree": 0.8115276161875958, "lam": 0.9999972492245628, "max_depth": 5.0, "min_child_weight": 3.0, "subsample": 0.8257415366368579}, "datetime": {"datetime": "2020-04-24 19:28:07", "elapsed": 1172.300531, "delta": 1.990256}}
{"target": 0.6431222, "params": {"alpha": 0.10181112308228013, "colsample_bytree": 0.8134432590504885, "lam": 0.9999972492245628, "max_depth": 5.0, "min_child_weight": 3.0, "subsample": 0.8273382780553395}, "datetime": {"datetime": "2020-04-24 19:28:09", "elapsed": 1174.083293, "delta": 1.782762}}
{"target": 0.6430154, "params": {"alpha": 0.10181112308228013, "colsample_bytree": 0.8118317500798091, "lam": 0.9999972492245628, "max_depth": 5.0, "min_child_weight": 3.0, "subsample": 0.8246127639951468}, "datetime": {"datetime": "2020-04-24 19:28:11", "elapsed": 1176.343924, "delta": 2.260631}}
{"target": 0.642253, "params": {"alpha": 0.10181112308228013, "colsample_bytree": 0.8096324191276996, "lam": 0.9999972492245628, "max_depth": 5.0, "min_child_weight": 3.0, "subsample": 0.828256687958719}, "datetime": {"datetime": "2020-04-24 19:28:13", "elapsed": 1178.453629, "delta": 2.109705}}
{"target": 0.6415550000000001, "params": {"alpha": 0.10181112308228013, "colsample_bytree": 0.8160770067853258, "lam": 0.9999972492245628, "max_depth": 5.0, "min_child_weight": 3.0, "subsample": 0.8236337740440405}, "datetime": {"datetime": "2020-04-24 19:28:15", "elapsed": 1180.415594, "delta": 1.961965}}
{"target": 0.6500465999999999, "params": {"alpha": 0.10181112308228013, "colsample_bytree": 0.8072646315745722, "lam": 0.9999972492245628, "max_depth": 5.0, "min_child_weight": 3.0, "subsample": 0.8253508838702506}, "datetime": {"datetime": "2020-04-24 19:28:17", "elapsed": 1182.376647, "delta": 1.961053}}
{"target": 0.6403365999999999, "params": {"alpha": 0.10181112308228013, "colsample_bytree": 0.8054811088298648, "lam": 0.9999972492245628, "max_depth": 5.0, "min_child_weight": 3.0, "subsample": 0.824472968856063}, "datetime": {"datetime": "2020-04-24 19:28:19", "elapsed": 1184.137681, "delta": 1.761034}}
{"target": 0.6422992000000001, "params": {"alpha": 0.10181112308228013, "colsample_bytree": 0.802311112391532, "lam": 0.9999972492245628, "max_depth": 5.0, "min_child_weight": 3.0, "subsample": 0.8285589733143821}, "datetime": {"datetime": "2020-04-24 19:28:21", "elapsed": 1186.564127, "delta": 2.426446}}
{"target": 0.6445449999999999, "params": {"alpha": 0.10181112308228013, "colsample_bytree": 0.8137742886393873, "lam": 0.9999972492245628, "max_depth": 5.0, "min_child_weight": 3.0, "subsample": 0.8214479978630609}, "datetime": {"datetime": "2020-04-24 19:28:24", "elapsed": 1189.054621, "delta": 2.490494}}
{"target": 0.6419314, "params": {"alpha": 0.10181112308228013, "colsample_bytree": 0.8136082426099465, "lam": 0.9999972492245628, "max_depth": 5.0, "min_child_weight": 3.0, "subsample": 0.8248875737566785}, "datetime": {"datetime": "2020-04-24 19:28:26", "elapsed": 1191.100552, "delta": 2.045931}}
{"target": 0.6430156, "params": {"alpha": 0.10181112308228013, "colsample_bytree": 0.8083946430838537, "lam": 0.9999972492245628, "max_depth": 5.0, "min_child_weight": 3.0, "subsample": 0.8246280156602506}, "datetime": {"datetime": "2020-04-24 19:28:28", "elapsed": 1193.79837, "delta": 2.697818}}
{"target": 0.6426672, "params": {"alpha": 0.10181112308228013, "colsample_bytree": 0.8118233623278635, "lam": 0.9999972492245628, "max_depth": 5.0, "min_child_weight": 3.0, "subsample": 0.8260962879632148}, "datetime": {"datetime": "2020-04-24 19:28:31", "elapsed": 1196.075251, "delta": 2.276881}}
{"target": 0.6467736, "params": {"alpha": 0.10181112308228013, "colsample_bytree": 0.811550211877111, "lam": 0.9999972492245628, "max_depth": 5.0, "min_child_weight": 3.0, "subsample": 0.8227770271961965}, "datetime": {"datetime": "2020-04-24 19:28:33", "elapsed": 1198.778462, "delta": 2.703211}}
{"target": 0.644402, "params": {"alpha": 0.10181112308228013, "colsample_bytree": 0.8159473325603781, "lam": 0.9999972492245628, "max_depth": 5.0, "min_child_weight": 3.0, "subsample": 0.8219759770704343}, "datetime": {"datetime": "2020-04-24 19:28:36", "elapsed": 1200.983947, "delta": 2.205485}}
{"target": 0.6457262, "params": {"alpha": 0.10181112308228013, "colsample_bytree": 0.8124114653451764, "lam": 0.9999972492245628, "max_depth": 5.0, "min_child_weight": 3.0, "subsample": 0.8230307866432542}, "datetime": {"datetime": "2020-04-24 19:28:37", "elapsed": 1202.790553, "delta": 1.806606}}
{"target": 0.6433114, "params": {"alpha": 0.10181112308228013, "colsample_bytree": 0.813432802248641, "lam": 0.9999972492245628, "max_depth": 5.0, "min_child_weight": 3.0, "subsample": 0.8233396253414299}, "datetime": {"datetime": "2020-04-24 19:28:40", "elapsed": 1204.891743, "delta": 2.10119}}
{"target": 0.6444736, "params": {"alpha": 0.10181112308228013, "colsample_bytree": 0.8123550070363507, "lam": 0.9999972492245628, "max_depth": 5.0, "min_child_weight": 3.0, "subsample": 0.8238693529145091}, "datetime": {"datetime": "2020-04-24 19:28:42", "elapsed": 1206.996222, "delta": 2.104479}}
{"target": 0.6464212, "params": {"alpha": 0.10181112308228013, "colsample_bytree": 0.810936945123798, "lam": 0.9999972492245628, "max_depth": 5.0, "min_child_weight": 3.0, "subsample": 0.8229527736307833}, "datetime": {"datetime": "2020-04-24 19:28:44", "elapsed": 1209.168378, "delta": 2.172156}}
{"target": 0.641502, "params": {"alpha": 0.10181112308228013, "colsample_bytree": 0.8096035374856532, "lam": 0.9999972492245628, "max_depth": 5.0, "min_child_weight": 3.0, "subsample": 0.822348570904867}, "datetime": {"datetime": "2020-04-24 19:28:46", "elapsed": 1211.264946, "delta": 2.096568}}
{"target": 0.6461669999999999, "params": {"alpha": 0.10181112308228013, "colsample_bytree": 0.8143860453302634, "lam": 0.9999972492245628, "max_depth": 5.0, "min_child_weight": 3.0, "subsample": 0.8228782733868514}, "datetime": {"datetime": "2020-04-24 19:28:48", "elapsed": 1213.070986, "delta": 1.80604}}
{"target": 0.645204, "params": {"alpha": 0.10181112308228013, "colsample_bytree": 0.8170673715837159, "lam": 0.9999972492245628, "max_depth": 5.0, "min_child_weight": 3.0, "subsample": 0.8221752443779733}, "datetime": {"datetime": "2020-04-24 19:28:49", "elapsed": 1214.855587, "delta": 1.784601}}
{"target": 0.6453901999999999, "params": {"alpha": 0.10181112308228013, "colsample_bytree": 0.8163314347551784, "lam": 0.9999972492245628, "max_depth": 5.0, "min_child_weight": 3.0, "subsample": 0.8217583846436655}, "datetime": {"datetime": "2020-04-24 19:28:52", "elapsed": 1217.294296, "delta": 2.438709}}
{"target": 0.6415094, "params": {"alpha": 0.10181112308228013, "colsample_bytree": 0.8141193143377827, "lam": 0.9999972492245628, "max_depth": 5.0, "min_child_weight": 3.0, "subsample": 0.8207163252209795}, "datetime": {"datetime": "2020-04-24 19:28:54", "elapsed": 1219.418721, "delta": 2.124425}}
{"target": 0.6419414, "params": {"alpha": 0.10181112308228013, "colsample_bytree": 0.8154871282050593, "lam": 0.9999972492245628, "max_depth": 5.0, "min_child_weight": 3.0, "subsample": 0.8247788129017408}, "datetime": {"datetime": "2020-04-24 19:28:56", "elapsed": 1221.598186, "delta": 2.179465}}
