{"target": 0.6390435999999999, "params": {"alpha": 0.017800763284018917, "colsample_bytree": 0.6584488947947091, "lam": 0.9913413016070767, "max_depth": 6.0, "min_child_weight": 9.0, "subsample": 0.7874540886288497}, "datetime": {"datetime": "2020-04-24 23:52:06", "elapsed": 1693.155859, "delta": 3.338981}}
{"target": 0.6440440000000001, "params": {"alpha": 0.017800763284018917, "colsample_bytree": 0.6602372706050292, "lam": 0.9913413016070767, "max_depth": 6.0, "min_child_weight": 9.0, "subsample": 0.8175295046831619}, "datetime": {"datetime": "2020-04-24 23:52:09", "elapsed": 1696.342778, "delta": 3.186919}}
{"target": 0.6059484, "params": {"alpha": 0.017800763284018917, "colsample_bytree": 0.5949329440067674, "lam": 0.9913413016070767, "max_depth": 6.0, "min_child_weight": 9.0, "subsample": 0.5122793041771263}, "datetime": {"datetime": "2020-04-24 23:52:12", "elapsed": 1699.764989, "delta": 3.422211}}
{"target": 0.6375236, "params": {"alpha": 0.017800763284018917, "colsample_bytree": 0.8621878365749676, "lam": 0.9913413016070767, "max_depth": 6.0, "min_child_weight": 9.0, "subsample": 0.8660642316552734}, "datetime": {"datetime": "2020-04-24 23:52:17", "elapsed": 1704.47682, "delta": 4.711831}}
