{"target": 0.6500954, "params": {"alpha": 0.9983047674988567, "lam": 0.999051441540268, "max_depth": 5.0, "min_child_weight": 3.0}, "datetime": {"datetime": "2020-04-25 00:02:21", "elapsed": 602.580144, "delta": 1.865728}}
{"target": 0.6500964, "params": {"alpha": 0.8912923833428361, "lam": 0.9997694896332094, "max_depth": 5.0, "min_child_weight": 3.0}, "datetime": {"datetime": "2020-04-25 00:02:22", "elapsed": 604.37106, "delta": 1.790916}}
{"target": 0.6500986, "params": {"alpha": 0.5331534029916247, "lam": 0.9998806852028148, "max_depth": 5.0, "min_child_weight": 3.0}, "datetime": {"datetime": "2020-04-25 00:02:24", "elapsed": 606.220264, "delta": 1.849204}}
{"target": 0.6500975999999999, "params": {"alpha": 0.7338202099226604, "lam": 0.9995594219106005, "max_depth": 5.0, "min_child_weight": 3.0}, "datetime": {"datetime": "2020-04-25 00:02:26", "elapsed": 607.939952, "delta": 1.719688}}
{"target": 0.6500984, "params": {"alpha": 0.588693093569945, "lam": 0.9999805250119803, "max_depth": 5.0, "min_child_weight": 3.0}, "datetime": {"datetime": "2020-04-25 00:02:28", "elapsed": 609.66474, "delta": 1.724788}}
{"target": 0.6500996, "params": {"alpha": 0.40408042215785234, "lam": 0.9996247451964251, "max_depth": 5.0, "min_child_weight": 3.0}, "datetime": {"datetime": "2020-04-25 00:02:30", "elapsed": 611.571048, "delta": 1.906308}}
{"target": 0.6500997999999999, "params": {"alpha": 0.3596727555754915, "lam": 0.9997695663537404, "max_depth": 5.0, "min_child_weight": 3.0}, "datetime": {"datetime": "2020-04-25 00:02:31", "elapsed": 613.333166, "delta": 1.762118}}
{"target": 0.6500998, "params": {"alpha": 0.3549104705611713, "lam": 0.9999689539627635, "max_depth": 5.0, "min_child_weight": 3.0}, "datetime": {"datetime": "2020-04-25 00:02:33", "elapsed": 615.282836, "delta": 1.94967}}
{"target": 0.6500966, "params": {"alpha": 0.8973533663933865, "lam": 0.9998681707959435, "max_depth": 5.0, "min_child_weight": 3.0}, "datetime": {"datetime": "2020-04-25 00:02:35", "elapsed": 617.237953, "delta": 1.955117}}
{"target": 0.6500964, "params": {"alpha": 0.9253349552707008, "lam": 0.9998553320453697, "max_depth": 5.0, "min_child_weight": 3.0}, "datetime": {"datetime": "2020-04-25 00:02:37", "elapsed": 618.980596, "delta": 1.742643}}
{"target": 0.6500968, "params": {"alpha": 0.8574491964917903, "lam": 0.9998734239873801, "max_depth": 5.0, "min_child_weight": 3.0}, "datetime": {"datetime": "2020-04-25 00:02:39", "elapsed": 620.804357, "delta": 1.823761}}
{"target": 0.6500978, "params": {"alpha": 0.6890566455268378, "lam": 0.9997949235285946, "max_depth": 5.0, "min_child_weight": 3.0}, "datetime": {"datetime": "2020-04-25 00:02:41", "elapsed": 622.677297, "delta": 1.87294}}
{"target": 0.6500956, "params": {"alpha": 0.9923019269230309, "lam": 0.9991811337958758, "max_depth": 5.0, "min_child_weight": 3.0}, "datetime": {"datetime": "2020-04-25 00:02:43", "elapsed": 624.598255, "delta": 1.920958}}
{"target": 0.6500994, "params": {"alpha": 0.4256365396658369, "lam": 0.9999558565343132, "max_depth": 5.0, "min_child_weight": 3.0}, "datetime": {"datetime": "2020-04-25 00:02:44", "elapsed": 626.394456, "delta": 1.796201}}
{"target": 0.6500994, "params": {"alpha": 0.4256365396658369, "lam": 0.9999558565343132, "max_depth": 5.0, "min_child_weight": 3.0}, "datetime": {"datetime": "2020-04-25 00:02:46", "elapsed": 627.594153, "delta": 1.199697}}
{"target": 0.6500973999999999, "params": {"alpha": 0.7863841580309143, "lam": 0.9998541694384142, "max_depth": 5.0, "min_child_weight": 3.0}, "datetime": {"datetime": "2020-04-25 00:02:47", "elapsed": 629.519178, "delta": 1.925025}}
{"target": 0.6501004, "params": {"alpha": 0.24997125654768815, "lam": 0.9999178028728188, "max_depth": 5.0, "min_child_weight": 3.0}, "datetime": {"datetime": "2020-04-25 00:02:49", "elapsed": 631.425763, "delta": 1.906585}}
{"target": 0.6501006, "params": {"alpha": 0.2069058582529033, "lam": 0.9998522120893215, "max_depth": 5.0, "min_child_weight": 3.0}, "datetime": {"datetime": "2020-04-25 00:02:51", "elapsed": 633.255231, "delta": 1.829468}}
{"target": 0.6501006, "params": {"alpha": 0.2069058582529033, "lam": 0.9998522120893215, "max_depth": 5.0, "min_child_weight": 3.0}, "datetime": {"datetime": "2020-04-25 00:02:52", "elapsed": 634.055954, "delta": 0.800723}}
{"target": 0.6500966, "params": {"alpha": 0.8921927570177118, "lam": 0.9998578409972924, "max_depth": 5.0, "min_child_weight": 3.0}, "datetime": {"datetime": "2020-04-25 00:02:54", "elapsed": 635.874287, "delta": 1.818333}}
{"target": 0.6501012, "params": {"alpha": 0.14274701415640467, "lam": 0.9999928653736478, "max_depth": 5.0, "min_child_weight": 3.0}, "datetime": {"datetime": "2020-04-25 00:02:56", "elapsed": 637.733179, "delta": 1.858892}}
{"target": 0.6500984, "params": {"alpha": 0.6080135426689524, "lam": 0.9998381609364064, "max_depth": 5.0, "min_child_weight": 3.0}, "datetime": {"datetime": "2020-04-25 00:02:58", "elapsed": 639.679751, "delta": 1.946572}}
{"target": 0.6500964, "params": {"alpha": 0.9167554719089068, "lam": 0.9998831833647721, "max_depth": 5.0, "min_child_weight": 3.0}, "datetime": {"datetime": "2020-04-25 00:03:00", "elapsed": 641.578539, "delta": 1.898788}}
{"target": 0.6500980000000001, "params": {"alpha": 0.6613305672571449, "lam": 0.9998581148234977, "max_depth": 5.0, "min_child_weight": 3.0}, "datetime": {"datetime": "2020-04-25 00:03:02", "elapsed": 643.604838, "delta": 2.026299}}
{"target": 0.6500994, "params": {"alpha": 0.4142454181066044, "lam": 0.9999595460729237, "max_depth": 5.0, "min_child_weight": 3.0}, "datetime": {"datetime": "2020-04-25 00:03:03", "elapsed": 645.391858, "delta": 1.78702}}
{"target": 0.6500996000000001, "params": {"alpha": 0.41615757739256887, "lam": 0.9998359239062583, "max_depth": 5.0, "min_child_weight": 3.0}, "datetime": {"datetime": "2020-04-25 00:03:05", "elapsed": 647.210133, "delta": 1.818275}}
{"target": 0.6500964, "params": {"alpha": 0.9273412140072326, "lam": 0.9999184278276649, "max_depth": 5.0, "min_child_weight": 3.0}, "datetime": {"datetime": "2020-04-25 00:03:07", "elapsed": 649.127693, "delta": 1.91756}}
{"target": 0.6500958, "params": {"alpha": 0.9999979770974017, "lam": 0.999999999010383, "max_depth": 5.0, "min_child_weight": 3.0}, "datetime": {"datetime": "2020-04-25 00:03:09", "elapsed": 651.129849, "delta": 2.002156}}
{"target": 0.6500974, "params": {"alpha": 0.7117308209515562, "lam": 0.9996105671235391, "max_depth": 5.0, "min_child_weight": 3.0}, "datetime": {"datetime": "2020-04-25 00:03:11", "elapsed": 653.203517, "delta": 2.073668}}
{"target": 0.6500974, "params": {"alpha": 0.7117308209515562, "lam": 0.9996105671235391, "max_depth": 5.0, "min_child_weight": 3.0}, "datetime": {"datetime": "2020-04-25 00:03:12", "elapsed": 654.22845, "delta": 1.024933}}
{"target": 0.650101, "params": {"alpha": 0.1494521526770055, "lam": 0.9997182910191004, "max_depth": 5.0, "min_child_weight": 3.0}, "datetime": {"datetime": "2020-04-25 00:03:14", "elapsed": 656.544566, "delta": 2.316116}}
{"target": 0.6500971999999999, "params": {"alpha": 0.7796835523359106, "lam": 0.999963297838322, "max_depth": 5.0, "min_child_weight": 3.0}, "datetime": {"datetime": "2020-04-25 00:03:16", "elapsed": 658.402569, "delta": 1.858003}}
{"target": 0.650097, "params": {"alpha": 0.8031411024698998, "lam": 0.9995752238554111, "max_depth": 5.0, "min_child_weight": 3.0}, "datetime": {"datetime": "2020-04-25 00:03:18", "elapsed": 660.446189, "delta": 2.04362}}
{"target": 0.6501002, "params": {"alpha": 0.26914832563222335, "lam": 0.9999047312286784, "max_depth": 5.0, "min_child_weight": 3.0}, "datetime": {"datetime": "2020-04-25 00:03:20", "elapsed": 662.493764, "delta": 2.047575}}
{"target": 0.6500976, "params": {"alpha": 0.7202119785871312, "lam": 0.9998332223776171, "max_depth": 5.0, "min_child_weight": 3.0}, "datetime": {"datetime": "2020-04-25 00:03:23", "elapsed": 664.610316, "delta": 2.116552}}
{"target": 0.6501, "params": {"alpha": 0.3001384296373659, "lam": 0.9998288363614982, "max_depth": 5.0, "min_child_weight": 3.0}, "datetime": {"datetime": "2020-04-25 00:03:24", "elapsed": 666.483584, "delta": 1.873268}}
{"target": 0.6501012, "params": {"alpha": 0.16772401909923162, "lam": 0.999918149550924, "max_depth": 5.0, "min_child_weight": 3.0}, "datetime": {"datetime": "2020-04-25 00:03:27", "elapsed": 668.822754, "delta": 2.33917}}
{"target": 0.6500956, "params": {"alpha": 0.9995867324595482, "lam": 0.9991850981252051, "max_depth": 5.0, "min_child_weight": 3.0}, "datetime": {"datetime": "2020-04-25 00:03:29", "elapsed": 671.096655, "delta": 2.273901}}
{"target": 0.6500999999999999, "params": {"alpha": 0.34312997569643333, "lam": 0.9998590899491382, "max_depth": 5.0, "min_child_weight": 3.0}, "datetime": {"datetime": "2020-04-25 00:03:31", "elapsed": 673.197984, "delta": 2.101329}}
{"target": 0.650099, "params": {"alpha": 0.5042938847387973, "lam": 0.9998618508809812, "max_depth": 5.0, "min_child_weight": 3.0}, "datetime": {"datetime": "2020-04-25 00:03:33", "elapsed": 675.449199, "delta": 2.251215}}
{"target": 0.6500968, "params": {"alpha": 0.8493274396620607, "lam": 0.9999354337990154, "max_depth": 5.0, "min_child_weight": 3.0}, "datetime": {"datetime": "2020-04-25 00:03:36", "elapsed": 677.677507, "delta": 2.228308}}
{"target": 0.6500968, "params": {"alpha": 0.8493274396620607, "lam": 0.9999354337990154, "max_depth": 5.0, "min_child_weight": 3.0}, "datetime": {"datetime": "2020-04-25 00:03:37", "elapsed": 679.218972, "delta": 1.541465}}
{"target": 0.6500988000000001, "params": {"alpha": 0.5282012342153984, "lam": 0.9999344672979366, "max_depth": 5.0, "min_child_weight": 3.0}, "datetime": {"datetime": "2020-04-25 00:03:40", "elapsed": 681.561524, "delta": 2.342552}}
{"target": 0.650101, "params": {"alpha": 0.16017608511643033, "lam": 0.9999040519618845, "max_depth": 5.0, "min_child_weight": 3.0}, "datetime": {"datetime": "2020-04-25 00:03:42", "elapsed": 684.006286, "delta": 2.444762}}
{"target": 0.6500988000000001, "params": {"alpha": 0.5071512360613526, "lam": 0.9999831830134007, "max_depth": 5.0, "min_child_weight": 3.0}, "datetime": {"datetime": "2020-04-25 00:03:44", "elapsed": 686.280512, "delta": 2.274226}}
{"target": 0.6500978, "params": {"alpha": 0.6665055485795752, "lam": 0.9999858786487099, "max_depth": 5.0, "min_child_weight": 3.0}, "datetime": {"datetime": "2020-04-25 00:03:47", "elapsed": 688.916323, "delta": 2.635811}}
{"target": 0.6500961999999999, "params": {"alpha": 0.9251159738640846, "lam": 0.999836798940295, "max_depth": 5.0, "min_child_weight": 3.0}, "datetime": {"datetime": "2020-04-25 00:03:49", "elapsed": 691.157005, "delta": 2.240682}}
{"target": 0.6501006, "params": {"alpha": 0.2772054634071549, "lam": 0.9999584499296245, "max_depth": 5.0, "min_child_weight": 3.0}, "datetime": {"datetime": "2020-04-25 00:03:52", "elapsed": 693.553254, "delta": 2.396249}}
{"target": 0.6500975999999999, "params": {"alpha": 0.6868751635522856, "lam": 0.9997604824113963, "max_depth": 5.0, "min_child_weight": 3.0}, "datetime": {"datetime": "2020-04-25 00:03:54", "elapsed": 695.751534, "delta": 2.19828}}
{"target": 0.6500982, "params": {"alpha": 0.6033969047239106, "lam": 0.9999577803620197, "max_depth": 5.0, "min_child_weight": 3.0}, "datetime": {"datetime": "2020-04-25 00:03:56", "elapsed": 697.945684, "delta": 2.19415}}
{"target": 0.6500961999999999, "params": {"alpha": 0.8843502925124396, "lam": 0.999384998077696, "max_depth": 5.0, "min_child_weight": 3.0}, "datetime": {"datetime": "2020-04-25 00:03:58", "elapsed": 700.346492, "delta": 2.400808}}
{"target": 0.6501004000000001, "params": {"alpha": 0.22438721131522843, "lam": 0.9998383733016574, "max_depth": 5.0, "min_child_weight": 3.0}, "datetime": {"datetime": "2020-04-25 00:04:01", "elapsed": 702.843661, "delta": 2.497169}}
{"target": 0.6501004, "params": {"alpha": 0.27863767529653316, "lam": 0.999976451042267, "max_depth": 5.0, "min_child_weight": 3.0}, "datetime": {"datetime": "2020-04-25 00:04:03", "elapsed": 705.357971, "delta": 2.51431}}
{"target": 0.6501007999999999, "params": {"alpha": 0.21373610462754333, "lam": 0.9998932024475499, "max_depth": 5.0, "min_child_weight": 3.0}, "datetime": {"datetime": "2020-04-25 00:04:06", "elapsed": 707.558145, "delta": 2.200174}}
{"target": 0.6500986, "params": {"alpha": 0.5795327126110841, "lam": 0.9998087571587903, "max_depth": 5.0, "min_child_weight": 3.0}, "datetime": {"datetime": "2020-04-25 00:04:08", "elapsed": 710.14886, "delta": 2.590715}}
{"target": 0.6500973999999999, "params": {"alpha": 0.7944257124698131, "lam": 0.9999773759625215, "max_depth": 5.0, "min_child_weight": 3.0}, "datetime": {"datetime": "2020-04-25 00:04:11", "elapsed": 712.81483, "delta": 2.66597}}
{"target": 0.6500959999999999, "params": {"alpha": 0.978437247021988, "lam": 0.9999430856327467, "max_depth": 5.0, "min_child_weight": 3.0}, "datetime": {"datetime": "2020-04-25 00:04:13", "elapsed": 715.250573, "delta": 2.435743}}
{"target": 0.6500966, "params": {"alpha": 0.8956209843424956, "lam": 0.999582811036132, "max_depth": 5.0, "min_child_weight": 3.0}, "datetime": {"datetime": "2020-04-25 00:04:15", "elapsed": 717.387145, "delta": 2.136572}}
{"target": 0.6500992, "params": {"alpha": 0.4518317143313435, "lam": 0.9999790558301036, "max_depth": 5.0, "min_child_weight": 3.0}, "datetime": {"datetime": "2020-04-25 00:04:18", "elapsed": 719.766323, "delta": 2.379178}}
{"target": 0.6500976, "params": {"alpha": 0.7363662785415634, "lam": 0.9997674147462613, "max_depth": 5.0, "min_child_weight": 3.0}, "datetime": {"datetime": "2020-04-25 00:04:20", "elapsed": 722.338821, "delta": 2.572498}}
{"target": 0.6500990000000001, "params": {"alpha": 0.5053793137210498, "lam": 0.9997790141043837, "max_depth": 5.0, "min_child_weight": 3.0}, "datetime": {"datetime": "2020-04-25 00:04:23", "elapsed": 724.862176, "delta": 2.523355}}
{"target": 0.6500998, "params": {"alpha": 0.3616539685682142, "lam": 0.9998996598530532, "max_depth": 5.0, "min_child_weight": 3.0}, "datetime": {"datetime": "2020-04-25 00:04:25", "elapsed": 727.369308, "delta": 2.507132}}
{"target": 0.6500968, "params": {"alpha": 0.8290642195403986, "lam": 0.9999145552193672, "max_depth": 5.0, "min_child_weight": 3.0}, "datetime": {"datetime": "2020-04-25 00:04:28", "elapsed": 729.727385, "delta": 2.358077}}
{"target": 0.6500982000000001, "params": {"alpha": 0.6566445993612452, "lam": 0.999986880827061, "max_depth": 5.0, "min_child_weight": 3.0}, "datetime": {"datetime": "2020-04-25 00:04:30", "elapsed": 732.163394, "delta": 2.436009}}
{"target": 0.6501013999999999, "params": {"alpha": 0.12304796505955773, "lam": 0.999894835813324, "max_depth": 5.0, "min_child_weight": 3.0}, "datetime": {"datetime": "2020-04-25 00:04:32", "elapsed": 734.418858, "delta": 2.255464}}
{"target": 0.650101, "params": {"alpha": 0.13549715511693605, "lam": 0.9998174911168612, "max_depth": 5.0, "min_child_weight": 3.0}, "datetime": {"datetime": "2020-04-25 00:04:35", "elapsed": 737.244396, "delta": 2.825538}}
{"target": 0.6500966, "params": {"alpha": 0.9010175846411405, "lam": 0.999857990000259, "max_depth": 5.0, "min_child_weight": 3.0}, "datetime": {"datetime": "2020-04-25 00:04:38", "elapsed": 739.94798, "delta": 2.703584}}
{"target": 0.6501006, "params": {"alpha": 0.23227247566618248, "lam": 0.9999409106473046, "max_depth": 5.0, "min_child_weight": 3.0}, "datetime": {"datetime": "2020-04-25 00:04:41", "elapsed": 742.611566, "delta": 2.663586}}
{"target": 0.6501002, "params": {"alpha": 0.2880244835524548, "lam": 0.9998890597581205, "max_depth": 5.0, "min_child_weight": 3.0}, "datetime": {"datetime": "2020-04-25 00:04:43", "elapsed": 745.390271, "delta": 2.778705}}
{"target": 0.6501011999999999, "params": {"alpha": 0.14732851609373532, "lam": 0.9999547339229946, "max_depth": 5.0, "min_child_weight": 3.0}, "datetime": {"datetime": "2020-04-25 00:04:46", "elapsed": 747.892347, "delta": 2.502076}}
{"target": 0.6500978, "params": {"alpha": 0.6676155066258835, "lam": 0.9996921983247986, "max_depth": 5.0, "min_child_weight": 3.0}, "datetime": {"datetime": "2020-04-25 00:04:49", "elapsed": 750.642756, "delta": 2.750409}}
{"target": 0.6500962, "params": {"alpha": 0.9409579358213007, "lam": 0.9999418607073643, "max_depth": 5.0, "min_child_weight": 3.0}, "datetime": {"datetime": "2020-04-25 00:04:51", "elapsed": 753.286508, "delta": 2.643752}}
{"target": 0.6500998, "params": {"alpha": 0.3623949791757004, "lam": 0.9999282216554719, "max_depth": 5.0, "min_child_weight": 3.0}, "datetime": {"datetime": "2020-04-25 00:04:54", "elapsed": 756.075155, "delta": 2.788647}}
{"target": 0.6501008, "params": {"alpha": 0.19774814903500693, "lam": 0.9997292629161734, "max_depth": 5.0, "min_child_weight": 3.0}, "datetime": {"datetime": "2020-04-25 00:04:56", "elapsed": 758.423307, "delta": 2.348152}}
{"target": 0.6500968, "params": {"alpha": 0.8107251545870011, "lam": 0.9997256442404747, "max_depth": 5.0, "min_child_weight": 3.0}, "datetime": {"datetime": "2020-04-25 00:04:59", "elapsed": 761.095532, "delta": 2.672225}}
{"target": 0.6500956, "params": {"alpha": 0.9925943167797022, "lam": 0.9994433918010533, "max_depth": 5.0, "min_child_weight": 3.0}, "datetime": {"datetime": "2020-04-25 00:05:02", "elapsed": 763.82616, "delta": 2.730628}}
{"target": 0.6500964, "params": {"alpha": 0.8930074908996436, "lam": 0.9995658410153077, "max_depth": 5.0, "min_child_weight": 3.0}, "datetime": {"datetime": "2020-04-25 00:05:04", "elapsed": 766.469216, "delta": 2.643056}}
{"target": 0.6500975999999999, "params": {"alpha": 0.6980800233282463, "lam": 0.999816866820838, "max_depth": 5.0, "min_child_weight": 3.0}, "datetime": {"datetime": "2020-04-25 00:05:07", "elapsed": 768.851399, "delta": 2.382183}}
{"target": 0.6501013999999999, "params": {"alpha": 0.12327645779066387, "lam": 0.9999431606968956, "max_depth": 5.0, "min_child_weight": 3.0}, "datetime": {"datetime": "2020-04-25 00:05:10", "elapsed": 771.745246, "delta": 2.893847}}
{"target": 0.6500982, "params": {"alpha": 0.6426127408524748, "lam": 0.9996910751737, "max_depth": 5.0, "min_child_weight": 3.0}, "datetime": {"datetime": "2020-04-25 00:05:12", "elapsed": 774.475883, "delta": 2.730637}}
{"target": 0.6500958, "params": {"alpha": 0.9991716594167261, "lam": 0.9998949069620217, "max_depth": 5.0, "min_child_weight": 3.0}, "datetime": {"datetime": "2020-04-25 00:05:15", "elapsed": 777.141379, "delta": 2.665496}}
{"target": 0.6500984, "params": {"alpha": 0.5798779134045382, "lam": 0.9999950430323532, "max_depth": 5.0, "min_child_weight": 3.0}, "datetime": {"datetime": "2020-04-25 00:05:18", "elapsed": 779.77077, "delta": 2.629391}}
{"target": 0.6500978, "params": {"alpha": 0.7019944856983146, "lam": 0.9999547786684119, "max_depth": 5.0, "min_child_weight": 3.0}, "datetime": {"datetime": "2020-04-25 00:05:20", "elapsed": 782.484172, "delta": 2.713402}}
{"target": 0.6501006, "params": {"alpha": 0.2577881890188556, "lam": 0.9997537452773196, "max_depth": 5.0, "min_child_weight": 3.0}, "datetime": {"datetime": "2020-04-25 00:05:23", "elapsed": 785.263568, "delta": 2.779396}}
{"target": 0.6501006, "params": {"alpha": 0.2577881890188556, "lam": 0.9997537452773196, "max_depth": 5.0, "min_child_weight": 3.0}, "datetime": {"datetime": "2020-04-25 00:05:25", "elapsed": 786.971474, "delta": 1.707906}}
{"target": 0.6501011999999999, "params": {"alpha": 0.18225710058530475, "lam": 0.9998864356801923, "max_depth": 5.0, "min_child_weight": 3.0}, "datetime": {"datetime": "2020-04-25 00:05:28", "elapsed": 789.897644, "delta": 2.92617}}
{"target": 0.6500968000000001, "params": {"alpha": 0.8305194313174953, "lam": 0.9997904184475744, "max_depth": 5.0, "min_child_weight": 3.0}, "datetime": {"datetime": "2020-04-25 00:05:30", "elapsed": 792.473437, "delta": 2.575793}}
{"target": 0.6501004, "params": {"alpha": 0.24876409694984947, "lam": 0.999848896353749, "max_depth": 5.0, "min_child_weight": 3.0}, "datetime": {"datetime": "2020-04-25 00:05:33", "elapsed": 795.218445, "delta": 2.745008}}
{"target": 0.6500988000000001, "params": {"alpha": 0.5224930502737594, "lam": 0.9998597041473345, "max_depth": 5.0, "min_child_weight": 3.0}, "datetime": {"datetime": "2020-04-25 00:05:36", "elapsed": 797.898223, "delta": 2.679778}}
{"target": 0.6501007999999999, "params": {"alpha": 0.2417025044494231, "lam": 0.9999948550000896, "max_depth": 5.0, "min_child_weight": 3.0}, "datetime": {"datetime": "2020-04-25 00:05:38", "elapsed": 800.298758, "delta": 2.400535}}
{"target": 0.650096, "params": {"alpha": 0.9916681488483859, "lam": 0.9997595059705131, "max_depth": 5.0, "min_child_weight": 3.0}, "datetime": {"datetime": "2020-04-25 00:05:41", "elapsed": 803.103769, "delta": 2.805011}}
{"target": 0.6500992, "params": {"alpha": 0.43151489097177065, "lam": 0.9999146562117752, "max_depth": 5.0, "min_child_weight": 3.0}, "datetime": {"datetime": "2020-04-25 00:05:44", "elapsed": 805.87799, "delta": 2.774221}}
{"target": 0.6500984, "params": {"alpha": 0.5946346158020248, "lam": 0.9998709073218572, "max_depth": 5.0, "min_child_weight": 3.0}, "datetime": {"datetime": "2020-04-25 00:05:46", "elapsed": 808.530686, "delta": 2.652696}}
{"target": 0.6501006, "params": {"alpha": 0.2682399130329518, "lam": 0.9999992440039178, "max_depth": 5.0, "min_child_weight": 3.0}, "datetime": {"datetime": "2020-04-25 00:05:49", "elapsed": 811.056381, "delta": 2.525695}}
{"target": 0.6500964, "params": {"alpha": 0.9290947806324134, "lam": 0.9999012058880258, "max_depth": 5.0, "min_child_weight": 3.0}, "datetime": {"datetime": "2020-04-25 00:05:52", "elapsed": 813.694097, "delta": 2.637716}}
{"target": 0.650099, "params": {"alpha": 0.4881247693423971, "lam": 0.9999437436827388, "max_depth": 5.0, "min_child_weight": 3.0}, "datetime": {"datetime": "2020-04-25 00:05:55", "elapsed": 816.79929, "delta": 3.105193}}
{"target": 0.6500996, "params": {"alpha": 0.3806152865095185, "lam": 0.9996972147480263, "max_depth": 5.0, "min_child_weight": 3.0}, "datetime": {"datetime": "2020-04-25 00:05:58", "elapsed": 819.815974, "delta": 3.016684}}
