{"target": 0.6403292, "params": {"alpha": 0.8530366690441696, "colsample_bytree": 0.7566549584612019, "lam": 0.9276394580326287, "max_depth": 9.0, "min_child_weight": 9.0, "subsample": 0.5922735511177257}, "datetime": {"datetime": "2020-04-24 23:23:27", "elapsed": 1902.255871, "delta": 3.742243}}
{"target": 0.6406639999999999, "params": {"alpha": 0.8530366690441696, "colsample_bytree": 0.7528866485351566, "lam": 0.9276394580326287, "max_depth": 9.0, "min_child_weight": 9.0, "subsample": 0.5461866608119427}, "datetime": {"datetime": "2020-04-24 23:23:31", "elapsed": 1906.293544, "delta": 4.037673}}
{"target": 0.6417194000000002, "params": {"alpha": 0.8530366690441696, "colsample_bytree": 0.8076444571302426, "lam": 0.9276394580326287, "max_depth": 9.0, "min_child_weight": 9.0, "subsample": 0.5697242661417906}, "datetime": {"datetime": "2020-04-24 23:23:35", "elapsed": 1910.574825, "delta": 4.281281}}
{"target": 0.6383738, "params": {"alpha": 0.8530366690441696, "colsample_bytree": 0.8206184050716863, "lam": 0.9276394580326287, "max_depth": 9.0, "min_child_weight": 9.0, "subsample": 0.8744297877526578}, "datetime": {"datetime": "2020-04-24 23:23:39", "elapsed": 1914.443953, "delta": 3.869128}}
{"target": 0.6247078, "params": {"alpha": 0.8530366690441696, "colsample_bytree": 0.880133521686209, "lam": 0.9276394580326287, "max_depth": 9.0, "min_child_weight": 9.0, "subsample": 0.6678357699809447}, "datetime": {"datetime": "2020-04-24 23:23:43", "elapsed": 1918.381651, "delta": 3.937698}}
{"target": 0.6347724, "params": {"alpha": 0.8530366690441696, "colsample_bytree": 0.8361358599996005, "lam": 0.9276394580326287, "max_depth": 9.0, "min_child_weight": 9.0, "subsample": 0.7333517682452632}, "datetime": {"datetime": "2020-04-24 23:23:47", "elapsed": 1922.198497, "delta": 3.816846}}
{"target": 0.6292854, "params": {"alpha": 0.8530366690441696, "colsample_bytree": 0.6682725374523817, "lam": 0.9276394580326287, "max_depth": 9.0, "min_child_weight": 9.0, "subsample": 0.6223140825602657}, "datetime": {"datetime": "2020-04-24 23:23:51", "elapsed": 1926.582502, "delta": 4.384005}}
