{"target": 0.6461694000000001, "params": {"max_depth": 9.218361151659927, "min_child_weight": 9.016312771486984}, "datetime": {"datetime": "2020-04-24 20:23:34", "elapsed": 464.912792, "delta": 2.990395}}
{"target": 0.6461694000000001, "params": {"max_depth": 9.18650191772295, "min_child_weight": 8.946360641101377}, "datetime": {"datetime": "2020-04-24 20:23:37", "elapsed": 468.651984, "delta": 3.739192}}
{"target": 0.6461694000000001, "params": {"max_depth": 9.142829439406919, "min_child_weight": 9.088341432561617}, "datetime": {"datetime": "2020-04-24 20:23:41", "elapsed": 472.098032, "delta": 3.446048}}
{"target": 0.6461694000000001, "params": {"max_depth": 9.16606541782623, "min_child_weight": 8.962318071480945}, "datetime": {"datetime": "2020-04-24 20:23:45", "elapsed": 476.068477, "delta": 3.970445}}
{"target": 0.6461694000000001, "params": {"max_depth": 9.172461490064752, "min_child_weight": 9.050252050746668}, "datetime": {"datetime": "2020-04-24 20:23:49", "elapsed": 479.8189, "delta": 3.750423}}
{"target": 0.6461694000000001, "params": {"max_depth": 9.186103947985089, "min_child_weight": 9.098351853266827}, "datetime": {"datetime": "2020-04-24 20:23:53", "elapsed": 483.908229, "delta": 4.089329}}
{"target": 0.6461694000000001, "params": {"max_depth": 9.267502700549478, "min_child_weight": 9.096726144560279}, "datetime": {"datetime": "2020-04-24 20:23:56", "elapsed": 487.311324, "delta": 3.403095}}
{"target": 0.6461694000000001, "params": {"max_depth": 9.351245539601013, "min_child_weight": 8.960066442721839}, "datetime": {"datetime": "2020-04-24 20:24:00", "elapsed": 490.891853, "delta": 3.580529}}
{"target": 0.6461694000000001, "params": {"max_depth": 9.161728971937293, "min_child_weight": 9.074218060130491}, "datetime": {"datetime": "2020-04-24 20:24:03", "elapsed": 494.607431, "delta": 3.715578}}
{"target": 0.6461694000000001, "params": {"max_depth": 9.208458232445702, "min_child_weight": 9.081798606059728}, "datetime": {"datetime": "2020-04-24 20:24:06", "elapsed": 497.678588, "delta": 3.071157}}
{"target": 0.6461694000000001, "params": {"max_depth": 9.219058534649196, "min_child_weight": 8.9718937894527}, "datetime": {"datetime": "2020-04-24 20:24:10", "elapsed": 501.533703, "delta": 3.855115}}
{"target": 0.6461694000000001, "params": {"max_depth": 9.19685059821781, "min_child_weight": 9.081860648563229}, "datetime": {"datetime": "2020-04-24 20:24:13", "elapsed": 504.698904, "delta": 3.165201}}
{"target": 0.6461694000000001, "params": {"max_depth": 9.262141533469109, "min_child_weight": 9.010738838930246}, "datetime": {"datetime": "2020-04-24 20:24:17", "elapsed": 508.56039, "delta": 3.861486}}
{"target": 0.6461694000000001, "params": {"max_depth": 9.382836625226096, "min_child_weight": 9.034772204475805}, "datetime": {"datetime": "2020-04-24 20:24:21", "elapsed": 511.758406, "delta": 3.198016}}
{"target": 0.6461694000000001, "params": {"max_depth": 9.07100585067382, "min_child_weight": 9.101997993916871}, "datetime": {"datetime": "2020-04-24 20:24:24", "elapsed": 515.129129, "delta": 3.370723}}
{"target": 0.6461694000000001, "params": {"max_depth": 9.247528307415582, "min_child_weight": 8.996522961084512}, "datetime": {"datetime": "2020-04-24 20:24:28", "elapsed": 518.843902, "delta": 3.714773}}
{"target": 0.6461694000000001, "params": {"max_depth": 9.271217092920558, "min_child_weight": 9.195588199343645}, "datetime": {"datetime": "2020-04-24 20:24:31", "elapsed": 522.73541, "delta": 3.891508}}
{"target": 0.6461694000000001, "params": {"max_depth": 9.299084364723887, "min_child_weight": 9.039575825539373}, "datetime": {"datetime": "2020-04-24 20:24:35", "elapsed": 526.366531, "delta": 3.631121}}
{"target": 0.6461694000000001, "params": {"max_depth": 9.339669184983855, "min_child_weight": 9.053389279428748}, "datetime": {"datetime": "2020-04-24 20:24:38", "elapsed": 529.686812, "delta": 3.320281}}
{"target": 0.6461694000000001, "params": {"max_depth": 9.19642890326388, "min_child_weight": 9.016340952909816}, "datetime": {"datetime": "2020-04-24 20:24:42", "elapsed": 533.129002, "delta": 3.44219}}
{"target": 0.6461694000000001, "params": {"max_depth": 9.107754794195094, "min_child_weight": 9.093003783497183}, "datetime": {"datetime": "2020-04-24 20:24:46", "elapsed": 536.971442, "delta": 3.84244}}
{"target": 0.6461694000000001, "params": {"max_depth": 9.390644048254533, "min_child_weight": 9.104043578096046}, "datetime": {"datetime": "2020-04-24 20:24:49", "elapsed": 540.662679, "delta": 3.691237}}
{"target": 0.6461694000000001, "params": {"max_depth": 9.243063610634545, "min_child_weight": 9.030911535264341}, "datetime": {"datetime": "2020-04-24 20:24:53", "elapsed": 544.321465, "delta": 3.658786}}
{"target": 0.6461694000000001, "params": {"max_depth": 9.19771288388013, "min_child_weight": 9.013652759518376}, "datetime": {"datetime": "2020-04-24 20:24:57", "elapsed": 547.856132, "delta": 3.534667}}
{"target": 0.6461694000000001, "params": {"max_depth": 9.297990636089471, "min_child_weight": 9.158559052677314}, "datetime": {"datetime": "2020-04-24 20:25:01", "elapsed": 551.899806, "delta": 4.043674}}
{"target": 0.6461694000000001, "params": {"max_depth": 9.11629633271151, "min_child_weight": 9.106690362525246}, "datetime": {"datetime": "2020-04-24 20:25:04", "elapsed": 555.220492, "delta": 3.320686}}
{"target": 0.6461694000000001, "params": {"max_depth": 9.153061830908737, "min_child_weight": 9.072706699594665}, "datetime": {"datetime": "2020-04-24 20:25:08", "elapsed": 559.174408, "delta": 3.953916}}
{"target": 0.6461694000000001, "params": {"max_depth": 9.311398348671654, "min_child_weight": 9.084897638988506}, "datetime": {"datetime": "2020-04-24 20:25:12", "elapsed": 563.153791, "delta": 3.979383}}
{"target": 0.6382906, "params": {"alpha": 0.6224000550488243, "lam": 0.6263504149188698, "max_depth": 9.0, "min_child_weight": 9.0}, "datetime": {"datetime": "2020-04-24 20:25:13", "elapsed": 564.262475, "delta": 1.108684}}
{"target": 0.6349794, "params": {"alpha": 0.46421789498584765, "lam": 0.48301786817970505, "max_depth": 9.0, "min_child_weight": 9.0}, "datetime": {"datetime": "2020-04-24 20:25:14", "elapsed": 565.363632, "delta": 1.101157}}
{"target": 0.6311738, "params": {"alpha": 0.8426803799137829, "lam": 0.3386089821493521, "max_depth": 9.0, "min_child_weight": 9.0}, "datetime": {"datetime": "2020-04-24 20:25:15", "elapsed": 566.474397, "delta": 1.110765}}
{"target": 0.6327796, "params": {"alpha": 0.6386028868253177, "lam": 0.05597432339770403, "max_depth": 9.0, "min_child_weight": 9.0}, "datetime": {"datetime": "2020-04-24 20:25:16", "elapsed": 567.586429, "delta": 1.112032}}
{"target": 0.634587, "params": {"alpha": 0.5128930265510984, "lam": 0.3086419929055163, "max_depth": 9.0, "min_child_weight": 9.0}, "datetime": {"datetime": "2020-04-24 20:25:17", "elapsed": 568.684821, "delta": 1.098392}}
{"target": 0.6307153999999999, "params": {"alpha": 0.824930756898461, "lam": 0.4202575347013565, "max_depth": 9.0, "min_child_weight": 9.0}, "datetime": {"datetime": "2020-04-24 20:25:19", "elapsed": 569.803606, "delta": 1.118785}}
{"target": 0.6366706, "params": {"alpha": 0.7536062681730867, "lam": 0.8002631866286077, "max_depth": 9.0, "min_child_weight": 9.0}, "datetime": {"datetime": "2020-04-24 20:25:20", "elapsed": 570.929947, "delta": 1.126341}}
{"target": 0.6343778, "params": {"alpha": 0.7372805914704217, "lam": 0.5377062992425407, "max_depth": 9.0, "min_child_weight": 9.0}, "datetime": {"datetime": "2020-04-24 20:25:21", "elapsed": 572.043988, "delta": 1.114041}}
{"target": 0.6333936, "params": {"alpha": 0.6308225093246475, "lam": 0.1673920796018492, "max_depth": 9.0, "min_child_weight": 9.0}, "datetime": {"datetime": "2020-04-24 20:25:22", "elapsed": 573.156925, "delta": 1.112937}}
{"target": 0.6493846000000001, "params": {"alpha": 0.34669544314612544, "lam": 0.8686990043310776, "max_depth": 9.0, "min_child_weight": 9.0}, "datetime": {"datetime": "2020-04-24 20:25:23", "elapsed": 574.281401, "delta": 1.124476}}
{"target": 0.6462838, "params": {"alpha": 0.0007631863808029715, "lam": 0.9922406876089068, "max_depth": 9.0, "min_child_weight": 9.0}, "datetime": {"datetime": "2020-04-24 20:25:25", "elapsed": 575.982265, "delta": 1.700864}}
{"target": 0.6463479999999999, "params": {"alpha": 0.35403448671765614, "lam": 0.9975787327040162, "max_depth": 9.0, "min_child_weight": 9.0}, "datetime": {"datetime": "2020-04-24 20:25:26", "elapsed": 577.650379, "delta": 1.668114}}
{"target": 0.6271492, "params": {"alpha": 0.0, "lam": 0.0, "max_depth": 9.0, "min_child_weight": 9.0}, "datetime": {"datetime": "2020-04-24 20:25:28", "elapsed": 579.275635, "delta": 1.625256}}
{"target": 0.642163, "params": {"alpha": 0.08295848450257681, "lam": 0.809088306098854, "max_depth": 9.0, "min_child_weight": 9.0}, "datetime": {"datetime": "2020-04-24 20:25:30", "elapsed": 581.072121, "delta": 1.796486}}
{"target": 0.6460738000000001, "params": {"alpha": 0.28175578853106487, "lam": 0.999474723451044, "max_depth": 9.0, "min_child_weight": 9.0}, "datetime": {"datetime": "2020-04-24 20:25:31", "elapsed": 582.727767, "delta": 1.655646}}
{"target": 0.6455, "params": {"alpha": 0.2419211932492561, "lam": 0.9985767241582597, "max_depth": 9.0, "min_child_weight": 9.0}, "datetime": {"datetime": "2020-04-24 20:25:33", "elapsed": 584.339335, "delta": 1.611568}}
{"target": 0.6262256, "params": {"alpha": 0.9999999951857268, "lam": 2.1729526129760585e-07, "max_depth": 9.0, "min_child_weight": 9.0}, "datetime": {"datetime": "2020-04-24 20:25:35", "elapsed": 586.097864, "delta": 1.758529}}
{"target": 0.6460742, "params": {"alpha": 0.21804449027819095, "lam": 0.9998754487221081, "max_depth": 9.0, "min_child_weight": 9.0}, "datetime": {"datetime": "2020-04-24 20:25:37", "elapsed": 587.802215, "delta": 1.704351}}
{"target": 0.6511452, "params": {"alpha": 0.4050611441950317, "lam": 0.8960119924434616, "max_depth": 9.0, "min_child_weight": 9.0}, "datetime": {"datetime": "2020-04-24 20:25:38", "elapsed": 589.615766, "delta": 1.813551}}
{"target": 0.6503164, "params": {"alpha": 0.4784727123549093, "lam": 0.9026474626251498, "max_depth": 9.0, "min_child_weight": 9.0}, "datetime": {"datetime": "2020-04-24 20:25:40", "elapsed": 591.396132, "delta": 1.780366}}
{"target": 0.647958, "params": {"alpha": 0.4450317592948062, "lam": 0.8715096519035264, "max_depth": 9.0, "min_child_weight": 9.0}, "datetime": {"datetime": "2020-04-24 20:25:42", "elapsed": 593.198217, "delta": 1.802085}}
{"target": 0.6463525999999999, "params": {"alpha": 0.5101080700228948, "lam": 0.9974072439935789, "max_depth": 9.0, "min_child_weight": 9.0}, "datetime": {"datetime": "2020-04-24 20:25:44", "elapsed": 594.897031, "delta": 1.698814}}
{"target": 0.6493844, "params": {"alpha": 0.413442913153819, "lam": 0.8712891693746181, "max_depth": 9.0, "min_child_weight": 9.0}, "datetime": {"datetime": "2020-04-24 20:25:45", "elapsed": 596.687512, "delta": 1.790481}}
{"target": 0.6425756, "params": {"alpha": 0.4190960451652912, "lam": 0.8814038827943078, "max_depth": 9.0, "min_child_weight": 9.0}, "datetime": {"datetime": "2020-04-24 20:25:47", "elapsed": 598.487046, "delta": 1.799534}}
{"target": 0.6474028, "params": {"alpha": 0.4329735461761236, "lam": 0.9227312995668066, "max_depth": 9.0, "min_child_weight": 9.0}, "datetime": {"datetime": "2020-04-24 20:25:49", "elapsed": 600.317238, "delta": 1.830192}}
{"target": 0.6503317999999999, "params": {"alpha": 0.41981235414029006, "lam": 0.915632138752469, "max_depth": 9.0, "min_child_weight": 9.0}, "datetime": {"datetime": "2020-04-24 20:25:51", "elapsed": 602.218843, "delta": 1.901605}}
{"target": 0.6503974, "params": {"alpha": 0.42422256669308045, "lam": 0.9103428596211626, "max_depth": 9.0, "min_child_weight": 9.0}, "datetime": {"datetime": "2020-04-24 20:25:53", "elapsed": 603.960629, "delta": 1.741786}}
{"target": 0.6499832, "params": {"alpha": 0.4280302921666552, "lam": 0.9118577811847688, "max_depth": 9.0, "min_child_weight": 9.0}, "datetime": {"datetime": "2020-04-24 20:25:54", "elapsed": 605.741379, "delta": 1.78075}}
{"target": 0.6503356000000001, "params": {"alpha": 0.4268688724765153, "lam": 0.9173946360912923, "max_depth": 9.0, "min_child_weight": 9.0}, "datetime": {"datetime": "2020-04-24 20:25:56", "elapsed": 607.594117, "delta": 1.852738}}
{"target": 0.6505829999999999, "params": {"alpha": 0.4410957913195983, "lam": 0.9141583711542249, "max_depth": 9.0, "min_child_weight": 9.0}, "datetime": {"datetime": "2020-04-24 20:25:58", "elapsed": 609.437705, "delta": 1.843588}}
{"target": 0.6503294, "params": {"alpha": 0.4565033307745915, "lam": 0.9147785389448958, "max_depth": 9.0, "min_child_weight": 9.0}, "datetime": {"datetime": "2020-04-24 20:26:00", "elapsed": 611.434221, "delta": 1.996516}}
{"target": 0.6503292, "params": {"alpha": 0.4543710324244924, "lam": 0.9144631158347453, "max_depth": 9.0, "min_child_weight": 9.0}, "datetime": {"datetime": "2020-04-24 20:26:02", "elapsed": 613.198781, "delta": 1.76456}}
{"target": 0.6503232000000001, "params": {"alpha": 0.4722001217909344, "lam": 0.9116611446051569, "max_depth": 9.0, "min_child_weight": 9.0}, "datetime": {"datetime": "2020-04-24 20:26:04", "elapsed": 615.127415, "delta": 1.928634}}
{"target": 0.6500516000000001, "params": {"alpha": 0.46869226224799976, "lam": 0.9152476342068335, "max_depth": 9.0, "min_child_weight": 9.0}, "datetime": {"datetime": "2020-04-24 20:26:06", "elapsed": 617.224622, "delta": 2.097207}}
{"target": 0.6509005999999999, "params": {"alpha": 0.4798030853122891, "lam": 0.9069780238065235, "max_depth": 9.0, "min_child_weight": 9.0}, "datetime": {"datetime": "2020-04-24 20:26:08", "elapsed": 619.276202, "delta": 2.05158}}
{"target": 0.6480722, "params": {"alpha": 0.4899528710732024, "lam": 0.9020677438597287, "max_depth": 9.0, "min_child_weight": 9.0}, "datetime": {"datetime": "2020-04-24 20:26:10", "elapsed": 621.115121, "delta": 1.838919}}
{"target": 0.650114, "params": {"alpha": 0.4612253729535465, "lam": 0.9201494622106162, "max_depth": 9.0, "min_child_weight": 9.0}, "datetime": {"datetime": "2020-04-24 20:26:12", "elapsed": 623.010301, "delta": 1.89518}}
{"target": 0.6474038, "params": {"alpha": 0.46691679716424606, "lam": 0.9228980314676587, "max_depth": 9.0, "min_child_weight": 9.0}, "datetime": {"datetime": "2020-04-24 20:26:14", "elapsed": 624.942555, "delta": 1.932254}}
{"target": 0.6503342000000001, "params": {"alpha": 0.43640809719870244, "lam": 0.9166923947997467, "max_depth": 9.0, "min_child_weight": 9.0}, "datetime": {"datetime": "2020-04-24 20:26:16", "elapsed": 626.991495, "delta": 2.04894}}
{"target": 0.6503372000000001, "params": {"alpha": 0.43279131762203915, "lam": 0.9181017450691452, "max_depth": 9.0, "min_child_weight": 9.0}, "datetime": {"datetime": "2020-04-24 20:26:18", "elapsed": 628.888837, "delta": 1.897342}}
{"target": 0.6503346000000001, "params": {"alpha": 0.4301065652901118, "lam": 0.9168912119489445, "max_depth": 9.0, "min_child_weight": 9.0}, "datetime": {"datetime": "2020-04-24 20:26:19", "elapsed": 630.722734, "delta": 1.833897}}
{"target": 0.6511948000000001, "params": {"alpha": 0.43322535849449473, "lam": 0.9204547635674002, "max_depth": 9.0, "min_child_weight": 9.0}, "datetime": {"datetime": "2020-04-24 20:26:21", "elapsed": 632.741275, "delta": 2.018541}}
{"target": 0.6438628, "params": {"alpha": 0.42862868780811747, "lam": 0.9288515898567614, "max_depth": 9.0, "min_child_weight": 9.0}, "datetime": {"datetime": "2020-04-24 20:26:23", "elapsed": 634.588446, "delta": 1.847171}}
{"target": 0.6460266000000001, "params": {"alpha": 0.47741592283905, "lam": 0.8797096175204738, "max_depth": 9.0, "min_child_weight": 9.0}, "datetime": {"datetime": "2020-04-24 20:26:25", "elapsed": 636.535076, "delta": 1.94663}}
{"target": 0.6507004000000001, "params": {"alpha": 0.4076848073040693, "lam": 0.9039663028313212, "max_depth": 9.0, "min_child_weight": 9.0}, "datetime": {"datetime": "2020-04-24 20:26:27", "elapsed": 638.501946, "delta": 1.96687}}
{"target": 0.6503365999999999, "params": {"alpha": 0.3991545352139739, "lam": 0.917817630058718, "max_depth": 9.0, "min_child_weight": 9.0}, "datetime": {"datetime": "2020-04-24 20:26:29", "elapsed": 640.470197, "delta": 1.968251}}
{"target": 0.6476754, "params": {"alpha": 0.39759178142155405, "lam": 0.900223108593086, "max_depth": 9.0, "min_child_weight": 9.0}, "datetime": {"datetime": "2020-04-24 20:26:31", "elapsed": 642.485912, "delta": 2.015715}}
{"target": 0.6453226000000001, "params": {"alpha": 0.4353678465531433, "lam": 0.9423723342678797, "max_depth": 9.0, "min_child_weight": 9.0}, "datetime": {"datetime": "2020-04-24 20:26:33", "elapsed": 644.620425, "delta": 2.134513}}
{"target": 0.6443964000000001, "params": {"alpha": 0.3897753655006, "lam": 0.8885929266153351, "max_depth": 9.0, "min_child_weight": 9.0}, "datetime": {"datetime": "2020-04-24 20:26:35", "elapsed": 646.72619, "delta": 2.105765}}
{"target": 0.6509158, "params": {"alpha": 0.46834854804640313, "lam": 0.9205375426280918, "max_depth": 9.0, "min_child_weight": 9.0}, "datetime": {"datetime": "2020-04-24 20:26:37", "elapsed": 648.732164, "delta": 2.005974}}
{"target": 0.6497306, "params": {"alpha": 0.4839391301345164, "lam": 0.9222204879015592, "max_depth": 9.0, "min_child_weight": 9.0}, "datetime": {"datetime": "2020-04-24 20:26:39", "elapsed": 650.74991, "delta": 2.017746}}
{"target": 0.6474034, "params": {"alpha": 0.47890197719496164, "lam": 0.9226829746229636, "max_depth": 9.0, "min_child_weight": 9.0}, "datetime": {"datetime": "2020-04-24 20:26:41", "elapsed": 652.649342, "delta": 1.899432}}
{"target": 0.6435228000000001, "params": {"alpha": 0.4723470717224111, "lam": 0.932369716994777, "max_depth": 9.0, "min_child_weight": 9.0}, "datetime": {"datetime": "2020-04-24 20:26:43", "elapsed": 654.684716, "delta": 2.035374}}
{"target": 0.64481, "params": {"alpha": 0.4392877823882051, "lam": 0.8903866480082385, "max_depth": 9.0, "min_child_weight": 9.0}, "datetime": {"datetime": "2020-04-24 20:26:45", "elapsed": 656.710294, "delta": 2.025578}}
{"target": 0.6435190000000001, "params": {"alpha": 0.4340658285641693, "lam": 0.9308255237042417, "max_depth": 9.0, "min_child_weight": 9.0}, "datetime": {"datetime": "2020-04-24 20:26:47", "elapsed": 658.629, "delta": 1.918706}}
{"target": 0.641765, "params": {"alpha": 0.46608130837840445, "lam": 0.8836930471879779, "max_depth": 9.0, "min_child_weight": 9.0}, "datetime": {"datetime": "2020-04-24 20:26:49", "elapsed": 660.743996, "delta": 2.114996}}
{"target": 0.6457522, "params": {"alpha": 1.0, "lam": 1.0, "max_depth": 9.0, "min_child_weight": 9.0}, "datetime": {"datetime": "2020-04-24 20:26:51", "elapsed": 662.421733, "delta": 1.677737}}
{"target": 0.6343234000000001, "params": {"alpha": 0.0, "lam": 0.39645954476582196, "max_depth": 9.0, "min_child_weight": 9.0}, "datetime": {"datetime": "2020-04-24 20:26:53", "elapsed": 664.137391, "delta": 1.715658}}
{"target": 0.6433516, "params": {"alpha": 0.4447503854985543, "lam": 0.9825582324464724, "max_depth": 9.0, "min_child_weight": 9.0}, "datetime": {"datetime": "2020-04-24 20:26:55", "elapsed": 666.131659, "delta": 1.994268}}
{"target": 0.6242882, "params": {"alpha": 0.3095341042200548, "lam": 0.0, "max_depth": 9.0, "min_child_weight": 9.0}, "datetime": {"datetime": "2020-04-24 20:26:56", "elapsed": 667.748415, "delta": 1.616756}}
{"target": 0.6356382, "params": {"alpha": 1.0, "lam": 0.6398495147053577, "max_depth": 9.0, "min_child_weight": 9.0}, "datetime": {"datetime": "2020-04-24 20:26:58", "elapsed": 669.463646, "delta": 1.715231}}
{"target": 0.6518586, "params": {"alpha": 0.3444237488108929, "lam": 0.8951795144527768, "max_depth": 9.0, "min_child_weight": 9.0}, "datetime": {"datetime": "2020-04-24 20:27:00", "elapsed": 671.459176, "delta": 1.99553}}
{"target": 0.6430839999999999, "params": {"alpha": 0.31146364620417744, "lam": 0.8860303741213688, "max_depth": 9.0, "min_child_weight": 9.0}, "datetime": {"datetime": "2020-04-24 20:27:02", "elapsed": 673.653376, "delta": 2.1942}}
{"target": 0.6359866000000001, "params": {"alpha": 0.21772767549956526, "lam": 0.2610861640636611, "max_depth": 9.0, "min_child_weight": 9.0}, "datetime": {"datetime": "2020-04-24 20:27:04", "elapsed": 675.435705, "delta": 1.782329}}
{"target": 0.634047, "params": {"alpha": 0.19823319270642217, "lam": 0.5581177624763519, "max_depth": 9.0, "min_child_weight": 9.0}, "datetime": {"datetime": "2020-04-24 20:27:06", "elapsed": 677.101559, "delta": 1.665854}}
{"target": 0.6345905999999999, "params": {"alpha": 0.9998126666818432, "lam": 0.26741991479770444, "max_depth": 9.0, "min_child_weight": 9.0}, "datetime": {"datetime": "2020-04-24 20:27:08", "elapsed": 678.893457, "delta": 1.791898}}
{"target": 0.6503325999999999, "params": {"alpha": 0.39516267529539995, "lam": 0.9161923370155525, "max_depth": 9.0, "min_child_weight": 9.0}, "datetime": {"datetime": "2020-04-24 20:27:10", "elapsed": 680.985119, "delta": 2.091662}}
{"target": 0.6500304, "params": {"alpha": 0.38472112426997274, "lam": 0.9223581848822379, "max_depth": 9.0, "min_child_weight": 9.0}, "datetime": {"datetime": "2020-04-24 20:27:12", "elapsed": 682.916336, "delta": 1.931217}}
{"target": 0.6484094, "params": {"alpha": 0.3846622107231348, "lam": 0.9239196556677537, "max_depth": 9.0, "min_child_weight": 9.0}, "datetime": {"datetime": "2020-04-24 20:27:14", "elapsed": 684.973269, "delta": 2.056933}}
{"target": 0.6499944, "params": {"alpha": 0.3865687491384804, "lam": 0.9211160518517633, "max_depth": 9.0, "min_child_weight": 9.0}, "datetime": {"datetime": "2020-04-24 20:27:16", "elapsed": 687.095986, "delta": 2.122717}}
{"target": 0.6510582, "params": {"alpha": 0.36896138134809253, "lam": 0.9140619866787362, "max_depth": 9.0, "min_child_weight": 9.0}, "datetime": {"datetime": "2020-04-24 20:27:18", "elapsed": 689.220079, "delta": 2.124093}}
{"target": 0.6484746, "params": {"alpha": 0.3754464740562218, "lam": 0.9248467865855199, "max_depth": 9.0, "min_child_weight": 9.0}, "datetime": {"datetime": "2020-04-24 20:27:20", "elapsed": 691.230997, "delta": 2.010918}}
