{"target": 0.6327354000000001, "params": {"alpha": 0.017800763284018917, "colsample_bytree": 0.8991715003762889, "lam": 0.9913413016070767, "max_depth": 6.0, "min_child_weight": 9.0, "subsample": 0.8556795375180967}, "datetime": {"datetime": "2020-04-24 23:42:53", "elapsed": 1140.204299, "delta": 1.216814}}
{"target": 0.6383304, "params": {"alpha": 0.017800763284018917, "colsample_bytree": 0.8358669701137738, "lam": 0.9913413016070767, "max_depth": 6.0, "min_child_weight": 9.0, "subsample": 0.8999792396317394}, "datetime": {"datetime": "2020-04-24 23:42:54", "elapsed": 1141.609735, "delta": 1.405436}}
{"target": 0.6070892000000001, "params": {"alpha": 0.017800763284018917, "colsample_bytree": 0.5, "lam": 0.9913413016070767, "max_depth": 6.0, "min_child_weight": 9.0, "subsample": 0.9}, "datetime": {"datetime": "2020-04-24 23:42:56", "elapsed": 1142.942748, "delta": 1.333013}}
{"target": 0.6341748, "params": {"alpha": 0.017800763284018917, "colsample_bytree": 0.6618295535112011, "lam": 0.9913413016070767, "max_depth": 6.0, "min_child_weight": 9.0, "subsample": 0.8994871228008248}, "datetime": {"datetime": "2020-04-24 23:42:57", "elapsed": 1144.380382, "delta": 1.437634}}
{"target": 0.6359434, "params": {"alpha": 0.017800763284018917, "colsample_bytree": 0.9, "lam": 0.9913413016070767, "max_depth": 6.0, "min_child_weight": 9.0, "subsample": 0.7228920554821601}, "datetime": {"datetime": "2020-04-24 23:42:59", "elapsed": 1145.897953, "delta": 1.517571}}
{"target": 0.6348123999999999, "params": {"alpha": 0.017800763284018917, "colsample_bytree": 0.6890239382004109, "lam": 0.9913413016070767, "max_depth": 6.0, "min_child_weight": 9.0, "subsample": 0.7693952870607517}, "datetime": {"datetime": "2020-04-24 23:43:00", "elapsed": 1147.390444, "delta": 1.492491}}
{"target": 0.6357594000000001, "params": {"alpha": 0.017800763284018917, "colsample_bytree": 0.6869146257519517, "lam": 0.9913413016070767, "max_depth": 6.0, "min_child_weight": 9.0, "subsample": 0.6782871601510696}, "datetime": {"datetime": "2020-04-24 23:43:01", "elapsed": 1148.805791, "delta": 1.415347}}
{"target": 0.6343327999999999, "params": {"alpha": 0.017800763284018917, "colsample_bytree": 0.7807455215749898, "lam": 0.9913413016070767, "max_depth": 6.0, "min_child_weight": 9.0, "subsample": 0.5500331748627801}, "datetime": {"datetime": "2020-04-24 23:43:03", "elapsed": 1150.132913, "delta": 1.327122}}
{"target": 0.641506, "params": {"alpha": 0.017800763284018917, "colsample_bytree": 0.7913090221764089, "lam": 0.9913413016070767, "max_depth": 6.0, "min_child_weight": 9.0, "subsample": 0.8502827880230059}, "datetime": {"datetime": "2020-04-24 23:43:04", "elapsed": 1151.698833, "delta": 1.56592}}
{"target": 0.6251042, "params": {"alpha": 0.017800763284018917, "colsample_bytree": 0.8599053909953841, "lam": 0.9913413016070767, "max_depth": 6.0, "min_child_weight": 9.0, "subsample": 0.7684709047534979}, "datetime": {"datetime": "2020-04-24 23:43:06", "elapsed": 1153.291623, "delta": 1.59279}}
{"target": 0.607732, "params": {"alpha": 0.017800763284018917, "colsample_bytree": 0.6266889484554912, "lam": 0.9913413016070767, "max_depth": 6.0, "min_child_weight": 9.0, "subsample": 0.5001093678465135}, "datetime": {"datetime": "2020-04-24 23:43:07", "elapsed": 1154.783412, "delta": 1.491789}}
{"target": 0.6275994, "params": {"alpha": 0.017800763284018917, "colsample_bytree": 0.8995027626092953, "lam": 0.9913413016070767, "max_depth": 6.0, "min_child_weight": 9.0, "subsample": 0.6317235884362904}, "datetime": {"datetime": "2020-04-24 23:43:09", "elapsed": 1156.118814, "delta": 1.335402}}
{"target": 0.6175472, "params": {"alpha": 0.017800763284018917, "colsample_bytree": 0.6040921345923163, "lam": 0.9913413016070767, "max_depth": 6.0, "min_child_weight": 9.0, "subsample": 0.7923863495878662}, "datetime": {"datetime": "2020-04-24 23:43:10", "elapsed": 1157.636769, "delta": 1.517955}}
{"target": 0.6428263999999999, "params": {"alpha": 0.017800763284018917, "colsample_bytree": 0.7163311802077056, "lam": 0.9913413016070767, "max_depth": 6.0, "min_child_weight": 9.0, "subsample": 0.8747125743162905}, "datetime": {"datetime": "2020-04-24 23:43:12", "elapsed": 1159.212036, "delta": 1.575267}}
{"target": 0.6468874, "params": {"alpha": 0.017800763284018917, "colsample_bytree": 0.8395020667383872, "lam": 0.9913413016070767, "max_depth": 6.0, "min_child_weight": 9.0, "subsample": 0.8354055646484841}, "datetime": {"datetime": "2020-04-24 23:43:14", "elapsed": 1161.008072, "delta": 1.796036}}
{"target": 0.6262328, "params": {"alpha": 0.017800763284018917, "colsample_bytree": 0.7768144568362778, "lam": 0.9913413016070767, "max_depth": 6.0, "min_child_weight": 9.0, "subsample": 0.6291888331368859}, "datetime": {"datetime": "2020-04-24 23:43:15", "elapsed": 1162.59181, "delta": 1.583738}}
{"target": 0.6266976, "params": {"alpha": 0.017800763284018917, "colsample_bytree": 0.7049771097501103, "lam": 0.9913413016070767, "max_depth": 6.0, "min_child_weight": 9.0, "subsample": 0.5413795700359716}, "datetime": {"datetime": "2020-04-24 23:43:17", "elapsed": 1164.30981, "delta": 1.718}}
{"target": 0.631459, "params": {"alpha": 0.017800763284018917, "colsample_bytree": 0.7830209693956878, "lam": 0.9913413016070767, "max_depth": 6.0, "min_child_weight": 9.0, "subsample": 0.500176256907708}, "datetime": {"datetime": "2020-04-24 23:43:18", "elapsed": 1165.77223, "delta": 1.46242}}
{"target": 0.644233, "params": {"alpha": 0.017800763284018917, "colsample_bytree": 0.8305431810934281, "lam": 0.9913413016070767, "max_depth": 6.0, "min_child_weight": 9.0, "subsample": 0.8462894200540448}, "datetime": {"datetime": "2020-04-24 23:43:20", "elapsed": 1167.408525, "delta": 1.636295}}
{"target": 0.6324578000000001, "params": {"alpha": 0.017800763284018917, "colsample_bytree": 0.7669845001115516, "lam": 0.9913413016070767, "max_depth": 6.0, "min_child_weight": 9.0, "subsample": 0.8032546296614851}, "datetime": {"datetime": "2020-04-24 23:43:22", "elapsed": 1169.324779, "delta": 1.916254}}
{"target": 0.638839, "params": {"alpha": 0.017800763284018917, "colsample_bytree": 0.7200101434425515, "lam": 0.9913413016070767, "max_depth": 6.0, "min_child_weight": 9.0, "subsample": 0.8416793392003641}, "datetime": {"datetime": "2020-04-24 23:43:24", "elapsed": 1171.121968, "delta": 1.797189}}
{"target": 0.6050853999999999, "params": {"alpha": 0.017800763284018917, "colsample_bytree": 0.5004081624035731, "lam": 0.9913413016070767, "max_depth": 6.0, "min_child_weight": 9.0, "subsample": 0.6887139264343047}, "datetime": {"datetime": "2020-04-24 23:43:26", "elapsed": 1172.976922, "delta": 1.854954}}
{"target": 0.5914244, "params": {"alpha": 0.017800763284018917, "colsample_bytree": 0.5, "lam": 0.9913413016070767, "max_depth": 6.0, "min_child_weight": 9.0, "subsample": 0.5851850464275312}, "datetime": {"datetime": "2020-04-24 23:43:28", "elapsed": 1175.202044, "delta": 2.225122}}
{"target": 0.6281146000000001, "params": {"alpha": 0.017800763284018917, "colsample_bytree": 0.8411758271036308, "lam": 0.9913413016070767, "max_depth": 6.0, "min_child_weight": 9.0, "subsample": 0.5797354414579878}, "datetime": {"datetime": "2020-04-24 23:43:30", "elapsed": 1177.207147, "delta": 2.005103}}
{"target": 0.6325242, "params": {"alpha": 0.017800763284018917, "colsample_bytree": 0.712689606573714, "lam": 0.9913413016070767, "max_depth": 6.0, "min_child_weight": 9.0, "subsample": 0.8993811853136302}, "datetime": {"datetime": "2020-04-24 23:43:32", "elapsed": 1179.064497, "delta": 1.85735}}
{"target": 0.6264056, "params": {"alpha": 0.017800763284018917, "colsample_bytree": 0.6208248720100461, "lam": 0.9913413016070767, "max_depth": 6.0, "min_child_weight": 9.0, "subsample": 0.864834201625538}, "datetime": {"datetime": "2020-04-24 23:43:34", "elapsed": 1181.037806, "delta": 1.973309}}
{"target": 0.6384204, "params": {"alpha": 0.017800763284018917, "colsample_bytree": 0.8718818909715456, "lam": 0.9913413016070767, "max_depth": 6.0, "min_child_weight": 9.0, "subsample": 0.8989238679894904}, "datetime": {"datetime": "2020-04-24 23:43:36", "elapsed": 1183.33869, "delta": 2.300884}}
{"target": 0.6350286, "params": {"alpha": 0.017800763284018917, "colsample_bytree": 0.8607579398470511, "lam": 0.9913413016070767, "max_depth": 6.0, "min_child_weight": 9.0, "subsample": 0.8220857165914034}, "datetime": {"datetime": "2020-04-24 23:43:38", "elapsed": 1185.135774, "delta": 1.797084}}
{"target": 0.6361102, "params": {"alpha": 0.017800763284018917, "colsample_bytree": 0.7892264158822486, "lam": 0.9913413016070767, "max_depth": 6.0, "min_child_weight": 9.0, "subsample": 0.7056227867339059}, "datetime": {"datetime": "2020-04-24 23:43:39", "elapsed": 1186.707389, "delta": 1.571615}}
{"target": 0.6240314, "params": {"alpha": 0.017800763284018917, "colsample_bytree": 0.7408031393890415, "lam": 0.9913413016070767, "max_depth": 6.0, "min_child_weight": 9.0, "subsample": 0.6799375764704026}, "datetime": {"datetime": "2020-04-24 23:43:41", "elapsed": 1188.394459, "delta": 1.68707}}
{"target": 0.6332638, "params": {"alpha": 0.017800763284018917, "colsample_bytree": 0.6516748319784391, "lam": 0.9913413016070767, "max_depth": 6.0, "min_child_weight": 9.0, "subsample": 0.6577360358746912}, "datetime": {"datetime": "2020-04-24 23:43:43", "elapsed": 1190.238828, "delta": 1.844369}}
{"target": 0.6435986, "params": {"alpha": 0.017800763284018917, "colsample_bytree": 0.7528677154833783, "lam": 0.9913413016070767, "max_depth": 6.0, "min_child_weight": 9.0, "subsample": 0.8667494896320594}, "datetime": {"datetime": "2020-04-24 23:43:45", "elapsed": 1192.772521, "delta": 2.533693}}
{"target": 0.6315632000000001, "params": {"alpha": 0.017800763284018917, "colsample_bytree": 0.6762684393664968, "lam": 0.9913413016070767, "max_depth": 6.0, "min_child_weight": 9.0, "subsample": 0.8707438408303454}, "datetime": {"datetime": "2020-04-24 23:43:47", "elapsed": 1194.392226, "delta": 1.619705}}
{"target": 0.620902, "params": {"alpha": 0.017800763284018917, "colsample_bytree": 0.6007803014487428, "lam": 0.9913413016070767, "max_depth": 6.0, "min_child_weight": 9.0, "subsample": 0.89918826608803}, "datetime": {"datetime": "2020-04-24 23:43:49", "elapsed": 1196.045319, "delta": 1.653093}}
{"target": 0.6377976, "params": {"alpha": 0.017800763284018917, "colsample_bytree": 0.7964579254379369, "lam": 0.9913413016070767, "max_depth": 6.0, "min_child_weight": 9.0, "subsample": 0.7474091514367827}, "datetime": {"datetime": "2020-04-24 23:43:50", "elapsed": 1197.715939, "delta": 1.67062}}
{"target": 0.6393498, "params": {"alpha": 0.017800763284018917, "colsample_bytree": 0.8347446071261179, "lam": 0.9913413016070767, "max_depth": 6.0, "min_child_weight": 9.0, "subsample": 0.8677773056119578}, "datetime": {"datetime": "2020-04-24 23:43:52", "elapsed": 1199.478216, "delta": 1.762277}}
{"target": 0.6418338, "params": {"alpha": 0.017800763284018917, "colsample_bytree": 0.899162464210181, "lam": 0.9913413016070767, "max_depth": 6.0, "min_child_weight": 9.0, "subsample": 0.7607191390008146}, "datetime": {"datetime": "2020-04-24 23:43:54", "elapsed": 1201.155846, "delta": 1.67763}}
{"target": 0.643341, "params": {"alpha": 0.017800763284018917, "colsample_bytree": 0.6768590148303478, "lam": 0.9913413016070767, "max_depth": 6.0, "min_child_weight": 9.0, "subsample": 0.7150480632773166}, "datetime": {"datetime": "2020-04-24 23:43:56", "elapsed": 1203.273646, "delta": 2.1178}}
{"target": 0.6330472, "params": {"alpha": 0.017800763284018917, "colsample_bytree": 0.8224292915530329, "lam": 0.9913413016070767, "max_depth": 6.0, "min_child_weight": 9.0, "subsample": 0.8251114150821677}, "datetime": {"datetime": "2020-04-24 23:43:58", "elapsed": 1205.14656, "delta": 1.872914}}
{"target": 0.5967332, "params": {"alpha": 0.017800763284018917, "colsample_bytree": 0.5617100145526845, "lam": 0.9913413016070767, "max_depth": 6.0, "min_child_weight": 9.0, "subsample": 0.5}, "datetime": {"datetime": "2020-04-24 23:44:00", "elapsed": 1206.893186, "delta": 1.746626}}
{"target": 0.6410281999999999, "params": {"alpha": 0.017800763284018917, "colsample_bytree": 0.6530273285073529, "lam": 0.9913413016070767, "max_depth": 6.0, "min_child_weight": 9.0, "subsample": 0.798882380931385}, "datetime": {"datetime": "2020-04-24 23:44:02", "elapsed": 1208.909227, "delta": 2.016041}}
{"target": 0.6020892, "params": {"alpha": 0.017800763284018917, "colsample_bytree": 0.5007422182368948, "lam": 0.9913413016070767, "max_depth": 6.0, "min_child_weight": 9.0, "subsample": 0.8578013916752707}, "datetime": {"datetime": "2020-04-24 23:44:04", "elapsed": 1210.86745, "delta": 1.958223}}
{"target": 0.6312288, "params": {"alpha": 0.017800763284018917, "colsample_bytree": 0.8233313179745915, "lam": 0.9913413016070767, "max_depth": 6.0, "min_child_weight": 9.0, "subsample": 0.5332390660166322}, "datetime": {"datetime": "2020-04-24 23:44:05", "elapsed": 1212.636764, "delta": 1.769314}}
{"target": 0.6324722, "params": {"alpha": 0.017800763284018917, "colsample_bytree": 0.6521459824122932, "lam": 0.9913413016070767, "max_depth": 6.0, "min_child_weight": 9.0, "subsample": 0.6975129950109751}, "datetime": {"datetime": "2020-04-24 23:44:07", "elapsed": 1214.302965, "delta": 1.666201}}
{"target": 0.6323466000000001, "params": {"alpha": 0.017800763284018917, "colsample_bytree": 0.68205019817777, "lam": 0.9913413016070767, "max_depth": 6.0, "min_child_weight": 9.0, "subsample": 0.628977403195695}, "datetime": {"datetime": "2020-04-24 23:44:09", "elapsed": 1216.357834, "delta": 2.054869}}
{"target": 0.6400548, "params": {"alpha": 0.017800763284018917, "colsample_bytree": 0.754877679068086, "lam": 0.9913413016070767, "max_depth": 6.0, "min_child_weight": 9.0, "subsample": 0.8417080084086017}, "datetime": {"datetime": "2020-04-24 23:44:11", "elapsed": 1218.333882, "delta": 1.976048}}
{"target": 0.632751, "params": {"alpha": 0.017800763284018917, "colsample_bytree": 0.7186236646484718, "lam": 0.9913413016070767, "max_depth": 6.0, "min_child_weight": 9.0, "subsample": 0.8026797365562686}, "datetime": {"datetime": "2020-04-24 23:44:13", "elapsed": 1220.365022, "delta": 2.03114}}
{"target": 0.6325902, "params": {"alpha": 0.017800763284018917, "colsample_bytree": 0.6558220550047507, "lam": 0.9913413016070767, "max_depth": 6.0, "min_child_weight": 9.0, "subsample": 0.7609180487990788}, "datetime": {"datetime": "2020-04-24 23:44:15", "elapsed": 1222.57741, "delta": 2.212388}}
{"target": 0.639664, "params": {"alpha": 0.017800763284018917, "colsample_bytree": 0.8287097731264068, "lam": 0.9913413016070767, "max_depth": 6.0, "min_child_weight": 9.0, "subsample": 0.7128372579217827}, "datetime": {"datetime": "2020-04-24 23:44:17", "elapsed": 1224.432112, "delta": 1.854702}}
{"target": 0.627105, "params": {"alpha": 0.017800763284018917, "colsample_bytree": 0.75007445569006, "lam": 0.9913413016070767, "max_depth": 6.0, "min_child_weight": 9.0, "subsample": 0.5799775264536162}, "datetime": {"datetime": "2020-04-24 23:44:19", "elapsed": 1226.395448, "delta": 1.963336}}
{"target": 0.6196211999999999, "params": {"alpha": 0.017800763284018917, "colsample_bytree": 0.8133352070032613, "lam": 0.9913413016070767, "max_depth": 6.0, "min_child_weight": 9.0, "subsample": 0.6622914725748842}, "datetime": {"datetime": "2020-04-24 23:44:21", "elapsed": 1228.519958, "delta": 2.12451}}
{"target": 0.6289002, "params": {"alpha": 0.017800763284018917, "colsample_bytree": 0.6413351340560001, "lam": 0.9913413016070767, "max_depth": 6.0, "min_child_weight": 9.0, "subsample": 0.8257128536406957}, "datetime": {"datetime": "2020-04-24 23:44:23", "elapsed": 1230.054421, "delta": 1.534463}}
{"target": 0.61295, "params": {"alpha": 0.017800763284018917, "colsample_bytree": 0.543962027245101, "lam": 0.9913413016070767, "max_depth": 6.0, "min_child_weight": 9.0, "subsample": 0.7441766429529149}, "datetime": {"datetime": "2020-04-24 23:44:25", "elapsed": 1232.060042, "delta": 2.005621}}
{"target": 0.6410076, "params": {"alpha": 0.017800763284018917, "colsample_bytree": 0.7034017065483003, "lam": 0.9913413016070767, "max_depth": 6.0, "min_child_weight": 9.0, "subsample": 0.7249506644999242}, "datetime": {"datetime": "2020-04-24 23:44:27", "elapsed": 1234.143248, "delta": 2.083206}}
{"target": 0.6248902, "params": {"alpha": 0.017800763284018917, "colsample_bytree": 0.8792453654635171, "lam": 0.9913413016070767, "max_depth": 6.0, "min_child_weight": 9.0, "subsample": 0.534140814462693}, "datetime": {"datetime": "2020-04-24 23:44:29", "elapsed": 1236.157666, "delta": 2.014418}}
{"target": 0.632508, "params": {"alpha": 0.017800763284018917, "colsample_bytree": 0.8523730681481008, "lam": 0.9913413016070767, "max_depth": 6.0, "min_child_weight": 9.0, "subsample": 0.8472165208407547}, "datetime": {"datetime": "2020-04-24 23:44:31", "elapsed": 1238.017428, "delta": 1.859762}}
{"target": 0.6000554, "params": {"alpha": 0.017800763284018917, "colsample_bytree": 0.6015199404346406, "lam": 0.9913413016070767, "max_depth": 6.0, "min_child_weight": 9.0, "subsample": 0.54837267447382}, "datetime": {"datetime": "2020-04-24 23:44:32", "elapsed": 1239.750464, "delta": 1.733036}}
{"target": 0.6117682, "params": {"alpha": 0.017800763284018917, "colsample_bytree": 0.5480962523632844, "lam": 0.9913413016070767, "max_depth": 6.0, "min_child_weight": 9.0, "subsample": 0.8229919699756785}, "datetime": {"datetime": "2020-04-24 23:44:34", "elapsed": 1241.811396, "delta": 2.060932}}
{"target": 0.6285035999999999, "params": {"alpha": 0.017800763284018917, "colsample_bytree": 0.6786731456866819, "lam": 0.9913413016070767, "max_depth": 6.0, "min_child_weight": 9.0, "subsample": 0.5}, "datetime": {"datetime": "2020-04-24 23:44:36", "elapsed": 1243.287625, "delta": 1.476229}}
{"target": 0.6220854, "params": {"alpha": 0.017800763284018917, "colsample_bytree": 0.8999721728384761, "lam": 0.9913413016070767, "max_depth": 6.0, "min_child_weight": 9.0, "subsample": 0.6862740002406469}, "datetime": {"datetime": "2020-04-24 23:44:38", "elapsed": 1245.117439, "delta": 1.829814}}
{"target": 0.6445296, "params": {"alpha": 0.017800763284018917, "colsample_bytree": 0.8215427735003933, "lam": 0.9913413016070767, "max_depth": 6.0, "min_child_weight": 9.0, "subsample": 0.7789947223177571}, "datetime": {"datetime": "2020-04-24 23:44:39", "elapsed": 1246.76772, "delta": 1.650281}}
{"target": 0.6336976, "params": {"alpha": 0.017800763284018917, "colsample_bytree": 0.798373020356354, "lam": 0.9913413016070767, "max_depth": 6.0, "min_child_weight": 9.0, "subsample": 0.5863297315645368}, "datetime": {"datetime": "2020-04-24 23:44:41", "elapsed": 1248.348172, "delta": 1.580452}}
{"target": 0.6066058, "params": {"alpha": 0.017800763284018917, "colsample_bytree": 0.5997938303733348, "lam": 0.9913413016070767, "max_depth": 6.0, "min_child_weight": 9.0, "subsample": 0.734066538771064}, "datetime": {"datetime": "2020-04-24 23:44:43", "elapsed": 1249.941254, "delta": 1.593082}}
{"target": 0.6350524, "params": {"alpha": 0.017800763284018917, "colsample_bytree": 0.8995468772533861, "lam": 0.9913413016070767, "max_depth": 6.0, "min_child_weight": 9.0, "subsample": 0.8824996720263103}, "datetime": {"datetime": "2020-04-24 23:44:45", "elapsed": 1252.035803, "delta": 2.094549}}
{"target": 0.6446706000000001, "params": {"alpha": 0.017800763284018917, "colsample_bytree": 0.7880500061255202, "lam": 0.9913413016070767, "max_depth": 6.0, "min_child_weight": 9.0, "subsample": 0.8752182601222831}, "datetime": {"datetime": "2020-04-24 23:44:46", "elapsed": 1253.848731, "delta": 1.812928}}
{"target": 0.5948507999999999, "params": {"alpha": 0.017800763284018917, "colsample_bytree": 0.5, "lam": 0.9913413016070767, "max_depth": 6.0, "min_child_weight": 9.0, "subsample": 0.74242998993062}, "datetime": {"datetime": "2020-04-24 23:44:48", "elapsed": 1255.474088, "delta": 1.625357}}
{"target": 0.6235206, "params": {"alpha": 0.017800763284018917, "colsample_bytree": 0.6299619264283702, "lam": 0.9913413016070767, "max_depth": 6.0, "min_child_weight": 9.0, "subsample": 0.6205286125738351}, "datetime": {"datetime": "2020-04-24 23:44:50", "elapsed": 1257.169655, "delta": 1.695567}}
{"target": 0.643997, "params": {"alpha": 0.017800763284018917, "colsample_bytree": 0.803108861488296, "lam": 0.9913413016070767, "max_depth": 6.0, "min_child_weight": 9.0, "subsample": 0.7780229676749058}, "datetime": {"datetime": "2020-04-24 23:44:51", "elapsed": 1258.700208, "delta": 1.530553}}
{"target": 0.6305666, "params": {"alpha": 0.017800763284018917, "colsample_bytree": 0.88054207601941, "lam": 0.9913413016070767, "max_depth": 6.0, "min_child_weight": 9.0, "subsample": 0.595888781915087}, "datetime": {"datetime": "2020-04-24 23:44:53", "elapsed": 1260.659791, "delta": 1.959583}}
{"target": 0.6338172, "params": {"alpha": 0.017800763284018917, "colsample_bytree": 0.6757938322399772, "lam": 0.9913413016070767, "max_depth": 6.0, "min_child_weight": 9.0, "subsample": 0.8049786470263505}, "datetime": {"datetime": "2020-04-24 23:44:55", "elapsed": 1262.751484, "delta": 2.091693}}
{"target": 0.6276364, "params": {"alpha": 0.017800763284018917, "colsample_bytree": 0.7270468518229773, "lam": 0.9913413016070767, "max_depth": 6.0, "min_child_weight": 9.0, "subsample": 0.6288479936732725}, "datetime": {"datetime": "2020-04-24 23:44:57", "elapsed": 1264.784656, "delta": 2.033172}}
{"target": 0.6369824, "params": {"alpha": 0.017800763284018917, "colsample_bytree": 0.8581719280209115, "lam": 0.9913413016070767, "max_depth": 6.0, "min_child_weight": 9.0, "subsample": 0.8804547931532982}, "datetime": {"datetime": "2020-04-24 23:44:59", "elapsed": 1266.690008, "delta": 1.905352}}
{"target": 0.6354941999999999, "params": {"alpha": 0.017800763284018917, "colsample_bytree": 0.6804730183426604, "lam": 0.9913413016070767, "max_depth": 6.0, "min_child_weight": 9.0, "subsample": 0.7353449459701937}, "datetime": {"datetime": "2020-04-24 23:45:01", "elapsed": 1268.589204, "delta": 1.899196}}
