{"target": 0.6079513999999999, "params": {"alpha": 0.8530366690441696, "colsample_bytree": 0.5342284950142703, "lam": 0.9276394580326287, "max_depth": 9.0, "min_child_weight": 9.0, "subsample": 0.5743868700668155}, "datetime": {"datetime": "2020-04-24 23:18:52", "elapsed": 1627.077335, "delta": 2.507027}}
{"target": 0.6278002, "params": {"alpha": 0.8530366690441696, "colsample_bytree": 0.8461874493651317, "lam": 0.9276394580326287, "max_depth": 9.0, "min_child_weight": 9.0, "subsample": 0.7177326933682371}, "datetime": {"datetime": "2020-04-24 23:18:55", "elapsed": 1630.476037, "delta": 3.398702}}
{"target": 0.6291322, "params": {"alpha": 0.8530366690441696, "colsample_bytree": 0.7048476762679158, "lam": 0.9276394580326287, "max_depth": 9.0, "min_child_weight": 9.0, "subsample": 0.5942264017557586}, "datetime": {"datetime": "2020-04-24 23:18:58", "elapsed": 1633.267594, "delta": 2.791557}}
{"target": 0.6408862, "params": {"alpha": 0.8530366690441696, "colsample_bytree": 0.669477249597815, "lam": 0.9276394580326287, "max_depth": 9.0, "min_child_weight": 9.0, "subsample": 0.5764911874528452}, "datetime": {"datetime": "2020-04-24 23:19:01", "elapsed": 1636.456923, "delta": 3.189329}}
{"target": 0.6273814, "params": {"alpha": 0.8530366690441696, "colsample_bytree": 0.6460654686295322, "lam": 0.9276394580326287, "max_depth": 9.0, "min_child_weight": 9.0, "subsample": 0.8994806041668075}, "datetime": {"datetime": "2020-04-24 23:19:04", "elapsed": 1639.097957, "delta": 2.641034}}
{"target": 0.6429113999999999, "params": {"alpha": 0.8530366690441696, "colsample_bytree": 0.7676000891778132, "lam": 0.9276394580326287, "max_depth": 9.0, "min_child_weight": 9.0, "subsample": 0.7485429615893597}, "datetime": {"datetime": "2020-04-24 23:19:07", "elapsed": 1642.474278, "delta": 3.376321}}
{"target": 0.638977, "params": {"alpha": 0.8530366690441696, "colsample_bytree": 0.8070617423507394, "lam": 0.9276394580326287, "max_depth": 9.0, "min_child_weight": 9.0, "subsample": 0.6156755748121101}, "datetime": {"datetime": "2020-04-24 23:19:11", "elapsed": 1646.018747, "delta": 3.544469}}
{"target": 0.633157, "params": {"alpha": 0.8530366690441696, "colsample_bytree": 0.7763994811291599, "lam": 0.9276394580326287, "max_depth": 9.0, "min_child_weight": 9.0, "subsample": 0.8784078109258018}, "datetime": {"datetime": "2020-04-24 23:19:14", "elapsed": 1649.722135, "delta": 3.703388}}
{"target": 0.6319284, "params": {"alpha": 0.8530366690441696, "colsample_bytree": 0.8996030446218428, "lam": 0.9276394580326287, "max_depth": 9.0, "min_child_weight": 9.0, "subsample": 0.6316534223928097}, "datetime": {"datetime": "2020-04-24 23:19:18", "elapsed": 1653.279054, "delta": 3.556919}}
{"target": 0.6468276, "params": {"alpha": 0.8530366690441696, "colsample_bytree": 0.8422190742076449, "lam": 0.9276394580326287, "max_depth": 9.0, "min_child_weight": 9.0, "subsample": 0.8612207607999107}, "datetime": {"datetime": "2020-04-24 23:19:21", "elapsed": 1656.255035, "delta": 2.975981}}
{"target": 0.6407382, "params": {"alpha": 0.8530366690441696, "colsample_bytree": 0.7047467355572172, "lam": 0.9276394580326287, "max_depth": 9.0, "min_child_weight": 9.0, "subsample": 0.7613297587520382}, "datetime": {"datetime": "2020-04-24 23:19:24", "elapsed": 1659.823951, "delta": 3.568916}}
{"target": 0.6345622, "params": {"alpha": 0.8530366690441696, "colsample_bytree": 0.6614960776414077, "lam": 0.9276394580326287, "max_depth": 9.0, "min_child_weight": 9.0, "subsample": 0.6024101254369582}, "datetime": {"datetime": "2020-04-24 23:19:28", "elapsed": 1663.318908, "delta": 3.494957}}
{"target": 0.627724, "params": {"alpha": 0.8530366690441696, "colsample_bytree": 0.8453318078690011, "lam": 0.9276394580326287, "max_depth": 9.0, "min_child_weight": 9.0, "subsample": 0.786908111769368}, "datetime": {"datetime": "2020-04-24 23:19:31", "elapsed": 1666.373795, "delta": 3.054887}}
{"target": 0.628899, "params": {"alpha": 0.8530366690441696, "colsample_bytree": 0.8534214454501905, "lam": 0.9276394580326287, "max_depth": 9.0, "min_child_weight": 9.0, "subsample": 0.5750267418519924}, "datetime": {"datetime": "2020-04-24 23:19:35", "elapsed": 1670.110599, "delta": 3.736804}}
{"target": 0.6196455999999999, "params": {"alpha": 0.8530366690441696, "colsample_bytree": 0.5706964159342985, "lam": 0.9276394580326287, "max_depth": 9.0, "min_child_weight": 9.0, "subsample": 0.8395947984596634}, "datetime": {"datetime": "2020-04-24 23:19:38", "elapsed": 1673.570956, "delta": 3.460357}}
{"target": 0.6314112, "params": {"alpha": 0.8530366690441696, "colsample_bytree": 0.6642271432227752, "lam": 0.9276394580326287, "max_depth": 9.0, "min_child_weight": 9.0, "subsample": 0.6787808997412548}, "datetime": {"datetime": "2020-04-24 23:19:43", "elapsed": 1678.025696, "delta": 4.45474}}
{"target": 0.6153449999999999, "params": {"alpha": 0.8530366690441696, "colsample_bytree": 0.5488360062424812, "lam": 0.9276394580326287, "max_depth": 9.0, "min_child_weight": 9.0, "subsample": 0.7368480257229988}, "datetime": {"datetime": "2020-04-24 23:19:46", "elapsed": 1681.080928, "delta": 3.055232}}
{"target": 0.6456454, "params": {"alpha": 0.8530366690441696, "colsample_bytree": 0.8135244986679209, "lam": 0.9276394580326287, "max_depth": 9.0, "min_child_weight": 9.0, "subsample": 0.7759910925552767}, "datetime": {"datetime": "2020-04-24 23:19:49", "elapsed": 1684.232527, "delta": 3.151599}}
{"target": 0.6342574, "params": {"alpha": 0.8530366690441696, "colsample_bytree": 0.6946250669972625, "lam": 0.9276394580326287, "max_depth": 9.0, "min_child_weight": 9.0, "subsample": 0.9}, "datetime": {"datetime": "2020-04-24 23:19:53", "elapsed": 1688.123001, "delta": 3.890474}}
{"target": 0.6360461999999999, "params": {"alpha": 0.8530366690441696, "colsample_bytree": 0.8538390716682889, "lam": 0.9276394580326287, "max_depth": 9.0, "min_child_weight": 9.0, "subsample": 0.823497409814845}, "datetime": {"datetime": "2020-04-24 23:19:57", "elapsed": 1691.984822, "delta": 3.861821}}
{"target": 0.638378, "params": {"alpha": 0.8530366690441696, "colsample_bytree": 0.6749670335106216, "lam": 0.9276394580326287, "max_depth": 9.0, "min_child_weight": 9.0, "subsample": 0.7862981182569004}, "datetime": {"datetime": "2020-04-24 23:20:00", "elapsed": 1695.303656, "delta": 3.318834}}
{"target": 0.6405722, "params": {"alpha": 0.8530366690441696, "colsample_bytree": 0.7139766563577367, "lam": 0.9276394580326287, "max_depth": 9.0, "min_child_weight": 9.0, "subsample": 0.8062439421587653}, "datetime": {"datetime": "2020-04-24 23:20:04", "elapsed": 1699.377486, "delta": 4.07383}}
{"target": 0.6269242, "params": {"alpha": 0.8530366690441696, "colsample_bytree": 0.673887436953444, "lam": 0.9276394580326287, "max_depth": 9.0, "min_child_weight": 9.0, "subsample": 0.5558300431195683}, "datetime": {"datetime": "2020-04-24 23:20:08", "elapsed": 1702.850444, "delta": 3.472958}}
{"target": 0.6350034, "params": {"alpha": 0.8530366690441696, "colsample_bytree": 0.7155404983300322, "lam": 0.9276394580326287, "max_depth": 9.0, "min_child_weight": 9.0, "subsample": 0.5160585030804663}, "datetime": {"datetime": "2020-04-24 23:20:12", "elapsed": 1707.138078, "delta": 4.287634}}
{"target": 0.6327526, "params": {"alpha": 0.8530366690441696, "colsample_bytree": 0.8340523427131953, "lam": 0.9276394580326287, "max_depth": 9.0, "min_child_weight": 9.0, "subsample": 0.5274180662270462}, "datetime": {"datetime": "2020-04-24 23:20:15", "elapsed": 1710.261419, "delta": 3.123341}}
{"target": 0.6412967999999999, "params": {"alpha": 0.8530366690441696, "colsample_bytree": 0.8998536261627801, "lam": 0.9276394580326287, "max_depth": 9.0, "min_child_weight": 9.0, "subsample": 0.8579879847272486}, "datetime": {"datetime": "2020-04-24 23:20:19", "elapsed": 1714.754938, "delta": 4.493519}}
{"target": 0.6366318, "params": {"alpha": 0.8530366690441696, "colsample_bytree": 0.8827689970879355, "lam": 0.9276394580326287, "max_depth": 9.0, "min_child_weight": 9.0, "subsample": 0.8759459952488629}, "datetime": {"datetime": "2020-04-24 23:20:23", "elapsed": 1718.231264, "delta": 3.476326}}
{"target": 0.6316006000000001, "params": {"alpha": 0.8530366690441696, "colsample_bytree": 0.8315329231357429, "lam": 0.9276394580326287, "max_depth": 9.0, "min_child_weight": 9.0, "subsample": 0.6429299012190156}, "datetime": {"datetime": "2020-04-24 23:20:26", "elapsed": 1721.619278, "delta": 3.388014}}
{"target": 0.6093582, "params": {"alpha": 0.8530366690441696, "colsample_bytree": 0.525727482853045, "lam": 0.9276394580326287, "max_depth": 9.0, "min_child_weight": 9.0, "subsample": 0.899758929010949}, "datetime": {"datetime": "2020-04-24 23:20:30", "elapsed": 1725.283848, "delta": 3.66457}}
{"target": 0.6441286, "params": {"alpha": 0.8530366690441696, "colsample_bytree": 0.7943423776640762, "lam": 0.9276394580326287, "max_depth": 9.0, "min_child_weight": 9.0, "subsample": 0.853333468791645}, "datetime": {"datetime": "2020-04-24 23:20:34", "elapsed": 1728.884062, "delta": 3.600214}}
{"target": 0.626952, "params": {"alpha": 0.8530366690441696, "colsample_bytree": 0.7126493888826138, "lam": 0.9276394580326287, "max_depth": 9.0, "min_child_weight": 9.0, "subsample": 0.6470625828858513}, "datetime": {"datetime": "2020-04-24 23:20:37", "elapsed": 1731.96233, "delta": 3.078268}}
{"target": 0.6462936, "params": {"alpha": 0.8530366690441696, "colsample_bytree": 0.8555922261527706, "lam": 0.9276394580326287, "max_depth": 9.0, "min_child_weight": 9.0, "subsample": 0.6000234889453523}, "datetime": {"datetime": "2020-04-24 23:20:40", "elapsed": 1735.597971, "delta": 3.635641}}
{"target": 0.6361908, "params": {"alpha": 0.8530366690441696, "colsample_bytree": 0.7508461157334547, "lam": 0.9276394580326287, "max_depth": 9.0, "min_child_weight": 9.0, "subsample": 0.6474321269762223}, "datetime": {"datetime": "2020-04-24 23:20:44", "elapsed": 1739.635335, "delta": 4.037364}}
{"target": 0.6370958, "params": {"alpha": 0.8530366690441696, "colsample_bytree": 0.6672445199221573, "lam": 0.9276394580326287, "max_depth": 9.0, "min_child_weight": 9.0, "subsample": 0.8789216486969067}, "datetime": {"datetime": "2020-04-24 23:20:48", "elapsed": 1743.016694, "delta": 3.381359}}
{"target": 0.6390566, "params": {"alpha": 0.8530366690441696, "colsample_bytree": 0.665292665643484, "lam": 0.9276394580326287, "max_depth": 9.0, "min_child_weight": 9.0, "subsample": 0.514204217334054}, "datetime": {"datetime": "2020-04-24 23:20:52", "elapsed": 1747.626226, "delta": 4.609532}}
{"target": 0.6328462, "params": {"alpha": 0.8530366690441696, "colsample_bytree": 0.8737455390806034, "lam": 0.9276394580326287, "max_depth": 9.0, "min_child_weight": 9.0, "subsample": 0.7433607834545866}, "datetime": {"datetime": "2020-04-24 23:20:55", "elapsed": 1750.645132, "delta": 3.018906}}
{"target": 0.6347449999999999, "params": {"alpha": 0.8530366690441696, "colsample_bytree": 0.655810904292049, "lam": 0.9276394580326287, "max_depth": 9.0, "min_child_weight": 9.0, "subsample": 0.8541644361735881}, "datetime": {"datetime": "2020-04-24 23:20:58", "elapsed": 1753.405234, "delta": 2.760102}}
{"target": 0.642342, "params": {"alpha": 0.8530366690441696, "colsample_bytree": 0.8854294414607311, "lam": 0.9276394580326287, "max_depth": 9.0, "min_child_weight": 9.0, "subsample": 0.7223276958284343}, "datetime": {"datetime": "2020-04-24 23:21:02", "elapsed": 1757.077977, "delta": 3.672743}}
{"target": 0.637076, "params": {"alpha": 0.8530366690441696, "colsample_bytree": 0.8187990262842733, "lam": 0.9276394580326287, "max_depth": 9.0, "min_child_weight": 9.0, "subsample": 0.7367683797603979}, "datetime": {"datetime": "2020-04-24 23:21:05", "elapsed": 1760.784103, "delta": 3.706126}}
{"target": 0.635756, "params": {"alpha": 0.8530366690441696, "colsample_bytree": 0.7941420088547086, "lam": 0.9276394580326287, "max_depth": 9.0, "min_child_weight": 9.0, "subsample": 0.7991290870111067}, "datetime": {"datetime": "2020-04-24 23:21:09", "elapsed": 1764.142721, "delta": 3.358618}}
{"target": 0.6382057999999999, "params": {"alpha": 0.8530366690441696, "colsample_bytree": 0.6665012773339465, "lam": 0.9276394580326287, "max_depth": 9.0, "min_child_weight": 9.0, "subsample": 0.7501660049518688}, "datetime": {"datetime": "2020-04-24 23:21:12", "elapsed": 1767.391203, "delta": 3.248482}}
{"target": 0.6466658, "params": {"alpha": 0.8530366690441696, "colsample_bytree": 0.7627182207656297, "lam": 0.9276394580326287, "max_depth": 9.0, "min_child_weight": 9.0, "subsample": 0.7822005559865961}, "datetime": {"datetime": "2020-04-24 23:21:16", "elapsed": 1771.444261, "delta": 4.053058}}
{"target": 0.6260391999999999, "params": {"alpha": 0.8530366690441696, "colsample_bytree": 0.8220532676366197, "lam": 0.9276394580326287, "max_depth": 9.0, "min_child_weight": 9.0, "subsample": 0.7651381648181739}, "datetime": {"datetime": "2020-04-24 23:21:21", "elapsed": 1776.082982, "delta": 4.638721}}
{"target": 0.6420543999999999, "params": {"alpha": 0.8530366690441696, "colsample_bytree": 0.8131730560528247, "lam": 0.9276394580326287, "max_depth": 9.0, "min_child_weight": 9.0, "subsample": 0.7853400385911247}, "datetime": {"datetime": "2020-04-24 23:21:24", "elapsed": 1779.329809, "delta": 3.246827}}
{"target": 0.6290600000000001, "params": {"alpha": 0.8530366690441696, "colsample_bytree": 0.8068884483055376, "lam": 0.9276394580326287, "max_depth": 9.0, "min_child_weight": 9.0, "subsample": 0.7219447354559289}, "datetime": {"datetime": "2020-04-24 23:21:27", "elapsed": 1782.723825, "delta": 3.394016}}
{"target": 0.6010199999999999, "params": {"alpha": 0.8530366690441696, "colsample_bytree": 0.5538342017427723, "lam": 0.9276394580326287, "max_depth": 9.0, "min_child_weight": 9.0, "subsample": 0.68320374499981}, "datetime": {"datetime": "2020-04-24 23:21:31", "elapsed": 1786.803379, "delta": 4.079554}}
{"target": 0.6155386, "params": {"alpha": 0.8530366690441696, "colsample_bytree": 0.6401988171354162, "lam": 0.9276394580326287, "max_depth": 9.0, "min_child_weight": 9.0, "subsample": 0.516337758299092}, "datetime": {"datetime": "2020-04-24 23:21:35", "elapsed": 1790.609989, "delta": 3.80661}}
{"target": 0.6154995999999999, "params": {"alpha": 0.8530366690441696, "colsample_bytree": 0.607292092041604, "lam": 0.9276394580326287, "max_depth": 9.0, "min_child_weight": 9.0, "subsample": 0.5647119638475241}, "datetime": {"datetime": "2020-04-24 23:21:39", "elapsed": 1794.657159, "delta": 4.04717}}
{"target": 0.6201144, "params": {"alpha": 0.8530366690441696, "colsample_bytree": 0.6135779060888659, "lam": 0.9276394580326287, "max_depth": 9.0, "min_child_weight": 9.0, "subsample": 0.875637279120992}, "datetime": {"datetime": "2020-04-24 23:21:45", "elapsed": 1799.976256, "delta": 5.319097}}
{"target": 0.633701, "params": {"alpha": 0.8530366690441696, "colsample_bytree": 0.6617205964703704, "lam": 0.9276394580326287, "max_depth": 9.0, "min_child_weight": 9.0, "subsample": 0.5326982276185073}, "datetime": {"datetime": "2020-04-24 23:21:48", "elapsed": 1803.778978, "delta": 3.802722}}
{"target": 0.6312742, "params": {"alpha": 0.8530366690441696, "colsample_bytree": 0.7647383088375359, "lam": 0.9276394580326287, "max_depth": 9.0, "min_child_weight": 9.0, "subsample": 0.5169449984150608}, "datetime": {"datetime": "2020-04-24 23:21:51", "elapsed": 1806.706611, "delta": 2.927633}}
{"target": 0.6035402, "params": {"alpha": 0.8530366690441696, "colsample_bytree": 0.6071035988499855, "lam": 0.9276394580326287, "max_depth": 9.0, "min_child_weight": 9.0, "subsample": 0.679155414797962}, "datetime": {"datetime": "2020-04-24 23:21:54", "elapsed": 1809.738885, "delta": 3.032274}}
{"target": 0.644551, "params": {"alpha": 0.8530366690441696, "colsample_bytree": 0.7778591826716772, "lam": 0.9276394580326287, "max_depth": 9.0, "min_child_weight": 9.0, "subsample": 0.9}, "datetime": {"datetime": "2020-04-24 23:21:59", "elapsed": 1814.00291, "delta": 4.264025}}
{"target": 0.6426502000000001, "params": {"alpha": 0.8530366690441696, "colsample_bytree": 0.8621507526263041, "lam": 0.9276394580326287, "max_depth": 9.0, "min_child_weight": 9.0, "subsample": 0.5906861780882646}, "datetime": {"datetime": "2020-04-24 23:22:03", "elapsed": 1818.616418, "delta": 4.613508}}
{"target": 0.6299895999999999, "params": {"alpha": 0.8530366690441696, "colsample_bytree": 0.8576820069053173, "lam": 0.9276394580326287, "max_depth": 9.0, "min_child_weight": 9.0, "subsample": 0.535627408049607}, "datetime": {"datetime": "2020-04-24 23:22:08", "elapsed": 1823.396167, "delta": 4.779749}}
{"target": 0.6374107999999999, "params": {"alpha": 0.8530366690441696, "colsample_bytree": 0.8071499913966538, "lam": 0.9276394580326287, "max_depth": 9.0, "min_child_weight": 9.0, "subsample": 0.8936277430719568}, "datetime": {"datetime": "2020-04-24 23:22:13", "elapsed": 1827.933479, "delta": 4.537312}}
{"target": 0.6337273999999999, "params": {"alpha": 0.8530366690441696, "colsample_bytree": 0.7887576905743034, "lam": 0.9276394580326287, "max_depth": 9.0, "min_child_weight": 9.0, "subsample": 0.5002324899374274}, "datetime": {"datetime": "2020-04-24 23:22:16", "elapsed": 1831.493034, "delta": 3.559555}}
{"target": 0.6368980000000001, "params": {"alpha": 0.8530366690441696, "colsample_bytree": 0.6479850012952703, "lam": 0.9276394580326287, "max_depth": 9.0, "min_child_weight": 9.0, "subsample": 0.632645388021173}, "datetime": {"datetime": "2020-04-24 23:22:21", "elapsed": 1835.972226, "delta": 4.479192}}
{"target": 0.6333736, "params": {"alpha": 0.8530366690441696, "colsample_bytree": 0.8883488045364414, "lam": 0.9276394580326287, "max_depth": 9.0, "min_child_weight": 9.0, "subsample": 0.7933021179400461}, "datetime": {"datetime": "2020-04-24 23:22:25", "elapsed": 1840.038613, "delta": 4.066387}}
{"target": 0.6321204, "params": {"alpha": 0.8530366690441696, "colsample_bytree": 0.6292064039625982, "lam": 0.9276394580326287, "max_depth": 9.0, "min_child_weight": 9.0, "subsample": 0.8498597238769691}, "datetime": {"datetime": "2020-04-24 23:22:29", "elapsed": 1844.547596, "delta": 4.508983}}
{"target": 0.6493694, "params": {"alpha": 0.8530366690441696, "colsample_bytree": 0.6627397576992237, "lam": 0.9276394580326287, "max_depth": 9.0, "min_child_weight": 9.0, "subsample": 0.5}, "datetime": {"datetime": "2020-04-24 23:22:34", "elapsed": 1849.39794, "delta": 4.850344}}
{"target": 0.6102828, "params": {"alpha": 0.8530366690441696, "colsample_bytree": 0.5279706952492691, "lam": 0.9276394580326287, "max_depth": 9.0, "min_child_weight": 9.0, "subsample": 0.8008974446339958}, "datetime": {"datetime": "2020-04-24 23:22:38", "elapsed": 1853.247244, "delta": 3.849304}}
{"target": 0.6315096, "params": {"alpha": 0.8530366690441696, "colsample_bytree": 0.7204161382037051, "lam": 0.9276394580326287, "max_depth": 9.0, "min_child_weight": 9.0, "subsample": 0.7822205246394385}, "datetime": {"datetime": "2020-04-24 23:22:42", "elapsed": 1857.172293, "delta": 3.925049}}
{"target": 0.644313, "params": {"alpha": 0.8530366690441696, "colsample_bytree": 0.6874922028733956, "lam": 0.9276394580326287, "max_depth": 9.0, "min_child_weight": 9.0, "subsample": 0.8639450926506864}, "datetime": {"datetime": "2020-04-24 23:22:46", "elapsed": 1861.380455, "delta": 4.208162}}
{"target": 0.6373386000000001, "params": {"alpha": 0.8530366690441696, "colsample_bytree": 0.8117428700644211, "lam": 0.9276394580326287, "max_depth": 9.0, "min_child_weight": 9.0, "subsample": 0.6056626868990271}, "datetime": {"datetime": "2020-04-24 23:22:51", "elapsed": 1866.074193, "delta": 4.693738}}
{"target": 0.6352254, "params": {"alpha": 0.8530366690441696, "colsample_bytree": 0.7507544938271788, "lam": 0.9276394580326287, "max_depth": 9.0, "min_child_weight": 9.0, "subsample": 0.6679545453305692}, "datetime": {"datetime": "2020-04-24 23:22:55", "elapsed": 1870.399393, "delta": 4.3252}}
{"target": 0.6408516, "params": {"alpha": 0.8530366690441696, "colsample_bytree": 0.8995468923556778, "lam": 0.9276394580326287, "max_depth": 9.0, "min_child_weight": 9.0, "subsample": 0.8195996148694671}, "datetime": {"datetime": "2020-04-24 23:22:59", "elapsed": 1874.402223, "delta": 4.00283}}
{"target": 0.6366708, "params": {"alpha": 0.8530366690441696, "colsample_bytree": 0.8421052894892807, "lam": 0.9276394580326287, "max_depth": 9.0, "min_child_weight": 9.0, "subsample": 0.8711584820164819}, "datetime": {"datetime": "2020-04-24 23:23:03", "elapsed": 1878.073369, "delta": 3.671146}}
{"target": 0.6416348, "params": {"alpha": 0.8530366690441696, "colsample_bytree": 0.8319284666604827, "lam": 0.9276394580326287, "max_depth": 9.0, "min_child_weight": 9.0, "subsample": 0.8607473565927668}, "datetime": {"datetime": "2020-04-24 23:23:07", "elapsed": 1881.876841, "delta": 3.803472}}
{"target": 0.5828613999999999, "params": {"alpha": 0.8530366690441696, "colsample_bytree": 0.5, "lam": 0.9276394580326287, "max_depth": 9.0, "min_child_weight": 9.0, "subsample": 0.6403351091733478}, "datetime": {"datetime": "2020-04-24 23:23:11", "elapsed": 1886.567219, "delta": 4.690378}}
{"target": 0.6502982, "params": {"alpha": 0.8530366690441696, "colsample_bytree": 0.7775789267753093, "lam": 0.9276394580326287, "max_depth": 9.0, "min_child_weight": 9.0, "subsample": 0.5966238882736833}, "datetime": {"datetime": "2020-04-24 23:23:15", "elapsed": 1890.036573, "delta": 3.469354}}
{"target": 0.6440805999999999, "params": {"alpha": 0.8530366690441696, "colsample_bytree": 0.7775699827873892, "lam": 0.9276394580326287, "max_depth": 9.0, "min_child_weight": 9.0, "subsample": 0.6046009538872458}, "datetime": {"datetime": "2020-04-24 23:23:19", "elapsed": 1894.618693, "delta": 4.58212}}
{"target": 0.6348694, "params": {"alpha": 0.8530366690441696, "colsample_bytree": 0.7816221579816525, "lam": 0.9276394580326287, "max_depth": 9.0, "min_child_weight": 9.0, "subsample": 0.5896715411001855}, "datetime": {"datetime": "2020-04-24 23:23:23", "elapsed": 1898.513628, "delta": 3.894935}}
