{"target": 0.6169758, "params": {"alpha": 0.2524545645295798, "colsample_bytree": 0.6273865068409366, "lam": 0.9989646052317648, "max_depth": 5.0, "min_child_weight": 3.0, "subsample": 0.6328002001389015}, "datetime": {"datetime": "2020-04-26 11:30:12", "elapsed": 1261.475828, "delta": 1.829348}}
{"target": 0.618464, "params": {"alpha": 0.2524545645295798, "colsample_bytree": 0.8825028236862764, "lam": 0.9989646052317648, "max_depth": 5.0, "min_child_weight": 3.0, "subsample": 0.6531901093480988}, "datetime": {"datetime": "2020-04-26 11:30:15", "elapsed": 1264.230134, "delta": 2.754306}}
{"target": 0.6139526, "params": {"alpha": 0.2524545645295798, "colsample_bytree": 0.7056870428559945, "lam": 0.9989646052317648, "max_depth": 5.0, "min_child_weight": 3.0, "subsample": 0.5535025234523987}, "datetime": {"datetime": "2020-04-26 11:30:17", "elapsed": 1266.454521, "delta": 2.224387}}
{"target": 0.619384, "params": {"alpha": 0.2524545645295798, "colsample_bytree": 0.7836924005989236, "lam": 0.9989646052317648, "max_depth": 5.0, "min_child_weight": 3.0, "subsample": 0.6755511578444728}, "datetime": {"datetime": "2020-04-26 11:30:20", "elapsed": 1269.031484, "delta": 2.576963}}
{"target": 0.6257368000000001, "params": {"alpha": 0.2524545645295798, "colsample_bytree": 0.7598862766680295, "lam": 0.9989646052317648, "max_depth": 5.0, "min_child_weight": 3.0, "subsample": 0.8751880170577999}, "datetime": {"datetime": "2020-04-26 11:30:22", "elapsed": 1271.289079, "delta": 2.257595}}
{"target": 0.6217124, "params": {"alpha": 0.2524545645295798, "colsample_bytree": 0.8511657214768169, "lam": 0.9989646052317648, "max_depth": 5.0, "min_child_weight": 3.0, "subsample": 0.6008266240033623}, "datetime": {"datetime": "2020-04-26 11:30:25", "elapsed": 1274.253295, "delta": 2.964216}}
{"target": 0.6300903999999999, "params": {"alpha": 0.2524545645295798, "colsample_bytree": 0.8498882491595907, "lam": 0.9989646052317648, "max_depth": 5.0, "min_child_weight": 3.0, "subsample": 0.7191938337808272}, "datetime": {"datetime": "2020-04-26 11:30:27", "elapsed": 1276.493754, "delta": 2.240459}}
{"target": 0.6464022, "params": {"alpha": 0.2524545645295798, "colsample_bytree": 0.8378363632317587, "lam": 0.9989646052317648, "max_depth": 5.0, "min_child_weight": 3.0, "subsample": 0.82609670620439}, "datetime": {"datetime": "2020-04-26 11:30:30", "elapsed": 1279.398168, "delta": 2.904414}}
{"target": 0.6467248, "params": {"alpha": 0.2524545645295798, "colsample_bytree": 0.8424991390189801, "lam": 0.9989646052317648, "max_depth": 5.0, "min_child_weight": 3.0, "subsample": 0.8267771107882766}, "datetime": {"datetime": "2020-04-26 11:30:33", "elapsed": 1282.136496, "delta": 2.738328}}
{"target": 0.6452102, "params": {"alpha": 0.2524545645295798, "colsample_bytree": 0.8450478092036271, "lam": 0.9989646052317648, "max_depth": 5.0, "min_child_weight": 3.0, "subsample": 0.8284032564576027}, "datetime": {"datetime": "2020-04-26 11:30:35", "elapsed": 1284.748485, "delta": 2.611989}}
{"target": 0.647702, "params": {"alpha": 0.2524545645295798, "colsample_bytree": 0.8372577010769875, "lam": 0.9989646052317648, "max_depth": 5.0, "min_child_weight": 3.0, "subsample": 0.8290406974755888}, "datetime": {"datetime": "2020-04-26 11:30:39", "elapsed": 1287.936393, "delta": 3.187908}}
{"target": 0.6462878, "params": {"alpha": 0.2524545645295798, "colsample_bytree": 0.8348932894962136, "lam": 0.9989646052317648, "max_depth": 5.0, "min_child_weight": 3.0, "subsample": 0.8261010284673408}, "datetime": {"datetime": "2020-04-26 11:30:41", "elapsed": 1290.351541, "delta": 2.415148}}
{"target": 0.6464534, "params": {"alpha": 0.2524545645295798, "colsample_bytree": 0.8350428999494313, "lam": 0.9989646052317648, "max_depth": 5.0, "min_child_weight": 3.0, "subsample": 0.8264080264805858}, "datetime": {"datetime": "2020-04-26 11:30:44", "elapsed": 1293.19091, "delta": 2.839369}}
{"target": 0.6478138, "params": {"alpha": 0.2524545645295798, "colsample_bytree": 0.837714459391147, "lam": 0.9989646052317648, "max_depth": 5.0, "min_child_weight": 3.0, "subsample": 0.8288823763065636}, "datetime": {"datetime": "2020-04-26 11:30:47", "elapsed": 1296.005655, "delta": 2.814745}}
{"target": 0.6460657999999999, "params": {"alpha": 0.2524545645295798, "colsample_bytree": 0.8359909535471652, "lam": 0.9989646052317648, "max_depth": 5.0, "min_child_weight": 3.0, "subsample": 0.8259034826174672}, "datetime": {"datetime": "2020-04-26 11:30:49", "elapsed": 1298.473719, "delta": 2.468064}}
{"target": 0.6458672, "params": {"alpha": 0.2524545645295798, "colsample_bytree": 0.8402122410164292, "lam": 0.9989646052317648, "max_depth": 5.0, "min_child_weight": 3.0, "subsample": 0.8269842112682646}, "datetime": {"datetime": "2020-04-26 11:30:52", "elapsed": 1301.027855, "delta": 2.554136}}
{"target": 0.6477226, "params": {"alpha": 0.2524545645295798, "colsample_bytree": 0.8409162748181693, "lam": 0.9989646052317648, "max_depth": 5.0, "min_child_weight": 3.0, "subsample": 0.8283256422272611}, "datetime": {"datetime": "2020-04-26 11:30:55", "elapsed": 1304.171214, "delta": 3.143359}}
{"target": 0.6447574, "params": {"alpha": 0.2524545645295798, "colsample_bytree": 0.8382945785214659, "lam": 0.9989646052317648, "max_depth": 5.0, "min_child_weight": 3.0, "subsample": 0.828179042520671}, "datetime": {"datetime": "2020-04-26 11:30:57", "elapsed": 1306.802179, "delta": 2.630965}}
{"target": 0.6490214, "params": {"alpha": 0.2524545645295798, "colsample_bytree": 0.8413266802871606, "lam": 0.9989646052317648, "max_depth": 5.0, "min_child_weight": 3.0, "subsample": 0.8257632422589611}, "datetime": {"datetime": "2020-04-26 11:31:00", "elapsed": 1309.796107, "delta": 2.993928}}
{"target": 0.6401522, "params": {"alpha": 0.2524545645295798, "colsample_bytree": 0.843274958313105, "lam": 0.9989646052317648, "max_depth": 5.0, "min_child_weight": 3.0, "subsample": 0.8276995533491018}, "datetime": {"datetime": "2020-04-26 11:31:03", "elapsed": 1312.361195, "delta": 2.565088}}
{"target": 0.6387978, "params": {"alpha": 0.2524545645295798, "colsample_bytree": 0.8344787362280848, "lam": 0.9989646052317648, "max_depth": 5.0, "min_child_weight": 3.0, "subsample": 0.8299783482462215}, "datetime": {"datetime": "2020-04-26 11:31:06", "elapsed": 1315.689679, "delta": 3.328484}}
{"target": 0.6447182, "params": {"alpha": 0.2524545645295798, "colsample_bytree": 0.8422848261047218, "lam": 0.9989646052317648, "max_depth": 5.0, "min_child_weight": 3.0, "subsample": 0.8271202686063868}, "datetime": {"datetime": "2020-04-26 11:31:09", "elapsed": 1318.512251, "delta": 2.822572}}
{"target": 0.6467248, "params": {"alpha": 0.2524545645295798, "colsample_bytree": 0.8378453662140335, "lam": 0.9989646052317648, "max_depth": 5.0, "min_child_weight": 3.0, "subsample": 0.8267810526927164}, "datetime": {"datetime": "2020-04-26 11:31:12", "elapsed": 1321.466774, "delta": 2.954523}}
{"target": 0.6430446, "params": {"alpha": 0.2524545645295798, "colsample_bytree": 0.836395197146142, "lam": 0.9989646052317648, "max_depth": 5.0, "min_child_weight": 3.0, "subsample": 0.8243732683415848}, "datetime": {"datetime": "2020-04-26 11:31:15", "elapsed": 1324.504556, "delta": 3.037782}}
{"target": 0.6447577999999999, "params": {"alpha": 0.2524545645295798, "colsample_bytree": 0.8426018219325339, "lam": 0.9989646052317648, "max_depth": 5.0, "min_child_weight": 3.0, "subsample": 0.8281627153728639}, "datetime": {"datetime": "2020-04-26 11:31:18", "elapsed": 1327.208672, "delta": 2.704116}}
{"target": 0.638792, "params": {"alpha": 0.2524545645295798, "colsample_bytree": 0.8391615540333144, "lam": 0.9989646052317648, "max_depth": 5.0, "min_child_weight": 3.0, "subsample": 0.8299161348477536}, "datetime": {"datetime": "2020-04-26 11:31:21", "elapsed": 1330.39952, "delta": 3.190848}}
{"target": 0.6466264, "params": {"alpha": 0.2524545645295798, "colsample_bytree": 0.8421721551879422, "lam": 0.9989646052317648, "max_depth": 5.0, "min_child_weight": 3.0, "subsample": 0.8267153339598161}, "datetime": {"datetime": "2020-04-26 11:31:24", "elapsed": 1333.450484, "delta": 3.050964}}
{"target": 0.6448325999999999, "params": {"alpha": 0.2524545645295798, "colsample_bytree": 0.8374018365831739, "lam": 0.9989646052317648, "max_depth": 5.0, "min_child_weight": 3.0, "subsample": 0.8250704867533238}, "datetime": {"datetime": "2020-04-26 11:31:27", "elapsed": 1336.561551, "delta": 3.111067}}
{"target": 0.6460824, "params": {"alpha": 0.2524545645295798, "colsample_bytree": 0.8355668113690651, "lam": 0.9989646052317648, "max_depth": 5.0, "min_child_weight": 3.0, "subsample": 0.8262449804902365}, "datetime": {"datetime": "2020-04-26 11:31:30", "elapsed": 1339.437779, "delta": 2.876228}}
{"target": 0.6448387999999999, "params": {"alpha": 0.2524545645295798, "colsample_bytree": 0.8388825434453715, "lam": 0.9989646052317648, "max_depth": 5.0, "min_child_weight": 3.0, "subsample": 0.8248351696767253}, "datetime": {"datetime": "2020-04-26 11:31:33", "elapsed": 1342.373104, "delta": 2.935325}}
{"target": 0.64832, "params": {"alpha": 0.2524545645295798, "colsample_bytree": 0.8414977533648609, "lam": 0.9989646052317648, "max_depth": 5.0, "min_child_weight": 3.0, "subsample": 0.8256143392318571}, "datetime": {"datetime": "2020-04-26 11:31:36", "elapsed": 1345.454885, "delta": 3.081781}}
{"target": 0.6455384000000001, "params": {"alpha": 0.2524545645295798, "colsample_bytree": 0.8344991334776988, "lam": 0.9989646052317648, "max_depth": 5.0, "min_child_weight": 3.0, "subsample": 0.8226228764076063}, "datetime": {"datetime": "2020-04-26 11:31:40", "elapsed": 1349.04264, "delta": 3.587755}}
{"target": 0.6458674, "params": {"alpha": 0.2524545645295798, "colsample_bytree": 0.8367320694874913, "lam": 0.9989646052317648, "max_depth": 5.0, "min_child_weight": 3.0, "subsample": 0.8269733972548687}, "datetime": {"datetime": "2020-04-26 11:31:42", "elapsed": 1351.628699, "delta": 2.586059}}
{"target": 0.6448387999999999, "params": {"alpha": 0.2524545645295798, "colsample_bytree": 0.8383276400308466, "lam": 0.9989646052317648, "max_depth": 5.0, "min_child_weight": 3.0, "subsample": 0.8248169791327717}, "datetime": {"datetime": "2020-04-26 11:31:45", "elapsed": 1354.475215, "delta": 2.846516}}
{"target": 0.64484, "params": {"alpha": 0.2524545645295798, "colsample_bytree": 0.8420314455636925, "lam": 0.9989646052317648, "max_depth": 5.0, "min_child_weight": 3.0, "subsample": 0.8249776816616129}, "datetime": {"datetime": "2020-04-26 11:31:48", "elapsed": 1357.674702, "delta": 3.199487}}
{"target": 0.6458674, "params": {"alpha": 0.2524545645295798, "colsample_bytree": 0.842843112956678, "lam": 0.9989646052317648, "max_depth": 5.0, "min_child_weight": 3.0, "subsample": 0.8269511379106027}, "datetime": {"datetime": "2020-04-26 11:31:52", "elapsed": 1361.130681, "delta": 3.455979}}
{"target": 0.6424698, "params": {"alpha": 0.2524545645295798, "colsample_bytree": 0.8380043505667748, "lam": 0.9989646052317648, "max_depth": 5.0, "min_child_weight": 3.0, "subsample": 0.8241559625284693}, "datetime": {"datetime": "2020-04-26 11:31:54", "elapsed": 1363.638114, "delta": 2.507433}}
{"target": 0.6474257999999999, "params": {"alpha": 0.2524545645295798, "colsample_bytree": 0.8411710461617372, "lam": 0.9989646052317648, "max_depth": 5.0, "min_child_weight": 3.0, "subsample": 0.8275750856989258}, "datetime": {"datetime": "2020-04-26 11:31:58", "elapsed": 1366.949221, "delta": 3.311107}}
{"target": 0.6450528, "params": {"alpha": 0.2524545645295798, "colsample_bytree": 0.8441834766982409, "lam": 0.9989646052317648, "max_depth": 5.0, "min_child_weight": 3.0, "subsample": 0.8273654589514994}, "datetime": {"datetime": "2020-04-26 11:32:00", "elapsed": 1369.901428, "delta": 2.952207}}
{"target": 0.6409279999999999, "params": {"alpha": 0.2524545645295798, "colsample_bytree": 0.8451487105986839, "lam": 0.9989646052317648, "max_depth": 5.0, "min_child_weight": 3.0, "subsample": 0.8279984490423324}, "datetime": {"datetime": "2020-04-26 11:32:03", "elapsed": 1372.908113, "delta": 3.006685}}
{"target": 0.6448324, "params": {"alpha": 0.2524545645295798, "colsample_bytree": 0.8363414346601594, "lam": 0.9989646052317648, "max_depth": 5.0, "min_child_weight": 3.0, "subsample": 0.8250837178973042}, "datetime": {"datetime": "2020-04-26 11:32:07", "elapsed": 1375.927277, "delta": 3.019164}}
{"target": 0.647702, "params": {"alpha": 0.2524545645295798, "colsample_bytree": 0.839479702125999, "lam": 0.9989646052317648, "max_depth": 5.0, "min_child_weight": 3.0, "subsample": 0.8289925567691936}, "datetime": {"datetime": "2020-04-26 11:32:09", "elapsed": 1378.52454, "delta": 2.597263}}
{"target": 0.6430300000000001, "params": {"alpha": 0.2524545645295798, "colsample_bytree": 0.8368174817488423, "lam": 0.9989646052317648, "max_depth": 5.0, "min_child_weight": 3.0, "subsample": 0.8278414987977922}, "datetime": {"datetime": "2020-04-26 11:32:12", "elapsed": 1381.348096, "delta": 2.823556}}
{"target": 0.6430300000000001, "params": {"alpha": 0.2524545645295798, "colsample_bytree": 0.8391651604171606, "lam": 0.9989646052317648, "max_depth": 5.0, "min_child_weight": 3.0, "subsample": 0.8278449980127893}, "datetime": {"datetime": "2020-04-26 11:32:15", "elapsed": 1384.549672, "delta": 3.201576}}
{"target": 0.6458686, "params": {"alpha": 0.2524545645295798, "colsample_bytree": 0.8406806091585224, "lam": 0.9989646052317648, "max_depth": 5.0, "min_child_weight": 3.0, "subsample": 0.8268632770040332}, "datetime": {"datetime": "2020-04-26 11:32:18", "elapsed": 1387.461155, "delta": 2.911483}}
{"target": 0.6448387999999999, "params": {"alpha": 0.2524545645295798, "colsample_bytree": 0.8369864855669569, "lam": 0.9989646052317648, "max_depth": 5.0, "min_child_weight": 3.0, "subsample": 0.8248172874077717}, "datetime": {"datetime": "2020-04-26 11:32:21", "elapsed": 1390.629235, "delta": 3.16808}}
{"target": 0.641305, "params": {"alpha": 0.2524545645295798, "colsample_bytree": 0.8348961804630384, "lam": 0.9989646052317648, "max_depth": 5.0, "min_child_weight": 3.0, "subsample": 0.8238896180819656}, "datetime": {"datetime": "2020-04-26 11:32:24", "elapsed": 1393.501937, "delta": 2.872702}}
{"target": 0.643686, "params": {"alpha": 0.2524545645295798, "colsample_bytree": 0.8396749103237673, "lam": 0.9989646052317648, "max_depth": 5.0, "min_child_weight": 3.0, "subsample": 0.8279963945687129}, "datetime": {"datetime": "2020-04-26 11:32:27", "elapsed": 1396.778995, "delta": 3.277058}}
{"target": 0.6466264, "params": {"alpha": 0.2524545645295798, "colsample_bytree": 0.8390934291986671, "lam": 0.9989646052317648, "max_depth": 5.0, "min_child_weight": 3.0, "subsample": 0.8267163597240113}, "datetime": {"datetime": "2020-04-26 11:32:31", "elapsed": 1400.659296, "delta": 3.880301}}
{"target": 0.6325303999999999, "params": {"alpha": 0.2524545645295798, "colsample_bytree": 0.6704421284358262, "lam": 0.9989646052317648, "max_depth": 5.0, "min_child_weight": 3.0, "subsample": 0.8842327204389241}, "datetime": {"datetime": "2020-04-26 11:32:34", "elapsed": 1403.888413, "delta": 3.229117}}
{"target": 0.6233878, "params": {"alpha": 0.2524545645295798, "colsample_bytree": 0.6454878091977835, "lam": 0.9989646052317648, "max_depth": 5.0, "min_child_weight": 3.0, "subsample": 0.87458380866842}, "datetime": {"datetime": "2020-04-26 11:32:38", "elapsed": 1407.736622, "delta": 3.848209}}
{"target": 0.641729, "params": {"alpha": 0.2524545645295798, "colsample_bytree": 0.6967500182536532, "lam": 0.9989646052317648, "max_depth": 5.0, "min_child_weight": 3.0, "subsample": 0.8523087401321298}, "datetime": {"datetime": "2020-04-26 11:32:42", "elapsed": 1411.022499, "delta": 3.285877}}
{"target": 0.6347607999999999, "params": {"alpha": 0.2524545645295798, "colsample_bytree": 0.6601639924724804, "lam": 0.9989646052317648, "max_depth": 5.0, "min_child_weight": 3.0, "subsample": 0.8987805230392497}, "datetime": {"datetime": "2020-04-26 11:32:44", "elapsed": 1413.646842, "delta": 2.624343}}
{"target": 0.6471342, "params": {"alpha": 0.2524545645295798, "colsample_bytree": 0.8403459696655124, "lam": 0.9989646052317648, "max_depth": 5.0, "min_child_weight": 3.0, "subsample": 0.8273272471851845}, "datetime": {"datetime": "2020-04-26 11:32:48", "elapsed": 1417.404101, "delta": 3.757259}}
{"target": 0.6418322, "params": {"alpha": 0.2524545645295798, "colsample_bytree": 0.7461107973681212, "lam": 0.9989646052317648, "max_depth": 5.0, "min_child_weight": 3.0, "subsample": 0.7738935361891257}, "datetime": {"datetime": "2020-04-26 11:32:52", "elapsed": 1421.611123, "delta": 4.207022}}
{"target": 0.6388504, "params": {"alpha": 0.2524545645295798, "colsample_bytree": 0.7637186924663364, "lam": 0.9989646052317648, "max_depth": 5.0, "min_child_weight": 3.0, "subsample": 0.8252593504854906}, "datetime": {"datetime": "2020-04-26 11:32:56", "elapsed": 1425.402113, "delta": 3.79099}}
{"target": 0.6319256, "params": {"alpha": 0.2524545645295798, "colsample_bytree": 0.8348890694710243, "lam": 0.9989646052317648, "max_depth": 5.0, "min_child_weight": 3.0, "subsample": 0.8878397945425722}, "datetime": {"datetime": "2020-04-26 11:33:00", "elapsed": 1428.993055, "delta": 3.590942}}
{"target": 0.6015162000000001, "params": {"alpha": 0.2524545645295798, "colsample_bytree": 0.590122268249051, "lam": 0.9989646052317648, "max_depth": 5.0, "min_child_weight": 3.0, "subsample": 0.6762218364358508}, "datetime": {"datetime": "2020-04-26 11:33:03", "elapsed": 1432.258853, "delta": 3.265798}}
{"target": 0.6004484, "params": {"alpha": 0.2524545645295798, "colsample_bytree": 0.6139791083032965, "lam": 0.9989646052317648, "max_depth": 5.0, "min_child_weight": 3.0, "subsample": 0.5344323686585892}, "datetime": {"datetime": "2020-04-26 11:33:06", "elapsed": 1435.453441, "delta": 3.194588}}
{"target": 0.6352748, "params": {"alpha": 0.2524545645295798, "colsample_bytree": 0.8794792793308344, "lam": 0.9989646052317648, "max_depth": 5.0, "min_child_weight": 3.0, "subsample": 0.8997619562498671}, "datetime": {"datetime": "2020-04-26 11:33:10", "elapsed": 1439.36048, "delta": 3.907039}}
{"target": 0.6219926, "params": {"alpha": 0.2524545645295798, "colsample_bytree": 0.6467442542370032, "lam": 0.9989646052317648, "max_depth": 5.0, "min_child_weight": 3.0, "subsample": 0.7699031826879972}, "datetime": {"datetime": "2020-04-26 11:33:13", "elapsed": 1442.468029, "delta": 3.107549}}
{"target": 0.6442138, "params": {"alpha": 0.2524545645295798, "colsample_bytree": 0.7033171721357937, "lam": 0.9989646052317648, "max_depth": 5.0, "min_child_weight": 3.0, "subsample": 0.8643941961179502}, "datetime": {"datetime": "2020-04-26 11:33:17", "elapsed": 1446.510144, "delta": 4.042115}}
{"target": 0.6360442, "params": {"alpha": 0.2524545645295798, "colsample_bytree": 0.8916154211623184, "lam": 0.9989646052317648, "max_depth": 5.0, "min_child_weight": 3.0, "subsample": 0.8311880519450974}, "datetime": {"datetime": "2020-04-26 11:33:20", "elapsed": 1449.849849, "delta": 3.339705}}
{"target": 0.6477176, "params": {"alpha": 0.2524545645295798, "colsample_bytree": 0.8417280947163773, "lam": 0.9989646052317648, "max_depth": 5.0, "min_child_weight": 3.0, "subsample": 0.828405823193801}, "datetime": {"datetime": "2020-04-26 11:33:23", "elapsed": 1452.834226, "delta": 2.984377}}
{"target": 0.6104806, "params": {"alpha": 0.2524545645295798, "colsample_bytree": 0.899461175871181, "lam": 0.9989646052317648, "max_depth": 5.0, "min_child_weight": 3.0, "subsample": 0.6173744494326485}, "datetime": {"datetime": "2020-04-26 11:33:27", "elapsed": 1456.21833, "delta": 3.384104}}
{"target": 0.5615516, "params": {"alpha": 0.2524545645295798, "colsample_bytree": 0.5009170818768219, "lam": 0.9989646052317648, "max_depth": 5.0, "min_child_weight": 3.0, "subsample": 0.5413581683828256}, "datetime": {"datetime": "2020-04-26 11:33:30", "elapsed": 1459.8362, "delta": 3.61787}}
{"target": 0.6003928000000001, "params": {"alpha": 0.2524545645295798, "colsample_bytree": 0.5180211675684865, "lam": 0.9989646052317648, "max_depth": 5.0, "min_child_weight": 3.0, "subsample": 0.7204335239133987}, "datetime": {"datetime": "2020-04-26 11:33:33", "elapsed": 1462.878724, "delta": 3.042524}}
{"target": 0.6100206, "params": {"alpha": 0.2524545645295798, "colsample_bytree": 0.880441618941731, "lam": 0.9989646052317648, "max_depth": 5.0, "min_child_weight": 3.0, "subsample": 0.5599220806428091}, "datetime": {"datetime": "2020-04-26 11:33:37", "elapsed": 1466.103152, "delta": 3.224428}}
{"target": 0.5932302, "params": {"alpha": 0.2524545645295798, "colsample_bytree": 0.5986762208759137, "lam": 0.9989646052317648, "max_depth": 5.0, "min_child_weight": 3.0, "subsample": 0.5966701220970415}, "datetime": {"datetime": "2020-04-26 11:33:40", "elapsed": 1469.595869, "delta": 3.492717}}
{"target": 0.6035396, "params": {"alpha": 0.2524545645295798, "colsample_bytree": 0.5368020886726385, "lam": 0.9989646052317648, "max_depth": 5.0, "min_child_weight": 3.0, "subsample": 0.5001957660307882}, "datetime": {"datetime": "2020-04-26 11:33:44", "elapsed": 1473.608525, "delta": 4.012656}}
{"target": 0.6220434, "params": {"alpha": 0.2524545645295798, "colsample_bytree": 0.844484423457803, "lam": 0.9989646052317648, "max_depth": 5.0, "min_child_weight": 3.0, "subsample": 0.6360515846531607}, "datetime": {"datetime": "2020-04-26 11:33:47", "elapsed": 1476.621436, "delta": 3.012911}}
{"target": 0.6206328, "params": {"alpha": 0.2524545645295798, "colsample_bytree": 0.8184814510444922, "lam": 0.9989646052317648, "max_depth": 5.0, "min_child_weight": 3.0, "subsample": 0.692049298647066}, "datetime": {"datetime": "2020-04-26 11:33:51", "elapsed": 1480.144003, "delta": 3.522567}}
{"target": 0.6226054, "params": {"alpha": 0.2524545645295798, "colsample_bytree": 0.6651438575746151, "lam": 0.9989646052317648, "max_depth": 5.0, "min_child_weight": 3.0, "subsample": 0.6459951712904235}, "datetime": {"datetime": "2020-04-26 11:33:54", "elapsed": 1483.07276, "delta": 2.928757}}
