{"target": 0.6300454, "params": {"max_depth": 8.633576096420846, "min_child_weight": 7.002484999123517}, "datetime": {"datetime": "2020-04-26 11:16:17", "elapsed": 426.803835, "delta": 3.819577}}
{"target": 0.6141306, "params": {"max_depth": 9.300462489966733, "min_child_weight": 4.069839752281778}, "datetime": {"datetime": "2020-04-26 11:16:21", "elapsed": 430.164907, "delta": 3.361072}}
{"target": 0.6304178, "params": {"max_depth": 5.2254538294444925, "min_child_weight": 7.18673027487192}, "datetime": {"datetime": "2020-04-26 11:16:23", "elapsed": 432.16854, "delta": 2.003633}}
{"target": 0.6259222000000001, "params": {"max_depth": 3.8645331961923284, "min_child_weight": 6.77623494011866}, "datetime": {"datetime": "2020-04-26 11:16:26", "elapsed": 435.133399, "delta": 2.964859}}
{"target": 0.6363366, "params": {"max_depth": 6.188570820614118, "min_child_weight": 9.586942476556018}, "datetime": {"datetime": "2020-04-26 11:16:29", "elapsed": 438.817867, "delta": 3.684468}}
{"target": 0.6397077999999999, "params": {"max_depth": 5.51147784559398, "min_child_weight": 5.8885324056428665}, "datetime": {"datetime": "2020-04-26 11:16:32", "elapsed": 441.856728, "delta": 3.038861}}
{"target": 0.6484144, "params": {"max_depth": 5.325376058626844, "min_child_weight": 2.980730287986855}, "datetime": {"datetime": "2020-04-26 11:16:36", "elapsed": 445.03688, "delta": 3.180152}}
{"target": 0.6484144, "params": {"max_depth": 4.738810013745082, "min_child_weight": 3.134072672300397}, "datetime": {"datetime": "2020-04-26 11:16:38", "elapsed": 447.671712, "delta": 2.634832}}
{"target": 0.639735, "params": {"max_depth": 7.150276168641535, "min_child_weight": 9.997701759913243}, "datetime": {"datetime": "2020-04-26 11:16:41", "elapsed": 450.514545, "delta": 2.842833}}
{"target": 0.6484144, "params": {"max_depth": 5.320891994509594, "min_child_weight": 3.101601166099779}, "datetime": {"datetime": "2020-04-26 11:16:44", "elapsed": 453.639412, "delta": 3.124867}}
{"target": 0.6484144, "params": {"max_depth": 4.768102679914156, "min_child_weight": 2.6842694161455123}, "datetime": {"datetime": "2020-04-26 11:16:48", "elapsed": 457.130035, "delta": 3.490623}}
{"target": 0.6484144, "params": {"max_depth": 4.7489218999285665, "min_child_weight": 2.9337703463673104}, "datetime": {"datetime": "2020-04-26 11:16:51", "elapsed": 460.072362, "delta": 2.942327}}
{"target": 0.6340136, "params": {"max_depth": 4.7350032656597705, "min_child_weight": 2.4202483878359824}, "datetime": {"datetime": "2020-04-26 11:16:54", "elapsed": 463.481029, "delta": 3.408667}}
{"target": 0.6393867999999999, "params": {"max_depth": 5.101323996743143, "min_child_weight": 1.3292075536904955}, "datetime": {"datetime": "2020-04-26 11:16:57", "elapsed": 466.770193, "delta": 3.289164}}
{"target": 0.6369948, "params": {"max_depth": 4.874212299846658, "min_child_weight": 8.1366637400684}, "datetime": {"datetime": "2020-04-26 11:17:01", "elapsed": 470.422405, "delta": 3.652212}}
{"target": 0.6484144, "params": {"max_depth": 5.076156643592106, "min_child_weight": 2.7957944659716936}, "datetime": {"datetime": "2020-04-26 11:17:04", "elapsed": 473.365817, "delta": 2.943412}}
{"target": 0.6411648, "params": {"max_depth": 5.954208517939552, "min_child_weight": 6.688281809697489}, "datetime": {"datetime": "2020-04-26 11:17:07", "elapsed": 475.99918, "delta": 2.633363}}
{"target": 0.6484144, "params": {"max_depth": 4.890299270845293, "min_child_weight": 2.781096397250528}, "datetime": {"datetime": "2020-04-26 11:17:10", "elapsed": 479.154037, "delta": 3.154857}}
{"target": 0.6196151999999999, "params": {"max_depth": 7.340943752771478, "min_child_weight": 1.0075383988604285}, "datetime": {"datetime": "2020-04-26 11:17:13", "elapsed": 482.566501, "delta": 3.412464}}
{"target": 0.6484144, "params": {"max_depth": 4.840008498528086, "min_child_weight": 2.8512726611435784}, "datetime": {"datetime": "2020-04-26 11:17:17", "elapsed": 486.732741, "delta": 4.16624}}
{"target": 0.6433128, "params": {"max_depth": 6.80943556170312, "min_child_weight": 8.934523577826216}, "datetime": {"datetime": "2020-04-26 11:17:20", "elapsed": 489.814315, "delta": 3.081574}}
{"target": 0.6264154000000001, "params": {"alpha": 0.9816628418554647, "lam": 0.5928615532170637, "max_depth": 5.0, "min_child_weight": 3.0}, "datetime": {"datetime": "2020-04-26 11:17:21", "elapsed": 490.62635, "delta": 0.812035}}
{"target": 0.6355774, "params": {"alpha": 0.937659230928623, "lam": 0.711330843246508, "max_depth": 5.0, "min_child_weight": 3.0}, "datetime": {"datetime": "2020-04-26 11:17:22", "elapsed": 491.446211, "delta": 0.819861}}
{"target": 0.6299012, "params": {"alpha": 0.623543425982024, "lam": 0.10324893703183768, "max_depth": 5.0, "min_child_weight": 3.0}, "datetime": {"datetime": "2020-04-26 11:17:23", "elapsed": 492.262281, "delta": 0.81607}}
{"target": 0.6340346, "params": {"alpha": 0.13465066678146342, "lam": 0.5263139411177892, "max_depth": 5.0, "min_child_weight": 3.0}, "datetime": {"datetime": "2020-04-26 11:17:24", "elapsed": 493.072758, "delta": 0.810477}}
{"target": 0.633776, "params": {"alpha": 0.036617787366169274, "lam": 0.37156143451025736, "max_depth": 5.0, "min_child_weight": 3.0}, "datetime": {"datetime": "2020-04-26 11:17:24", "elapsed": 493.884504, "delta": 0.811746}}
{"target": 0.642342, "params": {"alpha": 0.6902330670204511, "lam": 0.987429633501222, "max_depth": 5.0, "min_child_weight": 3.0}, "datetime": {"datetime": "2020-04-26 11:17:25", "elapsed": 494.687322, "delta": 0.802818}}
{"target": 0.633972, "params": {"alpha": 0.5375538649501332, "lam": 0.5658155810065175, "max_depth": 5.0, "min_child_weight": 3.0}, "datetime": {"datetime": "2020-04-26 11:17:26", "elapsed": 495.518834, "delta": 0.831512}}
{"target": 0.6266916, "params": {"alpha": 0.4282542127878687, "lam": 0.46055606484113654, "max_depth": 5.0, "min_child_weight": 3.0}, "datetime": {"datetime": "2020-04-26 11:17:27", "elapsed": 496.329526, "delta": 0.810692}}
{"target": 0.6331207999999999, "params": {"alpha": 0.9379225835984591, "lam": 0.5378308505269455, "max_depth": 5.0, "min_child_weight": 3.0}, "datetime": {"datetime": "2020-04-26 11:17:28", "elapsed": 497.136903, "delta": 0.807377}}
{"target": 0.6241554, "params": {"alpha": 0.6138857689849464, "lam": 0.028242390247532168, "max_depth": 5.0, "min_child_weight": 3.0}, "datetime": {"datetime": "2020-04-26 11:17:29", "elapsed": 497.950395, "delta": 0.813492}}
{"target": 0.6484144, "params": {"alpha": 0.0, "lam": 1.0, "max_depth": 5.0, "min_child_weight": 3.0}, "datetime": {"datetime": "2020-04-26 11:17:30", "elapsed": 499.078377, "delta": 1.127982}}
{"target": 0.627168, "params": {"alpha": 0.9854542734943069, "lam": 0.010353151387939352, "max_depth": 5.0, "min_child_weight": 3.0}, "datetime": {"datetime": "2020-04-26 11:17:31", "elapsed": 500.151872, "delta": 1.073495}}
{"target": 0.6500958, "params": {"alpha": 0.9999999778916123, "lam": 1.0, "max_depth": 5.0, "min_child_weight": 3.0}, "datetime": {"datetime": "2020-04-26 11:17:32", "elapsed": 501.353257, "delta": 1.201385}}
{"target": 0.6260754000000001, "params": {"alpha": 0.0021171358122750172, "lam": 0.7724788231720561, "max_depth": 5.0, "min_child_weight": 3.0}, "datetime": {"datetime": "2020-04-26 11:17:33", "elapsed": 502.430235, "delta": 1.076978}}
{"target": 0.6260070000000001, "params": {"alpha": 0.0, "lam": 0.0, "max_depth": 5.0, "min_child_weight": 3.0}, "datetime": {"datetime": "2020-04-26 11:17:34", "elapsed": 503.476159, "delta": 1.045924}}
{"target": 0.6503642, "params": {"alpha": 0.2524545645295798, "lam": 0.9989646052317648, "max_depth": 5.0, "min_child_weight": 3.0}, "datetime": {"datetime": "2020-04-26 11:17:35", "elapsed": 504.722045, "delta": 1.245886}}
{"target": 0.6500962, "params": {"alpha": 0.8942749017009285, "lam": 0.9995394399732848, "max_depth": 5.0, "min_child_weight": 3.0}, "datetime": {"datetime": "2020-04-26 11:17:37", "elapsed": 505.993038, "delta": 1.270993}}
{"target": 0.6486765999999999, "params": {"alpha": 0.10406495890775636, "lam": 0.9974973241969197, "max_depth": 5.0, "min_child_weight": 3.0}, "datetime": {"datetime": "2020-04-26 11:17:38", "elapsed": 507.308895, "delta": 1.315857}}
{"target": 0.6340006, "params": {"alpha": 0.8270137131983271, "lam": 0.2539210889604806, "max_depth": 5.0, "min_child_weight": 3.0}, "datetime": {"datetime": "2020-04-26 11:17:39", "elapsed": 508.702748, "delta": 1.393853}}
{"target": 0.6500999999999999, "params": {"alpha": 0.34044647998647803, "lam": 0.9998737514781965, "max_depth": 5.0, "min_child_weight": 3.0}, "datetime": {"datetime": "2020-04-26 11:17:41", "elapsed": 510.22376, "delta": 1.521012}}
{"target": 0.650096, "params": {"alpha": 0.9845942414912644, "lam": 0.9996866821403583, "max_depth": 5.0, "min_child_weight": 3.0}, "datetime": {"datetime": "2020-04-26 11:17:42", "elapsed": 511.627113, "delta": 1.403353}}
{"target": 0.6500956, "params": {"alpha": 0.9180032763929985, "lam": 0.9985418612621166, "max_depth": 5.0, "min_child_weight": 3.0}, "datetime": {"datetime": "2020-04-26 11:17:44", "elapsed": 513.065716, "delta": 1.438603}}
{"target": 0.6501007999999999, "params": {"alpha": 0.24984878533309374, "lam": 0.99997234662784, "max_depth": 5.0, "min_child_weight": 3.0}, "datetime": {"datetime": "2020-04-26 11:17:45", "elapsed": 514.55909, "delta": 1.493374}}
{"target": 0.6500996, "params": {"alpha": 0.3851782550730418, "lam": 0.9994266133749563, "max_depth": 5.0, "min_child_weight": 3.0}, "datetime": {"datetime": "2020-04-26 11:17:47", "elapsed": 516.096803, "delta": 1.537713}}
{"target": 0.6500958, "params": {"alpha": 0.9999995567192684, "lam": 0.999999200384293, "max_depth": 5.0, "min_child_weight": 3.0}, "datetime": {"datetime": "2020-04-26 11:17:48", "elapsed": 517.571131, "delta": 1.474328}}
{"target": 0.6500954, "params": {"alpha": 0.946078138798658, "lam": 0.9984155311675388, "max_depth": 5.0, "min_child_weight": 3.0}, "datetime": {"datetime": "2020-04-26 11:17:50", "elapsed": 519.153123, "delta": 1.581992}}
{"target": 0.6501002, "params": {"alpha": 0.23357737179621185, "lam": 0.9994815264482019, "max_depth": 5.0, "min_child_weight": 3.0}, "datetime": {"datetime": "2020-04-26 11:17:52", "elapsed": 520.936621, "delta": 1.783498}}
{"target": 0.6501002, "params": {"alpha": 0.2918367851978265, "lam": 0.9996180735216832, "max_depth": 5.0, "min_child_weight": 3.0}, "datetime": {"datetime": "2020-04-26 11:17:53", "elapsed": 522.449958, "delta": 1.513337}}
{"target": 0.6501, "params": {"alpha": 0.3305188020293971, "lam": 0.9996137181361093, "max_depth": 5.0, "min_child_weight": 3.0}, "datetime": {"datetime": "2020-04-26 11:17:55", "elapsed": 524.059691, "delta": 1.609733}}
{"target": 0.6500958, "params": {"alpha": 0.9365502009468742, "lam": 0.9989797754265057, "max_depth": 5.0, "min_child_weight": 3.0}, "datetime": {"datetime": "2020-04-26 11:17:56", "elapsed": 525.807104, "delta": 1.747413}}
{"target": 0.6501008, "params": {"alpha": 0.1935089598843257, "lam": 0.9994800918667909, "max_depth": 5.0, "min_child_weight": 3.0}, "datetime": {"datetime": "2020-04-26 11:17:58", "elapsed": 527.518581, "delta": 1.711477}}
{"target": 0.6500958000000001, "params": {"alpha": 0.9538277183714059, "lam": 0.9993926273090095, "max_depth": 5.0, "min_child_weight": 3.0}, "datetime": {"datetime": "2020-04-26 11:18:00", "elapsed": 529.241564, "delta": 1.722983}}
{"target": 0.6320821999999999, "params": {"alpha": 0.3811889491045396, "lam": 0.8986803389540882, "max_depth": 5.0, "min_child_weight": 3.0}, "datetime": {"datetime": "2020-04-26 11:18:01", "elapsed": 530.799309, "delta": 1.557745}}
{"target": 0.6253458000000001, "params": {"alpha": 0.742742508652482, "lam": 0.5212968754149674, "max_depth": 5.0, "min_child_weight": 3.0}, "datetime": {"datetime": "2020-04-26 11:18:03", "elapsed": 532.676197, "delta": 1.876888}}
{"target": 0.6262911999999999, "params": {"alpha": 0.2345461544788503, "lam": 0.07649795503357026, "max_depth": 5.0, "min_child_weight": 3.0}, "datetime": {"datetime": "2020-04-26 11:18:05", "elapsed": 534.507729, "delta": 1.831532}}
{"target": 0.631576, "params": {"alpha": 0.999204135884955, "lam": 0.24053038252338066, "max_depth": 5.0, "min_child_weight": 3.0}, "datetime": {"datetime": "2020-04-26 11:18:07", "elapsed": 536.303279, "delta": 1.79555}}
{"target": 0.6500992, "params": {"alpha": 0.4557529627800926, "lam": 0.9997760586238492, "max_depth": 5.0, "min_child_weight": 3.0}, "datetime": {"datetime": "2020-04-26 11:18:09", "elapsed": 538.401469, "delta": 2.09819}}
{"target": 0.632021, "params": {"alpha": 0.9617042120815452, "lam": 0.9229365558427448, "max_depth": 5.0, "min_child_weight": 3.0}, "datetime": {"datetime": "2020-04-26 11:18:11", "elapsed": 540.554858, "delta": 2.153389}}
{"target": 0.6295613999999999, "params": {"alpha": 0.0012087339737612002, "lam": 0.16655767330534987, "max_depth": 5.0, "min_child_weight": 3.0}, "datetime": {"datetime": "2020-04-26 11:18:13", "elapsed": 542.498654, "delta": 1.943796}}
{"target": 0.6289374000000001, "params": {"alpha": 0.731090672727659, "lam": 0.7397252696470525, "max_depth": 5.0, "min_child_weight": 3.0}, "datetime": {"datetime": "2020-04-26 11:18:15", "elapsed": 544.374826, "delta": 1.876172}}
{"target": 0.6500988000000001, "params": {"alpha": 0.5025832417502385, "lam": 0.9999888228795635, "max_depth": 5.0, "min_child_weight": 3.0}, "datetime": {"datetime": "2020-04-26 11:18:17", "elapsed": 546.047619, "delta": 1.672793}}
{"target": 0.6500992, "params": {"alpha": 0.4291793376690176, "lam": 0.9994257435761834, "max_depth": 5.0, "min_child_weight": 3.0}, "datetime": {"datetime": "2020-04-26 11:18:18", "elapsed": 547.879606, "delta": 1.831987}}
{"target": 0.6500964, "params": {"alpha": 0.844831228097253, "lam": 0.9990944464752937, "max_depth": 5.0, "min_child_weight": 3.0}, "datetime": {"datetime": "2020-04-26 11:18:20", "elapsed": 549.833387, "delta": 1.953781}}
{"target": 0.6500968, "params": {"alpha": 0.8748993793578631, "lam": 0.9997000398108927, "max_depth": 5.0, "min_child_weight": 3.0}, "datetime": {"datetime": "2020-04-26 11:18:22", "elapsed": 551.584964, "delta": 1.751577}}
{"target": 0.6500986, "params": {"alpha": 0.5404844166950425, "lam": 0.9997425687511187, "max_depth": 5.0, "min_child_weight": 3.0}, "datetime": {"datetime": "2020-04-26 11:18:24", "elapsed": 553.457842, "delta": 1.872878}}
{"target": 0.6501007999999999, "params": {"alpha": 0.14454285865572636, "lam": 0.99947696244217, "max_depth": 5.0, "min_child_weight": 3.0}, "datetime": {"datetime": "2020-04-26 11:18:26", "elapsed": 555.341406, "delta": 1.883564}}
{"target": 0.6500988000000001, "params": {"alpha": 0.4818781993020852, "lam": 0.9991322989748723, "max_depth": 5.0, "min_child_weight": 3.0}, "datetime": {"datetime": "2020-04-26 11:18:28", "elapsed": 557.050265, "delta": 1.708859}}
{"target": 0.6500962, "params": {"alpha": 0.9193096159708841, "lam": 0.9994470203221377, "max_depth": 5.0, "min_child_weight": 3.0}, "datetime": {"datetime": "2020-04-26 11:18:30", "elapsed": 559.038461, "delta": 1.988196}}
{"target": 0.6500988, "params": {"alpha": 0.48788295520319047, "lam": 0.9996806699074904, "max_depth": 5.0, "min_child_weight": 3.0}, "datetime": {"datetime": "2020-04-26 11:18:32", "elapsed": 560.942882, "delta": 1.904421}}
{"target": 0.6500964, "params": {"alpha": 0.9263684163987241, "lam": 0.9998449749841384, "max_depth": 5.0, "min_child_weight": 3.0}, "datetime": {"datetime": "2020-04-26 11:18:33", "elapsed": 562.77745, "delta": 1.834568}}
{"target": 0.6501012, "params": {"alpha": 0.1689148177503198, "lam": 0.9999019951175332, "max_depth": 5.0, "min_child_weight": 3.0}, "datetime": {"datetime": "2020-04-26 11:18:35", "elapsed": 564.660017, "delta": 1.882567}}
{"target": 0.6500958, "params": {"alpha": 0.9999999999998332, "lam": 0.9999998711488499, "max_depth": 5.0, "min_child_weight": 3.0}, "datetime": {"datetime": "2020-04-26 11:18:37", "elapsed": 566.519641, "delta": 1.859624}}
{"target": 0.6500999999999999, "params": {"alpha": 0.2758915562866877, "lam": 0.9994973938994367, "max_depth": 5.0, "min_child_weight": 3.0}, "datetime": {"datetime": "2020-04-26 11:18:39", "elapsed": 568.256673, "delta": 1.737032}}
{"target": 0.6500996000000001, "params": {"alpha": 0.3922043590720765, "lam": 0.9992668031982801, "max_depth": 5.0, "min_child_weight": 3.0}, "datetime": {"datetime": "2020-04-26 11:18:41", "elapsed": 570.156182, "delta": 1.899509}}
{"target": 0.6501018000000001, "params": {"alpha": 0.0643921850372361, "lam": 0.9999919211068083, "max_depth": 5.0, "min_child_weight": 3.0}, "datetime": {"datetime": "2020-04-26 11:18:43", "elapsed": 572.081089, "delta": 1.924907}}
{"target": 0.6500998, "params": {"alpha": 0.33819549641352853, "lam": 0.999563641067353, "max_depth": 5.0, "min_child_weight": 3.0}, "datetime": {"datetime": "2020-04-26 11:18:44", "elapsed": 573.808206, "delta": 1.727117}}
{"target": 0.6500994, "params": {"alpha": 0.4224542333004887, "lam": 0.9998823129543565, "max_depth": 5.0, "min_child_weight": 3.0}, "datetime": {"datetime": "2020-04-26 11:18:47", "elapsed": 576.014053, "delta": 2.205847}}
{"target": 0.6500968, "params": {"alpha": 0.8502167491990972, "lam": 0.9998472691216266, "max_depth": 5.0, "min_child_weight": 3.0}, "datetime": {"datetime": "2020-04-26 11:18:48", "elapsed": 577.900581, "delta": 1.886528}}
{"target": 0.6500996000000001, "params": {"alpha": 0.4050207402247795, "lam": 0.9999388225488578, "max_depth": 5.0, "min_child_weight": 3.0}, "datetime": {"datetime": "2020-04-26 11:18:50", "elapsed": 579.651291, "delta": 1.75071}}
{"target": 0.6500961999999999, "params": {"alpha": 0.8961086832156124, "lam": 0.9991769837814242, "max_depth": 5.0, "min_child_weight": 3.0}, "datetime": {"datetime": "2020-04-26 11:18:52", "elapsed": 581.673918, "delta": 2.022627}}
{"target": 0.6501006, "params": {"alpha": 0.23207568106337595, "lam": 0.999937476614395, "max_depth": 5.0, "min_child_weight": 3.0}, "datetime": {"datetime": "2020-04-26 11:18:54", "elapsed": 583.686148, "delta": 2.01223}}
{"target": 0.6500984, "params": {"alpha": 0.5584453959593166, "lam": 0.9997937929047986, "max_depth": 5.0, "min_child_weight": 3.0}, "datetime": {"datetime": "2020-04-26 11:18:57", "elapsed": 585.919807, "delta": 2.233659}}
{"target": 0.6501013999999999, "params": {"alpha": 0.11559893125086251, "lam": 0.9995935744169117, "max_depth": 5.0, "min_child_weight": 3.0}, "datetime": {"datetime": "2020-04-26 11:18:58", "elapsed": 587.744942, "delta": 1.825135}}
{"target": 0.6500962, "params": {"alpha": 0.9454122342055497, "lam": 0.9998718285750031, "max_depth": 5.0, "min_child_weight": 3.0}, "datetime": {"datetime": "2020-04-26 11:19:00", "elapsed": 589.528446, "delta": 1.783504}}
{"target": 0.6500988, "params": {"alpha": 0.4883269557458454, "lam": 0.9996700840389016, "max_depth": 5.0, "min_child_weight": 3.0}, "datetime": {"datetime": "2020-04-26 11:19:02", "elapsed": 591.687905, "delta": 2.159459}}
{"target": 0.6500958, "params": {"alpha": 1.0, "lam": 1.0, "max_depth": 5.0, "min_child_weight": 3.0}, "datetime": {"datetime": "2020-04-26 11:19:04", "elapsed": 593.646532, "delta": 1.958627}}
{"target": 0.6500999999999999, "params": {"alpha": 0.306382456026017, "lam": 0.9999543267863541, "max_depth": 5.0, "min_child_weight": 3.0}, "datetime": {"datetime": "2020-04-26 11:19:06", "elapsed": 595.87592, "delta": 2.229388}}
{"target": 0.6500962, "params": {"alpha": 0.9335917053393957, "lam": 0.999541826115126, "max_depth": 5.0, "min_child_weight": 3.0}, "datetime": {"datetime": "2020-04-26 11:19:08", "elapsed": 597.781335, "delta": 1.905415}}
{"target": 0.6500988, "params": {"alpha": 0.49238156725370796, "lam": 0.9994941519696138, "max_depth": 5.0, "min_child_weight": 3.0}, "datetime": {"datetime": "2020-04-26 11:19:10", "elapsed": 599.681481, "delta": 1.900146}}
{"target": 0.6500966, "params": {"alpha": 0.8903317753923421, "lam": 0.9999313267912068, "max_depth": 5.0, "min_child_weight": 3.0}, "datetime": {"datetime": "2020-04-26 11:19:12", "elapsed": 601.624379, "delta": 1.942898}}
{"target": 0.6501013999999999, "params": {"alpha": 0.11587530555638526, "lam": 0.9997105214770874, "max_depth": 5.0, "min_child_weight": 3.0}, "datetime": {"datetime": "2020-04-26 11:19:14", "elapsed": 603.558574, "delta": 1.934195}}
{"target": 0.650101, "params": {"alpha": 0.1642341125586555, "lam": 0.9996724741923748, "max_depth": 5.0, "min_child_weight": 3.0}, "datetime": {"datetime": "2020-04-26 11:19:16", "elapsed": 605.581182, "delta": 2.022608}}
{"target": 0.6500962, "params": {"alpha": 0.9366825763711868, "lam": 0.9999443601268375, "max_depth": 5.0, "min_child_weight": 3.0}, "datetime": {"datetime": "2020-04-26 11:19:18", "elapsed": 607.392063, "delta": 1.810881}}
{"target": 0.6500992, "params": {"alpha": 0.4588153497434878, "lam": 0.9997071715246854, "max_depth": 5.0, "min_child_weight": 3.0}, "datetime": {"datetime": "2020-04-26 11:19:20", "elapsed": 609.171416, "delta": 1.779353}}
{"target": 0.6500986, "params": {"alpha": 0.5473022226608963, "lam": 0.9998403782843113, "max_depth": 5.0, "min_child_weight": 3.0}, "datetime": {"datetime": "2020-04-26 11:19:22", "elapsed": 611.088608, "delta": 1.917192}}
{"target": 0.6501006, "params": {"alpha": 0.2011375265391664, "lam": 0.9994209576023008, "max_depth": 5.0, "min_child_weight": 3.0}, "datetime": {"datetime": "2020-04-26 11:19:24", "elapsed": 612.977333, "delta": 1.888725}}
{"target": 0.6500966, "params": {"alpha": 0.8884294088121998, "lam": 0.9999794361999027, "max_depth": 5.0, "min_child_weight": 3.0}, "datetime": {"datetime": "2020-04-26 11:19:25", "elapsed": 614.758306, "delta": 1.780973}}
{"target": 0.6500998, "params": {"alpha": 0.36269732353095663, "lam": 0.9996080709800182, "max_depth": 5.0, "min_child_weight": 3.0}, "datetime": {"datetime": "2020-04-26 11:19:27", "elapsed": 616.577816, "delta": 1.81951}}
{"target": 0.650099, "params": {"alpha": 0.5032139924419872, "lam": 0.9999087577932695, "max_depth": 5.0, "min_child_weight": 3.0}, "datetime": {"datetime": "2020-04-26 11:19:29", "elapsed": 618.67883, "delta": 2.101014}}
