{"target": 0.6484144, "params": {"max_depth": 4.797727179919841, "min_child_weight": 3.24036632313642}, "datetime": {"datetime": "2020-04-26 11:11:53", "elapsed": 162.799772, "delta": 1.692781}}
{"target": 0.6484144, "params": {"max_depth": 4.964702342283976, "min_child_weight": 3.3016538399987487}, "datetime": {"datetime": "2020-04-26 11:11:55", "elapsed": 164.497865, "delta": 1.698093}}
{"target": 0.6484144, "params": {"max_depth": 5.010876839860304, "min_child_weight": 3.178044853650222}, "datetime": {"datetime": "2020-04-26 11:11:57", "elapsed": 166.313533, "delta": 1.815668}}
{"target": 0.6484144, "params": {"max_depth": 5.057892903226243, "min_child_weight": 3.2572083035617014}, "datetime": {"datetime": "2020-04-26 11:11:59", "elapsed": 168.133512, "delta": 1.819979}}
{"target": 0.6484144, "params": {"max_depth": 5.149621919013786, "min_child_weight": 3.265107058706667}, "datetime": {"datetime": "2020-04-26 11:12:00", "elapsed": 169.863799, "delta": 1.730287}}
{"target": 0.6484144, "params": {"max_depth": 4.975438901728127, "min_child_weight": 3.302126875998701}, "datetime": {"datetime": "2020-04-26 11:12:02", "elapsed": 171.635677, "delta": 1.771878}}
{"target": 0.6461694000000001, "params": {"max_depth": 9.36396836874967, "min_child_weight": 9.147127559853018}, "datetime": {"datetime": "2020-04-26 11:12:04", "elapsed": 173.642768, "delta": 2.007091}}
{"target": 0.6484144, "params": {"max_depth": 4.97286753372975, "min_child_weight": 3.3189946458343376}, "datetime": {"datetime": "2020-04-26 11:12:06", "elapsed": 175.402703, "delta": 1.759935}}
{"target": 0.6484144, "params": {"max_depth": 4.974630074921395, "min_child_weight": 3.212688078853113}, "datetime": {"datetime": "2020-04-26 11:12:08", "elapsed": 177.450663, "delta": 2.04796}}
{"target": 0.6484144, "params": {"max_depth": 4.763833142273696, "min_child_weight": 3.2996534028606916}, "datetime": {"datetime": "2020-04-26 11:12:10", "elapsed": 179.252475, "delta": 1.801812}}
{"target": 0.6484144, "params": {"max_depth": 5.036914202989124, "min_child_weight": 3.2258304789059724}, "datetime": {"datetime": "2020-04-26 11:12:12", "elapsed": 181.120141, "delta": 1.867666}}
{"target": 0.6484144, "params": {"max_depth": 5.070823927747844, "min_child_weight": 3.3152115988741886}, "datetime": {"datetime": "2020-04-26 11:12:14", "elapsed": 182.967644, "delta": 1.847503}}
{"target": 0.6484144, "params": {"max_depth": 4.958982408077249, "min_child_weight": 3.313193414663121}, "datetime": {"datetime": "2020-04-26 11:12:15", "elapsed": 184.857777, "delta": 1.890133}}
{"target": 0.6484144, "params": {"max_depth": 4.9703393575965045, "min_child_weight": 3.265194333429023}, "datetime": {"datetime": "2020-04-26 11:12:17", "elapsed": 186.579415, "delta": 1.721638}}
{"target": 0.6484144, "params": {"max_depth": 4.826517296138039, "min_child_weight": 3.224465098563834}, "datetime": {"datetime": "2020-04-26 11:12:19", "elapsed": 188.303366, "delta": 1.723951}}
{"target": 0.6484144, "params": {"max_depth": 5.106617952550914, "min_child_weight": 3.3036732836012037}, "datetime": {"datetime": "2020-04-26 11:12:21", "elapsed": 190.31338, "delta": 2.010014}}
{"target": 0.6484144, "params": {"max_depth": 4.874458417020028, "min_child_weight": 3.287019419536966}, "datetime": {"datetime": "2020-04-26 11:12:23", "elapsed": 192.104433, "delta": 1.791053}}
{"target": 0.6484144, "params": {"max_depth": 4.964720760867099, "min_child_weight": 3.2888996001370283}, "datetime": {"datetime": "2020-04-26 11:12:25", "elapsed": 193.993673, "delta": 1.88924}}
{"target": 0.6484144, "params": {"max_depth": 4.971531731317263, "min_child_weight": 3.3327667027991152}, "datetime": {"datetime": "2020-04-26 11:12:26", "elapsed": 195.767965, "delta": 1.774292}}
{"target": 0.6484144, "params": {"max_depth": 5.104579916621643, "min_child_weight": 3.2879187858308105}, "datetime": {"datetime": "2020-04-26 11:12:28", "elapsed": 197.876361, "delta": 2.108396}}
{"target": 0.6484144, "params": {"max_depth": 5.076924173063779, "min_child_weight": 3.202018945419946}, "datetime": {"datetime": "2020-04-26 11:12:30", "elapsed": 199.743251, "delta": 1.86689}}
{"target": 0.6484144, "params": {"max_depth": 5.084771139021875, "min_child_weight": 3.257101687432897}, "datetime": {"datetime": "2020-04-26 11:12:32", "elapsed": 201.617772, "delta": 1.874521}}
{"target": 0.6484144, "params": {"max_depth": 5.077916118111113, "min_child_weight": 3.2387450647078033}, "datetime": {"datetime": "2020-04-26 11:12:34", "elapsed": 203.508766, "delta": 1.890994}}
{"target": 0.6484144, "params": {"max_depth": 4.868712119878241, "min_child_weight": 3.303015493496697}, "datetime": {"datetime": "2020-04-26 11:12:36", "elapsed": 205.260841, "delta": 1.752075}}
{"target": 0.6484144, "params": {"max_depth": 4.981198113611722, "min_child_weight": 3.237262202855723}, "datetime": {"datetime": "2020-04-26 11:12:38", "elapsed": 207.062679, "delta": 1.801838}}
{"target": 0.6484144, "params": {"max_depth": 4.841493444523611, "min_child_weight": 3.2869504095458115}, "datetime": {"datetime": "2020-04-26 11:12:40", "elapsed": 209.176053, "delta": 2.113374}}
{"target": 0.6484144, "params": {"max_depth": 4.91282709797218, "min_child_weight": 3.2171467244473737}, "datetime": {"datetime": "2020-04-26 11:12:42", "elapsed": 211.18105, "delta": 2.004997}}
{"target": 0.6484144, "params": {"max_depth": 4.94120756990292, "min_child_weight": 3.3371057252871625}, "datetime": {"datetime": "2020-04-26 11:12:44", "elapsed": 213.231573, "delta": 2.050523}}
{"target": 0.6484144, "params": {"max_depth": 4.931037367116993, "min_child_weight": 3.2881846112559465}, "datetime": {"datetime": "2020-04-26 11:12:46", "elapsed": 215.06345, "delta": 1.831877}}
{"target": 0.6484144, "params": {"max_depth": 5.018566385378083, "min_child_weight": 3.293923980703279}, "datetime": {"datetime": "2020-04-26 11:12:48", "elapsed": 217.260887, "delta": 2.197437}}
{"target": 0.6484144, "params": {"max_depth": 5.0322615752976665, "min_child_weight": 3.190964342626707}, "datetime": {"datetime": "2020-04-26 11:12:50", "elapsed": 218.982376, "delta": 1.721489}}
{"target": 0.6484144, "params": {"max_depth": 5.072238818103715, "min_child_weight": 3.294430822132787}, "datetime": {"datetime": "2020-04-26 11:12:52", "elapsed": 220.99569, "delta": 2.013314}}
{"target": 0.6484144, "params": {"max_depth": 4.874422957576053, "min_child_weight": 3.2257004638073763}, "datetime": {"datetime": "2020-04-26 11:12:54", "elapsed": 223.147798, "delta": 2.152108}}
{"target": 0.6293398, "params": {"max_depth": 9.996246390285243, "min_child_weight": 7.896469160652479}, "datetime": {"datetime": "2020-04-26 11:12:56", "elapsed": 225.645833, "delta": 2.498035}}
{"target": 0.6363366, "params": {"max_depth": 5.758720988870204, "min_child_weight": 9.995782442887258}, "datetime": {"datetime": "2020-04-26 11:12:58", "elapsed": 227.618589, "delta": 1.972756}}
{"target": 0.6408421999999999, "params": {"max_depth": 5.567584317922117, "min_child_weight": 3.3640445170364535}, "datetime": {"datetime": "2020-04-26 11:13:00", "elapsed": 229.557623, "delta": 1.939034}}
{"target": 0.6344196, "params": {"max_depth": 4.590949743602989, "min_child_weight": 3.562918116204661}, "datetime": {"datetime": "2020-04-26 11:13:02", "elapsed": 231.570715, "delta": 2.013092}}
{"target": 0.6030172, "params": {"max_depth": 3.0048174654120943, "min_child_weight": 7.229432879593083}, "datetime": {"datetime": "2020-04-26 11:13:04", "elapsed": 233.452823, "delta": 1.882108}}
{"target": 0.6397077999999999, "params": {"max_depth": 5.832368675649368, "min_child_weight": 5.545518560919735}, "datetime": {"datetime": "2020-04-26 11:13:06", "elapsed": 235.362866, "delta": 1.910043}}
{"target": 0.6279406, "params": {"max_depth": 8.001471849383933, "min_child_weight": 6.340178466599861}, "datetime": {"datetime": "2020-04-26 11:13:08", "elapsed": 237.723071, "delta": 2.360205}}
{"target": 0.6284442, "params": {"max_depth": 7.536649394861515, "min_child_weight": 7.96612332110883}, "datetime": {"datetime": "2020-04-26 11:13:11", "elapsed": 239.947731, "delta": 2.22466}}
{"target": 0.6433128, "params": {"max_depth": 6.6279811288689405, "min_child_weight": 9.244168126504736}, "datetime": {"datetime": "2020-04-26 11:13:13", "elapsed": 241.956342, "delta": 2.008611}}
{"target": 0.6432156, "params": {"max_depth": 6.045641047538279, "min_child_weight": 8.653052892984512}, "datetime": {"datetime": "2020-04-26 11:13:15", "elapsed": 244.187188, "delta": 2.230846}}
{"target": 0.6357974, "params": {"max_depth": 5.429519096120565, "min_child_weight": 6.492532111853425}, "datetime": {"datetime": "2020-04-26 11:13:17", "elapsed": 246.283022, "delta": 2.095834}}
{"target": 0.6484144, "params": {"max_depth": 4.556555408346889, "min_child_weight": 2.8843535605371646}, "datetime": {"datetime": "2020-04-26 11:13:19", "elapsed": 248.230111, "delta": 1.947089}}
{"target": 0.6174945999999999, "params": {"max_depth": 6.939258646423846, "min_child_weight": 5.4525355549690255}, "datetime": {"datetime": "2020-04-26 11:13:21", "elapsed": 250.231048, "delta": 2.000937}}
{"target": 0.6141306, "params": {"max_depth": 8.641910175554326, "min_child_weight": 3.626572229428203}, "datetime": {"datetime": "2020-04-26 11:13:23", "elapsed": 252.821715, "delta": 2.590667}}
{"target": 0.6236164000000001, "params": {"max_depth": 9.120453720296783, "min_child_weight": 6.340323604770486}, "datetime": {"datetime": "2020-04-26 11:13:26", "elapsed": 255.29997, "delta": 2.478255}}
{"target": 0.6227486000000001, "params": {"max_depth": 4.262725504734918, "min_child_weight": 9.50485592637092}, "datetime": {"datetime": "2020-04-26 11:13:28", "elapsed": 257.253535, "delta": 1.953565}}
{"target": 0.6393867999999999, "params": {"max_depth": 4.666868736060485, "min_child_weight": 1.000776798989989}, "datetime": {"datetime": "2020-04-26 11:13:30", "elapsed": 259.143758, "delta": 1.890223}}
{"target": 0.6184860000000001, "params": {"max_depth": 3.9168020123064484, "min_child_weight": 1.844731609509827}, "datetime": {"datetime": "2020-04-26 11:13:32", "elapsed": 261.179759, "delta": 2.036001}}
{"target": 0.6259222000000001, "params": {"max_depth": 4.375268269137807, "min_child_weight": 7.368326664165124}, "datetime": {"datetime": "2020-04-26 11:13:34", "elapsed": 263.503545, "delta": 2.323786}}
{"target": 0.6357974, "params": {"max_depth": 5.049980356496121, "min_child_weight": 5.53385090456404}, "datetime": {"datetime": "2020-04-26 11:13:36", "elapsed": 265.414575, "delta": 1.91103}}
{"target": 0.6366685999999999, "params": {"max_depth": 5.200842021117138, "min_child_weight": 8.80471599309561}, "datetime": {"datetime": "2020-04-26 11:13:38", "elapsed": 267.671011, "delta": 2.256436}}
{"target": 0.6419294, "params": {"max_depth": 7.55914303708204, "min_child_weight": 9.997104501273654}, "datetime": {"datetime": "2020-04-26 11:13:41", "elapsed": 269.99595, "delta": 2.324939}}
{"target": 0.6238319999999999, "params": {"max_depth": 5.783357695151503, "min_child_weight": 4.650398505634124}, "datetime": {"datetime": "2020-04-26 11:13:43", "elapsed": 272.081831, "delta": 2.085881}}
{"target": 0.6303097999999999, "params": {"max_depth": 7.444507721459578, "min_child_weight": 3.7048439066713725}, "datetime": {"datetime": "2020-04-26 11:13:45", "elapsed": 274.194915, "delta": 2.113084}}
{"target": 0.5942738000000001, "params": {"max_depth": 9.98707518351894, "min_child_weight": 2.3408314500749623}, "datetime": {"datetime": "2020-04-26 11:13:48", "elapsed": 277.570375, "delta": 3.37546}}
{"target": 0.6390513999999999, "params": {"max_depth": 9.272456589968328, "min_child_weight": 9.990248235379928}, "datetime": {"datetime": "2020-04-26 11:13:51", "elapsed": 279.92251, "delta": 2.352135}}
{"target": 0.6356678, "params": {"max_depth": 6.383634738500759, "min_child_weight": 7.755523501190128}, "datetime": {"datetime": "2020-04-26 11:13:53", "elapsed": 282.743678, "delta": 2.821168}}
{"target": 0.6434684, "params": {"max_depth": 9.99907309488701, "min_child_weight": 9.483323735185609}, "datetime": {"datetime": "2020-04-26 11:13:56", "elapsed": 285.483666, "delta": 2.739988}}
{"target": 0.6390513999999999, "params": {"max_depth": 8.732484757523903, "min_child_weight": 9.512302159945053}, "datetime": {"datetime": "2020-04-26 11:13:59", "elapsed": 288.580348, "delta": 3.096682}}
{"target": 0.6461694000000001, "params": {"max_depth": 8.615453179566641, "min_child_weight": 8.606706407845774}, "datetime": {"datetime": "2020-04-26 11:14:02", "elapsed": 291.05978, "delta": 2.479432}}
{"target": 0.625424, "params": {"max_depth": 3.685406684202963, "min_child_weight": 6.091054877925933}, "datetime": {"datetime": "2020-04-26 11:14:03", "elapsed": 292.880628, "delta": 1.820848}}
{"target": 0.6204322, "params": {"max_depth": 4.370333319907899, "min_child_weight": 2.938011569143086}, "datetime": {"datetime": "2020-04-26 11:14:06", "elapsed": 295.005655, "delta": 2.125027}}
{"target": 0.6064664000000001, "params": {"max_depth": 8.345907958220353, "min_child_weight": 1.074042078325803}, "datetime": {"datetime": "2020-04-26 11:14:09", "elapsed": 298.020265, "delta": 3.01461}}
{"target": 0.603758, "params": {"max_depth": 3.0547613004308607, "min_child_weight": 8.820662760645813}, "datetime": {"datetime": "2020-04-26 11:14:10", "elapsed": 299.914184, "delta": 1.893919}}
{"target": 0.5956977999999999, "params": {"max_depth": 8.793379904887423, "min_child_weight": 2.0847071957701715}, "datetime": {"datetime": "2020-04-26 11:14:13", "elapsed": 302.892727, "delta": 2.978543}}
{"target": 0.6276526, "params": {"max_depth": 9.416376917560719, "min_child_weight": 4.809135092831005}, "datetime": {"datetime": "2020-04-26 11:14:16", "elapsed": 305.900335, "delta": 3.007608}}
{"target": 0.599179, "params": {"max_depth": 3.048191726222725, "min_child_weight": 1.7580674509657634}, "datetime": {"datetime": "2020-04-26 11:14:19", "elapsed": 308.103417, "delta": 2.203082}}
{"target": 0.6196151999999999, "params": {"max_depth": 7.149776124303924, "min_child_weight": 1.4226965996517364}, "datetime": {"datetime": "2020-04-26 11:14:21", "elapsed": 310.208258, "delta": 2.104841}}
{"target": 0.604073, "params": {"max_depth": 3.0052460282862157, "min_child_weight": 6.149539066130971}, "datetime": {"datetime": "2020-04-26 11:14:23", "elapsed": 312.762119, "delta": 2.553861}}
{"target": 0.6219692, "params": {"max_depth": 3.9338504187183023, "min_child_weight": 1.0080416853518168}, "datetime": {"datetime": "2020-04-26 11:14:26", "elapsed": 315.411711, "delta": 2.649592}}
{"target": 0.631118, "params": {"max_depth": 9.979924251180726, "min_child_weight": 6.894968054832357}, "datetime": {"datetime": "2020-04-26 11:14:29", "elapsed": 318.439765, "delta": 3.028054}}
{"target": 0.6043588, "params": {"max_depth": 3.0097953098371955, "min_child_weight": 4.1020655570346864}, "datetime": {"datetime": "2020-04-26 11:14:32", "elapsed": 321.059513, "delta": 2.619748}}
{"target": 0.6164864, "params": {"max_depth": 9.993249057834069, "min_child_weight": 4.591808884579571}, "datetime": {"datetime": "2020-04-26 11:14:35", "elapsed": 324.512143, "delta": 3.45263}}
{"target": 0.6227486000000001, "params": {"max_depth": 3.71139062985687, "min_child_weight": 9.978331277348047}, "datetime": {"datetime": "2020-04-26 11:14:38", "elapsed": 326.982589, "delta": 2.470446}}
{"target": 0.6135619999999999, "params": {"max_depth": 7.879992862315072, "min_child_weight": 4.291477380887226}, "datetime": {"datetime": "2020-04-26 11:14:41", "elapsed": 330.095189, "delta": 3.1126}}
{"target": 0.6368668, "params": {"max_depth": 6.663744205894665, "min_child_weight": 3.294979362109091}, "datetime": {"datetime": "2020-04-26 11:14:43", "elapsed": 332.311763, "delta": 2.216574}}
{"target": 0.6215295999999999, "params": {"max_depth": 3.683378784361411, "min_child_weight": 8.012054267135447}, "datetime": {"datetime": "2020-04-26 11:14:45", "elapsed": 334.532428, "delta": 2.220665}}
{"target": 0.6340136, "params": {"max_depth": 4.54161565961174, "min_child_weight": 1.5007535496562392}, "datetime": {"datetime": "2020-04-26 11:14:48", "elapsed": 337.443139, "delta": 2.910711}}
{"target": 0.6236164000000001, "params": {"max_depth": 8.711741205088558, "min_child_weight": 5.564121015543827}, "datetime": {"datetime": "2020-04-26 11:14:51", "elapsed": 340.526111, "delta": 3.082972}}
{"target": 0.6318164, "params": {"max_depth": 6.464895100989522, "min_child_weight": 2.0233498689142144}, "datetime": {"datetime": "2020-04-26 11:14:54", "elapsed": 343.242451, "delta": 2.71634}}
{"target": 0.6367276000000001, "params": {"max_depth": 8.139245210807772, "min_child_weight": 7.164613745026966}, "datetime": {"datetime": "2020-04-26 11:14:57", "elapsed": 346.616778, "delta": 3.374327}}
{"target": 0.6484144, "params": {"max_depth": 4.885731279717124, "min_child_weight": 2.6149174063401652}, "datetime": {"datetime": "2020-04-26 11:15:00", "elapsed": 349.166627, "delta": 2.549849}}
{"target": 0.6311198, "params": {"max_depth": 7.3307728472690314, "min_child_weight": 7.072768182210439}, "datetime": {"datetime": "2020-04-26 11:15:02", "elapsed": 351.820366, "delta": 2.653739}}
{"target": 0.6228393999999999, "params": {"max_depth": 4.232977744493379, "min_child_weight": 5.396076056237688}, "datetime": {"datetime": "2020-04-26 11:15:05", "elapsed": 354.516563, "delta": 2.696197}}
{"target": 0.6300454, "params": {"max_depth": 9.32179941643071, "min_child_weight": 7.268034036801215}, "datetime": {"datetime": "2020-04-26 11:15:08", "elapsed": 357.583297, "delta": 3.066734}}
{"target": 0.6397077999999999, "params": {"max_depth": 6.005662245022261, "min_child_weight": 6.092659233790151}, "datetime": {"datetime": "2020-04-26 11:15:11", "elapsed": 360.7845, "delta": 3.201203}}
{"target": 0.639735, "params": {"max_depth": 7.138317537926751, "min_child_weight": 9.513705780993178}, "datetime": {"datetime": "2020-04-26 11:15:14", "elapsed": 363.71914, "delta": 2.93464}}
{"target": 0.6411648, "params": {"max_depth": 5.895629584089311, "min_child_weight": 7.168344680943249}, "datetime": {"datetime": "2020-04-26 11:15:17", "elapsed": 366.556584, "delta": 2.837444}}
{"target": 0.6393867999999999, "params": {"max_depth": 5.1967263273583075, "min_child_weight": 1.0097404056734276}, "datetime": {"datetime": "2020-04-26 11:15:20", "elapsed": 368.931869, "delta": 2.375285}}
{"target": 0.6484144, "params": {"max_depth": 4.786189722903018, "min_child_weight": 2.853328975779186}, "datetime": {"datetime": "2020-04-26 11:15:22", "elapsed": 371.663022, "delta": 2.731153}}
{"target": 0.6433128, "params": {"max_depth": 7.249590394965488, "min_child_weight": 8.857652160764978}, "datetime": {"datetime": "2020-04-26 11:15:26", "elapsed": 375.011059, "delta": 3.348037}}
{"target": 0.6461694000000001, "params": {"max_depth": 8.933297073730508, "min_child_weight": 8.590648840711296}, "datetime": {"datetime": "2020-04-26 11:15:29", "elapsed": 378.60665, "delta": 3.595591}}
{"target": 0.6434684, "params": {"max_depth": 9.742672699614605, "min_child_weight": 9.129758306770734}, "datetime": {"datetime": "2020-04-26 11:15:32", "elapsed": 381.747015, "delta": 3.140365}}
{"target": 0.6399627999999999, "params": {"max_depth": 5.2604246429647805, "min_child_weight": 9.545628445838538}, "datetime": {"datetime": "2020-04-26 11:15:35", "elapsed": 384.703758, "delta": 2.956743}}
{"target": 0.6393713999999999, "params": {"max_depth": 8.070783241634746, "min_child_weight": 8.61496450092216}, "datetime": {"datetime": "2020-04-26 11:15:38", "elapsed": 387.405413, "delta": 2.701655}}
{"target": 0.6303097999999999, "params": {"max_depth": 6.832418599744543, "min_child_weight": 3.782735986789217}, "datetime": {"datetime": "2020-04-26 11:15:41", "elapsed": 390.656327, "delta": 3.250914}}
{"target": 0.6408421999999999, "params": {"max_depth": 6.2745762637342715, "min_child_weight": 2.760258984427279}, "datetime": {"datetime": "2020-04-26 11:15:44", "elapsed": 393.593697, "delta": 2.93737}}
{"target": 0.6484144, "params": {"max_depth": 4.7891582203534435, "min_child_weight": 2.885834767646063}, "datetime": {"datetime": "2020-04-26 11:15:47", "elapsed": 396.747475, "delta": 3.153778}}
{"target": 0.6432156, "params": {"max_depth": 6.257772165400591, "min_child_weight": 8.987463098920944}, "datetime": {"datetime": "2020-04-26 11:15:50", "elapsed": 399.233501, "delta": 2.486026}}
{"target": 0.6484144, "params": {"max_depth": 4.714241473497966, "min_child_weight": 2.5181045396108837}, "datetime": {"datetime": "2020-04-26 11:15:52", "elapsed": 401.846769, "delta": 2.613268}}
{"target": 0.6484144, "params": {"max_depth": 4.7599656461447015, "min_child_weight": 2.744980319913873}, "datetime": {"datetime": "2020-04-26 11:15:55", "elapsed": 404.601547, "delta": 2.754778}}
{"target": 0.6461694000000001, "params": {"max_depth": 9.023010674252866, "min_child_weight": 8.875383000529261}, "datetime": {"datetime": "2020-04-26 11:15:58", "elapsed": 407.822046, "delta": 3.220499}}
{"target": 0.636115, "params": {"max_depth": 9.424364432035697, "min_child_weight": 8.30557714709488}, "datetime": {"datetime": "2020-04-26 11:16:02", "elapsed": 411.549644, "delta": 3.727598}}
{"target": 0.6484144, "params": {"max_depth": 4.761447439678297, "min_child_weight": 3.019537533520108}, "datetime": {"datetime": "2020-04-26 11:16:05", "elapsed": 414.552324, "delta": 3.00268}}
{"target": 0.6484144, "params": {"max_depth": 4.78961653495347, "min_child_weight": 2.7628378148661232}, "datetime": {"datetime": "2020-04-26 11:16:08", "elapsed": 416.979899, "delta": 2.427575}}
{"target": 0.6393713999999999, "params": {"max_depth": 8.46134668549495, "min_child_weight": 8.92624492594796}, "datetime": {"datetime": "2020-04-26 11:16:10", "elapsed": 419.617285, "delta": 2.637386}}
{"target": 0.6284442, "params": {"max_depth": 8.42066537355511, "min_child_weight": 8.237904439219594}, "datetime": {"datetime": "2020-04-26 11:16:14", "elapsed": 422.984258, "delta": 3.366973}}
