{"target": 0.6484144, "params": {"max_depth": 5.408121866005374, "min_child_weight": 3.1330466514442383}, "datetime": {"datetime": "2020-04-24 23:59:21", "elapsed": 422.977603, "delta": 3.538387}}
{"target": 0.6253022, "params": {"max_depth": 8.288606044292843, "min_child_weight": 5.24507515052731}, "datetime": {"datetime": "2020-04-24 23:59:24", "elapsed": 426.384449, "delta": 3.406846}}
{"target": 0.604272, "params": {"max_depth": 9.091452481299129, "min_child_weight": 1.0038652244488488}, "datetime": {"datetime": "2020-04-24 23:59:28", "elapsed": 430.204554, "delta": 3.820105}}
{"target": 0.6408421999999999, "params": {"max_depth": 5.500459127853433, "min_child_weight": 3.139656455991548}, "datetime": {"datetime": "2020-04-24 23:59:31", "elapsed": 433.232782, "delta": 3.028228}}
{"target": 0.6484144, "params": {"max_depth": 5.118287381998568, "min_child_weight": 3.106586110737159}, "datetime": {"datetime": "2020-04-24 23:59:35", "elapsed": 436.584121, "delta": 3.351339}}
{"target": 0.6484144, "params": {"max_depth": 5.110785415476858, "min_child_weight": 3.112884029304818}, "datetime": {"datetime": "2020-04-24 23:59:38", "elapsed": 439.70533, "delta": 3.121209}}
{"target": 0.6484144, "params": {"max_depth": 5.098734527659116, "min_child_weight": 3.1959462988930465}, "datetime": {"datetime": "2020-04-24 23:59:41", "elapsed": 442.758714, "delta": 3.053384}}
{"target": 0.6484144, "params": {"max_depth": 5.134973455282195, "min_child_weight": 3.211003075238915}, "datetime": {"datetime": "2020-04-24 23:59:44", "elapsed": 446.499942, "delta": 3.741228}}
{"target": 0.6484144, "params": {"max_depth": 5.095104058396153, "min_child_weight": 3.2450467154152114}, "datetime": {"datetime": "2020-04-24 23:59:48", "elapsed": 449.635171, "delta": 3.135229}}
{"target": 0.6484144, "params": {"max_depth": 5.086508151925672, "min_child_weight": 3.1457639971154}, "datetime": {"datetime": "2020-04-24 23:59:51", "elapsed": 452.87831, "delta": 3.243139}}
{"target": 0.6484144, "params": {"max_depth": 5.1175113880948775, "min_child_weight": 3.1080473766056294}, "datetime": {"datetime": "2020-04-24 23:59:54", "elapsed": 456.259747, "delta": 3.381437}}
{"target": 0.6484144, "params": {"max_depth": 5.1203732340579275, "min_child_weight": 3.0616919560318667}, "datetime": {"datetime": "2020-04-24 23:59:57", "elapsed": 459.134409, "delta": 2.874662}}
{"target": 0.6484144, "params": {"max_depth": 5.11604645739972, "min_child_weight": 3.234761774138964}, "datetime": {"datetime": "2020-04-25 00:00:01", "elapsed": 462.900478, "delta": 3.766069}}
{"target": 0.6484144, "params": {"max_depth": 5.136344858742207, "min_child_weight": 3.1309444601276466}, "datetime": {"datetime": "2020-04-25 00:00:04", "elapsed": 466.196754, "delta": 3.296276}}
{"target": 0.6484144, "params": {"max_depth": 5.0789013742958815, "min_child_weight": 3.1777028798500653}, "datetime": {"datetime": "2020-04-25 00:00:08", "elapsed": 469.571711, "delta": 3.374957}}
{"target": 0.6484144, "params": {"max_depth": 5.088718602389428, "min_child_weight": 3.0655564822237196}, "datetime": {"datetime": "2020-04-25 00:00:11", "elapsed": 472.884286, "delta": 3.312575}}
{"target": 0.6484144, "params": {"max_depth": 5.0777633878180595, "min_child_weight": 3.2216430714888413}, "datetime": {"datetime": "2020-04-25 00:00:14", "elapsed": 476.485784, "delta": 3.601498}}
{"target": 0.6484144, "params": {"max_depth": 5.1167289337619675, "min_child_weight": 3.064912197150847}, "datetime": {"datetime": "2020-04-25 00:00:17", "elapsed": 479.475352, "delta": 2.989568}}
{"target": 0.6484144, "params": {"max_depth": 5.136270291347253, "min_child_weight": 3.143092332666628}, "datetime": {"datetime": "2020-04-25 00:00:21", "elapsed": 483.095779, "delta": 3.620427}}
{"target": 0.6484144, "params": {"max_depth": 5.110141531044128, "min_child_weight": 3.1570798902405124}, "datetime": {"datetime": "2020-04-25 00:00:24", "elapsed": 486.473851, "delta": 3.378072}}
{"target": 0.6484144, "params": {"max_depth": 5.127153859587427, "min_child_weight": 3.219877378920735}, "datetime": {"datetime": "2020-04-25 00:00:28", "elapsed": 489.75437, "delta": 3.280519}}
{"target": 0.6357092, "params": {"alpha": 0.41334212762480627, "lam": 0.3604225122064485, "max_depth": 5.0, "min_child_weight": 3.0}, "datetime": {"datetime": "2020-04-25 00:00:29", "elapsed": 490.585918, "delta": 0.831548}}
{"target": 0.6351433999999999, "params": {"alpha": 0.539783293913873, "lam": 0.8862378496293332, "max_depth": 5.0, "min_child_weight": 3.0}, "datetime": {"datetime": "2020-04-25 00:00:29", "elapsed": 491.403445, "delta": 0.817527}}
{"target": 0.6342838000000001, "params": {"alpha": 0.8108453068144611, "lam": 0.40633530526937855, "max_depth": 5.0, "min_child_weight": 3.0}, "datetime": {"datetime": "2020-04-25 00:00:30", "elapsed": 492.218348, "delta": 0.814903}}
{"target": 0.6280336, "params": {"alpha": 0.6100217788862725, "lam": 0.004132918134724051, "max_depth": 5.0, "min_child_weight": 3.0}, "datetime": {"datetime": "2020-04-25 00:00:31", "elapsed": 493.05058, "delta": 0.832232}}
{"target": 0.6305372, "params": {"alpha": 0.5490438062940982, "lam": 0.6318566450654497, "max_depth": 5.0, "min_child_weight": 3.0}, "datetime": {"datetime": "2020-04-25 00:00:32", "elapsed": 493.875597, "delta": 0.825017}}
{"target": 0.626074, "params": {"alpha": 0.11787291320909887, "lam": 0.7718606064223668, "max_depth": 5.0, "min_child_weight": 3.0}, "datetime": {"datetime": "2020-04-25 00:00:33", "elapsed": 494.694273, "delta": 0.818676}}
{"target": 0.6274344000000001, "params": {"alpha": 0.2512731034571356, "lam": 0.10004942103177838, "max_depth": 5.0, "min_child_weight": 3.0}, "datetime": {"datetime": "2020-04-25 00:00:33", "elapsed": 495.528116, "delta": 0.833843}}
{"target": 0.6346776, "params": {"alpha": 0.7802782902134232, "lam": 0.7272129279674732, "max_depth": 5.0, "min_child_weight": 3.0}, "datetime": {"datetime": "2020-04-25 00:00:34", "elapsed": 496.348799, "delta": 0.820683}}
{"target": 0.6394982, "params": {"alpha": 0.5471554989629208, "lam": 0.29827395432967363, "max_depth": 5.0, "min_child_weight": 3.0}, "datetime": {"datetime": "2020-04-25 00:00:35", "elapsed": 497.168398, "delta": 0.819599}}
{"target": 0.6299842, "params": {"alpha": 0.22436023047613518, "lam": 0.1637144969348695, "max_depth": 5.0, "min_child_weight": 3.0}, "datetime": {"datetime": "2020-04-25 00:00:36", "elapsed": 498.002761, "delta": 0.834363}}
{"target": 0.6500958, "params": {"alpha": 1.0, "lam": 1.0, "max_depth": 5.0, "min_child_weight": 3.0}, "datetime": {"datetime": "2020-04-25 00:00:37", "elapsed": 499.207357, "delta": 1.204596}}
{"target": 0.6484144, "params": {"alpha": 2.3418093776180515e-08, "lam": 0.9999999924474382, "max_depth": 5.0, "min_child_weight": 3.0}, "datetime": {"datetime": "2020-04-25 00:00:38", "elapsed": 500.479816, "delta": 1.272459}}
{"target": 0.6500962, "params": {"alpha": 0.8230487627628224, "lam": 0.9985697495447698, "max_depth": 5.0, "min_child_weight": 3.0}, "datetime": {"datetime": "2020-04-25 00:00:40", "elapsed": 501.914474, "delta": 1.434658}}
{"target": 0.6500962, "params": {"alpha": 0.8230487627628224, "lam": 0.9985697495447698, "max_depth": 5.0, "min_child_weight": 3.0}, "datetime": {"datetime": "2020-04-25 00:00:41", "elapsed": 502.548896, "delta": 0.634422}}
{"target": 0.6500958, "params": {"alpha": 0.9999999692712712, "lam": 0.9999998142969395, "max_depth": 5.0, "min_child_weight": 3.0}, "datetime": {"datetime": "2020-04-25 00:00:42", "elapsed": 503.836738, "delta": 1.287842}}
{"target": 0.6500964, "params": {"alpha": 0.8536906180597812, "lam": 0.9990708202333886, "max_depth": 5.0, "min_child_weight": 3.0}, "datetime": {"datetime": "2020-04-25 00:00:43", "elapsed": 505.438185, "delta": 1.601447}}
{"target": 0.6500966, "params": {"alpha": 0.8691713396212206, "lam": 0.9999439773908294, "max_depth": 5.0, "min_child_weight": 3.0}, "datetime": {"datetime": "2020-04-25 00:00:45", "elapsed": 507.024535, "delta": 1.58635}}
{"target": 0.6500966, "params": {"alpha": 0.8691713396212206, "lam": 0.9999439773908294, "max_depth": 5.0, "min_child_weight": 3.0}, "datetime": {"datetime": "2020-04-25 00:00:45", "elapsed": 507.539175, "delta": 0.51464}}
{"target": 0.650096, "params": {"alpha": 0.9232929017170409, "lam": 0.9992412968975772, "max_depth": 5.0, "min_child_weight": 3.0}, "datetime": {"datetime": "2020-04-25 00:00:47", "elapsed": 509.243266, "delta": 1.704091}}
{"target": 0.650096, "params": {"alpha": 0.9232929017170409, "lam": 0.9992412968975772, "max_depth": 5.0, "min_child_weight": 3.0}, "datetime": {"datetime": "2020-04-25 00:00:48", "elapsed": 509.893982, "delta": 0.650716}}
{"target": 0.6500961999999999, "params": {"alpha": 0.955797999760917, "lam": 0.9999783818316421, "max_depth": 5.0, "min_child_weight": 3.0}, "datetime": {"datetime": "2020-04-25 00:00:49", "elapsed": 511.544613, "delta": 1.650631}}
{"target": 0.6500961999999999, "params": {"alpha": 0.9532105435886195, "lam": 0.9999413371574359, "max_depth": 5.0, "min_child_weight": 3.0}, "datetime": {"datetime": "2020-04-25 00:00:51", "elapsed": 513.245199, "delta": 1.700586}}
{"target": 0.6500966, "params": {"alpha": 0.8327700942321489, "lam": 0.999317100715883, "max_depth": 5.0, "min_child_weight": 3.0}, "datetime": {"datetime": "2020-04-25 00:00:53", "elapsed": 515.038564, "delta": 1.793365}}
{"target": 0.650096, "params": {"alpha": 0.9539728848414745, "lam": 0.9997425748569331, "max_depth": 5.0, "min_child_weight": 3.0}, "datetime": {"datetime": "2020-04-25 00:00:55", "elapsed": 516.798578, "delta": 1.760014}}
{"target": 0.6503650000000001, "params": {"alpha": 0.17967233063479537, "lam": 0.9991957939543563, "max_depth": 5.0, "min_child_weight": 3.0}, "datetime": {"datetime": "2020-04-25 00:00:56", "elapsed": 518.182756, "delta": 1.384178}}
{"target": 0.6501007999999999, "params": {"alpha": 0.19389602648837923, "lam": 0.9999568801061796, "max_depth": 5.0, "min_child_weight": 3.0}, "datetime": {"datetime": "2020-04-25 00:00:58", "elapsed": 519.879902, "delta": 1.697146}}
{"target": 0.6501016, "params": {"alpha": 0.1104951303543269, "lam": 0.9999445850956833, "max_depth": 5.0, "min_child_weight": 3.0}, "datetime": {"datetime": "2020-04-25 00:00:59", "elapsed": 521.391827, "delta": 1.511925}}
{"target": 0.6500998000000001, "params": {"alpha": 0.3741684417620079, "lam": 0.9999945729019232, "max_depth": 5.0, "min_child_weight": 3.0}, "datetime": {"datetime": "2020-04-25 00:01:01", "elapsed": 523.012605, "delta": 1.620778}}
{"target": 0.6501002, "params": {"alpha": 0.2989459817849376, "lam": 0.9998919968375515, "max_depth": 5.0, "min_child_weight": 3.0}, "datetime": {"datetime": "2020-04-25 00:01:02", "elapsed": 524.43538, "delta": 1.422775}}
{"target": 0.6500980000000001, "params": {"alpha": 0.662670358301854, "lam": 0.9999411075430465, "max_depth": 5.0, "min_child_weight": 3.0}, "datetime": {"datetime": "2020-04-25 00:01:04", "elapsed": 525.924744, "delta": 1.489364}}
{"target": 0.6501006, "params": {"alpha": 0.2007434085970028, "lam": 0.9992614400314621, "max_depth": 5.0, "min_child_weight": 3.0}, "datetime": {"datetime": "2020-04-25 00:01:05", "elapsed": 527.537276, "delta": 1.612532}}
{"target": 0.6500972, "params": {"alpha": 0.7300095338480814, "lam": 0.9994083684598366, "max_depth": 5.0, "min_child_weight": 3.0}, "datetime": {"datetime": "2020-04-25 00:01:07", "elapsed": 529.056302, "delta": 1.519026}}
{"target": 0.6501002, "params": {"alpha": 0.2528496871689968, "lam": 0.999237239274949, "max_depth": 5.0, "min_child_weight": 3.0}, "datetime": {"datetime": "2020-04-25 00:01:08", "elapsed": 530.531336, "delta": 1.475034}}
{"target": 0.6500973999999999, "params": {"alpha": 0.743150769072032, "lam": 0.999947688312749, "max_depth": 5.0, "min_child_weight": 3.0}, "datetime": {"datetime": "2020-04-25 00:01:10", "elapsed": 532.108373, "delta": 1.577037}}
{"target": 0.6500973999999999, "params": {"alpha": 0.743150769072032, "lam": 0.999947688312749, "max_depth": 5.0, "min_child_weight": 3.0}, "datetime": {"datetime": "2020-04-25 00:01:11", "elapsed": 532.758519, "delta": 0.650146}}
{"target": 0.6500973999999999, "params": {"alpha": 0.743150769072032, "lam": 0.999947688312749, "max_depth": 5.0, "min_child_weight": 3.0}, "datetime": {"datetime": "2020-04-25 00:01:12", "elapsed": 533.650316, "delta": 0.891797}}
{"target": 0.6501011999999999, "params": {"alpha": 0.13571966112106115, "lam": 0.999673395319177, "max_depth": 5.0, "min_child_weight": 3.0}, "datetime": {"datetime": "2020-04-25 00:01:13", "elapsed": 535.329118, "delta": 1.678802}}
{"target": 0.6500992, "params": {"alpha": 0.4348726012661869, "lam": 0.9999042046587107, "max_depth": 5.0, "min_child_weight": 3.0}, "datetime": {"datetime": "2020-04-25 00:01:15", "elapsed": 537.121654, "delta": 1.792536}}
{"target": 0.6501004, "params": {"alpha": 0.24880438307292319, "lam": 0.9998247186725122, "max_depth": 5.0, "min_child_weight": 3.0}, "datetime": {"datetime": "2020-04-25 00:01:17", "elapsed": 538.89148, "delta": 1.769826}}
{"target": 0.6501004, "params": {"alpha": 0.24880438307292319, "lam": 0.9998247186725122, "max_depth": 5.0, "min_child_weight": 3.0}, "datetime": {"datetime": "2020-04-25 00:01:18", "elapsed": 539.815565, "delta": 0.924085}}
{"target": 0.6500984000000001, "params": {"alpha": 0.607327819534015, "lam": 0.9999875481875771, "max_depth": 5.0, "min_child_weight": 3.0}, "datetime": {"datetime": "2020-04-25 00:01:20", "elapsed": 541.564976, "delta": 1.749411}}
{"target": 0.6500994, "params": {"alpha": 0.42331011893691395, "lam": 0.999877032597414, "max_depth": 5.0, "min_child_weight": 3.0}, "datetime": {"datetime": "2020-04-25 00:01:22", "elapsed": 543.561742, "delta": 1.996766}}
{"target": 0.6500994, "params": {"alpha": 0.42331011893691395, "lam": 0.999877032597414, "max_depth": 5.0, "min_child_weight": 3.0}, "datetime": {"datetime": "2020-04-25 00:01:22", "elapsed": 544.481506, "delta": 0.919764}}
{"target": 0.6501004, "params": {"alpha": 0.263661011454018, "lam": 0.999996478417867, "max_depth": 5.0, "min_child_weight": 3.0}, "datetime": {"datetime": "2020-04-25 00:01:24", "elapsed": 546.328262, "delta": 1.846756}}
{"target": 0.650097, "params": {"alpha": 0.8333763868625652, "lam": 0.9998492946149589, "max_depth": 5.0, "min_child_weight": 3.0}, "datetime": {"datetime": "2020-04-25 00:01:26", "elapsed": 547.956522, "delta": 1.62826}}
{"target": 0.6501012, "params": {"alpha": 0.15598643385635824, "lam": 0.999986846090258, "max_depth": 5.0, "min_child_weight": 3.0}, "datetime": {"datetime": "2020-04-25 00:01:28", "elapsed": 549.70024, "delta": 1.743718}}
{"target": 0.6500968, "params": {"alpha": 0.8584854682753729, "lam": 0.9999299656941898, "max_depth": 5.0, "min_child_weight": 3.0}, "datetime": {"datetime": "2020-04-25 00:01:29", "elapsed": 551.464111, "delta": 1.763871}}
{"target": 0.6500968, "params": {"alpha": 0.8584854682753729, "lam": 0.9999299656941898, "max_depth": 5.0, "min_child_weight": 3.0}, "datetime": {"datetime": "2020-04-25 00:01:30", "elapsed": 552.213851, "delta": 0.74974}}
{"target": 0.6500968, "params": {"alpha": 0.8584854682753729, "lam": 0.9999299656941898, "max_depth": 5.0, "min_child_weight": 3.0}, "datetime": {"datetime": "2020-04-25 00:01:31", "elapsed": 552.908622, "delta": 0.694771}}
{"target": 0.6500954, "params": {"alpha": 0.9977007877631563, "lam": 0.9994064607480869, "max_depth": 5.0, "min_child_weight": 3.0}, "datetime": {"datetime": "2020-04-25 00:01:33", "elapsed": 554.853494, "delta": 1.944872}}
{"target": 0.6500999999999999, "params": {"alpha": 0.3102361186955882, "lam": 0.9996315635583154, "max_depth": 5.0, "min_child_weight": 3.0}, "datetime": {"datetime": "2020-04-25 00:01:35", "elapsed": 556.678248, "delta": 1.824754}}
{"target": 0.6500999999999999, "params": {"alpha": 0.3102361186955882, "lam": 0.9996315635583154, "max_depth": 5.0, "min_child_weight": 3.0}, "datetime": {"datetime": "2020-04-25 00:01:35", "elapsed": 557.525195, "delta": 0.846947}}
{"target": 0.6500958, "params": {"alpha": 1.0, "lam": 0.9999996258919301, "max_depth": 5.0, "min_child_weight": 3.0}, "datetime": {"datetime": "2020-04-25 00:01:37", "elapsed": 559.27725, "delta": 1.752055}}
{"target": 0.6500975999999999, "params": {"alpha": 0.7633184056044059, "lam": 0.9999304608407932, "max_depth": 5.0, "min_child_weight": 3.0}, "datetime": {"datetime": "2020-04-25 00:01:39", "elapsed": 561.001424, "delta": 1.724174}}
{"target": 0.6500980000000001, "params": {"alpha": 0.6524766426544127, "lam": 0.9999012366473405, "max_depth": 5.0, "min_child_weight": 3.0}, "datetime": {"datetime": "2020-04-25 00:01:41", "elapsed": 562.79743, "delta": 1.796006}}
{"target": 0.6500980000000001, "params": {"alpha": 0.6524766426544127, "lam": 0.9999012366473405, "max_depth": 5.0, "min_child_weight": 3.0}, "datetime": {"datetime": "2020-04-25 00:01:42", "elapsed": 563.634507, "delta": 0.837077}}
{"target": 0.6501006, "params": {"alpha": 0.2563898806551219, "lam": 0.999978828991586, "max_depth": 5.0, "min_child_weight": 3.0}, "datetime": {"datetime": "2020-04-25 00:01:43", "elapsed": 565.477322, "delta": 1.842815}}
{"target": 0.6501006, "params": {"alpha": 0.2563898806551219, "lam": 0.999978828991586, "max_depth": 5.0, "min_child_weight": 3.0}, "datetime": {"datetime": "2020-04-25 00:01:44", "elapsed": 566.342195, "delta": 0.864873}}
{"target": 0.6500990000000001, "params": {"alpha": 0.5117830742441472, "lam": 0.9999965748539051, "max_depth": 5.0, "min_child_weight": 3.0}, "datetime": {"datetime": "2020-04-25 00:01:46", "elapsed": 568.346838, "delta": 2.004643}}
{"target": 0.650101, "params": {"alpha": 0.13556456207582723, "lam": 0.9997350592673647, "max_depth": 5.0, "min_child_weight": 3.0}, "datetime": {"datetime": "2020-04-25 00:01:48", "elapsed": 570.264767, "delta": 1.917929}}
{"target": 0.6500961999999999, "params": {"alpha": 0.8963391194251303, "lam": 0.9993764804827672, "max_depth": 5.0, "min_child_weight": 3.0}, "datetime": {"datetime": "2020-04-25 00:01:50", "elapsed": 572.095214, "delta": 1.830447}}
{"target": 0.6484144, "params": {"alpha": 4.6112817361514163e-07, "lam": 1.0, "max_depth": 5.0, "min_child_weight": 3.0}, "datetime": {"datetime": "2020-04-25 00:01:52", "elapsed": 573.850206, "delta": 1.754992}}
{"target": 0.6484144, "params": {"alpha": 4.6112817361514163e-07, "lam": 1.0, "max_depth": 5.0, "min_child_weight": 3.0}, "datetime": {"datetime": "2020-04-25 00:01:53", "elapsed": 574.73833, "delta": 0.888124}}
{"target": 0.6500958, "params": {"alpha": 0.9945393468658645, "lam": 0.9996988586838073, "max_depth": 5.0, "min_child_weight": 3.0}, "datetime": {"datetime": "2020-04-25 00:01:55", "elapsed": 576.613186, "delta": 1.874856}}
{"target": 0.6500998, "params": {"alpha": 0.339417353106794, "lam": 0.9999765028019988, "max_depth": 5.0, "min_child_weight": 3.0}, "datetime": {"datetime": "2020-04-25 00:01:56", "elapsed": 578.464667, "delta": 1.851481}}
{"target": 0.6500958000000001, "params": {"alpha": 0.9977820664185725, "lam": 0.9993313794709369, "max_depth": 5.0, "min_child_weight": 3.0}, "datetime": {"datetime": "2020-04-25 00:01:58", "elapsed": 580.180916, "delta": 1.716249}}
{"target": 0.6500972, "params": {"alpha": 0.8024311580640384, "lam": 0.9998119254345499, "max_depth": 5.0, "min_child_weight": 3.0}, "datetime": {"datetime": "2020-04-25 00:02:00", "elapsed": 582.073231, "delta": 1.892315}}
{"target": 0.6500980000000001, "params": {"alpha": 0.6502912430875916, "lam": 0.999928377172939, "max_depth": 5.0, "min_child_weight": 3.0}, "datetime": {"datetime": "2020-04-25 00:02:02", "elapsed": 583.93656, "delta": 1.863329}}
{"target": 0.6501007999999999, "params": {"alpha": 0.1852954196721336, "lam": 0.9999769641444949, "max_depth": 5.0, "min_child_weight": 3.0}, "datetime": {"datetime": "2020-04-25 00:02:04", "elapsed": 585.903155, "delta": 1.966595}}
{"target": 0.6500972, "params": {"alpha": 0.8188910856866813, "lam": 0.9999308869221981, "max_depth": 5.0, "min_child_weight": 3.0}, "datetime": {"datetime": "2020-04-25 00:02:06", "elapsed": 587.675048, "delta": 1.771893}}
{"target": 0.6500975999999999, "params": {"alpha": 0.7106403153720486, "lam": 0.9997801887902259, "max_depth": 5.0, "min_child_weight": 3.0}, "datetime": {"datetime": "2020-04-25 00:02:08", "elapsed": 589.682103, "delta": 2.007055}}
{"target": 0.6500975999999999, "params": {"alpha": 0.7106403153720486, "lam": 0.9997801887902259, "max_depth": 5.0, "min_child_weight": 3.0}, "datetime": {"datetime": "2020-04-25 00:02:09", "elapsed": 590.609698, "delta": 0.927595}}
{"target": 0.6500998, "params": {"alpha": 0.32208157813051064, "lam": 0.9998166200469961, "max_depth": 5.0, "min_child_weight": 3.0}, "datetime": {"datetime": "2020-04-25 00:02:10", "elapsed": 592.266689, "delta": 1.656991}}
{"target": 0.650101, "params": {"alpha": 0.2088135461811792, "lam": 0.9999425602393355, "max_depth": 5.0, "min_child_weight": 3.0}, "datetime": {"datetime": "2020-04-25 00:02:12", "elapsed": 594.174637, "delta": 1.907948}}
{"target": 0.6501004, "params": {"alpha": 0.2638362778772615, "lam": 0.9999265951471824, "max_depth": 5.0, "min_child_weight": 3.0}, "datetime": {"datetime": "2020-04-25 00:02:14", "elapsed": 595.969041, "delta": 1.794404}}
{"target": 0.6501007999999999, "params": {"alpha": 0.2457162101503595, "lam": 0.9999792374251052, "max_depth": 5.0, "min_child_weight": 3.0}, "datetime": {"datetime": "2020-04-25 00:02:16", "elapsed": 597.778086, "delta": 1.809045}}
{"target": 0.6500988000000001, "params": {"alpha": 0.5093106357416728, "lam": 0.9999604387485642, "max_depth": 5.0, "min_child_weight": 3.0}, "datetime": {"datetime": "2020-04-25 00:02:18", "elapsed": 599.569207, "delta": 1.791121}}
{"target": 0.6500988000000001, "params": {"alpha": 0.5093106357416728, "lam": 0.9999604387485642, "max_depth": 5.0, "min_child_weight": 3.0}, "datetime": {"datetime": "2020-04-25 00:02:19", "elapsed": 600.714416, "delta": 1.145209}}
