{"target": 0.6414128, "params": {"alpha": 0.017670113741174887, "lam": 0.9943575837080282, "max_depth": 6.0, "min_child_weight": 9.0}, "datetime": {"datetime": "2020-04-24 23:38:19", "elapsed": 866.250827, "delta": 3.324034}}
{"target": 0.6432144, "params": {"alpha": 0.004472049217127183, "lam": 0.9989933930255829, "max_depth": 6.0, "min_child_weight": 9.0}, "datetime": {"datetime": "2020-04-24 23:38:22", "elapsed": 869.293673, "delta": 3.042846}}
{"target": 0.6448766, "params": {"alpha": 0.002697348732968785, "lam": 0.9907060016751881, "max_depth": 6.0, "min_child_weight": 9.0}, "datetime": {"datetime": "2020-04-24 23:38:25", "elapsed": 872.030138, "delta": 2.736465}}
{"target": 0.6414128, "params": {"alpha": 0.0014416153190917047, "lam": 0.9941390057115607, "max_depth": 6.0, "min_child_weight": 9.0}, "datetime": {"datetime": "2020-04-24 23:38:28", "elapsed": 875.008783, "delta": 2.978645}}
{"target": 0.6414128, "params": {"alpha": 0.003564713611786896, "lam": 0.9942086850018405, "max_depth": 6.0, "min_child_weight": 9.0}, "datetime": {"datetime": "2020-04-24 23:38:31", "elapsed": 878.047568, "delta": 3.038785}}
{"target": 0.6414148, "params": {"alpha": 0.01672631380239309, "lam": 0.9955037055242482, "max_depth": 6.0, "min_child_weight": 9.0}, "datetime": {"datetime": "2020-04-24 23:38:33", "elapsed": 880.809073, "delta": 2.761505}}
{"target": 0.6432142, "params": {"alpha": 0.030814995225056818, "lam": 0.9987852254747112, "max_depth": 6.0, "min_child_weight": 9.0}, "datetime": {"datetime": "2020-04-24 23:38:37", "elapsed": 884.07322, "delta": 3.264147}}
{"target": 0.643737, "params": {"alpha": 0.0020116590314974703, "lam": 0.990300789929386, "max_depth": 6.0, "min_child_weight": 9.0}, "datetime": {"datetime": "2020-04-24 23:38:40", "elapsed": 887.274271, "delta": 3.201051}}
{"target": 0.643191, "params": {"alpha": 0.016028308934633695, "lam": 0.9877337685994171, "max_depth": 6.0, "min_child_weight": 9.0}, "datetime": {"datetime": "2020-04-24 23:38:43", "elapsed": 890.753715, "delta": 3.479444}}
{"target": 0.6432155999999999, "params": {"alpha": 0.01588355666758612, "lam": 0.9996455035001998, "max_depth": 6.0, "min_child_weight": 9.0}, "datetime": {"datetime": "2020-04-24 23:38:47", "elapsed": 894.284861, "delta": 3.531146}}
{"target": 0.6431823999999999, "params": {"alpha": 0.011385539492691166, "lam": 0.9835198892038408, "max_depth": 6.0, "min_child_weight": 9.0}, "datetime": {"datetime": "2020-04-24 23:38:50", "elapsed": 897.701757, "delta": 3.416896}}
{"target": 0.6431739999999999, "params": {"alpha": 0.0339373709524069, "lam": 0.9790639379272994, "max_depth": 6.0, "min_child_weight": 9.0}, "datetime": {"datetime": "2020-04-24 23:38:54", "elapsed": 900.899652, "delta": 3.197895}}
{"target": 0.6432128, "params": {"alpha": 0.005070535875244642, "lam": 0.9979332898967459, "max_depth": 6.0, "min_child_weight": 9.0}, "datetime": {"datetime": "2020-04-24 23:38:57", "elapsed": 904.24911, "delta": 3.349458}}
{"target": 0.6432122, "params": {"alpha": 0.008429951368622235, "lam": 0.9974767176134303, "max_depth": 6.0, "min_child_weight": 9.0}, "datetime": {"datetime": "2020-04-24 23:39:00", "elapsed": 907.812787, "delta": 3.563677}}
{"target": 0.642826, "params": {"alpha": 0.03860364428528895, "lam": 0.9749505798047804, "max_depth": 6.0, "min_child_weight": 9.0}, "datetime": {"datetime": "2020-04-24 23:39:04", "elapsed": 911.103852, "delta": 3.291065}}
{"target": 0.64141, "params": {"alpha": 0.01976282818432573, "lam": 0.9922796192314624, "max_depth": 6.0, "min_child_weight": 9.0}, "datetime": {"datetime": "2020-04-24 23:39:07", "elapsed": 914.22115, "delta": 3.117298}}
{"target": 0.6432118, "params": {"alpha": 0.02020289613545112, "lam": 0.9970860522479656, "max_depth": 6.0, "min_child_weight": 9.0}, "datetime": {"datetime": "2020-04-24 23:39:10", "elapsed": 917.417951, "delta": 3.196801}}
{"target": 0.6432155999999999, "params": {"alpha": 0.004509496079431408, "lam": 0.9997130401644218, "max_depth": 6.0, "min_child_weight": 9.0}, "datetime": {"datetime": "2020-04-24 23:39:14", "elapsed": 921.153644, "delta": 3.735693}}
{"target": 0.6431906000000001, "params": {"alpha": 0.006362138732484257, "lam": 0.9873613782562529, "max_depth": 6.0, "min_child_weight": 9.0}, "datetime": {"datetime": "2020-04-24 23:39:17", "elapsed": 924.447926, "delta": 3.294282}}
{"target": 0.6414124000000001, "params": {"alpha": 0.018856053665984307, "lam": 0.9939545406301162, "max_depth": 6.0, "min_child_weight": 9.0}, "datetime": {"datetime": "2020-04-24 23:39:20", "elapsed": 927.646967, "delta": 3.199041}}
{"target": 0.6448778, "params": {"alpha": 0.017800763284018917, "lam": 0.9913413016070767, "max_depth": 6.0, "min_child_weight": 9.0}, "datetime": {"datetime": "2020-04-24 23:39:24", "elapsed": 930.982056, "delta": 3.335089}}
{"target": 0.6436048, "params": {"alpha": 0.005656907067285721, "lam": 0.9960112029235694, "max_depth": 6.0, "min_child_weight": 9.0}, "datetime": {"datetime": "2020-04-24 23:39:26", "elapsed": 933.810081, "delta": 2.828025}}
{"target": 0.6432156, "params": {"alpha": 0.024256379480319366, "lam": 0.9999290654285035, "max_depth": 6.0, "min_child_weight": 9.0}, "datetime": {"datetime": "2020-04-24 23:39:31", "elapsed": 937.923562, "delta": 4.113481}}
{"target": 0.6431884, "params": {"alpha": 0.00864881737081502, "lam": 0.9864401326993837, "max_depth": 6.0, "min_child_weight": 9.0}, "datetime": {"datetime": "2020-04-24 23:39:34", "elapsed": 941.581509, "delta": 3.657947}}
{"target": 0.641411, "params": {"alpha": 0.0013049311641247785, "lam": 0.9931009429887702, "max_depth": 6.0, "min_child_weight": 9.0}, "datetime": {"datetime": "2020-04-24 23:39:38", "elapsed": 945.211093, "delta": 3.629584}}
{"target": 0.6431837999999999, "params": {"alpha": 0.015891836588478814, "lam": 0.9841999718609605, "max_depth": 6.0, "min_child_weight": 9.0}, "datetime": {"datetime": "2020-04-24 23:39:41", "elapsed": 948.744759, "delta": 3.533666}}
{"target": 0.6428236, "params": {"alpha": 0.017569751700343472, "lam": 0.9738061458331042, "max_depth": 6.0, "min_child_weight": 9.0}, "datetime": {"datetime": "2020-04-24 23:39:45", "elapsed": 952.578017, "delta": 3.833258}}
{"target": 0.6431837999999999, "params": {"alpha": 0.017123225686596077, "lam": 0.984164708957026, "max_depth": 6.0, "min_child_weight": 9.0}, "datetime": {"datetime": "2020-04-24 23:39:49", "elapsed": 956.099779, "delta": 3.521762}}
{"target": 0.6448776, "params": {"alpha": 0.012924731993890215, "lam": 0.9911967297645377, "max_depth": 6.0, "min_child_weight": 9.0}, "datetime": {"datetime": "2020-04-24 23:39:53", "elapsed": 960.067459, "delta": 3.96768}}
{"target": 0.6432133999999999, "params": {"alpha": 0.0005269049659872849, "lam": 0.9983931027250367, "max_depth": 6.0, "min_child_weight": 9.0}, "datetime": {"datetime": "2020-04-24 23:39:56", "elapsed": 963.711993, "delta": 3.644534}}
{"target": 0.6431748, "params": {"alpha": 0.004931481548480887, "lam": 0.9794635815010709, "max_depth": 6.0, "min_child_weight": 9.0}, "datetime": {"datetime": "2020-04-24 23:40:00", "elapsed": 966.979953, "delta": 3.26796}}
{"target": 0.641411, "params": {"alpha": 0.033050221913539124, "lam": 0.9930480778495572, "max_depth": 6.0, "min_child_weight": 9.0}, "datetime": {"datetime": "2020-04-24 23:40:03", "elapsed": 970.630963, "delta": 3.65101}}
{"target": 0.6437358, "params": {"alpha": 0.025376813877338145, "lam": 0.9896801101887571, "max_depth": 6.0, "min_child_weight": 9.0}, "datetime": {"datetime": "2020-04-24 23:40:07", "elapsed": 974.735936, "delta": 4.104973}}
{"target": 0.6436052, "params": {"alpha": 0.020996040046048048, "lam": 0.9964639589662877, "max_depth": 6.0, "min_child_weight": 9.0}, "datetime": {"datetime": "2020-04-24 23:40:11", "elapsed": 978.292261, "delta": 3.556325}}
{"target": 0.6436056, "params": {"alpha": 0.0018419790249274426, "lam": 0.9967330792468664, "max_depth": 6.0, "min_child_weight": 9.0}, "datetime": {"datetime": "2020-04-24 23:40:15", "elapsed": 981.925092, "delta": 3.632831}}
{"target": 0.6432114, "params": {"alpha": 0.04665592182924727, "lam": 0.9970128091876647, "max_depth": 6.0, "min_child_weight": 9.0}, "datetime": {"datetime": "2020-04-24 23:40:18", "elapsed": 985.709117, "delta": 3.784025}}
{"target": 0.643213, "params": {"alpha": 0.01748304518630006, "lam": 0.9980007228139163, "max_depth": 6.0, "min_child_weight": 9.0}, "datetime": {"datetime": "2020-04-24 23:40:22", "elapsed": 989.619335, "delta": 3.910218}}
{"target": 0.6431742, "params": {"alpha": 0.011017937810925194, "lam": 0.9791464322887223, "max_depth": 6.0, "min_child_weight": 9.0}, "datetime": {"datetime": "2020-04-24 23:40:26", "elapsed": 993.55809, "delta": 3.938755}}
{"target": 0.6414101999999999, "params": {"alpha": 0.0005065355387324777, "lam": 0.9926794475967541, "max_depth": 6.0, "min_child_weight": 9.0}, "datetime": {"datetime": "2020-04-24 23:40:30", "elapsed": 997.725339, "delta": 4.167249}}
{"target": 0.6431901999999999, "params": {"alpha": 0.023766896332305776, "lam": 0.9874105513026116, "max_depth": 6.0, "min_child_weight": 9.0}, "datetime": {"datetime": "2020-04-24 23:40:35", "elapsed": 1002.242613, "delta": 4.517274}}
{"target": 0.643605, "params": {"alpha": 0.039447954263960194, "lam": 0.9963908837568392, "max_depth": 6.0, "min_child_weight": 9.0}, "datetime": {"datetime": "2020-04-24 23:40:39", "elapsed": 1006.706334, "delta": 4.463721}}
{"target": 0.6432109999999999, "params": {"alpha": 0.00651617141917149, "lam": 0.9968621772922548, "max_depth": 6.0, "min_child_weight": 9.0}, "datetime": {"datetime": "2020-04-24 23:40:43", "elapsed": 1010.301563, "delta": 3.595229}}
{"target": 0.643214, "params": {"alpha": 0.009969016941634434, "lam": 0.9987899512491377, "max_depth": 6.0, "min_child_weight": 9.0}, "datetime": {"datetime": "2020-04-24 23:40:47", "elapsed": 1014.198895, "delta": 3.897332}}
{"target": 0.6432153999999999, "params": {"alpha": 0.01852235274634928, "lam": 0.9996013700865949, "max_depth": 6.0, "min_child_weight": 9.0}, "datetime": {"datetime": "2020-04-24 23:40:51", "elapsed": 1018.408716, "delta": 4.209821}}
{"target": 0.6437372, "params": {"alpha": 0.0021764471218280734, "lam": 0.9905341788297082, "max_depth": 6.0, "min_child_weight": 9.0}, "datetime": {"datetime": "2020-04-24 23:40:56", "elapsed": 1022.928676, "delta": 4.51996}}
{"target": 0.6432126, "params": {"alpha": 0.01803522374154154, "lam": 0.9978813690843802, "max_depth": 6.0, "min_child_weight": 9.0}, "datetime": {"datetime": "2020-04-24 23:41:00", "elapsed": 1027.28408, "delta": 4.355404}}
{"target": 0.6414128, "params": {"alpha": 0.020356541573917863, "lam": 0.99408312612927, "max_depth": 6.0, "min_child_weight": 9.0}, "datetime": {"datetime": "2020-04-24 23:41:03", "elapsed": 1030.767228, "delta": 3.483148}}
{"target": 0.6432154, "params": {"alpha": 0.008432649897624378, "lam": 0.9998106455232975, "max_depth": 6.0, "min_child_weight": 9.0}, "datetime": {"datetime": "2020-04-24 23:41:07", "elapsed": 1034.726051, "delta": 3.958823}}
{"target": 0.6432146000000001, "params": {"alpha": 0.005199996105574312, "lam": 0.9990978958879501, "max_depth": 6.0, "min_child_weight": 9.0}, "datetime": {"datetime": "2020-04-24 23:41:11", "elapsed": 1038.32848, "delta": 3.602429}}
{"target": 0.6432128, "params": {"alpha": 0.012411144299760646, "lam": 0.9979547833976052, "max_depth": 6.0, "min_child_weight": 9.0}, "datetime": {"datetime": "2020-04-24 23:41:15", "elapsed": 1042.4095, "delta": 4.08102}}
{"target": 0.6448776, "params": {"alpha": 0.016443088234918468, "lam": 0.9913130895813014, "max_depth": 6.0, "min_child_weight": 9.0}, "datetime": {"datetime": "2020-04-24 23:41:18", "elapsed": 1045.793948, "delta": 3.384448}}
{"target": 0.6414143999999999, "params": {"alpha": 0.03414851248249495, "lam": 0.9951871120698836, "max_depth": 6.0, "min_child_weight": 9.0}, "datetime": {"datetime": "2020-04-24 23:41:22", "elapsed": 1049.55962, "delta": 3.765672}}
{"target": 0.641415, "params": {"alpha": 0.015293377899977534, "lam": 0.9955459697029387, "max_depth": 6.0, "min_child_weight": 9.0}, "datetime": {"datetime": "2020-04-24 23:41:26", "elapsed": 1053.606234, "delta": 4.046614}}
{"target": 0.6436046, "params": {"alpha": 0.004434637854874857, "lam": 0.9961026989822619, "max_depth": 6.0, "min_child_weight": 9.0}, "datetime": {"datetime": "2020-04-24 23:41:31", "elapsed": 1058.033684, "delta": 4.42745}}
{"target": 0.6432142, "params": {"alpha": 0.016708600066982493, "lam": 0.9988028125623151, "max_depth": 6.0, "min_child_weight": 9.0}, "datetime": {"datetime": "2020-04-24 23:41:35", "elapsed": 1062.327178, "delta": 4.293494}}
{"target": 0.6432155999999999, "params": {"alpha": 0.014354453551132074, "lam": 0.9996547179816404, "max_depth": 6.0, "min_child_weight": 9.0}, "datetime": {"datetime": "2020-04-24 23:41:40", "elapsed": 1066.867537, "delta": 4.540359}}
{"target": 0.6414143999999999, "params": {"alpha": 0.004179535610799312, "lam": 0.995204767483956, "max_depth": 6.0, "min_child_weight": 9.0}, "datetime": {"datetime": "2020-04-24 23:41:44", "elapsed": 1071.320243, "delta": 4.452706}}
{"target": 0.6436046, "params": {"alpha": 0.015422486860058204, "lam": 0.996016676159139, "max_depth": 6.0, "min_child_weight": 9.0}, "datetime": {"datetime": "2020-04-24 23:41:49", "elapsed": 1076.66982, "delta": 5.349577}}
{"target": 0.6414141999999999, "params": {"alpha": 0.0038746080326714782, "lam": 0.9951025400731586, "max_depth": 6.0, "min_child_weight": 9.0}, "datetime": {"datetime": "2020-04-24 23:41:54", "elapsed": 1081.328015, "delta": 4.658195}}
{"target": 0.6437356, "params": {"alpha": 0.01639326570550459, "lam": 0.9896552816905466, "max_depth": 6.0, "min_child_weight": 9.0}, "datetime": {"datetime": "2020-04-24 23:41:59", "elapsed": 1086.188457, "delta": 4.860442}}
{"target": 0.6448775999999999, "params": {"alpha": 0.008679902441396159, "lam": 0.9911252479537908, "max_depth": 6.0, "min_child_weight": 9.0}, "datetime": {"datetime": "2020-04-24 23:42:03", "elapsed": 1090.637905, "delta": 4.449448}}
{"target": 0.6436054, "params": {"alpha": 0.019819050768800417, "lam": 0.9965157384156553, "max_depth": 6.0, "min_child_weight": 9.0}, "datetime": {"datetime": "2020-04-24 23:42:07", "elapsed": 1094.820491, "delta": 4.182586}}
{"target": 0.643214, "params": {"alpha": 0.031791954850783566, "lam": 0.9986240858214783, "max_depth": 6.0, "min_child_weight": 9.0}, "datetime": {"datetime": "2020-04-24 23:42:11", "elapsed": 1098.766465, "delta": 3.945974}}
{"target": 0.6432116000000001, "params": {"alpha": 0.06556018530427488, "lam": 0.9970991828784485, "max_depth": 6.0, "min_child_weight": 9.0}, "datetime": {"datetime": "2020-04-24 23:42:16", "elapsed": 1103.01657, "delta": 4.250105}}
{"target": 0.6432152, "params": {"alpha": 0.004714536003902703, "lam": 0.9995153284884231, "max_depth": 6.0, "min_child_weight": 9.0}, "datetime": {"datetime": "2020-04-24 23:42:20", "elapsed": 1107.058834, "delta": 4.042264}}
{"target": 0.6432122, "params": {"alpha": 0.020977742812753553, "lam": 0.9974819241210954, "max_depth": 6.0, "min_child_weight": 9.0}, "datetime": {"datetime": "2020-04-24 23:42:25", "elapsed": 1111.944512, "delta": 4.885678}}
{"target": 0.6437354, "params": {"alpha": 0.039839930286061476, "lam": 0.9893251544419776, "max_depth": 6.0, "min_child_weight": 9.0}, "datetime": {"datetime": "2020-04-24 23:42:29", "elapsed": 1116.339805, "delta": 4.395293}}
{"target": 0.634345, "params": {"alpha": 0.017800763284018917, "colsample_bytree": 0.71183173754173, "lam": 0.9913413016070767, "max_depth": 6.0, "min_child_weight": 9.0, "subsample": 0.5970999175945346}, "datetime": {"datetime": "2020-04-24 23:42:30", "elapsed": 1117.177086, "delta": 0.837281}}
{"target": 0.6283222, "params": {"alpha": 0.017800763284018917, "colsample_bytree": 0.6601840179663938, "lam": 0.9913413016070767, "max_depth": 6.0, "min_child_weight": 9.0, "subsample": 0.5897504173539733}, "datetime": {"datetime": "2020-04-24 23:42:31", "elapsed": 1117.993873, "delta": 0.816787}}
{"target": 0.6394226, "params": {"alpha": 0.017800763284018917, "colsample_bytree": 0.6493874258541158, "lam": 0.9913413016070767, "max_depth": 6.0, "min_child_weight": 9.0, "subsample": 0.7292022912992462}, "datetime": {"datetime": "2020-04-24 23:42:31", "elapsed": 1118.830537, "delta": 0.836664}}
{"target": 0.6130720000000001, "params": {"alpha": 0.017800763284018917, "colsample_bytree": 0.5357627247314827, "lam": 0.9913413016070767, "max_depth": 6.0, "min_child_weight": 9.0, "subsample": 0.8882198158964372}, "datetime": {"datetime": "2020-04-24 23:42:32", "elapsed": 1119.67643, "delta": 0.845893}}
{"target": 0.5988962000000001, "params": {"alpha": 0.017800763284018917, "colsample_bytree": 0.5662743797268424, "lam": 0.9913413016070767, "max_depth": 6.0, "min_child_weight": 9.0, "subsample": 0.6600718441302287}, "datetime": {"datetime": "2020-04-24 23:42:33", "elapsed": 1120.512745, "delta": 0.836315}}
{"target": 0.6227578000000001, "params": {"alpha": 0.017800763284018917, "colsample_bytree": 0.8620130912155533, "lam": 0.9913413016070767, "max_depth": 6.0, "min_child_weight": 9.0, "subsample": 0.665266642340383}, "datetime": {"datetime": "2020-04-24 23:42:34", "elapsed": 1121.338266, "delta": 0.825521}}
{"target": 0.624226, "params": {"alpha": 0.017800763284018917, "colsample_bytree": 0.8581890875185731, "lam": 0.9913413016070767, "max_depth": 6.0, "min_child_weight": 9.0, "subsample": 0.5014982980377284}, "datetime": {"datetime": "2020-04-24 23:42:35", "elapsed": 1122.157067, "delta": 0.818801}}
{"target": 0.6382818, "params": {"alpha": 0.017800763284018917, "colsample_bytree": 0.6747427806316351, "lam": 0.9913413016070767, "max_depth": 6.0, "min_child_weight": 9.0, "subsample": 0.8317585204231055}, "datetime": {"datetime": "2020-04-24 23:42:36", "elapsed": 1122.998411, "delta": 0.841344}}
{"target": 0.6112804000000001, "params": {"alpha": 0.017800763284018917, "colsample_bytree": 0.5301986893805869, "lam": 0.9913413016070767, "max_depth": 6.0, "min_child_weight": 9.0, "subsample": 0.6243048337615653}, "datetime": {"datetime": "2020-04-24 23:42:36", "elapsed": 1123.848457, "delta": 0.850046}}
{"target": 0.6063432000000001, "params": {"alpha": 0.017800763284018917, "colsample_bytree": 0.5712591025866216, "lam": 0.9913413016070767, "max_depth": 6.0, "min_child_weight": 9.0, "subsample": 0.6074850697469472}, "datetime": {"datetime": "2020-04-24 23:42:37", "elapsed": 1124.684484, "delta": 0.836027}}
{"target": 0.6430162, "params": {"alpha": 0.017800763284018917, "colsample_bytree": 0.9, "lam": 0.9913413016070767, "max_depth": 6.0, "min_child_weight": 9.0, "subsample": 0.9}, "datetime": {"datetime": "2020-04-24 23:42:38", "elapsed": 1125.716942, "delta": 1.032458}}
{"target": 0.577626, "params": {"alpha": 0.017800763284018917, "colsample_bytree": 0.5, "lam": 0.9913413016070767, "max_depth": 6.0, "min_child_weight": 9.0, "subsample": 0.5}, "datetime": {"datetime": "2020-04-24 23:42:39", "elapsed": 1126.806899, "delta": 1.089957}}
{"target": 0.6419402, "params": {"alpha": 0.017800763284018917, "colsample_bytree": 0.8065892299494201, "lam": 0.9913413016070767, "max_depth": 6.0, "min_child_weight": 9.0, "subsample": 0.8006078108277154}, "datetime": {"datetime": "2020-04-24 23:42:41", "elapsed": 1127.910545, "delta": 1.103646}}
{"target": 0.6373894, "params": {"alpha": 0.017800763284018917, "colsample_bytree": 0.7745981040587613, "lam": 0.9913413016070767, "max_depth": 6.0, "min_child_weight": 9.0, "subsample": 0.9}, "datetime": {"datetime": "2020-04-24 23:42:42", "elapsed": 1129.005989, "delta": 1.095444}}
{"target": 0.6323622, "params": {"alpha": 0.017800763284018917, "colsample_bytree": 0.7206504658709619, "lam": 0.9913413016070767, "max_depth": 6.0, "min_child_weight": 9.0, "subsample": 0.5}, "datetime": {"datetime": "2020-04-24 23:42:43", "elapsed": 1130.302178, "delta": 1.296189}}
{"target": 0.6349694, "params": {"alpha": 0.017800763284018917, "colsample_bytree": 0.7415291629195767, "lam": 0.9913413016070767, "max_depth": 6.0, "min_child_weight": 9.0, "subsample": 0.7286161257146558}, "datetime": {"datetime": "2020-04-24 23:42:44", "elapsed": 1131.467624, "delta": 1.165446}}
{"target": 0.642067, "params": {"alpha": 0.017800763284018917, "colsample_bytree": 0.9, "lam": 0.9913413016070767, "max_depth": 6.0, "min_child_weight": 9.0, "subsample": 0.7920518262936171}, "datetime": {"datetime": "2020-04-24 23:42:45", "elapsed": 1132.762199, "delta": 1.294575}}
{"target": 0.6028808, "params": {"alpha": 0.017800763284018917, "colsample_bytree": 0.5, "lam": 0.9913413016070767, "max_depth": 6.0, "min_child_weight": 9.0, "subsample": 0.7985714406254182}, "datetime": {"datetime": "2020-04-24 23:42:47", "elapsed": 1133.936311, "delta": 1.174112}}
{"target": 0.6329688000000001, "params": {"alpha": 0.017800763284018917, "colsample_bytree": 0.899678143634022, "lam": 0.9913413016070767, "max_depth": 6.0, "min_child_weight": 9.0, "subsample": 0.5656528019326141}, "datetime": {"datetime": "2020-04-24 23:42:48", "elapsed": 1135.133483, "delta": 1.197172}}
{"target": 0.6452985999999999, "params": {"alpha": 0.017800763284018917, "colsample_bytree": 0.8556018334046783, "lam": 0.9913413016070767, "max_depth": 6.0, "min_child_weight": 9.0, "subsample": 0.8620966502035603}, "datetime": {"datetime": "2020-04-24 23:42:49", "elapsed": 1136.4417, "delta": 1.308217}}
{"target": 0.6220288, "params": {"alpha": 0.017800763284018917, "colsample_bytree": 0.9, "lam": 0.9913413016070767, "max_depth": 6.0, "min_child_weight": 9.0, "subsample": 0.5}, "datetime": {"datetime": "2020-04-24 23:42:50", "elapsed": 1137.676196, "delta": 1.234496}}
{"target": 0.6441138, "params": {"alpha": 0.017800763284018917, "colsample_bytree": 0.7405631221775485, "lam": 0.9913413016070767, "max_depth": 6.0, "min_child_weight": 9.0, "subsample": 0.8174530642311394}, "datetime": {"datetime": "2020-04-24 23:42:52", "elapsed": 1138.987485, "delta": 1.311289}}
