{"target": 0.6538858, "params": {"alpha": 0.17967233063479537, "colsample_bytree": 0.8978497581278531, "lam": 0.9991957939543563, "max_depth": 5.0, "min_child_weight": 3.0, "subsample": 0.8252602948337303}, "datetime": {"datetime": "2020-04-25 00:17:22", "elapsed": 1503.637825, "delta": 4.997649}}
{"target": 0.5986342, "params": {"alpha": 0.17967233063479537, "colsample_bytree": 0.5833954303553911, "lam": 0.9991957939543563, "max_depth": 5.0, "min_child_weight": 3.0, "subsample": 0.6313554779237764}, "datetime": {"datetime": "2020-04-25 00:17:27", "elapsed": 1509.06535, "delta": 5.427525}}
{"target": 0.628919, "params": {"alpha": 0.17967233063479537, "colsample_bytree": 0.8591020209409488, "lam": 0.9991957939543563, "max_depth": 5.0, "min_child_weight": 3.0, "subsample": 0.5379804361849878}, "datetime": {"datetime": "2020-04-25 00:17:32", "elapsed": 1514.091011, "delta": 5.025661}}
{"target": 0.6397372, "params": {"alpha": 0.17967233063479537, "colsample_bytree": 0.8961898284990503, "lam": 0.9991957939543563, "max_depth": 5.0, "min_child_weight": 3.0, "subsample": 0.8224812866629989}, "datetime": {"datetime": "2020-04-25 00:17:37", "elapsed": 1519.116795, "delta": 5.025784}}
{"target": 0.6010358, "params": {"alpha": 0.17967233063479537, "colsample_bytree": 0.6447121782980818, "lam": 0.9991957939543563, "max_depth": 5.0, "min_child_weight": 3.0, "subsample": 0.6891229091372343}, "datetime": {"datetime": "2020-04-25 00:17:41", "elapsed": 1523.069879, "delta": 3.953084}}
{"target": 0.6022656000000001, "params": {"alpha": 0.17967233063479537, "colsample_bytree": 0.6091723148370571, "lam": 0.9991957939543563, "max_depth": 5.0, "min_child_weight": 3.0, "subsample": 0.5380389414561714}, "datetime": {"datetime": "2020-04-25 00:17:45", "elapsed": 1526.933135, "delta": 3.863256}}
{"target": 0.6001908, "params": {"alpha": 0.17967233063479537, "colsample_bytree": 0.5141728964102346, "lam": 0.9991957939543563, "max_depth": 5.0, "min_child_weight": 3.0, "subsample": 0.7599055662317646}, "datetime": {"datetime": "2020-04-25 00:17:49", "elapsed": 1530.757444, "delta": 3.824309}}
{"target": 0.6442408000000001, "params": {"alpha": 0.17967233063479537, "colsample_bytree": 0.899277036198742, "lam": 0.9991957939543563, "max_depth": 5.0, "min_child_weight": 3.0, "subsample": 0.8236117108576275}, "datetime": {"datetime": "2020-04-25 00:17:54", "elapsed": 1535.873545, "delta": 5.116101}}
{"target": 0.5967988, "params": {"alpha": 0.17967233063479537, "colsample_bytree": 0.5006529510721854, "lam": 0.9991957939543563, "max_depth": 5.0, "min_child_weight": 3.0, "subsample": 0.6851189906815474}, "datetime": {"datetime": "2020-04-25 00:17:57", "elapsed": 1539.344521, "delta": 3.470976}}
{"target": 0.6475736000000001, "params": {"alpha": 0.17967233063479537, "colsample_bytree": 0.8989996006579992, "lam": 0.9991957939543563, "max_depth": 5.0, "min_child_weight": 3.0, "subsample": 0.8281396581026443}, "datetime": {"datetime": "2020-04-25 00:18:02", "elapsed": 1544.119209, "delta": 4.774688}}
{"target": 0.645386, "params": {"alpha": 0.17967233063479537, "colsample_bytree": 0.8996602092976083, "lam": 0.9991957939543563, "max_depth": 5.0, "min_child_weight": 3.0, "subsample": 0.828430355344894}, "datetime": {"datetime": "2020-04-25 00:18:08", "elapsed": 1549.899953, "delta": 5.780744}}
{"target": 0.6525212, "params": {"alpha": 0.17967233063479537, "colsample_bytree": 0.8980665775458494, "lam": 0.9991957939543563, "max_depth": 5.0, "min_child_weight": 3.0, "subsample": 0.8267920233216155}, "datetime": {"datetime": "2020-04-25 00:18:14", "elapsed": 1555.845149, "delta": 5.945196}}
{"target": 0.5936208000000001, "params": {"alpha": 0.17967233063479537, "colsample_bytree": 0.547940022097702, "lam": 0.9991957939543563, "max_depth": 5.0, "min_child_weight": 3.0, "subsample": 0.5695366140787861}, "datetime": {"datetime": "2020-04-25 00:18:18", "elapsed": 1560.213953, "delta": 4.368804}}
{"target": 0.64331, "params": {"alpha": 0.17967233063479537, "colsample_bytree": 0.8123425880179549, "lam": 0.9991957939543563, "max_depth": 5.0, "min_child_weight": 3.0, "subsample": 0.8233329870361953}, "datetime": {"datetime": "2020-04-25 00:18:24", "elapsed": 1566.034725, "delta": 5.820772}}
{"target": 0.6537298, "params": {"alpha": 0.17967233063479537, "colsample_bytree": 0.8999368698199341, "lam": 0.9991957939543563, "max_depth": 5.0, "min_child_weight": 3.0, "subsample": 0.8293675540069152}, "datetime": {"datetime": "2020-04-25 00:18:30", "elapsed": 1572.206235, "delta": 6.17151}}
{"target": 0.6496924, "params": {"alpha": 0.17967233063479537, "colsample_bytree": 0.8998342253207177, "lam": 0.9991957939543563, "max_depth": 5.0, "min_child_weight": 3.0, "subsample": 0.8280009305345857}, "datetime": {"datetime": "2020-04-25 00:18:37", "elapsed": 1578.909374, "delta": 6.703139}}
{"target": 0.648728, "params": {"alpha": 0.17967233063479537, "colsample_bytree": 0.8984782324293701, "lam": 0.9991957939543563, "max_depth": 5.0, "min_child_weight": 3.0, "subsample": 0.8262112029326993}, "datetime": {"datetime": "2020-04-25 00:18:43", "elapsed": 1584.757335, "delta": 5.847961}}
{"target": 0.6398252, "params": {"alpha": 0.17967233063479537, "colsample_bytree": 0.8995927314653674, "lam": 0.9991957939543563, "max_depth": 5.0, "min_child_weight": 3.0, "subsample": 0.8223543148610617}, "datetime": {"datetime": "2020-04-25 00:18:49", "elapsed": 1590.555314, "delta": 5.797979}}
{"target": 0.6438385999999999, "params": {"alpha": 0.17967233063479537, "colsample_bytree": 0.8524281211641976, "lam": 0.9991957939543563, "max_depth": 5.0, "min_child_weight": 3.0, "subsample": 0.8591594929786044}, "datetime": {"datetime": "2020-04-25 00:18:53", "elapsed": 1594.599226, "delta": 4.043912}}
{"target": 0.6142258, "params": {"alpha": 0.17967233063479537, "colsample_bytree": 0.6913396746861662, "lam": 0.9991957939543563, "max_depth": 5.0, "min_child_weight": 3.0, "subsample": 0.685108107179788}, "datetime": {"datetime": "2020-04-25 00:18:58", "elapsed": 1599.61839, "delta": 5.019164}}
{"target": 0.6208228, "params": {"alpha": 0.17967233063479537, "colsample_bytree": 0.6877802529771782, "lam": 0.9991957939543563, "max_depth": 5.0, "min_child_weight": 3.0, "subsample": 0.5745290591065157}, "datetime": {"datetime": "2020-04-25 00:19:03", "elapsed": 1604.738674, "delta": 5.120284}}
{"target": 0.6052574, "params": {"alpha": 0.17967233063479537, "colsample_bytree": 0.5974377075155947, "lam": 0.9991957939543563, "max_depth": 5.0, "min_child_weight": 3.0, "subsample": 0.6635074202299298}, "datetime": {"datetime": "2020-04-25 00:19:08", "elapsed": 1609.568778, "delta": 4.830104}}
{"target": 0.6287955999999999, "params": {"alpha": 0.17967233063479537, "colsample_bytree": 0.8299601491112206, "lam": 0.9991957939543563, "max_depth": 5.0, "min_child_weight": 3.0, "subsample": 0.7159054602147911}, "datetime": {"datetime": "2020-04-25 00:19:13", "elapsed": 1614.894572, "delta": 5.325794}}
{"target": 0.606097, "params": {"alpha": 0.17967233063479537, "colsample_bytree": 0.5667953349735632, "lam": 0.9991957939543563, "max_depth": 5.0, "min_child_weight": 3.0, "subsample": 0.6991536578589362}, "datetime": {"datetime": "2020-04-25 00:19:18", "elapsed": 1620.060698, "delta": 5.166126}}
{"target": 0.6369014, "params": {"alpha": 0.17967233063479537, "colsample_bytree": 0.846279557861728, "lam": 0.9991957939543563, "max_depth": 5.0, "min_child_weight": 3.0, "subsample": 0.8407953707568248}, "datetime": {"datetime": "2020-04-25 00:19:25", "elapsed": 1626.714086, "delta": 6.653388}}
{"target": 0.6400582, "params": {"alpha": 0.17967233063479537, "colsample_bytree": 0.8396338757396451, "lam": 0.9991957939543563, "max_depth": 5.0, "min_child_weight": 3.0, "subsample": 0.8717106687751957}, "datetime": {"datetime": "2020-04-25 00:19:31", "elapsed": 1633.096109, "delta": 6.382023}}
{"target": 0.6332829999999999, "params": {"alpha": 0.17967233063479537, "colsample_bytree": 0.8582585920388172, "lam": 0.9991957939543563, "max_depth": 5.0, "min_child_weight": 3.0, "subsample": 0.8775140213630985}, "datetime": {"datetime": "2020-04-25 00:19:37", "elapsed": 1639.285777, "delta": 6.189668}}
{"target": 0.6504764000000001, "params": {"alpha": 0.17967233063479537, "colsample_bytree": 0.8997264954249256, "lam": 0.9991957939543563, "max_depth": 5.0, "min_child_weight": 3.0, "subsample": 0.8279081611150211}, "datetime": {"datetime": "2020-04-25 00:19:43", "elapsed": 1645.520999, "delta": 6.235222}}
{"target": 0.650171, "params": {"alpha": 0.17967233063479537, "colsample_bytree": 0.8977563779663716, "lam": 0.9991957939543563, "max_depth": 5.0, "min_child_weight": 3.0, "subsample": 0.8279335670709485}, "datetime": {"datetime": "2020-04-25 00:19:50", "elapsed": 1652.065831, "delta": 6.544832}}
{"target": 0.6515148, "params": {"alpha": 0.17967233063479537, "colsample_bytree": 0.899582754580244, "lam": 0.9991957939543563, "max_depth": 5.0, "min_child_weight": 3.0, "subsample": 0.82521832536596}, "datetime": {"datetime": "2020-04-25 00:19:56", "elapsed": 1657.943139, "delta": 5.877308}}
{"target": 0.6521998, "params": {"alpha": 0.17967233063479537, "colsample_bytree": 0.8994937226416884, "lam": 0.9991957939543563, "max_depth": 5.0, "min_child_weight": 3.0, "subsample": 0.8257014560872744}, "datetime": {"datetime": "2020-04-25 00:20:03", "elapsed": 1664.817704, "delta": 6.874565}}
{"target": 0.6358425999999999, "params": {"alpha": 0.17967233063479537, "colsample_bytree": 0.7423543669008044, "lam": 0.9991957939543563, "max_depth": 5.0, "min_child_weight": 3.0, "subsample": 0.8173044844929201}, "datetime": {"datetime": "2020-04-25 00:20:09", "elapsed": 1670.687294, "delta": 5.86959}}
{"target": 0.6503523999999999, "params": {"alpha": 0.17967233063479537, "colsample_bytree": 0.8994953098003751, "lam": 0.9991957939543563, "max_depth": 5.0, "min_child_weight": 3.0, "subsample": 0.826985156606578}, "datetime": {"datetime": "2020-04-25 00:20:16", "elapsed": 1677.610246, "delta": 6.922952}}
{"target": 0.6394956, "params": {"alpha": 0.17967233063479537, "colsample_bytree": 0.7871724441026936, "lam": 0.9991957939543563, "max_depth": 5.0, "min_child_weight": 3.0, "subsample": 0.8999579308572199}, "datetime": {"datetime": "2020-04-25 00:20:22", "elapsed": 1683.639396, "delta": 6.02915}}
{"target": 0.6464846, "params": {"alpha": 0.17967233063479537, "colsample_bytree": 0.8971351197717461, "lam": 0.9991957939543563, "max_depth": 5.0, "min_child_weight": 3.0, "subsample": 0.8284841629015005}, "datetime": {"datetime": "2020-04-25 00:20:28", "elapsed": 1689.840442, "delta": 6.201046}}
{"target": 0.648058, "params": {"alpha": 0.17967233063479537, "colsample_bytree": 0.8995942327749955, "lam": 0.9991957939543563, "max_depth": 5.0, "min_child_weight": 3.0, "subsample": 0.8271325598045791}, "datetime": {"datetime": "2020-04-25 00:20:35", "elapsed": 1696.689348, "delta": 6.848906}}
{"target": 0.6480618, "params": {"alpha": 0.17967233063479537, "colsample_bytree": 0.8965823959715831, "lam": 0.9991957939543563, "max_depth": 5.0, "min_child_weight": 3.0, "subsample": 0.827221444371987}, "datetime": {"datetime": "2020-04-25 00:20:41", "elapsed": 1703.490074, "delta": 6.800726}}
{"target": 0.636808, "params": {"alpha": 0.17967233063479537, "colsample_bytree": 0.8416617129433621, "lam": 0.9991957939543563, "max_depth": 5.0, "min_child_weight": 3.0, "subsample": 0.858930810697355}, "datetime": {"datetime": "2020-04-25 00:20:48", "elapsed": 1710.435253, "delta": 6.945179}}
{"target": 0.6376908, "params": {"alpha": 0.17967233063479537, "colsample_bytree": 0.716082642853926, "lam": 0.9991957939543563, "max_depth": 5.0, "min_child_weight": 3.0, "subsample": 0.8809305522889701}, "datetime": {"datetime": "2020-04-25 00:20:54", "elapsed": 1715.835554, "delta": 5.400301}}
{"target": 0.6418206, "params": {"alpha": 0.17967233063479537, "colsample_bytree": 0.8997171795401727, "lam": 0.9991957939543563, "max_depth": 5.0, "min_child_weight": 3.0, "subsample": 0.8302680778938054}, "datetime": {"datetime": "2020-04-25 00:21:02", "elapsed": 1723.595361, "delta": 7.759807}}
{"target": 0.6406626, "params": {"alpha": 0.17967233063479537, "colsample_bytree": 0.8327950707222807, "lam": 0.9991957939543563, "max_depth": 5.0, "min_child_weight": 3.0, "subsample": 0.7737443745117099}, "datetime": {"datetime": "2020-04-25 00:21:08", "elapsed": 1729.877058, "delta": 6.281697}}
{"target": 0.6480583999999999, "params": {"alpha": 0.17967233063479537, "colsample_bytree": 0.8968361197691925, "lam": 0.9991957939543563, "max_depth": 5.0, "min_child_weight": 3.0, "subsample": 0.8271420048058975}, "datetime": {"datetime": "2020-04-25 00:21:15", "elapsed": 1736.882748, "delta": 7.00569}}
{"target": 0.6547172, "params": {"alpha": 0.17967233063479537, "colsample_bytree": 0.8973961695529408, "lam": 0.9991957939543563, "max_depth": 5.0, "min_child_weight": 3.0, "subsample": 0.8257947813995027}, "datetime": {"datetime": "2020-04-25 00:21:22", "elapsed": 1743.834485, "delta": 6.951737}}
{"target": 0.5746366, "params": {"alpha": 0.17967233063479537, "colsample_bytree": 0.5004221638942966, "lam": 0.9991957939543563, "max_depth": 5.0, "min_child_weight": 3.0, "subsample": 0.6053819525033508}, "datetime": {"datetime": "2020-04-25 00:21:27", "elapsed": 1748.654394, "delta": 4.819909}}
{"target": 0.6058112, "params": {"alpha": 0.17967233063479537, "colsample_bytree": 0.545068058374678, "lam": 0.9991957939543563, "max_depth": 5.0, "min_child_weight": 3.0, "subsample": 0.5002637225825921}, "datetime": {"datetime": "2020-04-25 00:21:32", "elapsed": 1753.854546, "delta": 5.200152}}
{"target": 0.612041, "params": {"alpha": 0.17967233063479537, "colsample_bytree": 0.6060291531681314, "lam": 0.9991957939543563, "max_depth": 5.0, "min_child_weight": 3.0, "subsample": 0.7324267243520458}, "datetime": {"datetime": "2020-04-25 00:21:38", "elapsed": 1760.260003, "delta": 6.405457}}
{"target": 0.6464846, "params": {"alpha": 0.17967233063479537, "colsample_bytree": 0.8988087760202781, "lam": 0.9991957939543563, "max_depth": 5.0, "min_child_weight": 3.0, "subsample": 0.8285159111317415}, "datetime": {"datetime": "2020-04-25 00:21:45", "elapsed": 1766.911917, "delta": 6.651914}}
{"target": 0.6480612, "params": {"alpha": 0.17967233063479537, "colsample_bytree": 0.8997848368445778, "lam": 0.9991957939543563, "max_depth": 5.0, "min_child_weight": 3.0, "subsample": 0.8270830902056514}, "datetime": {"datetime": "2020-04-25 00:21:52", "elapsed": 1774.153613, "delta": 7.241696}}
{"target": 0.6348933999999999, "params": {"alpha": 0.17967233063479537, "colsample_bytree": 0.8145413708003284, "lam": 0.9991957939543563, "max_depth": 5.0, "min_child_weight": 3.0, "subsample": 0.8823036451477739}, "datetime": {"datetime": "2020-04-25 00:21:59", "elapsed": 1781.428445, "delta": 7.274832}}
{"target": 0.6367716000000001, "params": {"alpha": 0.17967233063479537, "colsample_bytree": 0.7364800706745944, "lam": 0.9991957939543563, "max_depth": 5.0, "min_child_weight": 3.0, "subsample": 0.7736421612085946}, "datetime": {"datetime": "2020-04-25 00:22:06", "elapsed": 1787.65187, "delta": 6.223425}}
{"target": 0.6525212, "params": {"alpha": 0.17967233063479537, "colsample_bytree": 0.8987535268864939, "lam": 0.9991957939543563, "max_depth": 5.0, "min_child_weight": 3.0, "subsample": 0.8268091290026984}, "datetime": {"datetime": "2020-04-25 00:22:12", "elapsed": 1794.30762, "delta": 6.65575}}
{"target": 0.6538525999999999, "params": {"alpha": 0.17967233063479537, "colsample_bytree": 0.8970501322214315, "lam": 0.9991957939543563, "max_depth": 5.0, "min_child_weight": 3.0, "subsample": 0.8275398306282147}, "datetime": {"datetime": "2020-04-25 00:22:20", "elapsed": 1801.701531, "delta": 7.393911}}
{"target": 0.6102126, "params": {"alpha": 0.17967233063479537, "colsample_bytree": 0.8787556115915459, "lam": 0.9991957939543563, "max_depth": 5.0, "min_child_weight": 3.0, "subsample": 0.6202321300433822}, "datetime": {"datetime": "2020-04-25 00:22:28", "elapsed": 1809.55253, "delta": 7.850999}}
{"target": 0.6173098, "params": {"alpha": 0.17967233063479537, "colsample_bytree": 0.835972077965832, "lam": 0.9991957939543563, "max_depth": 5.0, "min_child_weight": 3.0, "subsample": 0.6488171353623345}, "datetime": {"datetime": "2020-04-25 00:22:33", "elapsed": 1815.519127, "delta": 5.966597}}
{"target": 0.5872662, "params": {"alpha": 0.17967233063479537, "colsample_bytree": 0.5806523500610486, "lam": 0.9991957939543563, "max_depth": 5.0, "min_child_weight": 3.0, "subsample": 0.8035055708549033}, "datetime": {"datetime": "2020-04-25 00:22:41", "elapsed": 1823.419595, "delta": 7.900468}}
{"target": 0.6274796, "params": {"alpha": 0.17967233063479537, "colsample_bytree": 0.6353092900290197, "lam": 0.9991957939543563, "max_depth": 5.0, "min_child_weight": 3.0, "subsample": 0.7901351623921663}, "datetime": {"datetime": "2020-04-25 00:22:49", "elapsed": 1830.748748, "delta": 7.329153}}
{"target": 0.6012962, "params": {"alpha": 0.17967233063479537, "colsample_bytree": 0.5010198760564785, "lam": 0.9991957939543563, "max_depth": 5.0, "min_child_weight": 3.0, "subsample": 0.8701626462312426}, "datetime": {"datetime": "2020-04-25 00:22:56", "elapsed": 1837.931216, "delta": 7.182468}}
{"target": 0.6028008, "params": {"alpha": 0.17967233063479537, "colsample_bytree": 0.5539871215236809, "lam": 0.9991957939543563, "max_depth": 5.0, "min_child_weight": 3.0, "subsample": 0.8573814119409943}, "datetime": {"datetime": "2020-04-25 00:23:04", "elapsed": 1845.673339, "delta": 7.742123}}
{"target": 0.6021294, "params": {"alpha": 0.17967233063479537, "colsample_bytree": 0.5269440105046695, "lam": 0.9991957939543563, "max_depth": 5.0, "min_child_weight": 3.0, "subsample": 0.8992589025635976}, "datetime": {"datetime": "2020-04-25 00:23:11", "elapsed": 1852.780849, "delta": 7.10751}}
{"target": 0.6044995999999999, "params": {"alpha": 0.17967233063479537, "colsample_bytree": 0.7386736504715784, "lam": 0.9991957939543563, "max_depth": 5.0, "min_child_weight": 3.0, "subsample": 0.5233115118425252}, "datetime": {"datetime": "2020-04-25 00:23:20", "elapsed": 1861.866176, "delta": 9.085327}}
{"target": 0.6372717999999999, "params": {"alpha": 0.17967233063479537, "colsample_bytree": 0.6875138659901298, "lam": 0.9991957939543563, "max_depth": 5.0, "min_child_weight": 3.0, "subsample": 0.8829722896694057}, "datetime": {"datetime": "2020-04-25 00:23:28", "elapsed": 1870.482435, "delta": 8.616259}}
{"target": 0.6448183999999999, "params": {"alpha": 0.17967233063479537, "colsample_bytree": 0.8799234873599289, "lam": 0.9991957939543563, "max_depth": 5.0, "min_child_weight": 3.0, "subsample": 0.7782253539022144}, "datetime": {"datetime": "2020-04-25 00:23:35", "elapsed": 1877.363534, "delta": 6.881099}}
{"target": 0.6148086, "params": {"alpha": 0.17967233063479537, "colsample_bytree": 0.899953943217554, "lam": 0.9991957939543563, "max_depth": 5.0, "min_child_weight": 3.0, "subsample": 0.5653712506102576}, "datetime": {"datetime": "2020-04-25 00:23:43", "elapsed": 1884.5573, "delta": 7.193766}}
{"target": 0.6224498, "params": {"alpha": 0.17967233063479537, "colsample_bytree": 0.6456928822947401, "lam": 0.9991957939543563, "max_depth": 5.0, "min_child_weight": 3.0, "subsample": 0.8354949820855084}, "datetime": {"datetime": "2020-04-25 00:23:51", "elapsed": 1893.424438, "delta": 8.867138}}
{"target": 0.6269566000000001, "params": {"alpha": 0.17967233063479537, "colsample_bytree": 0.6613836031190737, "lam": 0.9991957939543563, "max_depth": 5.0, "min_child_weight": 3.0, "subsample": 0.7527598990082823}, "datetime": {"datetime": "2020-04-25 00:24:01", "elapsed": 1902.97952, "delta": 9.555082}}
{"target": 0.6259826, "params": {"alpha": 0.17967233063479537, "colsample_bytree": 0.622630342816864, "lam": 0.9991957939543563, "max_depth": 5.0, "min_child_weight": 3.0, "subsample": 0.7618207593054296}, "datetime": {"datetime": "2020-04-25 00:24:11", "elapsed": 1912.671062, "delta": 9.691542}}
{"target": 0.6231496, "params": {"alpha": 0.17967233063479537, "colsample_bytree": 0.7388514632915486, "lam": 0.9991957939543563, "max_depth": 5.0, "min_child_weight": 3.0, "subsample": 0.5864834964541947}, "datetime": {"datetime": "2020-04-25 00:24:20", "elapsed": 1921.650186, "delta": 8.979124}}
{"target": 0.6456139999999999, "params": {"alpha": 0.17967233063479537, "colsample_bytree": 0.8826026183941773, "lam": 0.9991957939543563, "max_depth": 5.0, "min_child_weight": 3.0, "subsample": 0.7903111323448034}, "datetime": {"datetime": "2020-04-25 00:24:29", "elapsed": 1930.611423, "delta": 8.961237}}
{"target": 0.6421709999999999, "params": {"alpha": 0.17967233063479537, "colsample_bytree": 0.7434387475760234, "lam": 0.9991957939543563, "max_depth": 5.0, "min_child_weight": 3.0, "subsample": 0.8807050018814857}, "datetime": {"datetime": "2020-04-25 00:24:37", "elapsed": 1938.997265, "delta": 8.385842}}
{"target": 0.6468640000000001, "params": {"alpha": 0.17967233063479537, "colsample_bytree": 0.8331133181032582, "lam": 0.9991957939543563, "max_depth": 5.0, "min_child_weight": 3.0, "subsample": 0.8170406729967662}, "datetime": {"datetime": "2020-04-25 00:24:46", "elapsed": 1947.728639, "delta": 8.731374}}
{"target": 0.6217368000000001, "params": {"alpha": 0.17967233063479537, "colsample_bytree": 0.7336750323623626, "lam": 0.9991957939543563, "max_depth": 5.0, "min_child_weight": 3.0, "subsample": 0.7461015673390814}, "datetime": {"datetime": "2020-04-25 00:24:55", "elapsed": 1956.981943, "delta": 9.253304}}
{"target": 0.6315238, "params": {"alpha": 0.17967233063479537, "colsample_bytree": 0.6986397411248038, "lam": 0.9991957939543563, "max_depth": 5.0, "min_child_weight": 3.0, "subsample": 0.7750660199907649}, "datetime": {"datetime": "2020-04-25 00:25:05", "elapsed": 1966.694301, "delta": 9.712358}}
{"target": 0.6406458, "params": {"alpha": 0.17967233063479537, "colsample_bytree": 0.7844618572829393, "lam": 0.9991957939543563, "max_depth": 5.0, "min_child_weight": 3.0, "subsample": 0.7628171043192067}, "datetime": {"datetime": "2020-04-25 00:25:13", "elapsed": 1974.740095, "delta": 8.045794}}
