{"target": 0.6500958, "params": {"alpha": 0.9994369371280691, "lam": 0.9997132916776152, "max_depth": 5.0, "min_child_weight": 3.0}, "datetime": {"datetime": "2020-04-25 00:06:01", "elapsed": 822.565641, "delta": 2.749667}}
{"target": 0.6500982000000001, "params": {"alpha": 0.6215544127072213, "lam": 0.9999060947078984, "max_depth": 5.0, "min_child_weight": 3.0}, "datetime": {"datetime": "2020-04-25 00:06:03", "elapsed": 825.131555, "delta": 2.565914}}
{"target": 0.6500968, "params": {"alpha": 0.7761045591091228, "lam": 0.9992054588960925, "max_depth": 5.0, "min_child_weight": 3.0}, "datetime": {"datetime": "2020-04-25 00:06:06", "elapsed": 827.94935, "delta": 2.817795}}
{"target": 0.6500980000000001, "params": {"alpha": 0.6623414289886054, "lam": 0.9999288539205653, "max_depth": 5.0, "min_child_weight": 3.0}, "datetime": {"datetime": "2020-04-25 00:06:09", "elapsed": 830.606074, "delta": 2.656724}}
{"target": 0.6500956, "params": {"alpha": 0.9854656779785623, "lam": 0.9995711293796423, "max_depth": 5.0, "min_child_weight": 3.0}, "datetime": {"datetime": "2020-04-25 00:06:12", "elapsed": 833.686638, "delta": 3.080564}}
{"target": 0.6500975999999999, "params": {"alpha": 0.7433695384503727, "lam": 0.999920437425121, "max_depth": 5.0, "min_child_weight": 3.0}, "datetime": {"datetime": "2020-04-25 00:06:15", "elapsed": 836.727438, "delta": 3.0408}}
{"target": 0.6500961999999999, "params": {"alpha": 0.9787177772172746, "lam": 0.999878073344968, "max_depth": 5.0, "min_child_weight": 3.0}, "datetime": {"datetime": "2020-04-25 00:06:17", "elapsed": 839.531539, "delta": 2.804101}}
{"target": 0.6500996000000001, "params": {"alpha": 0.41307330657539487, "lam": 0.9998841903692504, "max_depth": 5.0, "min_child_weight": 3.0}, "datetime": {"datetime": "2020-04-25 00:06:20", "elapsed": 842.379929, "delta": 2.84839}}
{"target": 0.6501012, "params": {"alpha": 0.15662370377810586, "lam": 0.9999834984209289, "max_depth": 5.0, "min_child_weight": 3.0}, "datetime": {"datetime": "2020-04-25 00:06:23", "elapsed": 845.19216, "delta": 2.812231}}
{"target": 0.6500964, "params": {"alpha": 0.874962252026468, "lam": 0.9998548369901351, "max_depth": 5.0, "min_child_weight": 3.0}, "datetime": {"datetime": "2020-04-25 00:06:26", "elapsed": 848.444898, "delta": 3.252738}}
{"target": 0.650099, "params": {"alpha": 0.4311989551264307, "lam": 0.999930419219974, "max_depth": 5.0, "min_child_weight": 3.0}, "datetime": {"datetime": "2020-04-25 00:06:29", "elapsed": 851.309863, "delta": 2.864965}}
{"target": 0.6501013999999999, "params": {"alpha": 0.13550422170107912, "lam": 0.9999619838528381, "max_depth": 5.0, "min_child_weight": 3.0}, "datetime": {"datetime": "2020-04-25 00:06:32", "elapsed": 854.395436, "delta": 3.085573}}
{"target": 0.6500956, "params": {"alpha": 0.9932361507292474, "lam": 0.9993746131735025, "max_depth": 5.0, "min_child_weight": 3.0}, "datetime": {"datetime": "2020-04-25 00:06:35", "elapsed": 857.323163, "delta": 2.927727}}
{"target": 0.6500998, "params": {"alpha": 0.3623937023319922, "lam": 0.9999330766020782, "max_depth": 5.0, "min_child_weight": 3.0}, "datetime": {"datetime": "2020-04-25 00:06:38", "elapsed": 860.540058, "delta": 3.216895}}
{"target": 0.6500972, "params": {"alpha": 0.776396186910434, "lam": 0.9997689001041724, "max_depth": 5.0, "min_child_weight": 3.0}, "datetime": {"datetime": "2020-04-25 00:06:41", "elapsed": 863.281188, "delta": 2.74113}}
{"target": 0.6500961999999999, "params": {"alpha": 0.9167020237768837, "lam": 0.999872318212358, "max_depth": 5.0, "min_child_weight": 3.0}, "datetime": {"datetime": "2020-04-25 00:06:44", "elapsed": 866.355799, "delta": 3.074611}}
{"target": 0.6500969999999999, "params": {"alpha": 0.820620629497277, "lam": 0.9999535416383267, "max_depth": 5.0, "min_child_weight": 3.0}, "datetime": {"datetime": "2020-04-25 00:06:48", "elapsed": 869.838212, "delta": 3.482413}}
{"target": 0.6501007999999999, "params": {"alpha": 0.16822118692752308, "lam": 0.999690952445309, "max_depth": 5.0, "min_child_weight": 3.0}, "datetime": {"datetime": "2020-04-25 00:06:51", "elapsed": 872.912823, "delta": 3.074611}}
{"target": 0.6500964, "params": {"alpha": 0.9220264188776831, "lam": 0.9999529510603491, "max_depth": 5.0, "min_child_weight": 3.0}, "datetime": {"datetime": "2020-04-25 00:06:54", "elapsed": 876.275104, "delta": 3.362281}}
{"target": 0.6500968, "params": {"alpha": 0.8651665803568289, "lam": 0.9999851112224195, "max_depth": 5.0, "min_child_weight": 3.0}, "datetime": {"datetime": "2020-04-25 00:06:57", "elapsed": 879.255475, "delta": 2.980371}}
{"target": 0.6500972, "params": {"alpha": 0.772660067166918, "lam": 0.9998056061548516, "max_depth": 5.0, "min_child_weight": 3.0}, "datetime": {"datetime": "2020-04-25 00:07:00", "elapsed": 882.332535, "delta": 3.07706}}
{"target": 0.6500984, "params": {"alpha": 0.6130885225341624, "lam": 0.9999509936535741, "max_depth": 5.0, "min_child_weight": 3.0}, "datetime": {"datetime": "2020-04-25 00:07:03", "elapsed": 885.322433, "delta": 2.989898}}
{"target": 0.6501008, "params": {"alpha": 0.18837292992746768, "lam": 0.9997871238635381, "max_depth": 5.0, "min_child_weight": 3.0}, "datetime": {"datetime": "2020-04-25 00:07:07", "elapsed": 888.743723, "delta": 3.42129}}
{"target": 0.6501012, "params": {"alpha": 0.15728401132736958, "lam": 0.9999383122230874, "max_depth": 5.0, "min_child_weight": 3.0}, "datetime": {"datetime": "2020-04-25 00:07:10", "elapsed": 891.603821, "delta": 2.860098}}
{"target": 0.6500972, "params": {"alpha": 0.8020237424543117, "lam": 0.9997961397242505, "max_depth": 5.0, "min_child_weight": 3.0}, "datetime": {"datetime": "2020-04-25 00:07:12", "elapsed": 894.513774, "delta": 2.909953}}
{"target": 0.6500972, "params": {"alpha": 0.7541964262477694, "lam": 0.9999464028136267, "max_depth": 5.0, "min_child_weight": 3.0}, "datetime": {"datetime": "2020-04-25 00:07:16", "elapsed": 898.034214, "delta": 3.52044}}
{"target": 0.6500958000000001, "params": {"alpha": 0.9964969529381213, "lam": 0.9998426695817989, "max_depth": 5.0, "min_child_weight": 3.0}, "datetime": {"datetime": "2020-04-25 00:07:19", "elapsed": 901.38001, "delta": 3.345796}}
{"target": 0.6500999999999999, "params": {"alpha": 0.3373519403831551, "lam": 0.9998559837212004, "max_depth": 5.0, "min_child_weight": 3.0}, "datetime": {"datetime": "2020-04-25 00:07:23", "elapsed": 904.906475, "delta": 3.526465}}
{"target": 0.6501007999999999, "params": {"alpha": 0.2461870931403829, "lam": 0.999938026425949, "max_depth": 5.0, "min_child_weight": 3.0}, "datetime": {"datetime": "2020-04-25 00:07:27", "elapsed": 908.582215, "delta": 3.67574}}
{"target": 0.6500980000000001, "params": {"alpha": 0.6302933803468431, "lam": 0.9996918771920015, "max_depth": 5.0, "min_child_weight": 3.0}, "datetime": {"datetime": "2020-04-25 00:07:30", "elapsed": 912.490267, "delta": 3.908052}}
{"target": 0.6500958000000001, "params": {"alpha": 0.9962334245726516, "lam": 0.9996134748092769, "max_depth": 5.0, "min_child_weight": 3.0}, "datetime": {"datetime": "2020-04-25 00:07:34", "elapsed": 915.662411, "delta": 3.172144}}
{"target": 0.650101, "params": {"alpha": 0.2053922272447919, "lam": 0.9999316255745802, "max_depth": 5.0, "min_child_weight": 3.0}, "datetime": {"datetime": "2020-04-25 00:07:37", "elapsed": 919.201083, "delta": 3.538672}}
{"target": 0.6500988, "params": {"alpha": 0.5128950115881025, "lam": 0.9998359162572595, "max_depth": 5.0, "min_child_weight": 3.0}, "datetime": {"datetime": "2020-04-25 00:07:41", "elapsed": 922.625409, "delta": 3.424326}}
{"target": 0.6501, "params": {"alpha": 0.3176796521339982, "lam": 0.9993914742273725, "max_depth": 5.0, "min_child_weight": 3.0}, "datetime": {"datetime": "2020-04-25 00:07:44", "elapsed": 925.987157, "delta": 3.361748}}
{"target": 0.6501, "params": {"alpha": 0.29632998620645634, "lam": 0.9998643888424444, "max_depth": 5.0, "min_child_weight": 3.0}, "datetime": {"datetime": "2020-04-25 00:07:47", "elapsed": 929.502017, "delta": 3.51486}}
{"target": 0.6500982, "params": {"alpha": 0.6071593472954888, "lam": 0.99993741363309, "max_depth": 5.0, "min_child_weight": 3.0}, "datetime": {"datetime": "2020-04-25 00:07:51", "elapsed": 933.21848, "delta": 3.716463}}
{"target": 0.6500996000000001, "params": {"alpha": 0.41128078083025055, "lam": 0.9998860301408558, "max_depth": 5.0, "min_child_weight": 3.0}, "datetime": {"datetime": "2020-04-25 00:07:55", "elapsed": 936.760286, "delta": 3.541806}}
{"target": 0.6500975999999999, "params": {"alpha": 0.7355082961844903, "lam": 0.9995663625623624, "max_depth": 5.0, "min_child_weight": 3.0}, "datetime": {"datetime": "2020-04-25 00:07:58", "elapsed": 940.420081, "delta": 3.659795}}
{"target": 0.6500966, "params": {"alpha": 0.892849956534135, "lam": 0.999979324249967, "max_depth": 5.0, "min_child_weight": 3.0}, "datetime": {"datetime": "2020-04-25 00:08:02", "elapsed": 943.724297, "delta": 3.304216}}
{"target": 0.6500984, "params": {"alpha": 0.5908953138513774, "lam": 0.9998997087774167, "max_depth": 5.0, "min_child_weight": 3.0}, "datetime": {"datetime": "2020-04-25 00:08:05", "elapsed": 947.072224, "delta": 3.347927}}
{"target": 0.6500986000000001, "params": {"alpha": 0.5285341787425982, "lam": 0.9997350789940795, "max_depth": 5.0, "min_child_weight": 3.0}, "datetime": {"datetime": "2020-04-25 00:08:08", "elapsed": 950.294654, "delta": 3.22243}}
{"target": 0.6500958000000001, "params": {"alpha": 0.9860188856051392, "lam": 0.999641292205484, "max_depth": 5.0, "min_child_weight": 3.0}, "datetime": {"datetime": "2020-04-25 00:08:12", "elapsed": 953.736351, "delta": 3.441697}}
{"target": 0.6500966, "params": {"alpha": 0.8965752659009536, "lam": 0.9999026664415275, "max_depth": 5.0, "min_child_weight": 3.0}, "datetime": {"datetime": "2020-04-25 00:08:15", "elapsed": 957.269329, "delta": 3.532978}}
{"target": 0.6500966, "params": {"alpha": 0.8965752659009536, "lam": 0.9999026664415275, "max_depth": 5.0, "min_child_weight": 3.0}, "datetime": {"datetime": "2020-04-25 00:08:18", "elapsed": 960.381043, "delta": 3.111714}}
{"target": 0.6501006, "params": {"alpha": 0.2831198687803612, "lam": 0.9999718923405233, "max_depth": 5.0, "min_child_weight": 3.0}, "datetime": {"datetime": "2020-04-25 00:08:22", "elapsed": 963.910987, "delta": 3.529944}}
{"target": 0.6500976, "params": {"alpha": 0.7161014123569731, "lam": 0.999877482635995, "max_depth": 5.0, "min_child_weight": 3.0}, "datetime": {"datetime": "2020-04-25 00:08:26", "elapsed": 967.659824, "delta": 3.748837}}
{"target": 0.650099, "params": {"alpha": 0.45058269843317866, "lam": 0.9998382629641303, "max_depth": 5.0, "min_child_weight": 3.0}, "datetime": {"datetime": "2020-04-25 00:08:29", "elapsed": 971.463566, "delta": 3.803742}}
{"target": 0.6500978, "params": {"alpha": 0.7008677408296676, "lam": 0.9998873442079795, "max_depth": 5.0, "min_child_weight": 3.0}, "datetime": {"datetime": "2020-04-25 00:08:33", "elapsed": 974.74296, "delta": 3.279394}}
{"target": 0.6500990000000001, "params": {"alpha": 0.5188683048183204, "lam": 0.9997140575096892, "max_depth": 5.0, "min_child_weight": 3.0}, "datetime": {"datetime": "2020-04-25 00:08:37", "elapsed": 978.889389, "delta": 4.146429}}
{"target": 0.6500984, "params": {"alpha": 0.5755320089424761, "lam": 0.9996178608056883, "max_depth": 5.0, "min_child_weight": 3.0}, "datetime": {"datetime": "2020-04-25 00:08:41", "elapsed": 982.769659, "delta": 3.88027}}
{"target": 0.6500966, "params": {"alpha": 0.9126980370854543, "lam": 0.9998051125751614, "max_depth": 5.0, "min_child_weight": 3.0}, "datetime": {"datetime": "2020-04-25 00:08:44", "elapsed": 986.543055, "delta": 3.773396}}
{"target": 0.6500958000000001, "params": {"alpha": 0.9920207660662768, "lam": 0.9998836092933613, "max_depth": 5.0, "min_child_weight": 3.0}, "datetime": {"datetime": "2020-04-25 00:08:48", "elapsed": 990.513766, "delta": 3.970711}}
{"target": 0.6500968, "params": {"alpha": 0.8094593715392823, "lam": 0.9997052063378994, "max_depth": 5.0, "min_child_weight": 3.0}, "datetime": {"datetime": "2020-04-25 00:08:52", "elapsed": 994.042962, "delta": 3.529196}}
{"target": 0.6500969999999999, "params": {"alpha": 0.8323825314384595, "lam": 0.9999642750128438, "max_depth": 5.0, "min_child_weight": 3.0}, "datetime": {"datetime": "2020-04-25 00:08:56", "elapsed": 997.77935, "delta": 3.736388}}
{"target": 0.6500999999999999, "params": {"alpha": 0.3053810627722452, "lam": 0.999940988547447, "max_depth": 5.0, "min_child_weight": 3.0}, "datetime": {"datetime": "2020-04-25 00:08:59", "elapsed": 1001.298046, "delta": 3.518696}}
{"target": 0.6500997999999999, "params": {"alpha": 0.32414238229954906, "lam": 0.999907595236726, "max_depth": 5.0, "min_child_weight": 3.0}, "datetime": {"datetime": "2020-04-25 00:09:03", "elapsed": 1004.763608, "delta": 3.465562}}
{"target": 0.6500960000000001, "params": {"alpha": 0.9696691209345752, "lam": 0.9996854986612922, "max_depth": 5.0, "min_child_weight": 3.0}, "datetime": {"datetime": "2020-04-25 00:09:07", "elapsed": 1008.677594, "delta": 3.913986}}
{"target": 0.6500984, "params": {"alpha": 0.5924449642987748, "lam": 0.9999024335494712, "max_depth": 5.0, "min_child_weight": 3.0}, "datetime": {"datetime": "2020-04-25 00:09:10", "elapsed": 1012.198968, "delta": 3.521374}}
{"target": 0.6500972, "params": {"alpha": 0.8115537355019898, "lam": 0.9999788947057383, "max_depth": 5.0, "min_child_weight": 3.0}, "datetime": {"datetime": "2020-04-25 00:09:14", "elapsed": 1016.164054, "delta": 3.965086}}
{"target": 0.6501006, "params": {"alpha": 0.19929619309640212, "lam": 0.9997631796095874, "max_depth": 5.0, "min_child_weight": 3.0}, "datetime": {"datetime": "2020-04-25 00:09:18", "elapsed": 1019.978931, "delta": 3.814877}}
{"target": 0.6501012, "params": {"alpha": 0.17296185503647632, "lam": 0.9998774559212475, "max_depth": 5.0, "min_child_weight": 3.0}, "datetime": {"datetime": "2020-04-25 00:09:21", "elapsed": 1023.509367, "delta": 3.530436}}
{"target": 0.6501002, "params": {"alpha": 0.26918449807622846, "lam": 0.9995951300732072, "max_depth": 5.0, "min_child_weight": 3.0}, "datetime": {"datetime": "2020-04-25 00:09:26", "elapsed": 1027.570645, "delta": 4.061278}}
{"target": 0.6500975999999999, "params": {"alpha": 0.7396435470654037, "lam": 0.9998483443353235, "max_depth": 5.0, "min_child_weight": 3.0}, "datetime": {"datetime": "2020-04-25 00:09:30", "elapsed": 1031.617482, "delta": 4.046837}}
{"target": 0.6500992, "params": {"alpha": 0.43101483529230744, "lam": 0.999867082710374, "max_depth": 5.0, "min_child_weight": 3.0}, "datetime": {"datetime": "2020-04-25 00:09:34", "elapsed": 1036.203552, "delta": 4.58607}}
{"target": 0.6500966, "params": {"alpha": 0.9078147550473373, "lam": 0.9998204180561906, "max_depth": 5.0, "min_child_weight": 3.0}, "datetime": {"datetime": "2020-04-25 00:09:38", "elapsed": 1040.208685, "delta": 4.005133}}
{"target": 0.6501002, "params": {"alpha": 0.28550375596730015, "lam": 0.9999204051529846, "max_depth": 5.0, "min_child_weight": 3.0}, "datetime": {"datetime": "2020-04-25 00:09:42", "elapsed": 1044.327564, "delta": 4.118879}}
{"target": 0.6501002, "params": {"alpha": 0.2988255305807851, "lam": 0.9998895452676732, "max_depth": 5.0, "min_child_weight": 3.0}, "datetime": {"datetime": "2020-04-25 00:09:46", "elapsed": 1048.222127, "delta": 3.894563}}
{"target": 0.6500994, "params": {"alpha": 0.3907347325328102, "lam": 0.9999055923271987, "max_depth": 5.0, "min_child_weight": 3.0}, "datetime": {"datetime": "2020-04-25 00:09:50", "elapsed": 1051.812187, "delta": 3.59006}}
{"target": 0.610796, "params": {"alpha": 0.17967233063479537, "colsample_bytree": 0.5148243945230037, "lam": 0.9991957939543563, "max_depth": 5.0, "min_child_weight": 3.0, "subsample": 0.8469615586066201}, "datetime": {"datetime": "2020-04-25 00:09:51", "elapsed": 1052.636186, "delta": 0.823999}}
{"target": 0.6001432, "params": {"alpha": 0.17967233063479537, "colsample_bytree": 0.5893550417641028, "lam": 0.9991957939543563, "max_depth": 5.0, "min_child_weight": 3.0, "subsample": 0.5728526989180127}, "datetime": {"datetime": "2020-04-25 00:09:51", "elapsed": 1053.447598, "delta": 0.811412}}
{"target": 0.6137164, "params": {"alpha": 0.17967233063479537, "colsample_bytree": 0.8212081961295904, "lam": 0.9991957939543563, "max_depth": 5.0, "min_child_weight": 3.0, "subsample": 0.6827422619141895}, "datetime": {"datetime": "2020-04-25 00:09:52", "elapsed": 1054.242986, "delta": 0.795388}}
{"target": 0.5928352, "params": {"alpha": 0.17967233063479537, "colsample_bytree": 0.5299054075770595, "lam": 0.9991957939543563, "max_depth": 5.0, "min_child_weight": 3.0, "subsample": 0.6056338012700937}, "datetime": {"datetime": "2020-04-25 00:09:53", "elapsed": 1055.035796, "delta": 0.79281}}
{"target": 0.6060898000000001, "params": {"alpha": 0.17967233063479537, "colsample_bytree": 0.6115657394211053, "lam": 0.9991957939543563, "max_depth": 5.0, "min_child_weight": 3.0, "subsample": 0.5986519200771836}, "datetime": {"datetime": "2020-04-25 00:09:54", "elapsed": 1055.842843, "delta": 0.807047}}
{"target": 0.6148574, "params": {"alpha": 0.17967233063479537, "colsample_bytree": 0.7172039696279633, "lam": 0.9991957939543563, "max_depth": 5.0, "min_child_weight": 3.0, "subsample": 0.5568793775669837}, "datetime": {"datetime": "2020-04-25 00:09:55", "elapsed": 1056.650695, "delta": 0.807852}}
{"target": 0.6167678, "params": {"alpha": 0.17967233063479537, "colsample_bytree": 0.6076437190678257, "lam": 0.9991957939543563, "max_depth": 5.0, "min_child_weight": 3.0, "subsample": 0.7859039737047488}, "datetime": {"datetime": "2020-04-25 00:09:55", "elapsed": 1057.445857, "delta": 0.795162}}
{"target": 0.6305624000000001, "params": {"alpha": 0.17967233063479537, "colsample_bytree": 0.8926450048684127, "lam": 0.9991957939543563, "max_depth": 5.0, "min_child_weight": 3.0, "subsample": 0.8689791273682448}, "datetime": {"datetime": "2020-04-25 00:09:56", "elapsed": 1058.264039, "delta": 0.818182}}
{"target": 0.6295846, "params": {"alpha": 0.17967233063479537, "colsample_bytree": 0.7342394260635811, "lam": 0.9991957939543563, "max_depth": 5.0, "min_child_weight": 3.0, "subsample": 0.6976721706183858}, "datetime": {"datetime": "2020-04-25 00:09:57", "elapsed": 1059.078497, "delta": 0.814458}}
{"target": 0.6069696, "params": {"alpha": 0.17967233063479537, "colsample_bytree": 0.5511588366854216, "lam": 0.9991957939543563, "max_depth": 5.0, "min_child_weight": 3.0, "subsample": 0.8882807924992505}, "datetime": {"datetime": "2020-04-25 00:09:58", "elapsed": 1059.886764, "delta": 0.808267}}
{"target": 0.6395052, "params": {"alpha": 0.17967233063479537, "colsample_bytree": 0.8021560128876275, "lam": 0.9991957939543563, "max_depth": 5.0, "min_child_weight": 3.0, "subsample": 0.9}, "datetime": {"datetime": "2020-04-25 00:09:59", "elapsed": 1061.086707, "delta": 1.199943}}
{"target": 0.6423948, "params": {"alpha": 0.17967233063479537, "colsample_bytree": 0.7849616504921799, "lam": 0.9991957939543563, "max_depth": 5.0, "min_child_weight": 3.0, "subsample": 0.8305660246277154}, "datetime": {"datetime": "2020-04-25 00:10:00", "elapsed": 1062.333357, "delta": 1.24665}}
{"target": 0.6380106, "params": {"alpha": 0.17967233063479537, "colsample_bytree": 0.7552310003404298, "lam": 0.9991957939543563, "max_depth": 5.0, "min_child_weight": 3.0, "subsample": 0.8430627760315175}, "datetime": {"datetime": "2020-04-25 00:10:02", "elapsed": 1063.712065, "delta": 1.378708}}
{"target": 0.6392026000000001, "params": {"alpha": 0.17967233063479537, "colsample_bytree": 0.8165407782874361, "lam": 0.9991957939543563, "max_depth": 5.0, "min_child_weight": 3.0, "subsample": 0.843209571443369}, "datetime": {"datetime": "2020-04-25 00:10:03", "elapsed": 1065.333481, "delta": 1.621416}}
{"target": 0.6297438, "params": {"alpha": 0.17967233063479537, "colsample_bytree": 0.8347915383353053, "lam": 0.9991957939543563, "max_depth": 5.0, "min_child_weight": 3.0, "subsample": 0.8977642383960016}, "datetime": {"datetime": "2020-04-25 00:10:05", "elapsed": 1066.636754, "delta": 1.303273}}
{"target": 0.6229168, "params": {"alpha": 0.17967233063479537, "colsample_bytree": 0.9, "lam": 0.9991957939543563, "max_depth": 5.0, "min_child_weight": 3.0, "subsample": 0.5}, "datetime": {"datetime": "2020-04-25 00:10:06", "elapsed": 1067.572771, "delta": 0.936017}}
{"target": 0.6323574000000001, "params": {"alpha": 0.17967233063479537, "colsample_bytree": 0.8988003529969882, "lam": 0.9991957939543563, "max_depth": 5.0, "min_child_weight": 3.0, "subsample": 0.772834056027963}, "datetime": {"datetime": "2020-04-25 00:10:07", "elapsed": 1068.834234, "delta": 1.261463}}
{"target": 0.5694359999999999, "params": {"alpha": 0.17967233063479537, "colsample_bytree": 0.5, "lam": 0.9991957939543563, "max_depth": 5.0, "min_child_weight": 3.0, "subsample": 0.5}, "datetime": {"datetime": "2020-04-25 00:10:08", "elapsed": 1070.202733, "delta": 1.368499}}
{"target": 0.6272498, "params": {"alpha": 0.17967233063479537, "colsample_bytree": 0.7882995766397755, "lam": 0.9991957939543563, "max_depth": 5.0, "min_child_weight": 3.0, "subsample": 0.5}, "datetime": {"datetime": "2020-04-25 00:10:10", "elapsed": 1071.635097, "delta": 1.432364}}
{"target": 0.6359508, "params": {"alpha": 0.17967233063479537, "colsample_bytree": 0.7206869480488871, "lam": 0.9991957939543563, "max_depth": 5.0, "min_child_weight": 3.0, "subsample": 0.898421387379544}, "datetime": {"datetime": "2020-04-25 00:10:11", "elapsed": 1073.202156, "delta": 1.567059}}
{"target": 0.6396216, "params": {"alpha": 0.17967233063479537, "colsample_bytree": 0.7883484791010462, "lam": 0.9991957939543563, "max_depth": 5.0, "min_child_weight": 3.0, "subsample": 0.7844237484864969}, "datetime": {"datetime": "2020-04-25 00:10:13", "elapsed": 1074.96368, "delta": 1.761524}}
{"target": 0.6358864000000001, "params": {"alpha": 0.17967233063479537, "colsample_bytree": 0.7674646888436548, "lam": 0.9991957939543563, "max_depth": 5.0, "min_child_weight": 3.0, "subsample": 0.8933306882622143}, "datetime": {"datetime": "2020-04-25 00:10:14", "elapsed": 1076.473667, "delta": 1.509987}}
