{"target": 0.6394468, "params": {"alpha": 0.017800763284018917, "colsample_bytree": 0.7903019689211834, "lam": 0.9913413016070767, "max_depth": 6.0, "min_child_weight": 9.0, "subsample": 0.7902114349501779}, "datetime": {"datetime": "2020-04-24 23:48:08", "elapsed": 1455.611867, "delta": 2.35695}}
{"target": 0.6165773999999999, "params": {"alpha": 0.017800763284018917, "colsample_bytree": 0.524977967676525, "lam": 0.9913413016070767, "max_depth": 6.0, "min_child_weight": 9.0, "subsample": 0.7762553661252964}, "datetime": {"datetime": "2020-04-24 23:48:12", "elapsed": 1459.269874, "delta": 3.658007}}
{"target": 0.639218, "params": {"alpha": 0.017800763284018917, "colsample_bytree": 0.8341679967379934, "lam": 0.9913413016070767, "max_depth": 6.0, "min_child_weight": 9.0, "subsample": 0.7810940161438253}, "datetime": {"datetime": "2020-04-24 23:48:16", "elapsed": 1463.185517, "delta": 3.915643}}
{"target": 0.6337010000000001, "params": {"alpha": 0.017800763284018917, "colsample_bytree": 0.8515576911609524, "lam": 0.9913413016070767, "max_depth": 6.0, "min_child_weight": 9.0, "subsample": 0.7343802959461352}, "datetime": {"datetime": "2020-04-24 23:48:19", "elapsed": 1466.709158, "delta": 3.523641}}
{"target": 0.6375814, "params": {"alpha": 0.017800763284018917, "colsample_bytree": 0.8995077925699413, "lam": 0.9913413016070767, "max_depth": 6.0, "min_child_weight": 9.0, "subsample": 0.8051082691799243}, "datetime": {"datetime": "2020-04-24 23:48:21", "elapsed": 1468.850846, "delta": 2.141688}}
{"target": 0.638645, "params": {"alpha": 0.017800763284018917, "colsample_bytree": 0.899493092737631, "lam": 0.9913413016070767, "max_depth": 6.0, "min_child_weight": 9.0, "subsample": 0.8338939102321896}, "datetime": {"datetime": "2020-04-24 23:48:24", "elapsed": 1471.173449, "delta": 2.322603}}
{"target": 0.6287016, "params": {"alpha": 0.017800763284018917, "colsample_bytree": 0.7529936351809451, "lam": 0.9913413016070767, "max_depth": 6.0, "min_child_weight": 9.0, "subsample": 0.6471410561392736}, "datetime": {"datetime": "2020-04-24 23:48:27", "elapsed": 1474.096137, "delta": 2.922688}}
{"target": 0.6192942, "params": {"alpha": 0.017800763284018917, "colsample_bytree": 0.5445792096985853, "lam": 0.9913413016070767, "max_depth": 6.0, "min_child_weight": 9.0, "subsample": 0.8591247206489849}, "datetime": {"datetime": "2020-04-24 23:48:30", "elapsed": 1477.149572, "delta": 3.053435}}
{"target": 0.6348571999999999, "params": {"alpha": 0.017800763284018917, "colsample_bytree": 0.7268329133318359, "lam": 0.9913413016070767, "max_depth": 6.0, "min_child_weight": 9.0, "subsample": 0.5189349483865}, "datetime": {"datetime": "2020-04-24 23:48:33", "elapsed": 1480.217792, "delta": 3.06822}}
{"target": 0.6417252, "params": {"alpha": 0.017800763284018917, "colsample_bytree": 0.7883331440828605, "lam": 0.9913413016070767, "max_depth": 6.0, "min_child_weight": 9.0, "subsample": 0.7262245950466386}, "datetime": {"datetime": "2020-04-24 23:48:36", "elapsed": 1483.660066, "delta": 3.442274}}
{"target": 0.6341772, "params": {"alpha": 0.017800763284018917, "colsample_bytree": 0.7441931892525622, "lam": 0.9913413016070767, "max_depth": 6.0, "min_child_weight": 9.0, "subsample": 0.8060388727971786}, "datetime": {"datetime": "2020-04-24 23:48:39", "elapsed": 1486.708024, "delta": 3.047958}}
{"target": 0.6451186, "params": {"alpha": 0.017800763284018917, "colsample_bytree": 0.7462642380997864, "lam": 0.9913413016070767, "max_depth": 6.0, "min_child_weight": 9.0, "subsample": 0.7813673977725184}, "datetime": {"datetime": "2020-04-24 23:48:42", "elapsed": 1489.477721, "delta": 2.769697}}
{"target": 0.6355774000000001, "params": {"alpha": 0.017800763284018917, "colsample_bytree": 0.7299486867331105, "lam": 0.9913413016070767, "max_depth": 6.0, "min_child_weight": 9.0, "subsample": 0.7844598416245787}, "datetime": {"datetime": "2020-04-24 23:48:45", "elapsed": 1492.585607, "delta": 3.107886}}
{"target": 0.6013756, "params": {"alpha": 0.017800763284018917, "colsample_bytree": 0.5788404302865712, "lam": 0.9913413016070767, "max_depth": 6.0, "min_child_weight": 9.0, "subsample": 0.7005489822090207}, "datetime": {"datetime": "2020-04-24 23:48:48", "elapsed": 1495.169498, "delta": 2.583891}}
{"target": 0.624503, "params": {"alpha": 0.017800763284018917, "colsample_bytree": 0.8029687226991115, "lam": 0.9913413016070767, "max_depth": 6.0, "min_child_weight": 9.0, "subsample": 0.6126669705543939}, "datetime": {"datetime": "2020-04-24 23:48:51", "elapsed": 1498.297547, "delta": 3.128049}}
{"target": 0.6343662, "params": {"alpha": 0.017800763284018917, "colsample_bytree": 0.8822747621567846, "lam": 0.9913413016070767, "max_depth": 6.0, "min_child_weight": 9.0, "subsample": 0.7555809854240163}, "datetime": {"datetime": "2020-04-24 23:48:54", "elapsed": 1501.562549, "delta": 3.265002}}
{"target": 0.6355111999999999, "params": {"alpha": 0.017800763284018917, "colsample_bytree": 0.7507568465660772, "lam": 0.9913413016070767, "max_depth": 6.0, "min_child_weight": 9.0, "subsample": 0.6103396380890459}, "datetime": {"datetime": "2020-04-24 23:48:57", "elapsed": 1503.90212, "delta": 2.339571}}
{"target": 0.627828, "params": {"alpha": 0.017800763284018917, "colsample_bytree": 0.6728046220760779, "lam": 0.9913413016070767, "max_depth": 6.0, "min_child_weight": 9.0, "subsample": 0.5522679139243915}, "datetime": {"datetime": "2020-04-24 23:49:00", "elapsed": 1507.296184, "delta": 3.394064}}
{"target": 0.6265978000000001, "params": {"alpha": 0.017800763284018917, "colsample_bytree": 0.6570880256892521, "lam": 0.9913413016070767, "max_depth": 6.0, "min_child_weight": 9.0, "subsample": 0.5135918739272766}, "datetime": {"datetime": "2020-04-24 23:49:03", "elapsed": 1510.359719, "delta": 3.063535}}
{"target": 0.6325744, "params": {"alpha": 0.017800763284018917, "colsample_bytree": 0.7066622014417886, "lam": 0.9913413016070767, "max_depth": 6.0, "min_child_weight": 9.0, "subsample": 0.576648413955952}, "datetime": {"datetime": "2020-04-24 23:49:06", "elapsed": 1513.191584, "delta": 2.831865}}
{"target": 0.6309683999999999, "params": {"alpha": 0.017800763284018917, "colsample_bytree": 0.8489541239357234, "lam": 0.9913413016070767, "max_depth": 6.0, "min_child_weight": 9.0, "subsample": 0.6414889153446747}, "datetime": {"datetime": "2020-04-24 23:49:09", "elapsed": 1516.138438, "delta": 2.946854}}
{"target": 0.646339, "params": {"alpha": 0.017800763284018917, "colsample_bytree": 0.8901328257770076, "lam": 0.9913413016070767, "max_depth": 6.0, "min_child_weight": 9.0, "subsample": 0.8994954119356324}, "datetime": {"datetime": "2020-04-24 23:49:12", "elapsed": 1519.543937, "delta": 3.405499}}
{"target": 0.6337288000000001, "params": {"alpha": 0.017800763284018917, "colsample_bytree": 0.895399725938721, "lam": 0.9913413016070767, "max_depth": 6.0, "min_child_weight": 9.0, "subsample": 0.8942135851238775}, "datetime": {"datetime": "2020-04-24 23:49:14", "elapsed": 1520.869291, "delta": 1.325354}}
{"target": 0.6174018, "params": {"alpha": 0.017800763284018917, "colsample_bytree": 0.6314654300985771, "lam": 0.9913413016070767, "max_depth": 6.0, "min_child_weight": 9.0, "subsample": 0.5314829325194581}, "datetime": {"datetime": "2020-04-24 23:49:16", "elapsed": 1523.777513, "delta": 2.908222}}
{"target": 0.6437952, "params": {"alpha": 0.017800763284018917, "colsample_bytree": 0.7002351535328789, "lam": 0.9913413016070767, "max_depth": 6.0, "min_child_weight": 9.0, "subsample": 0.8298004024740824}, "datetime": {"datetime": "2020-04-24 23:49:19", "elapsed": 1526.856944, "delta": 3.079431}}
{"target": 0.6240865999999999, "params": {"alpha": 0.017800763284018917, "colsample_bytree": 0.8713983098308291, "lam": 0.9913413016070767, "max_depth": 6.0, "min_child_weight": 9.0, "subsample": 0.5679307283427232}, "datetime": {"datetime": "2020-04-24 23:49:23", "elapsed": 1529.88315, "delta": 3.026206}}
{"target": 0.6185856000000001, "params": {"alpha": 0.017800763284018917, "colsample_bytree": 0.639279176581315, "lam": 0.9913413016070767, "max_depth": 6.0, "min_child_weight": 9.0, "subsample": 0.6789625678100021}, "datetime": {"datetime": "2020-04-24 23:49:26", "elapsed": 1533.370558, "delta": 3.487408}}
{"target": 0.625494, "params": {"alpha": 0.017800763284018917, "colsample_bytree": 0.6320564920830642, "lam": 0.9913413016070767, "max_depth": 6.0, "min_child_weight": 9.0, "subsample": 0.7184903605520147}, "datetime": {"datetime": "2020-04-24 23:49:30", "elapsed": 1536.93566, "delta": 3.565102}}
{"target": 0.6273376, "params": {"alpha": 0.017800763284018917, "colsample_bytree": 0.6614602485597622, "lam": 0.9913413016070767, "max_depth": 6.0, "min_child_weight": 9.0, "subsample": 0.7186817769911308}, "datetime": {"datetime": "2020-04-24 23:49:32", "elapsed": 1539.623119, "delta": 2.687459}}
{"target": 0.628622, "params": {"alpha": 0.017800763284018917, "colsample_bytree": 0.6382982253858002, "lam": 0.9913413016070767, "max_depth": 6.0, "min_child_weight": 9.0, "subsample": 0.7458596685545881}, "datetime": {"datetime": "2020-04-24 23:49:35", "elapsed": 1542.345154, "delta": 2.722035}}
{"target": 0.6361182, "params": {"alpha": 0.017800763284018917, "colsample_bytree": 0.6898729791645783, "lam": 0.9913413016070767, "max_depth": 6.0, "min_child_weight": 9.0, "subsample": 0.7136010553464807}, "datetime": {"datetime": "2020-04-24 23:49:38", "elapsed": 1545.105941, "delta": 2.760787}}
{"target": 0.6180999999999999, "params": {"alpha": 0.017800763284018917, "colsample_bytree": 0.6683283153655072, "lam": 0.9913413016070767, "max_depth": 6.0, "min_child_weight": 9.0, "subsample": 0.6730720551775571}, "datetime": {"datetime": "2020-04-24 23:49:41", "elapsed": 1548.540617, "delta": 3.434676}}
{"target": 0.6072992, "params": {"alpha": 0.017800763284018917, "colsample_bytree": 0.5268519776653937, "lam": 0.9913413016070767, "max_depth": 6.0, "min_child_weight": 9.0, "subsample": 0.663010666755146}, "datetime": {"datetime": "2020-04-24 23:49:45", "elapsed": 1552.36272, "delta": 3.822103}}
{"target": 0.5950228, "params": {"alpha": 0.017800763284018917, "colsample_bytree": 0.530117821210313, "lam": 0.9913413016070767, "max_depth": 6.0, "min_child_weight": 9.0, "subsample": 0.5000076037690132}, "datetime": {"datetime": "2020-04-24 23:49:48", "elapsed": 1555.575146, "delta": 3.212426}}
{"target": 0.6165648, "params": {"alpha": 0.017800763284018917, "colsample_bytree": 0.5185355349244978, "lam": 0.9913413016070767, "max_depth": 6.0, "min_child_weight": 9.0, "subsample": 0.8253407391893437}, "datetime": {"datetime": "2020-04-24 23:49:52", "elapsed": 1559.575263, "delta": 4.000117}}
{"target": 0.6250351999999999, "params": {"alpha": 0.017800763284018917, "colsample_bytree": 0.7121976744700428, "lam": 0.9913413016070767, "max_depth": 6.0, "min_child_weight": 9.0, "subsample": 0.6786929754865402}, "datetime": {"datetime": "2020-04-24 23:49:56", "elapsed": 1562.947879, "delta": 3.372616}}
{"target": 0.6361140000000001, "params": {"alpha": 0.017800763284018917, "colsample_bytree": 0.723304172336782, "lam": 0.9913413016070767, "max_depth": 6.0, "min_child_weight": 9.0, "subsample": 0.7166595003882319}, "datetime": {"datetime": "2020-04-24 23:50:00", "elapsed": 1567.009573, "delta": 4.061694}}
{"target": 0.6420758, "params": {"alpha": 0.017800763284018917, "colsample_bytree": 0.7218071741991916, "lam": 0.9913413016070767, "max_depth": 6.0, "min_child_weight": 9.0, "subsample": 0.8206396011613153}, "datetime": {"datetime": "2020-04-24 23:50:03", "elapsed": 1570.446855, "delta": 3.437282}}
{"target": 0.6310778, "params": {"alpha": 0.017800763284018917, "colsample_bytree": 0.7759512340817916, "lam": 0.9913413016070767, "max_depth": 6.0, "min_child_weight": 9.0, "subsample": 0.5723440567760887}, "datetime": {"datetime": "2020-04-24 23:50:06", "elapsed": 1573.697403, "delta": 3.250548}}
{"target": 0.6399703999999999, "params": {"alpha": 0.017800763284018917, "colsample_bytree": 0.8992902205284417, "lam": 0.9913413016070767, "max_depth": 6.0, "min_child_weight": 9.0, "subsample": 0.6128807160136864}, "datetime": {"datetime": "2020-04-24 23:50:10", "elapsed": 1577.502749, "delta": 3.805346}}
{"target": 0.6310513999999999, "params": {"alpha": 0.017800763284018917, "colsample_bytree": 0.6385979053944586, "lam": 0.9913413016070767, "max_depth": 6.0, "min_child_weight": 9.0, "subsample": 0.6012347127148201}, "datetime": {"datetime": "2020-04-24 23:50:14", "elapsed": 1580.906096, "delta": 3.403347}}
{"target": 0.6358022, "params": {"alpha": 0.017800763284018917, "colsample_bytree": 0.6910173184633777, "lam": 0.9913413016070767, "max_depth": 6.0, "min_child_weight": 9.0, "subsample": 0.8426602452596368}, "datetime": {"datetime": "2020-04-24 23:50:18", "elapsed": 1584.894542, "delta": 3.988446}}
{"target": 0.6393411999999999, "params": {"alpha": 0.017800763284018917, "colsample_bytree": 0.7035178363223308, "lam": 0.9913413016070767, "max_depth": 6.0, "min_child_weight": 9.0, "subsample": 0.8848033313540737}, "datetime": {"datetime": "2020-04-24 23:50:21", "elapsed": 1588.418244, "delta": 3.523702}}
{"target": 0.624925, "params": {"alpha": 0.017800763284018917, "colsample_bytree": 0.766418243701782, "lam": 0.9913413016070767, "max_depth": 6.0, "min_child_weight": 9.0, "subsample": 0.5360113885093123}, "datetime": {"datetime": "2020-04-24 23:50:25", "elapsed": 1592.15645, "delta": 3.738206}}
{"target": 0.6431822, "params": {"alpha": 0.017800763284018917, "colsample_bytree": 0.8588879101892448, "lam": 0.9913413016070767, "max_depth": 6.0, "min_child_weight": 9.0, "subsample": 0.6052038397362913}, "datetime": {"datetime": "2020-04-24 23:50:27", "elapsed": 1594.638367, "delta": 2.481917}}
{"target": 0.6355348000000001, "params": {"alpha": 0.017800763284018917, "colsample_bytree": 0.7533654641382901, "lam": 0.9913413016070767, "max_depth": 6.0, "min_child_weight": 9.0, "subsample": 0.7484258681090489}, "datetime": {"datetime": "2020-04-24 23:50:30", "elapsed": 1597.64074, "delta": 3.002373}}
{"target": 0.6383314, "params": {"alpha": 0.017800763284018917, "colsample_bytree": 0.7750149912514306, "lam": 0.9913413016070767, "max_depth": 6.0, "min_child_weight": 9.0, "subsample": 0.8457726914024268}, "datetime": {"datetime": "2020-04-24 23:50:34", "elapsed": 1600.944184, "delta": 3.303444}}
{"target": 0.6463526, "params": {"alpha": 0.017800763284018917, "colsample_bytree": 0.7946908901406502, "lam": 0.9913413016070767, "max_depth": 6.0, "min_child_weight": 9.0, "subsample": 0.8138478530304618}, "datetime": {"datetime": "2020-04-24 23:50:37", "elapsed": 1604.812474, "delta": 3.86829}}
{"target": 0.6381302, "params": {"alpha": 0.017800763284018917, "colsample_bytree": 0.7009737048240365, "lam": 0.9913413016070767, "max_depth": 6.0, "min_child_weight": 9.0, "subsample": 0.5041465158781113}, "datetime": {"datetime": "2020-04-24 23:50:42", "elapsed": 1608.939086, "delta": 4.126612}}
{"target": 0.6401206, "params": {"alpha": 0.017800763284018917, "colsample_bytree": 0.8420756588315991, "lam": 0.9913413016070767, "max_depth": 6.0, "min_child_weight": 9.0, "subsample": 0.8251003865154751}, "datetime": {"datetime": "2020-04-24 23:50:45", "elapsed": 1612.221244, "delta": 3.282158}}
{"target": 0.6400874, "params": {"alpha": 0.017800763284018917, "colsample_bytree": 0.7982149161034187, "lam": 0.9913413016070767, "max_depth": 6.0, "min_child_weight": 9.0, "subsample": 0.823798914780548}, "datetime": {"datetime": "2020-04-24 23:50:49", "elapsed": 1616.012084, "delta": 3.79084}}
{"target": 0.62314, "params": {"alpha": 0.017800763284018917, "colsample_bytree": 0.628522959851151, "lam": 0.9913413016070767, "max_depth": 6.0, "min_child_weight": 9.0, "subsample": 0.804953517392442}, "datetime": {"datetime": "2020-04-24 23:50:52", "elapsed": 1619.398263, "delta": 3.386179}}
{"target": 0.6323226, "params": {"alpha": 0.017800763284018917, "colsample_bytree": 0.8997138467928585, "lam": 0.9913413016070767, "max_depth": 6.0, "min_child_weight": 9.0, "subsample": 0.7105358834004085}, "datetime": {"datetime": "2020-04-24 23:50:56", "elapsed": 1622.889605, "delta": 3.491342}}
{"target": 0.6393122, "params": {"alpha": 0.017800763284018917, "colsample_bytree": 0.8478569241306062, "lam": 0.9913413016070767, "max_depth": 6.0, "min_child_weight": 9.0, "subsample": 0.8674178462302122}, "datetime": {"datetime": "2020-04-24 23:51:00", "elapsed": 1627.051612, "delta": 4.162007}}
{"target": 0.6234838, "params": {"alpha": 0.017800763284018917, "colsample_bytree": 0.7984875680272163, "lam": 0.9913413016070767, "max_depth": 6.0, "min_child_weight": 9.0, "subsample": 0.686251380841255}, "datetime": {"datetime": "2020-04-24 23:51:03", "elapsed": 1629.931317, "delta": 2.879705}}
{"target": 0.6391880000000001, "params": {"alpha": 0.017800763284018917, "colsample_bytree": 0.887629675921743, "lam": 0.9913413016070767, "max_depth": 6.0, "min_child_weight": 9.0, "subsample": 0.8242853512873046}, "datetime": {"datetime": "2020-04-24 23:51:07", "elapsed": 1634.092019, "delta": 4.160702}}
{"target": 0.642384, "params": {"alpha": 0.017800763284018917, "colsample_bytree": 0.8352608111110014, "lam": 0.9913413016070767, "max_depth": 6.0, "min_child_weight": 9.0, "subsample": 0.7233025429318359}, "datetime": {"datetime": "2020-04-24 23:51:10", "elapsed": 1637.463293, "delta": 3.371274}}
{"target": 0.6332215999999999, "params": {"alpha": 0.017800763284018917, "colsample_bytree": 0.7006682451605571, "lam": 0.9913413016070767, "max_depth": 6.0, "min_child_weight": 9.0, "subsample": 0.614448864928836}, "datetime": {"datetime": "2020-04-24 23:51:13", "elapsed": 1640.616387, "delta": 3.153094}}
{"target": 0.6294138, "params": {"alpha": 0.017800763284018917, "colsample_bytree": 0.8021959717480285, "lam": 0.9913413016070767, "max_depth": 6.0, "min_child_weight": 9.0, "subsample": 0.5000265118459256}, "datetime": {"datetime": "2020-04-24 23:51:16", "elapsed": 1643.403918, "delta": 2.787531}}
{"target": 0.637912, "params": {"alpha": 0.017800763284018917, "colsample_bytree": 0.6438061293849981, "lam": 0.9913413016070767, "max_depth": 6.0, "min_child_weight": 9.0, "subsample": 0.8581083756141399}, "datetime": {"datetime": "2020-04-24 23:51:20", "elapsed": 1647.528532, "delta": 4.124614}}
{"target": 0.6364506, "params": {"alpha": 0.017800763284018917, "colsample_bytree": 0.7901240607235551, "lam": 0.9913413016070767, "max_depth": 6.0, "min_child_weight": 9.0, "subsample": 0.8084906711257268}, "datetime": {"datetime": "2020-04-24 23:51:24", "elapsed": 1651.561505, "delta": 4.032973}}
{"target": 0.6469731999999999, "params": {"alpha": 0.017800763284018917, "colsample_bytree": 0.7599993711679691, "lam": 0.9913413016070767, "max_depth": 6.0, "min_child_weight": 9.0, "subsample": 0.7861595176377799}, "datetime": {"datetime": "2020-04-24 23:51:28", "elapsed": 1655.176424, "delta": 3.614919}}
{"target": 0.6373664, "params": {"alpha": 0.017800763284018917, "colsample_bytree": 0.7881633016683538, "lam": 0.9913413016070767, "max_depth": 6.0, "min_child_weight": 9.0, "subsample": 0.7752827637627028}, "datetime": {"datetime": "2020-04-24 23:51:31", "elapsed": 1657.996578, "delta": 2.820154}}
{"target": 0.6417925999999999, "params": {"alpha": 0.017800763284018917, "colsample_bytree": 0.7506651885269104, "lam": 0.9913413016070767, "max_depth": 6.0, "min_child_weight": 9.0, "subsample": 0.7896291635999537}, "datetime": {"datetime": "2020-04-24 23:51:34", "elapsed": 1661.527663, "delta": 3.531085}}
{"target": 0.6396767999999999, "params": {"alpha": 0.017800763284018917, "colsample_bytree": 0.7597255589702036, "lam": 0.9913413016070767, "max_depth": 6.0, "min_child_weight": 9.0, "subsample": 0.7769448283656928}, "datetime": {"datetime": "2020-04-24 23:51:38", "elapsed": 1665.112424, "delta": 3.584761}}
{"target": 0.609955, "params": {"alpha": 0.017800763284018917, "colsample_bytree": 0.5792253706924299, "lam": 0.9913413016070767, "max_depth": 6.0, "min_child_weight": 9.0, "subsample": 0.7647847707593936}, "datetime": {"datetime": "2020-04-24 23:51:42", "elapsed": 1668.93015, "delta": 3.817726}}
{"target": 0.6329408, "params": {"alpha": 0.017800763284018917, "colsample_bytree": 0.8550632471703148, "lam": 0.9913413016070767, "max_depth": 6.0, "min_child_weight": 9.0, "subsample": 0.6162062960558923}, "datetime": {"datetime": "2020-04-24 23:51:44", "elapsed": 1671.556932, "delta": 2.626782}}
{"target": 0.6415658, "params": {"alpha": 0.017800763284018917, "colsample_bytree": 0.855477785540165, "lam": 0.9913413016070767, "max_depth": 6.0, "min_child_weight": 9.0, "subsample": 0.5915225602998014}, "datetime": {"datetime": "2020-04-24 23:51:47", "elapsed": 1674.275039, "delta": 2.718107}}
{"target": 0.6380272, "params": {"alpha": 0.017800763284018917, "colsample_bytree": 0.8221521337158768, "lam": 0.9913413016070767, "max_depth": 6.0, "min_child_weight": 9.0, "subsample": 0.8837099390459624}, "datetime": {"datetime": "2020-04-24 23:51:51", "elapsed": 1678.136183, "delta": 3.861144}}
{"target": 0.6156422, "params": {"alpha": 0.017800763284018917, "colsample_bytree": 0.5752859862749207, "lam": 0.9913413016070767, "max_depth": 6.0, "min_child_weight": 9.0, "subsample": 0.8818344517227894}, "datetime": {"datetime": "2020-04-24 23:51:55", "elapsed": 1682.823807, "delta": 4.687624}}
{"target": 0.6301654, "params": {"alpha": 0.017800763284018917, "colsample_bytree": 0.6735953451303611, "lam": 0.9913413016070767, "max_depth": 6.0, "min_child_weight": 9.0, "subsample": 0.7586830486360292}, "datetime": {"datetime": "2020-04-24 23:51:59", "elapsed": 1686.708144, "delta": 3.884337}}
{"target": 0.6424304, "params": {"alpha": 0.017800763284018917, "colsample_bytree": 0.78346616283186, "lam": 0.9913413016070767, "max_depth": 6.0, "min_child_weight": 9.0, "subsample": 0.7410135664544661}, "datetime": {"datetime": "2020-04-24 23:52:02", "elapsed": 1689.816878, "delta": 3.108734}}
