{"target": 0.6099646, "params": {"max_depth": 9.892774823402503, "min_child_weight": 3.9953585291145806}, "datetime": {"datetime": "2020-04-24 19:08:35", "elapsed": 0.0, "delta": 0.0}}
{"target": 0.6368668, "params": {"max_depth": 7.092350340118107, "min_child_weight": 3.2095625589958763}, "datetime": {"datetime": "2020-04-24 19:08:36", "elapsed": 0.986278, "delta": 0.986278}}
{"target": 0.5992012, "params": {"max_depth": 3.4583181242527194, "min_child_weight": 1.2740181381349855}, "datetime": {"datetime": "2020-04-24 19:08:36", "elapsed": 1.723001, "delta": 0.736723}}
{"target": 0.604073, "params": {"max_depth": 3.0129518374236723, "min_child_weight": 5.658992301030762}, "datetime": {"datetime": "2020-04-24 19:08:37", "elapsed": 2.446898, "delta": 0.723897}}
{"target": 0.6340136, "params": {"max_depth": 4.939728837913524, "min_child_weight": 1.8024250136721256}, "datetime": {"datetime": "2020-04-24 19:08:38", "elapsed": 3.248779, "delta": 0.801881}}
{"target": 0.6164864, "params": {"max_depth": 9.775535290594242, "min_child_weight": 4.707511608696597}, "datetime": {"datetime": "2020-04-24 19:08:40", "elapsed": 4.885238, "delta": 1.636459}}
{"target": 0.6318164, "params": {"max_depth": 5.709246934927878, "min_child_weight": 1.7930181614772893}, "datetime": {"datetime": "2020-04-24 19:08:40", "elapsed": 5.766398, "delta": 0.88116}}
{"target": 0.6238319999999999, "params": {"max_depth": 6.445592460637247, "min_child_weight": 4.973379831951982}, "datetime": {"datetime": "2020-04-24 19:08:41", "elapsed": 6.624849, "delta": 0.858451}}
{"target": 0.6253022, "params": {"max_depth": 8.317056508142315, "min_child_weight": 5.335910795932994}, "datetime": {"datetime": "2020-04-24 19:08:42", "elapsed": 7.72378, "delta": 1.098931}}
{"target": 0.611381, "params": {"max_depth": 6.70897916555227, "min_child_weight": 1.7512832260783622}, "datetime": {"datetime": "2020-04-24 19:08:43", "elapsed": 8.716955, "delta": 0.993175}}
{"target": 0.6373406000000001, "params": {"max_depth": 9.939401617777143, "min_child_weight": 9.983515359156206}, "datetime": {"datetime": "2020-04-24 19:08:45", "elapsed": 10.348694, "delta": 1.631739}}
{"target": 0.601726, "params": {"max_depth": 3.0, "min_child_weight": 10.0}, "datetime": {"datetime": "2020-04-24 19:08:46", "elapsed": 11.349377, "delta": 1.000683}}
{"target": 0.639735, "params": {"max_depth": 7.019957549276129, "min_child_weight": 9.99524080250585}, "datetime": {"datetime": "2020-04-24 19:08:47", "elapsed": 12.510961, "delta": 1.161584}}
{"target": 0.6484144, "params": {"max_depth": 4.6393228490823155, "min_child_weight": 3.235737372610089}, "datetime": {"datetime": "2020-04-24 19:08:48", "elapsed": 13.575704, "delta": 1.064743}}
{"target": 0.6461694000000001, "params": {"max_depth": 8.844428603084161, "min_child_weight": 8.661458478281185}, "datetime": {"datetime": "2020-04-24 19:08:50", "elapsed": 15.017939, "delta": 1.442235}}
{"target": 0.6390513999999999, "params": {"max_depth": 8.531133454510929, "min_child_weight": 9.94107297342432}, "datetime": {"datetime": "2020-04-24 19:08:51", "elapsed": 16.489406, "delta": 1.471467}}
{"target": 0.6293398, "params": {"max_depth": 9.99329676691558, "min_child_weight": 7.761393373649416}, "datetime": {"datetime": "2020-04-24 19:08:53", "elapsed": 18.303325, "delta": 1.813919}}
{"target": 0.6432156, "params": {"max_depth": 5.581144905120902, "min_child_weight": 8.581696093896086}, "datetime": {"datetime": "2020-04-24 19:08:54", "elapsed": 19.531198, "delta": 1.227873}}
{"target": 0.637198, "params": {"max_depth": 7.182126249711035, "min_child_weight": 8.333245926303718}, "datetime": {"datetime": "2020-04-24 19:08:55", "elapsed": 20.785879, "delta": 1.254681}}
{"target": 0.6399627999999999, "params": {"max_depth": 5.066959755159671, "min_child_weight": 9.962356477889227}, "datetime": {"datetime": "2020-04-24 19:08:57", "elapsed": 21.970917, "delta": 1.185038}}
{"target": 0.6408421999999999, "params": {"max_depth": 5.55600754841006, "min_child_weight": 3.040721469824976}, "datetime": {"datetime": "2020-04-24 19:08:58", "elapsed": 23.193783, "delta": 1.222866}}
{"target": 0.6017268, "params": {"max_depth": 3.0289065632572383, "min_child_weight": 3.114368779420639}, "datetime": {"datetime": "2020-04-24 19:08:59", "elapsed": 24.287066, "delta": 1.093283}}
{"target": 0.6215295999999999, "params": {"max_depth": 4.122065383508025, "min_child_weight": 8.267440647198637}, "datetime": {"datetime": "2020-04-24 19:09:00", "elapsed": 25.397125, "delta": 1.110059}}
{"target": 0.6313704, "params": {"max_depth": 4.4893728303458635, "min_child_weight": 4.4758966149939425}, "datetime": {"datetime": "2020-04-24 19:09:01", "elapsed": 26.580115, "delta": 1.18299}}
{"target": 0.6432156, "params": {"max_depth": 6.006428984328025, "min_child_weight": 9.346034716633405}, "datetime": {"datetime": "2020-04-24 19:09:02", "elapsed": 27.697779, "delta": 1.117664}}
{"target": 0.6434684, "params": {"max_depth": 9.686364338368865, "min_child_weight": 9.094160068823749}, "datetime": {"datetime": "2020-04-24 19:09:04", "elapsed": 29.509686, "delta": 1.811907}}
{"target": 0.6484144, "params": {"max_depth": 4.7145104407845455, "min_child_weight": 2.840863188473028}, "datetime": {"datetime": "2020-04-24 19:09:05", "elapsed": 30.680057, "delta": 1.170371}}
{"target": 0.6393713999999999, "params": {"max_depth": 8.212544078831899, "min_child_weight": 9.122780526170555}, "datetime": {"datetime": "2020-04-24 19:09:07", "elapsed": 32.156662, "delta": 1.476605}}
{"target": 0.6411648, "params": {"max_depth": 5.6666965043434026, "min_child_weight": 7.379326466717665}, "datetime": {"datetime": "2020-04-24 19:09:08", "elapsed": 33.39084, "delta": 1.234178}}
{"target": 0.6484144, "params": {"max_depth": 4.548408266161917, "min_child_weight": 2.869419499978952}, "datetime": {"datetime": "2020-04-24 19:09:09", "elapsed": 34.573231, "delta": 1.182391}}
{"target": 0.6484144, "params": {"max_depth": 4.749630220746807, "min_child_weight": 2.975815555624065}, "datetime": {"datetime": "2020-04-24 19:09:10", "elapsed": 35.817258, "delta": 1.244027}}
{"target": 0.636115, "params": {"max_depth": 8.707767352477717, "min_child_weight": 7.847762888560386}, "datetime": {"datetime": "2020-04-24 19:09:12", "elapsed": 37.500663, "delta": 1.683405}}
{"target": 0.6363366, "params": {"max_depth": 5.917031671188148, "min_child_weight": 9.99214018991992}, "datetime": {"datetime": "2020-04-24 19:09:13", "elapsed": 38.804262, "delta": 1.303599}}
{"target": 0.6135619999999999, "params": {"max_depth": 8.242285370278605, "min_child_weight": 3.7977669388166166}, "datetime": {"datetime": "2020-04-24 19:09:15", "elapsed": 40.370089, "delta": 1.565827}}
{"target": 0.5938036, "params": {"max_depth": 9.961273780101413, "min_child_weight": 1.150305486956003}, "datetime": {"datetime": "2020-04-24 19:09:18", "elapsed": 43.003566, "delta": 2.633477}}
{"target": 0.6311198, "params": {"max_depth": 6.754372035084179, "min_child_weight": 6.926024864464421}, "datetime": {"datetime": "2020-04-24 19:09:19", "elapsed": 44.415058, "delta": 1.411492}}
{"target": 0.6204322, "params": {"max_depth": 4.335851107735712, "min_child_weight": 3.1050558376612862}, "datetime": {"datetime": "2020-04-24 19:09:20", "elapsed": 45.772046, "delta": 1.356988}}
{"target": 0.6017163999999999, "params": {"max_depth": 3.0014473248259064, "min_child_weight": 7.827709064321629}, "datetime": {"datetime": "2020-04-24 19:09:21", "elapsed": 46.808917, "delta": 1.036871}}
{"target": 0.6064664000000001, "params": {"max_depth": 8.40613104038771, "min_child_weight": 1.0062118415830028}, "datetime": {"datetime": "2020-04-24 19:09:23", "elapsed": 48.308891, "delta": 1.499974}}
{"target": 0.5956977999999999, "params": {"max_depth": 9.060961173794162, "min_child_weight": 2.2017203676482}, "datetime": {"datetime": "2020-04-24 19:09:25", "elapsed": 50.093374, "delta": 1.784483}}
{"target": 0.625424, "params": {"max_depth": 4.4619853480364995, "min_child_weight": 6.36704874085141}, "datetime": {"datetime": "2020-04-24 19:09:26", "elapsed": 51.222164, "delta": 1.12879}}
{"target": 0.6151066000000001, "params": {"max_depth": 6.049218105939147, "min_child_weight": 1.0095758537945019}, "datetime": {"datetime": "2020-04-24 19:09:27", "elapsed": 52.474909, "delta": 1.252745}}
{"target": 0.6186006, "params": {"max_depth": 9.994703009741182, "min_child_weight": 6.088064529010721}, "datetime": {"datetime": "2020-04-24 19:09:29", "elapsed": 54.538927, "delta": 2.064018}}
{"target": 0.6344196, "params": {"max_depth": 5.3883640971091165, "min_child_weight": 4.187918368655754}, "datetime": {"datetime": "2020-04-24 19:09:30", "elapsed": 55.699115, "delta": 1.160188}}
{"target": 0.599179, "params": {"max_depth": 3.0108013299229848, "min_child_weight": 1.9331040505815809}, "datetime": {"datetime": "2020-04-24 19:09:31", "elapsed": 56.76026, "delta": 1.061145}}
{"target": 0.6397077999999999, "params": {"max_depth": 5.657458087514284, "min_child_weight": 5.999456966301213}, "datetime": {"datetime": "2020-04-24 19:09:33", "elapsed": 58.055715, "delta": 1.295455}}
{"target": 0.6321364, "params": {"max_depth": 3.9262246434486032, "min_child_weight": 9.374816788476565}, "datetime": {"datetime": "2020-04-24 19:09:34", "elapsed": 59.209583, "delta": 1.153868}}
{"target": 0.6300454, "params": {"max_depth": 8.983381934792988, "min_child_weight": 6.508163809945368}, "datetime": {"datetime": "2020-04-24 19:09:36", "elapsed": 60.924322, "delta": 1.714739}}
{"target": 0.6279406, "params": {"max_depth": 7.7644917530938224, "min_child_weight": 6.337688010925609}, "datetime": {"datetime": "2020-04-24 19:09:37", "elapsed": 62.43093, "delta": 1.506608}}
{"target": 0.6227486000000001, "params": {"max_depth": 4.095152362113198, "min_child_weight": 9.999876286785147}, "datetime": {"datetime": "2020-04-24 19:09:38", "elapsed": 63.606587, "delta": 1.175657}}
{"target": 0.6366685999999999, "params": {"max_depth": 4.886333738512109, "min_child_weight": 9.171563856393767}, "datetime": {"datetime": "2020-04-24 19:09:39", "elapsed": 64.812198, "delta": 1.205611}}
{"target": 0.6356678, "params": {"max_depth": 6.347581640741218, "min_child_weight": 8.21415396865241}, "datetime": {"datetime": "2020-04-24 19:09:41", "elapsed": 66.038377, "delta": 1.226179}}
{"target": 0.6043588, "params": {"max_depth": 3.000000000824435, "min_child_weight": 4.39587276327195}, "datetime": {"datetime": "2020-04-24 19:09:42", "elapsed": 67.178021, "delta": 1.139644}}
{"target": 0.6390513999999999, "params": {"max_depth": 9.297420080683503, "min_child_weight": 9.762243872371263}, "datetime": {"datetime": "2020-04-24 19:09:43", "elapsed": 68.767789, "delta": 1.589768}}
{"target": 0.6303097999999999, "params": {"max_depth": 7.225662097921946, "min_child_weight": 4.232949934824404}, "datetime": {"datetime": "2020-04-24 19:09:45", "elapsed": 70.184999, "delta": 1.41721}}
{"target": 0.6344196, "params": {"max_depth": 4.997346231611673, "min_child_weight": 3.5142054460007226}, "datetime": {"datetime": "2020-04-24 19:09:46", "elapsed": 71.621694, "delta": 1.436695}}
{"target": 0.6388032, "params": {"max_depth": 4.978161431149303, "min_child_weight": 5.354570422764445}, "datetime": {"datetime": "2020-04-24 19:09:47", "elapsed": 72.715086, "delta": 1.093392}}
{"target": 0.5990164, "params": {"max_depth": 9.991923208722337, "min_child_weight": 2.6876988088830043}, "datetime": {"datetime": "2020-04-24 19:09:50", "elapsed": 74.965849, "delta": 2.250763}}
{"target": 0.5992012, "params": {"max_depth": 3.000000000131589, "min_child_weight": 1.0}, "datetime": {"datetime": "2020-04-24 19:09:51", "elapsed": 76.20316, "delta": 1.237311}}
{"target": 0.603758, "params": {"max_depth": 3.0164674671512524, "min_child_weight": 8.860924110790386}, "datetime": {"datetime": "2020-04-24 19:09:52", "elapsed": 77.381219, "delta": 1.178059}}
{"target": 0.6393867999999999, "params": {"max_depth": 4.681759168235668, "min_child_weight": 1.0020010392745404}, "datetime": {"datetime": "2020-04-24 19:09:53", "elapsed": 78.603181, "delta": 1.221962}}
{"target": 0.6386446, "params": {"max_depth": 6.385512582713804, "min_child_weight": 3.5895369984477625}, "datetime": {"datetime": "2020-04-24 19:09:55", "elapsed": 79.944539, "delta": 1.341358}}
{"target": 0.6408421999999999, "params": {"max_depth": 6.321608879475665, "min_child_weight": 2.7054732272993016}, "datetime": {"datetime": "2020-04-24 19:09:56", "elapsed": 81.229625, "delta": 1.285086}}
{"target": 0.6433128, "params": {"max_depth": 7.044459666188338, "min_child_weight": 9.179480327929856}, "datetime": {"datetime": "2020-04-24 19:09:57", "elapsed": 82.791827, "delta": 1.562202}}
{"target": 0.6304178, "params": {"max_depth": 4.8695454383686565, "min_child_weight": 7.394748886517695}, "datetime": {"datetime": "2020-04-24 19:09:59", "elapsed": 84.025432, "delta": 1.233605}}
{"target": 0.636115, "params": {"max_depth": 9.452356649868708, "min_child_weight": 8.323488101779246}, "datetime": {"datetime": "2020-04-24 19:10:00", "elapsed": 85.780357, "delta": 1.754925}}
{"target": 0.6367276000000001, "params": {"max_depth": 7.768763550993959, "min_child_weight": 7.432081670013749}, "datetime": {"datetime": "2020-04-24 19:10:02", "elapsed": 87.384322, "delta": 1.603965}}
{"target": 0.6434684, "params": {"max_depth": 9.982548774962735, "min_child_weight": 8.792170909740596}, "datetime": {"datetime": "2020-04-24 19:10:04", "elapsed": 89.418019, "delta": 2.033697}}
{"target": 0.6304178, "params": {"max_depth": 5.467439527607249, "min_child_weight": 6.667732522341249}, "datetime": {"datetime": "2020-04-24 19:10:05", "elapsed": 90.712078, "delta": 1.294059}}
{"target": 0.6284442, "params": {"max_depth": 8.08863662242109, "min_child_weight": 8.30054841445647}, "datetime": {"datetime": "2020-04-24 19:10:07", "elapsed": 92.30047, "delta": 1.588392}}
{"target": 0.6419294, "params": {"max_depth": 7.702740014464061, "min_child_weight": 9.99548430024923}, "datetime": {"datetime": "2020-04-24 19:10:08", "elapsed": 93.853912, "delta": 1.553442}}
{"target": 0.6238319999999999, "params": {"max_depth": 5.529296557147011, "min_child_weight": 5.028441372771864}, "datetime": {"datetime": "2020-04-24 19:10:10", "elapsed": 95.322116, "delta": 1.468204}}
{"target": 0.6228393999999999, "params": {"max_depth": 4.169831642278418, "min_child_weight": 5.342023226117114}, "datetime": {"datetime": "2020-04-24 19:10:11", "elapsed": 96.5097, "delta": 1.187584}}
{"target": 0.6358254000000001, "params": {"max_depth": 6.738101116652431, "min_child_weight": 5.962712403486906}, "datetime": {"datetime": "2020-04-24 19:10:13", "elapsed": 97.924614, "delta": 1.414914}}
{"target": 0.6461694000000001, "params": {"max_depth": 8.90462537478481, "min_child_weight": 9.28153045908821}, "datetime": {"datetime": "2020-04-24 19:10:14", "elapsed": 99.637588, "delta": 1.712974}}
{"target": 0.6369948, "params": {"max_depth": 5.286768248064291, "min_child_weight": 7.991856894223849}, "datetime": {"datetime": "2020-04-24 19:10:16", "elapsed": 100.978863, "delta": 1.341275}}
{"target": 0.6434684, "params": {"max_depth": 9.998028383156921, "min_child_weight": 9.37754308585361}, "datetime": {"datetime": "2020-04-24 19:10:18", "elapsed": 102.956894, "delta": 1.978031}}
{"target": 0.6008495999999999, "params": {"max_depth": 7.816266938045857, "min_child_weight": 2.37115336614592}, "datetime": {"datetime": "2020-04-24 19:10:19", "elapsed": 104.793397, "delta": 1.836503}}
{"target": 0.6174945999999999, "params": {"max_depth": 7.3923377673347055, "min_child_weight": 5.289628977235654}, "datetime": {"datetime": "2020-04-24 19:10:21", "elapsed": 106.312544, "delta": 1.519147}}
{"target": 0.6236164000000001, "params": {"max_depth": 9.182841866846957, "min_child_weight": 5.542221454424992}, "datetime": {"datetime": "2020-04-24 19:10:23", "elapsed": 108.180841, "delta": 1.868297}}
{"target": 0.6340136, "params": {"max_depth": 5.457222848956626, "min_child_weight": 2.446006762253521}, "datetime": {"datetime": "2020-04-24 19:10:24", "elapsed": 109.543443, "delta": 1.362602}}
{"target": 0.6367276000000001, "params": {"max_depth": 8.379030167737998, "min_child_weight": 6.99241277297626}, "datetime": {"datetime": "2020-04-24 19:10:26", "elapsed": 111.186657, "delta": 1.643214}}
{"target": 0.6366685999999999, "params": {"max_depth": 5.4497742937786, "min_child_weight": 9.440082005388158}, "datetime": {"datetime": "2020-04-24 19:10:27", "elapsed": 112.517268, "delta": 1.330611}}
{"target": 0.6433128, "params": {"max_depth": 6.506878882276048, "min_child_weight": 8.925323762813417}, "datetime": {"datetime": "2020-04-24 19:10:29", "elapsed": 114.044047, "delta": 1.526779}}
{"target": 0.6393867999999999, "params": {"max_depth": 5.334913618462036, "min_child_weight": 1.0085777933253772}, "datetime": {"datetime": "2020-04-24 19:10:30", "elapsed": 115.437706, "delta": 1.393659}}
{"target": 0.639735, "params": {"max_depth": 6.560214082244629, "min_child_weight": 9.540920505034938}, "datetime": {"datetime": "2020-04-24 19:10:31", "elapsed": 116.856753, "delta": 1.419047}}
{"target": 0.6397077999999999, "params": {"max_depth": 6.156870779770988, "min_child_weight": 6.293655643804429}, "datetime": {"datetime": "2020-04-24 19:10:33", "elapsed": 118.505949, "delta": 1.649196}}
{"target": 0.6419294, "params": {"max_depth": 7.568602866279216, "min_child_weight": 9.546128942517939}, "datetime": {"datetime": "2020-04-24 19:10:35", "elapsed": 120.366269, "delta": 1.86032}}
{"target": 0.6461694000000001, "params": {"max_depth": 9.189928735041864, "min_child_weight": 9.015286476700686}, "datetime": {"datetime": "2020-04-24 19:10:37", "elapsed": 122.1426, "delta": 1.776331}}
{"target": 0.6484144, "params": {"max_depth": 4.718038992768092, "min_child_weight": 2.534305134466825}, "datetime": {"datetime": "2020-04-24 19:10:38", "elapsed": 123.384893, "delta": 1.242293}}
{"target": 0.6484144, "params": {"max_depth": 4.8513121074063195, "min_child_weight": 2.960440716753699}, "datetime": {"datetime": "2020-04-24 19:10:39", "elapsed": 124.768949, "delta": 1.384056}}
{"target": 0.6432156, "params": {"max_depth": 5.960827753525489, "min_child_weight": 8.893204128681077}, "datetime": {"datetime": "2020-04-24 19:10:41", "elapsed": 126.208902, "delta": 1.439953}}
{"target": 0.6408421999999999, "params": {"max_depth": 6.194299261617263, "min_child_weight": 3.095704156981735}, "datetime": {"datetime": "2020-04-24 19:10:42", "elapsed": 127.752865, "delta": 1.543963}}
{"target": 0.6484144, "params": {"max_depth": 4.747494465197564, "min_child_weight": 2.7972109219585546}, "datetime": {"datetime": "2020-04-24 19:10:44", "elapsed": 129.106462, "delta": 1.353597}}
{"target": 0.6184860000000001, "params": {"max_depth": 4.4467562132421, "min_child_weight": 2.2475420814905496}, "datetime": {"datetime": "2020-04-24 19:10:45", "elapsed": 130.61868, "delta": 1.512218}}
{"target": 0.6259222000000001, "params": {"max_depth": 3.530317056394003, "min_child_weight": 6.888862750629141}, "datetime": {"datetime": "2020-04-24 19:10:47", "elapsed": 132.003141, "delta": 1.384461}}
{"target": 0.6141306, "params": {"max_depth": 8.982510944175845, "min_child_weight": 4.492502870966546}, "datetime": {"datetime": "2020-04-24 19:10:49", "elapsed": 134.188694, "delta": 2.185553}}
{"target": 0.6030172, "params": {"max_depth": 3.000000262031969, "min_child_weight": 6.672726031116476}, "datetime": {"datetime": "2020-04-24 19:10:50", "elapsed": 135.787711, "delta": 1.599017}}
{"target": 0.6300454, "params": {"max_depth": 9.315895293271257, "min_child_weight": 7.246680705065977}, "datetime": {"datetime": "2020-04-24 19:10:52", "elapsed": 137.848495, "delta": 2.060784}}
{"target": 0.6461694000000001, "params": {"max_depth": 8.786482917323287, "min_child_weight": 8.988649696863327}, "datetime": {"datetime": "2020-04-24 19:10:54", "elapsed": 139.859165, "delta": 2.01067}}
{"target": 0.6484144, "params": {"max_depth": 4.794882475182102, "min_child_weight": 2.6849237185519423}, "datetime": {"datetime": "2020-04-24 19:10:56", "elapsed": 141.635301, "delta": 1.776136}}
{"target": 0.6484144, "params": {"max_depth": 4.765980315180723, "min_child_weight": 3.0721036672134163}, "datetime": {"datetime": "2020-04-24 19:10:58", "elapsed": 143.249949, "delta": 1.614648}}
{"target": 0.6356678, "params": {"max_depth": 5.79449563642682, "min_child_weight": 7.941450844387632}, "datetime": {"datetime": "2020-04-24 19:11:00", "elapsed": 144.914209, "delta": 1.66426}}
{"target": 0.6484144, "params": {"max_depth": 4.7273013108392545, "min_child_weight": 2.8898511805211147}, "datetime": {"datetime": "2020-04-24 19:11:01", "elapsed": 146.285453, "delta": 1.371244}}
{"target": 0.6484144, "params": {"max_depth": 4.7586050980637715, "min_child_weight": 2.82471972440947}, "datetime": {"datetime": "2020-04-24 19:11:03", "elapsed": 148.111464, "delta": 1.826011}}
{"target": 0.6419294, "params": {"max_depth": 8.205329712540005, "min_child_weight": 9.620465349538744}, "datetime": {"datetime": "2020-04-24 19:11:05", "elapsed": 150.117597, "delta": 2.006133}}
{"target": 0.6397077999999999, "params": {"max_depth": 6.181330358162537, "min_child_weight": 5.795020313803493}, "datetime": {"datetime": "2020-04-24 19:11:06", "elapsed": 151.807044, "delta": 1.689447}}
{"target": 0.6484144, "params": {"max_depth": 4.794241094696689, "min_child_weight": 2.7052860405629993}, "datetime": {"datetime": "2020-04-24 19:11:08", "elapsed": 153.510523, "delta": 1.703479}}
{"target": 0.6484144, "params": {"max_depth": 4.752152710832817, "min_child_weight": 2.9406245640641493}, "datetime": {"datetime": "2020-04-24 19:11:10", "elapsed": 155.083196, "delta": 1.572673}}
{"target": 0.637198, "params": {"max_depth": 6.971609083332277, "min_child_weight": 7.675696075372044}, "datetime": {"datetime": "2020-04-24 19:11:11", "elapsed": 156.794066, "delta": 1.71087}}
{"target": 0.6411648, "params": {"max_depth": 6.165189140152274, "min_child_weight": 7.292396268701359}, "datetime": {"datetime": "2020-04-24 19:11:13", "elapsed": 158.801761, "delta": 2.007695}}
