{"target": 0.6502193999999999, "params": {"alpha": 0.8408366560009203, "lam": 0.9157500166680121, "max_depth": 9.0, "min_child_weight": 9.0}, "datetime": {"datetime": "2020-04-24 23:07:53", "elapsed": 968.264514, "delta": 3.308572}}
{"target": 0.6488338, "params": {"alpha": 0.850510266300087, "lam": 0.9237559207791814, "max_depth": 9.0, "min_child_weight": 9.0}, "datetime": {"datetime": "2020-04-24 23:07:56", "elapsed": 971.627387, "delta": 3.362873}}
{"target": 0.6491642, "params": {"alpha": 0.8182799029153927, "lam": 0.9036376277400555, "max_depth": 9.0, "min_child_weight": 9.0}, "datetime": {"datetime": "2020-04-24 23:08:00", "elapsed": 974.937015, "delta": 3.309628}}
{"target": 0.6475482, "params": {"alpha": 0.8069467065243077, "lam": 0.9231029891925927, "max_depth": 9.0, "min_child_weight": 9.0}, "datetime": {"datetime": "2020-04-24 23:08:03", "elapsed": 978.281974, "delta": 3.344959}}
{"target": 0.6511418, "params": {"alpha": 0.8277000516381342, "lam": 0.9218615628491944, "max_depth": 9.0, "min_child_weight": 9.0}, "datetime": {"datetime": "2020-04-24 23:08:07", "elapsed": 982.031875, "delta": 3.749901}}
{"target": 0.6503742, "params": {"alpha": 0.8155188221576314, "lam": 0.9137859304861546, "max_depth": 9.0, "min_child_weight": 9.0}, "datetime": {"datetime": "2020-04-24 23:08:11", "elapsed": 986.157992, "delta": 4.126117}}
{"target": 0.6489494, "params": {"alpha": 0.8315248624072904, "lam": 0.9112700718305613, "max_depth": 9.0, "min_child_weight": 9.0}, "datetime": {"datetime": "2020-04-24 23:08:14", "elapsed": 989.462917, "delta": 3.304925}}
{"target": 0.6503029999999999, "params": {"alpha": 0.8204500997751614, "lam": 0.919822686324234, "max_depth": 9.0, "min_child_weight": 9.0}, "datetime": {"datetime": "2020-04-24 23:08:17", "elapsed": 992.604538, "delta": 3.141621}}
{"target": 0.6517158000000001, "params": {"alpha": 0.8244623364397468, "lam": 0.8999310508320926, "max_depth": 9.0, "min_child_weight": 9.0}, "datetime": {"datetime": "2020-04-24 23:08:21", "elapsed": 996.379984, "delta": 3.775446}}
{"target": 0.6471096000000001, "params": {"alpha": 0.8147231704761217, "lam": 0.9071597514162243, "max_depth": 9.0, "min_child_weight": 9.0}, "datetime": {"datetime": "2020-04-24 23:08:25", "elapsed": 999.875249, "delta": 3.495265}}
{"target": 0.6502214000000001, "params": {"alpha": 0.8452809916896911, "lam": 0.9166827520533081, "max_depth": 9.0, "min_child_weight": 9.0}, "datetime": {"datetime": "2020-04-24 23:08:28", "elapsed": 1003.328721, "delta": 3.453472}}
{"target": 0.6511418, "params": {"alpha": 0.8192500094194247, "lam": 0.9219162861626937, "max_depth": 9.0, "min_child_weight": 9.0}, "datetime": {"datetime": "2020-04-24 23:08:32", "elapsed": 1007.54924, "delta": 4.220519}}
{"target": 0.6489461999999999, "params": {"alpha": 0.8314553883452087, "lam": 0.9101801784525714, "max_depth": 9.0, "min_child_weight": 9.0}, "datetime": {"datetime": "2020-04-24 23:08:36", "elapsed": 1011.042046, "delta": 3.492806}}
{"target": 0.6475452, "params": {"alpha": 0.8525365395064647, "lam": 0.9228050868571569, "max_depth": 9.0, "min_child_weight": 9.0}, "datetime": {"datetime": "2020-04-24 23:08:39", "elapsed": 1014.594036, "delta": 3.55199}}
{"target": 0.6471077999999999, "params": {"alpha": 0.8057110516170582, "lam": 0.9066183566953497, "max_depth": 9.0, "min_child_weight": 9.0}, "datetime": {"datetime": "2020-04-24 23:08:43", "elapsed": 1018.26361, "delta": 3.669574}}
{"target": 0.6466602, "params": {"alpha": 0.8188780450164684, "lam": 0.928951490363228, "max_depth": 9.0, "min_child_weight": 9.0}, "datetime": {"datetime": "2020-04-24 23:08:47", "elapsed": 1022.016129, "delta": 3.752519}}
{"target": 0.648235, "params": {"alpha": 0.8412592561317093, "lam": 0.9052890598877406, "max_depth": 9.0, "min_child_weight": 9.0}, "datetime": {"datetime": "2020-04-24 23:08:50", "elapsed": 1025.272263, "delta": 3.256134}}
{"target": 0.6485152000000001, "params": {"alpha": 0.8162549559668671, "lam": 0.9254403373485929, "max_depth": 9.0, "min_child_weight": 9.0}, "datetime": {"datetime": "2020-04-24 23:08:54", "elapsed": 1029.268792, "delta": 3.996529}}
{"target": 0.6489484000000001, "params": {"alpha": 0.8351313292155148, "lam": 0.9108620475548284, "max_depth": 9.0, "min_child_weight": 9.0}, "datetime": {"datetime": "2020-04-24 23:08:58", "elapsed": 1033.495026, "delta": 4.226234}}
{"target": 0.6475069999999999, "params": {"alpha": 0.7554439813044361, "lam": 0.9229934344290942, "max_depth": 9.0, "min_child_weight": 9.0}, "datetime": {"datetime": "2020-04-24 23:09:02", "elapsed": 1037.518509, "delta": 4.023483}}
{"target": 0.6489456, "params": {"alpha": 0.8497456659854556, "lam": 0.909879753599296, "max_depth": 9.0, "min_child_weight": 9.0}, "datetime": {"datetime": "2020-04-24 23:09:06", "elapsed": 1041.519109, "delta": 4.0006}}
{"target": 0.652758, "params": {"alpha": 0.8530366690441696, "lam": 0.9276394580326287, "max_depth": 9.0, "min_child_weight": 9.0}, "datetime": {"datetime": "2020-04-24 23:09:10", "elapsed": 1045.795548, "delta": 4.276439}}
{"target": 0.6511802, "params": {"alpha": 0.8671612520767021, "lam": 0.9220720107637708, "max_depth": 9.0, "min_child_weight": 9.0}, "datetime": {"datetime": "2020-04-24 23:09:15", "elapsed": 1050.337725, "delta": 4.542177}}
{"target": 0.6502218, "params": {"alpha": 0.8634105480017621, "lam": 0.9166976166835521, "max_depth": 9.0, "min_child_weight": 9.0}, "datetime": {"datetime": "2020-04-24 23:09:19", "elapsed": 1054.194275, "delta": 3.85655}}
{"target": 0.6503006000000001, "params": {"alpha": 0.849635908037012, "lam": 0.9188627206578348, "max_depth": 9.0, "min_child_weight": 9.0}, "datetime": {"datetime": "2020-04-24 23:09:23", "elapsed": 1057.944729, "delta": 3.750454}}
{"target": 0.6511792, "params": {"alpha": 0.8722102984808259, "lam": 0.921569753561163, "max_depth": 9.0, "min_child_weight": 9.0}, "datetime": {"datetime": "2020-04-24 23:09:27", "elapsed": 1062.072374, "delta": 4.127645}}
{"target": 0.6503036000000001, "params": {"alpha": 0.8647893659094676, "lam": 0.9199974812491315, "max_depth": 9.0, "min_child_weight": 9.0}, "datetime": {"datetime": "2020-04-24 23:09:31", "elapsed": 1066.391516, "delta": 4.319142}}
{"target": 0.6502262, "params": {"alpha": 0.8761214800322645, "lam": 0.9178426782221334, "max_depth": 9.0, "min_child_weight": 9.0}, "datetime": {"datetime": "2020-04-24 23:09:35", "elapsed": 1070.619242, "delta": 4.227726}}
{"target": 0.6503732, "params": {"alpha": 0.855143275714296, "lam": 0.9133448830750734, "max_depth": 9.0, "min_child_weight": 9.0}, "datetime": {"datetime": "2020-04-24 23:09:40", "elapsed": 1075.319396, "delta": 4.700154}}
{"target": 0.650373, "params": {"alpha": 0.8676290755258801, "lam": 0.9131655745464771, "max_depth": 9.0, "min_child_weight": 9.0}, "datetime": {"datetime": "2020-04-24 23:09:44", "elapsed": 1078.882713, "delta": 3.563317}}
{"target": 0.6486124000000001, "params": {"alpha": 0.8704313613108369, "lam": 0.9251192320932511, "max_depth": 9.0, "min_child_weight": 9.0}, "datetime": {"datetime": "2020-04-24 23:09:47", "elapsed": 1082.311206, "delta": 3.428493}}
{"target": 0.6487662000000001, "params": {"alpha": 0.8727836608574692, "lam": 0.9226898611652612, "max_depth": 9.0, "min_child_weight": 9.0}, "datetime": {"datetime": "2020-04-24 23:09:51", "elapsed": 1086.640301, "delta": 4.329095}}
{"target": 0.6506350000000001, "params": {"alpha": 0.8441173853538952, "lam": 0.9265494870603481, "max_depth": 9.0, "min_child_weight": 9.0}, "datetime": {"datetime": "2020-04-24 23:09:56", "elapsed": 1090.904617, "delta": 4.264316}}
{"target": 0.6447038, "params": {"alpha": 0.8460555966218594, "lam": 0.9307227644707883, "max_depth": 9.0, "min_child_weight": 9.0}, "datetime": {"datetime": "2020-04-24 23:09:59", "elapsed": 1094.823, "delta": 3.918383}}
{"target": 0.6504706, "params": {"alpha": 0.8923824609714709, "lam": 0.914259939268947, "max_depth": 9.0, "min_child_weight": 9.0}, "datetime": {"datetime": "2020-04-24 23:10:04", "elapsed": 1098.951969, "delta": 4.128969}}
{"target": 0.6503728, "params": {"alpha": 0.835836110789633, "lam": 0.9132333075962831, "max_depth": 9.0, "min_child_weight": 9.0}, "datetime": {"datetime": "2020-04-24 23:10:08", "elapsed": 1103.033423, "delta": 4.081454}}
{"target": 0.6474856, "params": {"alpha": 0.8725498499953838, "lam": 0.911297675898676, "max_depth": 9.0, "min_child_weight": 9.0}, "datetime": {"datetime": "2020-04-24 23:10:12", "elapsed": 1107.03857, "delta": 4.005147}}
{"target": 0.6502192, "params": {"alpha": 0.8752411188406127, "lam": 0.9156933753108086, "max_depth": 9.0, "min_child_weight": 9.0}, "datetime": {"datetime": "2020-04-24 23:10:16", "elapsed": 1110.978222, "delta": 3.939652}}
{"target": 0.649441, "params": {"alpha": 0.8612084892902959, "lam": 0.9037304631443738, "max_depth": 9.0, "min_child_weight": 9.0}, "datetime": {"datetime": "2020-04-24 23:10:20", "elapsed": 1115.513676, "delta": 4.535454}}
{"target": 0.6503734, "params": {"alpha": 0.8425292817923591, "lam": 0.9133527669342298, "max_depth": 9.0, "min_child_weight": 9.0}, "datetime": {"datetime": "2020-04-24 23:10:24", "elapsed": 1119.831656, "delta": 4.31798}}
{"target": 0.648949, "params": {"alpha": 0.8539343584032498, "lam": 0.911202410416612, "max_depth": 9.0, "min_child_weight": 9.0}, "datetime": {"datetime": "2020-04-24 23:10:29", "elapsed": 1124.653165, "delta": 4.821509}}
{"target": 0.6497108, "params": {"alpha": 0.8402873920009739, "lam": 0.9121692287856589, "max_depth": 9.0, "min_child_weight": 9.0}, "datetime": {"datetime": "2020-04-24 23:10:34", "elapsed": 1129.025303, "delta": 4.372138}}
{"target": 0.6484504, "params": {"alpha": 0.8590515812882263, "lam": 0.9243331649607429, "max_depth": 9.0, "min_child_weight": 9.0}, "datetime": {"datetime": "2020-04-24 23:10:38", "elapsed": 1133.655449, "delta": 4.630146}}
{"target": 0.6489444000000001, "params": {"alpha": 0.8439230521755628, "lam": 0.9095989482368286, "max_depth": 9.0, "min_child_weight": 9.0}, "datetime": {"datetime": "2020-04-24 23:10:42", "elapsed": 1137.739537, "delta": 4.084088}}
{"target": 0.6482358, "params": {"alpha": 0.8578316077423237, "lam": 0.9055111229785527, "max_depth": 9.0, "min_child_weight": 9.0}, "datetime": {"datetime": "2020-04-24 23:10:47", "elapsed": 1142.132844, "delta": 4.393307}}
{"target": 0.6484498, "params": {"alpha": 0.8587191370197358, "lam": 0.9241020004413196, "max_depth": 9.0, "min_child_weight": 9.0}, "datetime": {"datetime": "2020-04-24 23:10:52", "elapsed": 1147.092911, "delta": 4.960067}}
{"target": 0.6502198, "params": {"alpha": 0.8732073155942714, "lam": 0.915864480495167, "max_depth": 9.0, "min_child_weight": 9.0}, "datetime": {"datetime": "2020-04-24 23:10:56", "elapsed": 1150.963671, "delta": 3.87076}}
{"target": 0.650375, "params": {"alpha": 0.8755401675547653, "lam": 0.9140256326295026, "max_depth": 9.0, "min_child_weight": 9.0}, "datetime": {"datetime": "2020-04-24 23:11:00", "elapsed": 1155.247378, "delta": 4.283707}}
{"target": 0.6503002, "params": {"alpha": 0.8845205297272456, "lam": 0.9184292463166042, "max_depth": 9.0, "min_child_weight": 9.0}, "datetime": {"datetime": "2020-04-24 23:11:04", "elapsed": 1159.642959, "delta": 4.395581}}
{"target": 0.6494405999999999, "params": {"alpha": 0.8592032340488333, "lam": 0.903622750429804, "max_depth": 9.0, "min_child_weight": 9.0}, "datetime": {"datetime": "2020-04-24 23:11:09", "elapsed": 1164.06548, "delta": 4.422521}}
{"target": 0.6489434000000001, "params": {"alpha": 0.8657038394908467, "lam": 0.9091226958713671, "max_depth": 9.0, "min_child_weight": 9.0}, "datetime": {"datetime": "2020-04-24 23:11:13", "elapsed": 1168.217915, "delta": 4.152435}}
{"target": 0.6503732, "params": {"alpha": 0.8771545686730997, "lam": 0.9133079417646837, "max_depth": 9.0, "min_child_weight": 9.0}, "datetime": {"datetime": "2020-04-24 23:11:17", "elapsed": 1172.398113, "delta": 4.180198}}
{"target": 0.6508562, "params": {"alpha": 0.868114020762074, "lam": 0.9263394650380438, "max_depth": 9.0, "min_child_weight": 9.0}, "datetime": {"datetime": "2020-04-24 23:11:22", "elapsed": 1176.865291, "delta": 4.467178}}
{"target": 0.6503019999999999, "params": {"alpha": 0.8510114152224733, "lam": 0.9192956652677857, "max_depth": 9.0, "min_child_weight": 9.0}, "datetime": {"datetime": "2020-04-24 23:11:26", "elapsed": 1180.856398, "delta": 3.991107}}
{"target": 0.65114, "params": {"alpha": 0.8463292796741786, "lam": 0.9209691560274708, "max_depth": 9.0, "min_child_weight": 9.0}, "datetime": {"datetime": "2020-04-24 23:11:30", "elapsed": 1185.248465, "delta": 4.392067}}
{"target": 0.6497102000000001, "params": {"alpha": 0.8348960430588487, "lam": 0.9119497792502431, "max_depth": 9.0, "min_child_weight": 9.0}, "datetime": {"datetime": "2020-04-24 23:11:35", "elapsed": 1189.889015, "delta": 4.64055}}
{"target": 0.6503028000000001, "params": {"alpha": 0.8543100380208006, "lam": 0.9197080036068408, "max_depth": 9.0, "min_child_weight": 9.0}, "datetime": {"datetime": "2020-04-24 23:11:38", "elapsed": 1193.696795, "delta": 3.80778}}
{"target": 0.6502198, "params": {"alpha": 0.8432875529245554, "lam": 0.915999385998543, "max_depth": 9.0, "min_child_weight": 9.0}, "datetime": {"datetime": "2020-04-24 23:11:43", "elapsed": 1197.988112, "delta": 4.291317}}
{"target": 0.6503002, "params": {"alpha": 0.8911639741598381, "lam": 0.9185594966685222, "max_depth": 9.0, "min_child_weight": 9.0}, "datetime": {"datetime": "2020-04-24 23:11:47", "elapsed": 1201.925871, "delta": 3.937759}}
{"target": 0.6466054000000001, "params": {"alpha": 0.8859862153905699, "lam": 0.9252041475648899, "max_depth": 9.0, "min_child_weight": 9.0}, "datetime": {"datetime": "2020-04-24 23:11:51", "elapsed": 1206.416362, "delta": 4.490491}}
{"target": 0.64711, "params": {"alpha": 0.840017672685622, "lam": 0.907300318740769, "max_depth": 9.0, "min_child_weight": 9.0}, "datetime": {"datetime": "2020-04-24 23:11:56", "elapsed": 1211.204971, "delta": 4.788609}}
{"target": 0.6502205999999999, "params": {"alpha": 0.8748292795097381, "lam": 0.9161417511581572, "max_depth": 9.0, "min_child_weight": 9.0}, "datetime": {"datetime": "2020-04-24 23:12:00", "elapsed": 1215.272795, "delta": 4.067824}}
{"target": 0.645798, "params": {"alpha": 0.8664288189692029, "lam": 0.9332683106340731, "max_depth": 9.0, "min_child_weight": 9.0}, "datetime": {"datetime": "2020-04-24 23:12:04", "elapsed": 1219.431973, "delta": 4.159178}}
{"target": 0.648941, "params": {"alpha": 0.8283010209612034, "lam": 0.9082613017958346, "max_depth": 9.0, "min_child_weight": 9.0}, "datetime": {"datetime": "2020-04-24 23:12:09", "elapsed": 1224.466317, "delta": 5.034344}}
{"target": 0.6489418, "params": {"alpha": 0.8299057484555805, "lam": 0.9085001910866307, "max_depth": 9.0, "min_child_weight": 9.0}, "datetime": {"datetime": "2020-04-24 23:12:14", "elapsed": 1229.177322, "delta": 4.711005}}
{"target": 0.6503715999999999, "params": {"alpha": 0.8834011558400175, "lam": 0.9125601615610994, "max_depth": 9.0, "min_child_weight": 9.0}, "datetime": {"datetime": "2020-04-24 23:12:19", "elapsed": 1234.359087, "delta": 5.181765}}
{"target": 0.6511388000000001, "params": {"alpha": 0.8489487309464518, "lam": 0.9204768901275626, "max_depth": 9.0, "min_child_weight": 9.0}, "datetime": {"datetime": "2020-04-24 23:12:24", "elapsed": 1239.174486, "delta": 4.815399}}
{"target": 0.6489406000000001, "params": {"alpha": 0.842245137886313, "lam": 0.9081285862320391, "max_depth": 9.0, "min_child_weight": 9.0}, "datetime": {"datetime": "2020-04-24 23:12:29", "elapsed": 1244.057945, "delta": 4.883459}}
{"target": 0.6489476, "params": {"alpha": 0.8761674452406801, "lam": 0.910753825212463, "max_depth": 9.0, "min_child_weight": 9.0}, "datetime": {"datetime": "2020-04-24 23:12:33", "elapsed": 1248.422534, "delta": 4.364589}}
{"target": 0.651178, "params": {"alpha": 0.8672201310415526, "lam": 0.9209774097125192, "max_depth": 9.0, "min_child_weight": 9.0}, "datetime": {"datetime": "2020-04-24 23:12:38", "elapsed": 1253.293341, "delta": 4.870807}}
{"target": 0.65114, "params": {"alpha": 0.8429167822896684, "lam": 0.921044688675749, "max_depth": 9.0, "min_child_weight": 9.0}, "datetime": {"datetime": "2020-04-24 23:12:44", "elapsed": 1259.000663, "delta": 5.707322}}
{"target": 0.6504044, "params": {"alpha": 0.8243415539582286, "lam": 0.9261518582138017, "max_depth": 9.0, "min_child_weight": 9.0}, "datetime": {"datetime": "2020-04-24 23:12:48", "elapsed": 1263.676795, "delta": 4.676132}}
{"target": 0.6503743999999999, "params": {"alpha": 0.8295638987879719, "lam": 0.9138593669554635, "max_depth": 9.0, "min_child_weight": 9.0}, "datetime": {"datetime": "2020-04-24 23:12:53", "elapsed": 1268.663984, "delta": 4.987189}}
{"target": 0.6502196, "params": {"alpha": 0.8455891079346286, "lam": 0.9157955608875855, "max_depth": 9.0, "min_child_weight": 9.0}, "datetime": {"datetime": "2020-04-24 23:12:58", "elapsed": 1272.869182, "delta": 4.205198}}
{"target": 0.630523, "params": {"alpha": 0.8530366690441696, "colsample_bytree": 0.8942272295693676, "lam": 0.9276394580326287, "max_depth": 9.0, "min_child_weight": 9.0, "subsample": 0.7597699653210365}, "datetime": {"datetime": "2020-04-24 23:12:59", "elapsed": 1273.978701, "delta": 1.109519}}
{"target": 0.64189, "params": {"alpha": 0.8530366690441696, "colsample_bytree": 0.6595317850064084, "lam": 0.9276394580326287, "max_depth": 9.0, "min_child_weight": 9.0, "subsample": 0.7300147731709845}, "datetime": {"datetime": "2020-04-24 23:13:00", "elapsed": 1275.108579, "delta": 1.129878}}
{"target": 0.6236064, "params": {"alpha": 0.8530366690441696, "colsample_bytree": 0.7041020404942465, "lam": 0.9276394580326287, "max_depth": 9.0, "min_child_weight": 9.0, "subsample": 0.6770636001935073}, "datetime": {"datetime": "2020-04-24 23:13:01", "elapsed": 1276.209215, "delta": 1.100636}}
{"target": 0.6394058, "params": {"alpha": 0.8530366690441696, "colsample_bytree": 0.7739698439741152, "lam": 0.9276394580326287, "max_depth": 9.0, "min_child_weight": 9.0, "subsample": 0.5013708575414104}, "datetime": {"datetime": "2020-04-24 23:13:02", "elapsed": 1277.267487, "delta": 1.058272}}
{"target": 0.6365524, "params": {"alpha": 0.8530366690441696, "colsample_bytree": 0.7321696031361898, "lam": 0.9276394580326287, "max_depth": 9.0, "min_child_weight": 9.0, "subsample": 0.668866659182744}, "datetime": {"datetime": "2020-04-24 23:13:03", "elapsed": 1278.386134, "delta": 1.118647}}
{"target": 0.6133789999999999, "params": {"alpha": 0.8530366690441696, "colsample_bytree": 0.5737377349401876, "lam": 0.9276394580326287, "max_depth": 9.0, "min_child_weight": 9.0, "subsample": 0.803248435661104}, "datetime": {"datetime": "2020-04-24 23:13:04", "elapsed": 1279.507823, "delta": 1.121689}}
{"target": 0.6221332, "params": {"alpha": 0.8530366690441696, "colsample_bytree": 0.7371651491750438, "lam": 0.9276394580326287, "max_depth": 9.0, "min_child_weight": 9.0, "subsample": 0.5706503921040392}, "datetime": {"datetime": "2020-04-24 23:13:05", "elapsed": 1280.571048, "delta": 1.063225}}
{"target": 0.6251736, "params": {"alpha": 0.8530366690441696, "colsample_bytree": 0.6128392200937569, "lam": 0.9276394580326287, "max_depth": 9.0, "min_child_weight": 9.0, "subsample": 0.7325245601645551}, "datetime": {"datetime": "2020-04-24 23:13:06", "elapsed": 1281.718263, "delta": 1.147215}}
{"target": 0.6071630000000001, "params": {"alpha": 0.8530366690441696, "colsample_bytree": 0.5833189070852408, "lam": 0.9276394580326287, "max_depth": 9.0, "min_child_weight": 9.0, "subsample": 0.7083506862250054}, "datetime": {"datetime": "2020-04-24 23:13:08", "elapsed": 1282.873553, "delta": 1.15529}}
{"target": 0.6290764000000001, "params": {"alpha": 0.8530366690441696, "colsample_bytree": 0.7922431694744918, "lam": 0.9276394580326287, "max_depth": 9.0, "min_child_weight": 9.0, "subsample": 0.6903120857452891}, "datetime": {"datetime": "2020-04-24 23:13:09", "elapsed": 1283.970406, "delta": 1.096853}}
{"target": 0.6404466, "params": {"alpha": 0.8530366690441696, "colsample_bytree": 0.9, "lam": 0.9276394580326287, "max_depth": 9.0, "min_child_weight": 9.0, "subsample": 0.9}, "datetime": {"datetime": "2020-04-24 23:13:10", "elapsed": 1285.283736, "delta": 1.31333}}
{"target": 0.5853676, "params": {"alpha": 0.8530366690441696, "colsample_bytree": 0.5, "lam": 0.9276394580326287, "max_depth": 9.0, "min_child_weight": 9.0, "subsample": 0.5}, "datetime": {"datetime": "2020-04-24 23:13:11", "elapsed": 1286.48178, "delta": 1.198044}}
{"target": 0.6318846, "params": {"alpha": 0.8530366690441696, "colsample_bytree": 0.9, "lam": 0.9276394580326287, "max_depth": 9.0, "min_child_weight": 9.0, "subsample": 0.5}, "datetime": {"datetime": "2020-04-24 23:13:12", "elapsed": 1287.821566, "delta": 1.339786}}
{"target": 0.6388240000000001, "params": {"alpha": 0.8530366690441696, "colsample_bytree": 0.7207452289811914, "lam": 0.9276394580326287, "max_depth": 9.0, "min_child_weight": 9.0, "subsample": 0.9}, "datetime": {"datetime": "2020-04-24 23:13:14", "elapsed": 1289.416003, "delta": 1.594437}}
{"target": 0.6019774, "params": {"alpha": 0.8530366690441696, "colsample_bytree": 0.5, "lam": 0.9276394580326287, "max_depth": 9.0, "min_child_weight": 9.0, "subsample": 0.9}, "datetime": {"datetime": "2020-04-24 23:13:16", "elapsed": 1290.968751, "delta": 1.552748}}
{"target": 0.6317278, "params": {"alpha": 0.8530366690441696, "colsample_bytree": 0.7932877639435232, "lam": 0.9276394580326287, "max_depth": 9.0, "min_child_weight": 9.0, "subsample": 0.8297471869017867}, "datetime": {"datetime": "2020-04-24 23:13:17", "elapsed": 1292.475032, "delta": 1.506281}}
{"target": 0.6350414, "params": {"alpha": 0.8530366690441696, "colsample_bytree": 0.9, "lam": 0.9276394580326287, "max_depth": 9.0, "min_child_weight": 9.0, "subsample": 0.6049884056190198}, "datetime": {"datetime": "2020-04-24 23:13:19", "elapsed": 1293.946446, "delta": 1.471414}}
