{"target": 0.6371066, "params": {"alpha": 0.3806596541706486, "colsample_bytree": 0.819677718182759, "lam": 0.899029769248243, "max_depth": 9.0, "min_child_weight": 9.0, "subsample": 0.5485853006031679}, "datetime": {"datetime": "2020-04-24 20:37:15", "elapsed": 1286.270388, "delta": 1.501231}}
{"target": 0.630309, "params": {"alpha": 0.3806596541706486, "colsample_bytree": 0.898744091797957, "lam": 0.899029769248243, "max_depth": 9.0, "min_child_weight": 9.0, "subsample": 0.6358333762069203}, "datetime": {"datetime": "2020-04-24 20:37:16", "elapsed": 1287.71956, "delta": 1.449172}}
{"target": 0.6234917999999999, "params": {"alpha": 0.3806596541706486, "colsample_bytree": 0.8149727275840346, "lam": 0.899029769248243, "max_depth": 9.0, "min_child_weight": 9.0, "subsample": 0.66011069900845}, "datetime": {"datetime": "2020-04-24 20:37:18", "elapsed": 1289.277251, "delta": 1.557691}}
{"target": 0.6303846000000001, "params": {"alpha": 0.3806596541706486, "colsample_bytree": 0.6891915969794766, "lam": 0.899029769248243, "max_depth": 9.0, "min_child_weight": 9.0, "subsample": 0.5629858224733895}, "datetime": {"datetime": "2020-04-24 20:37:19", "elapsed": 1290.717192, "delta": 1.439941}}
{"target": 0.6371836, "params": {"alpha": 0.3806596541706486, "colsample_bytree": 0.8243416118022338, "lam": 0.899029769248243, "max_depth": 9.0, "min_child_weight": 9.0, "subsample": 0.8441222487156292}, "datetime": {"datetime": "2020-04-24 20:37:21", "elapsed": 1292.441338, "delta": 1.724146}}
{"target": 0.6204038, "params": {"alpha": 0.3806596541706486, "colsample_bytree": 0.8993373534751836, "lam": 0.899029769248243, "max_depth": 9.0, "min_child_weight": 9.0, "subsample": 0.567022234218271}, "datetime": {"datetime": "2020-04-24 20:37:23", "elapsed": 1293.973857, "delta": 1.532519}}
{"target": 0.6300778, "params": {"alpha": 0.3806596541706486, "colsample_bytree": 0.6622079683839591, "lam": 0.899029769248243, "max_depth": 9.0, "min_child_weight": 9.0, "subsample": 0.64224389388507}, "datetime": {"datetime": "2020-04-24 20:37:24", "elapsed": 1295.422433, "delta": 1.448576}}
{"target": 0.6389693999999999, "params": {"alpha": 0.3806596541706486, "colsample_bytree": 0.6666004338902893, "lam": 0.899029769248243, "max_depth": 9.0, "min_child_weight": 9.0, "subsample": 0.5015642296714906}, "datetime": {"datetime": "2020-04-24 20:37:26", "elapsed": 1296.871431, "delta": 1.448998}}
{"target": 0.642155, "params": {"alpha": 0.3806596541706486, "colsample_bytree": 0.9, "lam": 0.899029769248243, "max_depth": 9.0, "min_child_weight": 9.0, "subsample": 0.8042765817984076}, "datetime": {"datetime": "2020-04-24 20:37:27", "elapsed": 1298.398795, "delta": 1.527364}}
{"target": 0.629121, "params": {"alpha": 0.3806596541706486, "colsample_bytree": 0.8445666868251785, "lam": 0.899029769248243, "max_depth": 9.0, "min_child_weight": 9.0, "subsample": 0.5001608924643883}, "datetime": {"datetime": "2020-04-24 20:37:29", "elapsed": 1300.032006, "delta": 1.633211}}
{"target": 0.6121662000000001, "params": {"alpha": 0.3806596541706486, "colsample_bytree": 0.6043226090765634, "lam": 0.899029769248243, "max_depth": 9.0, "min_child_weight": 9.0, "subsample": 0.8997687521207001}, "datetime": {"datetime": "2020-04-24 20:37:30", "elapsed": 1301.564274, "delta": 1.532268}}
{"target": 0.6492022000000001, "params": {"alpha": 0.3806596541706486, "colsample_bytree": 0.769093280875296, "lam": 0.899029769248243, "max_depth": 9.0, "min_child_weight": 9.0, "subsample": 0.8997319852488899}, "datetime": {"datetime": "2020-04-24 20:37:32", "elapsed": 1303.214884, "delta": 1.65061}}
{"target": 0.6339387999999999, "params": {"alpha": 0.3806596541706486, "colsample_bytree": 0.7375771707018336, "lam": 0.899029769248243, "max_depth": 9.0, "min_child_weight": 9.0, "subsample": 0.8435163280843017}, "datetime": {"datetime": "2020-04-24 20:37:33", "elapsed": 1304.735033, "delta": 1.520149}}
{"target": 0.6437602, "params": {"alpha": 0.3806596541706486, "colsample_bytree": 0.7861418962425737, "lam": 0.899029769248243, "max_depth": 9.0, "min_child_weight": 9.0, "subsample": 0.5932960950838725}, "datetime": {"datetime": "2020-04-24 20:37:35", "elapsed": 1306.315543, "delta": 1.58051}}
{"target": 0.6397278, "params": {"alpha": 0.3806596541706486, "colsample_bytree": 0.7228663985471205, "lam": 0.899029769248243, "max_depth": 9.0, "min_child_weight": 9.0, "subsample": 0.5002152790151898}, "datetime": {"datetime": "2020-04-24 20:37:37", "elapsed": 1307.865899, "delta": 1.550356}}
{"target": 0.644658, "params": {"alpha": 0.3806596541706486, "colsample_bytree": 0.6687626125727923, "lam": 0.899029769248243, "max_depth": 9.0, "min_child_weight": 9.0, "subsample": 0.772042507040156}, "datetime": {"datetime": "2020-04-24 20:37:38", "elapsed": 1309.457391, "delta": 1.591492}}
{"target": 0.6383882000000001, "params": {"alpha": 0.3806596541706486, "colsample_bytree": 0.6951429803883663, "lam": 0.899029769248243, "max_depth": 9.0, "min_child_weight": 9.0, "subsample": 0.7094012073058348}, "datetime": {"datetime": "2020-04-24 20:37:40", "elapsed": 1311.091521, "delta": 1.63413}}
{"target": 0.6147956, "params": {"alpha": 0.3806596541706486, "colsample_bytree": 0.6045699722049535, "lam": 0.899029769248243, "max_depth": 9.0, "min_child_weight": 9.0, "subsample": 0.7798797920996206}, "datetime": {"datetime": "2020-04-24 20:37:42", "elapsed": 1312.850173, "delta": 1.758652}}
{"target": 0.6384326, "params": {"alpha": 0.3806596541706486, "colsample_bytree": 0.8989461964637493, "lam": 0.899029769248243, "max_depth": 9.0, "min_child_weight": 9.0, "subsample": 0.7321069998661652}, "datetime": {"datetime": "2020-04-24 20:37:43", "elapsed": 1314.395131, "delta": 1.544958}}
{"target": 0.6379644, "params": {"alpha": 0.3806596541706486, "colsample_bytree": 0.7922752165253714, "lam": 0.899029769248243, "max_depth": 9.0, "min_child_weight": 9.0, "subsample": 0.8931538988185462}, "datetime": {"datetime": "2020-04-24 20:37:45", "elapsed": 1316.209359, "delta": 1.814228}}
{"target": 0.6258914000000001, "params": {"alpha": 0.3806596541706486, "colsample_bytree": 0.8696334096170018, "lam": 0.899029769248243, "max_depth": 9.0, "min_child_weight": 9.0, "subsample": 0.8425330894461371}, "datetime": {"datetime": "2020-04-24 20:37:47", "elapsed": 1317.81101, "delta": 1.601651}}
{"target": 0.6451119999999999, "params": {"alpha": 0.3806596541706486, "colsample_bytree": 0.9, "lam": 0.899029769248243, "max_depth": 9.0, "min_child_weight": 9.0, "subsample": 0.9}, "datetime": {"datetime": "2020-04-24 20:37:48", "elapsed": 1319.581507, "delta": 1.770497}}
{"target": 0.6041360000000001, "params": {"alpha": 0.3806596541706486, "colsample_bytree": 0.5007019636524667, "lam": 0.899029769248243, "max_depth": 9.0, "min_child_weight": 9.0, "subsample": 0.7288198595933076}, "datetime": {"datetime": "2020-04-24 20:37:50", "elapsed": 1321.503518, "delta": 1.922011}}
{"target": 0.6402056, "params": {"alpha": 0.3806596541706486, "colsample_bytree": 0.87065281144977, "lam": 0.899029769248243, "max_depth": 9.0, "min_child_weight": 9.0, "subsample": 0.8998551640205907}, "datetime": {"datetime": "2020-04-24 20:37:52", "elapsed": 1323.18394, "delta": 1.680422}}
{"target": 0.6477115999999999, "params": {"alpha": 0.3806596541706486, "colsample_bytree": 0.8293716117120846, "lam": 0.899029769248243, "max_depth": 9.0, "min_child_weight": 9.0, "subsample": 0.6010212827736007}, "datetime": {"datetime": "2020-04-24 20:37:54", "elapsed": 1325.243898, "delta": 2.059958}}
{"target": 0.643138, "params": {"alpha": 0.3806596541706486, "colsample_bytree": 0.6966110020738145, "lam": 0.899029769248243, "max_depth": 9.0, "min_child_weight": 9.0, "subsample": 0.7979581067239949}, "datetime": {"datetime": "2020-04-24 20:37:56", "elapsed": 1327.128615, "delta": 1.884717}}
{"target": 0.6354274, "params": {"alpha": 0.3806596541706486, "colsample_bytree": 0.7373259284132287, "lam": 0.899029769248243, "max_depth": 9.0, "min_child_weight": 9.0, "subsample": 0.5902391771127151}, "datetime": {"datetime": "2020-04-24 20:37:58", "elapsed": 1328.916611, "delta": 1.787996}}
{"target": 0.5973082, "params": {"alpha": 0.3806596541706486, "colsample_bytree": 0.5803635983691491, "lam": 0.899029769248243, "max_depth": 9.0, "min_child_weight": 9.0, "subsample": 0.6635162895427302}, "datetime": {"datetime": "2020-04-24 20:38:00", "elapsed": 1330.903778, "delta": 1.987167}}
{"target": 0.6397026, "params": {"alpha": 0.3806596541706486, "colsample_bytree": 0.7471053877115781, "lam": 0.899029769248243, "max_depth": 9.0, "min_child_weight": 9.0, "subsample": 0.899999999914861}, "datetime": {"datetime": "2020-04-24 20:38:02", "elapsed": 1332.805274, "delta": 1.901496}}
{"target": 0.6431464, "params": {"alpha": 0.3806596541706486, "colsample_bytree": 0.794041646163177, "lam": 0.899029769248243, "max_depth": 9.0, "min_child_weight": 9.0, "subsample": 0.8045012180226263}, "datetime": {"datetime": "2020-04-24 20:38:03", "elapsed": 1334.501274, "delta": 1.696}}
{"target": 0.6353548, "params": {"alpha": 0.3806596541706486, "colsample_bytree": 0.6785957948291349, "lam": 0.899029769248243, "max_depth": 9.0, "min_child_weight": 9.0, "subsample": 0.7460762526659602}, "datetime": {"datetime": "2020-04-24 20:38:05", "elapsed": 1336.368904, "delta": 1.86763}}
{"target": 0.6353252, "params": {"alpha": 0.3806596541706486, "colsample_bytree": 0.6696476040190333, "lam": 0.899029769248243, "max_depth": 9.0, "min_child_weight": 9.0, "subsample": 0.8197118931750067}, "datetime": {"datetime": "2020-04-24 20:38:07", "elapsed": 1338.734044, "delta": 2.36514}}
{"target": 0.6228423999999999, "params": {"alpha": 0.3806596541706486, "colsample_bytree": 0.7091698736914458, "lam": 0.899029769248243, "max_depth": 9.0, "min_child_weight": 9.0, "subsample": 0.6610298866091655}, "datetime": {"datetime": "2020-04-24 20:38:09", "elapsed": 1340.632754, "delta": 1.89871}}
{"target": 0.6160008, "params": {"alpha": 0.3806596541706486, "colsample_bytree": 0.6239710820062709, "lam": 0.899029769248243, "max_depth": 9.0, "min_child_weight": 9.0, "subsample": 0.5676304902419889}, "datetime": {"datetime": "2020-04-24 20:38:11", "elapsed": 1342.578325, "delta": 1.945571}}
{"target": 0.6185752, "params": {"alpha": 0.3806596541706486, "colsample_bytree": 0.6097211178117399, "lam": 0.899029769248243, "max_depth": 9.0, "min_child_weight": 9.0, "subsample": 0.5010264104922549}, "datetime": {"datetime": "2020-04-24 20:38:13", "elapsed": 1344.484205, "delta": 1.90588}}
{"target": 0.6310524, "params": {"alpha": 0.3806596541706486, "colsample_bytree": 0.8993395664150086, "lam": 0.899029769248243, "max_depth": 9.0, "min_child_weight": 9.0, "subsample": 0.7710460146748757}, "datetime": {"datetime": "2020-04-24 20:38:15", "elapsed": 1346.51895, "delta": 2.034745}}
{"target": 0.6243348, "params": {"alpha": 0.3806596541706486, "colsample_bytree": 0.8992106628018895, "lam": 0.899029769248243, "max_depth": 9.0, "min_child_weight": 9.0, "subsample": 0.6909800948784}, "datetime": {"datetime": "2020-04-24 20:38:17", "elapsed": 1348.42258, "delta": 1.90363}}
{"target": 0.584988, "params": {"alpha": 0.3806596541706486, "colsample_bytree": 0.5, "lam": 0.899029769248243, "max_depth": 9.0, "min_child_weight": 9.0, "subsample": 0.5736522642013673}, "datetime": {"datetime": "2020-04-24 20:38:19", "elapsed": 1350.294288, "delta": 1.871708}}
{"target": 0.636399, "params": {"alpha": 0.3806596541706486, "colsample_bytree": 0.8998775280301369, "lam": 0.899029769248243, "max_depth": 9.0, "min_child_weight": 9.0, "subsample": 0.856871813827067}, "datetime": {"datetime": "2020-04-24 20:38:21", "elapsed": 1352.142329, "delta": 1.848041}}
{"target": 0.6300416, "params": {"alpha": 0.3806596541706486, "colsample_bytree": 0.6556062932899082, "lam": 0.899029769248243, "max_depth": 9.0, "min_child_weight": 9.0, "subsample": 0.6903663212153948}, "datetime": {"datetime": "2020-04-24 20:38:23", "elapsed": 1353.939662, "delta": 1.797333}}
{"target": 0.6294942, "params": {"alpha": 0.3806596541706486, "colsample_bytree": 0.7567895873662072, "lam": 0.899029769248243, "max_depth": 9.0, "min_child_weight": 9.0, "subsample": 0.5357495916607973}, "datetime": {"datetime": "2020-04-24 20:38:24", "elapsed": 1355.659297, "delta": 1.719635}}
{"target": 0.6491771999999999, "params": {"alpha": 0.3806596541706486, "colsample_bytree": 0.7560095682251675, "lam": 0.899029769248243, "max_depth": 9.0, "min_child_weight": 9.0, "subsample": 0.8106725408773797}, "datetime": {"datetime": "2020-04-24 20:38:26", "elapsed": 1357.681325, "delta": 2.022028}}
{"target": 0.6281024, "params": {"alpha": 0.3806596541706486, "colsample_bytree": 0.780118595619955, "lam": 0.899029769248243, "max_depth": 9.0, "min_child_weight": 9.0, "subsample": 0.8284808719792085}, "datetime": {"datetime": "2020-04-24 20:38:28", "elapsed": 1359.247151, "delta": 1.565826}}
{"target": 0.6356134, "params": {"alpha": 0.3806596541706486, "colsample_bytree": 0.7321765929456288, "lam": 0.899029769248243, "max_depth": 9.0, "min_child_weight": 9.0, "subsample": 0.8034929652408331}, "datetime": {"datetime": "2020-04-24 20:38:30", "elapsed": 1361.069403, "delta": 1.822252}}
{"target": 0.6311481999999999, "params": {"alpha": 0.3806596541706486, "colsample_bytree": 0.7945901543934155, "lam": 0.899029769248243, "max_depth": 9.0, "min_child_weight": 9.0, "subsample": 0.7478058813879411}, "datetime": {"datetime": "2020-04-24 20:38:31", "elapsed": 1362.742967, "delta": 1.673564}}
{"target": 0.6171752, "params": {"alpha": 0.3806596541706486, "colsample_bytree": 0.5600784910126534, "lam": 0.899029769248243, "max_depth": 9.0, "min_child_weight": 9.0, "subsample": 0.8551665582718093}, "datetime": {"datetime": "2020-04-24 20:38:33", "elapsed": 1364.438999, "delta": 1.696032}}
{"target": 0.6272340000000001, "params": {"alpha": 0.3806596541706486, "colsample_bytree": 0.7565911735457617, "lam": 0.899029769248243, "max_depth": 9.0, "min_child_weight": 9.0, "subsample": 0.6920252948503752}, "datetime": {"datetime": "2020-04-24 20:38:35", "elapsed": 1366.123509, "delta": 1.68451}}
{"target": 0.6429592000000001, "params": {"alpha": 0.3806596541706486, "colsample_bytree": 0.7748987372147567, "lam": 0.899029769248243, "max_depth": 9.0, "min_child_weight": 9.0, "subsample": 0.78694371527985}, "datetime": {"datetime": "2020-04-24 20:38:37", "elapsed": 1367.791735, "delta": 1.668226}}
{"target": 0.638761, "params": {"alpha": 0.3806596541706486, "colsample_bytree": 0.8353712586308415, "lam": 0.899029769248243, "max_depth": 9.0, "min_child_weight": 9.0, "subsample": 0.8003268208026979}, "datetime": {"datetime": "2020-04-24 20:38:39", "elapsed": 1369.904952, "delta": 2.113217}}
{"target": 0.6335896, "params": {"alpha": 0.3806596541706486, "colsample_bytree": 0.7858316447664864, "lam": 0.899029769248243, "max_depth": 9.0, "min_child_weight": 9.0, "subsample": 0.6232625001916752}, "datetime": {"datetime": "2020-04-24 20:38:40", "elapsed": 1371.531968, "delta": 1.627016}}
{"target": 0.6352038, "params": {"alpha": 0.3806596541706486, "colsample_bytree": 0.8591277744763846, "lam": 0.899029769248243, "max_depth": 9.0, "min_child_weight": 9.0, "subsample": 0.6278458012600379}, "datetime": {"datetime": "2020-04-24 20:38:42", "elapsed": 1373.234798, "delta": 1.70283}}
{"target": 0.6177816, "params": {"alpha": 0.3806596541706486, "colsample_bytree": 0.5554484775010757, "lam": 0.899029769248243, "max_depth": 9.0, "min_child_weight": 9.0, "subsample": 0.7344142374769252}, "datetime": {"datetime": "2020-04-24 20:38:44", "elapsed": 1375.05388, "delta": 1.819082}}
{"target": 0.6262506, "params": {"alpha": 0.3806596541706486, "colsample_bytree": 0.8304924193723124, "lam": 0.899029769248243, "max_depth": 9.0, "min_child_weight": 9.0, "subsample": 0.579519708821403}, "datetime": {"datetime": "2020-04-24 20:38:45", "elapsed": 1376.730645, "delta": 1.676765}}
{"target": 0.6066708000000001, "params": {"alpha": 0.3806596541706486, "colsample_bytree": 0.5, "lam": 0.899029769248243, "max_depth": 9.0, "min_child_weight": 9.0, "subsample": 0.9}, "datetime": {"datetime": "2020-04-24 20:38:47", "elapsed": 1378.571119, "delta": 1.840474}}
{"target": 0.6233246, "params": {"alpha": 0.3806596541706486, "colsample_bytree": 0.8015944849478516, "lam": 0.899029769248243, "max_depth": 9.0, "min_child_weight": 9.0, "subsample": 0.5193537577854971}, "datetime": {"datetime": "2020-04-24 20:38:49", "elapsed": 1380.407851, "delta": 1.836732}}
{"target": 0.6367972, "params": {"alpha": 0.3806596541706486, "colsample_bytree": 0.6709170406584058, "lam": 0.899029769248243, "max_depth": 9.0, "min_child_weight": 9.0, "subsample": 0.600347997116348}, "datetime": {"datetime": "2020-04-24 20:38:51", "elapsed": 1382.272056, "delta": 1.864205}}
{"target": 0.6367244, "params": {"alpha": 0.3806596541706486, "colsample_bytree": 0.6594649354529554, "lam": 0.899029769248243, "max_depth": 9.0, "min_child_weight": 9.0, "subsample": 0.8991093281774132}, "datetime": {"datetime": "2020-04-24 20:38:53", "elapsed": 1384.343326, "delta": 2.07127}}
{"target": 0.6178258, "params": {"alpha": 0.3806596541706486, "colsample_bytree": 0.8716889011058189, "lam": 0.899029769248243, "max_depth": 9.0, "min_child_weight": 9.0, "subsample": 0.5256766207231882}, "datetime": {"datetime": "2020-04-24 20:38:55", "elapsed": 1386.15457, "delta": 1.811244}}
{"target": 0.643929, "params": {"alpha": 0.3806596541706486, "colsample_bytree": 0.6762875245471258, "lam": 0.899029769248243, "max_depth": 9.0, "min_child_weight": 9.0, "subsample": 0.8679436514630006}, "datetime": {"datetime": "2020-04-24 20:38:57", "elapsed": 1388.053844, "delta": 1.899274}}
{"target": 0.6407524, "params": {"alpha": 0.3806596541706486, "colsample_bytree": 0.9, "lam": 0.899029769248243, "max_depth": 9.0, "min_child_weight": 9.0, "subsample": 0.6043373926325544}, "datetime": {"datetime": "2020-04-24 20:38:59", "elapsed": 1389.778582, "delta": 1.724738}}
{"target": 0.6112812, "params": {"alpha": 0.3806596541706486, "colsample_bytree": 0.557678205791578, "lam": 0.899029769248243, "max_depth": 9.0, "min_child_weight": 9.0, "subsample": 0.5961303846476611}, "datetime": {"datetime": "2020-04-24 20:39:00", "elapsed": 1391.743997, "delta": 1.965415}}
{"target": 0.6259330000000001, "params": {"alpha": 0.3806596541706486, "colsample_bytree": 0.6254347876733858, "lam": 0.899029769248243, "max_depth": 9.0, "min_child_weight": 9.0, "subsample": 0.6160919046849772}, "datetime": {"datetime": "2020-04-24 20:39:02", "elapsed": 1393.468743, "delta": 1.724746}}
{"target": 0.6326421999999999, "params": {"alpha": 0.3806596541706486, "colsample_bytree": 0.8290742373170564, "lam": 0.899029769248243, "max_depth": 9.0, "min_child_weight": 9.0, "subsample": 0.6199786323342584}, "datetime": {"datetime": "2020-04-24 20:39:04", "elapsed": 1395.645503, "delta": 2.17676}}
{"target": 0.6305302000000002, "params": {"alpha": 0.3806596541706486, "colsample_bytree": 0.8351839761657596, "lam": 0.899029769248243, "max_depth": 9.0, "min_child_weight": 9.0, "subsample": 0.7040626756068724}, "datetime": {"datetime": "2020-04-24 20:39:07", "elapsed": 1397.903605, "delta": 2.258102}}
{"target": 0.6284118000000001, "params": {"alpha": 0.3806596541706486, "colsample_bytree": 0.7888330534718238, "lam": 0.899029769248243, "max_depth": 9.0, "min_child_weight": 9.0, "subsample": 0.5626255029870195}, "datetime": {"datetime": "2020-04-24 20:39:09", "elapsed": 1399.895934, "delta": 1.992329}}
{"target": 0.6286905999999999, "params": {"alpha": 0.3806596541706486, "colsample_bytree": 0.7103773772161601, "lam": 0.899029769248243, "max_depth": 9.0, "min_child_weight": 9.0, "subsample": 0.6139937819016897}, "datetime": {"datetime": "2020-04-24 20:39:10", "elapsed": 1401.553632, "delta": 1.657698}}
{"target": 0.633713, "params": {"alpha": 0.3806596541706486, "colsample_bytree": 0.7969820300745394, "lam": 0.899029769248243, "max_depth": 9.0, "min_child_weight": 9.0, "subsample": 0.6988908679113555}, "datetime": {"datetime": "2020-04-24 20:39:12", "elapsed": 1403.659932, "delta": 2.1063}}
{"target": 0.6276236, "params": {"alpha": 0.3806596541706486, "colsample_bytree": 0.6594529969317546, "lam": 0.899029769248243, "max_depth": 9.0, "min_child_weight": 9.0, "subsample": 0.5288650831296389}, "datetime": {"datetime": "2020-04-24 20:39:14", "elapsed": 1405.481064, "delta": 1.821132}}
{"target": 0.6203042, "params": {"alpha": 0.3806596541706486, "colsample_bytree": 0.7004051105871648, "lam": 0.899029769248243, "max_depth": 9.0, "min_child_weight": 9.0, "subsample": 0.8412761937894027}, "datetime": {"datetime": "2020-04-24 20:39:16", "elapsed": 1407.306425, "delta": 1.825361}}
{"target": 0.6409035999999999, "params": {"alpha": 0.3806596541706486, "colsample_bytree": 0.6516131982524318, "lam": 0.899029769248243, "max_depth": 9.0, "min_child_weight": 9.0, "subsample": 0.8713986873187325}, "datetime": {"datetime": "2020-04-24 20:39:18", "elapsed": 1409.320084, "delta": 2.013659}}
{"target": 0.6405234, "params": {"alpha": 0.3806596541706486, "colsample_bytree": 0.694725018710357, "lam": 0.899029769248243, "max_depth": 9.0, "min_child_weight": 9.0, "subsample": 0.7732198457044694}, "datetime": {"datetime": "2020-04-24 20:39:20", "elapsed": 1411.221863, "delta": 1.901779}}
{"target": 0.6454420000000001, "params": {"alpha": 0.3806596541706486, "colsample_bytree": 0.8766776380562609, "lam": 0.899029769248243, "max_depth": 9.0, "min_child_weight": 9.0, "subsample": 0.6065220074190869}, "datetime": {"datetime": "2020-04-24 20:39:22", "elapsed": 1413.316549, "delta": 2.094686}}
{"target": 0.637356, "params": {"alpha": 0.3806596541706486, "colsample_bytree": 0.8422731227949181, "lam": 0.899029769248243, "max_depth": 9.0, "min_child_weight": 9.0, "subsample": 0.8787302770761284}, "datetime": {"datetime": "2020-04-24 20:39:24", "elapsed": 1414.928761, "delta": 1.612212}}
