{"target": 0.6433713999999999, "params": {"alpha": 0.2524545645295798, "colsample_bytree": 0.7835279686856421, "lam": 0.9989646052317648, "max_depth": 5.0, "min_child_weight": 3.0, "subsample": 0.8342964845891667}, "datetime": {"datetime": "2020-04-26 11:38:41", "elapsed": 1770.425968, "delta": 4.071085}}
{"target": 0.6340968, "params": {"alpha": 0.2524545645295798, "colsample_bytree": 0.8126055612747844, "lam": 0.9989646052317648, "max_depth": 5.0, "min_child_weight": 3.0, "subsample": 0.8995326614895199}, "datetime": {"datetime": "2020-04-26 11:38:46", "elapsed": 1775.455497, "delta": 5.029529}}
