{"target": 0.6511804, "params": {"alpha": 0.8564744001827442, "lam": 0.9221856315136847, "max_depth": 9.0, "min_child_weight": 9.0}, "datetime": {"datetime": "2020-04-24 23:03:27", "elapsed": 702.598753, "delta": 2.101747}}
{"target": 0.6503002, "params": {"alpha": 0.8610226340223252, "lam": 0.9186026992413121, "max_depth": 9.0, "min_child_weight": 9.0}, "datetime": {"datetime": "2020-04-24 23:03:29", "elapsed": 704.731197, "delta": 2.132444}}
{"target": 0.6503002, "params": {"alpha": 0.8548777144420985, "lam": 0.9186203916883168, "max_depth": 9.0, "min_child_weight": 9.0}, "datetime": {"datetime": "2020-04-24 23:03:32", "elapsed": 706.87277, "delta": 2.141573}}
{"target": 0.6502214000000001, "params": {"alpha": 0.8605739708339751, "lam": 0.9165496259935566, "max_depth": 9.0, "min_child_weight": 9.0}, "datetime": {"datetime": "2020-04-24 23:03:34", "elapsed": 708.970076, "delta": 2.097306}}
{"target": 0.6503038, "params": {"alpha": 0.8374161444253237, "lam": 0.9201284830044918, "max_depth": 9.0, "min_child_weight": 9.0}, "datetime": {"datetime": "2020-04-24 23:03:36", "elapsed": 711.285261, "delta": 2.315185}}
{"target": 0.6488338, "params": {"alpha": 0.8562818779808032, "lam": 0.9237003188211715, "max_depth": 9.0, "min_child_weight": 9.0}, "datetime": {"datetime": "2020-04-24 23:03:38", "elapsed": 713.34335, "delta": 2.058089}}
{"target": 0.648515, "params": {"alpha": 0.8069963058635734, "lam": 0.9251479171746995, "max_depth": 9.0, "min_child_weight": 9.0}, "datetime": {"datetime": "2020-04-24 23:03:40", "elapsed": 715.484144, "delta": 2.140794}}
{"target": 0.6503720000000001, "params": {"alpha": 0.874319362951331, "lam": 0.9126887651036613, "max_depth": 9.0, "min_child_weight": 9.0}, "datetime": {"datetime": "2020-04-24 23:03:42", "elapsed": 717.616791, "delta": 2.132647}}
{"target": 0.6504006, "params": {"alpha": 0.8800674144757392, "lam": 0.9228454455389675, "max_depth": 9.0, "min_child_weight": 9.0}, "datetime": {"datetime": "2020-04-24 23:03:44", "elapsed": 719.725929, "delta": 2.109138}}
{"target": 0.6488336, "params": {"alpha": 0.874663867955444, "lam": 0.923576710191031, "max_depth": 9.0, "min_child_weight": 9.0}, "datetime": {"datetime": "2020-04-24 23:03:47", "elapsed": 721.886756, "delta": 2.160827}}
{"target": 0.6489459999999999, "params": {"alpha": 0.8455565773740716, "lam": 0.9100491028316444, "max_depth": 9.0, "min_child_weight": 9.0}, "datetime": {"datetime": "2020-04-24 23:03:49", "elapsed": 724.071046, "delta": 2.18429}}
{"target": 0.6440466, "params": {"alpha": 0.5161673862345548, "lam": 0.9365765794252541, "max_depth": 9.0, "min_child_weight": 9.0}, "datetime": {"datetime": "2020-04-24 23:03:51", "elapsed": 726.273345, "delta": 2.202299}}
{"target": 0.6502976, "params": {"alpha": 0.8284969843872761, "lam": 0.9182858117863972, "max_depth": 9.0, "min_child_weight": 9.0}, "datetime": {"datetime": "2020-04-24 23:03:53", "elapsed": 728.488748, "delta": 2.215403}}
{"target": 0.6511404, "params": {"alpha": 0.8274638737598606, "lam": 0.9213364650705038, "max_depth": 9.0, "min_child_weight": 9.0}, "datetime": {"datetime": "2020-04-24 23:03:55", "elapsed": 730.590758, "delta": 2.10201}}
{"target": 0.6503737999999999, "params": {"alpha": 0.802210740003334, "lam": 0.9134644601950895, "max_depth": 9.0, "min_child_weight": 9.0}, "datetime": {"datetime": "2020-04-24 23:03:57", "elapsed": 732.837021, "delta": 2.246263}}
{"target": 0.6502232, "params": {"alpha": 0.8157685418963432, "lam": 0.9175132602976885, "max_depth": 9.0, "min_child_weight": 9.0}, "datetime": {"datetime": "2020-04-24 23:04:00", "elapsed": 734.943491, "delta": 2.10647}}
{"target": 0.6502972, "params": {"alpha": 0.7968826880227396, "lam": 0.9183335402985171, "max_depth": 9.0, "min_child_weight": 9.0}, "datetime": {"datetime": "2020-04-24 23:04:02", "elapsed": 737.123155, "delta": 2.179664}}
{"target": 0.6503, "params": {"alpha": 0.7879105540669481, "lam": 0.9194893563802372, "max_depth": 9.0, "min_child_weight": 9.0}, "datetime": {"datetime": "2020-04-24 23:04:04", "elapsed": 739.36468, "delta": 2.241525}}
{"target": 0.6502986, "params": {"alpha": 0.8237081557399123, "lam": 0.9188326154191084, "max_depth": 9.0, "min_child_weight": 9.0}, "datetime": {"datetime": "2020-04-24 23:04:06", "elapsed": 741.503299, "delta": 2.138619}}
{"target": 0.6511418, "params": {"alpha": 0.8190830610577922, "lam": 0.9218539362665374, "max_depth": 9.0, "min_child_weight": 9.0}, "datetime": {"datetime": "2020-04-24 23:04:08", "elapsed": 743.779126, "delta": 2.275827}}
{"target": 0.6502212, "params": {"alpha": 0.8126907791701538, "lam": 0.9165992412340135, "max_depth": 9.0, "min_child_weight": 9.0}, "datetime": {"datetime": "2020-04-24 23:04:11", "elapsed": 746.115178, "delta": 2.336052}}
{"target": 0.6502976, "params": {"alpha": 0.8319903025971304, "lam": 0.9182980914872666, "max_depth": 9.0, "min_child_weight": 9.0}, "datetime": {"datetime": "2020-04-24 23:04:13", "elapsed": 748.295684, "delta": 2.180506}}
{"target": 0.6501232, "params": {"alpha": 0.8131092462678329, "lam": 0.9152380859900873, "max_depth": 9.0, "min_child_weight": 9.0}, "datetime": {"datetime": "2020-04-24 23:04:15", "elapsed": 750.550621, "delta": 2.254937}}
{"target": 0.6466616000000001, "params": {"alpha": 0.8264844327907018, "lam": 0.9294663711290515, "max_depth": 9.0, "min_child_weight": 9.0}, "datetime": {"datetime": "2020-04-24 23:04:17", "elapsed": 752.635033, "delta": 2.084412}}
{"target": 0.6482357999999999, "params": {"alpha": 0.8387511248736118, "lam": 0.9055162177567021, "max_depth": 9.0, "min_child_weight": 9.0}, "datetime": {"datetime": "2020-04-24 23:04:20", "elapsed": 755.369177, "delta": 2.734144}}
{"target": 0.6511362, "params": {"alpha": 0.7696895850374854, "lam": 0.920420421181012, "max_depth": 9.0, "min_child_weight": 9.0}, "datetime": {"datetime": "2020-04-24 23:04:23", "elapsed": 758.071297, "delta": 2.70212}}
{"target": 0.6484084, "params": {"alpha": 0.7672780071106811, "lam": 0.9240155950928313, "max_depth": 9.0, "min_child_weight": 9.0}, "datetime": {"datetime": "2020-04-24 23:04:25", "elapsed": 760.620486, "delta": 2.549189}}
{"target": 0.650122, "params": {"alpha": 0.8539473175006497, "lam": 0.9147012273693322, "max_depth": 9.0, "min_child_weight": 9.0}, "datetime": {"datetime": "2020-04-24 23:04:28", "elapsed": 763.372676, "delta": 2.75219}}
{"target": 0.6503015999999999, "params": {"alpha": 0.7821960228477275, "lam": 0.9201926151462787, "max_depth": 9.0, "min_child_weight": 9.0}, "datetime": {"datetime": "2020-04-24 23:04:30", "elapsed": 765.740747, "delta": 2.368071}}
{"target": 0.6502974, "params": {"alpha": 0.7905001473661077, "lam": 0.9183398543630894, "max_depth": 9.0, "min_child_weight": 9.0}, "datetime": {"datetime": "2020-04-24 23:04:33", "elapsed": 768.128849, "delta": 2.388102}}
{"target": 0.6503004000000001, "params": {"alpha": 0.7774536219211332, "lam": 0.9197624614306371, "max_depth": 9.0, "min_child_weight": 9.0}, "datetime": {"datetime": "2020-04-24 23:04:36", "elapsed": 770.89131, "delta": 2.762461}}
{"target": 0.6475098, "params": {"alpha": 0.7784281266758729, "lam": 0.9231292641240564, "max_depth": 9.0, "min_child_weight": 9.0}, "datetime": {"datetime": "2020-04-24 23:04:38", "elapsed": 773.756101, "delta": 2.864791}}
{"target": 0.6492998, "params": {"alpha": 0.8679414507995188, "lam": 0.9116226080806985, "max_depth": 9.0, "min_child_weight": 9.0}, "datetime": {"datetime": "2020-04-24 23:04:41", "elapsed": 776.326514, "delta": 2.570413}}
{"target": 0.6502238, "params": {"alpha": 0.8692477557802489, "lam": 0.9166456200290786, "max_depth": 9.0, "min_child_weight": 9.0}, "datetime": {"datetime": "2020-04-24 23:04:44", "elapsed": 778.99077, "delta": 2.664256}}
{"target": 0.6502198, "params": {"alpha": 0.8539727741061893, "lam": 0.9159761893052769, "max_depth": 9.0, "min_child_weight": 9.0}, "datetime": {"datetime": "2020-04-24 23:04:46", "elapsed": 781.668393, "delta": 2.677623}}
{"target": 0.6503044, "params": {"alpha": 0.8750397550045759, "lam": 0.920326509207325, "max_depth": 9.0, "min_child_weight": 9.0}, "datetime": {"datetime": "2020-04-24 23:04:49", "elapsed": 784.348195, "delta": 2.679802}}
{"target": 0.6503746000000001, "params": {"alpha": 0.8807712876562944, "lam": 0.9138457105100126, "max_depth": 9.0, "min_child_weight": 9.0}, "datetime": {"datetime": "2020-04-24 23:04:52", "elapsed": 787.035624, "delta": 2.687429}}
{"target": 0.6502196, "params": {"alpha": 0.8763786244229238, "lam": 0.915780949713121, "max_depth": 9.0, "min_child_weight": 9.0}, "datetime": {"datetime": "2020-04-24 23:04:55", "elapsed": 790.291642, "delta": 3.256018}}
{"target": 0.6503018, "params": {"alpha": 0.8823659849120117, "lam": 0.919169945998622, "max_depth": 9.0, "min_child_weight": 9.0}, "datetime": {"datetime": "2020-04-24 23:04:57", "elapsed": 792.81927, "delta": 2.527628}}
{"target": 0.6503762, "params": {"alpha": 0.8615352459186996, "lam": 0.9145177931455395, "max_depth": 9.0, "min_child_weight": 9.0}, "datetime": {"datetime": "2020-04-24 23:05:00", "elapsed": 795.597639, "delta": 2.778369}}
{"target": 0.6471123999999999, "params": {"alpha": 0.8828538445836235, "lam": 0.9082290959575847, "max_depth": 9.0, "min_child_weight": 9.0}, "datetime": {"datetime": "2020-04-24 23:05:03", "elapsed": 798.244915, "delta": 2.647276}}
{"target": 0.6511398, "params": {"alpha": 0.8384193111412429, "lam": 0.9208909168687084, "max_depth": 9.0, "min_child_weight": 9.0}, "datetime": {"datetime": "2020-04-24 23:05:06", "elapsed": 801.189865, "delta": 2.94495}}
{"target": 0.6502202, "params": {"alpha": 0.8266566202756347, "lam": 0.9162540449192131, "max_depth": 9.0, "min_child_weight": 9.0}, "datetime": {"datetime": "2020-04-24 23:05:09", "elapsed": 804.164956, "delta": 2.975091}}
{"target": 0.6511389999999999, "params": {"alpha": 0.831187599903441, "lam": 0.9206368854303775, "max_depth": 9.0, "min_child_weight": 9.0}, "datetime": {"datetime": "2020-04-24 23:05:11", "elapsed": 806.723452, "delta": 2.558496}}
{"target": 0.6503036, "params": {"alpha": 0.8404795693709066, "lam": 0.9201061660017845, "max_depth": 9.0, "min_child_weight": 9.0}, "datetime": {"datetime": "2020-04-24 23:05:14", "elapsed": 809.239922, "delta": 2.51647}}
{"target": 0.6502228000000001, "params": {"alpha": 0.8188389458323416, "lam": 0.917246501503339, "max_depth": 9.0, "min_child_weight": 9.0}, "datetime": {"datetime": "2020-04-24 23:05:17", "elapsed": 811.843687, "delta": 2.603765}}
{"target": 0.6525646, "params": {"alpha": 0.8365598060427551, "lam": 0.927436189545295, "max_depth": 9.0, "min_child_weight": 9.0}, "datetime": {"datetime": "2020-04-24 23:05:19", "elapsed": 814.51979, "delta": 2.676103}}
{"target": 0.6490687999999999, "params": {"alpha": 0.8254084541035932, "lam": 0.9282484466508878, "max_depth": 9.0, "min_child_weight": 9.0}, "datetime": {"datetime": "2020-04-24 23:05:22", "elapsed": 817.084688, "delta": 2.564898}}
{"target": 0.6447034, "params": {"alpha": 0.8266210761109619, "lam": 0.9304579404337994, "max_depth": 9.0, "min_child_weight": 9.0}, "datetime": {"datetime": "2020-04-24 23:05:25", "elapsed": 820.030555, "delta": 2.945867}}
{"target": 0.6489431999999999, "params": {"alpha": 0.8354267218687821, "lam": 0.9089831554822956, "max_depth": 9.0, "min_child_weight": 9.0}, "datetime": {"datetime": "2020-04-24 23:05:27", "elapsed": 822.493272, "delta": 2.462717}}
{"target": 0.6502204, "params": {"alpha": 0.8542872714049553, "lam": 0.9162698211353255, "max_depth": 9.0, "min_child_weight": 9.0}, "datetime": {"datetime": "2020-04-24 23:05:30", "elapsed": 825.058327, "delta": 2.565055}}
{"target": 0.6503018, "params": {"alpha": 0.8736847123368344, "lam": 0.9192632407277181, "max_depth": 9.0, "min_child_weight": 9.0}, "datetime": {"datetime": "2020-04-24 23:05:32", "elapsed": 827.692679, "delta": 2.634352}}
{"target": 0.6511772, "params": {"alpha": 0.8775593423364767, "lam": 0.9206627791520001, "max_depth": 9.0, "min_child_weight": 9.0}, "datetime": {"datetime": "2020-04-24 23:05:35", "elapsed": 830.801143, "delta": 3.108464}}
{"target": 0.6475456, "params": {"alpha": 0.8668697020582667, "lam": 0.9228106555604911, "max_depth": 9.0, "min_child_weight": 9.0}, "datetime": {"datetime": "2020-04-24 23:05:38", "elapsed": 833.521295, "delta": 2.720152}}
{"target": 0.650371, "params": {"alpha": 0.8511533574108315, "lam": 0.9123817611469082, "max_depth": 9.0, "min_child_weight": 9.0}, "datetime": {"datetime": "2020-04-24 23:05:41", "elapsed": 836.391988, "delta": 2.870693}}
{"target": 0.6503762, "params": {"alpha": 0.8159413640517252, "lam": 0.9145724514426221, "max_depth": 9.0, "min_child_weight": 9.0}, "datetime": {"datetime": "2020-04-24 23:05:44", "elapsed": 839.390071, "delta": 2.998083}}
{"target": 0.6471104, "params": {"alpha": 0.8275371420556121, "lam": 0.907425594162899, "max_depth": 9.0, "min_child_weight": 9.0}, "datetime": {"datetime": "2020-04-24 23:05:47", "elapsed": 842.345709, "delta": 2.955638}}
{"target": 0.6504008000000001, "params": {"alpha": 0.8749699057328907, "lam": 0.9229666642476186, "max_depth": 9.0, "min_child_weight": 9.0}, "datetime": {"datetime": "2020-04-24 23:05:50", "elapsed": 844.979892, "delta": 2.634183}}
{"target": 0.6464428000000001, "params": {"alpha": 0.8970117720675084, "lam": 0.924132964859369, "max_depth": 9.0, "min_child_weight": 9.0}, "datetime": {"datetime": "2020-04-24 23:05:53", "elapsed": 847.966642, "delta": 2.98675}}
{"target": 0.6511402000000001, "params": {"alpha": 0.8077037099944782, "lam": 0.9211817109260481, "max_depth": 9.0, "min_child_weight": 9.0}, "datetime": {"datetime": "2020-04-24 23:05:55", "elapsed": 850.666738, "delta": 2.700096}}
{"target": 0.6502992, "params": {"alpha": 0.8053356656803715, "lam": 0.9190746574448125, "max_depth": 9.0, "min_child_weight": 9.0}, "datetime": {"datetime": "2020-04-24 23:05:58", "elapsed": 853.489119, "delta": 2.822381}}
{"target": 0.6501258, "params": {"alpha": 0.7807232125291684, "lam": 0.9164209587357789, "max_depth": 9.0, "min_child_weight": 9.0}, "datetime": {"datetime": "2020-04-24 23:06:01", "elapsed": 856.483113, "delta": 2.993994}}
{"target": 0.6511418, "params": {"alpha": 0.8075770893627218, "lam": 0.921907265081256, "max_depth": 9.0, "min_child_weight": 9.0}, "datetime": {"datetime": "2020-04-24 23:06:04", "elapsed": 859.617396, "delta": 3.134283}}
{"target": 0.6511376, "params": {"alpha": 0.7770412617957091, "lam": 0.9211782494021432, "max_depth": 9.0, "min_child_weight": 9.0}, "datetime": {"datetime": "2020-04-24 23:06:07", "elapsed": 862.205772, "delta": 2.588376}}
{"target": 0.6484468000000001, "params": {"alpha": 0.7788351620798034, "lam": 0.9241004751808163, "max_depth": 9.0, "min_child_weight": 9.0}, "datetime": {"datetime": "2020-04-24 23:06:10", "elapsed": 865.033373, "delta": 2.827601}}
{"target": 0.648311, "params": {"alpha": 0.8083990974377631, "lam": 0.9061886967989058, "max_depth": 9.0, "min_child_weight": 9.0}, "datetime": {"datetime": "2020-04-24 23:06:13", "elapsed": 867.848067, "delta": 2.814694}}
{"target": 0.6481259999999999, "params": {"alpha": 0.7838178537580525, "lam": 0.9246190128935404, "max_depth": 9.0, "min_child_weight": 9.0}, "datetime": {"datetime": "2020-04-24 23:06:15", "elapsed": 870.487037, "delta": 2.63897}}
{"target": 0.6492914, "params": {"alpha": 0.8275042101170385, "lam": 0.9287905554744076, "max_depth": 9.0, "min_child_weight": 9.0}, "datetime": {"datetime": "2020-04-24 23:06:18", "elapsed": 873.479315, "delta": 2.992278}}
{"target": 0.6502220000000001, "params": {"alpha": 0.8426429393031974, "lam": 0.916955550989171, "max_depth": 9.0, "min_child_weight": 9.0}, "datetime": {"datetime": "2020-04-24 23:06:21", "elapsed": 876.462242, "delta": 2.982927}}
{"target": 0.6492910000000001, "params": {"alpha": 0.8427478843706553, "lam": 0.9284824039169196, "max_depth": 9.0, "min_child_weight": 9.0}, "datetime": {"datetime": "2020-04-24 23:06:24", "elapsed": 879.813829, "delta": 3.351587}}
{"target": 0.6511391999999999, "params": {"alpha": 0.8059572683212779, "lam": 0.9207368514258357, "max_depth": 9.0, "min_child_weight": 9.0}, "datetime": {"datetime": "2020-04-24 23:06:28", "elapsed": 882.873085, "delta": 3.059256}}
{"target": 0.6496649999999999, "params": {"alpha": 0.8177561050945086, "lam": 0.9120017204166304, "max_depth": 9.0, "min_child_weight": 9.0}, "datetime": {"datetime": "2020-04-24 23:06:30", "elapsed": 885.586095, "delta": 2.71301}}
{"target": 0.6503036, "params": {"alpha": 0.839904064433881, "lam": 0.9200028466821162, "max_depth": 9.0, "min_child_weight": 9.0}, "datetime": {"datetime": "2020-04-24 23:06:34", "elapsed": 888.884494, "delta": 3.298399}}
{"target": 0.6489450000000001, "params": {"alpha": 0.8143093375674533, "lam": 0.909756051306717, "max_depth": 9.0, "min_child_weight": 9.0}, "datetime": {"datetime": "2020-04-24 23:06:36", "elapsed": 891.686069, "delta": 2.801575}}
{"target": 0.650221, "params": {"alpha": 0.8460686474925325, "lam": 0.91639536521597, "max_depth": 9.0, "min_child_weight": 9.0}, "datetime": {"datetime": "2020-04-24 23:06:39", "elapsed": 894.578004, "delta": 2.891935}}
{"target": 0.6473588, "params": {"alpha": 0.8421269259639323, "lam": 0.9322573360039738, "max_depth": 9.0, "min_child_weight": 9.0}, "datetime": {"datetime": "2020-04-24 23:06:42", "elapsed": 897.370179, "delta": 2.792175}}
{"target": 0.6482370000000001, "params": {"alpha": 0.8399179642227586, "lam": 0.9059546835900772, "max_depth": 9.0, "min_child_weight": 9.0}, "datetime": {"datetime": "2020-04-24 23:06:45", "elapsed": 900.749011, "delta": 3.378832}}
{"target": 0.6501245999999999, "params": {"alpha": 0.7748434229428198, "lam": 0.9159544171139401, "max_depth": 9.0, "min_child_weight": 9.0}, "datetime": {"datetime": "2020-04-24 23:06:49", "elapsed": 903.955884, "delta": 3.206873}}
{"target": 0.647509, "params": {"alpha": 0.7838998320090159, "lam": 0.9227175911030557, "max_depth": 9.0, "min_child_weight": 9.0}, "datetime": {"datetime": "2020-04-24 23:06:51", "elapsed": 906.83127, "delta": 2.875386}}
{"target": 0.649294, "params": {"alpha": 0.8500072869682733, "lam": 0.9040328768831876, "max_depth": 9.0, "min_child_weight": 9.0}, "datetime": {"datetime": "2020-04-24 23:06:55", "elapsed": 909.970906, "delta": 3.139636}}
{"target": 0.6447033999999999, "params": {"alpha": 0.835642597060867, "lam": 0.930523620921882, "max_depth": 9.0, "min_child_weight": 9.0}, "datetime": {"datetime": "2020-04-24 23:06:57", "elapsed": 912.602655, "delta": 2.631749}}
{"target": 0.6503256000000001, "params": {"alpha": 0.7764420336423364, "lam": 0.9123786842125841, "max_depth": 9.0, "min_child_weight": 9.0}, "datetime": {"datetime": "2020-04-24 23:07:00", "elapsed": 915.376988, "delta": 2.774333}}
{"target": 0.6491665999999999, "params": {"alpha": 0.7906714430463759, "lam": 0.9045879466409108, "max_depth": 9.0, "min_child_weight": 9.0}, "datetime": {"datetime": "2020-04-24 23:07:03", "elapsed": 918.734305, "delta": 3.357317}}
{"target": 0.6496654, "params": {"alpha": 0.7693015951551735, "lam": 0.9123101478327936, "max_depth": 9.0, "min_child_weight": 9.0}, "datetime": {"datetime": "2020-04-24 23:07:07", "elapsed": 922.024255, "delta": 3.28995}}
{"target": 0.6489398000000001, "params": {"alpha": 0.815828609359625, "lam": 0.9079120090389771, "max_depth": 9.0, "min_child_weight": 9.0}, "datetime": {"datetime": "2020-04-24 23:07:10", "elapsed": 925.112258, "delta": 3.088003}}
{"target": 0.6503295999999998, "params": {"alpha": 0.7656503616542231, "lam": 0.9140000308266869, "max_depth": 9.0, "min_child_weight": 9.0}, "datetime": {"datetime": "2020-04-24 23:07:13", "elapsed": 928.638446, "delta": 3.526188}}
{"target": 0.6496278, "params": {"alpha": 0.8511862196710027, "lam": 0.9027214902652667, "max_depth": 9.0, "min_child_weight": 9.0}, "datetime": {"datetime": "2020-04-24 23:07:17", "elapsed": 931.982001, "delta": 3.343555}}
{"target": 0.6480903999999998, "params": {"alpha": 0.7326559974127825, "lam": 0.9256470555947288, "max_depth": 9.0, "min_child_weight": 9.0}, "datetime": {"datetime": "2020-04-24 23:07:20", "elapsed": 935.198772, "delta": 3.216771}}
{"target": 0.6503015999999999, "params": {"alpha": 0.9000923400238572, "lam": 0.9190352926811063, "max_depth": 9.0, "min_child_weight": 9.0}, "datetime": {"datetime": "2020-04-24 23:07:23", "elapsed": 938.760136, "delta": 3.561364}}
{"target": 0.6464784, "params": {"alpha": 0.8690968438202075, "lam": 0.9007087645809093, "max_depth": 9.0, "min_child_weight": 9.0}, "datetime": {"datetime": "2020-04-24 23:07:26", "elapsed": 941.840185, "delta": 3.080049}}
{"target": 0.6489438000000001, "params": {"alpha": 0.8037303731050852, "lam": 0.9093152402364781, "max_depth": 9.0, "min_child_weight": 9.0}, "datetime": {"datetime": "2020-04-24 23:07:30", "elapsed": 945.336775, "delta": 3.49659}}
{"target": 0.6477166000000001, "params": {"alpha": 0.9992000214776128, "lam": 0.9292390831500479, "max_depth": 9.0, "min_child_weight": 9.0}, "datetime": {"datetime": "2020-04-24 23:07:33", "elapsed": 948.768857, "delta": 3.432082}}
{"target": 0.6484464, "params": {"alpha": 0.8240150897384406, "lam": 0.9239424064466676, "max_depth": 9.0, "min_child_weight": 9.0}, "datetime": {"datetime": "2020-04-24 23:07:36", "elapsed": 951.73223, "delta": 2.963373}}
{"target": 0.6475096, "params": {"alpha": 0.7682064953315741, "lam": 0.9230552321541174, "max_depth": 9.0, "min_child_weight": 9.0}, "datetime": {"datetime": "2020-04-24 23:07:40", "elapsed": 955.133052, "delta": 3.400822}}
{"target": 0.6464424, "params": {"alpha": 0.905204436811348, "lam": 0.9239831084456824, "max_depth": 9.0, "min_child_weight": 9.0}, "datetime": {"datetime": "2020-04-24 23:07:43", "elapsed": 958.332834, "delta": 3.199782}}
{"target": 0.6511796, "params": {"alpha": 0.8412895166951836, "lam": 0.9217504648729383, "max_depth": 9.0, "min_child_weight": 9.0}, "datetime": {"datetime": "2020-04-24 23:07:46", "elapsed": 961.538988, "delta": 3.206154}}
{"target": 0.6511386, "params": {"alpha": 0.8244981547240336, "lam": 0.9204254207554798, "max_depth": 9.0, "min_child_weight": 9.0}, "datetime": {"datetime": "2020-04-24 23:07:50", "elapsed": 964.955942, "delta": 3.416954}}
