{"target": 0.6438876, "params": {"alpha": 0.3806596541706486, "colsample_bytree": 0.7600681778152245, "lam": 0.899029769248243, "max_depth": 9.0, "min_child_weight": 9.0, "subsample": 0.6059664668803062}, "datetime": {"datetime": "2020-04-24 20:39:26", "elapsed": 1416.942054, "delta": 2.013293}}
{"target": 0.6445954, "params": {"alpha": 0.3806596541706486, "colsample_bytree": 0.6703751751026131, "lam": 0.899029769248243, "max_depth": 9.0, "min_child_weight": 9.0, "subsample": 0.7909888236648502}, "datetime": {"datetime": "2020-04-24 20:39:28", "elapsed": 1419.070129, "delta": 2.128075}}
{"target": 0.6417254, "params": {"alpha": 0.3806596541706486, "colsample_bytree": 0.8122743030851396, "lam": 0.899029769248243, "max_depth": 9.0, "min_child_weight": 9.0, "subsample": 0.7811568899529425}, "datetime": {"datetime": "2020-04-24 20:39:30", "elapsed": 1421.575746, "delta": 2.505617}}
{"target": 0.6391198, "params": {"alpha": 0.3806596541706486, "colsample_bytree": 0.6427495705254065, "lam": 0.899029769248243, "max_depth": 9.0, "min_child_weight": 9.0, "subsample": 0.7537383893658096}, "datetime": {"datetime": "2020-04-24 20:39:32", "elapsed": 1423.71119, "delta": 2.135444}}
{"target": 0.6383675999999999, "params": {"alpha": 0.3806596541706486, "colsample_bytree": 0.8525814165377084, "lam": 0.899029769248243, "max_depth": 9.0, "min_child_weight": 9.0, "subsample": 0.6052730016396457}, "datetime": {"datetime": "2020-04-24 20:39:35", "elapsed": 1426.139235, "delta": 2.428045}}
{"target": 0.6489103999999999, "params": {"alpha": 0.3806596541706486, "colsample_bytree": 0.8096416274571298, "lam": 0.899029769248243, "max_depth": 9.0, "min_child_weight": 9.0, "subsample": 0.5997282293598485}, "datetime": {"datetime": "2020-04-24 20:39:37", "elapsed": 1428.607163, "delta": 2.467928}}
{"target": 0.6444884, "params": {"alpha": 0.3806596541706486, "colsample_bytree": 0.7445454105551657, "lam": 0.899029769248243, "max_depth": 9.0, "min_child_weight": 9.0, "subsample": 0.5003290691785777}, "datetime": {"datetime": "2020-04-24 20:39:39", "elapsed": 1430.468247, "delta": 1.861084}}
{"target": 0.6347398, "params": {"alpha": 0.3806596541706486, "colsample_bytree": 0.6775372129496731, "lam": 0.899029769248243, "max_depth": 9.0, "min_child_weight": 9.0, "subsample": 0.8867726279968238}, "datetime": {"datetime": "2020-04-24 20:39:42", "elapsed": 1433.372075, "delta": 2.903828}}
{"target": 0.626327, "params": {"alpha": 0.3806596541706486, "colsample_bytree": 0.8766558596489495, "lam": 0.899029769248243, "max_depth": 9.0, "min_child_weight": 9.0, "subsample": 0.7110464763006203}, "datetime": {"datetime": "2020-04-24 20:39:46", "elapsed": 1437.091573, "delta": 3.719498}}
{"target": 0.6470737999999999, "params": {"alpha": 0.3806596541706486, "colsample_bytree": 0.8004086710673005, "lam": 0.899029769248243, "max_depth": 9.0, "min_child_weight": 9.0, "subsample": 0.8997502525167321}, "datetime": {"datetime": "2020-04-24 20:39:49", "elapsed": 1439.845843, "delta": 2.75427}}
{"target": 0.6376564, "params": {"alpha": 0.3806596541706486, "colsample_bytree": 0.6600896209723317, "lam": 0.899029769248243, "max_depth": 9.0, "min_child_weight": 9.0, "subsample": 0.8530742457649154}, "datetime": {"datetime": "2020-04-24 20:39:51", "elapsed": 1442.395786, "delta": 2.549943}}
{"target": 0.633794, "params": {"alpha": 0.3806596541706486, "colsample_bytree": 0.7215556784093313, "lam": 0.899029769248243, "max_depth": 9.0, "min_child_weight": 9.0, "subsample": 0.7219042382682976}, "datetime": {"datetime": "2020-04-24 20:39:53", "elapsed": 1444.662328, "delta": 2.266542}}
{"target": 0.6221756, "params": {"alpha": 0.3806596541706486, "colsample_bytree": 0.712202141277463, "lam": 0.899029769248243, "max_depth": 9.0, "min_child_weight": 9.0, "subsample": 0.52890567816864}, "datetime": {"datetime": "2020-04-24 20:39:56", "elapsed": 1446.811554, "delta": 2.149226}}
{"target": 0.6478474000000001, "params": {"alpha": 0.3806596541706486, "colsample_bytree": 0.7786755559563301, "lam": 0.899029769248243, "max_depth": 9.0, "min_child_weight": 9.0, "subsample": 0.8997778861227486}, "datetime": {"datetime": "2020-04-24 20:39:59", "elapsed": 1450.281383, "delta": 3.469829}}
{"target": 0.6331888, "params": {"alpha": 0.3806596541706486, "colsample_bytree": 0.7681206987615166, "lam": 0.899029769248243, "max_depth": 9.0, "min_child_weight": 9.0, "subsample": 0.8024366769730067}, "datetime": {"datetime": "2020-04-24 20:40:01", "elapsed": 1452.628648, "delta": 2.347265}}
{"target": 0.6034534, "params": {"alpha": 0.3806596541706486, "colsample_bytree": 0.500318648234572, "lam": 0.899029769248243, "max_depth": 9.0, "min_child_weight": 9.0, "subsample": 0.7747613679205845}, "datetime": {"datetime": "2020-04-24 20:40:05", "elapsed": 1455.919147, "delta": 3.290499}}
{"target": 0.6439663999999999, "params": {"alpha": 0.3806596541706486, "colsample_bytree": 0.7455960004371993, "lam": 0.899029769248243, "max_depth": 9.0, "min_child_weight": 9.0, "subsample": 0.8214518328719578}, "datetime": {"datetime": "2020-04-24 20:40:07", "elapsed": 1458.222374, "delta": 2.303227}}
{"target": 0.6117025999999999, "params": {"alpha": 0.3806596541706486, "colsample_bytree": 0.5505187305944581, "lam": 0.899029769248243, "max_depth": 9.0, "min_child_weight": 9.0, "subsample": 0.7724194624514347}, "datetime": {"datetime": "2020-04-24 20:40:10", "elapsed": 1461.16884, "delta": 2.946466}}
{"target": 0.644892, "params": {"alpha": 0.3806596541706486, "colsample_bytree": 0.8152919471904789, "lam": 0.899029769248243, "max_depth": 9.0, "min_child_weight": 9.0, "subsample": 0.8118667609295158}, "datetime": {"datetime": "2020-04-24 20:40:13", "elapsed": 1464.515923, "delta": 3.347083}}
{"target": 0.6095426, "params": {"alpha": 0.3806596541706486, "colsample_bytree": 0.6005261696290508, "lam": 0.899029769248243, "max_depth": 9.0, "min_child_weight": 9.0, "subsample": 0.7360896538588846}, "datetime": {"datetime": "2020-04-24 20:40:16", "elapsed": 1467.089546, "delta": 2.573623}}
{"target": 0.6044503999999999, "params": {"alpha": 0.3806596541706486, "colsample_bytree": 0.5341144260200774, "lam": 0.899029769248243, "max_depth": 9.0, "min_child_weight": 9.0, "subsample": 0.6917102732148097}, "datetime": {"datetime": "2020-04-24 20:40:19", "elapsed": 1470.120527, "delta": 3.030981}}
{"target": 0.6225567999999999, "params": {"alpha": 0.3806596541706486, "colsample_bytree": 0.6413823015102064, "lam": 0.899029769248243, "max_depth": 9.0, "min_child_weight": 9.0, "subsample": 0.5004424453144046}, "datetime": {"datetime": "2020-04-24 20:40:22", "elapsed": 1473.133037, "delta": 3.01251}}
{"target": 0.5876906000000001, "params": {"alpha": 0.3806596541706486, "colsample_bytree": 0.5548737843656188, "lam": 0.899029769248243, "max_depth": 9.0, "min_child_weight": 9.0, "subsample": 0.5}, "datetime": {"datetime": "2020-04-24 20:40:25", "elapsed": 1475.922856, "delta": 2.789819}}
{"target": 0.634555, "params": {"alpha": 0.3806596541706486, "colsample_bytree": 0.6849886305164226, "lam": 0.899029769248243, "max_depth": 9.0, "min_child_weight": 9.0, "subsample": 0.5000428593792567}, "datetime": {"datetime": "2020-04-24 20:40:27", "elapsed": 1478.382293, "delta": 2.459437}}
{"target": 0.6356372, "params": {"alpha": 0.3806596541706486, "colsample_bytree": 0.6572471803437882, "lam": 0.899029769248243, "max_depth": 9.0, "min_child_weight": 9.0, "subsample": 0.7242569243917477}, "datetime": {"datetime": "2020-04-24 20:40:30", "elapsed": 1481.194256, "delta": 2.811963}}
{"target": 0.6331133999999999, "params": {"alpha": 0.3806596541706486, "colsample_bytree": 0.6417063821940925, "lam": 0.899029769248243, "max_depth": 9.0, "min_child_weight": 9.0, "subsample": 0.788841789569928}, "datetime": {"datetime": "2020-04-24 20:40:32", "elapsed": 1483.744462, "delta": 2.550206}}
{"target": 0.6548879999999999, "params": {"alpha": 0.3806596541706486, "colsample_bytree": 0.7910871320957655, "lam": 0.899029769248243, "max_depth": 9.0, "min_child_weight": 9.0, "subsample": 0.7789641209412537}, "datetime": {"datetime": "2020-04-24 20:40:35", "elapsed": 1486.504082, "delta": 2.75962}}
{"target": 0.6430978, "params": {"alpha": 0.3806596541706486, "colsample_bytree": 0.7890266218559401, "lam": 0.899029769248243, "max_depth": 9.0, "min_child_weight": 9.0, "subsample": 0.7730960388540602}, "datetime": {"datetime": "2020-04-24 20:40:38", "elapsed": 1489.496457, "delta": 2.992375}}
{"target": 0.6468874, "params": {"alpha": 0.3806596541706486, "colsample_bytree": 0.7952476358422806, "lam": 0.899029769248243, "max_depth": 9.0, "min_child_weight": 9.0, "subsample": 0.785513032423569}, "datetime": {"datetime": "2020-04-24 20:40:41", "elapsed": 1492.410811, "delta": 2.914354}}
{"target": 0.6501188, "params": {"alpha": 0.3806596541706486, "colsample_bytree": 0.8830703296989817, "lam": 0.899029769248243, "max_depth": 9.0, "min_child_weight": 9.0, "subsample": 0.5895772579536397}, "datetime": {"datetime": "2020-04-24 20:40:44", "elapsed": 1495.408971, "delta": 2.99816}}
{"target": 0.6263464000000001, "params": {"alpha": 0.3806596541706486, "colsample_bytree": 0.8619032625676772, "lam": 0.899029769248243, "max_depth": 9.0, "min_child_weight": 9.0, "subsample": 0.6680004209335912}, "datetime": {"datetime": "2020-04-24 20:40:47", "elapsed": 1498.313766, "delta": 2.904795}}
{"target": 0.6402418000000001, "params": {"alpha": 0.3806596541706486, "colsample_bytree": 0.8991044843460355, "lam": 0.899029769248243, "max_depth": 9.0, "min_child_weight": 9.0, "subsample": 0.8252676890306729}, "datetime": {"datetime": "2020-04-24 20:40:50", "elapsed": 1501.292564, "delta": 2.978798}}
{"target": 0.6282504, "params": {"alpha": 0.3806596541706486, "colsample_bytree": 0.8738687926427586, "lam": 0.899029769248243, "max_depth": 9.0, "min_child_weight": 9.0, "subsample": 0.5003407144127329}, "datetime": {"datetime": "2020-04-24 20:40:53", "elapsed": 1504.487499, "delta": 3.194935}}
{"target": 0.6402692, "params": {"alpha": 0.3806596541706486, "colsample_bytree": 0.8497980605283195, "lam": 0.899029769248243, "max_depth": 9.0, "min_child_weight": 9.0, "subsample": 0.8996813878630597}, "datetime": {"datetime": "2020-04-24 20:40:56", "elapsed": 1507.193248, "delta": 2.705749}}
{"target": 0.6378384, "params": {"alpha": 0.3806596541706486, "colsample_bytree": 0.8780761015308671, "lam": 0.899029769248243, "max_depth": 9.0, "min_child_weight": 9.0, "subsample": 0.5840791131597254}, "datetime": {"datetime": "2020-04-24 20:41:00", "elapsed": 1511.021845, "delta": 3.828597}}
{"target": 0.6224322000000001, "params": {"alpha": 0.3806596541706486, "colsample_bytree": 0.6268854221392905, "lam": 0.899029769248243, "max_depth": 9.0, "min_child_weight": 9.0, "subsample": 0.6594312126540189}, "datetime": {"datetime": "2020-04-24 20:41:03", "elapsed": 1514.415133, "delta": 3.393288}}
{"target": 0.6394656000000001, "params": {"alpha": 0.3806596541706486, "colsample_bytree": 0.87566537175066, "lam": 0.899029769248243, "max_depth": 9.0, "min_child_weight": 9.0, "subsample": 0.7986909490611014}, "datetime": {"datetime": "2020-04-24 20:41:06", "elapsed": 1517.107743, "delta": 2.69261}}
{"target": 0.63652, "params": {"alpha": 0.3806596541706486, "colsample_bytree": 0.8868258727504852, "lam": 0.899029769248243, "max_depth": 9.0, "min_child_weight": 9.0, "subsample": 0.5969387938487489}, "datetime": {"datetime": "2020-04-24 20:41:09", "elapsed": 1520.045786, "delta": 2.938043}}
{"target": 0.6228028, "params": {"alpha": 0.3806596541706486, "colsample_bytree": 0.5803184812174365, "lam": 0.899029769248243, "max_depth": 9.0, "min_child_weight": 9.0, "subsample": 0.8179051397584596}, "datetime": {"datetime": "2020-04-24 20:41:12", "elapsed": 1523.722904, "delta": 3.677118}}
{"target": 0.637604, "params": {"alpha": 0.3806596541706486, "colsample_bytree": 0.6589916424288303, "lam": 0.899029769248243, "max_depth": 9.0, "min_child_weight": 9.0, "subsample": 0.5775615841809617}, "datetime": {"datetime": "2020-04-24 20:41:15", "elapsed": 1526.685614, "delta": 2.96271}}
{"target": 0.6126191999999999, "params": {"alpha": 0.3806596541706486, "colsample_bytree": 0.561225302112853, "lam": 0.899029769248243, "max_depth": 9.0, "min_child_weight": 9.0, "subsample": 0.8989841627248054}, "datetime": {"datetime": "2020-04-24 20:41:18", "elapsed": 1529.596142, "delta": 2.910528}}
{"target": 0.6257113999999999, "params": {"alpha": 0.3806596541706486, "colsample_bytree": 0.7656161311079696, "lam": 0.899029769248243, "max_depth": 9.0, "min_child_weight": 9.0, "subsample": 0.6594205256389127}, "datetime": {"datetime": "2020-04-24 20:41:22", "elapsed": 1532.846929, "delta": 3.250787}}
{"target": 0.6262966000000001, "params": {"alpha": 0.3806596541706486, "colsample_bytree": 0.8358445955301319, "lam": 0.899029769248243, "max_depth": 9.0, "min_child_weight": 9.0, "subsample": 0.5317921024917994}, "datetime": {"datetime": "2020-04-24 20:41:25", "elapsed": 1536.027897, "delta": 3.180968}}
{"target": 0.6421418, "params": {"alpha": 0.3806596541706486, "colsample_bytree": 0.8397193879344576, "lam": 0.899029769248243, "max_depth": 9.0, "min_child_weight": 9.0, "subsample": 0.8224422792032603}, "datetime": {"datetime": "2020-04-24 20:41:27", "elapsed": 1538.657057, "delta": 2.62916}}
{"target": 0.645524, "params": {"alpha": 0.3806596541706486, "colsample_bytree": 0.8145714521767743, "lam": 0.899029769248243, "max_depth": 9.0, "min_child_weight": 9.0, "subsample": 0.60317545469132}, "datetime": {"datetime": "2020-04-24 20:41:31", "elapsed": 1541.803757, "delta": 3.1467}}
{"target": 0.643601, "params": {"alpha": 0.3806596541706486, "colsample_bytree": 0.8058441949008825, "lam": 0.899029769248243, "max_depth": 9.0, "min_child_weight": 9.0, "subsample": 0.590652839680694}, "datetime": {"datetime": "2020-04-24 20:41:33", "elapsed": 1544.550068, "delta": 2.746311}}
{"target": 0.6468874, "params": {"alpha": 0.3806596541706486, "colsample_bytree": 0.7940318370383007, "lam": 0.899029769248243, "max_depth": 9.0, "min_child_weight": 9.0, "subsample": 0.7855157400019451}, "datetime": {"datetime": "2020-04-24 20:41:36", "elapsed": 1547.441223, "delta": 2.891155}}
{"target": 0.6381182, "params": {"alpha": 0.3806596541706486, "colsample_bytree": 0.6842126119495666, "lam": 0.899029769248243, "max_depth": 9.0, "min_child_weight": 9.0, "subsample": 0.7857082060426164}, "datetime": {"datetime": "2020-04-24 20:41:40", "elapsed": 1550.86789, "delta": 3.426667}}
{"target": 0.6423192, "params": {"alpha": 0.3806596541706486, "colsample_bytree": 0.7095512766645682, "lam": 0.899029769248243, "max_depth": 9.0, "min_child_weight": 9.0, "subsample": 0.752242540659005}, "datetime": {"datetime": "2020-04-24 20:41:42", "elapsed": 1553.184294, "delta": 2.316404}}
{"target": 0.6337018000000001, "params": {"alpha": 0.3806596541706486, "colsample_bytree": 0.7533203631925235, "lam": 0.899029769248243, "max_depth": 9.0, "min_child_weight": 9.0, "subsample": 0.8730193299757804}, "datetime": {"datetime": "2020-04-24 20:41:45", "elapsed": 1556.125311, "delta": 2.941017}}
{"target": 0.6384162, "params": {"alpha": 0.3806596541706486, "colsample_bytree": 0.7174437102118649, "lam": 0.899029769248243, "max_depth": 9.0, "min_child_weight": 9.0, "subsample": 0.7739482300990729}, "datetime": {"datetime": "2020-04-24 20:41:49", "elapsed": 1560.220557, "delta": 4.095246}}
{"target": 0.6387292, "params": {"alpha": 0.3806596541706486, "colsample_bytree": 0.7407231013426855, "lam": 0.899029769248243, "max_depth": 9.0, "min_child_weight": 9.0, "subsample": 0.6161245517620418}, "datetime": {"datetime": "2020-04-24 20:41:52", "elapsed": 1563.23805, "delta": 3.017493}}
{"target": 0.6393332, "params": {"alpha": 0.3806596541706486, "colsample_bytree": 0.6561724317816283, "lam": 0.899029769248243, "max_depth": 9.0, "min_child_weight": 9.0, "subsample": 0.7708397104847775}, "datetime": {"datetime": "2020-04-24 20:41:56", "elapsed": 1567.566564, "delta": 4.328514}}
{"target": 0.6370967999999999, "params": {"alpha": 0.3806596541706486, "colsample_bytree": 0.650286896149314, "lam": 0.899029769248243, "max_depth": 9.0, "min_child_weight": 9.0, "subsample": 0.6061046774645547}, "datetime": {"datetime": "2020-04-24 20:41:59", "elapsed": 1570.617285, "delta": 3.050721}}
{"target": 0.6499412, "params": {"alpha": 0.3806596541706486, "colsample_bytree": 0.8106342325987888, "lam": 0.899029769248243, "max_depth": 9.0, "min_child_weight": 9.0, "subsample": 0.8996202997854995}, "datetime": {"datetime": "2020-04-24 20:42:02", "elapsed": 1573.345936, "delta": 2.728651}}
{"target": 0.6160252, "params": {"alpha": 0.3806596541706486, "colsample_bytree": 0.5359142229545454, "lam": 0.899029769248243, "max_depth": 9.0, "min_child_weight": 9.0, "subsample": 0.624566478076126}, "datetime": {"datetime": "2020-04-24 20:42:06", "elapsed": 1576.954953, "delta": 3.609017}}
{"target": 0.6117184, "params": {"alpha": 0.3806596541706486, "colsample_bytree": 0.5236933051630195, "lam": 0.899029769248243, "max_depth": 9.0, "min_child_weight": 9.0, "subsample": 0.7437549364014617}, "datetime": {"datetime": "2020-04-24 20:42:09", "elapsed": 1580.537282, "delta": 3.582329}}
{"target": 0.6453256, "params": {"alpha": 0.3806596541706486, "colsample_bytree": 0.8062495915572281, "lam": 0.899029769248243, "max_depth": 9.0, "min_child_weight": 9.0, "subsample": 0.8999946682159654}, "datetime": {"datetime": "2020-04-24 20:42:13", "elapsed": 1584.186786, "delta": 3.649504}}
{"target": 0.6485268, "params": {"alpha": 0.3806596541706486, "colsample_bytree": 0.765345351947438, "lam": 0.899029769248243, "max_depth": 9.0, "min_child_weight": 9.0, "subsample": 0.8997060896231195}, "datetime": {"datetime": "2020-04-24 20:42:16", "elapsed": 1587.17596, "delta": 2.989174}}
{"target": 0.6407362, "params": {"alpha": 0.3806596541706486, "colsample_bytree": 0.7563545234313989, "lam": 0.899029769248243, "max_depth": 9.0, "min_child_weight": 9.0, "subsample": 0.823385671651377}, "datetime": {"datetime": "2020-04-24 20:42:20", "elapsed": 1590.888726, "delta": 3.712766}}
{"target": 0.6308406, "params": {"alpha": 0.3806596541706486, "colsample_bytree": 0.7191547586821558, "lam": 0.899029769248243, "max_depth": 9.0, "min_child_weight": 9.0, "subsample": 0.878214286588529}, "datetime": {"datetime": "2020-04-24 20:42:23", "elapsed": 1593.896051, "delta": 3.007325}}
{"target": 0.639525, "params": {"alpha": 0.3806596541706486, "colsample_bytree": 0.7496847959119427, "lam": 0.899029769248243, "max_depth": 9.0, "min_child_weight": 9.0, "subsample": 0.8081479330321057}, "datetime": {"datetime": "2020-04-24 20:42:26", "elapsed": 1597.503086, "delta": 3.607035}}
{"target": 0.6424962, "params": {"alpha": 0.3806596541706486, "colsample_bytree": 0.7892627594129593, "lam": 0.899029769248243, "max_depth": 9.0, "min_child_weight": 9.0, "subsample": 0.7846758673263747}, "datetime": {"datetime": "2020-04-24 20:42:29", "elapsed": 1600.508564, "delta": 3.005478}}
{"target": 0.6452728000000001, "params": {"alpha": 0.3806596541706486, "colsample_bytree": 0.7987674071315334, "lam": 0.899029769248243, "max_depth": 9.0, "min_child_weight": 9.0, "subsample": 0.6028482999129795}, "datetime": {"datetime": "2020-04-24 20:42:33", "elapsed": 1604.125336, "delta": 3.616772}}
{"target": 0.6506308000000001, "params": {"alpha": 0.3806596541706486, "colsample_bytree": 0.8173014086309645, "lam": 0.899029769248243, "max_depth": 9.0, "min_child_weight": 9.0, "subsample": 0.8997244596205861}, "datetime": {"datetime": "2020-04-24 20:42:36", "elapsed": 1607.168145, "delta": 3.042809}}
{"target": 0.648384, "params": {"alpha": 0.3806596541706486, "colsample_bytree": 0.8180088500005722, "lam": 0.899029769248243, "max_depth": 9.0, "min_child_weight": 9.0, "subsample": 0.8997854402680352}, "datetime": {"datetime": "2020-04-24 20:42:39", "elapsed": 1610.662731, "delta": 3.494586}}
{"target": 0.6551081999999999, "params": {"alpha": 0.3806596541706486, "colsample_bytree": 0.7964423968688259, "lam": 0.899029769248243, "max_depth": 9.0, "min_child_weight": 9.0, "subsample": 0.7790127445157183}, "datetime": {"datetime": "2020-04-24 20:42:43", "elapsed": 1613.850431, "delta": 3.1877}}
{"target": 0.6431104, "params": {"alpha": 0.3806596541706486, "colsample_bytree": 0.8029332349599632, "lam": 0.899029769248243, "max_depth": 9.0, "min_child_weight": 9.0, "subsample": 0.7716388983111258}, "datetime": {"datetime": "2020-04-24 20:42:45", "elapsed": 1616.710534, "delta": 2.860103}}
{"target": 0.6358414, "params": {"alpha": 0.3806596541706486, "colsample_bytree": 0.7680434105868156, "lam": 0.899029769248243, "max_depth": 9.0, "min_child_weight": 9.0, "subsample": 0.7219371259967612}, "datetime": {"datetime": "2020-04-24 20:42:48", "elapsed": 1619.657825, "delta": 2.947291}}
{"target": 0.6396708, "params": {"alpha": 0.3806596541706486, "colsample_bytree": 0.8007939388779697, "lam": 0.899029769248243, "max_depth": 9.0, "min_child_weight": 9.0, "subsample": 0.7838915862989593}, "datetime": {"datetime": "2020-04-24 20:42:52", "elapsed": 1622.828064, "delta": 3.170239}}
{"target": 0.6337744, "params": {"alpha": 0.3806596541706486, "colsample_bytree": 0.7335769397053847, "lam": 0.899029769248243, "max_depth": 9.0, "min_child_weight": 9.0, "subsample": 0.558159945375224}, "datetime": {"datetime": "2020-04-24 20:42:55", "elapsed": 1626.251958, "delta": 3.423894}}
{"target": 0.629352, "params": {"alpha": 0.3806596541706486, "colsample_bytree": 0.7592650147889148, "lam": 0.899029769248243, "max_depth": 9.0, "min_child_weight": 9.0, "subsample": 0.5818456567070921}, "datetime": {"datetime": "2020-04-24 20:42:58", "elapsed": 1629.340007, "delta": 3.088049}}
{"target": 0.637688, "params": {"alpha": 0.3806596541706486, "colsample_bytree": 0.7071027479378912, "lam": 0.899029769248243, "max_depth": 9.0, "min_child_weight": 9.0, "subsample": 0.5836136461195338}, "datetime": {"datetime": "2020-04-24 20:43:02", "elapsed": 1633.054911, "delta": 3.714904}}
