{"target": 0.6461694000000001, "params": {"max_depth": 9.359536507666022, "min_child_weight": 9.050739113664463}, "datetime": {"datetime": "2020-04-24 20:18:49", "elapsed": 179.794499, "delta": 2.099469}}
{"target": 0.6461694000000001, "params": {"max_depth": 9.286200281811523, "min_child_weight": 9.010252813391354}, "datetime": {"datetime": "2020-04-24 20:18:51", "elapsed": 182.270762, "delta": 2.476263}}
{"target": 0.6461694000000001, "params": {"max_depth": 9.248854814205341, "min_child_weight": 9.127457636980612}, "datetime": {"datetime": "2020-04-24 20:18:54", "elapsed": 184.810843, "delta": 2.540081}}
{"target": 0.6461694000000001, "params": {"max_depth": 9.441821159379234, "min_child_weight": 9.07236181828538}, "datetime": {"datetime": "2020-04-24 20:18:56", "elapsed": 187.029308, "delta": 2.218465}}
{"target": 0.6461694000000001, "params": {"max_depth": 9.155578402243972, "min_child_weight": 9.059896489163313}, "datetime": {"datetime": "2020-04-24 20:18:58", "elapsed": 189.37063, "delta": 2.341322}}
{"target": 0.6461694000000001, "params": {"max_depth": 9.249435221840532, "min_child_weight": 9.059540427926661}, "datetime": {"datetime": "2020-04-24 20:19:00", "elapsed": 191.519771, "delta": 2.149141}}
{"target": 0.6461694000000001, "params": {"max_depth": 9.4133522007794, "min_child_weight": 9.111008805713581}, "datetime": {"datetime": "2020-04-24 20:19:03", "elapsed": 193.866114, "delta": 2.346343}}
{"target": 0.6461694000000001, "params": {"max_depth": 9.255285913348914, "min_child_weight": 8.986094413986734}, "datetime": {"datetime": "2020-04-24 20:19:05", "elapsed": 196.064751, "delta": 2.198637}}
{"target": 0.6461694000000001, "params": {"max_depth": 9.173054753186596, "min_child_weight": 9.116779245868683}, "datetime": {"datetime": "2020-04-24 20:19:07", "elapsed": 198.10932, "delta": 2.044569}}
{"target": 0.6461694000000001, "params": {"max_depth": 9.312210440091578, "min_child_weight": 9.161592689309076}, "datetime": {"datetime": "2020-04-24 20:19:09", "elapsed": 200.625558, "delta": 2.516238}}
{"target": 0.6461694000000001, "params": {"max_depth": 9.296599851117266, "min_child_weight": 8.98850086703942}, "datetime": {"datetime": "2020-04-24 20:19:12", "elapsed": 202.75678, "delta": 2.131222}}
{"target": 0.6461694000000001, "params": {"max_depth": 9.379139671825897, "min_child_weight": 9.069009764336936}, "datetime": {"datetime": "2020-04-24 20:19:14", "elapsed": 204.871063, "delta": 2.114283}}
{"target": 0.6461694000000001, "params": {"max_depth": 9.229923503265958, "min_child_weight": 9.15890005630813}, "datetime": {"datetime": "2020-04-24 20:19:16", "elapsed": 207.208718, "delta": 2.337655}}
{"target": 0.6461694000000001, "params": {"max_depth": 9.306319004863749, "min_child_weight": 9.065679663955748}, "datetime": {"datetime": "2020-04-24 20:19:18", "elapsed": 209.367112, "delta": 2.158394}}
{"target": 0.6461694000000001, "params": {"max_depth": 9.24987066411137, "min_child_weight": 9.124830684805604}, "datetime": {"datetime": "2020-04-24 20:19:20", "elapsed": 211.622838, "delta": 2.255726}}
{"target": 0.6461694000000001, "params": {"max_depth": 9.252454374658406, "min_child_weight": 9.029510693725518}, "datetime": {"datetime": "2020-04-24 20:19:22", "elapsed": 213.693893, "delta": 2.071055}}
{"target": 0.6461694000000001, "params": {"max_depth": 9.303255513211635, "min_child_weight": 9.155481112911628}, "datetime": {"datetime": "2020-04-24 20:19:25", "elapsed": 216.148884, "delta": 2.454991}}
{"target": 0.6461694000000001, "params": {"max_depth": 9.285860384850713, "min_child_weight": 9.056789359289214}, "datetime": {"datetime": "2020-04-24 20:19:27", "elapsed": 218.548447, "delta": 2.399563}}
{"target": 0.6461694000000001, "params": {"max_depth": 9.308596686848077, "min_child_weight": 9.09318007205481}, "datetime": {"datetime": "2020-04-24 20:19:29", "elapsed": 220.60433, "delta": 2.055883}}
{"target": 0.6461694000000001, "params": {"max_depth": 9.169636775381251, "min_child_weight": 9.034830155359158}, "datetime": {"datetime": "2020-04-24 20:19:32", "elapsed": 222.937875, "delta": 2.333545}}
{"target": 0.6461694000000001, "params": {"max_depth": 9.17243259787163, "min_child_weight": 9.088556102734351}, "datetime": {"datetime": "2020-04-24 20:19:34", "elapsed": 225.138889, "delta": 2.201014}}
{"target": 0.6461694000000001, "params": {"max_depth": 9.358126875135248, "min_child_weight": 8.977820880282527}, "datetime": {"datetime": "2020-04-24 20:19:36", "elapsed": 227.430997, "delta": 2.292108}}
{"target": 0.6461694000000001, "params": {"max_depth": 9.381830774270197, "min_child_weight": 8.995602871462586}, "datetime": {"datetime": "2020-04-24 20:19:38", "elapsed": 229.746616, "delta": 2.315619}}
{"target": 0.6461694000000001, "params": {"max_depth": 9.273596033873446, "min_child_weight": 9.16363336518212}, "datetime": {"datetime": "2020-04-24 20:19:41", "elapsed": 231.999005, "delta": 2.252389}}
{"target": 0.6461694000000001, "params": {"max_depth": 9.298019648556314, "min_child_weight": 8.985037453402615}, "datetime": {"datetime": "2020-04-24 20:19:43", "elapsed": 234.19603, "delta": 2.197025}}
{"target": 0.6461694000000001, "params": {"max_depth": 9.290236107253481, "min_child_weight": 9.152045537597298}, "datetime": {"datetime": "2020-04-24 20:19:45", "elapsed": 236.574054, "delta": 2.378024}}
{"target": 0.6461694000000001, "params": {"max_depth": 9.216109598864506, "min_child_weight": 9.016490019574725}, "datetime": {"datetime": "2020-04-24 20:19:48", "elapsed": 238.815913, "delta": 2.241859}}
{"target": 0.6461694000000001, "params": {"max_depth": 9.292393183139337, "min_child_weight": 9.031520838135641}, "datetime": {"datetime": "2020-04-24 20:19:50", "elapsed": 241.198342, "delta": 2.382429}}
{"target": 0.6461694000000001, "params": {"max_depth": 9.191022709655904, "min_child_weight": 9.14455918248003}, "datetime": {"datetime": "2020-04-24 20:19:52", "elapsed": 243.734258, "delta": 2.535916}}
{"target": 0.6461694000000001, "params": {"max_depth": 9.432563679473557, "min_child_weight": 9.097771296954651}, "datetime": {"datetime": "2020-04-24 20:19:55", "elapsed": 246.071215, "delta": 2.336957}}
{"target": 0.6461694000000001, "params": {"max_depth": 9.258485874096575, "min_child_weight": 9.050246561511534}, "datetime": {"datetime": "2020-04-24 20:19:57", "elapsed": 248.257525, "delta": 2.18631}}
{"target": 0.6461694000000001, "params": {"max_depth": 9.295617239999377, "min_child_weight": 8.977452295589778}, "datetime": {"datetime": "2020-04-24 20:19:59", "elapsed": 250.51606, "delta": 2.258535}}
{"target": 0.6461694000000001, "params": {"max_depth": 9.179931660711834, "min_child_weight": 9.074336743765954}, "datetime": {"datetime": "2020-04-24 20:20:01", "elapsed": 252.532995, "delta": 2.016935}}
{"target": 0.6461694000000001, "params": {"max_depth": 9.316549486062604, "min_child_weight": 9.142390169947596}, "datetime": {"datetime": "2020-04-24 20:20:04", "elapsed": 254.768407, "delta": 2.235412}}
{"target": 0.6461694000000001, "params": {"max_depth": 9.244633154570735, "min_child_weight": 9.151579146011596}, "datetime": {"datetime": "2020-04-24 20:20:06", "elapsed": 257.088943, "delta": 2.320536}}
{"target": 0.6461694000000001, "params": {"max_depth": 9.224249062570582, "min_child_weight": 9.082959497781303}, "datetime": {"datetime": "2020-04-24 20:20:08", "elapsed": 259.648262, "delta": 2.559319}}
{"target": 0.6461694000000001, "params": {"max_depth": 9.41455707140901, "min_child_weight": 9.141456383691981}, "datetime": {"datetime": "2020-04-24 20:20:11", "elapsed": 262.146296, "delta": 2.498034}}
{"target": 0.6461694000000001, "params": {"max_depth": 9.356689468640283, "min_child_weight": 9.035257737051039}, "datetime": {"datetime": "2020-04-24 20:20:13", "elapsed": 264.370492, "delta": 2.224196}}
{"target": 0.6461694000000001, "params": {"max_depth": 9.246299869158085, "min_child_weight": 9.083246681815176}, "datetime": {"datetime": "2020-04-24 20:20:16", "elapsed": 266.79145, "delta": 2.420958}}
{"target": 0.6461694000000001, "params": {"max_depth": 9.211642803969733, "min_child_weight": 8.93367803579039}, "datetime": {"datetime": "2020-04-24 20:20:18", "elapsed": 269.512311, "delta": 2.720861}}
{"target": 0.6461694000000001, "params": {"max_depth": 9.336618158824805, "min_child_weight": 9.139959554009852}, "datetime": {"datetime": "2020-04-24 20:20:21", "elapsed": 271.854009, "delta": 2.341698}}
{"target": 0.6461694000000001, "params": {"max_depth": 9.414041068034766, "min_child_weight": 9.004662511096507}, "datetime": {"datetime": "2020-04-24 20:20:23", "elapsed": 274.155577, "delta": 2.301568}}
{"target": 0.6461694000000001, "params": {"max_depth": 9.281574050530278, "min_child_weight": 9.039795502047479}, "datetime": {"datetime": "2020-04-24 20:20:26", "elapsed": 276.761691, "delta": 2.606114}}
{"target": 0.6461694000000001, "params": {"max_depth": 9.32103101718247, "min_child_weight": 8.925123601096839}, "datetime": {"datetime": "2020-04-24 20:20:28", "elapsed": 279.123704, "delta": 2.362013}}
{"target": 0.6461694000000001, "params": {"max_depth": 9.233072423008677, "min_child_weight": 8.985249829748025}, "datetime": {"datetime": "2020-04-24 20:20:30", "elapsed": 281.611329, "delta": 2.487625}}
{"target": 0.6461694000000001, "params": {"max_depth": 9.369280671156975, "min_child_weight": 9.048170234516403}, "datetime": {"datetime": "2020-04-24 20:20:33", "elapsed": 283.929802, "delta": 2.318473}}
{"target": 0.6461694000000001, "params": {"max_depth": 9.223846113600533, "min_child_weight": 9.020724324702876}, "datetime": {"datetime": "2020-04-24 20:20:35", "elapsed": 286.395558, "delta": 2.465756}}
{"target": 0.6461694000000001, "params": {"max_depth": 9.325103470041096, "min_child_weight": 9.055541589787097}, "datetime": {"datetime": "2020-04-24 20:20:38", "elapsed": 288.952238, "delta": 2.55668}}
{"target": 0.6461694000000001, "params": {"max_depth": 9.367288552591, "min_child_weight": 9.15208001001239}, "datetime": {"datetime": "2020-04-24 20:20:40", "elapsed": 291.581679, "delta": 2.629441}}
{"target": 0.6461694000000001, "params": {"max_depth": 9.242319242514572, "min_child_weight": 9.085365283604153}, "datetime": {"datetime": "2020-04-24 20:20:43", "elapsed": 294.200639, "delta": 2.61896}}
{"target": 0.6461694000000001, "params": {"max_depth": 9.206583666637712, "min_child_weight": 8.945761087689405}, "datetime": {"datetime": "2020-04-24 20:20:46", "elapsed": 297.13059, "delta": 2.929951}}
{"target": 0.6461694000000001, "params": {"max_depth": 9.296009251183628, "min_child_weight": 9.158633676715032}, "datetime": {"datetime": "2020-04-24 20:20:48", "elapsed": 299.47393, "delta": 2.34334}}
{"target": 0.6461694000000001, "params": {"max_depth": 9.398753688215224, "min_child_weight": 9.032792493480775}, "datetime": {"datetime": "2020-04-24 20:20:51", "elapsed": 302.237748, "delta": 2.763818}}
{"target": 0.6461694000000001, "params": {"max_depth": 9.431866776542865, "min_child_weight": 8.999968216006739}, "datetime": {"datetime": "2020-04-24 20:20:54", "elapsed": 305.059182, "delta": 2.821434}}
{"target": 0.6461694000000001, "params": {"max_depth": 9.189204981333075, "min_child_weight": 9.06555482234819}, "datetime": {"datetime": "2020-04-24 20:20:56", "elapsed": 307.386645, "delta": 2.327463}}
{"target": 0.6461694000000001, "params": {"max_depth": 9.285869906709234, "min_child_weight": 8.963791266283511}, "datetime": {"datetime": "2020-04-24 20:20:58", "elapsed": 309.744713, "delta": 2.358068}}
{"target": 0.6461694000000001, "params": {"max_depth": 9.286689093145409, "min_child_weight": 8.915267074728952}, "datetime": {"datetime": "2020-04-24 20:21:01", "elapsed": 312.092872, "delta": 2.348159}}
{"target": 0.6461694000000001, "params": {"max_depth": 9.14456718706727, "min_child_weight": 9.071527350533978}, "datetime": {"datetime": "2020-04-24 20:21:03", "elapsed": 314.725407, "delta": 2.632535}}
{"target": 0.6461694000000001, "params": {"max_depth": 9.376816411831713, "min_child_weight": 9.084350871243162}, "datetime": {"datetime": "2020-04-24 20:21:06", "elapsed": 317.531882, "delta": 2.806475}}
{"target": 0.6461694000000001, "params": {"max_depth": 9.292621987159006, "min_child_weight": 9.032486136013423}, "datetime": {"datetime": "2020-04-24 20:21:09", "elapsed": 320.283351, "delta": 2.751469}}
{"target": 0.6461694000000001, "params": {"max_depth": 9.327413900115777, "min_child_weight": 9.124633060730389}, "datetime": {"datetime": "2020-04-24 20:21:11", "elapsed": 322.68809, "delta": 2.404739}}
{"target": 0.6461694000000001, "params": {"max_depth": 9.27530322525244, "min_child_weight": 9.027462221753217}, "datetime": {"datetime": "2020-04-24 20:21:14", "elapsed": 325.444646, "delta": 2.756556}}
{"target": 0.6461694000000001, "params": {"max_depth": 9.33521663295323, "min_child_weight": 9.068212949329322}, "datetime": {"datetime": "2020-04-24 20:21:17", "elapsed": 328.252591, "delta": 2.807945}}
{"target": 0.6461694000000001, "params": {"max_depth": 9.321198354268535, "min_child_weight": 9.04250554360984}, "datetime": {"datetime": "2020-04-24 20:21:20", "elapsed": 330.851794, "delta": 2.599203}}
{"target": 0.6461694000000001, "params": {"max_depth": 9.445835025034683, "min_child_weight": 9.058520616807572}, "datetime": {"datetime": "2020-04-24 20:21:22", "elapsed": 333.465452, "delta": 2.613658}}
{"target": 0.6461694000000001, "params": {"max_depth": 9.315726646913554, "min_child_weight": 8.989630030646858}, "datetime": {"datetime": "2020-04-24 20:21:25", "elapsed": 336.409565, "delta": 2.944113}}
{"target": 0.6461694000000001, "params": {"max_depth": 9.302773754222603, "min_child_weight": 9.104172520973115}, "datetime": {"datetime": "2020-04-24 20:21:28", "elapsed": 339.135358, "delta": 2.725793}}
{"target": 0.6461694000000001, "params": {"max_depth": 9.312707370490644, "min_child_weight": 9.119167299828968}, "datetime": {"datetime": "2020-04-24 20:21:31", "elapsed": 342.014771, "delta": 2.879413}}
{"target": 0.6461694000000001, "params": {"max_depth": 9.320338675670971, "min_child_weight": 9.054376490631723}, "datetime": {"datetime": "2020-04-24 20:21:33", "elapsed": 344.652151, "delta": 2.63738}}
{"target": 0.6461694000000001, "params": {"max_depth": 9.17509641301532, "min_child_weight": 9.08793283174726}, "datetime": {"datetime": "2020-04-24 20:21:36", "elapsed": 347.163714, "delta": 2.511563}}
{"target": 0.6461694000000001, "params": {"max_depth": 9.389061463908849, "min_child_weight": 9.046687123616246}, "datetime": {"datetime": "2020-04-24 20:21:39", "elapsed": 349.801847, "delta": 2.638133}}
{"target": 0.6461694000000001, "params": {"max_depth": 9.138593632355168, "min_child_weight": 9.103436602401962}, "datetime": {"datetime": "2020-04-24 20:21:41", "elapsed": 352.348999, "delta": 2.547152}}
{"target": 0.6461694000000001, "params": {"max_depth": 9.21483329001724, "min_child_weight": 8.967098966353955}, "datetime": {"datetime": "2020-04-24 20:21:44", "elapsed": 355.167724, "delta": 2.818725}}
{"target": 0.6461694000000001, "params": {"max_depth": 9.26652720043872, "min_child_weight": 9.121795667603923}, "datetime": {"datetime": "2020-04-24 20:21:47", "elapsed": 358.039317, "delta": 2.871593}}
{"target": 0.6461694000000001, "params": {"max_depth": 9.36820141897166, "min_child_weight": 9.164872340361667}, "datetime": {"datetime": "2020-04-24 20:21:50", "elapsed": 361.051439, "delta": 3.012122}}
{"target": 0.6461694000000001, "params": {"max_depth": 9.1798027693261, "min_child_weight": 9.105864168055794}, "datetime": {"datetime": "2020-04-24 20:21:53", "elapsed": 364.031819, "delta": 2.98038}}
{"target": 0.6461694000000001, "params": {"max_depth": 9.340184906929593, "min_child_weight": 9.123188013530712}, "datetime": {"datetime": "2020-04-24 20:21:56", "elapsed": 366.988607, "delta": 2.956788}}
{"target": 0.6461694000000001, "params": {"max_depth": 9.180004863483507, "min_child_weight": 9.00268302420113}, "datetime": {"datetime": "2020-04-24 20:21:59", "elapsed": 370.163447, "delta": 3.17484}}
{"target": 0.6461694000000001, "params": {"max_depth": 9.207400841211804, "min_child_weight": 9.140467546150528}, "datetime": {"datetime": "2020-04-24 20:22:02", "elapsed": 373.171755, "delta": 3.008308}}
{"target": 0.6461694000000001, "params": {"max_depth": 9.242765534771337, "min_child_weight": 9.088518998932576}, "datetime": {"datetime": "2020-04-24 20:22:05", "elapsed": 376.139652, "delta": 2.967897}}
{"target": 0.6461694000000001, "params": {"max_depth": 9.347418320703941, "min_child_weight": 9.031607487204989}, "datetime": {"datetime": "2020-04-24 20:22:08", "elapsed": 379.3153, "delta": 3.175648}}
{"target": 0.6461694000000001, "params": {"max_depth": 9.131128814472037, "min_child_weight": 8.981159487760557}, "datetime": {"datetime": "2020-04-24 20:22:11", "elapsed": 382.499636, "delta": 3.184336}}
{"target": 0.6461694000000001, "params": {"max_depth": 9.31633324787867, "min_child_weight": 9.091002615985168}, "datetime": {"datetime": "2020-04-24 20:22:14", "elapsed": 385.662874, "delta": 3.163238}}
{"target": 0.6461694000000001, "params": {"max_depth": 9.249752605423577, "min_child_weight": 9.15177743906276}, "datetime": {"datetime": "2020-04-24 20:22:18", "elapsed": 388.956939, "delta": 3.294065}}
{"target": 0.6434684, "params": {"max_depth": 9.509792874274275, "min_child_weight": 9.099819337302407}, "datetime": {"datetime": "2020-04-24 20:22:21", "elapsed": 391.975306, "delta": 3.018367}}
{"target": 0.6461694000000001, "params": {"max_depth": 9.272929552617933, "min_child_weight": 8.943100790163061}, "datetime": {"datetime": "2020-04-24 20:22:24", "elapsed": 395.063914, "delta": 3.088608}}
{"target": 0.6461694000000001, "params": {"max_depth": 9.136708968676569, "min_child_weight": 9.026510373541234}, "datetime": {"datetime": "2020-04-24 20:22:27", "elapsed": 398.038895, "delta": 2.974981}}
{"target": 0.6461694000000001, "params": {"max_depth": 9.286533642770456, "min_child_weight": 9.024636606381161}, "datetime": {"datetime": "2020-04-24 20:22:30", "elapsed": 401.207248, "delta": 3.168353}}
{"target": 0.6461694000000001, "params": {"max_depth": 9.288103694096659, "min_child_weight": 9.01234686651643}, "datetime": {"datetime": "2020-04-24 20:22:33", "elapsed": 404.483389, "delta": 3.276141}}
{"target": 0.6461694000000001, "params": {"max_depth": 9.315429866473513, "min_child_weight": 8.980839525588417}, "datetime": {"datetime": "2020-04-24 20:22:36", "elapsed": 407.397336, "delta": 2.913947}}
{"target": 0.6461694000000001, "params": {"max_depth": 9.231243988931382, "min_child_weight": 8.956416221589755}, "datetime": {"datetime": "2020-04-24 20:22:39", "elapsed": 410.094336, "delta": 2.697}}
{"target": 0.6461694000000001, "params": {"max_depth": 9.17491764061396, "min_child_weight": 9.101448929370417}, "datetime": {"datetime": "2020-04-24 20:22:42", "elapsed": 412.756464, "delta": 2.662128}}
{"target": 0.6461694000000001, "params": {"max_depth": 9.278792131787803, "min_child_weight": 9.203879589769064}, "datetime": {"datetime": "2020-04-24 20:22:44", "elapsed": 415.460976, "delta": 2.704512}}
{"target": 0.6461694000000001, "params": {"max_depth": 9.140037624391493, "min_child_weight": 9.135561514807}, "datetime": {"datetime": "2020-04-24 20:22:47", "elapsed": 418.608162, "delta": 3.147186}}
{"target": 0.6461694000000001, "params": {"max_depth": 9.173067461561677, "min_child_weight": 8.978859024198353}, "datetime": {"datetime": "2020-04-24 20:22:51", "elapsed": 421.783595, "delta": 3.175433}}
{"target": 0.6461694000000001, "params": {"max_depth": 9.318586585579489, "min_child_weight": 9.018080299627632}, "datetime": {"datetime": "2020-04-24 20:22:54", "elapsed": 424.815383, "delta": 3.031788}}
{"target": 0.6461694000000001, "params": {"max_depth": 9.208203799279023, "min_child_weight": 9.032690574370264}, "datetime": {"datetime": "2020-04-24 20:22:57", "elapsed": 427.902801, "delta": 3.087418}}
{"target": 0.6461694000000001, "params": {"max_depth": 9.275001813414896, "min_child_weight": 9.098009657664857}, "datetime": {"datetime": "2020-04-24 20:23:00", "elapsed": 431.306759, "delta": 3.403958}}
{"target": 0.6461694000000001, "params": {"max_depth": 9.258340507527222, "min_child_weight": 9.10825544345852}, "datetime": {"datetime": "2020-04-24 20:23:03", "elapsed": 434.46514, "delta": 3.158381}}
{"target": 0.6461694000000001, "params": {"max_depth": 9.256153594858414, "min_child_weight": 8.998796939127464}, "datetime": {"datetime": "2020-04-24 20:23:06", "elapsed": 437.407231, "delta": 2.942091}}
{"target": 0.6461694000000001, "params": {"max_depth": 9.271773695133996, "min_child_weight": 8.968581956060536}, "datetime": {"datetime": "2020-04-24 20:23:09", "elapsed": 440.599565, "delta": 3.192334}}
{"target": 0.6461694000000001, "params": {"max_depth": 9.177947314761761, "min_child_weight": 9.055492348138866}, "datetime": {"datetime": "2020-04-24 20:23:13", "elapsed": 444.280393, "delta": 3.680828}}
{"target": 0.6461694000000001, "params": {"max_depth": 9.386838656032275, "min_child_weight": 9.041550989874871}, "datetime": {"datetime": "2020-04-24 20:23:16", "elapsed": 447.632864, "delta": 3.352471}}
{"target": 0.6461694000000001, "params": {"max_depth": 9.247569443014493, "min_child_weight": 9.026510123149963}, "datetime": {"datetime": "2020-04-24 20:23:20", "elapsed": 451.518719, "delta": 3.885855}}
{"target": 0.6461694000000001, "params": {"max_depth": 9.215130913547362, "min_child_weight": 9.128896317543061}, "datetime": {"datetime": "2020-04-24 20:23:24", "elapsed": 455.238977, "delta": 3.720258}}
{"target": 0.6461694000000001, "params": {"max_depth": 9.208297070295977, "min_child_weight": 9.107420935203356}, "datetime": {"datetime": "2020-04-24 20:23:27", "elapsed": 458.554429, "delta": 3.315452}}
{"target": 0.6461694000000001, "params": {"max_depth": 9.243174407636838, "min_child_weight": 9.103019077784326}, "datetime": {"datetime": "2020-04-24 20:23:31", "elapsed": 461.922397, "delta": 3.367968}}
