{"target": 0.6276526, "params": {"max_depth": 9.165581563043187, "min_child_weight": 4.614232972877941}, "datetime": {"datetime": "2020-04-27 10:28:22", "elapsed": 0.0, "delta": 0.0}}
{"target": 0.6340136, "params": {"max_depth": 5.256290671287937, "min_child_weight": 1.721379137224266}, "datetime": {"datetime": "2020-04-27 10:28:23", "elapsed": 1.111057, "delta": 1.111057}}
{"target": 0.6204322, "params": {"max_depth": 3.822464616516454, "min_child_weight": 3.2800673775032525}, "datetime": {"datetime": "2020-04-27 10:28:24", "elapsed": 2.172905, "delta": 1.061848}}
{"target": 0.6344196, "params": {"max_depth": 4.619612094270136, "min_child_weight": 3.6634194517803547}, "datetime": {"datetime": "2020-04-27 10:28:25", "elapsed": 3.341602, "delta": 1.168697}}
{"target": 0.6368668, "params": {"max_depth": 6.5895042727355495, "min_child_weight": 2.5685957615233166}, "datetime": {"datetime": "2020-04-27 10:28:26", "elapsed": 4.658079, "delta": 1.316477}}
{"target": 0.6174945999999999, "params": {"max_depth": 6.71458836268106, "min_child_weight": 4.658268705929153}, "datetime": {"datetime": "2020-04-27 10:28:28", "elapsed": 5.952301, "delta": 1.294222}}
{"target": 0.6356678, "params": {"max_depth": 6.364494706958002, "min_child_weight": 8.334308036155598}, "datetime": {"datetime": "2020-04-27 10:28:29", "elapsed": 7.106636, "delta": 1.154335}}
{"target": 0.6253022, "params": {"max_depth": 7.512715325832649, "min_child_weight": 5.356995003686305}, "datetime": {"datetime": "2020-04-27 10:28:30", "elapsed": 8.550004, "delta": 1.443368}}
{"target": 0.637198, "params": {"max_depth": 7.490468570225221, "min_child_weight": 7.711464090678054}, "datetime": {"datetime": "2020-04-27 10:28:32", "elapsed": 9.81087, "delta": 1.260866}}
{"target": 0.6300454, "params": {"max_depth": 9.423681458484388, "min_child_weight": 6.5049815064683525}, "datetime": {"datetime": "2020-04-27 10:28:33", "elapsed": 11.44753, "delta": 1.63666}}
{"target": 0.5938036, "params": {"max_depth": 10.0, "min_child_weight": 1.0}, "datetime": {"datetime": "2020-04-27 10:28:36", "elapsed": 14.22178, "delta": 2.77425}}
{"target": 0.601726, "params": {"max_depth": 3.0, "min_child_weight": 10.0}, "datetime": {"datetime": "2020-04-27 10:28:37", "elapsed": 15.392899, "delta": 1.171119}}
{"target": 0.6373406000000001, "params": {"max_depth": 10.0, "min_child_weight": 10.0}, "datetime": {"datetime": "2020-04-27 10:28:39", "elapsed": 17.407278, "delta": 2.014379}}
{"target": 0.639735, "params": {"max_depth": 7.211818318691992, "min_child_weight": 9.99232002297961}, "datetime": {"datetime": "2020-04-27 10:28:41", "elapsed": 18.844014, "delta": 1.436736}}
{"target": 0.6030172, "params": {"max_depth": 3.000737735632947, "min_child_weight": 6.838184885423495}, "datetime": {"datetime": "2020-04-27 10:28:42", "elapsed": 20.081128, "delta": 1.237114}}
{"target": 0.6196151999999999, "params": {"max_depth": 7.190749527668822, "min_child_weight": 1.0250423276565486}, "datetime": {"datetime": "2020-04-27 10:28:43", "elapsed": 21.638441, "delta": 1.557313}}
{"target": 0.6461694000000001, "params": {"max_depth": 8.803771239731317, "min_child_weight": 9.175117048270737}, "datetime": {"datetime": "2020-04-27 10:28:45", "elapsed": 23.448858, "delta": 1.810417}}
{"target": 0.6390513999999999, "params": {"max_depth": 8.564870730924255, "min_child_weight": 9.992327183376533}, "datetime": {"datetime": "2020-04-27 10:28:47", "elapsed": 25.258041, "delta": 1.809183}}
{"target": 0.6434684, "params": {"max_depth": 9.992566507809503, "min_child_weight": 8.572081855049001}, "datetime": {"datetime": "2020-04-27 10:28:49", "elapsed": 27.503683, "delta": 2.245642}}
{"target": 0.6399627999999999, "params": {"max_depth": 5.119149467452936, "min_child_weight": 9.99530414913374}, "datetime": {"datetime": "2020-04-27 10:28:51", "elapsed": 28.988115, "delta": 1.484432}}
{"target": 0.636115, "params": {"max_depth": 8.962808155533962, "min_child_weight": 8.37899976362957}, "datetime": {"datetime": "2020-04-27 10:28:53", "elapsed": 30.964596, "delta": 1.976481}}
{"target": 0.6099646, "params": {"max_depth": 9.99626812479363, "min_child_weight": 3.578165218039397}, "datetime": {"datetime": "2020-04-27 10:28:55", "elapsed": 33.351814, "delta": 2.387218}}
{"target": 0.6393713999999999, "params": {"max_depth": 7.703551316309337, "min_child_weight": 9.101885517902762}, "datetime": {"datetime": "2020-04-27 10:28:57", "elapsed": 35.090192, "delta": 1.738378}}
{"target": 0.6304178, "params": {"max_depth": 5.029876352599761, "min_child_weight": 6.711427844903565}, "datetime": {"datetime": "2020-04-27 10:28:58", "elapsed": 36.491773, "delta": 1.401581}}
{"target": 0.6366685999999999, "params": {"max_depth": 4.559912752986726, "min_child_weight": 8.772084732004885}, "datetime": {"datetime": "2020-04-27 10:29:00", "elapsed": 37.904034, "delta": 1.412261}}
{"target": 0.6434684, "params": {"max_depth": 9.599585460347427, "min_child_weight": 9.298192355360905}, "datetime": {"datetime": "2020-04-27 10:29:02", "elapsed": 40.067029, "delta": 2.162995}}
{"target": 0.6484144, "params": {"max_depth": 5.387470387669626, "min_child_weight": 2.7138930415165547}, "datetime": {"datetime": "2020-04-27 10:29:03", "elapsed": 41.549692, "delta": 1.482663}}
{"target": 0.6408421999999999, "params": {"max_depth": 5.577122553000842, "min_child_weight": 2.557156810287623}, "datetime": {"datetime": "2020-04-27 10:29:05", "elapsed": 43.087851, "delta": 1.538159}}
{"target": 0.5992012, "params": {"max_depth": 3.0, "min_child_weight": 1.0}, "datetime": {"datetime": "2020-04-27 10:29:06", "elapsed": 44.461109, "delta": 1.373258}}
{"target": 0.6008495999999999, "params": {"max_depth": 8.363628043554407, "min_child_weight": 2.393746746572581}, "datetime": {"datetime": "2020-04-27 10:29:08", "elapsed": 46.437908, "delta": 1.976799}}
{"target": 0.6164864, "params": {"max_depth": 9.95129581405988, "min_child_weight": 5.362097719577273}, "datetime": {"datetime": "2020-04-27 10:29:11", "elapsed": 48.974196, "delta": 2.536288}}
{"target": 0.6484144, "params": {"max_depth": 4.818809644463416, "min_child_weight": 2.7212657971281446}, "datetime": {"datetime": "2020-04-27 10:29:12", "elapsed": 50.449641, "delta": 1.475445}}
{"target": 0.6363366, "params": {"max_depth": 5.99215442126245, "min_child_weight": 9.746345276337642}, "datetime": {"datetime": "2020-04-27 10:29:14", "elapsed": 52.006573, "delta": 1.556932}}
{"target": 0.6484144, "params": {"max_depth": 5.282310079892984, "min_child_weight": 3.1330227572160547}, "datetime": {"datetime": "2020-04-27 10:29:15", "elapsed": 53.555153, "delta": 1.54858}}
{"target": 0.6484144, "params": {"max_depth": 4.953926456707551, "min_child_weight": 2.929894974107879}, "datetime": {"datetime": "2020-04-27 10:29:17", "elapsed": 55.078058, "delta": 1.522905}}
{"target": 0.6484144, "params": {"max_depth": 5.122326977065352, "min_child_weight": 2.93380147824889}, "datetime": {"datetime": "2020-04-27 10:29:18", "elapsed": 56.588885, "delta": 1.510827}}
{"target": 0.6484144, "params": {"max_depth": 5.021208925277424, "min_child_weight": 2.8859416725765032}, "datetime": {"datetime": "2020-04-27 10:29:20", "elapsed": 58.170057, "delta": 1.581172}}
{"target": 0.6340136, "params": {"max_depth": 4.603522964447521, "min_child_weight": 2.433469756507874}, "datetime": {"datetime": "2020-04-27 10:29:21", "elapsed": 59.68703, "delta": 1.516973}}
{"target": 0.6151066000000001, "params": {"max_depth": 5.707268106293853, "min_child_weight": 1.0097411797952573}, "datetime": {"datetime": "2020-04-27 10:29:23", "elapsed": 61.425293, "delta": 1.738263}}
{"target": 0.6411648, "params": {"max_depth": 6.4388958486284675, "min_child_weight": 6.9023315448903375}, "datetime": {"datetime": "2020-04-27 10:29:25", "elapsed": 63.190094, "delta": 1.764801}}
{"target": 0.6369948, "params": {"max_depth": 5.329091542350809, "min_child_weight": 7.719721433142063}, "datetime": {"datetime": "2020-04-27 10:29:27", "elapsed": 64.89569, "delta": 1.705596}}
{"target": 0.6367276000000001, "params": {"max_depth": 8.013945152856289, "min_child_weight": 6.563146536413311}, "datetime": {"datetime": "2020-04-27 10:29:29", "elapsed": 66.866682, "delta": 1.970992}}
{"target": 0.6484144, "params": {"max_depth": 5.128377632528508, "min_child_weight": 3.0010383636769196}, "datetime": {"datetime": "2020-04-27 10:29:30", "elapsed": 68.506187, "delta": 1.639505}}
{"target": 0.6434684, "params": {"max_depth": 9.989537001983896, "min_child_weight": 9.273720880911576}, "datetime": {"datetime": "2020-04-27 10:29:32", "elapsed": 70.781646, "delta": 2.275459}}
{"target": 0.6484144, "params": {"max_depth": 5.151365945054371, "min_child_weight": 3.0108715614816344}, "datetime": {"datetime": "2020-04-27 10:29:34", "elapsed": 72.339303, "delta": 1.557657}}
{"target": 0.6484144, "params": {"max_depth": 5.126855774582432, "min_child_weight": 2.9569099703281996}, "datetime": {"datetime": "2020-04-27 10:29:36", "elapsed": 73.894072, "delta": 1.554769}}
{"target": 0.6484144, "params": {"max_depth": 5.078992300616061, "min_child_weight": 2.9122328628836938}, "datetime": {"datetime": "2020-04-27 10:29:37", "elapsed": 75.534273, "delta": 1.640201}}
{"target": 0.6484144, "params": {"max_depth": 5.12611170774311, "min_child_weight": 3.048389018079968}, "datetime": {"datetime": "2020-04-27 10:29:39", "elapsed": 77.22902, "delta": 1.694747}}
{"target": 0.6484144, "params": {"max_depth": 5.195732228788132, "min_child_weight": 2.948781459199719}, "datetime": {"datetime": "2020-04-27 10:29:41", "elapsed": 78.842962, "delta": 1.613942}}
{"target": 0.6484144, "params": {"max_depth": 5.077133685817143, "min_child_weight": 2.9830204817928374}, "datetime": {"datetime": "2020-04-27 10:29:42", "elapsed": 80.526173, "delta": 1.683211}}
{"target": 0.6484144, "params": {"max_depth": 5.157278561942836, "min_child_weight": 2.923124165216235}, "datetime": {"datetime": "2020-04-27 10:29:44", "elapsed": 82.351966, "delta": 1.825793}}
{"target": 0.6484144, "params": {"max_depth": 5.149483980658926, "min_child_weight": 2.995281206647177}, "datetime": {"datetime": "2020-04-27 10:29:46", "elapsed": 84.015426, "delta": 1.66346}}
{"target": 0.6484144, "params": {"max_depth": 5.125152122879969, "min_child_weight": 2.8710515041170286}, "datetime": {"datetime": "2020-04-27 10:29:47", "elapsed": 85.723774, "delta": 1.708348}}
{"target": 0.6484144, "params": {"max_depth": 5.083627679456558, "min_child_weight": 3.040517262450899}, "datetime": {"datetime": "2020-04-27 10:29:49", "elapsed": 87.506391, "delta": 1.782617}}
{"target": 0.6484144, "params": {"max_depth": 5.158285828071159, "min_child_weight": 2.8762782488639296}, "datetime": {"datetime": "2020-04-27 10:29:51", "elapsed": 89.194694, "delta": 1.688303}}
{"target": 0.6484144, "params": {"max_depth": 5.188625305263772, "min_child_weight": 3.0493611000077983}, "datetime": {"datetime": "2020-04-27 10:29:53", "elapsed": 90.99085, "delta": 1.796156}}
{"target": 0.6484144, "params": {"max_depth": 5.109065254590643, "min_child_weight": 2.8853866031647133}, "datetime": {"datetime": "2020-04-27 10:29:54", "elapsed": 92.761238, "delta": 1.770388}}
{"target": 0.6484144, "params": {"max_depth": 5.048785874699846, "min_child_weight": 2.9688314632177195}, "datetime": {"datetime": "2020-04-27 10:29:56", "elapsed": 94.353861, "delta": 1.592623}}
{"target": 0.6484144, "params": {"max_depth": 5.25775715543937, "min_child_weight": 3.0535613454422625}, "datetime": {"datetime": "2020-04-27 10:29:58", "elapsed": 95.996385, "delta": 1.642524}}
{"target": 0.6484144, "params": {"max_depth": 5.155391225364843, "min_child_weight": 2.8805434680277515}, "datetime": {"datetime": "2020-04-27 10:29:59", "elapsed": 97.66062, "delta": 1.664235}}
{"target": 0.6484144, "params": {"max_depth": 5.076656519511253, "min_child_weight": 3.010746777581767}, "datetime": {"datetime": "2020-04-27 10:30:01", "elapsed": 99.487894, "delta": 1.827274}}
{"target": 0.6484144, "params": {"max_depth": 5.157199568231166, "min_child_weight": 2.879650361155633}, "datetime": {"datetime": "2020-04-27 10:30:03", "elapsed": 101.143329, "delta": 1.655435}}
{"target": 0.6484144, "params": {"max_depth": 5.212734868019467, "min_child_weight": 3.0508504030618053}, "datetime": {"datetime": "2020-04-27 10:30:05", "elapsed": 102.821624, "delta": 1.678295}}
{"target": 0.6484144, "params": {"max_depth": 5.076669786874607, "min_child_weight": 2.969909552806093}, "datetime": {"datetime": "2020-04-27 10:30:06", "elapsed": 104.545545, "delta": 1.723921}}
{"target": 0.6484144, "params": {"max_depth": 5.063554379983117, "min_child_weight": 3.0390796745933395}, "datetime": {"datetime": "2020-04-27 10:30:08", "elapsed": 106.228796, "delta": 1.683251}}
{"target": 0.6484144, "params": {"max_depth": 5.130040996340597, "min_child_weight": 2.8912868938583705}, "datetime": {"datetime": "2020-04-27 10:30:10", "elapsed": 107.957617, "delta": 1.728821}}
{"target": 0.6484144, "params": {"max_depth": 5.263423613403855, "min_child_weight": 3.0571888259553774}, "datetime": {"datetime": "2020-04-27 10:30:11", "elapsed": 109.662729, "delta": 1.705112}}
{"target": 0.6484144, "params": {"max_depth": 5.115702057687356, "min_child_weight": 2.8736747470678625}, "datetime": {"datetime": "2020-04-27 10:30:13", "elapsed": 111.298487, "delta": 1.635758}}
{"target": 0.6484144, "params": {"max_depth": 5.210019584546615, "min_child_weight": 3.030486831595877}, "datetime": {"datetime": "2020-04-27 10:30:15", "elapsed": 112.865936, "delta": 1.567449}}
{"target": 0.6484144, "params": {"max_depth": 5.088140306919385, "min_child_weight": 2.936201340926498}, "datetime": {"datetime": "2020-04-27 10:30:16", "elapsed": 114.594636, "delta": 1.7287}}
{"target": 0.6484144, "params": {"max_depth": 5.109263423342167, "min_child_weight": 3.0384256165529906}, "datetime": {"datetime": "2020-04-27 10:30:18", "elapsed": 116.36794, "delta": 1.773304}}
{"target": 0.6484144, "params": {"max_depth": 5.197548948469313, "min_child_weight": 2.9146780162746055}, "datetime": {"datetime": "2020-04-27 10:30:20", "elapsed": 118.025874, "delta": 1.657934}}
{"target": 0.6484144, "params": {"max_depth": 5.072120154306123, "min_child_weight": 3.0425720602435806}, "datetime": {"datetime": "2020-04-27 10:30:21", "elapsed": 119.655268, "delta": 1.629394}}
{"target": 0.6484144, "params": {"max_depth": 5.149290468625983, "min_child_weight": 2.9203389203368966}, "datetime": {"datetime": "2020-04-27 10:30:23", "elapsed": 121.394985, "delta": 1.739717}}
{"target": 0.6484144, "params": {"max_depth": 5.156939939580067, "min_child_weight": 2.91210033228759}, "datetime": {"datetime": "2020-04-27 10:30:25", "elapsed": 123.090064, "delta": 1.695079}}
{"target": 0.6484144, "params": {"max_depth": 5.039254298866847, "min_child_weight": 2.999478578942271}, "datetime": {"datetime": "2020-04-27 10:30:27", "elapsed": 124.832529, "delta": 1.742465}}
{"target": 0.6484144, "params": {"max_depth": 5.232751493867677, "min_child_weight": 3.041787148013417}, "datetime": {"datetime": "2020-04-27 10:30:28", "elapsed": 126.670529, "delta": 1.838}}
{"target": 0.6484144, "params": {"max_depth": 5.181717228352672, "min_child_weight": 2.9392255832416443}, "datetime": {"datetime": "2020-04-27 10:30:30", "elapsed": 128.47956, "delta": 1.809031}}
{"target": 0.6484144, "params": {"max_depth": 5.086286286764242, "min_child_weight": 2.9591529123408673}, "datetime": {"datetime": "2020-04-27 10:30:32", "elapsed": 130.235718, "delta": 1.756158}}
{"target": 0.6484144, "params": {"max_depth": 5.226736012412379, "min_child_weight": 3.058074916609952}, "datetime": {"datetime": "2020-04-27 10:30:34", "elapsed": 131.945021, "delta": 1.709303}}
{"target": 0.6484144, "params": {"max_depth": 5.119412482462385, "min_child_weight": 2.9121513894710223}, "datetime": {"datetime": "2020-04-27 10:30:35", "elapsed": 133.634036, "delta": 1.689015}}
{"target": 0.6484144, "params": {"max_depth": 5.053308330761766, "min_child_weight": 3.005197852151125}, "datetime": {"datetime": "2020-04-27 10:30:37", "elapsed": 135.265437, "delta": 1.631401}}
{"target": 0.6484144, "params": {"max_depth": 5.147893723068538, "min_child_weight": 2.9699824512171045}, "datetime": {"datetime": "2020-04-27 10:30:39", "elapsed": 136.916488, "delta": 1.651051}}
{"target": 0.6484144, "params": {"max_depth": 5.120123293251349, "min_child_weight": 2.8761788039281404}, "datetime": {"datetime": "2020-04-27 10:30:40", "elapsed": 138.668214, "delta": 1.751726}}
{"target": 0.6484144, "params": {"max_depth": 5.093909837190952, "min_child_weight": 2.976084228891437}, "datetime": {"datetime": "2020-04-27 10:30:42", "elapsed": 140.639093, "delta": 1.970879}}
{"target": 0.6484144, "params": {"max_depth": 5.173151252220379, "min_child_weight": 2.8974763732198774}, "datetime": {"datetime": "2020-04-27 10:30:44", "elapsed": 142.39912, "delta": 1.760027}}
{"target": 0.6484144, "params": {"max_depth": 5.212352989267271, "min_child_weight": 3.016842669593264}, "datetime": {"datetime": "2020-04-27 10:30:46", "elapsed": 144.270712, "delta": 1.871592}}
{"target": 0.6484144, "params": {"max_depth": 5.035682724507529, "min_child_weight": 2.99278914520899}, "datetime": {"datetime": "2020-04-27 10:30:48", "elapsed": 146.14843, "delta": 1.877718}}
{"target": 0.6484144, "params": {"max_depth": 5.208574283450396, "min_child_weight": 2.981242866634053}, "datetime": {"datetime": "2020-04-27 10:30:50", "elapsed": 147.978782, "delta": 1.830352}}
{"target": 0.6484144, "params": {"max_depth": 5.083411714889047, "min_child_weight": 3.0527369004989917}, "datetime": {"datetime": "2020-04-27 10:30:52", "elapsed": 149.821411, "delta": 1.842629}}
{"target": 0.6484144, "params": {"max_depth": 5.092420876428732, "min_child_weight": 3.0043389850982436}, "datetime": {"datetime": "2020-04-27 10:30:53", "elapsed": 151.64197, "delta": 1.820559}}
{"target": 0.6484144, "params": {"max_depth": 5.228386798271341, "min_child_weight": 3.0343594603525115}, "datetime": {"datetime": "2020-04-27 10:30:55", "elapsed": 153.411748, "delta": 1.769778}}
{"target": 0.6484144, "params": {"max_depth": 5.113462665407502, "min_child_weight": 2.9051467920322906}, "datetime": {"datetime": "2020-04-27 10:30:57", "elapsed": 155.167505, "delta": 1.755757}}
{"target": 0.6484144, "params": {"max_depth": 5.206101566735601, "min_child_weight": 2.9738010705722138}, "datetime": {"datetime": "2020-04-27 10:30:59", "elapsed": 157.01331, "delta": 1.845805}}
{"target": 0.6484144, "params": {"max_depth": 5.082462233038462, "min_child_weight": 2.9959128268096267}, "datetime": {"datetime": "2020-04-27 10:31:00", "elapsed": 158.756485, "delta": 1.743175}}
{"target": 0.6484144, "params": {"max_depth": 5.130286275564122, "min_child_weight": 2.9003227003308374}, "datetime": {"datetime": "2020-04-27 10:31:02", "elapsed": 160.643811, "delta": 1.887326}}
{"target": 0.6484144, "params": {"max_depth": 5.09037926912054, "min_child_weight": 2.9225904752114347}, "datetime": {"datetime": "2020-04-27 10:31:04", "elapsed": 162.755802, "delta": 2.111991}}
{"target": 0.6484144, "params": {"max_depth": 5.1466293328317505, "min_child_weight": 3.0616588953486317}, "datetime": {"datetime": "2020-04-27 10:31:06", "elapsed": 164.570702, "delta": 1.8149}}
{"target": 0.6484144, "params": {"max_depth": 5.157588637567194, "min_child_weight": 2.8824614822600028}, "datetime": {"datetime": "2020-04-27 10:31:08", "elapsed": 166.621653, "delta": 2.050951}}
{"target": 0.6484144, "params": {"max_depth": 5.226982621928771, "min_child_weight": 3.026638320851082}, "datetime": {"datetime": "2020-04-27 10:31:10", "elapsed": 168.645433, "delta": 2.02378}}
{"target": 0.6484144, "params": {"max_depth": 5.145839994449266, "min_child_weight": 2.918919755003821}, "datetime": {"datetime": "2020-04-27 10:31:12", "elapsed": 170.670025, "delta": 2.024592}}
{"target": 0.6484144, "params": {"max_depth": 5.0768011231144285, "min_child_weight": 3.026301845980158}, "datetime": {"datetime": "2020-04-27 10:31:14", "elapsed": 172.538859, "delta": 1.868834}}
{"target": 0.6484144, "params": {"max_depth": 5.155348894969955, "min_child_weight": 3.047559524535704}, "datetime": {"datetime": "2020-04-27 10:31:16", "elapsed": 174.527798, "delta": 1.988939}}
{"target": 0.6484144, "params": {"max_depth": 5.240426363552096, "min_child_weight": 3.0114782510020186}, "datetime": {"datetime": "2020-04-27 10:31:18", "elapsed": 176.376926, "delta": 1.849128}}
{"target": 0.6484144, "params": {"max_depth": 5.140009406977823, "min_child_weight": 2.9024212020803883}, "datetime": {"datetime": "2020-04-27 10:31:20", "elapsed": 178.486371, "delta": 2.109445}}
{"target": 0.6484144, "params": {"max_depth": 5.208189399488832, "min_child_weight": 2.942692296180638}, "datetime": {"datetime": "2020-04-27 10:31:22", "elapsed": 180.577327, "delta": 2.090956}}
{"target": 0.6484144, "params": {"max_depth": 5.106710037991789, "min_child_weight": 2.934983523230271}, "datetime": {"datetime": "2020-04-27 10:31:24", "elapsed": 182.626109, "delta": 2.048782}}
{"target": 0.6484144, "params": {"max_depth": 5.100093646910592, "min_child_weight": 3.0154913323089945}, "datetime": {"datetime": "2020-04-27 10:31:26", "elapsed": 184.785692, "delta": 2.159583}}
{"target": 0.6484144, "params": {"max_depth": 5.06513018052327, "min_child_weight": 3.006954114222437}, "datetime": {"datetime": "2020-04-27 10:31:29", "elapsed": 186.900745, "delta": 2.115053}}
{"target": 0.6484144, "params": {"max_depth": 5.1430765350676815, "min_child_weight": 2.865804431193988}, "datetime": {"datetime": "2020-04-27 10:31:31", "elapsed": 188.911342, "delta": 2.010597}}
{"target": 0.6484144, "params": {"max_depth": 5.187821459584543, "min_child_weight": 3.0307927734350866}, "datetime": {"datetime": "2020-04-27 10:31:33", "elapsed": 190.902461, "delta": 1.991119}}
{"target": 0.6484144, "params": {"max_depth": 5.22328531126387, "min_child_weight": 3.0392913704916436}, "datetime": {"datetime": "2020-04-27 10:31:35", "elapsed": 193.005243, "delta": 2.102782}}
