{"target": 0.6461694000000001, "params": {"max_depth": 9.36411990014578, "min_child_weight": 8.925817795968015}, "datetime": {"datetime": "2020-04-24 22:59:38", "elapsed": 473.341582, "delta": 3.964514}}
{"target": 0.6461694000000001, "params": {"max_depth": 9.352936144600502, "min_child_weight": 8.903335504698877}, "datetime": {"datetime": "2020-04-24 22:59:41", "elapsed": 476.680031, "delta": 3.338449}}
{"target": 0.6461694000000001, "params": {"max_depth": 9.315146631738415, "min_child_weight": 8.90261897110296}, "datetime": {"datetime": "2020-04-24 22:59:45", "elapsed": 480.349827, "delta": 3.669796}}
{"target": 0.6461694000000001, "params": {"max_depth": 9.344336113168026, "min_child_weight": 8.98243594833776}, "datetime": {"datetime": "2020-04-24 22:59:48", "elapsed": 483.583963, "delta": 3.234136}}
{"target": 0.6461694000000001, "params": {"max_depth": 9.285447732462238, "min_child_weight": 8.930683895791676}, "datetime": {"datetime": "2020-04-24 22:59:51", "elapsed": 486.609305, "delta": 3.025342}}
{"target": 0.6461694000000001, "params": {"max_depth": 9.403798766843835, "min_child_weight": 8.930137225306577}, "datetime": {"datetime": "2020-04-24 22:59:55", "elapsed": 489.90991, "delta": 3.300605}}
{"target": 0.6461694000000001, "params": {"max_depth": 9.361138628694714, "min_child_weight": 8.882027895208061}, "datetime": {"datetime": "2020-04-24 22:59:58", "elapsed": 493.302061, "delta": 3.392151}}
{"target": 0.6461694000000001, "params": {"max_depth": 9.429946221247725, "min_child_weight": 8.998049728451806}, "datetime": {"datetime": "2020-04-24 23:00:01", "elapsed": 496.827045, "delta": 3.524984}}
{"target": 0.6461694000000001, "params": {"max_depth": 9.29346290020888, "min_child_weight": 8.835290717817399}, "datetime": {"datetime": "2020-04-24 23:00:05", "elapsed": 500.347085, "delta": 3.52004}}
{"target": 0.6461694000000001, "params": {"max_depth": 9.306224069885577, "min_child_weight": 8.825311139000409}, "datetime": {"datetime": "2020-04-24 23:00:08", "elapsed": 503.712799, "delta": 3.365714}}
{"target": 0.6461694000000001, "params": {"max_depth": 9.313527150415197, "min_child_weight": 8.845499611079557}, "datetime": {"datetime": "2020-04-24 23:00:12", "elapsed": 507.299954, "delta": 3.587155}}
{"target": 0.6461694000000001, "params": {"max_depth": 9.25074891977528, "min_child_weight": 8.884048653528755}, "datetime": {"datetime": "2020-04-24 23:00:16", "elapsed": 510.862521, "delta": 3.562567}}
{"target": 0.6461694000000001, "params": {"max_depth": 9.344013675974379, "min_child_weight": 8.845734133147575}, "datetime": {"datetime": "2020-04-24 23:00:19", "elapsed": 514.111174, "delta": 3.248653}}
{"target": 0.6461694000000001, "params": {"max_depth": 9.255509786342467, "min_child_weight": 8.835860712564727}, "datetime": {"datetime": "2020-04-24 23:00:22", "elapsed": 517.583937, "delta": 3.472763}}
{"target": 0.6461694000000001, "params": {"max_depth": 9.293085602463997, "min_child_weight": 8.93822210026176}, "datetime": {"datetime": "2020-04-24 23:00:26", "elapsed": 521.07517, "delta": 3.491233}}
{"target": 0.6461694000000001, "params": {"max_depth": 9.36856801220484, "min_child_weight": 8.891703501764166}, "datetime": {"datetime": "2020-04-24 23:00:30", "elapsed": 525.325162, "delta": 4.249992}}
{"target": 0.6461694000000001, "params": {"max_depth": 9.282780355026778, "min_child_weight": 8.810603061970765}, "datetime": {"datetime": "2020-04-24 23:00:34", "elapsed": 529.146683, "delta": 3.821521}}
{"target": 0.6461694000000001, "params": {"max_depth": 9.32293455262601, "min_child_weight": 8.864146975402274}, "datetime": {"datetime": "2020-04-24 23:00:37", "elapsed": 532.735859, "delta": 3.589176}}
{"target": 0.6461694000000001, "params": {"max_depth": 9.354857078742551, "min_child_weight": 8.92502323160906}, "datetime": {"datetime": "2020-04-24 23:00:41", "elapsed": 536.039838, "delta": 3.303979}}
{"target": 0.6461694000000001, "params": {"max_depth": 9.293734443129274, "min_child_weight": 8.868051686166487}, "datetime": {"datetime": "2020-04-24 23:00:44", "elapsed": 539.614708, "delta": 3.57487}}
{"target": 0.6461694000000001, "params": {"max_depth": 9.2196095227147, "min_child_weight": 8.918409555837844}, "datetime": {"datetime": "2020-04-24 23:00:48", "elapsed": 543.392832, "delta": 3.778124}}
{"target": 0.6461694000000001, "params": {"max_depth": 9.297781489806319, "min_child_weight": 8.957375281358873}, "datetime": {"datetime": "2020-04-24 23:00:52", "elapsed": 547.203013, "delta": 3.810181}}
{"target": 0.6461694000000001, "params": {"max_depth": 9.329518613057061, "min_child_weight": 8.875356423440353}, "datetime": {"datetime": "2020-04-24 23:00:56", "elapsed": 551.300029, "delta": 4.097016}}
{"target": 0.6461694000000001, "params": {"max_depth": 9.32069975497182, "min_child_weight": 8.951446175089462}, "datetime": {"datetime": "2020-04-24 23:01:00", "elapsed": 555.050304, "delta": 3.750275}}
{"target": 0.6461694000000001, "params": {"max_depth": 9.478079082983182, "min_child_weight": 8.984865406612203}, "datetime": {"datetime": "2020-04-24 23:01:03", "elapsed": 558.680209, "delta": 3.629905}}
{"target": 0.6461694000000001, "params": {"max_depth": 9.281914958123705, "min_child_weight": 8.884306510716923}, "datetime": {"datetime": "2020-04-24 23:01:07", "elapsed": 561.88811, "delta": 3.207901}}
{"target": 0.6461694000000001, "params": {"max_depth": 9.366747625540672, "min_child_weight": 8.851775737984049}, "datetime": {"datetime": "2020-04-24 23:01:11", "elapsed": 566.115399, "delta": 4.227289}}
{"target": 0.6369154, "params": {"alpha": 0.09614714230623911, "lam": 0.8307322328386251, "max_depth": 9.0, "min_child_weight": 9.0}, "datetime": {"datetime": "2020-04-24 23:01:12", "elapsed": 567.282946, "delta": 1.167547}}
{"target": 0.6274417999999999, "params": {"alpha": 0.1461054392862683, "lam": 0.010606685852261655, "max_depth": 9.0, "min_child_weight": 9.0}, "datetime": {"datetime": "2020-04-24 23:01:13", "elapsed": 568.460284, "delta": 1.177338}}
{"target": 0.6246192, "params": {"alpha": 0.9041476617429776, "lam": 0.028176015063398174, "max_depth": 9.0, "min_child_weight": 9.0}, "datetime": {"datetime": "2020-04-24 23:01:14", "elapsed": 569.614345, "delta": 1.154061}}
{"target": 0.6364536000000001, "params": {"alpha": 0.4385699200962402, "lam": 0.32029330554545254, "max_depth": 9.0, "min_child_weight": 9.0}, "datetime": {"datetime": "2020-04-24 23:01:15", "elapsed": 570.783909, "delta": 1.169564}}
{"target": 0.6419311999999999, "params": {"alpha": 0.1369003038729456, "lam": 0.7661607013515513, "max_depth": 9.0, "min_child_weight": 9.0}, "datetime": {"datetime": "2020-04-24 23:01:17", "elapsed": 571.956763, "delta": 1.172854}}
{"target": 0.6399054, "params": {"alpha": 0.316960426747112, "lam": 0.2714610371116507, "max_depth": 9.0, "min_child_weight": 9.0}, "datetime": {"datetime": "2020-04-24 23:01:18", "elapsed": 573.128511, "delta": 1.171748}}
{"target": 0.6376544, "params": {"alpha": 0.20179316681208626, "lam": 0.8312812160557598, "max_depth": 9.0, "min_child_weight": 9.0}, "datetime": {"datetime": "2020-04-24 23:01:19", "elapsed": 574.310296, "delta": 1.181785}}
{"target": 0.6345563999999999, "params": {"alpha": 0.7475390899930313, "lam": 0.3159434029429907, "max_depth": 9.0, "min_child_weight": 9.0}, "datetime": {"datetime": "2020-04-24 23:01:20", "elapsed": 575.488251, "delta": 1.177955}}
{"target": 0.6322984, "params": {"alpha": 0.05664886548534065, "lam": 0.058218053825226046, "max_depth": 9.0, "min_child_weight": 9.0}, "datetime": {"datetime": "2020-04-24 23:01:21", "elapsed": 576.698621, "delta": 1.21037}}
{"target": 0.6408548000000001, "params": {"alpha": 0.8813114892679823, "lam": 0.2426530918025327, "max_depth": 9.0, "min_child_weight": 9.0}, "datetime": {"datetime": "2020-04-24 23:01:23", "elapsed": 577.905334, "delta": 1.206713}}
{"target": 0.6457522, "params": {"alpha": 1.0, "lam": 0.9999999980511561, "max_depth": 9.0, "min_child_weight": 9.0}, "datetime": {"datetime": "2020-04-24 23:01:24", "elapsed": 579.63806, "delta": 1.732726}}
{"target": 0.639451, "params": {"alpha": 0.998659410520176, "lam": 0.6231076190500783, "max_depth": 9.0, "min_child_weight": 9.0}, "datetime": {"datetime": "2020-04-24 23:01:26", "elapsed": 581.526381, "delta": 1.888321}}
{"target": 0.6397894, "params": {"alpha": 5.659410553313264e-10, "lam": 0.4754597846983923, "max_depth": 9.0, "min_child_weight": 9.0}, "datetime": {"datetime": "2020-04-24 23:01:28", "elapsed": 583.418202, "delta": 1.891821}}
{"target": 0.637711, "params": {"alpha": 0.9995064196311394, "lam": 0.29941566818930876, "max_depth": 9.0, "min_child_weight": 9.0}, "datetime": {"datetime": "2020-04-24 23:01:30", "elapsed": 585.432207, "delta": 2.014005}}
{"target": 0.6463722, "params": {"alpha": 0.7579560127763298, "lam": 0.9999999998550582, "max_depth": 9.0, "min_child_weight": 9.0}, "datetime": {"datetime": "2020-04-24 23:01:32", "elapsed": 587.163553, "delta": 1.731346}}
{"target": 0.6460066, "params": {"alpha": 0.8251979972278326, "lam": 0.8477198632231675, "max_depth": 9.0, "min_child_weight": 9.0}, "datetime": {"datetime": "2020-04-24 23:01:33", "elapsed": 588.82745, "delta": 1.663897}}
{"target": 0.6334770000000001, "params": {"alpha": 0.23738207085834884, "lam": 0.5372855790854288, "max_depth": 9.0, "min_child_weight": 9.0}, "datetime": {"datetime": "2020-04-24 23:01:35", "elapsed": 590.666644, "delta": 1.839194}}
{"target": 0.6478892, "params": {"alpha": 0.994515530334823, "lam": 0.8695986046994238, "max_depth": 9.0, "min_child_weight": 9.0}, "datetime": {"datetime": "2020-04-24 23:01:37", "elapsed": 592.396495, "delta": 1.729851}}
{"target": 0.6481724000000001, "params": {"alpha": 0.8926999320632709, "lam": 0.9670863060793612, "max_depth": 9.0, "min_child_weight": 9.0}, "datetime": {"datetime": "2020-04-24 23:01:39", "elapsed": 594.17291, "delta": 1.776415}}
{"target": 0.6325878000000001, "params": {"alpha": 0.546867405488631, "lam": 0.09713909713310054, "max_depth": 9.0, "min_child_weight": 9.0}, "datetime": {"datetime": "2020-04-24 23:01:41", "elapsed": 596.059815, "delta": 1.886905}}
{"target": 0.6527568, "params": {"alpha": 0.9038373899812544, "lam": 0.9268081382813722, "max_depth": 9.0, "min_child_weight": 9.0}, "datetime": {"datetime": "2020-04-24 23:01:43", "elapsed": 597.902317, "delta": 1.842502}}
{"target": 0.6515485999999999, "params": {"alpha": 0.9121113436076678, "lam": 0.9225452798665966, "max_depth": 9.0, "min_child_weight": 9.0}, "datetime": {"datetime": "2020-04-24 23:01:44", "elapsed": 599.765983, "delta": 1.863666}}
{"target": 0.6502238, "params": {"alpha": 0.9153513462827676, "lam": 0.916595104879164, "max_depth": 9.0, "min_child_weight": 9.0}, "datetime": {"datetime": "2020-04-24 23:01:46", "elapsed": 601.596824, "delta": 1.830841}}
{"target": 0.6474838, "params": {"alpha": 0.9147058029350753, "lam": 0.9104912552641895, "max_depth": 9.0, "min_child_weight": 9.0}, "datetime": {"datetime": "2020-04-24 23:01:48", "elapsed": 603.348847, "delta": 1.752023}}
{"target": 0.6442092, "params": {"alpha": 0.8891604087789826, "lam": 0.9796814538025648, "max_depth": 9.0, "min_child_weight": 9.0}, "datetime": {"datetime": "2020-04-24 23:01:50", "elapsed": 605.28661, "delta": 1.937763}}
{"target": 0.6489692, "params": {"alpha": 0.5849566021689082, "lam": 0.9112548072969908, "max_depth": 9.0, "min_child_weight": 9.0}, "datetime": {"datetime": "2020-04-24 23:01:52", "elapsed": 607.194093, "delta": 1.907483}}
{"target": 0.6469806, "params": {"alpha": 0.5058544838051491, "lam": 0.9981342128179735, "max_depth": 9.0, "min_child_weight": 9.0}, "datetime": {"datetime": "2020-04-24 23:01:54", "elapsed": 609.222807, "delta": 2.028714}}
{"target": 0.6490252, "params": {"alpha": 0.63150985674551, "lam": 0.9556538084739716, "max_depth": 9.0, "min_child_weight": 9.0}, "datetime": {"datetime": "2020-04-24 23:01:56", "elapsed": 611.036763, "delta": 1.813956}}
{"target": 0.6510036, "params": {"alpha": 0.5101579700170322, "lam": 0.8950816944328878, "max_depth": 9.0, "min_child_weight": 9.0}, "datetime": {"datetime": "2020-04-24 23:01:58", "elapsed": 612.85066, "delta": 1.813897}}
{"target": 0.6397846, "params": {"alpha": 0.0004571152638518372, "lam": 0.7103377928401833, "max_depth": 9.0, "min_child_weight": 9.0}, "datetime": {"datetime": "2020-04-24 23:01:59", "elapsed": 614.704278, "delta": 1.853618}}
{"target": 0.6434708, "params": {"alpha": 0.4961018383957625, "lam": 0.8624499816233038, "max_depth": 9.0, "min_child_weight": 9.0}, "datetime": {"datetime": "2020-04-24 23:02:01", "elapsed": 616.802371, "delta": 2.098093}}
{"target": 0.6490232, "params": {"alpha": 0.5710731523057957, "lam": 0.9551509722133247, "max_depth": 9.0, "min_child_weight": 9.0}, "datetime": {"datetime": "2020-04-24 23:02:03", "elapsed": 618.827759, "delta": 2.025388}}
{"target": 0.6509698, "params": {"alpha": 0.9985716563721854, "lam": 0.8968394852019927, "max_depth": 9.0, "min_child_weight": 9.0}, "datetime": {"datetime": "2020-04-24 23:02:05", "elapsed": 620.823587, "delta": 1.995828}}
{"target": 0.6509528, "params": {"alpha": 0.9984133747789199, "lam": 0.8932477810145611, "max_depth": 9.0, "min_child_weight": 9.0}, "datetime": {"datetime": "2020-04-24 23:02:07", "elapsed": 622.836392, "delta": 2.012805}}
{"target": 0.6471088, "params": {"alpha": 0.9987469494652877, "lam": 0.9066957703899985, "max_depth": 9.0, "min_child_weight": 9.0}, "datetime": {"datetime": "2020-04-24 23:02:09", "elapsed": 624.793252, "delta": 1.95686}}
{"target": 0.6450534000000001, "params": {"alpha": 0.9450556167309522, "lam": 0.8751421187191, "max_depth": 9.0, "min_child_weight": 9.0}, "datetime": {"datetime": "2020-04-24 23:02:11", "elapsed": 626.730934, "delta": 1.937682}}
{"target": 0.6511366, "params": {"alpha": 0.7172334262180919, "lam": 0.9208146882145066, "max_depth": 9.0, "min_child_weight": 9.0}, "datetime": {"datetime": "2020-04-24 23:02:14", "elapsed": 628.937447, "delta": 2.206513}}
{"target": 0.6475092, "params": {"alpha": 0.7584986739732215, "lam": 0.9229173200642754, "max_depth": 9.0, "min_child_weight": 9.0}, "datetime": {"datetime": "2020-04-24 23:02:16", "elapsed": 630.936995, "delta": 1.999548}}
{"target": 0.6485756, "params": {"alpha": 0.6506183208591845, "lam": 0.9255420897210459, "max_depth": 9.0, "min_child_weight": 9.0}, "datetime": {"datetime": "2020-04-24 23:02:18", "elapsed": 633.011763, "delta": 2.074768}}
{"target": 0.6454123999999999, "params": {"alpha": 0.5881581818318335, "lam": 0.9475999263431305, "max_depth": 9.0, "min_child_weight": 9.0}, "datetime": {"datetime": "2020-04-24 23:02:20", "elapsed": 634.977914, "delta": 1.966151}}
{"target": 0.6479391999999999, "params": {"alpha": 0.9983978915937674, "lam": 0.9348535603432705, "max_depth": 9.0, "min_child_weight": 9.0}, "datetime": {"datetime": "2020-04-24 23:02:22", "elapsed": 637.107887, "delta": 2.129973}}
{"target": 0.6484466, "params": {"alpha": 0.8041925981762644, "lam": 0.9240403464894613, "max_depth": 9.0, "min_child_weight": 9.0}, "datetime": {"datetime": "2020-04-24 23:02:24", "elapsed": 639.285382, "delta": 2.177495}}
{"target": 0.648947, "params": {"alpha": 0.6857858575494824, "lam": 0.9105575660414076, "max_depth": 9.0, "min_child_weight": 9.0}, "datetime": {"datetime": "2020-04-24 23:02:26", "elapsed": 641.321017, "delta": 2.035635}}
{"target": 0.650265, "params": {"alpha": 0.9982994800409826, "lam": 0.9173767370413609, "max_depth": 9.0, "min_child_weight": 9.0}, "datetime": {"datetime": "2020-04-24 23:02:28", "elapsed": 643.342777, "delta": 2.02176}}
{"target": 0.6461892, "params": {"alpha": 0.999667544045464, "lam": 0.8912741228375796, "max_depth": 9.0, "min_child_weight": 9.0}, "datetime": {"datetime": "2020-04-24 23:02:30", "elapsed": 645.384736, "delta": 2.041959}}
{"target": 0.6511374, "params": {"alpha": 0.7141562819384952, "lam": 0.9211217927126, "max_depth": 9.0, "min_child_weight": 9.0}, "datetime": {"datetime": "2020-04-24 23:02:32", "elapsed": 647.466669, "delta": 2.081933}}
{"target": 0.6503270000000001, "params": {"alpha": 0.7210044335897243, "lam": 0.9131438324113964, "max_depth": 9.0, "min_child_weight": 9.0}, "datetime": {"datetime": "2020-04-24 23:02:34", "elapsed": 649.624672, "delta": 2.158003}}
{"target": 0.6511380000000001, "params": {"alpha": 0.7265631333031854, "lam": 0.9212251125276446, "max_depth": 9.0, "min_child_weight": 9.0}, "datetime": {"datetime": "2020-04-24 23:02:37", "elapsed": 651.853923, "delta": 2.229251}}
{"target": 0.6500786, "params": {"alpha": 0.7149566728833359, "lam": 0.9156517510548301, "max_depth": 9.0, "min_child_weight": 9.0}, "datetime": {"datetime": "2020-04-24 23:02:39", "elapsed": 653.926502, "delta": 2.072579}}
{"target": 0.6327413999999999, "params": {"alpha": 0.08447851588201083, "lam": 0.24830242548000436, "max_depth": 9.0, "min_child_weight": 9.0}, "datetime": {"datetime": "2020-04-24 23:02:40", "elapsed": 655.795424, "delta": 1.868922}}
{"target": 0.64652, "params": {"alpha": 0.43706684482220914, "lam": 0.9465778469846807, "max_depth": 9.0, "min_child_weight": 9.0}, "datetime": {"datetime": "2020-04-24 23:02:42", "elapsed": 657.659112, "delta": 1.863688}}
{"target": 0.6509906, "params": {"alpha": 0.6928299804368993, "lam": 0.8957611557628203, "max_depth": 9.0, "min_child_weight": 9.0}, "datetime": {"datetime": "2020-04-24 23:02:44", "elapsed": 659.787908, "delta": 2.128796}}
{"target": 0.642938, "params": {"alpha": 0.6854744478051935, "lam": 0.8841058887168957, "max_depth": 9.0, "min_child_weight": 9.0}, "datetime": {"datetime": "2020-04-24 23:02:46", "elapsed": 661.684674, "delta": 1.896766}}
{"target": 0.64511, "params": {"alpha": 0.7150832481905697, "lam": 0.9477799226112236, "max_depth": 9.0, "min_child_weight": 9.0}, "datetime": {"datetime": "2020-04-24 23:02:48", "elapsed": 663.597821, "delta": 1.913147}}
{"target": 0.6505380000000001, "params": {"alpha": 0.8146440863789648, "lam": 0.9266358821778323, "max_depth": 9.0, "min_child_weight": 9.0}, "datetime": {"datetime": "2020-04-24 23:02:50", "elapsed": 665.577206, "delta": 1.979385}}
{"target": 0.6502247999999999, "params": {"alpha": 0.8227830519020194, "lam": 0.9181740282323257, "max_depth": 9.0, "min_child_weight": 9.0}, "datetime": {"datetime": "2020-04-24 23:02:52", "elapsed": 667.582541, "delta": 2.005335}}
{"target": 0.6511393999999999, "params": {"alpha": 0.807958325014227, "lam": 0.9207967111158587, "max_depth": 9.0, "min_child_weight": 9.0}, "datetime": {"datetime": "2020-04-24 23:02:54", "elapsed": 669.387964, "delta": 1.805423}}
{"target": 0.6502218, "params": {"alpha": 0.8351602325928138, "lam": 0.9168938104454817, "max_depth": 9.0, "min_child_weight": 9.0}, "datetime": {"datetime": "2020-04-24 23:02:56", "elapsed": 671.270673, "delta": 1.882709}}
{"target": 0.6503026000000001, "params": {"alpha": 0.821653806663281, "lam": 0.9196835001080095, "max_depth": 9.0, "min_child_weight": 9.0}, "datetime": {"datetime": "2020-04-24 23:02:58", "elapsed": 673.337464, "delta": 2.066791}}
{"target": 0.6484454000000001, "params": {"alpha": 0.8199371450068736, "lam": 0.9235776621547045, "max_depth": 9.0, "min_child_weight": 9.0}, "datetime": {"datetime": "2020-04-24 23:03:00", "elapsed": 675.296661, "delta": 1.959197}}
{"target": 0.6505380000000001, "params": {"alpha": 0.8086914054387835, "lam": 0.9266024139425307, "max_depth": 9.0, "min_child_weight": 9.0}, "datetime": {"datetime": "2020-04-24 23:03:02", "elapsed": 677.246541, "delta": 1.94988}}
{"target": 0.6503028000000001, "params": {"alpha": 0.8285779222604087, "lam": 0.9197685010471722, "max_depth": 9.0, "min_child_weight": 9.0}, "datetime": {"datetime": "2020-04-24 23:03:04", "elapsed": 679.412901, "delta": 2.16636}}
{"target": 0.651142, "params": {"alpha": 0.8052090318313534, "lam": 0.9221071802231561, "max_depth": 9.0, "min_child_weight": 9.0}, "datetime": {"datetime": "2020-04-24 23:03:06", "elapsed": 681.492861, "delta": 2.07996}}
{"target": 0.6504044, "params": {"alpha": 0.7885862175027016, "lam": 0.9261499621236197, "max_depth": 9.0, "min_child_weight": 9.0}, "datetime": {"datetime": "2020-04-24 23:03:08", "elapsed": 683.74824, "delta": 2.255379}}
{"target": 0.6475088, "params": {"alpha": 0.8031249462571823, "lam": 0.922596368318793, "max_depth": 9.0, "min_child_weight": 9.0}, "datetime": {"datetime": "2020-04-24 23:03:10", "elapsed": 685.810577, "delta": 2.062337}}
{"target": 0.6503012, "params": {"alpha": 0.8552422174076683, "lam": 0.9189868434359435, "max_depth": 9.0, "min_child_weight": 9.0}, "datetime": {"datetime": "2020-04-24 23:03:13", "elapsed": 687.900464, "delta": 2.089887}}
{"target": 0.6503, "params": {"alpha": 0.8533164025906652, "lam": 0.9185163848868563, "max_depth": 9.0, "min_child_weight": 9.0}, "datetime": {"datetime": "2020-04-24 23:03:15", "elapsed": 689.94213, "delta": 2.041666}}
{"target": 0.6502272, "params": {"alpha": 0.8493087128027809, "lam": 0.9181891672604858, "max_depth": 9.0, "min_child_weight": 9.0}, "datetime": {"datetime": "2020-04-24 23:03:17", "elapsed": 692.112622, "delta": 2.170492}}
{"target": 0.6503032, "params": {"alpha": 0.8525770994353861, "lam": 0.9198463641414003, "max_depth": 9.0, "min_child_weight": 9.0}, "datetime": {"datetime": "2020-04-24 23:03:19", "elapsed": 694.217082, "delta": 2.10446}}
{"target": 0.650221, "params": {"alpha": 0.8593155539203766, "lam": 0.9165058995245354, "max_depth": 9.0, "min_child_weight": 9.0}, "datetime": {"datetime": "2020-04-24 23:03:21", "elapsed": 696.310699, "delta": 2.093617}}
{"target": 0.650301, "params": {"alpha": 0.8638119259841643, "lam": 0.9188575757626284, "max_depth": 9.0, "min_child_weight": 9.0}, "datetime": {"datetime": "2020-04-24 23:03:23", "elapsed": 698.439001, "delta": 2.128302}}
{"target": 0.6502996, "params": {"alpha": 0.8553151906152149, "lam": 0.918283637437931, "max_depth": 9.0, "min_child_weight": 9.0}, "datetime": {"datetime": "2020-04-24 23:03:25", "elapsed": 700.497006, "delta": 2.058005}}
