{"target": 0.6500992, "params": {"alpha": 0.4353002748539644, "lam": 0.9999140352360872, "max_depth": 5.0, "min_child_weight": 3.0}, "datetime": {"datetime": "2020-04-27 10:40:01", "elapsed": 699.512019, "delta": 2.133403}}
{"target": 0.6500980000000001, "params": {"alpha": 0.6637108066677421, "lam": 0.9999418945397455, "max_depth": 5.0, "min_child_weight": 3.0}, "datetime": {"datetime": "2020-04-27 10:40:04", "elapsed": 701.917129, "delta": 2.40511}}
{"target": 0.6500990000000001, "params": {"alpha": 0.48849124123616205, "lam": 0.9998913193743287, "max_depth": 5.0, "min_child_weight": 3.0}, "datetime": {"datetime": "2020-04-27 10:40:06", "elapsed": 704.172922, "delta": 2.255793}}
{"target": 0.6500990000000001, "params": {"alpha": 0.48849124123616205, "lam": 0.9998913193743287, "max_depth": 5.0, "min_child_weight": 3.0}, "datetime": {"datetime": "2020-04-27 10:40:07", "elapsed": 705.246694, "delta": 1.073772}}
{"target": 0.6500961999999999, "params": {"alpha": 0.9407323522040667, "lam": 0.9996965853289075, "max_depth": 5.0, "min_child_weight": 3.0}, "datetime": {"datetime": "2020-04-27 10:40:09", "elapsed": 707.448431, "delta": 2.201737}}
{"target": 0.6500961999999999, "params": {"alpha": 0.9407323522040667, "lam": 0.9996965853289075, "max_depth": 5.0, "min_child_weight": 3.0}, "datetime": {"datetime": "2020-04-27 10:40:10", "elapsed": 708.452424, "delta": 1.003993}}
{"target": 0.6500974, "params": {"alpha": 0.7174471911591328, "lam": 0.9999049799563635, "max_depth": 5.0, "min_child_weight": 3.0}, "datetime": {"datetime": "2020-04-27 10:40:12", "elapsed": 710.768938, "delta": 2.316514}}
{"target": 0.6500966, "params": {"alpha": 0.8811868207443676, "lam": 0.999960041252419, "max_depth": 5.0, "min_child_weight": 3.0}, "datetime": {"datetime": "2020-04-27 10:40:15", "elapsed": 712.951578, "delta": 2.18264}}
{"target": 0.6500966, "params": {"alpha": 0.8947439153524904, "lam": 0.9996953688724696, "max_depth": 5.0, "min_child_weight": 3.0}, "datetime": {"datetime": "2020-04-27 10:40:17", "elapsed": 715.216502, "delta": 2.264924}}
{"target": 0.6500961999999999, "params": {"alpha": 0.952140470473983, "lam": 0.9999441592939529, "max_depth": 5.0, "min_child_weight": 3.0}, "datetime": {"datetime": "2020-04-27 10:40:19", "elapsed": 717.466306, "delta": 2.249804}}
{"target": 0.6500972, "params": {"alpha": 0.8033402750465889, "lam": 0.9996570553421825, "max_depth": 5.0, "min_child_weight": 3.0}, "datetime": {"datetime": "2020-04-27 10:40:21", "elapsed": 719.590577, "delta": 2.124271}}
{"target": 0.6500972, "params": {"alpha": 0.8033402750465889, "lam": 0.9996570553421825, "max_depth": 5.0, "min_child_weight": 3.0}, "datetime": {"datetime": "2020-04-27 10:40:22", "elapsed": 720.648009, "delta": 1.057432}}
{"target": 0.6500984, "params": {"alpha": 0.5542684806670923, "lam": 0.9998177344167393, "max_depth": 5.0, "min_child_weight": 3.0}, "datetime": {"datetime": "2020-04-27 10:40:25", "elapsed": 722.825045, "delta": 2.177036}}
{"target": 0.6484144, "params": {"alpha": 0.0, "lam": 1.0, "max_depth": 5.0, "min_child_weight": 3.0}, "datetime": {"datetime": "2020-04-27 10:40:27", "elapsed": 724.878381, "delta": 2.053336}}
{"target": 0.6500982, "params": {"alpha": 0.6060439827833422, "lam": 0.9999209163690372, "max_depth": 5.0, "min_child_weight": 3.0}, "datetime": {"datetime": "2020-04-27 10:40:29", "elapsed": 727.314719, "delta": 2.436338}}
{"target": 0.6500962, "params": {"alpha": 0.9446415330646345, "lam": 0.9999160590200856, "max_depth": 5.0, "min_child_weight": 3.0}, "datetime": {"datetime": "2020-04-27 10:40:31", "elapsed": 729.565745, "delta": 2.251026}}
{"target": 0.6500968, "params": {"alpha": 0.8337856419272021, "lam": 0.9998743279295632, "max_depth": 5.0, "min_child_weight": 3.0}, "datetime": {"datetime": "2020-04-27 10:40:34", "elapsed": 731.845039, "delta": 2.279294}}
{"target": 0.6500968, "params": {"alpha": 0.8337856419272021, "lam": 0.9998743279295632, "max_depth": 5.0, "min_child_weight": 3.0}, "datetime": {"datetime": "2020-04-27 10:40:35", "elapsed": 732.875937, "delta": 1.030898}}
{"target": 0.6500986, "params": {"alpha": 0.5530341281334361, "lam": 0.9998669665056364, "max_depth": 5.0, "min_child_weight": 3.0}, "datetime": {"datetime": "2020-04-27 10:40:37", "elapsed": 735.019297, "delta": 2.14336}}
{"target": 0.6500988000000001, "params": {"alpha": 0.5153181533917532, "lam": 0.9999303941855577, "max_depth": 5.0, "min_child_weight": 3.0}, "datetime": {"datetime": "2020-04-27 10:40:39", "elapsed": 737.306376, "delta": 2.287079}}
{"target": 0.6500974, "params": {"alpha": 0.7435926756137581, "lam": 0.9997461017596764, "max_depth": 5.0, "min_child_weight": 3.0}, "datetime": {"datetime": "2020-04-27 10:40:41", "elapsed": 739.535736, "delta": 2.22936}}
{"target": 0.6500958000000001, "params": {"alpha": 0.9983227135669948, "lam": 0.9998430854800983, "max_depth": 5.0, "min_child_weight": 3.0}, "datetime": {"datetime": "2020-04-27 10:40:43", "elapsed": 741.673034, "delta": 2.137298}}
{"target": 0.6500988000000001, "params": {"alpha": 0.5093700735014188, "lam": 0.9999172495903049, "max_depth": 5.0, "min_child_weight": 3.0}, "datetime": {"datetime": "2020-04-27 10:40:46", "elapsed": 743.976165, "delta": 2.303131}}
{"target": 0.650097, "params": {"alpha": 0.8124103120111729, "lam": 0.9997909430935372, "max_depth": 5.0, "min_child_weight": 3.0}, "datetime": {"datetime": "2020-04-27 10:40:48", "elapsed": 746.469508, "delta": 2.493343}}
{"target": 0.650097, "params": {"alpha": 0.8124103120111729, "lam": 0.9997909430935372, "max_depth": 5.0, "min_child_weight": 3.0}, "datetime": {"datetime": "2020-04-27 10:40:50", "elapsed": 748.115565, "delta": 1.646057}}
{"target": 0.6500975999999999, "params": {"alpha": 0.7286137102415874, "lam": 0.9996004338793875, "max_depth": 5.0, "min_child_weight": 3.0}, "datetime": {"datetime": "2020-04-27 10:40:52", "elapsed": 750.632765, "delta": 2.5172}}
{"target": 0.6500973999999999, "params": {"alpha": 0.7519864139105373, "lam": 0.999885253572956, "max_depth": 5.0, "min_child_weight": 3.0}, "datetime": {"datetime": "2020-04-27 10:40:55", "elapsed": 753.168117, "delta": 2.535352}}
{"target": 0.650097, "params": {"alpha": 0.7894123207298922, "lam": 0.9999223301141782, "max_depth": 5.0, "min_child_weight": 3.0}, "datetime": {"datetime": "2020-04-27 10:40:57", "elapsed": 755.495896, "delta": 2.327779}}
{"target": 0.650097, "params": {"alpha": 0.7894123207298922, "lam": 0.9999223301141782, "max_depth": 5.0, "min_child_weight": 3.0}, "datetime": {"datetime": "2020-04-27 10:40:59", "elapsed": 756.893438, "delta": 1.397542}}
{"target": 0.6500994, "params": {"alpha": 0.4096679835967941, "lam": 0.9995100594110645, "max_depth": 5.0, "min_child_weight": 3.0}, "datetime": {"datetime": "2020-04-27 10:41:01", "elapsed": 759.443135, "delta": 2.549697}}
{"target": 0.6500994, "params": {"alpha": 0.4165905540397191, "lam": 0.9997107429449252, "max_depth": 5.0, "min_child_weight": 3.0}, "datetime": {"datetime": "2020-04-27 10:41:04", "elapsed": 761.930435, "delta": 2.4873}}
{"target": 0.6500964, "params": {"alpha": 0.9124766127227972, "lam": 0.9996610915560133, "max_depth": 5.0, "min_child_weight": 3.0}, "datetime": {"datetime": "2020-04-27 10:41:06", "elapsed": 764.463446, "delta": 2.533011}}
{"target": 0.6500976, "params": {"alpha": 0.7137585463542099, "lam": 0.9998127156471971, "max_depth": 5.0, "min_child_weight": 3.0}, "datetime": {"datetime": "2020-04-27 10:41:09", "elapsed": 766.968737, "delta": 2.505291}}
{"target": 0.6500996000000001, "params": {"alpha": 0.40922522330707445, "lam": 0.9998875297534947, "max_depth": 5.0, "min_child_weight": 3.0}, "datetime": {"datetime": "2020-04-27 10:41:11", "elapsed": 769.574176, "delta": 2.605439}}
{"target": 0.6500988000000001, "params": {"alpha": 0.5112364992347178, "lam": 0.9999124085179742, "max_depth": 5.0, "min_child_weight": 3.0}, "datetime": {"datetime": "2020-04-27 10:41:14", "elapsed": 772.05283, "delta": 2.478654}}
{"target": 0.6500964, "params": {"alpha": 0.9053637782050903, "lam": 0.9999304873999837, "max_depth": 5.0, "min_child_weight": 3.0}, "datetime": {"datetime": "2020-04-27 10:41:16", "elapsed": 774.791186, "delta": 2.738356}}
{"target": 0.6500990000000001, "params": {"alpha": 0.4898657486764859, "lam": 0.9998595933427267, "max_depth": 5.0, "min_child_weight": 3.0}, "datetime": {"datetime": "2020-04-27 10:41:19", "elapsed": 777.374816, "delta": 2.58363}}
{"target": 0.6500964, "params": {"alpha": 0.9284378982657756, "lam": 0.9997276871563621, "max_depth": 5.0, "min_child_weight": 3.0}, "datetime": {"datetime": "2020-04-27 10:41:22", "elapsed": 780.146442, "delta": 2.771626}}
{"target": 0.6500996, "params": {"alpha": 0.39380797781044996, "lam": 0.9996404219843624, "max_depth": 5.0, "min_child_weight": 3.0}, "datetime": {"datetime": "2020-04-27 10:41:24", "elapsed": 782.567043, "delta": 2.420601}}
{"target": 0.6500958, "params": {"alpha": 1.0, "lam": 0.9999999806145606, "max_depth": 5.0, "min_child_weight": 3.0}, "datetime": {"datetime": "2020-04-27 10:41:27", "elapsed": 784.865547, "delta": 2.298504}}
{"target": 0.6500990000000001, "params": {"alpha": 0.4893825397266933, "lam": 0.9998904303025318, "max_depth": 5.0, "min_child_weight": 3.0}, "datetime": {"datetime": "2020-04-27 10:41:29", "elapsed": 787.495238, "delta": 2.629691}}
{"target": 0.6500992, "params": {"alpha": 0.4236108729772814, "lam": 0.999946742883361, "max_depth": 5.0, "min_child_weight": 3.0}, "datetime": {"datetime": "2020-04-27 10:41:32", "elapsed": 789.960198, "delta": 2.46496}}
{"target": 0.6500964, "params": {"alpha": 0.9111785331675002, "lam": 0.9996787727277046, "max_depth": 5.0, "min_child_weight": 3.0}, "datetime": {"datetime": "2020-04-27 10:41:34", "elapsed": 792.703075, "delta": 2.742877}}
{"target": 0.6500980000000001, "params": {"alpha": 0.6547535654644374, "lam": 0.9995888747938798, "max_depth": 5.0, "min_child_weight": 3.0}, "datetime": {"datetime": "2020-04-27 10:41:37", "elapsed": 795.400038, "delta": 2.696963}}
{"target": 0.6500980000000001, "params": {"alpha": 0.6708494235203885, "lam": 0.9997131101980691, "max_depth": 5.0, "min_child_weight": 3.0}, "datetime": {"datetime": "2020-04-27 10:41:40", "elapsed": 798.077994, "delta": 2.677956}}
{"target": 0.6500980000000001, "params": {"alpha": 0.6402769055681731, "lam": 0.9999626642197402, "max_depth": 5.0, "min_child_weight": 3.0}, "datetime": {"datetime": "2020-04-27 10:41:43", "elapsed": 800.904397, "delta": 2.826403}}
{"target": 0.6500962, "params": {"alpha": 0.8994100960310109, "lam": 0.9994322583217321, "max_depth": 5.0, "min_child_weight": 3.0}, "datetime": {"datetime": "2020-04-27 10:41:45", "elapsed": 803.737279, "delta": 2.832882}}
{"target": 0.650096, "params": {"alpha": 0.9944451794307012, "lam": 0.9999431111799149, "max_depth": 5.0, "min_child_weight": 3.0}, "datetime": {"datetime": "2020-04-27 10:41:48", "elapsed": 806.614264, "delta": 2.876985}}
{"target": 0.6500964, "params": {"alpha": 0.9134665896448355, "lam": 0.9996832638031341, "max_depth": 5.0, "min_child_weight": 3.0}, "datetime": {"datetime": "2020-04-27 10:41:51", "elapsed": 809.597123, "delta": 2.982859}}
{"target": 0.6500969999999999, "params": {"alpha": 0.8349755321604423, "lam": 0.9999521692312588, "max_depth": 5.0, "min_child_weight": 3.0}, "datetime": {"datetime": "2020-04-27 10:41:54", "elapsed": 812.486579, "delta": 2.889456}}
{"target": 0.6500982000000001, "params": {"alpha": 0.6546063599914411, "lam": 0.9999820821000841, "max_depth": 5.0, "min_child_weight": 3.0}, "datetime": {"datetime": "2020-04-27 10:41:57", "elapsed": 815.362975, "delta": 2.876396}}
{"target": 0.6500992, "params": {"alpha": 0.44781195595959655, "lam": 0.9996198486789551, "max_depth": 5.0, "min_child_weight": 3.0}, "datetime": {"datetime": "2020-04-27 10:42:00", "elapsed": 818.054076, "delta": 2.691101}}
{"target": 0.6500971999999999, "params": {"alpha": 0.8064753033496105, "lam": 0.9999011840885101, "max_depth": 5.0, "min_child_weight": 3.0}, "datetime": {"datetime": "2020-04-27 10:42:03", "elapsed": 821.037601, "delta": 2.983525}}
{"target": 0.6500988000000001, "params": {"alpha": 0.544850508561789, "lam": 0.9998754325313214, "max_depth": 5.0, "min_child_weight": 3.0}, "datetime": {"datetime": "2020-04-27 10:42:05", "elapsed": 823.772405, "delta": 2.734804}}
{"target": 0.6500994, "params": {"alpha": 0.4288089354352178, "lam": 0.9996791648813229, "max_depth": 5.0, "min_child_weight": 3.0}, "datetime": {"datetime": "2020-04-27 10:42:08", "elapsed": 826.766606, "delta": 2.994201}}
{"target": 0.6500976, "params": {"alpha": 0.7183714528411267, "lam": 0.9998110889981936, "max_depth": 5.0, "min_child_weight": 3.0}, "datetime": {"datetime": "2020-04-27 10:42:11", "elapsed": 829.660418, "delta": 2.893812}}
{"target": 0.6500994, "params": {"alpha": 0.42061142120408446, "lam": 0.9997719096685239, "max_depth": 5.0, "min_child_weight": 3.0}, "datetime": {"datetime": "2020-04-27 10:42:14", "elapsed": 832.64408, "delta": 2.983662}}
{"target": 0.6500975999999999, "params": {"alpha": 0.7349495563568588, "lam": 0.9999312068520403, "max_depth": 5.0, "min_child_weight": 3.0}, "datetime": {"datetime": "2020-04-27 10:42:17", "elapsed": 835.270806, "delta": 2.626726}}
{"target": 0.6500978, "params": {"alpha": 0.6207052198244772, "lam": 0.9992039076337782, "max_depth": 5.0, "min_child_weight": 3.0}, "datetime": {"datetime": "2020-04-27 10:42:20", "elapsed": 837.908518, "delta": 2.637712}}
{"target": 0.6500973999999999, "params": {"alpha": 0.7727171183088344, "lam": 0.999974136039797, "max_depth": 5.0, "min_child_weight": 3.0}, "datetime": {"datetime": "2020-04-27 10:42:22", "elapsed": 840.642773, "delta": 2.734255}}
{"target": 0.650096, "params": {"alpha": 0.9727911344694317, "lam": 0.9998320812095594, "max_depth": 5.0, "min_child_weight": 3.0}, "datetime": {"datetime": "2020-04-27 10:42:25", "elapsed": 843.327635, "delta": 2.684862}}
{"target": 0.6500991999999999, "params": {"alpha": 0.4329447930327336, "lam": 0.9995405115536036, "max_depth": 5.0, "min_child_weight": 3.0}, "datetime": {"datetime": "2020-04-27 10:42:28", "elapsed": 846.283733, "delta": 2.956098}}
{"target": 0.6500962, "params": {"alpha": 0.9410471866605097, "lam": 0.9999256447429629, "max_depth": 5.0, "min_child_weight": 3.0}, "datetime": {"datetime": "2020-04-27 10:42:31", "elapsed": 848.906487, "delta": 2.622754}}
{"target": 0.6500986, "params": {"alpha": 0.5222429793654012, "lam": 0.9994556343145901, "max_depth": 5.0, "min_child_weight": 3.0}, "datetime": {"datetime": "2020-04-27 10:42:34", "elapsed": 851.820376, "delta": 2.913889}}
{"target": 0.6500978, "params": {"alpha": 0.7026855091235027, "lam": 0.9998498559735293, "max_depth": 5.0, "min_child_weight": 3.0}, "datetime": {"datetime": "2020-04-27 10:42:36", "elapsed": 854.789324, "delta": 2.968948}}
{"target": 0.6500972, "params": {"alpha": 0.7432298447037642, "lam": 0.9999625732730743, "max_depth": 5.0, "min_child_weight": 3.0}, "datetime": {"datetime": "2020-04-27 10:42:39", "elapsed": 857.721983, "delta": 2.932659}}
{"target": 0.6500988, "params": {"alpha": 0.5135628975510811, "lam": 0.9998400578002158, "max_depth": 5.0, "min_child_weight": 3.0}, "datetime": {"datetime": "2020-04-27 10:42:42", "elapsed": 860.577417, "delta": 2.855434}}
{"target": 0.6500959999999999, "params": {"alpha": 0.9892830060379043, "lam": 0.9999179262818818, "max_depth": 5.0, "min_child_weight": 3.0}, "datetime": {"datetime": "2020-04-27 10:42:45", "elapsed": 863.467759, "delta": 2.890342}}
{"target": 0.6500996, "params": {"alpha": 0.36315288627232367, "lam": 0.99985286759862, "max_depth": 5.0, "min_child_weight": 3.0}, "datetime": {"datetime": "2020-04-27 10:42:48", "elapsed": 866.254727, "delta": 2.786968}}
{"target": 0.6500976, "params": {"alpha": 0.7163205418019181, "lam": 0.999787150565582, "max_depth": 5.0, "min_child_weight": 3.0}, "datetime": {"datetime": "2020-04-27 10:42:51", "elapsed": 869.037351, "delta": 2.782624}}
{"target": 0.650097, "params": {"alpha": 0.8479264557124621, "lam": 0.9999577135577048, "max_depth": 5.0, "min_child_weight": 3.0}, "datetime": {"datetime": "2020-04-27 10:42:54", "elapsed": 871.894916, "delta": 2.857565}}
{"target": 0.6500996000000001, "params": {"alpha": 0.41441787008528674, "lam": 0.9998570208955266, "max_depth": 5.0, "min_child_weight": 3.0}, "datetime": {"datetime": "2020-04-27 10:42:57", "elapsed": 874.967276, "delta": 3.07236}}
{"target": 0.6500961999999999, "params": {"alpha": 0.9573543754155938, "lam": 0.9999033046261366, "max_depth": 5.0, "min_child_weight": 3.0}, "datetime": {"datetime": "2020-04-27 10:42:59", "elapsed": 877.758149, "delta": 2.790873}}
{"target": 0.6500994, "params": {"alpha": 0.39142120814983483, "lam": 0.9995483161912857, "max_depth": 5.0, "min_child_weight": 3.0}, "datetime": {"datetime": "2020-04-27 10:43:03", "elapsed": 881.083681, "delta": 3.325532}}
{"target": 0.6500961999999999, "params": {"alpha": 0.9586950415581948, "lam": 0.999963869643396, "max_depth": 5.0, "min_child_weight": 3.0}, "datetime": {"datetime": "2020-04-27 10:43:06", "elapsed": 884.080547, "delta": 2.996866}}
{"target": 0.6500959999999999, "params": {"alpha": 0.9925508078436883, "lam": 0.9998195797581896, "max_depth": 5.0, "min_child_weight": 3.0}, "datetime": {"datetime": "2020-04-27 10:43:09", "elapsed": 887.003616, "delta": 2.923069}}
{"target": 0.6500996, "params": {"alpha": 0.411915790222366, "lam": 0.9997107270040332, "max_depth": 5.0, "min_child_weight": 3.0}, "datetime": {"datetime": "2020-04-27 10:43:12", "elapsed": 889.961981, "delta": 2.958365}}
{"target": 0.6500968, "params": {"alpha": 0.8601567980977328, "lam": 0.9998409040088854, "max_depth": 5.0, "min_child_weight": 3.0}, "datetime": {"datetime": "2020-04-27 10:43:15", "elapsed": 892.938945, "delta": 2.976964}}
{"target": 0.6500976, "params": {"alpha": 0.6768433367467801, "lam": 0.9992711106018198, "max_depth": 5.0, "min_child_weight": 3.0}, "datetime": {"datetime": "2020-04-27 10:43:18", "elapsed": 895.993892, "delta": 3.054947}}
{"target": 0.6500982000000001, "params": {"alpha": 0.6241885536392495, "lam": 0.9999459469195621, "max_depth": 5.0, "min_child_weight": 3.0}, "datetime": {"datetime": "2020-04-27 10:43:20", "elapsed": 898.777745, "delta": 2.783853}}
{"target": 0.6500980000000001, "params": {"alpha": 0.6321220675570862, "lam": 0.9999974732573813, "max_depth": 5.0, "min_child_weight": 3.0}, "datetime": {"datetime": "2020-04-27 10:43:23", "elapsed": 901.574503, "delta": 2.796758}}
{"target": 0.6500966, "params": {"alpha": 0.9386045328282469, "lam": 0.9999960348247569, "max_depth": 5.0, "min_child_weight": 3.0}, "datetime": {"datetime": "2020-04-27 10:43:26", "elapsed": 904.283759, "delta": 2.709256}}
{"target": 0.6500994, "params": {"alpha": 0.4156111689515617, "lam": 0.9997830816064355, "max_depth": 5.0, "min_child_weight": 3.0}, "datetime": {"datetime": "2020-04-27 10:43:29", "elapsed": 907.151226, "delta": 2.867467}}
{"target": 0.6500968, "params": {"alpha": 0.8459515434008664, "lam": 0.9999353296371449, "max_depth": 5.0, "min_child_weight": 3.0}, "datetime": {"datetime": "2020-04-27 10:43:32", "elapsed": 910.554186, "delta": 3.40296}}
{"target": 0.6500996, "params": {"alpha": 0.39510357720395173, "lam": 0.9993646497991989, "max_depth": 5.0, "min_child_weight": 3.0}, "datetime": {"datetime": "2020-04-27 10:43:35", "elapsed": 913.517607, "delta": 2.963421}}
{"target": 0.6500992, "params": {"alpha": 0.4735382682003234, "lam": 0.9996846169764778, "max_depth": 5.0, "min_child_weight": 3.0}, "datetime": {"datetime": "2020-04-27 10:43:38", "elapsed": 916.731532, "delta": 3.213925}}
{"target": 0.6500996000000001, "params": {"alpha": 0.40042951173871555, "lam": 0.9999536206862782, "max_depth": 5.0, "min_child_weight": 3.0}, "datetime": {"datetime": "2020-04-27 10:43:42", "elapsed": 920.18407, "delta": 3.452538}}
{"target": 0.6500961999999999, "params": {"alpha": 0.9627687354346887, "lam": 0.9998768309541288, "max_depth": 5.0, "min_child_weight": 3.0}, "datetime": {"datetime": "2020-04-27 10:43:45", "elapsed": 923.179859, "delta": 2.995789}}
{"target": 0.6500988000000001, "params": {"alpha": 0.5160300631244991, "lam": 0.9997882609240237, "max_depth": 5.0, "min_child_weight": 3.0}, "datetime": {"datetime": "2020-04-27 10:43:48", "elapsed": 926.488295, "delta": 3.308436}}
{"target": 0.6500966, "params": {"alpha": 0.8685896562223091, "lam": 0.9999438293374768, "max_depth": 5.0, "min_child_weight": 3.0}, "datetime": {"datetime": "2020-04-27 10:43:51", "elapsed": 929.708763, "delta": 3.220468}}
{"target": 0.6500982000000001, "params": {"alpha": 0.6518526782056036, "lam": 0.9999283579300144, "max_depth": 5.0, "min_child_weight": 3.0}, "datetime": {"datetime": "2020-04-27 10:43:55", "elapsed": 932.979579, "delta": 3.270816}}
{"target": 0.6500990000000001, "params": {"alpha": 0.4797367820650116, "lam": 0.9998606483595471, "max_depth": 5.0, "min_child_weight": 3.0}, "datetime": {"datetime": "2020-04-27 10:43:58", "elapsed": 936.120328, "delta": 3.140749}}
{"target": 0.6500956, "params": {"alpha": 0.9855755949665803, "lam": 0.9995777703347198, "max_depth": 5.0, "min_child_weight": 3.0}, "datetime": {"datetime": "2020-04-27 10:44:01", "elapsed": 939.238489, "delta": 3.118161}}
{"target": 0.6500961999999999, "params": {"alpha": 0.9526108426486709, "lam": 0.9999469182803397, "max_depth": 5.0, "min_child_weight": 3.0}, "datetime": {"datetime": "2020-04-27 10:44:04", "elapsed": 942.147993, "delta": 2.909504}}
{"target": 0.6500982, "params": {"alpha": 0.6151073262058276, "lam": 0.9998856242258441, "max_depth": 5.0, "min_child_weight": 3.0}, "datetime": {"datetime": "2020-04-27 10:44:07", "elapsed": 944.92564, "delta": 2.777647}}
{"target": 0.6500980000000001, "params": {"alpha": 0.6504546955362955, "lam": 0.9998676808945224, "max_depth": 5.0, "min_child_weight": 3.0}, "datetime": {"datetime": "2020-04-27 10:44:10", "elapsed": 948.014806, "delta": 3.089166}}
