{"target": 0.6500978000000001, "params": {"alpha": 0.6682512679675939, "lam": 0.9997623604949093, "max_depth": 5.0, "min_child_weight": 3.0}, "datetime": {"datetime": "2020-04-27 10:44:13", "elapsed": 951.395078, "delta": 3.380272}}
{"target": 0.6500994, "params": {"alpha": 0.42492555942366905, "lam": 0.9999869906421879, "max_depth": 5.0, "min_child_weight": 3.0}, "datetime": {"datetime": "2020-04-27 10:44:16", "elapsed": 954.546626, "delta": 3.151548}}
{"target": 0.6500982, "params": {"alpha": 0.5982837893675085, "lam": 0.9999425838195375, "max_depth": 5.0, "min_child_weight": 3.0}, "datetime": {"datetime": "2020-04-27 10:44:20", "elapsed": 957.866628, "delta": 3.320002}}
{"target": 0.6500966, "params": {"alpha": 0.8942359240354889, "lam": 0.999825563475593, "max_depth": 5.0, "min_child_weight": 3.0}, "datetime": {"datetime": "2020-04-27 10:44:23", "elapsed": 960.902266, "delta": 3.035638}}
{"target": 0.6500959999999999, "params": {"alpha": 0.987803475269698, "lam": 0.9999247120041678, "max_depth": 5.0, "min_child_weight": 3.0}, "datetime": {"datetime": "2020-04-27 10:44:26", "elapsed": 963.845646, "delta": 2.94338}}
{"target": 0.6500978, "params": {"alpha": 0.6688145745922285, "lam": 0.9997065733981663, "max_depth": 5.0, "min_child_weight": 3.0}, "datetime": {"datetime": "2020-04-27 10:44:29", "elapsed": 967.409692, "delta": 3.564046}}
{"target": 0.6500961999999999, "params": {"alpha": 0.9986430300472365, "lam": 0.9997540066806098, "max_depth": 5.0, "min_child_weight": 3.0}, "datetime": {"datetime": "2020-04-27 10:44:33", "elapsed": 970.891608, "delta": 3.481916}}
{"target": 0.6500972, "params": {"alpha": 0.8054426354129655, "lam": 0.9997944910421472, "max_depth": 5.0, "min_child_weight": 3.0}, "datetime": {"datetime": "2020-04-27 10:44:36", "elapsed": 974.221446, "delta": 3.329838}}
{"target": 0.6500956, "params": {"alpha": 0.9994312723492862, "lam": 0.9988348191130728, "max_depth": 5.0, "min_child_weight": 3.0}, "datetime": {"datetime": "2020-04-27 10:44:39", "elapsed": 977.613882, "delta": 3.392436}}
{"target": 0.650099, "params": {"alpha": 0.46598453758387937, "lam": 0.9995249902987057, "max_depth": 5.0, "min_child_weight": 3.0}, "datetime": {"datetime": "2020-04-27 10:44:43", "elapsed": 981.001016, "delta": 3.387134}}
{"target": 0.6500966, "params": {"alpha": 0.9412635396496644, "lam": 0.9999715580439892, "max_depth": 5.0, "min_child_weight": 3.0}, "datetime": {"datetime": "2020-04-27 10:44:46", "elapsed": 984.482038, "delta": 3.481022}}
{"target": 0.6500976, "params": {"alpha": 0.7060921107327809, "lam": 0.9999347615112737, "max_depth": 5.0, "min_child_weight": 3.0}, "datetime": {"datetime": "2020-04-27 10:44:50", "elapsed": 988.007377, "delta": 3.525339}}
{"target": 0.6500986, "params": {"alpha": 0.5701117695202225, "lam": 0.9999905917408747, "max_depth": 5.0, "min_child_weight": 3.0}, "datetime": {"datetime": "2020-04-27 10:44:53", "elapsed": 991.352265, "delta": 3.344888}}
{"target": 0.6500973999999999, "params": {"alpha": 0.7469603122005578, "lam": 0.9998215710052019, "max_depth": 5.0, "min_child_weight": 3.0}, "datetime": {"datetime": "2020-04-27 10:44:56", "elapsed": 994.549443, "delta": 3.197178}}
{"target": 0.6500994, "params": {"alpha": 0.4378815449319675, "lam": 0.9997721839635993, "max_depth": 5.0, "min_child_weight": 3.0}, "datetime": {"datetime": "2020-04-27 10:44:59", "elapsed": 997.73484, "delta": 3.185397}}
{"target": 0.6500984000000001, "params": {"alpha": 0.5740833866822399, "lam": 0.9995818543046481, "max_depth": 5.0, "min_child_weight": 3.0}, "datetime": {"datetime": "2020-04-27 10:45:03", "elapsed": 1001.390925, "delta": 3.656085}}
{"target": 0.6500975999999999, "params": {"alpha": 0.7381834484233187, "lam": 0.9999150929902364, "max_depth": 5.0, "min_child_weight": 3.0}, "datetime": {"datetime": "2020-04-27 10:45:06", "elapsed": 1004.687897, "delta": 3.296972}}
{"target": 0.6500978, "params": {"alpha": 0.6397978174714167, "lam": 0.9998034557170252, "max_depth": 5.0, "min_child_weight": 3.0}, "datetime": {"datetime": "2020-04-27 10:45:10", "elapsed": 1008.395443, "delta": 3.707546}}
{"target": 0.6500982, "params": {"alpha": 0.624419456178333, "lam": 0.9997781685843485, "max_depth": 5.0, "min_child_weight": 3.0}, "datetime": {"datetime": "2020-04-27 10:45:14", "elapsed": 1012.057254, "delta": 3.661811}}
{"target": 0.650099, "params": {"alpha": 0.47613863831911374, "lam": 0.9997039083235933, "max_depth": 5.0, "min_child_weight": 3.0}, "datetime": {"datetime": "2020-04-27 10:45:17", "elapsed": 1015.470783, "delta": 3.413529}}
{"target": 0.6500976, "params": {"alpha": 0.7431505250261741, "lam": 0.9997316122119521, "max_depth": 5.0, "min_child_weight": 3.0}, "datetime": {"datetime": "2020-04-27 10:45:21", "elapsed": 1019.290951, "delta": 3.820168}}
{"target": 0.6500988, "params": {"alpha": 0.5029794589946998, "lam": 0.999574005117389, "max_depth": 5.0, "min_child_weight": 3.0}, "datetime": {"datetime": "2020-04-27 10:45:25", "elapsed": 1022.971787, "delta": 3.680836}}
{"target": 0.6500972, "params": {"alpha": 0.8285553005197805, "lam": 0.9998614780101007, "max_depth": 5.0, "min_child_weight": 3.0}, "datetime": {"datetime": "2020-04-27 10:45:28", "elapsed": 1026.502243, "delta": 3.530456}}
{"target": 0.6500986, "params": {"alpha": 0.5471895371642922, "lam": 0.9998559675602292, "max_depth": 5.0, "min_child_weight": 3.0}, "datetime": {"datetime": "2020-04-27 10:45:32", "elapsed": 1030.435301, "delta": 3.933058}}
{"target": 0.6500992, "params": {"alpha": 0.5017713891723391, "lam": 0.9999479998723656, "max_depth": 5.0, "min_child_weight": 3.0}, "datetime": {"datetime": "2020-04-27 10:45:37", "elapsed": 1034.887002, "delta": 4.451701}}
{"target": 0.6500992, "params": {"alpha": 0.465681533829554, "lam": 0.9998450591080665, "max_depth": 5.0, "min_child_weight": 3.0}, "datetime": {"datetime": "2020-04-27 10:45:40", "elapsed": 1038.643888, "delta": 3.756886}}
{"target": 0.6500996, "params": {"alpha": 0.4096917201424315, "lam": 0.9995878078234723, "max_depth": 5.0, "min_child_weight": 3.0}, "datetime": {"datetime": "2020-04-27 10:45:44", "elapsed": 1042.79693, "delta": 4.153042}}
{"target": 0.6500964, "params": {"alpha": 0.8983912702698122, "lam": 0.999747409929316, "max_depth": 5.0, "min_child_weight": 3.0}, "datetime": {"datetime": "2020-04-27 10:45:48", "elapsed": 1046.404626, "delta": 3.607696}}
{"target": 0.6500972, "params": {"alpha": 0.7662822891403459, "lam": 0.9998284330906699, "max_depth": 5.0, "min_child_weight": 3.0}, "datetime": {"datetime": "2020-04-27 10:45:52", "elapsed": 1050.536843, "delta": 4.132217}}
{"target": 0.6500966, "params": {"alpha": 0.851809863279314, "lam": 0.9997609082882731, "max_depth": 5.0, "min_child_weight": 3.0}, "datetime": {"datetime": "2020-04-27 10:45:56", "elapsed": 1054.794871, "delta": 4.258028}}
{"target": 0.6500968, "params": {"alpha": 0.8335008851421702, "lam": 0.9998735426619948, "max_depth": 5.0, "min_child_weight": 3.0}, "datetime": {"datetime": "2020-04-27 10:46:01", "elapsed": 1058.88284, "delta": 4.087969}}
{"target": 0.6500975999999999, "params": {"alpha": 0.7047293588237403, "lam": 0.9997784078909333, "max_depth": 5.0, "min_child_weight": 3.0}, "datetime": {"datetime": "2020-04-27 10:46:04", "elapsed": 1062.599177, "delta": 3.716337}}
{"target": 0.6500980000000001, "params": {"alpha": 0.5753667543782772, "lam": 0.9988740953537748, "max_depth": 5.0, "min_child_weight": 3.0}, "datetime": {"datetime": "2020-04-27 10:46:08", "elapsed": 1066.558471, "delta": 3.959294}}
{"target": 0.6500980000000001, "params": {"alpha": 0.6585189044645351, "lam": 0.9999233757950069, "max_depth": 5.0, "min_child_weight": 3.0}, "datetime": {"datetime": "2020-04-27 10:46:12", "elapsed": 1070.528937, "delta": 3.970466}}
{"target": 0.650099, "params": {"alpha": 0.48556217260681467, "lam": 0.9999855479911651, "max_depth": 5.0, "min_child_weight": 3.0}, "datetime": {"datetime": "2020-04-27 10:46:16", "elapsed": 1074.166137, "delta": 3.6372}}
{"target": 0.6500968, "params": {"alpha": 0.8661696930443816, "lam": 0.9997375645654218, "max_depth": 5.0, "min_child_weight": 3.0}, "datetime": {"datetime": "2020-04-27 10:46:20", "elapsed": 1078.36275, "delta": 4.196613}}
{"target": 0.6500976, "params": {"alpha": 0.6906583976975487, "lam": 0.9996793490755732, "max_depth": 5.0, "min_child_weight": 3.0}, "datetime": {"datetime": "2020-04-27 10:46:24", "elapsed": 1082.660982, "delta": 4.298232}}
{"target": 0.6500973999999999, "params": {"alpha": 0.7795882732855781, "lam": 0.999713317623158, "max_depth": 5.0, "min_child_weight": 3.0}, "datetime": {"datetime": "2020-04-27 10:46:28", "elapsed": 1086.478491, "delta": 3.817509}}
{"target": 0.6500962, "params": {"alpha": 0.9276760638539452, "lam": 0.9999709004300343, "max_depth": 5.0, "min_child_weight": 3.0}, "datetime": {"datetime": "2020-04-27 10:46:32", "elapsed": 1090.32564, "delta": 3.847149}}
{"target": 0.6500982, "params": {"alpha": 0.5937680619188768, "lam": 0.9996704140262304, "max_depth": 5.0, "min_child_weight": 3.0}, "datetime": {"datetime": "2020-04-27 10:46:36", "elapsed": 1094.309098, "delta": 3.983458}}
{"target": 0.650097, "params": {"alpha": 0.8420133438226342, "lam": 0.9999741487862115, "max_depth": 5.0, "min_child_weight": 3.0}, "datetime": {"datetime": "2020-04-27 10:46:40", "elapsed": 1098.009719, "delta": 3.700621}}
{"target": 0.6500988000000001, "params": {"alpha": 0.5129401663188933, "lam": 0.9999230545822172, "max_depth": 5.0, "min_child_weight": 3.0}, "datetime": {"datetime": "2020-04-27 10:46:44", "elapsed": 1102.063569, "delta": 4.05385}}
{"target": 0.6500994, "params": {"alpha": 0.4252885667734896, "lam": 0.9999855175825342, "max_depth": 5.0, "min_child_weight": 3.0}, "datetime": {"datetime": "2020-04-27 10:46:48", "elapsed": 1106.011845, "delta": 3.948276}}
{"target": 0.6500994, "params": {"alpha": 0.4249349579204682, "lam": 0.9997371789938612, "max_depth": 5.0, "min_child_weight": 3.0}, "datetime": {"datetime": "2020-04-27 10:46:52", "elapsed": 1109.881342, "delta": 3.869497}}
{"target": 0.6500974, "params": {"alpha": 0.7304740070325652, "lam": 0.999872305400518, "max_depth": 5.0, "min_child_weight": 3.0}, "datetime": {"datetime": "2020-04-27 10:46:56", "elapsed": 1114.283262, "delta": 4.40192}}
{"target": 0.6500992, "params": {"alpha": 0.45307268047766314, "lam": 0.9999514457372539, "max_depth": 5.0, "min_child_weight": 3.0}, "datetime": {"datetime": "2020-04-27 10:47:00", "elapsed": 1118.251731, "delta": 3.968469}}
{"target": 0.6500975999999999, "params": {"alpha": 0.7589601756292276, "lam": 0.999958287409933, "max_depth": 5.0, "min_child_weight": 3.0}, "datetime": {"datetime": "2020-04-27 10:47:04", "elapsed": 1122.119942, "delta": 3.868211}}
{"target": 0.6500990000000001, "params": {"alpha": 0.4596995791486077, "lam": 0.9999889426424443, "max_depth": 5.0, "min_child_weight": 3.0}, "datetime": {"datetime": "2020-04-27 10:47:08", "elapsed": 1126.325917, "delta": 4.205975}}
{"target": 0.6500968, "params": {"alpha": 0.8517754461857401, "lam": 0.9997895870083785, "max_depth": 5.0, "min_child_weight": 3.0}, "datetime": {"datetime": "2020-04-27 10:47:13", "elapsed": 1131.423745, "delta": 5.097828}}
{"target": 0.6500978, "params": {"alpha": 0.6889681912177192, "lam": 0.9999919188874504, "max_depth": 5.0, "min_child_weight": 3.0}, "datetime": {"datetime": "2020-04-27 10:47:17", "elapsed": 1135.573322, "delta": 4.149577}}
{"target": 0.6500986, "params": {"alpha": 0.5807137251869836, "lam": 0.9999112854077821, "max_depth": 5.0, "min_child_weight": 3.0}, "datetime": {"datetime": "2020-04-27 10:47:21", "elapsed": 1139.727289, "delta": 4.153967}}
{"target": 0.6500992, "params": {"alpha": 0.4579196553148812, "lam": 0.9996906709673121, "max_depth": 5.0, "min_child_weight": 3.0}, "datetime": {"datetime": "2020-04-27 10:47:26", "elapsed": 1143.821147, "delta": 4.093858}}
{"target": 0.6500996000000001, "params": {"alpha": 0.41274480300772787, "lam": 0.9999007211021579, "max_depth": 5.0, "min_child_weight": 3.0}, "datetime": {"datetime": "2020-04-27 10:47:29", "elapsed": 1147.752032, "delta": 3.930885}}
{"target": 0.6500966, "params": {"alpha": 0.9017643473932025, "lam": 0.9999837956791809, "max_depth": 5.0, "min_child_weight": 3.0}, "datetime": {"datetime": "2020-04-27 10:47:34", "elapsed": 1151.94076, "delta": 4.188728}}
{"target": 0.650096, "params": {"alpha": 0.9878508155827272, "lam": 0.9996953253893871, "max_depth": 5.0, "min_child_weight": 3.0}, "datetime": {"datetime": "2020-04-27 10:47:38", "elapsed": 1156.550211, "delta": 4.609451}}
{"target": 0.6500994, "params": {"alpha": 0.4210332504585911, "lam": 0.9997305624216424, "max_depth": 5.0, "min_child_weight": 3.0}, "datetime": {"datetime": "2020-04-27 10:47:42", "elapsed": 1160.656061, "delta": 4.10585}}
{"target": 0.6500996000000001, "params": {"alpha": 0.3940314407285327, "lam": 0.9999674692572248, "max_depth": 5.0, "min_child_weight": 3.0}, "datetime": {"datetime": "2020-04-27 10:47:47", "elapsed": 1165.097924, "delta": 4.441863}}
{"target": 0.6500996000000001, "params": {"alpha": 0.3940314407285327, "lam": 0.9999674692572248, "max_depth": 5.0, "min_child_weight": 3.0}, "datetime": {"datetime": "2020-04-27 10:47:50", "elapsed": 1168.019457, "delta": 2.921533}}
{"target": 0.6500959999999999, "params": {"alpha": 0.9755447517358325, "lam": 0.999937376643479, "max_depth": 5.0, "min_child_weight": 3.0}, "datetime": {"datetime": "2020-04-27 10:47:54", "elapsed": 1172.304466, "delta": 4.285009}}
{"target": 0.6500975999999999, "params": {"alpha": 0.6977264534734486, "lam": 0.9997333713897585, "max_depth": 5.0, "min_child_weight": 3.0}, "datetime": {"datetime": "2020-04-27 10:47:58", "elapsed": 1176.398481, "delta": 4.094015}}
{"target": 0.6500984, "params": {"alpha": 0.5633633420092895, "lam": 0.9999381952014154, "max_depth": 5.0, "min_child_weight": 3.0}, "datetime": {"datetime": "2020-04-27 10:48:03", "elapsed": 1181.093286, "delta": 4.694805}}
{"target": 0.6500978, "params": {"alpha": 0.7144378445835657, "lam": 0.9999741843301923, "max_depth": 5.0, "min_child_weight": 3.0}, "datetime": {"datetime": "2020-04-27 10:48:07", "elapsed": 1185.326422, "delta": 4.233136}}
{"target": 0.650097, "params": {"alpha": 0.8182819038448775, "lam": 0.9997260753708541, "max_depth": 5.0, "min_child_weight": 3.0}, "datetime": {"datetime": "2020-04-27 10:48:12", "elapsed": 1190.033838, "delta": 4.707416}}
{"target": 0.6500968, "params": {"alpha": 0.8511134488602565, "lam": 0.999937467707855, "max_depth": 5.0, "min_child_weight": 3.0}, "datetime": {"datetime": "2020-04-27 10:48:16", "elapsed": 1193.910774, "delta": 3.876936}}
{"target": 0.650097, "params": {"alpha": 0.8094986821569403, "lam": 0.9998512669913557, "max_depth": 5.0, "min_child_weight": 3.0}, "datetime": {"datetime": "2020-04-27 10:48:20", "elapsed": 1198.402481, "delta": 4.491707}}
{"target": 0.6500992, "params": {"alpha": 0.4616959893794178, "lam": 0.9995303412975287, "max_depth": 5.0, "min_child_weight": 3.0}, "datetime": {"datetime": "2020-04-27 10:48:24", "elapsed": 1202.685013, "delta": 4.282532}}
{"target": 0.613827, "params": {"alpha": 0.6708936117138252, "colsample_bytree": 0.8767033872450194, "lam": 0.998090046898787, "max_depth": 5.0, "min_child_weight": 3.0, "subsample": 0.5408152016263373}, "datetime": {"datetime": "2020-04-27 10:48:25", "elapsed": 1203.77889, "delta": 1.093877}}
{"target": 0.6179488000000001, "params": {"alpha": 0.6708936117138252, "colsample_bytree": 0.8808329959967832, "lam": 0.998090046898787, "max_depth": 5.0, "min_child_weight": 3.0, "subsample": 0.6088315208871865}, "datetime": {"datetime": "2020-04-27 10:48:27", "elapsed": 1204.884699, "delta": 1.105809}}
{"target": 0.6023995999999999, "params": {"alpha": 0.6708936117138252, "colsample_bytree": 0.5280897800177138, "lam": 0.998090046898787, "max_depth": 5.0, "min_child_weight": 3.0, "subsample": 0.8260405280432329}, "datetime": {"datetime": "2020-04-27 10:48:28", "elapsed": 1205.976507, "delta": 1.091808}}
{"target": 0.6033310000000001, "params": {"alpha": 0.6708936117138252, "colsample_bytree": 0.5251451638123369, "lam": 0.998090046898787, "max_depth": 5.0, "min_child_weight": 3.0, "subsample": 0.8152610661640265}, "datetime": {"datetime": "2020-04-27 10:48:29", "elapsed": 1207.084314, "delta": 1.107807}}
{"target": 0.6194736, "params": {"alpha": 0.6708936117138252, "colsample_bytree": 0.8487404300246828, "lam": 0.998090046898787, "max_depth": 5.0, "min_child_weight": 3.0, "subsample": 0.586333198680829}, "datetime": {"datetime": "2020-04-27 10:48:30", "elapsed": 1208.18272, "delta": 1.098406}}
{"target": 0.5929754, "params": {"alpha": 0.6708936117138252, "colsample_bytree": 0.54768439125808, "lam": 0.998090046898787, "max_depth": 5.0, "min_child_weight": 3.0, "subsample": 0.6420618782158303}, "datetime": {"datetime": "2020-04-27 10:48:31", "elapsed": 1209.27734, "delta": 1.09462}}
{"target": 0.6124468000000001, "params": {"alpha": 0.6708936117138252, "colsample_bytree": 0.54436685977283, "lam": 0.998090046898787, "max_depth": 5.0, "min_child_weight": 3.0, "subsample": 0.8342470755227638}, "datetime": {"datetime": "2020-04-27 10:48:32", "elapsed": 1210.364723, "delta": 1.087383}}
{"target": 0.6062394, "params": {"alpha": 0.6708936117138252, "colsample_bytree": 0.7134726900039638, "lam": 0.998090046898787, "max_depth": 5.0, "min_child_weight": 3.0, "subsample": 0.6597271725174134}, "datetime": {"datetime": "2020-04-27 10:48:33", "elapsed": 1211.454992, "delta": 1.090269}}
{"target": 0.6247724, "params": {"alpha": 0.6708936117138252, "colsample_bytree": 0.6602949777647177, "lam": 0.998090046898787, "max_depth": 5.0, "min_child_weight": 3.0, "subsample": 0.7543209435297578}, "datetime": {"datetime": "2020-04-27 10:48:34", "elapsed": 1212.561947, "delta": 1.106955}}
{"target": 0.5887716000000001, "params": {"alpha": 0.6708936117138252, "colsample_bytree": 0.5719424996707031, "lam": 0.998090046898787, "max_depth": 5.0, "min_child_weight": 3.0, "subsample": 0.5908918622474809}, "datetime": {"datetime": "2020-04-27 10:48:35", "elapsed": 1213.655753, "delta": 1.093806}}
{"target": 0.6326444, "params": {"alpha": 0.6708936117138252, "colsample_bytree": 0.9, "lam": 0.998090046898787, "max_depth": 5.0, "min_child_weight": 3.0, "subsample": 0.9}, "datetime": {"datetime": "2020-04-27 10:48:37", "elapsed": 1215.03943, "delta": 1.383677}}
{"target": 0.6319834, "params": {"alpha": 0.6708936117138252, "colsample_bytree": 0.7362011952411356, "lam": 0.998090046898787, "max_depth": 5.0, "min_child_weight": 3.0, "subsample": 0.8992792365495039}, "datetime": {"datetime": "2020-04-27 10:48:38", "elapsed": 1216.530849, "delta": 1.491419}}
{"target": 0.6348964, "params": {"alpha": 0.6708936117138252, "colsample_bytree": 0.8729975224765774, "lam": 0.998090046898787, "max_depth": 5.0, "min_child_weight": 3.0, "subsample": 0.8028810025939037}, "datetime": {"datetime": "2020-04-27 10:48:40", "elapsed": 1218.107696, "delta": 1.576847}}
{"target": 0.5694256, "params": {"alpha": 0.6708936117138252, "colsample_bytree": 0.5, "lam": 0.998090046898787, "max_depth": 5.0, "min_child_weight": 3.0, "subsample": 0.5}, "datetime": {"datetime": "2020-04-27 10:48:41", "elapsed": 1219.604952, "delta": 1.497256}}
{"target": 0.6282150000000001, "params": {"alpha": 0.6708936117138252, "colsample_bytree": 0.6656840486487655, "lam": 0.998090046898787, "max_depth": 5.0, "min_child_weight": 3.0, "subsample": 0.8529908668237332}, "datetime": {"datetime": "2020-04-27 10:48:43", "elapsed": 1221.292591, "delta": 1.687639}}
{"target": 0.6379045999999999, "params": {"alpha": 0.6708936117138252, "colsample_bytree": 0.8241057692708347, "lam": 0.998090046898787, "max_depth": 5.0, "min_child_weight": 3.0, "subsample": 0.8704501616679483}, "datetime": {"datetime": "2020-04-27 10:48:45", "elapsed": 1223.072493, "delta": 1.779902}}
{"target": 0.6319551999999999, "params": {"alpha": 0.6708936117138252, "colsample_bytree": 0.7973093380216394, "lam": 0.998090046898787, "max_depth": 5.0, "min_child_weight": 3.0, "subsample": 0.8051279546256962}, "datetime": {"datetime": "2020-04-27 10:48:47", "elapsed": 1224.808156, "delta": 1.735663}}
{"target": 0.6376426000000001, "params": {"alpha": 0.6708936117138252, "colsample_bytree": 0.8310869971081611, "lam": 0.998090046898787, "max_depth": 5.0, "min_child_weight": 3.0, "subsample": 0.8996317257659547}, "datetime": {"datetime": "2020-04-27 10:48:48", "elapsed": 1226.667283, "delta": 1.859127}}
{"target": 0.645219, "params": {"alpha": 0.6708936117138252, "colsample_bytree": 0.8568728163547481, "lam": 0.998090046898787, "max_depth": 5.0, "min_child_weight": 3.0, "subsample": 0.8590742106698508}, "datetime": {"datetime": "2020-04-27 10:48:50", "elapsed": 1228.479565, "delta": 1.812282}}
{"target": 0.625073, "params": {"alpha": 0.6708936117138252, "colsample_bytree": 0.7393335404552656, "lam": 0.998090046898787, "max_depth": 5.0, "min_child_weight": 3.0, "subsample": 0.5001212406201712}, "datetime": {"datetime": "2020-04-27 10:48:52", "elapsed": 1230.146832, "delta": 1.667267}}
{"target": 0.6429374, "params": {"alpha": 0.6708936117138252, "colsample_bytree": 0.878990297113726, "lam": 0.998090046898787, "max_depth": 5.0, "min_child_weight": 3.0, "subsample": 0.8538459014342124}, "datetime": {"datetime": "2020-04-27 10:48:54", "elapsed": 1232.024021, "delta": 1.877189}}
{"target": 0.6359492, "params": {"alpha": 0.6708936117138252, "colsample_bytree": 0.864998623871563, "lam": 0.998090046898787, "max_depth": 5.0, "min_child_weight": 3.0, "subsample": 0.8612648467500605}, "datetime": {"datetime": "2020-04-27 10:48:56", "elapsed": 1234.076693, "delta": 2.052672}}
{"target": 0.6386486, "params": {"alpha": 0.6708936117138252, "colsample_bytree": 0.897655084971361, "lam": 0.998090046898787, "max_depth": 5.0, "min_child_weight": 3.0, "subsample": 0.8370960945645077}, "datetime": {"datetime": "2020-04-27 10:48:58", "elapsed": 1236.215787, "delta": 2.139094}}
