{"target": 0.6367458000000001, "params": {"alpha": 0.2524545645295798, "colsample_bytree": 0.8081353982299311, "lam": 0.9989646052317648, "max_depth": 5.0, "min_child_weight": 3.0, "subsample": 0.7890472180632218}, "datetime": {"datetime": "2020-04-26 11:28:08", "elapsed": 1137.534291, "delta": 1.492852}}
{"target": 0.6005206, "params": {"alpha": 0.2524545645295798, "colsample_bytree": 0.5, "lam": 0.9989646052317648, "max_depth": 5.0, "min_child_weight": 3.0, "subsample": 0.759194166958975}, "datetime": {"datetime": "2020-04-26 11:28:09", "elapsed": 1138.867256, "delta": 1.332965}}
{"target": 0.6167878, "params": {"alpha": 0.2524545645295798, "colsample_bytree": 0.7413506387160617, "lam": 0.9989646052317648, "max_depth": 5.0, "min_child_weight": 3.0, "subsample": 0.5787099477998989}, "datetime": {"datetime": "2020-04-26 11:28:11", "elapsed": 1140.264558, "delta": 1.397302}}
{"target": 0.6345328, "params": {"alpha": 0.2524545645295798, "colsample_bytree": 0.7129170324570904, "lam": 0.9989646052317648, "max_depth": 5.0, "min_child_weight": 3.0, "subsample": 0.8987347794890523}, "datetime": {"datetime": "2020-04-26 11:28:12", "elapsed": 1141.626532, "delta": 1.361974}}
{"target": 0.6370844, "params": {"alpha": 0.2524545645295798, "colsample_bytree": 0.7640864656306002, "lam": 0.9989646052317648, "max_depth": 5.0, "min_child_weight": 3.0, "subsample": 0.8445129440820438}, "datetime": {"datetime": "2020-04-26 11:28:14", "elapsed": 1143.011482, "delta": 1.38495}}
{"target": 0.6422566, "params": {"alpha": 0.2524545645295798, "colsample_bytree": 0.8216243974284851, "lam": 0.9989646052317648, "max_depth": 5.0, "min_child_weight": 3.0, "subsample": 0.8284913920829302}, "datetime": {"datetime": "2020-04-26 11:28:15", "elapsed": 1144.455175, "delta": 1.443693}}
{"target": 0.630207, "params": {"alpha": 0.2524545645295798, "colsample_bytree": 0.8456263141295854, "lam": 0.9989646052317648, "max_depth": 5.0, "min_child_weight": 3.0, "subsample": 0.8114304517934063}, "datetime": {"datetime": "2020-04-26 11:28:17", "elapsed": 1146.480654, "delta": 2.025479}}
{"target": 0.5738, "params": {"alpha": 0.2524545645295798, "colsample_bytree": 0.5002333415125667, "lam": 0.9989646052317648, "max_depth": 5.0, "min_child_weight": 3.0, "subsample": 0.6008595793114169}, "datetime": {"datetime": "2020-04-26 11:28:18", "elapsed": 1147.706836, "delta": 1.226182}}
{"target": 0.6226508, "params": {"alpha": 0.2524545645295798, "colsample_bytree": 0.8997728002896802, "lam": 0.9989646052317648, "max_depth": 5.0, "min_child_weight": 3.0, "subsample": 0.6775741912309237}, "datetime": {"datetime": "2020-04-26 11:28:19", "elapsed": 1148.902412, "delta": 1.195576}}
{"target": 0.6027547999999999, "params": {"alpha": 0.2524545645295798, "colsample_bytree": 0.5878679325473212, "lam": 0.9989646052317648, "max_depth": 5.0, "min_child_weight": 3.0, "subsample": 0.5}, "datetime": {"datetime": "2020-04-26 11:28:21", "elapsed": 1150.095023, "delta": 1.192611}}
{"target": 0.6176352, "params": {"alpha": 0.2524545645295798, "colsample_bytree": 0.7108631698203107, "lam": 0.9989646052317648, "max_depth": 5.0, "min_child_weight": 3.0, "subsample": 0.5}, "datetime": {"datetime": "2020-04-26 11:28:22", "elapsed": 1151.458157, "delta": 1.363134}}
{"target": 0.6185537999999999, "params": {"alpha": 0.2524545645295798, "colsample_bytree": 0.7028987186230811, "lam": 0.9989646052317648, "max_depth": 5.0, "min_child_weight": 3.0, "subsample": 0.6695726483094772}, "datetime": {"datetime": "2020-04-26 11:28:24", "elapsed": 1153.024695, "delta": 1.566538}}
{"target": 0.6380062, "params": {"alpha": 0.2524545645295798, "colsample_bytree": 0.8319651065307796, "lam": 0.9989646052317648, "max_depth": 5.0, "min_child_weight": 3.0, "subsample": 0.8701695514514766}, "datetime": {"datetime": "2020-04-26 11:28:25", "elapsed": 1154.493545, "delta": 1.46885}}
{"target": 0.6136398000000001, "params": {"alpha": 0.2524545645295798, "colsample_bytree": 0.8471429996576195, "lam": 0.9989646052317648, "max_depth": 5.0, "min_child_weight": 3.0, "subsample": 0.5438052737909511}, "datetime": {"datetime": "2020-04-26 11:28:27", "elapsed": 1155.971695, "delta": 1.47815}}
{"target": 0.6244100000000001, "params": {"alpha": 0.2524545645295798, "colsample_bytree": 0.7891716143447132, "lam": 0.9989646052317648, "max_depth": 5.0, "min_child_weight": 3.0, "subsample": 0.713026481454919}, "datetime": {"datetime": "2020-04-26 11:28:28", "elapsed": 1157.626436, "delta": 1.654741}}
{"target": 0.6126547999999999, "params": {"alpha": 0.2524545645295798, "colsample_bytree": 0.5685708099498592, "lam": 0.9989646052317648, "max_depth": 5.0, "min_child_weight": 3.0, "subsample": 0.8996006587631072}, "datetime": {"datetime": "2020-04-26 11:28:29", "elapsed": 1158.839108, "delta": 1.212672}}
{"target": 0.624746, "params": {"alpha": 0.2524545645295798, "colsample_bytree": 0.8994347196272379, "lam": 0.9989646052317648, "max_depth": 5.0, "min_child_weight": 3.0, "subsample": 0.7421426263335128}, "datetime": {"datetime": "2020-04-26 11:28:31", "elapsed": 1160.62159, "delta": 1.782482}}
{"target": 0.6045800000000001, "params": {"alpha": 0.2524545645295798, "colsample_bytree": 0.5000000000097192, "lam": 0.9989646052317648, "max_depth": 5.0, "min_child_weight": 3.0, "subsample": 0.8374279728853247}, "datetime": {"datetime": "2020-04-26 11:28:33", "elapsed": 1161.92876, "delta": 1.30717}}
{"target": 0.6312768, "params": {"alpha": 0.2524545645295798, "colsample_bytree": 0.7068722541435422, "lam": 0.9989646052317648, "max_depth": 5.0, "min_child_weight": 3.0, "subsample": 0.8208246497646197}, "datetime": {"datetime": "2020-04-26 11:28:34", "elapsed": 1163.639534, "delta": 1.710774}}
{"target": 0.6095328, "params": {"alpha": 0.2524545645295798, "colsample_bytree": 0.6345521725904195, "lam": 0.9989646052317648, "max_depth": 5.0, "min_child_weight": 3.0, "subsample": 0.6810645501921165}, "datetime": {"datetime": "2020-04-26 11:28:36", "elapsed": 1165.153006, "delta": 1.513472}}
{"target": 0.6404014, "params": {"alpha": 0.2524545645295798, "colsample_bytree": 0.7628406030184254, "lam": 0.9989646052317648, "max_depth": 5.0, "min_child_weight": 3.0, "subsample": 0.7899868295592225}, "datetime": {"datetime": "2020-04-26 11:28:37", "elapsed": 1166.612581, "delta": 1.459575}}
{"target": 0.6195692, "params": {"alpha": 0.2524545645295798, "colsample_bytree": 0.8491110836556404, "lam": 0.9989646052317648, "max_depth": 5.0, "min_child_weight": 3.0, "subsample": 0.6850017825285227}, "datetime": {"datetime": "2020-04-26 11:28:39", "elapsed": 1168.320915, "delta": 1.708334}}
{"target": 0.6231428, "params": {"alpha": 0.2524545645295798, "colsample_bytree": 0.8495249616390892, "lam": 0.9989646052317648, "max_depth": 5.0, "min_child_weight": 3.0, "subsample": 0.5000226018755621}, "datetime": {"datetime": "2020-04-26 11:28:41", "elapsed": 1170.028034, "delta": 1.707119}}
{"target": 0.6464838, "params": {"alpha": 0.2524545645295798, "colsample_bytree": 0.8998071405202691, "lam": 0.9989646052317648, "max_depth": 5.0, "min_child_weight": 3.0, "subsample": 0.8284696181051037}, "datetime": {"datetime": "2020-04-26 11:28:42", "elapsed": 1171.735628, "delta": 1.707594}}
{"target": 0.6403302, "params": {"alpha": 0.2524545645295798, "colsample_bytree": 0.8994105022900843, "lam": 0.9989646052317648, "max_depth": 5.0, "min_child_weight": 3.0, "subsample": 0.8609071663703767}, "datetime": {"datetime": "2020-04-26 11:28:44", "elapsed": 1173.663583, "delta": 1.927955}}
{"target": 0.632236, "params": {"alpha": 0.2524545645295798, "colsample_bytree": 0.8114003441667188, "lam": 0.9989646052317648, "max_depth": 5.0, "min_child_weight": 3.0, "subsample": 0.8495268240920807}, "datetime": {"datetime": "2020-04-26 11:28:46", "elapsed": 1175.341453, "delta": 1.67787}}
{"target": 0.5821497999999999, "params": {"alpha": 0.2524545645295798, "colsample_bytree": 0.5623327068836251, "lam": 0.9989646052317648, "max_depth": 5.0, "min_child_weight": 3.0, "subsample": 0.5550155667449864}, "datetime": {"datetime": "2020-04-26 11:28:47", "elapsed": 1176.793689, "delta": 1.452236}}
{"target": 0.6069321999999999, "params": {"alpha": 0.2524545645295798, "colsample_bytree": 0.5, "lam": 0.9989646052317648, "max_depth": 5.0, "min_child_weight": 3.0, "subsample": 0.6822240222865947}, "datetime": {"datetime": "2020-04-26 11:28:49", "elapsed": 1178.422511, "delta": 1.628822}}
{"target": 0.6056662, "params": {"alpha": 0.2524545645295798, "colsample_bytree": 0.6065610951352144, "lam": 0.9989646052317648, "max_depth": 5.0, "min_child_weight": 3.0, "subsample": 0.8577519375822698}, "datetime": {"datetime": "2020-04-26 11:28:51", "elapsed": 1179.980901, "delta": 1.55839}}
{"target": 0.6339284, "params": {"alpha": 0.2524545645295798, "colsample_bytree": 0.8524386819992575, "lam": 0.9989646052317648, "max_depth": 5.0, "min_child_weight": 3.0, "subsample": 0.898185248142751}, "datetime": {"datetime": "2020-04-26 11:28:52", "elapsed": 1181.76972, "delta": 1.788819}}
{"target": 0.6161596, "params": {"alpha": 0.2524545645295798, "colsample_bytree": 0.7571246205805422, "lam": 0.9989646052317648, "max_depth": 5.0, "min_child_weight": 3.0, "subsample": 0.63832082905461}, "datetime": {"datetime": "2020-04-26 11:28:54", "elapsed": 1183.355376, "delta": 1.585656}}
{"target": 0.639987, "params": {"alpha": 0.2524545645295798, "colsample_bytree": 0.6863223672511918, "lam": 0.9989646052317648, "max_depth": 5.0, "min_child_weight": 3.0, "subsample": 0.8714249484544165}, "datetime": {"datetime": "2020-04-26 11:28:56", "elapsed": 1185.223982, "delta": 1.868606}}
{"target": 0.6358360000000001, "params": {"alpha": 0.2524545645295798, "colsample_bytree": 0.7260810503778982, "lam": 0.9989646052317648, "max_depth": 5.0, "min_child_weight": 3.0, "subsample": 0.8659757561331818}, "datetime": {"datetime": "2020-04-26 11:28:57", "elapsed": 1186.878715, "delta": 1.654733}}
{"target": 0.6210836, "params": {"alpha": 0.2524545645295798, "colsample_bytree": 0.8171164281628966, "lam": 0.9989646052317648, "max_depth": 5.0, "min_child_weight": 3.0, "subsample": 0.7435366241817192}, "datetime": {"datetime": "2020-04-26 11:28:59", "elapsed": 1188.526858, "delta": 1.648143}}
{"target": 0.6107804, "params": {"alpha": 0.2524545645295798, "colsample_bytree": 0.7677213993673807, "lam": 0.9989646052317648, "max_depth": 5.0, "min_child_weight": 3.0, "subsample": 0.5315396364285284}, "datetime": {"datetime": "2020-04-26 11:29:01", "elapsed": 1190.109356, "delta": 1.582498}}
{"target": 0.6160821999999999, "params": {"alpha": 0.2524545645295798, "colsample_bytree": 0.6500115003222138, "lam": 0.9989646052317648, "max_depth": 5.0, "min_child_weight": 3.0, "subsample": 0.5}, "datetime": {"datetime": "2020-04-26 11:29:02", "elapsed": 1191.443942, "delta": 1.334586}}
{"target": 0.6392834, "params": {"alpha": 0.2524545645295798, "colsample_bytree": 0.780268635692213, "lam": 0.9989646052317648, "max_depth": 5.0, "min_child_weight": 3.0, "subsample": 0.8097139374687021}, "datetime": {"datetime": "2020-04-26 11:29:04", "elapsed": 1193.043575, "delta": 1.599633}}
{"target": 0.6310962, "params": {"alpha": 0.2524545645295798, "colsample_bytree": 0.871046920077112, "lam": 0.9989646052317648, "max_depth": 5.0, "min_child_weight": 3.0, "subsample": 0.6266682057172895}, "datetime": {"datetime": "2020-04-26 11:29:05", "elapsed": 1194.688538, "delta": 1.644963}}
{"target": 0.6364586, "params": {"alpha": 0.2524545645295798, "colsample_bytree": 0.6814241745090812, "lam": 0.9989646052317648, "max_depth": 5.0, "min_child_weight": 3.0, "subsample": 0.8982880099121499}, "datetime": {"datetime": "2020-04-26 11:29:07", "elapsed": 1196.362378, "delta": 1.67384}}
{"target": 0.6363711999999999, "params": {"alpha": 0.2524545645295798, "colsample_bytree": 0.8997933473926003, "lam": 0.9989646052317648, "max_depth": 5.0, "min_child_weight": 3.0, "subsample": 0.8100767871392098}, "datetime": {"datetime": "2020-04-26 11:29:09", "elapsed": 1197.924839, "delta": 1.562461}}
{"target": 0.6149832, "params": {"alpha": 0.2524545645295798, "colsample_bytree": 0.6921011182402503, "lam": 0.9989646052317648, "max_depth": 5.0, "min_child_weight": 3.0, "subsample": 0.6115746522979992}, "datetime": {"datetime": "2020-04-26 11:29:10", "elapsed": 1199.501553, "delta": 1.576714}}
{"target": 0.6184294, "params": {"alpha": 0.2524545645295798, "colsample_bytree": 0.6235885289122329, "lam": 0.9989646052317648, "max_depth": 5.0, "min_child_weight": 3.0, "subsample": 0.746215009774426}, "datetime": {"datetime": "2020-04-26 11:29:12", "elapsed": 1201.428716, "delta": 1.927163}}
{"target": 0.6282572, "params": {"alpha": 0.2524545645295798, "colsample_bytree": 0.7624394675408643, "lam": 0.9989646052317648, "max_depth": 5.0, "min_child_weight": 3.0, "subsample": 0.7503064691534125}, "datetime": {"datetime": "2020-04-26 11:29:13", "elapsed": 1202.853448, "delta": 1.424732}}
{"target": 0.642816, "params": {"alpha": 0.2524545645295798, "colsample_bytree": 0.7467415425853683, "lam": 0.9989646052317648, "max_depth": 5.0, "min_child_weight": 3.0, "subsample": 0.8187874887709465}, "datetime": {"datetime": "2020-04-26 11:29:15", "elapsed": 1204.532324, "delta": 1.678876}}
{"target": 0.6400788000000001, "params": {"alpha": 0.2524545645295798, "colsample_bytree": 0.8241601302440389, "lam": 0.9989646052317648, "max_depth": 5.0, "min_child_weight": 3.0, "subsample": 0.8999651407843502}, "datetime": {"datetime": "2020-04-26 11:29:17", "elapsed": 1206.177465, "delta": 1.645141}}
{"target": 0.6450818, "params": {"alpha": 0.2524545645295798, "colsample_bytree": 0.8991596646284661, "lam": 0.9989646052317648, "max_depth": 5.0, "min_child_weight": 3.0, "subsample": 0.8348307981898772}, "datetime": {"datetime": "2020-04-26 11:29:18", "elapsed": 1207.789525, "delta": 1.61206}}
{"target": 0.6167558, "params": {"alpha": 0.2524545645295798, "colsample_bytree": 0.8158037941468523, "lam": 0.9989646052317648, "max_depth": 5.0, "min_child_weight": 3.0, "subsample": 0.5875150379337735}, "datetime": {"datetime": "2020-04-26 11:29:20", "elapsed": 1209.408679, "delta": 1.619154}}
{"target": 0.6385668, "params": {"alpha": 0.2524545645295798, "colsample_bytree": 0.899173626456141, "lam": 0.9989646052317648, "max_depth": 5.0, "min_child_weight": 3.0, "subsample": 0.6332586002559628}, "datetime": {"datetime": "2020-04-26 11:29:22", "elapsed": 1211.037481, "delta": 1.628802}}
{"target": 0.6453306, "params": {"alpha": 0.2524545645295798, "colsample_bytree": 0.899342362759644, "lam": 0.9989646052317648, "max_depth": 5.0, "min_child_weight": 3.0, "subsample": 0.843787096443653}, "datetime": {"datetime": "2020-04-26 11:29:23", "elapsed": 1212.618224, "delta": 1.580743}}
{"target": 0.6359736, "params": {"alpha": 0.2524545645295798, "colsample_bytree": 0.836862390351802, "lam": 0.9989646052317648, "max_depth": 5.0, "min_child_weight": 3.0, "subsample": 0.8408073484764711}, "datetime": {"datetime": "2020-04-26 11:29:25", "elapsed": 1214.777427, "delta": 2.159203}}
{"target": 0.6282340000000001, "params": {"alpha": 0.2524545645295798, "colsample_bytree": 0.7426756639907406, "lam": 0.9989646052317648, "max_depth": 5.0, "min_child_weight": 3.0, "subsample": 0.6991753284061923}, "datetime": {"datetime": "2020-04-26 11:29:27", "elapsed": 1216.695485, "delta": 1.918058}}
{"target": 0.6361829999999999, "params": {"alpha": 0.2524545645295798, "colsample_bytree": 0.728280963134065, "lam": 0.9989646052317648, "max_depth": 5.0, "min_child_weight": 3.0, "subsample": 0.7894551929044175}, "datetime": {"datetime": "2020-04-26 11:29:29", "elapsed": 1218.301101, "delta": 1.605616}}
{"target": 0.6303262, "params": {"alpha": 0.2524545645295798, "colsample_bytree": 0.6644461870701979, "lam": 0.9989646052317648, "max_depth": 5.0, "min_child_weight": 3.0, "subsample": 0.8542258342480065}, "datetime": {"datetime": "2020-04-26 11:29:31", "elapsed": 1220.09396, "delta": 1.792859}}
{"target": 0.6418988000000001, "params": {"alpha": 0.2524545645295798, "colsample_bytree": 0.8999005354067584, "lam": 0.9989646052317648, "max_depth": 5.0, "min_child_weight": 3.0, "subsample": 0.8305105365143255}, "datetime": {"datetime": "2020-04-26 11:29:32", "elapsed": 1221.836453, "delta": 1.742493}}
{"target": 0.6453214, "params": {"alpha": 0.2524545645295798, "colsample_bytree": 0.8990437287940078, "lam": 0.9989646052317648, "max_depth": 5.0, "min_child_weight": 3.0, "subsample": 0.8453437445956504}, "datetime": {"datetime": "2020-04-26 11:29:34", "elapsed": 1223.501836, "delta": 1.665383}}
{"target": 0.6378206000000001, "params": {"alpha": 0.2524545645295798, "colsample_bytree": 0.8995440719581766, "lam": 0.9989646052317648, "max_depth": 5.0, "min_child_weight": 3.0, "subsample": 0.8403869253912583}, "datetime": {"datetime": "2020-04-26 11:29:36", "elapsed": 1225.376429, "delta": 1.874593}}
{"target": 0.638482, "params": {"alpha": 0.2524545645295798, "colsample_bytree": 0.7555427983585278, "lam": 0.9989646052317648, "max_depth": 5.0, "min_child_weight": 3.0, "subsample": 0.8103292471965018}, "datetime": {"datetime": "2020-04-26 11:29:38", "elapsed": 1227.338894, "delta": 1.962465}}
{"target": 0.6360024, "params": {"alpha": 0.2524545645295798, "colsample_bytree": 0.7364955924286437, "lam": 0.9989646052317648, "max_depth": 5.0, "min_child_weight": 3.0, "subsample": 0.8353267432176965}, "datetime": {"datetime": "2020-04-26 11:29:40", "elapsed": 1229.476358, "delta": 2.137464}}
{"target": 0.6289436, "params": {"alpha": 0.2524545645295798, "colsample_bytree": 0.6790794621090211, "lam": 0.9989646052317648, "max_depth": 5.0, "min_child_weight": 3.0, "subsample": 0.7806668500567386}, "datetime": {"datetime": "2020-04-26 11:29:42", "elapsed": 1231.470172, "delta": 1.993814}}
{"target": 0.6338366, "params": {"alpha": 0.2524545645295798, "colsample_bytree": 0.8066235322769584, "lam": 0.9989646052317648, "max_depth": 5.0, "min_child_weight": 3.0, "subsample": 0.8127600132661912}, "datetime": {"datetime": "2020-04-26 11:29:44", "elapsed": 1233.888933, "delta": 2.418761}}
{"target": 0.6016116, "params": {"alpha": 0.2524545645295798, "colsample_bytree": 0.538780763051958, "lam": 0.9989646052317648, "max_depth": 5.0, "min_child_weight": 3.0, "subsample": 0.8151519085458404}, "datetime": {"datetime": "2020-04-26 11:29:46", "elapsed": 1235.519433, "delta": 1.6305}}
{"target": 0.6310712, "params": {"alpha": 0.2524545645295798, "colsample_bytree": 0.7605806839984686, "lam": 0.9989646052317648, "max_depth": 5.0, "min_child_weight": 3.0, "subsample": 0.5002649902453492}, "datetime": {"datetime": "2020-04-26 11:29:48", "elapsed": 1237.214833, "delta": 1.6954}}
{"target": 0.6330042, "params": {"alpha": 0.2524545645295798, "colsample_bytree": 0.7863130117448455, "lam": 0.9989646052317648, "max_depth": 5.0, "min_child_weight": 3.0, "subsample": 0.7812550798009661}, "datetime": {"datetime": "2020-04-26 11:29:50", "elapsed": 1239.271384, "delta": 2.056551}}
{"target": 0.6458676000000001, "params": {"alpha": 0.2524545645295798, "colsample_bytree": 0.8364752504730794, "lam": 0.9989646052317648, "max_depth": 5.0, "min_child_weight": 3.0, "subsample": 0.8269302383057577}, "datetime": {"datetime": "2020-04-26 11:29:52", "elapsed": 1240.928217, "delta": 1.656833}}
{"target": 0.6355782000000001, "params": {"alpha": 0.2524545645295798, "colsample_bytree": 0.8128272005870822, "lam": 0.9989646052317648, "max_depth": 5.0, "min_child_weight": 3.0, "subsample": 0.8853059660976059}, "datetime": {"datetime": "2020-04-26 11:29:53", "elapsed": 1242.885798, "delta": 1.957581}}
{"target": 0.6360547999999999, "params": {"alpha": 0.2524545645295798, "colsample_bytree": 0.7515882946454242, "lam": 0.9989646052317648, "max_depth": 5.0, "min_child_weight": 3.0, "subsample": 0.8992746259632998}, "datetime": {"datetime": "2020-04-26 11:29:55", "elapsed": 1244.815848, "delta": 1.93005}}
{"target": 0.6476352000000001, "params": {"alpha": 0.2524545645295798, "colsample_bytree": 0.8399343748646937, "lam": 0.9989646052317648, "max_depth": 5.0, "min_child_weight": 3.0, "subsample": 0.8286995710370322}, "datetime": {"datetime": "2020-04-26 11:29:57", "elapsed": 1246.757897, "delta": 1.942049}}
{"target": 0.621561, "params": {"alpha": 0.2524545645295798, "colsample_bytree": 0.6845558546781383, "lam": 0.9989646052317648, "max_depth": 5.0, "min_child_weight": 3.0, "subsample": 0.7104069315482812}, "datetime": {"datetime": "2020-04-26 11:30:00", "elapsed": 1249.056387, "delta": 2.29849}}
{"target": 0.6431046, "params": {"alpha": 0.2524545645295798, "colsample_bytree": 0.6641759661029352, "lam": 0.9989646052317648, "max_depth": 5.0, "min_child_weight": 3.0, "subsample": 0.8820915042048204}, "datetime": {"datetime": "2020-04-26 11:30:02", "elapsed": 1251.30181, "delta": 2.245423}}
{"target": 0.6021986, "params": {"alpha": 0.2524545645295798, "colsample_bytree": 0.5337673004170895, "lam": 0.9989646052317648, "max_depth": 5.0, "min_child_weight": 3.0, "subsample": 0.8742989627386272}, "datetime": {"datetime": "2020-04-26 11:30:04", "elapsed": 1253.564655, "delta": 2.262845}}
{"target": 0.6503439999999999, "params": {"alpha": 0.2524545645295798, "colsample_bytree": 0.8392975500761432, "lam": 0.9989646052317648, "max_depth": 5.0, "min_child_weight": 3.0, "subsample": 0.8255081315055037}, "datetime": {"datetime": "2020-04-26 11:30:06", "elapsed": 1255.109234, "delta": 1.544579}}
{"target": 0.6231916, "params": {"alpha": 0.2524545645295798, "colsample_bytree": 0.8993809720727755, "lam": 0.9989646052317648, "max_depth": 5.0, "min_child_weight": 3.0, "subsample": 0.5305203911168642}, "datetime": {"datetime": "2020-04-26 11:30:08", "elapsed": 1257.131585, "delta": 2.022351}}
{"target": 0.5948268, "params": {"alpha": 0.2524545645295798, "colsample_bytree": 0.5354681366372679, "lam": 0.9989646052317648, "max_depth": 5.0, "min_child_weight": 3.0, "subsample": 0.6690674992623147}, "datetime": {"datetime": "2020-04-26 11:30:10", "elapsed": 1259.64648, "delta": 2.514895}}
