{"target": 0.6341598, "params": {"alpha": 0.6708936117138252, "colsample_bytree": 0.8598404337228174, "lam": 0.998090046898787, "max_depth": 5.0, "min_child_weight": 3.0, "subsample": 0.852307607827615}, "datetime": {"datetime": "2020-04-27 10:49:00", "elapsed": 1238.141574, "delta": 1.925787}}
{"target": 0.6460872, "params": {"alpha": 0.6708936117138252, "colsample_bytree": 0.8982014975069414, "lam": 0.998090046898787, "max_depth": 5.0, "min_child_weight": 3.0, "subsample": 0.8468132148249761}, "datetime": {"datetime": "2020-04-27 10:49:02", "elapsed": 1240.338071, "delta": 2.196497}}
{"target": 0.6427935999999999, "params": {"alpha": 0.6708936117138252, "colsample_bytree": 0.8999179930238683, "lam": 0.998090046898787, "max_depth": 5.0, "min_child_weight": 3.0, "subsample": 0.8482008167972085}, "datetime": {"datetime": "2020-04-27 10:49:04", "elapsed": 1242.349967, "delta": 2.011896}}
{"target": 0.6470296, "params": {"alpha": 0.6708936117138252, "colsample_bytree": 0.8996758211240785, "lam": 0.998090046898787, "max_depth": 5.0, "min_child_weight": 3.0, "subsample": 0.8392163782034934}, "datetime": {"datetime": "2020-04-27 10:49:06", "elapsed": 1244.287139, "delta": 1.937172}}
{"target": 0.6364824, "params": {"alpha": 0.6708936117138252, "colsample_bytree": 0.8999009172898064, "lam": 0.998090046898787, "max_depth": 5.0, "min_child_weight": 3.0, "subsample": 0.8512552552582744}, "datetime": {"datetime": "2020-04-27 10:49:08", "elapsed": 1246.068027, "delta": 1.780888}}
{"target": 0.6105736, "params": {"alpha": 0.6708936117138252, "colsample_bytree": 0.6259586447808679, "lam": 0.998090046898787, "max_depth": 5.0, "min_child_weight": 3.0, "subsample": 0.5}, "datetime": {"datetime": "2020-04-27 10:49:09", "elapsed": 1247.402223, "delta": 1.334196}}
{"target": 0.6491612, "params": {"alpha": 0.6708936117138252, "colsample_bytree": 0.8996649637087794, "lam": 0.998090046898787, "max_depth": 5.0, "min_child_weight": 3.0, "subsample": 0.8216049357095339}, "datetime": {"datetime": "2020-04-27 10:49:11", "elapsed": 1249.543221, "delta": 2.140998}}
{"target": 0.6252632, "params": {"alpha": 0.6708936117138252, "colsample_bytree": 0.9, "lam": 0.998090046898787, "max_depth": 5.0, "min_child_weight": 3.0, "subsample": 0.7098938804198494}, "datetime": {"datetime": "2020-04-27 10:49:13", "elapsed": 1250.966889, "delta": 1.423668}}
{"target": 0.5936346, "params": {"alpha": 0.6708936117138252, "colsample_bytree": 0.5, "lam": 0.998090046898787, "max_depth": 5.0, "min_child_weight": 3.0, "subsample": 0.9}, "datetime": {"datetime": "2020-04-27 10:49:14", "elapsed": 1252.312792, "delta": 1.345903}}
{"target": 0.6323556, "params": {"alpha": 0.6708936117138252, "colsample_bytree": 0.6109187890306923, "lam": 0.998090046898787, "max_depth": 5.0, "min_child_weight": 3.0, "subsample": 0.9}, "datetime": {"datetime": "2020-04-27 10:49:15", "elapsed": 1253.734448, "delta": 1.421656}}
{"target": 0.6272164, "params": {"alpha": 0.6708936117138252, "colsample_bytree": 0.7992079142151943, "lam": 0.998090046898787, "max_depth": 5.0, "min_child_weight": 3.0, "subsample": 0.6985503767336523}, "datetime": {"datetime": "2020-04-27 10:49:17", "elapsed": 1255.235315, "delta": 1.500867}}
{"target": 0.6298154, "params": {"alpha": 0.6708936117138252, "colsample_bytree": 0.8986918213229511, "lam": 0.998090046898787, "max_depth": 5.0, "min_child_weight": 3.0, "subsample": 0.8116016967383113}, "datetime": {"datetime": "2020-04-27 10:49:19", "elapsed": 1257.390878, "delta": 2.155563}}
{"target": 0.5900556, "params": {"alpha": 0.6708936117138252, "colsample_bytree": 0.5, "lam": 0.998090046898787, "max_depth": 5.0, "min_child_weight": 3.0, "subsample": 0.7086615705064657}, "datetime": {"datetime": "2020-04-27 10:49:21", "elapsed": 1258.858486, "delta": 1.467608}}
{"target": 0.6083832, "params": {"alpha": 0.6708936117138252, "colsample_bytree": 0.683267183883688, "lam": 0.998090046898787, "max_depth": 5.0, "min_child_weight": 3.0, "subsample": 0.5736472626149511}, "datetime": {"datetime": "2020-04-27 10:49:22", "elapsed": 1260.271907, "delta": 1.413421}}
{"target": 0.5831346, "params": {"alpha": 0.6708936117138252, "colsample_bytree": 0.5009274917422748, "lam": 0.998090046898787, "max_depth": 5.0, "min_child_weight": 3.0, "subsample": 0.588426921699844}, "datetime": {"datetime": "2020-04-27 10:49:24", "elapsed": 1261.815821, "delta": 1.543914}}
{"target": 0.626101, "params": {"alpha": 0.6708936117138252, "colsample_bytree": 0.8212315047570886, "lam": 0.998090046898787, "max_depth": 5.0, "min_child_weight": 3.0, "subsample": 0.5005717738368989}, "datetime": {"datetime": "2020-04-27 10:49:25", "elapsed": 1263.293881, "delta": 1.47806}}
{"target": 0.6037278, "params": {"alpha": 0.6708936117138252, "colsample_bytree": 0.6221535702236467, "lam": 0.998090046898787, "max_depth": 5.0, "min_child_weight": 3.0, "subsample": 0.6801522433130852}, "datetime": {"datetime": "2020-04-27 10:49:26", "elapsed": 1264.756715, "delta": 1.462834}}
{"target": 0.622652, "params": {"alpha": 0.6708936117138252, "colsample_bytree": 0.9, "lam": 0.998090046898787, "max_depth": 5.0, "min_child_weight": 3.0, "subsample": 0.5}, "datetime": {"datetime": "2020-04-27 10:49:28", "elapsed": 1266.198752, "delta": 1.442037}}
{"target": 0.6094486000000001, "params": {"alpha": 0.6708936117138252, "colsample_bytree": 0.7635531358394354, "lam": 0.998090046898787, "max_depth": 5.0, "min_child_weight": 3.0, "subsample": 0.5853016904667481}, "datetime": {"datetime": "2020-04-27 10:49:29", "elapsed": 1267.698468, "delta": 1.499716}}
{"target": 0.6097433999999999, "params": {"alpha": 0.6708936117138252, "colsample_bytree": 0.579133413036236, "lam": 0.998090046898787, "max_depth": 5.0, "min_child_weight": 3.0, "subsample": 0.7449885667337712}, "datetime": {"datetime": "2020-04-27 10:49:31", "elapsed": 1269.206975, "delta": 1.508507}}
{"target": 0.626732, "params": {"alpha": 0.6708936117138252, "colsample_bytree": 0.7355197335931477, "lam": 0.998090046898787, "max_depth": 5.0, "min_child_weight": 3.0, "subsample": 0.7477231862954884}, "datetime": {"datetime": "2020-04-27 10:49:32", "elapsed": 1270.788262, "delta": 1.581287}}
{"target": 0.5944947999999999, "params": {"alpha": 0.6708936117138252, "colsample_bytree": 0.5597328872455566, "lam": 0.998090046898787, "max_depth": 5.0, "min_child_weight": 3.0, "subsample": 0.500304738405584}, "datetime": {"datetime": "2020-04-27 10:49:34", "elapsed": 1272.410876, "delta": 1.622614}}
{"target": 0.6258036, "params": {"alpha": 0.6708936117138252, "colsample_bytree": 0.8327683336163709, "lam": 0.998090046898787, "max_depth": 5.0, "min_child_weight": 3.0, "subsample": 0.7464995571598045}, "datetime": {"datetime": "2020-04-27 10:49:36", "elapsed": 1273.959927, "delta": 1.549051}}
{"target": 0.6350586, "params": {"alpha": 0.6708936117138252, "colsample_bytree": 0.6749762864689075, "lam": 0.998090046898787, "max_depth": 5.0, "min_child_weight": 3.0, "subsample": 0.9}, "datetime": {"datetime": "2020-04-27 10:49:37", "elapsed": 1275.526973, "delta": 1.567046}}
{"target": 0.6389896, "params": {"alpha": 0.6708936117138252, "colsample_bytree": 0.7222466999826064, "lam": 0.998090046898787, "max_depth": 5.0, "min_child_weight": 3.0, "subsample": 0.8195328696037786}, "datetime": {"datetime": "2020-04-27 10:49:39", "elapsed": 1277.1421, "delta": 1.615127}}
{"target": 0.6203011999999999, "params": {"alpha": 0.6708936117138252, "colsample_bytree": 0.8497725255302484, "lam": 0.998090046898787, "max_depth": 5.0, "min_child_weight": 3.0, "subsample": 0.6625128390693521}, "datetime": {"datetime": "2020-04-27 10:49:40", "elapsed": 1278.733872, "delta": 1.591772}}
{"target": 0.6204332, "params": {"alpha": 0.6708936117138252, "colsample_bytree": 0.6144124905028747, "lam": 0.998090046898787, "max_depth": 5.0, "min_child_weight": 3.0, "subsample": 0.8065934089814075}, "datetime": {"datetime": "2020-04-27 10:49:42", "elapsed": 1280.281392, "delta": 1.54752}}
{"target": 0.6055425999999999, "params": {"alpha": 0.6708936117138252, "colsample_bytree": 0.6380011408638457, "lam": 0.998090046898787, "max_depth": 5.0, "min_child_weight": 3.0, "subsample": 0.6165393398983824}, "datetime": {"datetime": "2020-04-27 10:49:44", "elapsed": 1281.915334, "delta": 1.633942}}
{"target": 0.6122588, "params": {"alpha": 0.6708936117138252, "colsample_bytree": 0.5510725278907499, "lam": 0.998090046898787, "max_depth": 5.0, "min_child_weight": 3.0, "subsample": 0.8992818534282809}, "datetime": {"datetime": "2020-04-27 10:49:45", "elapsed": 1283.528646, "delta": 1.613312}}
{"target": 0.6218231999999999, "params": {"alpha": 0.6708936117138252, "colsample_bytree": 0.6820050115837801, "lam": 0.998090046898787, "max_depth": 5.0, "min_child_weight": 3.0, "subsample": 0.5001034356034219}, "datetime": {"datetime": "2020-04-27 10:49:47", "elapsed": 1285.041171, "delta": 1.512525}}
{"target": 0.62361, "params": {"alpha": 0.6708936117138252, "colsample_bytree": 0.7845554718425287, "lam": 0.998090046898787, "max_depth": 5.0, "min_child_weight": 3.0, "subsample": 0.6398541165208288}, "datetime": {"datetime": "2020-04-27 10:49:49", "elapsed": 1286.878865, "delta": 1.837694}}
{"target": 0.6234346000000001, "params": {"alpha": 0.6708936117138252, "colsample_bytree": 0.8989334227318949, "lam": 0.998090046898787, "max_depth": 5.0, "min_child_weight": 3.0, "subsample": 0.662648828013167}, "datetime": {"datetime": "2020-04-27 10:49:50", "elapsed": 1288.445549, "delta": 1.566684}}
{"target": 0.582857, "params": {"alpha": 0.6708936117138252, "colsample_bytree": 0.6230684821501078, "lam": 0.998090046898787, "max_depth": 5.0, "min_child_weight": 3.0, "subsample": 0.5496611679972209}, "datetime": {"datetime": "2020-04-27 10:49:52", "elapsed": 1290.159714, "delta": 1.714165}}
{"target": 0.5935574, "params": {"alpha": 0.6708936117138252, "colsample_bytree": 0.5, "lam": 0.998090046898787, "max_depth": 5.0, "min_child_weight": 3.0, "subsample": 0.6483159047770854}, "datetime": {"datetime": "2020-04-27 10:49:54", "elapsed": 1291.841155, "delta": 1.681441}}
{"target": 0.6088412, "params": {"alpha": 0.6708936117138252, "colsample_bytree": 0.7905801622354179, "lam": 0.998090046898787, "max_depth": 5.0, "min_child_weight": 3.0, "subsample": 0.5371945794873879}, "datetime": {"datetime": "2020-04-27 10:49:55", "elapsed": 1293.509551, "delta": 1.668396}}
{"target": 0.6203879999999999, "params": {"alpha": 0.6708936117138252, "colsample_bytree": 0.6841721127902219, "lam": 0.998090046898787, "max_depth": 5.0, "min_child_weight": 3.0, "subsample": 0.7074050456963161}, "datetime": {"datetime": "2020-04-27 10:49:57", "elapsed": 1295.143765, "delta": 1.634214}}
{"target": 0.634194, "params": {"alpha": 0.6708936117138252, "colsample_bytree": 0.7512917183978658, "lam": 0.998090046898787, "max_depth": 5.0, "min_child_weight": 3.0, "subsample": 0.8501221737588286}, "datetime": {"datetime": "2020-04-27 10:49:59", "elapsed": 1297.192498, "delta": 2.048733}}
{"target": 0.637957, "params": {"alpha": 0.6708936117138252, "colsample_bytree": 0.8874796944050936, "lam": 0.998090046898787, "max_depth": 5.0, "min_child_weight": 3.0, "subsample": 0.8338885622325087}, "datetime": {"datetime": "2020-04-27 10:50:01", "elapsed": 1299.315441, "delta": 2.122943}}
{"target": 0.6100366000000002, "params": {"alpha": 0.6708936117138252, "colsample_bytree": 0.8994419611328754, "lam": 0.998090046898787, "max_depth": 5.0, "min_child_weight": 3.0, "subsample": 0.5726107526602493}, "datetime": {"datetime": "2020-04-27 10:50:03", "elapsed": 1300.993099, "delta": 1.677658}}
{"target": 0.6365412, "params": {"alpha": 0.6708936117138252, "colsample_bytree": 0.8993573798222312, "lam": 0.998090046898787, "max_depth": 5.0, "min_child_weight": 3.0, "subsample": 0.8402617271354738}, "datetime": {"datetime": "2020-04-27 10:50:05", "elapsed": 1303.040864, "delta": 2.047765}}
{"target": 0.6336617999999999, "params": {"alpha": 0.6708936117138252, "colsample_bytree": 0.859684165957902, "lam": 0.998090046898787, "max_depth": 5.0, "min_child_weight": 3.0, "subsample": 0.8860283209702464}, "datetime": {"datetime": "2020-04-27 10:50:07", "elapsed": 1305.300758, "delta": 2.259894}}
{"target": 0.6279056, "params": {"alpha": 0.6708936117138252, "colsample_bytree": 0.7937812013245014, "lam": 0.998090046898787, "max_depth": 5.0, "min_child_weight": 3.0, "subsample": 0.897935963911246}, "datetime": {"datetime": "2020-04-27 10:50:09", "elapsed": 1307.450732, "delta": 2.149974}}
{"target": 0.6377516, "params": {"alpha": 0.6708936117138252, "colsample_bytree": 0.8357882934509271, "lam": 0.998090046898787, "max_depth": 5.0, "min_child_weight": 3.0, "subsample": 0.8356866934866309}, "datetime": {"datetime": "2020-04-27 10:50:12", "elapsed": 1309.850709, "delta": 2.399977}}
{"target": 0.6411042, "params": {"alpha": 0.6708936117138252, "colsample_bytree": 0.898595281071156, "lam": 0.998090046898787, "max_depth": 5.0, "min_child_weight": 3.0, "subsample": 0.8356780076293551}, "datetime": {"datetime": "2020-04-27 10:50:14", "elapsed": 1312.411517, "delta": 2.560808}}
{"target": 0.6371586, "params": {"alpha": 0.6708936117138252, "colsample_bytree": 0.899935157541214, "lam": 0.998090046898787, "max_depth": 5.0, "min_child_weight": 3.0, "subsample": 0.8351592606581939}, "datetime": {"datetime": "2020-04-27 10:50:16", "elapsed": 1314.658971, "delta": 2.247454}}
{"target": 0.6327552, "params": {"alpha": 0.6708936117138252, "colsample_bytree": 0.7088592776283856, "lam": 0.998090046898787, "max_depth": 5.0, "min_child_weight": 3.0, "subsample": 0.7976997480063324}, "datetime": {"datetime": "2020-04-27 10:50:19", "elapsed": 1316.840196, "delta": 2.181225}}
{"target": 0.6341517999999999, "params": {"alpha": 0.6708936117138252, "colsample_bytree": 0.7139121772112422, "lam": 0.998090046898787, "max_depth": 5.0, "min_child_weight": 3.0, "subsample": 0.8540339300482056}, "datetime": {"datetime": "2020-04-27 10:50:21", "elapsed": 1318.8259, "delta": 1.985704}}
{"target": 0.6072452, "params": {"alpha": 0.6708936117138252, "colsample_bytree": 0.5003495183251109, "lam": 0.998090046898787, "max_depth": 5.0, "min_child_weight": 3.0, "subsample": 0.7635375422388153}, "datetime": {"datetime": "2020-04-27 10:50:22", "elapsed": 1320.624239, "delta": 1.798339}}
{"target": 0.6397508000000001, "params": {"alpha": 0.6708936117138252, "colsample_bytree": 0.7460585354953942, "lam": 0.998090046898787, "max_depth": 5.0, "min_child_weight": 3.0, "subsample": 0.8120334833421313}, "datetime": {"datetime": "2020-04-27 10:50:24", "elapsed": 1322.616004, "delta": 1.991765}}
{"target": 0.6384762, "params": {"alpha": 0.6708936117138252, "colsample_bytree": 0.899891083552506, "lam": 0.998090046898787, "max_depth": 5.0, "min_child_weight": 3.0, "subsample": 0.853475302610371}, "datetime": {"datetime": "2020-04-27 10:50:27", "elapsed": 1324.822445, "delta": 2.206441}}
{"target": 0.6371412, "params": {"alpha": 0.6708936117138252, "colsample_bytree": 0.897597879847856, "lam": 0.998090046898787, "max_depth": 5.0, "min_child_weight": 3.0, "subsample": 0.8363763285635225}, "datetime": {"datetime": "2020-04-27 10:50:29", "elapsed": 1326.981289, "delta": 2.158844}}
{"target": 0.6363136, "params": {"alpha": 0.6708936117138252, "colsample_bytree": 0.7417639299061963, "lam": 0.998090046898787, "max_depth": 5.0, "min_child_weight": 3.0, "subsample": 0.819479369132048}, "datetime": {"datetime": "2020-04-27 10:50:31", "elapsed": 1329.524356, "delta": 2.543067}}
{"target": 0.6522654, "params": {"alpha": 0.6708936117138252, "colsample_bytree": 0.8996847475399441, "lam": 0.998090046898787, "max_depth": 5.0, "min_child_weight": 3.0, "subsample": 0.8320022531071891}, "datetime": {"datetime": "2020-04-27 10:50:34", "elapsed": 1331.963936, "delta": 2.43958}}
{"target": 0.6038196, "params": {"alpha": 0.6708936117138252, "colsample_bytree": 0.6025781910462142, "lam": 0.998090046898787, "max_depth": 5.0, "min_child_weight": 3.0, "subsample": 0.8588436665706835}, "datetime": {"datetime": "2020-04-27 10:50:36", "elapsed": 1334.030559, "delta": 2.066623}}
{"target": 0.5874217999999999, "params": {"alpha": 0.6708936117138252, "colsample_bytree": 0.5323043022781876, "lam": 0.998090046898787, "max_depth": 5.0, "min_child_weight": 3.0, "subsample": 0.5413174809187967}, "datetime": {"datetime": "2020-04-27 10:50:37", "elapsed": 1335.703746, "delta": 1.673187}}
{"target": 0.6119114, "params": {"alpha": 0.6708936117138252, "colsample_bytree": 0.7239522378750571, "lam": 0.998090046898787, "max_depth": 5.0, "min_child_weight": 3.0, "subsample": 0.5372504982074324}, "datetime": {"datetime": "2020-04-27 10:50:39", "elapsed": 1337.618777, "delta": 1.915031}}
{"target": 0.6427748000000001, "params": {"alpha": 0.6708936117138252, "colsample_bytree": 0.7833270289501801, "lam": 0.998090046898787, "max_depth": 5.0, "min_child_weight": 3.0, "subsample": 0.7561350652307739}, "datetime": {"datetime": "2020-04-27 10:50:41", "elapsed": 1339.599739, "delta": 1.980962}}
{"target": 0.6207968, "params": {"alpha": 0.6708936117138252, "colsample_bytree": 0.7500953024777733, "lam": 0.998090046898787, "max_depth": 5.0, "min_child_weight": 3.0, "subsample": 0.6949559188771552}, "datetime": {"datetime": "2020-04-27 10:50:43", "elapsed": 1341.612585, "delta": 2.012846}}
{"target": 0.6107108, "params": {"alpha": 0.6708936117138252, "colsample_bytree": 0.550469133890126, "lam": 0.998090046898787, "max_depth": 5.0, "min_child_weight": 3.0, "subsample": 0.7022054841963933}, "datetime": {"datetime": "2020-04-27 10:50:45", "elapsed": 1343.366524, "delta": 1.753939}}
{"target": 0.6119882000000001, "params": {"alpha": 0.6708936117138252, "colsample_bytree": 0.5365309511873356, "lam": 0.998090046898787, "max_depth": 5.0, "min_child_weight": 3.0, "subsample": 0.7574273155140145}, "datetime": {"datetime": "2020-04-27 10:50:47", "elapsed": 1345.392439, "delta": 2.025915}}
{"target": 0.6260450000000001, "params": {"alpha": 0.6708936117138252, "colsample_bytree": 0.8663438429449194, "lam": 0.998090046898787, "max_depth": 5.0, "min_child_weight": 3.0, "subsample": 0.5018564746868939}, "datetime": {"datetime": "2020-04-27 10:50:49", "elapsed": 1347.198808, "delta": 1.806369}}
{"target": 0.6249648, "params": {"alpha": 0.6708936117138252, "colsample_bytree": 0.8636295996508074, "lam": 0.998090046898787, "max_depth": 5.0, "min_child_weight": 3.0, "subsample": 0.7039136179351375}, "datetime": {"datetime": "2020-04-27 10:50:51", "elapsed": 1348.926948, "delta": 1.72814}}
{"target": 0.6255360000000001, "params": {"alpha": 0.6708936117138252, "colsample_bytree": 0.6620255599974587, "lam": 0.998090046898787, "max_depth": 5.0, "min_child_weight": 3.0, "subsample": 0.8047583766950415}, "datetime": {"datetime": "2020-04-27 10:50:52", "elapsed": 1350.765957, "delta": 1.839009}}
{"target": 0.6130004, "params": {"alpha": 0.6708936117138252, "colsample_bytree": 0.7194641643493722, "lam": 0.998090046898787, "max_depth": 5.0, "min_child_weight": 3.0, "subsample": 0.6105172964325636}, "datetime": {"datetime": "2020-04-27 10:50:55", "elapsed": 1352.822086, "delta": 2.056129}}
{"target": 0.6347392000000001, "params": {"alpha": 0.6708936117138252, "colsample_bytree": 0.8364463400272503, "lam": 0.998090046898787, "max_depth": 5.0, "min_child_weight": 3.0, "subsample": 0.7886511108384784}, "datetime": {"datetime": "2020-04-27 10:50:56", "elapsed": 1354.760655, "delta": 1.938569}}
{"target": 0.6188802, "params": {"alpha": 0.6708936117138252, "colsample_bytree": 0.6667745738353897, "lam": 0.998090046898787, "max_depth": 5.0, "min_child_weight": 3.0, "subsample": 0.653003256872675}, "datetime": {"datetime": "2020-04-27 10:50:59", "elapsed": 1356.863638, "delta": 2.102983}}
{"target": 0.6068604000000001, "params": {"alpha": 0.6708936117138252, "colsample_bytree": 0.8179168784607849, "lam": 0.998090046898787, "max_depth": 5.0, "min_child_weight": 3.0, "subsample": 0.6177331295649944}, "datetime": {"datetime": "2020-04-27 10:51:01", "elapsed": 1358.933754, "delta": 2.070116}}
{"target": 0.6162454, "params": {"alpha": 0.6708936117138252, "colsample_bytree": 0.6305091633582339, "lam": 0.998090046898787, "max_depth": 5.0, "min_child_weight": 3.0, "subsample": 0.7272579813519859}, "datetime": {"datetime": "2020-04-27 10:51:02", "elapsed": 1360.762491, "delta": 1.828737}}
{"target": 0.6248364000000001, "params": {"alpha": 0.6708936117138252, "colsample_bytree": 0.7800101117942055, "lam": 0.998090046898787, "max_depth": 5.0, "min_child_weight": 3.0, "subsample": 0.5}, "datetime": {"datetime": "2020-04-27 10:51:05", "elapsed": 1362.891666, "delta": 2.129175}}
{"target": 0.6318012000000001, "params": {"alpha": 0.6708936117138252, "colsample_bytree": 0.6417264132695242, "lam": 0.998090046898787, "max_depth": 5.0, "min_child_weight": 3.0, "subsample": 0.9}, "datetime": {"datetime": "2020-04-27 10:51:07", "elapsed": 1365.186521, "delta": 2.294855}}
{"target": 0.6378307999999999, "params": {"alpha": 0.6708936117138252, "colsample_bytree": 0.7602409515909568, "lam": 0.998090046898787, "max_depth": 5.0, "min_child_weight": 3.0, "subsample": 0.7771886515877571}, "datetime": {"datetime": "2020-04-27 10:51:09", "elapsed": 1367.620019, "delta": 2.433498}}
{"target": 0.6104786000000001, "params": {"alpha": 0.6708936117138252, "colsample_bytree": 0.5731244732722625, "lam": 0.998090046898787, "max_depth": 5.0, "min_child_weight": 3.0, "subsample": 0.7961973607343744}, "datetime": {"datetime": "2020-04-27 10:51:12", "elapsed": 1369.815899, "delta": 2.19588}}
{"target": 0.622584, "params": {"alpha": 0.6708936117138252, "colsample_bytree": 0.7738225396268676, "lam": 0.998090046898787, "max_depth": 5.0, "min_child_weight": 3.0, "subsample": 0.7296808586810405}, "datetime": {"datetime": "2020-04-27 10:51:14", "elapsed": 1371.989797, "delta": 2.173898}}
{"target": 0.6223434, "params": {"alpha": 0.6708936117138252, "colsample_bytree": 0.6265779125063388, "lam": 0.998090046898787, "max_depth": 5.0, "min_child_weight": 3.0, "subsample": 0.7744868772549457}, "datetime": {"datetime": "2020-04-27 10:51:16", "elapsed": 1374.338613, "delta": 2.348816}}
