{"target": 0.6402394, "params": {"alpha": 0.17967233063479537, "colsample_bytree": 0.7525637372188807, "lam": 0.9991957939543563, "max_depth": 5.0, "min_child_weight": 3.0, "subsample": 0.7922072984590387}, "datetime": {"datetime": "2020-04-25 00:10:16", "elapsed": 1078.348534, "delta": 1.874867}}
{"target": 0.6393764, "params": {"alpha": 0.17967233063479537, "colsample_bytree": 0.8007408607429913, "lam": 0.9991957939543563, "max_depth": 5.0, "min_child_weight": 3.0, "subsample": 0.811818706004986}, "datetime": {"datetime": "2020-04-25 00:10:18", "elapsed": 1080.10585, "delta": 1.757316}}
{"target": 0.6319922, "params": {"alpha": 0.17967233063479537, "colsample_bytree": 0.7774773433790103, "lam": 0.9991957939543563, "max_depth": 5.0, "min_child_weight": 3.0, "subsample": 0.8131273550364434}, "datetime": {"datetime": "2020-04-25 00:10:19", "elapsed": 1081.491632, "delta": 1.385782}}
{"target": 0.6325864000000001, "params": {"alpha": 0.17967233063479537, "colsample_bytree": 0.8560156284578393, "lam": 0.9991957939543563, "max_depth": 5.0, "min_child_weight": 3.0, "subsample": 0.8140680602684189}, "datetime": {"datetime": "2020-04-25 00:10:21", "elapsed": 1083.338444, "delta": 1.846812}}
{"target": 0.6160832, "params": {"alpha": 0.17967233063479537, "colsample_bytree": 0.666380464818044, "lam": 0.9991957939543563, "max_depth": 5.0, "min_child_weight": 3.0, "subsample": 0.5}, "datetime": {"datetime": "2020-04-25 00:10:22", "elapsed": 1084.392018, "delta": 1.053574}}
{"target": 0.5936394, "params": {"alpha": 0.17967233063479537, "colsample_bytree": 0.5, "lam": 0.9991957939543563, "max_depth": 5.0, "min_child_weight": 3.0, "subsample": 0.9}, "datetime": {"datetime": "2020-04-25 00:10:24", "elapsed": 1085.563827, "delta": 1.171809}}
{"target": 0.6185284, "params": {"alpha": 0.17967233063479537, "colsample_bytree": 0.8999458981365691, "lam": 0.9991957939543563, "max_depth": 5.0, "min_child_weight": 3.0, "subsample": 0.5906596448538021}, "datetime": {"datetime": "2020-04-25 00:10:25", "elapsed": 1087.121818, "delta": 1.557991}}
{"target": 0.6355166000000001, "params": {"alpha": 0.17967233063479537, "colsample_bytree": 0.7140240749624192, "lam": 0.9991957939543563, "max_depth": 5.0, "min_child_weight": 3.0, "subsample": 0.7602337061131184}, "datetime": {"datetime": "2020-04-25 00:10:27", "elapsed": 1089.27668, "delta": 2.154862}}
{"target": 0.6342679999999999, "params": {"alpha": 0.17967233063479537, "colsample_bytree": 0.7932102134338697, "lam": 0.9991957939543563, "max_depth": 5.0, "min_child_weight": 3.0, "subsample": 0.866008153665512}, "datetime": {"datetime": "2020-04-25 00:10:29", "elapsed": 1090.723533, "delta": 1.446853}}
{"target": 0.6336647999999999, "params": {"alpha": 0.17967233063479537, "colsample_bytree": 0.760983278479351, "lam": 0.9991957939543563, "max_depth": 5.0, "min_child_weight": 3.0, "subsample": 0.7702776942868126}, "datetime": {"datetime": "2020-04-25 00:10:31", "elapsed": 1092.591694, "delta": 1.868161}}
{"target": 0.6332588, "params": {"alpha": 0.17967233063479537, "colsample_bytree": 0.7125976388480888, "lam": 0.9991957939543563, "max_depth": 5.0, "min_child_weight": 3.0, "subsample": 0.8257506040469058}, "datetime": {"datetime": "2020-04-25 00:10:32", "elapsed": 1094.040553, "delta": 1.448859}}
{"target": 0.6488862, "params": {"alpha": 0.17967233063479537, "colsample_bytree": 0.7963861751980568, "lam": 0.9991957939543563, "max_depth": 5.0, "min_child_weight": 3.0, "subsample": 0.8190897812062722}, "datetime": {"datetime": "2020-04-25 00:10:34", "elapsed": 1095.553848, "delta": 1.513295}}
{"target": 0.5855136, "params": {"alpha": 0.17967233063479537, "colsample_bytree": 0.5, "lam": 0.9991957939543563, "max_depth": 5.0, "min_child_weight": 3.0, "subsample": 0.7238864821242573}, "datetime": {"datetime": "2020-04-25 00:10:35", "elapsed": 1096.842866, "delta": 1.289018}}
{"target": 0.6149557999999999, "params": {"alpha": 0.17967233063479537, "colsample_bytree": 0.8252094120115674, "lam": 0.9991957939543563, "max_depth": 5.0, "min_child_weight": 3.0, "subsample": 0.566964712104183}, "datetime": {"datetime": "2020-04-25 00:10:36", "elapsed": 1098.160207, "delta": 1.317341}}
{"target": 0.6036431999999999, "params": {"alpha": 0.17967233063479537, "colsample_bytree": 0.6013380082894881, "lam": 0.9991957939543563, "max_depth": 5.0, "min_child_weight": 3.0, "subsample": 0.6966043702391752}, "datetime": {"datetime": "2020-04-25 00:10:37", "elapsed": 1099.531958, "delta": 1.371751}}
{"target": 0.6199785999999999, "params": {"alpha": 0.17967233063479537, "colsample_bytree": 0.9, "lam": 0.9991957939543563, "max_depth": 5.0, "min_child_weight": 3.0, "subsample": 0.6832802391155355}, "datetime": {"datetime": "2020-04-25 00:10:39", "elapsed": 1100.843353, "delta": 1.311395}}
{"target": 0.6326406, "params": {"alpha": 0.17967233063479537, "colsample_bytree": 0.9, "lam": 0.9991957939543563, "max_depth": 5.0, "min_child_weight": 3.0, "subsample": 0.9}, "datetime": {"datetime": "2020-04-25 00:10:40", "elapsed": 1102.234033, "delta": 1.39068}}
{"target": 0.6340128, "params": {"alpha": 0.17967233063479537, "colsample_bytree": 0.6299607232675786, "lam": 0.9991957939543563, "max_depth": 5.0, "min_child_weight": 3.0, "subsample": 0.8988479546984542}, "datetime": {"datetime": "2020-04-25 00:10:42", "elapsed": 1103.872543, "delta": 1.63851}}
{"target": 0.6116642000000001, "params": {"alpha": 0.17967233063479537, "colsample_bytree": 0.6861156261164738, "lam": 0.9991957939543563, "max_depth": 5.0, "min_child_weight": 3.0, "subsample": 0.648089268241237}, "datetime": {"datetime": "2020-04-25 00:10:43", "elapsed": 1105.354351, "delta": 1.481808}}
{"target": 0.6248723999999999, "params": {"alpha": 0.17967233063479537, "colsample_bytree": 0.8471565896115878, "lam": 0.9991957939543563, "max_depth": 5.0, "min_child_weight": 3.0, "subsample": 0.5017991655232649}, "datetime": {"datetime": "2020-04-25 00:10:45", "elapsed": 1107.122609, "delta": 1.768258}}
{"target": 0.6347692, "params": {"alpha": 0.17967233063479537, "colsample_bytree": 0.8447341292457977, "lam": 0.9991957939543563, "max_depth": 5.0, "min_child_weight": 3.0, "subsample": 0.7456891253586568}, "datetime": {"datetime": "2020-04-25 00:10:47", "elapsed": 1108.966639, "delta": 1.84403}}
{"target": 0.620749, "params": {"alpha": 0.17967233063479537, "colsample_bytree": 0.7236737600199628, "lam": 0.9991957939543563, "max_depth": 5.0, "min_child_weight": 3.0, "subsample": 0.5001372399247178}, "datetime": {"datetime": "2020-04-25 00:10:49", "elapsed": 1110.908319, "delta": 1.94168}}
{"target": 0.626337, "params": {"alpha": 0.17967233063479537, "colsample_bytree": 0.6293028912100168, "lam": 0.9991957939543563, "max_depth": 5.0, "min_child_weight": 3.0, "subsample": 0.8537404992752015}, "datetime": {"datetime": "2020-04-25 00:10:51", "elapsed": 1112.716005, "delta": 1.807686}}
{"target": 0.6364358000000001, "params": {"alpha": 0.17967233063479537, "colsample_bytree": 0.675736828115907, "lam": 0.9991957939543563, "max_depth": 5.0, "min_child_weight": 3.0, "subsample": 0.8984250357958321}, "datetime": {"datetime": "2020-04-25 00:10:52", "elapsed": 1114.288419, "delta": 1.572414}}
{"target": 0.6451568, "params": {"alpha": 0.17967233063479537, "colsample_bytree": 0.8217918262944287, "lam": 0.9991957939543563, "max_depth": 5.0, "min_child_weight": 3.0, "subsample": 0.7880426472298427}, "datetime": {"datetime": "2020-04-25 00:10:55", "elapsed": 1116.597834, "delta": 2.309415}}
{"target": 0.6322136, "params": {"alpha": 0.17967233063479537, "colsample_bytree": 0.8147932330217278, "lam": 0.9991957939543563, "max_depth": 5.0, "min_child_weight": 3.0, "subsample": 0.7654543169722596}, "datetime": {"datetime": "2020-04-25 00:10:56", "elapsed": 1118.499202, "delta": 1.901368}}
{"target": 0.6230242, "params": {"alpha": 0.17967233063479537, "colsample_bytree": 0.7598091952729221, "lam": 0.9991957939543563, "max_depth": 5.0, "min_child_weight": 3.0, "subsample": 0.6265991019005227}, "datetime": {"datetime": "2020-04-25 00:10:58", "elapsed": 1120.163139, "delta": 1.663937}}
{"target": 0.6030928, "params": {"alpha": 0.17967233063479537, "colsample_bytree": 0.5808708726264343, "lam": 0.9991957939543563, "max_depth": 5.0, "min_child_weight": 3.0, "subsample": 0.5015705562796706}, "datetime": {"datetime": "2020-04-25 00:11:00", "elapsed": 1121.895649, "delta": 1.73251}}
{"target": 0.6157348, "params": {"alpha": 0.17967233063479537, "colsample_bytree": 0.5474927428572787, "lam": 0.9991957939543563, "max_depth": 5.0, "min_child_weight": 3.0, "subsample": 0.7881175141370392}, "datetime": {"datetime": "2020-04-25 00:11:02", "elapsed": 1123.57184, "delta": 1.676191}}
{"target": 0.6229615999999999, "params": {"alpha": 0.17967233063479537, "colsample_bytree": 0.8991111895075832, "lam": 0.9991957939543563, "max_depth": 5.0, "min_child_weight": 3.0, "subsample": 0.5380941788808459}, "datetime": {"datetime": "2020-04-25 00:11:03", "elapsed": 1125.161371, "delta": 1.589531}}
{"target": 0.6432004000000001, "params": {"alpha": 0.17967233063479537, "colsample_bytree": 0.819051852587664, "lam": 0.9991957939543563, "max_depth": 5.0, "min_child_weight": 3.0, "subsample": 0.8091479655137117}, "datetime": {"datetime": "2020-04-25 00:11:05", "elapsed": 1127.303917, "delta": 2.142546}}
{"target": 0.6332022, "params": {"alpha": 0.17967233063479537, "colsample_bytree": 0.8562545561985028, "lam": 0.9991957939543563, "max_depth": 5.0, "min_child_weight": 3.0, "subsample": 0.7758639455871874}, "datetime": {"datetime": "2020-04-25 00:11:07", "elapsed": 1129.01243, "delta": 1.708513}}
{"target": 0.6279846, "params": {"alpha": 0.17967233063479537, "colsample_bytree": 0.8999157541380994, "lam": 0.9991957939543563, "max_depth": 5.0, "min_child_weight": 3.0, "subsample": 0.7305272901897804}, "datetime": {"datetime": "2020-04-25 00:11:08", "elapsed": 1130.302177, "delta": 1.289747}}
{"target": 0.6528646, "params": {"alpha": 0.17967233063479537, "colsample_bytree": 0.8996810713113281, "lam": 0.9991957939543563, "max_depth": 5.0, "min_child_weight": 3.0, "subsample": 0.8254393084244438}, "datetime": {"datetime": "2020-04-25 00:11:10", "elapsed": 1132.205651, "delta": 1.903474}}
{"target": 0.6398252, "params": {"alpha": 0.17967233063479537, "colsample_bytree": 0.899772764775908, "lam": 0.9991957939543563, "max_depth": 5.0, "min_child_weight": 3.0, "subsample": 0.8223613915077879}, "datetime": {"datetime": "2020-04-25 00:11:12", "elapsed": 1134.26587, "delta": 2.060219}}
{"target": 0.61638, "params": {"alpha": 0.17967233063479537, "colsample_bytree": 0.6695407176524669, "lam": 0.9991957939543563, "max_depth": 5.0, "min_child_weight": 3.0, "subsample": 0.7197013274464545}, "datetime": {"datetime": "2020-04-25 00:11:14", "elapsed": 1136.084749, "delta": 1.818879}}
{"target": 0.5957306, "params": {"alpha": 0.17967233063479537, "colsample_bytree": 0.5005963026105517, "lam": 0.9991957939543563, "max_depth": 5.0, "min_child_weight": 3.0, "subsample": 0.7999135784160121}, "datetime": {"datetime": "2020-04-25 00:11:16", "elapsed": 1137.670397, "delta": 1.585648}}
{"target": 0.6311216000000001, "params": {"alpha": 0.17967233063479537, "colsample_bytree": 0.8558395584703291, "lam": 0.9991957939543563, "max_depth": 5.0, "min_child_weight": 3.0, "subsample": 0.6300390676387964}, "datetime": {"datetime": "2020-04-25 00:11:17", "elapsed": 1139.36464, "delta": 1.694243}}
{"target": 0.6462804, "params": {"alpha": 0.17967233063479537, "colsample_bytree": 0.8994143707775389, "lam": 0.9991957939543563, "max_depth": 5.0, "min_child_weight": 3.0, "subsample": 0.8419032877687964}, "datetime": {"datetime": "2020-04-25 00:11:19", "elapsed": 1141.162946, "delta": 1.798306}}
{"target": 0.6187762, "params": {"alpha": 0.17967233063479537, "colsample_bytree": 0.5756197171302256, "lam": 0.9991957939543563, "max_depth": 5.0, "min_child_weight": 3.0, "subsample": 0.8375833814058664}, "datetime": {"datetime": "2020-04-25 00:11:21", "elapsed": 1143.213425, "delta": 2.050479}}
{"target": 0.6327953999999999, "params": {"alpha": 0.17967233063479537, "colsample_bytree": 0.7195992084098094, "lam": 0.9991957939543563, "max_depth": 5.0, "min_child_weight": 3.0, "subsample": 0.7920047107667462}, "datetime": {"datetime": "2020-04-25 00:11:23", "elapsed": 1145.175276, "delta": 1.961851}}
{"target": 0.6392904, "params": {"alpha": 0.17967233063479537, "colsample_bytree": 0.7019012936464218, "lam": 0.9991957939543563, "max_depth": 5.0, "min_child_weight": 3.0, "subsample": 0.8670515851654297}, "datetime": {"datetime": "2020-04-25 00:11:26", "elapsed": 1147.733067, "delta": 2.557791}}
{"target": 0.650624, "params": {"alpha": 0.17967233063479537, "colsample_bytree": 0.8997422365460819, "lam": 0.9991957939543563, "max_depth": 5.0, "min_child_weight": 3.0, "subsample": 0.8291970180962216}, "datetime": {"datetime": "2020-04-25 00:11:28", "elapsed": 1149.741881, "delta": 2.008814}}
{"target": 0.624976, "params": {"alpha": 0.17967233063479537, "colsample_bytree": 0.8665366270343959, "lam": 0.9991957939543563, "max_depth": 5.0, "min_child_weight": 3.0, "subsample": 0.7080148857005514}, "datetime": {"datetime": "2020-04-25 00:11:30", "elapsed": 1151.592521, "delta": 1.85064}}
{"target": 0.6441892, "params": {"alpha": 0.17967233063479537, "colsample_bytree": 0.8991109747318238, "lam": 0.9991957939543563, "max_depth": 5.0, "min_child_weight": 3.0, "subsample": 0.8347492944861431}, "datetime": {"datetime": "2020-04-25 00:11:32", "elapsed": 1153.813177, "delta": 2.220656}}
{"target": 0.6468269999999999, "params": {"alpha": 0.17967233063479537, "colsample_bytree": 0.8997835679069842, "lam": 0.9991957939543563, "max_depth": 5.0, "min_child_weight": 3.0, "subsample": 0.8389082817516882}, "datetime": {"datetime": "2020-04-25 00:11:33", "elapsed": 1155.532359, "delta": 1.719182}}
{"target": 0.6498736, "params": {"alpha": 0.17967233063479537, "colsample_bytree": 0.8032007568140191, "lam": 0.9991957939543563, "max_depth": 5.0, "min_child_weight": 3.0, "subsample": 0.8310485396893479}, "datetime": {"datetime": "2020-04-25 00:11:36", "elapsed": 1157.623253, "delta": 2.090894}}
{"target": 0.5944258, "params": {"alpha": 0.17967233063479537, "colsample_bytree": 0.5489163941960223, "lam": 0.9991957939543563, "max_depth": 5.0, "min_child_weight": 3.0, "subsample": 0.6671503190583487}, "datetime": {"datetime": "2020-04-25 00:11:38", "elapsed": 1159.762233, "delta": 2.13898}}
{"target": 0.6094582, "params": {"alpha": 0.17967233063479537, "colsample_bytree": 0.6532609805316676, "lam": 0.9991957939543563, "max_depth": 5.0, "min_child_weight": 3.0, "subsample": 0.5559110204304599}, "datetime": {"datetime": "2020-04-25 00:11:40", "elapsed": 1161.630999, "delta": 1.868766}}
{"target": 0.6409964, "params": {"alpha": 0.17967233063479537, "colsample_bytree": 0.8047689608754095, "lam": 0.9991957939543563, "max_depth": 5.0, "min_child_weight": 3.0, "subsample": 0.8315444822810077}, "datetime": {"datetime": "2020-04-25 00:11:42", "elapsed": 1163.95127, "delta": 2.320271}}
{"target": 0.6512196, "params": {"alpha": 0.17967233063479537, "colsample_bytree": 0.89924720779883, "lam": 0.9991957939543563, "max_depth": 5.0, "min_child_weight": 3.0, "subsample": 0.826455627963327}, "datetime": {"datetime": "2020-04-25 00:11:44", "elapsed": 1166.028573, "delta": 2.077303}}
{"target": 0.648914, "params": {"alpha": 0.17967233063479537, "colsample_bytree": 0.8993444708112099, "lam": 0.9991957939543563, "max_depth": 5.0, "min_child_weight": 3.0, "subsample": 0.8280374596250353}, "datetime": {"datetime": "2020-04-25 00:11:46", "elapsed": 1168.143021, "delta": 2.114448}}
{"target": 0.6418648, "params": {"alpha": 0.17967233063479537, "colsample_bytree": 0.8997769984991362, "lam": 0.9991957939543563, "max_depth": 5.0, "min_child_weight": 3.0, "subsample": 0.8358160144981039}, "datetime": {"datetime": "2020-04-25 00:11:48", "elapsed": 1170.441705, "delta": 2.298684}}
{"target": 0.6531304, "params": {"alpha": 0.17967233063479537, "colsample_bytree": 0.8990724303675737, "lam": 0.9991957939543563, "max_depth": 5.0, "min_child_weight": 3.0, "subsample": 0.8293451894537853}, "datetime": {"datetime": "2020-04-25 00:11:51", "elapsed": 1172.737993, "delta": 2.296288}}
{"target": 0.6470405999999999, "params": {"alpha": 0.17967233063479537, "colsample_bytree": 0.8958495639261191, "lam": 0.9991957939543563, "max_depth": 5.0, "min_child_weight": 3.0, "subsample": 0.8282635372441365}, "datetime": {"datetime": "2020-04-25 00:11:53", "elapsed": 1174.817511, "delta": 2.079518}}
{"target": 0.64754, "params": {"alpha": 0.17967233063479537, "colsample_bytree": 0.8991832760139146, "lam": 0.9991957939543563, "max_depth": 5.0, "min_child_weight": 3.0, "subsample": 0.8212575970734484}, "datetime": {"datetime": "2020-04-25 00:11:55", "elapsed": 1176.658092, "delta": 1.840581}}
{"target": 0.653518, "params": {"alpha": 0.17967233063479537, "colsample_bytree": 0.8996113546967521, "lam": 0.9991957939543563, "max_depth": 5.0, "min_child_weight": 3.0, "subsample": 0.8192377725656544}, "datetime": {"datetime": "2020-04-25 00:11:57", "elapsed": 1178.787444, "delta": 2.129352}}
{"target": 0.633676, "params": {"alpha": 0.17967233063479537, "colsample_bytree": 0.8997819761669033, "lam": 0.9991957939543563, "max_depth": 5.0, "min_child_weight": 3.0, "subsample": 0.8102701316760827}, "datetime": {"datetime": "2020-04-25 00:11:59", "elapsed": 1180.686512, "delta": 1.899068}}
{"target": 0.568792, "params": {"alpha": 0.17967233063479537, "colsample_bytree": 0.5, "lam": 0.9991957939543563, "max_depth": 5.0, "min_child_weight": 3.0, "subsample": 0.5618355755512193}, "datetime": {"datetime": "2020-04-25 00:12:01", "elapsed": 1182.958099, "delta": 2.271587}}
{"target": 0.6080788, "params": {"alpha": 0.17967233063479537, "colsample_bytree": 0.7705105247233754, "lam": 0.9991957939543563, "max_depth": 5.0, "min_child_weight": 3.0, "subsample": 0.5427387115659936}, "datetime": {"datetime": "2020-04-25 00:12:03", "elapsed": 1184.815723, "delta": 1.857624}}
{"target": 0.5889016, "params": {"alpha": 0.17967233063479537, "colsample_bytree": 0.5, "lam": 0.9991957939543563, "max_depth": 5.0, "min_child_weight": 3.0, "subsample": 0.6470605315805225}, "datetime": {"datetime": "2020-04-25 00:12:05", "elapsed": 1186.863759, "delta": 2.048036}}
{"target": 0.6144209999999999, "params": {"alpha": 0.17967233063479537, "colsample_bytree": 0.8094328894128651, "lam": 0.9991957939543563, "max_depth": 5.0, "min_child_weight": 3.0, "subsample": 0.623864761880413}, "datetime": {"datetime": "2020-04-25 00:12:08", "elapsed": 1189.585975, "delta": 2.722216}}
{"target": 0.6139975999999999, "params": {"alpha": 0.17967233063479537, "colsample_bytree": 0.5739809024629455, "lam": 0.9991957939543563, "max_depth": 5.0, "min_child_weight": 3.0, "subsample": 0.742936309873925}, "datetime": {"datetime": "2020-04-25 00:12:09", "elapsed": 1191.479035, "delta": 1.89306}}
{"target": 0.6067412, "params": {"alpha": 0.17967233063479537, "colsample_bytree": 0.7118240940982188, "lam": 0.9991957939543563, "max_depth": 5.0, "min_child_weight": 3.0, "subsample": 0.6067312701024882}, "datetime": {"datetime": "2020-04-25 00:12:12", "elapsed": 1193.956009, "delta": 2.476974}}
{"target": 0.6179112, "params": {"alpha": 0.17967233063479537, "colsample_bytree": 0.8665993841744328, "lam": 0.9991957939543563, "max_depth": 5.0, "min_child_weight": 3.0, "subsample": 0.5722224966375886}, "datetime": {"datetime": "2020-04-25 00:12:14", "elapsed": 1196.016754, "delta": 2.060745}}
{"target": 0.6237244, "params": {"alpha": 0.17967233063479537, "colsample_bytree": 0.8965255559699092, "lam": 0.9991957939543563, "max_depth": 5.0, "min_child_weight": 3.0, "subsample": 0.6371585161933463}, "datetime": {"datetime": "2020-04-25 00:12:17", "elapsed": 1198.594012, "delta": 2.577258}}
{"target": 0.6226874, "params": {"alpha": 0.17967233063479537, "colsample_bytree": 0.7403690909741529, "lam": 0.9991957939543563, "max_depth": 5.0, "min_child_weight": 3.0, "subsample": 0.6618210345117346}, "datetime": {"datetime": "2020-04-25 00:12:19", "elapsed": 1200.639288, "delta": 2.045276}}
{"target": 0.6372422, "params": {"alpha": 0.17967233063479537, "colsample_bytree": 0.7331434209737026, "lam": 0.9991957939543563, "max_depth": 5.0, "min_child_weight": 3.0, "subsample": 0.8647732508470211}, "datetime": {"datetime": "2020-04-25 00:12:21", "elapsed": 1202.742307, "delta": 2.103019}}
{"target": 0.6260378, "params": {"alpha": 0.17967233063479537, "colsample_bytree": 0.66436341954783, "lam": 0.9991957939543563, "max_depth": 5.0, "min_child_weight": 3.0, "subsample": 0.8698514400422996}, "datetime": {"datetime": "2020-04-25 00:12:23", "elapsed": 1204.917352, "delta": 2.175045}}
{"target": 0.6150656, "params": {"alpha": 0.17967233063479537, "colsample_bytree": 0.709794277542493, "lam": 0.9991957939543563, "max_depth": 5.0, "min_child_weight": 3.0, "subsample": 0.7175448445688064}, "datetime": {"datetime": "2020-04-25 00:12:25", "elapsed": 1206.924681, "delta": 2.007329}}
{"target": 0.6352006, "params": {"alpha": 0.17967233063479537, "colsample_bytree": 0.6641106477348733, "lam": 0.9991957939543563, "max_depth": 5.0, "min_child_weight": 3.0, "subsample": 0.7784396761811614}, "datetime": {"datetime": "2020-04-25 00:12:27", "elapsed": 1209.01284, "delta": 2.088159}}
{"target": 0.6360292000000001, "params": {"alpha": 0.17967233063479537, "colsample_bytree": 0.768573269551929, "lam": 0.9991957939543563, "max_depth": 5.0, "min_child_weight": 3.0, "subsample": 0.6975281084026432}, "datetime": {"datetime": "2020-04-25 00:12:29", "elapsed": 1210.856443, "delta": 1.843603}}
{"target": 0.6316912, "params": {"alpha": 0.17967233063479537, "colsample_bytree": 0.6550073483721306, "lam": 0.9991957939543563, "max_depth": 5.0, "min_child_weight": 3.0, "subsample": 0.8144746357428276}, "datetime": {"datetime": "2020-04-25 00:12:31", "elapsed": 1213.157909, "delta": 2.301466}}
