{"target": 0.6366685999999999, "params": {"max_depth": 5.072095530268827, "min_child_weight": 8.62066777456129}, "datetime": {"datetime": "2020-04-24 19:11:15", "elapsed": 160.493737, "delta": 1.691976}}
{"target": 0.6484144, "params": {"max_depth": 4.719010574206442, "min_child_weight": 2.942782823822233}, "datetime": {"datetime": "2020-04-24 19:11:17", "elapsed": 162.38483, "delta": 1.891093}}
{"target": 0.6484144, "params": {"max_depth": 4.733071113913171, "min_child_weight": 2.789360550050684}, "datetime": {"datetime": "2020-04-24 19:11:19", "elapsed": 164.516273, "delta": 2.131443}}
{"target": 0.6388032, "params": {"max_depth": 4.84803565215605, "min_child_weight": 4.79316841310767}, "datetime": {"datetime": "2020-04-24 19:11:21", "elapsed": 166.787007, "delta": 2.270734}}
{"target": 0.6484144, "params": {"max_depth": 4.747666264006163, "min_child_weight": 2.960479802009621}, "datetime": {"datetime": "2020-04-24 19:11:23", "elapsed": 168.387435, "delta": 1.600428}}
{"target": 0.6461694000000001, "params": {"max_depth": 9.063833343721338, "min_child_weight": 8.810966209345313}, "datetime": {"datetime": "2020-04-24 19:11:25", "elapsed": 170.633788, "delta": 2.246353}}
{"target": 0.6484144, "params": {"max_depth": 4.733852085821407, "min_child_weight": 2.7991124097535995}, "datetime": {"datetime": "2020-04-24 19:11:27", "elapsed": 172.472919, "delta": 1.839131}}
{"target": 0.6484144, "params": {"max_depth": 4.861496763125589, "min_child_weight": 2.7068124444833073}, "datetime": {"datetime": "2020-04-24 19:11:29", "elapsed": 174.470731, "delta": 1.997812}}
{"target": 0.6484144, "params": {"max_depth": 4.760352102438775, "min_child_weight": 2.7212156588804324}, "datetime": {"datetime": "2020-04-24 19:11:31", "elapsed": 176.326026, "delta": 1.855295}}
{"target": 0.6484144, "params": {"max_depth": 4.779949893372097, "min_child_weight": 2.9790186980391042}, "datetime": {"datetime": "2020-04-24 19:11:33", "elapsed": 178.133253, "delta": 1.807227}}
{"target": 0.6484144, "params": {"max_depth": 4.7650739656327215, "min_child_weight": 3.0211941155161406}, "datetime": {"datetime": "2020-04-24 19:11:35", "elapsed": 179.89183, "delta": 1.758577}}
{"target": 0.6484144, "params": {"max_depth": 4.750431119172047, "min_child_weight": 2.781929016000084}, "datetime": {"datetime": "2020-04-24 19:11:36", "elapsed": 181.669106, "delta": 1.777276}}
{"target": 0.6484144, "params": {"max_depth": 4.741758513486069, "min_child_weight": 2.8334117268996577}, "datetime": {"datetime": "2020-04-24 19:11:38", "elapsed": 183.44798, "delta": 1.778874}}
{"target": 0.6484144, "params": {"max_depth": 4.733451373668631, "min_child_weight": 3.064780363864277}, "datetime": {"datetime": "2020-04-24 19:11:40", "elapsed": 185.376928, "delta": 1.928948}}
{"target": 0.6484144, "params": {"max_depth": 4.750509308375824, "min_child_weight": 2.825918680276043}, "datetime": {"datetime": "2020-04-24 19:11:42", "elapsed": 187.354312, "delta": 1.977384}}
{"target": 0.6484144, "params": {"max_depth": 4.8509264346937755, "min_child_weight": 2.6199608781817227}, "datetime": {"datetime": "2020-04-24 19:11:44", "elapsed": 189.442895, "delta": 2.088583}}
{"target": 0.6484144, "params": {"max_depth": 4.744956826468676, "min_child_weight": 2.7175770268222053}, "datetime": {"datetime": "2020-04-24 19:11:46", "elapsed": 191.160462, "delta": 1.717567}}
{"target": 0.6484144, "params": {"max_depth": 4.730452821895989, "min_child_weight": 3.0309548916692504}, "datetime": {"datetime": "2020-04-24 19:11:48", "elapsed": 193.148471, "delta": 1.988009}}
{"target": 0.6484144, "params": {"max_depth": 4.784201394112719, "min_child_weight": 2.7416368181689634}, "datetime": {"datetime": "2020-04-24 19:11:50", "elapsed": 194.961313, "delta": 1.812842}}
{"target": 0.6484144, "params": {"max_depth": 4.827171381746737, "min_child_weight": 2.5816832404723677}, "datetime": {"datetime": "2020-04-24 19:11:51", "elapsed": 196.734933, "delta": 1.77362}}
{"target": 0.6484144, "params": {"max_depth": 4.763275904051666, "min_child_weight": 2.895332070896652}, "datetime": {"datetime": "2020-04-24 19:11:53", "elapsed": 198.558005, "delta": 1.823072}}
{"target": 0.6368668, "params": {"max_depth": 6.717942739062982, "min_child_weight": 2.896493633171399}, "datetime": {"datetime": "2020-04-24 19:11:55", "elapsed": 200.498521, "delta": 1.940516}}
{"target": 0.6484144, "params": {"max_depth": 4.751723247472404, "min_child_weight": 3.0020231609242822}, "datetime": {"datetime": "2020-04-24 19:11:57", "elapsed": 202.53691, "delta": 2.038389}}
{"target": 0.6484144, "params": {"max_depth": 4.740057886773778, "min_child_weight": 2.768877318284575}, "datetime": {"datetime": "2020-04-24 19:11:59", "elapsed": 204.636983, "delta": 2.100073}}
{"target": 0.6484144, "params": {"max_depth": 4.771788996325663, "min_child_weight": 2.7572740915643768}, "datetime": {"datetime": "2020-04-24 19:12:01", "elapsed": 206.622485, "delta": 1.985502}}
{"target": 0.6484144, "params": {"max_depth": 4.744354062930864, "min_child_weight": 3.0257856725313745}, "datetime": {"datetime": "2020-04-24 19:12:03", "elapsed": 208.619563, "delta": 1.997078}}
{"target": 0.6484144, "params": {"max_depth": 4.751142937656203, "min_child_weight": 2.8688002375598645}, "datetime": {"datetime": "2020-04-24 19:12:05", "elapsed": 210.626177, "delta": 2.006614}}
{"target": 0.6484144, "params": {"max_depth": 4.769096421061612, "min_child_weight": 2.6678884199989223}, "datetime": {"datetime": "2020-04-24 19:12:07", "elapsed": 212.746109, "delta": 2.119932}}
{"target": 0.6484144, "params": {"max_depth": 4.729699888519658, "min_child_weight": 2.8979520314931744}, "datetime": {"datetime": "2020-04-24 19:12:09", "elapsed": 214.717283, "delta": 1.971174}}
{"target": 0.6484144, "params": {"max_depth": 4.825148088625868, "min_child_weight": 2.675349301280968}, "datetime": {"datetime": "2020-04-24 19:12:11", "elapsed": 216.633067, "delta": 1.915784}}
{"target": 0.6484144, "params": {"max_depth": 4.734387639187644, "min_child_weight": 2.8052331103050885}, "datetime": {"datetime": "2020-04-24 19:12:13", "elapsed": 218.691258, "delta": 2.058191}}
{"target": 0.6484144, "params": {"max_depth": 4.751607320657206, "min_child_weight": 2.9984347744406734}, "datetime": {"datetime": "2020-04-24 19:12:15", "elapsed": 220.65345, "delta": 1.962192}}
{"target": 0.6484144, "params": {"max_depth": 4.738534328694572, "min_child_weight": 3.025299362643983}, "datetime": {"datetime": "2020-04-24 19:12:17", "elapsed": 222.827071, "delta": 2.173621}}
{"target": 0.6484144, "params": {"max_depth": 4.826122463669698, "min_child_weight": 2.5991356337304197}, "datetime": {"datetime": "2020-04-24 19:12:20", "elapsed": 224.901688, "delta": 2.074617}}
{"target": 0.6399627999999999, "params": {"max_depth": 4.605266788101451, "min_child_weight": 9.64781926486921}, "datetime": {"datetime": "2020-04-24 19:12:22", "elapsed": 226.908796, "delta": 2.007108}}
{"target": 0.6484144, "params": {"max_depth": 4.7327781779564795, "min_child_weight": 2.792734240120157}, "datetime": {"datetime": "2020-04-24 19:12:23", "elapsed": 228.729291, "delta": 1.820495}}
{"target": 0.6484144, "params": {"max_depth": 4.756143357418091, "min_child_weight": 2.7661686909572025}, "datetime": {"datetime": "2020-04-24 19:12:25", "elapsed": 230.458497, "delta": 1.729206}}
{"target": 0.6484144, "params": {"max_depth": 4.776639387567519, "min_child_weight": 2.781736621620525}, "datetime": {"datetime": "2020-04-24 19:12:27", "elapsed": 232.485008, "delta": 2.026511}}
{"target": 0.6484144, "params": {"max_depth": 4.774262338398364, "min_child_weight": 3.0563296500580917}, "datetime": {"datetime": "2020-04-24 19:12:29", "elapsed": 234.717512, "delta": 2.232504}}
{"target": 0.6484144, "params": {"max_depth": 4.723000999101998, "min_child_weight": 2.997507547375447}, "datetime": {"datetime": "2020-04-24 19:12:32", "elapsed": 236.947615, "delta": 2.230103}}
{"target": 0.6484144, "params": {"max_depth": 4.730585616816966, "min_child_weight": 2.9525942797259277}, "datetime": {"datetime": "2020-04-24 19:12:34", "elapsed": 238.909544, "delta": 1.961929}}
{"target": 0.6484144, "params": {"max_depth": 4.8334474828828675, "min_child_weight": 2.649897530532838}, "datetime": {"datetime": "2020-04-24 19:12:36", "elapsed": 240.965136, "delta": 2.055592}}
{"target": 0.6484144, "params": {"max_depth": 4.73029576459218, "min_child_weight": 2.7609773448644264}, "datetime": {"datetime": "2020-04-24 19:12:37", "elapsed": 242.858226, "delta": 1.89309}}
{"target": 0.6484144, "params": {"max_depth": 4.833585257749401, "min_child_weight": 2.589668402886661}, "datetime": {"datetime": "2020-04-24 19:12:40", "elapsed": 245.274576, "delta": 2.41635}}
{"target": 0.6484144, "params": {"max_depth": 4.786888223979677, "min_child_weight": 2.7696468252448287}, "datetime": {"datetime": "2020-04-24 19:12:42", "elapsed": 247.288121, "delta": 2.013545}}
{"target": 0.6484144, "params": {"max_depth": 4.760893109530817, "min_child_weight": 2.700860185797396}, "datetime": {"datetime": "2020-04-24 19:12:44", "elapsed": 249.376047, "delta": 2.087926}}
{"target": 0.6484144, "params": {"max_depth": 4.728703039413654, "min_child_weight": 2.9258532154842234}, "datetime": {"datetime": "2020-04-24 19:12:46", "elapsed": 251.785582, "delta": 2.409535}}
{"target": 0.6484144, "params": {"max_depth": 4.7699648831050565, "min_child_weight": 2.916307633822825}, "datetime": {"datetime": "2020-04-24 19:12:49", "elapsed": 254.020388, "delta": 2.234806}}
{"target": 0.6484144, "params": {"max_depth": 4.7625934240379575, "min_child_weight": 3.0956618940395533}, "datetime": {"datetime": "2020-04-24 19:12:51", "elapsed": 256.165133, "delta": 2.144745}}
{"target": 0.6484144, "params": {"max_depth": 4.767091315680429, "min_child_weight": 2.7049418546631494}, "datetime": {"datetime": "2020-04-24 19:12:53", "elapsed": 258.398192, "delta": 2.233059}}
{"target": 0.6484144, "params": {"max_depth": 4.732453249806549, "min_child_weight": 3.0479485191716496}, "datetime": {"datetime": "2020-04-24 19:12:55", "elapsed": 260.363947, "delta": 1.965755}}
{"target": 0.6303097999999999, "params": {"max_depth": 6.93609112619266, "min_child_weight": 3.693264765199743}, "datetime": {"datetime": "2020-04-24 19:12:58", "elapsed": 262.954939, "delta": 2.590992}}
{"target": 0.6386446, "params": {"max_depth": 5.879360525385508, "min_child_weight": 3.648356880338185}, "datetime": {"datetime": "2020-04-24 19:13:00", "elapsed": 265.566389, "delta": 2.61145}}
{"target": 0.604272, "params": {"max_depth": 9.209690630019292, "min_child_weight": 1.0049859154163006}, "datetime": {"datetime": "2020-04-24 19:13:03", "elapsed": 268.627273, "delta": 3.060884}}
{"target": 0.6484144, "params": {"max_depth": 4.736201556882516, "min_child_weight": 2.8966408915994166}, "datetime": {"datetime": "2020-04-24 19:13:06", "elapsed": 271.250842, "delta": 2.623569}}
{"target": 0.6461694000000001, "params": {"max_depth": 9.156533189630764, "min_child_weight": 9.256135271493452}, "datetime": {"datetime": "2020-04-24 19:13:08", "elapsed": 273.742075, "delta": 2.491233}}
{"target": 0.6484144, "params": {"max_depth": 4.821846955847921, "min_child_weight": 2.5954789847914075}, "datetime": {"datetime": "2020-04-24 19:13:11", "elapsed": 275.945525, "delta": 2.20345}}
{"target": 0.6484144, "params": {"max_depth": 4.737329140117142, "min_child_weight": 2.703349753412388}, "datetime": {"datetime": "2020-04-24 19:13:13", "elapsed": 278.275911, "delta": 2.330386}}
{"target": 0.6484144, "params": {"max_depth": 4.74596953695851, "min_child_weight": 3.0951620970811664}, "datetime": {"datetime": "2020-04-24 19:13:15", "elapsed": 280.209197, "delta": 1.933286}}
{"target": 0.6484144, "params": {"max_depth": 4.815842615724761, "min_child_weight": 2.7785134162824097}, "datetime": {"datetime": "2020-04-24 19:13:17", "elapsed": 282.311627, "delta": 2.10243}}
{"target": 0.6484144, "params": {"max_depth": 4.753816212557494, "min_child_weight": 2.6827172713115246}, "datetime": {"datetime": "2020-04-24 19:13:19", "elapsed": 284.652794, "delta": 2.341167}}
{"target": 0.6484144, "params": {"max_depth": 4.761673437128371, "min_child_weight": 2.9159425285035105}, "datetime": {"datetime": "2020-04-24 19:13:22", "elapsed": 287.051686, "delta": 2.398892}}
{"target": 0.6484144, "params": {"max_depth": 4.755335516012288, "min_child_weight": 2.7833164892976785}, "datetime": {"datetime": "2020-04-24 19:13:24", "elapsed": 289.260663, "delta": 2.208977}}
{"target": 0.6484144, "params": {"max_depth": 4.7329207498085335, "min_child_weight": 2.9790284798525004}, "datetime": {"datetime": "2020-04-24 19:13:26", "elapsed": 291.512649, "delta": 2.251986}}
{"target": 0.6484144, "params": {"max_depth": 4.769290695782679, "min_child_weight": 3.0838329903156554}, "datetime": {"datetime": "2020-04-24 19:13:29", "elapsed": 294.223497, "delta": 2.710848}}
{"target": 0.6484144, "params": {"max_depth": 4.747942774153116, "min_child_weight": 2.706729426649929}, "datetime": {"datetime": "2020-04-24 19:13:31", "elapsed": 296.717715, "delta": 2.494218}}
{"target": 0.6484144, "params": {"max_depth": 4.788395461829618, "min_child_weight": 2.844928076242646}, "datetime": {"datetime": "2020-04-24 19:13:34", "elapsed": 299.388018, "delta": 2.670303}}
{"target": 0.6484144, "params": {"max_depth": 4.7187608737215125, "min_child_weight": 2.8930242247547477}, "datetime": {"datetime": "2020-04-24 19:13:36", "elapsed": 301.524269, "delta": 2.136251}}
{"target": 0.6484144, "params": {"max_depth": 4.845966644721598, "min_child_weight": 2.579621328277045}, "datetime": {"datetime": "2020-04-24 19:13:39", "elapsed": 304.280096, "delta": 2.755827}}
{"target": 0.6484144, "params": {"max_depth": 4.826288998244285, "min_child_weight": 2.712407691181012}, "datetime": {"datetime": "2020-04-24 19:13:41", "elapsed": 306.24163, "delta": 1.961534}}
{"target": 0.6484144, "params": {"max_depth": 4.767499804133031, "min_child_weight": 2.6710521922527217}, "datetime": {"datetime": "2020-04-24 19:13:43", "elapsed": 308.448026, "delta": 2.206396}}
{"target": 0.6484144, "params": {"max_depth": 4.818870289957029, "min_child_weight": 2.5977920975573947}, "datetime": {"datetime": "2020-04-24 19:13:46", "elapsed": 310.972552, "delta": 2.524526}}
{"target": 0.6484144, "params": {"max_depth": 4.783437825631141, "min_child_weight": 2.704375813319975}, "datetime": {"datetime": "2020-04-24 19:13:48", "elapsed": 313.427254, "delta": 2.454702}}
{"target": 0.6461694000000001, "params": {"max_depth": 8.954903797727024, "min_child_weight": 8.998678790178033}, "datetime": {"datetime": "2020-04-24 19:13:51", "elapsed": 316.172177, "delta": 2.744923}}
{"target": 0.6461694000000001, "params": {"max_depth": 8.706390083189508, "min_child_weight": 9.443577792157008}, "datetime": {"datetime": "2020-04-24 19:13:54", "elapsed": 319.191298, "delta": 3.019121}}
{"target": 0.6484144, "params": {"max_depth": 4.740132040608341, "min_child_weight": 2.904973936427409}, "datetime": {"datetime": "2020-04-24 19:13:56", "elapsed": 321.061805, "delta": 1.870507}}
{"target": 0.6484144, "params": {"max_depth": 4.753720276263397, "min_child_weight": 3.1088379078495887}, "datetime": {"datetime": "2020-04-24 19:13:58", "elapsed": 323.201791, "delta": 2.139986}}
{"target": 0.6484144, "params": {"max_depth": 4.72715915552833, "min_child_weight": 2.948786676312311}, "datetime": {"datetime": "2020-04-24 19:14:01", "elapsed": 325.947012, "delta": 2.745221}}
{"target": 0.6484144, "params": {"max_depth": 4.72423791117091, "min_child_weight": 2.9098476395671566}, "datetime": {"datetime": "2020-04-24 19:14:03", "elapsed": 328.447548, "delta": 2.500536}}
{"target": 0.6484144, "params": {"max_depth": 4.835131806900003, "min_child_weight": 2.704957346708117}, "datetime": {"datetime": "2020-04-24 19:14:05", "elapsed": 330.745942, "delta": 2.298394}}
{"target": 0.6484144, "params": {"max_depth": 4.790354061586415, "min_child_weight": 2.7180261368071377}, "datetime": {"datetime": "2020-04-24 19:14:08", "elapsed": 333.06282, "delta": 2.316878}}
{"target": 0.6484144, "params": {"max_depth": 4.738469220045891, "min_child_weight": 2.7108334635542732}, "datetime": {"datetime": "2020-04-24 19:14:10", "elapsed": 335.55919, "delta": 2.49637}}
{"target": 0.6484144, "params": {"max_depth": 4.780684469406628, "min_child_weight": 3.0803270529795808}, "datetime": {"datetime": "2020-04-24 19:14:13", "elapsed": 337.968823, "delta": 2.409633}}
{"target": 0.6484144, "params": {"max_depth": 4.736423772699496, "min_child_weight": 3.0346651257565704}, "datetime": {"datetime": "2020-04-24 19:14:15", "elapsed": 340.662752, "delta": 2.693929}}
{"target": 0.6484144, "params": {"max_depth": 4.759135343821736, "min_child_weight": 3.061046169852889}, "datetime": {"datetime": "2020-04-24 19:14:18", "elapsed": 343.089267, "delta": 2.426515}}
{"target": 0.6484144, "params": {"max_depth": 4.784801442257386, "min_child_weight": 2.8263681984884954}, "datetime": {"datetime": "2020-04-24 19:14:20", "elapsed": 345.486046, "delta": 2.396779}}
{"target": 0.6484144, "params": {"max_depth": 4.839043906220899, "min_child_weight": 2.545452121572853}, "datetime": {"datetime": "2020-04-24 19:14:23", "elapsed": 348.318788, "delta": 2.832742}}
{"target": 0.6484144, "params": {"max_depth": 4.787845481769578, "min_child_weight": 2.7128680928047406}, "datetime": {"datetime": "2020-04-24 19:14:25", "elapsed": 350.694007, "delta": 2.375219}}
{"target": 0.6484144, "params": {"max_depth": 4.840512142579186, "min_child_weight": 2.557508288910189}, "datetime": {"datetime": "2020-04-24 19:14:28", "elapsed": 353.441967, "delta": 2.74796}}
{"target": 0.6484144, "params": {"max_depth": 4.7737859172784525, "min_child_weight": 2.6489308789919566}, "datetime": {"datetime": "2020-04-24 19:14:31", "elapsed": 355.871814, "delta": 2.429847}}
{"target": 0.6484144, "params": {"max_depth": 4.837583086002366, "min_child_weight": 2.642721348618114}, "datetime": {"datetime": "2020-04-24 19:14:33", "elapsed": 358.559879, "delta": 2.688065}}
{"target": 0.6484144, "params": {"max_depth": 4.733014436463351, "min_child_weight": 2.926007177681325}, "datetime": {"datetime": "2020-04-24 19:14:36", "elapsed": 361.250768, "delta": 2.690889}}
{"target": 0.6484144, "params": {"max_depth": 4.739111077323359, "min_child_weight": 3.024562844309046}, "datetime": {"datetime": "2020-04-24 19:14:38", "elapsed": 363.612536, "delta": 2.361768}}
{"target": 0.6484144, "params": {"max_depth": 4.739206719324076, "min_child_weight": 2.8401378141094664}, "datetime": {"datetime": "2020-04-24 19:14:41", "elapsed": 366.23376, "delta": 2.621224}}
{"target": 0.6484144, "params": {"max_depth": 4.843402550967861, "min_child_weight": 2.6211051790109297}, "datetime": {"datetime": "2020-04-24 19:14:44", "elapsed": 369.38717, "delta": 3.15341}}
{"target": 0.6484144, "params": {"max_depth": 4.780725909392567, "min_child_weight": 2.6657544770314248}, "datetime": {"datetime": "2020-04-24 19:14:47", "elapsed": 372.061886, "delta": 2.674716}}
{"target": 0.6484144, "params": {"max_depth": 4.775741002454227, "min_child_weight": 2.7001747936955636}, "datetime": {"datetime": "2020-04-24 19:14:50", "elapsed": 375.386806, "delta": 3.32492}}
{"target": 0.6484144, "params": {"max_depth": 4.7828660853381315, "min_child_weight": 2.9026536805886956}, "datetime": {"datetime": "2020-04-24 19:14:53", "elapsed": 378.616405, "delta": 3.229599}}
{"target": 0.6484144, "params": {"max_depth": 4.74160425830152, "min_child_weight": 3.083337464994326}, "datetime": {"datetime": "2020-04-24 19:14:56", "elapsed": 381.3686, "delta": 2.752195}}
{"target": 0.6484144, "params": {"max_depth": 4.746650366243767, "min_child_weight": 2.971402246974388}, "datetime": {"datetime": "2020-04-24 19:14:59", "elapsed": 384.732526, "delta": 3.363926}}
{"target": 0.6484144, "params": {"max_depth": 4.815034146598246, "min_child_weight": 2.720446012172093}, "datetime": {"datetime": "2020-04-24 19:15:02", "elapsed": 387.729644, "delta": 2.997118}}
{"target": 0.6484144, "params": {"max_depth": 4.8284602887277615, "min_child_weight": 2.641069309220781}, "datetime": {"datetime": "2020-04-24 19:15:05", "elapsed": 389.95252, "delta": 2.222876}}
{"target": 0.6484144, "params": {"max_depth": 4.738258118096294, "min_child_weight": 2.7272713176767134}, "datetime": {"datetime": "2020-04-24 19:15:08", "elapsed": 392.923195, "delta": 2.970675}}
{"target": 0.6484144, "params": {"max_depth": 4.777189354273789, "min_child_weight": 2.697612022790927}, "datetime": {"datetime": "2020-04-24 19:15:11", "elapsed": 396.06821, "delta": 3.145015}}
{"target": 0.6484144, "params": {"max_depth": 4.773217352069966, "min_child_weight": 3.069337820155013}, "datetime": {"datetime": "2020-04-24 19:15:14", "elapsed": 399.651372, "delta": 3.583162}}
{"target": 0.6484144, "params": {"max_depth": 4.718855677142776, "min_child_weight": 2.9288063546783514}, "datetime": {"datetime": "2020-04-24 19:15:17", "elapsed": 402.523876, "delta": 2.872504}}
{"target": 0.6484144, "params": {"max_depth": 4.743272491135093, "min_child_weight": 2.9201282385172105}, "datetime": {"datetime": "2020-04-24 19:15:20", "elapsed": 405.60064, "delta": 3.076764}}
{"target": 0.6484144, "params": {"max_depth": 4.729768532513375, "min_child_weight": 2.9675314431170228}, "datetime": {"datetime": "2020-04-24 19:15:23", "elapsed": 408.19647, "delta": 2.59583}}
{"target": 0.6484144, "params": {"max_depth": 4.754342633781275, "min_child_weight": 3.02951666679645}, "datetime": {"datetime": "2020-04-24 19:15:25", "elapsed": 410.612709, "delta": 2.416239}}
{"target": 0.6484144, "params": {"max_depth": 4.763230602011042, "min_child_weight": 2.969011261457518}, "datetime": {"datetime": "2020-04-24 19:15:28", "elapsed": 413.632164, "delta": 3.019455}}
{"target": 0.6484144, "params": {"max_depth": 4.726919046978063, "min_child_weight": 2.7952163773652803}, "datetime": {"datetime": "2020-04-24 19:15:32", "elapsed": 416.868943, "delta": 3.236779}}
