{"target": 0.5958898, "params": {"alpha": 0.8530366690441696, "colsample_bytree": 0.5, "lam": 0.9276394580326287, "max_depth": 9.0, "min_child_weight": 9.0, "subsample": 0.7297005694403564}, "datetime": {"datetime": "2020-04-24 23:13:20", "elapsed": 1295.550801, "delta": 1.604355}}
{"target": 0.6397934000000001, "params": {"alpha": 0.8530366690441696, "colsample_bytree": 0.6905309586954687, "lam": 0.9276394580326287, "max_depth": 9.0, "min_child_weight": 9.0, "subsample": 0.8166986319635665}, "datetime": {"datetime": "2020-04-24 23:13:22", "elapsed": 1297.111557, "delta": 1.560756}}
{"target": 0.6273158, "params": {"alpha": 0.8530366690441696, "colsample_bytree": 0.8304068105336696, "lam": 0.9276394580326287, "max_depth": 9.0, "min_child_weight": 9.0, "subsample": 0.553323821754441}, "datetime": {"datetime": "2020-04-24 23:13:23", "elapsed": 1298.537985, "delta": 1.426428}}
{"target": 0.636435, "params": {"alpha": 0.8530366690441696, "colsample_bytree": 0.648838254766829, "lam": 0.9276394580326287, "max_depth": 9.0, "min_child_weight": 9.0, "subsample": 0.5004974450464207}, "datetime": {"datetime": "2020-04-24 23:13:25", "elapsed": 1300.152744, "delta": 1.614759}}
{"target": 0.644277, "params": {"alpha": 0.8530366690441696, "colsample_bytree": 0.8164911463368594, "lam": 0.9276394580326287, "max_depth": 9.0, "min_child_weight": 9.0, "subsample": 0.8998087726106655}, "datetime": {"datetime": "2020-04-24 23:13:26", "elapsed": 1301.703863, "delta": 1.551119}}
{"target": 0.6235046000000001, "params": {"alpha": 0.8530366690441696, "colsample_bytree": 0.6157736977380442, "lam": 0.9276394580326287, "max_depth": 9.0, "min_child_weight": 9.0, "subsample": 0.899403658134895}, "datetime": {"datetime": "2020-04-24 23:13:28", "elapsed": 1303.272808, "delta": 1.568945}}
{"target": 0.6388772, "params": {"alpha": 0.8530366690441696, "colsample_bytree": 0.8998279222666459, "lam": 0.9276394580326287, "max_depth": 9.0, "min_child_weight": 9.0, "subsample": 0.8364785970399917}, "datetime": {"datetime": "2020-04-24 23:13:30", "elapsed": 1304.905688, "delta": 1.63288}}
{"target": 0.6426474000000001, "params": {"alpha": 0.8530366690441696, "colsample_bytree": 0.71713489158881, "lam": 0.9276394580326287, "max_depth": 9.0, "min_child_weight": 9.0, "subsample": 0.755636701824455}, "datetime": {"datetime": "2020-04-24 23:13:31", "elapsed": 1306.683621, "delta": 1.777933}}
{"target": 0.6386938, "params": {"alpha": 0.8530366690441696, "colsample_bytree": 0.7133133788113771, "lam": 0.9276394580326287, "max_depth": 9.0, "min_child_weight": 9.0, "subsample": 0.5007723571093262}, "datetime": {"datetime": "2020-04-24 23:13:33", "elapsed": 1308.323925, "delta": 1.640304}}
{"target": 0.644882, "params": {"alpha": 0.8530366690441696, "colsample_bytree": 0.6653490103581197, "lam": 0.9276394580326287, "max_depth": 9.0, "min_child_weight": 9.0, "subsample": 0.773278985619694}, "datetime": {"datetime": "2020-04-24 23:13:35", "elapsed": 1310.155487, "delta": 1.831562}}
{"target": 0.6274156000000001, "params": {"alpha": 0.8530366690441696, "colsample_bytree": 0.8997679544789435, "lam": 0.9276394580326287, "max_depth": 9.0, "min_child_weight": 9.0, "subsample": 0.6608895034069069}, "datetime": {"datetime": "2020-04-24 23:13:36", "elapsed": 1311.81579, "delta": 1.660303}}
{"target": 0.6289086, "params": {"alpha": 0.8530366690441696, "colsample_bytree": 0.8579085255508143, "lam": 0.9276394580326287, "max_depth": 9.0, "min_child_weight": 9.0, "subsample": 0.8993339202627837}, "datetime": {"datetime": "2020-04-24 23:13:38", "elapsed": 1313.784406, "delta": 1.968616}}
{"target": 0.6460052000000001, "params": {"alpha": 0.8530366690441696, "colsample_bytree": 0.7705884971369203, "lam": 0.9276394580326287, "max_depth": 9.0, "min_child_weight": 9.0, "subsample": 0.8978253151950861}, "datetime": {"datetime": "2020-04-24 23:13:40", "elapsed": 1315.802683, "delta": 2.018277}}
{"target": 0.6362715999999999, "params": {"alpha": 0.8530366690441696, "colsample_bytree": 0.7818521756175224, "lam": 0.9276394580326287, "max_depth": 9.0, "min_child_weight": 9.0, "subsample": 0.6258321203641691}, "datetime": {"datetime": "2020-04-24 23:13:42", "elapsed": 1317.642411, "delta": 1.839728}}
{"target": 0.6007576, "params": {"alpha": 0.8530366690441696, "colsample_bytree": 0.5782713645353115, "lam": 0.9276394580326287, "max_depth": 9.0, "min_child_weight": 9.0, "subsample": 0.5005126526677839}, "datetime": {"datetime": "2020-04-24 23:13:44", "elapsed": 1319.525773, "delta": 1.883362}}
{"target": 0.6319044, "params": {"alpha": 0.8530366690441696, "colsample_bytree": 0.8435943878323409, "lam": 0.9276394580326287, "max_depth": 9.0, "min_child_weight": 9.0, "subsample": 0.500215133748839}, "datetime": {"datetime": "2020-04-24 23:13:46", "elapsed": 1321.408141, "delta": 1.882368}}
{"target": 0.6387196, "params": {"alpha": 0.8530366690441696, "colsample_bytree": 0.6847141000193825, "lam": 0.9276394580326287, "max_depth": 9.0, "min_child_weight": 9.0, "subsample": 0.7552024874180243}, "datetime": {"datetime": "2020-04-24 23:13:48", "elapsed": 1323.478145, "delta": 2.070004}}
{"target": 0.5745784, "params": {"alpha": 0.8530366690441696, "colsample_bytree": 0.5003680620880797, "lam": 0.9276394580326287, "max_depth": 9.0, "min_child_weight": 9.0, "subsample": 0.6023667248210931}, "datetime": {"datetime": "2020-04-24 23:13:50", "elapsed": 1325.593765, "delta": 2.11562}}
{"target": 0.6330756, "params": {"alpha": 0.8530366690441696, "colsample_bytree": 0.6438920365746238, "lam": 0.9276394580326287, "max_depth": 9.0, "min_child_weight": 9.0, "subsample": 0.8334623718322804}, "datetime": {"datetime": "2020-04-24 23:13:52", "elapsed": 1327.183036, "delta": 1.589271}}
{"target": 0.6441812, "params": {"alpha": 0.8530366690441696, "colsample_bytree": 0.756777549856785, "lam": 0.9276394580326287, "max_depth": 9.0, "min_child_weight": 9.0, "subsample": 0.7689359818588981}, "datetime": {"datetime": "2020-04-24 23:13:54", "elapsed": 1329.140746, "delta": 1.95771}}
{"target": 0.6307294000000001, "params": {"alpha": 0.8530366690441696, "colsample_bytree": 0.7508118607944245, "lam": 0.9276394580326287, "max_depth": 9.0, "min_child_weight": 9.0, "subsample": 0.7262022864408734}, "datetime": {"datetime": "2020-04-24 23:13:56", "elapsed": 1331.441908, "delta": 2.301162}}
{"target": 0.6370340000000001, "params": {"alpha": 0.8530366690441696, "colsample_bytree": 0.7384377579023518, "lam": 0.9276394580326287, "max_depth": 9.0, "min_child_weight": 9.0, "subsample": 0.8014466225097285}, "datetime": {"datetime": "2020-04-24 23:13:58", "elapsed": 1333.639183, "delta": 2.197275}}
{"target": 0.6293552, "params": {"alpha": 0.8530366690441696, "colsample_bytree": 0.89846503623725, "lam": 0.9276394580326287, "max_depth": 9.0, "min_child_weight": 9.0, "subsample": 0.5472348251691992}, "datetime": {"datetime": "2020-04-24 23:14:00", "elapsed": 1335.450204, "delta": 1.811021}}
{"target": 0.6449969999999999, "params": {"alpha": 0.8530366690441696, "colsample_bytree": 0.8266408279102508, "lam": 0.9276394580326287, "max_depth": 9.0, "min_child_weight": 9.0, "subsample": 0.7788937489774137}, "datetime": {"datetime": "2020-04-24 23:14:02", "elapsed": 1337.588932, "delta": 2.138728}}
{"target": 0.6417193999999999, "params": {"alpha": 0.8530366690441696, "colsample_bytree": 0.8592774131179969, "lam": 0.9276394580326287, "max_depth": 9.0, "min_child_weight": 9.0, "subsample": 0.8047939478361472}, "datetime": {"datetime": "2020-04-24 23:14:04", "elapsed": 1339.658195, "delta": 2.069263}}
{"target": 0.6451290000000001, "params": {"alpha": 0.8530366690441696, "colsample_bytree": 0.7933289757996935, "lam": 0.9276394580326287, "max_depth": 9.0, "min_child_weight": 9.0, "subsample": 0.899910417754505}, "datetime": {"datetime": "2020-04-24 23:14:06", "elapsed": 1341.835177, "delta": 2.176982}}
{"target": 0.6356966, "params": {"alpha": 0.8530366690441696, "colsample_bytree": 0.8549198963698699, "lam": 0.9276394580326287, "max_depth": 9.0, "min_child_weight": 9.0, "subsample": 0.6250058717420786}, "datetime": {"datetime": "2020-04-24 23:14:08", "elapsed": 1343.802137, "delta": 1.96696}}
{"target": 0.5978207999999999, "params": {"alpha": 0.8530366690441696, "colsample_bytree": 0.5005220867028087, "lam": 0.9276394580326287, "max_depth": 9.0, "min_child_weight": 9.0, "subsample": 0.8307094860614186}, "datetime": {"datetime": "2020-04-24 23:14:11", "elapsed": 1346.043748, "delta": 2.241611}}
{"target": 0.6294694000000001, "params": {"alpha": 0.8530366690441696, "colsample_bytree": 0.8425425600114953, "lam": 0.9276394580326287, "max_depth": 9.0, "min_child_weight": 9.0, "subsample": 0.7529782677188269}, "datetime": {"datetime": "2020-04-24 23:14:13", "elapsed": 1348.375448, "delta": 2.3317}}
{"target": 0.6221424, "params": {"alpha": 0.8530366690441696, "colsample_bytree": 0.6456748818897485, "lam": 0.9276394580326287, "max_depth": 9.0, "min_child_weight": 9.0, "subsample": 0.5557820847774595}, "datetime": {"datetime": "2020-04-24 23:14:15", "elapsed": 1350.721056, "delta": 2.345608}}
{"target": 0.6449168000000001, "params": {"alpha": 0.8530366690441696, "colsample_bytree": 0.7960246056834708, "lam": 0.9276394580326287, "max_depth": 9.0, "min_child_weight": 9.0, "subsample": 0.7821628037050345}, "datetime": {"datetime": "2020-04-24 23:14:19", "elapsed": 1353.857527, "delta": 3.136471}}
{"target": 0.6418893999999999, "params": {"alpha": 0.8530366690441696, "colsample_bytree": 0.8997170465565274, "lam": 0.9276394580326287, "max_depth": 9.0, "min_child_weight": 9.0, "subsample": 0.8036041074094591}, "datetime": {"datetime": "2020-04-24 23:14:21", "elapsed": 1356.030472, "delta": 2.172945}}
{"target": 0.6342624, "params": {"alpha": 0.8530366690441696, "colsample_bytree": 0.8209472303478083, "lam": 0.9276394580326287, "max_depth": 9.0, "min_child_weight": 9.0, "subsample": 0.7966350067252171}, "datetime": {"datetime": "2020-04-24 23:14:23", "elapsed": 1358.009262, "delta": 1.97879}}
{"target": 0.6172626000000001, "params": {"alpha": 0.8530366690441696, "colsample_bytree": 0.7436485363733046, "lam": 0.9276394580326287, "max_depth": 9.0, "min_child_weight": 9.0, "subsample": 0.8712013618300136}, "datetime": {"datetime": "2020-04-24 23:14:25", "elapsed": 1359.93719, "delta": 1.927928}}
{"target": 0.6383832, "params": {"alpha": 0.8530366690441696, "colsample_bytree": 0.668278511308866, "lam": 0.9276394580326287, "max_depth": 9.0, "min_child_weight": 9.0, "subsample": 0.8997461806501259}, "datetime": {"datetime": "2020-04-24 23:14:26", "elapsed": 1361.686169, "delta": 1.748979}}
{"target": 0.615064, "params": {"alpha": 0.8530366690441696, "colsample_bytree": 0.6229036326531188, "lam": 0.9276394580326287, "max_depth": 9.0, "min_child_weight": 9.0, "subsample": 0.635334246743398}, "datetime": {"datetime": "2020-04-24 23:14:28", "elapsed": 1363.555037, "delta": 1.868868}}
{"target": 0.6348056000000001, "params": {"alpha": 0.8530366690441696, "colsample_bytree": 0.7317561180404469, "lam": 0.9276394580326287, "max_depth": 9.0, "min_child_weight": 9.0, "subsample": 0.6308086931920002}, "datetime": {"datetime": "2020-04-24 23:14:30", "elapsed": 1365.724267, "delta": 2.16923}}
{"target": 0.6302734, "params": {"alpha": 0.8530366690441696, "colsample_bytree": 0.6432398931849216, "lam": 0.9276394580326287, "max_depth": 9.0, "min_child_weight": 9.0, "subsample": 0.7901494074112987}, "datetime": {"datetime": "2020-04-24 23:14:32", "elapsed": 1367.768813, "delta": 2.044546}}
{"target": 0.6362412, "params": {"alpha": 0.8530366690441696, "colsample_bytree": 0.7013944407912525, "lam": 0.9276394580326287, "max_depth": 9.0, "min_child_weight": 9.0, "subsample": 0.7840978392779521}, "datetime": {"datetime": "2020-04-24 23:14:35", "elapsed": 1369.858384, "delta": 2.089571}}
{"target": 0.6090747999999999, "params": {"alpha": 0.8530366690441696, "colsample_bytree": 0.5551375016414668, "lam": 0.9276394580326287, "max_depth": 9.0, "min_child_weight": 9.0, "subsample": 0.8735343788878495}, "datetime": {"datetime": "2020-04-24 23:14:37", "elapsed": 1372.106426, "delta": 2.248042}}
{"target": 0.6316088, "params": {"alpha": 0.8530366690441696, "colsample_bytree": 0.7971586773562054, "lam": 0.9276394580326287, "max_depth": 9.0, "min_child_weight": 9.0, "subsample": 0.7596848366470277}, "datetime": {"datetime": "2020-04-24 23:14:39", "elapsed": 1374.173896, "delta": 2.06747}}
{"target": 0.6049302000000001, "params": {"alpha": 0.8530366690441696, "colsample_bytree": 0.5787252182050622, "lam": 0.9276394580326287, "max_depth": 9.0, "min_child_weight": 9.0, "subsample": 0.5793745204130054}, "datetime": {"datetime": "2020-04-24 23:14:41", "elapsed": 1375.992545, "delta": 1.818649}}
{"target": 0.6262744, "params": {"alpha": 0.8530366690441696, "colsample_bytree": 0.7713421707057211, "lam": 0.9276394580326287, "max_depth": 9.0, "min_child_weight": 9.0, "subsample": 0.6588679018045354}, "datetime": {"datetime": "2020-04-24 23:14:43", "elapsed": 1377.948539, "delta": 1.955994}}
{"target": 0.6572192, "params": {"alpha": 0.8530366690441696, "colsample_bytree": 0.8151894074833452, "lam": 0.9276394580326287, "max_depth": 9.0, "min_child_weight": 9.0, "subsample": 0.6008281981919454}, "datetime": {"datetime": "2020-04-24 23:14:44", "elapsed": 1379.765219, "delta": 1.81668}}
{"target": 0.6419940000000001, "params": {"alpha": 0.8530366690441696, "colsample_bytree": 0.7964798570722729, "lam": 0.9276394580326287, "max_depth": 9.0, "min_child_weight": 9.0, "subsample": 0.5834578808476025}, "datetime": {"datetime": "2020-04-24 23:14:47", "elapsed": 1381.948486, "delta": 2.183267}}
{"target": 0.6380036, "params": {"alpha": 0.8530366690441696, "colsample_bytree": 0.8189709512540295, "lam": 0.9276394580326287, "max_depth": 9.0, "min_child_weight": 9.0, "subsample": 0.6236638903436706}, "datetime": {"datetime": "2020-04-24 23:14:48", "elapsed": 1383.658366, "delta": 1.70988}}
{"target": 0.645321, "params": {"alpha": 0.8530366690441696, "colsample_bytree": 0.8502425243987382, "lam": 0.9276394580326287, "max_depth": 9.0, "min_child_weight": 9.0, "subsample": 0.5877245657737826}, "datetime": {"datetime": "2020-04-24 23:14:50", "elapsed": 1385.659694, "delta": 2.001328}}
{"target": 0.6356358, "params": {"alpha": 0.8530366690441696, "colsample_bytree": 0.8283304668054354, "lam": 0.9276394580326287, "max_depth": 9.0, "min_child_weight": 9.0, "subsample": 0.5939435147893097}, "datetime": {"datetime": "2020-04-24 23:14:52", "elapsed": 1387.360642, "delta": 1.700948}}
{"target": 0.6036308, "params": {"alpha": 0.8530366690441696, "colsample_bytree": 0.5344021405979489, "lam": 0.9276394580326287, "max_depth": 9.0, "min_child_weight": 9.0, "subsample": 0.655176694160722}, "datetime": {"datetime": "2020-04-24 23:14:54", "elapsed": 1389.013189, "delta": 1.652547}}
{"target": 0.6359328, "params": {"alpha": 0.8530366690441696, "colsample_bytree": 0.6795814943039624, "lam": 0.9276394580326287, "max_depth": 9.0, "min_child_weight": 9.0, "subsample": 0.6020744435582475}, "datetime": {"datetime": "2020-04-24 23:14:55", "elapsed": 1390.736365, "delta": 1.723176}}
{"target": 0.608325, "params": {"alpha": 0.8530366690441696, "colsample_bytree": 0.5323837794008373, "lam": 0.9276394580326287, "max_depth": 9.0, "min_child_weight": 9.0, "subsample": 0.7706355236224928}, "datetime": {"datetime": "2020-04-24 23:14:57", "elapsed": 1392.471594, "delta": 1.735229}}
{"target": 0.627097, "params": {"alpha": 0.8530366690441696, "colsample_bytree": 0.8714108749001457, "lam": 0.9276394580326287, "max_depth": 9.0, "min_child_weight": 9.0, "subsample": 0.5616220311187039}, "datetime": {"datetime": "2020-04-24 23:14:59", "elapsed": 1394.265216, "delta": 1.793622}}
{"target": 0.6273442, "params": {"alpha": 0.8530366690441696, "colsample_bytree": 0.6881922963052192, "lam": 0.9276394580326287, "max_depth": 9.0, "min_child_weight": 9.0, "subsample": 0.535329485757243}, "datetime": {"datetime": "2020-04-24 23:15:01", "elapsed": 1395.858971, "delta": 1.593755}}
{"target": 0.6435254, "params": {"alpha": 0.8530366690441696, "colsample_bytree": 0.6722410900317465, "lam": 0.9276394580326287, "max_depth": 9.0, "min_child_weight": 9.0, "subsample": 0.8615179965880859}, "datetime": {"datetime": "2020-04-24 23:15:02", "elapsed": 1397.794384, "delta": 1.935413}}
{"target": 0.6081896, "params": {"alpha": 0.8530366690441696, "colsample_bytree": 0.5266889700479653, "lam": 0.9276394580326287, "max_depth": 9.0, "min_child_weight": 9.0, "subsample": 0.543271933805294}, "datetime": {"datetime": "2020-04-24 23:15:04", "elapsed": 1399.42447, "delta": 1.630086}}
{"target": 0.6316788000000001, "params": {"alpha": 0.8530366690441696, "colsample_bytree": 0.81394340645271, "lam": 0.9276394580326287, "max_depth": 9.0, "min_child_weight": 9.0, "subsample": 0.500771014242643}, "datetime": {"datetime": "2020-04-24 23:15:06", "elapsed": 1401.028668, "delta": 1.604198}}
{"target": 0.6496128, "params": {"alpha": 0.8530366690441696, "colsample_bytree": 0.8311369451747875, "lam": 0.9276394580326287, "max_depth": 9.0, "min_child_weight": 9.0, "subsample": 0.8675542313967858}, "datetime": {"datetime": "2020-04-24 23:15:08", "elapsed": 1402.944822, "delta": 1.916154}}
{"target": 0.646121, "params": {"alpha": 0.8530366690441696, "colsample_bytree": 0.8989740334754757, "lam": 0.9276394580326287, "max_depth": 9.0, "min_child_weight": 9.0, "subsample": 0.8699210404315875}, "datetime": {"datetime": "2020-04-24 23:15:09", "elapsed": 1404.751404, "delta": 1.806582}}
{"target": 0.6247458, "params": {"alpha": 0.8530366690441696, "colsample_bytree": 0.6382541083530702, "lam": 0.9276394580326287, "max_depth": 9.0, "min_child_weight": 9.0, "subsample": 0.6906266661304356}, "datetime": {"datetime": "2020-04-24 23:15:11", "elapsed": 1406.54848, "delta": 1.797076}}
{"target": 0.6353192, "params": {"alpha": 0.8530366690441696, "colsample_bytree": 0.8653484624169905, "lam": 0.9276394580326287, "max_depth": 9.0, "min_child_weight": 9.0, "subsample": 0.8535019177968275}, "datetime": {"datetime": "2020-04-24 23:15:13", "elapsed": 1408.269139, "delta": 1.720659}}
{"target": 0.637961, "params": {"alpha": 0.8530366690441696, "colsample_bytree": 0.7977763247635381, "lam": 0.9276394580326287, "max_depth": 9.0, "min_child_weight": 9.0, "subsample": 0.6030402531782395}, "datetime": {"datetime": "2020-04-24 23:15:15", "elapsed": 1410.08357, "delta": 1.814431}}
{"target": 0.6321014, "params": {"alpha": 0.8530366690441696, "colsample_bytree": 0.7764053350186662, "lam": 0.9276394580326287, "max_depth": 9.0, "min_child_weight": 9.0, "subsample": 0.5364331223324726}, "datetime": {"datetime": "2020-04-24 23:15:16", "elapsed": 1411.775231, "delta": 1.691661}}
{"target": 0.6248894, "params": {"alpha": 0.8530366690441696, "colsample_bytree": 0.8999768239055402, "lam": 0.9276394580326287, "max_depth": 9.0, "min_child_weight": 9.0, "subsample": 0.7075156901959354}, "datetime": {"datetime": "2020-04-24 23:15:18", "elapsed": 1413.646001, "delta": 1.87077}}
{"target": 0.6215324000000001, "params": {"alpha": 0.8530366690441696, "colsample_bytree": 0.5520785724552223, "lam": 0.9276394580326287, "max_depth": 9.0, "min_child_weight": 9.0, "subsample": 0.8999159369050913}, "datetime": {"datetime": "2020-04-24 23:15:20", "elapsed": 1415.503144, "delta": 1.857143}}
{"target": 0.5970738, "params": {"alpha": 0.8530366690441696, "colsample_bytree": 0.5, "lam": 0.9276394580326287, "max_depth": 9.0, "min_child_weight": 9.0, "subsample": 0.6733521898683534}, "datetime": {"datetime": "2020-04-24 23:15:22", "elapsed": 1417.383161, "delta": 1.880017}}
{"target": 0.616721, "params": {"alpha": 0.8530366690441696, "colsample_bytree": 0.8593522887443035, "lam": 0.9276394580326287, "max_depth": 9.0, "min_child_weight": 9.0, "subsample": 0.6875263836228843}, "datetime": {"datetime": "2020-04-24 23:15:24", "elapsed": 1419.029469, "delta": 1.646308}}
{"target": 0.6379923999999999, "params": {"alpha": 0.8530366690441696, "colsample_bytree": 0.8732195709042097, "lam": 0.9276394580326287, "max_depth": 9.0, "min_child_weight": 9.0, "subsample": 0.5998180519163323}, "datetime": {"datetime": "2020-04-24 23:15:25", "elapsed": 1420.748662, "delta": 1.719193}}
{"target": 0.6067432, "params": {"alpha": 0.8530366690441696, "colsample_bytree": 0.6078579214849732, "lam": 0.9276394580326287, "max_depth": 9.0, "min_child_weight": 9.0, "subsample": 0.5281972032425779}, "datetime": {"datetime": "2020-04-24 23:15:27", "elapsed": 1422.525684, "delta": 1.777022}}
{"target": 0.640774, "params": {"alpha": 0.8530366690441696, "colsample_bytree": 0.8003066148071842, "lam": 0.9276394580326287, "max_depth": 9.0, "min_child_weight": 9.0, "subsample": 0.8745939146264405}, "datetime": {"datetime": "2020-04-24 23:15:29", "elapsed": 1424.613748, "delta": 2.088064}}
{"target": 0.631786, "params": {"alpha": 0.8530366690441696, "colsample_bytree": 0.6823749820441876, "lam": 0.9276394580326287, "max_depth": 9.0, "min_child_weight": 9.0, "subsample": 0.5006511967043951}, "datetime": {"datetime": "2020-04-24 23:15:31", "elapsed": 1426.320053, "delta": 1.706305}}
{"target": 0.629737, "params": {"alpha": 0.8530366690441696, "colsample_bytree": 0.6724317669603427, "lam": 0.9276394580326287, "max_depth": 9.0, "min_child_weight": 9.0, "subsample": 0.6402078310143833}, "datetime": {"datetime": "2020-04-24 23:15:33", "elapsed": 1428.144402, "delta": 1.824349}}
{"target": 0.6347168, "params": {"alpha": 0.8530366690441696, "colsample_bytree": 0.7404796981283593, "lam": 0.9276394580326287, "max_depth": 9.0, "min_child_weight": 9.0, "subsample": 0.5215601664269671}, "datetime": {"datetime": "2020-04-24 23:15:35", "elapsed": 1429.850215, "delta": 1.705813}}
{"target": 0.631236, "params": {"alpha": 0.8530366690441696, "colsample_bytree": 0.6440087266896217, "lam": 0.9276394580326287, "max_depth": 9.0, "min_child_weight": 9.0, "subsample": 0.8739119781334765}, "datetime": {"datetime": "2020-04-24 23:15:37", "elapsed": 1431.929861, "delta": 2.079646}}
