{"target": 0.6500996000000001, "params": {"alpha": 0.39547628528597256, "lam": 0.9999635322827581, "max_depth": 5.0, "min_child_weight": 3.0}, "datetime": {"datetime": "2020-04-24 19:18:23", "elapsed": 587.988614, "delta": 1.859781}}
{"target": 0.6501011999999999, "params": {"alpha": 0.17312547312487758, "lam": 0.9999411282384691, "max_depth": 5.0, "min_child_weight": 3.0}, "datetime": {"datetime": "2020-04-24 19:18:24", "elapsed": 589.812546, "delta": 1.823932}}
{"target": 0.6500961999999999, "params": {"alpha": 0.9206273642600996, "lam": 0.9997957723441244, "max_depth": 5.0, "min_child_weight": 3.0}, "datetime": {"datetime": "2020-04-24 19:18:26", "elapsed": 591.694697, "delta": 1.882151}}
{"target": 0.6500988000000001, "params": {"alpha": 0.5260940320708416, "lam": 0.9998888020202928, "max_depth": 5.0, "min_child_weight": 3.0}, "datetime": {"datetime": "2020-04-24 19:18:28", "elapsed": 593.50065, "delta": 1.805953}}
{"target": 0.6500980000000001, "params": {"alpha": 0.6386358726856403, "lam": 0.9998009092028421, "max_depth": 5.0, "min_child_weight": 3.0}, "datetime": {"datetime": "2020-04-24 19:18:30", "elapsed": 595.269752, "delta": 1.769102}}
{"target": 0.6500978, "params": {"alpha": 0.7154771362339069, "lam": 0.9999721136795977, "max_depth": 5.0, "min_child_weight": 3.0}, "datetime": {"datetime": "2020-04-24 19:18:32", "elapsed": 597.11477, "delta": 1.845018}}
{"target": 0.6484144, "params": {"alpha": 0.0022969572675459737, "lam": 0.9998839052844631, "max_depth": 5.0, "min_child_weight": 3.0}, "datetime": {"datetime": "2020-04-24 19:18:34", "elapsed": 598.99895, "delta": 1.88418}}
{"target": 0.6501, "params": {"alpha": 0.28799808691854245, "lam": 0.9992233430592573, "max_depth": 5.0, "min_child_weight": 3.0}, "datetime": {"datetime": "2020-04-24 19:18:35", "elapsed": 600.850464, "delta": 1.851514}}
{"target": 0.6500974, "params": {"alpha": 0.7629792146666529, "lam": 0.9999278941029103, "max_depth": 5.0, "min_child_weight": 3.0}, "datetime": {"datetime": "2020-04-24 19:18:37", "elapsed": 602.72542, "delta": 1.874956}}
{"target": 0.6501005999999999, "params": {"alpha": 0.264174602463081, "lam": 0.9998801967552307, "max_depth": 5.0, "min_child_weight": 3.0}, "datetime": {"datetime": "2020-04-24 19:18:39", "elapsed": 604.664004, "delta": 1.938584}}
{"target": 0.6500990000000001, "params": {"alpha": 0.4807714893756083, "lam": 0.9998546240164085, "max_depth": 5.0, "min_child_weight": 3.0}, "datetime": {"datetime": "2020-04-24 19:18:41", "elapsed": 606.623265, "delta": 1.959261}}
{"target": 0.6500968, "params": {"alpha": 0.8409579190502963, "lam": 0.9999548228158168, "max_depth": 5.0, "min_child_weight": 3.0}, "datetime": {"datetime": "2020-04-24 19:18:43", "elapsed": 608.466249, "delta": 1.842984}}
{"target": 0.6500988000000001, "params": {"alpha": 0.5058732178771227, "lam": 0.99982238837457, "max_depth": 5.0, "min_child_weight": 3.0}, "datetime": {"datetime": "2020-04-24 19:18:45", "elapsed": 610.350674, "delta": 1.884425}}
{"target": 0.6501007999999999, "params": {"alpha": 0.2045321086299282, "lam": 0.9999118184932702, "max_depth": 5.0, "min_child_weight": 3.0}, "datetime": {"datetime": "2020-04-24 19:18:47", "elapsed": 612.053548, "delta": 1.702874}}
{"target": 0.6500962, "params": {"alpha": 0.9420703659598764, "lam": 0.9999027536787437, "max_depth": 5.0, "min_child_weight": 3.0}, "datetime": {"datetime": "2020-04-24 19:18:49", "elapsed": 613.883189, "delta": 1.829641}}
{"target": 0.6500998, "params": {"alpha": 0.33579154301977365, "lam": 0.9997636070441502, "max_depth": 5.0, "min_child_weight": 3.0}, "datetime": {"datetime": "2020-04-24 19:18:50", "elapsed": 615.788069, "delta": 1.90488}}
{"target": 0.6500972, "params": {"alpha": 0.7388759855863587, "lam": 0.9996813078946483, "max_depth": 5.0, "min_child_weight": 3.0}, "datetime": {"datetime": "2020-04-24 19:18:52", "elapsed": 617.749738, "delta": 1.961669}}
{"target": 0.6500968, "params": {"alpha": 0.8451034416931138, "lam": 0.9997967582099584, "max_depth": 5.0, "min_child_weight": 3.0}, "datetime": {"datetime": "2020-04-24 19:18:54", "elapsed": 619.614825, "delta": 1.865087}}
{"target": 0.6500984, "params": {"alpha": 0.5710687521373928, "lam": 0.9997444414478597, "max_depth": 5.0, "min_child_weight": 3.0}, "datetime": {"datetime": "2020-04-24 19:18:56", "elapsed": 621.613271, "delta": 1.998446}}
{"target": 0.6500996000000001, "params": {"alpha": 0.41377842176194257, "lam": 0.9998652264654746, "max_depth": 5.0, "min_child_weight": 3.0}, "datetime": {"datetime": "2020-04-24 19:18:58", "elapsed": 623.520469, "delta": 1.907198}}
{"target": 0.6500978, "params": {"alpha": 0.6736515950277938, "lam": 0.9998460727396397, "max_depth": 5.0, "min_child_weight": 3.0}, "datetime": {"datetime": "2020-04-24 19:19:00", "elapsed": 625.507258, "delta": 1.986789}}
{"target": 0.6501008, "params": {"alpha": 0.22670449534107695, "lam": 0.999918070324447, "max_depth": 5.0, "min_child_weight": 3.0}, "datetime": {"datetime": "2020-04-24 19:19:02", "elapsed": 627.354124, "delta": 1.846866}}
{"target": 0.6500956, "params": {"alpha": 0.9996714131576275, "lam": 0.9991557310298554, "max_depth": 5.0, "min_child_weight": 3.0}, "datetime": {"datetime": "2020-04-24 19:19:04", "elapsed": 629.317113, "delta": 1.962989}}
{"target": 0.6500964, "params": {"alpha": 0.9145430660449839, "lam": 0.9999749186167672, "max_depth": 5.0, "min_child_weight": 3.0}, "datetime": {"datetime": "2020-04-24 19:19:06", "elapsed": 631.248476, "delta": 1.931363}}
{"target": 0.6500968, "params": {"alpha": 0.8698156592197639, "lam": 0.9998210551426391, "max_depth": 5.0, "min_child_weight": 3.0}, "datetime": {"datetime": "2020-04-24 19:19:08", "elapsed": 633.209541, "delta": 1.961065}}
{"target": 0.6500976, "params": {"alpha": 0.7104101443424479, "lam": 0.9998977583409282, "max_depth": 5.0, "min_child_weight": 3.0}, "datetime": {"datetime": "2020-04-24 19:19:10", "elapsed": 634.990858, "delta": 1.781317}}
{"target": 0.6500974, "params": {"alpha": 0.7326102291735319, "lam": 0.9998203845483105, "max_depth": 5.0, "min_child_weight": 3.0}, "datetime": {"datetime": "2020-04-24 19:19:12", "elapsed": 636.994411, "delta": 2.003553}}
{"target": 0.6500998, "params": {"alpha": 0.37890129808433903, "lam": 0.9998404310435357, "max_depth": 5.0, "min_child_weight": 3.0}, "datetime": {"datetime": "2020-04-24 19:19:14", "elapsed": 639.17862, "delta": 2.184209}}
{"target": 0.6500984, "params": {"alpha": 0.5885345800511842, "lam": 0.9998464779263319, "max_depth": 5.0, "min_child_weight": 3.0}, "datetime": {"datetime": "2020-04-24 19:19:16", "elapsed": 641.760952, "delta": 2.582332}}
{"target": 0.6500961999999999, "params": {"alpha": 0.9836484974993807, "lam": 0.9998398931447646, "max_depth": 5.0, "min_child_weight": 3.0}, "datetime": {"datetime": "2020-04-24 19:19:19", "elapsed": 643.895097, "delta": 2.134145}}
{"target": 0.6501012, "params": {"alpha": 0.14071269283769594, "lam": 0.9997656387300697, "max_depth": 5.0, "min_child_weight": 3.0}, "datetime": {"datetime": "2020-04-24 19:19:21", "elapsed": 646.122016, "delta": 2.226919}}
{"target": 0.6501002, "params": {"alpha": 0.30213572878414796, "lam": 0.9998947836742543, "max_depth": 5.0, "min_child_weight": 3.0}, "datetime": {"datetime": "2020-04-24 19:19:23", "elapsed": 648.478756, "delta": 2.35674}}
{"target": 0.6501008, "params": {"alpha": 0.19540282192256442, "lam": 0.9996794698338655, "max_depth": 5.0, "min_child_weight": 3.0}, "datetime": {"datetime": "2020-04-24 19:19:25", "elapsed": 650.707091, "delta": 2.228335}}
{"target": 0.6500988, "params": {"alpha": 0.5269792677845223, "lam": 0.9998009696994493, "max_depth": 5.0, "min_child_weight": 3.0}, "datetime": {"datetime": "2020-04-24 19:19:28", "elapsed": 653.222798, "delta": 2.515707}}
{"target": 0.6501013999999999, "params": {"alpha": 0.14450754522242948, "lam": 0.9998569335132428, "max_depth": 5.0, "min_child_weight": 3.0}, "datetime": {"datetime": "2020-04-24 19:19:30", "elapsed": 655.346099, "delta": 2.123301}}
{"target": 0.6500988000000001, "params": {"alpha": 0.5258300140267018, "lam": 0.9998498352878119, "max_depth": 5.0, "min_child_weight": 3.0}, "datetime": {"datetime": "2020-04-24 19:19:32", "elapsed": 657.530806, "delta": 2.184707}}
{"target": 0.6500976, "params": {"alpha": 0.7108213215901857, "lam": 0.999824673967884, "max_depth": 5.0, "min_child_weight": 3.0}, "datetime": {"datetime": "2020-04-24 19:19:34", "elapsed": 659.675136, "delta": 2.14433}}
{"target": 0.6500968000000001, "params": {"alpha": 0.835026555516456, "lam": 0.9997734192317992, "max_depth": 5.0, "min_child_weight": 3.0}, "datetime": {"datetime": "2020-04-24 19:19:37", "elapsed": 662.104855, "delta": 2.429719}}
{"target": 0.6500958000000001, "params": {"alpha": 0.9936027502838659, "lam": 0.9998683552146928, "max_depth": 5.0, "min_child_weight": 3.0}, "datetime": {"datetime": "2020-04-24 19:19:40", "elapsed": 664.880975, "delta": 2.77612}}
{"target": 0.6500994, "params": {"alpha": 0.4026196519423805, "lam": 0.9999978451329912, "max_depth": 5.0, "min_child_weight": 3.0}, "datetime": {"datetime": "2020-04-24 19:19:42", "elapsed": 667.694845, "delta": 2.81387}}
{"target": 0.6500992, "params": {"alpha": 0.44515499906071454, "lam": 0.9996348285699179, "max_depth": 5.0, "min_child_weight": 3.0}, "datetime": {"datetime": "2020-04-24 19:19:45", "elapsed": 670.431253, "delta": 2.736408}}
{"target": 0.6500975999999999, "params": {"alpha": 0.6888995623967212, "lam": 0.999840753823621, "max_depth": 5.0, "min_child_weight": 3.0}, "datetime": {"datetime": "2020-04-24 19:19:47", "elapsed": 672.683434, "delta": 2.252181}}
{"target": 0.6500964, "params": {"alpha": 0.9297926413717539, "lam": 0.9998305283817889, "max_depth": 5.0, "min_child_weight": 3.0}, "datetime": {"datetime": "2020-04-24 19:19:50", "elapsed": 674.921269, "delta": 2.237835}}
{"target": 0.6500961999999999, "params": {"alpha": 0.9162460916953277, "lam": 0.9998276025263122, "max_depth": 5.0, "min_child_weight": 3.0}, "datetime": {"datetime": "2020-04-24 19:19:52", "elapsed": 677.251978, "delta": 2.330709}}
{"target": 0.6500998, "params": {"alpha": 0.3572210971214951, "lam": 0.9999047287361776, "max_depth": 5.0, "min_child_weight": 3.0}, "datetime": {"datetime": "2020-04-24 19:19:55", "elapsed": 679.920061, "delta": 2.668083}}
{"target": 0.6500982000000001, "params": {"alpha": 0.6234282172824768, "lam": 0.9999815213749552, "max_depth": 5.0, "min_child_weight": 3.0}, "datetime": {"datetime": "2020-04-24 19:19:57", "elapsed": 682.387852, "delta": 2.467791}}
{"target": 0.6501013999999999, "params": {"alpha": 0.1316022011866499, "lam": 0.9999647159980425, "max_depth": 5.0, "min_child_weight": 3.0}, "datetime": {"datetime": "2020-04-24 19:20:00", "elapsed": 684.881161, "delta": 2.493309}}
{"target": 0.6501006, "params": {"alpha": 0.21160136597149448, "lam": 0.9997614029158916, "max_depth": 5.0, "min_child_weight": 3.0}, "datetime": {"datetime": "2020-04-24 19:20:02", "elapsed": 687.203605, "delta": 2.322444}}
{"target": 0.6500959999999999, "params": {"alpha": 0.9936676875060112, "lam": 0.9998165724912315, "max_depth": 5.0, "min_child_weight": 3.0}, "datetime": {"datetime": "2020-04-24 19:20:04", "elapsed": 689.771463, "delta": 2.567858}}
{"target": 0.6500990000000001, "params": {"alpha": 0.46893896204178975, "lam": 0.9999616150700629, "max_depth": 5.0, "min_child_weight": 3.0}, "datetime": {"datetime": "2020-04-24 19:20:07", "elapsed": 692.473902, "delta": 2.702439}}
{"target": 0.650101, "params": {"alpha": 0.16137706655456097, "lam": 0.9998508070531786, "max_depth": 5.0, "min_child_weight": 3.0}, "datetime": {"datetime": "2020-04-24 19:20:10", "elapsed": 695.015522, "delta": 2.54162}}
{"target": 0.6500988, "params": {"alpha": 0.5378573998794333, "lam": 0.9999819345202107, "max_depth": 5.0, "min_child_weight": 3.0}, "datetime": {"datetime": "2020-04-24 19:20:12", "elapsed": 697.67314, "delta": 2.657618}}
{"target": 0.6501002, "params": {"alpha": 0.24892836186150802, "lam": 0.9997327738572596, "max_depth": 5.0, "min_child_weight": 3.0}, "datetime": {"datetime": "2020-04-24 19:20:15", "elapsed": 700.237872, "delta": 2.564732}}
{"target": 0.6501002, "params": {"alpha": 0.2965161991037035, "lam": 0.9998974130633793, "max_depth": 5.0, "min_child_weight": 3.0}, "datetime": {"datetime": "2020-04-24 19:20:17", "elapsed": 702.656836, "delta": 2.418964}}
{"target": 0.650096, "params": {"alpha": 0.9993196233509003, "lam": 0.9997180227955466, "max_depth": 5.0, "min_child_weight": 3.0}, "datetime": {"datetime": "2020-04-24 19:20:20", "elapsed": 705.258561, "delta": 2.601725}}
{"target": 0.6500966, "params": {"alpha": 0.8806245188801728, "lam": 0.9999905501349768, "max_depth": 5.0, "min_child_weight": 3.0}, "datetime": {"datetime": "2020-04-24 19:20:22", "elapsed": 707.850589, "delta": 2.592028}}
{"target": 0.6500982, "params": {"alpha": 0.5843686957878073, "lam": 0.9997262348197825, "max_depth": 5.0, "min_child_weight": 3.0}, "datetime": {"datetime": "2020-04-24 19:20:25", "elapsed": 710.318955, "delta": 2.468366}}
{"target": 0.6500966, "params": {"alpha": 0.8835266425794311, "lam": 0.9997173275747578, "max_depth": 5.0, "min_child_weight": 3.0}, "datetime": {"datetime": "2020-04-24 19:20:28", "elapsed": 713.158426, "delta": 2.839471}}
{"target": 0.6500997999999999, "params": {"alpha": 0.34492820839212324, "lam": 0.9997877131519335, "max_depth": 5.0, "min_child_weight": 3.0}, "datetime": {"datetime": "2020-04-24 19:20:30", "elapsed": 715.691277, "delta": 2.532851}}
{"target": 0.6500978, "params": {"alpha": 0.7096162131944735, "lam": 0.9998541642317788, "max_depth": 5.0, "min_child_weight": 3.0}, "datetime": {"datetime": "2020-04-24 19:20:33", "elapsed": 718.359853, "delta": 2.668576}}
{"target": 0.6500986, "params": {"alpha": 0.5476348764019956, "lam": 0.9999808043987146, "max_depth": 5.0, "min_child_weight": 3.0}, "datetime": {"datetime": "2020-04-24 19:20:36", "elapsed": 721.047998, "delta": 2.688145}}
{"target": 0.6500966, "params": {"alpha": 0.8946203894144816, "lam": 0.9998750340893808, "max_depth": 5.0, "min_child_weight": 3.0}, "datetime": {"datetime": "2020-04-24 19:20:38", "elapsed": 723.352328, "delta": 2.30433}}
{"target": 0.6500974, "params": {"alpha": 0.7447758386968655, "lam": 0.9997292784733429, "max_depth": 5.0, "min_child_weight": 3.0}, "datetime": {"datetime": "2020-04-24 19:20:41", "elapsed": 726.090826, "delta": 2.738498}}
{"target": 0.6500984, "params": {"alpha": 0.6140404570468649, "lam": 0.9999430160025542, "max_depth": 5.0, "min_child_weight": 3.0}, "datetime": {"datetime": "2020-04-24 19:20:44", "elapsed": 728.869, "delta": 2.778174}}
{"target": 0.650101, "params": {"alpha": 0.20530493204901612, "lam": 0.999921638324941, "max_depth": 5.0, "min_child_weight": 3.0}, "datetime": {"datetime": "2020-04-24 19:20:46", "elapsed": 731.649362, "delta": 2.780362}}
{"target": 0.6500980000000001, "params": {"alpha": 0.663823230454106, "lam": 0.9998687452247015, "max_depth": 5.0, "min_child_weight": 3.0}, "datetime": {"datetime": "2020-04-24 19:20:49", "elapsed": 734.13609, "delta": 2.486728}}
{"target": 0.6500978, "params": {"alpha": 0.6880604411783546, "lam": 0.9998567906168616, "max_depth": 5.0, "min_child_weight": 3.0}, "datetime": {"datetime": "2020-04-24 19:20:51", "elapsed": 736.729366, "delta": 2.593276}}
{"target": 0.6500998, "params": {"alpha": 0.3858889419477083, "lam": 0.9998420649904669, "max_depth": 5.0, "min_child_weight": 3.0}, "datetime": {"datetime": "2020-04-24 19:20:54", "elapsed": 739.338549, "delta": 2.609183}}
{"target": 0.6500976, "params": {"alpha": 0.7069555932096343, "lam": 0.999920696579592, "max_depth": 5.0, "min_child_weight": 3.0}, "datetime": {"datetime": "2020-04-24 19:20:57", "elapsed": 741.968439, "delta": 2.62989}}
{"target": 0.6500954, "params": {"alpha": 0.9988385800930473, "lam": 0.9995628931641817, "max_depth": 5.0, "min_child_weight": 3.0}, "datetime": {"datetime": "2020-04-24 19:21:00", "elapsed": 744.866612, "delta": 2.898173}}
{"target": 0.6500972, "params": {"alpha": 0.8067231625923709, "lam": 0.999963975259465, "max_depth": 5.0, "min_child_weight": 3.0}, "datetime": {"datetime": "2020-04-24 19:21:03", "elapsed": 747.977777, "delta": 3.111165}}
{"target": 0.6500956, "params": {"alpha": 0.9983200552538878, "lam": 0.9990093448059448, "max_depth": 5.0, "min_child_weight": 3.0}, "datetime": {"datetime": "2020-04-24 19:21:05", "elapsed": 750.675821, "delta": 2.698044}}
{"target": 0.6501006, "params": {"alpha": 0.1954300122802547, "lam": 0.9994119696650401, "max_depth": 5.0, "min_child_weight": 3.0}, "datetime": {"datetime": "2020-04-24 19:21:08", "elapsed": 753.61828, "delta": 2.942459}}
{"target": 0.6501004, "params": {"alpha": 0.20899518359544078, "lam": 0.9992120389435922, "max_depth": 5.0, "min_child_weight": 3.0}, "datetime": {"datetime": "2020-04-24 19:21:11", "elapsed": 755.888864, "delta": 2.270584}}
{"target": 0.6500996000000001, "params": {"alpha": 0.39596704042440733, "lam": 0.9999062044467247, "max_depth": 5.0, "min_child_weight": 3.0}, "datetime": {"datetime": "2020-04-24 19:21:13", "elapsed": 758.636865, "delta": 2.748001}}
{"target": 0.6500972, "params": {"alpha": 0.7861165864156073, "lam": 0.999767409215697, "max_depth": 5.0, "min_child_weight": 3.0}, "datetime": {"datetime": "2020-04-24 19:21:16", "elapsed": 761.117144, "delta": 2.480279}}
{"target": 0.6500968, "params": {"alpha": 0.8644845006914601, "lam": 0.9999909421657058, "max_depth": 5.0, "min_child_weight": 3.0}, "datetime": {"datetime": "2020-04-24 19:21:19", "elapsed": 763.9205, "delta": 2.803356}}
{"target": 0.6500992, "params": {"alpha": 0.4779941897216111, "lam": 0.9999539552671179, "max_depth": 5.0, "min_child_weight": 3.0}, "datetime": {"datetime": "2020-04-24 19:21:21", "elapsed": 766.659924, "delta": 2.739424}}
{"target": 0.6500990000000001, "params": {"alpha": 0.5048214913455398, "lam": 0.999812826399803, "max_depth": 5.0, "min_child_weight": 3.0}, "datetime": {"datetime": "2020-04-24 19:21:24", "elapsed": 769.558022, "delta": 2.898098}}
{"target": 0.6501006, "params": {"alpha": 0.25517079887235117, "lam": 0.9999837012417505, "max_depth": 5.0, "min_child_weight": 3.0}, "datetime": {"datetime": "2020-04-24 19:21:27", "elapsed": 772.434133, "delta": 2.876111}}
{"target": 0.6500956, "params": {"alpha": 0.9974913556660742, "lam": 0.9995013796243584, "max_depth": 5.0, "min_child_weight": 3.0}, "datetime": {"datetime": "2020-04-24 19:21:30", "elapsed": 774.942964, "delta": 2.508831}}
{"target": 0.6500966, "params": {"alpha": 0.8947765092856059, "lam": 0.9998940337519935, "max_depth": 5.0, "min_child_weight": 3.0}, "datetime": {"datetime": "2020-04-24 19:21:32", "elapsed": 777.511723, "delta": 2.568759}}
{"target": 0.6501004, "params": {"alpha": 0.2404791443223534, "lam": 0.9999150008627857, "max_depth": 5.0, "min_child_weight": 3.0}, "datetime": {"datetime": "2020-04-24 19:21:35", "elapsed": 780.317395, "delta": 2.805672}}
{"target": 0.6500988000000001, "params": {"alpha": 0.5226732878309782, "lam": 0.999904922137185, "max_depth": 5.0, "min_child_weight": 3.0}, "datetime": {"datetime": "2020-04-24 19:21:38", "elapsed": 783.465276, "delta": 3.147881}}
{"target": 0.6501006, "params": {"alpha": 0.24626970663182002, "lam": 0.9999095103734406, "max_depth": 5.0, "min_child_weight": 3.0}, "datetime": {"datetime": "2020-04-24 19:21:41", "elapsed": 786.378871, "delta": 2.913595}}
{"target": 0.6500996000000001, "params": {"alpha": 0.42753134132738924, "lam": 0.9998027056809613, "max_depth": 5.0, "min_child_weight": 3.0}, "datetime": {"datetime": "2020-04-24 19:21:44", "elapsed": 789.064589, "delta": 2.685718}}
{"target": 0.6500972, "params": {"alpha": 0.7671157174774474, "lam": 0.9998971960806046, "max_depth": 5.0, "min_child_weight": 3.0}, "datetime": {"datetime": "2020-04-24 19:21:46", "elapsed": 791.842084, "delta": 2.777495}}
{"target": 0.6500972, "params": {"alpha": 0.7912289825643929, "lam": 0.9997469071201657, "max_depth": 5.0, "min_child_weight": 3.0}, "datetime": {"datetime": "2020-04-24 19:21:49", "elapsed": 794.631161, "delta": 2.789077}}
{"target": 0.6500991999999999, "params": {"alpha": 0.43726708043402984, "lam": 0.9995288963401233, "max_depth": 5.0, "min_child_weight": 3.0}, "datetime": {"datetime": "2020-04-24 19:21:52", "elapsed": 797.574887, "delta": 2.943726}}
{"target": 0.6501008, "params": {"alpha": 0.17485423126647448, "lam": 0.9993828096011492, "max_depth": 5.0, "min_child_weight": 3.0}, "datetime": {"datetime": "2020-04-24 19:21:55", "elapsed": 800.066984, "delta": 2.492097}}
{"target": 0.6501002, "params": {"alpha": 0.27857130124494, "lam": 0.9995544454007519, "max_depth": 5.0, "min_child_weight": 3.0}, "datetime": {"datetime": "2020-04-24 19:21:58", "elapsed": 803.038267, "delta": 2.971283}}
{"target": 0.6500984, "params": {"alpha": 0.6100162253800367, "lam": 0.9996532592409382, "max_depth": 5.0, "min_child_weight": 3.0}, "datetime": {"datetime": "2020-04-24 19:22:00", "elapsed": 805.632134, "delta": 2.593867}}
{"target": 0.6500964, "params": {"alpha": 0.9252128154284432, "lam": 0.9999362731913931, "max_depth": 5.0, "min_child_weight": 3.0}, "datetime": {"datetime": "2020-04-24 19:22:03", "elapsed": 808.413922, "delta": 2.781788}}
{"target": 0.6500996000000001, "params": {"alpha": 0.39286114980016895, "lam": 0.9999937710267147, "max_depth": 5.0, "min_child_weight": 3.0}, "datetime": {"datetime": "2020-04-24 19:22:06", "elapsed": 811.383364, "delta": 2.969442}}
{"target": 0.6500982000000001, "params": {"alpha": 0.6589840063707167, "lam": 0.9999893295805617, "max_depth": 5.0, "min_child_weight": 3.0}, "datetime": {"datetime": "2020-04-24 19:22:09", "elapsed": 814.239049, "delta": 2.855685}}
{"target": 0.6500974, "params": {"alpha": 0.7497901628916359, "lam": 0.9997195342228502, "max_depth": 5.0, "min_child_weight": 3.0}, "datetime": {"datetime": "2020-04-24 19:22:12", "elapsed": 816.960962, "delta": 2.721913}}
{"target": 0.6501011999999999, "params": {"alpha": 0.14437823429493868, "lam": 0.9999037945047229, "max_depth": 5.0, "min_child_weight": 3.0}, "datetime": {"datetime": "2020-04-24 19:22:15", "elapsed": 820.047747, "delta": 3.086785}}
