{"target": 0.6461694000000001, "params": {"max_depth": 9.185083032517445, "min_child_weight": 8.749243845274666}, "datetime": {"datetime": "2020-04-24 23:54:56", "elapsed": 158.335734, "delta": 2.228403}}
{"target": 0.6484144, "params": {"max_depth": 4.831898325216204, "min_child_weight": 2.794434532084492}, "datetime": {"datetime": "2020-04-24 23:54:58", "elapsed": 160.257096, "delta": 1.921362}}
{"target": 0.6484144, "params": {"max_depth": 5.001843647847265, "min_child_weight": 3.1952419185345944}, "datetime": {"datetime": "2020-04-24 23:55:00", "elapsed": 162.179972, "delta": 1.922876}}
{"target": 0.6484144, "params": {"max_depth": 4.965198836880571, "min_child_weight": 3.0650670016035146}, "datetime": {"datetime": "2020-04-24 23:55:02", "elapsed": 164.349657, "delta": 2.169685}}
{"target": 0.6484144, "params": {"max_depth": 4.944743756036573, "min_child_weight": 3.0133842710848575}, "datetime": {"datetime": "2020-04-24 23:55:04", "elapsed": 166.158309, "delta": 1.808652}}
{"target": 0.6484144, "params": {"max_depth": 4.971991445932797, "min_child_weight": 3.181296548798697}, "datetime": {"datetime": "2020-04-24 23:55:06", "elapsed": 167.79986, "delta": 1.641551}}
{"target": 0.6484144, "params": {"max_depth": 4.920711559042385, "min_child_weight": 2.8769101786210527}, "datetime": {"datetime": "2020-04-24 23:55:08", "elapsed": 169.834903, "delta": 2.035043}}
{"target": 0.6484144, "params": {"max_depth": 5.088471190364194, "min_child_weight": 3.1061052486542566}, "datetime": {"datetime": "2020-04-24 23:55:10", "elapsed": 172.109727, "delta": 2.274824}}
{"target": 0.6484144, "params": {"max_depth": 4.929680305667777, "min_child_weight": 2.972599352841986}, "datetime": {"datetime": "2020-04-24 23:55:12", "elapsed": 174.289306, "delta": 2.179579}}
{"target": 0.6484144, "params": {"max_depth": 4.986933248795972, "min_child_weight": 3.171956258791675}, "datetime": {"datetime": "2020-04-24 23:55:14", "elapsed": 175.94418, "delta": 1.654874}}
{"target": 0.6484144, "params": {"max_depth": 4.8109625436463865, "min_child_weight": 2.8061138473911695}, "datetime": {"datetime": "2020-04-24 23:55:16", "elapsed": 177.619273, "delta": 1.675093}}
{"target": 0.6484144, "params": {"max_depth": 4.924258463943863, "min_child_weight": 3.0118118299191274}, "datetime": {"datetime": "2020-04-24 23:55:17", "elapsed": 179.36049, "delta": 1.741217}}
{"target": 0.6484144, "params": {"max_depth": 4.972485464359293, "min_child_weight": 3.175917004032434}, "datetime": {"datetime": "2020-04-24 23:55:19", "elapsed": 181.455464, "delta": 2.094974}}
{"target": 0.6484144, "params": {"max_depth": 5.001218878813416, "min_child_weight": 3.0022285711072034}, "datetime": {"datetime": "2020-04-24 23:55:21", "elapsed": 183.040702, "delta": 1.585238}}
{"target": 0.6484144, "params": {"max_depth": 4.922529586596054, "min_child_weight": 3.0975637222794434}, "datetime": {"datetime": "2020-04-24 23:55:23", "elapsed": 184.754977, "delta": 1.714275}}
{"target": 0.6484144, "params": {"max_depth": 4.853551374088261, "min_child_weight": 2.8018229841613436}, "datetime": {"datetime": "2020-04-24 23:55:24", "elapsed": 186.43047, "delta": 1.675493}}
{"target": 0.6484144, "params": {"max_depth": 5.060139880536891, "min_child_weight": 3.1353945531825245}, "datetime": {"datetime": "2020-04-24 23:55:26", "elapsed": 188.222217, "delta": 1.791747}}
{"target": 0.6484144, "params": {"max_depth": 4.917335178748531, "min_child_weight": 3.0076192358127423}, "datetime": {"datetime": "2020-04-24 23:55:28", "elapsed": 189.972403, "delta": 1.750186}}
{"target": 0.6434684, "params": {"max_depth": 9.55294681595188, "min_child_weight": 9.187471430710193}, "datetime": {"datetime": "2020-04-24 23:55:30", "elapsed": 192.441215, "delta": 2.468812}}
{"target": 0.6484144, "params": {"max_depth": 4.788314283584025, "min_child_weight": 2.768491068346431}, "datetime": {"datetime": "2020-04-24 23:55:32", "elapsed": 194.265661, "delta": 1.824446}}
{"target": 0.6484144, "params": {"max_depth": 5.01401864132594, "min_child_weight": 3.2006440087129038}, "datetime": {"datetime": "2020-04-24 23:55:34", "elapsed": 196.163389, "delta": 1.897728}}
{"target": 0.6484144, "params": {"max_depth": 4.919694011308286, "min_child_weight": 2.9677404081560463}, "datetime": {"datetime": "2020-04-24 23:55:36", "elapsed": 198.244686, "delta": 2.081297}}
{"target": 0.6484144, "params": {"max_depth": 4.9208807293190855, "min_child_weight": 2.8558730469909985}, "datetime": {"datetime": "2020-04-24 23:55:38", "elapsed": 200.496393, "delta": 2.251707}}
{"target": 0.6484144, "params": {"max_depth": 4.958096978283779, "min_child_weight": 3.1379714707533117}, "datetime": {"datetime": "2020-04-24 23:55:41", "elapsed": 202.631618, "delta": 2.135225}}
{"target": 0.6484144, "params": {"max_depth": 5.05014130332815, "min_child_weight": 3.054713004647165}, "datetime": {"datetime": "2020-04-24 23:55:43", "elapsed": 204.844012, "delta": 2.212394}}
{"target": 0.639735, "params": {"max_depth": 7.432874834646189, "min_child_weight": 9.670286095427317}, "datetime": {"datetime": "2020-04-24 23:55:45", "elapsed": 207.175184, "delta": 2.331172}}
{"target": 0.6484144, "params": {"max_depth": 4.937402709809481, "min_child_weight": 3.071879405863833}, "datetime": {"datetime": "2020-04-24 23:55:47", "elapsed": 209.368718, "delta": 2.193534}}
{"target": 0.6484144, "params": {"max_depth": 4.9986501521331554, "min_child_weight": 3.1881465682056556}, "datetime": {"datetime": "2020-04-24 23:55:49", "elapsed": 211.202267, "delta": 1.833549}}
{"target": 0.6484144, "params": {"max_depth": 4.827747350171887, "min_child_weight": 2.795233193697021}, "datetime": {"datetime": "2020-04-24 23:55:51", "elapsed": 213.43202, "delta": 2.229753}}
{"target": 0.6484144, "params": {"max_depth": 4.934019554859174, "min_child_weight": 3.005446701034244}, "datetime": {"datetime": "2020-04-24 23:55:53", "elapsed": 215.461159, "delta": 2.029139}}
{"target": 0.6484144, "params": {"max_depth": 5.062830813773752, "min_child_weight": 3.0703080176162016}, "datetime": {"datetime": "2020-04-24 23:55:56", "elapsed": 217.565323, "delta": 2.104164}}
{"target": 0.6484144, "params": {"max_depth": 4.9290899825885655, "min_child_weight": 3.0367426897414282}, "datetime": {"datetime": "2020-04-24 23:55:58", "elapsed": 219.867281, "delta": 2.301958}}
{"target": 0.6484144, "params": {"max_depth": 4.859374123723629, "min_child_weight": 2.8176298800845334}, "datetime": {"datetime": "2020-04-24 23:56:00", "elapsed": 221.960784, "delta": 2.093503}}
{"target": 0.6484144, "params": {"max_depth": 4.97007781902604, "min_child_weight": 3.113397179663447}, "datetime": {"datetime": "2020-04-24 23:56:02", "elapsed": 223.859574, "delta": 1.89879}}
{"target": 0.6484144, "params": {"max_depth": 4.9469900206569415, "min_child_weight": 2.876624986629017}, "datetime": {"datetime": "2020-04-24 23:56:04", "elapsed": 225.749231, "delta": 1.889657}}
{"target": 0.6484144, "params": {"max_depth": 4.817629080858039, "min_child_weight": 2.7869111060774854}, "datetime": {"datetime": "2020-04-24 23:56:06", "elapsed": 227.753774, "delta": 2.004543}}
{"target": 0.6461694000000001, "params": {"max_depth": 8.979699572508231, "min_child_weight": 9.247959997089911}, "datetime": {"datetime": "2020-04-24 23:56:08", "elapsed": 230.055282, "delta": 2.301508}}
{"target": 0.6484144, "params": {"max_depth": 4.9572607174141865, "min_child_weight": 2.9708914637193917}, "datetime": {"datetime": "2020-04-24 23:56:10", "elapsed": 232.12815, "delta": 2.072868}}
{"target": 0.6484144, "params": {"max_depth": 4.970687996929673, "min_child_weight": 3.206521441149046}, "datetime": {"datetime": "2020-04-24 23:56:12", "elapsed": 234.267899, "delta": 2.139749}}
{"target": 0.6484144, "params": {"max_depth": 4.959125537333568, "min_child_weight": 3.0769900726152217}, "datetime": {"datetime": "2020-04-24 23:56:14", "elapsed": 236.16826, "delta": 1.900361}}
{"target": 0.6484144, "params": {"max_depth": 5.037261709809627, "min_child_weight": 3.131926095099036}, "datetime": {"datetime": "2020-04-24 23:56:16", "elapsed": 238.015176, "delta": 1.846916}}
{"target": 0.6484144, "params": {"max_depth": 4.8935473146830395, "min_child_weight": 2.838351724233447}, "datetime": {"datetime": "2020-04-24 23:56:18", "elapsed": 240.337223, "delta": 2.322047}}
{"target": 0.6484144, "params": {"max_depth": 4.906899999339875, "min_child_weight": 2.922463501801028}, "datetime": {"datetime": "2020-04-24 23:56:20", "elapsed": 242.423029, "delta": 2.085806}}
{"target": 0.6484144, "params": {"max_depth": 4.994983976046944, "min_child_weight": 3.1913017899635476}, "datetime": {"datetime": "2020-04-24 23:56:23", "elapsed": 244.836775, "delta": 2.413746}}
{"target": 0.6484144, "params": {"max_depth": 4.971707409569396, "min_child_weight": 3.0906433744414525}, "datetime": {"datetime": "2020-04-24 23:56:25", "elapsed": 247.221787, "delta": 2.385012}}
{"target": 0.6484144, "params": {"max_depth": 5.008985471970991, "min_child_weight": 3.0518896213944653}, "datetime": {"datetime": "2020-04-24 23:56:27", "elapsed": 249.23948, "delta": 2.017693}}
{"target": 0.6484144, "params": {"max_depth": 4.819889996783647, "min_child_weight": 2.8289811370901825}, "datetime": {"datetime": "2020-04-24 23:56:29", "elapsed": 251.516137, "delta": 2.276657}}
{"target": 0.6484144, "params": {"max_depth": 4.907391472402172, "min_child_weight": 2.9931108929258547}, "datetime": {"datetime": "2020-04-24 23:56:32", "elapsed": 253.708753, "delta": 2.192616}}
{"target": 0.6484144, "params": {"max_depth": 4.849952259463054, "min_child_weight": 2.7973773137919684}, "datetime": {"datetime": "2020-04-24 23:56:34", "elapsed": 255.817294, "delta": 2.108541}}
{"target": 0.6484144, "params": {"max_depth": 5.1033021666002085, "min_child_weight": 3.1188156816609167}, "datetime": {"datetime": "2020-04-24 23:56:36", "elapsed": 258.259633, "delta": 2.442339}}
{"target": 0.6484144, "params": {"max_depth": 5.053943453619211, "min_child_weight": 3.203793162925763}, "datetime": {"datetime": "2020-04-24 23:56:38", "elapsed": 260.47088, "delta": 2.211247}}
{"target": 0.6484144, "params": {"max_depth": 5.0165870303869555, "min_child_weight": 3.0996531671422565}, "datetime": {"datetime": "2020-04-24 23:56:41", "elapsed": 262.717434, "delta": 2.246554}}
{"target": 0.6484144, "params": {"max_depth": 4.916722751827838, "min_child_weight": 2.9686921770404338}, "datetime": {"datetime": "2020-04-24 23:56:43", "elapsed": 264.871721, "delta": 2.154287}}
{"target": 0.6484144, "params": {"max_depth": 4.964918981317048, "min_child_weight": 3.14648626519859}, "datetime": {"datetime": "2020-04-24 23:56:45", "elapsed": 266.944264, "delta": 2.072543}}
{"target": 0.6484144, "params": {"max_depth": 4.829225848763807, "min_child_weight": 2.7751655738006806}, "datetime": {"datetime": "2020-04-24 23:56:47", "elapsed": 269.001008, "delta": 2.056744}}
{"target": 0.6484144, "params": {"max_depth": 4.911080548245806, "min_child_weight": 2.9660401588251912}, "datetime": {"datetime": "2020-04-24 23:56:49", "elapsed": 271.325914, "delta": 2.324906}}
{"target": 0.6484144, "params": {"max_depth": 5.053619834488099, "min_child_weight": 3.088676919713793}, "datetime": {"datetime": "2020-04-24 23:56:52", "elapsed": 273.667087, "delta": 2.341173}}
{"target": 0.6484144, "params": {"max_depth": 4.999298415531933, "min_child_weight": 3.1685888667474145}, "datetime": {"datetime": "2020-04-24 23:56:54", "elapsed": 276.456632, "delta": 2.789545}}
{"target": 0.6484144, "params": {"max_depth": 4.978931819736751, "min_child_weight": 3.183418242750081}, "datetime": {"datetime": "2020-04-24 23:56:56", "elapsed": 278.511263, "delta": 2.054631}}
{"target": 0.6484144, "params": {"max_depth": 4.99632250115376, "min_child_weight": 2.973521047252771}, "datetime": {"datetime": "2020-04-24 23:56:59", "elapsed": 280.666736, "delta": 2.155473}}
{"target": 0.6484144, "params": {"max_depth": 4.812736323250023, "min_child_weight": 2.766894680421599}, "datetime": {"datetime": "2020-04-24 23:57:01", "elapsed": 282.658024, "delta": 1.991288}}
{"target": 0.6484144, "params": {"max_depth": 4.98253383869419, "min_child_weight": 3.156355370120607}, "datetime": {"datetime": "2020-04-24 23:57:03", "elapsed": 285.145524, "delta": 2.4875}}
{"target": 0.6484144, "params": {"max_depth": 4.9144257842264905, "min_child_weight": 2.917770282199208}, "datetime": {"datetime": "2020-04-24 23:57:06", "elapsed": 287.692981, "delta": 2.547457}}
{"target": 0.6484144, "params": {"max_depth": 5.000788963824215, "min_child_weight": 3.219999403961353}, "datetime": {"datetime": "2020-04-24 23:57:08", "elapsed": 290.338521, "delta": 2.64554}}
{"target": 0.6484144, "params": {"max_depth": 4.914972854277593, "min_child_weight": 3.053229130932579}, "datetime": {"datetime": "2020-04-24 23:57:11", "elapsed": 292.649831, "delta": 2.31131}}
{"target": 0.6484144, "params": {"max_depth": 4.798454117281251, "min_child_weight": 2.795792491007954}, "datetime": {"datetime": "2020-04-24 23:57:13", "elapsed": 294.891305, "delta": 2.241474}}
{"target": 0.6484144, "params": {"max_depth": 4.978039955983261, "min_child_weight": 3.1407684500187214}, "datetime": {"datetime": "2020-04-24 23:57:15", "elapsed": 297.256951, "delta": 2.365646}}
{"target": 0.6484144, "params": {"max_depth": 4.899304260540206, "min_child_weight": 2.879487205200431}, "datetime": {"datetime": "2020-04-24 23:57:18", "elapsed": 299.847391, "delta": 2.59044}}
{"target": 0.6484144, "params": {"max_depth": 4.956977552900895, "min_child_weight": 3.0818292362544297}, "datetime": {"datetime": "2020-04-24 23:57:20", "elapsed": 301.874223, "delta": 2.026832}}
{"target": 0.6484144, "params": {"max_depth": 5.030059079849969, "min_child_weight": 3.045114286616619}, "datetime": {"datetime": "2020-04-24 23:57:22", "elapsed": 304.144472, "delta": 2.270249}}
{"target": 0.6484144, "params": {"max_depth": 4.891239792788934, "min_child_weight": 2.838857193334076}, "datetime": {"datetime": "2020-04-24 23:57:24", "elapsed": 306.391437, "delta": 2.246965}}
{"target": 0.6484144, "params": {"max_depth": 4.820383427585821, "min_child_weight": 2.750894111515012}, "datetime": {"datetime": "2020-04-24 23:57:27", "elapsed": 308.782123, "delta": 2.390686}}
{"target": 0.6484144, "params": {"max_depth": 4.9465045913632615, "min_child_weight": 3.085734722571268}, "datetime": {"datetime": "2020-04-24 23:57:29", "elapsed": 311.097948, "delta": 2.315825}}
{"target": 0.6484144, "params": {"max_depth": 4.877659271215646, "min_child_weight": 2.925903074638356}, "datetime": {"datetime": "2020-04-24 23:57:32", "elapsed": 314.071474, "delta": 2.973526}}
{"target": 0.6484144, "params": {"max_depth": 5.071923850069714, "min_child_weight": 3.129573432980934}, "datetime": {"datetime": "2020-04-24 23:57:35", "elapsed": 316.591528, "delta": 2.520054}}
{"target": 0.6484144, "params": {"max_depth": 4.867761289224511, "min_child_weight": 2.7992233643553757}, "datetime": {"datetime": "2020-04-24 23:57:37", "elapsed": 318.953834, "delta": 2.362306}}
{"target": 0.6484144, "params": {"max_depth": 4.976191695611686, "min_child_weight": 2.9220244215563858}, "datetime": {"datetime": "2020-04-24 23:57:39", "elapsed": 321.345429, "delta": 2.391595}}
{"target": 0.6484144, "params": {"max_depth": 4.930137527934575, "min_child_weight": 3.011872753444413}, "datetime": {"datetime": "2020-04-24 23:57:42", "elapsed": 324.02005, "delta": 2.674621}}
{"target": 0.6484144, "params": {"max_depth": 5.0579409397405275, "min_child_weight": 3.199155238939652}, "datetime": {"datetime": "2020-04-24 23:57:44", "elapsed": 326.150871, "delta": 2.130821}}
{"target": 0.6484144, "params": {"max_depth": 4.952431320261386, "min_child_weight": 3.122819696599806}, "datetime": {"datetime": "2020-04-24 23:57:46", "elapsed": 328.513279, "delta": 2.362408}}
{"target": 0.6484144, "params": {"max_depth": 5.03548930785196, "min_child_weight": 3.0558630794156114}, "datetime": {"datetime": "2020-04-24 23:57:49", "elapsed": 331.466382, "delta": 2.953103}}
{"target": 0.6484144, "params": {"max_depth": 4.994375738254272, "min_child_weight": 3.2064981374901764}, "datetime": {"datetime": "2020-04-24 23:57:52", "elapsed": 333.941343, "delta": 2.474961}}
{"target": 0.6484144, "params": {"max_depth": 4.807525983567469, "min_child_weight": 2.7641556449018694}, "datetime": {"datetime": "2020-04-24 23:57:55", "elapsed": 336.573527, "delta": 2.632184}}
{"target": 0.6484144, "params": {"max_depth": 5.018780499387982, "min_child_weight": 3.082854400495463}, "datetime": {"datetime": "2020-04-24 23:57:57", "elapsed": 339.299784, "delta": 2.726257}}
{"target": 0.6484144, "params": {"max_depth": 4.89807487945063, "min_child_weight": 2.8619444957109303}, "datetime": {"datetime": "2020-04-24 23:58:00", "elapsed": 342.43413, "delta": 3.134346}}
{"target": 0.6484144, "params": {"max_depth": 5.006247963445402, "min_child_weight": 3.128852190100182}, "datetime": {"datetime": "2020-04-24 23:58:03", "elapsed": 345.082106, "delta": 2.647976}}
{"target": 0.6484144, "params": {"max_depth": 4.8608685772665705, "min_child_weight": 2.9208172193276103}, "datetime": {"datetime": "2020-04-24 23:58:06", "elapsed": 348.089222, "delta": 3.007116}}
{"target": 0.6484144, "params": {"max_depth": 4.8032526151677875, "min_child_weight": 2.7845901837013587}, "datetime": {"datetime": "2020-04-24 23:58:09", "elapsed": 351.286643, "delta": 3.197421}}
{"target": 0.6484144, "params": {"max_depth": 4.951335914959358, "min_child_weight": 3.0996054077285597}, "datetime": {"datetime": "2020-04-24 23:58:12", "elapsed": 354.098969, "delta": 2.812326}}
{"target": 0.6484144, "params": {"max_depth": 4.869099216788859, "min_child_weight": 2.890448997539537}, "datetime": {"datetime": "2020-04-24 23:58:15", "elapsed": 356.638016, "delta": 2.539047}}
{"target": 0.6484144, "params": {"max_depth": 4.993129124875708, "min_child_weight": 3.1844506036133544}, "datetime": {"datetime": "2020-04-24 23:58:17", "elapsed": 358.936615, "delta": 2.298599}}
{"target": 0.6484144, "params": {"max_depth": 4.991810191238751, "min_child_weight": 3.095178744672347}, "datetime": {"datetime": "2020-04-24 23:58:20", "elapsed": 361.613473, "delta": 2.676858}}
{"target": 0.6484144, "params": {"max_depth": 5.008418154619617, "min_child_weight": 3.0739536513304238}, "datetime": {"datetime": "2020-04-24 23:58:22", "elapsed": 364.219858, "delta": 2.606385}}
{"target": 0.6484144, "params": {"max_depth": 4.909096838461254, "min_child_weight": 2.831431370842459}, "datetime": {"datetime": "2020-04-24 23:58:25", "elapsed": 367.54355, "delta": 3.323692}}
{"target": 0.6484144, "params": {"max_depth": 4.965463935622603, "min_child_weight": 2.9582948052560796}, "datetime": {"datetime": "2020-04-24 23:58:29", "elapsed": 370.80741, "delta": 3.26386}}
{"target": 0.6484144, "params": {"max_depth": 4.8077771220429835, "min_child_weight": 2.7629425817369597}, "datetime": {"datetime": "2020-04-24 23:58:32", "elapsed": 373.792004, "delta": 2.984594}}
{"target": 0.6484144, "params": {"max_depth": 5.023329789069851, "min_child_weight": 3.1655531911152095}, "datetime": {"datetime": "2020-04-24 23:58:34", "elapsed": 376.22875, "delta": 2.436746}}
{"target": 0.6484144, "params": {"max_depth": 4.882758512748665, "min_child_weight": 2.8908367074702266}, "datetime": {"datetime": "2020-04-24 23:58:37", "elapsed": 379.152018, "delta": 2.923268}}
{"target": 0.6484144, "params": {"max_depth": 4.810803263179773, "min_child_weight": 2.752763648729889}, "datetime": {"datetime": "2020-04-24 23:58:40", "elapsed": 382.424069, "delta": 3.272051}}
{"target": 0.6484144, "params": {"max_depth": 4.912721366872894, "min_child_weight": 2.87959863920224}, "datetime": {"datetime": "2020-04-24 23:58:44", "elapsed": 385.7597, "delta": 3.335631}}
{"target": 0.6484144, "params": {"max_depth": 4.987366182483311, "min_child_weight": 3.202475375429586}, "datetime": {"datetime": "2020-04-24 23:58:47", "elapsed": 388.757546, "delta": 2.997846}}
{"target": 0.6484144, "params": {"max_depth": 4.884124320462803, "min_child_weight": 2.907125096903373}, "datetime": {"datetime": "2020-04-24 23:58:50", "elapsed": 391.646372, "delta": 2.888826}}
{"target": 0.6484144, "params": {"max_depth": 4.939937701692959, "min_child_weight": 3.0213378525453116}, "datetime": {"datetime": "2020-04-24 23:58:53", "elapsed": 394.719759, "delta": 3.073387}}
{"target": 0.6484144, "params": {"max_depth": 5.002504108674171, "min_child_weight": 2.999269046772939}, "datetime": {"datetime": "2020-04-24 23:58:56", "elapsed": 397.806118, "delta": 3.086359}}
{"target": 0.6484144, "params": {"max_depth": 4.919956603182651, "min_child_weight": 2.963683922860799}, "datetime": {"datetime": "2020-04-24 23:58:59", "elapsed": 400.891029, "delta": 3.084911}}
{"target": 0.6484144, "params": {"max_depth": 4.9571097132096975, "min_child_weight": 3.005337471980758}, "datetime": {"datetime": "2020-04-24 23:59:02", "elapsed": 403.721869, "delta": 2.83084}}
{"target": 0.6484144, "params": {"max_depth": 4.891791759175942, "min_child_weight": 2.9031811556216325}, "datetime": {"datetime": "2020-04-24 23:59:05", "elapsed": 406.768436, "delta": 3.046567}}
{"target": 0.6484144, "params": {"max_depth": 4.959416903995908, "min_child_weight": 3.1390832319715822}, "datetime": {"datetime": "2020-04-24 23:59:08", "elapsed": 409.951661, "delta": 3.183225}}
{"target": 0.6484144, "params": {"max_depth": 5.159849890308364, "min_child_weight": 3.138173316621671}, "datetime": {"datetime": "2020-04-24 23:59:11", "elapsed": 413.370513, "delta": 3.418852}}
{"target": 0.6484144, "params": {"max_depth": 5.225271217441814, "min_child_weight": 3.152665302873235}, "datetime": {"datetime": "2020-04-24 23:59:15", "elapsed": 416.62339, "delta": 3.252877}}
{"target": 0.6484144, "params": {"max_depth": 5.290244052504608, "min_child_weight": 3.108043453517478}, "datetime": {"datetime": "2020-04-24 23:59:17", "elapsed": 419.439216, "delta": 2.815826}}
