{"target": 0.6501012, "params": {"alpha": 0.1661878249662846, "lam": 0.9999292746645366, "max_depth": 5.0, "min_child_weight": 3.0}, "datetime": {"datetime": "2020-04-26 11:19:31", "elapsed": 620.649962, "delta": 1.971132}}
{"target": 0.6500961999999999, "params": {"alpha": 0.9464233142555953, "lam": 0.9999684152205335, "max_depth": 5.0, "min_child_weight": 3.0}, "datetime": {"datetime": "2020-04-26 11:19:33", "elapsed": 622.619545, "delta": 1.969583}}
{"target": 0.6501018000000001, "params": {"alpha": 0.04387705313744972, "lam": 0.9999178913570829, "max_depth": 5.0, "min_child_weight": 3.0}, "datetime": {"datetime": "2020-04-26 11:19:35", "elapsed": 624.799217, "delta": 2.179672}}
{"target": 0.6500999999999999, "params": {"alpha": 0.31450172904983287, "lam": 0.9996101065584385, "max_depth": 5.0, "min_child_weight": 3.0}, "datetime": {"datetime": "2020-04-26 11:19:37", "elapsed": 626.847505, "delta": 2.048288}}
{"target": 0.6484144, "params": {"alpha": 2.044291544380421e-06, "lam": 1.0, "max_depth": 5.0, "min_child_weight": 3.0}, "datetime": {"datetime": "2020-04-26 11:19:39", "elapsed": 628.708922, "delta": 1.861417}}
{"target": 0.650099, "params": {"alpha": 0.5037937018803679, "lam": 0.9998484966970086, "max_depth": 5.0, "min_child_weight": 3.0}, "datetime": {"datetime": "2020-04-26 11:19:41", "elapsed": 630.654046, "delta": 1.945124}}
{"target": 0.6500964, "params": {"alpha": 0.9154422209588242, "lam": 0.9999235020858233, "max_depth": 5.0, "min_child_weight": 3.0}, "datetime": {"datetime": "2020-04-26 11:19:44", "elapsed": 633.007858, "delta": 2.353812}}
{"target": 0.6484135999999999, "params": {"alpha": 0.1031617296406927, "lam": 0.9995163296853972, "max_depth": 5.0, "min_child_weight": 3.0}, "datetime": {"datetime": "2020-04-26 11:19:46", "elapsed": 635.081054, "delta": 2.073196}}
{"target": 0.6501004, "params": {"alpha": 0.24126295096402217, "lam": 0.9998599753803658, "max_depth": 5.0, "min_child_weight": 3.0}, "datetime": {"datetime": "2020-04-26 11:19:48", "elapsed": 637.064922, "delta": 1.983868}}
{"target": 0.6501004, "params": {"alpha": 0.24126295096402217, "lam": 0.9998599753803658, "max_depth": 5.0, "min_child_weight": 3.0}, "datetime": {"datetime": "2020-04-26 11:19:49", "elapsed": 638.275825, "delta": 1.210903}}
{"target": 0.6500991999999999, "params": {"alpha": 0.42880479284723894, "lam": 0.9995871429593742, "max_depth": 5.0, "min_child_weight": 3.0}, "datetime": {"datetime": "2020-04-26 11:19:51", "elapsed": 640.399572, "delta": 2.123747}}
{"target": 0.6500991999999999, "params": {"alpha": 0.42880479284723894, "lam": 0.9995871429593742, "max_depth": 5.0, "min_child_weight": 3.0}, "datetime": {"datetime": "2020-04-26 11:19:52", "elapsed": 641.529404, "delta": 1.129832}}
{"target": 0.650099, "params": {"alpha": 0.4650813191876556, "lam": 0.9994321659675758, "max_depth": 5.0, "min_child_weight": 3.0}, "datetime": {"datetime": "2020-04-26 11:19:54", "elapsed": 643.546576, "delta": 2.017172}}
{"target": 0.6501002, "params": {"alpha": 0.2733729461428174, "lam": 0.9997820434613948, "max_depth": 5.0, "min_child_weight": 3.0}, "datetime": {"datetime": "2020-04-26 11:19:56", "elapsed": 645.450763, "delta": 1.904187}}
{"target": 0.6500994, "params": {"alpha": 0.4089322495658497, "lam": 0.9998528701026398, "max_depth": 5.0, "min_child_weight": 3.0}, "datetime": {"datetime": "2020-04-26 11:19:58", "elapsed": 647.381082, "delta": 1.930319}}
{"target": 0.6500968, "params": {"alpha": 0.8342179350966893, "lam": 0.9999955286255777, "max_depth": 5.0, "min_child_weight": 3.0}, "datetime": {"datetime": "2020-04-26 11:20:00", "elapsed": 649.520613, "delta": 2.139531}}
{"target": 0.6500968, "params": {"alpha": 0.8342179350966893, "lam": 0.9999955286255777, "max_depth": 5.0, "min_child_weight": 3.0}, "datetime": {"datetime": "2020-04-26 11:20:01", "elapsed": 650.587086, "delta": 1.066473}}
{"target": 0.650099, "params": {"alpha": 0.5038707130489375, "lam": 0.9994756846524865, "max_depth": 5.0, "min_child_weight": 3.0}, "datetime": {"datetime": "2020-04-26 11:20:03", "elapsed": 652.791091, "delta": 2.204005}}
{"target": 0.6501002, "params": {"alpha": 0.2851904270831531, "lam": 0.9998670880308866, "max_depth": 5.0, "min_child_weight": 3.0}, "datetime": {"datetime": "2020-04-26 11:20:05", "elapsed": 654.896564, "delta": 2.105473}}
{"target": 0.6500966, "params": {"alpha": 0.8864752142088534, "lam": 0.999935346120748, "max_depth": 5.0, "min_child_weight": 3.0}, "datetime": {"datetime": "2020-04-26 11:20:08", "elapsed": 657.309836, "delta": 2.413272}}
{"target": 0.6501005999999999, "params": {"alpha": 0.25975620208043537, "lam": 0.9999031774563829, "max_depth": 5.0, "min_child_weight": 3.0}, "datetime": {"datetime": "2020-04-26 11:20:10", "elapsed": 659.776034, "delta": 2.466198}}
{"target": 0.6500966, "params": {"alpha": 0.8715240225535696, "lam": 0.9998841706851085, "max_depth": 5.0, "min_child_weight": 3.0}, "datetime": {"datetime": "2020-04-26 11:20:13", "elapsed": 662.461686, "delta": 2.685652}}
{"target": 0.650099, "params": {"alpha": 0.45457198839591073, "lam": 0.9996394105180322, "max_depth": 5.0, "min_child_weight": 3.0}, "datetime": {"datetime": "2020-04-26 11:20:15", "elapsed": 664.851289, "delta": 2.389603}}
{"target": 0.6500986, "params": {"alpha": 0.5264305408313651, "lam": 0.9999297637404087, "max_depth": 5.0, "min_child_weight": 3.0}, "datetime": {"datetime": "2020-04-26 11:20:18", "elapsed": 667.546467, "delta": 2.695178}}
{"target": 0.6500972, "params": {"alpha": 0.8128226366313847, "lam": 0.9997607795081203, "max_depth": 5.0, "min_child_weight": 3.0}, "datetime": {"datetime": "2020-04-26 11:20:20", "elapsed": 669.813577, "delta": 2.26711}}
{"target": 0.6501008, "params": {"alpha": 0.18599546984258308, "lam": 0.9998688635653573, "max_depth": 5.0, "min_child_weight": 3.0}, "datetime": {"datetime": "2020-04-26 11:20:23", "elapsed": 672.392996, "delta": 2.579419}}
{"target": 0.6500969999999999, "params": {"alpha": 0.8431542597975501, "lam": 0.9999061002277954, "max_depth": 5.0, "min_child_weight": 3.0}, "datetime": {"datetime": "2020-04-26 11:20:26", "elapsed": 675.145766, "delta": 2.75277}}
{"target": 0.6500969999999999, "params": {"alpha": 0.8431542597975501, "lam": 0.9999061002277954, "max_depth": 5.0, "min_child_weight": 3.0}, "datetime": {"datetime": "2020-04-26 11:20:28", "elapsed": 677.161385, "delta": 2.015619}}
{"target": 0.6500994, "params": {"alpha": 0.4235800374610219, "lam": 0.9998806987533707, "max_depth": 5.0, "min_child_weight": 3.0}, "datetime": {"datetime": "2020-04-26 11:20:30", "elapsed": 679.552419, "delta": 2.391034}}
{"target": 0.6501007999999999, "params": {"alpha": 0.17929165570987982, "lam": 0.9996630159975953, "max_depth": 5.0, "min_child_weight": 3.0}, "datetime": {"datetime": "2020-04-26 11:20:33", "elapsed": 681.998435, "delta": 2.446016}}
{"target": 0.650099, "params": {"alpha": 0.5023471916238774, "lam": 0.9999138020949423, "max_depth": 5.0, "min_child_weight": 3.0}, "datetime": {"datetime": "2020-04-26 11:20:35", "elapsed": 684.588903, "delta": 2.590468}}
{"target": 0.6500969999999999, "params": {"alpha": 0.8373204770238271, "lam": 0.9997734792258888, "max_depth": 5.0, "min_child_weight": 3.0}, "datetime": {"datetime": "2020-04-26 11:20:37", "elapsed": 686.836388, "delta": 2.247485}}
{"target": 0.6500959999999999, "params": {"alpha": 0.9891951607877675, "lam": 0.9998180236629426, "max_depth": 5.0, "min_child_weight": 3.0}, "datetime": {"datetime": "2020-04-26 11:20:40", "elapsed": 689.479545, "delta": 2.643157}}
{"target": 0.6500959999999999, "params": {"alpha": 0.9891951607877675, "lam": 0.9998180236629426, "max_depth": 5.0, "min_child_weight": 3.0}, "datetime": {"datetime": "2020-04-26 11:20:41", "elapsed": 690.916565, "delta": 1.43702}}
{"target": 0.6500964, "params": {"alpha": 0.8918591063244186, "lam": 0.9997685557740563, "max_depth": 5.0, "min_child_weight": 3.0}, "datetime": {"datetime": "2020-04-26 11:20:44", "elapsed": 693.647908, "delta": 2.731343}}
{"target": 0.6501006, "params": {"alpha": 0.22643183127762434, "lam": 0.9998854019191453, "max_depth": 5.0, "min_child_weight": 3.0}, "datetime": {"datetime": "2020-04-26 11:20:47", "elapsed": 696.385738, "delta": 2.73783}}
{"target": 0.6501006, "params": {"alpha": 0.22643183127762434, "lam": 0.9998854019191453, "max_depth": 5.0, "min_child_weight": 3.0}, "datetime": {"datetime": "2020-04-26 11:20:49", "elapsed": 697.975925, "delta": 1.590187}}
{"target": 0.6501006, "params": {"alpha": 0.20101948584581175, "lam": 0.9998905613460035, "max_depth": 5.0, "min_child_weight": 3.0}, "datetime": {"datetime": "2020-04-26 11:20:51", "elapsed": 700.647024, "delta": 2.671099}}
{"target": 0.6500968, "params": {"alpha": 0.8709177580139758, "lam": 0.9998408748679608, "max_depth": 5.0, "min_child_weight": 3.0}, "datetime": {"datetime": "2020-04-26 11:20:54", "elapsed": 703.278819, "delta": 2.631795}}
{"target": 0.6500999999999999, "params": {"alpha": 0.30980103134972203, "lam": 0.9999471638077962, "max_depth": 5.0, "min_child_weight": 3.0}, "datetime": {"datetime": "2020-04-26 11:20:56", "elapsed": 705.873562, "delta": 2.594743}}
{"target": 0.6500996, "params": {"alpha": 0.3873533825146337, "lam": 0.9996982330615136, "max_depth": 5.0, "min_child_weight": 3.0}, "datetime": {"datetime": "2020-04-26 11:20:59", "elapsed": 708.41067, "delta": 2.537108}}
{"target": 0.6500986000000001, "params": {"alpha": 0.5391097016442963, "lam": 0.9997237799216502, "max_depth": 5.0, "min_child_weight": 3.0}, "datetime": {"datetime": "2020-04-26 11:21:01", "elapsed": 710.777254, "delta": 2.366584}}
{"target": 0.6500998, "params": {"alpha": 0.34804246770300695, "lam": 0.9999443662215952, "max_depth": 5.0, "min_child_weight": 3.0}, "datetime": {"datetime": "2020-04-26 11:21:04", "elapsed": 713.677201, "delta": 2.899947}}
{"target": 0.6500958000000001, "params": {"alpha": 0.9989311322977191, "lam": 0.9998341095260765, "max_depth": 5.0, "min_child_weight": 3.0}, "datetime": {"datetime": "2020-04-26 11:21:07", "elapsed": 716.062641, "delta": 2.38544}}
{"target": 0.650096, "params": {"alpha": 0.9912820658290679, "lam": 0.9999695906890337, "max_depth": 5.0, "min_child_weight": 3.0}, "datetime": {"datetime": "2020-04-26 11:21:09", "elapsed": 718.79289, "delta": 2.730249}}
{"target": 0.6501007999999999, "params": {"alpha": 0.19176356005340878, "lam": 0.9999491807887114, "max_depth": 5.0, "min_child_weight": 3.0}, "datetime": {"datetime": "2020-04-26 11:21:12", "elapsed": 721.534465, "delta": 2.741575}}
{"target": 0.6500966, "params": {"alpha": 0.9171999749259305, "lam": 0.9997699704524834, "max_depth": 5.0, "min_child_weight": 3.0}, "datetime": {"datetime": "2020-04-26 11:21:15", "elapsed": 724.312996, "delta": 2.778531}}
{"target": 0.6500998, "params": {"alpha": 0.3657192720950766, "lam": 0.9999612461803444, "max_depth": 5.0, "min_child_weight": 3.0}, "datetime": {"datetime": "2020-04-26 11:21:18", "elapsed": 727.05922, "delta": 2.746224}}
{"target": 0.6500988000000001, "params": {"alpha": 0.5047346272560382, "lam": 0.9996327697266006, "max_depth": 5.0, "min_child_weight": 3.0}, "datetime": {"datetime": "2020-04-26 11:21:20", "elapsed": 729.392818, "delta": 2.333598}}
{"target": 0.6500961999999999, "params": {"alpha": 0.9276530450239293, "lam": 0.9998195607156266, "max_depth": 5.0, "min_child_weight": 3.0}, "datetime": {"datetime": "2020-04-26 11:21:23", "elapsed": 731.967994, "delta": 2.575176}}
{"target": 0.6500958, "params": {"alpha": 0.995751617289035, "lam": 0.9999011112825796, "max_depth": 5.0, "min_child_weight": 3.0}, "datetime": {"datetime": "2020-04-26 11:21:25", "elapsed": 734.64758, "delta": 2.679586}}
{"target": 0.6501, "params": {"alpha": 0.32617898721380323, "lam": 0.999648424890937, "max_depth": 5.0, "min_child_weight": 3.0}, "datetime": {"datetime": "2020-04-26 11:21:28", "elapsed": 737.243351, "delta": 2.595771}}
{"target": 0.6500994, "params": {"alpha": 0.43742405554906216, "lam": 0.9999635106799308, "max_depth": 5.0, "min_child_weight": 3.0}, "datetime": {"datetime": "2020-04-26 11:21:30", "elapsed": 739.916551, "delta": 2.6732}}
{"target": 0.6500999999999999, "params": {"alpha": 0.3195844737606346, "lam": 0.9998973767407237, "max_depth": 5.0, "min_child_weight": 3.0}, "datetime": {"datetime": "2020-04-26 11:21:34", "elapsed": 742.918794, "delta": 3.002243}}
{"target": 0.6501014, "params": {"alpha": 0.12053533129827265, "lam": 0.9998875600451747, "max_depth": 5.0, "min_child_weight": 3.0}, "datetime": {"datetime": "2020-04-26 11:21:36", "elapsed": 745.723668, "delta": 2.804874}}
{"target": 0.6501013999999999, "params": {"alpha": 0.09268362638518646, "lam": 0.9997145673923953, "max_depth": 5.0, "min_child_weight": 3.0}, "datetime": {"datetime": "2020-04-26 11:21:39", "elapsed": 748.296093, "delta": 2.572425}}
{"target": 0.6500968, "params": {"alpha": 0.8442479257693637, "lam": 0.9996123115836609, "max_depth": 5.0, "min_child_weight": 3.0}, "datetime": {"datetime": "2020-04-26 11:21:42", "elapsed": 750.936894, "delta": 2.640801}}
{"target": 0.6500964, "params": {"alpha": 0.916118305163774, "lam": 0.9997497432452797, "max_depth": 5.0, "min_child_weight": 3.0}, "datetime": {"datetime": "2020-04-26 11:21:44", "elapsed": 753.729615, "delta": 2.792721}}
{"target": 0.6500984, "params": {"alpha": 0.5576998052425746, "lam": 0.9999513359699286, "max_depth": 5.0, "min_child_weight": 3.0}, "datetime": {"datetime": "2020-04-26 11:21:47", "elapsed": 756.484018, "delta": 2.754403}}
{"target": 0.6500988000000001, "params": {"alpha": 0.534743704697713, "lam": 0.9999076636421559, "max_depth": 5.0, "min_child_weight": 3.0}, "datetime": {"datetime": "2020-04-26 11:21:50", "elapsed": 759.386954, "delta": 2.902936}}
{"target": 0.6501002, "params": {"alpha": 0.30095636299020323, "lam": 0.9997778379804824, "max_depth": 5.0, "min_child_weight": 3.0}, "datetime": {"datetime": "2020-04-26 11:21:53", "elapsed": 762.381321, "delta": 2.994367}}
{"target": 0.6500992, "params": {"alpha": 0.4759376723943045, "lam": 0.9999772296996114, "max_depth": 5.0, "min_child_weight": 3.0}, "datetime": {"datetime": "2020-04-26 11:21:56", "elapsed": 765.118447, "delta": 2.737126}}
{"target": 0.6500968, "params": {"alpha": 0.8551398731773426, "lam": 0.9998043927972486, "max_depth": 5.0, "min_child_weight": 3.0}, "datetime": {"datetime": "2020-04-26 11:21:58", "elapsed": 767.888369, "delta": 2.769922}}
{"target": 0.6500966, "params": {"alpha": 0.9040599574378705, "lam": 0.9999280078342322, "max_depth": 5.0, "min_child_weight": 3.0}, "datetime": {"datetime": "2020-04-26 11:22:01", "elapsed": 770.635369, "delta": 2.747}}
{"target": 0.650101, "params": {"alpha": 0.17842713575420666, "lam": 0.9998466577676577, "max_depth": 5.0, "min_child_weight": 3.0}, "datetime": {"datetime": "2020-04-26 11:22:04", "elapsed": 773.094694, "delta": 2.459325}}
{"target": 0.6500961999999999, "params": {"alpha": 0.9495591491737918, "lam": 0.9999875328742055, "max_depth": 5.0, "min_child_weight": 3.0}, "datetime": {"datetime": "2020-04-26 11:22:07", "elapsed": 776.153387, "delta": 3.058693}}
{"target": 0.6500984, "params": {"alpha": 0.5512576596266754, "lam": 0.9998464212920776, "max_depth": 5.0, "min_child_weight": 3.0}, "datetime": {"datetime": "2020-04-26 11:22:09", "elapsed": 778.757622, "delta": 2.604235}}
{"target": 0.6501006, "params": {"alpha": 0.24493771410474086, "lam": 0.9999180889869855, "max_depth": 5.0, "min_child_weight": 3.0}, "datetime": {"datetime": "2020-04-26 11:22:12", "elapsed": 781.476252, "delta": 2.71863}}
{"target": 0.6500966, "params": {"alpha": 0.8481545687658761, "lam": 0.9994918082955669, "max_depth": 5.0, "min_child_weight": 3.0}, "datetime": {"datetime": "2020-04-26 11:22:15", "elapsed": 784.257126, "delta": 2.780874}}
{"target": 0.6500966, "params": {"alpha": 0.8481545687658761, "lam": 0.9994918082955669, "max_depth": 5.0, "min_child_weight": 3.0}, "datetime": {"datetime": "2020-04-26 11:22:17", "elapsed": 786.174612, "delta": 1.917486}}
{"target": 0.6500996, "params": {"alpha": 0.41006714165880875, "lam": 0.9995927695024517, "max_depth": 5.0, "min_child_weight": 3.0}, "datetime": {"datetime": "2020-04-26 11:22:19", "elapsed": 788.906, "delta": 2.731388}}
{"target": 0.650099, "params": {"alpha": 0.4781847453612167, "lam": 0.9999881795136035, "max_depth": 5.0, "min_child_weight": 3.0}, "datetime": {"datetime": "2020-04-26 11:22:22", "elapsed": 791.917423, "delta": 3.011423}}
{"target": 0.6500986, "params": {"alpha": 0.5467362539251516, "lam": 0.999982713927858, "max_depth": 5.0, "min_child_weight": 3.0}, "datetime": {"datetime": "2020-04-26 11:22:25", "elapsed": 794.833956, "delta": 2.916533}}
{"target": 0.6500959999999999, "params": {"alpha": 0.9713409208077854, "lam": 0.9999348651721365, "max_depth": 5.0, "min_child_weight": 3.0}, "datetime": {"datetime": "2020-04-26 11:22:28", "elapsed": 797.699507, "delta": 2.865551}}
{"target": 0.6500999999999999, "params": {"alpha": 0.3288709696477059, "lam": 0.9998992827421607, "max_depth": 5.0, "min_child_weight": 3.0}, "datetime": {"datetime": "2020-04-26 11:22:31", "elapsed": 800.495953, "delta": 2.796446}}
{"target": 0.6500994, "params": {"alpha": 0.4218039493601973, "lam": 0.9998874050185361, "max_depth": 5.0, "min_child_weight": 3.0}, "datetime": {"datetime": "2020-04-26 11:22:34", "elapsed": 803.313632, "delta": 2.817679}}
{"target": 0.6500996000000001, "params": {"alpha": 0.3616077163388436, "lam": 0.9994449595475329, "max_depth": 5.0, "min_child_weight": 3.0}, "datetime": {"datetime": "2020-04-26 11:22:37", "elapsed": 806.42167, "delta": 3.108038}}
{"target": 0.6501013999999999, "params": {"alpha": 0.14115922510925893, "lam": 0.9998825610743577, "max_depth": 5.0, "min_child_weight": 3.0}, "datetime": {"datetime": "2020-04-26 11:22:40", "elapsed": 809.430448, "delta": 3.008778}}
{"target": 0.6500996000000001, "params": {"alpha": 0.37140070775533196, "lam": 0.9999528822504845, "max_depth": 5.0, "min_child_weight": 3.0}, "datetime": {"datetime": "2020-04-26 11:22:43", "elapsed": 812.295226, "delta": 2.864778}}
{"target": 0.6500994, "params": {"alpha": 0.3823335073630658, "lam": 0.9999442503676795, "max_depth": 5.0, "min_child_weight": 3.0}, "datetime": {"datetime": "2020-04-26 11:22:46", "elapsed": 815.217888, "delta": 2.922662}}
{"target": 0.6501006, "params": {"alpha": 0.21488104546497555, "lam": 0.999618363672633, "max_depth": 5.0, "min_child_weight": 3.0}, "datetime": {"datetime": "2020-04-26 11:22:49", "elapsed": 818.085798, "delta": 2.86791}}
{"target": 0.650099, "params": {"alpha": 0.49124408218387394, "lam": 0.9996793647109271, "max_depth": 5.0, "min_child_weight": 3.0}, "datetime": {"datetime": "2020-04-26 11:22:52", "elapsed": 820.923669, "delta": 2.837871}}
{"target": 0.6501016, "params": {"alpha": 0.08707882167334646, "lam": 0.9999085107838206, "max_depth": 5.0, "min_child_weight": 3.0}, "datetime": {"datetime": "2020-04-26 11:22:54", "elapsed": 823.677625, "delta": 2.753956}}
{"target": 0.6500990000000001, "params": {"alpha": 0.47816506238661716, "lam": 0.9998224248187587, "max_depth": 5.0, "min_child_weight": 3.0}, "datetime": {"datetime": "2020-04-26 11:22:58", "elapsed": 826.987003, "delta": 3.309378}}
{"target": 0.6500969999999999, "params": {"alpha": 0.8241766855164999, "lam": 0.9999366875661964, "max_depth": 5.0, "min_child_weight": 3.0}, "datetime": {"datetime": "2020-04-26 11:23:00", "elapsed": 829.785744, "delta": 2.798741}}
{"target": 0.6500968, "params": {"alpha": 0.8475218723658318, "lam": 0.9999278898702192, "max_depth": 5.0, "min_child_weight": 3.0}, "datetime": {"datetime": "2020-04-26 11:23:03", "elapsed": 832.660045, "delta": 2.874301}}
{"target": 0.6500964, "params": {"alpha": 0.8930314015050163, "lam": 0.9996578247469666, "max_depth": 5.0, "min_child_weight": 3.0}, "datetime": {"datetime": "2020-04-26 11:23:07", "elapsed": 836.031924, "delta": 3.371879}}
{"target": 0.6500995999999999, "params": {"alpha": 0.3635930809710196, "lam": 0.9997370861537084, "max_depth": 5.0, "min_child_weight": 3.0}, "datetime": {"datetime": "2020-04-26 11:23:10", "elapsed": 839.054666, "delta": 3.022742}}
{"target": 0.6500995999999999, "params": {"alpha": 0.3635930809710196, "lam": 0.9997370861537084, "max_depth": 5.0, "min_child_weight": 3.0}, "datetime": {"datetime": "2020-04-26 11:23:12", "elapsed": 840.983439, "delta": 1.928773}}
{"target": 0.6501008, "params": {"alpha": 0.22536707070995454, "lam": 0.9999333204135816, "max_depth": 5.0, "min_child_weight": 3.0}, "datetime": {"datetime": "2020-04-26 11:23:15", "elapsed": 844.027548, "delta": 3.044109}}
{"target": 0.6501016, "params": {"alpha": 0.070797302117515, "lam": 0.9997673007738517, "max_depth": 5.0, "min_child_weight": 3.0}, "datetime": {"datetime": "2020-04-26 11:23:18", "elapsed": 847.059464, "delta": 3.031916}}
{"target": 0.6500961999999999, "params": {"alpha": 0.9633249073235706, "lam": 0.9998951859311628, "max_depth": 5.0, "min_child_weight": 3.0}, "datetime": {"datetime": "2020-04-26 11:23:21", "elapsed": 849.92971, "delta": 2.870246}}
{"target": 0.6501002, "params": {"alpha": 0.2765229814272999, "lam": 0.9997698130436413, "max_depth": 5.0, "min_child_weight": 3.0}, "datetime": {"datetime": "2020-04-26 11:23:24", "elapsed": 853.169751, "delta": 3.240041}}
{"target": 0.6501008, "params": {"alpha": 0.15553612199265, "lam": 0.9998111917407342, "max_depth": 5.0, "min_child_weight": 3.0}, "datetime": {"datetime": "2020-04-26 11:23:27", "elapsed": 856.120539, "delta": 2.950788}}
{"target": 0.6501004, "params": {"alpha": 0.27733969254792856, "lam": 0.9995228395944891, "max_depth": 5.0, "min_child_weight": 3.0}, "datetime": {"datetime": "2020-04-26 11:23:30", "elapsed": 859.397295, "delta": 3.276756}}
{"target": 0.6500999999999999, "params": {"alpha": 0.3458344838143437, "lam": 0.9998498507621334, "max_depth": 5.0, "min_child_weight": 3.0}, "datetime": {"datetime": "2020-04-26 11:23:33", "elapsed": 862.448531, "delta": 3.051236}}
