{"target": 0.6419316, "params": {"alpha": 0.10181112308228013, "colsample_bytree": 0.8094249384751213, "lam": 0.9999972492245628, "max_depth": 5.0, "min_child_weight": 3.0, "subsample": 0.8248725304661386}, "datetime": {"datetime": "2020-04-24 19:37:46", "elapsed": 1751.177159, "delta": 4.122405}}
{"target": 0.6444006, "params": {"alpha": 0.10181112308228013, "colsample_bytree": 0.8100102986676085, "lam": 0.9999972492245628, "max_depth": 5.0, "min_child_weight": 3.0, "subsample": 0.8219937498117373}, "datetime": {"datetime": "2020-04-24 19:37:50", "elapsed": 1755.38729, "delta": 4.210131}}
{"target": 0.6419314, "params": {"alpha": 0.10181112308228013, "colsample_bytree": 0.8068051216449985, "lam": 0.9999972492245628, "max_depth": 5.0, "min_child_weight": 3.0, "subsample": 0.8248256977930271}, "datetime": {"datetime": "2020-04-24 19:37:55", "elapsed": 1760.050849, "delta": 4.663559}}
