{"target": 0.651096, "params": {"alpha": 0.3733400260556232, "lam": 0.9151897036106784, "max_depth": 9.0, "min_child_weight": 9.0}, "datetime": {"datetime": "2020-04-24 20:27:22", "elapsed": 693.42601, "delta": 2.195013}}
{"target": 0.6469216, "params": {"alpha": 0.7956029438016669, "lam": 0.9988283147364493, "max_depth": 9.0, "min_child_weight": 9.0}, "datetime": {"datetime": "2020-04-24 20:27:24", "elapsed": 695.317303, "delta": 1.891293}}
{"target": 0.6482456, "params": {"alpha": 0.000897887897689631, "lam": 0.9062477166170025, "max_depth": 9.0, "min_child_weight": 9.0}, "datetime": {"datetime": "2020-04-24 20:27:26", "elapsed": 697.468821, "delta": 2.151518}}
{"target": 0.646315, "params": {"alpha": 0.6698266647982561, "lam": 0.9971793751120595, "max_depth": 9.0, "min_child_weight": 9.0}, "datetime": {"datetime": "2020-04-24 20:27:28", "elapsed": 699.420323, "delta": 1.951502}}
{"target": 0.6446238, "params": {"alpha": 0.34136289848847534, "lam": 0.9309759155666263, "max_depth": 9.0, "min_child_weight": 9.0}, "datetime": {"datetime": "2020-04-24 20:27:30", "elapsed": 701.55647, "delta": 2.136147}}
{"target": 0.6491136, "params": {"alpha": 0.0015871628303321117, "lam": 0.9114707121009554, "max_depth": 9.0, "min_child_weight": 9.0}, "datetime": {"datetime": "2020-04-24 20:27:32", "elapsed": 703.523222, "delta": 1.966752}}
{"target": 0.6485074, "params": {"alpha": 0.0003780421034237369, "lam": 0.8918301961767539, "max_depth": 9.0, "min_child_weight": 9.0}, "datetime": {"datetime": "2020-04-24 20:27:34", "elapsed": 705.683492, "delta": 2.16027}}
{"target": 0.646667, "params": {"alpha": 0.002181995422358418, "lam": 0.9356227593678219, "max_depth": 9.0, "min_child_weight": 9.0}, "datetime": {"datetime": "2020-04-24 20:27:37", "elapsed": 707.914157, "delta": 2.230665}}
{"target": 0.646944, "params": {"alpha": 0.0003874410932844796, "lam": 0.8511353884529025, "max_depth": 9.0, "min_child_weight": 9.0}, "datetime": {"datetime": "2020-04-24 20:27:39", "elapsed": 710.11783, "delta": 2.203673}}
{"target": 0.6484112000000001, "params": {"alpha": 0.38253082074232536, "lam": 0.9245589179747543, "max_depth": 9.0, "min_child_weight": 9.0}, "datetime": {"datetime": "2020-04-24 20:27:41", "elapsed": 712.25444, "delta": 2.13661}}
{"target": 0.650412, "params": {"alpha": 0.3875041874927969, "lam": 0.9192757289226882, "max_depth": 9.0, "min_child_weight": 9.0}, "datetime": {"datetime": "2020-04-24 20:27:43", "elapsed": 714.334717, "delta": 2.080277}}
{"target": 0.6503368, "params": {"alpha": 0.3772254860852309, "lam": 0.9180510978713439, "max_depth": 9.0, "min_child_weight": 9.0}, "datetime": {"datetime": "2020-04-24 20:27:45", "elapsed": 716.381201, "delta": 2.046484}}
{"target": 0.64998, "params": {"alpha": 0.36697130710758485, "lam": 0.9202671668366272, "max_depth": 9.0, "min_child_weight": 9.0}, "datetime": {"datetime": "2020-04-24 20:27:47", "elapsed": 718.530617, "delta": 2.149416}}
{"target": 0.6484086, "params": {"alpha": 0.38059873107576225, "lam": 0.9237001590037656, "max_depth": 9.0, "min_child_weight": 9.0}, "datetime": {"datetime": "2020-04-24 20:27:49", "elapsed": 720.679472, "delta": 2.148855}}
{"target": 0.6487992, "params": {"alpha": 0.36784776128275887, "lam": 0.9255766380188507, "max_depth": 9.0, "min_child_weight": 9.0}, "datetime": {"datetime": "2020-04-24 20:27:52", "elapsed": 723.031882, "delta": 2.35241}}
{"target": 0.6503357999999999, "params": {"alpha": 0.37214805094250814, "lam": 0.9174526372270202, "max_depth": 9.0, "min_child_weight": 9.0}, "datetime": {"datetime": "2020-04-24 20:27:54", "elapsed": 725.336997, "delta": 2.305115}}
{"target": 0.6487132000000001, "params": {"alpha": 0.37178424785824027, "lam": 0.9252628036738433, "max_depth": 9.0, "min_child_weight": 9.0}, "datetime": {"datetime": "2020-04-24 20:27:56", "elapsed": 727.370199, "delta": 2.033202}}
{"target": 0.6499933999999999, "params": {"alpha": 0.3840010868074685, "lam": 0.9208555017135176, "max_depth": 9.0, "min_child_weight": 9.0}, "datetime": {"datetime": "2020-04-24 20:27:58", "elapsed": 729.509948, "delta": 2.139749}}
{"target": 0.6503354, "params": {"alpha": 0.3741264551085429, "lam": 0.9174022294515694, "max_depth": 9.0, "min_child_weight": 9.0}, "datetime": {"datetime": "2020-04-24 20:28:00", "elapsed": 731.696146, "delta": 2.186198}}
{"target": 0.6484104000000002, "params": {"alpha": 0.3671035445606805, "lam": 0.9243483429087391, "max_depth": 9.0, "min_child_weight": 9.0}, "datetime": {"datetime": "2020-04-24 20:28:03", "elapsed": 733.800879, "delta": 2.104733}}
{"target": 0.6474246, "params": {"alpha": 0.3588470768637171, "lam": 0.923286465837088, "max_depth": 9.0, "min_child_weight": 9.0}, "datetime": {"datetime": "2020-04-24 20:28:05", "elapsed": 736.197678, "delta": 2.396799}}
{"target": 0.6508896, "params": {"alpha": 0.379231638262425, "lam": 0.9092837253641145, "max_depth": 9.0, "min_child_weight": 9.0}, "datetime": {"datetime": "2020-04-24 20:28:07", "elapsed": 738.381289, "delta": 2.183611}}
{"target": 0.650412, "params": {"alpha": 0.3951208307765324, "lam": 0.9191774737299063, "max_depth": 9.0, "min_child_weight": 9.0}, "datetime": {"datetime": "2020-04-24 20:28:09", "elapsed": 740.568512, "delta": 2.187223}}
{"target": 0.6505485999999999, "params": {"alpha": 0.37770192556651383, "lam": 0.9053477444953787, "max_depth": 9.0, "min_child_weight": 9.0}, "datetime": {"datetime": "2020-04-24 20:28:11", "elapsed": 742.626206, "delta": 2.057694}}
{"target": 0.6503334, "params": {"alpha": 0.39361201229145937, "lam": 0.9164644579811265, "max_depth": 9.0, "min_child_weight": 9.0}, "datetime": {"datetime": "2020-04-24 20:28:14", "elapsed": 745.186423, "delta": 2.560217}}
{"target": 0.6358886, "params": {"alpha": 0.0, "lam": 0.18585188702324207, "max_depth": 9.0, "min_child_weight": 9.0}, "datetime": {"datetime": "2020-04-24 20:28:16", "elapsed": 747.350553, "delta": 2.16413}}
{"target": 0.6508887999999999, "params": {"alpha": 0.3927567919156997, "lam": 0.9089912504106409, "max_depth": 9.0, "min_child_weight": 9.0}, "datetime": {"datetime": "2020-04-24 20:28:19", "elapsed": 749.861646, "delta": 2.511093}}
{"target": 0.6507042000000001, "params": {"alpha": 0.38548349150919925, "lam": 0.9067719022887555, "max_depth": 9.0, "min_child_weight": 9.0}, "datetime": {"datetime": "2020-04-24 20:28:21", "elapsed": 752.488975, "delta": 2.627329}}
{"target": 0.6512156, "params": {"alpha": 0.38616902281682486, "lam": 0.908535170304048, "max_depth": 9.0, "min_child_weight": 9.0}, "datetime": {"datetime": "2020-04-24 20:28:24", "elapsed": 755.063275, "delta": 2.5743}}
{"target": 0.6462878, "params": {"alpha": 0.8943620896778024, "lam": 0.9996832108795288, "max_depth": 9.0, "min_child_weight": 9.0}, "datetime": {"datetime": "2020-04-24 20:28:27", "elapsed": 757.828823, "delta": 2.765548}}
{"target": 0.6503344, "params": {"alpha": 0.3837633934218777, "lam": 0.9169681963666467, "max_depth": 9.0, "min_child_weight": 9.0}, "datetime": {"datetime": "2020-04-24 20:28:29", "elapsed": 760.376289, "delta": 2.547466}}
{"target": 0.6510562, "params": {"alpha": 0.37482581910644563, "lam": 0.9131534079806708, "max_depth": 9.0, "min_child_weight": 9.0}, "datetime": {"datetime": "2020-04-24 20:28:32", "elapsed": 763.202069, "delta": 2.82578}}
{"target": 0.6520618, "params": {"alpha": 0.38379823696687365, "lam": 0.8987089065979507, "max_depth": 9.0, "min_child_weight": 9.0}, "datetime": {"datetime": "2020-04-24 20:28:34", "elapsed": 765.638481, "delta": 2.436412}}
{"target": 0.6468064, "params": {"alpha": 0.9977181976024424, "lam": 0.8612331770215099, "max_depth": 9.0, "min_child_weight": 9.0}, "datetime": {"datetime": "2020-04-24 20:28:37", "elapsed": 768.417892, "delta": 2.779411}}
{"target": 0.6271518, "params": {"alpha": 0.8222707136692571, "lam": 0.0028811527440254503, "max_depth": 9.0, "min_child_weight": 9.0}, "datetime": {"datetime": "2020-04-24 20:28:40", "elapsed": 771.722666, "delta": 3.304774}}
{"target": 0.6457200000000001, "params": {"alpha": 0.9990393566969906, "lam": 0.9191630061039335, "max_depth": 9.0, "min_child_weight": 9.0}, "datetime": {"datetime": "2020-04-24 20:28:43", "elapsed": 774.120383, "delta": 2.397717}}
{"target": 0.6503336, "params": {"alpha": 0.3780196246567826, "lam": 0.9166432305436752, "max_depth": 9.0, "min_child_weight": 9.0}, "datetime": {"datetime": "2020-04-24 20:28:46", "elapsed": 776.912433, "delta": 2.79205}}
{"target": 0.6505496000000001, "params": {"alpha": 0.38362021547958136, "lam": 0.9068959124788389, "max_depth": 9.0, "min_child_weight": 9.0}, "datetime": {"datetime": "2020-04-24 20:28:48", "elapsed": 779.148646, "delta": 2.236213}}
{"target": 0.6365160000000001, "params": {"alpha": 5.178580483045092e-05, "lam": 0.6247187686601947, "max_depth": 9.0, "min_child_weight": 9.0}, "datetime": {"datetime": "2020-04-24 20:28:51", "elapsed": 782.025384, "delta": 2.876738}}
{"target": 0.6477218, "params": {"alpha": 0.37832469808925306, "lam": 0.9006041440294168, "max_depth": 9.0, "min_child_weight": 9.0}, "datetime": {"datetime": "2020-04-24 20:28:53", "elapsed": 784.360768, "delta": 2.335384}}
{"target": 0.6505487999999999, "params": {"alpha": 0.3840192032898704, "lam": 0.9065822974163464, "max_depth": 9.0, "min_child_weight": 9.0}, "datetime": {"datetime": "2020-04-24 20:28:56", "elapsed": 786.997506, "delta": 2.636738}}
{"target": 0.6510592, "params": {"alpha": 0.37526269926579614, "lam": 0.908001211165812, "max_depth": 9.0, "min_child_weight": 9.0}, "datetime": {"datetime": "2020-04-24 20:28:59", "elapsed": 789.771199, "delta": 2.773693}}
{"target": 0.6503958, "params": {"alpha": 0.3838040968708766, "lam": 0.9099196983366902, "max_depth": 9.0, "min_child_weight": 9.0}, "datetime": {"datetime": "2020-04-24 20:29:01", "elapsed": 792.679356, "delta": 2.908157}}
{"target": 0.651656, "params": {"alpha": 0.38063436747449475, "lam": 0.8992209792872903, "max_depth": 9.0, "min_child_weight": 9.0}, "datetime": {"datetime": "2020-04-24 20:29:04", "elapsed": 795.739265, "delta": 3.059909}}
{"target": 0.6505485999999999, "params": {"alpha": 0.37994262839046533, "lam": 0.9053414633502762, "max_depth": 9.0, "min_child_weight": 9.0}, "datetime": {"datetime": "2020-04-24 20:29:07", "elapsed": 798.347984, "delta": 2.608719}}
{"target": 0.635883, "params": {"alpha": 0.4109970132803419, "lam": 0.14650356165647338, "max_depth": 9.0, "min_child_weight": 9.0}, "datetime": {"datetime": "2020-04-24 20:29:10", "elapsed": 801.070778, "delta": 2.722794}}
{"target": 0.651656, "params": {"alpha": 0.3769636002691771, "lam": 0.8992492199900766, "max_depth": 9.0, "min_child_weight": 9.0}, "datetime": {"datetime": "2020-04-24 20:29:13", "elapsed": 803.837379, "delta": 2.766601}}
{"target": 0.6306061999999999, "params": {"alpha": 0.13988112045334444, "lam": 0.0932471278428475, "max_depth": 9.0, "min_child_weight": 9.0}, "datetime": {"datetime": "2020-04-24 20:29:16", "elapsed": 807.282049, "delta": 3.44467}}
{"target": 0.6476748000000001, "params": {"alpha": 0.3728724237759119, "lam": 0.9001015219779789, "max_depth": 9.0, "min_child_weight": 9.0}, "datetime": {"datetime": "2020-04-24 20:29:19", "elapsed": 810.251498, "delta": 2.969449}}
{"target": 0.6520269999999999, "params": {"alpha": 0.3793194274121049, "lam": 0.8980237489777065, "max_depth": 9.0, "min_child_weight": 9.0}, "datetime": {"datetime": "2020-04-24 20:29:22", "elapsed": 813.31576, "delta": 3.064262}}
{"target": 0.6505496000000001, "params": {"alpha": 0.3770365740138446, "lam": 0.905683633236968, "max_depth": 9.0, "min_child_weight": 9.0}, "datetime": {"datetime": "2020-04-24 20:29:25", "elapsed": 816.491503, "delta": 3.175743}}
{"target": 0.6505476, "params": {"alpha": 0.3801298743163407, "lam": 0.9060398932370988, "max_depth": 9.0, "min_child_weight": 9.0}, "datetime": {"datetime": "2020-04-24 20:29:28", "elapsed": 819.221027, "delta": 2.729524}}
{"target": 0.6485526, "params": {"alpha": 0.37325347048972213, "lam": 0.8915008667615015, "max_depth": 9.0, "min_child_weight": 9.0}, "datetime": {"datetime": "2020-04-24 20:29:31", "elapsed": 822.161873, "delta": 2.940846}}
{"target": 0.6505478, "params": {"alpha": 0.37840052333540186, "lam": 0.9061579237422767, "max_depth": 9.0, "min_child_weight": 9.0}, "datetime": {"datetime": "2020-04-24 20:29:34", "elapsed": 825.270139, "delta": 3.108266}}
{"target": 0.650704, "params": {"alpha": 0.38643146265691863, "lam": 0.9066795058511169, "max_depth": 9.0, "min_child_weight": 9.0}, "datetime": {"datetime": "2020-04-24 20:29:37", "elapsed": 828.052059, "delta": 2.78192}}
{"target": 0.6504602, "params": {"alpha": 0.38508010024845196, "lam": 0.903924103214662, "max_depth": 9.0, "min_child_weight": 9.0}, "datetime": {"datetime": "2020-04-24 20:29:40", "elapsed": 830.91604, "delta": 2.863981}}
{"target": 0.644837, "params": {"alpha": 0.08303270547059738, "lam": 0.9564698915659611, "max_depth": 9.0, "min_child_weight": 9.0}, "datetime": {"datetime": "2020-04-24 20:29:42", "elapsed": 833.686788, "delta": 2.770748}}
{"target": 0.6505487999999999, "params": {"alpha": 0.38104023722401614, "lam": 0.9066435483039974, "max_depth": 9.0, "min_child_weight": 9.0}, "datetime": {"datetime": "2020-04-24 20:29:45", "elapsed": 836.589081, "delta": 2.902293}}
{"target": 0.647675, "params": {"alpha": 0.38023150069257183, "lam": 0.9002336142427594, "max_depth": 9.0, "min_child_weight": 9.0}, "datetime": {"datetime": "2020-04-24 20:29:48", "elapsed": 839.683188, "delta": 3.094107}}
{"target": 0.6505478, "params": {"alpha": 0.38362653813485714, "lam": 0.9061722045789348, "max_depth": 9.0, "min_child_weight": 9.0}, "datetime": {"datetime": "2020-04-24 20:29:51", "elapsed": 842.533888, "delta": 2.8507}}
{"target": 0.6510954, "params": {"alpha": 0.37515141852020406, "lam": 0.914829143924574, "max_depth": 9.0, "min_child_weight": 9.0}, "datetime": {"datetime": "2020-04-24 20:29:54", "elapsed": 845.666389, "delta": 3.132501}}
{"target": 0.6510572000000001, "params": {"alpha": 0.3758330029979826, "lam": 0.9136475970295526, "max_depth": 9.0, "min_child_weight": 9.0}, "datetime": {"datetime": "2020-04-24 20:29:57", "elapsed": 848.63761, "delta": 2.971221}}
{"target": 0.6510556000000001, "params": {"alpha": 0.37932255113149016, "lam": 0.9129342098905481, "max_depth": 9.0, "min_child_weight": 9.0}, "datetime": {"datetime": "2020-04-24 20:30:00", "elapsed": 851.530043, "delta": 2.892433}}
{"target": 0.6482122, "params": {"alpha": 0.3801042514103673, "lam": 0.9021557293247994, "max_depth": 9.0, "min_child_weight": 9.0}, "datetime": {"datetime": "2020-04-24 20:30:04", "elapsed": 854.881442, "delta": 3.351399}}
{"target": 0.6511004, "params": {"alpha": 0.3727862700063873, "lam": 0.9169478533531562, "max_depth": 9.0, "min_child_weight": 9.0}, "datetime": {"datetime": "2020-04-24 20:30:07", "elapsed": 857.912137, "delta": 3.030695}}
{"target": 0.650804, "params": {"alpha": 0.3838324362215856, "lam": 0.9143967121566955, "max_depth": 9.0, "min_child_weight": 9.0}, "datetime": {"datetime": "2020-04-24 20:30:09", "elapsed": 860.516569, "delta": 2.604432}}
{"target": 0.651058, "params": {"alpha": 0.37160473130355576, "lam": 0.9139337064001174, "max_depth": 9.0, "min_child_weight": 9.0}, "datetime": {"datetime": "2020-04-24 20:30:12", "elapsed": 863.710172, "delta": 3.193603}}
{"target": 0.651099, "params": {"alpha": 0.37283316464311644, "lam": 0.9162973325480503, "max_depth": 9.0, "min_child_weight": 9.0}, "datetime": {"datetime": "2020-04-24 20:30:16", "elapsed": 866.938739, "delta": 3.228567}}
{"target": 0.6431526000000001, "params": {"alpha": 0.596726793184417, "lam": 0.9370677966987375, "max_depth": 9.0, "min_child_weight": 9.0}, "datetime": {"datetime": "2020-04-24 20:30:19", "elapsed": 869.988563, "delta": 3.049824}}
{"target": 0.6504584, "params": {"alpha": 0.3877919757953179, "lam": 0.9030937232567449, "max_depth": 9.0, "min_child_weight": 9.0}, "datetime": {"datetime": "2020-04-24 20:30:22", "elapsed": 873.172593, "delta": 3.18403}}
{"target": 0.6503946, "params": {"alpha": 0.3778722838957612, "lam": 0.9096192987293236, "max_depth": 9.0, "min_child_weight": 9.0}, "datetime": {"datetime": "2020-04-24 20:30:25", "elapsed": 876.199235, "delta": 3.026642}}
{"target": 0.651216, "params": {"alpha": 0.3837852974366558, "lam": 0.9087098607258312, "max_depth": 9.0, "min_child_weight": 9.0}, "datetime": {"datetime": "2020-04-24 20:30:27", "elapsed": 878.718662, "delta": 2.519427}}
{"target": 0.6374411999999999, "params": {"alpha": 0.9352513671185018, "lam": 0.1363627923843268, "max_depth": 9.0, "min_child_weight": 9.0}, "datetime": {"datetime": "2020-04-24 20:30:31", "elapsed": 881.955701, "delta": 3.237039}}
{"target": 0.6421492000000001, "params": {"alpha": 0.9174556394186537, "lam": 0.7823604767860655, "max_depth": 9.0, "min_child_weight": 9.0}, "datetime": {"datetime": "2020-04-24 20:30:34", "elapsed": 885.412681, "delta": 3.45698}}
{"target": 0.6512124, "params": {"alpha": 0.39262351148182895, "lam": 0.9071627651781708, "max_depth": 9.0, "min_child_weight": 9.0}, "datetime": {"datetime": "2020-04-24 20:30:38", "elapsed": 888.814443, "delta": 3.401762}}
{"target": 0.6510589999999999, "params": {"alpha": 0.37290117540893686, "lam": 0.9079496061501553, "max_depth": 9.0, "min_child_weight": 9.0}, "datetime": {"datetime": "2020-04-24 20:30:41", "elapsed": 891.905249, "delta": 3.090806}}
{"target": 0.6472918, "params": {"alpha": 0.9962493133089407, "lam": 0.787675614186874, "max_depth": 9.0, "min_child_weight": 9.0}, "datetime": {"datetime": "2020-04-24 20:30:44", "elapsed": 895.271239, "delta": 3.36599}}
{"target": 0.6504594, "params": {"alpha": 0.388785746756779, "lam": 0.9037140858916671, "max_depth": 9.0, "min_child_weight": 9.0}, "datetime": {"datetime": "2020-04-24 20:30:48", "elapsed": 898.78194, "delta": 3.510701}}
{"target": 0.6311802, "params": {"alpha": 0.3240078061593742, "lam": 0.3781717004105434, "max_depth": 9.0, "min_child_weight": 9.0}, "datetime": {"datetime": "2020-04-24 20:30:50", "elapsed": 901.542756, "delta": 2.760816}}
{"target": 0.6480148, "params": {"alpha": 0.3741033760076494, "lam": 0.9013219113352461, "max_depth": 9.0, "min_child_weight": 9.0}, "datetime": {"datetime": "2020-04-24 20:30:53", "elapsed": 904.583399, "delta": 3.040643}}
{"target": 0.6504579999999999, "params": {"alpha": 0.3926040719482923, "lam": 0.902940129602225, "max_depth": 9.0, "min_child_weight": 9.0}, "datetime": {"datetime": "2020-04-24 20:30:57", "elapsed": 907.951496, "delta": 3.368097}}
{"target": 0.647675, "params": {"alpha": 0.384926556655543, "lam": 0.900208655692166, "max_depth": 9.0, "min_child_weight": 9.0}, "datetime": {"datetime": "2020-04-24 20:31:00", "elapsed": 910.953317, "delta": 3.001821}}
{"target": 0.6522908, "params": {"alpha": 0.3806596541706486, "lam": 0.899029769248243, "max_depth": 9.0, "min_child_weight": 9.0}, "datetime": {"datetime": "2020-04-24 20:31:03", "elapsed": 913.778888, "delta": 2.825571}}
{"target": 0.6477220000000001, "params": {"alpha": 0.38458450746450223, "lam": 0.9007695931773496, "max_depth": 9.0, "min_child_weight": 9.0}, "datetime": {"datetime": "2020-04-24 20:31:06", "elapsed": 916.940701, "delta": 3.161813}}
{"target": 0.6505468000000001, "params": {"alpha": 0.3864994096395704, "lam": 0.9045643011362594, "max_depth": 9.0, "min_child_weight": 9.0}, "datetime": {"datetime": "2020-04-24 20:31:09", "elapsed": 919.899608, "delta": 2.958907}}
{"target": 0.6512148, "params": {"alpha": 0.39287053803915883, "lam": 0.9080889521952591, "max_depth": 9.0, "min_child_weight": 9.0}, "datetime": {"datetime": "2020-04-24 20:31:12", "elapsed": 923.260489, "delta": 3.360881}}
{"target": 0.6507046000000001, "params": {"alpha": 0.39090981927507507, "lam": 0.9068625405395506, "max_depth": 9.0, "min_child_weight": 9.0}, "datetime": {"datetime": "2020-04-24 20:31:16", "elapsed": 926.91478, "delta": 3.654291}}
{"target": 0.6477214, "params": {"alpha": 0.3848328534772395, "lam": 0.9004721769621927, "max_depth": 9.0, "min_child_weight": 9.0}, "datetime": {"datetime": "2020-04-24 20:31:19", "elapsed": 930.248556, "delta": 3.333776}}
{"target": 0.6505492, "params": {"alpha": 0.37765111213700875, "lam": 0.9055980287019932, "max_depth": 9.0, "min_child_weight": 9.0}, "datetime": {"datetime": "2020-04-24 20:31:23", "elapsed": 933.806335, "delta": 3.557779}}
{"target": 0.6503942, "params": {"alpha": 0.38707098350805147, "lam": 0.912273094486784, "max_depth": 9.0, "min_child_weight": 9.0}, "datetime": {"datetime": "2020-04-24 20:31:26", "elapsed": 937.220739, "delta": 3.414404}}
{"target": 0.6503948, "params": {"alpha": 0.37954637638223776, "lam": 0.9097540801971035, "max_depth": 9.0, "min_child_weight": 9.0}, "datetime": {"datetime": "2020-04-24 20:31:29", "elapsed": 940.414759, "delta": 3.19402}}
{"target": 0.6512144, "params": {"alpha": 0.3850973675362249, "lam": 0.9079914924815379, "max_depth": 9.0, "min_child_weight": 9.0}, "datetime": {"datetime": "2020-04-24 20:31:32", "elapsed": 943.333038, "delta": 2.918279}}
{"target": 0.6503936, "params": {"alpha": 0.39650106759830717, "lam": 0.9119440398306822, "max_depth": 9.0, "min_child_weight": 9.0}, "datetime": {"datetime": "2020-04-24 20:31:35", "elapsed": 946.142139, "delta": 2.809101}}
{"target": 0.6512140000000001, "params": {"alpha": 0.38559055082141336, "lam": 0.907844074048958, "max_depth": 9.0, "min_child_weight": 9.0}, "datetime": {"datetime": "2020-04-24 20:31:38", "elapsed": 949.680447, "delta": 3.538308}}
{"target": 0.6505492, "params": {"alpha": 0.3762180067417632, "lam": 0.9056272431032322, "max_depth": 9.0, "min_child_weight": 9.0}, "datetime": {"datetime": "2020-04-24 20:31:42", "elapsed": 953.156117, "delta": 3.47567}}
{"target": 0.6512129999999999, "params": {"alpha": 0.38877911342997584, "lam": 0.9074053287215462, "max_depth": 9.0, "min_child_weight": 9.0}, "datetime": {"datetime": "2020-04-24 20:31:45", "elapsed": 956.465959, "delta": 3.309842}}
{"target": 0.6497415999999999, "params": {"alpha": 0.39441586966098663, "lam": 0.9088577099228095, "max_depth": 9.0, "min_child_weight": 9.0}, "datetime": {"datetime": "2020-04-24 20:31:48", "elapsed": 959.407055, "delta": 2.941096}}
