{"target": 0.644288, "params": {"alpha": 0.10181112308228013, "colsample_bytree": 0.8142272545908238, "lam": 0.9999972492245628, "max_depth": 5.0, "min_child_weight": 3.0, "subsample": 0.8240292209340783}, "datetime": {"datetime": "2020-04-24 19:28:59", "elapsed": 1224.188297, "delta": 2.590111}}
{"target": 0.643058, "params": {"alpha": 0.10181112308228013, "colsample_bytree": 0.8175127028725591, "lam": 0.9999972492245628, "max_depth": 5.0, "min_child_weight": 3.0, "subsample": 0.8234195190906688}, "datetime": {"datetime": "2020-04-24 19:29:02", "elapsed": 1227.396129, "delta": 3.207832}}
{"target": 0.642448, "params": {"alpha": 0.10181112308228013, "colsample_bytree": 0.8118468297617515, "lam": 0.9999972492245628, "max_depth": 5.0, "min_child_weight": 3.0, "subsample": 0.8258241568625069}, "datetime": {"datetime": "2020-04-24 19:29:05", "elapsed": 1229.992409, "delta": 2.59628}}
{"target": 0.6430148000000001, "params": {"alpha": 0.10181112308228013, "colsample_bytree": 0.8067063779372277, "lam": 0.9999972492245628, "max_depth": 5.0, "min_child_weight": 3.0, "subsample": 0.8245837012221697}, "datetime": {"datetime": "2020-04-24 19:29:07", "elapsed": 1232.750635, "delta": 2.758226}}
{"target": 0.6419265999999999, "params": {"alpha": 0.10181112308228013, "colsample_bytree": 0.8066370576688124, "lam": 0.9999972492245628, "max_depth": 5.0, "min_child_weight": 3.0, "subsample": 0.8250916875751724}, "datetime": {"datetime": "2020-04-24 19:29:10", "elapsed": 1235.755872, "delta": 3.005237}}
{"target": 0.6433716, "params": {"alpha": 0.10181112308228013, "colsample_bytree": 0.8142650458254447, "lam": 0.9999972492245628, "max_depth": 5.0, "min_child_weight": 3.0, "subsample": 0.8232966729569167}, "datetime": {"datetime": "2020-04-24 19:29:13", "elapsed": 1238.399691, "delta": 2.643819}}
{"target": 0.6421416, "params": {"alpha": 0.10181112308228013, "colsample_bytree": 0.8150573162961934, "lam": 0.9999972492245628, "max_depth": 5.0, "min_child_weight": 3.0, "subsample": 0.8251382010729305}, "datetime": {"datetime": "2020-04-24 19:29:16", "elapsed": 1240.983179, "delta": 2.583488}}
{"target": 0.6419265999999999, "params": {"alpha": 0.10181112308228013, "colsample_bytree": 0.8115502032694715, "lam": 0.9999972492245628, "max_depth": 5.0, "min_child_weight": 3.0, "subsample": 0.8250873011316574}, "datetime": {"datetime": "2020-04-24 19:29:19", "elapsed": 1243.988135, "delta": 3.004956}}
{"target": 0.6443594, "params": {"alpha": 0.10181112308228013, "colsample_bytree": 0.8152539733437489, "lam": 0.9999972492245628, "max_depth": 5.0, "min_child_weight": 3.0, "subsample": 0.8217121949132467}, "datetime": {"datetime": "2020-04-24 19:29:22", "elapsed": 1246.988403, "delta": 3.000268}}
{"target": 0.6387306, "params": {"alpha": 0.10181112308228013, "colsample_bytree": 0.8171435502844628, "lam": 0.9999972492245628, "max_depth": 5.0, "min_child_weight": 3.0, "subsample": 0.8209815496140991}, "datetime": {"datetime": "2020-04-24 19:29:24", "elapsed": 1249.459664, "delta": 2.471261}}
{"target": 0.6475256, "params": {"alpha": 0.10181112308228013, "colsample_bytree": 0.8067504907376406, "lam": 0.9999972492245628, "max_depth": 5.0, "min_child_weight": 3.0, "subsample": 0.8252148393021802}, "datetime": {"datetime": "2020-04-24 19:29:27", "elapsed": 1252.466372, "delta": 3.006708}}
{"target": 0.6401842, "params": {"alpha": 0.10181112308228013, "colsample_bytree": 0.8045896628128912, "lam": 0.9999972492245628, "max_depth": 5.0, "min_child_weight": 3.0, "subsample": 0.8271425325344133}, "datetime": {"datetime": "2020-04-24 19:29:30", "elapsed": 1255.401836, "delta": 2.935464}}
{"target": 0.647407, "params": {"alpha": 0.10181112308228013, "colsample_bytree": 0.8107995571310147, "lam": 0.9999972492245628, "max_depth": 5.0, "min_child_weight": 3.0, "subsample": 0.8257390069739766}, "datetime": {"datetime": "2020-04-24 19:29:33", "elapsed": 1258.657155, "delta": 3.255319}}
{"target": 0.6513704, "params": {"alpha": 0.10181112308228013, "colsample_bytree": 0.8089431725019507, "lam": 0.9999972492245628, "max_depth": 5.0, "min_child_weight": 3.0, "subsample": 0.8254957415514285}, "datetime": {"datetime": "2020-04-24 19:29:36", "elapsed": 1261.32356, "delta": 2.666405}}
{"target": 0.64523, "params": {"alpha": 0.10181112308228013, "colsample_bytree": 0.8099493404163709, "lam": 0.9999972492245628, "max_depth": 5.0, "min_child_weight": 3.0, "subsample": 0.8267293717966304}, "datetime": {"datetime": "2020-04-24 19:29:39", "elapsed": 1264.353304, "delta": 3.029744}}
{"target": 0.6417493999999999, "params": {"alpha": 0.10181112308228013, "colsample_bytree": 0.8081216845325578, "lam": 0.9999972492245628, "max_depth": 5.0, "min_child_weight": 3.0, "subsample": 0.8282130150495604}, "datetime": {"datetime": "2020-04-24 19:29:42", "elapsed": 1267.278062, "delta": 2.924758}}
{"target": 0.6443068, "params": {"alpha": 0.10181112308228013, "colsample_bytree": 0.8068329265979473, "lam": 0.9999972492245628, "max_depth": 5.0, "min_child_weight": 3.0, "subsample": 0.8244059857141887}, "datetime": {"datetime": "2020-04-24 19:29:45", "elapsed": 1270.016432, "delta": 2.73837}}
{"target": 0.6423403999999999, "params": {"alpha": 0.10181112308228013, "colsample_bytree": 0.806610406219747, "lam": 0.9999972492245628, "max_depth": 5.0, "min_child_weight": 3.0, "subsample": 0.8261451423599053}, "datetime": {"datetime": "2020-04-24 19:29:47", "elapsed": 1272.607976, "delta": 2.591544}}
{"target": 0.642523, "params": {"alpha": 0.10181112308228013, "colsample_bytree": 0.8076361271302814, "lam": 0.9999972492245628, "max_depth": 5.0, "min_child_weight": 3.0, "subsample": 0.8237289578016659}, "datetime": {"datetime": "2020-04-24 19:29:50", "elapsed": 1275.330551, "delta": 2.722575}}
{"target": 0.643159, "params": {"alpha": 0.10181112308228013, "colsample_bytree": 0.8112929705766332, "lam": 0.9999972492245628, "max_depth": 5.0, "min_child_weight": 3.0, "subsample": 0.8273000860605554}, "datetime": {"datetime": "2020-04-24 19:29:53", "elapsed": 1278.142903, "delta": 2.812352}}
{"target": 0.6521202, "params": {"alpha": 0.10181112308228013, "colsample_bytree": 0.8098453437951794, "lam": 0.9999972492245628, "max_depth": 5.0, "min_child_weight": 3.0, "subsample": 0.8253946780099753}, "datetime": {"datetime": "2020-04-24 19:29:56", "elapsed": 1281.3279, "delta": 3.184997}}
{"target": 0.64234, "params": {"alpha": 0.10181112308228013, "colsample_bytree": 0.8093090333073698, "lam": 0.9999972492245628, "max_depth": 5.0, "min_child_weight": 3.0, "subsample": 0.8261882216719844}, "datetime": {"datetime": "2020-04-24 19:29:58", "elapsed": 1283.747076, "delta": 2.419176}}
{"target": 0.6430174, "params": {"alpha": 0.10181112308228013, "colsample_bytree": 0.8097373230559357, "lam": 0.9999972492245628, "max_depth": 5.0, "min_child_weight": 3.0, "subsample": 0.8245260441509563}, "datetime": {"datetime": "2020-04-24 19:30:02", "elapsed": 1287.576394, "delta": 3.829318}}
{"target": 0.6419268, "params": {"alpha": 0.10181112308228013, "colsample_bytree": 0.8102709007156792, "lam": 0.9999972492245628, "max_depth": 5.0, "min_child_weight": 3.0, "subsample": 0.8250693048312479}, "datetime": {"datetime": "2020-04-24 19:30:05", "elapsed": 1290.608839, "delta": 3.032445}}
{"target": 0.6424656, "params": {"alpha": 0.10181112308228013, "colsample_bytree": 0.8095564778310527, "lam": 0.9999972492245628, "max_depth": 5.0, "min_child_weight": 3.0, "subsample": 0.8259406362541164}, "datetime": {"datetime": "2020-04-24 19:30:09", "elapsed": 1293.975687, "delta": 3.366848}}
{"target": 0.6419318, "params": {"alpha": 0.10181112308228013, "colsample_bytree": 0.8108836165062945, "lam": 0.9999972492245628, "max_depth": 5.0, "min_child_weight": 3.0, "subsample": 0.8248487816951969}, "datetime": {"datetime": "2020-04-24 19:30:12", "elapsed": 1297.01626, "delta": 3.040573}}
{"target": 0.6466036, "params": {"alpha": 0.10181112308228013, "colsample_bytree": 0.807840299783379, "lam": 0.9999972492245628, "max_depth": 5.0, "min_child_weight": 3.0, "subsample": 0.8231161502488425}, "datetime": {"datetime": "2020-04-24 19:30:15", "elapsed": 1299.940294, "delta": 2.924034}}
{"target": 0.6454717999999999, "params": {"alpha": 0.10181112308228013, "colsample_bytree": 0.8086912633836438, "lam": 0.9999972492245628, "max_depth": 5.0, "min_child_weight": 3.0, "subsample": 0.822109165960222}, "datetime": {"datetime": "2020-04-24 19:30:18", "elapsed": 1303.273929, "delta": 3.333635}}
{"target": 0.6295064, "params": {"alpha": 0.10181112308228013, "colsample_bytree": 0.7478918860670067, "lam": 0.9999972492245628, "max_depth": 5.0, "min_child_weight": 3.0, "subsample": 0.8610435345815788}, "datetime": {"datetime": "2020-04-24 19:30:21", "elapsed": 1306.234315, "delta": 2.960386}}
{"target": 0.611338, "params": {"alpha": 0.10181112308228013, "colsample_bytree": 0.5639620320502229, "lam": 0.9999972492245628, "max_depth": 5.0, "min_child_weight": 3.0, "subsample": 0.6978368150344428}, "datetime": {"datetime": "2020-04-24 19:30:24", "elapsed": 1309.43396, "delta": 3.199645}}
{"target": 0.6443329999999999, "params": {"alpha": 0.10181112308228013, "colsample_bytree": 0.8065203781265005, "lam": 0.9999972492245628, "max_depth": 5.0, "min_child_weight": 3.0, "subsample": 0.8244576810456361}, "datetime": {"datetime": "2020-04-24 19:30:27", "elapsed": 1312.788633, "delta": 3.354673}}
{"target": 0.6444048, "params": {"alpha": 0.10181112308228013, "colsample_bytree": 0.8070900678437055, "lam": 0.9999972492245628, "max_depth": 5.0, "min_child_weight": 3.0, "subsample": 0.8218981092136739}, "datetime": {"datetime": "2020-04-24 19:30:31", "elapsed": 1316.441654, "delta": 3.653021}}
{"target": 0.6466036, "params": {"alpha": 0.10181112308228013, "colsample_bytree": 0.8063789575105416, "lam": 0.9999972492245628, "max_depth": 5.0, "min_child_weight": 3.0, "subsample": 0.8231041328626743}, "datetime": {"datetime": "2020-04-24 19:30:34", "elapsed": 1319.499753, "delta": 3.058099}}
{"target": 0.6250188, "params": {"alpha": 0.10181112308228013, "colsample_bytree": 0.8998980421567806, "lam": 0.9999972492245628, "max_depth": 5.0, "min_child_weight": 3.0, "subsample": 0.5917116964526795}, "datetime": {"datetime": "2020-04-24 19:30:37", "elapsed": 1322.533636, "delta": 3.033883}}
{"target": 0.6471906, "params": {"alpha": 0.10181112308228013, "colsample_bytree": 0.8064297457605468, "lam": 0.9999972492245628, "max_depth": 5.0, "min_child_weight": 3.0, "subsample": 0.8213137498141898}, "datetime": {"datetime": "2020-04-24 19:30:40", "elapsed": 1325.699834, "delta": 3.166198}}
{"target": 0.6423561999999998, "params": {"alpha": 0.10181112308228013, "colsample_bytree": 0.8081452081557159, "lam": 0.9999972492245628, "max_depth": 5.0, "min_child_weight": 3.0, "subsample": 0.8208694849062801}, "datetime": {"datetime": "2020-04-24 19:30:43", "elapsed": 1328.426869, "delta": 2.727035}}
{"target": 0.6519619999999999, "params": {"alpha": 0.10181112308228013, "colsample_bytree": 0.8062000527814606, "lam": 0.9999972492245628, "max_depth": 5.0, "min_child_weight": 3.0, "subsample": 0.8255398428643861}, "datetime": {"datetime": "2020-04-24 19:30:46", "elapsed": 1331.434181, "delta": 3.007312}}
{"target": 0.643058, "params": {"alpha": 0.10181112308228013, "colsample_bytree": 0.8058181615369737, "lam": 0.9999972492245628, "max_depth": 5.0, "min_child_weight": 3.0, "subsample": 0.8233934156637275}, "datetime": {"datetime": "2020-04-24 19:30:49", "elapsed": 1334.407616, "delta": 2.973435}}
{"target": 0.6452304, "params": {"alpha": 0.10181112308228013, "colsample_bytree": 0.8069727858201241, "lam": 0.9999972492245628, "max_depth": 5.0, "min_child_weight": 3.0, "subsample": 0.8267612774850178}, "datetime": {"datetime": "2020-04-24 19:30:53", "elapsed": 1338.022267, "delta": 3.614651}}
{"target": 0.644306, "params": {"alpha": 0.10181112308228013, "colsample_bytree": 0.8059781462326383, "lam": 0.9999972492245628, "max_depth": 5.0, "min_child_weight": 3.0, "subsample": 0.8243216509452518}, "datetime": {"datetime": "2020-04-24 19:30:56", "elapsed": 1340.980368, "delta": 2.958101}}
{"target": 0.6414604, "params": {"alpha": 0.10181112308228013, "colsample_bytree": 0.8018208073257229, "lam": 0.9999972492245628, "max_depth": 5.0, "min_child_weight": 3.0, "subsample": 0.8261005353894371}, "datetime": {"datetime": "2020-04-24 19:30:59", "elapsed": 1344.05747, "delta": 3.077102}}
{"target": 0.6430366, "params": {"alpha": 0.10181112308228013, "colsample_bytree": 0.8055239499871832, "lam": 0.9999972492245628, "max_depth": 5.0, "min_child_weight": 3.0, "subsample": 0.8234816497596222}, "datetime": {"datetime": "2020-04-24 19:31:02", "elapsed": 1347.173895, "delta": 3.116425}}
{"target": 0.6397328, "params": {"alpha": 0.10181112308228013, "colsample_bytree": 0.807806376506855, "lam": 0.9999972492245628, "max_depth": 5.0, "min_child_weight": 3.0, "subsample": 0.8270398934364172}, "datetime": {"datetime": "2020-04-24 19:31:05", "elapsed": 1350.576835, "delta": 3.40294}}
{"target": 0.644288, "params": {"alpha": 0.10181112308228013, "colsample_bytree": 0.804453653480834, "lam": 0.9999972492245628, "max_depth": 5.0, "min_child_weight": 3.0, "subsample": 0.8240493988235569}, "datetime": {"datetime": "2020-04-24 19:31:09", "elapsed": 1353.875198, "delta": 3.298363}}
{"target": 0.6448604, "params": {"alpha": 0.10181112308228013, "colsample_bytree": 0.8069809873960812, "lam": 0.9999972492245628, "max_depth": 5.0, "min_child_weight": 3.0, "subsample": 0.8217844149377698}, "datetime": {"datetime": "2020-04-24 19:31:11", "elapsed": 1356.591742, "delta": 2.716544}}
{"target": 0.643041, "params": {"alpha": 0.10181112308228013, "colsample_bytree": 0.8042814018525362, "lam": 0.9999972492245628, "max_depth": 5.0, "min_child_weight": 3.0, "subsample": 0.8235242350958354}, "datetime": {"datetime": "2020-04-24 19:31:14", "elapsed": 1359.520978, "delta": 2.929236}}
{"target": 0.6433165999999999, "params": {"alpha": 0.10181112308228013, "colsample_bytree": 0.8111516745770826, "lam": 0.9999972492245628, "max_depth": 5.0, "min_child_weight": 3.0, "subsample": 0.823382806184102}, "datetime": {"datetime": "2020-04-24 19:31:17", "elapsed": 1362.522798, "delta": 3.00182}}
{"target": 0.6423561999999998, "params": {"alpha": 0.10181112308228013, "colsample_bytree": 0.8098324715376233, "lam": 0.9999972492245628, "max_depth": 5.0, "min_child_weight": 3.0, "subsample": 0.8208545008790685}, "datetime": {"datetime": "2020-04-24 19:31:20", "elapsed": 1365.790427, "delta": 3.267629}}
{"target": 0.6430172, "params": {"alpha": 0.10181112308228013, "colsample_bytree": 0.8095270995155297, "lam": 0.9999972492245628, "max_depth": 5.0, "min_child_weight": 3.0, "subsample": 0.8245057892272953}, "datetime": {"datetime": "2020-04-24 19:31:24", "elapsed": 1368.884941, "delta": 3.094514}}
{"target": 0.6453924, "params": {"alpha": 0.10181112308228013, "colsample_bytree": 0.8099492349360116, "lam": 0.9999972492245628, "max_depth": 5.0, "min_child_weight": 3.0, "subsample": 0.8217494964994638}, "datetime": {"datetime": "2020-04-24 19:31:26", "elapsed": 1371.739218, "delta": 2.854277}}
{"target": 0.6444022, "params": {"alpha": 0.10181112308228013, "colsample_bytree": 0.8074555899498157, "lam": 0.9999972492245628, "max_depth": 5.0, "min_child_weight": 3.0, "subsample": 0.821967439511354}, "datetime": {"datetime": "2020-04-24 19:31:29", "elapsed": 1374.513894, "delta": 2.774676}}
{"target": 0.6444796, "params": {"alpha": 0.10181112308228013, "colsample_bytree": 0.8061741654818517, "lam": 0.9999972492245628, "max_depth": 5.0, "min_child_weight": 3.0, "subsample": 0.8241959943600021}, "datetime": {"datetime": "2020-04-24 19:31:33", "elapsed": 1377.925307, "delta": 3.411413}}
{"target": 0.6425674, "params": {"alpha": 0.10181112308228013, "colsample_bytree": 0.8104831881261774, "lam": 0.9999972492245628, "max_depth": 5.0, "min_child_weight": 3.0, "subsample": 0.823745053103951}, "datetime": {"datetime": "2020-04-24 19:31:36", "elapsed": 1381.326163, "delta": 3.400856}}
{"target": 0.6443064, "params": {"alpha": 0.10181112308228013, "colsample_bytree": 0.805887873050434, "lam": 0.9999972492245628, "max_depth": 5.0, "min_child_weight": 3.0, "subsample": 0.8243975773204251}, "datetime": {"datetime": "2020-04-24 19:31:39", "elapsed": 1384.856961, "delta": 3.530798}}
{"target": 0.6446294, "params": {"alpha": 0.10181112308228013, "colsample_bytree": 0.8097395432674317, "lam": 0.9999972492245628, "max_depth": 5.0, "min_child_weight": 3.0, "subsample": 0.8206041371614269}, "datetime": {"datetime": "2020-04-24 19:31:42", "elapsed": 1387.537609, "delta": 2.680648}}
{"target": 0.6423384000000001, "params": {"alpha": 0.10181112308228013, "colsample_bytree": 0.8067722573086575, "lam": 0.9999972492245628, "max_depth": 5.0, "min_child_weight": 3.0, "subsample": 0.8261155615128615}, "datetime": {"datetime": "2020-04-24 19:31:46", "elapsed": 1390.908148, "delta": 3.370539}}
{"target": 0.6464214, "params": {"alpha": 0.10181112308228013, "colsample_bytree": 0.80629093478861, "lam": 0.9999972492245628, "max_depth": 5.0, "min_child_weight": 3.0, "subsample": 0.8229438105406781}, "datetime": {"datetime": "2020-04-24 19:31:49", "elapsed": 1394.222684, "delta": 3.314536}}
{"target": 0.6448552, "params": {"alpha": 0.10181112308228013, "colsample_bytree": 0.808604819598773, "lam": 0.9999972492245628, "max_depth": 5.0, "min_child_weight": 3.0, "subsample": 0.8218193506846863}, "datetime": {"datetime": "2020-04-24 19:31:52", "elapsed": 1397.072416, "delta": 2.849732}}
{"target": 0.6387398, "params": {"alpha": 0.10181112308228013, "colsample_bytree": 0.8105042705479837, "lam": 0.9999972492245628, "max_depth": 5.0, "min_child_weight": 3.0, "subsample": 0.820963305013368}, "datetime": {"datetime": "2020-04-24 19:31:55", "elapsed": 1400.701659, "delta": 3.629243}}
{"target": 0.6451024, "params": {"alpha": 0.10181112308228013, "colsample_bytree": 0.8034682495289542, "lam": 0.9999972492245628, "max_depth": 5.0, "min_child_weight": 3.0, "subsample": 0.824221605837526}, "datetime": {"datetime": "2020-04-24 19:31:59", "elapsed": 1403.91256, "delta": 3.210901}}
{"target": 0.6433114, "params": {"alpha": 0.10181112308228013, "colsample_bytree": 0.8048795623259619, "lam": 0.9999972492245628, "max_depth": 5.0, "min_child_weight": 3.0, "subsample": 0.82333142412118}, "datetime": {"datetime": "2020-04-24 19:32:03", "elapsed": 1408.040483, "delta": 4.127923}}
{"target": 0.6471262, "params": {"alpha": 0.10181112308228013, "colsample_bytree": 0.8064722534507534, "lam": 0.9999972492245628, "max_depth": 5.0, "min_child_weight": 3.0, "subsample": 0.8212524765159757}, "datetime": {"datetime": "2020-04-24 19:32:06", "elapsed": 1411.705508, "delta": 3.665025}}
{"target": 0.645704, "params": {"alpha": 0.10181112308228013, "colsample_bytree": 0.8020200490137144, "lam": 0.9999972492245628, "max_depth": 5.0, "min_child_weight": 3.0, "subsample": 0.8220800308305194}, "datetime": {"datetime": "2020-04-24 19:32:10", "elapsed": 1415.496384, "delta": 3.790876}}
{"target": 0.6450894, "params": {"alpha": 0.10181112308228013, "colsample_bytree": 0.8029330245695709, "lam": 0.9999972492245628, "max_depth": 5.0, "min_child_weight": 3.0, "subsample": 0.8238791722843362}, "datetime": {"datetime": "2020-04-24 19:32:13", "elapsed": 1418.735599, "delta": 3.239215}}
{"target": 0.6418322, "params": {"alpha": 0.10181112308228013, "colsample_bytree": 0.8021301484889962, "lam": 0.9999972492245628, "max_depth": 5.0, "min_child_weight": 3.0, "subsample": 0.8232803532880845}, "datetime": {"datetime": "2020-04-24 19:32:17", "elapsed": 1421.985608, "delta": 3.250009}}
{"target": 0.6452304, "params": {"alpha": 0.10181112308228013, "colsample_bytree": 0.8050151649833183, "lam": 0.9999972492245628, "max_depth": 5.0, "min_child_weight": 3.0, "subsample": 0.826759081940982}, "datetime": {"datetime": "2020-04-24 19:32:20", "elapsed": 1425.562018, "delta": 3.57641}}
{"target": 0.6450956000000001, "params": {"alpha": 0.10181112308228013, "colsample_bytree": 0.8032740743609315, "lam": 0.9999972492245628, "max_depth": 5.0, "min_child_weight": 3.0, "subsample": 0.8238349100269134}, "datetime": {"datetime": "2020-04-24 19:32:24", "elapsed": 1429.809017, "delta": 4.246999}}
{"target": 0.6419314, "params": {"alpha": 0.10181112308228013, "colsample_bytree": 0.8080411265774394, "lam": 0.9999972492245628, "max_depth": 5.0, "min_child_weight": 3.0, "subsample": 0.8248413586200765}, "datetime": {"datetime": "2020-04-24 19:32:28", "elapsed": 1433.301277, "delta": 3.49226}}
{"target": 0.6461972000000001, "params": {"alpha": 0.10181112308228013, "colsample_bytree": 0.802989975074758, "lam": 0.9999972492245628, "max_depth": 5.0, "min_child_weight": 3.0, "subsample": 0.8230686954584434}, "datetime": {"datetime": "2020-04-24 19:32:31", "elapsed": 1436.508079, "delta": 3.206802}}
{"target": 0.6444772000000001, "params": {"alpha": 0.10181112308228013, "colsample_bytree": 0.805513096259012, "lam": 0.9999972492245628, "max_depth": 5.0, "min_child_weight": 3.0, "subsample": 0.8240830374720493}, "datetime": {"datetime": "2020-04-24 19:32:34", "elapsed": 1439.774891, "delta": 3.266812}}
{"target": 0.6414862, "params": {"alpha": 0.10181112308228013, "colsample_bytree": 0.8066224366083568, "lam": 0.9999972492245628, "max_depth": 5.0, "min_child_weight": 3.0, "subsample": 0.821168334902717}, "datetime": {"datetime": "2020-04-24 19:32:39", "elapsed": 1444.061167, "delta": 4.286276}}
{"target": 0.6433762, "params": {"alpha": 0.10181112308228013, "colsample_bytree": 0.8057045267227211, "lam": 0.9999972492245628, "max_depth": 5.0, "min_child_weight": 3.0, "subsample": 0.8232676385377464}, "datetime": {"datetime": "2020-04-24 19:32:43", "elapsed": 1448.212697, "delta": 4.15153}}
{"target": 0.6434247999999999, "params": {"alpha": 0.10181112308228013, "colsample_bytree": 0.8027060480744308, "lam": 0.9999972492245628, "max_depth": 5.0, "min_child_weight": 3.0, "subsample": 0.8226806812205902}, "datetime": {"datetime": "2020-04-24 19:32:47", "elapsed": 1451.867406, "delta": 3.654709}}
