{"target": 0.6500961999999999, "params": {"alpha": 0.9567690554860768, "lam": 0.9999971338535691, "max_depth": 5.0, "min_child_weight": 3.0}, "datetime": {"datetime": "2020-04-26 11:23:36", "elapsed": 865.73598, "delta": 3.287449}}
{"target": 0.6500966, "params": {"alpha": 0.8731483162183304, "lam": 0.9996925558306865, "max_depth": 5.0, "min_child_weight": 3.0}, "datetime": {"datetime": "2020-04-26 11:23:40", "elapsed": 868.942347, "delta": 3.206367}}
{"target": 0.6500999999999999, "params": {"alpha": 0.33024696331630765, "lam": 0.9999261377872994, "max_depth": 5.0, "min_child_weight": 3.0}, "datetime": {"datetime": "2020-04-26 11:23:43", "elapsed": 872.13726, "delta": 3.194913}}
{"target": 0.6500992, "params": {"alpha": 0.46297376746338414, "lam": 0.999901487920706, "max_depth": 5.0, "min_child_weight": 3.0}, "datetime": {"datetime": "2020-04-26 11:23:46", "elapsed": 875.683193, "delta": 3.545933}}
{"target": 0.6501020000000001, "params": {"alpha": 0.05200759763379048, "lam": 0.9999934038166991, "max_depth": 5.0, "min_child_weight": 3.0}, "datetime": {"datetime": "2020-04-26 11:23:50", "elapsed": 879.078594, "delta": 3.395401}}
{"target": 0.6500996, "params": {"alpha": 0.35702731402998455, "lam": 0.9998575748858564, "max_depth": 5.0, "min_child_weight": 3.0}, "datetime": {"datetime": "2020-04-26 11:23:53", "elapsed": 882.138638, "delta": 3.060044}}
{"target": 0.6501013999999999, "params": {"alpha": 0.13356890500144303, "lam": 0.9999763251136772, "max_depth": 5.0, "min_child_weight": 3.0}, "datetime": {"datetime": "2020-04-26 11:23:56", "elapsed": 885.40171, "delta": 3.263072}}
{"target": 0.6500968, "params": {"alpha": 0.8429539617917646, "lam": 0.9998558546509775, "max_depth": 5.0, "min_child_weight": 3.0}, "datetime": {"datetime": "2020-04-26 11:23:59", "elapsed": 888.527934, "delta": 3.126224}}
{"target": 0.6501006, "params": {"alpha": 0.2777356996015341, "lam": 0.9999936548849322, "max_depth": 5.0, "min_child_weight": 3.0}, "datetime": {"datetime": "2020-04-26 11:24:02", "elapsed": 891.503565, "delta": 2.975631}}
{"target": 0.6500988000000001, "params": {"alpha": 0.4816726962678548, "lam": 0.9998577818607495, "max_depth": 5.0, "min_child_weight": 3.0}, "datetime": {"datetime": "2020-04-26 11:24:05", "elapsed": 894.763382, "delta": 3.259817}}
{"target": 0.6500968, "params": {"alpha": 0.8655547994132732, "lam": 0.9998820830353151, "max_depth": 5.0, "min_child_weight": 3.0}, "datetime": {"datetime": "2020-04-26 11:24:09", "elapsed": 897.970516, "delta": 3.207134}}
{"target": 0.6500999999999999, "params": {"alpha": 0.2902781346601805, "lam": 0.9996798606431192, "max_depth": 5.0, "min_child_weight": 3.0}, "datetime": {"datetime": "2020-04-26 11:24:12", "elapsed": 901.514148, "delta": 3.543632}}
{"target": 0.6501004, "params": {"alpha": 0.2511623890120821, "lam": 0.9998722765188025, "max_depth": 5.0, "min_child_weight": 3.0}, "datetime": {"datetime": "2020-04-26 11:24:15", "elapsed": 904.513083, "delta": 2.998935}}
{"target": 0.650101, "params": {"alpha": 0.16014594814256344, "lam": 0.9998958157195534, "max_depth": 5.0, "min_child_weight": 3.0}, "datetime": {"datetime": "2020-04-26 11:24:18", "elapsed": 907.824, "delta": 3.310917}}
{"target": 0.6484136, "params": {"alpha": 0.060354529835507154, "lam": 0.9996239585188289, "max_depth": 5.0, "min_child_weight": 3.0}, "datetime": {"datetime": "2020-04-26 11:24:21", "elapsed": 910.893013, "delta": 3.069013}}
{"target": 0.6500961999999999, "params": {"alpha": 0.9643508451010903, "lam": 0.9999269120716964, "max_depth": 5.0, "min_child_weight": 3.0}, "datetime": {"datetime": "2020-04-26 11:24:25", "elapsed": 914.820822, "delta": 3.927809}}
{"target": 0.650101, "params": {"alpha": 0.2038145286641575, "lam": 0.9999873922557264, "max_depth": 5.0, "min_child_weight": 3.0}, "datetime": {"datetime": "2020-04-26 11:24:29", "elapsed": 918.244578, "delta": 3.423756}}
{"target": 0.6500966, "params": {"alpha": 0.877592067889357, "lam": 0.9999764239695801, "max_depth": 5.0, "min_child_weight": 3.0}, "datetime": {"datetime": "2020-04-26 11:24:32", "elapsed": 921.550809, "delta": 3.306231}}
{"target": 0.6500992, "params": {"alpha": 0.4873999866820309, "lam": 0.9995834841059877, "max_depth": 5.0, "min_child_weight": 3.0}, "datetime": {"datetime": "2020-04-26 11:24:36", "elapsed": 924.942851, "delta": 3.392042}}
{"target": 0.6500986, "params": {"alpha": 0.5483252423011925, "lam": 0.9999267937437969, "max_depth": 5.0, "min_child_weight": 3.0}, "datetime": {"datetime": "2020-04-26 11:24:39", "elapsed": 928.487725, "delta": 3.544874}}
{"target": 0.6500990000000001, "params": {"alpha": 0.5145676591617073, "lam": 0.9996568006158556, "max_depth": 5.0, "min_child_weight": 3.0}, "datetime": {"datetime": "2020-04-26 11:24:43", "elapsed": 932.034611, "delta": 3.546886}}
{"target": 0.6500998000000001, "params": {"alpha": 0.3776953511427492, "lam": 0.999970508062941, "max_depth": 5.0, "min_child_weight": 3.0}, "datetime": {"datetime": "2020-04-26 11:24:46", "elapsed": 935.818772, "delta": 3.784161}}
{"target": 0.6500972, "params": {"alpha": 0.8085452492808004, "lam": 0.9999792308535805, "max_depth": 5.0, "min_child_weight": 3.0}, "datetime": {"datetime": "2020-04-26 11:24:50", "elapsed": 939.483796, "delta": 3.665024}}
{"target": 0.650101, "params": {"alpha": 0.16271530735844786, "lam": 0.9997638335076704, "max_depth": 5.0, "min_child_weight": 3.0}, "datetime": {"datetime": "2020-04-26 11:24:53", "elapsed": 942.917372, "delta": 3.433576}}
{"target": 0.6500959999999999, "params": {"alpha": 0.9938472848726316, "lam": 0.9998362442008705, "max_depth": 5.0, "min_child_weight": 3.0}, "datetime": {"datetime": "2020-04-26 11:24:57", "elapsed": 946.123433, "delta": 3.206061}}
{"target": 0.6500959999999999, "params": {"alpha": 0.9938472848726316, "lam": 0.9998362442008705, "max_depth": 5.0, "min_child_weight": 3.0}, "datetime": {"datetime": "2020-04-26 11:24:59", "elapsed": 948.584515, "delta": 2.461082}}
{"target": 0.6500961999999999, "params": {"alpha": 0.9699981015097205, "lam": 0.9998698700584268, "max_depth": 5.0, "min_child_weight": 3.0}, "datetime": {"datetime": "2020-04-26 11:25:03", "elapsed": 952.497625, "delta": 3.91311}}
{"target": 0.6500972, "params": {"alpha": 0.8069083066457929, "lam": 0.9999480545511867, "max_depth": 5.0, "min_child_weight": 3.0}, "datetime": {"datetime": "2020-04-26 11:25:06", "elapsed": 955.912935, "delta": 3.41531}}
{"target": 0.6500966, "params": {"alpha": 0.8709442489940503, "lam": 0.999972277331999, "max_depth": 5.0, "min_child_weight": 3.0}, "datetime": {"datetime": "2020-04-26 11:25:10", "elapsed": 959.61594, "delta": 3.703005}}
{"target": 0.6500988000000001, "params": {"alpha": 0.5039776676366758, "lam": 0.999981024448215, "max_depth": 5.0, "min_child_weight": 3.0}, "datetime": {"datetime": "2020-04-26 11:25:14", "elapsed": 963.054358, "delta": 3.438418}}
{"target": 0.650097, "params": {"alpha": 0.8410799245882572, "lam": 0.99998798400509, "max_depth": 5.0, "min_child_weight": 3.0}, "datetime": {"datetime": "2020-04-26 11:25:17", "elapsed": 966.514597, "delta": 3.460239}}
{"target": 0.6500995999999999, "params": {"alpha": 0.36761148800060817, "lam": 0.9997075645910068, "max_depth": 5.0, "min_child_weight": 3.0}, "datetime": {"datetime": "2020-04-26 11:25:20", "elapsed": 969.611577, "delta": 3.09698}}
{"target": 0.650099, "params": {"alpha": 0.4440080194029097, "lam": 0.9998691042069362, "max_depth": 5.0, "min_child_weight": 3.0}, "datetime": {"datetime": "2020-04-26 11:25:24", "elapsed": 973.428827, "delta": 3.81725}}
{"target": 0.6501004, "params": {"alpha": 0.2759378241979126, "lam": 0.9998531788557558, "max_depth": 5.0, "min_child_weight": 3.0}, "datetime": {"datetime": "2020-04-26 11:25:28", "elapsed": 976.978058, "delta": 3.549231}}
{"target": 0.6500962000000001, "params": {"alpha": 0.9222054515097801, "lam": 0.9995530903117925, "max_depth": 5.0, "min_child_weight": 3.0}, "datetime": {"datetime": "2020-04-26 11:25:31", "elapsed": 980.5865, "delta": 3.608442}}
{"target": 0.6501006, "params": {"alpha": 0.23637689045901433, "lam": 0.9998477093538141, "max_depth": 5.0, "min_child_weight": 3.0}, "datetime": {"datetime": "2020-04-26 11:25:35", "elapsed": 984.376066, "delta": 3.789566}}
{"target": 0.650101, "params": {"alpha": 0.20661186844943935, "lam": 0.9999585316282569, "max_depth": 5.0, "min_child_weight": 3.0}, "datetime": {"datetime": "2020-04-26 11:25:39", "elapsed": 988.527335, "delta": 4.151269}}
{"target": 0.6501007999999999, "params": {"alpha": 0.23718807415468424, "lam": 0.9999814344458133, "max_depth": 5.0, "min_child_weight": 3.0}, "datetime": {"datetime": "2020-04-26 11:25:43", "elapsed": 992.228838, "delta": 3.701503}}
{"target": 0.6500964, "params": {"alpha": 0.9381400608751305, "lam": 0.9998760679825119, "max_depth": 5.0, "min_child_weight": 3.0}, "datetime": {"datetime": "2020-04-26 11:25:47", "elapsed": 996.390555, "delta": 4.161717}}
{"target": 0.6500986, "params": {"alpha": 0.529874070683681, "lam": 0.9998087537475343, "max_depth": 5.0, "min_child_weight": 3.0}, "datetime": {"datetime": "2020-04-26 11:25:51", "elapsed": 1000.067372, "delta": 3.676817}}
{"target": 0.6500992, "params": {"alpha": 0.462341141215861, "lam": 0.9999191980282448, "max_depth": 5.0, "min_child_weight": 3.0}, "datetime": {"datetime": "2020-04-26 11:25:55", "elapsed": 1003.930157, "delta": 3.862785}}
{"target": 0.6500962, "params": {"alpha": 0.9532070730341476, "lam": 0.999822530191116, "max_depth": 5.0, "min_child_weight": 3.0}, "datetime": {"datetime": "2020-04-26 11:25:58", "elapsed": 1007.537096, "delta": 3.606939}}
{"target": 0.6500958, "params": {"alpha": 0.9981034058350949, "lam": 0.9996772356070928, "max_depth": 5.0, "min_child_weight": 3.0}, "datetime": {"datetime": "2020-04-26 11:26:02", "elapsed": 1011.085376, "delta": 3.54828}}
{"target": 0.6500990000000001, "params": {"alpha": 0.5073972038647138, "lam": 0.9996903444536226, "max_depth": 5.0, "min_child_weight": 3.0}, "datetime": {"datetime": "2020-04-26 11:26:06", "elapsed": 1015.366605, "delta": 4.281229}}
{"target": 0.6500966, "params": {"alpha": 0.8860715607622721, "lam": 0.9998515628529172, "max_depth": 5.0, "min_child_weight": 3.0}, "datetime": {"datetime": "2020-04-26 11:26:10", "elapsed": 1019.18766, "delta": 3.821055}}
{"target": 0.6500968, "params": {"alpha": 0.8558636166740069, "lam": 0.9999718426388421, "max_depth": 5.0, "min_child_weight": 3.0}, "datetime": {"datetime": "2020-04-26 11:26:13", "elapsed": 1022.536653, "delta": 3.348993}}
{"target": 0.6501011999999999, "params": {"alpha": 0.17583665189289033, "lam": 0.9999440244647176, "max_depth": 5.0, "min_child_weight": 3.0}, "datetime": {"datetime": "2020-04-26 11:26:17", "elapsed": 1026.336363, "delta": 3.79971}}
{"target": 0.6501004, "params": {"alpha": 0.28026958095090293, "lam": 0.9996965492159053, "max_depth": 5.0, "min_child_weight": 3.0}, "datetime": {"datetime": "2020-04-26 11:26:21", "elapsed": 1030.447482, "delta": 4.111119}}
{"target": 0.6501007999999999, "params": {"alpha": 0.24984293874898544, "lam": 0.9999562744958598, "max_depth": 5.0, "min_child_weight": 3.0}, "datetime": {"datetime": "2020-04-26 11:26:25", "elapsed": 1034.32213, "delta": 3.874648}}
{"target": 0.6500961999999999, "params": {"alpha": 0.9912055142055773, "lam": 0.9997886117275584, "max_depth": 5.0, "min_child_weight": 3.0}, "datetime": {"datetime": "2020-04-26 11:26:29", "elapsed": 1038.043788, "delta": 3.721658}}
{"target": 0.6501004000000001, "params": {"alpha": 0.2225081770356212, "lam": 0.9992184317535435, "max_depth": 5.0, "min_child_weight": 3.0}, "datetime": {"datetime": "2020-04-26 11:26:33", "elapsed": 1042.105981, "delta": 4.062193}}
{"target": 0.6500988000000001, "params": {"alpha": 0.5118679622804888, "lam": 0.9999130139201106, "max_depth": 5.0, "min_child_weight": 3.0}, "datetime": {"datetime": "2020-04-26 11:26:37", "elapsed": 1046.236797, "delta": 4.130816}}
{"target": 0.6500988000000001, "params": {"alpha": 0.5118679622804888, "lam": 0.9999130139201106, "max_depth": 5.0, "min_child_weight": 3.0}, "datetime": {"datetime": "2020-04-26 11:26:40", "elapsed": 1049.145165, "delta": 2.908368}}
{"target": 0.6501002, "params": {"alpha": 0.24346994063945437, "lam": 0.9997402077240016, "max_depth": 5.0, "min_child_weight": 3.0}, "datetime": {"datetime": "2020-04-26 11:26:44", "elapsed": 1053.271483, "delta": 4.126318}}
{"target": 0.6501004, "params": {"alpha": 0.19873958752540322, "lam": 0.999772112679358, "max_depth": 5.0, "min_child_weight": 3.0}, "datetime": {"datetime": "2020-04-26 11:26:48", "elapsed": 1057.049346, "delta": 3.777863}}
{"target": 0.6500990000000001, "params": {"alpha": 0.462321443617692, "lam": 0.9999404559357796, "max_depth": 5.0, "min_child_weight": 3.0}, "datetime": {"datetime": "2020-04-26 11:26:51", "elapsed": 1060.642967, "delta": 3.593621}}
{"target": 0.6501004, "params": {"alpha": 0.2314682438660679, "lam": 0.999626417542569, "max_depth": 5.0, "min_child_weight": 3.0}, "datetime": {"datetime": "2020-04-26 11:26:56", "elapsed": 1065.075048, "delta": 4.432081}}
{"target": 0.6501002, "params": {"alpha": 0.28703050828977583, "lam": 0.9996655947866573, "max_depth": 5.0, "min_child_weight": 3.0}, "datetime": {"datetime": "2020-04-26 11:27:00", "elapsed": 1068.988985, "delta": 3.913937}}
{"target": 0.6500988000000001, "params": {"alpha": 0.5174229975730479, "lam": 0.999766344369446, "max_depth": 5.0, "min_child_weight": 3.0}, "datetime": {"datetime": "2020-04-26 11:27:04", "elapsed": 1073.37863, "delta": 4.389645}}
{"target": 0.650099, "params": {"alpha": 0.5302409190091616, "lam": 0.9999819426247555, "max_depth": 5.0, "min_child_weight": 3.0}, "datetime": {"datetime": "2020-04-26 11:27:08", "elapsed": 1077.777623, "delta": 4.398993}}
{"target": 0.6501008, "params": {"alpha": 0.18678013102328306, "lam": 0.9998706942522801, "max_depth": 5.0, "min_child_weight": 3.0}, "datetime": {"datetime": "2020-04-26 11:27:13", "elapsed": 1082.543044, "delta": 4.765421}}
{"target": 0.6500966, "params": {"alpha": 0.8777684325045078, "lam": 0.9996305949751363, "max_depth": 5.0, "min_child_weight": 3.0}, "datetime": {"datetime": "2020-04-26 11:27:17", "elapsed": 1086.546572, "delta": 4.003528}}
{"target": 0.6500986, "params": {"alpha": 0.5341702996674572, "lam": 0.9998847021504316, "max_depth": 5.0, "min_child_weight": 3.0}, "datetime": {"datetime": "2020-04-26 11:27:21", "elapsed": 1090.679658, "delta": 4.133086}}
{"target": 0.6501006, "params": {"alpha": 0.231714026567019, "lam": 0.9999613137457565, "max_depth": 5.0, "min_child_weight": 3.0}, "datetime": {"datetime": "2020-04-26 11:27:25", "elapsed": 1094.898373, "delta": 4.218715}}
{"target": 0.6500964, "params": {"alpha": 0.9547477429349545, "lam": 0.9997634281286201, "max_depth": 5.0, "min_child_weight": 3.0}, "datetime": {"datetime": "2020-04-26 11:27:30", "elapsed": 1099.078321, "delta": 4.179948}}
{"target": 0.6500959999999999, "params": {"alpha": 0.9887006536833689, "lam": 0.9998922791054974, "max_depth": 5.0, "min_child_weight": 3.0}, "datetime": {"datetime": "2020-04-26 11:27:34", "elapsed": 1103.325097, "delta": 4.246776}}
{"target": 0.650097, "params": {"alpha": 0.8132986148139335, "lam": 0.9997320705497531, "max_depth": 5.0, "min_child_weight": 3.0}, "datetime": {"datetime": "2020-04-26 11:27:38", "elapsed": 1107.39706, "delta": 4.071963}}
{"target": 0.6501014, "params": {"alpha": 0.11794141143804981, "lam": 0.9998840524274364, "max_depth": 5.0, "min_child_weight": 3.0}, "datetime": {"datetime": "2020-04-26 11:27:42", "elapsed": 1111.829114, "delta": 4.432054}}
{"target": 0.6092122, "params": {"alpha": 0.2524545645295798, "colsample_bytree": 0.5632638394483421, "lam": 0.9989646052317648, "max_depth": 5.0, "min_child_weight": 3.0, "subsample": 0.7161203020744014}, "datetime": {"datetime": "2020-04-26 11:27:43", "elapsed": 1112.643547, "delta": 0.814433}}
{"target": 0.6033508, "params": {"alpha": 0.2524545645295798, "colsample_bytree": 0.5687626030884229, "lam": 0.9989646052317648, "max_depth": 5.0, "min_child_weight": 3.0, "subsample": 0.634931581448262}, "datetime": {"datetime": "2020-04-26 11:27:44", "elapsed": 1113.448869, "delta": 0.805322}}
{"target": 0.6282704, "params": {"alpha": 0.2524545645295798, "colsample_bytree": 0.7113842338259222, "lam": 0.9989646052317648, "max_depth": 5.0, "min_child_weight": 3.0, "subsample": 0.7470333775038549}, "datetime": {"datetime": "2020-04-26 11:27:45", "elapsed": 1114.25349, "delta": 0.804621}}
{"target": 0.6196444, "params": {"alpha": 0.2524545645295798, "colsample_bytree": 0.812229800251093, "lam": 0.9989646052317648, "max_depth": 5.0, "min_child_weight": 3.0, "subsample": 0.636405259954895}, "datetime": {"datetime": "2020-04-26 11:27:46", "elapsed": 1115.053162, "delta": 0.799672}}
{"target": 0.6144504, "params": {"alpha": 0.2524545645295798, "colsample_bytree": 0.5895449352580259, "lam": 0.9989646052317648, "max_depth": 5.0, "min_child_weight": 3.0, "subsample": 0.7845424194033543}, "datetime": {"datetime": "2020-04-26 11:27:46", "elapsed": 1115.862503, "delta": 0.809341}}
{"target": 0.6290093999999999, "params": {"alpha": 0.2524545645295798, "colsample_bytree": 0.6716758694634261, "lam": 0.9989646052317648, "max_depth": 5.0, "min_child_weight": 3.0, "subsample": 0.7468131762454208}, "datetime": {"datetime": "2020-04-26 11:27:47", "elapsed": 1116.684058, "delta": 0.821555}}
{"target": 0.633721, "params": {"alpha": 0.2524545645295798, "colsample_bytree": 0.8618167321784667, "lam": 0.9989646052317648, "max_depth": 5.0, "min_child_weight": 3.0, "subsample": 0.7410974182909292}, "datetime": {"datetime": "2020-04-26 11:27:48", "elapsed": 1117.484934, "delta": 0.800876}}
{"target": 0.6193434, "params": {"alpha": 0.2524545645295798, "colsample_bytree": 0.628746684801197, "lam": 0.9989646052317648, "max_depth": 5.0, "min_child_weight": 3.0, "subsample": 0.8015965206849669}, "datetime": {"datetime": "2020-04-26 11:27:49", "elapsed": 1118.287386, "delta": 0.802452}}
{"target": 0.6100551999999999, "params": {"alpha": 0.2524545645295798, "colsample_bytree": 0.6418812168029973, "lam": 0.9989646052317648, "max_depth": 5.0, "min_child_weight": 3.0, "subsample": 0.5845919908883572}, "datetime": {"datetime": "2020-04-26 11:27:50", "elapsed": 1119.093762, "delta": 0.806376}}
{"target": 0.6080566000000001, "params": {"alpha": 0.2524545645295798, "colsample_bytree": 0.6542573019665887, "lam": 0.9989646052317648, "max_depth": 5.0, "min_child_weight": 3.0, "subsample": 0.5522679747172239}, "datetime": {"datetime": "2020-04-26 11:27:50", "elapsed": 1119.903189, "delta": 0.809427}}
{"target": 0.6326398, "params": {"alpha": 0.2524545645295798, "colsample_bytree": 0.9, "lam": 0.9989646052317648, "max_depth": 5.0, "min_child_weight": 3.0, "subsample": 0.9}, "datetime": {"datetime": "2020-04-26 11:27:52", "elapsed": 1121.049706, "delta": 1.146517}}
{"target": 0.6226514, "params": {"alpha": 0.2524545645295798, "colsample_bytree": 0.8999999983701851, "lam": 0.9989646052317648, "max_depth": 5.0, "min_child_weight": 3.0, "subsample": 0.5}, "datetime": {"datetime": "2020-04-26 11:27:53", "elapsed": 1122.364951, "delta": 1.315245}}
{"target": 0.6365868000000001, "params": {"alpha": 0.2524545645295798, "colsample_bytree": 0.8999536690154714, "lam": 0.9989646052317648, "max_depth": 5.0, "min_child_weight": 3.0, "subsample": 0.7792442061844935}, "datetime": {"datetime": "2020-04-26 11:27:54", "elapsed": 1123.695226, "delta": 1.330275}}
{"target": 0.6441174000000001, "params": {"alpha": 0.2524545645295798, "colsample_bytree": 0.8381015206479243, "lam": 0.9989646052317648, "max_depth": 5.0, "min_child_weight": 3.0, "subsample": 0.8345362945886869}, "datetime": {"datetime": "2020-04-26 11:27:56", "elapsed": 1125.309534, "delta": 1.614308}}
{"target": 0.6318848, "params": {"alpha": 0.2524545645295798, "colsample_bytree": 0.7906814854872868, "lam": 0.9989646052317648, "max_depth": 5.0, "min_child_weight": 3.0, "subsample": 0.8991325604119386}, "datetime": {"datetime": "2020-04-26 11:27:57", "elapsed": 1126.880084, "delta": 1.57055}}
{"target": 0.6481932, "params": {"alpha": 0.2524545645295798, "colsample_bytree": 0.8483159377168343, "lam": 0.9989646052317648, "max_depth": 5.0, "min_child_weight": 3.0, "subsample": 0.8317980987925528}, "datetime": {"datetime": "2020-04-26 11:27:59", "elapsed": 1128.484691, "delta": 1.604607}}
{"target": 0.634638, "params": {"alpha": 0.2524545645295798, "colsample_bytree": 0.8574169922586972, "lam": 0.9989646052317648, "max_depth": 5.0, "min_child_weight": 3.0, "subsample": 0.8380778454955868}, "datetime": {"datetime": "2020-04-26 11:28:01", "elapsed": 1130.105649, "delta": 1.620958}}
{"target": 0.5936384, "params": {"alpha": 0.2524545645295798, "colsample_bytree": 0.5, "lam": 0.9989646052317648, "max_depth": 5.0, "min_child_weight": 3.0, "subsample": 0.9}, "datetime": {"datetime": "2020-04-26 11:28:02", "elapsed": 1131.141829, "delta": 1.03618}}
{"target": 0.5694344000000001, "params": {"alpha": 0.2524545645295798, "colsample_bytree": 0.5, "lam": 0.9989646052317648, "max_depth": 5.0, "min_child_weight": 3.0, "subsample": 0.5}, "datetime": {"datetime": "2020-04-26 11:28:03", "elapsed": 1132.332654, "delta": 1.190825}}
{"target": 0.6306025999999999, "params": {"alpha": 0.2524545645295798, "colsample_bytree": 0.7990327337105667, "lam": 0.9989646052317648, "max_depth": 5.0, "min_child_weight": 3.0, "subsample": 0.5006261453820819}, "datetime": {"datetime": "2020-04-26 11:28:04", "elapsed": 1133.547797, "delta": 1.215143}}
{"target": 0.6317999999999999, "params": {"alpha": 0.2524545645295798, "colsample_bytree": 0.6403425063163912, "lam": 0.9989646052317648, "max_depth": 5.0, "min_child_weight": 3.0, "subsample": 0.8999920237397672}, "datetime": {"datetime": "2020-04-26 11:28:05", "elapsed": 1134.760496, "delta": 1.212699}}
{"target": 0.6157552, "params": {"alpha": 0.2524545645295798, "colsample_bytree": 0.8987725275764935, "lam": 0.9989646052317648, "max_depth": 5.0, "min_child_weight": 3.0, "subsample": 0.5874339801490769}, "datetime": {"datetime": "2020-04-26 11:28:07", "elapsed": 1136.041439, "delta": 1.280943}}
