{"target": 0.6340136, "params": {"max_depth": 5.065881863225105, "min_child_weight": 2.040383770624632}, "datetime": {"datetime": "2020-04-26 11:09:11", "elapsed": 0.0, "delta": 0.0}}
{"target": 0.6433128, "params": {"max_depth": 6.723154577127338, "min_child_weight": 8.597420635747298}, "datetime": {"datetime": "2020-04-26 11:09:12", "elapsed": 0.943554, "delta": 0.943554}}
{"target": 0.6303097999999999, "params": {"max_depth": 6.89999835343396, "min_child_weight": 4.4351349547501995}, "datetime": {"datetime": "2020-04-26 11:09:13", "elapsed": 1.926081, "delta": 0.982527}}
{"target": 0.6151066000000001, "params": {"max_depth": 6.072368238438739, "min_child_weight": 1.0904178241161588}, "datetime": {"datetime": "2020-04-26 11:09:13", "elapsed": 2.823708, "delta": 0.897627}}
{"target": 0.6484144, "params": {"max_depth": 4.584296953404297, "min_child_weight": 3.2775709628196767}, "datetime": {"datetime": "2020-04-26 11:09:14", "elapsed": 3.655492, "delta": 0.831784}}
{"target": 0.636115, "params": {"max_depth": 8.783726734324416, "min_child_weight": 7.7984678542028965}, "datetime": {"datetime": "2020-04-26 11:09:15", "elapsed": 4.899226, "delta": 1.243734}}
{"target": 0.6318164, "params": {"max_depth": 5.772014351262339, "min_child_weight": 1.5582179133763692}, "datetime": {"datetime": "2020-04-26 11:09:16", "elapsed": 5.795526, "delta": 0.8963}}
{"target": 0.6357974, "params": {"max_depth": 4.543735370536915, "min_child_weight": 6.3336842553856565}, "datetime": {"datetime": "2020-04-26 11:09:17", "elapsed": 6.603642, "delta": 0.808116}}
{"target": 0.5938036, "params": {"max_depth": 9.86408683554222, "min_child_weight": 1.29587192681295}, "datetime": {"datetime": "2020-04-26 11:09:19", "elapsed": 8.676003, "delta": 2.072361}}
{"target": 0.6253022, "params": {"max_depth": 8.171142461463713, "min_child_weight": 5.003798626719676}, "datetime": {"datetime": "2020-04-26 11:09:20", "elapsed": 9.808234, "delta": 1.132231}}
{"target": 0.601726, "params": {"max_depth": 3.0, "min_child_weight": 10.0}, "datetime": {"datetime": "2020-04-26 11:09:21", "elapsed": 10.778762, "delta": 0.970528}}
{"target": 0.6373406000000001, "params": {"max_depth": 10.0, "min_child_weight": 10.0}, "datetime": {"datetime": "2020-04-26 11:09:23", "elapsed": 12.464409, "delta": 1.685647}}
{"target": 0.6024502, "params": {"max_depth": 3.024671534985526, "min_child_weight": 5.13139821925524}, "datetime": {"datetime": "2020-04-26 11:09:24", "elapsed": 13.424814, "delta": 0.960405}}
{"target": 0.639735, "params": {"max_depth": 6.654387184529208, "min_child_weight": 9.995816721455219}, "datetime": {"datetime": "2020-04-26 11:09:25", "elapsed": 14.572377, "delta": 1.147563}}
{"target": 0.6186006, "params": {"max_depth": 9.988595784502364, "min_child_weight": 5.62920593987392}, "datetime": {"datetime": "2020-04-26 11:09:27", "elapsed": 16.441188, "delta": 1.868811}}
{"target": 0.611381, "params": {"max_depth": 7.335227878808524, "min_child_weight": 2.498080616599154}, "datetime": {"datetime": "2020-04-26 11:09:28", "elapsed": 17.784462, "delta": 1.343274}}
{"target": 0.6419294, "params": {"max_depth": 8.38203507799175, "min_child_weight": 9.990575248231734}, "datetime": {"datetime": "2020-04-26 11:09:30", "elapsed": 19.073437, "delta": 1.288975}}
{"target": 0.6311198, "params": {"max_depth": 6.569206951316529, "min_child_weight": 6.665432588429887}, "datetime": {"datetime": "2020-04-26 11:09:31", "elapsed": 20.343045, "delta": 1.269608}}
{"target": 0.6344196, "params": {"max_depth": 5.04606386048034, "min_child_weight": 4.347023469206577}, "datetime": {"datetime": "2020-04-26 11:09:32", "elapsed": 21.459595, "delta": 1.11655}}
{"target": 0.6321364, "params": {"max_depth": 4.386485694847425, "min_child_weight": 8.53911936515746}, "datetime": {"datetime": "2020-04-26 11:09:33", "elapsed": 22.564753, "delta": 1.105158}}
{"target": 0.6434684, "params": {"max_depth": 9.99997743845838, "min_child_weight": 8.799969267288454}, "datetime": {"datetime": "2020-04-26 11:09:35", "elapsed": 24.308097, "delta": 1.743344}}
{"target": 0.6484144, "params": {"max_depth": 5.495604945338185, "min_child_weight": 3.036117325207645}, "datetime": {"datetime": "2020-04-26 11:09:36", "elapsed": 25.410034, "delta": 1.101937}}
{"target": 0.6399627999999999, "params": {"max_depth": 4.88944839618121, "min_child_weight": 9.99735318145819}, "datetime": {"datetime": "2020-04-26 11:09:37", "elapsed": 26.565698, "delta": 1.155664}}
{"target": 0.6461694000000001, "params": {"max_depth": 8.836014221486213, "min_child_weight": 9.083034286636124}, "datetime": {"datetime": "2020-04-26 11:09:39", "elapsed": 28.117861, "delta": 1.552163}}
{"target": 0.6369948, "params": {"max_depth": 5.495587613824506, "min_child_weight": 7.829004358155653}, "datetime": {"datetime": "2020-04-26 11:09:40", "elapsed": 29.374674, "delta": 1.256813}}
{"target": 0.6393713999999999, "params": {"max_depth": 7.767905833663432, "min_child_weight": 9.136160960469104}, "datetime": {"datetime": "2020-04-26 11:09:41", "elapsed": 30.804126, "delta": 1.429452}}
{"target": 0.6432156, "params": {"max_depth": 5.76252512397156, "min_child_weight": 9.226947004730084}, "datetime": {"datetime": "2020-04-26 11:09:43", "elapsed": 32.092928, "delta": 1.288802}}
{"target": 0.6484144, "params": {"max_depth": 5.063430686060741, "min_child_weight": 3.0755564821543278}, "datetime": {"datetime": "2020-04-26 11:09:44", "elapsed": 33.259058, "delta": 1.16613}}
{"target": 0.6461694000000001, "params": {"max_depth": 9.354880419996402, "min_child_weight": 9.400516693327074}, "datetime": {"datetime": "2020-04-26 11:09:45", "elapsed": 34.837953, "delta": 1.578895}}
{"target": 0.6099646, "params": {"max_depth": 9.99511245397295, "min_child_weight": 3.5681227583995936}, "datetime": {"datetime": "2020-04-26 11:09:48", "elapsed": 37.173444, "delta": 2.335491}}
{"target": 0.6484144, "params": {"max_depth": 5.08143811215364, "min_child_weight": 3.1205845934892684}, "datetime": {"datetime": "2020-04-26 11:09:49", "elapsed": 38.557643, "delta": 1.384199}}
{"target": 0.6408421999999999, "params": {"max_depth": 5.642252225478373, "min_child_weight": 2.7065704310167025}, "datetime": {"datetime": "2020-04-26 11:09:50", "elapsed": 39.830495, "delta": 1.272852}}
{"target": 0.5992012, "params": {"max_depth": 3.079187859278832, "min_child_weight": 1.0720192888146425}, "datetime": {"datetime": "2020-04-26 11:09:52", "elapsed": 41.062028, "delta": 1.231533}}
{"target": 0.6017268, "params": {"max_depth": 3.0046008743466524, "min_child_weight": 2.8152531711549673}, "datetime": {"datetime": "2020-04-26 11:09:53", "elapsed": 42.49245, "delta": 1.430422}}
{"target": 0.6484144, "params": {"max_depth": 5.046496391680543, "min_child_weight": 3.414784592766036}, "datetime": {"datetime": "2020-04-26 11:09:54", "elapsed": 43.804653, "delta": 1.312203}}
{"target": 0.6484144, "params": {"max_depth": 4.992992911593063, "min_child_weight": 3.2855317189188424}, "datetime": {"datetime": "2020-04-26 11:09:56", "elapsed": 45.184051, "delta": 1.379398}}
{"target": 0.6484144, "params": {"max_depth": 4.942562918234584, "min_child_weight": 3.3025360149851184}, "datetime": {"datetime": "2020-04-26 11:09:57", "elapsed": 46.667041, "delta": 1.48299}}
{"target": 0.6484144, "params": {"max_depth": 5.210143921875397, "min_child_weight": 3.345085315252388}, "datetime": {"datetime": "2020-04-26 11:09:59", "elapsed": 48.116548, "delta": 1.449507}}
{"target": 0.6484144, "params": {"max_depth": 4.839320818420681, "min_child_weight": 3.2506969428659507}, "datetime": {"datetime": "2020-04-26 11:10:00", "elapsed": 49.412618, "delta": 1.29607}}
{"target": 0.6484144, "params": {"max_depth": 5.0082362494518815, "min_child_weight": 3.271064886529878}, "datetime": {"datetime": "2020-04-26 11:10:01", "elapsed": 50.751114, "delta": 1.338496}}
{"target": 0.6461694000000001, "params": {"max_depth": 9.309659872153633, "min_child_weight": 8.738794530867}, "datetime": {"datetime": "2020-04-26 11:10:03", "elapsed": 52.531155, "delta": 1.780041}}
{"target": 0.6484144, "params": {"max_depth": 4.969270669764213, "min_child_weight": 3.182891835043474}, "datetime": {"datetime": "2020-04-26 11:10:04", "elapsed": 53.906788, "delta": 1.375633}}
{"target": 0.6484144, "params": {"max_depth": 5.249222842290039, "min_child_weight": 3.3323489352591475}, "datetime": {"datetime": "2020-04-26 11:10:06", "elapsed": 55.359817, "delta": 1.453029}}
{"target": 0.6484144, "params": {"max_depth": 4.826173442826191, "min_child_weight": 3.3410210718477753}, "datetime": {"datetime": "2020-04-26 11:10:07", "elapsed": 56.720889, "delta": 1.361072}}
{"target": 0.6484144, "params": {"max_depth": 4.957948671366519, "min_child_weight": 3.217660173660503}, "datetime": {"datetime": "2020-04-26 11:10:09", "elapsed": 58.074014, "delta": 1.353125}}
{"target": 0.6484144, "params": {"max_depth": 5.099719709646606, "min_child_weight": 3.314439604826805}, "datetime": {"datetime": "2020-04-26 11:10:10", "elapsed": 59.446189, "delta": 1.372175}}
{"target": 0.6484144, "params": {"max_depth": 4.948093684403143, "min_child_weight": 3.1997212894421203}, "datetime": {"datetime": "2020-04-26 11:10:11", "elapsed": 60.873338, "delta": 1.427149}}
{"target": 0.6484144, "params": {"max_depth": 5.1245127834757636, "min_child_weight": 3.3146125559454607}, "datetime": {"datetime": "2020-04-26 11:10:13", "elapsed": 62.262572, "delta": 1.389234}}
{"target": 0.6484144, "params": {"max_depth": 4.846150504668202, "min_child_weight": 3.36449023464246}, "datetime": {"datetime": "2020-04-26 11:10:14", "elapsed": 63.644675, "delta": 1.382103}}
{"target": 0.6484144, "params": {"max_depth": 4.942004475060258, "min_child_weight": 3.1733923065502245}, "datetime": {"datetime": "2020-04-26 11:10:16", "elapsed": 64.950139, "delta": 1.305464}}
{"target": 0.6484144, "params": {"max_depth": 5.184873496033539, "min_child_weight": 3.3226892500073504}, "datetime": {"datetime": "2020-04-26 11:10:17", "elapsed": 66.430687, "delta": 1.480548}}
{"target": 0.6484144, "params": {"max_depth": 4.963792363496873, "min_child_weight": 3.174390369297221}, "datetime": {"datetime": "2020-04-26 11:10:18", "elapsed": 67.855851, "delta": 1.425164}}
{"target": 0.6484144, "params": {"max_depth": 4.814049077573337, "min_child_weight": 3.3901545577849164}, "datetime": {"datetime": "2020-04-26 11:10:20", "elapsed": 69.283386, "delta": 1.427535}}
{"target": 0.6484144, "params": {"max_depth": 5.0611718059948085, "min_child_weight": 3.243038703258321}, "datetime": {"datetime": "2020-04-26 11:10:21", "elapsed": 70.74035, "delta": 1.456964}}
{"target": 0.6484144, "params": {"max_depth": 5.0151696747863745, "min_child_weight": 3.282168828895098}, "datetime": {"datetime": "2020-04-26 11:10:23", "elapsed": 72.154592, "delta": 1.414242}}
{"target": 0.6484144, "params": {"max_depth": 4.875402518945507, "min_child_weight": 3.1930485983343173}, "datetime": {"datetime": "2020-04-26 11:10:24", "elapsed": 73.638356, "delta": 1.483764}}
{"target": 0.6484144, "params": {"max_depth": 5.076824787744906, "min_child_weight": 3.311260776446309}, "datetime": {"datetime": "2020-04-26 11:10:26", "elapsed": 75.033963, "delta": 1.395607}}
{"target": 0.6484144, "params": {"max_depth": 4.903436985981304, "min_child_weight": 3.3566300266818567}, "datetime": {"datetime": "2020-04-26 11:10:27", "elapsed": 76.501655, "delta": 1.467692}}
{"target": 0.6484144, "params": {"max_depth": 4.968674215929527, "min_child_weight": 3.204536458497178}, "datetime": {"datetime": "2020-04-26 11:10:28", "elapsed": 77.901865, "delta": 1.40021}}
{"target": 0.6484144, "params": {"max_depth": 5.211917417799259, "min_child_weight": 3.317723958747062}, "datetime": {"datetime": "2020-04-26 11:10:30", "elapsed": 79.261528, "delta": 1.359663}}
{"target": 0.6484144, "params": {"max_depth": 4.980734019802156, "min_child_weight": 3.2221833100990764}, "datetime": {"datetime": "2020-04-26 11:10:31", "elapsed": 80.73179, "delta": 1.470262}}
{"target": 0.6484144, "params": {"max_depth": 5.059252230613098, "min_child_weight": 3.2460502839780583}, "datetime": {"datetime": "2020-04-26 11:10:33", "elapsed": 82.112821, "delta": 1.381031}}
{"target": 0.6484144, "params": {"max_depth": 4.773447199284666, "min_child_weight": 3.3558871255181786}, "datetime": {"datetime": "2020-04-26 11:10:34", "elapsed": 83.613562, "delta": 1.500741}}
{"target": 0.6484144, "params": {"max_depth": 5.01472169948679, "min_child_weight": 3.352736418897466}, "datetime": {"datetime": "2020-04-26 11:10:36", "elapsed": 85.14842, "delta": 1.534858}}
{"target": 0.6484144, "params": {"max_depth": 4.9559191107214815, "min_child_weight": 3.1753016934982847}, "datetime": {"datetime": "2020-04-26 11:10:37", "elapsed": 86.696037, "delta": 1.547617}}
{"target": 0.6484144, "params": {"max_depth": 5.101910109047019, "min_child_weight": 3.318448513453004}, "datetime": {"datetime": "2020-04-26 11:10:39", "elapsed": 88.136653, "delta": 1.440616}}
{"target": 0.6484144, "params": {"max_depth": 4.896109063210811, "min_child_weight": 3.343067612903481}, "datetime": {"datetime": "2020-04-26 11:10:40", "elapsed": 89.612155, "delta": 1.475502}}
{"target": 0.6484144, "params": {"max_depth": 4.961665194228628, "min_child_weight": 3.1952173374885366}, "datetime": {"datetime": "2020-04-26 11:10:42", "elapsed": 90.963438, "delta": 1.351283}}
{"target": 0.6484144, "params": {"max_depth": 5.054740841023317, "min_child_weight": 3.207152379480119}, "datetime": {"datetime": "2020-04-26 11:10:43", "elapsed": 92.511972, "delta": 1.548534}}
{"target": 0.6484144, "params": {"max_depth": 4.800060564429714, "min_child_weight": 3.347168031551239}, "datetime": {"datetime": "2020-04-26 11:10:45", "elapsed": 93.968776, "delta": 1.456804}}
{"target": 0.6484144, "params": {"max_depth": 5.03966572887799, "min_child_weight": 3.2491075523466173}, "datetime": {"datetime": "2020-04-26 11:10:46", "elapsed": 95.269105, "delta": 1.300329}}
{"target": 0.6484144, "params": {"max_depth": 4.981498772632177, "min_child_weight": 3.3539021492019985}, "datetime": {"datetime": "2020-04-26 11:10:48", "elapsed": 96.934902, "delta": 1.665797}}
{"target": 0.6484144, "params": {"max_depth": 5.210384790077628, "min_child_weight": 3.295172045292082}, "datetime": {"datetime": "2020-04-26 11:10:49", "elapsed": 98.508028, "delta": 1.573126}}
{"target": 0.6484144, "params": {"max_depth": 4.951449229192581, "min_child_weight": 3.2027501833510383}, "datetime": {"datetime": "2020-04-26 11:10:51", "elapsed": 99.959884, "delta": 1.451856}}
{"target": 0.6484144, "params": {"max_depth": 5.086311866907573, "min_child_weight": 3.250411298537413}, "datetime": {"datetime": "2020-04-26 11:10:52", "elapsed": 101.485036, "delta": 1.525152}}
{"target": 0.6484144, "params": {"max_depth": 4.833064940150398, "min_child_weight": 3.358881538736197}, "datetime": {"datetime": "2020-04-26 11:10:54", "elapsed": 103.039834, "delta": 1.554798}}
{"target": 0.6484144, "params": {"max_depth": 4.84603906390079, "min_child_weight": 3.248253723144976}, "datetime": {"datetime": "2020-04-26 11:10:55", "elapsed": 104.505046, "delta": 1.465212}}
{"target": 0.6484144, "params": {"max_depth": 4.958422102694136, "min_child_weight": 3.3573029616027465}, "datetime": {"datetime": "2020-04-26 11:10:57", "elapsed": 106.047206, "delta": 1.54216}}
{"target": 0.6484144, "params": {"max_depth": 5.070443697191456, "min_child_weight": 3.265984226446851}, "datetime": {"datetime": "2020-04-26 11:10:58", "elapsed": 107.491279, "delta": 1.444073}}
{"target": 0.6484144, "params": {"max_depth": 4.876875878956268, "min_child_weight": 3.1992145102647065}, "datetime": {"datetime": "2020-04-26 11:10:59", "elapsed": 108.906927, "delta": 1.415648}}
{"target": 0.6484144, "params": {"max_depth": 5.125106916298404, "min_child_weight": 3.296977847265887}, "datetime": {"datetime": "2020-04-26 11:11:01", "elapsed": 110.4601, "delta": 1.553173}}
{"target": 0.6484144, "params": {"max_depth": 4.887300598294464, "min_child_weight": 3.1900902705513996}, "datetime": {"datetime": "2020-04-26 11:11:02", "elapsed": 111.783085, "delta": 1.322985}}
{"target": 0.6484144, "params": {"max_depth": 4.983009648899978, "min_child_weight": 3.3351737662471845}, "datetime": {"datetime": "2020-04-26 11:11:04", "elapsed": 113.225164, "delta": 1.442079}}
{"target": 0.6484144, "params": {"max_depth": 4.977150947718286, "min_child_weight": 3.1875178348958872}, "datetime": {"datetime": "2020-04-26 11:11:06", "elapsed": 114.9921, "delta": 1.766936}}
{"target": 0.6484144, "params": {"max_depth": 4.86666057374803, "min_child_weight": 3.374672602876897}, "datetime": {"datetime": "2020-04-26 11:11:07", "elapsed": 116.680472, "delta": 1.688372}}
{"target": 0.6484144, "params": {"max_depth": 5.0861237184098655, "min_child_weight": 3.2483308874272607}, "datetime": {"datetime": "2020-04-26 11:11:09", "elapsed": 118.360338, "delta": 1.679866}}
{"target": 0.6484144, "params": {"max_depth": 5.006064715949081, "min_child_weight": 3.309381121990365}, "datetime": {"datetime": "2020-04-26 11:11:10", "elapsed": 119.806331, "delta": 1.445993}}
{"target": 0.6484144, "params": {"max_depth": 4.810507487726032, "min_child_weight": 3.2897134673777964}, "datetime": {"datetime": "2020-04-26 11:11:12", "elapsed": 121.304521, "delta": 1.49819}}
{"target": 0.6484144, "params": {"max_depth": 5.025916912682309, "min_child_weight": 3.2780796898483318}, "datetime": {"datetime": "2020-04-26 11:11:13", "elapsed": 122.703804, "delta": 1.399283}}
{"target": 0.6484144, "params": {"max_depth": 5.0161237658619395, "min_child_weight": 3.2972751549245913}, "datetime": {"datetime": "2020-04-26 11:11:15", "elapsed": 124.135078, "delta": 1.431274}}
{"target": 0.6484144, "params": {"max_depth": 5.120287604030786, "min_child_weight": 3.327105429616574}, "datetime": {"datetime": "2020-04-26 11:11:16", "elapsed": 125.833512, "delta": 1.698434}}
{"target": 0.6484144, "params": {"max_depth": 4.820137682751374, "min_child_weight": 3.2773970837410293}, "datetime": {"datetime": "2020-04-26 11:11:18", "elapsed": 127.428767, "delta": 1.595255}}
{"target": 0.6484144, "params": {"max_depth": 4.866460852898594, "min_child_weight": 3.233816516104227}, "datetime": {"datetime": "2020-04-26 11:11:20", "elapsed": 128.943307, "delta": 1.51454}}
{"target": 0.6484144, "params": {"max_depth": 5.0388600575455715, "min_child_weight": 3.3069265730087567}, "datetime": {"datetime": "2020-04-26 11:11:21", "elapsed": 130.50729, "delta": 1.563983}}
{"target": 0.6484144, "params": {"max_depth": 4.979394470765838, "min_child_weight": 3.1957391754694866}, "datetime": {"datetime": "2020-04-26 11:11:23", "elapsed": 132.182659, "delta": 1.675369}}
{"target": 0.6484144, "params": {"max_depth": 4.961712992369884, "min_child_weight": 3.1836715067344294}, "datetime": {"datetime": "2020-04-26 11:11:24", "elapsed": 133.917019, "delta": 1.73436}}
{"target": 0.6484144, "params": {"max_depth": 4.887855155313689, "min_child_weight": 3.336058145145949}, "datetime": {"datetime": "2020-04-26 11:11:26", "elapsed": 135.600956, "delta": 1.683937}}
{"target": 0.6484144, "params": {"max_depth": 5.046498555984538, "min_child_weight": 3.17480906989473}, "datetime": {"datetime": "2020-04-26 11:11:28", "elapsed": 137.271112, "delta": 1.670156}}
{"target": 0.6484144, "params": {"max_depth": 5.0111823935091735, "min_child_weight": 3.323311205657997}, "datetime": {"datetime": "2020-04-26 11:11:29", "elapsed": 138.83727, "delta": 1.566158}}
{"target": 0.6484144, "params": {"max_depth": 5.131309157215977, "min_child_weight": 3.330513404067443}, "datetime": {"datetime": "2020-04-26 11:11:31", "elapsed": 140.502476, "delta": 1.665206}}
{"target": 0.6484144, "params": {"max_depth": 4.997320453463038, "min_child_weight": 3.209180767893573}, "datetime": {"datetime": "2020-04-26 11:11:33", "elapsed": 142.077942, "delta": 1.575466}}
{"target": 0.6484144, "params": {"max_depth": 4.993294418328762, "min_child_weight": 3.218404380989332}, "datetime": {"datetime": "2020-04-26 11:11:34", "elapsed": 143.679772, "delta": 1.60183}}
{"target": 0.6484144, "params": {"max_depth": 4.902453879003363, "min_child_weight": 3.3319093971734124}, "datetime": {"datetime": "2020-04-26 11:11:36", "elapsed": 145.426284, "delta": 1.746512}}
{"target": 0.6484144, "params": {"max_depth": 4.885488410351206, "min_child_weight": 3.3620993591907675}, "datetime": {"datetime": "2020-04-26 11:11:38", "elapsed": 147.313229, "delta": 1.886945}}
{"target": 0.6484144, "params": {"max_depth": 5.195715693315377, "min_child_weight": 3.2631826373002975}, "datetime": {"datetime": "2020-04-26 11:11:40", "elapsed": 148.996749, "delta": 1.68352}}
{"target": 0.6484144, "params": {"max_depth": 4.833158454399147, "min_child_weight": 3.362700362179657}, "datetime": {"datetime": "2020-04-26 11:11:41", "elapsed": 150.601354, "delta": 1.604605}}
{"target": 0.6484144, "params": {"max_depth": 5.134599831479859, "min_child_weight": 3.321285547783882}, "datetime": {"datetime": "2020-04-26 11:11:43", "elapsed": 152.199487, "delta": 1.598133}}
{"target": 0.6484144, "params": {"max_depth": 4.907104334164682, "min_child_weight": 3.224543550023849}, "datetime": {"datetime": "2020-04-26 11:11:45", "elapsed": 154.002454, "delta": 1.802967}}
{"target": 0.6484144, "params": {"max_depth": 5.061910946279752, "min_child_weight": 3.2068867315490155}, "datetime": {"datetime": "2020-04-26 11:11:46", "elapsed": 155.772759, "delta": 1.770305}}
{"target": 0.6484144, "params": {"max_depth": 4.865981943105332, "min_child_weight": 3.3393522746950364}, "datetime": {"datetime": "2020-04-26 11:11:48", "elapsed": 157.472174, "delta": 1.699415}}
{"target": 0.6484144, "params": {"max_depth": 5.009116953258774, "min_child_weight": 3.3248558061872835}, "datetime": {"datetime": "2020-04-26 11:11:50", "elapsed": 159.301145, "delta": 1.828971}}
{"target": 0.6484144, "params": {"max_depth": 4.882910736845947, "min_child_weight": 3.2394859260937587}, "datetime": {"datetime": "2020-04-26 11:11:52", "elapsed": 161.106991, "delta": 1.805846}}
