{"target": 0.6179132, "params": {"alpha": 0.17967233063479537, "colsample_bytree": 0.5951122006242135, "lam": 0.9991957939543563, "max_depth": 5.0, "min_child_weight": 3.0, "subsample": 0.898883547337215}, "datetime": {"datetime": "2020-04-25 00:12:33", "elapsed": 1215.278005, "delta": 2.120096}}
{"target": 0.6342665999999999, "params": {"alpha": 0.17967233063479537, "colsample_bytree": 0.8784662910570511, "lam": 0.9991957939543563, "max_depth": 5.0, "min_child_weight": 3.0, "subsample": 0.7496824583196805}, "datetime": {"datetime": "2020-04-25 00:12:36", "elapsed": 1217.906297, "delta": 2.628292}}
{"target": 0.6374142, "params": {"alpha": 0.17967233063479537, "colsample_bytree": 0.8930315194621983, "lam": 0.9991957939543563, "max_depth": 5.0, "min_child_weight": 3.0, "subsample": 0.8299490729757546}, "datetime": {"datetime": "2020-04-25 00:12:38", "elapsed": 1220.258135, "delta": 2.351838}}
{"target": 0.6268468, "params": {"alpha": 0.17967233063479537, "colsample_bytree": 0.6368433117263529, "lam": 0.9991957939543563, "max_depth": 5.0, "min_child_weight": 3.0, "subsample": 0.7457653640910756}, "datetime": {"datetime": "2020-04-25 00:12:40", "elapsed": 1222.469656, "delta": 2.211521}}
{"target": 0.608051, "params": {"alpha": 0.17967233063479537, "colsample_bytree": 0.625411672059858, "lam": 0.9991957939543563, "max_depth": 5.0, "min_child_weight": 3.0, "subsample": 0.501876085068422}, "datetime": {"datetime": "2020-04-25 00:12:43", "elapsed": 1225.152565, "delta": 2.682909}}
{"target": 0.6380958, "params": {"alpha": 0.17967233063479537, "colsample_bytree": 0.8331843986061056, "lam": 0.9991957939543563, "max_depth": 5.0, "min_child_weight": 3.0, "subsample": 0.7930965257084467}, "datetime": {"datetime": "2020-04-25 00:12:46", "elapsed": 1228.338048, "delta": 3.185483}}
{"target": 0.6448058, "params": {"alpha": 0.17967233063479537, "colsample_bytree": 0.8994714297671613, "lam": 0.9991957939543563, "max_depth": 5.0, "min_child_weight": 3.0, "subsample": 0.8237468667644781}, "datetime": {"datetime": "2020-04-25 00:12:49", "elapsed": 1231.161025, "delta": 2.822977}}
{"target": 0.647806, "params": {"alpha": 0.17967233063479537, "colsample_bytree": 0.8985524492926218, "lam": 0.9991957939543563, "max_depth": 5.0, "min_child_weight": 3.0, "subsample": 0.8287752645653932}, "datetime": {"datetime": "2020-04-25 00:12:51", "elapsed": 1233.472048, "delta": 2.311023}}
{"target": 0.6441391999999999, "params": {"alpha": 0.17967233063479537, "colsample_bytree": 0.7978524087298893, "lam": 0.9991957939543563, "max_depth": 5.0, "min_child_weight": 3.0, "subsample": 0.8337359226249333}, "datetime": {"datetime": "2020-04-25 00:12:54", "elapsed": 1235.941569, "delta": 2.469521}}
{"target": 0.6442408000000001, "params": {"alpha": 0.17967233063479537, "colsample_bytree": 0.8991347148262805, "lam": 0.9991957939543563, "max_depth": 5.0, "min_child_weight": 3.0, "subsample": 0.8236143466777701}, "datetime": {"datetime": "2020-04-25 00:12:57", "elapsed": 1238.958256, "delta": 3.016687}}
{"target": 0.6433152000000001, "params": {"alpha": 0.17967233063479537, "colsample_bytree": 0.8062724265197132, "lam": 0.9991957939543563, "max_depth": 5.0, "min_child_weight": 3.0, "subsample": 0.823366292825434}, "datetime": {"datetime": "2020-04-25 00:13:00", "elapsed": 1241.930489, "delta": 2.972233}}
{"target": 0.6433096, "params": {"alpha": 0.17967233063479537, "colsample_bytree": 0.8999663386762984, "lam": 0.9991957939543563, "max_depth": 5.0, "min_child_weight": 3.0, "subsample": 0.8335239337704956}, "datetime": {"datetime": "2020-04-25 00:13:03", "elapsed": 1244.658931, "delta": 2.728442}}
{"target": 0.6534758, "params": {"alpha": 0.17967233063479537, "colsample_bytree": 0.8993208827852281, "lam": 0.9991957939543563, "max_depth": 5.0, "min_child_weight": 3.0, "subsample": 0.8247012721144791}, "datetime": {"datetime": "2020-04-25 00:13:06", "elapsed": 1247.717677, "delta": 3.058746}}
{"target": 0.6487098, "params": {"alpha": 0.17967233063479537, "colsample_bytree": 0.8994559821311203, "lam": 0.9991957939543563, "max_depth": 5.0, "min_child_weight": 3.0, "subsample": 0.8262158284640884}, "datetime": {"datetime": "2020-04-25 00:13:08", "elapsed": 1250.057442, "delta": 2.339765}}
{"target": 0.6449692, "params": {"alpha": 0.17967233063479537, "colsample_bytree": 0.8995369712337156, "lam": 0.9991957939543563, "max_depth": 5.0, "min_child_weight": 3.0, "subsample": 0.8239833701628823}, "datetime": {"datetime": "2020-04-25 00:13:12", "elapsed": 1253.605644, "delta": 3.548202}}
{"target": 0.6321194, "params": {"alpha": 0.17967233063479537, "colsample_bytree": 0.7533085380125981, "lam": 0.9991957939543563, "max_depth": 5.0, "min_child_weight": 3.0, "subsample": 0.7226390039762427}, "datetime": {"datetime": "2020-04-25 00:13:14", "elapsed": 1256.43985, "delta": 2.834206}}
{"target": 0.6451479999999999, "params": {"alpha": 0.17967233063479537, "colsample_bytree": 0.8983983134347333, "lam": 0.9991957939543563, "max_depth": 5.0, "min_child_weight": 3.0, "subsample": 0.8297195128056256}, "datetime": {"datetime": "2020-04-25 00:13:18", "elapsed": 1259.734687, "delta": 3.294837}}
{"target": 0.6495523999999999, "params": {"alpha": 0.17967233063479537, "colsample_bytree": 0.8985945633993879, "lam": 0.9991957939543563, "max_depth": 5.0, "min_child_weight": 3.0, "subsample": 0.8280688046081748}, "datetime": {"datetime": "2020-04-25 00:13:21", "elapsed": 1263.139168, "delta": 3.404481}}
{"target": 0.6346246, "params": {"alpha": 0.17967233063479537, "colsample_bytree": 0.8110964732010435, "lam": 0.9991957939543563, "max_depth": 5.0, "min_child_weight": 3.0, "subsample": 0.7925698676012491}, "datetime": {"datetime": "2020-04-25 00:13:24", "elapsed": 1265.761417, "delta": 2.622249}}
{"target": 0.6048882000000001, "params": {"alpha": 0.17967233063479537, "colsample_bytree": 0.6396512452901477, "lam": 0.9991957939543563, "max_depth": 5.0, "min_child_weight": 3.0, "subsample": 0.6490652660224119}, "datetime": {"datetime": "2020-04-25 00:13:26", "elapsed": 1268.461866, "delta": 2.700449}}
{"target": 0.6188502, "params": {"alpha": 0.17967233063479537, "colsample_bytree": 0.8696740800190087, "lam": 0.9991957939543563, "max_depth": 5.0, "min_child_weight": 3.0, "subsample": 0.6586089216678357}, "datetime": {"datetime": "2020-04-25 00:13:29", "elapsed": 1271.532794, "delta": 3.070928}}
{"target": 0.613959, "params": {"alpha": 0.17967233063479537, "colsample_bytree": 0.821634260875725, "lam": 0.9991957939543563, "max_depth": 5.0, "min_child_weight": 3.0, "subsample": 0.5202112679681954}, "datetime": {"datetime": "2020-04-25 00:13:32", "elapsed": 1274.073291, "delta": 2.540497}}
{"target": 0.6486792, "params": {"alpha": 0.17967233063479537, "colsample_bytree": 0.8994270008347018, "lam": 0.9991957939543563, "max_depth": 5.0, "min_child_weight": 3.0, "subsample": 0.8262797246973264}, "datetime": {"datetime": "2020-04-25 00:13:35", "elapsed": 1277.365979, "delta": 3.292688}}
{"target": 0.6400326, "params": {"alpha": 0.17967233063479537, "colsample_bytree": 0.8997120209519519, "lam": 0.9991957939543563, "max_depth": 5.0, "min_child_weight": 3.0, "subsample": 0.8300848934905319}, "datetime": {"datetime": "2020-04-25 00:13:38", "elapsed": 1280.333485, "delta": 2.967506}}
{"target": 0.634841, "params": {"alpha": 0.17967233063479537, "colsample_bytree": 0.6828866351837205, "lam": 0.9991957939543563, "max_depth": 5.0, "min_child_weight": 3.0, "subsample": 0.7606818270115463}, "datetime": {"datetime": "2020-04-25 00:13:42", "elapsed": 1283.625123, "delta": 3.291638}}
{"target": 0.6494918000000001, "params": {"alpha": 0.17967233063479537, "colsample_bytree": 0.8994059133331712, "lam": 0.9991957939543563, "max_depth": 5.0, "min_child_weight": 3.0, "subsample": 0.8261786575432954}, "datetime": {"datetime": "2020-04-25 00:13:46", "elapsed": 1288.009999, "delta": 4.384876}}
{"target": 0.6173606, "params": {"alpha": 0.17967233063479537, "colsample_bytree": 0.7723352651180804, "lam": 0.9991957939543563, "max_depth": 5.0, "min_child_weight": 3.0, "subsample": 0.6685883112164983}, "datetime": {"datetime": "2020-04-25 00:13:49", "elapsed": 1290.973451, "delta": 2.963452}}
{"target": 0.6171868, "params": {"alpha": 0.17967233063479537, "colsample_bytree": 0.768586577518549, "lam": 0.9991957939543563, "max_depth": 5.0, "min_child_weight": 3.0, "subsample": 0.5911885115638079}, "datetime": {"datetime": "2020-04-25 00:13:52", "elapsed": 1294.118709, "delta": 3.145258}}
{"target": 0.6486692, "params": {"alpha": 0.17967233063479537, "colsample_bytree": 0.8994219671027237, "lam": 0.9991957939543563, "max_depth": 5.0, "min_child_weight": 3.0, "subsample": 0.8263128148941773}, "datetime": {"datetime": "2020-04-25 00:13:55", "elapsed": 1296.850181, "delta": 2.731472}}
{"target": 0.6218494, "params": {"alpha": 0.17967233063479537, "colsample_bytree": 0.7942513043560657, "lam": 0.9991957939543563, "max_depth": 5.0, "min_child_weight": 3.0, "subsample": 0.7185131617785924}, "datetime": {"datetime": "2020-04-25 00:13:59", "elapsed": 1300.679122, "delta": 3.828941}}
{"target": 0.6427788, "params": {"alpha": 0.17967233063479537, "colsample_bytree": 0.898508241391022, "lam": 0.9991957939543563, "max_depth": 5.0, "min_child_weight": 3.0, "subsample": 0.8242272714019728}, "datetime": {"datetime": "2020-04-25 00:14:02", "elapsed": 1304.234034, "delta": 3.554912}}
{"target": 0.649825, "params": {"alpha": 0.17967233063479537, "colsample_bytree": 0.8991670331198469, "lam": 0.9991957939543563, "max_depth": 5.0, "min_child_weight": 3.0, "subsample": 0.8280126284014275}, "datetime": {"datetime": "2020-04-25 00:14:06", "elapsed": 1308.279674, "delta": 4.04564}}
{"target": 0.6443367999999999, "params": {"alpha": 0.17967233063479537, "colsample_bytree": 0.8999220329160227, "lam": 0.9991957939543563, "max_depth": 5.0, "min_child_weight": 3.0, "subsample": 0.8239454585786266}, "datetime": {"datetime": "2020-04-25 00:14:11", "elapsed": 1312.729422, "delta": 4.449748}}
{"target": 0.6423478000000001, "params": {"alpha": 0.17967233063479537, "colsample_bytree": 0.7970508626126573, "lam": 0.9991957939543563, "max_depth": 5.0, "min_child_weight": 3.0, "subsample": 0.8287217498475333}, "datetime": {"datetime": "2020-04-25 00:14:15", "elapsed": 1316.700232, "delta": 3.97081}}
{"target": 0.6444792, "params": {"alpha": 0.17967233063479537, "colsample_bytree": 0.8225858351126591, "lam": 0.9991957939543563, "max_depth": 5.0, "min_child_weight": 3.0, "subsample": 0.8242234853043441}, "datetime": {"datetime": "2020-04-25 00:14:19", "elapsed": 1320.965944, "delta": 4.265712}}
{"target": 0.6466152000000001, "params": {"alpha": 0.17967233063479537, "colsample_bytree": 0.8096751967868012, "lam": 0.9991957939543563, "max_depth": 5.0, "min_child_weight": 3.0, "subsample": 0.8252826683118761}, "datetime": {"datetime": "2020-04-25 00:14:23", "elapsed": 1324.841167, "delta": 3.875223}}
{"target": 0.6550998, "params": {"alpha": 0.17967233063479537, "colsample_bytree": 0.8981558985144258, "lam": 0.9991957939543563, "max_depth": 5.0, "min_child_weight": 3.0, "subsample": 0.8256138173180472}, "datetime": {"datetime": "2020-04-25 00:14:27", "elapsed": 1329.438422, "delta": 4.597255}}
{"target": 0.6494835999999999, "params": {"alpha": 0.17967233063479537, "colsample_bytree": 0.8984164382649353, "lam": 0.9991957939543563, "max_depth": 5.0, "min_child_weight": 3.0, "subsample": 0.8288588786476367}, "datetime": {"datetime": "2020-04-25 00:14:31", "elapsed": 1333.184576, "delta": 3.746154}}
{"target": 0.6506384000000001, "params": {"alpha": 0.17967233063479537, "colsample_bytree": 0.8990338654707306, "lam": 0.9991957939543563, "max_depth": 5.0, "min_child_weight": 3.0, "subsample": 0.8277835184324902}, "datetime": {"datetime": "2020-04-25 00:14:36", "elapsed": 1337.58874, "delta": 4.404164}}
{"target": 0.649907, "params": {"alpha": 0.17967233063479537, "colsample_bytree": 0.8985163747434894, "lam": 0.9991957939543563, "max_depth": 5.0, "min_child_weight": 3.0, "subsample": 0.8277427494685582}, "datetime": {"datetime": "2020-04-25 00:14:40", "elapsed": 1342.483083, "delta": 4.894343}}
{"target": 0.6498174, "params": {"alpha": 0.17967233063479537, "colsample_bytree": 0.8996342234075481, "lam": 0.9991957939543563, "max_depth": 5.0, "min_child_weight": 3.0, "subsample": 0.8294423342170931}, "datetime": {"datetime": "2020-04-25 00:14:44", "elapsed": 1346.540794, "delta": 4.057711}}
{"target": 0.6360444, "params": {"alpha": 0.17967233063479537, "colsample_bytree": 0.8998158274311718, "lam": 0.9991957939543563, "max_depth": 5.0, "min_child_weight": 3.0, "subsample": 0.8311860251310497}, "datetime": {"datetime": "2020-04-25 00:14:49", "elapsed": 1350.781161, "delta": 4.240367}}
{"target": 0.6308415999999999, "params": {"alpha": 0.17967233063479537, "colsample_bytree": 0.6846547606107147, "lam": 0.9991957939543563, "max_depth": 5.0, "min_child_weight": 3.0, "subsample": 0.8348399062035166}, "datetime": {"datetime": "2020-04-25 00:14:53", "elapsed": 1355.475822, "delta": 4.694661}}
{"target": 0.607196, "params": {"alpha": 0.17967233063479537, "colsample_bytree": 0.6931942597821252, "lam": 0.9991957939543563, "max_depth": 5.0, "min_child_weight": 3.0, "subsample": 0.5254272928490941}, "datetime": {"datetime": "2020-04-25 00:14:59", "elapsed": 1360.625893, "delta": 5.150071}}
{"target": 0.6511988, "params": {"alpha": 0.17967233063479537, "colsample_bytree": 0.8991481808831958, "lam": 0.9991957939543563, "max_depth": 5.0, "min_child_weight": 3.0, "subsample": 0.8253365956464322}, "datetime": {"datetime": "2020-04-25 00:15:03", "elapsed": 1365.475104, "delta": 4.849211}}
{"target": 0.6256152, "params": {"alpha": 0.17967233063479537, "colsample_bytree": 0.8784229894171762, "lam": 0.9991957939543563, "max_depth": 5.0, "min_child_weight": 3.0, "subsample": 0.5137281421009906}, "datetime": {"datetime": "2020-04-25 00:15:08", "elapsed": 1370.038199, "delta": 4.563095}}
{"target": 0.6546058, "params": {"alpha": 0.17967233063479537, "colsample_bytree": 0.8997427170687111, "lam": 0.9991957939543563, "max_depth": 5.0, "min_child_weight": 3.0, "subsample": 0.8246410387764715}, "datetime": {"datetime": "2020-04-25 00:15:12", "elapsed": 1374.395465, "delta": 4.357266}}
{"target": 0.5964778, "params": {"alpha": 0.17967233063479537, "colsample_bytree": 0.5438791805865567, "lam": 0.9991957939543563, "max_depth": 5.0, "min_child_weight": 3.0, "subsample": 0.528835046105357}, "datetime": {"datetime": "2020-04-25 00:15:17", "elapsed": 1378.685677, "delta": 4.290212}}
{"target": 0.6106552000000001, "params": {"alpha": 0.17967233063479537, "colsample_bytree": 0.8503563804585244, "lam": 0.9991957939543563, "max_depth": 5.0, "min_child_weight": 3.0, "subsample": 0.603894369233608}, "datetime": {"datetime": "2020-04-25 00:15:21", "elapsed": 1382.97512, "delta": 4.289443}}
{"target": 0.609511, "params": {"alpha": 0.17967233063479537, "colsample_bytree": 0.6614462285775745, "lam": 0.9991957939543563, "max_depth": 5.0, "min_child_weight": 3.0, "subsample": 0.6038933288336985}, "datetime": {"datetime": "2020-04-25 00:15:25", "elapsed": 1387.271088, "delta": 4.295968}}
{"target": 0.6300926, "params": {"alpha": 0.17967233063479537, "colsample_bytree": 0.7535007586087652, "lam": 0.9991957939543563, "max_depth": 5.0, "min_child_weight": 3.0, "subsample": 0.500533356733317}, "datetime": {"datetime": "2020-04-25 00:15:29", "elapsed": 1391.034048, "delta": 3.76296}}
{"target": 0.6329282, "params": {"alpha": 0.17967233063479537, "colsample_bytree": 0.6832970715843849, "lam": 0.9991957939543563, "max_depth": 5.0, "min_child_weight": 3.0, "subsample": 0.7958175337319324}, "datetime": {"datetime": "2020-04-25 00:15:33", "elapsed": 1395.531342, "delta": 4.497294}}
{"target": 0.634678, "params": {"alpha": 0.17967233063479537, "colsample_bytree": 0.6977597912628227, "lam": 0.9991957939543563, "max_depth": 5.0, "min_child_weight": 3.0, "subsample": 0.8992587530844247}, "datetime": {"datetime": "2020-04-25 00:15:38", "elapsed": 1400.327036, "delta": 4.795694}}
{"target": 0.6102314, "params": {"alpha": 0.17967233063479537, "colsample_bytree": 0.6031110412083449, "lam": 0.9991957939543563, "max_depth": 5.0, "min_child_weight": 3.0, "subsample": 0.8720078008523902}, "datetime": {"datetime": "2020-04-25 00:15:43", "elapsed": 1405.011793, "delta": 4.684757}}
{"target": 0.6299132000000001, "params": {"alpha": 0.17967233063479537, "colsample_bytree": 0.6154296788744325, "lam": 0.9991957939543563, "max_depth": 5.0, "min_child_weight": 3.0, "subsample": 0.8252703655239162}, "datetime": {"datetime": "2020-04-25 00:15:48", "elapsed": 1409.8085, "delta": 4.796707}}
{"target": 0.655759, "params": {"alpha": 0.17967233063479537, "colsample_bytree": 0.8992540106698217, "lam": 0.9991957939543563, "max_depth": 5.0, "min_child_weight": 3.0, "subsample": 0.8248128974866664}, "datetime": {"datetime": "2020-04-25 00:15:52", "elapsed": 1414.113507, "delta": 4.305007}}
{"target": 0.6018352, "params": {"alpha": 0.17967233063479537, "colsample_bytree": 0.5406682947513424, "lam": 0.9991957939543563, "max_depth": 5.0, "min_child_weight": 3.0, "subsample": 0.7223615730388165}, "datetime": {"datetime": "2020-04-25 00:15:57", "elapsed": 1418.620181, "delta": 4.506674}}
{"target": 0.6377142, "params": {"alpha": 0.17967233063479537, "colsample_bytree": 0.8999877035921731, "lam": 0.9991957939543563, "max_depth": 5.0, "min_child_weight": 3.0, "subsample": 0.8623110566714707}, "datetime": {"datetime": "2020-04-25 00:16:01", "elapsed": 1423.458135, "delta": 4.837954}}
{"target": 0.6442418, "params": {"alpha": 0.17967233063479537, "colsample_bytree": 0.8994085210468095, "lam": 0.9991957939543563, "max_depth": 5.0, "min_child_weight": 3.0, "subsample": 0.8235830885413894}, "datetime": {"datetime": "2020-04-25 00:16:06", "elapsed": 1427.763756, "delta": 4.305621}}
{"target": 0.6437178, "params": {"alpha": 0.17967233063479537, "colsample_bytree": 0.8988514860578882, "lam": 0.9991957939543563, "max_depth": 5.0, "min_child_weight": 3.0, "subsample": 0.82407610944445}, "datetime": {"datetime": "2020-04-25 00:16:10", "elapsed": 1432.343458, "delta": 4.579702}}
{"target": 0.6398262, "params": {"alpha": 0.17967233063479537, "colsample_bytree": 0.8998582462938425, "lam": 0.9991957939543563, "max_depth": 5.0, "min_child_weight": 3.0, "subsample": 0.8223329830769985}, "datetime": {"datetime": "2020-04-25 00:16:15", "elapsed": 1437.010365, "delta": 4.666907}}
{"target": 0.6332254, "params": {"alpha": 0.17967233063479537, "colsample_bytree": 0.7195593869016295, "lam": 0.9991957939543563, "max_depth": 5.0, "min_child_weight": 3.0, "subsample": 0.8497243390795364}, "datetime": {"datetime": "2020-04-25 00:16:21", "elapsed": 1442.883323, "delta": 5.872958}}
{"target": 0.6358434, "params": {"alpha": 0.17967233063479537, "colsample_bytree": 0.7667047640852351, "lam": 0.9991957939543563, "max_depth": 5.0, "min_child_weight": 3.0, "subsample": 0.8595970605377194}, "datetime": {"datetime": "2020-04-25 00:16:25", "elapsed": 1446.871796, "delta": 3.988473}}
{"target": 0.6367347999999999, "params": {"alpha": 0.17967233063479537, "colsample_bytree": 0.7478147076374172, "lam": 0.9991957939543563, "max_depth": 5.0, "min_child_weight": 3.0, "subsample": 0.8997162501824569}, "datetime": {"datetime": "2020-04-25 00:16:29", "elapsed": 1451.403632, "delta": 4.531836}}
{"target": 0.6294182, "params": {"alpha": 0.17967233063479537, "colsample_bytree": 0.6498160719424584, "lam": 0.9991957939543563, "max_depth": 5.0, "min_child_weight": 3.0, "subsample": 0.8997601109873437}, "datetime": {"datetime": "2020-04-25 00:16:34", "elapsed": 1455.979688, "delta": 4.576056}}
{"target": 0.6494835999999999, "params": {"alpha": 0.17967233063479537, "colsample_bytree": 0.8994841732460214, "lam": 0.9991957939543563, "max_depth": 5.0, "min_child_weight": 3.0, "subsample": 0.8288714425064179}, "datetime": {"datetime": "2020-04-25 00:16:39", "elapsed": 1460.84846, "delta": 4.868772}}
{"target": 0.6525204, "params": {"alpha": 0.17967233063479537, "colsample_bytree": 0.8971444445288352, "lam": 0.9991957939543563, "max_depth": 5.0, "min_child_weight": 3.0, "subsample": 0.8268359530473013}, "datetime": {"datetime": "2020-04-25 00:16:44", "elapsed": 1466.357959, "delta": 5.509499}}
{"target": 0.6335674, "params": {"alpha": 0.17967233063479537, "colsample_bytree": 0.8726386625825804, "lam": 0.9991957939543563, "max_depth": 5.0, "min_child_weight": 3.0, "subsample": 0.8995772502012408}, "datetime": {"datetime": "2020-04-25 00:16:50", "elapsed": 1471.735128, "delta": 5.377169}}
{"target": 0.6472152, "params": {"alpha": 0.17967233063479537, "colsample_bytree": 0.8977916448779728, "lam": 0.9991957939543563, "max_depth": 5.0, "min_child_weight": 3.0, "subsample": 0.8273039512276816}, "datetime": {"datetime": "2020-04-25 00:16:55", "elapsed": 1476.65219, "delta": 4.917062}}
{"target": 0.647162, "params": {"alpha": 0.17967233063479537, "colsample_bytree": 0.8987108497396774, "lam": 0.9991957939543563, "max_depth": 5.0, "min_child_weight": 3.0, "subsample": 0.8272820430572788}, "datetime": {"datetime": "2020-04-25 00:17:00", "elapsed": 1481.723577, "delta": 5.071387}}
{"target": 0.650848, "params": {"alpha": 0.17967233063479537, "colsample_bytree": 0.8968983107073316, "lam": 0.9991957939543563, "max_depth": 5.0, "min_child_weight": 3.0, "subsample": 0.8259627722063587}, "datetime": {"datetime": "2020-04-25 00:17:06", "elapsed": 1487.568013, "delta": 5.844436}}
{"target": 0.6074539999999999, "params": {"alpha": 0.17967233063479537, "colsample_bytree": 0.5386270831682034, "lam": 0.9991957939543563, "max_depth": 5.0, "min_child_weight": 3.0, "subsample": 0.8223869697489095}, "datetime": {"datetime": "2020-04-25 00:17:11", "elapsed": 1493.107197, "delta": 5.539184}}
{"target": 0.6504022, "params": {"alpha": 0.17967233063479537, "colsample_bytree": 0.8994809857710648, "lam": 0.9991957939543563, "max_depth": 5.0, "min_child_weight": 3.0, "subsample": 0.8278310109860836}, "datetime": {"datetime": "2020-04-25 00:17:17", "elapsed": 1498.640176, "delta": 5.532979}}
