{"target": 0.6292674, "params": {"alpha": 0.3806596541706486, "colsample_bytree": 0.686180440045818, "lam": 0.899029769248243, "max_depth": 9.0, "min_child_weight": 9.0, "subsample": 0.6832117075055574}, "datetime": {"datetime": "2020-04-24 20:43:05", "elapsed": 1636.299689, "delta": 3.244778}}
{"target": 0.6428792, "params": {"alpha": 0.3806596541706486, "colsample_bytree": 0.8995094382592138, "lam": 0.899029769248243, "max_depth": 9.0, "min_child_weight": 9.0, "subsample": 0.8855564059463488}, "datetime": {"datetime": "2020-04-24 20:43:09", "elapsed": 1639.93916, "delta": 3.639471}}
{"target": 0.6352266, "params": {"alpha": 0.3806596541706486, "colsample_bytree": 0.762429921144208, "lam": 0.899029769248243, "max_depth": 9.0, "min_child_weight": 9.0, "subsample": 0.621596931873749}, "datetime": {"datetime": "2020-04-24 20:43:11", "elapsed": 1642.692617, "delta": 2.753457}}
{"target": 0.6018266000000001, "params": {"alpha": 0.3806596541706486, "colsample_bytree": 0.5353220845780873, "lam": 0.899029769248243, "max_depth": 9.0, "min_child_weight": 9.0, "subsample": 0.5615819814092793}, "datetime": {"datetime": "2020-04-24 20:43:15", "elapsed": 1646.128648, "delta": 3.436031}}
{"target": 0.6296677999999999, "params": {"alpha": 0.3806596541706486, "colsample_bytree": 0.7358401872969008, "lam": 0.899029769248243, "max_depth": 9.0, "min_child_weight": 9.0, "subsample": 0.6516892696898583}, "datetime": {"datetime": "2020-04-24 20:43:19", "elapsed": 1649.956535, "delta": 3.827887}}
{"target": 0.6324034000000001, "params": {"alpha": 0.3806596541706486, "colsample_bytree": 0.8145699651815954, "lam": 0.899029769248243, "max_depth": 9.0, "min_child_weight": 9.0, "subsample": 0.8239779329866379}, "datetime": {"datetime": "2020-04-24 20:43:22", "elapsed": 1652.90196, "delta": 2.945425}}
{"target": 0.5995893999999999, "params": {"alpha": 0.3806596541706486, "colsample_bytree": 0.600510622436689, "lam": 0.899029769248243, "max_depth": 9.0, "min_child_weight": 9.0, "subsample": 0.5328835755743535}, "datetime": {"datetime": "2020-04-24 20:43:25", "elapsed": 1656.409184, "delta": 3.507224}}
{"target": 0.6361503999999999, "params": {"alpha": 0.3806596541706486, "colsample_bytree": 0.8170830677766497, "lam": 0.899029769248243, "max_depth": 9.0, "min_child_weight": 9.0, "subsample": 0.7265633022972093}, "datetime": {"datetime": "2020-04-24 20:43:28", "elapsed": 1659.718548, "delta": 3.309364}}
{"target": 0.6371048, "params": {"alpha": 0.3806596541706486, "colsample_bytree": 0.8198043824845552, "lam": 0.899029769248243, "max_depth": 9.0, "min_child_weight": 9.0, "subsample": 0.8758907683840861}, "datetime": {"datetime": "2020-04-24 20:43:32", "elapsed": 1663.652045, "delta": 3.933497}}
{"target": 0.643229, "params": {"alpha": 0.3806596541706486, "colsample_bytree": 0.8414547807791226, "lam": 0.899029769248243, "max_depth": 9.0, "min_child_weight": 9.0, "subsample": 0.8544281764903339}, "datetime": {"datetime": "2020-04-24 20:43:36", "elapsed": 1667.347771, "delta": 3.695726}}
{"target": 0.6297246000000001, "params": {"alpha": 0.3806596541706486, "colsample_bytree": 0.6395069471823419, "lam": 0.899029769248243, "max_depth": 9.0, "min_child_weight": 9.0, "subsample": 0.8994684683425372}, "datetime": {"datetime": "2020-04-24 20:43:40", "elapsed": 1671.535612, "delta": 4.187841}}
{"target": 0.6286308, "params": {"alpha": 0.3806596541706486, "colsample_bytree": 0.6422077698710992, "lam": 0.899029769248243, "max_depth": 9.0, "min_child_weight": 9.0, "subsample": 0.8147671890503645}, "datetime": {"datetime": "2020-04-24 20:43:44", "elapsed": 1675.459239, "delta": 3.923627}}
{"target": 0.6420118, "params": {"alpha": 0.3806596541706486, "colsample_bytree": 0.8710125020577113, "lam": 0.899029769248243, "max_depth": 9.0, "min_child_weight": 9.0, "subsample": 0.5991643557361747}, "datetime": {"datetime": "2020-04-24 20:43:47", "elapsed": 1678.517039, "delta": 3.0578}}
{"target": 0.6434996, "params": {"alpha": 0.3806596541706486, "colsample_bytree": 0.7918099488741366, "lam": 0.899029769248243, "max_depth": 9.0, "min_child_weight": 9.0, "subsample": 0.7773978720995742}, "datetime": {"datetime": "2020-04-24 20:43:51", "elapsed": 1681.976478, "delta": 3.459439}}
{"target": 0.6382655999999999, "params": {"alpha": 0.3806596541706486, "colsample_bytree": 0.762185231612531, "lam": 0.899029769248243, "max_depth": 9.0, "min_child_weight": 9.0, "subsample": 0.8996777456986087}, "datetime": {"datetime": "2020-04-24 20:43:55", "elapsed": 1685.86483, "delta": 3.888352}}
{"target": 0.6442418, "params": {"alpha": 0.3806596541706486, "colsample_bytree": 0.8786024598005306, "lam": 0.899029769248243, "max_depth": 9.0, "min_child_weight": 9.0, "subsample": 0.624799328259388}, "datetime": {"datetime": "2020-04-24 20:43:58", "elapsed": 1689.295296, "delta": 3.430466}}
{"target": 0.6386752, "params": {"alpha": 0.3806596541706486, "colsample_bytree": 0.6636243559438779, "lam": 0.899029769248243, "max_depth": 9.0, "min_child_weight": 9.0, "subsample": 0.8724321354213715}, "datetime": {"datetime": "2020-04-24 20:44:02", "elapsed": 1693.294269, "delta": 3.998973}}
{"target": 0.6343984, "params": {"alpha": 0.3806596541706486, "colsample_bytree": 0.7429568695264548, "lam": 0.899029769248243, "max_depth": 9.0, "min_child_weight": 9.0, "subsample": 0.5136758105163739}, "datetime": {"datetime": "2020-04-24 20:44:06", "elapsed": 1697.262291, "delta": 3.968022}}
{"target": 0.6438438, "params": {"alpha": 0.3806596541706486, "colsample_bytree": 0.7762070435401978, "lam": 0.899029769248243, "max_depth": 9.0, "min_child_weight": 9.0, "subsample": 0.899983823507486}, "datetime": {"datetime": "2020-04-24 20:44:10", "elapsed": 1701.186432, "delta": 3.924141}}
{"target": 0.6438876, "params": {"alpha": 0.3806596541706486, "colsample_bytree": 0.8615287453400282, "lam": 0.899029769248243, "max_depth": 9.0, "min_child_weight": 9.0, "subsample": 0.8147354284944335}, "datetime": {"datetime": "2020-04-24 20:44:13", "elapsed": 1704.417063, "delta": 3.230631}}
{"target": 0.6490334000000001, "params": {"alpha": 0.3806596541706486, "colsample_bytree": 0.814522904658268, "lam": 0.899029769248243, "max_depth": 9.0, "min_child_weight": 9.0, "subsample": 0.8996783958530563}, "datetime": {"datetime": "2020-04-24 20:44:18", "elapsed": 1708.774931, "delta": 4.357868}}
{"target": 0.6506308, "params": {"alpha": 0.3806596541706486, "colsample_bytree": 0.8143340091959215, "lam": 0.899029769248243, "max_depth": 9.0, "min_child_weight": 9.0, "subsample": 0.899740305377023}, "datetime": {"datetime": "2020-04-24 20:44:21", "elapsed": 1712.303868, "delta": 3.528937}}
{"target": 0.6453004, "params": {"alpha": 0.3806596541706486, "colsample_bytree": 0.8204402207321108, "lam": 0.899029769248243, "max_depth": 9.0, "min_child_weight": 9.0, "subsample": 0.8999769941130968}, "datetime": {"datetime": "2020-04-24 20:44:25", "elapsed": 1715.944193, "delta": 3.640325}}
{"target": 0.6389140000000001, "params": {"alpha": 0.3806596541706486, "colsample_bytree": 0.88109241916303, "lam": 0.899029769248243, "max_depth": 9.0, "min_child_weight": 9.0, "subsample": 0.812378295334433}, "datetime": {"datetime": "2020-04-24 20:44:28", "elapsed": 1719.356282, "delta": 3.412089}}
{"target": 0.6437510000000001, "params": {"alpha": 0.3806596541706486, "colsample_bytree": 0.8196980715965204, "lam": 0.899029769248243, "max_depth": 9.0, "min_child_weight": 9.0, "subsample": 0.5991931020459516}, "datetime": {"datetime": "2020-04-24 20:44:32", "elapsed": 1723.08835, "delta": 3.732068}}
{"target": 0.630585, "params": {"alpha": 0.3806596541706486, "colsample_bytree": 0.8126936723980285, "lam": 0.899029769248243, "max_depth": 9.0, "min_child_weight": 9.0, "subsample": 0.5000558050799638}, "datetime": {"datetime": "2020-04-24 20:44:36", "elapsed": 1727.107683, "delta": 4.019333}}
{"target": 0.6366454, "params": {"alpha": 0.3806596541706486, "colsample_bytree": 0.8127084145157872, "lam": 0.899029769248243, "max_depth": 9.0, "min_child_weight": 9.0, "subsample": 0.8023441461449432}, "datetime": {"datetime": "2020-04-24 20:44:39", "elapsed": 1730.266217, "delta": 3.158534}}
{"target": 0.6174408, "params": {"alpha": 0.3806596541706486, "colsample_bytree": 0.5956987272964176, "lam": 0.899029769248243, "max_depth": 9.0, "min_child_weight": 9.0, "subsample": 0.8700115638322721}, "datetime": {"datetime": "2020-04-24 20:44:42", "elapsed": 1733.454221, "delta": 3.188004}}
{"target": 0.6240479999999999, "params": {"alpha": 0.3806596541706486, "colsample_bytree": 0.8296246627890749, "lam": 0.899029769248243, "max_depth": 9.0, "min_child_weight": 9.0, "subsample": 0.7643114906123356}, "datetime": {"datetime": "2020-04-24 20:44:47", "elapsed": 1737.988745, "delta": 4.534524}}
{"target": 0.6291610000000001, "params": {"alpha": 0.3806596541706486, "colsample_bytree": 0.7157060447359674, "lam": 0.899029769248243, "max_depth": 9.0, "min_child_weight": 9.0, "subsample": 0.6958893841941839}, "datetime": {"datetime": "2020-04-24 20:44:50", "elapsed": 1741.08722, "delta": 3.098475}}
{"target": 0.6296256, "params": {"alpha": 0.3806596541706486, "colsample_bytree": 0.8845392318234075, "lam": 0.899029769248243, "max_depth": 9.0, "min_child_weight": 9.0, "subsample": 0.7461356110834504}, "datetime": {"datetime": "2020-04-24 20:44:54", "elapsed": 1745.05937, "delta": 3.97215}}
{"target": 0.6380274, "params": {"alpha": 0.3806596541706486, "colsample_bytree": 0.796962736663337, "lam": 0.899029769248243, "max_depth": 9.0, "min_child_weight": 9.0, "subsample": 0.7191754185059039}, "datetime": {"datetime": "2020-04-24 20:44:58", "elapsed": 1749.320185, "delta": 4.260815}}
{"target": 0.6388706, "params": {"alpha": 0.3806596541706486, "colsample_bytree": 0.812681472064442, "lam": 0.899029769248243, "max_depth": 9.0, "min_child_weight": 9.0, "subsample": 0.8976467005425546}, "datetime": {"datetime": "2020-04-24 20:45:02", "elapsed": 1753.355685, "delta": 4.0355}}
{"target": 0.601801, "params": {"alpha": 0.3806596541706486, "colsample_bytree": 0.5827521940936, "lam": 0.899029769248243, "max_depth": 9.0, "min_child_weight": 9.0, "subsample": 0.622817318600158}, "datetime": {"datetime": "2020-04-24 20:45:06", "elapsed": 1757.292387, "delta": 3.936702}}
{"target": 0.6459436000000001, "params": {"alpha": 0.3806596541706486, "colsample_bytree": 0.8317856372552461, "lam": 0.899029769248243, "max_depth": 9.0, "min_child_weight": 9.0, "subsample": 0.8624291257707}, "datetime": {"datetime": "2020-04-24 20:45:11", "elapsed": 1761.819557, "delta": 4.52717}}
{"target": 0.6093680000000001, "params": {"alpha": 0.3806596541706486, "colsample_bytree": 0.6114134291125233, "lam": 0.899029769248243, "max_depth": 9.0, "min_child_weight": 9.0, "subsample": 0.6929470599137988}, "datetime": {"datetime": "2020-04-24 20:45:15", "elapsed": 1766.026752, "delta": 4.207195}}
{"target": 0.6327322, "params": {"alpha": 0.3806596541706486, "colsample_bytree": 0.7014098748318697, "lam": 0.899029769248243, "max_depth": 9.0, "min_child_weight": 9.0, "subsample": 0.7339531799237042}, "datetime": {"datetime": "2020-04-24 20:45:19", "elapsed": 1770.00359, "delta": 3.976838}}
{"target": 0.6417696, "params": {"alpha": 0.3806596541706486, "colsample_bytree": 0.7086151579340343, "lam": 0.899029769248243, "max_depth": 9.0, "min_child_weight": 9.0, "subsample": 0.8099477312541893}, "datetime": {"datetime": "2020-04-24 20:45:22", "elapsed": 1773.724946, "delta": 3.721356}}
{"target": 0.6451606, "params": {"alpha": 0.3806596541706486, "colsample_bytree": 0.889615269339489, "lam": 0.899029769248243, "max_depth": 9.0, "min_child_weight": 9.0, "subsample": 0.8999695480684868}, "datetime": {"datetime": "2020-04-24 20:45:27", "elapsed": 1778.603361, "delta": 4.878415}}
{"target": 0.634737, "params": {"alpha": 0.3806596541706486, "colsample_bytree": 0.8992151447574295, "lam": 0.899029769248243, "max_depth": 9.0, "min_child_weight": 9.0, "subsample": 0.5873897001482798}, "datetime": {"datetime": "2020-04-24 20:45:31", "elapsed": 1782.206215, "delta": 3.602854}}
{"target": 0.6359308, "params": {"alpha": 0.3806596541706486, "colsample_bytree": 0.8979569761346212, "lam": 0.899029769248243, "max_depth": 9.0, "min_child_weight": 9.0, "subsample": 0.5172184477835804}, "datetime": {"datetime": "2020-04-24 20:45:35", "elapsed": 1786.485132, "delta": 4.278917}}
{"target": 0.6417835999999999, "params": {"alpha": 0.3806596541706486, "colsample_bytree": 0.8536787864404847, "lam": 0.899029769248243, "max_depth": 9.0, "min_child_weight": 9.0, "subsample": 0.8069800510907401}, "datetime": {"datetime": "2020-04-24 20:45:39", "elapsed": 1790.200671, "delta": 3.715539}}
{"target": 0.6410047999999999, "params": {"alpha": 0.3806596541706486, "colsample_bytree": 0.7798045388086223, "lam": 0.899029769248243, "max_depth": 9.0, "min_child_weight": 9.0, "subsample": 0.6023872221363249}, "datetime": {"datetime": "2020-04-24 20:45:43", "elapsed": 1794.517861, "delta": 4.31719}}
{"target": 0.6420186, "params": {"alpha": 0.3806596541706486, "colsample_bytree": 0.6604482441872856, "lam": 0.899029769248243, "max_depth": 9.0, "min_child_weight": 9.0, "subsample": 0.7971111608348473}, "datetime": {"datetime": "2020-04-24 20:45:47", "elapsed": 1797.773148, "delta": 3.255287}}
{"target": 0.6437538, "params": {"alpha": 0.3806596541706486, "colsample_bytree": 0.7949543433981809, "lam": 0.899029769248243, "max_depth": 9.0, "min_child_weight": 9.0, "subsample": 0.7774967781122075}, "datetime": {"datetime": "2020-04-24 20:45:51", "elapsed": 1801.756999, "delta": 3.983851}}
{"target": 0.6438182000000001, "params": {"alpha": 0.3806596541706486, "colsample_bytree": 0.7885137448160093, "lam": 0.899029769248243, "max_depth": 9.0, "min_child_weight": 9.0, "subsample": 0.8999275330279104}, "datetime": {"datetime": "2020-04-24 20:45:55", "elapsed": 1806.281426, "delta": 4.524427}}
{"target": 0.6430022, "params": {"alpha": 0.3806596541706486, "colsample_bytree": 0.8068636412197101, "lam": 0.899029769248243, "max_depth": 9.0, "min_child_weight": 9.0, "subsample": 0.6027224579859163}, "datetime": {"datetime": "2020-04-24 20:45:59", "elapsed": 1809.947325, "delta": 3.665899}}
{"target": 0.6421782, "params": {"alpha": 0.3806596541706486, "colsample_bytree": 0.7930223327743386, "lam": 0.899029769248243, "max_depth": 9.0, "min_child_weight": 9.0, "subsample": 0.7801052835253646}, "datetime": {"datetime": "2020-04-24 20:46:03", "elapsed": 1813.992618, "delta": 4.045293}}
{"target": 0.6467767999999999, "params": {"alpha": 0.3806596541706486, "colsample_bytree": 0.8178404938700874, "lam": 0.899029769248243, "max_depth": 9.0, "min_child_weight": 9.0, "subsample": 0.8998959256571308}, "datetime": {"datetime": "2020-04-24 20:46:10", "elapsed": 1821.254405, "delta": 7.261787}}
{"target": 0.624514, "params": {"alpha": 0.3806596541706486, "colsample_bytree": 0.8861068127635299, "lam": 0.899029769248243, "max_depth": 9.0, "min_child_weight": 9.0, "subsample": 0.6181532786239037}, "datetime": {"datetime": "2020-04-24 20:46:14", "elapsed": 1825.586465, "delta": 4.33206}}
{"target": 0.6016222, "params": {"alpha": 0.3806596541706486, "colsample_bytree": 0.5, "lam": 0.899029769248243, "max_depth": 9.0, "min_child_weight": 9.0, "subsample": 0.8216558077002917}, "datetime": {"datetime": "2020-04-24 20:46:18", "elapsed": 1829.232142, "delta": 3.645677}}
{"target": 0.6324363999999999, "params": {"alpha": 0.3806596541706486, "colsample_bytree": 0.8770339797524724, "lam": 0.899029769248243, "max_depth": 9.0, "min_child_weight": 9.0, "subsample": 0.6478448327445971}, "datetime": {"datetime": "2020-04-24 20:46:22", "elapsed": 1833.349172, "delta": 4.11703}}
{"target": 0.589152, "params": {"alpha": 0.3806596541706486, "colsample_bytree": 0.5034165727349615, "lam": 0.899029769248243, "max_depth": 9.0, "min_child_weight": 9.0, "subsample": 0.6097093246631777}, "datetime": {"datetime": "2020-04-24 20:46:26", "elapsed": 1837.301504, "delta": 3.952332}}
{"target": 0.5981298, "params": {"alpha": 0.3806596541706486, "colsample_bytree": 0.5017231714686925, "lam": 0.899029769248243, "max_depth": 9.0, "min_child_weight": 9.0, "subsample": 0.6911011773970374}, "datetime": {"datetime": "2020-04-24 20:46:29", "elapsed": 1840.318915, "delta": 3.017411}}
{"target": 0.6353198, "params": {"alpha": 0.3806596541706486, "colsample_bytree": 0.7821881070613896, "lam": 0.899029769248243, "max_depth": 9.0, "min_child_weight": 9.0, "subsample": 0.8659683504491456}, "datetime": {"datetime": "2020-04-24 20:46:34", "elapsed": 1844.825138, "delta": 4.506223}}
{"target": 0.6161627999999999, "params": {"alpha": 0.3806596541706486, "colsample_bytree": 0.5507571687295544, "lam": 0.899029769248243, "max_depth": 9.0, "min_child_weight": 9.0, "subsample": 0.8224098586459018}, "datetime": {"datetime": "2020-04-24 20:46:39", "elapsed": 1850.189263, "delta": 5.364125}}
{"target": 0.6093884, "params": {"alpha": 0.3806596541706486, "colsample_bytree": 0.5806008991833469, "lam": 0.899029769248243, "max_depth": 9.0, "min_child_weight": 9.0, "subsample": 0.5697740263463122}, "datetime": {"datetime": "2020-04-24 20:46:42", "elapsed": 1853.694493, "delta": 3.50523}}
{"target": 0.6319486, "params": {"alpha": 0.3806596541706486, "colsample_bytree": 0.627962504135885, "lam": 0.899029769248243, "max_depth": 9.0, "min_child_weight": 9.0, "subsample": 0.8775920472765348}, "datetime": {"datetime": "2020-04-24 20:46:47", "elapsed": 1857.786286, "delta": 4.091793}}
{"target": 0.6240144, "params": {"alpha": 0.3806596541706486, "colsample_bytree": 0.6410395467419618, "lam": 0.899029769248243, "max_depth": 9.0, "min_child_weight": 9.0, "subsample": 0.6322218118603262}, "datetime": {"datetime": "2020-04-24 20:46:50", "elapsed": 1861.611602, "delta": 3.825316}}
{"target": 0.635233, "params": {"alpha": 0.3806596541706486, "colsample_bytree": 0.7290885250479877, "lam": 0.899029769248243, "max_depth": 9.0, "min_child_weight": 9.0, "subsample": 0.899993046880128}, "datetime": {"datetime": "2020-04-24 20:46:54", "elapsed": 1865.747856, "delta": 4.136254}}
{"target": 0.6316368, "params": {"alpha": 0.3806596541706486, "colsample_bytree": 0.6861732329746658, "lam": 0.899029769248243, "max_depth": 9.0, "min_child_weight": 9.0, "subsample": 0.6317175234457129}, "datetime": {"datetime": "2020-04-24 20:46:58", "elapsed": 1869.181177, "delta": 3.433321}}
{"target": 0.636097, "params": {"alpha": 0.3806596541706486, "colsample_bytree": 0.6397805076749946, "lam": 0.899029769248243, "max_depth": 9.0, "min_child_weight": 9.0, "subsample": 0.590540967534642}, "datetime": {"datetime": "2020-04-24 20:47:02", "elapsed": 1873.2586, "delta": 4.077423}}
{"target": 0.6375654, "params": {"alpha": 0.3806596541706486, "colsample_bytree": 0.7457242405295618, "lam": 0.899029769248243, "max_depth": 9.0, "min_child_weight": 9.0, "subsample": 0.7300663356943825}, "datetime": {"datetime": "2020-04-24 20:47:07", "elapsed": 1878.09069, "delta": 4.83209}}
{"target": 0.6355329999999999, "params": {"alpha": 0.3806596541706486, "colsample_bytree": 0.7733557141092288, "lam": 0.899029769248243, "max_depth": 9.0, "min_child_weight": 9.0, "subsample": 0.8853753788626739}, "datetime": {"datetime": "2020-04-24 20:47:12", "elapsed": 1883.675647, "delta": 5.584957}}
{"target": 0.6327079999999998, "params": {"alpha": 0.3806596541706486, "colsample_bytree": 0.8693986650517194, "lam": 0.899029769248243, "max_depth": 9.0, "min_child_weight": 9.0, "subsample": 0.6200546591597439}, "datetime": {"datetime": "2020-04-24 20:47:17", "elapsed": 1887.812914, "delta": 4.137267}}
{"target": 0.6246656, "params": {"alpha": 0.3806596541706486, "colsample_bytree": 0.8444459584941784, "lam": 0.899029769248243, "max_depth": 9.0, "min_child_weight": 9.0, "subsample": 0.6575575993217907}, "datetime": {"datetime": "2020-04-24 20:47:21", "elapsed": 1892.111583, "delta": 4.298669}}
{"target": 0.6354074000000001, "params": {"alpha": 0.3806596541706486, "colsample_bytree": 0.8506690642931518, "lam": 0.899029769248243, "max_depth": 9.0, "min_child_weight": 9.0, "subsample": 0.7244931920144173}, "datetime": {"datetime": "2020-04-24 20:47:26", "elapsed": 1897.459432, "delta": 5.347849}}
{"target": 0.622387, "params": {"alpha": 0.3806596541706486, "colsample_bytree": 0.6393442923407054, "lam": 0.899029769248243, "max_depth": 9.0, "min_child_weight": 9.0, "subsample": 0.7364146900031037}, "datetime": {"datetime": "2020-04-24 20:47:31", "elapsed": 1902.174316, "delta": 4.714884}}
{"target": 0.5863962, "params": {"alpha": 0.3806596541706486, "colsample_bytree": 0.501695295861701, "lam": 0.899029769248243, "max_depth": 9.0, "min_child_weight": 9.0, "subsample": 0.5383829398534601}, "datetime": {"datetime": "2020-04-24 20:47:35", "elapsed": 1906.714277, "delta": 4.539961}}
{"target": 0.6275929999999998, "params": {"alpha": 0.3806596541706486, "colsample_bytree": 0.6703429439304269, "lam": 0.899029769248243, "max_depth": 9.0, "min_child_weight": 9.0, "subsample": 0.7095073416244643}, "datetime": {"datetime": "2020-04-24 20:47:40", "elapsed": 1910.840719, "delta": 4.126442}}
{"target": 0.6221688000000001, "params": {"alpha": 0.3806596541706486, "colsample_bytree": 0.6373178949194828, "lam": 0.899029769248243, "max_depth": 9.0, "min_child_weight": 9.0, "subsample": 0.7004054789393126}, "datetime": {"datetime": "2020-04-24 20:47:43", "elapsed": 1914.533256, "delta": 3.692537}}
{"target": 0.6148844, "params": {"alpha": 0.3806596541706486, "colsample_bytree": 0.5730315675189014, "lam": 0.899029769248243, "max_depth": 9.0, "min_child_weight": 9.0, "subsample": 0.706466405519752}, "datetime": {"datetime": "2020-04-24 20:47:48", "elapsed": 1919.074665, "delta": 4.541409}}
{"target": 0.6330152, "params": {"alpha": 0.3806596541706486, "colsample_bytree": 0.6570326560673033, "lam": 0.899029769248243, "max_depth": 9.0, "min_child_weight": 9.0, "subsample": 0.6641701182299319}, "datetime": {"datetime": "2020-04-24 20:47:53", "elapsed": 1924.462089, "delta": 5.387424}}
