{"target": 0.6287652, "params": {"alpha": 0.8530366690441696, "colsample_bytree": 0.8714222625542795, "lam": 0.9276394580326287, "max_depth": 9.0, "min_child_weight": 9.0, "subsample": 0.7818303616063135}, "datetime": {"datetime": "2020-04-24 23:15:39", "elapsed": 1434.027567, "delta": 2.097706}}
{"target": 0.6394822, "params": {"alpha": 0.8530366690441696, "colsample_bytree": 0.7688971129850602, "lam": 0.9276394580326287, "max_depth": 9.0, "min_child_weight": 9.0, "subsample": 0.7969962733955653}, "datetime": {"datetime": "2020-04-24 23:15:41", "elapsed": 1436.025115, "delta": 1.997548}}
{"target": 0.5977304, "params": {"alpha": 0.8530366690441696, "colsample_bytree": 0.5, "lam": 0.9276394580326287, "max_depth": 9.0, "min_child_weight": 9.0, "subsample": 0.7839684138267882}, "datetime": {"datetime": "2020-04-24 23:15:42", "elapsed": 1437.735464, "delta": 1.710349}}
{"target": 0.6251678, "params": {"alpha": 0.8530366690441696, "colsample_bytree": 0.6450569141837964, "lam": 0.9276394580326287, "max_depth": 9.0, "min_child_weight": 9.0, "subsample": 0.7527593471277749}, "datetime": {"datetime": "2020-04-24 23:15:45", "elapsed": 1439.868975, "delta": 2.133511}}
{"target": 0.6269218, "params": {"alpha": 0.8530366690441696, "colsample_bytree": 0.6398715685488451, "lam": 0.9276394580326287, "max_depth": 9.0, "min_child_weight": 9.0, "subsample": 0.5968070445844186}, "datetime": {"datetime": "2020-04-24 23:15:46", "elapsed": 1441.576593, "delta": 1.707618}}
{"target": 0.643321, "params": {"alpha": 0.8530366690441696, "colsample_bytree": 0.7035704147639843, "lam": 0.9276394580326287, "max_depth": 9.0, "min_child_weight": 9.0, "subsample": 0.7204530827640181}, "datetime": {"datetime": "2020-04-24 23:15:48", "elapsed": 1443.722967, "delta": 2.146374}}
{"target": 0.6353918000000001, "params": {"alpha": 0.8530366690441696, "colsample_bytree": 0.666921123204264, "lam": 0.9276394580326287, "max_depth": 9.0, "min_child_weight": 9.0, "subsample": 0.8059906920300046}, "datetime": {"datetime": "2020-04-24 23:15:51", "elapsed": 1445.964083, "delta": 2.241116}}
{"target": 0.6178904, "params": {"alpha": 0.8530366690441696, "colsample_bytree": 0.5763078890502907, "lam": 0.9276394580326287, "max_depth": 9.0, "min_child_weight": 9.0, "subsample": 0.7557209043937253}, "datetime": {"datetime": "2020-04-24 23:15:53", "elapsed": 1448.392087, "delta": 2.428004}}
{"target": 0.622933, "params": {"alpha": 0.8530366690441696, "colsample_bytree": 0.6038214621787462, "lam": 0.9276394580326287, "max_depth": 9.0, "min_child_weight": 9.0, "subsample": 0.8489684144171694}, "datetime": {"datetime": "2020-04-24 23:15:55", "elapsed": 1450.525422, "delta": 2.133335}}
{"target": 0.6330807999999999, "params": {"alpha": 0.8530366690441696, "colsample_bytree": 0.8313405897350247, "lam": 0.9276394580326287, "max_depth": 9.0, "min_child_weight": 9.0, "subsample": 0.8424985079458474}, "datetime": {"datetime": "2020-04-24 23:15:57", "elapsed": 1452.471481, "delta": 1.946059}}
{"target": 0.6384736, "params": {"alpha": 0.8530366690441696, "colsample_bytree": 0.6989105846785156, "lam": 0.9276394580326287, "max_depth": 9.0, "min_child_weight": 9.0, "subsample": 0.8506970729652497}, "datetime": {"datetime": "2020-04-24 23:16:00", "elapsed": 1455.163903, "delta": 2.692422}}
{"target": 0.633574, "params": {"alpha": 0.8530366690441696, "colsample_bytree": 0.7440054669777845, "lam": 0.9276394580326287, "max_depth": 9.0, "min_child_weight": 9.0, "subsample": 0.5}, "datetime": {"datetime": "2020-04-24 23:16:02", "elapsed": 1457.5998, "delta": 2.435897}}
{"target": 0.6391362, "params": {"alpha": 0.8530366690441696, "colsample_bytree": 0.6737911339991013, "lam": 0.9276394580326287, "max_depth": 9.0, "min_child_weight": 9.0, "subsample": 0.7063603205673494}, "datetime": {"datetime": "2020-04-24 23:16:05", "elapsed": 1460.240917, "delta": 2.641117}}
{"target": 0.6305394, "params": {"alpha": 0.8530366690441696, "colsample_bytree": 0.6928798333970784, "lam": 0.9276394580326287, "max_depth": 9.0, "min_child_weight": 9.0, "subsample": 0.8877329526283293}, "datetime": {"datetime": "2020-04-24 23:16:07", "elapsed": 1462.282345, "delta": 2.041428}}
{"target": 0.637923, "params": {"alpha": 0.8530366690441696, "colsample_bytree": 0.7493793183070296, "lam": 0.9276394580326287, "max_depth": 9.0, "min_child_weight": 9.0, "subsample": 0.9}, "datetime": {"datetime": "2020-04-24 23:16:09", "elapsed": 1464.393876, "delta": 2.111531}}
{"target": 0.636372, "params": {"alpha": 0.8530366690441696, "colsample_bytree": 0.8333763713970233, "lam": 0.9276394580326287, "max_depth": 9.0, "min_child_weight": 9.0, "subsample": 0.8827589033756407}, "datetime": {"datetime": "2020-04-24 23:16:12", "elapsed": 1467.038102, "delta": 2.644226}}
{"target": 0.5795064, "params": {"alpha": 0.8530366690441696, "colsample_bytree": 0.500906482404985, "lam": 0.9276394580326287, "max_depth": 9.0, "min_child_weight": 9.0, "subsample": 0.5424720389099528}, "datetime": {"datetime": "2020-04-24 23:16:14", "elapsed": 1468.99723, "delta": 1.959128}}
{"target": 0.6228736, "params": {"alpha": 0.8530366690441696, "colsample_bytree": 0.8794992252210942, "lam": 0.9276394580326287, "max_depth": 9.0, "min_child_weight": 9.0, "subsample": 0.5166519254189922}, "datetime": {"datetime": "2020-04-24 23:16:16", "elapsed": 1471.500057, "delta": 2.502827}}
{"target": 0.6342158, "params": {"alpha": 0.8530366690441696, "colsample_bytree": 0.821302351942838, "lam": 0.9276394580326287, "max_depth": 9.0, "min_child_weight": 9.0, "subsample": 0.7082470991073375}, "datetime": {"datetime": "2020-04-24 23:16:18", "elapsed": 1473.726934, "delta": 2.226877}}
{"target": 0.5988738, "params": {"alpha": 0.8530366690441696, "colsample_bytree": 0.5476524790761368, "lam": 0.9276394580326287, "max_depth": 9.0, "min_child_weight": 9.0, "subsample": 0.6082481606116678}, "datetime": {"datetime": "2020-04-24 23:16:20", "elapsed": 1475.818577, "delta": 2.091643}}
{"target": 0.6323418000000001, "params": {"alpha": 0.8530366690441696, "colsample_bytree": 0.6957611284206026, "lam": 0.9276394580326287, "max_depth": 9.0, "min_child_weight": 9.0, "subsample": 0.5733208613432643}, "datetime": {"datetime": "2020-04-24 23:16:23", "elapsed": 1478.01976, "delta": 2.201183}}
{"target": 0.6356314000000001, "params": {"alpha": 0.8530366690441696, "colsample_bytree": 0.6753142041211269, "lam": 0.9276394580326287, "max_depth": 9.0, "min_child_weight": 9.0, "subsample": 0.8396958752585993}, "datetime": {"datetime": "2020-04-24 23:16:25", "elapsed": 1480.406744, "delta": 2.386984}}
{"target": 0.6287468, "params": {"alpha": 0.8530366690441696, "colsample_bytree": 0.8228486539767936, "lam": 0.9276394580326287, "max_depth": 9.0, "min_child_weight": 9.0, "subsample": 0.6754446968909814}, "datetime": {"datetime": "2020-04-24 23:16:27", "elapsed": 1482.347736, "delta": 1.940992}}
{"target": 0.6308461999999999, "params": {"alpha": 0.8530366690441696, "colsample_bytree": 0.7213220310285579, "lam": 0.9276394580326287, "max_depth": 9.0, "min_child_weight": 9.0, "subsample": 0.8295890509438564}, "datetime": {"datetime": "2020-04-24 23:16:29", "elapsed": 1484.540388, "delta": 2.192652}}
{"target": 0.6327985999999999, "params": {"alpha": 0.8530366690441696, "colsample_bytree": 0.7298331027163857, "lam": 0.9276394580326287, "max_depth": 9.0, "min_child_weight": 9.0, "subsample": 0.7034080832767708}, "datetime": {"datetime": "2020-04-24 23:16:32", "elapsed": 1486.891672, "delta": 2.351284}}
{"target": 0.6444796, "params": {"alpha": 0.8530366690441696, "colsample_bytree": 0.8192858037756914, "lam": 0.9276394580326287, "max_depth": 9.0, "min_child_weight": 9.0, "subsample": 0.8641248310156957}, "datetime": {"datetime": "2020-04-24 23:16:34", "elapsed": 1489.343754, "delta": 2.452082}}
{"target": 0.6396636000000001, "params": {"alpha": 0.8530366690441696, "colsample_bytree": 0.8110742015302637, "lam": 0.9276394580326287, "max_depth": 9.0, "min_child_weight": 9.0, "subsample": 0.5959674238815967}, "datetime": {"datetime": "2020-04-24 23:16:37", "elapsed": 1491.938927, "delta": 2.595173}}
{"target": 0.6300866, "params": {"alpha": 0.8530366690441696, "colsample_bytree": 0.7740403463556865, "lam": 0.9276394580326287, "max_depth": 9.0, "min_child_weight": 9.0, "subsample": 0.5714577872823878}, "datetime": {"datetime": "2020-04-24 23:16:39", "elapsed": 1494.251528, "delta": 2.312601}}
{"target": 0.6124666, "params": {"alpha": 0.8530366690441696, "colsample_bytree": 0.5344642528096251, "lam": 0.9276394580326287, "max_depth": 9.0, "min_child_weight": 9.0, "subsample": 0.707986471693271}, "datetime": {"datetime": "2020-04-24 23:16:42", "elapsed": 1497.386333, "delta": 3.134805}}
{"target": 0.6348478, "params": {"alpha": 0.8530366690441696, "colsample_bytree": 0.8222058614476055, "lam": 0.9276394580326287, "max_depth": 9.0, "min_child_weight": 9.0, "subsample": 0.6086170637701468}, "datetime": {"datetime": "2020-04-24 23:16:45", "elapsed": 1500.196717, "delta": 2.810384}}
{"target": 0.6283588, "params": {"alpha": 0.8530366690441696, "colsample_bytree": 0.8795836738483348, "lam": 0.9276394580326287, "max_depth": 9.0, "min_child_weight": 9.0, "subsample": 0.6358197432310596}, "datetime": {"datetime": "2020-04-24 23:16:48", "elapsed": 1503.201969, "delta": 3.005252}}
{"target": 0.6321302, "params": {"alpha": 0.8530366690441696, "colsample_bytree": 0.7007668592396238, "lam": 0.9276394580326287, "max_depth": 9.0, "min_child_weight": 9.0, "subsample": 0.6234775470701597}, "datetime": {"datetime": "2020-04-24 23:16:50", "elapsed": 1505.670395, "delta": 2.468426}}
{"target": 0.6252092, "params": {"alpha": 0.8530366690441696, "colsample_bytree": 0.7358147194496661, "lam": 0.9276394580326287, "max_depth": 9.0, "min_child_weight": 9.0, "subsample": 0.7638196957662517}, "datetime": {"datetime": "2020-04-24 23:16:53", "elapsed": 1508.659522, "delta": 2.989127}}
{"target": 0.6178782, "params": {"alpha": 0.8530366690441696, "colsample_bytree": 0.5409104525792281, "lam": 0.9276394580326287, "max_depth": 9.0, "min_child_weight": 9.0, "subsample": 0.8262603395372841}, "datetime": {"datetime": "2020-04-24 23:16:56", "elapsed": 1511.6066, "delta": 2.947078}}
{"target": 0.6333936, "params": {"alpha": 0.8530366690441696, "colsample_bytree": 0.8996353510956778, "lam": 0.9276394580326287, "max_depth": 9.0, "min_child_weight": 9.0, "subsample": 0.5769686650217747}, "datetime": {"datetime": "2020-04-24 23:17:00", "elapsed": 1515.050351, "delta": 3.443751}}
{"target": 0.5983105999999999, "params": {"alpha": 0.8530366690441696, "colsample_bytree": 0.5313539438064014, "lam": 0.9276394580326287, "max_depth": 9.0, "min_child_weight": 9.0, "subsample": 0.5007017357695965}, "datetime": {"datetime": "2020-04-24 23:17:03", "elapsed": 1518.419377, "delta": 3.369026}}
{"target": 0.6264225999999999, "params": {"alpha": 0.8530366690441696, "colsample_bytree": 0.7151589691685516, "lam": 0.9276394580326287, "max_depth": 9.0, "min_child_weight": 9.0, "subsample": 0.737605255841312}, "datetime": {"datetime": "2020-04-24 23:17:06", "elapsed": 1521.453992, "delta": 3.034615}}
{"target": 0.6102074, "params": {"alpha": 0.8530366690441696, "colsample_bytree": 0.620199730827694, "lam": 0.9276394580326287, "max_depth": 9.0, "min_child_weight": 9.0, "subsample": 0.5}, "datetime": {"datetime": "2020-04-24 23:17:09", "elapsed": 1524.324697, "delta": 2.870705}}
{"target": 0.6311578, "params": {"alpha": 0.8530366690441696, "colsample_bytree": 0.7821546843787501, "lam": 0.9276394580326287, "max_depth": 9.0, "min_child_weight": 9.0, "subsample": 0.7195238530628761}, "datetime": {"datetime": "2020-04-24 23:17:11", "elapsed": 1526.714983, "delta": 2.390286}}
{"target": 0.6036346, "params": {"alpha": 0.8530366690441696, "colsample_bytree": 0.580550893875236, "lam": 0.9276394580326287, "max_depth": 9.0, "min_child_weight": 9.0, "subsample": 0.652728485992313}, "datetime": {"datetime": "2020-04-24 23:17:14", "elapsed": 1529.238829, "delta": 2.523846}}
{"target": 0.6001683999999999, "params": {"alpha": 0.8530366690441696, "colsample_bytree": 0.5630732814070231, "lam": 0.9276394580326287, "max_depth": 9.0, "min_child_weight": 9.0, "subsample": 0.5369069455588418}, "datetime": {"datetime": "2020-04-24 23:17:16", "elapsed": 1531.651681, "delta": 2.412852}}
{"target": 0.6400826000000001, "params": {"alpha": 0.8530366690441696, "colsample_bytree": 0.7984422275075309, "lam": 0.9276394580326287, "max_depth": 9.0, "min_child_weight": 9.0, "subsample": 0.5572280471412416}, "datetime": {"datetime": "2020-04-24 23:17:19", "elapsed": 1534.357209, "delta": 2.705528}}
{"target": 0.616479, "params": {"alpha": 0.8530366690441696, "colsample_bytree": 0.579763518598317, "lam": 0.9276394580326287, "max_depth": 9.0, "min_child_weight": 9.0, "subsample": 0.8999005114158563}, "datetime": {"datetime": "2020-04-24 23:17:22", "elapsed": 1537.070794, "delta": 2.713585}}
{"target": 0.6410028000000001, "params": {"alpha": 0.8530366690441696, "colsample_bytree": 0.7757297102764416, "lam": 0.9276394580326287, "max_depth": 9.0, "min_child_weight": 9.0, "subsample": 0.8538483929284092}, "datetime": {"datetime": "2020-04-24 23:17:25", "elapsed": 1540.413837, "delta": 3.343043}}
{"target": 0.6429798000000001, "params": {"alpha": 0.8530366690441696, "colsample_bytree": 0.7766648870828986, "lam": 0.9276394580326287, "max_depth": 9.0, "min_child_weight": 9.0, "subsample": 0.7745539541154147}, "datetime": {"datetime": "2020-04-24 23:17:28", "elapsed": 1543.724165, "delta": 3.310328}}
{"target": 0.6211990000000001, "params": {"alpha": 0.8530366690441696, "colsample_bytree": 0.8001486989694273, "lam": 0.9276394580326287, "max_depth": 9.0, "min_child_weight": 9.0, "subsample": 0.6422205257496026}, "datetime": {"datetime": "2020-04-24 23:17:31", "elapsed": 1546.257254, "delta": 2.533089}}
{"target": 0.6353144000000001, "params": {"alpha": 0.8530366690441696, "colsample_bytree": 0.7577082880852815, "lam": 0.9276394580326287, "max_depth": 9.0, "min_child_weight": 9.0, "subsample": 0.6922973427280285}, "datetime": {"datetime": "2020-04-24 23:17:33", "elapsed": 1548.590825, "delta": 2.333571}}
{"target": 0.634173, "params": {"alpha": 0.8530366690441696, "colsample_bytree": 0.8472559043175092, "lam": 0.9276394580326287, "max_depth": 9.0, "min_child_weight": 9.0, "subsample": 0.6550761870169337}, "datetime": {"datetime": "2020-04-24 23:17:36", "elapsed": 1551.332327, "delta": 2.741502}}
{"target": 0.6414374, "params": {"alpha": 0.8530366690441696, "colsample_bytree": 0.6531135140598472, "lam": 0.9276394580326287, "max_depth": 9.0, "min_child_weight": 9.0, "subsample": 0.522955756668721}, "datetime": {"datetime": "2020-04-24 23:17:39", "elapsed": 1554.258926, "delta": 2.926599}}
{"target": 0.635509, "params": {"alpha": 0.8530366690441696, "colsample_bytree": 0.880503930178955, "lam": 0.9276394580326287, "max_depth": 9.0, "min_child_weight": 9.0, "subsample": 0.8167268156944063}, "datetime": {"datetime": "2020-04-24 23:17:41", "elapsed": 1556.369447, "delta": 2.110521}}
{"target": 0.6393230000000001, "params": {"alpha": 0.8530366690441696, "colsample_bytree": 0.7246925473902531, "lam": 0.9276394580326287, "max_depth": 9.0, "min_child_weight": 9.0, "subsample": 0.598910444413097}, "datetime": {"datetime": "2020-04-24 23:17:44", "elapsed": 1559.348018, "delta": 2.978571}}
{"target": 0.6237600000000001, "params": {"alpha": 0.8530366690441696, "colsample_bytree": 0.7542295684016845, "lam": 0.9276394580326287, "max_depth": 9.0, "min_child_weight": 9.0, "subsample": 0.6132204940771384}, "datetime": {"datetime": "2020-04-24 23:17:47", "elapsed": 1562.180414, "delta": 2.832396}}
{"target": 0.630008, "params": {"alpha": 0.8530366690441696, "colsample_bytree": 0.7617805504849195, "lam": 0.9276394580326287, "max_depth": 9.0, "min_child_weight": 9.0, "subsample": 0.8279674126841805}, "datetime": {"datetime": "2020-04-24 23:17:50", "elapsed": 1565.543988, "delta": 3.363574}}
{"target": 0.6429158, "params": {"alpha": 0.8530366690441696, "colsample_bytree": 0.6839742076625229, "lam": 0.9276394580326287, "max_depth": 9.0, "min_child_weight": 9.0, "subsample": 0.7264879450438041}, "datetime": {"datetime": "2020-04-24 23:17:54", "elapsed": 1569.55165, "delta": 4.007662}}
{"target": 0.6430755999999999, "params": {"alpha": 0.8530366690441696, "colsample_bytree": 0.8854859639552968, "lam": 0.9276394580326287, "max_depth": 9.0, "min_child_weight": 9.0, "subsample": 0.8874240297096991}, "datetime": {"datetime": "2020-04-24 23:17:57", "elapsed": 1572.566235, "delta": 3.014585}}
{"target": 0.6049338, "params": {"alpha": 0.8530366690441696, "colsample_bytree": 0.5155982839334978, "lam": 0.9276394580326287, "max_depth": 9.0, "min_child_weight": 9.0, "subsample": 0.8743071270953984}, "datetime": {"datetime": "2020-04-24 23:18:00", "elapsed": 1575.288302, "delta": 2.722067}}
{"target": 0.6365418, "params": {"alpha": 0.8530366690441696, "colsample_bytree": 0.8999750417095362, "lam": 0.9276394580326287, "max_depth": 9.0, "min_child_weight": 9.0, "subsample": 0.7770215839899745}, "datetime": {"datetime": "2020-04-24 23:18:03", "elapsed": 1578.111239, "delta": 2.822937}}
{"target": 0.621992, "params": {"alpha": 0.8530366690441696, "colsample_bytree": 0.6142476459217, "lam": 0.9276394580326287, "max_depth": 9.0, "min_child_weight": 9.0, "subsample": 0.8163469896324174}, "datetime": {"datetime": "2020-04-24 23:18:06", "elapsed": 1581.288273, "delta": 3.177034}}
{"target": 0.6258630000000001, "params": {"alpha": 0.8530366690441696, "colsample_bytree": 0.7966916424462477, "lam": 0.9276394580326287, "max_depth": 9.0, "min_child_weight": 9.0, "subsample": 0.5205144805174311}, "datetime": {"datetime": "2020-04-24 23:18:09", "elapsed": 1584.559848, "delta": 3.271575}}
{"target": 0.6289482, "params": {"alpha": 0.8530366690441696, "colsample_bytree": 0.6434891854424483, "lam": 0.9276394580326287, "max_depth": 9.0, "min_child_weight": 9.0, "subsample": 0.714124937544248}, "datetime": {"datetime": "2020-04-24 23:18:12", "elapsed": 1587.207843, "delta": 2.647995}}
{"target": 0.6252332, "params": {"alpha": 0.8530366690441696, "colsample_bytree": 0.8997743850616635, "lam": 0.9276394580326287, "max_depth": 9.0, "min_child_weight": 9.0, "subsample": 0.8833982673251732}, "datetime": {"datetime": "2020-04-24 23:18:15", "elapsed": 1590.540395, "delta": 3.332552}}
{"target": 0.637964, "params": {"alpha": 0.8530366690441696, "colsample_bytree": 0.889851705840147, "lam": 0.9276394580326287, "max_depth": 9.0, "min_child_weight": 9.0, "subsample": 0.8580898986767946}, "datetime": {"datetime": "2020-04-24 23:18:18", "elapsed": 1593.097142, "delta": 2.556747}}
{"target": 0.6436632000000001, "params": {"alpha": 0.8530366690441696, "colsample_bytree": 0.884184079584539, "lam": 0.9276394580326287, "max_depth": 9.0, "min_child_weight": 9.0, "subsample": 0.8986148769651738}, "datetime": {"datetime": "2020-04-24 23:18:20", "elapsed": 1595.797731, "delta": 2.700589}}
{"target": 0.6409912, "params": {"alpha": 0.8530366690441696, "colsample_bytree": 0.8629935815571148, "lam": 0.9276394580326287, "max_depth": 9.0, "min_child_weight": 9.0, "subsample": 0.8741449974835129}, "datetime": {"datetime": "2020-04-24 23:18:23", "elapsed": 1598.732325, "delta": 2.934594}}
{"target": 0.6012448, "params": {"alpha": 0.8530366690441696, "colsample_bytree": 0.5988641775140471, "lam": 0.9276394580326287, "max_depth": 9.0, "min_child_weight": 9.0, "subsample": 0.6088332208873933}, "datetime": {"datetime": "2020-04-24 23:18:26", "elapsed": 1601.225021, "delta": 2.492696}}
{"target": 0.643867, "params": {"alpha": 0.8530366690441696, "colsample_bytree": 0.6532285638736548, "lam": 0.9276394580326287, "max_depth": 9.0, "min_child_weight": 9.0, "subsample": 0.621681310827537}, "datetime": {"datetime": "2020-04-24 23:18:28", "elapsed": 1603.498529, "delta": 2.273508}}
{"target": 0.6311734, "params": {"alpha": 0.8530366690441696, "colsample_bytree": 0.8998403833002432, "lam": 0.9276394580326287, "max_depth": 9.0, "min_child_weight": 9.0, "subsample": 0.7359202160035463}, "datetime": {"datetime": "2020-04-24 23:18:32", "elapsed": 1607.071579, "delta": 3.57305}}
{"target": 0.633966, "params": {"alpha": 0.8530366690441696, "colsample_bytree": 0.64732359850758, "lam": 0.9276394580326287, "max_depth": 9.0, "min_child_weight": 9.0, "subsample": 0.6547242851346025}, "datetime": {"datetime": "2020-04-24 23:18:34", "elapsed": 1609.486587, "delta": 2.415008}}
{"target": 0.6311582, "params": {"alpha": 0.8530366690441696, "colsample_bytree": 0.7187179559342716, "lam": 0.9276394580326287, "max_depth": 9.0, "min_child_weight": 9.0, "subsample": 0.5394599798693906}, "datetime": {"datetime": "2020-04-24 23:18:37", "elapsed": 1612.590635, "delta": 3.104048}}
{"target": 0.6305834000000001, "params": {"alpha": 0.8530366690441696, "colsample_bytree": 0.7010836570703147, "lam": 0.9276394580326287, "max_depth": 9.0, "min_child_weight": 9.0, "subsample": 0.7043882771026073}, "datetime": {"datetime": "2020-04-24 23:18:40", "elapsed": 1615.052385, "delta": 2.46175}}
{"target": 0.6371992000000001, "params": {"alpha": 0.8530366690441696, "colsample_bytree": 0.8766482564368983, "lam": 0.9276394580326287, "max_depth": 9.0, "min_child_weight": 9.0, "subsample": 0.5000511027138381}, "datetime": {"datetime": "2020-04-24 23:18:43", "elapsed": 1617.890937, "delta": 2.838552}}
{"target": 0.6126518, "params": {"alpha": 0.8530366690441696, "colsample_bytree": 0.6047893896674268, "lam": 0.9276394580326287, "max_depth": 9.0, "min_child_weight": 9.0, "subsample": 0.7695101862602582}, "datetime": {"datetime": "2020-04-24 23:18:46", "elapsed": 1621.589211, "delta": 3.698274}}
{"target": 0.6388998, "params": {"alpha": 0.8530366690441696, "colsample_bytree": 0.8668375353462294, "lam": 0.9276394580326287, "max_depth": 9.0, "min_child_weight": 9.0, "subsample": 0.7257688715376326}, "datetime": {"datetime": "2020-04-24 23:18:49", "elapsed": 1624.570308, "delta": 2.981097}}
