{"target": 0.6061894, "params": {"alpha": 0.6708936117138252, "colsample_bytree": 0.8364728370171975, "lam": 0.998090046898787, "max_depth": 5.0, "min_child_weight": 3.0, "subsample": 0.5385414881837554}, "datetime": {"datetime": "2020-04-27 10:51:19", "elapsed": 1376.83131, "delta": 2.492697}}
{"target": 0.6314862, "params": {"alpha": 0.6708936117138252, "colsample_bytree": 0.8048901408376004, "lam": 0.998090046898787, "max_depth": 5.0, "min_child_weight": 3.0, "subsample": 0.7726347078925602}, "datetime": {"datetime": "2020-04-27 10:51:21", "elapsed": 1379.470065, "delta": 2.638755}}
{"target": 0.6364766000000001, "params": {"alpha": 0.6708936117138252, "colsample_bytree": 0.7870222992146279, "lam": 0.998090046898787, "max_depth": 5.0, "min_child_weight": 3.0, "subsample": 0.8409322475633474}, "datetime": {"datetime": "2020-04-27 10:51:24", "elapsed": 1382.221616, "delta": 2.751551}}
{"target": 0.6320648, "params": {"alpha": 0.6708936117138252, "colsample_bytree": 0.6891911884682106, "lam": 0.998090046898787, "max_depth": 5.0, "min_child_weight": 3.0, "subsample": 0.8298569289478201}, "datetime": {"datetime": "2020-04-27 10:51:26", "elapsed": 1384.771567, "delta": 2.549951}}
{"target": 0.6134178, "params": {"alpha": 0.6708936117138252, "colsample_bytree": 0.8068579457517653, "lam": 0.998090046898787, "max_depth": 5.0, "min_child_weight": 3.0, "subsample": 0.6638613522317497}, "datetime": {"datetime": "2020-04-27 10:51:29", "elapsed": 1387.363052, "delta": 2.591485}}
{"target": 0.623062, "params": {"alpha": 0.6708936117138252, "colsample_bytree": 0.7547453988742319, "lam": 0.998090046898787, "max_depth": 5.0, "min_child_weight": 3.0, "subsample": 0.6506040033597816}, "datetime": {"datetime": "2020-04-27 10:51:32", "elapsed": 1390.166608, "delta": 2.803556}}
{"target": 0.6378818, "params": {"alpha": 0.6708936117138252, "colsample_bytree": 0.7031446705848158, "lam": 0.998090046898787, "max_depth": 5.0, "min_child_weight": 3.0, "subsample": 0.8990899351709931}, "datetime": {"datetime": "2020-04-27 10:51:35", "elapsed": 1392.999044, "delta": 2.832436}}
{"target": 0.6222472, "params": {"alpha": 0.6708936117138252, "colsample_bytree": 0.6982122956017502, "lam": 0.998090046898787, "max_depth": 5.0, "min_child_weight": 3.0, "subsample": 0.7450542571991875}, "datetime": {"datetime": "2020-04-27 10:51:38", "elapsed": 1395.967487, "delta": 2.968443}}
{"target": 0.6338212000000001, "params": {"alpha": 0.6708936117138252, "colsample_bytree": 0.6883739942635667, "lam": 0.998090046898787, "max_depth": 5.0, "min_child_weight": 3.0, "subsample": 0.8799733657409949}, "datetime": {"datetime": "2020-04-27 10:51:40", "elapsed": 1398.691826, "delta": 2.724339}}
{"target": 0.6339646, "params": {"alpha": 0.6708936117138252, "colsample_bytree": 0.8484871480141274, "lam": 0.998090046898787, "max_depth": 5.0, "min_child_weight": 3.0, "subsample": 0.8086686980817483}, "datetime": {"datetime": "2020-04-27 10:51:44", "elapsed": 1401.837505, "delta": 3.145679}}
{"target": 0.6264806, "params": {"alpha": 0.6708936117138252, "colsample_bytree": 0.8427279244435757, "lam": 0.998090046898787, "max_depth": 5.0, "min_child_weight": 3.0, "subsample": 0.8621895337123178}, "datetime": {"datetime": "2020-04-27 10:51:46", "elapsed": 1404.589999, "delta": 2.752494}}
{"target": 0.5966414, "params": {"alpha": 0.6708936117138252, "colsample_bytree": 0.5002647447839894, "lam": 0.998090046898787, "max_depth": 5.0, "min_child_weight": 3.0, "subsample": 0.8560096080983552}, "datetime": {"datetime": "2020-04-27 10:51:49", "elapsed": 1407.051432, "delta": 2.461433}}
{"target": 0.6388076, "params": {"alpha": 0.6708936117138252, "colsample_bytree": 0.7867062653985808, "lam": 0.998090046898787, "max_depth": 5.0, "min_child_weight": 3.0, "subsample": 0.8721868653855076}, "datetime": {"datetime": "2020-04-27 10:51:51", "elapsed": 1409.268551, "delta": 2.217119}}
{"target": 0.6270824, "params": {"alpha": 0.6708936117138252, "colsample_bytree": 0.8701240005872277, "lam": 0.998090046898787, "max_depth": 5.0, "min_child_weight": 3.0, "subsample": 0.749472867127507}, "datetime": {"datetime": "2020-04-27 10:51:54", "elapsed": 1411.88705, "delta": 2.618499}}
{"target": 0.6120072, "params": {"alpha": 0.6708936117138252, "colsample_bytree": 0.6684242315345306, "lam": 0.998090046898787, "max_depth": 5.0, "min_child_weight": 3.0, "subsample": 0.5266078732592575}, "datetime": {"datetime": "2020-04-27 10:51:56", "elapsed": 1413.941858, "delta": 2.054808}}
{"target": 0.6077648, "params": {"alpha": 0.6708936117138252, "colsample_bytree": 0.5954622501846798, "lam": 0.998090046898787, "max_depth": 5.0, "min_child_weight": 3.0, "subsample": 0.6393349695132872}, "datetime": {"datetime": "2020-04-27 10:51:58", "elapsed": 1416.170583, "delta": 2.228725}}
{"target": 0.6324629999999999, "params": {"alpha": 0.6708936117138252, "colsample_bytree": 0.8700794311209741, "lam": 0.998090046898787, "max_depth": 5.0, "min_child_weight": 3.0, "subsample": 0.8998685700470712}, "datetime": {"datetime": "2020-04-27 10:52:01", "elapsed": 1419.142977, "delta": 2.972394}}
{"target": 0.635292, "params": {"alpha": 0.6708936117138252, "colsample_bytree": 0.7324817819257623, "lam": 0.998090046898787, "max_depth": 5.0, "min_child_weight": 3.0, "subsample": 0.876139531505159}, "datetime": {"datetime": "2020-04-27 10:52:03", "elapsed": 1421.668806, "delta": 2.525829}}
{"target": 0.6378182, "params": {"alpha": 0.6708936117138252, "colsample_bytree": 0.8081379732258296, "lam": 0.998090046898787, "max_depth": 5.0, "min_child_weight": 3.0, "subsample": 0.850222857490473}, "datetime": {"datetime": "2020-04-27 10:52:06", "elapsed": 1424.666454, "delta": 2.997648}}
{"target": 0.6366835999999999, "params": {"alpha": 0.6708936117138252, "colsample_bytree": 0.7333605252739976, "lam": 0.998090046898787, "max_depth": 5.0, "min_child_weight": 3.0, "subsample": 0.7850448882751422}, "datetime": {"datetime": "2020-04-27 10:52:09", "elapsed": 1427.529697, "delta": 2.863243}}
{"target": 0.6378344, "params": {"alpha": 0.6708936117138252, "colsample_bytree": 0.8107734832761125, "lam": 0.998090046898787, "max_depth": 5.0, "min_child_weight": 3.0, "subsample": 0.8822158801354663}, "datetime": {"datetime": "2020-04-27 10:52:12", "elapsed": 1430.564747, "delta": 3.03505}}
{"target": 0.6324378, "params": {"alpha": 0.6708936117138252, "colsample_bytree": 0.8556243940829217, "lam": 0.998090046898787, "max_depth": 5.0, "min_child_weight": 3.0, "subsample": 0.7752185988949443}, "datetime": {"datetime": "2020-04-27 10:52:15", "elapsed": 1433.298062, "delta": 2.733315}}
{"target": 0.6178218, "params": {"alpha": 0.6708936117138252, "colsample_bytree": 0.8836564271697388, "lam": 0.998090046898787, "max_depth": 5.0, "min_child_weight": 3.0, "subsample": 0.6832533806787058}, "datetime": {"datetime": "2020-04-27 10:52:18", "elapsed": 1436.308918, "delta": 3.010856}}
{"target": 0.6284393999999999, "params": {"alpha": 0.6708936117138252, "colsample_bytree": 0.8256149017744666, "lam": 0.998090046898787, "max_depth": 5.0, "min_child_weight": 3.0, "subsample": 0.711225983007263}, "datetime": {"datetime": "2020-04-27 10:52:21", "elapsed": 1438.989128, "delta": 2.68021}}
{"target": 0.6419288, "params": {"alpha": 0.6708936117138252, "colsample_bytree": 0.8186919717313674, "lam": 0.998090046898787, "max_depth": 5.0, "min_child_weight": 3.0, "subsample": 0.8248309196399998}, "datetime": {"datetime": "2020-04-27 10:52:23", "elapsed": 1441.703881, "delta": 2.714753}}
{"target": 0.6478018, "params": {"alpha": 0.6708936117138252, "colsample_bytree": 0.8999747458425782, "lam": 0.998090046898787, "max_depth": 5.0, "min_child_weight": 3.0, "subsample": 0.8261095762786919}, "datetime": {"datetime": "2020-04-27 10:52:26", "elapsed": 1444.548069, "delta": 2.844188}}
{"target": 0.6315976, "params": {"alpha": 0.6708936117138252, "colsample_bytree": 0.7638815924600577, "lam": 0.998090046898787, "max_depth": 5.0, "min_child_weight": 3.0, "subsample": 0.8731018756700993}, "datetime": {"datetime": "2020-04-27 10:52:29", "elapsed": 1446.887271, "delta": 2.339202}}
{"target": 0.6259026, "params": {"alpha": 0.6708936117138252, "colsample_bytree": 0.8003525958808009, "lam": 0.998090046898787, "max_depth": 5.0, "min_child_weight": 3.0, "subsample": 0.7425635720266193}, "datetime": {"datetime": "2020-04-27 10:52:31", "elapsed": 1449.779627, "delta": 2.892356}}
{"target": 0.6404956, "params": {"alpha": 0.6708936117138252, "colsample_bytree": 0.7796963871792035, "lam": 0.998090046898787, "max_depth": 5.0, "min_child_weight": 3.0, "subsample": 0.7731908503048168}, "datetime": {"datetime": "2020-04-27 10:52:35", "elapsed": 1453.721578, "delta": 3.941951}}
{"target": 0.6428472, "params": {"alpha": 0.6708936117138252, "colsample_bytree": 0.7671613150338061, "lam": 0.998090046898787, "max_depth": 5.0, "min_child_weight": 3.0, "subsample": 0.7611991411810938}, "datetime": {"datetime": "2020-04-27 10:52:38", "elapsed": 1456.319802, "delta": 2.598224}}
{"target": 0.6123928000000001, "params": {"alpha": 0.6708936117138252, "colsample_bytree": 0.5827564409334778, "lam": 0.998090046898787, "max_depth": 5.0, "min_child_weight": 3.0, "subsample": 0.8995232778575787}, "datetime": {"datetime": "2020-04-27 10:52:41", "elapsed": 1459.439726, "delta": 3.119924}}
{"target": 0.648324, "params": {"alpha": 0.6708936117138252, "colsample_bytree": 0.899504692296971, "lam": 0.998090046898787, "max_depth": 5.0, "min_child_weight": 3.0, "subsample": 0.8248274596479489}, "datetime": {"datetime": "2020-04-27 10:52:44", "elapsed": 1462.294963, "delta": 2.855237}}
{"target": 0.6227220000000001, "params": {"alpha": 0.6708936117138252, "colsample_bytree": 0.8999224084030101, "lam": 0.998090046898787, "max_depth": 5.0, "min_child_weight": 3.0, "subsample": 0.6289497158386725}, "datetime": {"datetime": "2020-04-27 10:52:47", "elapsed": 1464.828066, "delta": 2.533103}}
{"target": 0.6431962, "params": {"alpha": 0.6708936117138252, "colsample_bytree": 0.8988902574316868, "lam": 0.998090046898787, "max_depth": 5.0, "min_child_weight": 3.0, "subsample": 0.8245997147231365}, "datetime": {"datetime": "2020-04-27 10:52:49", "elapsed": 1467.579091, "delta": 2.751025}}
{"target": 0.6483241999999999, "params": {"alpha": 0.6708936117138252, "colsample_bytree": 0.8988824494917136, "lam": 0.998090046898787, "max_depth": 5.0, "min_child_weight": 3.0, "subsample": 0.8248380245999889}, "datetime": {"datetime": "2020-04-27 10:52:52", "elapsed": 1470.46732, "delta": 2.888229}}
{"target": 0.630563, "params": {"alpha": 0.6708936117138252, "colsample_bytree": 0.8850928603967458, "lam": 0.998090046898787, "max_depth": 5.0, "min_child_weight": 3.0, "subsample": 0.8689456358780201}, "datetime": {"datetime": "2020-04-27 10:52:55", "elapsed": 1473.553464, "delta": 3.086144}}
{"target": 0.5989176, "params": {"alpha": 0.6708936117138252, "colsample_bytree": 0.5348076859115266, "lam": 0.998090046898787, "max_depth": 5.0, "min_child_weight": 3.0, "subsample": 0.8735770560291789}, "datetime": {"datetime": "2020-04-27 10:52:58", "elapsed": 1476.504174, "delta": 2.95071}}
{"target": 0.6033016000000001, "params": {"alpha": 0.6708936117138252, "colsample_bytree": 0.6790955523358208, "lam": 0.998090046898787, "max_depth": 5.0, "min_child_weight": 3.0, "subsample": 0.6214309520233556}, "datetime": {"datetime": "2020-04-27 10:53:02", "elapsed": 1479.942555, "delta": 3.438381}}
{"target": 0.6189658, "params": {"alpha": 0.6708936117138252, "colsample_bytree": 0.899752473876239, "lam": 0.998090046898787, "max_depth": 5.0, "min_child_weight": 3.0, "subsample": 0.5294371256597064}, "datetime": {"datetime": "2020-04-27 10:53:05", "elapsed": 1482.917436, "delta": 2.974881}}
{"target": 0.6085062000000001, "params": {"alpha": 0.6708936117138252, "colsample_bytree": 0.7595578722839192, "lam": 0.998090046898787, "max_depth": 5.0, "min_child_weight": 3.0, "subsample": 0.6189398220067504}, "datetime": {"datetime": "2020-04-27 10:53:08", "elapsed": 1486.124555, "delta": 3.207119}}
{"target": 0.623989, "params": {"alpha": 0.6708936117138252, "colsample_bytree": 0.7716732698277022, "lam": 0.998090046898787, "max_depth": 5.0, "min_child_weight": 3.0, "subsample": 0.6719153133459854}, "datetime": {"datetime": "2020-04-27 10:53:11", "elapsed": 1488.869555, "delta": 2.745}}
{"target": 0.650551, "params": {"alpha": 0.6708936117138252, "colsample_bytree": 0.8989743400722059, "lam": 0.998090046898787, "max_depth": 5.0, "min_child_weight": 3.0, "subsample": 0.8252702156751118}, "datetime": {"datetime": "2020-04-27 10:53:14", "elapsed": 1492.1403, "delta": 3.270745}}
{"target": 0.6113926000000001, "params": {"alpha": 0.6708936117138252, "colsample_bytree": 0.6410937561614829, "lam": 0.998090046898787, "max_depth": 5.0, "min_child_weight": 3.0, "subsample": 0.8308758200265148}, "datetime": {"datetime": "2020-04-27 10:53:16", "elapsed": 1494.484803, "delta": 2.344503}}
{"target": 0.6471508, "params": {"alpha": 0.6708936117138252, "colsample_bytree": 0.8992326002088509, "lam": 0.998090046898787, "max_depth": 5.0, "min_child_weight": 3.0, "subsample": 0.8270797016759763}, "datetime": {"datetime": "2020-04-27 10:53:20", "elapsed": 1498.67347, "delta": 4.188667}}
{"target": 0.6153936, "params": {"alpha": 0.6708936117138252, "colsample_bytree": 0.7243309774687992, "lam": 0.998090046898787, "max_depth": 5.0, "min_child_weight": 3.0, "subsample": 0.5720127612272274}, "datetime": {"datetime": "2020-04-27 10:53:24", "elapsed": 1501.846213, "delta": 3.172743}}
{"target": 0.6287739999999999, "params": {"alpha": 0.6708936117138252, "colsample_bytree": 0.733411458649782, "lam": 0.998090046898787, "max_depth": 5.0, "min_child_weight": 3.0, "subsample": 0.8035812111895112}, "datetime": {"datetime": "2020-04-27 10:53:27", "elapsed": 1504.828907, "delta": 2.982694}}
{"target": 0.6409908000000001, "params": {"alpha": 0.6708936117138252, "colsample_bytree": 0.7681107710335888, "lam": 0.998090046898787, "max_depth": 5.0, "min_child_weight": 3.0, "subsample": 0.8147848366788953}, "datetime": {"datetime": "2020-04-27 10:53:30", "elapsed": 1508.119161, "delta": 3.290254}}
{"target": 0.633615, "params": {"alpha": 0.6708936117138252, "colsample_bytree": 0.6837569917249315, "lam": 0.998090046898787, "max_depth": 5.0, "min_child_weight": 3.0, "subsample": 0.7790772611391873}, "datetime": {"datetime": "2020-04-27 10:53:33", "elapsed": 1511.381339, "delta": 3.262178}}
{"target": 0.6186062, "params": {"alpha": 0.6708936117138252, "colsample_bytree": 0.6574718181200037, "lam": 0.998090046898787, "max_depth": 5.0, "min_child_weight": 3.0, "subsample": 0.6942365899839835}, "datetime": {"datetime": "2020-04-27 10:53:36", "elapsed": 1513.872605, "delta": 2.491266}}
{"target": 0.6140038000000001, "params": {"alpha": 0.6708936117138252, "colsample_bytree": 0.6438670151247876, "lam": 0.998090046898787, "max_depth": 5.0, "min_child_weight": 3.0, "subsample": 0.8783079799965666}, "datetime": {"datetime": "2020-04-27 10:53:38", "elapsed": 1516.791512, "delta": 2.918907}}
{"target": 0.6147622, "params": {"alpha": 0.6708936117138252, "colsample_bytree": 0.7154438055752292, "lam": 0.998090046898787, "max_depth": 5.0, "min_child_weight": 3.0, "subsample": 0.7683313925830555}, "datetime": {"datetime": "2020-04-27 10:53:42", "elapsed": 1519.97503, "delta": 3.183518}}
{"target": 0.5978015999999999, "params": {"alpha": 0.6708936117138252, "colsample_bytree": 0.58527646187706, "lam": 0.998090046898787, "max_depth": 5.0, "min_child_weight": 3.0, "subsample": 0.5246323109282086}, "datetime": {"datetime": "2020-04-27 10:53:45", "elapsed": 1522.839699, "delta": 2.864669}}
{"target": 0.6097184, "params": {"alpha": 0.6708936117138252, "colsample_bytree": 0.8085633226862643, "lam": 0.998090046898787, "max_depth": 5.0, "min_child_weight": 3.0, "subsample": 0.5757393675264529}, "datetime": {"datetime": "2020-04-27 10:53:48", "elapsed": 1526.081221, "delta": 3.241522}}
{"target": 0.63301, "params": {"alpha": 0.6708936117138252, "colsample_bytree": 0.7087807368336542, "lam": 0.998090046898787, "max_depth": 5.0, "min_child_weight": 3.0, "subsample": 0.5007527189195258}, "datetime": {"datetime": "2020-04-27 10:53:51", "elapsed": 1529.039542, "delta": 2.958321}}
{"target": 0.6297295999999999, "params": {"alpha": 0.6708936117138252, "colsample_bytree": 0.874668600138642, "lam": 0.998090046898787, "max_depth": 5.0, "min_child_weight": 3.0, "subsample": 0.6418157036277709}, "datetime": {"datetime": "2020-04-27 10:53:54", "elapsed": 1532.131424, "delta": 3.091882}}
{"target": 0.6337881999999999, "params": {"alpha": 0.6708936117138252, "colsample_bytree": 0.7179857929340093, "lam": 0.998090046898787, "max_depth": 5.0, "min_child_weight": 3.0, "subsample": 0.7153375946214909}, "datetime": {"datetime": "2020-04-27 10:53:57", "elapsed": 1535.346022, "delta": 3.214598}}
{"target": 0.5759114000000001, "params": {"alpha": 0.6708936117138252, "colsample_bytree": 0.5000998758828495, "lam": 0.998090046898787, "max_depth": 5.0, "min_child_weight": 3.0, "subsample": 0.5390264581182992}, "datetime": {"datetime": "2020-04-27 10:54:01", "elapsed": 1538.826812, "delta": 3.48079}}
{"target": 0.6175328, "params": {"alpha": 0.6708936117138252, "colsample_bytree": 0.5825736150760824, "lam": 0.998090046898787, "max_depth": 5.0, "min_child_weight": 3.0, "subsample": 0.8283140203546033}, "datetime": {"datetime": "2020-04-27 10:54:04", "elapsed": 1542.705109, "delta": 3.878297}}
{"target": 0.5879958, "params": {"alpha": 0.6708936117138252, "colsample_bytree": 0.5001315233086352, "lam": 0.998090046898787, "max_depth": 5.0, "min_child_weight": 3.0, "subsample": 0.8044870575646108}, "datetime": {"datetime": "2020-04-27 10:54:08", "elapsed": 1546.154996, "delta": 3.449887}}
{"target": 0.6042672, "params": {"alpha": 0.6708936117138252, "colsample_bytree": 0.5862886276878265, "lam": 0.998090046898787, "max_depth": 5.0, "min_child_weight": 3.0, "subsample": 0.7032898808404262}, "datetime": {"datetime": "2020-04-27 10:54:11", "elapsed": 1548.980409, "delta": 2.825413}}
{"target": 0.6383592, "params": {"alpha": 0.6708936117138252, "colsample_bytree": 0.7104358450688824, "lam": 0.998090046898787, "max_depth": 5.0, "min_child_weight": 3.0, "subsample": 0.829671956387785}, "datetime": {"datetime": "2020-04-27 10:54:14", "elapsed": 1552.612487, "delta": 3.632078}}
{"target": 0.6420236, "params": {"alpha": 0.6708936117138252, "colsample_bytree": 0.8994647387232799, "lam": 0.998090046898787, "max_depth": 5.0, "min_child_weight": 3.0, "subsample": 0.8237597652523359}, "datetime": {"datetime": "2020-04-27 10:54:17", "elapsed": 1555.258448, "delta": 2.645961}}
{"target": 0.6382314, "params": {"alpha": 0.6708936117138252, "colsample_bytree": 0.7631779291923648, "lam": 0.998090046898787, "max_depth": 5.0, "min_child_weight": 3.0, "subsample": 0.8296535701091905}, "datetime": {"datetime": "2020-04-27 10:54:20", "elapsed": 1558.24218, "delta": 2.983732}}
{"target": 0.6316034, "params": {"alpha": 0.6708936117138252, "colsample_bytree": 0.7585191928156221, "lam": 0.998090046898787, "max_depth": 5.0, "min_child_weight": 3.0, "subsample": 0.801755771468377}, "datetime": {"datetime": "2020-04-27 10:54:24", "elapsed": 1562.26533, "delta": 4.02315}}
{"target": 0.6290498, "params": {"alpha": 0.6708936117138252, "colsample_bytree": 0.6866629034106, "lam": 0.998090046898787, "max_depth": 5.0, "min_child_weight": 3.0, "subsample": 0.8047083119447012}, "datetime": {"datetime": "2020-04-27 10:54:27", "elapsed": 1565.100044, "delta": 2.834714}}
{"target": 0.6209865999999999, "params": {"alpha": 0.6708936117138252, "colsample_bytree": 0.8999506681095562, "lam": 0.998090046898787, "max_depth": 5.0, "min_child_weight": 3.0, "subsample": 0.7395613342615971}, "datetime": {"datetime": "2020-04-27 10:54:30", "elapsed": 1568.644428, "delta": 3.544384}}
{"target": 0.634015, "params": {"alpha": 0.6708936117138252, "colsample_bytree": 0.6570305698390799, "lam": 0.998090046898787, "max_depth": 5.0, "min_child_weight": 3.0, "subsample": 0.7808375493155243}, "datetime": {"datetime": "2020-04-27 10:54:34", "elapsed": 1572.722056, "delta": 4.077628}}
{"target": 0.633228, "params": {"alpha": 0.6708936117138252, "colsample_bytree": 0.8263931620328275, "lam": 0.998090046898787, "max_depth": 5.0, "min_child_weight": 3.0, "subsample": 0.8130187915205002}, "datetime": {"datetime": "2020-04-27 10:54:38", "elapsed": 1576.111954, "delta": 3.389898}}
{"target": 0.648523, "params": {"alpha": 0.6708936117138252, "colsample_bytree": 0.8999552022974094, "lam": 0.998090046898787, "max_depth": 5.0, "min_child_weight": 3.0, "subsample": 0.8250536161092913}, "datetime": {"datetime": "2020-04-27 10:54:41", "elapsed": 1579.440878, "delta": 3.328924}}
{"target": 0.6412604, "params": {"alpha": 0.6708936117138252, "colsample_bytree": 0.804578678654114, "lam": 0.998090046898787, "max_depth": 5.0, "min_child_weight": 3.0, "subsample": 0.8301112517126803}, "datetime": {"datetime": "2020-04-27 10:54:44", "elapsed": 1582.11376, "delta": 2.672882}}
{"target": 0.6421038, "params": {"alpha": 0.6708936117138252, "colsample_bytree": 0.899171031796512, "lam": 0.998090046898787, "max_depth": 5.0, "min_child_weight": 3.0, "subsample": 0.8228594811337467}, "datetime": {"datetime": "2020-04-27 10:54:48", "elapsed": 1585.804338, "delta": 3.690578}}
{"target": 0.63902, "params": {"alpha": 0.6708936117138252, "colsample_bytree": 0.7504083763845733, "lam": 0.998090046898787, "max_depth": 5.0, "min_child_weight": 3.0, "subsample": 0.7652909515107993}, "datetime": {"datetime": "2020-04-27 10:54:51", "elapsed": 1589.19467, "delta": 3.390332}}
{"target": 0.6401782, "params": {"alpha": 0.6708936117138252, "colsample_bytree": 0.7776949685679749, "lam": 0.998090046898787, "max_depth": 5.0, "min_child_weight": 3.0, "subsample": 0.7610937165303495}, "datetime": {"datetime": "2020-04-27 10:54:54", "elapsed": 1591.862406, "delta": 2.667736}}
