{"target": 0.6461694000000001, "params": {"max_depth": 9.220818452934097, "min_child_weight": 8.912252664192259}, "datetime": {"datetime": "2020-04-24 22:54:48", "elapsed": 182.916259, "delta": 2.200459}}
{"target": 0.6461694000000001, "params": {"max_depth": 9.347839026900367, "min_child_weight": 8.78952243661395}, "datetime": {"datetime": "2020-04-24 22:54:50", "elapsed": 184.890327, "delta": 1.974068}}
{"target": 0.6461694000000001, "params": {"max_depth": 9.31055974561783, "min_child_weight": 8.928086555222567}, "datetime": {"datetime": "2020-04-24 22:54:52", "elapsed": 187.054979, "delta": 2.164652}}
{"target": 0.6461694000000001, "params": {"max_depth": 9.208588569850253, "min_child_weight": 8.878443316208251}, "datetime": {"datetime": "2020-04-24 22:54:54", "elapsed": 189.358897, "delta": 2.303918}}
{"target": 0.6461694000000001, "params": {"max_depth": 9.261988298728367, "min_child_weight": 8.935591359218124}, "datetime": {"datetime": "2020-04-24 22:54:56", "elapsed": 191.428534, "delta": 2.069637}}
{"target": 0.6461694000000001, "params": {"max_depth": 9.422652777514113, "min_child_weight": 8.959859469619484}, "datetime": {"datetime": "2020-04-24 22:54:58", "elapsed": 193.801702, "delta": 2.373168}}
{"target": 0.6461694000000001, "params": {"max_depth": 9.325309953322652, "min_child_weight": 8.824089519623021}, "datetime": {"datetime": "2020-04-24 22:55:01", "elapsed": 195.950993, "delta": 2.149291}}
{"target": 0.6461694000000001, "params": {"max_depth": 9.386550668446544, "min_child_weight": 8.85190564485028}, "datetime": {"datetime": "2020-04-24 22:55:03", "elapsed": 198.155417, "delta": 2.204424}}
{"target": 0.6461694000000001, "params": {"max_depth": 9.27798588080644, "min_child_weight": 8.900836669088271}, "datetime": {"datetime": "2020-04-24 22:55:05", "elapsed": 200.35323, "delta": 2.197813}}
{"target": 0.6461694000000001, "params": {"max_depth": 9.341752577153942, "min_child_weight": 8.866793332193584}, "datetime": {"datetime": "2020-04-24 22:55:07", "elapsed": 202.720708, "delta": 2.367478}}
{"target": 0.6461694000000001, "params": {"max_depth": 9.390536415542936, "min_child_weight": 8.941425115970146}, "datetime": {"datetime": "2020-04-24 22:55:09", "elapsed": 204.826005, "delta": 2.105297}}
{"target": 0.6461694000000001, "params": {"max_depth": 9.302955080935202, "min_child_weight": 8.896563857374666}, "datetime": {"datetime": "2020-04-24 22:55:12", "elapsed": 206.961424, "delta": 2.135419}}
{"target": 0.6461694000000001, "params": {"max_depth": 9.242749555276703, "min_child_weight": 8.945426420609135}, "datetime": {"datetime": "2020-04-24 22:55:14", "elapsed": 209.580447, "delta": 2.619023}}
{"target": 0.6461694000000001, "params": {"max_depth": 9.371789844698906, "min_child_weight": 8.830984554975931}, "datetime": {"datetime": "2020-04-24 22:55:16", "elapsed": 211.805564, "delta": 2.225117}}
{"target": 0.6461694000000001, "params": {"max_depth": 9.394125989895041, "min_child_weight": 8.976654220378796}, "datetime": {"datetime": "2020-04-24 22:55:19", "elapsed": 213.874403, "delta": 2.068839}}
{"target": 0.6461694000000001, "params": {"max_depth": 9.218813914352605, "min_child_weight": 8.857275918964286}, "datetime": {"datetime": "2020-04-24 22:55:21", "elapsed": 216.235407, "delta": 2.361004}}
{"target": 0.6461694000000001, "params": {"max_depth": 9.33690082365106, "min_child_weight": 8.933706632317858}, "datetime": {"datetime": "2020-04-24 22:55:23", "elapsed": 218.670815, "delta": 2.435408}}
{"target": 0.6461694000000001, "params": {"max_depth": 9.338044173497504, "min_child_weight": 8.840656588468761}, "datetime": {"datetime": "2020-04-24 22:55:25", "elapsed": 220.71486, "delta": 2.044045}}
{"target": 0.6461694000000001, "params": {"max_depth": 9.29802674794345, "min_child_weight": 8.935384745759377}, "datetime": {"datetime": "2020-04-24 22:55:28", "elapsed": 222.961197, "delta": 2.246337}}
{"target": 0.6461694000000001, "params": {"max_depth": 9.204827649236233, "min_child_weight": 8.908263183265824}, "datetime": {"datetime": "2020-04-24 22:55:30", "elapsed": 225.03078, "delta": 2.069583}}
{"target": 0.6461694000000001, "params": {"max_depth": 9.326194578494324, "min_child_weight": 8.955096097398641}, "datetime": {"datetime": "2020-04-24 22:55:32", "elapsed": 227.151384, "delta": 2.120604}}
{"target": 0.6461694000000001, "params": {"max_depth": 9.415899201258139, "min_child_weight": 8.9159412087051}, "datetime": {"datetime": "2020-04-24 22:55:34", "elapsed": 229.344128, "delta": 2.192744}}
{"target": 0.6461694000000001, "params": {"max_depth": 9.345523501595576, "min_child_weight": 8.845812931790892}, "datetime": {"datetime": "2020-04-24 22:55:36", "elapsed": 231.78101, "delta": 2.436882}}
{"target": 0.6461694000000001, "params": {"max_depth": 9.234002297215262, "min_child_weight": 8.855296161167537}, "datetime": {"datetime": "2020-04-24 22:55:39", "elapsed": 234.408987, "delta": 2.627977}}
{"target": 0.6461694000000001, "params": {"max_depth": 9.36736135032406, "min_child_weight": 8.900861696851152}, "datetime": {"datetime": "2020-04-24 22:55:41", "elapsed": 236.77651, "delta": 2.367523}}
{"target": 0.6461694000000001, "params": {"max_depth": 9.338924623963134, "min_child_weight": 8.83968699359302}, "datetime": {"datetime": "2020-04-24 22:55:44", "elapsed": 239.331598, "delta": 2.555088}}
{"target": 0.6461694000000001, "params": {"max_depth": 9.296837547840195, "min_child_weight": 8.83803306621328}, "datetime": {"datetime": "2020-04-24 22:55:46", "elapsed": 241.594316, "delta": 2.262718}}
{"target": 0.6461694000000001, "params": {"max_depth": 9.269533518420904, "min_child_weight": 8.905866822339904}, "datetime": {"datetime": "2020-04-24 22:55:49", "elapsed": 243.902574, "delta": 2.308258}}
{"target": 0.6461694000000001, "params": {"max_depth": 9.225945986181205, "min_child_weight": 8.896322506356647}, "datetime": {"datetime": "2020-04-24 22:55:51", "elapsed": 246.266578, "delta": 2.364004}}
{"target": 0.6461694000000001, "params": {"max_depth": 9.383764964518381, "min_child_weight": 8.860752998846776}, "datetime": {"datetime": "2020-04-24 22:55:53", "elapsed": 248.535962, "delta": 2.269384}}
{"target": 0.6461694000000001, "params": {"max_depth": 9.325771458504189, "min_child_weight": 8.83131170797213}, "datetime": {"datetime": "2020-04-24 22:55:56", "elapsed": 251.120134, "delta": 2.584172}}
{"target": 0.6461694000000001, "params": {"max_depth": 9.27708097304873, "min_child_weight": 8.889673304175256}, "datetime": {"datetime": "2020-04-24 22:55:58", "elapsed": 253.535788, "delta": 2.415654}}
{"target": 0.6461694000000001, "params": {"max_depth": 9.422242217207103, "min_child_weight": 8.984546611782054}, "datetime": {"datetime": "2020-04-24 22:56:01", "elapsed": 255.898106, "delta": 2.362318}}
{"target": 0.6461694000000001, "params": {"max_depth": 9.407911497514624, "min_child_weight": 8.858647217955355}, "datetime": {"datetime": "2020-04-24 22:56:03", "elapsed": 258.357881, "delta": 2.459775}}
{"target": 0.6461694000000001, "params": {"max_depth": 9.420401640406578, "min_child_weight": 8.971485910764326}, "datetime": {"datetime": "2020-04-24 22:56:06", "elapsed": 260.843653, "delta": 2.485772}}
{"target": 0.6461694000000001, "params": {"max_depth": 9.386481558833383, "min_child_weight": 8.83950243782608}, "datetime": {"datetime": "2020-04-24 22:56:08", "elapsed": 263.180075, "delta": 2.336422}}
{"target": 0.6461694000000001, "params": {"max_depth": 9.255924020102533, "min_child_weight": 8.878355207653922}, "datetime": {"datetime": "2020-04-24 22:56:10", "elapsed": 265.74866, "delta": 2.568585}}
{"target": 0.6461694000000001, "params": {"max_depth": 9.413458891766854, "min_child_weight": 9.011065749840835}, "datetime": {"datetime": "2020-04-24 22:56:13", "elapsed": 268.121216, "delta": 2.372556}}
{"target": 0.6461694000000001, "params": {"max_depth": 9.390232265788775, "min_child_weight": 8.965007972000024}, "datetime": {"datetime": "2020-04-24 22:56:15", "elapsed": 270.466463, "delta": 2.345247}}
{"target": 0.6461694000000001, "params": {"max_depth": 9.32487317786627, "min_child_weight": 8.966496969780234}, "datetime": {"datetime": "2020-04-24 22:56:17", "elapsed": 272.741919, "delta": 2.275456}}
{"target": 0.6461694000000001, "params": {"max_depth": 9.379303066380395, "min_child_weight": 8.924095039061696}, "datetime": {"datetime": "2020-04-24 22:56:20", "elapsed": 275.317012, "delta": 2.575093}}
{"target": 0.6461694000000001, "params": {"max_depth": 9.346658645558723, "min_child_weight": 8.926100308475213}, "datetime": {"datetime": "2020-04-24 22:56:23", "elapsed": 278.004875, "delta": 2.687863}}
{"target": 0.6461694000000001, "params": {"max_depth": 9.22800223243517, "min_child_weight": 8.920525381654114}, "datetime": {"datetime": "2020-04-24 22:56:25", "elapsed": 280.621275, "delta": 2.6164}}
{"target": 0.6461694000000001, "params": {"max_depth": 9.325488479811796, "min_child_weight": 8.843598671328326}, "datetime": {"datetime": "2020-04-24 22:56:28", "elapsed": 283.192077, "delta": 2.570802}}
{"target": 0.6461694000000001, "params": {"max_depth": 9.275278638873399, "min_child_weight": 8.861482762277989}, "datetime": {"datetime": "2020-04-24 22:56:30", "elapsed": 285.533002, "delta": 2.340925}}
{"target": 0.6461694000000001, "params": {"max_depth": 9.334289064587932, "min_child_weight": 8.85323245745936}, "datetime": {"datetime": "2020-04-24 22:56:33", "elapsed": 288.142179, "delta": 2.609177}}
{"target": 0.6461694000000001, "params": {"max_depth": 9.243389950392917, "min_child_weight": 8.920416780056554}, "datetime": {"datetime": "2020-04-24 22:56:35", "elapsed": 290.592677, "delta": 2.450498}}
{"target": 0.6461694000000001, "params": {"max_depth": 9.29848718663007, "min_child_weight": 8.955964166695365}, "datetime": {"datetime": "2020-04-24 22:56:38", "elapsed": 292.916529, "delta": 2.323852}}
{"target": 0.6461694000000001, "params": {"max_depth": 9.387860286593831, "min_child_weight": 8.864720897333479}, "datetime": {"datetime": "2020-04-24 22:56:40", "elapsed": 295.521124, "delta": 2.604595}}
{"target": 0.6461694000000001, "params": {"max_depth": 9.277932661445831, "min_child_weight": 8.849250974558457}, "datetime": {"datetime": "2020-04-24 22:56:43", "elapsed": 298.012547, "delta": 2.491423}}
{"target": 0.6461694000000001, "params": {"max_depth": 9.41335536627518, "min_child_weight": 9.011840907633676}, "datetime": {"datetime": "2020-04-24 22:56:45", "elapsed": 300.695661, "delta": 2.683114}}
{"target": 0.6461694000000001, "params": {"max_depth": 9.396157297285445, "min_child_weight": 8.973735708549796}, "datetime": {"datetime": "2020-04-24 22:56:48", "elapsed": 303.029124, "delta": 2.333463}}
{"target": 0.6461694000000001, "params": {"max_depth": 9.439593786303597, "min_child_weight": 8.935491079049093}, "datetime": {"datetime": "2020-04-24 22:56:50", "elapsed": 305.671833, "delta": 2.642709}}
{"target": 0.6461694000000001, "params": {"max_depth": 9.250934806971035, "min_child_weight": 8.88476556113146}, "datetime": {"datetime": "2020-04-24 22:56:53", "elapsed": 308.304115, "delta": 2.632282}}
{"target": 0.6461694000000001, "params": {"max_depth": 9.362188660563442, "min_child_weight": 8.977927574884019}, "datetime": {"datetime": "2020-04-24 22:56:56", "elapsed": 311.298558, "delta": 2.994443}}
{"target": 0.6461694000000001, "params": {"max_depth": 9.330122276455976, "min_child_weight": 8.844697959974692}, "datetime": {"datetime": "2020-04-24 22:56:59", "elapsed": 313.980776, "delta": 2.682218}}
{"target": 0.6461694000000001, "params": {"max_depth": 9.401443706991767, "min_child_weight": 8.93821590258336}, "datetime": {"datetime": "2020-04-24 22:57:01", "elapsed": 316.643905, "delta": 2.663129}}
{"target": 0.6461694000000001, "params": {"max_depth": 9.331262820793382, "min_child_weight": 8.888331758218104}, "datetime": {"datetime": "2020-04-24 22:57:04", "elapsed": 319.041748, "delta": 2.397843}}
{"target": 0.6461694000000001, "params": {"max_depth": 9.332580187442161, "min_child_weight": 8.951884136287921}, "datetime": {"datetime": "2020-04-24 22:57:07", "elapsed": 321.867682, "delta": 2.825934}}
{"target": 0.6461694000000001, "params": {"max_depth": 9.352037609470967, "min_child_weight": 8.958624015834767}, "datetime": {"datetime": "2020-04-24 22:57:09", "elapsed": 324.53581, "delta": 2.668128}}
{"target": 0.6461694000000001, "params": {"max_depth": 9.319740882359316, "min_child_weight": 8.862084650732504}, "datetime": {"datetime": "2020-04-24 22:57:12", "elapsed": 327.264848, "delta": 2.729038}}
{"target": 0.6461694000000001, "params": {"max_depth": 9.387007542942817, "min_child_weight": 8.848977532378878}, "datetime": {"datetime": "2020-04-24 22:57:15", "elapsed": 329.907119, "delta": 2.642271}}
{"target": 0.6461694000000001, "params": {"max_depth": 9.252334425653098, "min_child_weight": 8.944928645526964}, "datetime": {"datetime": "2020-04-24 22:57:18", "elapsed": 332.864276, "delta": 2.957157}}
{"target": 0.6461694000000001, "params": {"max_depth": 9.414812108021593, "min_child_weight": 8.83496706036846}, "datetime": {"datetime": "2020-04-24 22:57:20", "elapsed": 335.565979, "delta": 2.701703}}
{"target": 0.6461694000000001, "params": {"max_depth": 9.366671549282474, "min_child_weight": 8.839969806654423}, "datetime": {"datetime": "2020-04-24 22:57:23", "elapsed": 338.151015, "delta": 2.585036}}
{"target": 0.6461694000000001, "params": {"max_depth": 9.343580640757057, "min_child_weight": 8.91391750928741}, "datetime": {"datetime": "2020-04-24 22:57:25", "elapsed": 340.611985, "delta": 2.46097}}
{"target": 0.6461694000000001, "params": {"max_depth": 9.186047434544326, "min_child_weight": 8.912787697369732}, "datetime": {"datetime": "2020-04-24 22:57:28", "elapsed": 343.348542, "delta": 2.736557}}
{"target": 0.6461694000000001, "params": {"max_depth": 9.259078065688081, "min_child_weight": 8.919148084300607}, "datetime": {"datetime": "2020-04-24 22:57:31", "elapsed": 346.380759, "delta": 3.032217}}
{"target": 0.6461694000000001, "params": {"max_depth": 9.33385931542404, "min_child_weight": 8.80713000646264}, "datetime": {"datetime": "2020-04-24 22:57:34", "elapsed": 349.067807, "delta": 2.687048}}
{"target": 0.6461694000000001, "params": {"max_depth": 9.26083778614854, "min_child_weight": 8.940493681955783}, "datetime": {"datetime": "2020-04-24 22:57:36", "elapsed": 351.740475, "delta": 2.672668}}
{"target": 0.6461694000000001, "params": {"max_depth": 9.368610639442995, "min_child_weight": 8.918652074469307}, "datetime": {"datetime": "2020-04-24 22:57:39", "elapsed": 354.675144, "delta": 2.934669}}
{"target": 0.6461694000000001, "params": {"max_depth": 9.419281549902854, "min_child_weight": 9.002775080649457}, "datetime": {"datetime": "2020-04-24 22:57:42", "elapsed": 357.429279, "delta": 2.754135}}
{"target": 0.6461694000000001, "params": {"max_depth": 9.290880992710388, "min_child_weight": 8.870371911015443}, "datetime": {"datetime": "2020-04-24 22:57:45", "elapsed": 359.881907, "delta": 2.452628}}
{"target": 0.6461694000000001, "params": {"max_depth": 9.335448170337587, "min_child_weight": 8.885621516115044}, "datetime": {"datetime": "2020-04-24 22:57:48", "elapsed": 362.86833, "delta": 2.986423}}
{"target": 0.6461694000000001, "params": {"max_depth": 9.338383363376838, "min_child_weight": 8.993343710222396}, "datetime": {"datetime": "2020-04-24 22:57:51", "elapsed": 365.972472, "delta": 3.104142}}
{"target": 0.6461694000000001, "params": {"max_depth": 9.235917454569307, "min_child_weight": 8.899091022476906}, "datetime": {"datetime": "2020-04-24 22:57:54", "elapsed": 369.188251, "delta": 3.215779}}
{"target": 0.6461694000000001, "params": {"max_depth": 9.369388356155712, "min_child_weight": 8.878687318714462}, "datetime": {"datetime": "2020-04-24 22:57:57", "elapsed": 372.311471, "delta": 3.12322}}
{"target": 0.6461694000000001, "params": {"max_depth": 9.371428517375938, "min_child_weight": 8.974565341765619}, "datetime": {"datetime": "2020-04-24 22:58:00", "elapsed": 375.334617, "delta": 3.023146}}
{"target": 0.6461694000000001, "params": {"max_depth": 9.282183553078767, "min_child_weight": 8.93077398608856}, "datetime": {"datetime": "2020-04-24 22:58:03", "elapsed": 378.78854, "delta": 3.453923}}
{"target": 0.6461694000000001, "params": {"max_depth": 9.397759514137729, "min_child_weight": 8.882845051956817}, "datetime": {"datetime": "2020-04-24 22:58:06", "elapsed": 381.655425, "delta": 2.866885}}
{"target": 0.6461694000000001, "params": {"max_depth": 9.248930553730174, "min_child_weight": 8.852563834991514}, "datetime": {"datetime": "2020-04-24 22:58:09", "elapsed": 384.406033, "delta": 2.750608}}
{"target": 0.6461694000000001, "params": {"max_depth": 9.301933413613904, "min_child_weight": 8.818150066294264}, "datetime": {"datetime": "2020-04-24 22:58:13", "elapsed": 388.133888, "delta": 3.727855}}
{"target": 0.6461694000000001, "params": {"max_depth": 9.471792785718607, "min_child_weight": 8.993276225876608}, "datetime": {"datetime": "2020-04-24 22:58:15", "elapsed": 390.824975, "delta": 2.691087}}
{"target": 0.6461694000000001, "params": {"max_depth": 9.272362160817254, "min_child_weight": 8.886022238683992}, "datetime": {"datetime": "2020-04-24 22:58:19", "elapsed": 393.954996, "delta": 3.130021}}
{"target": 0.6461694000000001, "params": {"max_depth": 9.371655707777649, "min_child_weight": 8.889775318264434}, "datetime": {"datetime": "2020-04-24 22:58:22", "elapsed": 396.97165, "delta": 3.016654}}
{"target": 0.6461694000000001, "params": {"max_depth": 9.406867763393814, "min_child_weight": 8.85719951402272}, "datetime": {"datetime": "2020-04-24 22:58:25", "elapsed": 400.03491, "delta": 3.06326}}
{"target": 0.6461694000000001, "params": {"max_depth": 9.39899816537509, "min_child_weight": 8.853149885503882}, "datetime": {"datetime": "2020-04-24 22:58:28", "elapsed": 403.092291, "delta": 3.057381}}
{"target": 0.6461694000000001, "params": {"max_depth": 9.40140685655116, "min_child_weight": 8.895681075012611}, "datetime": {"datetime": "2020-04-24 22:58:31", "elapsed": 406.259902, "delta": 3.167611}}
{"target": 0.6461694000000001, "params": {"max_depth": 9.301267047487581, "min_child_weight": 8.9397285030389}, "datetime": {"datetime": "2020-04-24 22:58:34", "elapsed": 409.415975, "delta": 3.156073}}
{"target": 0.6461694000000001, "params": {"max_depth": 9.362052580495098, "min_child_weight": 8.903419398136691}, "datetime": {"datetime": "2020-04-24 22:58:37", "elapsed": 412.498652, "delta": 3.082677}}
{"target": 0.6461694000000001, "params": {"max_depth": 9.33040972475661, "min_child_weight": 8.995048914863915}, "datetime": {"datetime": "2020-04-24 22:58:40", "elapsed": 415.580369, "delta": 3.081717}}
{"target": 0.6461694000000001, "params": {"max_depth": 9.272354437057352, "min_child_weight": 8.894416415583379}, "datetime": {"datetime": "2020-04-24 22:58:44", "elapsed": 419.444164, "delta": 3.863795}}
{"target": 0.6461694000000001, "params": {"max_depth": 9.279286298301734, "min_child_weight": 8.894162716512835}, "datetime": {"datetime": "2020-04-24 22:58:48", "elapsed": 423.181385, "delta": 3.737221}}
{"target": 0.6461694000000001, "params": {"max_depth": 9.34789223271191, "min_child_weight": 8.92703490229282}, "datetime": {"datetime": "2020-04-24 22:58:51", "elapsed": 426.70098, "delta": 3.519595}}
{"target": 0.6461694000000001, "params": {"max_depth": 9.42989058357947, "min_child_weight": 8.888284262342049}, "datetime": {"datetime": "2020-04-24 22:58:55", "elapsed": 430.280667, "delta": 3.579687}}
{"target": 0.6461694000000001, "params": {"max_depth": 9.317035433623618, "min_child_weight": 8.94364809722682}, "datetime": {"datetime": "2020-04-24 22:58:58", "elapsed": 433.265729, "delta": 2.985062}}
{"target": 0.6461694000000001, "params": {"max_depth": 9.385763481115795, "min_child_weight": 8.955354914027353}, "datetime": {"datetime": "2020-04-24 22:59:01", "elapsed": 436.476525, "delta": 3.210796}}
{"target": 0.6461694000000001, "params": {"max_depth": 9.351592043127669, "min_child_weight": 8.896801892851922}, "datetime": {"datetime": "2020-04-24 22:59:05", "elapsed": 439.983824, "delta": 3.507299}}
{"target": 0.6461694000000001, "params": {"max_depth": 9.308910988128655, "min_child_weight": 8.879202420424605}, "datetime": {"datetime": "2020-04-24 22:59:08", "elapsed": 443.186908, "delta": 3.203084}}
{"target": 0.6461694000000001, "params": {"max_depth": 9.212196190239785, "min_child_weight": 8.931439091304604}, "datetime": {"datetime": "2020-04-24 22:59:11", "elapsed": 446.42319, "delta": 3.236282}}
{"target": 0.6461694000000001, "params": {"max_depth": 9.421122155125886, "min_child_weight": 8.961143298748294}, "datetime": {"datetime": "2020-04-24 22:59:15", "elapsed": 450.204327, "delta": 3.781137}}
{"target": 0.6461694000000001, "params": {"max_depth": 9.373401272327769, "min_child_weight": 8.835846183741008}, "datetime": {"datetime": "2020-04-24 22:59:18", "elapsed": 453.707793, "delta": 3.503466}}
{"target": 0.6461694000000001, "params": {"max_depth": 9.312218312176338, "min_child_weight": 8.85277349193536}, "datetime": {"datetime": "2020-04-24 22:59:22", "elapsed": 456.88398, "delta": 3.176187}}
{"target": 0.6461694000000001, "params": {"max_depth": 9.267984401970928, "min_child_weight": 8.828861954825376}, "datetime": {"datetime": "2020-04-24 22:59:25", "elapsed": 460.249899, "delta": 3.365919}}
{"target": 0.6461694000000001, "params": {"max_depth": 9.343407348439666, "min_child_weight": 8.791444840376695}, "datetime": {"datetime": "2020-04-24 22:59:28", "elapsed": 463.320061, "delta": 3.070162}}
{"target": 0.6461694000000001, "params": {"max_depth": 9.34376659861535, "min_child_weight": 8.886742173137527}, "datetime": {"datetime": "2020-04-24 22:59:31", "elapsed": 465.95529, "delta": 2.635229}}
{"target": 0.6461694000000001, "params": {"max_depth": 9.437754347764471, "min_child_weight": 9.017031260547778}, "datetime": {"datetime": "2020-04-24 22:59:34", "elapsed": 469.377068, "delta": 3.421778}}
