{"target": 0.6432156, "params": {"max_depth": 6.114479671381213, "min_child_weight": 9.173956594856872}, "datetime": {"datetime": "2020-04-24 23:26:36", "elapsed": 163.232626, "delta": 2.084872}}
{"target": 0.6432156, "params": {"max_depth": 5.742736991414984, "min_child_weight": 9.11718017982835}, "datetime": {"datetime": "2020-04-24 23:26:38", "elapsed": 165.000516, "delta": 1.76789}}
{"target": 0.6432156, "params": {"max_depth": 6.082498796992001, "min_child_weight": 9.084017229335018}, "datetime": {"datetime": "2020-04-24 23:26:40", "elapsed": 167.002396, "delta": 2.00188}}
{"target": 0.6432156, "params": {"max_depth": 6.044009115902736, "min_child_weight": 9.055348358135648}, "datetime": {"datetime": "2020-04-24 23:26:41", "elapsed": 168.68893, "delta": 1.686534}}
{"target": 0.6432156, "params": {"max_depth": 5.811337763565605, "min_child_weight": 9.053970636946083}, "datetime": {"datetime": "2020-04-24 23:26:43", "elapsed": 170.481957, "delta": 1.793027}}
{"target": 0.6432156, "params": {"max_depth": 5.916723183516375, "min_child_weight": 9.256210523364189}, "datetime": {"datetime": "2020-04-24 23:26:45", "elapsed": 172.38108, "delta": 1.899123}}
{"target": 0.6432156, "params": {"max_depth": 5.843596310647252, "min_child_weight": 9.042205272975398}, "datetime": {"datetime": "2020-04-24 23:26:47", "elapsed": 174.206835, "delta": 1.825755}}
{"target": 0.6432156, "params": {"max_depth": 5.948020789630531, "min_child_weight": 9.057560173719816}, "datetime": {"datetime": "2020-04-24 23:26:49", "elapsed": 176.13125, "delta": 1.924415}}
{"target": 0.6432156, "params": {"max_depth": 6.220969381077496, "min_child_weight": 9.205418165611697}, "datetime": {"datetime": "2020-04-24 23:26:51", "elapsed": 177.958714, "delta": 1.827464}}
{"target": 0.6432156, "params": {"max_depth": 5.888741501558448, "min_child_weight": 9.328380470560226}, "datetime": {"datetime": "2020-04-24 23:26:52", "elapsed": 179.84333, "delta": 1.884616}}
{"target": 0.6432156, "params": {"max_depth": 6.005497407870966, "min_child_weight": 9.303418064957787}, "datetime": {"datetime": "2020-04-24 23:26:55", "elapsed": 182.097934, "delta": 2.254604}}
{"target": 0.6432156, "params": {"max_depth": 5.738351824720901, "min_child_weight": 9.129430241766498}, "datetime": {"datetime": "2020-04-24 23:26:57", "elapsed": 184.389344, "delta": 2.29141}}
{"target": 0.6432156, "params": {"max_depth": 5.875761387407065, "min_child_weight": 9.060469267463944}, "datetime": {"datetime": "2020-04-24 23:26:59", "elapsed": 186.534802, "delta": 2.145458}}
{"target": 0.6432156, "params": {"max_depth": 5.908492949131189, "min_child_weight": 9.389809519996943}, "datetime": {"datetime": "2020-04-24 23:27:01", "elapsed": 188.294959, "delta": 1.760157}}
{"target": 0.6432156, "params": {"max_depth": 6.043079452451026, "min_child_weight": 9.013326381269756}, "datetime": {"datetime": "2020-04-24 23:27:03", "elapsed": 190.211468, "delta": 1.916509}}
{"target": 0.6432156, "params": {"max_depth": 6.174909382064622, "min_child_weight": 9.386511872756477}, "datetime": {"datetime": "2020-04-24 23:27:05", "elapsed": 192.183722, "delta": 1.972254}}
{"target": 0.6432156, "params": {"max_depth": 5.858554030650396, "min_child_weight": 9.167021571280168}, "datetime": {"datetime": "2020-04-24 23:27:07", "elapsed": 194.180585, "delta": 1.996863}}
{"target": 0.6432156, "params": {"max_depth": 5.891631555221399, "min_child_weight": 9.326265358107168}, "datetime": {"datetime": "2020-04-24 23:27:09", "elapsed": 196.132367, "delta": 1.951782}}
{"target": 0.6432156, "params": {"max_depth": 5.936227797524881, "min_child_weight": 9.095983045892773}, "datetime": {"datetime": "2020-04-24 23:27:11", "elapsed": 197.999571, "delta": 1.867204}}
{"target": 0.6432156, "params": {"max_depth": 5.910970454728971, "min_child_weight": 9.085232561870665}, "datetime": {"datetime": "2020-04-24 23:27:13", "elapsed": 199.877572, "delta": 1.878001}}
{"target": 0.6432156, "params": {"max_depth": 5.97258989463652, "min_child_weight": 9.22592991401873}, "datetime": {"datetime": "2020-04-24 23:27:15", "elapsed": 201.877501, "delta": 1.999929}}
{"target": 0.6432156, "params": {"max_depth": 6.186126384225263, "min_child_weight": 9.153827142784976}, "datetime": {"datetime": "2020-04-24 23:27:16", "elapsed": 203.763728, "delta": 1.886227}}
{"target": 0.6432156, "params": {"max_depth": 6.07189833345446, "min_child_weight": 9.335318272572675}, "datetime": {"datetime": "2020-04-24 23:27:18", "elapsed": 205.758821, "delta": 1.995093}}
{"target": 0.6432156, "params": {"max_depth": 5.942434598350764, "min_child_weight": 8.978522509853843}, "datetime": {"datetime": "2020-04-24 23:27:20", "elapsed": 207.627674, "delta": 1.868853}}
{"target": 0.6432156, "params": {"max_depth": 6.107938164921734, "min_child_weight": 9.402164227880943}, "datetime": {"datetime": "2020-04-24 23:27:22", "elapsed": 209.60002, "delta": 1.972346}}
{"target": 0.6432156, "params": {"max_depth": 5.786393265120314, "min_child_weight": 9.00944917317571}, "datetime": {"datetime": "2020-04-24 23:27:24", "elapsed": 211.638078, "delta": 2.038058}}
{"target": 0.6432156, "params": {"max_depth": 5.985473810172282, "min_child_weight": 9.281297604715547}, "datetime": {"datetime": "2020-04-24 23:27:26", "elapsed": 213.703438, "delta": 2.06536}}
{"target": 0.6432156, "params": {"max_depth": 5.895804880350161, "min_child_weight": 9.08692011531695}, "datetime": {"datetime": "2020-04-24 23:27:28", "elapsed": 215.728076, "delta": 2.024638}}
{"target": 0.6432156, "params": {"max_depth": 6.399031535883358, "min_child_weight": 9.215540060824814}, "datetime": {"datetime": "2020-04-24 23:27:30", "elapsed": 217.784877, "delta": 2.056801}}
{"target": 0.6432156, "params": {"max_depth": 6.292756394767817, "min_child_weight": 9.285282577939622}, "datetime": {"datetime": "2020-04-24 23:27:33", "elapsed": 219.928763, "delta": 2.143886}}
{"target": 0.6432156, "params": {"max_depth": 6.005509397517483, "min_child_weight": 9.360023822323624}, "datetime": {"datetime": "2020-04-24 23:27:34", "elapsed": 221.852563, "delta": 1.9238}}
{"target": 0.6432156, "params": {"max_depth": 5.960174166036237, "min_child_weight": 9.109246033750198}, "datetime": {"datetime": "2020-04-24 23:27:36", "elapsed": 223.794567, "delta": 1.942004}}
{"target": 0.6432156, "params": {"max_depth": 6.108710616460527, "min_child_weight": 9.081134128813634}, "datetime": {"datetime": "2020-04-24 23:27:39", "elapsed": 225.955604, "delta": 2.161037}}
{"target": 0.6432156, "params": {"max_depth": 5.926962102183585, "min_child_weight": 9.2989375730057}, "datetime": {"datetime": "2020-04-24 23:27:41", "elapsed": 228.05166, "delta": 2.096056}}
{"target": 0.6432156, "params": {"max_depth": 6.018682830406039, "min_child_weight": 9.248987987679063}, "datetime": {"datetime": "2020-04-24 23:27:43", "elapsed": 230.054261, "delta": 2.002601}}
{"target": 0.6432156, "params": {"max_depth": 5.913884530273254, "min_child_weight": 9.413521173313926}, "datetime": {"datetime": "2020-04-24 23:27:45", "elapsed": 232.213193, "delta": 2.158932}}
{"target": 0.6432156, "params": {"max_depth": 6.021744924438176, "min_child_weight": 9.33828506462874}, "datetime": {"datetime": "2020-04-24 23:27:47", "elapsed": 234.374299, "delta": 2.161106}}
{"target": 0.6432156, "params": {"max_depth": 6.089784398479649, "min_child_weight": 9.17834924736577}, "datetime": {"datetime": "2020-04-24 23:27:49", "elapsed": 236.64637, "delta": 2.272071}}
{"target": 0.6432156, "params": {"max_depth": 5.692874376114942, "min_child_weight": 9.14414424634145}, "datetime": {"datetime": "2020-04-24 23:27:51", "elapsed": 238.614118, "delta": 1.967748}}
{"target": 0.6432156, "params": {"max_depth": 5.909138529154428, "min_child_weight": 9.044915975507353}, "datetime": {"datetime": "2020-04-24 23:27:54", "elapsed": 241.205912, "delta": 2.591794}}
{"target": 0.6432156, "params": {"max_depth": 5.976331449865587, "min_child_weight": 9.133487030448176}, "datetime": {"datetime": "2020-04-24 23:27:56", "elapsed": 243.190621, "delta": 1.984709}}
{"target": 0.6432156, "params": {"max_depth": 5.985257749249745, "min_child_weight": 9.103296682051514}, "datetime": {"datetime": "2020-04-24 23:27:58", "elapsed": 245.354906, "delta": 2.164285}}
{"target": 0.6432156, "params": {"max_depth": 6.1017873292149, "min_child_weight": 9.183917140752072}, "datetime": {"datetime": "2020-04-24 23:28:00", "elapsed": 247.708917, "delta": 2.354011}}
{"target": 0.6432156, "params": {"max_depth": 6.003175121219929, "min_child_weight": 9.139339913827436}, "datetime": {"datetime": "2020-04-24 23:28:02", "elapsed": 249.625732, "delta": 1.916815}}
{"target": 0.6432156, "params": {"max_depth": 5.832349714861706, "min_child_weight": 9.00666483158581}, "datetime": {"datetime": "2020-04-24 23:28:04", "elapsed": 251.707277, "delta": 2.081545}}
{"target": 0.6432156, "params": {"max_depth": 5.86303973185126, "min_child_weight": 9.100914247428536}, "datetime": {"datetime": "2020-04-24 23:28:07", "elapsed": 254.062932, "delta": 2.355655}}
{"target": 0.6432156, "params": {"max_depth": 6.047073840087951, "min_child_weight": 9.240410745831936}, "datetime": {"datetime": "2020-04-24 23:28:09", "elapsed": 256.101905, "delta": 2.038973}}
{"target": 0.6432156, "params": {"max_depth": 6.143657944540403, "min_child_weight": 9.155784703632056}, "datetime": {"datetime": "2020-04-24 23:28:11", "elapsed": 258.477231, "delta": 2.375326}}
{"target": 0.6432156, "params": {"max_depth": 6.182540354101894, "min_child_weight": 9.169687009009195}, "datetime": {"datetime": "2020-04-24 23:28:13", "elapsed": 260.565653, "delta": 2.088422}}
{"target": 0.6432156, "params": {"max_depth": 5.808928307608095, "min_child_weight": 9.19974376419894}, "datetime": {"datetime": "2020-04-24 23:28:15", "elapsed": 262.699841, "delta": 2.134188}}
{"target": 0.6432156, "params": {"max_depth": 6.1306250749023015, "min_child_weight": 9.19343677468179}, "datetime": {"datetime": "2020-04-24 23:28:18", "elapsed": 264.919788, "delta": 2.219947}}
{"target": 0.6432156, "params": {"max_depth": 5.964430716000768, "min_child_weight": 9.162076196116388}, "datetime": {"datetime": "2020-04-24 23:28:20", "elapsed": 267.095804, "delta": 2.176016}}
{"target": 0.6432156, "params": {"max_depth": 5.998348367758085, "min_child_weight": 9.246784829888002}, "datetime": {"datetime": "2020-04-24 23:28:22", "elapsed": 269.253286, "delta": 2.157482}}
{"target": 0.6432156, "params": {"max_depth": 5.983459852842413, "min_child_weight": 9.032989123707566}, "datetime": {"datetime": "2020-04-24 23:28:24", "elapsed": 271.49311, "delta": 2.239824}}
{"target": 0.6432156, "params": {"max_depth": 6.477345075864677, "min_child_weight": 9.1832386613478}, "datetime": {"datetime": "2020-04-24 23:28:26", "elapsed": 273.587485, "delta": 2.094375}}
{"target": 0.6432156, "params": {"max_depth": 5.996354521675367, "min_child_weight": 9.109214126929807}, "datetime": {"datetime": "2020-04-24 23:28:29", "elapsed": 275.874821, "delta": 2.287336}}
{"target": 0.6432156, "params": {"max_depth": 6.00341681670266, "min_child_weight": 9.163159870495251}, "datetime": {"datetime": "2020-04-24 23:28:31", "elapsed": 278.06206, "delta": 2.187239}}
{"target": 0.6432156, "params": {"max_depth": 5.974986817690245, "min_child_weight": 9.339198468988034}, "datetime": {"datetime": "2020-04-24 23:28:33", "elapsed": 280.305725, "delta": 2.243665}}
{"target": 0.6432156, "params": {"max_depth": 6.116526722146657, "min_child_weight": 9.171692245381001}, "datetime": {"datetime": "2020-04-24 23:28:35", "elapsed": 282.498484, "delta": 2.192759}}
{"target": 0.6432156, "params": {"max_depth": 6.036981698848738, "min_child_weight": 9.385585450651364}, "datetime": {"datetime": "2020-04-24 23:28:37", "elapsed": 284.800688, "delta": 2.302204}}
{"target": 0.6432156, "params": {"max_depth": 6.150814618914582, "min_child_weight": 9.309924400267134}, "datetime": {"datetime": "2020-04-24 23:28:40", "elapsed": 287.142659, "delta": 2.341971}}
{"target": 0.6432156, "params": {"max_depth": 6.0623287116399975, "min_child_weight": 9.162657156800245}, "datetime": {"datetime": "2020-04-24 23:28:42", "elapsed": 289.351862, "delta": 2.209203}}
{"target": 0.6432156, "params": {"max_depth": 5.868451014883429, "min_child_weight": 9.200375153202502}, "datetime": {"datetime": "2020-04-24 23:28:44", "elapsed": 291.714589, "delta": 2.362727}}
{"target": 0.6432156, "params": {"max_depth": 6.07510113459195, "min_child_weight": 9.131935322775664}, "datetime": {"datetime": "2020-04-24 23:28:47", "elapsed": 294.157759, "delta": 2.44317}}
{"target": 0.6432156, "params": {"max_depth": 6.02052739696242, "min_child_weight": 9.287990355779197}, "datetime": {"datetime": "2020-04-24 23:28:49", "elapsed": 296.830458, "delta": 2.672699}}
{"target": 0.6432156, "params": {"max_depth": 5.892019023815907, "min_child_weight": 9.283828368565707}, "datetime": {"datetime": "2020-04-24 23:28:52", "elapsed": 299.097849, "delta": 2.267391}}
{"target": 0.6432156, "params": {"max_depth": 5.783621334244518, "min_child_weight": 9.241754142056879}, "datetime": {"datetime": "2020-04-24 23:28:54", "elapsed": 301.44353, "delta": 2.345681}}
{"target": 0.6432156, "params": {"max_depth": 6.331461461669008, "min_child_weight": 9.129977927721075}, "datetime": {"datetime": "2020-04-24 23:28:56", "elapsed": 303.790674, "delta": 2.347144}}
{"target": 0.6432156, "params": {"max_depth": 6.063738832911325, "min_child_weight": 9.195681862812933}, "datetime": {"datetime": "2020-04-24 23:28:59", "elapsed": 306.199779, "delta": 2.409105}}
{"target": 0.6432156, "params": {"max_depth": 6.301508598981982, "min_child_weight": 9.241340667717207}, "datetime": {"datetime": "2020-04-24 23:29:01", "elapsed": 308.629931, "delta": 2.430152}}
{"target": 0.6432156, "params": {"max_depth": 6.0358378445712155, "min_child_weight": 9.216739449227806}, "datetime": {"datetime": "2020-04-24 23:29:04", "elapsed": 310.996049, "delta": 2.366118}}
{"target": 0.6432156, "params": {"max_depth": 5.992071987205573, "min_child_weight": 9.071516770149028}, "datetime": {"datetime": "2020-04-24 23:29:06", "elapsed": 313.492492, "delta": 2.496443}}
{"target": 0.6432156, "params": {"max_depth": 5.922884618473585, "min_child_weight": 9.273060383645491}, "datetime": {"datetime": "2020-04-24 23:29:09", "elapsed": 316.064097, "delta": 2.571605}}
{"target": 0.6432156, "params": {"max_depth": 6.077512090458279, "min_child_weight": 9.317146075512014}, "datetime": {"datetime": "2020-04-24 23:29:11", "elapsed": 318.59556, "delta": 2.531463}}
{"target": 0.6432156, "params": {"max_depth": 6.1045149220752215, "min_child_weight": 9.083393603260854}, "datetime": {"datetime": "2020-04-24 23:29:14", "elapsed": 321.34441, "delta": 2.74885}}
{"target": 0.6432156, "params": {"max_depth": 6.032018945883046, "min_child_weight": 9.03012054086576}, "datetime": {"datetime": "2020-04-24 23:29:17", "elapsed": 323.996932, "delta": 2.652522}}
{"target": 0.6432156, "params": {"max_depth": 6.159492179822541, "min_child_weight": 9.133769818082147}, "datetime": {"datetime": "2020-04-24 23:29:19", "elapsed": 326.658486, "delta": 2.661554}}
{"target": 0.6432156, "params": {"max_depth": 5.91406863887618, "min_child_weight": 9.007514702896378}, "datetime": {"datetime": "2020-04-24 23:29:22", "elapsed": 329.014561, "delta": 2.356075}}
{"target": 0.6432156, "params": {"max_depth": 6.012341715617363, "min_child_weight": 9.130324036629174}, "datetime": {"datetime": "2020-04-24 23:29:25", "elapsed": 331.965483, "delta": 2.950922}}
{"target": 0.6432156, "params": {"max_depth": 5.823288792359836, "min_child_weight": 9.210047210139834}, "datetime": {"datetime": "2020-04-24 23:29:27", "elapsed": 334.724536, "delta": 2.759053}}
{"target": 0.6432156, "params": {"max_depth": 5.877846357115021, "min_child_weight": 9.040727642110573}, "datetime": {"datetime": "2020-04-24 23:29:30", "elapsed": 337.627706, "delta": 2.90317}}
{"target": 0.6432156, "params": {"max_depth": 6.070781078599591, "min_child_weight": 9.31141030080971}, "datetime": {"datetime": "2020-04-24 23:29:33", "elapsed": 340.730883, "delta": 3.103177}}
{"target": 0.6432156, "params": {"max_depth": 6.44742937212269, "min_child_weight": 9.233103699617269}, "datetime": {"datetime": "2020-04-24 23:29:36", "elapsed": 343.71718, "delta": 2.986297}}
{"target": 0.6432156, "params": {"max_depth": 5.791404467436789, "min_child_weight": 9.162724319178942}, "datetime": {"datetime": "2020-04-24 23:29:39", "elapsed": 346.52298, "delta": 2.8058}}
{"target": 0.6432156, "params": {"max_depth": 6.012810432104962, "min_child_weight": 9.37494369838287}, "datetime": {"datetime": "2020-04-24 23:29:42", "elapsed": 349.135227, "delta": 2.612247}}
{"target": 0.6432156, "params": {"max_depth": 5.888557820972183, "min_child_weight": 9.29182116316706}, "datetime": {"datetime": "2020-04-24 23:29:45", "elapsed": 351.98959, "delta": 2.854363}}
{"target": 0.6432156, "params": {"max_depth": 5.999623025905156, "min_child_weight": 9.150589159883916}, "datetime": {"datetime": "2020-04-24 23:29:47", "elapsed": 354.60258, "delta": 2.61299}}
{"target": 0.6432156, "params": {"max_depth": 6.232565156362009, "min_child_weight": 9.254087673160077}, "datetime": {"datetime": "2020-04-24 23:29:50", "elapsed": 357.501254, "delta": 2.898674}}
{"target": 0.6432156, "params": {"max_depth": 5.8466122768715145, "min_child_weight": 9.044724375261838}, "datetime": {"datetime": "2020-04-24 23:29:53", "elapsed": 360.377176, "delta": 2.875922}}
{"target": 0.6432156, "params": {"max_depth": 6.309513725455561, "min_child_weight": 9.196871746005217}, "datetime": {"datetime": "2020-04-24 23:29:56", "elapsed": 363.351869, "delta": 2.974693}}
{"target": 0.6432156, "params": {"max_depth": 6.263282050922745, "min_child_weight": 9.285887813293263}, "datetime": {"datetime": "2020-04-24 23:29:59", "elapsed": 366.169929, "delta": 2.81806}}
{"target": 0.6432156, "params": {"max_depth": 5.929854102240896, "min_child_weight": 9.21426866443237}, "datetime": {"datetime": "2020-04-24 23:30:02", "elapsed": 369.176136, "delta": 3.006207}}
{"target": 0.6432156, "params": {"max_depth": 5.742817387023257, "min_child_weight": 9.165499984375293}, "datetime": {"datetime": "2020-04-24 23:30:05", "elapsed": 372.422715, "delta": 3.246579}}
{"target": 0.6432156, "params": {"max_depth": 6.011549873484483, "min_child_weight": 9.21919788146153}, "datetime": {"datetime": "2020-04-24 23:30:08", "elapsed": 375.306566, "delta": 2.883851}}
{"target": 0.6432156, "params": {"max_depth": 5.936859827505368, "min_child_weight": 9.350264484110701}, "datetime": {"datetime": "2020-04-24 23:30:11", "elapsed": 378.096874, "delta": 2.790308}}
{"target": 0.6432156, "params": {"max_depth": 6.180365883397056, "min_child_weight": 9.352710924001164}, "datetime": {"datetime": "2020-04-24 23:30:14", "elapsed": 380.976168, "delta": 2.879294}}
{"target": 0.6432156, "params": {"max_depth": 6.170156247312188, "min_child_weight": 9.144219439067562}, "datetime": {"datetime": "2020-04-24 23:30:16", "elapsed": 383.69086, "delta": 2.714692}}
{"target": 0.6432156, "params": {"max_depth": 5.93913904784143, "min_child_weight": 9.146876546225256}, "datetime": {"datetime": "2020-04-24 23:30:19", "elapsed": 386.277534, "delta": 2.586674}}
{"target": 0.6432156, "params": {"max_depth": 6.217073431837255, "min_child_weight": 9.106285850271785}, "datetime": {"datetime": "2020-04-24 23:30:22", "elapsed": 389.293184, "delta": 3.01565}}
{"target": 0.6432156, "params": {"max_depth": 6.1586413748869635, "min_child_weight": 9.187178875441361}, "datetime": {"datetime": "2020-04-24 23:30:25", "elapsed": 392.106364, "delta": 2.81318}}
{"target": 0.6432156, "params": {"max_depth": 6.086052720284013, "min_child_weight": 9.295050459966088}, "datetime": {"datetime": "2020-04-24 23:30:28", "elapsed": 395.046622, "delta": 2.940258}}
{"target": 0.6432156, "params": {"max_depth": 5.890652220682732, "min_child_weight": 9.238421523820266}, "datetime": {"datetime": "2020-04-24 23:30:31", "elapsed": 397.99581, "delta": 2.949188}}
{"target": 0.6432156, "params": {"max_depth": 6.124601739416741, "min_child_weight": 9.222910577986596}, "datetime": {"datetime": "2020-04-24 23:30:34", "elapsed": 401.144733, "delta": 3.148923}}
{"target": 0.6432156, "params": {"max_depth": 6.240689564792389, "min_child_weight": 9.14503574732867}, "datetime": {"datetime": "2020-04-24 23:30:37", "elapsed": 404.062197, "delta": 2.917464}}
{"target": 0.6432156, "params": {"max_depth": 5.780226873986205, "min_child_weight": 9.11356967996143}, "datetime": {"datetime": "2020-04-24 23:30:40", "elapsed": 407.546415, "delta": 3.484218}}
{"target": 0.6432156, "params": {"max_depth": 5.989161247012277, "min_child_weight": 9.277478750313229}, "datetime": {"datetime": "2020-04-24 23:30:43", "elapsed": 410.536256, "delta": 2.989841}}
{"target": 0.6432156, "params": {"max_depth": 6.0132255787276225, "min_child_weight": 9.066972638235596}, "datetime": {"datetime": "2020-04-24 23:30:46", "elapsed": 413.744391, "delta": 3.208135}}
{"target": 0.6432156, "params": {"max_depth": 5.919147080336013, "min_child_weight": 9.208905795179604}, "datetime": {"datetime": "2020-04-24 23:30:49", "elapsed": 416.675112, "delta": 2.930721}}
{"target": 0.6432156, "params": {"max_depth": 5.906661045578884, "min_child_weight": 9.148188758357888}, "datetime": {"datetime": "2020-04-24 23:30:53", "elapsed": 419.881638, "delta": 3.206526}}
{"target": 0.6432156, "params": {"max_depth": 5.915756611138052, "min_child_weight": 9.166393512613732}, "datetime": {"datetime": "2020-04-24 23:30:55", "elapsed": 422.748732, "delta": 2.867094}}
{"target": 0.6432156, "params": {"max_depth": 5.835032146668128, "min_child_weight": 9.167952381542781}, "datetime": {"datetime": "2020-04-24 23:30:59", "elapsed": 426.164366, "delta": 3.415634}}
{"target": 0.6432156, "params": {"max_depth": 6.218537242374721, "min_child_weight": 9.289043964936067}, "datetime": {"datetime": "2020-04-24 23:31:02", "elapsed": 429.663438, "delta": 3.499072}}
