{"target": 0.6216695999999999, "params": {"alpha": 0.17967233063479537, "colsample_bytree": 0.8231976675666546, "lam": 0.9991957939543563, "max_depth": 5.0, "min_child_weight": 3.0, "subsample": 0.5000070371483233}, "datetime": {"datetime": "2020-04-25 00:25:22", "elapsed": 1983.938645, "delta": 9.19855}}
{"target": 0.6325912, "params": {"alpha": 0.17967233063479537, "colsample_bytree": 0.8586056430343358, "lam": 0.9991957939543563, "max_depth": 5.0, "min_child_weight": 3.0, "subsample": 0.7297354708850899}, "datetime": {"datetime": "2020-04-25 00:25:31", "elapsed": 1992.789113, "delta": 8.850468}}
