{"target": 0.6333884000000001, "params": {"alpha": 0.017800763284018917, "colsample_bytree": 0.804409138628345, "lam": 0.9913413016070767, "max_depth": 6.0, "min_child_weight": 9.0, "subsample": 0.8979339200524113}, "datetime": {"datetime": "2020-04-24 23:45:03", "elapsed": 1270.269834, "delta": 1.68063}}
{"target": 0.6295711999999999, "params": {"alpha": 0.017800763284018917, "colsample_bytree": 0.7386719389880231, "lam": 0.9913413016070767, "max_depth": 6.0, "min_child_weight": 9.0, "subsample": 0.8876900415105806}, "datetime": {"datetime": "2020-04-24 23:45:05", "elapsed": 1272.830089, "delta": 2.560255}}
{"target": 0.5929412, "params": {"alpha": 0.017800763284018917, "colsample_bytree": 0.5360216167189389, "lam": 0.9913413016070767, "max_depth": 6.0, "min_child_weight": 9.0, "subsample": 0.547633070401587}, "datetime": {"datetime": "2020-04-24 23:45:08", "elapsed": 1274.92273, "delta": 2.092641}}
{"target": 0.6296672, "params": {"alpha": 0.017800763284018917, "colsample_bytree": 0.7299658458731466, "lam": 0.9913413016070767, "max_depth": 6.0, "min_child_weight": 9.0, "subsample": 0.762644178572883}, "datetime": {"datetime": "2020-04-24 23:45:09", "elapsed": 1276.815812, "delta": 1.893082}}
{"target": 0.6357822000000001, "params": {"alpha": 0.017800763284018917, "colsample_bytree": 0.752999115836992, "lam": 0.9913413016070767, "max_depth": 6.0, "min_child_weight": 9.0, "subsample": 0.522278510812971}, "datetime": {"datetime": "2020-04-24 23:45:11", "elapsed": 1278.73864, "delta": 1.922828}}
{"target": 0.6409102, "params": {"alpha": 0.017800763284018917, "colsample_bytree": 0.7752425801027814, "lam": 0.9913413016070767, "max_depth": 6.0, "min_child_weight": 9.0, "subsample": 0.8637619235536472}, "datetime": {"datetime": "2020-04-24 23:45:14", "elapsed": 1281.315907, "delta": 2.577267}}
{"target": 0.6295572, "params": {"alpha": 0.017800763284018917, "colsample_bytree": 0.8250819578862176, "lam": 0.9913413016070767, "max_depth": 6.0, "min_child_weight": 9.0, "subsample": 0.7432699949190368}, "datetime": {"datetime": "2020-04-24 23:45:15", "elapsed": 1282.778202, "delta": 1.462295}}
{"target": 0.6285725999999999, "params": {"alpha": 0.017800763284018917, "colsample_bytree": 0.863187975694421, "lam": 0.9913413016070767, "max_depth": 6.0, "min_child_weight": 9.0, "subsample": 0.7111865386951386}, "datetime": {"datetime": "2020-04-24 23:45:18", "elapsed": 1285.10218, "delta": 2.323978}}
{"target": 0.6361876, "params": {"alpha": 0.017800763284018917, "colsample_bytree": 0.8396796387636787, "lam": 0.9913413016070767, "max_depth": 6.0, "min_child_weight": 9.0, "subsample": 0.8021353678923449}, "datetime": {"datetime": "2020-04-24 23:45:20", "elapsed": 1287.201835, "delta": 2.099655}}
{"target": 0.6335767999999999, "params": {"alpha": 0.017800763284018917, "colsample_bytree": 0.7058546174373659, "lam": 0.9913413016070767, "max_depth": 6.0, "min_child_weight": 9.0, "subsample": 0.7016566114453079}, "datetime": {"datetime": "2020-04-24 23:45:22", "elapsed": 1288.97853, "delta": 1.776695}}
{"target": 0.6321300000000001, "params": {"alpha": 0.017800763284018917, "colsample_bytree": 0.6603292597944745, "lam": 0.9913413016070767, "max_depth": 6.0, "min_child_weight": 9.0, "subsample": 0.537225245202292}, "datetime": {"datetime": "2020-04-24 23:45:24", "elapsed": 1291.138181, "delta": 2.159651}}
{"target": 0.6254194, "params": {"alpha": 0.017800763284018917, "colsample_bytree": 0.5794430285792552, "lam": 0.9913413016070767, "max_depth": 6.0, "min_child_weight": 9.0, "subsample": 0.8611694549593183}, "datetime": {"datetime": "2020-04-24 23:45:26", "elapsed": 1293.555949, "delta": 2.417768}}
{"target": 0.6416105999999999, "params": {"alpha": 0.017800763284018917, "colsample_bytree": 0.7339267936567737, "lam": 0.9913413016070767, "max_depth": 6.0, "min_child_weight": 9.0, "subsample": 0.8594436908504501}, "datetime": {"datetime": "2020-04-24 23:45:28", "elapsed": 1295.223316, "delta": 1.667367}}
{"target": 0.6318439999999999, "params": {"alpha": 0.017800763284018917, "colsample_bytree": 0.7564845768525199, "lam": 0.9913413016070767, "max_depth": 6.0, "min_child_weight": 9.0, "subsample": 0.5002314818948822}, "datetime": {"datetime": "2020-04-24 23:45:30", "elapsed": 1297.3701, "delta": 2.146784}}
{"target": 0.6233980000000001, "params": {"alpha": 0.017800763284018917, "colsample_bytree": 0.8327107523857471, "lam": 0.9913413016070767, "max_depth": 6.0, "min_child_weight": 9.0, "subsample": 0.6173997983057434}, "datetime": {"datetime": "2020-04-24 23:45:32", "elapsed": 1299.597677, "delta": 2.227577}}
{"target": 0.6391996000000001, "params": {"alpha": 0.017800763284018917, "colsample_bytree": 0.8998985045987888, "lam": 0.9913413016070767, "max_depth": 6.0, "min_child_weight": 9.0, "subsample": 0.5946589852161046}, "datetime": {"datetime": "2020-04-24 23:45:35", "elapsed": 1302.172879, "delta": 2.575202}}
{"target": 0.6435966, "params": {"alpha": 0.017800763284018917, "colsample_bytree": 0.8994390370258516, "lam": 0.9913413016070767, "max_depth": 6.0, "min_child_weight": 9.0, "subsample": 0.8145895179098135}, "datetime": {"datetime": "2020-04-24 23:45:38", "elapsed": 1305.410648, "delta": 3.237769}}
{"target": 0.6357528, "params": {"alpha": 0.017800763284018917, "colsample_bytree": 0.8047437353414802, "lam": 0.9913413016070767, "max_depth": 6.0, "min_child_weight": 9.0, "subsample": 0.8621654763931943}, "datetime": {"datetime": "2020-04-24 23:45:40", "elapsed": 1307.830177, "delta": 2.419529}}
{"target": 0.5849314, "params": {"alpha": 0.017800763284018917, "colsample_bytree": 0.5001016504925664, "lam": 0.9913413016070767, "max_depth": 6.0, "min_child_weight": 9.0, "subsample": 0.6423580135398683}, "datetime": {"datetime": "2020-04-24 23:45:43", "elapsed": 1309.94807, "delta": 2.117893}}
{"target": 0.6350836, "params": {"alpha": 0.017800763284018917, "colsample_bytree": 0.7019828878509751, "lam": 0.9913413016070767, "max_depth": 6.0, "min_child_weight": 9.0, "subsample": 0.8622219673100122}, "datetime": {"datetime": "2020-04-24 23:45:45", "elapsed": 1312.035414, "delta": 2.087344}}
{"target": 0.6053803999999999, "params": {"alpha": 0.017800763284018917, "colsample_bytree": 0.5329067540579161, "lam": 0.9913413016070767, "max_depth": 6.0, "min_child_weight": 9.0, "subsample": 0.7004008200779563}, "datetime": {"datetime": "2020-04-24 23:45:48", "elapsed": 1315.15324, "delta": 3.117826}}
{"target": 0.6220036, "params": {"alpha": 0.017800763284018917, "colsample_bytree": 0.8330919786050518, "lam": 0.9913413016070767, "max_depth": 6.0, "min_child_weight": 9.0, "subsample": 0.6941857293110107}, "datetime": {"datetime": "2020-04-24 23:45:51", "elapsed": 1318.145536, "delta": 2.992296}}
{"target": 0.6396194000000001, "params": {"alpha": 0.017800763284018917, "colsample_bytree": 0.8078437135048647, "lam": 0.9913413016070767, "max_depth": 6.0, "min_child_weight": 9.0, "subsample": 0.7191025403804587}, "datetime": {"datetime": "2020-04-24 23:45:53", "elapsed": 1320.533703, "delta": 2.388167}}
{"target": 0.6326088, "params": {"alpha": 0.017800763284018917, "colsample_bytree": 0.8214698979917814, "lam": 0.9913413016070767, "max_depth": 6.0, "min_child_weight": 9.0, "subsample": 0.5000826596431689}, "datetime": {"datetime": "2020-04-24 23:45:56", "elapsed": 1323.130047, "delta": 2.596344}}
{"target": 0.6417192, "params": {"alpha": 0.017800763284018917, "colsample_bytree": 0.7742427777305232, "lam": 0.9913413016070767, "max_depth": 6.0, "min_child_weight": 9.0, "subsample": 0.7313852283056729}, "datetime": {"datetime": "2020-04-24 23:45:59", "elapsed": 1325.981574, "delta": 2.851527}}
{"target": 0.6375512000000001, "params": {"alpha": 0.017800763284018917, "colsample_bytree": 0.6880209511853033, "lam": 0.9913413016070767, "max_depth": 6.0, "min_child_weight": 9.0, "subsample": 0.8964537689868728}, "datetime": {"datetime": "2020-04-24 23:46:01", "elapsed": 1328.177785, "delta": 2.196211}}
{"target": 0.6391356, "params": {"alpha": 0.017800763284018917, "colsample_bytree": 0.7749994293232925, "lam": 0.9913413016070767, "max_depth": 6.0, "min_child_weight": 9.0, "subsample": 0.883234842853541}, "datetime": {"datetime": "2020-04-24 23:46:03", "elapsed": 1330.458066, "delta": 2.280281}}
{"target": 0.639369, "params": {"alpha": 0.017800763284018917, "colsample_bytree": 0.8103619061234246, "lam": 0.9913413016070767, "max_depth": 6.0, "min_child_weight": 9.0, "subsample": 0.787541143107467}, "datetime": {"datetime": "2020-04-24 23:46:05", "elapsed": 1332.47685, "delta": 2.018784}}
{"target": 0.6326799999999999, "params": {"alpha": 0.017800763284018917, "colsample_bytree": 0.7734077145168234, "lam": 0.9913413016070767, "max_depth": 6.0, "min_child_weight": 9.0, "subsample": 0.7621293575451522}, "datetime": {"datetime": "2020-04-24 23:46:08", "elapsed": 1335.08052, "delta": 2.60367}}
{"target": 0.636277, "params": {"alpha": 0.017800763284018917, "colsample_bytree": 0.6850113902240095, "lam": 0.9913413016070767, "max_depth": 6.0, "min_child_weight": 9.0, "subsample": 0.5709470573656572}, "datetime": {"datetime": "2020-04-24 23:46:10", "elapsed": 1337.729531, "delta": 2.649011}}
{"target": 0.630899, "params": {"alpha": 0.017800763284018917, "colsample_bytree": 0.7909903723219005, "lam": 0.9913413016070767, "max_depth": 6.0, "min_child_weight": 9.0, "subsample": 0.5218064476697399}, "datetime": {"datetime": "2020-04-24 23:46:13", "elapsed": 1340.683648, "delta": 2.954117}}
{"target": 0.637764, "params": {"alpha": 0.017800763284018917, "colsample_bytree": 0.7364896349464678, "lam": 0.9913413016070767, "max_depth": 6.0, "min_child_weight": 9.0, "subsample": 0.8301712588588299}, "datetime": {"datetime": "2020-04-24 23:46:16", "elapsed": 1343.260179, "delta": 2.576531}}
{"target": 0.626946, "params": {"alpha": 0.017800763284018917, "colsample_bytree": 0.6362216239891028, "lam": 0.9913413016070767, "max_depth": 6.0, "min_child_weight": 9.0, "subsample": 0.7809174893268838}, "datetime": {"datetime": "2020-04-24 23:46:18", "elapsed": 1345.547197, "delta": 2.287018}}
{"target": 0.6386008, "params": {"alpha": 0.017800763284018917, "colsample_bytree": 0.7830201733423554, "lam": 0.9913413016070767, "max_depth": 6.0, "min_child_weight": 9.0, "subsample": 0.8271653117478399}, "datetime": {"datetime": "2020-04-24 23:46:20", "elapsed": 1347.743873, "delta": 2.196676}}
{"target": 0.62195, "params": {"alpha": 0.017800763284018917, "colsample_bytree": 0.8106296289943224, "lam": 0.9913413016070767, "max_depth": 6.0, "min_child_weight": 9.0, "subsample": 0.5608104039976183}, "datetime": {"datetime": "2020-04-24 23:46:23", "elapsed": 1350.506164, "delta": 2.762291}}
{"target": 0.6131852, "params": {"alpha": 0.017800763284018917, "colsample_bytree": 0.555170062213838, "lam": 0.9913413016070767, "max_depth": 6.0, "min_child_weight": 9.0, "subsample": 0.7809169510030752}, "datetime": {"datetime": "2020-04-24 23:46:26", "elapsed": 1352.978336, "delta": 2.472172}}
{"target": 0.6251431999999999, "params": {"alpha": 0.017800763284018917, "colsample_bytree": 0.8995443235416302, "lam": 0.9913413016070767, "max_depth": 6.0, "min_child_weight": 9.0, "subsample": 0.7409136639711413}, "datetime": {"datetime": "2020-04-24 23:46:28", "elapsed": 1355.070189, "delta": 2.091853}}
{"target": 0.6277704, "params": {"alpha": 0.017800763284018917, "colsample_bytree": 0.8997796711721531, "lam": 0.9913413016070767, "max_depth": 6.0, "min_child_weight": 9.0, "subsample": 0.7718821792681307}, "datetime": {"datetime": "2020-04-24 23:46:31", "elapsed": 1358.117023, "delta": 3.046834}}
{"target": 0.6130784, "params": {"alpha": 0.017800763284018917, "colsample_bytree": 0.6175525317202266, "lam": 0.9913413016070767, "max_depth": 6.0, "min_child_weight": 9.0, "subsample": 0.6613893247633452}, "datetime": {"datetime": "2020-04-24 23:46:33", "elapsed": 1360.820611, "delta": 2.703588}}
{"target": 0.6317956, "params": {"alpha": 0.017800763284018917, "colsample_bytree": 0.881563529784051, "lam": 0.9913413016070767, "max_depth": 6.0, "min_child_weight": 9.0, "subsample": 0.8023382180401095}, "datetime": {"datetime": "2020-04-24 23:46:36", "elapsed": 1363.062599, "delta": 2.241988}}
{"target": 0.6155653999999999, "params": {"alpha": 0.017800763284018917, "colsample_bytree": 0.59487818356152, "lam": 0.9913413016070767, "max_depth": 6.0, "min_child_weight": 9.0, "subsample": 0.8302497228380966}, "datetime": {"datetime": "2020-04-24 23:46:39", "elapsed": 1366.426927, "delta": 3.364328}}
{"target": 0.6236917999999999, "params": {"alpha": 0.017800763284018917, "colsample_bytree": 0.8998582454557693, "lam": 0.9913413016070767, "max_depth": 6.0, "min_child_weight": 9.0, "subsample": 0.5290953328710379}, "datetime": {"datetime": "2020-04-24 23:46:42", "elapsed": 1369.356176, "delta": 2.929249}}
{"target": 0.6093266, "params": {"alpha": 0.017800763284018917, "colsample_bytree": 0.560632643199324, "lam": 0.9913413016070767, "max_depth": 6.0, "min_child_weight": 9.0, "subsample": 0.8993849447504105}, "datetime": {"datetime": "2020-04-24 23:46:45", "elapsed": 1372.630973, "delta": 3.274797}}
{"target": 0.6250439999999999, "params": {"alpha": 0.017800763284018917, "colsample_bytree": 0.6400723125432611, "lam": 0.9913413016070767, "max_depth": 6.0, "min_child_weight": 9.0, "subsample": 0.5632934162584885}, "datetime": {"datetime": "2020-04-24 23:46:48", "elapsed": 1375.281911, "delta": 2.650938}}
{"target": 0.6298818, "params": {"alpha": 0.017800763284018917, "colsample_bytree": 0.7451561512844694, "lam": 0.9913413016070767, "max_depth": 6.0, "min_child_weight": 9.0, "subsample": 0.5500325874340476}, "datetime": {"datetime": "2020-04-24 23:46:51", "elapsed": 1378.088787, "delta": 2.806876}}
{"target": 0.6321071999999999, "params": {"alpha": 0.017800763284018917, "colsample_bytree": 0.774590972279377, "lam": 0.9913413016070767, "max_depth": 6.0, "min_child_weight": 9.0, "subsample": 0.6700947672596798}, "datetime": {"datetime": "2020-04-24 23:46:54", "elapsed": 1380.866087, "delta": 2.7773}}
{"target": 0.6304708000000001, "params": {"alpha": 0.017800763284018917, "colsample_bytree": 0.7593026832671841, "lam": 0.9913413016070767, "max_depth": 6.0, "min_child_weight": 9.0, "subsample": 0.7069863874698877}, "datetime": {"datetime": "2020-04-24 23:46:56", "elapsed": 1383.327309, "delta": 2.461222}}
{"target": 0.6319397999999999, "params": {"alpha": 0.017800763284018917, "colsample_bytree": 0.8718057421790919, "lam": 0.9913413016070767, "max_depth": 6.0, "min_child_weight": 9.0, "subsample": 0.6262884885969415}, "datetime": {"datetime": "2020-04-24 23:46:59", "elapsed": 1386.076647, "delta": 2.749338}}
{"target": 0.6309476, "params": {"alpha": 0.017800763284018917, "colsample_bytree": 0.8530210904148516, "lam": 0.9913413016070767, "max_depth": 6.0, "min_child_weight": 9.0, "subsample": 0.5502034689019205}, "datetime": {"datetime": "2020-04-24 23:47:02", "elapsed": 1388.903111, "delta": 2.826464}}
{"target": 0.630918, "params": {"alpha": 0.017800763284018917, "colsample_bytree": 0.6306842227880429, "lam": 0.9913413016070767, "max_depth": 6.0, "min_child_weight": 9.0, "subsample": 0.8992887812222844}, "datetime": {"datetime": "2020-04-24 23:47:05", "elapsed": 1392.30974, "delta": 3.406629}}
{"target": 0.6228353999999999, "params": {"alpha": 0.017800763284018917, "colsample_bytree": 0.7010830090267197, "lam": 0.9913413016070767, "max_depth": 6.0, "min_child_weight": 9.0, "subsample": 0.6541277461793894}, "datetime": {"datetime": "2020-04-24 23:47:08", "elapsed": 1395.143391, "delta": 2.833651}}
{"target": 0.6362118000000001, "params": {"alpha": 0.017800763284018917, "colsample_bytree": 0.6875164290532281, "lam": 0.9913413016070767, "max_depth": 6.0, "min_child_weight": 9.0, "subsample": 0.5950745626195348}, "datetime": {"datetime": "2020-04-24 23:47:10", "elapsed": 1397.018381, "delta": 1.87499}}
{"target": 0.6356086, "params": {"alpha": 0.017800763284018917, "colsample_bytree": 0.676414974651629, "lam": 0.9913413016070767, "max_depth": 6.0, "min_child_weight": 9.0, "subsample": 0.696199267288094}, "datetime": {"datetime": "2020-04-24 23:47:12", "elapsed": 1399.822956, "delta": 2.804575}}
{"target": 0.6467672, "params": {"alpha": 0.017800763284018917, "colsample_bytree": 0.656195994035395, "lam": 0.9913413016070767, "max_depth": 6.0, "min_child_weight": 9.0, "subsample": 0.6283312347519423}, "datetime": {"datetime": "2020-04-24 23:47:15", "elapsed": 1402.101521, "delta": 2.278565}}
{"target": 0.6028157999999999, "params": {"alpha": 0.017800763284018917, "colsample_bytree": 0.5385809611787109, "lam": 0.9913413016070767, "max_depth": 6.0, "min_child_weight": 9.0, "subsample": 0.5877509762239115}, "datetime": {"datetime": "2020-04-24 23:47:18", "elapsed": 1405.016742, "delta": 2.915221}}
{"target": 0.6329268, "params": {"alpha": 0.017800763284018917, "colsample_bytree": 0.6606405096776387, "lam": 0.9913413016070767, "max_depth": 6.0, "min_child_weight": 9.0, "subsample": 0.6392719142595975}, "datetime": {"datetime": "2020-04-24 23:47:20", "elapsed": 1407.827658, "delta": 2.810916}}
{"target": 0.6406926000000001, "params": {"alpha": 0.017800763284018917, "colsample_bytree": 0.6611281904494304, "lam": 0.9913413016070767, "max_depth": 6.0, "min_child_weight": 9.0, "subsample": 0.6178355669672645}, "datetime": {"datetime": "2020-04-24 23:47:23", "elapsed": 1410.446457, "delta": 2.618799}}
{"target": 0.6308448, "params": {"alpha": 0.017800763284018917, "colsample_bytree": 0.8864621823413587, "lam": 0.9913413016070767, "max_depth": 6.0, "min_child_weight": 9.0, "subsample": 0.7073781540462738}, "datetime": {"datetime": "2020-04-24 23:47:26", "elapsed": 1412.870969, "delta": 2.424512}}
{"target": 0.6351397999999999, "params": {"alpha": 0.017800763284018917, "colsample_bytree": 0.7763145316523063, "lam": 0.9913413016070767, "max_depth": 6.0, "min_child_weight": 9.0, "subsample": 0.5935148890987648}, "datetime": {"datetime": "2020-04-24 23:47:28", "elapsed": 1415.738826, "delta": 2.867857}}
{"target": 0.626297, "params": {"alpha": 0.017800763284018917, "colsample_bytree": 0.6436189644042885, "lam": 0.9913413016070767, "max_depth": 6.0, "min_child_weight": 9.0, "subsample": 0.6345833199376738}, "datetime": {"datetime": "2020-04-24 23:47:31", "elapsed": 1418.055892, "delta": 2.317066}}
{"target": 0.629133, "params": {"alpha": 0.017800763284018917, "colsample_bytree": 0.6186962312224952, "lam": 0.9913413016070767, "max_depth": 6.0, "min_child_weight": 9.0, "subsample": 0.6987494346680854}, "datetime": {"datetime": "2020-04-24 23:47:34", "elapsed": 1421.321076, "delta": 3.265184}}
{"target": 0.6159198, "params": {"alpha": 0.017800763284018917, "colsample_bytree": 0.6123054477685347, "lam": 0.9913413016070767, "max_depth": 6.0, "min_child_weight": 9.0, "subsample": 0.5875186909135127}, "datetime": {"datetime": "2020-04-24 23:47:37", "elapsed": 1424.346269, "delta": 3.025193}}
{"target": 0.6266844, "params": {"alpha": 0.017800763284018917, "colsample_bytree": 0.8454930871876458, "lam": 0.9913413016070767, "max_depth": 6.0, "min_child_weight": 9.0, "subsample": 0.5192640523311989}, "datetime": {"datetime": "2020-04-24 23:47:39", "elapsed": 1426.729947, "delta": 2.383678}}
{"target": 0.5799445999999999, "params": {"alpha": 0.017800763284018917, "colsample_bytree": 0.5, "lam": 0.9913413016070767, "max_depth": 6.0, "min_child_weight": 9.0, "subsample": 0.5404349823568335}, "datetime": {"datetime": "2020-04-24 23:47:42", "elapsed": 1428.994831, "delta": 2.264884}}
{"target": 0.634561, "params": {"alpha": 0.017800763284018917, "colsample_bytree": 0.6446219546228715, "lam": 0.9913413016070767, "max_depth": 6.0, "min_child_weight": 9.0, "subsample": 0.8799097704319432}, "datetime": {"datetime": "2020-04-24 23:47:45", "elapsed": 1432.365394, "delta": 3.370563}}
{"target": 0.6381604, "params": {"alpha": 0.017800763284018917, "colsample_bytree": 0.6909497947458727, "lam": 0.9913413016070767, "max_depth": 6.0, "min_child_weight": 9.0, "subsample": 0.5185062555088099}, "datetime": {"datetime": "2020-04-24 23:47:48", "elapsed": 1435.174244, "delta": 2.80885}}
{"target": 0.6364066, "params": {"alpha": 0.017800763284018917, "colsample_bytree": 0.8781257453248044, "lam": 0.9913413016070767, "max_depth": 6.0, "min_child_weight": 9.0, "subsample": 0.8688949524174596}, "datetime": {"datetime": "2020-04-24 23:47:51", "elapsed": 1437.882474, "delta": 2.70823}}
{"target": 0.628097, "params": {"alpha": 0.017800763284018917, "colsample_bytree": 0.7102640626724922, "lam": 0.9913413016070767, "max_depth": 6.0, "min_child_weight": 9.0, "subsample": 0.7442880241634782}, "datetime": {"datetime": "2020-04-24 23:47:53", "elapsed": 1440.646369, "delta": 2.763895}}
{"target": 0.646732, "params": {"alpha": 0.017800763284018917, "colsample_bytree": 0.7416459683683443, "lam": 0.9913413016070767, "max_depth": 6.0, "min_child_weight": 9.0, "subsample": 0.796208603349804}, "datetime": {"datetime": "2020-04-24 23:47:56", "elapsed": 1443.585017, "delta": 2.938648}}
{"target": 0.6418288, "params": {"alpha": 0.017800763284018917, "colsample_bytree": 0.6691028921654087, "lam": 0.9913413016070767, "max_depth": 6.0, "min_child_weight": 9.0, "subsample": 0.7810463145926241}, "datetime": {"datetime": "2020-04-24 23:48:00", "elapsed": 1447.823423, "delta": 4.238406}}
{"target": 0.6398258, "params": {"alpha": 0.017800763284018917, "colsample_bytree": 0.6564481677858357, "lam": 0.9913413016070767, "max_depth": 6.0, "min_child_weight": 9.0, "subsample": 0.8484075026999521}, "datetime": {"datetime": "2020-04-24 23:48:03", "elapsed": 1450.839558, "delta": 3.016135}}
{"target": 0.631176, "params": {"alpha": 0.017800763284018917, "colsample_bytree": 0.8120334170871291, "lam": 0.9913413016070767, "max_depth": 6.0, "min_child_weight": 9.0, "subsample": 0.7684285300369885}, "datetime": {"datetime": "2020-04-24 23:48:06", "elapsed": 1453.254917, "delta": 2.415359}}
