{"target": 0.6484144, "params": {"max_depth": 5.044258005619561, "min_child_weight": 2.9767096551062036}, "datetime": {"datetime": "2020-04-27 10:31:37", "elapsed": 195.049789, "delta": 2.044546}}
{"target": 0.6484144, "params": {"max_depth": 5.2467579996668325, "min_child_weight": 3.0265787863638915}, "datetime": {"datetime": "2020-04-27 10:31:39", "elapsed": 197.182373, "delta": 2.132584}}
{"target": 0.6484144, "params": {"max_depth": 5.177228210241289, "min_child_weight": 2.925624191751857}, "datetime": {"datetime": "2020-04-27 10:31:41", "elapsed": 199.197605, "delta": 2.015232}}
{"target": 0.6484144, "params": {"max_depth": 5.1262418578878375, "min_child_weight": 3.04056152820048}, "datetime": {"datetime": "2020-04-27 10:31:43", "elapsed": 201.315993, "delta": 2.118388}}
{"target": 0.6484144, "params": {"max_depth": 5.171989013167696, "min_child_weight": 2.931679251735851}, "datetime": {"datetime": "2020-04-27 10:31:45", "elapsed": 203.499876, "delta": 2.183883}}
{"target": 0.6484144, "params": {"max_depth": 5.153931911702989, "min_child_weight": 2.89037381817033}, "datetime": {"datetime": "2020-04-27 10:31:47", "elapsed": 205.739481, "delta": 2.239605}}
{"target": 0.6484144, "params": {"max_depth": 5.169490434685789, "min_child_weight": 2.9812097091252516}, "datetime": {"datetime": "2020-04-27 10:31:50", "elapsed": 207.807925, "delta": 2.068444}}
{"target": 0.6484144, "params": {"max_depth": 5.174186035258991, "min_child_weight": 2.897903285873264}, "datetime": {"datetime": "2020-04-27 10:31:52", "elapsed": 210.086415, "delta": 2.27849}}
{"target": 0.6484144, "params": {"max_depth": 5.098624813957091, "min_child_weight": 2.9506639752550297}, "datetime": {"datetime": "2020-04-27 10:31:54", "elapsed": 212.128099, "delta": 2.041684}}
{"target": 0.6484144, "params": {"max_depth": 5.09832063611825, "min_child_weight": 2.9590367518407508}, "datetime": {"datetime": "2020-04-27 10:31:56", "elapsed": 214.355514, "delta": 2.227415}}
{"target": 0.6484144, "params": {"max_depth": 5.082472100143471, "min_child_weight": 2.999710821451099}, "datetime": {"datetime": "2020-04-27 10:31:58", "elapsed": 216.322759, "delta": 1.967245}}
{"target": 0.6484144, "params": {"max_depth": 5.205406777363695, "min_child_weight": 3.0516307083604266}, "datetime": {"datetime": "2020-04-27 10:32:00", "elapsed": 218.487248, "delta": 2.164489}}
{"target": 0.6484144, "params": {"max_depth": 5.089719714299646, "min_child_weight": 2.9256509435861866}, "datetime": {"datetime": "2020-04-27 10:32:02", "elapsed": 220.749975, "delta": 2.262727}}
{"target": 0.6484144, "params": {"max_depth": 5.226653659380901, "min_child_weight": 3.0016936740083935}, "datetime": {"datetime": "2020-04-27 10:32:05", "elapsed": 222.883144, "delta": 2.133169}}
{"target": 0.6484144, "params": {"max_depth": 5.087622952137973, "min_child_weight": 2.961962835885306}, "datetime": {"datetime": "2020-04-27 10:32:07", "elapsed": 225.271055, "delta": 2.387911}}
{"target": 0.6484144, "params": {"max_depth": 5.220950579073648, "min_child_weight": 2.947150189381323}, "datetime": {"datetime": "2020-04-27 10:32:09", "elapsed": 227.602313, "delta": 2.331258}}
{"target": 0.6484144, "params": {"max_depth": 5.162670515786468, "min_child_weight": 2.9055107808273113}, "datetime": {"datetime": "2020-04-27 10:32:11", "elapsed": 229.609049, "delta": 2.006736}}
{"target": 0.6484144, "params": {"max_depth": 5.14620191546852, "min_child_weight": 2.9074069368697852}, "datetime": {"datetime": "2020-04-27 10:32:13", "elapsed": 231.72454, "delta": 2.115491}}
{"target": 0.6484144, "params": {"max_depth": 5.127894695664624, "min_child_weight": 2.9785341831527603}, "datetime": {"datetime": "2020-04-27 10:32:16", "elapsed": 234.124757, "delta": 2.400217}}
{"target": 0.6484144, "params": {"max_depth": 5.085933129088739, "min_child_weight": 2.9514959743663396}, "datetime": {"datetime": "2020-04-27 10:32:18", "elapsed": 236.301981, "delta": 2.177224}}
{"target": 0.6484144, "params": {"max_depth": 5.0972998565872025, "min_child_weight": 3.000802792921818}, "datetime": {"datetime": "2020-04-27 10:32:20", "elapsed": 238.553534, "delta": 2.251553}}
{"target": 0.6484144, "params": {"max_depth": 5.106201410608405, "min_child_weight": 3.0422851052068833}, "datetime": {"datetime": "2020-04-27 10:32:22", "elapsed": 240.563782, "delta": 2.010248}}
{"target": 0.6484144, "params": {"max_depth": 5.175501870952269, "min_child_weight": 2.908521704087506}, "datetime": {"datetime": "2020-04-27 10:32:24", "elapsed": 242.722529, "delta": 2.158747}}
{"target": 0.6484144, "params": {"max_depth": 5.073430100141168, "min_child_weight": 3.034555860129595}, "datetime": {"datetime": "2020-04-27 10:32:27", "elapsed": 245.198886, "delta": 2.476357}}
{"target": 0.6484144, "params": {"max_depth": 5.182775724667865, "min_child_weight": 2.993864360892985}, "datetime": {"datetime": "2020-04-27 10:32:29", "elapsed": 247.655517, "delta": 2.456631}}
{"target": 0.6484144, "params": {"max_depth": 5.144840046733869, "min_child_weight": 2.9772061659891507}, "datetime": {"datetime": "2020-04-27 10:32:32", "elapsed": 250.068332, "delta": 2.412815}}
{"target": 0.6484144, "params": {"max_depth": 5.2069226700364535, "min_child_weight": 3.0136724671040915}, "datetime": {"datetime": "2020-04-27 10:32:34", "elapsed": 252.23555, "delta": 2.167218}}
{"target": 0.6484144, "params": {"max_depth": 5.18519542325952, "min_child_weight": 2.90739326235006}, "datetime": {"datetime": "2020-04-27 10:32:36", "elapsed": 254.476992, "delta": 2.241442}}
{"target": 0.6484144, "params": {"max_depth": 5.092849819117739, "min_child_weight": 2.977885278723303}, "datetime": {"datetime": "2020-04-27 10:32:38", "elapsed": 256.467575, "delta": 1.990583}}
{"target": 0.6484144, "params": {"max_depth": 5.207012460072238, "min_child_weight": 2.929495193053233}, "datetime": {"datetime": "2020-04-27 10:32:40", "elapsed": 258.775639, "delta": 2.308064}}
{"target": 0.6484144, "params": {"max_depth": 5.146614039851714, "min_child_weight": 2.932344936203724}, "datetime": {"datetime": "2020-04-27 10:32:43", "elapsed": 260.943581, "delta": 2.167942}}
{"target": 0.6484144, "params": {"max_depth": 5.112530740115801, "min_child_weight": 3.0617977564348235}, "datetime": {"datetime": "2020-04-27 10:32:45", "elapsed": 263.521124, "delta": 2.577543}}
{"target": 0.6484144, "params": {"max_depth": 5.138742574103389, "min_child_weight": 2.8998091429795414}, "datetime": {"datetime": "2020-04-27 10:32:48", "elapsed": 265.902088, "delta": 2.380964}}
{"target": 0.6484144, "params": {"max_depth": 5.152303904983363, "min_child_weight": 3.036137453393708}, "datetime": {"datetime": "2020-04-27 10:32:50", "elapsed": 268.112624, "delta": 2.210536}}
{"target": 0.6484144, "params": {"max_depth": 5.1029969756490665, "min_child_weight": 3.030523558122035}, "datetime": {"datetime": "2020-04-27 10:32:52", "elapsed": 270.23426, "delta": 2.121636}}
{"target": 0.6484144, "params": {"max_depth": 5.082494259423804, "min_child_weight": 2.9976328956781746}, "datetime": {"datetime": "2020-04-27 10:32:54", "elapsed": 272.744807, "delta": 2.510547}}
{"target": 0.6484144, "params": {"max_depth": 5.152894409440293, "min_child_weight": 2.8982094075288174}, "datetime": {"datetime": "2020-04-27 10:32:57", "elapsed": 275.192084, "delta": 2.447277}}
{"target": 0.6484144, "params": {"max_depth": 5.222449290966496, "min_child_weight": 3.0007733397355443}, "datetime": {"datetime": "2020-04-27 10:32:59", "elapsed": 277.40327, "delta": 2.211186}}
{"target": 0.6484144, "params": {"max_depth": 5.042509010675205, "min_child_weight": 3.0062028105735994}, "datetime": {"datetime": "2020-04-27 10:33:02", "elapsed": 279.938188, "delta": 2.534918}}
{"target": 0.6484144, "params": {"max_depth": 5.176489861283567, "min_child_weight": 2.9079677807564686}, "datetime": {"datetime": "2020-04-27 10:33:04", "elapsed": 282.223897, "delta": 2.285709}}
{"target": 0.6484144, "params": {"max_depth": 5.090300170554045, "min_child_weight": 2.9959384829715034}, "datetime": {"datetime": "2020-04-27 10:33:06", "elapsed": 284.683087, "delta": 2.45919}}
{"target": 0.6484144, "params": {"max_depth": 5.057149715637936, "min_child_weight": 2.940248490422773}, "datetime": {"datetime": "2020-04-27 10:33:09", "elapsed": 287.31606, "delta": 2.632973}}
{"target": 0.6484144, "params": {"max_depth": 5.036393470892831, "min_child_weight": 2.993413829028598}, "datetime": {"datetime": "2020-04-27 10:33:11", "elapsed": 289.666372, "delta": 2.350312}}
{"target": 0.6484144, "params": {"max_depth": 5.0958094381740615, "min_child_weight": 2.9282807506851}, "datetime": {"datetime": "2020-04-27 10:33:13", "elapsed": 291.76007, "delta": 2.093698}}
{"target": 0.6484144, "params": {"max_depth": 5.135085290049915, "min_child_weight": 3.044042172678354}, "datetime": {"datetime": "2020-04-27 10:33:16", "elapsed": 294.230021, "delta": 2.469951}}
{"target": 0.6484144, "params": {"max_depth": 5.097209295784138, "min_child_weight": 2.989128549105554}, "datetime": {"datetime": "2020-04-27 10:33:19", "elapsed": 296.803307, "delta": 2.573286}}
{"target": 0.6484144, "params": {"max_depth": 5.100376338496332, "min_child_weight": 3.0329390494490838}, "datetime": {"datetime": "2020-04-27 10:33:21", "elapsed": 299.310874, "delta": 2.507567}}
{"target": 0.6484144, "params": {"max_depth": 5.193307884393347, "min_child_weight": 3.031673749513733}, "datetime": {"datetime": "2020-04-27 10:33:23", "elapsed": 301.658991, "delta": 2.348117}}
{"target": 0.6484144, "params": {"max_depth": 5.1806412133317705, "min_child_weight": 2.9039811963482287}, "datetime": {"datetime": "2020-04-27 10:33:26", "elapsed": 304.493304, "delta": 2.834313}}
{"target": 0.6484144, "params": {"max_depth": 5.183064067691198, "min_child_weight": 2.912815093088703}, "datetime": {"datetime": "2020-04-27 10:33:29", "elapsed": 306.820066, "delta": 2.326762}}
{"target": 0.6484144, "params": {"max_depth": 5.121997827797955, "min_child_weight": 3.0544322556861725}, "datetime": {"datetime": "2020-04-27 10:33:31", "elapsed": 309.613956, "delta": 2.79389}}
{"target": 0.6484144, "params": {"max_depth": 5.227398818750226, "min_child_weight": 2.979066000730604}, "datetime": {"datetime": "2020-04-27 10:33:34", "elapsed": 312.038401, "delta": 2.424445}}
{"target": 0.6484144, "params": {"max_depth": 5.160480628917426, "min_child_weight": 3.012172675679088}, "datetime": {"datetime": "2020-04-27 10:33:36", "elapsed": 314.151035, "delta": 2.112634}}
{"target": 0.6484144, "params": {"max_depth": 5.121175030872059, "min_child_weight": 2.907796196536405}, "datetime": {"datetime": "2020-04-27 10:33:38", "elapsed": 316.704308, "delta": 2.553273}}
{"target": 0.6484144, "params": {"max_depth": 5.1837740429209225, "min_child_weight": 2.967952570541197}, "datetime": {"datetime": "2020-04-27 10:33:41", "elapsed": 319.002271, "delta": 2.297963}}
{"target": 0.6484144, "params": {"max_depth": 5.133512328956801, "min_child_weight": 2.967932689232918}, "datetime": {"datetime": "2020-04-27 10:33:43", "elapsed": 321.582817, "delta": 2.580546}}
{"target": 0.6484144, "params": {"max_depth": 5.087078343902413, "min_child_weight": 3.0225695623402005}, "datetime": {"datetime": "2020-04-27 10:33:46", "elapsed": 324.104792, "delta": 2.521975}}
{"target": 0.6484144, "params": {"max_depth": 5.173824254661522, "min_child_weight": 3.0359229437898474}, "datetime": {"datetime": "2020-04-27 10:33:48", "elapsed": 326.576755, "delta": 2.471963}}
{"target": 0.6484144, "params": {"max_depth": 5.079086674876256, "min_child_weight": 3.0017150572398608}, "datetime": {"datetime": "2020-04-27 10:33:51", "elapsed": 328.963445, "delta": 2.38669}}
{"target": 0.6484144, "params": {"max_depth": 5.133011781518954, "min_child_weight": 2.946897114164898}, "datetime": {"datetime": "2020-04-27 10:33:53", "elapsed": 331.523296, "delta": 2.559851}}
{"target": 0.6484144, "params": {"max_depth": 5.083853686003081, "min_child_weight": 3.0269416222389918}, "datetime": {"datetime": "2020-04-27 10:33:56", "elapsed": 334.130996, "delta": 2.6077}}
{"target": 0.6484144, "params": {"max_depth": 5.097135847053268, "min_child_weight": 2.9471063522683694}, "datetime": {"datetime": "2020-04-27 10:33:58", "elapsed": 336.725473, "delta": 2.594477}}
{"target": 0.6484144, "params": {"max_depth": 5.156346293013366, "min_child_weight": 3.007377671243934}, "datetime": {"datetime": "2020-04-27 10:34:01", "elapsed": 339.303801, "delta": 2.578328}}
{"target": 0.6484144, "params": {"max_depth": 5.22451049588608, "min_child_weight": 3.029352726223545}, "datetime": {"datetime": "2020-04-27 10:34:04", "elapsed": 342.110059, "delta": 2.806258}}
{"target": 0.6484144, "params": {"max_depth": 5.14830555722827, "min_child_weight": 2.9529320726204156}, "datetime": {"datetime": "2020-04-27 10:34:06", "elapsed": 344.678694, "delta": 2.568635}}
{"target": 0.6484144, "params": {"max_depth": 5.202558957592739, "min_child_weight": 2.932856867741533}, "datetime": {"datetime": "2020-04-27 10:34:09", "elapsed": 347.435722, "delta": 2.757028}}
{"target": 0.6484144, "params": {"max_depth": 5.112946277623705, "min_child_weight": 2.961932230208605}, "datetime": {"datetime": "2020-04-27 10:34:11", "elapsed": 349.795913, "delta": 2.360191}}
{"target": 0.6484144, "params": {"max_depth": 5.140000616299636, "min_child_weight": 2.865065689229203}, "datetime": {"datetime": "2020-04-27 10:34:14", "elapsed": 352.295752, "delta": 2.499839}}
{"target": 0.6484144, "params": {"max_depth": 5.1239272323397795, "min_child_weight": 3.0424714914958884}, "datetime": {"datetime": "2020-04-27 10:34:17", "elapsed": 354.95097, "delta": 2.655218}}
{"target": 0.6484144, "params": {"max_depth": 5.1082498699386925, "min_child_weight": 3.0408163276685594}, "datetime": {"datetime": "2020-04-27 10:34:20", "elapsed": 357.802618, "delta": 2.851648}}
{"target": 0.6484144, "params": {"max_depth": 5.211495659767605, "min_child_weight": 3.0393642084253294}, "datetime": {"datetime": "2020-04-27 10:34:22", "elapsed": 360.743788, "delta": 2.94117}}
{"target": 0.6484144, "params": {"max_depth": 5.134972806136689, "min_child_weight": 2.9469205107047025}, "datetime": {"datetime": "2020-04-27 10:34:25", "elapsed": 363.764604, "delta": 3.020816}}
{"target": 0.6484144, "params": {"max_depth": 5.172952380449074, "min_child_weight": 3.044135556444087}, "datetime": {"datetime": "2020-04-27 10:34:28", "elapsed": 366.429709, "delta": 2.665105}}
{"target": 0.6484144, "params": {"max_depth": 5.072192771719838, "min_child_weight": 3.0335480297453543}, "datetime": {"datetime": "2020-04-27 10:34:31", "elapsed": 368.96798, "delta": 2.538271}}
{"target": 0.6484144, "params": {"max_depth": 5.140801433067699, "min_child_weight": 2.9017630670491217}, "datetime": {"datetime": "2020-04-27 10:34:33", "elapsed": 371.525772, "delta": 2.557792}}
{"target": 0.6484144, "params": {"max_depth": 5.1830562621424825, "min_child_weight": 2.9238001765176698}, "datetime": {"datetime": "2020-04-27 10:34:37", "elapsed": 374.81594, "delta": 3.290168}}
{"target": 0.6484144, "params": {"max_depth": 5.142740928702495, "min_child_weight": 2.9656338344817166}, "datetime": {"datetime": "2020-04-27 10:34:39", "elapsed": 377.677314, "delta": 2.861374}}
{"target": 0.6484144, "params": {"max_depth": 5.140872142052304, "min_child_weight": 2.9351544772024063}, "datetime": {"datetime": "2020-04-27 10:34:42", "elapsed": 380.22773, "delta": 2.550416}}
{"target": 0.6484144, "params": {"max_depth": 5.175149557173642, "min_child_weight": 2.980583653708769}, "datetime": {"datetime": "2020-04-27 10:34:45", "elapsed": 383.305673, "delta": 3.077943}}
{"target": 0.6484144, "params": {"max_depth": 5.0781459143946766, "min_child_weight": 2.9665473046496627}, "datetime": {"datetime": "2020-04-27 10:34:48", "elapsed": 386.439509, "delta": 3.133836}}
{"target": 0.6484144, "params": {"max_depth": 5.2047239483756895, "min_child_weight": 2.964576172944309}, "datetime": {"datetime": "2020-04-27 10:34:51", "elapsed": 389.113673, "delta": 2.674164}}
{"target": 0.6484144, "params": {"max_depth": 5.162615727321761, "min_child_weight": 2.9672629834255178}, "datetime": {"datetime": "2020-04-27 10:34:54", "elapsed": 391.894573, "delta": 2.7809}}
{"target": 0.6484144, "params": {"max_depth": 5.104639360312818, "min_child_weight": 3.039347579209485}, "datetime": {"datetime": "2020-04-27 10:34:57", "elapsed": 394.817206, "delta": 2.922633}}
{"target": 0.6484144, "params": {"max_depth": 5.191362222272138, "min_child_weight": 2.9953369696156757}, "datetime": {"datetime": "2020-04-27 10:34:59", "elapsed": 397.742542, "delta": 2.925336}}
{"target": 0.6484144, "params": {"max_depth": 5.156815670764099, "min_child_weight": 3.0489517980017453}, "datetime": {"datetime": "2020-04-27 10:35:02", "elapsed": 400.762413, "delta": 3.019871}}
{"target": 0.6484144, "params": {"max_depth": 5.0457681673653365, "min_child_weight": 2.928549356894299}, "datetime": {"datetime": "2020-04-27 10:35:06", "elapsed": 404.219826, "delta": 3.457413}}
{"target": 0.6484144, "params": {"max_depth": 5.162719764825779, "min_child_weight": 2.9134931619012105}, "datetime": {"datetime": "2020-04-27 10:35:09", "elapsed": 407.292752, "delta": 3.072926}}
{"target": 0.6484144, "params": {"max_depth": 5.260187203752265, "min_child_weight": 2.978114318993546}, "datetime": {"datetime": "2020-04-27 10:35:13", "elapsed": 410.97009, "delta": 3.677338}}
{"target": 0.6484144, "params": {"max_depth": 5.117865653854288, "min_child_weight": 2.9377584307271163}, "datetime": {"datetime": "2020-04-27 10:35:15", "elapsed": 413.603045, "delta": 2.632955}}
{"target": 0.6484144, "params": {"max_depth": 5.129688113636789, "min_child_weight": 3.0368368870326226}, "datetime": {"datetime": "2020-04-27 10:35:18", "elapsed": 416.687108, "delta": 3.084063}}
{"target": 0.6484144, "params": {"max_depth": 5.207857442797781, "min_child_weight": 3.0539921352564354}, "datetime": {"datetime": "2020-04-27 10:35:22", "elapsed": 420.243309, "delta": 3.556201}}
{"target": 0.6484144, "params": {"max_depth": 5.114090713759751, "min_child_weight": 2.996477422824532}, "datetime": {"datetime": "2020-04-27 10:35:25", "elapsed": 423.359314, "delta": 3.116005}}
{"target": 0.6484144, "params": {"max_depth": 5.136067020460622, "min_child_weight": 3.0323621692450766}, "datetime": {"datetime": "2020-04-27 10:35:28", "elapsed": 426.367455, "delta": 3.008141}}
{"target": 0.6484144, "params": {"max_depth": 5.203694517406587, "min_child_weight": 2.952498840537836}, "datetime": {"datetime": "2020-04-27 10:35:31", "elapsed": 429.459413, "delta": 3.091958}}
{"target": 0.6484144, "params": {"max_depth": 5.120232410721124, "min_child_weight": 2.9324178864366743}, "datetime": {"datetime": "2020-04-27 10:35:34", "elapsed": 432.744531, "delta": 3.285118}}
{"target": 0.6484144, "params": {"max_depth": 5.087951602106621, "min_child_weight": 2.9183802477119856}, "datetime": {"datetime": "2020-04-27 10:35:38", "elapsed": 435.980694, "delta": 3.236163}}
{"target": 0.6484144, "params": {"max_depth": 5.152318044712256, "min_child_weight": 2.9572491511681926}, "datetime": {"datetime": "2020-04-27 10:35:41", "elapsed": 439.245492, "delta": 3.264798}}
{"target": 0.6484144, "params": {"max_depth": 5.130054288958505, "min_child_weight": 3.010130522049889}, "datetime": {"datetime": "2020-04-27 10:35:44", "elapsed": 442.296083, "delta": 3.050591}}
{"target": 0.6484144, "params": {"max_depth": 5.224081042881354, "min_child_weight": 3.053838771649197}, "datetime": {"datetime": "2020-04-27 10:35:47", "elapsed": 445.27646, "delta": 2.980377}}
{"target": 0.6484144, "params": {"max_depth": 5.1274605148732455, "min_child_weight": 2.946587578639968}, "datetime": {"datetime": "2020-04-27 10:35:50", "elapsed": 448.57079, "delta": 3.29433}}
{"target": 0.6484144, "params": {"max_depth": 5.062983789054371, "min_child_weight": 3.042856186127851}, "datetime": {"datetime": "2020-04-27 10:35:53", "elapsed": 451.793022, "delta": 3.222232}}
{"target": 0.6484144, "params": {"max_depth": 5.156110400620061, "min_child_weight": 2.861947472358177}, "datetime": {"datetime": "2020-04-27 10:35:56", "elapsed": 454.535066, "delta": 2.742044}}
{"target": 0.6484144, "params": {"max_depth": 5.120692911835757, "min_child_weight": 2.9026290673138093}, "datetime": {"datetime": "2020-04-27 10:36:00", "elapsed": 457.886008, "delta": 3.350942}}
{"target": 0.6484144, "params": {"max_depth": 5.162082160128255, "min_child_weight": 2.9838067755890894}, "datetime": {"datetime": "2020-04-27 10:36:02", "elapsed": 460.69541, "delta": 2.809402}}
{"target": 0.6484144, "params": {"max_depth": 5.257850366130818, "min_child_weight": 2.9865442432166738}, "datetime": {"datetime": "2020-04-27 10:36:06", "elapsed": 463.896245, "delta": 3.200835}}
{"target": 0.6484144, "params": {"max_depth": 5.142129888609587, "min_child_weight": 2.852878752145124}, "datetime": {"datetime": "2020-04-27 10:36:09", "elapsed": 467.429711, "delta": 3.533466}}
{"target": 0.6484144, "params": {"max_depth": 5.202776325551815, "min_child_weight": 2.9105669832714285}, "datetime": {"datetime": "2020-04-27 10:36:12", "elapsed": 470.380717, "delta": 2.951006}}
{"target": 0.6484144, "params": {"max_depth": 5.236102686570387, "min_child_weight": 3.0573729808838026}, "datetime": {"datetime": "2020-04-27 10:36:16", "elapsed": 474.037428, "delta": 3.656711}}
{"target": 0.6484144, "params": {"max_depth": 5.1595153693738975, "min_child_weight": 2.8983798260783167}, "datetime": {"datetime": "2020-04-27 10:36:19", "elapsed": 477.046055, "delta": 3.008627}}
{"target": 0.6484144, "params": {"max_depth": 5.244211314936252, "min_child_weight": 3.051623405633996}, "datetime": {"datetime": "2020-04-27 10:36:22", "elapsed": 480.201816, "delta": 3.155761}}
{"target": 0.6484144, "params": {"max_depth": 5.120700685985798, "min_child_weight": 3.028742635515572}, "datetime": {"datetime": "2020-04-27 10:36:25", "elapsed": 483.638216, "delta": 3.4364}}
{"target": 0.6484144, "params": {"max_depth": 5.173681681422166, "min_child_weight": 2.9725308257202148}, "datetime": {"datetime": "2020-04-27 10:36:29", "elapsed": 487.363045, "delta": 3.724829}}
