{"target": 0.6240986000000001, "params": {"alpha": 0.3806596541706486, "colsample_bytree": 0.610300150631165, "lam": 0.899029769248243, "max_depth": 9.0, "min_child_weight": 9.0, "subsample": 0.8129352458377013}, "datetime": {"datetime": "2020-04-24 20:47:59", "elapsed": 1930.072258, "delta": 5.610169}}
{"target": 0.643268, "params": {"alpha": 0.3806596541706486, "colsample_bytree": 0.809119137243044, "lam": 0.899029769248243, "max_depth": 9.0, "min_child_weight": 9.0, "subsample": 0.8590724027487335}, "datetime": {"datetime": "2020-04-24 20:48:04", "elapsed": 1935.064585, "delta": 4.992327}}
{"target": 0.6336752000000001, "params": {"alpha": 0.3806596541706486, "colsample_bytree": 0.8996161535556082, "lam": 0.899029769248243, "max_depth": 9.0, "min_child_weight": 9.0, "subsample": 0.7140130068556689}, "datetime": {"datetime": "2020-04-24 20:48:08", "elapsed": 1939.531163, "delta": 4.466578}}
{"target": 0.6276382, "params": {"alpha": 0.3806596541706486, "colsample_bytree": 0.7132999202920752, "lam": 0.899029769248243, "max_depth": 9.0, "min_child_weight": 9.0, "subsample": 0.5653549255045209}, "datetime": {"datetime": "2020-04-24 20:48:13", "elapsed": 1943.982518, "delta": 4.451355}}
{"target": 0.6301301999999999, "params": {"alpha": 0.3806596541706486, "colsample_bytree": 0.6803608713086972, "lam": 0.899029769248243, "max_depth": 9.0, "min_child_weight": 9.0, "subsample": 0.5204459960992118}, "datetime": {"datetime": "2020-04-24 20:48:17", "elapsed": 1948.055032, "delta": 4.072514}}
{"target": 0.6386987999999999, "params": {"alpha": 0.3806596541706486, "colsample_bytree": 0.6828770649697885, "lam": 0.899029769248243, "max_depth": 9.0, "min_child_weight": 9.0, "subsample": 0.583154807009032}, "datetime": {"datetime": "2020-04-24 20:48:21", "elapsed": 1952.447908, "delta": 4.392876}}
{"target": 0.6101408, "params": {"alpha": 0.3806596541706486, "colsample_bytree": 0.5268021250667103, "lam": 0.899029769248243, "max_depth": 9.0, "min_child_weight": 9.0, "subsample": 0.8999787945677826}, "datetime": {"datetime": "2020-04-24 20:48:28", "elapsed": 1959.458156, "delta": 7.010248}}
