{"target": 0.6475569999999999, "params": {"alpha": 0.6708936117138252, "colsample_bytree": 0.8997856304635079, "lam": 0.998090046898787, "max_depth": 5.0, "min_child_weight": 3.0, "subsample": 0.8282044019854466}, "datetime": {"datetime": "2020-04-27 10:54:57", "elapsed": 1595.600681, "delta": 3.738275}}
{"target": 0.6474565999999999, "params": {"alpha": 0.6708936117138252, "colsample_bytree": 0.8983986162576773, "lam": 0.998090046898787, "max_depth": 5.0, "min_child_weight": 3.0, "subsample": 0.828089497807017}, "datetime": {"datetime": "2020-04-27 10:55:01", "elapsed": 1598.8971, "delta": 3.296419}}
{"target": 0.6339372, "params": {"alpha": 0.6708936117138252, "colsample_bytree": 0.8502407606724693, "lam": 0.998090046898787, "max_depth": 5.0, "min_child_weight": 3.0, "subsample": 0.8996493654875326}, "datetime": {"datetime": "2020-04-27 10:55:04", "elapsed": 1602.319112, "delta": 3.422012}}
{"target": 0.642847, "params": {"alpha": 0.6708936117138252, "colsample_bytree": 0.8998820276201072, "lam": 0.998090046898787, "max_depth": 5.0, "min_child_weight": 3.0, "subsample": 0.8240293522805273}, "datetime": {"datetime": "2020-04-27 10:55:08", "elapsed": 1606.517084, "delta": 4.197972}}
{"target": 0.6506183999999999, "params": {"alpha": 0.6708936117138252, "colsample_bytree": 0.899570665617837, "lam": 0.998090046898787, "max_depth": 5.0, "min_child_weight": 3.0, "subsample": 0.8292090703283157}, "datetime": {"datetime": "2020-04-27 10:55:12", "elapsed": 1610.41921, "delta": 3.902126}}
{"target": 0.6492776, "params": {"alpha": 0.6708936117138252, "colsample_bytree": 0.8983998466371288, "lam": 0.998090046898787, "max_depth": 5.0, "min_child_weight": 3.0, "subsample": 0.8255453912391923}, "datetime": {"datetime": "2020-04-27 10:55:16", "elapsed": 1613.972468, "delta": 3.553258}}
{"target": 0.6359834, "params": {"alpha": 0.6708936117138252, "colsample_bytree": 0.8999776710023357, "lam": 0.998090046898787, "max_depth": 5.0, "min_child_weight": 3.0, "subsample": 0.8313547497320861}, "datetime": {"datetime": "2020-04-27 10:55:20", "elapsed": 1618.452208, "delta": 4.47974}}
{"target": 0.6227704, "params": {"alpha": 0.6708936117138252, "colsample_bytree": 0.881079523246945, "lam": 0.998090046898787, "max_depth": 5.0, "min_child_weight": 3.0, "subsample": 0.7241299097073292}, "datetime": {"datetime": "2020-04-27 10:55:24", "elapsed": 1622.206972, "delta": 3.754764}}
{"target": 0.6466573999999999, "params": {"alpha": 0.6708936117138252, "colsample_bytree": 0.8967649066300405, "lam": 0.998090046898787, "max_depth": 5.0, "min_child_weight": 3.0, "subsample": 0.8262622035064254}, "datetime": {"datetime": "2020-04-27 10:55:27", "elapsed": 1625.410725, "delta": 3.203753}}
{"target": 0.6308152, "params": {"alpha": 0.6708936117138252, "colsample_bytree": 0.7141769721769311, "lam": 0.998090046898787, "max_depth": 5.0, "min_child_weight": 3.0, "subsample": 0.8841994513816276}, "datetime": {"datetime": "2020-04-27 10:55:31", "elapsed": 1629.446946, "delta": 4.036221}}
{"target": 0.6425966, "params": {"alpha": 0.6708936117138252, "colsample_bytree": 0.8932753250950582, "lam": 0.998090046898787, "max_depth": 5.0, "min_child_weight": 3.0, "subsample": 0.8229300415205518}, "datetime": {"datetime": "2020-04-27 10:55:35", "elapsed": 1632.884655, "delta": 3.437709}}
{"target": 0.648871, "params": {"alpha": 0.6708936117138252, "colsample_bytree": 0.8993827584580825, "lam": 0.998090046898787, "max_depth": 5.0, "min_child_weight": 3.0, "subsample": 0.8274403249666133}, "datetime": {"datetime": "2020-04-27 10:55:38", "elapsed": 1636.632479, "delta": 3.747824}}
{"target": 0.6257894, "params": {"alpha": 0.6708936117138252, "colsample_bytree": 0.6861583474718574, "lam": 0.998090046898787, "max_depth": 5.0, "min_child_weight": 3.0, "subsample": 0.855507008786703}, "datetime": {"datetime": "2020-04-27 10:55:42", "elapsed": 1640.044436, "delta": 3.411957}}
{"target": 0.6318938, "params": {"alpha": 0.6708936117138252, "colsample_bytree": 0.7303765884714346, "lam": 0.998090046898787, "max_depth": 5.0, "min_child_weight": 3.0, "subsample": 0.8380918696811362}, "datetime": {"datetime": "2020-04-27 10:55:45", "elapsed": 1643.381266, "delta": 3.33683}}
{"target": 0.628989, "params": {"alpha": 0.6708936117138252, "colsample_bytree": 0.8551450327774157, "lam": 0.998090046898787, "max_depth": 5.0, "min_child_weight": 3.0, "subsample": 0.6279108833749788}, "datetime": {"datetime": "2020-04-27 10:55:49", "elapsed": 1646.838265, "delta": 3.456999}}
{"target": 0.647022, "params": {"alpha": 0.6708936117138252, "colsample_bytree": 0.897757657474588, "lam": 0.998090046898787, "max_depth": 5.0, "min_child_weight": 3.0, "subsample": 0.8262341639368715}, "datetime": {"datetime": "2020-04-27 10:55:52", "elapsed": 1650.687575, "delta": 3.84931}}
{"target": 0.6472196, "params": {"alpha": 0.6708936117138252, "colsample_bytree": 0.8993712534071627, "lam": 0.998090046898787, "max_depth": 5.0, "min_child_weight": 3.0, "subsample": 0.8273803365875678}, "datetime": {"datetime": "2020-04-27 10:55:56", "elapsed": 1654.212214, "delta": 3.524639}}
{"target": 0.6472198, "params": {"alpha": 0.6708936117138252, "colsample_bytree": 0.8992943189486531, "lam": 0.998090046898787, "max_depth": 5.0, "min_child_weight": 3.0, "subsample": 0.8273494739668088}, "datetime": {"datetime": "2020-04-27 10:56:00", "elapsed": 1658.218737, "delta": 4.006523}}
{"target": 0.6341391999999999, "params": {"alpha": 0.6708936117138252, "colsample_bytree": 0.8036744801754665, "lam": 0.998090046898787, "max_depth": 5.0, "min_child_weight": 3.0, "subsample": 0.867301100005451}, "datetime": {"datetime": "2020-04-27 10:56:05", "elapsed": 1663.080411, "delta": 4.861674}}
{"target": 0.6307004, "params": {"alpha": 0.6708936117138252, "colsample_bytree": 0.8286413071774743, "lam": 0.998090046898787, "max_depth": 5.0, "min_child_weight": 3.0, "subsample": 0.8870885327326643}, "datetime": {"datetime": "2020-04-27 10:56:09", "elapsed": 1667.002944, "delta": 3.922533}}
{"target": 0.6041434000000001, "params": {"alpha": 0.6708936117138252, "colsample_bytree": 0.6374320113437926, "lam": 0.998090046898787, "max_depth": 5.0, "min_child_weight": 3.0, "subsample": 0.6493589774138332}, "datetime": {"datetime": "2020-04-27 10:56:13", "elapsed": 1671.605814, "delta": 4.60287}}
{"target": 0.6369992, "params": {"alpha": 0.6708936117138252, "colsample_bytree": 0.8175510084535993, "lam": 0.998090046898787, "max_depth": 5.0, "min_child_weight": 3.0, "subsample": 0.8381867411601687}, "datetime": {"datetime": "2020-04-27 10:56:18", "elapsed": 1675.972534, "delta": 4.36672}}
{"target": 0.6115801999999999, "params": {"alpha": 0.6708936117138252, "colsample_bytree": 0.6979175817148123, "lam": 0.998090046898787, "max_depth": 5.0, "min_child_weight": 3.0, "subsample": 0.5208712067186513}, "datetime": {"datetime": "2020-04-27 10:56:22", "elapsed": 1680.004725, "delta": 4.032191}}
{"target": 0.5949578, "params": {"alpha": 0.6708936117138252, "colsample_bytree": 0.5263329667544762, "lam": 0.998090046898787, "max_depth": 5.0, "min_child_weight": 3.0, "subsample": 0.7306011650866819}, "datetime": {"datetime": "2020-04-27 10:56:27", "elapsed": 1684.811478, "delta": 4.806753}}
{"target": 0.6080431999999999, "params": {"alpha": 0.6708936117138252, "colsample_bytree": 0.526332044652205, "lam": 0.998090046898787, "max_depth": 5.0, "min_child_weight": 3.0, "subsample": 0.6779645829866807}, "datetime": {"datetime": "2020-04-27 10:56:30", "elapsed": 1688.563489, "delta": 3.752011}}
{"target": 0.5880786, "params": {"alpha": 0.6708936117138252, "colsample_bytree": 0.5697728467842724, "lam": 0.998090046898787, "max_depth": 5.0, "min_child_weight": 3.0, "subsample": 0.6712897124550803}, "datetime": {"datetime": "2020-04-27 10:56:34", "elapsed": 1692.457931, "delta": 3.894442}}
{"target": 0.600071, "params": {"alpha": 0.6708936117138252, "colsample_bytree": 0.7574796238278159, "lam": 0.998090046898787, "max_depth": 5.0, "min_child_weight": 3.0, "subsample": 0.5461278627618498}, "datetime": {"datetime": "2020-04-27 10:56:38", "elapsed": 1695.873053, "delta": 3.415122}}
{"target": 0.6420498, "params": {"alpha": 0.6708936117138252, "colsample_bytree": 0.7838808790161893, "lam": 0.998090046898787, "max_depth": 5.0, "min_child_weight": 3.0, "subsample": 0.8233146153666704}, "datetime": {"datetime": "2020-04-27 10:56:42", "elapsed": 1699.962006, "delta": 4.088953}}
{"target": 0.6237828, "params": {"alpha": 0.6708936117138252, "colsample_bytree": 0.712131810825974, "lam": 0.998090046898787, "max_depth": 5.0, "min_child_weight": 3.0, "subsample": 0.6935134919337006}, "datetime": {"datetime": "2020-04-27 10:56:45", "elapsed": 1703.67057, "delta": 3.708564}}
{"target": 0.644278, "params": {"alpha": 0.6708936117138252, "colsample_bytree": 0.8999349149852025, "lam": 0.998090046898787, "max_depth": 5.0, "min_child_weight": 3.0, "subsample": 0.8258660528899124}, "datetime": {"datetime": "2020-04-27 10:56:50", "elapsed": 1708.639521, "delta": 4.968951}}
{"target": 0.6261926000000001, "params": {"alpha": 0.6708936117138252, "colsample_bytree": 0.8321924202359912, "lam": 0.998090046898787, "max_depth": 5.0, "min_child_weight": 3.0, "subsample": 0.6908924089260572}, "datetime": {"datetime": "2020-04-27 10:56:55", "elapsed": 1713.042536, "delta": 4.403015}}
{"target": 0.6490968, "params": {"alpha": 0.6708936117138252, "colsample_bytree": 0.8982423425148709, "lam": 0.998090046898787, "max_depth": 5.0, "min_child_weight": 3.0, "subsample": 0.8265276786171738}, "datetime": {"datetime": "2020-04-27 10:56:58", "elapsed": 1716.631806, "delta": 3.58927}}
{"target": 0.6483238, "params": {"alpha": 0.6708936117138252, "colsample_bytree": 0.8993092650869876, "lam": 0.998090046898787, "max_depth": 5.0, "min_child_weight": 3.0, "subsample": 0.8248419816413899}, "datetime": {"datetime": "2020-04-27 10:57:02", "elapsed": 1720.51984, "delta": 3.888034}}
{"target": 0.6394002, "params": {"alpha": 0.6708936117138252, "colsample_bytree": 0.8880704227102613, "lam": 0.998090046898787, "max_depth": 5.0, "min_child_weight": 3.0, "subsample": 0.8495850187706534}, "datetime": {"datetime": "2020-04-27 10:57:06", "elapsed": 1724.259163, "delta": 3.739323}}
{"target": 0.649821, "params": {"alpha": 0.6708936117138252, "colsample_bytree": 0.8996232069638375, "lam": 0.998090046898787, "max_depth": 5.0, "min_child_weight": 3.0, "subsample": 0.8280105310387169}, "datetime": {"datetime": "2020-04-27 10:57:10", "elapsed": 1728.177314, "delta": 3.918151}}
{"target": 0.6509391999999999, "params": {"alpha": 0.6708936117138252, "colsample_bytree": 0.8977481525785492, "lam": 0.998090046898787, "max_depth": 5.0, "min_child_weight": 3.0, "subsample": 0.826696640306217}, "datetime": {"datetime": "2020-04-27 10:57:14", "elapsed": 1732.313508, "delta": 4.136194}}
{"target": 0.6506052, "params": {"alpha": 0.6708936117138252, "colsample_bytree": 0.8979557111797642, "lam": 0.998090046898787, "max_depth": 5.0, "min_child_weight": 3.0, "subsample": 0.8279210382293383}, "datetime": {"datetime": "2020-04-27 10:57:19", "elapsed": 1736.89655, "delta": 4.583042}}
{"target": 0.6470586, "params": {"alpha": 0.6708936117138252, "colsample_bytree": 0.8968755749302288, "lam": 0.998090046898787, "max_depth": 5.0, "min_child_weight": 3.0, "subsample": 0.8282415600379641}, "datetime": {"datetime": "2020-04-27 10:57:23", "elapsed": 1741.168739, "delta": 4.272189}}
{"target": 0.6453468, "params": {"alpha": 0.6708936117138252, "colsample_bytree": 0.8965239299126806, "lam": 0.998090046898787, "max_depth": 5.0, "min_child_weight": 3.0, "subsample": 0.8237807017441073}, "datetime": {"datetime": "2020-04-27 10:57:27", "elapsed": 1745.732281, "delta": 4.563542}}
{"target": 0.6363636, "params": {"alpha": 0.6708936117138252, "colsample_bytree": 0.8960869561032552, "lam": 0.998090046898787, "max_depth": 5.0, "min_child_weight": 3.0, "subsample": 0.8241125460835679}, "datetime": {"datetime": "2020-04-27 10:57:33", "elapsed": 1750.960272, "delta": 5.227991}}
{"target": 0.6255520000000001, "params": {"alpha": 0.6708936117138252, "colsample_bytree": 0.8502471316641915, "lam": 0.998090046898787, "max_depth": 5.0, "min_child_weight": 3.0, "subsample": 0.728143686900169}, "datetime": {"datetime": "2020-04-27 10:57:38", "elapsed": 1756.209553, "delta": 5.249281}}
{"target": 0.6387278, "params": {"alpha": 0.6708936117138252, "colsample_bytree": 0.8173251289636964, "lam": 0.998090046898787, "max_depth": 5.0, "min_child_weight": 3.0, "subsample": 0.8997453690279458}, "datetime": {"datetime": "2020-04-27 10:57:43", "elapsed": 1761.753108, "delta": 5.543555}}
{"target": 0.6503984, "params": {"alpha": 0.6708936117138252, "colsample_bytree": 0.8996580258424342, "lam": 0.998090046898787, "max_depth": 5.0, "min_child_weight": 3.0, "subsample": 0.8278965617670488}, "datetime": {"datetime": "2020-04-27 10:57:48", "elapsed": 1766.696103, "delta": 4.942995}}
{"target": 0.6464792, "params": {"alpha": 0.6708936117138252, "colsample_bytree": 0.899050257261496, "lam": 0.998090046898787, "max_depth": 5.0, "min_child_weight": 3.0, "subsample": 0.8285804759466739}, "datetime": {"datetime": "2020-04-27 10:57:53", "elapsed": 1771.333102, "delta": 4.636999}}
{"target": 0.6276537999999999, "params": {"alpha": 0.6708936117138252, "colsample_bytree": 0.7613185724874789, "lam": 0.998090046898787, "max_depth": 5.0, "min_child_weight": 3.0, "subsample": 0.7505703274923492}, "datetime": {"datetime": "2020-04-27 10:57:59", "elapsed": 1776.801702, "delta": 5.4686}}
{"target": 0.6034078, "params": {"alpha": 0.6708936117138252, "colsample_bytree": 0.6027646178013747, "lam": 0.998090046898787, "max_depth": 5.0, "min_child_weight": 3.0, "subsample": 0.6095938047500535}, "datetime": {"datetime": "2020-04-27 10:58:03", "elapsed": 1781.153347, "delta": 4.351645}}
{"target": 0.6276784, "params": {"alpha": 0.6708936117138252, "colsample_bytree": 0.8443571169269541, "lam": 0.998090046898787, "max_depth": 5.0, "min_child_weight": 3.0, "subsample": 0.5004964909264747}, "datetime": {"datetime": "2020-04-27 10:58:08", "elapsed": 1786.257991, "delta": 5.104644}}
{"target": 0.5999513999999999, "params": {"alpha": 0.6708936117138252, "colsample_bytree": 0.5929480580606361, "lam": 0.998090046898787, "max_depth": 5.0, "min_child_weight": 3.0, "subsample": 0.5}, "datetime": {"datetime": "2020-04-27 10:58:12", "elapsed": 1790.278442, "delta": 4.020451}}
{"target": 0.6495266, "params": {"alpha": 0.6708936117138252, "colsample_bytree": 0.8977898206060859, "lam": 0.998090046898787, "max_depth": 5.0, "min_child_weight": 3.0, "subsample": 0.8264140010273509}, "datetime": {"datetime": "2020-04-27 10:58:16", "elapsed": 1794.62177, "delta": 4.343328}}
{"target": 0.6489834, "params": {"alpha": 0.6708936117138252, "colsample_bytree": 0.8978659691927536, "lam": 0.998090046898787, "max_depth": 5.0, "min_child_weight": 3.0, "subsample": 0.8289816501960279}, "datetime": {"datetime": "2020-04-27 10:58:20", "elapsed": 1798.075766, "delta": 3.453996}}
{"target": 0.638408, "params": {"alpha": 0.6708936117138252, "colsample_bytree": 0.7080305936813496, "lam": 0.998090046898787, "max_depth": 5.0, "min_child_weight": 3.0, "subsample": 0.819238036430036}, "datetime": {"datetime": "2020-04-27 10:58:24", "elapsed": 1802.261156, "delta": 4.18539}}
{"target": 0.6338196, "params": {"alpha": 0.6708936117138252, "colsample_bytree": 0.690032050492182, "lam": 0.998090046898787, "max_depth": 5.0, "min_child_weight": 3.0, "subsample": 0.8993335822431343}, "datetime": {"datetime": "2020-04-27 10:58:29", "elapsed": 1806.895565, "delta": 4.634409}}
{"target": 0.6414328, "params": {"alpha": 0.6708936117138252, "colsample_bytree": 0.8988321188352622, "lam": 0.998090046898787, "max_depth": 5.0, "min_child_weight": 3.0, "subsample": 0.823120026338249}, "datetime": {"datetime": "2020-04-27 10:58:33", "elapsed": 1811.612858, "delta": 4.717293}}
{"target": 0.651025, "params": {"alpha": 0.6708936117138252, "colsample_bytree": 0.8994211318704737, "lam": 0.998090046898787, "max_depth": 5.0, "min_child_weight": 3.0, "subsample": 0.826819132688625}, "datetime": {"datetime": "2020-04-27 10:58:38", "elapsed": 1815.943712, "delta": 4.330854}}
{"target": 0.6330292, "params": {"alpha": 0.6708936117138252, "colsample_bytree": 0.8813624584973734, "lam": 0.998090046898787, "max_depth": 5.0, "min_child_weight": 3.0, "subsample": 0.7736356356948518}, "datetime": {"datetime": "2020-04-27 10:58:42", "elapsed": 1820.659833, "delta": 4.716121}}
{"target": 0.6463545999999999, "params": {"alpha": 0.6708936117138252, "colsample_bytree": 0.8995403248188727, "lam": 0.998090046898787, "max_depth": 5.0, "min_child_weight": 3.0, "subsample": 0.8247596225299896}, "datetime": {"datetime": "2020-04-27 10:58:47", "elapsed": 1825.516764, "delta": 4.856931}}
{"target": 0.649824, "params": {"alpha": 0.6708936117138252, "colsample_bytree": 0.8970941570475748, "lam": 0.998090046898787, "max_depth": 5.0, "min_child_weight": 3.0, "subsample": 0.8280016282407228}, "datetime": {"datetime": "2020-04-27 10:58:52", "elapsed": 1830.774285, "delta": 5.257521}}
{"target": 0.6522886, "params": {"alpha": 0.6708936117138252, "colsample_bytree": 0.8980014049629021, "lam": 0.998090046898787, "max_depth": 5.0, "min_child_weight": 3.0, "subsample": 0.8275494149699052}, "datetime": {"datetime": "2020-04-27 10:58:57", "elapsed": 1835.345228, "delta": 4.570943}}
{"target": 0.6034772, "params": {"alpha": 0.6708936117138252, "colsample_bytree": 0.5290974342373594, "lam": 0.998090046898787, "max_depth": 5.0, "min_child_weight": 3.0, "subsample": 0.6053528577435481}, "datetime": {"datetime": "2020-04-27 10:59:01", "elapsed": 1839.704165, "delta": 4.358937}}
{"target": 0.6203380000000001, "params": {"alpha": 0.6708936117138252, "colsample_bytree": 0.6828468344297327, "lam": 0.998090046898787, "max_depth": 5.0, "min_child_weight": 3.0, "subsample": 0.678221915186058}, "datetime": {"datetime": "2020-04-27 10:59:06", "elapsed": 1843.850231, "delta": 4.146066}}
{"target": 0.6522884, "params": {"alpha": 0.6708936117138252, "colsample_bytree": 0.8976668492222506, "lam": 0.998090046898787, "max_depth": 5.0, "min_child_weight": 3.0, "subsample": 0.8275415276831899}, "datetime": {"datetime": "2020-04-27 10:59:10", "elapsed": 1848.190134, "delta": 4.339903}}
{"target": 0.6338092000000001, "params": {"alpha": 0.6708936117138252, "colsample_bytree": 0.8578183969950381, "lam": 0.998090046898787, "max_depth": 5.0, "min_child_weight": 3.0, "subsample": 0.7908786507973661}, "datetime": {"datetime": "2020-04-27 10:59:15", "elapsed": 1853.72062, "delta": 5.530486}}
{"target": 0.6453582, "params": {"alpha": 0.6708936117138252, "colsample_bytree": 0.899478700314553, "lam": 0.998090046898787, "max_depth": 5.0, "min_child_weight": 3.0, "subsample": 0.8269554127106393}, "datetime": {"datetime": "2020-04-27 10:59:20", "elapsed": 1858.124504, "delta": 4.403884}}
{"target": 0.6537244, "params": {"alpha": 0.6708936117138252, "colsample_bytree": 0.8988049295324545, "lam": 0.998090046898787, "max_depth": 5.0, "min_child_weight": 3.0, "subsample": 0.8293805950682471}, "datetime": {"datetime": "2020-04-27 10:59:25", "elapsed": 1863.661541, "delta": 5.537037}}
{"target": 0.6383082, "params": {"alpha": 0.6708936117138252, "colsample_bytree": 0.899871797568554, "lam": 0.998090046898787, "max_depth": 5.0, "min_child_weight": 3.0, "subsample": 0.7719257208731705}, "datetime": {"datetime": "2020-04-27 10:59:30", "elapsed": 1868.727203, "delta": 5.065662}}
{"target": 0.621828, "params": {"alpha": 0.6708936117138252, "colsample_bytree": 0.6517511842352999, "lam": 0.998090046898787, "max_depth": 5.0, "min_child_weight": 3.0, "subsample": 0.5001427020872629}, "datetime": {"datetime": "2020-04-27 10:59:36", "elapsed": 1874.236443, "delta": 5.50924}}
{"target": 0.6464801999999998, "params": {"alpha": 0.6708936117138252, "colsample_bytree": 0.8980726991301363, "lam": 0.998090046898787, "max_depth": 5.0, "min_child_weight": 3.0, "subsample": 0.8285067205923069}, "datetime": {"datetime": "2020-04-27 10:59:40", "elapsed": 1877.909844, "delta": 3.673401}}
{"target": 0.6358887999999999, "params": {"alpha": 0.6708936117138252, "colsample_bytree": 0.7182534420754324, "lam": 0.998090046898787, "max_depth": 5.0, "min_child_weight": 3.0, "subsample": 0.8999899658310138}, "datetime": {"datetime": "2020-04-27 10:59:44", "elapsed": 1881.94694, "delta": 4.037096}}
{"target": 0.6468602, "params": {"alpha": 0.6708936117138252, "colsample_bytree": 0.8996764947695147, "lam": 0.998090046898787, "max_depth": 5.0, "min_child_weight": 3.0, "subsample": 0.8273311508453736}, "datetime": {"datetime": "2020-04-27 10:59:49", "elapsed": 1887.469003, "delta": 5.522063}}
{"target": 0.6486824, "params": {"alpha": 0.6708936117138252, "colsample_bytree": 0.8963005402009859, "lam": 0.998090046898787, "max_depth": 5.0, "min_child_weight": 3.0, "subsample": 0.829675675025834}, "datetime": {"datetime": "2020-04-27 10:59:54", "elapsed": 1891.978342, "delta": 4.509339}}
{"target": 0.6538463999999999, "params": {"alpha": 0.6708936117138252, "colsample_bytree": 0.8995245649776373, "lam": 0.998090046898787, "max_depth": 5.0, "min_child_weight": 3.0, "subsample": 0.827471843840934}, "datetime": {"datetime": "2020-04-27 10:59:59", "elapsed": 1897.580055, "delta": 5.601713}}
{"target": 0.6016980000000001, "params": {"alpha": 0.6708936117138252, "colsample_bytree": 0.5699210353046459, "lam": 0.998090046898787, "max_depth": 5.0, "min_child_weight": 3.0, "subsample": 0.859075814794551}, "datetime": {"datetime": "2020-04-27 11:00:06", "elapsed": 1904.02612, "delta": 6.446065}}
{"target": 0.6478337999999999, "params": {"alpha": 0.6708936117138252, "colsample_bytree": 0.8972501950837721, "lam": 0.998090046898787, "max_depth": 5.0, "min_child_weight": 3.0, "subsample": 0.8269477292085606}, "datetime": {"datetime": "2020-04-27 11:00:10", "elapsed": 1908.725841, "delta": 4.699721}}
