{"target": 0.6373406000000001, "params": {"max_depth": 9.639026861061229, "min_child_weight": 9.713274305881276}, "datetime": {"datetime": "2020-04-24 23:23:53", "elapsed": 0.0, "delta": 0.0}}
{"target": 0.6366685999999999, "params": {"max_depth": 4.616060842569033, "min_child_weight": 9.319285936328228}, "datetime": {"datetime": "2020-04-24 23:23:53", "elapsed": 0.785052, "delta": 0.785052}}
{"target": 0.637198, "params": {"max_depth": 6.645331034314938, "min_child_weight": 7.893752387959356}, "datetime": {"datetime": "2020-04-24 23:23:54", "elapsed": 1.692558, "delta": 0.907506}}
{"target": 0.6227486000000001, "params": {"max_depth": 4.053114322315275, "min_child_weight": 9.971552317043736}, "datetime": {"datetime": "2020-04-24 23:23:55", "elapsed": 2.444067, "delta": 0.751509}}
{"target": 0.6253022, "params": {"max_depth": 7.5890694829967105, "min_child_weight": 5.492502903077852}, "datetime": {"datetime": "2020-04-24 23:23:56", "elapsed": 3.528493, "delta": 1.084426}}
{"target": 0.6303097999999999, "params": {"max_depth": 7.454791731647612, "min_child_weight": 4.077488219482576}, "datetime": {"datetime": "2020-04-24 23:23:57", "elapsed": 4.487478, "delta": 0.958985}}
{"target": 0.6151066000000001, "params": {"max_depth": 5.895561787346224, "min_child_weight": 1.1827532965326841}, "datetime": {"datetime": "2020-04-24 23:23:58", "elapsed": 5.364838, "delta": 0.87736}}
{"target": 0.611381, "params": {"max_depth": 6.517472208814432, "min_child_weight": 1.57798715430132}, "datetime": {"datetime": "2020-04-24 23:23:59", "elapsed": 6.378156, "delta": 1.013318}}
{"target": 0.6279406, "params": {"max_depth": 7.545862301023374, "min_child_weight": 6.024648609911759}, "datetime": {"datetime": "2020-04-24 23:24:00", "elapsed": 7.43556, "delta": 1.057404}}
{"target": 0.6024502, "params": {"max_depth": 3.421630975374675, "min_child_weight": 5.068824143150756}, "datetime": {"datetime": "2020-04-24 23:24:01", "elapsed": 8.163065, "delta": 0.727505}}
{"target": 0.5938036, "params": {"max_depth": 10.0, "min_child_weight": 1.000000050483685}, "datetime": {"datetime": "2020-04-24 23:24:03", "elapsed": 10.582814, "delta": 2.419749}}
{"target": 0.5992012, "params": {"max_depth": 3.013097601276282, "min_child_weight": 1.0286102745924053}, "datetime": {"datetime": "2020-04-24 23:24:04", "elapsed": 11.580917, "delta": 0.998103}}
{"target": 0.639735, "params": {"max_depth": 6.937723081511102, "min_child_weight": 9.982004457632868}, "datetime": {"datetime": "2020-04-24 23:24:05", "elapsed": 12.815507, "delta": 1.23459}}
{"target": 0.6164864, "params": {"max_depth": 9.990151825573658, "min_child_weight": 5.010818409374328}, "datetime": {"datetime": "2020-04-24 23:24:07", "elapsed": 14.80812, "delta": 1.992613}}
{"target": 0.6304178, "params": {"max_depth": 5.336006508829639, "min_child_weight": 6.918147584622315}, "datetime": {"datetime": "2020-04-24 23:24:09", "elapsed": 16.105745, "delta": 1.297625}}
{"target": 0.6293398, "params": {"max_depth": 9.993881803051469, "min_child_weight": 8.357816657590813}, "datetime": {"datetime": "2020-04-24 23:24:10", "elapsed": 17.813122, "delta": 1.707377}}
{"target": 0.6393713999999999, "params": {"max_depth": 8.170835400579342, "min_child_weight": 9.320259086897652}, "datetime": {"datetime": "2020-04-24 23:24:12", "elapsed": 19.217708, "delta": 1.404586}}
{"target": 0.6432156, "params": {"max_depth": 5.95841850793759, "min_child_weight": 9.148252925471148}, "datetime": {"datetime": "2020-04-24 23:24:13", "elapsed": 20.580094, "delta": 1.362386}}
{"target": 0.6432156, "params": {"max_depth": 5.91854184281446, "min_child_weight": 9.046575720223462}, "datetime": {"datetime": "2020-04-24 23:24:15", "elapsed": 21.878666, "delta": 1.298572}}
{"target": 0.6432156, "params": {"max_depth": 6.463816936114126, "min_child_weight": 9.128447944091405}, "datetime": {"datetime": "2020-04-24 23:24:16", "elapsed": 23.127687, "delta": 1.249021}}
{"target": 0.6432156, "params": {"max_depth": 5.796416755790487, "min_child_weight": 9.499139023855909}, "datetime": {"datetime": "2020-04-24 23:24:17", "elapsed": 24.370337, "delta": 1.24265}}
{"target": 0.6432156, "params": {"max_depth": 5.683864882405815, "min_child_weight": 8.910515080685808}, "datetime": {"datetime": "2020-04-24 23:24:18", "elapsed": 25.702184, "delta": 1.331847}}
{"target": 0.6432156, "params": {"max_depth": 6.240398147132933, "min_child_weight": 9.172027312439896}, "datetime": {"datetime": "2020-04-24 23:24:20", "elapsed": 26.978665, "delta": 1.276481}}
{"target": 0.6432156, "params": {"max_depth": 5.842862075318232, "min_child_weight": 9.439165429236276}, "datetime": {"datetime": "2020-04-24 23:24:21", "elapsed": 28.12565, "delta": 1.146985}}
{"target": 0.6432156, "params": {"max_depth": 5.7547115846697485, "min_child_weight": 8.955467750152525}, "datetime": {"datetime": "2020-04-24 23:24:22", "elapsed": 29.428648, "delta": 1.302998}}
{"target": 0.6432156, "params": {"max_depth": 6.324869962637609, "min_child_weight": 9.154057504536587}, "datetime": {"datetime": "2020-04-24 23:24:23", "elapsed": 30.634134, "delta": 1.205486}}
{"target": 0.6432156, "params": {"max_depth": 5.832305848127346, "min_child_weight": 9.025876531840323}, "datetime": {"datetime": "2020-04-24 23:24:25", "elapsed": 31.947977, "delta": 1.313843}}
{"target": 0.6432156, "params": {"max_depth": 5.9352487001998515, "min_child_weight": 9.428629989074505}, "datetime": {"datetime": "2020-04-24 23:24:26", "elapsed": 33.20428, "delta": 1.256303}}
{"target": 0.6432156, "params": {"max_depth": 6.229788477822707, "min_child_weight": 9.23827613078122}, "datetime": {"datetime": "2020-04-24 23:24:27", "elapsed": 34.452601, "delta": 1.248321}}
{"target": 0.6432156, "params": {"max_depth": 5.76211192261876, "min_child_weight": 8.945817153597956}, "datetime": {"datetime": "2020-04-24 23:24:28", "elapsed": 35.709331, "delta": 1.25673}}
{"target": 0.6432156, "params": {"max_depth": 5.8730263455374585, "min_child_weight": 9.332555580618878}, "datetime": {"datetime": "2020-04-24 23:24:30", "elapsed": 36.913947, "delta": 1.204616}}
{"target": 0.6432156, "params": {"max_depth": 6.304507339648881, "min_child_weight": 9.164449085508888}, "datetime": {"datetime": "2020-04-24 23:24:31", "elapsed": 38.208649, "delta": 1.294702}}
{"target": 0.6432156, "params": {"max_depth": 5.714334421703284, "min_child_weight": 9.008110572324647}, "datetime": {"datetime": "2020-04-24 23:24:32", "elapsed": 39.59979, "delta": 1.391141}}
{"target": 0.6432156, "params": {"max_depth": 5.900988924978217, "min_child_weight": 9.416933803673238}, "datetime": {"datetime": "2020-04-24 23:24:34", "elapsed": 40.931133, "delta": 1.331343}}
{"target": 0.6432156, "params": {"max_depth": 6.1468700197185235, "min_child_weight": 9.155112613228319}, "datetime": {"datetime": "2020-04-24 23:24:35", "elapsed": 42.228995, "delta": 1.297862}}
{"target": 0.6432156, "params": {"max_depth": 5.811877732706536, "min_child_weight": 8.986766831019011}, "datetime": {"datetime": "2020-04-24 23:24:36", "elapsed": 43.684301, "delta": 1.455306}}
{"target": 0.6432156, "params": {"max_depth": 6.241304200545158, "min_child_weight": 9.198200844324292}, "datetime": {"datetime": "2020-04-24 23:24:38", "elapsed": 44.92595, "delta": 1.241649}}
{"target": 0.6432156, "params": {"max_depth": 5.8496940748434945, "min_child_weight": 9.354023356619972}, "datetime": {"datetime": "2020-04-24 23:24:39", "elapsed": 46.217796, "delta": 1.291846}}
{"target": 0.6432156, "params": {"max_depth": 5.90391974091845, "min_child_weight": 9.007043101736881}, "datetime": {"datetime": "2020-04-24 23:24:40", "elapsed": 47.65962, "delta": 1.441824}}
{"target": 0.6432156, "params": {"max_depth": 6.226911118389615, "min_child_weight": 9.159539291727537}, "datetime": {"datetime": "2020-04-24 23:24:42", "elapsed": 49.004296, "delta": 1.344676}}
{"target": 0.6432156, "params": {"max_depth": 5.76930366307571, "min_child_weight": 9.040128972045652}, "datetime": {"datetime": "2020-04-24 23:24:43", "elapsed": 50.341931, "delta": 1.337635}}
{"target": 0.6432156, "params": {"max_depth": 5.862042614224046, "min_child_weight": 9.380138566501529}, "datetime": {"datetime": "2020-04-24 23:24:44", "elapsed": 51.725709, "delta": 1.383778}}
{"target": 0.6432156, "params": {"max_depth": 6.280607946308379, "min_child_weight": 9.165557147861326}, "datetime": {"datetime": "2020-04-24 23:24:46", "elapsed": 53.049825, "delta": 1.324116}}
{"target": 0.6432156, "params": {"max_depth": 5.764375741856684, "min_child_weight": 9.022462832197759}, "datetime": {"datetime": "2020-04-24 23:24:47", "elapsed": 54.52156, "delta": 1.471735}}
{"target": 0.6432156, "params": {"max_depth": 5.821648007989706, "min_child_weight": 9.24320959133589}, "datetime": {"datetime": "2020-04-24 23:24:49", "elapsed": 56.048343, "delta": 1.526783}}
{"target": 0.6432156, "params": {"max_depth": 6.245798758979947, "min_child_weight": 9.125275960039097}, "datetime": {"datetime": "2020-04-24 23:24:50", "elapsed": 57.497175, "delta": 1.448832}}
{"target": 0.6432156, "params": {"max_depth": 5.92797996356626, "min_child_weight": 9.392838015317277}, "datetime": {"datetime": "2020-04-24 23:24:52", "elapsed": 59.065423, "delta": 1.568248}}
{"target": 0.6432156, "params": {"max_depth": 5.979052431065231, "min_child_weight": 9.015048462965746}, "datetime": {"datetime": "2020-04-24 23:24:53", "elapsed": 60.416733, "delta": 1.35131}}
{"target": 0.6432156, "params": {"max_depth": 5.798732449888341, "min_child_weight": 9.092908842542657}, "datetime": {"datetime": "2020-04-24 23:24:54", "elapsed": 61.848297, "delta": 1.431564}}
{"target": 0.6432156, "params": {"max_depth": 6.231454279063659, "min_child_weight": 9.211371086597262}, "datetime": {"datetime": "2020-04-24 23:24:56", "elapsed": 63.250606, "delta": 1.402309}}
{"target": 0.6432156, "params": {"max_depth": 5.85267976710257, "min_child_weight": 9.353318243840976}, "datetime": {"datetime": "2020-04-24 23:24:57", "elapsed": 64.615847, "delta": 1.365241}}
{"target": 0.6432156, "params": {"max_depth": 6.230579746743514, "min_child_weight": 9.213670028776123}, "datetime": {"datetime": "2020-04-24 23:24:59", "elapsed": 66.040912, "delta": 1.425065}}
{"target": 0.6432156, "params": {"max_depth": 5.79714048901112, "min_child_weight": 8.965487755202965}, "datetime": {"datetime": "2020-04-24 23:25:00", "elapsed": 67.528305, "delta": 1.487393}}
{"target": 0.6432156, "params": {"max_depth": 5.806617334812687, "min_child_weight": 9.073323733859192}, "datetime": {"datetime": "2020-04-24 23:25:02", "elapsed": 68.939025, "delta": 1.41072}}
{"target": 0.6432156, "params": {"max_depth": 5.976086009890828, "min_child_weight": 9.27848735181782}, "datetime": {"datetime": "2020-04-24 23:25:03", "elapsed": 70.393552, "delta": 1.454527}}
{"target": 0.6432156, "params": {"max_depth": 6.170024508667832, "min_child_weight": 9.162143529465633}, "datetime": {"datetime": "2020-04-24 23:25:04", "elapsed": 71.754934, "delta": 1.361382}}
{"target": 0.6432156, "params": {"max_depth": 5.86854899531804, "min_child_weight": 9.303400369414282}, "datetime": {"datetime": "2020-04-24 23:25:06", "elapsed": 73.236841, "delta": 1.481907}}
{"target": 0.6432156, "params": {"max_depth": 5.982416400060705, "min_child_weight": 9.002010870442886}, "datetime": {"datetime": "2020-04-24 23:25:07", "elapsed": 74.759747, "delta": 1.522906}}
{"target": 0.6432156, "params": {"max_depth": 5.818034695480111, "min_child_weight": 9.082555495062605}, "datetime": {"datetime": "2020-04-24 23:25:09", "elapsed": 76.236082, "delta": 1.476335}}
{"target": 0.6432156, "params": {"max_depth": 5.945003392002314, "min_child_weight": 9.36622663105328}, "datetime": {"datetime": "2020-04-24 23:25:10", "elapsed": 77.63256, "delta": 1.396478}}
{"target": 0.6432156, "params": {"max_depth": 6.265723934664255, "min_child_weight": 9.252935368730148}, "datetime": {"datetime": "2020-04-24 23:25:12", "elapsed": 79.155182, "delta": 1.522622}}
{"target": 0.6432156, "params": {"max_depth": 6.155051284023917, "min_child_weight": 9.131188098233803}, "datetime": {"datetime": "2020-04-24 23:25:13", "elapsed": 80.766972, "delta": 1.61179}}
{"target": 0.6432156, "params": {"max_depth": 5.8764795885974115, "min_child_weight": 9.072679777191183}, "datetime": {"datetime": "2020-04-24 23:25:15", "elapsed": 82.156266, "delta": 1.389294}}
{"target": 0.6432156, "params": {"max_depth": 5.925272597985377, "min_child_weight": 9.275404079099847}, "datetime": {"datetime": "2020-04-24 23:25:16", "elapsed": 83.63678, "delta": 1.480514}}
{"target": 0.6432156, "params": {"max_depth": 5.8566551554682285, "min_child_weight": 9.297693999019005}, "datetime": {"datetime": "2020-04-24 23:25:18", "elapsed": 85.117027, "delta": 1.480247}}
{"target": 0.6432156, "params": {"max_depth": 5.878301564499007, "min_child_weight": 9.049754189133912}, "datetime": {"datetime": "2020-04-24 23:25:19", "elapsed": 86.579773, "delta": 1.462746}}
{"target": 0.6432156, "params": {"max_depth": 6.218355013236183, "min_child_weight": 9.251879228392696}, "datetime": {"datetime": "2020-04-24 23:25:21", "elapsed": 88.21834, "delta": 1.638567}}
{"target": 0.6432156, "params": {"max_depth": 5.77155456643654, "min_child_weight": 9.01192718266206}, "datetime": {"datetime": "2020-04-24 23:25:22", "elapsed": 89.640569, "delta": 1.422229}}
{"target": 0.6432156, "params": {"max_depth": 6.064413609849663, "min_child_weight": 9.062640550908808}, "datetime": {"datetime": "2020-04-24 23:25:24", "elapsed": 91.031027, "delta": 1.390458}}
{"target": 0.6432156, "params": {"max_depth": 5.931156852214727, "min_child_weight": 9.208648642018783}, "datetime": {"datetime": "2020-04-24 23:25:25", "elapsed": 92.460098, "delta": 1.429071}}
{"target": 0.6432156, "params": {"max_depth": 6.040978754967134, "min_child_weight": 9.340742470546322}, "datetime": {"datetime": "2020-04-24 23:25:27", "elapsed": 94.051816, "delta": 1.591718}}
{"target": 0.6432156, "params": {"max_depth": 5.830316078375656, "min_child_weight": 9.258740702079779}, "datetime": {"datetime": "2020-04-24 23:25:28", "elapsed": 95.551735, "delta": 1.499919}}
{"target": 0.6432156, "params": {"max_depth": 6.243510473750089, "min_child_weight": 9.219360410548022}, "datetime": {"datetime": "2020-04-24 23:25:30", "elapsed": 97.115141, "delta": 1.563406}}
{"target": 0.6432156, "params": {"max_depth": 5.976840463185125, "min_child_weight": 8.981490942950966}, "datetime": {"datetime": "2020-04-24 23:25:31", "elapsed": 98.632247, "delta": 1.517106}}
{"target": 0.6432156, "params": {"max_depth": 6.345488489310824, "min_child_weight": 9.25309451239528}, "datetime": {"datetime": "2020-04-24 23:25:33", "elapsed": 100.167578, "delta": 1.535331}}
{"target": 0.6432156, "params": {"max_depth": 5.884738322497887, "min_child_weight": 9.052438673154809}, "datetime": {"datetime": "2020-04-24 23:25:34", "elapsed": 101.730599, "delta": 1.563021}}
{"target": 0.6432156, "params": {"max_depth": 5.979632601685726, "min_child_weight": 9.213501268068388}, "datetime": {"datetime": "2020-04-24 23:25:36", "elapsed": 103.333224, "delta": 1.602625}}
{"target": 0.6432156, "params": {"max_depth": 5.873409751837729, "min_child_weight": 9.391459436362858}, "datetime": {"datetime": "2020-04-24 23:25:37", "elapsed": 104.754862, "delta": 1.421638}}
{"target": 0.6432156, "params": {"max_depth": 6.117025380378923, "min_child_weight": 9.215677997836304}, "datetime": {"datetime": "2020-04-24 23:25:39", "elapsed": 106.210425, "delta": 1.455563}}
{"target": 0.6432156, "params": {"max_depth": 5.806615874040286, "min_child_weight": 9.035213414450782}, "datetime": {"datetime": "2020-04-24 23:25:40", "elapsed": 107.755835, "delta": 1.54541}}
{"target": 0.6432156, "params": {"max_depth": 6.012654527860898, "min_child_weight": 9.091905827808748}, "datetime": {"datetime": "2020-04-24 23:25:42", "elapsed": 109.228925, "delta": 1.47309}}
{"target": 0.6432156, "params": {"max_depth": 5.979826511600324, "min_child_weight": 9.300498020660209}, "datetime": {"datetime": "2020-04-24 23:25:43", "elapsed": 110.762306, "delta": 1.533381}}
{"target": 0.6432156, "params": {"max_depth": 5.903554580342889, "min_child_weight": 8.975267121341261}, "datetime": {"datetime": "2020-04-24 23:25:45", "elapsed": 112.340008, "delta": 1.577702}}
{"target": 0.6432156, "params": {"max_depth": 5.80468036874584, "min_child_weight": 9.25051750671194}, "datetime": {"datetime": "2020-04-24 23:25:47", "elapsed": 114.027277, "delta": 1.687269}}
{"target": 0.6432156, "params": {"max_depth": 6.151873927766134, "min_child_weight": 9.148355131238326}, "datetime": {"datetime": "2020-04-24 23:25:48", "elapsed": 115.736909, "delta": 1.709632}}
{"target": 0.6432156, "params": {"max_depth": 5.858561676528495, "min_child_weight": 9.064540897065323}, "datetime": {"datetime": "2020-04-24 23:25:50", "elapsed": 117.244898, "delta": 1.507989}}
{"target": 0.6432156, "params": {"max_depth": 6.005484473546616, "min_child_weight": 9.086090255494739}, "datetime": {"datetime": "2020-04-24 23:25:51", "elapsed": 118.820108, "delta": 1.57521}}
{"target": 0.6432156, "params": {"max_depth": 5.897027539214726, "min_child_weight": 9.205006635110868}, "datetime": {"datetime": "2020-04-24 23:25:53", "elapsed": 120.402765, "delta": 1.582657}}
{"target": 0.6432156, "params": {"max_depth": 6.037351850865942, "min_child_weight": 9.260558870911789}, "datetime": {"datetime": "2020-04-24 23:25:55", "elapsed": 121.911453, "delta": 1.508688}}
{"target": 0.6432156, "params": {"max_depth": 5.8619247025960695, "min_child_weight": 9.066347616174804}, "datetime": {"datetime": "2020-04-24 23:25:56", "elapsed": 123.522516, "delta": 1.611063}}
{"target": 0.6432156, "params": {"max_depth": 6.103248550131435, "min_child_weight": 9.383843861662545}, "datetime": {"datetime": "2020-04-24 23:25:58", "elapsed": 125.142131, "delta": 1.619615}}
{"target": 0.6432156, "params": {"max_depth": 6.229409576534003, "min_child_weight": 9.123367974170245}, "datetime": {"datetime": "2020-04-24 23:25:59", "elapsed": 126.591085, "delta": 1.448954}}
{"target": 0.6432156, "params": {"max_depth": 6.103156715276087, "min_child_weight": 9.267392164771316}, "datetime": {"datetime": "2020-04-24 23:26:01", "elapsed": 127.989129, "delta": 1.398044}}
{"target": 0.6432156, "params": {"max_depth": 6.243782276013675, "min_child_weight": 9.197613650825243}, "datetime": {"datetime": "2020-04-24 23:26:02", "elapsed": 129.619149, "delta": 1.63002}}
{"target": 0.6432156, "params": {"max_depth": 5.70442850370274, "min_child_weight": 9.267480656593085}, "datetime": {"datetime": "2020-04-24 23:26:04", "elapsed": 131.163179, "delta": 1.54403}}
{"target": 0.6432156, "params": {"max_depth": 5.807145852130098, "min_child_weight": 9.07473937596155}, "datetime": {"datetime": "2020-04-24 23:26:05", "elapsed": 132.769102, "delta": 1.605923}}
{"target": 0.6432156, "params": {"max_depth": 5.893645673088871, "min_child_weight": 9.146974790136351}, "datetime": {"datetime": "2020-04-24 23:26:07", "elapsed": 134.584047, "delta": 1.814945}}
{"target": 0.6432156, "params": {"max_depth": 6.338786856967827, "min_child_weight": 9.155043537504653}, "datetime": {"datetime": "2020-04-24 23:26:09", "elapsed": 136.27909, "delta": 1.695043}}
{"target": 0.6432156, "params": {"max_depth": 5.961148944451558, "min_child_weight": 9.266291899835458}, "datetime": {"datetime": "2020-04-24 23:26:11", "elapsed": 138.080541, "delta": 1.801451}}
{"target": 0.6432156, "params": {"max_depth": 5.953243617244793, "min_child_weight": 9.195193600504467}, "datetime": {"datetime": "2020-04-24 23:26:12", "elapsed": 139.818969, "delta": 1.738428}}
{"target": 0.6432156, "params": {"max_depth": 5.941110831037574, "min_child_weight": 9.353671213491877}, "datetime": {"datetime": "2020-04-24 23:26:14", "elapsed": 141.505185, "delta": 1.686216}}
{"target": 0.6432156, "params": {"max_depth": 5.964488624162991, "min_child_weight": 9.201319894043644}, "datetime": {"datetime": "2020-04-24 23:26:16", "elapsed": 143.3858, "delta": 1.880615}}
{"target": 0.6432156, "params": {"max_depth": 6.072831244213605, "min_child_weight": 9.098143387064248}, "datetime": {"datetime": "2020-04-24 23:26:18", "elapsed": 145.267221, "delta": 1.881421}}
{"target": 0.6432156, "params": {"max_depth": 5.892444138408879, "min_child_weight": 9.027787286872195}, "datetime": {"datetime": "2020-04-24 23:26:20", "elapsed": 146.981282, "delta": 1.714061}}
{"target": 0.6432156, "params": {"max_depth": 6.024475467556371, "min_child_weight": 9.281095018263127}, "datetime": {"datetime": "2020-04-24 23:26:21", "elapsed": 148.780267, "delta": 1.798985}}
{"target": 0.6432156, "params": {"max_depth": 5.7785979478445215, "min_child_weight": 9.021231295299366}, "datetime": {"datetime": "2020-04-24 23:26:23", "elapsed": 150.426319, "delta": 1.646052}}
{"target": 0.6432156, "params": {"max_depth": 6.133668278424606, "min_child_weight": 9.189953289600766}, "datetime": {"datetime": "2020-04-24 23:26:25", "elapsed": 152.230057, "delta": 1.803738}}
{"target": 0.6432156, "params": {"max_depth": 5.930713939948561, "min_child_weight": 9.228480720738396}, "datetime": {"datetime": "2020-04-24 23:26:27", "elapsed": 153.952696, "delta": 1.722639}}
{"target": 0.6432156, "params": {"max_depth": 5.76330661989874, "min_child_weight": 9.244651969172812}, "datetime": {"datetime": "2020-04-24 23:26:28", "elapsed": 155.684436, "delta": 1.73174}}
{"target": 0.6432156, "params": {"max_depth": 6.0775381841028295, "min_child_weight": 9.19249545773032}, "datetime": {"datetime": "2020-04-24 23:26:30", "elapsed": 157.683764, "delta": 1.999328}}
{"target": 0.6432156, "params": {"max_depth": 6.207101323200876, "min_child_weight": 9.227067092733552}, "datetime": {"datetime": "2020-04-24 23:26:32", "elapsed": 159.417087, "delta": 1.733323}}
{"target": 0.6432156, "params": {"max_depth": 5.9211379533820985, "min_child_weight": 9.277054210889089}, "datetime": {"datetime": "2020-04-24 23:26:34", "elapsed": 161.147754, "delta": 1.730667}}
