{"target": 0.6484144, "params": {"max_depth": 5.123634279044209, "min_child_weight": 3.0526308617073714}, "datetime": {"datetime": "2020-04-27 10:36:32", "elapsed": 490.67783, "delta": 3.314785}}
{"target": 0.6484144, "params": {"max_depth": 5.097717103154281, "min_child_weight": 2.967786710031301}, "datetime": {"datetime": "2020-04-27 10:36:36", "elapsed": 494.466749, "delta": 3.788919}}
{"target": 0.6484144, "params": {"max_depth": 5.105037037488756, "min_child_weight": 3.025983738657259}, "datetime": {"datetime": "2020-04-27 10:36:39", "elapsed": 497.303516, "delta": 2.836767}}
{"target": 0.6484144, "params": {"max_depth": 5.1469820371054205, "min_child_weight": 3.005742433867236}, "datetime": {"datetime": "2020-04-27 10:36:42", "elapsed": 500.666863, "delta": 3.363347}}
{"target": 0.6484144, "params": {"max_depth": 5.134998427123881, "min_child_weight": 3.029384726154666}, "datetime": {"datetime": "2020-04-27 10:36:46", "elapsed": 503.844845, "delta": 3.177982}}
{"target": 0.6484144, "params": {"max_depth": 5.087642635891253, "min_child_weight": 2.931237728077453}, "datetime": {"datetime": "2020-04-27 10:36:49", "elapsed": 507.27926, "delta": 3.434415}}
{"target": 0.6484144, "params": {"max_depth": 5.253290700592335, "min_child_weight": 2.9730982563163533}, "datetime": {"datetime": "2020-04-27 10:36:52", "elapsed": 510.321007, "delta": 3.041747}}
{"target": 0.6484144, "params": {"max_depth": 5.135958859285135, "min_child_weight": 3.0105486617721597}, "datetime": {"datetime": "2020-04-27 10:36:56", "elapsed": 513.910422, "delta": 3.589415}}
{"target": 0.6484144, "params": {"max_depth": 5.12670916110547, "min_child_weight": 2.9491771665165287}, "datetime": {"datetime": "2020-04-27 10:36:59", "elapsed": 517.486244, "delta": 3.575822}}
{"target": 0.6484144, "params": {"max_depth": 5.2036501558486625, "min_child_weight": 2.929515143281978}, "datetime": {"datetime": "2020-04-27 10:37:02", "elapsed": 520.79139, "delta": 3.305146}}
{"target": 0.6484144, "params": {"max_depth": 5.182394021303515, "min_child_weight": 2.997303904968434}, "datetime": {"datetime": "2020-04-27 10:37:06", "elapsed": 524.120466, "delta": 3.329076}}
{"target": 0.6484144, "params": {"max_depth": 5.222212882784028, "min_child_weight": 3.01175937753351}, "datetime": {"datetime": "2020-04-27 10:37:10", "elapsed": 527.854348, "delta": 3.733882}}
{"target": 0.6484144, "params": {"max_depth": 5.13299290599449, "min_child_weight": 2.9786735900968777}, "datetime": {"datetime": "2020-04-27 10:37:13", "elapsed": 531.361734, "delta": 3.507386}}
{"target": 0.6484144, "params": {"max_depth": 5.14791642918653, "min_child_weight": 3.038494239617805}, "datetime": {"datetime": "2020-04-27 10:37:17", "elapsed": 535.117972, "delta": 3.756238}}
{"target": 0.6484144, "params": {"max_depth": 5.0965004894323656, "min_child_weight": 2.9425554798940237}, "datetime": {"datetime": "2020-04-27 10:37:20", "elapsed": 538.623775, "delta": 3.505803}}
{"target": 0.6484144, "params": {"max_depth": 5.241661038124365, "min_child_weight": 3.051220847106226}, "datetime": {"datetime": "2020-04-27 10:37:24", "elapsed": 541.930953, "delta": 3.307178}}
{"target": 0.6484144, "params": {"max_depth": 5.208843111841746, "min_child_weight": 2.92412602637276}, "datetime": {"datetime": "2020-04-27 10:37:27", "elapsed": 545.601905, "delta": 3.670952}}
{"target": 0.6484144, "params": {"max_depth": 5.182944228883608, "min_child_weight": 2.9648745779747117}, "datetime": {"datetime": "2020-04-27 10:37:30", "elapsed": 548.418387, "delta": 2.816482}}
{"target": 0.6484144, "params": {"max_depth": 5.201854443567913, "min_child_weight": 3.012966352174624}, "datetime": {"datetime": "2020-04-27 10:37:34", "elapsed": 551.907571, "delta": 3.489184}}
{"target": 0.6257320000000001, "params": {"alpha": 0.8198969383836887, "lam": 0.7642287705493578, "max_depth": 5.0, "min_child_weight": 3.0}, "datetime": {"datetime": "2020-04-27 10:37:35", "elapsed": 553.011969, "delta": 1.104398}}
{"target": 0.6310578, "params": {"alpha": 0.8818351364862282, "lam": 0.21263190697296186, "max_depth": 5.0, "min_child_weight": 3.0}, "datetime": {"datetime": "2020-04-27 10:37:36", "elapsed": 554.107908, "delta": 1.095939}}
{"target": 0.6301902, "params": {"alpha": 0.3801243900038599, "lam": 0.20657858457520062, "max_depth": 5.0, "min_child_weight": 3.0}, "datetime": {"datetime": "2020-04-27 10:37:37", "elapsed": 555.204256, "delta": 1.096348}}
{"target": 0.6317682, "params": {"alpha": 0.5108398713456496, "lam": 0.12463078140627482, "max_depth": 5.0, "min_child_weight": 3.0}, "datetime": {"datetime": "2020-04-27 10:37:38", "elapsed": 556.297014, "delta": 1.092758}}
{"target": 0.6398618, "params": {"alpha": 0.979277624379698, "lam": 0.42574110771292195, "max_depth": 5.0, "min_child_weight": 3.0}, "datetime": {"datetime": "2020-04-27 10:37:39", "elapsed": 557.393388, "delta": 1.096374}}
{"target": 0.6299844, "params": {"alpha": 0.4439753389516269, "lam": 0.16321437903189373, "max_depth": 5.0, "min_child_weight": 3.0}, "datetime": {"datetime": "2020-04-27 10:37:40", "elapsed": 558.482731, "delta": 1.089343}}
{"target": 0.6360772, "params": {"alpha": 0.7465454651215963, "lam": 0.28192881749302023, "max_depth": 5.0, "min_child_weight": 3.0}, "datetime": {"datetime": "2020-04-27 10:37:41", "elapsed": 559.593325, "delta": 1.110594}}
{"target": 0.6347284, "params": {"alpha": 0.3696973806075854, "lam": 0.3518353497049348, "max_depth": 5.0, "min_child_weight": 3.0}, "datetime": {"datetime": "2020-04-27 10:37:42", "elapsed": 560.718675, "delta": 1.12535}}
{"target": 0.6303826000000001, "params": {"alpha": 0.9081890700320455, "lam": 0.20652240804322486, "max_depth": 5.0, "min_child_weight": 3.0}, "datetime": {"datetime": "2020-04-27 10:37:44", "elapsed": 561.82879, "delta": 1.110115}}
{"target": 0.6420078, "params": {"alpha": 0.14978672571375484, "lam": 0.9928839136618687, "max_depth": 5.0, "min_child_weight": 3.0}, "datetime": {"datetime": "2020-04-27 10:37:45", "elapsed": 562.930928, "delta": 1.102138}}
{"target": 0.6289358, "params": {"alpha": 0.001562173887216134, "lam": 0.7400212971083855, "max_depth": 5.0, "min_child_weight": 3.0}, "datetime": {"datetime": "2020-04-27 10:37:46", "elapsed": 564.457093, "delta": 1.526165}}
{"target": 0.6486756, "params": {"alpha": 0.0041236175091189375, "lam": 0.9957725429595182, "max_depth": 5.0, "min_child_weight": 3.0}, "datetime": {"datetime": "2020-04-27 10:37:48", "elapsed": 566.052415, "delta": 1.595322}}
{"target": 0.6500958, "params": {"alpha": 0.9999999898864586, "lam": 1.0, "max_depth": 5.0, "min_child_weight": 3.0}, "datetime": {"datetime": "2020-04-27 10:37:49", "elapsed": 567.514689, "delta": 1.462274}}
{"target": 0.6341588, "params": {"alpha": 0.999970884320718, "lam": 0.9053838481041291, "max_depth": 5.0, "min_child_weight": 3.0}, "datetime": {"datetime": "2020-04-27 10:37:51", "elapsed": 568.957969, "delta": 1.44328}}
{"target": 0.6260070000000001, "params": {"alpha": 0.0, "lam": 0.0, "max_depth": 5.0, "min_child_weight": 3.0}, "datetime": {"datetime": "2020-04-27 10:37:52", "elapsed": 570.294111, "delta": 1.336142}}
{"target": 0.6500980000000001, "params": {"alpha": 0.6220401607176682, "lam": 0.9990056491687569, "max_depth": 5.0, "min_child_weight": 3.0}, "datetime": {"datetime": "2020-04-27 10:37:54", "elapsed": 571.814676, "delta": 1.520565}}
{"target": 0.6500962, "params": {"alpha": 0.8255960451539635, "lam": 0.9985475357319711, "max_depth": 5.0, "min_child_weight": 3.0}, "datetime": {"datetime": "2020-04-27 10:37:55", "elapsed": 573.505695, "delta": 1.691019}}
{"target": 0.636191, "params": {"alpha": 0.0009905738886182291, "lam": 0.3278928692060399, "max_depth": 5.0, "min_child_weight": 3.0}, "datetime": {"datetime": "2020-04-27 10:37:57", "elapsed": 575.110516, "delta": 1.604821}}
{"target": 0.6486744, "params": {"alpha": 0.5071979222989231, "lam": 0.9967947310820728, "max_depth": 5.0, "min_child_weight": 3.0}, "datetime": {"datetime": "2020-04-27 10:37:59", "elapsed": 576.884928, "delta": 1.774412}}
{"target": 0.650097, "params": {"alpha": 0.7638120359238816, "lam": 0.9994401766848573, "max_depth": 5.0, "min_child_weight": 3.0}, "datetime": {"datetime": "2020-04-27 10:38:00", "elapsed": 578.416663, "delta": 1.531735}}
{"target": 0.650361, "params": {"alpha": 0.6708936117138252, "lam": 0.998090046898787, "max_depth": 5.0, "min_child_weight": 3.0}, "datetime": {"datetime": "2020-04-27 10:38:02", "elapsed": 580.131115, "delta": 1.714452}}
{"target": 0.6501022, "params": {"alpha": 4.812175145773354e-07, "lam": 0.9999996156124168, "max_depth": 5.0, "min_child_weight": 3.0}, "datetime": {"datetime": "2020-04-27 10:38:04", "elapsed": 581.875576, "delta": 1.744461}}
{"target": 0.6500958, "params": {"alpha": 1.0, "lam": 1.0, "max_depth": 5.0, "min_child_weight": 3.0}, "datetime": {"datetime": "2020-04-27 10:38:05", "elapsed": 583.493615, "delta": 1.618039}}
{"target": 0.6500968, "params": {"alpha": 0.8503236525476165, "lam": 0.9998304838833109, "max_depth": 5.0, "min_child_weight": 3.0}, "datetime": {"datetime": "2020-04-27 10:38:07", "elapsed": 585.402586, "delta": 1.908971}}
{"target": 0.6500974, "params": {"alpha": 0.6868706180838958, "lam": 0.9993714243668712, "max_depth": 5.0, "min_child_weight": 3.0}, "datetime": {"datetime": "2020-04-27 10:38:09", "elapsed": 587.188451, "delta": 1.785865}}
{"target": 0.6500966, "params": {"alpha": 0.8803520745470853, "lam": 0.9998653903792812, "max_depth": 5.0, "min_child_weight": 3.0}, "datetime": {"datetime": "2020-04-27 10:38:11", "elapsed": 589.022705, "delta": 1.834254}}
{"target": 0.650098, "params": {"alpha": 0.6486363882022639, "lam": 0.9996587364816615, "max_depth": 5.0, "min_child_weight": 3.0}, "datetime": {"datetime": "2020-04-27 10:38:13", "elapsed": 590.876178, "delta": 1.853473}}
{"target": 0.6500958, "params": {"alpha": 0.9999999983954498, "lam": 1.0, "max_depth": 5.0, "min_child_weight": 3.0}, "datetime": {"datetime": "2020-04-27 10:38:14", "elapsed": 592.789153, "delta": 1.912975}}
{"target": 0.6500975999999999, "params": {"alpha": 0.7247267125942848, "lam": 0.9996048445472668, "max_depth": 5.0, "min_child_weight": 3.0}, "datetime": {"datetime": "2020-04-27 10:38:16", "elapsed": 594.512334, "delta": 1.723181}}
{"target": 0.6500972, "params": {"alpha": 0.7492262201823613, "lam": 0.9993244904431166, "max_depth": 5.0, "min_child_weight": 3.0}, "datetime": {"datetime": "2020-04-27 10:38:18", "elapsed": 596.449819, "delta": 1.937485}}
{"target": 0.6500984, "params": {"alpha": 0.59874770947745, "lam": 0.9997236404415406, "max_depth": 5.0, "min_child_weight": 3.0}, "datetime": {"datetime": "2020-04-27 10:38:20", "elapsed": 598.298433, "delta": 1.848614}}
{"target": 0.6484144, "params": {"alpha": 1.1115756563654105e-06, "lam": 0.9999999822445388, "max_depth": 5.0, "min_child_weight": 3.0}, "datetime": {"datetime": "2020-04-27 10:38:22", "elapsed": 600.23028, "delta": 1.931847}}
{"target": 0.6500958, "params": {"alpha": 0.9999997421422108, "lam": 0.9999996214861931, "max_depth": 5.0, "min_child_weight": 3.0}, "datetime": {"datetime": "2020-04-27 10:38:24", "elapsed": 602.274418, "delta": 2.044138}}
{"target": 0.6500984, "params": {"alpha": 0.574671885017113, "lam": 0.9997314070807876, "max_depth": 5.0, "min_child_weight": 3.0}, "datetime": {"datetime": "2020-04-27 10:38:26", "elapsed": 604.260688, "delta": 1.98627}}
{"target": 0.6500962000000001, "params": {"alpha": 0.8948632561500501, "lam": 0.9990338302916304, "max_depth": 5.0, "min_child_weight": 3.0}, "datetime": {"datetime": "2020-04-27 10:38:28", "elapsed": 606.248155, "delta": 1.987467}}
{"target": 0.6500978, "params": {"alpha": 0.6856902563057183, "lam": 0.9997442399887938, "max_depth": 5.0, "min_child_weight": 3.0}, "datetime": {"datetime": "2020-04-27 10:38:30", "elapsed": 608.422446, "delta": 2.174291}}
{"target": 0.6500961999999999, "params": {"alpha": 0.916500980732405, "lam": 0.9998219586768237, "max_depth": 5.0, "min_child_weight": 3.0}, "datetime": {"datetime": "2020-04-27 10:38:32", "elapsed": 610.444922, "delta": 2.022476}}
{"target": 0.650096, "params": {"alpha": 0.9975448773465079, "lam": 0.9997280249683663, "max_depth": 5.0, "min_child_weight": 3.0}, "datetime": {"datetime": "2020-04-27 10:38:34", "elapsed": 612.464428, "delta": 2.019506}}
{"target": 0.6500968, "params": {"alpha": 0.8520210199872088, "lam": 0.9998086544397177, "max_depth": 5.0, "min_child_weight": 3.0}, "datetime": {"datetime": "2020-04-27 10:38:36", "elapsed": 614.40574, "delta": 1.941312}}
{"target": 0.6500978, "params": {"alpha": 0.6754962903540197, "lam": 0.9998793772111101, "max_depth": 5.0, "min_child_weight": 3.0}, "datetime": {"datetime": "2020-04-27 10:38:38", "elapsed": 616.568962, "delta": 2.163222}}
{"target": 0.6500964, "params": {"alpha": 0.9046709372939793, "lam": 0.9996634024323628, "max_depth": 5.0, "min_child_weight": 3.0}, "datetime": {"datetime": "2020-04-27 10:38:40", "elapsed": 618.618924, "delta": 2.049962}}
{"target": 0.6500974000000002, "params": {"alpha": 0.706967406986813, "lam": 0.9994111429767567, "max_depth": 5.0, "min_child_weight": 3.0}, "datetime": {"datetime": "2020-04-27 10:38:42", "elapsed": 620.653684, "delta": 2.03476}}
{"target": 0.650097, "params": {"alpha": 0.7934653888031484, "lam": 0.9999304613714364, "max_depth": 5.0, "min_child_weight": 3.0}, "datetime": {"datetime": "2020-04-27 10:38:44", "elapsed": 622.616946, "delta": 1.963262}}
{"target": 0.650097, "params": {"alpha": 0.8107724686107265, "lam": 0.9997353777772465, "max_depth": 5.0, "min_child_weight": 3.0}, "datetime": {"datetime": "2020-04-27 10:38:46", "elapsed": 624.649816, "delta": 2.03287}}
{"target": 0.6500982000000001, "params": {"alpha": 0.5889515046207231, "lam": 0.9993555853630575, "max_depth": 5.0, "min_child_weight": 3.0}, "datetime": {"datetime": "2020-04-27 10:38:48", "elapsed": 626.710681, "delta": 2.060865}}
{"target": 0.6500982, "params": {"alpha": 0.6351971594775487, "lam": 0.9997049627003739, "max_depth": 5.0, "min_child_weight": 3.0}, "datetime": {"datetime": "2020-04-27 10:38:50", "elapsed": 628.752554, "delta": 2.041873}}
{"target": 0.6500988000000001, "params": {"alpha": 0.4941760776648303, "lam": 0.9997177431559999, "max_depth": 5.0, "min_child_weight": 3.0}, "datetime": {"datetime": "2020-04-27 10:38:52", "elapsed": 630.709543, "delta": 1.956989}}
{"target": 0.6500958, "params": {"alpha": 0.9846419638777676, "lam": 0.99995824792161, "max_depth": 5.0, "min_child_weight": 3.0}, "datetime": {"datetime": "2020-04-27 10:38:54", "elapsed": 632.773833, "delta": 2.06429}}
{"target": 0.6500980000000001, "params": {"alpha": 0.6421695648147643, "lam": 0.9997642743352155, "max_depth": 5.0, "min_child_weight": 3.0}, "datetime": {"datetime": "2020-04-27 10:38:56", "elapsed": 634.768008, "delta": 1.994175}}
{"target": 0.6500986, "params": {"alpha": 0.5674323880426524, "lam": 0.9999633245817316, "max_depth": 5.0, "min_child_weight": 3.0}, "datetime": {"datetime": "2020-04-27 10:38:59", "elapsed": 636.891918, "delta": 2.12391}}
{"target": 0.6500988, "params": {"alpha": 0.4760260141140895, "lam": 0.9995813886092354, "max_depth": 5.0, "min_child_weight": 3.0}, "datetime": {"datetime": "2020-04-27 10:39:01", "elapsed": 638.995926, "delta": 2.104008}}
{"target": 0.6500988, "params": {"alpha": 0.4760260141140895, "lam": 0.9995813886092354, "max_depth": 5.0, "min_child_weight": 3.0}, "datetime": {"datetime": "2020-04-27 10:39:02", "elapsed": 640.090119, "delta": 1.094193}}
{"target": 0.6500984, "params": {"alpha": 0.5705577235355085, "lam": 0.9997436598796972, "max_depth": 5.0, "min_child_weight": 3.0}, "datetime": {"datetime": "2020-04-27 10:39:04", "elapsed": 642.193386, "delta": 2.103267}}
{"target": 0.6500984, "params": {"alpha": 0.5705577235355085, "lam": 0.9997436598796972, "max_depth": 5.0, "min_child_weight": 3.0}, "datetime": {"datetime": "2020-04-27 10:39:05", "elapsed": 643.061617, "delta": 0.868231}}
{"target": 0.6500990000000001, "params": {"alpha": 0.49216151604274794, "lam": 0.9997678288540176, "max_depth": 5.0, "min_child_weight": 3.0}, "datetime": {"datetime": "2020-04-27 10:39:07", "elapsed": 645.232908, "delta": 2.171291}}
{"target": 0.650097, "params": {"alpha": 0.800638257794602, "lam": 0.9997803209400865, "max_depth": 5.0, "min_child_weight": 3.0}, "datetime": {"datetime": "2020-04-27 10:39:09", "elapsed": 647.22696, "delta": 1.994052}}
{"target": 0.6500968, "params": {"alpha": 0.8657790925680022, "lam": 0.9997348585023863, "max_depth": 5.0, "min_child_weight": 3.0}, "datetime": {"datetime": "2020-04-27 10:39:11", "elapsed": 649.206536, "delta": 1.979576}}
{"target": 0.6500958, "params": {"alpha": 1.0, "lam": 0.9999964461601203, "max_depth": 5.0, "min_child_weight": 3.0}, "datetime": {"datetime": "2020-04-27 10:39:13", "elapsed": 651.241302, "delta": 2.034766}}
{"target": 0.6500962000000001, "params": {"alpha": 0.9150143019869229, "lam": 0.9995715808707173, "max_depth": 5.0, "min_child_weight": 3.0}, "datetime": {"datetime": "2020-04-27 10:39:15", "elapsed": 653.450776, "delta": 2.209474}}
{"target": 0.6500962000000001, "params": {"alpha": 0.9150143019869229, "lam": 0.9995715808707173, "max_depth": 5.0, "min_child_weight": 3.0}, "datetime": {"datetime": "2020-04-27 10:39:16", "elapsed": 654.408235, "delta": 0.957459}}
{"target": 0.650097, "params": {"alpha": 0.8184905877508396, "lam": 0.9997879230673625, "max_depth": 5.0, "min_child_weight": 3.0}, "datetime": {"datetime": "2020-04-27 10:39:18", "elapsed": 656.541432, "delta": 2.133197}}
{"target": 0.650097, "params": {"alpha": 0.8184905877508396, "lam": 0.9997879230673625, "max_depth": 5.0, "min_child_weight": 3.0}, "datetime": {"datetime": "2020-04-27 10:39:19", "elapsed": 657.368041, "delta": 0.826609}}
{"target": 0.6500992, "params": {"alpha": 0.5019656267314621, "lam": 0.9999400212986591, "max_depth": 5.0, "min_child_weight": 3.0}, "datetime": {"datetime": "2020-04-27 10:39:21", "elapsed": 659.504013, "delta": 2.135972}}
{"target": 0.6500984, "params": {"alpha": 0.5516651464634269, "lam": 0.9994276716446979, "max_depth": 5.0, "min_child_weight": 3.0}, "datetime": {"datetime": "2020-04-27 10:39:23", "elapsed": 661.673348, "delta": 2.169335}}
{"target": 0.6500958, "params": {"alpha": 0.9966658196750521, "lam": 0.9998914847276831, "max_depth": 5.0, "min_child_weight": 3.0}, "datetime": {"datetime": "2020-04-27 10:39:25", "elapsed": 663.662748, "delta": 1.9894}}
{"target": 0.6500974, "params": {"alpha": 0.7672851766363722, "lam": 0.9996260703281776, "max_depth": 5.0, "min_child_weight": 3.0}, "datetime": {"datetime": "2020-04-27 10:39:27", "elapsed": 665.754281, "delta": 2.091533}}
{"target": 0.6500972, "params": {"alpha": 0.797487027747307, "lam": 0.9998358034382048, "max_depth": 5.0, "min_child_weight": 3.0}, "datetime": {"datetime": "2020-04-27 10:39:29", "elapsed": 667.764865, "delta": 2.010584}}
{"target": 0.6500984, "params": {"alpha": 0.5644937842684177, "lam": 0.9993766381419473, "max_depth": 5.0, "min_child_weight": 3.0}, "datetime": {"datetime": "2020-04-27 10:39:32", "elapsed": 669.808454, "delta": 2.043589}}
{"target": 0.6500992, "params": {"alpha": 0.4422979087520412, "lam": 0.9997873224571739, "max_depth": 5.0, "min_child_weight": 3.0}, "datetime": {"datetime": "2020-04-27 10:39:34", "elapsed": 671.866801, "delta": 2.058347}}
{"target": 0.650099, "params": {"alpha": 0.45727114894444454, "lam": 0.9997880606582253, "max_depth": 5.0, "min_child_weight": 3.0}, "datetime": {"datetime": "2020-04-27 10:39:36", "elapsed": 673.912964, "delta": 2.046163}}
{"target": 0.6500978, "params": {"alpha": 0.6788369101362031, "lam": 0.9995245160991747, "max_depth": 5.0, "min_child_weight": 3.0}, "datetime": {"datetime": "2020-04-27 10:39:38", "elapsed": 676.161428, "delta": 2.248464}}
{"target": 0.6500984, "params": {"alpha": 0.5844842379718221, "lam": 0.9999908590820864, "max_depth": 5.0, "min_child_weight": 3.0}, "datetime": {"datetime": "2020-04-27 10:39:40", "elapsed": 678.24293, "delta": 2.081502}}
{"target": 0.6500992, "params": {"alpha": 0.4550019248366973, "lam": 0.9999603098326825, "max_depth": 5.0, "min_child_weight": 3.0}, "datetime": {"datetime": "2020-04-27 10:39:42", "elapsed": 680.439083, "delta": 2.196153}}
{"target": 0.6500984, "params": {"alpha": 0.5774040126265397, "lam": 0.9998583962455274, "max_depth": 5.0, "min_child_weight": 3.0}, "datetime": {"datetime": "2020-04-27 10:39:44", "elapsed": 682.493291, "delta": 2.054208}}
{"target": 0.6500969999999999, "params": {"alpha": 0.797280776430137, "lam": 0.9997625978797555, "max_depth": 5.0, "min_child_weight": 3.0}, "datetime": {"datetime": "2020-04-27 10:39:46", "elapsed": 684.570527, "delta": 2.077236}}
{"target": 0.6500973999999999, "params": {"alpha": 0.7738791639090024, "lam": 0.9999497665184088, "max_depth": 5.0, "min_child_weight": 3.0}, "datetime": {"datetime": "2020-04-27 10:39:48", "elapsed": 686.621034, "delta": 2.050507}}
{"target": 0.6500966, "params": {"alpha": 0.8925248464050777, "lam": 0.9999255060864827, "max_depth": 5.0, "min_child_weight": 3.0}, "datetime": {"datetime": "2020-04-27 10:39:50", "elapsed": 688.732877, "delta": 2.111843}}
{"target": 0.6500988000000001, "params": {"alpha": 0.4989219695607576, "lam": 0.9996851656211849, "max_depth": 5.0, "min_child_weight": 3.0}, "datetime": {"datetime": "2020-04-27 10:39:53", "elapsed": 690.821764, "delta": 2.088887}}
{"target": 0.650096, "params": {"alpha": 0.9938952766488947, "lam": 0.9999657403400238, "max_depth": 5.0, "min_child_weight": 3.0}, "datetime": {"datetime": "2020-04-27 10:39:55", "elapsed": 693.045119, "delta": 2.223355}}
{"target": 0.6500974, "params": {"alpha": 0.7474356385105125, "lam": 0.999776681282629, "max_depth": 5.0, "min_child_weight": 3.0}, "datetime": {"datetime": "2020-04-27 10:39:57", "elapsed": 695.116421, "delta": 2.071302}}
{"target": 0.6500994, "params": {"alpha": 0.44806651742813886, "lam": 0.9998967729954076, "max_depth": 5.0, "min_child_weight": 3.0}, "datetime": {"datetime": "2020-04-27 10:39:59", "elapsed": 697.378616, "delta": 2.262195}}
