{"target": 0.603315, "params": {"alpha": 0.2524545645295798, "colsample_bytree": 0.5522312726938792, "lam": 0.9989646052317648, "max_depth": 5.0, "min_child_weight": 3.0, "subsample": 0.7586893633235916}, "datetime": {"datetime": "2020-04-26 11:33:57", "elapsed": 1486.25896, "delta": 3.1862}}
{"target": 0.6138060000000001, "params": {"alpha": 0.2524545645295798, "colsample_bytree": 0.7774830921524188, "lam": 0.9989646052317648, "max_depth": 5.0, "min_child_weight": 3.0, "subsample": 0.6015999493982174}, "datetime": {"datetime": "2020-04-26 11:34:00", "elapsed": 1489.288712, "delta": 3.029752}}
{"target": 0.6128054000000001, "params": {"alpha": 0.2524545645295798, "colsample_bytree": 0.5746850878233687, "lam": 0.9989646052317648, "max_depth": 5.0, "min_child_weight": 3.0, "subsample": 0.83596360029804}, "datetime": {"datetime": "2020-04-26 11:34:04", "elapsed": 1493.377817, "delta": 4.089105}}
{"target": 0.5966539999999999, "params": {"alpha": 0.2524545645295798, "colsample_bytree": 0.8165698320533598, "lam": 0.9989646052317648, "max_depth": 5.0, "min_child_weight": 3.0, "subsample": 0.5230236633437767}, "datetime": {"datetime": "2020-04-26 11:34:08", "elapsed": 1497.245149, "delta": 3.867332}}
{"target": 0.6248392, "params": {"alpha": 0.2524545645295798, "colsample_bytree": 0.899385437400241, "lam": 0.9989646052317648, "max_depth": 5.0, "min_child_weight": 3.0, "subsample": 0.6538807685530469}, "datetime": {"datetime": "2020-04-26 11:34:11", "elapsed": 1500.637676, "delta": 3.392527}}
{"target": 0.6260204, "params": {"alpha": 0.2524545645295798, "colsample_bytree": 0.8813040756867456, "lam": 0.9989646052317648, "max_depth": 5.0, "min_child_weight": 3.0, "subsample": 0.713092820139005}, "datetime": {"datetime": "2020-04-26 11:34:15", "elapsed": 1503.93494, "delta": 3.297264}}
{"target": 0.628184, "params": {"alpha": 0.2524545645295798, "colsample_bytree": 0.7393054587700291, "lam": 0.9989646052317648, "max_depth": 5.0, "min_child_weight": 3.0, "subsample": 0.7283016378934173}, "datetime": {"datetime": "2020-04-26 11:34:18", "elapsed": 1507.285628, "delta": 3.350688}}
{"target": 0.6162053999999999, "params": {"alpha": 0.2524545645295798, "colsample_bytree": 0.7327990786761187, "lam": 0.9989646052317648, "max_depth": 5.0, "min_child_weight": 3.0, "subsample": 0.5263528959011192}, "datetime": {"datetime": "2020-04-26 11:34:22", "elapsed": 1511.357321, "delta": 4.071693}}
{"target": 0.6123016000000001, "params": {"alpha": 0.2524545645295798, "colsample_bytree": 0.5997897535876225, "lam": 0.9989646052317648, "max_depth": 5.0, "min_child_weight": 3.0, "subsample": 0.8996719555468116}, "datetime": {"datetime": "2020-04-26 11:34:25", "elapsed": 1514.782488, "delta": 3.425167}}
{"target": 0.6164055999999999, "params": {"alpha": 0.2524545645295798, "colsample_bytree": 0.681158130519317, "lam": 0.9989646052317648, "max_depth": 5.0, "min_child_weight": 3.0, "subsample": 0.519428605035896}, "datetime": {"datetime": "2020-04-26 11:34:29", "elapsed": 1518.670539, "delta": 3.888051}}
{"target": 0.6258794, "params": {"alpha": 0.2524545645295798, "colsample_bytree": 0.6696025302379458, "lam": 0.9989646052317648, "max_depth": 5.0, "min_child_weight": 3.0, "subsample": 0.813333693321624}, "datetime": {"datetime": "2020-04-26 11:34:33", "elapsed": 1522.271194, "delta": 3.600655}}
{"target": 0.624486, "params": {"alpha": 0.2524545645295798, "colsample_bytree": 0.6503402252214886, "lam": 0.9989646052317648, "max_depth": 5.0, "min_child_weight": 3.0, "subsample": 0.7193017183128951}, "datetime": {"datetime": "2020-04-26 11:34:36", "elapsed": 1525.32323, "delta": 3.052036}}
{"target": 0.6238360000000001, "params": {"alpha": 0.2524545645295798, "colsample_bytree": 0.7346402699358212, "lam": 0.9989646052317648, "max_depth": 5.0, "min_child_weight": 3.0, "subsample": 0.7637535146869883}, "datetime": {"datetime": "2020-04-26 11:34:40", "elapsed": 1529.057663, "delta": 3.734433}}
{"target": 0.6231177999999999, "params": {"alpha": 0.2524545645295798, "colsample_bytree": 0.7150970614171092, "lam": 0.9989646052317648, "max_depth": 5.0, "min_child_weight": 3.0, "subsample": 0.7131243588874407}, "datetime": {"datetime": "2020-04-26 11:34:43", "elapsed": 1532.139995, "delta": 3.082332}}
{"target": 0.6422692, "params": {"alpha": 0.2524545645295798, "colsample_bytree": 0.7467470154071845, "lam": 0.9989646052317648, "max_depth": 5.0, "min_child_weight": 3.0, "subsample": 0.7896738949856692}, "datetime": {"datetime": "2020-04-26 11:34:46", "elapsed": 1535.340027, "delta": 3.200032}}
{"target": 0.6307886, "params": {"alpha": 0.2524545645295798, "colsample_bytree": 0.7192058960215395, "lam": 0.9989646052317648, "max_depth": 5.0, "min_child_weight": 3.0, "subsample": 0.6345990241795014}, "datetime": {"datetime": "2020-04-26 11:34:50", "elapsed": 1539.174286, "delta": 3.834259}}
{"target": 0.6372009999999999, "params": {"alpha": 0.2524545645295798, "colsample_bytree": 0.8390816767581057, "lam": 0.9989646052317648, "max_depth": 5.0, "min_child_weight": 3.0, "subsample": 0.7644588843815427}, "datetime": {"datetime": "2020-04-26 11:34:54", "elapsed": 1543.564581, "delta": 4.390295}}
{"target": 0.6329064000000001, "params": {"alpha": 0.2524545645295798, "colsample_bytree": 0.8738650418407342, "lam": 0.9989646052317648, "max_depth": 5.0, "min_child_weight": 3.0, "subsample": 0.766281167127368}, "datetime": {"datetime": "2020-04-26 11:34:58", "elapsed": 1547.639767, "delta": 4.075186}}
{"target": 0.5985248000000001, "params": {"alpha": 0.2524545645295798, "colsample_bytree": 0.5000093345820472, "lam": 0.9989646052317648, "max_depth": 5.0, "min_child_weight": 3.0, "subsample": 0.7992075331330006}, "datetime": {"datetime": "2020-04-26 11:35:01", "elapsed": 1549.960587, "delta": 2.32082}}
{"target": 0.6315614, "params": {"alpha": 0.2524545645295798, "colsample_bytree": 0.7324843563603302, "lam": 0.9989646052317648, "max_depth": 5.0, "min_child_weight": 3.0, "subsample": 0.8132206029392024}, "datetime": {"datetime": "2020-04-26 11:35:04", "elapsed": 1553.818125, "delta": 3.857538}}
{"target": 0.6101174, "params": {"alpha": 0.2524545645295798, "colsample_bytree": 0.7302128959445426, "lam": 0.9989646052317648, "max_depth": 5.0, "min_child_weight": 3.0, "subsample": 0.6129687124992322}, "datetime": {"datetime": "2020-04-26 11:35:09", "elapsed": 1557.973419, "delta": 4.155294}}
{"target": 0.621185, "params": {"alpha": 0.2524545645295798, "colsample_bytree": 0.7348598365860977, "lam": 0.9989646052317648, "max_depth": 5.0, "min_child_weight": 3.0, "subsample": 0.6615504037540523}, "datetime": {"datetime": "2020-04-26 11:35:12", "elapsed": 1561.232387, "delta": 3.258968}}
{"target": 0.6227434, "params": {"alpha": 0.2524545645295798, "colsample_bytree": 0.899595077039185, "lam": 0.9989646052317648, "max_depth": 5.0, "min_child_weight": 3.0, "subsample": 0.7088878231955568}, "datetime": {"datetime": "2020-04-26 11:35:15", "elapsed": 1564.175232, "delta": 2.942845}}
{"target": 0.600595, "params": {"alpha": 0.2524545645295798, "colsample_bytree": 0.6056440872517561, "lam": 0.9989646052317648, "max_depth": 5.0, "min_child_weight": 3.0, "subsample": 0.7187427831610373}, "datetime": {"datetime": "2020-04-26 11:35:19", "elapsed": 1568.557993, "delta": 4.382761}}
{"target": 0.5867998, "params": {"alpha": 0.2524545645295798, "colsample_bytree": 0.5009721100781106, "lam": 0.9989646052317648, "max_depth": 5.0, "min_child_weight": 3.0, "subsample": 0.6455785170792462}, "datetime": {"datetime": "2020-04-26 11:35:23", "elapsed": 1572.700968, "delta": 4.142975}}
{"target": 0.6360176000000001, "params": {"alpha": 0.2524545645295798, "colsample_bytree": 0.7576949204115517, "lam": 0.9989646052317648, "max_depth": 5.0, "min_child_weight": 3.0, "subsample": 0.777113996285576}, "datetime": {"datetime": "2020-04-26 11:35:27", "elapsed": 1576.738803, "delta": 4.037835}}
{"target": 0.6260694, "params": {"alpha": 0.2524545645295798, "colsample_bytree": 0.7633323781462975, "lam": 0.9989646052317648, "max_depth": 5.0, "min_child_weight": 3.0, "subsample": 0.7162947209515655}, "datetime": {"datetime": "2020-04-26 11:35:31", "elapsed": 1580.623848, "delta": 3.885045}}
{"target": 0.6327579999999999, "params": {"alpha": 0.2524545645295798, "colsample_bytree": 0.8764061637791034, "lam": 0.9989646052317648, "max_depth": 5.0, "min_child_weight": 3.0, "subsample": 0.5015573830104141}, "datetime": {"datetime": "2020-04-26 11:35:35", "elapsed": 1584.701129, "delta": 4.077281}}
{"target": 0.6158362, "params": {"alpha": 0.2524545645295798, "colsample_bytree": 0.6964282878785847, "lam": 0.9989646052317648, "max_depth": 5.0, "min_child_weight": 3.0, "subsample": 0.6434129169002748}, "datetime": {"datetime": "2020-04-26 11:35:39", "elapsed": 1588.544883, "delta": 3.843754}}
{"target": 0.6034372, "params": {"alpha": 0.2524545645295798, "colsample_bytree": 0.6557099061378986, "lam": 0.9989646052317648, "max_depth": 5.0, "min_child_weight": 3.0, "subsample": 0.6170051831898555}, "datetime": {"datetime": "2020-04-26 11:35:43", "elapsed": 1592.440392, "delta": 3.895509}}
{"target": 0.615505, "params": {"alpha": 0.2524545645295798, "colsample_bytree": 0.6638294879024094, "lam": 0.9989646052317648, "max_depth": 5.0, "min_child_weight": 3.0, "subsample": 0.6770218689434855}, "datetime": {"datetime": "2020-04-26 11:35:47", "elapsed": 1595.938824, "delta": 3.498432}}
{"target": 0.6317724, "params": {"alpha": 0.2524545645295798, "colsample_bytree": 0.8767416408299724, "lam": 0.9989646052317648, "max_depth": 5.0, "min_child_weight": 3.0, "subsample": 0.8709987666050922}, "datetime": {"datetime": "2020-04-26 11:35:50", "elapsed": 1599.88581, "delta": 3.946986}}
{"target": 0.6403396000000001, "params": {"alpha": 0.2524545645295798, "colsample_bytree": 0.7098362842815696, "lam": 0.9989646052317648, "max_depth": 5.0, "min_child_weight": 3.0, "subsample": 0.8541012249460904}, "datetime": {"datetime": "2020-04-26 11:35:56", "elapsed": 1605.536322, "delta": 5.650512}}
{"target": 0.6292634, "params": {"alpha": 0.2524545645295798, "colsample_bytree": 0.7817106217259385, "lam": 0.9989646052317648, "max_depth": 5.0, "min_child_weight": 3.0, "subsample": 0.5002406652404544}, "datetime": {"datetime": "2020-04-26 11:36:00", "elapsed": 1609.453527, "delta": 3.917205}}
{"target": 0.5977088, "params": {"alpha": 0.2524545645295798, "colsample_bytree": 0.5726965626942375, "lam": 0.9989646052317648, "max_depth": 5.0, "min_child_weight": 3.0, "subsample": 0.8692540173569603}, "datetime": {"datetime": "2020-04-26 11:36:04", "elapsed": 1613.475517, "delta": 4.02199}}
{"target": 0.6298342, "params": {"alpha": 0.2524545645295798, "colsample_bytree": 0.7045813592417847, "lam": 0.9989646052317648, "max_depth": 5.0, "min_child_weight": 3.0, "subsample": 0.8753894888756721}, "datetime": {"datetime": "2020-04-26 11:36:08", "elapsed": 1617.29643, "delta": 3.820913}}
{"target": 0.6385373999999999, "params": {"alpha": 0.2524545645295798, "colsample_bytree": 0.6978780815034913, "lam": 0.9989646052317648, "max_depth": 5.0, "min_child_weight": 3.0, "subsample": 0.7969802749238382}, "datetime": {"datetime": "2020-04-26 11:36:11", "elapsed": 1620.688641, "delta": 3.392211}}
{"target": 0.6132337999999999, "params": {"alpha": 0.2524545645295798, "colsample_bytree": 0.7736434725266762, "lam": 0.9989646052317648, "max_depth": 5.0, "min_child_weight": 3.0, "subsample": 0.5684392349102572}, "datetime": {"datetime": "2020-04-26 11:36:16", "elapsed": 1625.183122, "delta": 4.494481}}
{"target": 0.6272422000000001, "params": {"alpha": 0.2524545645295798, "colsample_bytree": 0.684246785300442, "lam": 0.9989646052317648, "max_depth": 5.0, "min_child_weight": 3.0, "subsample": 0.858939618352683}, "datetime": {"datetime": "2020-04-26 11:36:20", "elapsed": 1629.567065, "delta": 4.383943}}
{"target": 0.5964385999999999, "params": {"alpha": 0.2524545645295798, "colsample_bytree": 0.5399884784147186, "lam": 0.9989646052317648, "max_depth": 5.0, "min_child_weight": 3.0, "subsample": 0.6003940833034551}, "datetime": {"datetime": "2020-04-26 11:36:24", "elapsed": 1633.486682, "delta": 3.919617}}
{"target": 0.610483, "params": {"alpha": 0.2524545645295798, "colsample_bytree": 0.6061090206730362, "lam": 0.9989646052317648, "max_depth": 5.0, "min_child_weight": 3.0, "subsample": 0.8233041248797797}, "datetime": {"datetime": "2020-04-26 11:36:28", "elapsed": 1637.46207, "delta": 3.975388}}
{"target": 0.6086824, "params": {"alpha": 0.2524545645295798, "colsample_bytree": 0.5316485660272622, "lam": 0.9989646052317648, "max_depth": 5.0, "min_child_weight": 3.0, "subsample": 0.898835588393246}, "datetime": {"datetime": "2020-04-26 11:36:33", "elapsed": 1642.02034, "delta": 4.55827}}
{"target": 0.6319958, "params": {"alpha": 0.2524545645295798, "colsample_bytree": 0.736030510844036, "lam": 0.9989646052317648, "max_depth": 5.0, "min_child_weight": 3.0, "subsample": 0.8995755260050367}, "datetime": {"datetime": "2020-04-26 11:36:36", "elapsed": 1645.578882, "delta": 3.558542}}
{"target": 0.6149777999999999, "params": {"alpha": 0.2524545645295798, "colsample_bytree": 0.8994414994458806, "lam": 0.9989646052317648, "max_depth": 5.0, "min_child_weight": 3.0, "subsample": 0.5590857905659918}, "datetime": {"datetime": "2020-04-26 11:36:39", "elapsed": 1648.826607, "delta": 3.247725}}
{"target": 0.612588, "params": {"alpha": 0.2524545645295798, "colsample_bytree": 0.8686179869884867, "lam": 0.9989646052317648, "max_depth": 5.0, "min_child_weight": 3.0, "subsample": 0.5212418380720181}, "datetime": {"datetime": "2020-04-26 11:36:45", "elapsed": 1653.996949, "delta": 5.170342}}
{"target": 0.6405700000000001, "params": {"alpha": 0.2524545645295798, "colsample_bytree": 0.8193201923348448, "lam": 0.9989646052317648, "max_depth": 5.0, "min_child_weight": 3.0, "subsample": 0.7731874766178649}, "datetime": {"datetime": "2020-04-26 11:36:49", "elapsed": 1658.852291, "delta": 4.855342}}
{"target": 0.6311608, "params": {"alpha": 0.2524545645295798, "colsample_bytree": 0.7468540282740258, "lam": 0.9989646052317648, "max_depth": 5.0, "min_child_weight": 3.0, "subsample": 0.8548463904866359}, "datetime": {"datetime": "2020-04-26 11:36:53", "elapsed": 1662.696843, "delta": 3.844552}}
{"target": 0.6473658, "params": {"alpha": 0.2524545645295798, "colsample_bytree": 0.7880022462559972, "lam": 0.9989646052317648, "max_depth": 5.0, "min_child_weight": 3.0, "subsample": 0.8348403747070368}, "datetime": {"datetime": "2020-04-26 11:36:58", "elapsed": 1667.070162, "delta": 4.373319}}
{"target": 0.6333219999999999, "params": {"alpha": 0.2524545645295798, "colsample_bytree": 0.7845205108368761, "lam": 0.9989646052317648, "max_depth": 5.0, "min_child_weight": 3.0, "subsample": 0.8498455386254207}, "datetime": {"datetime": "2020-04-26 11:37:02", "elapsed": 1671.123658, "delta": 4.053496}}
{"target": 0.6477844, "params": {"alpha": 0.2524545645295798, "colsample_bytree": 0.7990395357811763, "lam": 0.9989646052317648, "max_depth": 5.0, "min_child_weight": 3.0, "subsample": 0.8307582145854686}, "datetime": {"datetime": "2020-04-26 11:37:06", "elapsed": 1675.261042, "delta": 4.137384}}
{"target": 0.6426803999999999, "params": {"alpha": 0.2524545645295798, "colsample_bytree": 0.7876268255141944, "lam": 0.9989646052317648, "max_depth": 5.0, "min_child_weight": 3.0, "subsample": 0.8269368924986216}, "datetime": {"datetime": "2020-04-26 11:37:09", "elapsed": 1678.665979, "delta": 3.404937}}
{"target": 0.6121926, "params": {"alpha": 0.2524545645295798, "colsample_bytree": 0.5887380517465561, "lam": 0.9989646052317648, "max_depth": 5.0, "min_child_weight": 3.0, "subsample": 0.7549270780372319}, "datetime": {"datetime": "2020-04-26 11:37:14", "elapsed": 1683.398433, "delta": 4.732454}}
{"target": 0.6312076, "params": {"alpha": 0.2524545645295798, "colsample_bytree": 0.6784015011057604, "lam": 0.9989646052317648, "max_depth": 5.0, "min_child_weight": 3.0, "subsample": 0.5003028384615801}, "datetime": {"datetime": "2020-04-26 11:37:18", "elapsed": 1687.533465, "delta": 4.135032}}
{"target": 0.6252538000000001, "params": {"alpha": 0.2524545645295798, "colsample_bytree": 0.7012572426637445, "lam": 0.9989646052317648, "max_depth": 5.0, "min_child_weight": 3.0, "subsample": 0.7767430143484447}, "datetime": {"datetime": "2020-04-26 11:37:21", "elapsed": 1690.684284, "delta": 3.150819}}
{"target": 0.644137, "params": {"alpha": 0.2524545645295798, "colsample_bytree": 0.7952406345098924, "lam": 0.9989646052317648, "max_depth": 5.0, "min_child_weight": 3.0, "subsample": 0.8337602997436255}, "datetime": {"datetime": "2020-04-26 11:37:25", "elapsed": 1694.30592, "delta": 3.621636}}
{"target": 0.6180540000000001, "params": {"alpha": 0.2524545645295798, "colsample_bytree": 0.6430637306127814, "lam": 0.9989646052317648, "max_depth": 5.0, "min_child_weight": 3.0, "subsample": 0.8337741530214138}, "datetime": {"datetime": "2020-04-26 11:37:28", "elapsed": 1697.36986, "delta": 3.06394}}
{"target": 0.6241842, "params": {"alpha": 0.2524545645295798, "colsample_bytree": 0.6932230741105199, "lam": 0.9989646052317648, "max_depth": 5.0, "min_child_weight": 3.0, "subsample": 0.7339853573198694}, "datetime": {"datetime": "2020-04-26 11:37:31", "elapsed": 1700.688768, "delta": 3.318908}}
{"target": 0.6079304, "params": {"alpha": 0.2524545645295798, "colsample_bytree": 0.6787301614241833, "lam": 0.9989646052317648, "max_depth": 5.0, "min_child_weight": 3.0, "subsample": 0.5775711827319645}, "datetime": {"datetime": "2020-04-26 11:37:35", "elapsed": 1703.984757, "delta": 3.295989}}
{"target": 0.6523202, "params": {"alpha": 0.2524545645295798, "colsample_bytree": 0.8064907779568635, "lam": 0.9989646052317648, "max_depth": 5.0, "min_child_weight": 3.0, "subsample": 0.8312199425960682}, "datetime": {"datetime": "2020-04-26 11:37:38", "elapsed": 1707.288232, "delta": 3.303475}}
{"target": 0.637781, "params": {"alpha": 0.2524545645295798, "colsample_bytree": 0.807690990751943, "lam": 0.9989646052317648, "max_depth": 5.0, "min_child_weight": 3.0, "subsample": 0.8328005797114115}, "datetime": {"datetime": "2020-04-26 11:37:42", "elapsed": 1711.425917, "delta": 4.137685}}
{"target": 0.6044786, "params": {"alpha": 0.2524545645295798, "colsample_bytree": 0.8407491219847567, "lam": 0.9989646052317648, "max_depth": 5.0, "min_child_weight": 3.0, "subsample": 0.5717213589898354}, "datetime": {"datetime": "2020-04-26 11:37:46", "elapsed": 1715.517395, "delta": 4.091478}}
{"target": 0.6158613999999999, "params": {"alpha": 0.2524545645295798, "colsample_bytree": 0.8187806372691393, "lam": 0.9989646052317648, "max_depth": 5.0, "min_child_weight": 3.0, "subsample": 0.6121165167173596}, "datetime": {"datetime": "2020-04-26 11:37:50", "elapsed": 1719.742191, "delta": 4.224796}}
{"target": 0.6457438, "params": {"alpha": 0.2524545645295798, "colsample_bytree": 0.8013653327775676, "lam": 0.9989646052317648, "max_depth": 5.0, "min_child_weight": 3.0, "subsample": 0.8265053836950964}, "datetime": {"datetime": "2020-04-26 11:37:54", "elapsed": 1723.265779, "delta": 3.523588}}
{"target": 0.6318931999999999, "params": {"alpha": 0.2524545645295798, "colsample_bytree": 0.8284622393700556, "lam": 0.9989646052317648, "max_depth": 5.0, "min_child_weight": 3.0, "subsample": 0.7813890733748963}, "datetime": {"datetime": "2020-04-26 11:37:58", "elapsed": 1727.105701, "delta": 3.839922}}
{"target": 0.631333, "params": {"alpha": 0.2524545645295798, "colsample_bytree": 0.8054831106368434, "lam": 0.9989646052317648, "max_depth": 5.0, "min_child_weight": 3.0, "subsample": 0.7706160496575964}, "datetime": {"datetime": "2020-04-26 11:38:01", "elapsed": 1730.729718, "delta": 3.624017}}
{"target": 0.6108802000000001, "params": {"alpha": 0.2524545645295798, "colsample_bytree": 0.7424341726248596, "lam": 0.9989646052317648, "max_depth": 5.0, "min_child_weight": 3.0, "subsample": 0.5510320352615309}, "datetime": {"datetime": "2020-04-26 11:38:06", "elapsed": 1735.060268, "delta": 4.33055}}
{"target": 0.6390781999999999, "params": {"alpha": 0.2524545645295798, "colsample_bytree": 0.6608206705794032, "lam": 0.9989646052317648, "max_depth": 5.0, "min_child_weight": 3.0, "subsample": 0.8716625935116981}, "datetime": {"datetime": "2020-04-26 11:38:10", "elapsed": 1739.074128, "delta": 4.01386}}
{"target": 0.6351694, "params": {"alpha": 0.2524545645295798, "colsample_bytree": 0.8918602692419801, "lam": 0.9989646052317648, "max_depth": 5.0, "min_child_weight": 3.0, "subsample": 0.8508561554406394}, "datetime": {"datetime": "2020-04-26 11:38:16", "elapsed": 1745.158102, "delta": 6.083974}}
{"target": 0.6337246000000001, "params": {"alpha": 0.2524545645295798, "colsample_bytree": 0.8986668150831976, "lam": 0.9989646052317648, "max_depth": 5.0, "min_child_weight": 3.0, "subsample": 0.8818718067351194}, "datetime": {"datetime": "2020-04-26 11:38:20", "elapsed": 1749.465441, "delta": 4.307339}}
{"target": 0.6380082, "params": {"alpha": 0.2524545645295798, "colsample_bytree": 0.6956221430330966, "lam": 0.9989646052317648, "max_depth": 5.0, "min_child_weight": 3.0, "subsample": 0.8995543221610767}, "datetime": {"datetime": "2020-04-26 11:38:25", "elapsed": 1754.266271, "delta": 4.80083}}
{"target": 0.6477844, "params": {"alpha": 0.2524545645295798, "colsample_bytree": 0.7981932083691461, "lam": 0.9989646052317648, "max_depth": 5.0, "min_child_weight": 3.0, "subsample": 0.8307546239642711}, "datetime": {"datetime": "2020-04-26 11:38:29", "elapsed": 1758.584089, "delta": 4.317818}}
{"target": 0.6374326, "params": {"alpha": 0.2524545645295798, "colsample_bytree": 0.8999463655195274, "lam": 0.9989646052317648, "max_depth": 5.0, "min_child_weight": 3.0, "subsample": 0.7636825454767443}, "datetime": {"datetime": "2020-04-26 11:38:33", "elapsed": 1762.388562, "delta": 3.804473}}
{"target": 0.6427468000000001, "params": {"alpha": 0.2524545645295798, "colsample_bytree": 0.7988835314870864, "lam": 0.9989646052317648, "max_depth": 5.0, "min_child_weight": 3.0, "subsample": 0.8295754706453873}, "datetime": {"datetime": "2020-04-26 11:38:37", "elapsed": 1766.354883, "delta": 3.966321}}
