{"target": 0.6437362, "params": {"alpha": 0.0001896395253174754, "lam": 0.9899505909426526, "max_depth": 6.0, "min_child_weight": 9.0}, "datetime": {"datetime": "2020-04-24 23:34:11", "elapsed": 618.366899, "delta": 1.910982}}
{"target": 0.6414146, "params": {"alpha": 0.0009925213574912828, "lam": 0.9953981150796065, "max_depth": 6.0, "min_child_weight": 9.0}, "datetime": {"datetime": "2020-04-24 23:34:13", "elapsed": 620.360656, "delta": 1.993757}}
{"target": 0.6436046, "params": {"alpha": 0.0029089033959487365, "lam": 0.9961385855695059, "max_depth": 6.0, "min_child_weight": 9.0}, "datetime": {"datetime": "2020-04-24 23:34:15", "elapsed": 622.395074, "delta": 2.034418}}
{"target": 0.6432146, "params": {"alpha": 0.0011195012954603456, "lam": 0.9992902130925922, "max_depth": 6.0, "min_child_weight": 9.0}, "datetime": {"datetime": "2020-04-24 23:34:17", "elapsed": 624.168483, "delta": 1.773409}}
{"target": 0.6432118000000001, "params": {"alpha": 0.020033513760865596, "lam": 0.9972610109939457, "max_depth": 6.0, "min_child_weight": 9.0}, "datetime": {"datetime": "2020-04-24 23:34:19", "elapsed": 625.997338, "delta": 1.828855}}
{"target": 0.6436046, "params": {"alpha": 0.00846654088613874, "lam": 0.9960562257423918, "max_depth": 6.0, "min_child_weight": 9.0}, "datetime": {"datetime": "2020-04-24 23:34:20", "elapsed": 627.816321, "delta": 1.818983}}
{"target": 0.6437366, "params": {"alpha": 0.0022832933614872486, "lam": 0.9901595721968363, "max_depth": 6.0, "min_child_weight": 9.0}, "datetime": {"datetime": "2020-04-24 23:34:22", "elapsed": 629.693175, "delta": 1.876854}}
{"target": 0.642925, "params": {"alpha": 0.0012288251628453928, "lam": 0.9892661927588027, "max_depth": 6.0, "min_child_weight": 9.0}, "datetime": {"datetime": "2020-04-24 23:34:24", "elapsed": 631.544683, "delta": 1.851508}}
{"target": 0.6414143999999999, "params": {"alpha": 0.0016706328320108543, "lam": 0.9952082748849206, "max_depth": 6.0, "min_child_weight": 9.0}, "datetime": {"datetime": "2020-04-24 23:34:26", "elapsed": 633.377238, "delta": 1.832555}}
{"target": 0.6432118000000001, "params": {"alpha": 0.017836429087334182, "lam": 0.9972449689033605, "max_depth": 6.0, "min_child_weight": 9.0}, "datetime": {"datetime": "2020-04-24 23:34:28", "elapsed": 635.226424, "delta": 1.849186}}
{"target": 0.6432146, "params": {"alpha": 0.009159790634993392, "lam": 0.9992758145819263, "max_depth": 6.0, "min_child_weight": 9.0}, "datetime": {"datetime": "2020-04-24 23:34:30", "elapsed": 637.273152, "delta": 2.046728}}
{"target": 0.6432119999999999, "params": {"alpha": 0.037440094456087314, "lam": 0.9974311334525737, "max_depth": 6.0, "min_child_weight": 9.0}, "datetime": {"datetime": "2020-04-24 23:34:32", "elapsed": 639.387437, "delta": 2.114285}}
{"target": 0.6432126, "params": {"alpha": 0.0021903218019105886, "lam": 0.9978129153352943, "max_depth": 6.0, "min_child_weight": 9.0}, "datetime": {"datetime": "2020-04-24 23:34:34", "elapsed": 641.371675, "delta": 1.984238}}
{"target": 0.6414105999999999, "params": {"alpha": 0.0039803755698473164, "lam": 0.9929763370000085, "max_depth": 6.0, "min_child_weight": 9.0}, "datetime": {"datetime": "2020-04-24 23:34:36", "elapsed": 643.359368, "delta": 1.987693}}
{"target": 0.6431912, "params": {"alpha": 0.0048036534055406754, "lam": 0.987763037885415, "max_depth": 6.0, "min_child_weight": 9.0}, "datetime": {"datetime": "2020-04-24 23:34:38", "elapsed": 645.464252, "delta": 2.104884}}
{"target": 0.6429252, "params": {"alpha": 0.00011233611508032482, "lam": 0.989256098880174, "max_depth": 6.0, "min_child_weight": 9.0}, "datetime": {"datetime": "2020-04-24 23:34:40", "elapsed": 647.28626, "delta": 1.822008}}
{"target": 0.6432114, "params": {"alpha": 0.004305225356549314, "lam": 0.9969806685529125, "max_depth": 6.0, "min_child_weight": 9.0}, "datetime": {"datetime": "2020-04-24 23:34:42", "elapsed": 649.643423, "delta": 2.357163}}
{"target": 0.6432148, "params": {"alpha": 0.004538201391129593, "lam": 0.9993706046987614, "max_depth": 6.0, "min_child_weight": 9.0}, "datetime": {"datetime": "2020-04-24 23:34:44", "elapsed": 651.834526, "delta": 2.191103}}
{"target": 0.6436046, "params": {"alpha": 0.021059904844258015, "lam": 0.9961262123899164, "max_depth": 6.0, "min_child_weight": 9.0}, "datetime": {"datetime": "2020-04-24 23:34:47", "elapsed": 654.198602, "delta": 2.364076}}
{"target": 0.643605, "params": {"alpha": 0.010939347519838716, "lam": 0.996350296550266, "max_depth": 6.0, "min_child_weight": 9.0}, "datetime": {"datetime": "2020-04-24 23:34:49", "elapsed": 656.445282, "delta": 2.24668}}
{"target": 0.6432135999999999, "params": {"alpha": 0.006818365856986919, "lam": 0.9985473625785299, "max_depth": 6.0, "min_child_weight": 9.0}, "datetime": {"datetime": "2020-04-24 23:34:52", "elapsed": 658.889852, "delta": 2.44457}}
{"target": 0.6414139999999999, "params": {"alpha": 0.0028451803307950607, "lam": 0.9950636699783985, "max_depth": 6.0, "min_child_weight": 9.0}, "datetime": {"datetime": "2020-04-24 23:34:54", "elapsed": 660.946429, "delta": 2.056577}}
{"target": 0.6414143999999999, "params": {"alpha": 0.0021336808148514352, "lam": 0.995356210987922, "max_depth": 6.0, "min_child_weight": 9.0}, "datetime": {"datetime": "2020-04-24 23:34:56", "elapsed": 663.152818, "delta": 2.206389}}
{"target": 0.6414108, "params": {"alpha": 0.015202519172766937, "lam": 0.9929899135738871, "max_depth": 6.0, "min_child_weight": 9.0}, "datetime": {"datetime": "2020-04-24 23:34:58", "elapsed": 665.518449, "delta": 2.365631}}
{"target": 0.6414148, "params": {"alpha": 0.0008835716261150761, "lam": 0.9955423253048298, "max_depth": 6.0, "min_child_weight": 9.0}, "datetime": {"datetime": "2020-04-24 23:35:00", "elapsed": 667.703669, "delta": 2.18522}}
{"target": 0.6432148, "params": {"alpha": 0.007038287818738276, "lam": 0.9994237749537813, "max_depth": 6.0, "min_child_weight": 9.0}, "datetime": {"datetime": "2020-04-24 23:35:03", "elapsed": 669.899505, "delta": 2.195836}}
{"target": 0.6432128, "params": {"alpha": 0.016438894226584955, "lam": 0.9979547397978483, "max_depth": 6.0, "min_child_weight": 9.0}, "datetime": {"datetime": "2020-04-24 23:35:05", "elapsed": 672.607551, "delta": 2.708046}}
{"target": 0.6432155999999999, "params": {"alpha": 0.001144364831189959, "lam": 0.9997215514866648, "max_depth": 6.0, "min_child_weight": 9.0}, "datetime": {"datetime": "2020-04-24 23:35:08", "elapsed": 674.870196, "delta": 2.262645}}
{"target": 0.6414128, "params": {"alpha": 0.007036605506678062, "lam": 0.9941732928609183, "max_depth": 6.0, "min_child_weight": 9.0}, "datetime": {"datetime": "2020-04-24 23:35:10", "elapsed": 677.159973, "delta": 2.289777}}
{"target": 0.6414104, "params": {"alpha": 0.0068795759221044195, "lam": 0.9927074357341369, "max_depth": 6.0, "min_child_weight": 9.0}, "datetime": {"datetime": "2020-04-24 23:35:12", "elapsed": 679.548329, "delta": 2.388356}}
{"target": 0.6432146000000001, "params": {"alpha": 0.007406751237913456, "lam": 0.9990362718596372, "max_depth": 6.0, "min_child_weight": 9.0}, "datetime": {"datetime": "2020-04-24 23:35:14", "elapsed": 681.64826, "delta": 2.099931}}
{"target": 0.6431878, "params": {"alpha": 0.004439830373131226, "lam": 0.9861006776735942, "max_depth": 6.0, "min_child_weight": 9.0}, "datetime": {"datetime": "2020-04-24 23:35:17", "elapsed": 684.440827, "delta": 2.792567}}
{"target": 0.6436046, "params": {"alpha": 0.016156671430306302, "lam": 0.9960144518650199, "max_depth": 6.0, "min_child_weight": 9.0}, "datetime": {"datetime": "2020-04-24 23:35:20", "elapsed": 686.874577, "delta": 2.43375}}
{"target": 0.643192, "params": {"alpha": 0.002809984228831164, "lam": 0.9881795381137408, "max_depth": 6.0, "min_child_weight": 9.0}, "datetime": {"datetime": "2020-04-24 23:35:21", "elapsed": 688.836619, "delta": 1.962042}}
{"target": 0.6436048, "params": {"alpha": 0.002279751598077029, "lam": 0.996060614533613, "max_depth": 6.0, "min_child_weight": 9.0}, "datetime": {"datetime": "2020-04-24 23:35:24", "elapsed": 691.11165, "delta": 2.275031}}
{"target": 0.6432133999999999, "params": {"alpha": 0.032047270815712015, "lam": 0.9982715474856715, "max_depth": 6.0, "min_child_weight": 9.0}, "datetime": {"datetime": "2020-04-24 23:35:26", "elapsed": 693.770501, "delta": 2.658851}}
{"target": 0.6432122, "params": {"alpha": 0.01584443821962056, "lam": 0.9975951338431408, "max_depth": 6.0, "min_child_weight": 9.0}, "datetime": {"datetime": "2020-04-24 23:35:29", "elapsed": 696.271953, "delta": 2.501452}}
{"target": 0.6432148, "params": {"alpha": 0.0074433549307513225, "lam": 0.9993461404538718, "max_depth": 6.0, "min_child_weight": 9.0}, "datetime": {"datetime": "2020-04-24 23:35:31", "elapsed": 698.606642, "delta": 2.334689}}
{"target": 0.6432155999999999, "params": {"alpha": 0.023528338213301914, "lam": 0.9996080489943437, "max_depth": 6.0, "min_child_weight": 9.0}, "datetime": {"datetime": "2020-04-24 23:35:34", "elapsed": 700.930679, "delta": 2.324037}}
{"target": 0.6437356, "params": {"alpha": 0.006243616873352731, "lam": 0.989770288006576, "max_depth": 6.0, "min_child_weight": 9.0}, "datetime": {"datetime": "2020-04-24 23:35:36", "elapsed": 703.607973, "delta": 2.677294}}
{"target": 0.6432156, "params": {"alpha": 0.02425030047853216, "lam": 0.9999206657781805, "max_depth": 6.0, "min_child_weight": 9.0}, "datetime": {"datetime": "2020-04-24 23:35:39", "elapsed": 705.926515, "delta": 2.318542}}
{"target": 0.6432119999999999, "params": {"alpha": 0.028895345380188675, "lam": 0.9974054423656574, "max_depth": 6.0, "min_child_weight": 9.0}, "datetime": {"datetime": "2020-04-24 23:35:41", "elapsed": 708.827567, "delta": 2.901052}}
{"target": 0.6432128, "params": {"alpha": 0.012285889196648858, "lam": 0.9978591938494697, "max_depth": 6.0, "min_child_weight": 9.0}, "datetime": {"datetime": "2020-04-24 23:35:44", "elapsed": 711.383231, "delta": 2.555664}}
{"target": 0.6437356, "params": {"alpha": 0.0063745038981841695, "lam": 0.9897566091480628, "max_depth": 6.0, "min_child_weight": 9.0}, "datetime": {"datetime": "2020-04-24 23:35:47", "elapsed": 714.286125, "delta": 2.902894}}
{"target": 0.6432148, "params": {"alpha": 0.006906563281627198, "lam": 0.999379432638453, "max_depth": 6.0, "min_child_weight": 9.0}, "datetime": {"datetime": "2020-04-24 23:35:50", "elapsed": 717.051639, "delta": 2.765514}}
{"target": 0.6432114, "params": {"alpha": 0.013071459073869418, "lam": 0.9970459000022585, "max_depth": 6.0, "min_child_weight": 9.0}, "datetime": {"datetime": "2020-04-24 23:35:53", "elapsed": 719.915147, "delta": 2.863508}}
{"target": 0.6436052, "params": {"alpha": 0.023999138929325148, "lam": 0.9965731006454381, "max_depth": 6.0, "min_child_weight": 9.0}, "datetime": {"datetime": "2020-04-24 23:35:55", "elapsed": 722.671676, "delta": 2.756529}}
{"target": 0.6414126, "params": {"alpha": 0.0056895528377816085, "lam": 0.9940990885060305, "max_depth": 6.0, "min_child_weight": 9.0}, "datetime": {"datetime": "2020-04-24 23:35:58", "elapsed": 725.10241, "delta": 2.430734}}
{"target": 0.6432146, "params": {"alpha": 0.005150154873736379, "lam": 0.9992797051401475, "max_depth": 6.0, "min_child_weight": 9.0}, "datetime": {"datetime": "2020-04-24 23:36:01", "elapsed": 727.921832, "delta": 2.819422}}
{"target": 0.6414142, "params": {"alpha": 0.002206724558310391, "lam": 0.9949473116395496, "max_depth": 6.0, "min_child_weight": 9.0}, "datetime": {"datetime": "2020-04-24 23:36:03", "elapsed": 730.772023, "delta": 2.850191}}
{"target": 0.6432114, "params": {"alpha": 0.004998672663792281, "lam": 0.9969867654072105, "max_depth": 6.0, "min_child_weight": 9.0}, "datetime": {"datetime": "2020-04-24 23:36:06", "elapsed": 733.49041, "delta": 2.718387}}
{"target": 0.6436052, "params": {"alpha": 0.02104166101452043, "lam": 0.9964660201422337, "max_depth": 6.0, "min_child_weight": 9.0}, "datetime": {"datetime": "2020-04-24 23:36:09", "elapsed": 736.382473, "delta": 2.892063}}
{"target": 0.6414132, "params": {"alpha": 0.01089123744924192, "lam": 0.9944867176345753, "max_depth": 6.0, "min_child_weight": 9.0}, "datetime": {"datetime": "2020-04-24 23:36:12", "elapsed": 739.133692, "delta": 2.751219}}
{"target": 0.643737, "params": {"alpha": 0.0037608592371743965, "lam": 0.9904656097771231, "max_depth": 6.0, "min_child_weight": 9.0}, "datetime": {"datetime": "2020-04-24 23:36:15", "elapsed": 741.898403, "delta": 2.764711}}
{"target": 0.643213, "params": {"alpha": 0.005062731600532944, "lam": 0.998138133562846, "max_depth": 6.0, "min_child_weight": 9.0}, "datetime": {"datetime": "2020-04-24 23:36:17", "elapsed": 744.844483, "delta": 2.94608}}
{"target": 0.6436052, "params": {"alpha": 0.0011217215615815235, "lam": 0.9964816078176414, "max_depth": 6.0, "min_child_weight": 9.0}, "datetime": {"datetime": "2020-04-24 23:36:20", "elapsed": 747.834083, "delta": 2.9896}}
{"target": 0.6432118, "params": {"alpha": 0.01297429468133282, "lam": 0.997132613558492, "max_depth": 6.0, "min_child_weight": 9.0}, "datetime": {"datetime": "2020-04-24 23:36:23", "elapsed": 750.723979, "delta": 2.889896}}
{"target": 0.6414135999999999, "params": {"alpha": 0.049145150967614626, "lam": 0.9948294342572707, "max_depth": 6.0, "min_child_weight": 9.0}, "datetime": {"datetime": "2020-04-24 23:36:26", "elapsed": 753.627735, "delta": 2.903756}}
{"target": 0.6431932, "params": {"alpha": 0.0030306291652008044, "lam": 0.9887366851009197, "max_depth": 6.0, "min_child_weight": 9.0}, "datetime": {"datetime": "2020-04-24 23:36:29", "elapsed": 756.183489, "delta": 2.555754}}
{"target": 0.6432118, "params": {"alpha": 0.011904817679615265, "lam": 0.9972425101863166, "max_depth": 6.0, "min_child_weight": 9.0}, "datetime": {"datetime": "2020-04-24 23:36:31", "elapsed": 758.853553, "delta": 2.670064}}
{"target": 0.6414139999999999, "params": {"alpha": 0.006096461367212647, "lam": 0.9950612527297501, "max_depth": 6.0, "min_child_weight": 9.0}, "datetime": {"datetime": "2020-04-24 23:36:34", "elapsed": 761.463158, "delta": 2.609605}}
{"target": 0.6432108000000001, "params": {"alpha": 0.052124240879065864, "lam": 0.9966065835528813, "max_depth": 6.0, "min_child_weight": 9.0}, "datetime": {"datetime": "2020-04-24 23:36:37", "elapsed": 764.281387, "delta": 2.818229}}
{"target": 0.6414143999999999, "params": {"alpha": 0.005422278265761582, "lam": 0.9952094097568045, "max_depth": 6.0, "min_child_weight": 9.0}, "datetime": {"datetime": "2020-04-24 23:36:40", "elapsed": 767.342309, "delta": 3.060922}}
{"target": 0.6414128, "params": {"alpha": 0.023846850271030506, "lam": 0.9940719668318517, "max_depth": 6.0, "min_child_weight": 9.0}, "datetime": {"datetime": "2020-04-24 23:36:43", "elapsed": 770.022283, "delta": 2.679974}}
{"target": 0.6414143999999999, "params": {"alpha": 0.0068985543853581355, "lam": 0.9953256860363422, "max_depth": 6.0, "min_child_weight": 9.0}, "datetime": {"datetime": "2020-04-24 23:36:46", "elapsed": 772.91833, "delta": 2.896047}}
{"target": 0.6432122, "params": {"alpha": 0.007460897734382743, "lam": 0.9976036716482948, "max_depth": 6.0, "min_child_weight": 9.0}, "datetime": {"datetime": "2020-04-24 23:36:48", "elapsed": 775.305659, "delta": 2.387329}}
{"target": 0.6414146, "params": {"alpha": 0.01590043450223322, "lam": 0.9953288465713335, "max_depth": 6.0, "min_child_weight": 9.0}, "datetime": {"datetime": "2020-04-24 23:36:51", "elapsed": 778.530776, "delta": 3.225117}}
{"target": 0.6414128, "params": {"alpha": 0.004565467720652139, "lam": 0.9942567387481812, "max_depth": 6.0, "min_child_weight": 9.0}, "datetime": {"datetime": "2020-04-24 23:36:54", "elapsed": 781.323367, "delta": 2.792591}}
{"target": 0.643213, "params": {"alpha": 0.006854867957257982, "lam": 0.9981154749648538, "max_depth": 6.0, "min_child_weight": 9.0}, "datetime": {"datetime": "2020-04-24 23:36:56", "elapsed": 783.789849, "delta": 2.466482}}
{"target": 0.6432128, "params": {"alpha": 0.009699002869862139, "lam": 0.9978553241902108, "max_depth": 6.0, "min_child_weight": 9.0}, "datetime": {"datetime": "2020-04-24 23:36:59", "elapsed": 786.775265, "delta": 2.985416}}
{"target": 0.6432116, "params": {"alpha": 0.016373592665048342, "lam": 0.9970680560066427, "max_depth": 6.0, "min_child_weight": 9.0}, "datetime": {"datetime": "2020-04-24 23:37:02", "elapsed": 789.550984, "delta": 2.775719}}
{"target": 0.641415, "params": {"alpha": 0.008904061400344165, "lam": 0.9956429476310166, "max_depth": 6.0, "min_child_weight": 9.0}, "datetime": {"datetime": "2020-04-24 23:37:05", "elapsed": 792.390051, "delta": 2.839067}}
{"target": 0.6414112, "params": {"alpha": 0.01655579244549321, "lam": 0.9931650314795408, "max_depth": 6.0, "min_child_weight": 9.0}, "datetime": {"datetime": "2020-04-24 23:37:08", "elapsed": 795.276662, "delta": 2.886611}}
{"target": 0.6432153999999999, "params": {"alpha": 0.019829048830334428, "lam": 0.9996081832603585, "max_depth": 6.0, "min_child_weight": 9.0}, "datetime": {"datetime": "2020-04-24 23:37:11", "elapsed": 798.424455, "delta": 3.147793}}
{"target": 0.643213, "params": {"alpha": 0.0023562224882913707, "lam": 0.998077251834698, "max_depth": 6.0, "min_child_weight": 9.0}, "datetime": {"datetime": "2020-04-24 23:37:14", "elapsed": 800.865453, "delta": 2.440998}}
{"target": 0.6414148, "params": {"alpha": 0.017111917082767714, "lam": 0.9955035195620252, "max_depth": 6.0, "min_child_weight": 9.0}, "datetime": {"datetime": "2020-04-24 23:37:16", "elapsed": 803.272055, "delta": 2.406602}}
{"target": 0.6414146, "params": {"alpha": 0.006311771385636433, "lam": 0.9953612058122355, "max_depth": 6.0, "min_child_weight": 9.0}, "datetime": {"datetime": "2020-04-24 23:37:19", "elapsed": 805.999878, "delta": 2.727823}}
{"target": 0.6414137999999999, "params": {"alpha": 0.01913874882996114, "lam": 0.9947391986864885, "max_depth": 6.0, "min_child_weight": 9.0}, "datetime": {"datetime": "2020-04-24 23:37:21", "elapsed": 808.781469, "delta": 2.781591}}
{"target": 0.643215, "params": {"alpha": 0.05108026521439202, "lam": 0.9995237021549443, "max_depth": 6.0, "min_child_weight": 9.0}, "datetime": {"datetime": "2020-04-24 23:37:25", "elapsed": 811.986392, "delta": 3.204923}}
{"target": 0.6414143999999999, "params": {"alpha": 0.009637791686940789, "lam": 0.995161295246196, "max_depth": 6.0, "min_child_weight": 9.0}, "datetime": {"datetime": "2020-04-24 23:37:27", "elapsed": 814.709147, "delta": 2.722755}}
{"target": 0.6431888000000001, "params": {"alpha": 0.006009409007532218, "lam": 0.9865796139030043, "max_depth": 6.0, "min_child_weight": 9.0}, "datetime": {"datetime": "2020-04-24 23:37:30", "elapsed": 817.530491, "delta": 2.821344}}
{"target": 0.641413, "params": {"alpha": 0.0028051505245633157, "lam": 0.9943701173833771, "max_depth": 6.0, "min_child_weight": 9.0}, "datetime": {"datetime": "2020-04-24 23:37:33", "elapsed": 820.375364, "delta": 2.844873}}
{"target": 0.6414088, "params": {"alpha": 0.0012981361514947665, "lam": 0.9916582695894374, "max_depth": 6.0, "min_child_weight": 9.0}, "datetime": {"datetime": "2020-04-24 23:37:36", "elapsed": 823.063993, "delta": 2.688629}}
{"target": 0.6436054, "params": {"alpha": 0.026283300112529884, "lam": 0.9964592329912213, "max_depth": 6.0, "min_child_weight": 9.0}, "datetime": {"datetime": "2020-04-24 23:37:38", "elapsed": 825.847967, "delta": 2.783974}}
{"target": 0.6436056, "params": {"alpha": 0.016433043009748793, "lam": 0.9966375620957052, "max_depth": 6.0, "min_child_weight": 9.0}, "datetime": {"datetime": "2020-04-24 23:37:42", "elapsed": 829.069542, "delta": 3.221575}}
{"target": 0.6414139999999999, "params": {"alpha": 0.013560218893352904, "lam": 0.9950070638781952, "max_depth": 6.0, "min_child_weight": 9.0}, "datetime": {"datetime": "2020-04-24 23:37:45", "elapsed": 832.245067, "delta": 3.175525}}
{"target": 0.6431927999999999, "params": {"alpha": 0.007545529395478923, "lam": 0.9886105658126819, "max_depth": 6.0, "min_child_weight": 9.0}, "datetime": {"datetime": "2020-04-24 23:37:48", "elapsed": 835.841249, "delta": 3.596182}}
{"target": 0.6431906, "params": {"alpha": 0.0071976518815011215, "lam": 0.9875806100990351, "max_depth": 6.0, "min_child_weight": 9.0}, "datetime": {"datetime": "2020-04-24 23:37:52", "elapsed": 838.882764, "delta": 3.041515}}
{"target": 0.6432146, "params": {"alpha": 0.00016106610427091272, "lam": 0.9992206471321677, "max_depth": 6.0, "min_child_weight": 9.0}, "datetime": {"datetime": "2020-04-24 23:37:54", "elapsed": 841.801577, "delta": 2.918813}}
{"target": 0.643214, "params": {"alpha": 0.014691023905578748, "lam": 0.9987315001784876, "max_depth": 6.0, "min_child_weight": 9.0}, "datetime": {"datetime": "2020-04-24 23:37:57", "elapsed": 844.692946, "delta": 2.891369}}
{"target": 0.6432156, "params": {"alpha": 0.019118649028146417, "lam": 0.9999304490438695, "max_depth": 6.0, "min_child_weight": 9.0}, "datetime": {"datetime": "2020-04-24 23:38:01", "elapsed": 847.909524, "delta": 3.216578}}
{"target": 0.6431912, "params": {"alpha": 0.04007515290714825, "lam": 0.9876788174391097, "max_depth": 6.0, "min_child_weight": 9.0}, "datetime": {"datetime": "2020-04-24 23:38:03", "elapsed": 850.699848, "delta": 2.790324}}
{"target": 0.6414154, "params": {"alpha": 0.01952776889906016, "lam": 0.9958027267989814, "max_depth": 6.0, "min_child_weight": 9.0}, "datetime": {"datetime": "2020-04-24 23:38:06", "elapsed": 853.568442, "delta": 2.868594}}
{"target": 0.6414145999999998, "params": {"alpha": 0.028143048520051894, "lam": 0.995390509716867, "max_depth": 6.0, "min_child_weight": 9.0}, "datetime": {"datetime": "2020-04-24 23:38:09", "elapsed": 856.392115, "delta": 2.823673}}
{"target": 0.6414134, "params": {"alpha": 0.0025262383371930097, "lam": 0.9946765508825831, "max_depth": 6.0, "min_child_weight": 9.0}, "datetime": {"datetime": "2020-04-24 23:38:12", "elapsed": 859.413094, "delta": 3.020979}}
{"target": 0.6432158, "params": {"alpha": 0.03610996174157832, "lam": 0.99998521641032, "max_depth": 6.0, "min_child_weight": 9.0}, "datetime": {"datetime": "2020-04-24 23:38:16", "elapsed": 862.926793, "delta": 3.513699}}
