{"target": 0.6405982, "params": {"alpha": 0.9072977023749327, "colsample_bytree": 0.8965137860387202, "lam": 0.8237677912612483, "max_depth": 6.349072171758463, "min_child_weight": 4.453465827877135, "subsample": 0.872561491158212}, "datetime": {"datetime": "2020-04-24 22:23:00", "elapsed": 248.563751, "delta": 2.65158}}
{"target": 0.6288414, "params": {"alpha": 0.08153990221863638, "colsample_bytree": 0.8784654649313854, "lam": 0.02269960899938861, "max_depth": 9.873600622219012, "min_child_weight": 6.423164186927465, "subsample": 0.828591478183779}, "datetime": {"datetime": "2020-04-24 22:23:03", "elapsed": 251.241936, "delta": 2.678185}}
{"target": 0.6343286000000001, "params": {"alpha": 0.0325660937111788, "colsample_bytree": 0.8509153373252045, "lam": 0.7897975267725998, "max_depth": 7.243695711033459, "min_child_weight": 6.977355554675961, "subsample": 0.8665695637010982}, "datetime": {"datetime": "2020-04-24 22:23:05", "elapsed": 253.906499, "delta": 2.664563}}
{"target": 0.6289928, "params": {"alpha": 0.024559716524953035, "colsample_bytree": 0.8743740258601285, "lam": 0.5485536152846158, "max_depth": 6.681858175733365, "min_child_weight": 9.293702260989207, "subsample": 0.8711925775619271}, "datetime": {"datetime": "2020-04-24 22:23:08", "elapsed": 256.650471, "delta": 2.743972}}
{"target": 0.630042, "params": {"alpha": 0.9175899903634512, "colsample_bytree": 0.8686659156807582, "lam": 0.04075783914925124, "max_depth": 4.180818000916203, "min_child_weight": 7.349221227052451, "subsample": 0.8775233493545933}, "datetime": {"datetime": "2020-04-24 22:23:11", "elapsed": 259.202171, "delta": 2.5517}}
{"target": 0.6283922000000001, "params": {"alpha": 0.18702866036458193, "colsample_bytree": 0.8999999931066652, "lam": 0.9999999975399191, "max_depth": 7.172769337256847, "min_child_weight": 4.563006857702648, "subsample": 0.899999951932063}, "datetime": {"datetime": "2020-04-24 22:23:14", "elapsed": 262.156048, "delta": 2.953877}}
{"target": 0.6454485999999999, "params": {"alpha": 0.09122117843099564, "colsample_bytree": 0.892112195439767, "lam": 0.18900495510030568, "max_depth": 7.27537854911372, "min_child_weight": 7.552037299385856, "subsample": 0.8995962356703727}, "datetime": {"datetime": "2020-04-24 22:23:17", "elapsed": 265.190589, "delta": 3.034541}}
{"target": 0.6269104, "params": {"alpha": 0.558009925241211, "colsample_bytree": 0.8886911780197841, "lam": 0.03157227241009053, "max_depth": 4.251901607403811, "min_child_weight": 8.555203680207491, "subsample": 0.8849259471538211}, "datetime": {"datetime": "2020-04-24 22:23:20", "elapsed": 268.245789, "delta": 3.0552}}
{"target": 0.6170802, "params": {"alpha": 0.09521001800901929, "colsample_bytree": 0.8921352076964493, "lam": 0.6187803912766964, "max_depth": 4.417215632529906, "min_child_weight": 3.741869157058585, "subsample": 0.8976718220469684}, "datetime": {"datetime": "2020-04-24 22:23:22", "elapsed": 271.059238, "delta": 2.813449}}
{"target": 0.6268816, "params": {"alpha": 0.2513181156463252, "colsample_bytree": 0.8471530851081763, "lam": 0.030076312670340166, "max_depth": 6.685754676217832, "min_child_weight": 7.5061609322319445, "subsample": 0.8821261770969242}, "datetime": {"datetime": "2020-04-24 22:23:26", "elapsed": 274.156302, "delta": 3.097064}}
{"target": 0.6323856, "params": {"alpha": 0.20696819323389815, "colsample_bytree": 0.8094750007248686, "lam": 0.9655031631154282, "max_depth": 7.76766515196774, "min_child_weight": 7.927136437801615, "subsample": 0.8936380391912371}, "datetime": {"datetime": "2020-04-24 22:23:28", "elapsed": 276.667752, "delta": 2.51145}}
{"target": 0.6214008000000002, "params": {"alpha": 0.06367830975291078, "colsample_bytree": 0.87207534412622, "lam": 0.6849855607076731, "max_depth": 3.9484115770785144, "min_child_weight": 7.212911450343781, "subsample": 0.501140686910336}, "datetime": {"datetime": "2020-04-24 22:23:31", "elapsed": 279.233052, "delta": 2.5653}}
{"target": 0.6129206, "params": {"alpha": 0.9999999996489402, "colsample_bytree": 0.8999999994842939, "lam": 0.9999999970613305, "max_depth": 6.612215622157435, "min_child_weight": 1.0000000048625428, "subsample": 0.8999999997892294}, "datetime": {"datetime": "2020-04-24 22:23:34", "elapsed": 282.243175, "delta": 3.010123}}
{"target": 0.6296533999999999, "params": {"alpha": 0.9372547423908775, "colsample_bytree": 0.8873795195107375, "lam": 0.9986407257249336, "max_depth": 8.784899309263782, "min_child_weight": 6.251137152747069, "subsample": 0.560218233551044}, "datetime": {"datetime": "2020-04-24 22:23:36", "elapsed": 285.074496, "delta": 2.831321}}
{"target": 0.6313717999999999, "params": {"alpha": 0.9676748970669512, "colsample_bytree": 0.8937737048444705, "lam": 0.9840984659570855, "max_depth": 5.912851546617474, "min_child_weight": 5.065466897768612, "subsample": 0.8928491326382154}, "datetime": {"datetime": "2020-04-24 22:23:40", "elapsed": 288.119865, "delta": 3.045369}}
{"target": 0.6241218, "params": {"alpha": 0.985705586501948, "colsample_bytree": 0.8619281596458177, "lam": 0.5568784050797084, "max_depth": 6.582373517805079, "min_child_weight": 9.966950035147283, "subsample": 0.6140729471855617}, "datetime": {"datetime": "2020-04-24 22:23:43", "elapsed": 291.240581, "delta": 3.120716}}
{"target": 0.6314246, "params": {"alpha": 0.07568851436158797, "colsample_bytree": 0.8328191976137211, "lam": 0.3080010703678232, "max_depth": 4.89233096429499, "min_child_weight": 6.337177731024906, "subsample": 0.8606726976087213}, "datetime": {"datetime": "2020-04-24 22:23:45", "elapsed": 293.973972, "delta": 2.733391}}
{"target": 0.6312116000000001, "params": {"alpha": 1.6864866291564738e-08, "colsample_bytree": 0.8999999932540536, "lam": 1.0, "max_depth": 9.99999999230987, "min_child_weight": 7.370131245698428, "subsample": 0.8999999962851596}, "datetime": {"datetime": "2020-04-24 22:23:48", "elapsed": 296.879205, "delta": 2.905233}}
{"target": 0.6330458, "params": {"alpha": 0.0839125156309024, "colsample_bytree": 0.8945227546145125, "lam": 0.9726231426144902, "max_depth": 4.452103640164188, "min_child_weight": 9.28204358748959, "subsample": 0.5811180253666722}, "datetime": {"datetime": "2020-04-24 22:23:51", "elapsed": 299.514353, "delta": 2.635148}}
{"target": 0.5990056, "params": {"alpha": 0.07854464705175535, "colsample_bytree": 0.8536762622789025, "lam": 0.04442874476403702, "max_depth": 3.0121501716659713, "min_child_weight": 7.160106645438796, "subsample": 0.6570104372195649}, "datetime": {"datetime": "2020-04-24 22:23:54", "elapsed": 302.321746, "delta": 2.807393}}
{"target": 0.593057, "params": {"alpha": 0.9830723175995334, "colsample_bytree": 0.8949350490422474, "lam": 0.9127838306829376, "max_depth": 3.0508926077600074, "min_child_weight": 8.022620640179186, "subsample": 0.5268284433507405}, "datetime": {"datetime": "2020-04-24 22:23:56", "elapsed": 304.573774, "delta": 2.252028}}
{"target": 0.6352749999999999, "params": {"alpha": 0.011255740262477887, "colsample_bytree": 0.8978013292296421, "lam": 0.1772982683683343, "max_depth": 5.715588886306966, "min_child_weight": 8.691322189357667, "subsample": 0.7605810785566558}, "datetime": {"datetime": "2020-04-24 22:23:59", "elapsed": 307.582589, "delta": 3.008815}}
{"target": 0.6302772, "params": {"alpha": 0.020304581219749318, "colsample_bytree": 0.8720468739778251, "lam": 0.9105651277839598, "max_depth": 4.844365524301429, "min_child_weight": 1.0439869802041142, "subsample": 0.8376195450088031}, "datetime": {"datetime": "2020-04-24 22:24:02", "elapsed": 310.252518, "delta": 2.669929}}
{"target": 0.6186046, "params": {"alpha": 0.04908874278245501, "colsample_bytree": 0.5919323926971316, "lam": 0.5490345132070273, "max_depth": 5.60262047710171, "min_child_weight": 9.968242107934438, "subsample": 0.8756107859851195}, "datetime": {"datetime": "2020-04-24 22:24:05", "elapsed": 313.181558, "delta": 2.92904}}
{"target": 0.636594, "params": {"alpha": 0.910140240071823, "colsample_bytree": 0.8504989148516647, "lam": 0.10961988508329013, "max_depth": 7.553436595267874, "min_child_weight": 9.944523507900136, "subsample": 0.8899276464697063}, "datetime": {"datetime": "2020-04-24 22:24:08", "elapsed": 316.491297, "delta": 3.309739}}
{"target": 0.632592, "params": {"alpha": 0.9375484201883234, "colsample_bytree": 0.8894040019334675, "lam": 0.03407125036487901, "max_depth": 6.023515468338237, "min_child_weight": 8.758364599862116, "subsample": 0.8795201947551401}, "datetime": {"datetime": "2020-04-24 22:24:11", "elapsed": 319.368405, "delta": 2.877108}}
{"target": 0.636474, "params": {"alpha": 0.042302236408501726, "colsample_bytree": 0.8734877104691692, "lam": 0.23077095448995322, "max_depth": 7.731635054866104, "min_child_weight": 7.786398660748121, "subsample": 0.7671065819516203}, "datetime": {"datetime": "2020-04-24 22:24:14", "elapsed": 322.397449, "delta": 3.029044}}
{"target": 0.6376614, "params": {"alpha": 0.9335647835853971, "colsample_bytree": 0.7035158514607618, "lam": 0.7707093959930776, "max_depth": 8.350300542370828, "min_child_weight": 9.997354392157128, "subsample": 0.8013491710538145}, "datetime": {"datetime": "2020-04-24 22:24:17", "elapsed": 325.252977, "delta": 2.855528}}
{"target": 0.6345639999999999, "params": {"alpha": 0.9628359273217139, "colsample_bytree": 0.8752804538724852, "lam": 0.9670529113356341, "max_depth": 8.506308433308918, "min_child_weight": 7.3606022505101985, "subsample": 0.5973723343439393}, "datetime": {"datetime": "2020-04-24 22:24:20", "elapsed": 328.421368, "delta": 3.168391}}
{"target": 0.6207748000000001, "params": {"alpha": 1.0, "colsample_bytree": 0.9, "lam": 0.9999999999820329, "max_depth": 9.999999999869702, "min_child_weight": 1.0000000182742037, "subsample": 0.5000000000000262}, "datetime": {"datetime": "2020-04-24 22:24:24", "elapsed": 332.284779, "delta": 3.863411}}
{"target": 0.6338052000000001, "params": {"alpha": 0.21018781405992593, "colsample_bytree": 0.8915735144092096, "lam": 0.9823374038487503, "max_depth": 7.207227096241689, "min_child_weight": 9.911281145648609, "subsample": 0.8743982477859888}, "datetime": {"datetime": "2020-04-24 22:24:26", "elapsed": 335.092049, "delta": 2.80727}}
{"target": 0.6012972, "params": {"alpha": 6.217619618487565e-09, "colsample_bytree": 0.9, "lam": 0.0, "max_depth": 3.0000000302439127, "min_child_weight": 1.0000000248247973, "subsample": 0.9}, "datetime": {"datetime": "2020-04-24 22:24:30", "elapsed": 338.128784, "delta": 3.036735}}
{"target": 0.6267503999999999, "params": {"alpha": 0.931544574704166, "colsample_bytree": 0.8637132473459996, "lam": 0.12146019982361178, "max_depth": 4.606217336692491, "min_child_weight": 3.3972626018078986, "subsample": 0.8875436477281705}, "datetime": {"datetime": "2020-04-24 22:24:32", "elapsed": 341.092376, "delta": 2.963592}}
{"target": 0.6205546, "params": {"alpha": 0.4616193547915056, "colsample_bytree": 0.8675639374525912, "lam": 0.001492622344240857, "max_depth": 4.111670535826792, "min_child_weight": 5.195286623351105, "subsample": 0.5708759068041764}, "datetime": {"datetime": "2020-04-24 22:24:36", "elapsed": 344.345781, "delta": 3.253405}}
{"target": 0.6231509999999999, "params": {"alpha": 0.9359825838087301, "colsample_bytree": 0.8972402449748866, "lam": 0.8390356157632982, "max_depth": 5.19026692070474, "min_child_weight": 6.929695304955844, "subsample": 0.5042113663824654}, "datetime": {"datetime": "2020-04-24 22:24:39", "elapsed": 347.457791, "delta": 3.11201}}
{"target": 0.6253230000000001, "params": {"alpha": 0.2255937184472634, "colsample_bytree": 0.7717461196304605, "lam": 0.9919041370551646, "max_depth": 5.65939147130984, "min_child_weight": 5.247990836997532, "subsample": 0.507515899777293}, "datetime": {"datetime": "2020-04-24 22:24:42", "elapsed": 350.700865, "delta": 3.243074}}
{"target": 0.6210526, "params": {"alpha": 0.988630577918438, "colsample_bytree": 0.8861504201338275, "lam": 0.9769512292522404, "max_depth": 4.044672419043649, "min_child_weight": 9.22746015178494, "subsample": 0.8060980808835316}, "datetime": {"datetime": "2020-04-24 22:24:45", "elapsed": 353.200507, "delta": 2.499642}}
{"target": 0.6459118, "params": {"alpha": 0.07686498716103829, "colsample_bytree": 0.8814100785504162, "lam": 0.8432397202023857, "max_depth": 9.980608025096092, "min_child_weight": 9.99358766294389, "subsample": 0.7801004814037928}, "datetime": {"datetime": "2020-04-24 22:24:48", "elapsed": 356.899845, "delta": 3.699338}}
{"target": 0.637478, "params": {"alpha": 0.9301629743797846, "colsample_bytree": 0.8828896787310359, "lam": 0.055594509553915095, "max_depth": 5.251275491176065, "min_child_weight": 6.377130551409509, "subsample": 0.8641484713811686}, "datetime": {"datetime": "2020-04-24 22:24:51", "elapsed": 360.020331, "delta": 3.120486}}
{"target": 0.620255, "params": {"alpha": 0.02620000681873136, "colsample_bytree": 0.8917790144233146, "lam": 0.6962910427312291, "max_depth": 7.301207806335441, "min_child_weight": 8.050156346457602, "subsample": 0.8820981378947419}, "datetime": {"datetime": "2020-04-24 22:24:55", "elapsed": 363.251115, "delta": 3.230784}}
{"target": 0.6186212, "params": {"alpha": 0.012528090352286303, "colsample_bytree": 0.5753264097392389, "lam": 0.933837004262465, "max_depth": 6.000684005041209, "min_child_weight": 7.72918786285994, "subsample": 0.8350029581994706}, "datetime": {"datetime": "2020-04-24 22:24:57", "elapsed": 365.834532, "delta": 2.583417}}
{"target": 0.6194838, "params": {"alpha": 0.9152814432183513, "colsample_bytree": 0.8698360531200873, "lam": 0.9927393921865996, "max_depth": 9.24087166029479, "min_child_weight": 8.302597930153844, "subsample": 0.6807278062816073}, "datetime": {"datetime": "2020-04-24 22:25:01", "elapsed": 369.617925, "delta": 3.783393}}
{"target": 0.6078154, "params": {"alpha": 0.9296924879115491, "colsample_bytree": 0.8843729033133783, "lam": 0.18244258100035027, "max_depth": 3.229158995530743, "min_child_weight": 2.1114825880364885, "subsample": 0.88706722377523}, "datetime": {"datetime": "2020-04-24 22:25:04", "elapsed": 372.579846, "delta": 2.961921}}
{"target": 0.6379197999999999, "params": {"alpha": 0.2642338648428122, "colsample_bytree": 0.8665849494685445, "lam": 0.008098171182486014, "max_depth": 8.181825080102307, "min_child_weight": 8.01684158479894, "subsample": 0.8969993415866613}, "datetime": {"datetime": "2020-04-24 22:25:07", "elapsed": 375.694553, "delta": 3.114707}}
{"target": 0.6336988, "params": {"alpha": 0.8484230928310819, "colsample_bytree": 0.8743150914872148, "lam": 0.1254494370669843, "max_depth": 9.79719696510999, "min_child_weight": 7.415299356427963, "subsample": 0.5859672650914672}, "datetime": {"datetime": "2020-04-24 22:25:12", "elapsed": 380.412557, "delta": 4.718004}}
{"target": 0.6224598, "params": {"alpha": 1.0, "colsample_bytree": 0.8999998861548122, "lam": 0.8385651959678884, "max_depth": 9.17650453825988, "min_child_weight": 5.661571969638536, "subsample": 0.9}, "datetime": {"datetime": "2020-04-24 22:25:15", "elapsed": 383.50585, "delta": 3.093293}}
{"target": 0.6467992, "params": {"alpha": 0.04866558938952936, "colsample_bytree": 0.6564869127666366, "lam": 0.9951915842872475, "max_depth": 8.216177514309425, "min_child_weight": 9.410384350464177, "subsample": 0.8634528071634917}, "datetime": {"datetime": "2020-04-24 22:25:19", "elapsed": 387.345181, "delta": 3.839331}}
{"target": 0.634367, "params": {"alpha": 0.9525832429852207, "colsample_bytree": 0.8621803020932002, "lam": 0.9817401421416756, "max_depth": 7.693512818148413, "min_child_weight": 7.227207641584284, "subsample": 0.8333911249681417}, "datetime": {"datetime": "2020-04-24 22:25:22", "elapsed": 390.669377, "delta": 3.324196}}
{"target": 0.6392241999999999, "params": {"alpha": 0.9779478361673621, "colsample_bytree": 0.8656935885771736, "lam": 0.10836980211650282, "max_depth": 9.969830966026237, "min_child_weight": 7.996686792689478, "subsample": 0.8268444832800916}, "datetime": {"datetime": "2020-04-24 22:25:26", "elapsed": 394.174438, "delta": 3.505061}}
{"target": 0.620243, "params": {"alpha": 0.7003588393959053, "colsample_bytree": 0.8712025581068777, "lam": 0.019357502645670932, "max_depth": 8.593690323998329, "min_child_weight": 3.504438196277206, "subsample": 0.8934156446363066}, "datetime": {"datetime": "2020-04-24 22:25:29", "elapsed": 397.939977, "delta": 3.765539}}
{"target": 0.6380472, "params": {"alpha": 0.7938459403089123, "colsample_bytree": 0.883253440718951, "lam": 0.9622999294659096, "max_depth": 5.492999787983784, "min_child_weight": 8.363303197759404, "subsample": 0.8308687686531329}, "datetime": {"datetime": "2020-04-24 22:25:33", "elapsed": 401.596515, "delta": 3.656538}}
{"target": 0.632578, "params": {"alpha": 0.8841617801539723, "colsample_bytree": 0.8995589244040796, "lam": 0.9682136919022429, "max_depth": 6.2879209256285, "min_child_weight": 3.2479813284451335, "subsample": 0.8898693480816903}, "datetime": {"datetime": "2020-04-24 22:25:36", "elapsed": 404.932114, "delta": 3.335599}}
{"target": 0.6089624, "params": {"alpha": 0.10324859272126363, "colsample_bytree": 0.8903012190422618, "lam": 0.0012632319287936289, "max_depth": 5.664261333718413, "min_child_weight": 5.471460302928737, "subsample": 0.519877184513187}, "datetime": {"datetime": "2020-04-24 22:25:40", "elapsed": 408.320703, "delta": 3.388589}}
{"target": 0.6207641999999999, "params": {"alpha": 0.7286618396152277, "colsample_bytree": 0.896049534494525, "lam": 0.0006563600269312575, "max_depth": 5.8031944108917415, "min_child_weight": 2.30258023920918, "subsample": 0.8275666595814944}, "datetime": {"datetime": "2020-04-24 22:25:42", "elapsed": 411.116229, "delta": 2.795526}}
{"target": 0.6070006000000001, "params": {"alpha": 0.0, "colsample_bytree": 0.8999999999997681, "lam": 8.369319589984115e-05, "max_depth": 7.300957137998765, "min_child_weight": 1.0, "subsample": 0.8999999999999131}, "datetime": {"datetime": "2020-04-24 22:25:46", "elapsed": 414.746938, "delta": 3.630709}}
{"target": 0.6290093999999999, "params": {"alpha": 0.5928713761982424, "colsample_bytree": 0.8975515482839588, "lam": 0.03514301443690493, "max_depth": 3.910859844284198, "min_child_weight": 9.960841664688509, "subsample": 0.7940396801019489}, "datetime": {"datetime": "2020-04-24 22:25:50", "elapsed": 418.306749, "delta": 3.559811}}
{"target": 0.6229906, "params": {"alpha": 0.07655543279535226, "colsample_bytree": 0.8720583608712651, "lam": 0.9988085391705405, "max_depth": 7.373540384324635, "min_child_weight": 5.93245362351906, "subsample": 0.6154008881389084}, "datetime": {"datetime": "2020-04-24 22:25:53", "elapsed": 421.691145, "delta": 3.384396}}
{"target": 0.63113, "params": {"alpha": 0.9041268558578235, "colsample_bytree": 0.8914956745935341, "lam": 0.9715676475294068, "max_depth": 5.570491903678066, "min_child_weight": 3.8976273674211472, "subsample": 0.5741238436195906}, "datetime": {"datetime": "2020-04-24 22:25:56", "elapsed": 424.717383, "delta": 3.026238}}
{"target": 0.6461294000000001, "params": {"alpha": 0.11038290966208164, "colsample_bytree": 0.7655300750681071, "lam": 0.494487130752422, "max_depth": 8.592283908251751, "min_child_weight": 9.337133868455474, "subsample": 0.8919101023351164}, "datetime": {"datetime": "2020-04-24 22:26:00", "elapsed": 428.36204, "delta": 3.644657}}
{"target": 0.6307744000000001, "params": {"alpha": 0.34873904263265243, "colsample_bytree": 0.8996314033625196, "lam": 0.633524037670743, "max_depth": 6.28373354321029, "min_child_weight": 4.038331820610882, "subsample": 0.8921526043182314}, "datetime": {"datetime": "2020-04-24 22:26:03", "elapsed": 431.832571, "delta": 3.470531}}
{"target": 0.6219614, "params": {"alpha": 0.018803971813348253, "colsample_bytree": 0.8733742547763979, "lam": 0.9965688358670398, "max_depth": 5.643780537630141, "min_child_weight": 9.292462298998988, "subsample": 0.7685125625427642}, "datetime": {"datetime": "2020-04-24 22:26:06", "elapsed": 434.846293, "delta": 3.013722}}
{"target": 0.6294226, "params": {"alpha": 0.019181856289047894, "colsample_bytree": 0.8865678562152328, "lam": 0.31705295049473114, "max_depth": 4.5305570388673555, "min_child_weight": 8.947618597364993, "subsample": 0.5247895518622386}, "datetime": {"datetime": "2020-04-24 22:26:10", "elapsed": 438.648942, "delta": 3.802649}}
{"target": 0.6251464, "params": {"alpha": 0.906923328488864, "colsample_bytree": 0.8999999904304008, "lam": 0.9999999485545786, "max_depth": 10.0, "min_child_weight": 5.801957232376265, "subsample": 0.5}, "datetime": {"datetime": "2020-04-24 22:26:14", "elapsed": 442.732955, "delta": 4.084013}}
{"target": 0.6459468, "params": {"alpha": 0.06638224998629638, "colsample_bytree": 0.8914894840866063, "lam": 0.4350868795230094, "max_depth": 8.456767405273418, "min_child_weight": 9.802158949106769, "subsample": 0.8998672973061613}, "datetime": {"datetime": "2020-04-24 22:26:18", "elapsed": 446.540924, "delta": 3.807969}}
{"target": 0.6294278, "params": {"alpha": 0.009350333105141995, "colsample_bytree": 0.8012242331801782, "lam": 0.6236536535179976, "max_depth": 8.130688433386094, "min_child_weight": 9.557700659667095, "subsample": 0.8903328154595407}, "datetime": {"datetime": "2020-04-24 22:26:22", "elapsed": 450.952007, "delta": 4.411083}}
{"target": 0.6367802, "params": {"alpha": 0.016921582958912884, "colsample_bytree": 0.7742866944377303, "lam": 0.9712250676886943, "max_depth": 8.453319673898987, "min_child_weight": 8.44608854324719, "subsample": 0.5886903047459172}, "datetime": {"datetime": "2020-04-24 22:26:26", "elapsed": 454.983712, "delta": 4.031705}}
{"target": 0.5884012, "params": {"alpha": 0.9998623335791323, "colsample_bytree": 0.5105709209568335, "lam": 0.949962740206261, "max_depth": 9.984907816173795, "min_child_weight": 4.507927099979972, "subsample": 0.539639881890042}, "datetime": {"datetime": "2020-04-24 22:26:30", "elapsed": 458.698147, "delta": 3.714435}}
