{"target": 0.6241015999999999, "params": {"alpha": 0.994750390670344, "colsample_bytree": 0.8993322893945439, "lam": 0.5926431820596986, "max_depth": 8.025470563952151, "min_child_weight": 9.917208191509365, "subsample": 0.5361278487958373}, "datetime": {"datetime": "2020-04-24 23:02:22", "elapsed": 2610.791908, "delta": 12.481938}}
{"target": 0.6349007999999999, "params": {"alpha": 0.9807878208801307, "colsample_bytree": 0.8626548850209677, "lam": 0.6665383631871082, "max_depth": 9.588865108115794, "min_child_weight": 6.406972285382284, "subsample": 0.5278802172645345}, "datetime": {"datetime": "2020-04-24 23:02:36", "elapsed": 2624.314792, "delta": 13.522884}}
{"target": 0.6402814, "params": {"alpha": 0.817686156425414, "colsample_bytree": 0.8913663004229457, "lam": 0.02123065928474921, "max_depth": 6.742406598615439, "min_child_weight": 6.239700579910943, "subsample": 0.8927662049875111}, "datetime": {"datetime": "2020-04-24 23:02:49", "elapsed": 2637.531644, "delta": 13.216852}}
{"target": 0.6221581999999999, "params": {"alpha": 0.0022470394054475706, "colsample_bytree": 0.6526659076771025, "lam": 0.012491962207231144, "max_depth": 4.480108780248711, "min_child_weight": 9.318927221332725, "subsample": 0.823112875361673}, "datetime": {"datetime": "2020-04-24 23:03:04", "elapsed": 2652.240706, "delta": 14.709062}}
{"target": 0.6103936, "params": {"alpha": 0.9601022524193985, "colsample_bytree": 0.7491541768574069, "lam": 0.01636321697137233, "max_depth": 4.812523118062633, "min_child_weight": 2.6341775293861707, "subsample": 0.6064651760544206}, "datetime": {"datetime": "2020-04-24 23:03:17", "elapsed": 2665.327368, "delta": 13.086662}}
{"target": 0.612174, "params": {"alpha": 0.956177407336884, "colsample_bytree": 0.528442569161838, "lam": 0.8600232993600859, "max_depth": 4.98721229416585, "min_child_weight": 9.972588793359815, "subsample": 0.6010151852053289}, "datetime": {"datetime": "2020-04-24 23:03:37", "elapsed": 2685.201073, "delta": 19.873705}}
{"target": 0.6399305999999999, "params": {"alpha": 0.002655342934234084, "colsample_bytree": 0.7759065633633162, "lam": 0.9847271761245825, "max_depth": 8.441991925884846, "min_child_weight": 7.738859550444747, "subsample": 0.7522916948208782}, "datetime": {"datetime": "2020-04-24 23:03:52", "elapsed": 2700.313596, "delta": 15.112523}}
{"target": 0.6387962, "params": {"alpha": 0.29428735533522143, "colsample_bytree": 0.8780096934066011, "lam": 0.9272161100750616, "max_depth": 6.046915687772763, "min_child_weight": 9.962562583206484, "subsample": 0.8717368847164444}, "datetime": {"datetime": "2020-04-24 23:04:07", "elapsed": 2715.429391, "delta": 15.115795}}
{"target": 0.5658516, "params": {"alpha": 0.0, "colsample_bytree": 0.5, "lam": 0.9999999998239204, "max_depth": 9.999999999598627, "min_child_weight": 5.669631038051268, "subsample": 0.5058794193805374}, "datetime": {"datetime": "2020-04-24 23:04:21", "elapsed": 2729.360468, "delta": 13.931077}}
{"target": 0.6378488000000001, "params": {"alpha": 0.9795533909079943, "colsample_bytree": 0.8351208194897564, "lam": 0.3431389379995273, "max_depth": 9.37922148201396, "min_child_weight": 7.031998614704005, "subsample": 0.8135985704554464}, "datetime": {"datetime": "2020-04-24 23:04:39", "elapsed": 2747.530439, "delta": 18.169971}}
{"target": 0.6173656000000001, "params": {"alpha": 0.4049770078763222, "colsample_bytree": 0.8945691329471567, "lam": 0.9635252060195943, "max_depth": 9.579550076289614, "min_child_weight": 4.789776179585815, "subsample": 0.8979870705359226}, "datetime": {"datetime": "2020-04-24 23:04:55", "elapsed": 2763.588925, "delta": 16.058486}}
{"target": 0.623374, "params": {"alpha": 0.8955376662622814, "colsample_bytree": 0.8746560182122796, "lam": 0.9518702129660872, "max_depth": 6.593320033266123, "min_child_weight": 2.6428885685158745, "subsample": 0.5245839448689728}, "datetime": {"datetime": "2020-04-24 23:05:09", "elapsed": 2777.155148, "delta": 13.566223}}
{"target": 0.6389316, "params": {"alpha": 0.9114147595358604, "colsample_bytree": 0.8974097759122448, "lam": 0.2471323193463386, "max_depth": 8.840154437407318, "min_child_weight": 7.624138795959496, "subsample": 0.8914783245247002}, "datetime": {"datetime": "2020-04-24 23:05:25", "elapsed": 2793.291341, "delta": 16.136193}}
{"target": 0.613745, "params": {"alpha": 0.06993545006525526, "colsample_bytree": 0.8818937733920466, "lam": 0.9738918436761537, "max_depth": 5.052645255901, "min_child_weight": 6.938574320415073, "subsample": 0.5117790406068623}, "datetime": {"datetime": "2020-04-24 23:05:38", "elapsed": 2806.222999, "delta": 12.931658}}
{"target": 0.6358436000000001, "params": {"alpha": 0.5456540203851054, "colsample_bytree": 0.8853051489336371, "lam": 0.9478351777855766, "max_depth": 8.97581144305989, "min_child_weight": 7.436813106670319, "subsample": 0.8829936604648061}, "datetime": {"datetime": "2020-04-24 23:05:50", "elapsed": 2818.720206, "delta": 12.497207}}
{"target": 0.6421682, "params": {"alpha": 0.9796375253794776, "colsample_bytree": 0.8754894551926555, "lam": 0.451960519193394, "max_depth": 8.562957684389756, "min_child_weight": 9.099050455419967, "subsample": 0.8671519930110698}, "datetime": {"datetime": "2020-04-24 23:06:09", "elapsed": 2837.26871, "delta": 18.548504}}
{"target": 0.5971634, "params": {"alpha": 0.08605151015394996, "colsample_bytree": 0.8922738843364887, "lam": 0.021696686213128924, "max_depth": 3.642778234106551, "min_child_weight": 1.5612940514599325, "subsample": 0.5031590590998813}, "datetime": {"datetime": "2020-04-24 23:06:23", "elapsed": 2851.516071, "delta": 14.247361}}
{"target": 0.6441786, "params": {"alpha": 0.34022408832663964, "colsample_bytree": 0.8548095274674183, "lam": 0.2904768402676844, "max_depth": 7.364913820476609, "min_child_weight": 7.963484242311307, "subsample": 0.8913824124264911}, "datetime": {"datetime": "2020-04-24 23:06:38", "elapsed": 2866.922337, "delta": 15.406266}}
{"target": 0.6374205999999999, "params": {"alpha": 0.9999999999999999, "colsample_bytree": 0.8999999945675172, "lam": 0.0, "max_depth": 4.685998082747421, "min_child_weight": 1.0, "subsample": 0.8437913955146129}, "datetime": {"datetime": "2020-04-24 23:06:51", "elapsed": 2880.070835, "delta": 13.148498}}
{"target": 0.6300624000000001, "params": {"alpha": 0.5129320883488426, "colsample_bytree": 0.8960351953469093, "lam": 0.5167512787267965, "max_depth": 3.678654234490347, "min_child_weight": 2.6259151532827065, "subsample": 0.8403934461049254}, "datetime": {"datetime": "2020-04-24 23:07:06", "elapsed": 2894.997521, "delta": 14.926686}}
{"target": 0.6179260000000001, "params": {"alpha": 0.9437700814227109, "colsample_bytree": 0.8738506865664947, "lam": 0.05296143700124656, "max_depth": 3.9219999226204356, "min_child_weight": 3.175543953081179, "subsample": 0.8653269407546329}, "datetime": {"datetime": "2020-04-24 23:07:23", "elapsed": 2911.477558, "delta": 16.480037}}
{"target": 0.6078572, "params": {"alpha": 0.9177752950345872, "colsample_bytree": 0.885238264254431, "lam": 0.44624024494499714, "max_depth": 9.906663554060842, "min_child_weight": 4.2256093481038866, "subsample": 0.607028618270048}, "datetime": {"datetime": "2020-04-24 23:07:37", "elapsed": 2925.746805, "delta": 14.269247}}
{"target": 0.5995311999999999, "params": {"alpha": 0.4802014900333452, "colsample_bytree": 0.8963137391905965, "lam": 0.2244150369877912, "max_depth": 3.46225392305654, "min_child_weight": 7.294246861564832, "subsample": 0.8581341423771947}, "datetime": {"datetime": "2020-04-24 23:07:51", "elapsed": 2939.210425, "delta": 13.46362}}
{"target": 0.5965969999999999, "params": {"alpha": 0.18190728113433474, "colsample_bytree": 0.8930390580763741, "lam": 0.9913591402228076, "max_depth": 3.068468437757282, "min_child_weight": 7.142958535783656, "subsample": 0.5743898004123105}, "datetime": {"datetime": "2020-04-24 23:08:06", "elapsed": 2954.428033, "delta": 15.217608}}
{"target": 0.5647127999999999, "params": {"alpha": 0.0037333095350013247, "colsample_bytree": 0.5161158812857076, "lam": 5.702776248448353e-10, "max_depth": 3.0092596317689844, "min_child_weight": 8.080781740930972, "subsample": 0.5050123917611502}, "datetime": {"datetime": "2020-04-24 23:08:19", "elapsed": 2967.13861, "delta": 12.710577}}
{"target": 0.6156478, "params": {"alpha": 0.9360512985020144, "colsample_bytree": 0.8818629137086875, "lam": 0.9843844283896398, "max_depth": 4.354964920570367, "min_child_weight": 7.08464407995598, "subsample": 0.6690214387839042}, "datetime": {"datetime": "2020-04-24 23:08:35", "elapsed": 2983.197485, "delta": 16.058875}}
{"target": 0.6298678, "params": {"alpha": 0.9151299227568772, "colsample_bytree": 0.8843290306779055, "lam": 0.09364791299861086, "max_depth": 3.6661979222592653, "min_child_weight": 6.72734516937968, "subsample": 0.5661651786022677}, "datetime": {"datetime": "2020-04-24 23:08:52", "elapsed": 3000.478349, "delta": 17.280864}}
{"target": 0.6302353999999999, "params": {"alpha": 0.028926342356251467, "colsample_bytree": 0.6714492502870677, "lam": 0.976293986731911, "max_depth": 6.466576190387571, "min_child_weight": 9.931108207247506, "subsample": 0.585337041987529}, "datetime": {"datetime": "2020-04-24 23:09:07", "elapsed": 3015.240224, "delta": 14.761875}}
{"target": 0.607862, "params": {"alpha": 0.11991950013734942, "colsample_bytree": 0.8752242976765009, "lam": 0.06048063972853546, "max_depth": 3.9204448226137742, "min_child_weight": 6.7880523892232905, "subsample": 0.5494550423002057}, "datetime": {"datetime": "2020-04-24 23:09:19", "elapsed": 3027.899957, "delta": 12.659733}}
{"target": 0.623391, "params": {"alpha": 0.6453796377089964, "colsample_bytree": 0.863976641338912, "lam": 0.9731059723062057, "max_depth": 9.19989306423781, "min_child_weight": 7.486781272965743, "subsample": 0.5116496795669235}, "datetime": {"datetime": "2020-04-24 23:09:35", "elapsed": 3043.458199, "delta": 15.558242}}
{"target": 0.640731, "params": {"alpha": 0.9703379281847879, "colsample_bytree": 0.7515991890315963, "lam": 0.580962307392148, "max_depth": 7.348913120086862, "min_child_weight": 9.957625678708695, "subsample": 0.8644756410500622}, "datetime": {"datetime": "2020-04-24 23:09:53", "elapsed": 3061.323451, "delta": 17.865252}}
{"target": 0.6257258, "params": {"alpha": 0.7893368608248539, "colsample_bytree": 0.8880578911703607, "lam": 0.29402321510765406, "max_depth": 3.6896783702038567, "min_child_weight": 6.1957691864895, "subsample": 0.8607060694109956}, "datetime": {"datetime": "2020-04-24 23:10:09", "elapsed": 3077.793283, "delta": 16.469832}}
{"target": 0.6279661999999999, "params": {"alpha": 1.3784886585194361e-09, "colsample_bytree": 0.9, "lam": 0.9999999962923516, "max_depth": 8.138945252464348, "min_child_weight": 5.484895464471145, "subsample": 0.9}, "datetime": {"datetime": "2020-04-24 23:10:30", "elapsed": 3098.476516, "delta": 20.683233}}
{"target": 0.6209781999999999, "params": {"alpha": 0.09363957813298174, "colsample_bytree": 0.8845247120767739, "lam": 0.5468005605546069, "max_depth": 9.760678934790047, "min_child_weight": 5.837144357687238, "subsample": 0.8644189708991032}, "datetime": {"datetime": "2020-04-24 23:10:45", "elapsed": 3113.48503, "delta": 15.008514}}
{"target": 0.6332036000000001, "params": {"alpha": 0.9601394017687419, "colsample_bytree": 0.8927323028214109, "lam": 0.7188180924184593, "max_depth": 5.243574355920753, "min_child_weight": 7.148669935043639, "subsample": 0.8934704251229075}, "datetime": {"datetime": "2020-04-24 23:11:00", "elapsed": 3128.878678, "delta": 15.393648}}
{"target": 0.625602, "params": {"alpha": 0.9966513396760106, "colsample_bytree": 0.6184388791371918, "lam": 0.14644061037830003, "max_depth": 7.003353180497263, "min_child_weight": 8.966297316172811, "subsample": 0.6806410684812316}, "datetime": {"datetime": "2020-04-24 23:11:16", "elapsed": 3144.208162, "delta": 15.329484}}
{"target": 0.6416915999999999, "params": {"alpha": 0.9746173393009713, "colsample_bytree": 0.8865939227856185, "lam": 0.6740677398711996, "max_depth": 8.064952904194126, "min_child_weight": 9.517945781688955, "subsample": 0.8218721585343735}, "datetime": {"datetime": "2020-04-24 23:11:34", "elapsed": 3162.740184, "delta": 18.532022}}
{"target": 0.6436942, "params": {"alpha": 0.631706097398133, "colsample_bytree": 0.8359750699750956, "lam": 0.9823245815622815, "max_depth": 7.396551853893492, "min_child_weight": 9.207500418961459, "subsample": 0.8597928621092366}, "datetime": {"datetime": "2020-04-24 23:11:52", "elapsed": 3180.140037, "delta": 17.399853}}
{"target": 0.6307313999999999, "params": {"alpha": 0.938689519424807, "colsample_bytree": 0.8873589182626341, "lam": 0.974208530497066, "max_depth": 5.572887594729392, "min_child_weight": 6.1315935213012684, "subsample": 0.7053721195017092}, "datetime": {"datetime": "2020-04-24 23:12:11", "elapsed": 3199.278951, "delta": 19.138914}}
{"target": 0.6321570000000001, "params": {"alpha": 0.9999998415748694, "colsample_bytree": 0.8999999295443463, "lam": 0.9999999999999997, "max_depth": 5.619036438143553, "min_child_weight": 3.5404984234964236, "subsample": 0.8999999999999997}, "datetime": {"datetime": "2020-04-24 23:12:29", "elapsed": 3217.422913, "delta": 18.143962}}
{"target": 0.6280696000000001, "params": {"alpha": 0.9293195616870185, "colsample_bytree": 0.8919420251063168, "lam": 0.020927478813656086, "max_depth": 9.77498129564318, "min_child_weight": 9.722055836844902, "subsample": 0.8535233876658634}, "datetime": {"datetime": "2020-04-24 23:12:47", "elapsed": 3236.006439, "delta": 18.583526}}
{"target": 0.616247, "params": {"alpha": 0.6508490813060015, "colsample_bytree": 0.8832235891505444, "lam": 0.9997105355615119, "max_depth": 4.233344734493951, "min_child_weight": 2.994979159791545, "subsample": 0.8876739747246979}, "datetime": {"datetime": "2020-04-24 23:13:00", "elapsed": 3248.59359, "delta": 12.587151}}
{"target": 0.6279648, "params": {"alpha": 0.961546716533813, "colsample_bytree": 0.6183220912239634, "lam": 0.05805157491625501, "max_depth": 8.736176067785856, "min_child_weight": 9.063438315111988, "subsample": 0.6273506086495797}, "datetime": {"datetime": "2020-04-24 23:13:15", "elapsed": 3263.930516, "delta": 15.336926}}
{"target": 0.6326080000000001, "params": {"alpha": 0.8967287508601997, "colsample_bytree": 0.8494969931977179, "lam": 0.013523341417410073, "max_depth": 4.390062588406069, "min_child_weight": 6.170989963410548, "subsample": 0.6942990098100601}, "datetime": {"datetime": "2020-04-24 23:13:31", "elapsed": 3280.00996, "delta": 16.079444}}
{"target": 0.6387914, "params": {"alpha": 0.7611223368472071, "colsample_bytree": 0.8895675600900597, "lam": 0.6486883193202166, "max_depth": 9.82067749119851, "min_child_weight": 9.978660581362373, "subsample": 0.7419867756238915}, "datetime": {"datetime": "2020-04-24 23:13:50", "elapsed": 3298.596914, "delta": 18.586954}}
{"target": 0.6408772, "params": {"alpha": 0.4722660513189836, "colsample_bytree": 0.7616290710955582, "lam": 0.2573249327744723, "max_depth": 8.042734926653525, "min_child_weight": 8.53018994085485, "subsample": 0.8466267233211}, "datetime": {"datetime": "2020-04-24 23:14:04", "elapsed": 3312.712741, "delta": 14.115827}}
{"target": 0.6032236, "params": {"alpha": 0.13885965989552085, "colsample_bytree": 0.8830682900677789, "lam": 0.8966903956713956, "max_depth": 3.0037272974827127, "min_child_weight": 4.736328969331054, "subsample": 0.8938247281811413}, "datetime": {"datetime": "2020-04-24 23:14:17", "elapsed": 3326.038477, "delta": 13.325736}}
{"target": 0.6328963999999999, "params": {"alpha": 0.04729011674357686, "colsample_bytree": 0.6826381241111668, "lam": 0.360456513789397, "max_depth": 9.098689278861979, "min_child_weight": 8.871086961877115, "subsample": 0.8796991362889475}, "datetime": {"datetime": "2020-04-24 23:14:33", "elapsed": 3341.539143, "delta": 15.500666}}
{"target": 0.6204342, "params": {"alpha": 0.025751896042202516, "colsample_bytree": 0.885121010759905, "lam": 0.07320954110386668, "max_depth": 6.068425160514673, "min_child_weight": 4.313780768501756, "subsample": 0.8884028510141742}, "datetime": {"datetime": "2020-04-24 23:14:49", "elapsed": 3357.142428, "delta": 15.603285}}
{"target": 0.6224604, "params": {"alpha": 0.8802789289619192, "colsample_bytree": 0.8921497974298971, "lam": 0.9896797848914549, "max_depth": 7.93241333227217, "min_child_weight": 5.000794747005151, "subsample": 0.641807823325151}, "datetime": {"datetime": "2020-04-24 23:15:01", "elapsed": 3369.944869, "delta": 12.802441}}
{"target": 0.6167511999999999, "params": {"alpha": 0.6547625693066472, "colsample_bytree": 0.8925405434812201, "lam": 0.06119723407152633, "max_depth": 7.101802354366062, "min_child_weight": 6.153520094763776, "subsample": 0.5292277881897558}, "datetime": {"datetime": "2020-04-24 23:15:16", "elapsed": 3384.287327, "delta": 14.342458}}
{"target": 0.6361884, "params": {"alpha": 0.9479669555268369, "colsample_bytree": 0.882840709338555, "lam": 0.6060356612256216, "max_depth": 9.994308089226507, "min_child_weight": 9.048508592995383, "subsample": 0.8795098484701287}, "datetime": {"datetime": "2020-04-24 23:15:36", "elapsed": 3404.931192, "delta": 20.643865}}
{"target": 0.624494, "params": {"alpha": 0.472835361437974, "colsample_bytree": 0.8469084765873108, "lam": 0.9754219977805482, "max_depth": 6.15364652967767, "min_child_weight": 5.221332358292435, "subsample": 0.6500684753268762}, "datetime": {"datetime": "2020-04-24 23:15:47", "elapsed": 3415.68294, "delta": 10.751748}}
{"target": 0.6340778, "params": {"alpha": 0.6663231489496729, "colsample_bytree": 0.8495064347434251, "lam": 0.9955555884752827, "max_depth": 6.8766065698550705, "min_child_weight": 9.1152600179805, "subsample": 0.8405471431193459}, "datetime": {"datetime": "2020-04-24 23:16:04", "elapsed": 3432.740061, "delta": 17.057121}}
{"target": 0.6205938000000001, "params": {"alpha": 0.6246864287319729, "colsample_bytree": 0.8919454124094244, "lam": 0.5555035684644485, "max_depth": 8.735303960679373, "min_child_weight": 2.9876087854705626, "subsample": 0.8918994551947216}, "datetime": {"datetime": "2020-04-24 23:16:20", "elapsed": 3448.739919, "delta": 15.999858}}
{"target": 0.637382, "params": {"alpha": 0.998189759745612, "colsample_bytree": 0.83531184704843, "lam": 0.501815096724995, "max_depth": 5.866715404090545, "min_child_weight": 8.317310945708385, "subsample": 0.8949330321552543}, "datetime": {"datetime": "2020-04-24 23:16:39", "elapsed": 3467.819216, "delta": 19.079297}}
{"target": 0.6342466, "params": {"alpha": 0.4469233814820668, "colsample_bytree": 0.8699417112425658, "lam": 0.9994913859532247, "max_depth": 4.542602699885964, "min_child_weight": 4.213088818313888, "subsample": 0.8572282992506203}, "datetime": {"datetime": "2020-04-24 23:16:56", "elapsed": 3484.977313, "delta": 17.158097}}
{"target": 0.6184803999999999, "params": {"alpha": 0.5843008020214746, "colsample_bytree": 0.8846135174726029, "lam": 0.0020007006331117516, "max_depth": 4.399950978416239, "min_child_weight": 5.010705581744711, "subsample": 0.8830764207257098}, "datetime": {"datetime": "2020-04-24 23:17:15", "elapsed": 3503.446749, "delta": 18.469436}}
{"target": 0.630753, "params": {"alpha": 0.9829534295028711, "colsample_bytree": 0.8001549326006407, "lam": 0.050176571936222936, "max_depth": 5.619727120700352, "min_child_weight": 9.994563368400065, "subsample": 0.6286288380030675}, "datetime": {"datetime": "2020-04-24 23:17:30", "elapsed": 3518.996443, "delta": 15.549694}}
{"target": 0.6400866, "params": {"alpha": 0.022906468682009073, "colsample_bytree": 0.8476732604993027, "lam": 0.67905708301872, "max_depth": 9.464406990356764, "min_child_weight": 8.255110512946565, "subsample": 0.8826471752085443}, "datetime": {"datetime": "2020-04-24 23:17:52", "elapsed": 3540.377764, "delta": 21.381321}}
{"target": 0.6338216000000001, "params": {"alpha": 0.6974897944053736, "colsample_bytree": 0.8624657043344444, "lam": 0.7420744944964239, "max_depth": 5.47304950421854, "min_child_weight": 2.4842109930340213, "subsample": 0.8969510848630715}, "datetime": {"datetime": "2020-04-24 23:18:05", "elapsed": 3553.902175, "delta": 13.524411}}
{"target": 0.5958140000000001, "params": {"alpha": 0.09661238306438047, "colsample_bytree": 0.8132420842078592, "lam": 0.982815366780167, "max_depth": 7.8040451096765135, "min_child_weight": 1.0032146714382284, "subsample": 0.540339909693123}, "datetime": {"datetime": "2020-04-24 23:18:25", "elapsed": 3574.009363, "delta": 20.107188}}
{"target": 0.6249195999999999, "params": {"alpha": 0.3513335330991866, "colsample_bytree": 0.89933664361057, "lam": 0.8619761483531673, "max_depth": 6.44705988107738, "min_child_weight": 2.719906800438069, "subsample": 0.8892247307482752}, "datetime": {"datetime": "2020-04-24 23:18:42", "elapsed": 3591.076858, "delta": 17.067495}}
{"target": 0.6132928, "params": {"alpha": 0.05183089465487034, "colsample_bytree": 0.8984684876725817, "lam": 0.004703832048064571, "max_depth": 8.350285244736458, "min_child_weight": 4.951305459642898, "subsample": 0.8573860610773973}, "datetime": {"datetime": "2020-04-24 23:19:00", "elapsed": 3608.870288, "delta": 17.79343}}
{"target": 0.6146178, "params": {"alpha": 0.1278153088824242, "colsample_bytree": 0.8920321954427454, "lam": 0.9950107027569158, "max_depth": 4.996237127926044, "min_child_weight": 4.339109130214511, "subsample": 0.6007970787970469}, "datetime": {"datetime": "2020-04-24 23:19:16", "elapsed": 3624.871794, "delta": 16.001506}}
{"target": 0.5957502, "params": {"alpha": 0.04007755711116878, "colsample_bytree": 0.8853844113833559, "lam": 0.004905998029795078, "max_depth": 3.426751851532873, "min_child_weight": 8.045265180694457, "subsample": 0.5162016620750701}, "datetime": {"datetime": "2020-04-24 23:19:33", "elapsed": 3641.280145, "delta": 16.408351}}
