{"target": 0.6274416, "params": {"alpha": 0.0004268811755089308, "colsample_bytree": 0.8174956880744352, "lam": 0.9412600823889776, "max_depth": 5.076466005612746, "min_child_weight": 8.632680623948817, "subsample": 0.5030275455463238}, "datetime": {"datetime": "2020-04-25 12:08:45", "elapsed": 8524.806872, "delta": 31.790919}}
{"target": 0.6338594000000001, "params": {"alpha": 0.6122665578626266, "colsample_bytree": 0.8651103324218905, "lam": 0.7003245280652903, "max_depth": 7.8438888698005345, "min_child_weight": 8.057775115790093, "subsample": 0.8797445950457452}, "datetime": {"datetime": "2020-04-25 12:09:24", "elapsed": 8564.028937, "delta": 39.222065}}
{"target": 0.6159382000000001, "params": {"alpha": 0.020435184252817762, "colsample_bytree": 0.8482711509659373, "lam": 0.014635112912178672, "max_depth": 5.534856679552348, "min_child_weight": 2.516225682560405, "subsample": 0.5161810464572266}, "datetime": {"datetime": "2020-04-25 12:09:56", "elapsed": 8596.023262, "delta": 31.994325}}
{"target": 0.6189942, "params": {"alpha": 0.4718396686361789, "colsample_bytree": 0.8941517909370438, "lam": 0.967851012943697, "max_depth": 9.612875788315428, "min_child_weight": 3.906503086034884, "subsample": 0.5433232454690822}, "datetime": {"datetime": "2020-04-25 12:10:25", "elapsed": 8625.174345, "delta": 29.151083}}
{"target": 0.622193, "params": {"alpha": 0.45975123578566224, "colsample_bytree": 0.8532700076674642, "lam": 0.09033816562632624, "max_depth": 8.83056093328448, "min_child_weight": 4.1564329498941675, "subsample": 0.8989542611729356}, "datetime": {"datetime": "2020-04-25 12:11:03", "elapsed": 8662.246353, "delta": 37.072008}}
{"target": 0.6274564, "params": {"alpha": 0.02205932583078396, "colsample_bytree": 0.8437071796693398, "lam": 0.021191176737222706, "max_depth": 6.193009764754608, "min_child_weight": 8.845572682865164, "subsample": 0.851597406106013}, "datetime": {"datetime": "2020-04-25 12:11:35", "elapsed": 8694.373091, "delta": 32.126738}}
{"target": 0.6363785999999999, "params": {"alpha": 0.0024290359577661125, "colsample_bytree": 0.8682748723430525, "lam": 0.58658887559796, "max_depth": 6.313331855580531, "min_child_weight": 8.127220526799684, "subsample": 0.7049198241908972}, "datetime": {"datetime": "2020-04-25 12:12:03", "elapsed": 8722.967573, "delta": 28.594482}}
{"target": 0.6265542, "params": {"alpha": 0.025713698482925706, "colsample_bytree": 0.8670393228103306, "lam": 0.6723337147247849, "max_depth": 5.145076832206097, "min_child_weight": 7.861338462859249, "subsample": 0.7536301441206557}, "datetime": {"datetime": "2020-04-25 12:12:31", "elapsed": 8750.430667, "delta": 27.463094}}
{"target": 0.6323432, "params": {"alpha": 0.02041171738817593, "colsample_bytree": 0.8833489017549958, "lam": 0.9075268980851353, "max_depth": 5.789449738735579, "min_child_weight": 4.17258791160652, "subsample": 0.7605576504174527}, "datetime": {"datetime": "2020-04-25 12:13:01", "elapsed": 8780.686565, "delta": 30.255898}}
{"target": 0.6443286, "params": {"alpha": 0.257034392716041, "colsample_bytree": 0.8662916070534034, "lam": 0.45630441507396535, "max_depth": 5.894325266053766, "min_child_weight": 5.452440359041029, "subsample": 0.8714565340863198}, "datetime": {"datetime": "2020-04-25 12:13:22", "elapsed": 8801.684811, "delta": 20.998246}}
{"target": 0.6212178, "params": {"alpha": 0.2934803771406064, "colsample_bytree": 0.8648840629649506, "lam": 0.9677942995223706, "max_depth": 5.949841846067592, "min_child_weight": 8.180008340316173, "subsample": 0.6686882590198688}, "datetime": {"datetime": "2020-04-25 12:13:53", "elapsed": 8832.788868, "delta": 31.104057}}
{"target": 0.5830422000000001, "params": {"alpha": 0.029071983145067648, "colsample_bytree": 0.8910693468886732, "lam": 0.06615548311865349, "max_depth": 3.107220228613586, "min_child_weight": 9.90905650142014, "subsample": 0.5357671932551157}, "datetime": {"datetime": "2020-04-25 12:14:20", "elapsed": 8860.023279, "delta": 27.234411}}
{"target": 0.6361168, "params": {"alpha": 0.9020184976494326, "colsample_bytree": 0.8885389638183933, "lam": 0.5631795345077762, "max_depth": 8.110783979413885, "min_child_weight": 6.871862854160468, "subsample": 0.8846475213094621}, "datetime": {"datetime": "2020-04-25 12:14:57", "elapsed": 8896.404636, "delta": 36.381357}}
{"target": 0.6286298, "params": {"alpha": 0.9925187515288821, "colsample_bytree": 0.8243562686903427, "lam": 0.6157212978134066, "max_depth": 4.4057691082059325, "min_child_weight": 9.961510600686482, "subsample": 0.8990372813137318}, "datetime": {"datetime": "2020-04-25 12:15:34", "elapsed": 8934.21012, "delta": 37.805484}}
{"target": 0.6303862, "params": {"alpha": 0.5995633070042548, "colsample_bytree": 0.8223520754948759, "lam": 0.022713082386248695, "max_depth": 6.175715234134985, "min_child_weight": 5.934513674363366, "subsample": 0.8867206086914143}, "datetime": {"datetime": "2020-04-25 12:16:07", "elapsed": 8966.464275, "delta": 32.254155}}
{"target": 0.633384, "params": {"alpha": 0.3677650754382833, "colsample_bytree": 0.8147651773679458, "lam": 0.51301162893007, "max_depth": 5.491210623378026, "min_child_weight": 5.70062848127555, "subsample": 0.862548250542764}, "datetime": {"datetime": "2020-04-25 12:16:47", "elapsed": 9006.263664, "delta": 39.799389}}
{"target": 0.6426569999999999, "params": {"alpha": 0.715132121399609, "colsample_bytree": 0.8896112729218197, "lam": 0.8970463685551465, "max_depth": 6.52648179175244, "min_child_weight": 9.975421397207976, "subsample": 0.757613954490582}, "datetime": {"datetime": "2020-04-25 12:17:23", "elapsed": 9042.289512, "delta": 36.025848}}
{"target": 0.6365352, "params": {"alpha": 0.5771532502202879, "colsample_bytree": 0.7616291575624021, "lam": 0.4080511162172915, "max_depth": 6.060074525422495, "min_child_weight": 7.700196592615438, "subsample": 0.8745066781399109}, "datetime": {"datetime": "2020-04-25 12:17:52", "elapsed": 9071.785447, "delta": 29.495935}}
{"target": 0.6269524, "params": {"alpha": 0.9861497769537524, "colsample_bytree": 0.7721980849717611, "lam": 0.6772061106107339, "max_depth": 6.17974297323047, "min_child_weight": 8.854351844497383, "subsample": 0.8970246336437215}, "datetime": {"datetime": "2020-04-25 12:18:25", "elapsed": 9104.55091, "delta": 32.765463}}
{"target": 0.6039519999999999, "params": {"alpha": 0.9986866759053794, "colsample_bytree": 0.8517277656154791, "lam": 0.6884409080423259, "max_depth": 3.0156242835035667, "min_child_weight": 4.156047500327212, "subsample": 0.8870654981913213}, "datetime": {"datetime": "2020-04-25 12:18:59", "elapsed": 9138.787186, "delta": 34.236276}}
{"target": 0.6380478, "params": {"alpha": 0.6481770550287573, "colsample_bytree": 0.7693210370727217, "lam": 0.2928433941978491, "max_depth": 5.725604549531885, "min_child_weight": 9.29660406814827, "subsample": 0.6240394609338367}, "datetime": {"datetime": "2020-04-25 12:19:32", "elapsed": 9171.446255, "delta": 32.659069}}
{"target": 0.6346048000000001, "params": {"alpha": 0.04672538329298892, "colsample_bytree": 0.8848654989447153, "lam": 0.11250810953834489, "max_depth": 4.850144853488655, "min_child_weight": 9.277238051711354, "subsample": 0.5874058191515614}, "datetime": {"datetime": "2020-04-25 12:20:07", "elapsed": 9206.932715, "delta": 35.48646}}
{"target": 0.628029, "params": {"alpha": 0.6470843857734887, "colsample_bytree": 0.892553737034889, "lam": 0.9969167116398046, "max_depth": 4.325058344082482, "min_child_weight": 5.240207072798055, "subsample": 0.7280646454751398}, "datetime": {"datetime": "2020-04-25 12:20:48", "elapsed": 9247.443333, "delta": 40.510618}}
{"target": 0.6401002, "params": {"alpha": 0.03930423195569155, "colsample_bytree": 0.7506383562563775, "lam": 0.5109417590885557, "max_depth": 7.117486198247376, "min_child_weight": 7.634451996150317, "subsample": 0.8552211911203849}, "datetime": {"datetime": "2020-04-25 12:21:30", "elapsed": 9289.298129, "delta": 41.854796}}
{"target": 0.6231909999999999, "params": {"alpha": 0.9999998575763837, "colsample_bytree": 0.8999999961409518, "lam": 0.9999998267907695, "max_depth": 9.999999802938348, "min_child_weight": 6.481110544006311, "subsample": 0.8157530100296202}, "datetime": {"datetime": "2020-04-25 12:22:09", "elapsed": 9328.277552, "delta": 38.979423}}
{"target": 0.6199916, "params": {"alpha": 0.02502475925665737, "colsample_bytree": 0.8935948088310319, "lam": 0.6189020381862078, "max_depth": 9.391654296590525, "min_child_weight": 4.000852171428405, "subsample": 0.8944959472518668}, "datetime": {"datetime": "2020-04-25 12:22:48", "elapsed": 9367.915388, "delta": 39.637836}}
{"target": 0.6359353999999999, "params": {"alpha": 0.008973353703231712, "colsample_bytree": 0.881212902152387, "lam": 0.044170286991627505, "max_depth": 9.504570735965078, "min_child_weight": 7.313011810423017, "subsample": 0.8618274894419735}, "datetime": {"datetime": "2020-04-25 12:23:33", "elapsed": 9412.893419, "delta": 44.978031}}
{"target": 0.6383966000000001, "params": {"alpha": 0.012091018286580657, "colsample_bytree": 0.7515359515792199, "lam": 0.0018659291420293211, "max_depth": 6.441796990122484, "min_child_weight": 9.571307344265309, "subsample": 0.7888358018949886}, "datetime": {"datetime": "2020-04-25 12:24:18", "elapsed": 9457.796836, "delta": 44.903417}}
{"target": 0.5901274, "params": {"alpha": 9.898224961211647e-08, "colsample_bytree": 0.5, "lam": 0.0, "max_depth": 10.0, "min_child_weight": 10.0, "subsample": 0.5000001376923172}, "datetime": {"datetime": "2020-04-25 12:25:00", "elapsed": 9499.470955, "delta": 41.674119}}
{"target": 0.6322066, "params": {"alpha": 0.826902611676366, "colsample_bytree": 0.8858100639724866, "lam": 0.0015348160322188331, "max_depth": 6.712191703380396, "min_child_weight": 9.506677866875304, "subsample": 0.5938634436294866}, "datetime": {"datetime": "2020-04-25 12:25:28", "elapsed": 9528.22253, "delta": 28.751575}}
{"target": 0.6339454, "params": {"alpha": 0.035287366525651676, "colsample_bytree": 0.8946247444014411, "lam": 0.5785907387315978, "max_depth": 3.870878294578989, "min_child_weight": 1.6985339322626345, "subsample": 0.7889172308724051}, "datetime": {"datetime": "2020-04-25 12:25:59", "elapsed": 9558.746901, "delta": 30.524371}}
{"target": 0.609551, "params": {"alpha": 0.6289400009996616, "colsample_bytree": 0.8925000177158373, "lam": 0.020434796931105725, "max_depth": 8.705047981467835, "min_child_weight": 8.337556338413847, "subsample": 0.5064370093995746}, "datetime": {"datetime": "2020-04-25 12:26:34", "elapsed": 9594.079732, "delta": 35.332831}}
{"target": 0.6302048, "params": {"alpha": 0.9928168857479854, "colsample_bytree": 0.8688745804353439, "lam": 0.043882546685007795, "max_depth": 9.205426643379152, "min_child_weight": 8.112788802406403, "subsample": 0.8887839550720662}, "datetime": {"datetime": "2020-04-25 12:27:17", "elapsed": 9636.663858, "delta": 42.584126}}
{"target": 0.6306573999999999, "params": {"alpha": 0.9918811569405718, "colsample_bytree": 0.7571709864429952, "lam": 0.35816572780607236, "max_depth": 4.780850272860983, "min_child_weight": 1.0215961547816748, "subsample": 0.8714660226273411}, "datetime": {"datetime": "2020-04-25 12:27:59", "elapsed": 9679.200792, "delta": 42.536934}}
{"target": 0.61796, "params": {"alpha": 0.01630622702438078, "colsample_bytree": 0.8760921697376904, "lam": 0.28688557772200585, "max_depth": 5.666471815352218, "min_child_weight": 5.448532166893054, "subsample": 0.5192358332673495}, "datetime": {"datetime": "2020-04-25 12:28:41", "elapsed": 9720.364179, "delta": 41.163387}}
{"target": 0.6397360000000001, "params": {"alpha": 0.976960439995134, "colsample_bytree": 0.7880698409704094, "lam": 0.43653719253431444, "max_depth": 6.349258780129134, "min_child_weight": 7.8271884355487344, "subsample": 0.6884069346614499}, "datetime": {"datetime": "2020-04-25 12:29:07", "elapsed": 9747.086415, "delta": 26.722236}}
{"target": 0.6465834, "params": {"alpha": 0.939658622919059, "colsample_bytree": 0.6785860686769588, "lam": 0.9591590275871417, "max_depth": 6.904321113864249, "min_child_weight": 7.590806156968442, "subsample": 0.8657563217961477}, "datetime": {"datetime": "2020-04-25 12:29:46", "elapsed": 9785.379844, "delta": 38.293429}}
{"target": 0.6391316, "params": {"alpha": 0.988202887232773, "colsample_bytree": 0.8624263898464659, "lam": 0.6137239329566416, "max_depth": 9.977853425364334, "min_child_weight": 9.226965297719621, "subsample": 0.8594836019893486}, "datetime": {"datetime": "2020-04-25 12:30:26", "elapsed": 9825.715738, "delta": 40.335894}}
{"target": 0.6290384, "params": {"alpha": 0.9856252545941336, "colsample_bytree": 0.8916884262675868, "lam": 0.06638925803706397, "max_depth": 7.169230063772048, "min_child_weight": 9.99172409370949, "subsample": 0.8384787267184322}, "datetime": {"datetime": "2020-04-25 12:31:08", "elapsed": 9867.990959, "delta": 42.275221}}
{"target": 0.6320744, "params": {"alpha": 0.7479591041163219, "colsample_bytree": 0.8645957838865823, "lam": 0.8672845589204038, "max_depth": 6.863404121777083, "min_child_weight": 4.640837831636471, "subsample": 0.8927576345070445}, "datetime": {"datetime": "2020-04-25 12:31:36", "elapsed": 9895.981305, "delta": 27.990346}}
{"target": 0.6311796000000001, "params": {"alpha": 0.8896911416257128, "colsample_bytree": 0.6784074213372684, "lam": 0.13731380557567074, "max_depth": 5.305614291993778, "min_child_weight": 9.962684016655576, "subsample": 0.510338937801947}, "datetime": {"datetime": "2020-04-25 12:32:00", "elapsed": 9920.167898, "delta": 24.186593}}
{"target": 0.6189464, "params": {"alpha": 0.03610822313610573, "colsample_bytree": 0.8471481746878533, "lam": 0.9990473255789539, "max_depth": 3.9845489425913114, "min_child_weight": 5.395187112075216, "subsample": 0.505251501274182}, "datetime": {"datetime": "2020-04-25 12:32:37", "elapsed": 9957.093812, "delta": 36.925914}}
{"target": 0.6345677999999999, "params": {"alpha": 0.8299337628278877, "colsample_bytree": 0.7310984790669192, "lam": 0.5000844167373952, "max_depth": 7.04253830507097, "min_child_weight": 7.879323135254012, "subsample": 0.8686264146741702}, "datetime": {"datetime": "2020-04-25 12:33:13", "elapsed": 9993.030501, "delta": 35.936689}}
{"target": 0.5711905999999999, "params": {"alpha": 0.0, "colsample_bytree": 0.5000000011648996, "lam": 0.9999999636308999, "max_depth": 5.394243372694427, "min_child_weight": 1.000000006165148, "subsample": 0.5530259605857658}, "datetime": {"datetime": "2020-04-25 12:33:49", "elapsed": 10028.352226, "delta": 35.321725}}
{"target": 0.6436122000000001, "params": {"alpha": 0.9341361708989443, "colsample_bytree": 0.6885092910354034, "lam": 0.9015175933728339, "max_depth": 6.601796289806601, "min_child_weight": 7.63466469823293, "subsample": 0.7888421638341734}, "datetime": {"datetime": "2020-04-25 12:34:26", "elapsed": 10065.27111, "delta": 36.918884}}
{"target": 0.6365331999999999, "params": {"alpha": 0.08364327069963229, "colsample_bytree": 0.7766781234202258, "lam": 0.40048358880227797, "max_depth": 6.073900367336559, "min_child_weight": 5.712588216022893, "subsample": 0.8879833416396635}, "datetime": {"datetime": "2020-04-25 12:35:09", "elapsed": 10108.430939, "delta": 43.159829}}
{"target": 0.6344788, "params": {"alpha": 0.9950377395164758, "colsample_bytree": 0.8330812951971077, "lam": 0.9606664078540403, "max_depth": 6.936448744551825, "min_child_weight": 7.123782064019791, "subsample": 0.8763113966746057}, "datetime": {"datetime": "2020-04-25 12:35:48", "elapsed": 10147.792832, "delta": 39.361893}}
{"target": 0.6303164000000001, "params": {"alpha": 0.9874342919171546, "colsample_bytree": 0.8102254525111119, "lam": 0.9839762272011374, "max_depth": 5.746374354630893, "min_child_weight": 8.11134920375926, "subsample": 0.5219245689618784}, "datetime": {"datetime": "2020-04-25 12:36:17", "elapsed": 10176.862214, "delta": 29.069382}}
{"target": 0.6231988, "params": {"alpha": 0.9915195618382484, "colsample_bytree": 0.8975638695611712, "lam": 0.08775055091727402, "max_depth": 3.626795037721738, "min_child_weight": 6.770661438785603, "subsample": 0.884080106498826}, "datetime": {"datetime": "2020-04-25 12:37:02", "elapsed": 10221.619262, "delta": 44.757048}}
{"target": 0.6435266000000001, "params": {"alpha": 0.6543569114731703, "colsample_bytree": 0.8758842467162267, "lam": 0.992083743282269, "max_depth": 7.015592181069106, "min_child_weight": 9.696233383840791, "subsample": 0.8393248995499074}, "datetime": {"datetime": "2020-04-25 12:37:48", "elapsed": 10267.402551, "delta": 45.783289}}
{"target": 0.632279, "params": {"alpha": 0.47661313107740244, "colsample_bytree": 0.8743079329025764, "lam": 0.7050899147260068, "max_depth": 6.031620860061951, "min_child_weight": 5.033443157990347, "subsample": 0.8872250242255018}, "datetime": {"datetime": "2020-04-25 12:38:20", "elapsed": 10299.405635, "delta": 32.003084}}
{"target": 0.6218568, "params": {"alpha": 0.014353709067241205, "colsample_bytree": 0.8979747199847047, "lam": 0.7287735194728399, "max_depth": 4.1623907205064885, "min_child_weight": 4.164256276911779, "subsample": 0.5119496018205645}, "datetime": {"datetime": "2020-04-25 12:39:02", "elapsed": 10341.499933, "delta": 42.094298}}
{"target": 0.6024216, "params": {"alpha": 0.0, "colsample_bytree": 0.899999982011864, "lam": 0.0, "max_depth": 4.363798935756495, "min_child_weight": 1.0000000045409485, "subsample": 0.5000000330810603}, "datetime": {"datetime": "2020-04-25 12:39:39", "elapsed": 10378.360245, "delta": 36.860312}}
{"target": 0.6305652, "params": {"alpha": 0.7618260735391014, "colsample_bytree": 0.8791947084567827, "lam": 0.8071370907802221, "max_depth": 5.4700985287373936, "min_child_weight": 1.7765366322795109, "subsample": 0.803845368626964}, "datetime": {"datetime": "2020-04-25 12:40:14", "elapsed": 10414.186016, "delta": 35.825771}}
{"target": 0.6265362000000001, "params": {"alpha": 0.9640320301873867, "colsample_bytree": 0.8470646099877841, "lam": 0.005817664547501322, "max_depth": 8.408000444890948, "min_child_weight": 5.793990754282464, "subsample": 0.8953846663709651}, "datetime": {"datetime": "2020-04-25 12:40:50", "elapsed": 10449.541416, "delta": 35.3554}}
{"target": 0.6366982, "params": {"alpha": 0.9763919521503499, "colsample_bytree": 0.8478070278261407, "lam": 0.2634914965464935, "max_depth": 5.264469853630773, "min_child_weight": 9.68058739206824, "subsample": 0.5982200618080353}, "datetime": {"datetime": "2020-04-25 12:41:24", "elapsed": 10484.21888, "delta": 34.677464}}
{"target": 0.6199205999999999, "params": {"alpha": 0.014356878754504532, "colsample_bytree": 0.8875807613968485, "lam": 0.21222880011818934, "max_depth": 8.059722494450288, "min_child_weight": 3.25409593927078, "subsample": 0.8975629049035005}, "datetime": {"datetime": "2020-04-25 12:42:09", "elapsed": 10528.87008, "delta": 44.6512}}
{"target": 0.611041, "params": {"alpha": 0.03523983407208331, "colsample_bytree": 0.8938008099239008, "lam": 0.4771414841767776, "max_depth": 7.951241287250531, "min_child_weight": 1.4984303003890056, "subsample": 0.513309099362012}, "datetime": {"datetime": "2020-04-25 12:42:50", "elapsed": 10570.179579, "delta": 41.309499}}
{"target": 0.6124192, "params": {"alpha": 0.5857873006432217, "colsample_bytree": 0.5854893551602616, "lam": 0.9814176178592467, "max_depth": 7.861520638254827, "min_child_weight": 7.889115250132247, "subsample": 0.8799957565336456}, "datetime": {"datetime": "2020-04-25 12:43:40", "elapsed": 10619.674728, "delta": 49.495149}}
{"target": 0.6365183999999999, "params": {"alpha": 0.026474025295280756, "colsample_bytree": 0.8596429454013376, "lam": 0.3854227075517319, "max_depth": 7.564844403313643, "min_child_weight": 9.994085222196036, "subsample": 0.6990061538385333}, "datetime": {"datetime": "2020-04-25 12:44:20", "elapsed": 10660.234455, "delta": 40.559727}}
{"target": 0.5907358, "params": {"alpha": 1.9953488695797317e-10, "colsample_bytree": 0.8999999999373253, "lam": 0.0, "max_depth": 3.0000000006579794, "min_child_weight": 6.052249662697316, "subsample": 0.5}, "datetime": {"datetime": "2020-04-25 12:45:00", "elapsed": 10699.334899, "delta": 39.100444}}
{"target": 0.6355542, "params": {"alpha": 0.05435734420611704, "colsample_bytree": 0.8937916882133055, "lam": 0.25768005668397986, "max_depth": 4.804817553702879, "min_child_weight": 5.908602948153683, "subsample": 0.8431443560749727}, "datetime": {"datetime": "2020-04-25 12:45:38", "elapsed": 10737.657757, "delta": 38.322858}}
{"target": 0.603073, "params": {"alpha": 0.9523220544786672, "colsample_bytree": 0.5442976385681755, "lam": 0.08629332230865727, "max_depth": 5.160817844041944, "min_child_weight": 2.2227990749852444, "subsample": 0.8983299464629946}, "datetime": {"datetime": "2020-04-25 12:46:29", "elapsed": 10789.049724, "delta": 51.391967}}
{"target": 0.5971352000000001, "params": {"alpha": 0.5398800518990104, "colsample_bytree": 0.8991884638142253, "lam": 0.9713693775209487, "max_depth": 8.841700706069371, "min_child_weight": 2.127391673828247, "subsample": 0.5889885389405753}, "datetime": {"datetime": "2020-04-25 12:47:09", "elapsed": 10828.62396, "delta": 39.574236}}
{"target": 0.5986612, "params": {"alpha": 1.0, "colsample_bytree": 0.5000000366974252, "lam": 0.9999999998233481, "max_depth": 9.999999999362682, "min_child_weight": 9.999999999671097, "subsample": 0.8999999998846112}, "datetime": {"datetime": "2020-04-25 12:47:58", "elapsed": 10877.631812, "delta": 49.007852}}
{"target": 0.641629, "params": {"alpha": 0.07527028703016192, "colsample_bytree": 0.8744534167735073, "lam": 0.945257860531906, "max_depth": 9.435023422375899, "min_child_weight": 5.861420064486091, "subsample": 0.8631408655743893}, "datetime": {"datetime": "2020-04-25 12:48:43", "elapsed": 10922.725282, "delta": 45.09347}}
