{"target": 0.630327, "params": {"alpha": 0.8951153544419439, "colsample_bytree": 0.8906457185643418, "lam": 0.9231585670396665, "max_depth": 3.595954302826894, "min_child_weight": 7.453015201860531, "subsample": 0.5695842779040041}, "datetime": {"datetime": "2020-04-25 15:26:14", "elapsed": 6767.347588, "delta": 26.596399}}
{"target": 0.6365742, "params": {"alpha": 0.9797059321228, "colsample_bytree": 0.7436761432565021, "lam": 0.2469149219756308, "max_depth": 8.008527501158174, "min_child_weight": 9.07994377677243, "subsample": 0.8934821582190499}, "datetime": {"datetime": "2020-04-25 15:26:39", "elapsed": 6792.474835, "delta": 25.127247}}
{"target": 0.6392089999999999, "params": {"alpha": 0.9860022453810815, "colsample_bytree": 0.8649236137851235, "lam": 0.06205459814540326, "max_depth": 5.328487847018546, "min_child_weight": 7.3849015494656065, "subsample": 0.8680518647453765}, "datetime": {"datetime": "2020-04-25 15:27:02", "elapsed": 6815.371984, "delta": 22.897149}}
{"target": 0.6316394000000001, "params": {"alpha": 0.021015523397159397, "colsample_bytree": 0.7054667140557902, "lam": 0.9013433120530217, "max_depth": 8.619026814233703, "min_child_weight": 8.257283447855647, "subsample": 0.5510613209040052}, "datetime": {"datetime": "2020-04-25 15:27:30", "elapsed": 6843.293281, "delta": 27.921297}}
{"target": 0.6358534, "params": {"alpha": 0.9570298065150956, "colsample_bytree": 0.8868932358787333, "lam": 0.9625639724817875, "max_depth": 4.774668037753497, "min_child_weight": 2.8372121679344895, "subsample": 0.8984894384774853}, "datetime": {"datetime": "2020-04-25 15:27:58", "elapsed": 6871.988011, "delta": 28.69473}}
{"target": 0.6162053999999999, "params": {"alpha": 0.985027522912473, "colsample_bytree": 0.8690128836788575, "lam": 0.0028413290024988935, "max_depth": 6.97712512538528, "min_child_weight": 6.149616013029851, "subsample": 0.6211899638334779}, "datetime": {"datetime": "2020-04-25 15:28:30", "elapsed": 6903.829116, "delta": 31.841105}}
{"target": 0.6357492, "params": {"alpha": 0.04642115895512133, "colsample_bytree": 0.6921483823441617, "lam": 0.920823955563068, "max_depth": 9.860472553593514, "min_child_weight": 8.726805330026265, "subsample": 0.5064021023942785}, "datetime": {"datetime": "2020-04-25 15:28:56", "elapsed": 6929.232581, "delta": 25.403465}}
{"target": 0.6392622, "params": {"alpha": 0.043832565644211674, "colsample_bytree": 0.8660414812899726, "lam": 0.4114520665116258, "max_depth": 9.951860212101028, "min_child_weight": 4.537343627403676, "subsample": 0.5132918867890455}, "datetime": {"datetime": "2020-04-25 15:29:22", "elapsed": 6955.245296, "delta": 26.012715}}
{"target": 0.623973, "params": {"alpha": 0.5987604989561153, "colsample_bytree": 0.8798803424113462, "lam": 0.659758849605646, "max_depth": 5.306886382178459, "min_child_weight": 2.723716107665355, "subsample": 0.8970176732722637}, "datetime": {"datetime": "2020-04-25 15:29:47", "elapsed": 6980.951837, "delta": 25.706541}}
{"target": 0.6363847999999999, "params": {"alpha": 0.41435912342030057, "colsample_bytree": 0.8454884474351753, "lam": 0.06270822502944973, "max_depth": 5.547643551955095, "min_child_weight": 8.231016713240583, "subsample": 0.8370657653474629}, "datetime": {"datetime": "2020-04-25 15:30:15", "elapsed": 7008.149571, "delta": 27.197734}}
{"target": 0.6209816, "params": {"alpha": 0.00290565923650532, "colsample_bytree": 0.8557439173161332, "lam": 0.01131280348081165, "max_depth": 5.517145951232498, "min_child_weight": 1.742560980843424, "subsample": 0.8748530679102322}, "datetime": {"datetime": "2020-04-25 15:30:50", "elapsed": 7044.010995, "delta": 35.861424}}
{"target": 0.631918, "params": {"alpha": 0.558463165731561, "colsample_bytree": 0.757897182942925, "lam": 0.9934121431570054, "max_depth": 9.881140079604046, "min_child_weight": 7.878565532868906, "subsample": 0.893348749899628}, "datetime": {"datetime": "2020-04-25 15:31:24", "elapsed": 7077.71135, "delta": 33.700355}}
{"target": 0.6032306000000001, "params": {"alpha": 0.920324871072968, "colsample_bytree": 0.5183258290993191, "lam": 0.05416965733773471, "max_depth": 4.843509745323081, "min_child_weight": 1.0205070363309074, "subsample": 0.8941770225715298}, "datetime": {"datetime": "2020-04-25 15:31:52", "elapsed": 7106.01673, "delta": 28.30538}}
{"target": 0.631194, "params": {"alpha": 0.0042489365428468595, "colsample_bytree": 0.7401789609638018, "lam": 0.8276050216423423, "max_depth": 6.598080598062273, "min_child_weight": 2.3062560260874982, "subsample": 0.8865137605970774}, "datetime": {"datetime": "2020-04-25 15:32:17", "elapsed": 7130.255597, "delta": 24.238867}}
{"target": 0.6284727999999999, "params": {"alpha": 0.010369917651906757, "colsample_bytree": 0.84838487798363, "lam": 0.476745306329624, "max_depth": 5.505079565781545, "min_child_weight": 8.711418690159045, "subsample": 0.8846521139009262}, "datetime": {"datetime": "2020-04-25 15:32:42", "elapsed": 7155.325722, "delta": 25.070125}}
{"target": 0.6197480000000001, "params": {"alpha": 0.041741157806021945, "colsample_bytree": 0.6909402666014024, "lam": 0.637060856645943, "max_depth": 8.153498131298528, "min_child_weight": 6.753700066269002, "subsample": 0.5414262042120337}, "datetime": {"datetime": "2020-04-25 15:33:06", "elapsed": 7180.00738, "delta": 24.681658}}
{"target": 0.6345282, "params": {"alpha": 0.999999913913137, "colsample_bytree": 0.8999999655652547, "lam": 0.8421281105019186, "max_depth": 3.8215018127150335, "min_child_weight": 7.786964091344767, "subsample": 0.8999987170660982}, "datetime": {"datetime": "2020-04-25 15:33:38", "elapsed": 7211.27903, "delta": 31.27165}}
{"target": 0.6347408, "params": {"alpha": 0.14293757686152764, "colsample_bytree": 0.8455322963315095, "lam": 0.9805539755368584, "max_depth": 9.86294659569159, "min_child_weight": 8.137147129881455, "subsample": 0.5517883667495561}, "datetime": {"datetime": "2020-04-25 15:34:00", "elapsed": 7233.400243, "delta": 22.121213}}
{"target": 0.6252806000000001, "params": {"alpha": 0.9481656345681336, "colsample_bytree": 0.882839718075543, "lam": 0.9732418368489623, "max_depth": 3.677180046534427, "min_child_weight": 2.9627779360606636, "subsample": 0.8708183186411365}, "datetime": {"datetime": "2020-04-25 15:34:30", "elapsed": 7263.981186, "delta": 30.580943}}
{"target": 0.6324417999999999, "params": {"alpha": 0.02328024374112858, "colsample_bytree": 0.8472980450164722, "lam": 0.3742355079996105, "max_depth": 5.638050549526475, "min_child_weight": 6.938076074732428, "subsample": 0.7962572621884962}, "datetime": {"datetime": "2020-04-25 15:35:02", "elapsed": 7295.377969, "delta": 31.396783}}
{"target": 0.6233668, "params": {"alpha": 0.0, "colsample_bytree": 0.8999999993925827, "lam": 0.9999999995855218, "max_depth": 10.0, "min_child_weight": 4.254118110094364, "subsample": 0.8417488491335373}, "datetime": {"datetime": "2020-04-25 15:35:33", "elapsed": 7326.087509, "delta": 30.70954}}
{"target": 0.622801, "params": {"alpha": 0.03046237462535406, "colsample_bytree": 0.8937284468758184, "lam": 0.9758446470427464, "max_depth": 9.223410774884531, "min_child_weight": 3.0674639640089674, "subsample": 0.8438039148229122}, "datetime": {"datetime": "2020-04-25 15:35:59", "elapsed": 7352.221066, "delta": 26.133557}}
{"target": 0.6065891999999999, "params": {"alpha": 7.584639150082518e-09, "colsample_bytree": 0.9, "lam": 0.0, "max_depth": 10.0, "min_child_weight": 4.138227394027582, "subsample": 0.5000000063442964}, "datetime": {"datetime": "2020-04-25 15:36:24", "elapsed": 7377.930457, "delta": 25.709391}}
{"target": 0.6364596, "params": {"alpha": 0.9723939212085941, "colsample_bytree": 0.8489075559897108, "lam": 0.03031075669902783, "max_depth": 9.090562284356228, "min_child_weight": 6.933012198593772, "subsample": 0.8631025098974432}, "datetime": {"datetime": "2020-04-25 15:36:56", "elapsed": 7409.503311, "delta": 31.572854}}
{"target": 0.6185712000000001, "params": {"alpha": 0.028162939710590362, "colsample_bytree": 0.8889095491744221, "lam": 0.9702213383747741, "max_depth": 7.570244602640852, "min_child_weight": 4.980844979480312, "subsample": 0.6129640191702554}, "datetime": {"datetime": "2020-04-25 15:37:30", "elapsed": 7443.755975, "delta": 34.252664}}
{"target": 0.6194599999999999, "params": {"alpha": 0.9590740399127547, "colsample_bytree": 0.9, "lam": 0.9258976702100615, "max_depth": 9.999999972120683, "min_child_weight": 1.773206039316688, "subsample": 0.5000000926654304}, "datetime": {"datetime": "2020-04-25 15:37:57", "elapsed": 7470.927899, "delta": 27.171924}}
{"target": 0.6372234, "params": {"alpha": 0.9993853289608654, "colsample_bytree": 0.6681403767262966, "lam": 0.028919117740792144, "max_depth": 5.988315137925612, "min_child_weight": 9.627192571012053, "subsample": 0.6766508253489353}, "datetime": {"datetime": "2020-04-25 15:38:25", "elapsed": 7498.782028, "delta": 27.854129}}
{"target": 0.6345904, "params": {"alpha": 0.9805858461272908, "colsample_bytree": 0.6692467176563333, "lam": 0.9686690112355949, "max_depth": 8.451737140208078, "min_child_weight": 7.8686724011976015, "subsample": 0.8973465286874027}, "datetime": {"datetime": "2020-04-25 15:38:56", "elapsed": 7529.583675, "delta": 30.801647}}
{"target": 0.6315588, "params": {"alpha": 0.9903664533808502, "colsample_bytree": 0.814184571702647, "lam": 0.03538701350901119, "max_depth": 9.011116955769717, "min_child_weight": 7.495421896096783, "subsample": 0.8728181232764085}, "datetime": {"datetime": "2020-04-25 15:39:28", "elapsed": 7561.352733, "delta": 31.769058}}
{"target": 0.6278812, "params": {"alpha": 2.845371428313081e-10, "colsample_bytree": 0.8973971252232325, "lam": 0.9999999994186388, "max_depth": 4.77746192177009, "min_child_weight": 1.7255896963423158, "subsample": 0.8801530252010803}, "datetime": {"datetime": "2020-04-25 15:40:01", "elapsed": 7594.799302, "delta": 33.446569}}
{"target": 0.6255648, "params": {"alpha": 0.9951131634627415, "colsample_bytree": 0.8887244624694766, "lam": 0.9045105089473733, "max_depth": 4.405693023499065, "min_child_weight": 7.7129568517350755, "subsample": 0.8243000484927627}, "datetime": {"datetime": "2020-04-25 15:40:31", "elapsed": 7624.236297, "delta": 29.436995}}
{"target": 0.626595, "params": {"alpha": 0.06799171269734339, "colsample_bytree": 0.8570462080867851, "lam": 0.9485564964272737, "max_depth": 4.512070980920628, "min_child_weight": 3.907613759282398, "subsample": 0.5044451650038497}, "datetime": {"datetime": "2020-04-25 15:40:55", "elapsed": 7648.503981, "delta": 24.267684}}
{"target": 0.6335906, "params": {"alpha": 0.014648912326320374, "colsample_bytree": 0.8843471124397516, "lam": 0.3581794419239619, "max_depth": 9.574607080182126, "min_child_weight": 4.536684753434875, "subsample": 0.8283882169349186}, "datetime": {"datetime": "2020-04-25 15:41:17", "elapsed": 7670.246319, "delta": 21.742338}}
{"target": 0.6403708, "params": {"alpha": 0.016980420115396577, "colsample_bytree": 0.8626099129666598, "lam": 0.907837870183702, "max_depth": 5.776524091597432, "min_child_weight": 6.8439899620854785, "subsample": 0.5375714952191364}, "datetime": {"datetime": "2020-04-25 15:41:51", "elapsed": 7704.239878, "delta": 33.993559}}
{"target": 0.6378424, "params": {"alpha": 0.608491033604901, "colsample_bytree": 0.844936612122894, "lam": 0.04111922738642282, "max_depth": 5.974002177900122, "min_child_weight": 7.654683135046414, "subsample": 0.8989604926653114}, "datetime": {"datetime": "2020-04-25 15:42:15", "elapsed": 7728.979499, "delta": 24.739621}}
{"target": 0.635361, "params": {"alpha": 0.07028599524726542, "colsample_bytree": 0.8984612981177966, "lam": 0.4922815402175428, "max_depth": 7.98742332360761, "min_child_weight": 4.033900528630057, "subsample": 0.8950370473909006}, "datetime": {"datetime": "2020-04-25 15:42:51", "elapsed": 7764.644321, "delta": 35.664822}}
{"target": 0.63422, "params": {"alpha": 0.710457361490016, "colsample_bytree": 0.800436777476853, "lam": 0.014814046757826715, "max_depth": 4.738652408552866, "min_child_weight": 4.530334861655044, "subsample": 0.8982358993977493}, "datetime": {"datetime": "2020-04-25 15:43:21", "elapsed": 7794.822229, "delta": 30.177908}}
{"target": 0.6255158, "params": {"alpha": 0.07985275596645025, "colsample_bytree": 0.8816611714432793, "lam": 0.9801440858042852, "max_depth": 3.988669153199439, "min_child_weight": 6.440137522345415, "subsample": 0.5654641500807618}, "datetime": {"datetime": "2020-04-25 15:43:53", "elapsed": 7826.513196, "delta": 31.690967}}
{"target": 0.6319953999999999, "params": {"alpha": 1.0, "colsample_bytree": 0.8999999852465947, "lam": 1.0, "max_depth": 4.10989145167236, "min_child_weight": 3.4147589344599916, "subsample": 0.8999999916085336}, "datetime": {"datetime": "2020-04-25 15:44:32", "elapsed": 7865.873812, "delta": 39.360616}}
{"target": 0.6309422, "params": {"alpha": 0.9908405319677471, "colsample_bytree": 0.8518283069639423, "lam": 0.9619582742479195, "max_depth": 3.5897317901637713, "min_child_weight": 1.1358568270509481, "subsample": 0.861075283483471}, "datetime": {"datetime": "2020-04-25 15:45:06", "elapsed": 7899.866296, "delta": 33.992484}}
{"target": 0.5996300000000001, "params": {"alpha": 0.03776487566068398, "colsample_bytree": 0.547748845251311, "lam": 0.9224977796642948, "max_depth": 9.86502780582259, "min_child_weight": 7.999662178815208, "subsample": 0.5449487774321444}, "datetime": {"datetime": "2020-04-25 15:45:36", "elapsed": 7929.383076, "delta": 29.51678}}
{"target": 0.6148138, "params": {"alpha": 0.005825052224019078, "colsample_bytree": 0.8123467254911501, "lam": 0.9862742056696597, "max_depth": 6.080384318499966, "min_child_weight": 7.433597527821357, "subsample": 0.5109709187132583}, "datetime": {"datetime": "2020-04-25 15:46:08", "elapsed": 7962.0165, "delta": 32.633424}}
{"target": 0.635156, "params": {"alpha": 0.051597789708592634, "colsample_bytree": 0.850897899577636, "lam": 0.8373915050955509, "max_depth": 9.871517677992028, "min_child_weight": 9.292579492331516, "subsample": 0.525531594484759}, "datetime": {"datetime": "2020-04-25 15:46:37", "elapsed": 7990.51718, "delta": 28.50068}}
{"target": 0.6348738, "params": {"alpha": 0.7654030634704413, "colsample_bytree": 0.8792970184700539, "lam": 0.8359048082560049, "max_depth": 9.996589866227325, "min_child_weight": 7.816992017887353, "subsample": 0.576430512704924}, "datetime": {"datetime": "2020-04-25 15:47:07", "elapsed": 8020.378744, "delta": 29.861564}}
{"target": 0.6321901999999999, "params": {"alpha": 0.0604575998559973, "colsample_bytree": 0.8703356908406767, "lam": 0.9716769330191183, "max_depth": 5.575478983431124, "min_child_weight": 6.228930981255956, "subsample": 0.5965936767982865}, "datetime": {"datetime": "2020-04-25 15:47:42", "elapsed": 8055.239291, "delta": 34.860547}}
{"target": 0.6392534, "params": {"alpha": 0.2991918139492046, "colsample_bytree": 0.8971172538959178, "lam": 0.4609038088528028, "max_depth": 8.980954934963858, "min_child_weight": 7.269931954348477, "subsample": 0.8858069237237876}, "datetime": {"datetime": "2020-04-25 15:48:24", "elapsed": 8097.402535, "delta": 42.163244}}
{"target": 0.6269012, "params": {"alpha": 0.8880512267723547, "colsample_bytree": 0.8791698138684647, "lam": 0.004990888555354456, "max_depth": 5.816543113714803, "min_child_weight": 3.590886622329302, "subsample": 0.5387158673232969}, "datetime": {"datetime": "2020-04-25 15:49:02", "elapsed": 8135.272394, "delta": 37.869859}}
{"target": 0.6171418, "params": {"alpha": 0.9634910595335376, "colsample_bytree": 0.8919391088959034, "lam": 0.6945543620106054, "max_depth": 9.943659629430151, "min_child_weight": 3.942730564122142, "subsample": 0.5120754855690111}, "datetime": {"datetime": "2020-04-25 15:49:37", "elapsed": 8170.088571, "delta": 34.816177}}
{"target": 0.6320866, "params": {"alpha": 0.4717253207265216, "colsample_bytree": 0.868197113978044, "lam": 0.026595162371732317, "max_depth": 6.880234532088062, "min_child_weight": 7.475354458775192, "subsample": 0.5847023238447684}, "datetime": {"datetime": "2020-04-25 15:50:06", "elapsed": 8199.294252, "delta": 29.205681}}
{"target": 0.6156154, "params": {"alpha": 0.021167927278557763, "colsample_bytree": 0.8400073682579499, "lam": 0.2964309380895508, "max_depth": 4.751791854664438, "min_child_weight": 9.070328918111706, "subsample": 0.5237811181186656}, "datetime": {"datetime": "2020-04-25 15:50:50", "elapsed": 8243.236454, "delta": 43.942202}}
{"target": 0.6245936, "params": {"alpha": 0.49066500317023953, "colsample_bytree": 0.7930739767145504, "lam": 0.0977484580752197, "max_depth": 3.7317707642954367, "min_child_weight": 9.051426459126617, "subsample": 0.8242007601928965}, "datetime": {"datetime": "2020-04-25 15:51:29", "elapsed": 8282.565909, "delta": 39.329455}}
{"target": 0.621588, "params": {"alpha": 0.0549128426923855, "colsample_bytree": 0.8893403415129231, "lam": 0.2695269408989156, "max_depth": 4.008466598573968, "min_child_weight": 6.753366074209822, "subsample": 0.6534052951828964}, "datetime": {"datetime": "2020-04-25 15:51:55", "elapsed": 8308.85285, "delta": 26.286941}}
{"target": 0.6441152000000001, "params": {"alpha": 0.3898940902996584, "colsample_bytree": 0.814988816788943, "lam": 0.0016511001010602877, "max_depth": 4.775917861967048, "min_child_weight": 7.651573241261953, "subsample": 0.8791518463936552}, "datetime": {"datetime": "2020-04-25 15:52:21", "elapsed": 8335.02604, "delta": 26.17319}}
{"target": 0.5667212, "params": {"alpha": 0.8821044161392908, "colsample_bytree": 0.5, "lam": 1.0, "max_depth": 3.594036660441421, "min_child_weight": 1.0, "subsample": 0.5000000214110093}, "datetime": {"datetime": "2020-04-25 15:53:00", "elapsed": 8373.037739, "delta": 38.011699}}
{"target": 0.6273618, "params": {"alpha": 0.012777885491962127, "colsample_bytree": 0.8976296494692664, "lam": 0.01084369639810534, "max_depth": 3.6203201940810925, "min_child_weight": 3.1324759245069203, "subsample": 0.8949235627881598}, "datetime": {"datetime": "2020-04-25 15:53:31", "elapsed": 8404.488235, "delta": 31.450496}}
{"target": 0.6284012000000001, "params": {"alpha": 0.031029528505801207, "colsample_bytree": 0.8409889246093302, "lam": 0.007373038029683809, "max_depth": 8.094734698290118, "min_child_weight": 9.199635238320209, "subsample": 0.8985794020974258}, "datetime": {"datetime": "2020-04-25 15:53:57", "elapsed": 8430.240603, "delta": 25.752368}}
{"target": 0.620184, "params": {"alpha": 0.0043984382157499224, "colsample_bytree": 0.8767603304786198, "lam": 0.8804933312629247, "max_depth": 9.51953744755646, "min_child_weight": 4.393780991633406, "subsample": 0.5502433969400828}, "datetime": {"datetime": "2020-04-25 15:54:31", "elapsed": 8464.926244, "delta": 34.685641}}
{"target": 0.6350068, "params": {"alpha": 0.3872311642608135, "colsample_bytree": 0.8088560216871283, "lam": 0.01539193476282863, "max_depth": 5.2796851175715425, "min_child_weight": 7.412674148558731, "subsample": 0.8658290744810109}, "datetime": {"datetime": "2020-04-25 15:55:03", "elapsed": 8496.515577, "delta": 31.589333}}
{"target": 0.5999182000000001, "params": {"alpha": 0.010506214038852546, "colsample_bytree": 0.8936618528709523, "lam": 0.9303678927601161, "max_depth": 9.354221565766057, "min_child_weight": 1.354425262084292, "subsample": 0.5065501724751011}, "datetime": {"datetime": "2020-04-25 15:55:36", "elapsed": 8529.456293, "delta": 32.940716}}
{"target": 0.6391806, "params": {"alpha": 0.11249702210026769, "colsample_bytree": 0.8782375722141901, "lam": 0.0687415674060915, "max_depth": 4.851812409124438, "min_child_weight": 7.5917332880021435, "subsample": 0.8969280294487392}, "datetime": {"datetime": "2020-04-25 15:56:08", "elapsed": 8561.175321, "delta": 31.719028}}
{"target": 0.6322443999999999, "params": {"alpha": 0.35273008126851435, "colsample_bytree": 0.6991409521796536, "lam": 0.3074365313842793, "max_depth": 4.45844424429826, "min_child_weight": 8.747836371432767, "subsample": 0.8523500921609068}, "datetime": {"datetime": "2020-04-25 15:56:33", "elapsed": 8586.232548, "delta": 25.057227}}
{"target": 0.6206978, "params": {"alpha": 0.9408072693747969, "colsample_bytree": 0.587511453890931, "lam": 0.9937862302287036, "max_depth": 6.444610152916245, "min_child_weight": 9.99514334650486, "subsample": 0.8514060784464441}, "datetime": {"datetime": "2020-04-25 15:57:05", "elapsed": 8618.929372, "delta": 32.696824}}
{"target": 0.6225574, "params": {"alpha": 0.3646701061848844, "colsample_bytree": 0.875973344423101, "lam": 0.08346963941941432, "max_depth": 5.522556101163266, "min_child_weight": 4.884615075598333, "subsample": 0.6980476835173146}, "datetime": {"datetime": "2020-04-25 15:57:41", "elapsed": 8654.864348, "delta": 35.934976}}
{"target": 0.6321956, "params": {"alpha": 0.17290117353284162, "colsample_bytree": 0.8267529526631171, "lam": 0.021283178668143443, "max_depth": 5.488202465834725, "min_child_weight": 5.734201209485487, "subsample": 0.893047551703353}, "datetime": {"datetime": "2020-04-25 15:58:08", "elapsed": 8681.07474, "delta": 26.210392}}
{"target": 0.6270368000000001, "params": {"alpha": 0.7191146079034062, "colsample_bytree": 0.7708737764090768, "lam": 0.985455299990017, "max_depth": 3.704219296175847, "min_child_weight": 7.20904228718197, "subsample": 0.8486494761998813}, "datetime": {"datetime": "2020-04-25 15:58:53", "elapsed": 8726.878093, "delta": 45.803353}}
{"target": 0.6398688, "params": {"alpha": 1.0, "colsample_bytree": 0.9, "lam": 0.0, "max_depth": 5.231331457879627, "min_child_weight": 3.162013212722819, "subsample": 0.8999997913400078}, "datetime": {"datetime": "2020-04-25 15:59:17", "elapsed": 8750.480532, "delta": 23.602439}}
{"target": 0.6251724, "params": {"alpha": 0.006615392500880168, "colsample_bytree": 0.8066179086976548, "lam": 0.2144161504086589, "max_depth": 4.345200039339007, "min_child_weight": 8.372804837722128, "subsample": 0.8328008063324939}, "datetime": {"datetime": "2020-04-25 15:59:47", "elapsed": 8780.705146, "delta": 30.224614}}
