{"target": 0.6052679999999999, "params": {"alpha": 0.8597353175476261, "colsample_bytree": 0.587962651638046, "lam": 0.29657237626062793, "max_depth": 6.842595452752295, "min_child_weight": 3.304751385680898, "subsample": 0.8295855150580438}, "datetime": {"datetime": "2020-04-25 13:33:26", "elapsed": 0.0, "delta": 0.0}}
{"target": 0.6366656, "params": {"alpha": 0.07823274927125112, "colsample_bytree": 0.8117067716221082, "lam": 0.41417291380246046, "max_depth": 4.76676344547762, "min_child_weight": 9.036282598826261, "subsample": 0.7927924856712221}, "datetime": {"datetime": "2020-04-25 13:33:30", "elapsed": 3.366706, "delta": 3.366706}}
{"target": 0.5748234, "params": {"alpha": 0.161980743660333, "colsample_bytree": 0.5331436954932641, "lam": 0.012061419965000209, "max_depth": 6.583800230520876, "min_child_weight": 1.2522544900072738, "subsample": 0.7279560975984887}, "datetime": {"datetime": "2020-04-25 13:33:34", "elapsed": 7.161832, "delta": 3.795126}}
{"target": 0.6250476, "params": {"alpha": 0.05672460949224234, "colsample_bytree": 0.6400872405435608, "lam": 0.8392285404996642, "max_depth": 3.8781322713642696, "min_child_weight": 8.707903789037113, "subsample": 0.8461337340399266}, "datetime": {"datetime": "2020-04-25 13:33:37", "elapsed": 10.442572, "delta": 3.28074}}
{"target": 0.6239442000000001, "params": {"alpha": 0.8782930900401759, "colsample_bytree": 0.7751110964395791, "lam": 0.29332817902118324, "max_depth": 6.037510975477126, "min_child_weight": 7.389502404180985, "subsample": 0.676859391268407}, "datetime": {"datetime": "2020-04-25 13:33:40", "elapsed": 13.788274, "delta": 3.345702}}
{"target": 0.58758, "params": {"alpha": 0.8915392296743916, "colsample_bytree": 0.8644629877711874, "lam": 0.49076180518796175, "max_depth": 3.0128166164871817, "min_child_weight": 8.5824623007471, "subsample": 0.5005445428585551}, "datetime": {"datetime": "2020-04-25 13:33:43", "elapsed": 16.273792, "delta": 2.485518}}
{"target": 0.5955976, "params": {"alpha": 0.5137445387823134, "colsample_bytree": 0.5799312022128067, "lam": 0.8518018401977797, "max_depth": 8.636075161424124, "min_child_weight": 5.016953361426064, "subsample": 0.5620003920147242}, "datetime": {"datetime": "2020-04-25 13:33:47", "elapsed": 20.254326, "delta": 3.980534}}
{"target": 0.63159, "params": {"alpha": 0.9663548241639848, "colsample_bytree": 0.6877240991491209, "lam": 0.40048989746551034, "max_depth": 4.779543466577234, "min_child_weight": 8.261209415607857, "subsample": 0.6614192148421724}, "datetime": {"datetime": "2020-04-25 13:33:50", "elapsed": 23.313969, "delta": 3.059643}}
{"target": 0.6007206, "params": {"alpha": 0.9756168704024752, "colsample_bytree": 0.5241418190186892, "lam": 0.7268485255575013, "max_depth": 4.934121074800006, "min_child_weight": 8.637415788628925, "subsample": 0.618876793394668}, "datetime": {"datetime": "2020-04-25 13:33:53", "elapsed": 26.32925, "delta": 3.015281}}
{"target": 0.6351762000000001, "params": {"alpha": 0.1283392769861207, "colsample_bytree": 0.6520188124311911, "lam": 0.06582651359436498, "max_depth": 7.247450020216849, "min_child_weight": 7.754850080385292, "subsample": 0.5441960910997512}, "datetime": {"datetime": "2020-04-25 13:33:56", "elapsed": 29.468033, "delta": 3.138783}}
{"target": 0.6052754, "params": {"alpha": 1.0, "colsample_bytree": 0.5, "lam": 0.0, "max_depth": 10.0, "min_child_weight": 10.0, "subsample": 0.9}, "datetime": {"datetime": "2020-04-25 13:34:03", "elapsed": 36.069406, "delta": 6.601373}}
{"target": 0.5130216, "params": {"alpha": 1.0, "colsample_bytree": 0.5, "lam": 0.0, "max_depth": 10.0, "min_child_weight": 1.0, "subsample": 0.9}, "datetime": {"datetime": "2020-04-25 13:34:10", "elapsed": 43.651724, "delta": 7.582318}}
{"target": 0.5584112, "params": {"alpha": 0.0, "colsample_bytree": 0.5, "lam": 0.0, "max_depth": 3.0, "min_child_weight": 3.3849094409516187, "subsample": 0.9}, "datetime": {"datetime": "2020-04-25 13:34:14", "elapsed": 47.730828, "delta": 4.079104}}
{"target": 0.6165416, "params": {"alpha": 0.0, "colsample_bytree": 0.9, "lam": 0.0, "max_depth": 10.0, "min_child_weight": 5.493367924672813, "subsample": 0.9}, "datetime": {"datetime": "2020-04-25 13:34:21", "elapsed": 54.549132, "delta": 6.818304}}
{"target": 0.5983042, "params": {"alpha": 0.0, "colsample_bytree": 0.5, "lam": 0.0, "max_depth": 4.637723837414875, "min_child_weight": 6.783099409804073, "subsample": 0.9}, "datetime": {"datetime": "2020-04-25 13:34:26", "elapsed": 59.152446, "delta": 4.603314}}
{"target": 0.6082310000000001, "params": {"alpha": 1.0, "colsample_bytree": 0.9, "lam": 1.0, "max_depth": 3.0, "min_child_weight": 1.0, "subsample": 0.9}, "datetime": {"datetime": "2020-04-25 13:34:29", "elapsed": 62.980359, "delta": 3.827913}}
{"target": 0.6244662, "params": {"alpha": 0.0, "colsample_bytree": 0.9, "lam": 1.0, "max_depth": 10.0, "min_child_weight": 10.0, "subsample": 0.5}, "datetime": {"datetime": "2020-04-25 13:34:34", "elapsed": 67.810273, "delta": 4.829914}}
{"target": 0.6201068000000001, "params": {"alpha": 1.0, "colsample_bytree": 0.9, "lam": 0.0, "max_depth": 10.0, "min_child_weight": 7.483977420562798, "subsample": 0.5}, "datetime": {"datetime": "2020-04-25 13:34:39", "elapsed": 72.694194, "delta": 4.883921}}
{"target": 0.6229188, "params": {"alpha": 0.0, "colsample_bytree": 0.9, "lam": 1.0, "max_depth": 4.934629211660751, "min_child_weight": 3.0503731758576804, "subsample": 0.5}, "datetime": {"datetime": "2020-04-25 13:34:43", "elapsed": 76.396313, "delta": 3.702119}}
{"target": 0.6338358, "params": {"alpha": 0.0, "colsample_bytree": 0.9, "lam": 0.0, "max_depth": 8.398398660261702, "min_child_weight": 10.0, "subsample": 0.9}, "datetime": {"datetime": "2020-04-25 13:34:48", "elapsed": 81.919355, "delta": 5.523042}}
{"target": 0.635899, "params": {"alpha": 0.0, "colsample_bytree": 0.9, "lam": 1.0, "max_depth": 10.0, "min_child_weight": 7.856063574311056, "subsample": 0.9}, "datetime": {"datetime": "2020-04-25 13:34:55", "elapsed": 88.391126, "delta": 6.471771}}
{"target": 0.6077846000000001, "params": {"alpha": 1.0, "colsample_bytree": 0.9, "lam": 1.0, "max_depth": 3.0, "min_child_weight": 5.069995303595484, "subsample": 0.9}, "datetime": {"datetime": "2020-04-25 13:34:59", "elapsed": 92.519364, "delta": 4.128238}}
{"target": 0.603356, "params": {"alpha": 0.0, "colsample_bytree": 0.9, "lam": 1.0, "max_depth": 8.240100072168019, "min_child_weight": 1.0, "subsample": 0.9}, "datetime": {"datetime": "2020-04-25 13:35:05", "elapsed": 98.239367, "delta": 5.720003}}
{"target": 0.5613488, "params": {"alpha": 1.0, "colsample_bytree": 0.5, "lam": 1.0, "max_depth": 5.953444782918872, "min_child_weight": 1.0, "subsample": 0.5}, "datetime": {"datetime": "2020-04-25 13:35:08", "elapsed": 101.967259, "delta": 3.727892}}
{"target": 0.6342866, "params": {"alpha": 0.023432567873645893, "colsample_bytree": 0.7223884796925406, "lam": 0.06488875345887068, "max_depth": 9.966135480420277, "min_child_weight": 9.304866930188288, "subsample": 0.5251397227357743}, "datetime": {"datetime": "2020-04-25 13:35:13", "elapsed": 106.788685, "delta": 4.821426}}
{"target": 0.6294359999999999, "params": {"alpha": 0.08838958843821143, "colsample_bytree": 0.8960446144990251, "lam": 0.9882981133061863, "max_depth": 5.039977335612037, "min_child_weight": 7.601539059763762, "subsample": 0.8914834657346075}, "datetime": {"datetime": "2020-04-25 13:35:18", "elapsed": 111.040009, "delta": 4.251324}}
{"target": 0.6293138, "params": {"alpha": 1.0, "colsample_bytree": 0.9, "lam": 0.0, "max_depth": 3.71492555955198, "min_child_weight": 9.774459670453039, "subsample": 0.9}, "datetime": {"datetime": "2020-04-25 13:35:22", "elapsed": 115.307838, "delta": 4.267829}}
{"target": 0.6247476, "params": {"alpha": 0.991794340550372, "colsample_bytree": 0.8996200980531827, "lam": 0.16455702321336518, "max_depth": 4.569478286859058, "min_child_weight": 3.0224246145632203, "subsample": 0.8871034837765335}, "datetime": {"datetime": "2020-04-25 13:35:26", "elapsed": 119.676493, "delta": 4.368655}}
{"target": 0.6082964000000001, "params": {"alpha": 0.0, "colsample_bytree": 0.9, "lam": 0.0, "max_depth": 7.882091843615699, "min_child_weight": 3.4269182545607304, "subsample": 0.5}, "datetime": {"datetime": "2020-04-25 13:35:30", "elapsed": 123.939918, "delta": 4.263425}}
{"target": 0.6409192, "params": {"alpha": 0.08551641342711735, "colsample_bytree": 0.8718838852667715, "lam": 0.15279573037798522, "max_depth": 8.045780831986061, "min_child_weight": 7.850287377138299, "subsample": 0.8937620443944647}, "datetime": {"datetime": "2020-04-25 13:35:36", "elapsed": 129.427941, "delta": 5.488023}}
{"target": 0.6248986000000001, "params": {"alpha": 0.0, "colsample_bytree": 0.9, "lam": 1.0, "max_depth": 4.574199135102075, "min_child_weight": 1.0, "subsample": 0.9}, "datetime": {"datetime": "2020-04-25 13:35:40", "elapsed": 133.748565, "delta": 4.320624}}
{"target": 0.6239555999999999, "params": {"alpha": 0.0, "colsample_bytree": 0.9, "lam": 1.0, "max_depth": 10.0, "min_child_weight": 2.3784757902251505, "subsample": 0.5}, "datetime": {"datetime": "2020-04-25 13:35:46", "elapsed": 139.040385, "delta": 5.29182}}
{"target": 0.6358098, "params": {"alpha": 0.985323643085857, "colsample_bytree": 0.8605747920540603, "lam": 0.03876942388816895, "max_depth": 6.0911535182951475, "min_child_weight": 9.217616832045394, "subsample": 0.754967295340685}, "datetime": {"datetime": "2020-04-25 13:35:50", "elapsed": 143.312403, "delta": 4.272018}}
{"target": 0.6001025999999999, "params": {"alpha": 0.8585201805687346, "colsample_bytree": 0.8826575685097886, "lam": 0.008452240572179415, "max_depth": 3.186983776422201, "min_child_weight": 8.060429140475927, "subsample": 0.8952429893404423}, "datetime": {"datetime": "2020-04-25 13:35:54", "elapsed": 147.47464, "delta": 4.162237}}
{"target": 0.5946572, "params": {"alpha": 0.9999999945092747, "colsample_bytree": 0.5440096845013446, "lam": 1.0, "max_depth": 4.2268606890671885, "min_child_weight": 2.664582337252471, "subsample": 0.9}, "datetime": {"datetime": "2020-04-25 13:35:58", "elapsed": 151.774393, "delta": 4.299753}}
{"target": 0.6155413999999999, "params": {"alpha": 0.9544223873208131, "colsample_bytree": 0.8938172558988859, "lam": 0.8985015297979206, "max_depth": 9.494725944586815, "min_child_weight": 3.2211528655494557, "subsample": 0.8945406880136142}, "datetime": {"datetime": "2020-04-25 13:36:05", "elapsed": 158.263643, "delta": 6.48925}}
{"target": 0.6411933999999999, "params": {"alpha": 0.02613438724610262, "colsample_bytree": 0.833928591725858, "lam": 0.073681943008024, "max_depth": 4.54648473723821, "min_child_weight": 9.904577422840061, "subsample": 0.605841335192361}, "datetime": {"datetime": "2020-04-25 13:36:09", "elapsed": 162.192728, "delta": 3.929085}}
{"target": 0.627604, "params": {"alpha": 1.0, "colsample_bytree": 0.9, "lam": 0.013016387753595779, "max_depth": 9.222026860548953, "min_child_weight": 9.757601773783335, "subsample": 0.5429374302102058}, "datetime": {"datetime": "2020-04-25 13:36:13", "elapsed": 166.772461, "delta": 4.579733}}
{"target": 0.6283884000000001, "params": {"alpha": 0.006443752236998335, "colsample_bytree": 0.8914863663154524, "lam": 0.04688647978383975, "max_depth": 7.609274602027249, "min_child_weight": 7.170660928970632, "subsample": 0.6424010783996066}, "datetime": {"datetime": "2020-04-25 13:36:18", "elapsed": 171.500466, "delta": 4.728005}}
{"target": 0.6222286, "params": {"alpha": 0.00291507106333988, "colsample_bytree": 0.8801373172636737, "lam": 0.9449468482349173, "max_depth": 9.867706007502104, "min_child_weight": 3.3929492096109612, "subsample": 0.8849973777893987}, "datetime": {"datetime": "2020-04-25 13:36:25", "elapsed": 178.743235, "delta": 7.242769}}
{"target": 0.5937994000000001, "params": {"alpha": 3.4184629549558338e-09, "colsample_bytree": 0.5, "lam": 1.6086663625207286e-08, "max_depth": 9.029922595468122, "min_child_weight": 8.292774426931603, "subsample": 0.9}, "datetime": {"datetime": "2020-04-25 13:36:31", "elapsed": 184.518369, "delta": 5.775134}}
{"target": 0.6012972, "params": {"alpha": 0.0, "colsample_bytree": 0.9, "lam": 0.0, "max_depth": 3.0, "min_child_weight": 1.0, "subsample": 0.8999999971550718}, "datetime": {"datetime": "2020-04-25 13:36:35", "elapsed": 188.801245, "delta": 4.282876}}
{"target": 0.6226854, "params": {"alpha": 0.017233013202387015, "colsample_bytree": 0.8903422778007635, "lam": 0.03512493907750047, "max_depth": 6.653127245035863, "min_child_weight": 8.47976149820516, "subsample": 0.6911333515391442}, "datetime": {"datetime": "2020-04-25 13:36:40", "elapsed": 193.38668, "delta": 4.585435}}
{"target": 0.6322374000000001, "params": {"alpha": 0.9191849913480843, "colsample_bytree": 0.8736083521733595, "lam": 0.8073856936548286, "max_depth": 8.324995958178043, "min_child_weight": 7.704501737179772, "subsample": 0.5820064955937908}, "datetime": {"datetime": "2020-04-25 13:36:44", "elapsed": 197.88661, "delta": 4.49993}}
{"target": 0.5946946, "params": {"alpha": 0.0, "colsample_bytree": 0.9, "lam": 1.0, "max_depth": 3.1751767950170477, "min_child_weight": 5.591773233238133, "subsample": 0.5}, "datetime": {"datetime": "2020-04-25 13:36:48", "elapsed": 201.660782, "delta": 3.774172}}
{"target": 0.6186746000000001, "params": {"alpha": 0.20923335072176186, "colsample_bytree": 0.8975633296295065, "lam": 0.9896776266482535, "max_depth": 9.98851278221061, "min_child_weight": 5.801288167838627, "subsample": 0.512322737126138}, "datetime": {"datetime": "2020-04-25 13:36:53", "elapsed": 206.802027, "delta": 5.141245}}
{"target": 0.6013724, "params": {"alpha": 0.13230021830493938, "colsample_bytree": 0.9, "lam": 1.0, "max_depth": 3.4024061580322424, "min_child_weight": 1.2987784038625587, "subsample": 0.5}, "datetime": {"datetime": "2020-04-25 13:36:57", "elapsed": 210.490191, "delta": 3.688164}}
{"target": 0.6256619999999999, "params": {"alpha": 0.5958656522393935, "colsample_bytree": 0.8958020073978681, "lam": 0.9405342150346266, "max_depth": 5.321746365029643, "min_child_weight": 4.754504647801587, "subsample": 0.8999009699731821}, "datetime": {"datetime": "2020-04-25 13:37:02", "elapsed": 215.285668, "delta": 4.795477}}
{"target": 0.6384042, "params": {"alpha": 0.940470071596493, "colsample_bytree": 0.8929403125426293, "lam": 0.0009362050603535232, "max_depth": 7.784297308175316, "min_child_weight": 8.540096999416393, "subsample": 0.8151452669172405}, "datetime": {"datetime": "2020-04-25 13:37:07", "elapsed": 220.528862, "delta": 5.243194}}
{"target": 0.6045252, "params": {"alpha": 0.06441210678975151, "colsample_bytree": 0.868386831551287, "lam": 0.9731829372959891, "max_depth": 7.477581816324331, "min_child_weight": 7.7028923828629114, "subsample": 0.5263937871537012}, "datetime": {"datetime": "2020-04-25 13:37:11", "elapsed": 224.726462, "delta": 4.1976}}
{"target": 0.6242708, "params": {"alpha": 0.992892717033683, "colsample_bytree": 0.8925407619261314, "lam": 0.8790105144138113, "max_depth": 6.244797161881333, "min_child_weight": 2.384997748437461, "subsample": 0.899399972926654}, "datetime": {"datetime": "2020-04-25 13:37:16", "elapsed": 229.528235, "delta": 4.801773}}
{"target": 0.6419195999999999, "params": {"alpha": 0.3140851633789479, "colsample_bytree": 0.8447646971126297, "lam": 0.35044956315903286, "max_depth": 9.954937075810339, "min_child_weight": 9.862799509723207, "subsample": 0.8638921166593181}, "datetime": {"datetime": "2020-04-25 13:37:22", "elapsed": 235.862451, "delta": 6.334216}}
{"target": 0.6256554000000001, "params": {"alpha": 0.9952048327952626, "colsample_bytree": 0.8987634079739932, "lam": 0.02010303067179975, "max_depth": 8.375867226372172, "min_child_weight": 6.560401086566405, "subsample": 0.8164727400713244}, "datetime": {"datetime": "2020-04-25 13:37:28", "elapsed": 241.206953, "delta": 5.344502}}
{"target": 0.5974342, "params": {"alpha": 0.0, "colsample_bytree": 0.8999999998947644, "lam": 0.0, "max_depth": 3.0, "min_child_weight": 9.999999999979801, "subsample": 0.5000000000246682}, "datetime": {"datetime": "2020-04-25 13:37:31", "elapsed": 244.862036, "delta": 3.655083}}
{"target": 0.638864, "params": {"alpha": 0.5216709324561274, "colsample_bytree": 0.8475932829962352, "lam": 0.032473283041367984, "max_depth": 4.509344414953697, "min_child_weight": 9.993955156908985, "subsample": 0.8730720135397316}, "datetime": {"datetime": "2020-04-25 13:37:36", "elapsed": 249.461734, "delta": 4.599698}}
{"target": 0.6208984, "params": {"alpha": 0.5362251163013304, "colsample_bytree": 0.8752369941894154, "lam": 0.08533012460544587, "max_depth": 4.422210012384792, "min_child_weight": 8.924556547012209, "subsample": 0.6393020120306422}, "datetime": {"datetime": "2020-04-25 13:37:40", "elapsed": 253.462821, "delta": 4.001087}}
{"target": 0.6263116, "params": {"alpha": 0.08146941247701311, "colsample_bytree": 0.8579665962534462, "lam": 0.9576225617159699, "max_depth": 4.118701497363766, "min_child_weight": 9.877463694286762, "subsample": 0.8053808580726582}, "datetime": {"datetime": "2020-04-25 13:37:44", "elapsed": 257.680385, "delta": 4.217564}}
{"target": 0.6277206, "params": {"alpha": 0.9669623957003972, "colsample_bytree": 0.8580906428498087, "lam": 0.5955104384302594, "max_depth": 3.909740559101257, "min_child_weight": 7.078508857611679, "subsample": 0.8773987985187103}, "datetime": {"datetime": "2020-04-25 13:37:49", "elapsed": 262.150096, "delta": 4.469711}}
{"target": 0.6157058, "params": {"alpha": 0.15243829772097184, "colsample_bytree": 0.5399250994007502, "lam": 0.09146784466323021, "max_depth": 6.054363862848643, "min_child_weight": 9.96180902530702, "subsample": 0.7764325800363874}, "datetime": {"datetime": "2020-04-25 13:37:53", "elapsed": 266.585574, "delta": 4.435478}}
{"target": 0.600344, "params": {"alpha": 0.9708755488981915, "colsample_bytree": 0.8742119466213647, "lam": 0.005756762099752399, "max_depth": 9.930448296210034, "min_child_weight": 3.1000559810448793, "subsample": 0.5431464964096806}, "datetime": {"datetime": "2020-04-25 13:37:59", "elapsed": 272.055283, "delta": 5.469709}}
{"target": 0.6304618, "params": {"alpha": 0.11467977214152791, "colsample_bytree": 0.799600530790026, "lam": 0.07908988151459728, "max_depth": 9.989098895926693, "min_child_weight": 9.96436405648418, "subsample": 0.5476530585125389}, "datetime": {"datetime": "2020-04-25 13:38:04", "elapsed": 277.038553, "delta": 4.98327}}
{"target": 0.6224184000000001, "params": {"alpha": 0.6740319379071917, "colsample_bytree": 0.8593121083295897, "lam": 0.9802732129118376, "max_depth": 9.91093812673017, "min_child_weight": 8.977346234622196, "subsample": 0.5221629834030701}, "datetime": {"datetime": "2020-04-25 13:38:09", "elapsed": 282.077737, "delta": 5.039184}}
{"target": 0.615271, "params": {"alpha": 0.9000430164732554, "colsample_bytree": 0.857385658469523, "lam": 0.011443963784614541, "max_depth": 4.961450914863203, "min_child_weight": 1.2091734890461066, "subsample": 0.6301593852423111}, "datetime": {"datetime": "2020-04-25 13:38:13", "elapsed": 286.147959, "delta": 4.070222}}
{"target": 0.6292142000000001, "params": {"alpha": 0.9924962914985878, "colsample_bytree": 0.869711038513604, "lam": 0.9707879370479796, "max_depth": 7.8265134899400906, "min_child_weight": 4.097996081712333, "subsample": 0.5110731228805201}, "datetime": {"datetime": "2020-04-25 13:38:17", "elapsed": 290.810705, "delta": 4.662746}}
{"target": 0.6193304000000001, "params": {"alpha": 0.9985802661074178, "colsample_bytree": 0.7701997220943391, "lam": 0.1661515459795997, "max_depth": 5.011110615157452, "min_child_weight": 4.725605111402305, "subsample": 0.551678787301918}, "datetime": {"datetime": "2020-04-25 13:38:21", "elapsed": 294.804593, "delta": 3.993888}}
{"target": 0.6231990000000001, "params": {"alpha": 0.06148325279232658, "colsample_bytree": 0.8802021020131543, "lam": 0.9105336077145042, "max_depth": 8.011937471498337, "min_child_weight": 2.794149802676107, "subsample": 0.5523982408572022}, "datetime": {"datetime": "2020-04-25 13:38:26", "elapsed": 299.534894, "delta": 4.730301}}
{"target": 0.6368754000000001, "params": {"alpha": 1.0, "colsample_bytree": 0.9, "lam": 0.0, "max_depth": 10.0, "min_child_weight": 10.0, "subsample": 0.9}, "datetime": {"datetime": "2020-04-25 13:38:33", "elapsed": 306.063429, "delta": 6.528535}}
{"target": 0.6309644000000001, "params": {"alpha": 4.71380458586732e-08, "colsample_bytree": 0.9, "lam": 0.0, "max_depth": 10.0, "min_child_weight": 10.0, "subsample": 0.9}, "datetime": {"datetime": "2020-04-25 13:38:39", "elapsed": 312.61525, "delta": 6.551821}}
{"target": 0.6213998000000001, "params": {"alpha": 0.02085354862722999, "colsample_bytree": 0.8888824792182421, "lam": 0.5370605277221999, "max_depth": 9.643743998291871, "min_child_weight": 8.6071516609402, "subsample": 0.5021304641920693}, "datetime": {"datetime": "2020-04-25 13:38:44", "elapsed": 317.834319, "delta": 5.219069}}
{"target": 0.6397644, "params": {"alpha": 0.9409860828471687, "colsample_bytree": 0.8132519908071851, "lam": 0.69549747832218, "max_depth": 9.999009976634099, "min_child_weight": 5.856181592837072, "subsample": 0.8542158305275347}, "datetime": {"datetime": "2020-04-25 13:38:51", "elapsed": 324.76793, "delta": 6.933611}}
{"target": 0.6421134, "params": {"alpha": 5.469748774458793e-09, "colsample_bytree": 0.9, "lam": 0.4898230641791725, "max_depth": 5.509689918576424, "min_child_weight": 9.999999999999995, "subsample": 0.8999999999999894}, "datetime": {"datetime": "2020-04-25 13:38:56", "elapsed": 329.66403, "delta": 4.8961}}
{"target": 0.6447548000000001, "params": {"alpha": 0.9382072710705714, "colsample_bytree": 0.766022431615751, "lam": 0.561569382382015, "max_depth": 7.542319765772826, "min_child_weight": 7.2465074075126, "subsample": 0.8669832222956624}, "datetime": {"datetime": "2020-04-25 13:39:02", "elapsed": 335.449679, "delta": 5.785649}}
