{"target": 0.6406012, "params": {"alpha": 0.9815777406900298, "colsample_bytree": 0.7418123907713574, "lam": 0.9362675469879249, "max_depth": 8.019301193870021, "min_child_weight": 8.99244740591897, "subsample": 0.8017104370965233}, "datetime": {"datetime": "2020-04-25 14:36:07", "elapsed": 3760.114618, "delta": 20.550658}}
{"target": 0.616347, "params": {"alpha": 0.0, "colsample_bytree": 0.8999999893059535, "lam": 0.9999999998638662, "max_depth": 8.951923898058533, "min_child_weight": 1.9609880084096456, "subsample": 0.9}, "datetime": {"datetime": "2020-04-25 14:36:24", "elapsed": 3777.484323, "delta": 17.369705}}
{"target": 0.6481328, "params": {"alpha": 0.9454187841307315, "colsample_bytree": 0.7345258094289554, "lam": 0.9051712909882259, "max_depth": 8.792787792249861, "min_child_weight": 8.93176257613992, "subsample": 0.8940334636922758}, "datetime": {"datetime": "2020-04-25 14:36:42", "elapsed": 3795.941494, "delta": 18.457171}}
{"target": 0.6426339999999999, "params": {"alpha": 0.0005151311227388211, "colsample_bytree": 0.8956264513483703, "lam": 0.48468963050381575, "max_depth": 8.604499764932765, "min_child_weight": 7.112021932436611, "subsample": 0.8931629867173934}, "datetime": {"datetime": "2020-04-25 14:37:02", "elapsed": 3815.317669, "delta": 19.376175}}
{"target": 0.6389199999999999, "params": {"alpha": 0.9982736529608659, "colsample_bytree": 0.8967190095746413, "lam": 0.7302460405229483, "max_depth": 6.559905703743116, "min_child_weight": 8.696430885702572, "subsample": 0.8595945694138256}, "datetime": {"datetime": "2020-04-25 14:37:17", "elapsed": 3831.028473, "delta": 15.710804}}
{"target": 0.5574540000000001, "params": {"alpha": 0.9966587019160735, "colsample_bytree": 0.5005511357902754, "lam": 0.4045769441707968, "max_depth": 3.1337908446754463, "min_child_weight": 6.286903704419659, "subsample": 0.8704032484590554}, "datetime": {"datetime": "2020-04-25 14:37:34", "elapsed": 3847.147405, "delta": 16.118932}}
{"target": 0.6398394000000001, "params": {"alpha": 0.9597761752450501, "colsample_bytree": 0.852445621580431, "lam": 0.023445675252357856, "max_depth": 8.783855466600606, "min_child_weight": 7.245728774581568, "subsample": 0.5523080860653984}, "datetime": {"datetime": "2020-04-25 14:37:52", "elapsed": 3865.277723, "delta": 18.130318}}
{"target": 0.6311424000000001, "params": {"alpha": 0.4910400363835198, "colsample_bytree": 0.7433838326179727, "lam": 0.030890147270874246, "max_depth": 6.074867140946695, "min_child_weight": 8.864350628763422, "subsample": 0.5527656099579082}, "datetime": {"datetime": "2020-04-25 14:38:12", "elapsed": 3885.892401, "delta": 20.614678}}
{"target": 0.6444786, "params": {"alpha": 0.0883059449669985, "colsample_bytree": 0.8563051679552164, "lam": 0.1738543574962872, "max_depth": 3.7652980739846704, "min_child_weight": 6.622660039884325, "subsample": 0.8452685499341508}, "datetime": {"datetime": "2020-04-25 14:38:27", "elapsed": 3900.6373, "delta": 14.744899}}
{"target": 0.5412326000000001, "params": {"alpha": 2.974552660089478e-09, "colsample_bytree": 0.5001807619811838, "lam": 3.6904094205845435e-09, "max_depth": 3.000000005058211, "min_child_weight": 8.569883214878377, "subsample": 0.5}, "datetime": {"datetime": "2020-04-25 14:38:43", "elapsed": 3916.957966, "delta": 16.320666}}
{"target": 0.6165784, "params": {"alpha": 0.30991468197724936, "colsample_bytree": 0.8646500585299339, "lam": 0.024526533364499614, "max_depth": 4.726455744305149, "min_child_weight": 9.989063143057322, "subsample": 0.5038600594876911}, "datetime": {"datetime": "2020-04-25 14:39:00", "elapsed": 3933.992871, "delta": 17.034905}}
{"target": 0.6251548, "params": {"alpha": 0.5645238450249199, "colsample_bytree": 0.898008487936546, "lam": 0.15774886026927393, "max_depth": 3.971409674220385, "min_child_weight": 7.080641455005264, "subsample": 0.8824014629763678}, "datetime": {"datetime": "2020-04-25 14:39:23", "elapsed": 3957.004017, "delta": 23.011146}}
{"target": 0.6037956, "params": {"alpha": 0.9700458304653075, "colsample_bytree": 0.5591899129786663, "lam": 0.010213830270464297, "max_depth": 4.405733712993214, "min_child_weight": 9.52984042979843, "subsample": 0.8224418940236501}, "datetime": {"datetime": "2020-04-25 14:39:40", "elapsed": 3973.454214, "delta": 16.450197}}
{"target": 0.6203584, "params": {"alpha": 0.03331414860862669, "colsample_bytree": 0.8977241398120207, "lam": 0.001500605035609781, "max_depth": 3.705915657170199, "min_child_weight": 6.117290597946155, "subsample": 0.5310120658262364}, "datetime": {"datetime": "2020-04-25 14:39:57", "elapsed": 3990.848431, "delta": 17.394217}}
{"target": 0.6295666000000001, "params": {"alpha": 0.4883290574169943, "colsample_bytree": 0.8888171597306276, "lam": 0.0388707663532768, "max_depth": 6.479288101291933, "min_child_weight": 4.197030713756094, "subsample": 0.8565040496695286}, "datetime": {"datetime": "2020-04-25 14:40:15", "elapsed": 4008.284534, "delta": 17.436103}}
{"target": 0.6060123999999999, "params": {"alpha": 0.9999999112563619, "colsample_bytree": 0.9, "lam": 1.0, "max_depth": 3.113595991919526, "min_child_weight": 4.0441264132735295, "subsample": 0.837809962763916}, "datetime": {"datetime": "2020-04-25 14:40:32", "elapsed": 4025.326426, "delta": 17.041892}}
{"target": 0.6280994, "params": {"alpha": 0.2578099987628172, "colsample_bytree": 0.8837004452027537, "lam": 0.4180459902098388, "max_depth": 4.0488440936600085, "min_child_weight": 6.3911165894894735, "subsample": 0.8880926034398839}, "datetime": {"datetime": "2020-04-25 14:40:53", "elapsed": 4046.95042, "delta": 21.623994}}
{"target": 0.6430802, "params": {"alpha": 0.9994758705830364, "colsample_bytree": 0.694887213210115, "lam": 0.019748373995468693, "max_depth": 8.282308926380583, "min_child_weight": 7.743195708044642, "subsample": 0.8184917192854593}, "datetime": {"datetime": "2020-04-25 14:41:12", "elapsed": 4065.446745, "delta": 18.496325}}
{"target": 0.630416, "params": {"alpha": 0.9423932963511729, "colsample_bytree": 0.6873812992243024, "lam": 0.9680661294093211, "max_depth": 9.668493757066418, "min_child_weight": 9.255827003319009, "subsample": 0.8831193566484317}, "datetime": {"datetime": "2020-04-25 14:41:33", "elapsed": 4086.325696, "delta": 20.878951}}
{"target": 0.6341569999999999, "params": {"alpha": 0.22633385712020238, "colsample_bytree": 0.8700241319319348, "lam": 0.205789042132271, "max_depth": 5.712408450461836, "min_child_weight": 9.884754056490527, "subsample": 0.5745710437927232}, "datetime": {"datetime": "2020-04-25 14:41:48", "elapsed": 4101.078783, "delta": 14.753087}}
{"target": 0.637443, "params": {"alpha": 0.0054036124955970655, "colsample_bytree": 0.8188491692353301, "lam": 0.9763452973466302, "max_depth": 9.04946365336288, "min_child_weight": 8.123855216068804, "subsample": 0.8785541349945487}, "datetime": {"datetime": "2020-04-25 14:42:04", "elapsed": 4117.885715, "delta": 16.806932}}
{"target": 0.6220026000000001, "params": {"alpha": 0.9999540601533008, "colsample_bytree": 0.8999999961953202, "lam": 0.6925986138706607, "max_depth": 5.115012577211199, "min_child_weight": 1.4248728050811623, "subsample": 0.8999015180237854}, "datetime": {"datetime": "2020-04-25 14:42:23", "elapsed": 4136.58026, "delta": 18.694545}}
{"target": 0.6331614, "params": {"alpha": 0.8409366001900862, "colsample_bytree": 0.7075067517016816, "lam": 0.9727856904461896, "max_depth": 8.495137364183684, "min_child_weight": 8.460456101626715, "subsample": 0.759361429539795}, "datetime": {"datetime": "2020-04-25 14:42:45", "elapsed": 4158.767577, "delta": 22.187317}}
{"target": 0.624091, "params": {"alpha": 1.0, "colsample_bytree": 0.9, "lam": 1.0, "max_depth": 8.58425742133395, "min_child_weight": 3.90758336241717, "subsample": 0.9}, "datetime": {"datetime": "2020-04-25 14:43:05", "elapsed": 4178.455891, "delta": 19.688314}}
{"target": 0.6335884, "params": {"alpha": 0.0, "colsample_bytree": 0.8999405169431918, "lam": 0.9999999867947637, "max_depth": 3.887632513802808, "min_child_weight": 2.684548570472002, "subsample": 0.9}, "datetime": {"datetime": "2020-04-25 14:43:26", "elapsed": 4199.77296, "delta": 21.317069}}
{"target": 0.6295930000000001, "params": {"alpha": 0.4352801643331985, "colsample_bytree": 0.8632251665728873, "lam": 0.5377415486717485, "max_depth": 6.903667579523212, "min_child_weight": 7.815173210594933, "subsample": 0.8778391974916497}, "datetime": {"datetime": "2020-04-25 14:43:43", "elapsed": 4216.712677, "delta": 16.939717}}
{"target": 0.6328764, "params": {"alpha": 0.054954951742612, "colsample_bytree": 0.8864583747751102, "lam": 0.12434203403219446, "max_depth": 8.598412027661848, "min_child_weight": 7.272184859663157, "subsample": 0.8848137167364848}, "datetime": {"datetime": "2020-04-25 14:44:04", "elapsed": 4237.377351, "delta": 20.664674}}
{"target": 0.6280927999999999, "params": {"alpha": 0.6565079612589444, "colsample_bytree": 0.6488018698479942, "lam": 0.9676554774794451, "max_depth": 3.8316891221978686, "min_child_weight": 1.0002657935375874, "subsample": 0.8752526193130534}, "datetime": {"datetime": "2020-04-25 14:44:24", "elapsed": 4257.654826, "delta": 20.277475}}
{"target": 0.5992883999999999, "params": {"alpha": 0.06190940537836043, "colsample_bytree": 0.892823113873136, "lam": 0.42407345977361277, "max_depth": 3.3667764030832945, "min_child_weight": 6.731544616564326, "subsample": 0.872718142795283}, "datetime": {"datetime": "2020-04-25 14:44:46", "elapsed": 4279.154399, "delta": 21.499573}}
{"target": 0.6243008, "params": {"alpha": 0.06003804252249412, "colsample_bytree": 0.854660185707129, "lam": 0.007337067783474649, "max_depth": 4.481239934874081, "min_child_weight": 6.815956770307263, "subsample": 0.824975285567723}, "datetime": {"datetime": "2020-04-25 14:45:04", "elapsed": 4297.553796, "delta": 18.399397}}
{"target": 0.6059789999999999, "params": {"alpha": 0.9867257762304258, "colsample_bytree": 0.6233936916792773, "lam": 0.06602657770422193, "max_depth": 3.602062844012103, "min_child_weight": 7.683495480000298, "subsample": 0.6566732131884437}, "datetime": {"datetime": "2020-04-25 14:45:24", "elapsed": 4317.346141, "delta": 19.792345}}
{"target": 0.629084, "params": {"alpha": 0.9788244714348244, "colsample_bytree": 0.8969035367827882, "lam": 0.9793038513533361, "max_depth": 6.205134200657854, "min_child_weight": 6.9998619521421475, "subsample": 0.6470117722525007}, "datetime": {"datetime": "2020-04-25 14:45:41", "elapsed": 4334.13788, "delta": 16.791739}}
{"target": 0.6202666000000001, "params": {"alpha": 0.07164661624805424, "colsample_bytree": 0.6084209440635412, "lam": 0.14739698604744422, "max_depth": 9.979004214647468, "min_child_weight": 7.319765488217975, "subsample": 0.8902297058479567}, "datetime": {"datetime": "2020-04-25 14:46:05", "elapsed": 4358.987936, "delta": 24.850056}}
{"target": 0.598901, "params": {"alpha": 1.0, "colsample_bytree": 0.9, "lam": 0.0, "max_depth": 3.0, "min_child_weight": 10.0, "subsample": 0.9}, "datetime": {"datetime": "2020-04-25 14:46:26", "elapsed": 4379.367345, "delta": 20.379409}}
{"target": 0.6230004, "params": {"alpha": 0.00793488343843407, "colsample_bytree": 0.7666130842462311, "lam": 0.05472507604308574, "max_depth": 4.049899231279262, "min_child_weight": 6.227833207508005, "subsample": 0.8902959494173135}, "datetime": {"datetime": "2020-04-25 14:46:44", "elapsed": 4397.185981, "delta": 17.818636}}
{"target": 0.5880852, "params": {"alpha": 0.0, "colsample_bytree": 0.5, "lam": 6.687368959639553e-08, "max_depth": 3.6454181693553713, "min_child_weight": 6.928830463868834, "subsample": 0.7438547537320964}, "datetime": {"datetime": "2020-04-25 14:47:01", "elapsed": 4414.634541, "delta": 17.44856}}
{"target": 0.6404799999999999, "params": {"alpha": 1.0, "colsample_bytree": 0.9, "lam": 0.9999999981486414, "max_depth": 5.722199985390975, "min_child_weight": 7.8979705201100066, "subsample": 0.9}, "datetime": {"datetime": "2020-04-25 14:47:20", "elapsed": 4433.111703, "delta": 18.477162}}
{"target": 0.6191137999999999, "params": {"alpha": 0.02429402604596631, "colsample_bytree": 0.890593813829607, "lam": 0.41635427514857104, "max_depth": 8.277048361617563, "min_child_weight": 9.971504762384596, "subsample": 0.5002814544984264}, "datetime": {"datetime": "2020-04-25 14:47:40", "elapsed": 4453.701377, "delta": 20.589674}}
{"target": 0.6313896, "params": {"alpha": 0.9904159206521512, "colsample_bytree": 0.8073632201309787, "lam": 0.8436856349342418, "max_depth": 6.416404134100465, "min_child_weight": 5.929652687100395, "subsample": 0.8849757788958099}, "datetime": {"datetime": "2020-04-25 14:48:00", "elapsed": 4473.302301, "delta": 19.600924}}
{"target": 0.613563, "params": {"alpha": 0.5919017571731554, "colsample_bytree": 0.8504063842765787, "lam": 0.33330212216983, "max_depth": 9.996586112951686, "min_child_weight": 5.8997447906190565, "subsample": 0.5415668081905299}, "datetime": {"datetime": "2020-04-25 14:48:21", "elapsed": 4494.57512, "delta": 21.272819}}
{"target": 0.600863, "params": {"alpha": 0.0, "colsample_bytree": 0.8999999974341193, "lam": 0.0, "max_depth": 9.04765819930435, "min_child_weight": 4.005070569349406, "subsample": 0.5000000017447466}, "datetime": {"datetime": "2020-04-25 14:48:40", "elapsed": 4513.452695, "delta": 18.877575}}
{"target": 0.5934154, "params": {"alpha": 0.011750639423130482, "colsample_bytree": 0.8665272507809179, "lam": 0.04076883872778225, "max_depth": 8.69464421946369, "min_child_weight": 1.105721053857927, "subsample": 0.8943497238682369}, "datetime": {"datetime": "2020-04-25 14:49:00", "elapsed": 4533.989799, "delta": 20.537104}}
{"target": 0.6342638, "params": {"alpha": 0.00918756276043653, "colsample_bytree": 0.893464184374062, "lam": 0.5058357791313892, "max_depth": 7.8767806421823074, "min_child_weight": 4.744582333237483, "subsample": 0.8644608811660058}, "datetime": {"datetime": "2020-04-25 14:49:29", "elapsed": 4562.71982, "delta": 28.730021}}
{"target": 0.6154706, "params": {"alpha": 0.9415109030453678, "colsample_bytree": 0.5688942792428391, "lam": 0.9946366516033823, "max_depth": 8.080155428483966, "min_child_weight": 4.5468295405111, "subsample": 0.8092516555292327}, "datetime": {"datetime": "2020-04-25 14:49:49", "elapsed": 4582.791457, "delta": 20.071637}}
{"target": 0.5888572000000001, "params": {"alpha": 0.0, "colsample_bytree": 0.9, "lam": 6.575859145992002e-09, "max_depth": 3.0, "min_child_weight": 4.78730478193009, "subsample": 0.5}, "datetime": {"datetime": "2020-04-25 14:50:14", "elapsed": 4607.50705, "delta": 24.715593}}
{"target": 0.6256692, "params": {"alpha": 0.9581782647885052, "colsample_bytree": 0.6835613832293521, "lam": 0.9859846549569616, "max_depth": 3.9296276501298486, "min_child_weight": 8.469884920302444, "subsample": 0.8546168620594865}, "datetime": {"datetime": "2020-04-25 14:50:31", "elapsed": 4624.874768, "delta": 17.367718}}
{"target": 0.6362724, "params": {"alpha": 0.014366877866634709, "colsample_bytree": 0.8299356668772337, "lam": 0.6746233319685209, "max_depth": 9.729616145896008, "min_child_weight": 9.980047749787095, "subsample": 0.8814512415797215}, "datetime": {"datetime": "2020-04-25 14:50:49", "elapsed": 4642.552711, "delta": 17.677943}}
{"target": 0.6236932, "params": {"alpha": 0.9894742429818943, "colsample_bytree": 0.7453102944805369, "lam": 0.3338608343612347, "max_depth": 4.266012106395854, "min_child_weight": 9.980318693802163, "subsample": 0.844080555414363}, "datetime": {"datetime": "2020-04-25 14:51:08", "elapsed": 4661.970059, "delta": 19.417348}}
{"target": 0.5782808000000002, "params": {"alpha": 1.0, "colsample_bytree": 0.8999999986901785, "lam": 0.015691085024132, "max_depth": 10.0, "min_child_weight": 1.65907216287591, "subsample": 0.5}, "datetime": {"datetime": "2020-04-25 14:51:34", "elapsed": 4687.782797, "delta": 25.812738}}
{"target": 0.6375730000000001, "params": {"alpha": 0.9472062195376589, "colsample_bytree": 0.8832592512640198, "lam": 0.5030461662916419, "max_depth": 8.710415185829941, "min_child_weight": 9.196935336194839, "subsample": 0.8333565954391099}, "datetime": {"datetime": "2020-04-25 14:51:54", "elapsed": 4707.586467, "delta": 19.80367}}
{"target": 0.629696, "params": {"alpha": 0.9990077659288111, "colsample_bytree": 0.822039209999763, "lam": 0.2695840217466142, "max_depth": 9.560971923325374, "min_child_weight": 6.800182101534346, "subsample": 0.505880740830452}, "datetime": {"datetime": "2020-04-25 14:52:14", "elapsed": 4727.182, "delta": 19.595533}}
{"target": 0.6275256, "params": {"alpha": 0.11405834167124962, "colsample_bytree": 0.8916308256933041, "lam": 0.2464862248732005, "max_depth": 9.805759589457665, "min_child_weight": 9.164317755151707, "subsample": 0.5262727440293961}, "datetime": {"datetime": "2020-04-25 14:52:36", "elapsed": 4749.831963, "delta": 22.649963}}
{"target": 0.6234822, "params": {"alpha": 0.5591456578684827, "colsample_bytree": 0.6727979550700773, "lam": 0.03666947588451919, "max_depth": 6.9165387181557705, "min_child_weight": 9.959053802695536, "subsample": 0.6638497269053738}, "datetime": {"datetime": "2020-04-25 14:52:56", "elapsed": 4769.372626, "delta": 19.540663}}
{"target": 0.610191, "params": {"alpha": 0.2197899751035446, "colsample_bytree": 0.8942058069871404, "lam": 0.41964942477951317, "max_depth": 8.456185136214955, "min_child_weight": 1.4556726797351502, "subsample": 0.5033541560833661}, "datetime": {"datetime": "2020-04-25 14:53:14", "elapsed": 4787.702588, "delta": 18.329962}}
{"target": 0.6400566000000001, "params": {"alpha": 0.0006362633049930011, "colsample_bytree": 0.8077213797946694, "lam": 0.6127264805575541, "max_depth": 8.136005432315605, "min_child_weight": 8.800904084137114, "subsample": 0.8967285837441283}, "datetime": {"datetime": "2020-04-25 14:53:34", "elapsed": 4807.660819, "delta": 19.958231}}
{"target": 0.6199774, "params": {"alpha": 0.9767233963216996, "colsample_bytree": 0.674772877433697, "lam": 0.9427021957948438, "max_depth": 4.40873515505685, "min_child_weight": 1.0138257240947228, "subsample": 0.872476831445405}, "datetime": {"datetime": "2020-04-25 14:53:57", "elapsed": 4830.919986, "delta": 23.259167}}
{"target": 0.6270918, "params": {"alpha": 0.4998690919782828, "colsample_bytree": 0.8689974349771381, "lam": 0.7921730009796251, "max_depth": 5.631150695098972, "min_child_weight": 7.649794016136501, "subsample": 0.7254588167555854}, "datetime": {"datetime": "2020-04-25 14:54:19", "elapsed": 4852.914061, "delta": 21.994075}}
{"target": 0.5907296, "params": {"alpha": 0.9501474838895491, "colsample_bytree": 0.8978585646269215, "lam": 0.9608670356161805, "max_depth": 3.2163227701461468, "min_child_weight": 5.397290594885739, "subsample": 0.5070750476572501}, "datetime": {"datetime": "2020-04-25 14:54:41", "elapsed": 4874.981603, "delta": 22.067542}}
{"target": 0.6188936, "params": {"alpha": 0.558605312039458, "colsample_bytree": 0.8987799475503332, "lam": 0.7138604256338299, "max_depth": 4.000672316034223, "min_child_weight": 1.016640673134702, "subsample": 0.8982075368312685}, "datetime": {"datetime": "2020-04-25 14:54:57", "elapsed": 4890.94111, "delta": 15.959507}}
{"target": 0.5774558, "params": {"alpha": 0.5115479488303839, "colsample_bytree": 0.5419312048387335, "lam": 0.8316655569226911, "max_depth": 3.3511341479368593, "min_child_weight": 1.6853063585860828, "subsample": 0.8946692646206116}, "datetime": {"datetime": "2020-04-25 14:55:16", "elapsed": 4909.757612, "delta": 18.816502}}
{"target": 0.637467, "params": {"alpha": 0.603721700943368, "colsample_bytree": 0.8860073979984677, "lam": 0.014452245579646306, "max_depth": 5.305994519098996, "min_child_weight": 2.8778077114823923, "subsample": 0.8789106638890878}, "datetime": {"datetime": "2020-04-25 14:55:37", "elapsed": 4930.160727, "delta": 20.403115}}
{"target": 0.6145402000000001, "params": {"alpha": 0.9793079121576922, "colsample_bytree": 0.8942421493406545, "lam": 0.9999999999998992, "max_depth": 9.99999999999992, "min_child_weight": 2.494530337089557, "subsample": 0.899999978874806}, "datetime": {"datetime": "2020-04-25 14:56:05", "elapsed": 4958.491354, "delta": 28.330627}}
{"target": 0.6241577999999999, "params": {"alpha": 0.40942798315055484, "colsample_bytree": 0.8313060274219339, "lam": 0.9678210675486724, "max_depth": 3.9778514544223538, "min_child_weight": 3.4513409728525266, "subsample": 0.8946482281280859}, "datetime": {"datetime": "2020-04-25 14:56:26", "elapsed": 4979.284401, "delta": 20.793047}}
{"target": 0.6307826000000001, "params": {"alpha": 0.4164681178714408, "colsample_bytree": 0.8839245306796997, "lam": 0.5776777251911225, "max_depth": 5.806481885820648, "min_child_weight": 2.4419109611085896, "subsample": 0.8811304094140451}, "datetime": {"datetime": "2020-04-25 14:56:47", "elapsed": 5000.137612, "delta": 20.853211}}
{"target": 0.5979281999999999, "params": {"alpha": 0.08788090325730925, "colsample_bytree": 0.8999999997368734, "lam": 0.9999999999766368, "max_depth": 3.000000000306719, "min_child_weight": 10.0, "subsample": 0.5}, "datetime": {"datetime": "2020-04-25 14:57:01", "elapsed": 5014.453544, "delta": 14.315932}}
{"target": 0.6192683999999999, "params": {"alpha": 0.8950911557932565, "colsample_bytree": 0.8953698461259287, "lam": 0.03669401513784676, "max_depth": 7.954117177986847, "min_child_weight": 5.496094233722115, "subsample": 0.5282676347202621}, "datetime": {"datetime": "2020-04-25 14:57:21", "elapsed": 5034.269318, "delta": 19.815774}}
{"target": 0.6127548, "params": {"alpha": 0.9999997781835077, "colsample_bytree": 0.5671322145211822, "lam": 3.1636857141877454e-08, "max_depth": 5.333462439912096, "min_child_weight": 2.9152507406635797, "subsample": 0.9}, "datetime": {"datetime": "2020-04-25 14:57:41", "elapsed": 5054.235303, "delta": 19.965985}}
{"target": 0.6129206, "params": {"alpha": 0.97403717917243, "colsample_bytree": 0.8999999998677394, "lam": 0.99999999908415, "max_depth": 6.694090036107468, "min_child_weight": 1.0000000002817266, "subsample": 0.8999999959570134}, "datetime": {"datetime": "2020-04-25 14:58:02", "elapsed": 5075.391211, "delta": 21.155908}}
