{"target": 0.6202664, "params": {"alpha": 0.9707452164695092, "colsample_bytree": 0.8871196700460354, "lam": 0.0810214816743684, "max_depth": 5.6786412671064666, "min_child_weight": 9.983045884593185, "subsample": 0.5219065573477317}, "datetime": {"datetime": "2020-04-25 12:53:09", "elapsed": 2008.885771, "delta": 9.335267}}
{"target": 0.6242362, "params": {"alpha": 0.009050157032187034, "colsample_bytree": 0.8797986983991642, "lam": 0.9568872296359917, "max_depth": 4.377493154810329, "min_child_weight": 6.774387483301178, "subsample": 0.5011942207548323}, "datetime": {"datetime": "2020-04-25 12:53:20", "elapsed": 2020.492365, "delta": 11.606594}}
{"target": 0.6276222, "params": {"alpha": 0.9731281856635965, "colsample_bytree": 0.7066360013399586, "lam": 0.10378241362365548, "max_depth": 9.979980694268034, "min_child_weight": 7.491384957211462, "subsample": 0.8329568080301073}, "datetime": {"datetime": "2020-04-25 12:53:29", "elapsed": 2029.286818, "delta": 8.794453}}
{"target": 0.626109, "params": {"alpha": 0.8807264632349864, "colsample_bytree": 0.8541488625594174, "lam": 0.8959988728381065, "max_depth": 6.542853491581841, "min_child_weight": 6.7978968836063824, "subsample": 0.8956620107462494}, "datetime": {"datetime": "2020-04-25 12:53:40", "elapsed": 2040.355138, "delta": 11.06832}}
{"target": 0.6293124000000001, "params": {"alpha": 0.6622937018202578, "colsample_bytree": 0.8899291860387459, "lam": 0.9353460861053972, "max_depth": 5.0143765562133975, "min_child_weight": 9.74650205732696, "subsample": 0.5274753151990829}, "datetime": {"datetime": "2020-04-25 12:53:52", "elapsed": 2052.323411, "delta": 11.968273}}
{"target": 0.6305137999999999, "params": {"alpha": 0.03736653848349569, "colsample_bytree": 0.8953513990670487, "lam": 0.993100312355471, "max_depth": 5.098810656252626, "min_child_weight": 5.858296910742208, "subsample": 0.8869309333882964}, "datetime": {"datetime": "2020-04-25 12:54:03", "elapsed": 2062.824787, "delta": 10.501376}}
{"target": 0.6003187999999999, "params": {"alpha": 0.05967304898988279, "colsample_bytree": 0.8956630264889072, "lam": 0.9443289734456323, "max_depth": 3.165393526134948, "min_child_weight": 7.15606333278415, "subsample": 0.5912024545205342}, "datetime": {"datetime": "2020-04-25 12:54:13", "elapsed": 2073.347546, "delta": 10.522759}}
{"target": 0.6370283999999999, "params": {"alpha": 0.0442116631249877, "colsample_bytree": 0.757938860829708, "lam": 0.6538363884624736, "max_depth": 8.968126931043802, "min_child_weight": 6.89999563568443, "subsample": 0.86398768439063}, "datetime": {"datetime": "2020-04-25 12:54:25", "elapsed": 2085.259282, "delta": 11.911736}}
{"target": 0.5874602, "params": {"alpha": 0.00016492056237216168, "colsample_bytree": 0.8914910803774576, "lam": 0.035250707096606604, "max_depth": 9.021387568355191, "min_child_weight": 1.7384669395320027, "subsample": 0.8481016415920395}, "datetime": {"datetime": "2020-04-25 12:54:36", "elapsed": 2096.416407, "delta": 11.157125}}
{"target": 0.6367752000000001, "params": {"alpha": 0.04987011704968525, "colsample_bytree": 0.8688286714957112, "lam": 0.9064727575550314, "max_depth": 5.392474559999032, "min_child_weight": 6.804147040388437, "subsample": 0.8942573013936745}, "datetime": {"datetime": "2020-04-25 12:54:48", "elapsed": 2107.799444, "delta": 11.383037}}
{"target": 0.615362, "params": {"alpha": 0.010261451005120659, "colsample_bytree": 0.8996639441310852, "lam": 0.9629514347565818, "max_depth": 6.790628540038619, "min_child_weight": 2.3522090040147274, "subsample": 0.7856781793070764}, "datetime": {"datetime": "2020-04-25 12:54:59", "elapsed": 2118.948015, "delta": 11.148571}}
{"target": 0.6345532, "params": {"alpha": 0.17092208181395296, "colsample_bytree": 0.8739391732538764, "lam": 0.14406132783869352, "max_depth": 4.382732292784462, "min_child_weight": 7.676495335993075, "subsample": 0.8762790195864718}, "datetime": {"datetime": "2020-04-25 12:55:09", "elapsed": 2129.191791, "delta": 10.243776}}
{"target": 0.6045020000000001, "params": {"alpha": 0.9616843131889874, "colsample_bytree": 0.899672216967659, "lam": 0.874994942955043, "max_depth": 3.0937219988267373, "min_child_weight": 9.004872953739982, "subsample": 0.8987641422025819}, "datetime": {"datetime": "2020-04-25 12:55:21", "elapsed": 2141.535448, "delta": 12.343657}}
{"target": 0.6082310000000001, "params": {"alpha": 1.0, "colsample_bytree": 0.8999999980530511, "lam": 0.9999999679829604, "max_depth": 3.0538576340705608, "min_child_weight": 1.0, "subsample": 0.9}, "datetime": {"datetime": "2020-04-25 12:55:32", "elapsed": 2152.602359, "delta": 11.066911}}
{"target": 0.6166611999999999, "params": {"alpha": 0.00025019517732960406, "colsample_bytree": 0.8596334833817596, "lam": 0.6871394580232408, "max_depth": 4.305727006947452, "min_child_weight": 6.468830099414896, "subsample": 0.8748848862042302}, "datetime": {"datetime": "2020-04-25 12:55:47", "elapsed": 2167.176549, "delta": 14.57419}}
{"target": 0.6115078, "params": {"alpha": 0.11376240173526642, "colsample_bytree": 0.8567363112012656, "lam": 0.8340677378121454, "max_depth": 4.015395967707303, "min_child_weight": 5.157670974339272, "subsample": 0.658346182940373}, "datetime": {"datetime": "2020-04-25 12:55:58", "elapsed": 2178.170652, "delta": 10.994103}}
{"target": 0.5999664, "params": {"alpha": 0.29130043708887776, "colsample_bytree": 0.8576854148501694, "lam": 0.9213950676895485, "max_depth": 9.949878654370549, "min_child_weight": 1.5645310033185487, "subsample": 0.8776225340382167}, "datetime": {"datetime": "2020-04-25 12:56:10", "elapsed": 2190.028443, "delta": 11.857791}}
{"target": 0.6378028, "params": {"alpha": 0.8782697617002865, "colsample_bytree": 0.8909974954919484, "lam": 0.126202346499112, "max_depth": 5.704489454369186, "min_child_weight": 6.694650149081775, "subsample": 0.8723516125444102}, "datetime": {"datetime": "2020-04-25 12:56:22", "elapsed": 2201.714069, "delta": 11.685626}}
{"target": 0.6310888, "params": {"alpha": 0.9973129444549468, "colsample_bytree": 0.881624681973903, "lam": 0.9738626507435298, "max_depth": 9.890927518348018, "min_child_weight": 8.689052579498409, "subsample": 0.7517392209289134}, "datetime": {"datetime": "2020-04-25 12:56:33", "elapsed": 2213.246427, "delta": 11.532358}}
{"target": 0.6455064, "params": {"alpha": 0.5101806331350885, "colsample_bytree": 0.8767599060108706, "lam": 0.8424335458993627, "max_depth": 7.663516990951965, "min_child_weight": 8.298640758280268, "subsample": 0.8625682639965591}, "datetime": {"datetime": "2020-04-25 12:56:45", "elapsed": 2224.881005, "delta": 11.634578}}
{"target": 0.6066583999999999, "params": {"alpha": 0.025355951947668598, "colsample_bytree": 0.8669800003138816, "lam": 0.03280848590432117, "max_depth": 3.2897620386751, "min_child_weight": 6.437719633584211, "subsample": 0.5816393003848709}, "datetime": {"datetime": "2020-04-25 12:56:56", "elapsed": 2236.517957, "delta": 11.636952}}
{"target": 0.6420106000000001, "params": {"alpha": 0.8340089162313145, "colsample_bytree": 0.8285894839157901, "lam": 0.6126294076614764, "max_depth": 7.746516831529992, "min_child_weight": 8.187713992975779, "subsample": 0.8942072609304088}, "datetime": {"datetime": "2020-04-25 12:57:06", "elapsed": 2246.565727, "delta": 10.04777}}
{"target": 0.639053, "params": {"alpha": 0.4750374299582574, "colsample_bytree": 0.8522321668625257, "lam": 0.7786382683292361, "max_depth": 7.268446477883905, "min_child_weight": 8.623415628717911, "subsample": 0.8998939134380981}, "datetime": {"datetime": "2020-04-25 12:57:19", "elapsed": 2258.706744, "delta": 12.141017}}
{"target": 0.6203298, "params": {"alpha": 0.4185816086613219, "colsample_bytree": 0.8664947476444271, "lam": 0.5252766630712618, "max_depth": 7.799917454946237, "min_child_weight": 8.040552639836122, "subsample": 0.5236162267395021}, "datetime": {"datetime": "2020-04-25 12:57:29", "elapsed": 2269.610189, "delta": 10.903445}}
{"target": 0.6354607999999999, "params": {"alpha": 0.998741834957006, "colsample_bytree": 0.8933750472586668, "lam": 0.04106491587578687, "max_depth": 5.065189825374781, "min_child_weight": 3.46316674621473, "subsample": 0.7894469285190666}, "datetime": {"datetime": "2020-04-25 12:57:41", "elapsed": 2281.013245, "delta": 11.403056}}
{"target": 0.646069, "params": {"alpha": 0.010210976984532438, "colsample_bytree": 0.899507824216906, "lam": 0.0644650112816505, "max_depth": 7.096876506281334, "min_child_weight": 8.538544989639513, "subsample": 0.8948346551593677}, "datetime": {"datetime": "2020-04-25 12:57:52", "elapsed": 2292.461335, "delta": 11.44809}}
{"target": 0.6219098000000001, "params": {"alpha": 0.0032187519706889933, "colsample_bytree": 0.861029328543092, "lam": 0.24688981083620554, "max_depth": 9.66877151882235, "min_child_weight": 5.241033104699582, "subsample": 0.5892228321419819}, "datetime": {"datetime": "2020-04-25 12:58:05", "elapsed": 2305.658644, "delta": 13.197309}}
{"target": 0.6324029999999999, "params": {"alpha": 0.14857471071109407, "colsample_bytree": 0.8941173707360235, "lam": 0.03515768179345047, "max_depth": 6.737329102230399, "min_child_weight": 7.592722781446285, "subsample": 0.8773586615985289}, "datetime": {"datetime": "2020-04-25 12:58:19", "elapsed": 2319.669993, "delta": 14.011349}}
{"target": 0.6263434, "params": {"alpha": 0.35163039527941387, "colsample_bytree": 0.8964804440923488, "lam": 0.8908064804140524, "max_depth": 8.482066062466457, "min_child_weight": 6.769630776610169, "subsample": 0.7611411543794895}, "datetime": {"datetime": "2020-04-25 12:58:36", "elapsed": 2336.595012, "delta": 16.925019}}
{"target": 0.5946976, "params": {"alpha": 0.9067108973279617, "colsample_bytree": 0.8895581776742296, "lam": 0.9775871837765869, "max_depth": 9.005556700057546, "min_child_weight": 2.248308764854064, "subsample": 0.6202709381680401}, "datetime": {"datetime": "2020-04-25 12:58:49", "elapsed": 2348.828253, "delta": 12.233241}}
{"target": 0.6126088000000001, "params": {"alpha": 0.01344880807148574, "colsample_bytree": 0.6978309781324846, "lam": 0.954571757834849, "max_depth": 8.160614613998868, "min_child_weight": 6.130978598550644, "subsample": 0.5397559564150596}, "datetime": {"datetime": "2020-04-25 12:59:03", "elapsed": 2363.168454, "delta": 14.340201}}
{"target": 0.6385120000000001, "params": {"alpha": 0.010471734166791036, "colsample_bytree": 0.8918488122023117, "lam": 0.8531549137108531, "max_depth": 7.168598075732655, "min_child_weight": 6.724820312116148, "subsample": 0.7525194824158936}, "datetime": {"datetime": "2020-04-25 12:59:16", "elapsed": 2376.54187, "delta": 13.373416}}
{"target": 0.5559572, "params": {"alpha": 1.0, "colsample_bytree": 0.5000000009556184, "lam": 2.9491595592293073e-08, "max_depth": 3.0000000149852712, "min_child_weight": 1.0, "subsample": 0.9}, "datetime": {"datetime": "2020-04-25 12:59:31", "elapsed": 2390.788635, "delta": 14.246765}}
{"target": 0.6092874, "params": {"alpha": 0.586692015084818, "colsample_bytree": 0.8663893187060006, "lam": 0.1305162629235309, "max_depth": 9.939393975669557, "min_child_weight": 3.8329985973811684, "subsample": 0.8310232471991332}, "datetime": {"datetime": "2020-04-25 12:59:43", "elapsed": 2402.916094, "delta": 12.127459}}
{"target": 0.626977, "params": {"alpha": 0.00579431839135125, "colsample_bytree": 0.8715691501800032, "lam": 0.9922906775058841, "max_depth": 7.928243740870181, "min_child_weight": 7.021783807677623, "subsample": 0.8403941842394077}, "datetime": {"datetime": "2020-04-25 12:59:56", "elapsed": 2415.995915, "delta": 13.079821}}
{"target": 0.6322061999999999, "params": {"alpha": 0.03994433456783886, "colsample_bytree": 0.8970075673820886, "lam": 0.5044175417786104, "max_depth": 8.042443326608595, "min_child_weight": 8.293301866259867, "subsample": 0.8960215212425823}, "datetime": {"datetime": "2020-04-25 13:00:07", "elapsed": 2427.496179, "delta": 11.500264}}
{"target": 0.563957, "params": {"alpha": 0.842116458970646, "colsample_bytree": 0.8963312438605284, "lam": 0.06737378897422186, "max_depth": 8.132154829928247, "min_child_weight": 1.1962667298118057, "subsample": 0.5168712314302051}, "datetime": {"datetime": "2020-04-25 13:00:21", "elapsed": 2440.736636, "delta": 13.240457}}
{"target": 0.582364, "params": {"alpha": 4.34353024305436e-07, "colsample_bytree": 0.5000003472911297, "lam": 1.0, "max_depth": 9.999999734747956, "min_child_weight": 3.8467190651325973, "subsample": 0.9}, "datetime": {"datetime": "2020-04-25 13:00:33", "elapsed": 2452.885223, "delta": 12.148587}}
{"target": 0.613626, "params": {"alpha": 0.6050750482942134, "colsample_bytree": 0.5700800322039232, "lam": 0.006143547933613269, "max_depth": 7.624116878939742, "min_child_weight": 5.472961974438865, "subsample": 0.8696669471706595}, "datetime": {"datetime": "2020-04-25 13:00:46", "elapsed": 2465.859874, "delta": 12.974651}}
{"target": 0.6242256, "params": {"alpha": 0.054168749736033805, "colsample_bytree": 0.8746699538142025, "lam": 0.8282780075308868, "max_depth": 7.021994343596424, "min_child_weight": 6.260953083524985, "subsample": 0.8983285066740772}, "datetime": {"datetime": "2020-04-25 13:00:59", "elapsed": 2479.28334, "delta": 13.423466}}
{"target": 0.6382752, "params": {"alpha": 0.7457539670949922, "colsample_bytree": 0.682946787954678, "lam": 0.9738692030103038, "max_depth": 6.332560396168127, "min_child_weight": 5.359440052020401, "subsample": 0.8589631789699632}, "datetime": {"datetime": "2020-04-25 13:01:10", "elapsed": 2489.744389, "delta": 10.461049}}
{"target": 0.6206138, "params": {"alpha": 0.0, "colsample_bytree": 0.9, "lam": 0.0, "max_depth": 4.159456418386332, "min_child_weight": 3.603295970805968, "subsample": 0.9}, "datetime": {"datetime": "2020-04-25 13:01:26", "elapsed": 2506.153858, "delta": 16.409469}}
{"target": 0.6273188, "params": {"alpha": 0.3676286516022197, "colsample_bytree": 0.6701775716827305, "lam": 0.9774142881320159, "max_depth": 6.357136062754386, "min_child_weight": 5.480356518147032, "subsample": 0.6148405057061356}, "datetime": {"datetime": "2020-04-25 13:01:38", "elapsed": 2518.62754, "delta": 12.473682}}
{"target": 0.6202566, "params": {"alpha": 0.03958845268222788, "colsample_bytree": 0.8786268861511364, "lam": 0.49103226318883675, "max_depth": 4.0841622775786846, "min_child_weight": 1.398988527221058, "subsample": 0.8299272839616048}, "datetime": {"datetime": "2020-04-25 13:01:53", "elapsed": 2533.337958, "delta": 14.710418}}
{"target": 0.6312512, "params": {"alpha": 0.9925163698171228, "colsample_bytree": 0.7584051984964237, "lam": 0.9863101664205473, "max_depth": 6.4733691212618565, "min_child_weight": 5.934546542345573, "subsample": 0.7284445109624937}, "datetime": {"datetime": "2020-04-25 13:02:06", "elapsed": 2546.390161, "delta": 13.052203}}
{"target": 0.6279912000000001, "params": {"alpha": 0.7058891549307599, "colsample_bytree": 0.8526826549878668, "lam": 0.016235624377773372, "max_depth": 6.940452224684156, "min_child_weight": 6.5993713418641695, "subsample": 0.7831265362651691}, "datetime": {"datetime": "2020-04-25 13:02:18", "elapsed": 2557.92183, "delta": 11.531669}}
{"target": 0.6378408, "params": {"alpha": 0.01569144241038789, "colsample_bytree": 0.8936616085998642, "lam": 0.05580147775875621, "max_depth": 7.555981571593532, "min_child_weight": 8.982818029623523, "subsample": 0.6351839218269492}, "datetime": {"datetime": "2020-04-25 13:02:32", "elapsed": 2572.421299, "delta": 14.499469}}
{"target": 0.6360279999999999, "params": {"alpha": 0.04817972241570356, "colsample_bytree": 0.820124577835603, "lam": 0.007865554503620809, "max_depth": 6.602188923305965, "min_child_weight": 5.39772589513231, "subsample": 0.8294332483626063}, "datetime": {"datetime": "2020-04-25 13:02:45", "elapsed": 2584.998775, "delta": 12.577476}}
{"target": 0.6354308000000001, "params": {"alpha": 0.9999999959483733, "colsample_bytree": 0.8999999984048583, "lam": 2.099411300056289e-06, "max_depth": 9.999999992293228, "min_child_weight": 7.330463335482684, "subsample": 0.8999999981812353}, "datetime": {"datetime": "2020-04-25 13:02:57", "elapsed": 2596.810185, "delta": 11.81141}}
{"target": 0.6347704000000001, "params": {"alpha": 0.046007750817188976, "colsample_bytree": 0.8755550419829741, "lam": 1.0, "max_depth": 4.846557181663998, "min_child_weight": 1.0, "subsample": 0.6355045739332355}, "datetime": {"datetime": "2020-04-25 13:03:09", "elapsed": 2608.690993, "delta": 11.880808}}
{"target": 0.6312066, "params": {"alpha": 0.6395749426688581, "colsample_bytree": 0.8981865775792373, "lam": 0.9631883881416013, "max_depth": 6.36870454096502, "min_child_weight": 5.629906407799862, "subsample": 0.8867792955468705}, "datetime": {"datetime": "2020-04-25 13:03:24", "elapsed": 2624.048285, "delta": 15.357292}}
{"target": 0.59308, "params": {"alpha": 0.9027638848171944, "colsample_bytree": 0.5034138815451462, "lam": 0.9693791895410314, "max_depth": 6.527471647005476, "min_child_weight": 5.016069050354284, "subsample": 0.88672351541388}, "datetime": {"datetime": "2020-04-25 13:03:37", "elapsed": 2637.419001, "delta": 13.370716}}
{"target": 0.6370682000000001, "params": {"alpha": 0.0, "colsample_bytree": 0.9, "lam": 1.0, "max_depth": 10.0, "min_child_weight": 10.0, "subsample": 0.9}, "datetime": {"datetime": "2020-04-25 13:03:50", "elapsed": 2649.923346, "delta": 12.504345}}
{"target": 0.6289566000000001, "params": {"alpha": 0.9717528925968475, "colsample_bytree": 0.8949646875322805, "lam": 0.06587070876503709, "max_depth": 4.254898520548579, "min_child_weight": 6.95307387453309, "subsample": 0.8572248606128554}, "datetime": {"datetime": "2020-04-25 13:04:04", "elapsed": 2664.254381, "delta": 14.331035}}
{"target": 0.61627, "params": {"alpha": 0.9587461578580904, "colsample_bytree": 0.8596894601953835, "lam": 0.018460256690657872, "max_depth": 6.075536653342009, "min_child_weight": 3.934339046388928, "subsample": 0.671864143020558}, "datetime": {"datetime": "2020-04-25 13:04:17", "elapsed": 2677.537822, "delta": 13.283441}}
{"target": 0.6278232, "params": {"alpha": 0.00469880681364776, "colsample_bytree": 0.8891632717298181, "lam": 0.9477767867262442, "max_depth": 6.549042037001502, "min_child_weight": 5.31878061220251, "subsample": 0.8095270661346584}, "datetime": {"datetime": "2020-04-25 13:04:31", "elapsed": 2691.168251, "delta": 13.630429}}
{"target": 0.6314382000000001, "params": {"alpha": 0.3090822022103333, "colsample_bytree": 0.8999999995807735, "lam": 1.0, "max_depth": 7.329842922468984, "min_child_weight": 3.7061283533288, "subsample": 0.5}, "datetime": {"datetime": "2020-04-25 13:04:50", "elapsed": 2710.105238, "delta": 18.936987}}
{"target": 0.6219303999999999, "params": {"alpha": 0.9684722752062086, "colsample_bytree": 0.8005199751369083, "lam": 0.8155642974696224, "max_depth": 9.993913978540935, "min_child_weight": 6.498629968274483, "subsample": 0.8997387019754104}, "datetime": {"datetime": "2020-04-25 13:05:06", "elapsed": 2726.435964, "delta": 16.330726}}
{"target": 0.630624, "params": {"alpha": 0.02411382113734728, "colsample_bytree": 0.8847748681269021, "lam": 0.004848848183281351, "max_depth": 4.702600663176252, "min_child_weight": 7.379774574513592, "subsample": 0.8794476038825639}, "datetime": {"datetime": "2020-04-25 13:05:22", "elapsed": 2741.902559, "delta": 15.466595}}
{"target": 0.6286024, "params": {"alpha": 0.4050455265033034, "colsample_bytree": 0.8360002916316249, "lam": 0.09732039007572668, "max_depth": 4.739255280437952, "min_child_weight": 3.117757681231101, "subsample": 0.8798752349529559}, "datetime": {"datetime": "2020-04-25 13:05:36", "elapsed": 2756.632802, "delta": 14.730243}}
{"target": 0.6309406, "params": {"alpha": 0.8609009488180135, "colsample_bytree": 0.8980794797547258, "lam": 0.019062168300060134, "max_depth": 4.798511770411313, "min_child_weight": 9.969059276076099, "subsample": 0.6155349795893912}, "datetime": {"datetime": "2020-04-25 13:05:53", "elapsed": 2773.205556, "delta": 16.572754}}
{"target": 0.6226065999999999, "params": {"alpha": 0.3486691298625436, "colsample_bytree": 0.877370360582926, "lam": 0.7954091629259347, "max_depth": 3.985190323689691, "min_child_weight": 8.14304766038261, "subsample": 0.7957392435946924}, "datetime": {"datetime": "2020-04-25 13:06:05", "elapsed": 2785.637981, "delta": 12.432425}}
{"target": 0.61012, "params": {"alpha": 0.4217301437211378, "colsample_bytree": 0.8858376689640474, "lam": 0.8926741999998216, "max_depth": 6.745500991998888, "min_child_weight": 3.0609831119727042, "subsample": 0.526897362909361}, "datetime": {"datetime": "2020-04-25 13:06:19", "elapsed": 2799.120402, "delta": 13.482421}}
{"target": 0.6425856000000001, "params": {"alpha": 0.9574518192597904, "colsample_bytree": 0.8640113305261279, "lam": 0.9262715924781113, "max_depth": 5.674146492523475, "min_child_weight": 5.096030463494711, "subsample": 0.8786285499009416}, "datetime": {"datetime": "2020-04-25 13:06:32", "elapsed": 2812.37798, "delta": 13.257578}}
{"target": 0.6301582, "params": {"alpha": 0.6977295095333022, "colsample_bytree": 0.7264768879977206, "lam": 0.990804049091712, "max_depth": 5.788293918246213, "min_child_weight": 5.209677901640314, "subsample": 0.8188275966573084}, "datetime": {"datetime": "2020-04-25 13:06:47", "elapsed": 2827.106354, "delta": 14.728374}}
{"target": 0.6356490000000001, "params": {"alpha": 0.4180259487090009, "colsample_bytree": 0.8965223189289937, "lam": 0.2859985268633455, "max_depth": 8.503204838380888, "min_child_weight": 9.678122910810474, "subsample": 0.8180240225905717}, "datetime": {"datetime": "2020-04-25 13:07:04", "elapsed": 2844.651492, "delta": 17.545138}}
{"target": 0.5989089999999999, "params": {"alpha": 0.08284732359182764, "colsample_bytree": 0.8999999989503671, "lam": 0.0, "max_depth": 3.0, "min_child_weight": 9.99999999858442, "subsample": 0.8999999989521191}, "datetime": {"datetime": "2020-04-25 13:07:16", "elapsed": 2856.384479, "delta": 11.732987}}
