{"target": 0.6434122, "params": {"alpha": 0.012045332313283974, "colsample_bytree": 0.8671657015047112, "lam": 0.9104370363263079, "max_depth": 9.48508669914965, "min_child_weight": 9.433990927977453, "subsample": 0.8663357357874737}, "datetime": {"datetime": "2020-04-25 14:04:39", "elapsed": 1872.333114, "delta": 12.795262}}
{"target": 0.6218828000000001, "params": {"alpha": 0.10163078023333427, "colsample_bytree": 0.8993984581625001, "lam": 0.6390179512766679, "max_depth": 9.949943679542919, "min_child_weight": 3.6980758499383746, "subsample": 0.5468602665334834}, "datetime": {"datetime": "2020-04-25 14:04:50", "elapsed": 1883.851557, "delta": 11.518443}}
{"target": 0.6423344, "params": {"alpha": 0.8633433430122394, "colsample_bytree": 0.8626602775235521, "lam": 0.9054782834100076, "max_depth": 8.843619491988402, "min_child_weight": 8.312577329877154, "subsample": 0.8649107611681733}, "datetime": {"datetime": "2020-04-25 14:05:03", "elapsed": 1896.348357, "delta": 12.4968}}
{"target": 0.6304334, "params": {"alpha": 0.0, "colsample_bytree": 0.8999999986220901, "lam": 3.3203786088899403e-07, "max_depth": 8.867973468777167, "min_child_weight": 9.149694367284383, "subsample": 0.500000033324489}, "datetime": {"datetime": "2020-04-25 14:05:13", "elapsed": 1906.907501, "delta": 10.559144}}
{"target": 0.6366406, "params": {"alpha": 0.6266230974585179, "colsample_bytree": 0.8877290219823032, "lam": 0.9168102499243354, "max_depth": 6.516928819663992, "min_child_weight": 9.288100662351937, "subsample": 0.8664153300409478}, "datetime": {"datetime": "2020-04-25 14:05:25", "elapsed": 1918.855706, "delta": 11.948205}}
{"target": 0.6404894, "params": {"alpha": 0.39399750259223343, "colsample_bytree": 0.8710644826722851, "lam": 0.9753786698174249, "max_depth": 9.363238364951453, "min_child_weight": 7.6449170825874555, "subsample": 0.8971829952344446}, "datetime": {"datetime": "2020-04-25 14:05:37", "elapsed": 1930.856598, "delta": 12.000892}}
{"target": 0.6276996, "params": {"alpha": 0.018592378384344133, "colsample_bytree": 0.8649387826475898, "lam": 0.1273689232784333, "max_depth": 6.099634369500163, "min_child_weight": 7.428981944182455, "subsample": 0.7393864475222598}, "datetime": {"datetime": "2020-04-25 14:05:49", "elapsed": 1942.384053, "delta": 11.527455}}
{"target": 0.6381206, "params": {"alpha": 0.3261254300692198, "colsample_bytree": 0.8609700324107703, "lam": 0.9141447331331827, "max_depth": 8.687597783833537, "min_child_weight": 8.093677287661325, "subsample": 0.8871358760536527}, "datetime": {"datetime": "2020-04-25 14:06:01", "elapsed": 1954.857514, "delta": 12.473461}}
{"target": 0.6219876, "params": {"alpha": 0.7811329610416361, "colsample_bytree": 0.8312962014642573, "lam": 0.9902860845867609, "max_depth": 5.803957628534256, "min_child_weight": 9.004013783636221, "subsample": 0.6692687115717788}, "datetime": {"datetime": "2020-04-25 14:06:12", "elapsed": 1965.353985, "delta": 10.496471}}
{"target": 0.6346574, "params": {"alpha": 0.1201681570114489, "colsample_bytree": 0.8409299950918228, "lam": 0.9075131420471176, "max_depth": 5.91056835253678, "min_child_weight": 8.875182592902558, "subsample": 0.8995079034758162}, "datetime": {"datetime": "2020-04-25 14:06:22", "elapsed": 1975.779392, "delta": 10.425407}}
{"target": 0.6081158, "params": {"alpha": 0.681167952143113, "colsample_bytree": 0.8983597151565617, "lam": 0.5267393013411559, "max_depth": 9.899244156326255, "min_child_weight": 2.8425589731055982, "subsample": 0.8945720298769766}, "datetime": {"datetime": "2020-04-25 14:06:37", "elapsed": 1990.164905, "delta": 14.385513}}
{"target": 0.5960718, "params": {"alpha": 0.0696345341312854, "colsample_bytree": 0.8892435584939192, "lam": 0.1715341190186126, "max_depth": 3.0380860579590148, "min_child_weight": 2.3449886691932704, "subsample": 0.5347826233596125}, "datetime": {"datetime": "2020-04-25 14:06:46", "elapsed": 1999.772411, "delta": 9.607506}}
{"target": 0.6154527999999999, "params": {"alpha": 0.94993179048936, "colsample_bytree": 0.8957966367829715, "lam": 0.41107761048612435, "max_depth": 3.720324027697261, "min_child_weight": 1.067327588722162, "subsample": 0.5296191880541206}, "datetime": {"datetime": "2020-04-25 14:06:55", "elapsed": 2009.001347, "delta": 9.228936}}
{"target": 0.6370682000000001, "params": {"alpha": 0.0, "colsample_bytree": 0.8999999987994266, "lam": 0.9999999981907531, "max_depth": 10.0, "min_child_weight": 10.0, "subsample": 0.9}, "datetime": {"datetime": "2020-04-25 14:07:09", "elapsed": 2022.576964, "delta": 13.575617}}
{"target": 0.611996, "params": {"alpha": 0.07991484231269808, "colsample_bytree": 0.8720565710813797, "lam": 0.6946290616680603, "max_depth": 6.024213905414864, "min_child_weight": 3.1946902888158015, "subsample": 0.5296472731760569}, "datetime": {"datetime": "2020-04-25 14:07:20", "elapsed": 2033.269601, "delta": 10.692637}}
{"target": 0.5979327999999999, "params": {"alpha": 0.09242878670137944, "colsample_bytree": 0.8652301640564994, "lam": 0.055428893357427844, "max_depth": 6.909273758577945, "min_child_weight": 2.198225410724224, "subsample": 0.8463076704542022}, "datetime": {"datetime": "2020-04-25 14:07:31", "elapsed": 2044.778716, "delta": 11.509115}}
{"target": 0.63543, "params": {"alpha": 0.0387027476118843, "colsample_bytree": 0.8240666896441939, "lam": 0.9394099182477964, "max_depth": 7.884650248281327, "min_child_weight": 4.079573568057874, "subsample": 0.8675682488973779}, "datetime": {"datetime": "2020-04-25 14:07:43", "elapsed": 2056.497394, "delta": 11.718678}}
{"target": 0.6274656, "params": {"alpha": 0.9931432502395904, "colsample_bytree": 0.7988492620145546, "lam": 0.0046749070127044545, "max_depth": 9.277926011400726, "min_child_weight": 8.733735539013455, "subsample": 0.6538539891025019}, "datetime": {"datetime": "2020-04-25 14:07:57", "elapsed": 2070.578909, "delta": 14.081515}}
{"target": 0.62239, "params": {"alpha": 0.9775048148973982, "colsample_bytree": 0.8703948641465769, "lam": 0.94990567217632, "max_depth": 6.0821282220025505, "min_child_weight": 4.226435471511034, "subsample": 0.572181597761305}, "datetime": {"datetime": "2020-04-25 14:08:07", "elapsed": 2080.703548, "delta": 10.124639}}
{"target": 0.6415225999999998, "params": {"alpha": 0.8273071539542927, "colsample_bytree": 0.8528789082207452, "lam": 0.9972973721915676, "max_depth": 9.226761225811456, "min_child_weight": 9.340930593989714, "subsample": 0.8818978670718978}, "datetime": {"datetime": "2020-04-25 14:08:19", "elapsed": 2092.867812, "delta": 12.164264}}
{"target": 0.625227, "params": {"alpha": 0.24127003071178688, "colsample_bytree": 0.8646431603021338, "lam": 0.028141607308442396, "max_depth": 9.989183987813703, "min_child_weight": 8.674663084689648, "subsample": 0.8710365834886961}, "datetime": {"datetime": "2020-04-25 14:08:33", "elapsed": 2106.064411, "delta": 13.196599}}
{"target": 0.6420125999999999, "params": {"alpha": 0.9999999999476771, "colsample_bytree": 0.8999999999790709, "lam": 0.3608821507620178, "max_depth": 9.17469626318227, "min_child_weight": 7.4203676346239, "subsample": 0.8999990639692861}, "datetime": {"datetime": "2020-04-25 14:08:47", "elapsed": 2120.265593, "delta": 14.201182}}
{"target": 0.631788, "params": {"alpha": 0.5598968263231283, "colsample_bytree": 0.884209616643599, "lam": 0.1352303122687255, "max_depth": 9.998473032620815, "min_child_weight": 9.314905424633316, "subsample": 0.7838034878454421}, "datetime": {"datetime": "2020-04-25 14:08:58", "elapsed": 2131.474833, "delta": 11.20924}}
{"target": 0.6091268000000001, "params": {"alpha": 0.15690364906250742, "colsample_bytree": 0.5254043468452883, "lam": 0.9911525122998548, "max_depth": 9.975519989692335, "min_child_weight": 9.981551855531539, "subsample": 0.8942158038716982}, "datetime": {"datetime": "2020-04-25 14:09:12", "elapsed": 2145.312953, "delta": 13.83812}}
{"target": 0.6350040000000001, "params": {"alpha": 0.9065192647886217, "colsample_bytree": 0.8915423519413728, "lam": 0.9400266444741997, "max_depth": 9.224995663784437, "min_child_weight": 8.617243102836644, "subsample": 0.8918205273217525}, "datetime": {"datetime": "2020-04-25 14:09:25", "elapsed": 2158.140847, "delta": 12.827894}}
{"target": 0.6314036, "params": {"alpha": 0.034035191972430545, "colsample_bytree": 0.8218669139885748, "lam": 0.7047913811285176, "max_depth": 9.901481821998418, "min_child_weight": 4.511263372413164, "subsample": 0.870589088720739}, "datetime": {"datetime": "2020-04-25 14:09:38", "elapsed": 2171.454514, "delta": 13.313667}}
{"target": 0.6145706000000001, "params": {"alpha": 0.09496218949637669, "colsample_bytree": 0.8874847433501833, "lam": 0.8336233309053233, "max_depth": 6.592374654707693, "min_child_weight": 1.0180338992517997, "subsample": 0.8994027801915714}, "datetime": {"datetime": "2020-04-25 14:09:50", "elapsed": 2184.001593, "delta": 12.547079}}
{"target": 0.6324574000000001, "params": {"alpha": 0.011846966724146868, "colsample_bytree": 0.848573253136031, "lam": 0.37195715375933347, "max_depth": 9.483073948023392, "min_child_weight": 9.25489298563345, "subsample": 0.8783586089961174}, "datetime": {"datetime": "2020-04-25 14:10:02", "elapsed": 2195.609517, "delta": 11.607924}}
{"target": 0.642602, "params": {"alpha": 0.006280497578197042, "colsample_bytree": 0.8461174788351729, "lam": 0.4633112796226755, "max_depth": 5.536946868641521, "min_child_weight": 5.987005838606946, "subsample": 0.8527259321393059}, "datetime": {"datetime": "2020-04-25 14:10:14", "elapsed": 2207.039265, "delta": 11.429748}}
{"target": 0.6207118, "params": {"alpha": 0.05758972308345578, "colsample_bytree": 0.590535555292452, "lam": 0.9507928398872556, "max_depth": 7.15891548659565, "min_child_weight": 5.739216457557568, "subsample": 0.8967109454500457}, "datetime": {"datetime": "2020-04-25 14:10:25", "elapsed": 2218.257563, "delta": 11.218298}}
{"target": 0.6069967999999999, "params": {"alpha": 0.0027096784796292184, "colsample_bytree": 0.8227689112675819, "lam": 0.6205943041313178, "max_depth": 4.068152697871671, "min_child_weight": 7.632754415058899, "subsample": 0.5276688865895588}, "datetime": {"datetime": "2020-04-25 14:10:35", "elapsed": 2229.017816, "delta": 10.760253}}
{"target": 0.6099950000000001, "params": {"alpha": 2.999440905690089e-08, "colsample_bytree": 0.9, "lam": 1.0, "max_depth": 3.0000000341744077, "min_child_weight": 3.7258722672520803, "subsample": 0.9}, "datetime": {"datetime": "2020-04-25 14:10:47", "elapsed": 2240.346913, "delta": 11.329097}}
{"target": 0.5798813999999999, "params": {"alpha": 0.0, "colsample_bytree": 0.5, "lam": 0.0062234881070445175, "max_depth": 4.163968067490003, "min_child_weight": 1.0000000003153198, "subsample": 0.8623151280004059}, "datetime": {"datetime": "2020-04-25 14:10:59", "elapsed": 2252.096195, "delta": 11.749282}}
{"target": 0.6383126, "params": {"alpha": 0.992327835519952, "colsample_bytree": 0.8813055314092152, "lam": 0.001709967649689892, "max_depth": 4.184599836647948, "min_child_weight": 4.409184112971869, "subsample": 0.8466625924913078}, "datetime": {"datetime": "2020-04-25 14:11:10", "elapsed": 2263.825878, "delta": 11.729683}}
{"target": 0.6178155999999999, "params": {"alpha": 0.9100622123908356, "colsample_bytree": 0.8830686291897649, "lam": 0.9349425198606234, "max_depth": 8.494186092342563, "min_child_weight": 2.775001568526932, "subsample": 0.5048906223088696}, "datetime": {"datetime": "2020-04-25 14:11:21", "elapsed": 2274.17505, "delta": 10.349172}}
{"target": 0.6061698, "params": {"alpha": 0.8839208554904385, "colsample_bytree": 0.5005889114921308, "lam": 0.1756424841520039, "max_depth": 4.523416245815645, "min_child_weight": 3.7622912547569634, "subsample": 0.8394334192299702}, "datetime": {"datetime": "2020-04-25 14:11:32", "elapsed": 2285.085349, "delta": 10.910299}}
{"target": 0.6405474, "params": {"alpha": 0.994422476998615, "colsample_bytree": 0.8548380497659291, "lam": 0.9458289886982865, "max_depth": 8.136880465807895, "min_child_weight": 8.311884817172682, "subsample": 0.868639199397234}, "datetime": {"datetime": "2020-04-25 14:11:43", "elapsed": 2296.729347, "delta": 11.643998}}
{"target": 0.6290924, "params": {"alpha": 1.0, "colsample_bytree": 0.8999999987504709, "lam": 0.6886192346197945, "max_depth": 4.649118203302711, "min_child_weight": 4.732786887024708, "subsample": 0.8999999966943353}, "datetime": {"datetime": "2020-04-25 14:11:54", "elapsed": 2307.199273, "delta": 10.469926}}
{"target": 0.6375423999999998, "params": {"alpha": 0.3129538600127837, "colsample_bytree": 0.8720330126747986, "lam": 0.08142825891179573, "max_depth": 8.005171414412068, "min_child_weight": 9.072944283906269, "subsample": 0.8883820905714805}, "datetime": {"datetime": "2020-04-25 14:12:07", "elapsed": 2320.204531, "delta": 13.005258}}
{"target": 0.6341146, "params": {"alpha": 0.8822777060633892, "colsample_bytree": 0.8905429619254297, "lam": 0.10291107216666939, "max_depth": 6.737009488901097, "min_child_weight": 8.785854182411889, "subsample": 0.539054743046349}, "datetime": {"datetime": "2020-04-25 14:12:19", "elapsed": 2332.570988, "delta": 12.366457}}
{"target": 0.6206136, "params": {"alpha": 0.04991395930586973, "colsample_bytree": 0.8999999991246407, "lam": 1.4169006441667295e-09, "max_depth": 3.651951452332168, "min_child_weight": 4.068707570409721, "subsample": 0.9}, "datetime": {"datetime": "2020-04-25 14:12:30", "elapsed": 2343.839099, "delta": 11.268111}}
{"target": 0.627013, "params": {"alpha": 0.1713982371762902, "colsample_bytree": 0.8840862066771962, "lam": 0.09058428300755406, "max_depth": 5.462638996774806, "min_child_weight": 6.434497976330936, "subsample": 0.7942785140971036}, "datetime": {"datetime": "2020-04-25 14:12:45", "elapsed": 2358.751812, "delta": 14.912713}}
{"target": 0.6238512, "params": {"alpha": 2.0727689692187542e-10, "colsample_bytree": 0.9, "lam": 3.1774699404713254e-08, "max_depth": 6.711731892913563, "min_child_weight": 9.999999994619241, "subsample": 0.5000000032039073}, "datetime": {"datetime": "2020-04-25 14:12:58", "elapsed": 2371.692451, "delta": 12.940639}}
{"target": 0.620261, "params": {"alpha": 0.9153593714842759, "colsample_bytree": 0.8906439857988846, "lam": 0.018823200049912447, "max_depth": 3.6159685970950184, "min_child_weight": 6.372275700801935, "subsample": 0.8669648819261979}, "datetime": {"datetime": "2020-04-25 14:13:11", "elapsed": 2384.036825, "delta": 12.344374}}
{"target": 0.6180426000000001, "params": {"alpha": 0.9783551210190271, "colsample_bytree": 0.8725030495812824, "lam": 0.7173854510872718, "max_depth": 6.58626009891465, "min_child_weight": 3.397208342008695, "subsample": 0.6282550514357249}, "datetime": {"datetime": "2020-04-25 14:13:22", "elapsed": 2395.446801, "delta": 11.409976}}
{"target": 0.6354126, "params": {"alpha": 0.21110577861514124, "colsample_bytree": 0.8862425623131346, "lam": 0.9618016783428782, "max_depth": 9.546797721388794, "min_child_weight": 9.551821460943675, "subsample": 0.8972916697891811}, "datetime": {"datetime": "2020-04-25 14:13:37", "elapsed": 2410.573515, "delta": 15.126714}}
{"target": 0.6276642000000001, "params": {"alpha": 0.00013289018343065617, "colsample_bytree": 0.8666238243698194, "lam": 0.9862921657226223, "max_depth": 7.640424992032551, "min_child_weight": 2.9310005614088728, "subsample": 0.842910924131244}, "datetime": {"datetime": "2020-04-25 14:13:49", "elapsed": 2422.314883, "delta": 11.741368}}
{"target": 0.6116848, "params": {"alpha": 0.9519572534710545, "colsample_bytree": 0.7813097624490399, "lam": 0.6832208325884863, "max_depth": 7.125264037794556, "min_child_weight": 1.026752228592513, "subsample": 0.8849972467580329}, "datetime": {"datetime": "2020-04-25 14:14:02", "elapsed": 2435.495629, "delta": 13.180746}}
{"target": 0.6366075999999999, "params": {"alpha": 0.45809010982399334, "colsample_bytree": 0.8701407789976652, "lam": 0.6410528476821927, "max_depth": 9.874710522800468, "min_child_weight": 6.027234486222365, "subsample": 0.8743801951409729}, "datetime": {"datetime": "2020-04-25 14:14:15", "elapsed": 2448.556445, "delta": 13.060816}}
{"target": 0.5864255999999999, "params": {"alpha": 2.342729402487261e-09, "colsample_bytree": 0.5000000000224073, "lam": 1.0, "max_depth": 10.0, "min_child_weight": 5.639187911848793, "subsample": 0.9}, "datetime": {"datetime": "2020-04-25 14:14:31", "elapsed": 2464.172992, "delta": 15.616547}}
{"target": 0.6292222, "params": {"alpha": 1.0, "colsample_bytree": 0.899999982899496, "lam": 0.9999999556504173, "max_depth": 3.887956223121957, "min_child_weight": 9.95998656447802, "subsample": 0.9}, "datetime": {"datetime": "2020-04-25 14:14:42", "elapsed": 2476.018797, "delta": 11.845805}}
{"target": 0.5750819999999999, "params": {"alpha": 0.9526575119930168, "colsample_bytree": 0.5172316364075311, "lam": 0.18282836752550502, "max_depth": 8.074916811855346, "min_child_weight": 2.7643786162738024, "subsample": 0.6032324478244813}, "datetime": {"datetime": "2020-04-25 14:14:55", "elapsed": 2488.355301, "delta": 12.336504}}
{"target": 0.6248760000000001, "params": {"alpha": 7.75801759476104e-12, "colsample_bytree": 0.8999999999936952, "lam": 0.968225924604532, "max_depth": 9.999999999885393, "min_child_weight": 5.174857630306157, "subsample": 0.8999999999844572}, "datetime": {"datetime": "2020-04-25 14:15:12", "elapsed": 2505.901985, "delta": 17.546684}}
{"target": 0.6158182, "params": {"alpha": 0.9526690890868323, "colsample_bytree": 0.5810488330937866, "lam": 0.910219800440992, "max_depth": 9.184609497687834, "min_child_weight": 7.553135968841831, "subsample": 0.8399088098941884}, "datetime": {"datetime": "2020-04-25 14:15:26", "elapsed": 2519.644233, "delta": 13.742248}}
{"target": 0.6273555999999999, "params": {"alpha": 0.031827570943221306, "colsample_bytree": 0.8930530394511507, "lam": 0.9648068288806008, "max_depth": 8.903864876276533, "min_child_weight": 9.444255524474992, "subsample": 0.8400697250205749}, "datetime": {"datetime": "2020-04-25 14:15:40", "elapsed": 2533.41694, "delta": 13.772707}}
{"target": 0.6229782, "params": {"alpha": 1.0, "colsample_bytree": 0.8999999985583136, "lam": 0.9999999909079664, "max_depth": 5.686362231063195, "min_child_weight": 1.0, "subsample": 0.8999999899535066}, "datetime": {"datetime": "2020-04-25 14:15:54", "elapsed": 2547.63206, "delta": 14.21512}}
{"target": 0.6098549999999999, "params": {"alpha": 0.9780757454884597, "colsample_bytree": 0.8875146409625245, "lam": 0.7018756034206166, "max_depth": 8.781092312848276, "min_child_weight": 1.9292973443350738, "subsample": 0.8592438476154207}, "datetime": {"datetime": "2020-04-25 14:16:10", "elapsed": 2563.693798, "delta": 16.061738}}
{"target": 0.6339547999999999, "params": {"alpha": 0.11260967787939524, "colsample_bytree": 0.8798180068138122, "lam": 0.5860405375934498, "max_depth": 9.68589148713205, "min_child_weight": 9.906842815963941, "subsample": 0.5751082714117434}, "datetime": {"datetime": "2020-04-25 14:16:25", "elapsed": 2578.237809, "delta": 14.544011}}
{"target": 0.6392824000000001, "params": {"alpha": 0.00918347027253863, "colsample_bytree": 0.8321043973875868, "lam": 0.3313460299069826, "max_depth": 7.807837576530891, "min_child_weight": 9.8104295116521, "subsample": 0.8441137281660924}, "datetime": {"datetime": "2020-04-25 14:16:39", "elapsed": 2592.494349, "delta": 14.25654}}
{"target": 0.6208352, "params": {"alpha": 0.9362263284273111, "colsample_bytree": 0.6095554770525, "lam": 0.32727985683518457, "max_depth": 6.792911657099182, "min_child_weight": 6.324557288192733, "subsample": 0.8725857948637074}, "datetime": {"datetime": "2020-04-25 14:16:51", "elapsed": 2604.632802, "delta": 12.138453}}
{"target": 0.63072, "params": {"alpha": 0.9570188159070908, "colsample_bytree": 0.8988032496328022, "lam": 0.00042750807625080434, "max_depth": 4.609847809826478, "min_child_weight": 4.037423556363985, "subsample": 0.5659239890431011}, "datetime": {"datetime": "2020-04-25 14:17:07", "elapsed": 2620.986216, "delta": 16.353414}}
{"target": 0.6242968, "params": {"alpha": 0.7725761158210482, "colsample_bytree": 0.8609556588817548, "lam": 0.06647252678159599, "max_depth": 4.021971030300476, "min_child_weight": 4.996168271255907, "subsample": 0.8931164915245747}, "datetime": {"datetime": "2020-04-25 14:17:19", "elapsed": 2632.690029, "delta": 11.703813}}
{"target": 0.6177900000000001, "params": {"alpha": 1.0, "colsample_bytree": 0.8691278697183794, "lam": 0.5408821384346058, "max_depth": 6.729704636851003, "min_child_weight": 1.7303882757183537, "subsample": 0.9}, "datetime": {"datetime": "2020-04-25 14:17:33", "elapsed": 2646.217889, "delta": 13.52786}}
{"target": 0.6384356, "params": {"alpha": 0.6046122338625626, "colsample_bytree": 0.8959906569021827, "lam": 0.9825897511277504, "max_depth": 5.891748281735718, "min_child_weight": 6.254894707006984, "subsample": 0.8851560887324565}, "datetime": {"datetime": "2020-04-25 14:17:47", "elapsed": 2660.962627, "delta": 14.744738}}
{"target": 0.6277976000000001, "params": {"alpha": 0.9996645443357559, "colsample_bytree": 0.8999999972893413, "lam": 0.9999999916859811, "max_depth": 7.480513807546079, "min_child_weight": 5.078323044003005, "subsample": 0.8999419943205837}, "datetime": {"datetime": "2020-04-25 14:18:02", "elapsed": 2675.246116, "delta": 14.283489}}
{"target": 0.6195558, "params": {"alpha": 0.05507166636043247, "colsample_bytree": 0.8999999947058832, "lam": 0.999999978540817, "max_depth": 7.616865282557884, "min_child_weight": 3.600702740440837, "subsample": 0.5000000090607727}, "datetime": {"datetime": "2020-04-25 14:18:13", "elapsed": 2686.534899, "delta": 11.288783}}
{"target": 0.6482746, "params": {"alpha": 0.004947679207679356, "colsample_bytree": 0.811159225893805, "lam": 0.018202315626234644, "max_depth": 9.203925290079576, "min_child_weight": 7.248506026381409, "subsample": 0.8825649855604516}, "datetime": {"datetime": "2020-04-25 14:18:29", "elapsed": 2702.05968, "delta": 15.524781}}
