{"target": 0.5857524, "params": {"alpha": 0.9702077302956966, "colsample_bytree": 0.5641734856499937, "lam": 0.04654146217082222, "max_depth": 5.132262780338955, "min_child_weight": 2.757854612774026, "subsample": 0.6124623950640923}, "datetime": {"datetime": "2020-04-25 14:19:31", "elapsed": 7190.806913, "delta": 29.514095}}
{"target": 0.6448424, "params": {"alpha": 0.048196616854915164, "colsample_bytree": 0.7549443651605736, "lam": 0.018549912119647516, "max_depth": 5.28153742504279, "min_child_weight": 4.260253420550596, "subsample": 0.8478458627099348}, "datetime": {"datetime": "2020-04-25 14:20:04", "elapsed": 7223.850463, "delta": 33.04355}}
{"target": 0.6376428000000001, "params": {"alpha": 0.00492519699556937, "colsample_bytree": 0.7101657089446706, "lam": 0.1605882879697288, "max_depth": 5.163156756727321, "min_child_weight": 3.8004424106902146, "subsample": 0.8940413783661516}, "datetime": {"datetime": "2020-04-25 14:20:35", "elapsed": 7255.254728, "delta": 31.404265}}
{"target": 0.6291112, "params": {"alpha": 0.009257638745761021, "colsample_bytree": 0.700042524922091, "lam": 0.9860521752249009, "max_depth": 6.5578623930027025, "min_child_weight": 4.107927744778827, "subsample": 0.8061898179172017}, "datetime": {"datetime": "2020-04-25 14:21:01", "elapsed": 7281.518733, "delta": 26.264005}}
{"target": 0.6303146, "params": {"alpha": 0.7950568827642666, "colsample_bytree": 0.8491999796426234, "lam": 0.9310601655285479, "max_depth": 7.798728235054849, "min_child_weight": 8.967458466380785, "subsample": 0.8842906914225712}, "datetime": {"datetime": "2020-04-25 14:21:34", "elapsed": 7313.871061, "delta": 32.352328}}
{"target": 0.6281888, "params": {"alpha": 0.2653143535168403, "colsample_bytree": 0.8753068668486166, "lam": 0.11912143011900478, "max_depth": 7.414126307309872, "min_child_weight": 7.877866970809422, "subsample": 0.877240470596981}, "datetime": {"datetime": "2020-04-25 14:22:00", "elapsed": 7339.938299, "delta": 26.067238}}
{"target": 0.600104, "params": {"alpha": 0.9659124153809571, "colsample_bytree": 0.869043211487992, "lam": 0.04186474974874199, "max_depth": 3.0785630864932125, "min_child_weight": 1.1977505852119905, "subsample": 0.5252709586234903}, "datetime": {"datetime": "2020-04-25 14:22:29", "elapsed": 7369.624196, "delta": 29.685897}}
{"target": 0.6180652, "params": {"alpha": 0.993551652194984, "colsample_bytree": 0.8614673284103463, "lam": 0.09257710128507579, "max_depth": 8.679921777346207, "min_child_weight": 5.32476931025074, "subsample": 0.5028373684798897}, "datetime": {"datetime": "2020-04-25 14:22:59", "elapsed": 7399.278432, "delta": 29.654236}}
{"target": 0.6033025999999999, "params": {"alpha": 1.0, "colsample_bytree": 0.8999999879639454, "lam": 0.0, "max_depth": 10.0, "min_child_weight": 3.1319741498893916, "subsample": 0.8999999846323201}, "datetime": {"datetime": "2020-04-25 14:23:33", "elapsed": 7433.316581, "delta": 34.038149}}
{"target": 0.6344592, "params": {"alpha": 0.7007866609730558, "colsample_bytree": 0.8926356187307454, "lam": 0.001748754492981508, "max_depth": 9.988384687758476, "min_child_weight": 9.398208746550502, "subsample": 0.7621885977021525}, "datetime": {"datetime": "2020-04-25 14:24:11", "elapsed": 7471.370326, "delta": 38.053745}}
{"target": 0.6324058, "params": {"alpha": 0.16179340049771762, "colsample_bytree": 0.8973054762163717, "lam": 0.06698305048406361, "max_depth": 9.970757065267879, "min_child_weight": 7.148948895822997, "subsample": 0.8455201738345259}, "datetime": {"datetime": "2020-04-25 14:24:40", "elapsed": 7499.793142, "delta": 28.422816}}
{"target": 0.6180754, "params": {"alpha": 0.054874140165923846, "colsample_bytree": 0.8376584014211874, "lam": 0.9244560282217529, "max_depth": 7.761520436172184, "min_child_weight": 8.68281204890873, "subsample": 0.5191331673818946}, "datetime": {"datetime": "2020-04-25 14:25:11", "elapsed": 7530.756469, "delta": 30.963327}}
{"target": 0.6058288, "params": {"alpha": 1.0, "colsample_bytree": 0.9, "lam": 1.0, "max_depth": 3.0000000220727308, "min_child_weight": 6.315405557340484, "subsample": 0.8999999973026342}, "datetime": {"datetime": "2020-04-25 14:25:38", "elapsed": 7558.517763, "delta": 27.761294}}
{"target": 0.6394314000000001, "params": {"alpha": 0.3534527835189615, "colsample_bytree": 0.7543706608753016, "lam": 0.07834631276986159, "max_depth": 9.110398411013342, "min_child_weight": 9.681713024986028, "subsample": 0.8747104212469541}, "datetime": {"datetime": "2020-04-25 14:26:17", "elapsed": 7597.037564, "delta": 38.519801}}
{"target": 0.6299666, "params": {"alpha": 0.9267457110903876, "colsample_bytree": 0.8996397417147266, "lam": 0.5873528461386818, "max_depth": 3.6698299972178274, "min_child_weight": 3.8191595133572465, "subsample": 0.7686715556144452}, "datetime": {"datetime": "2020-04-25 14:26:55", "elapsed": 7635.401414, "delta": 38.36385}}
{"target": 0.6170926, "params": {"alpha": 0.04763692140234954, "colsample_bytree": 0.8948659753203321, "lam": 0.9769220888427126, "max_depth": 6.67467864636194, "min_child_weight": 3.869534877455579, "subsample": 0.6549619930393811}, "datetime": {"datetime": "2020-04-25 14:27:24", "elapsed": 7664.130926, "delta": 28.729512}}
{"target": 0.6236922, "params": {"alpha": 0.6401006733776775, "colsample_bytree": 0.8976690595890371, "lam": 0.9562944655531503, "max_depth": 4.047017336764597, "min_child_weight": 8.82384641438149, "subsample": 0.8491385190977223}, "datetime": {"datetime": "2020-04-25 14:27:48", "elapsed": 7687.977523, "delta": 23.846597}}
{"target": 0.6425211999999999, "params": {"alpha": 0.985208651528677, "colsample_bytree": 0.8759008857788932, "lam": 0.058035571448291634, "max_depth": 7.962820134775032, "min_child_weight": 8.335202071694187, "subsample": 0.8706910995083705}, "datetime": {"datetime": "2020-04-25 14:28:16", "elapsed": 7716.142764, "delta": 28.165241}}
{"target": 0.6383441999999999, "params": {"alpha": 0.9581223904986178, "colsample_bytree": 0.8897395920946894, "lam": 0.5319422384538943, "max_depth": 8.137682505594704, "min_child_weight": 8.70534276384503, "subsample": 0.8463223265183555}, "datetime": {"datetime": "2020-04-25 14:28:45", "elapsed": 7745.588449, "delta": 29.445685}}
{"target": 0.6258266, "params": {"alpha": 0.9337969626761424, "colsample_bytree": 0.852991530525721, "lam": 0.02275544176352884, "max_depth": 3.8764477782759377, "min_child_weight": 7.3845632198723195, "subsample": 0.5532672506951452}, "datetime": {"datetime": "2020-04-25 14:29:18", "elapsed": 7777.807381, "delta": 32.218932}}
{"target": 0.6285738000000001, "params": {"alpha": 0.9828907572063401, "colsample_bytree": 0.7183892838312719, "lam": 0.7854890046181716, "max_depth": 5.389851770395216, "min_child_weight": 7.341683759987296, "subsample": 0.8876986202926332}, "datetime": {"datetime": "2020-04-25 14:29:53", "elapsed": 7812.753583, "delta": 34.946202}}
{"target": 0.6245332, "params": {"alpha": 0.3148091095213055, "colsample_bytree": 0.8098740194301327, "lam": 0.9815990154185024, "max_depth": 5.120172302015398, "min_child_weight": 6.778706224722104, "subsample": 0.6130297942295395}, "datetime": {"datetime": "2020-04-25 14:30:27", "elapsed": 7846.94042, "delta": 34.186837}}
{"target": 0.6225986000000001, "params": {"alpha": 0.9738853047933003, "colsample_bytree": 0.8964432032649194, "lam": 0.03997337771952025, "max_depth": 6.6523731518102425, "min_child_weight": 2.5845760775723234, "subsample": 0.8473983615539133}, "datetime": {"datetime": "2020-04-25 14:31:08", "elapsed": 7888.224953, "delta": 41.284533}}
{"target": 0.6410376, "params": {"alpha": 0.7912103049678246, "colsample_bytree": 0.7190664055130946, "lam": 0.9805620897323626, "max_depth": 9.94880235829503, "min_child_weight": 9.987026521458871, "subsample": 0.8200854091370979}, "datetime": {"datetime": "2020-04-25 14:31:38", "elapsed": 7918.52945, "delta": 30.304497}}
{"target": 0.621376, "params": {"alpha": 0.006982466888065808, "colsample_bytree": 0.8935410775771669, "lam": 0.00498411048467351, "max_depth": 4.3734602146171895, "min_child_weight": 2.8400470927462655, "subsample": 0.8106095436821947}, "datetime": {"datetime": "2020-04-25 14:32:14", "elapsed": 7954.119543, "delta": 35.590093}}
{"target": 0.6297558000000001, "params": {"alpha": 0.01128334781675766, "colsample_bytree": 0.6067491289662147, "lam": 0.01070992247304936, "max_depth": 5.919901500200586, "min_child_weight": 9.403091940250887, "subsample": 0.861022113194899}, "datetime": {"datetime": "2020-04-25 14:32:41", "elapsed": 7981.607903, "delta": 27.48836}}
{"target": 0.6437048, "params": {"alpha": 0.4482836119964979, "colsample_bytree": 0.8170018936678309, "lam": 0.9776590117469494, "max_depth": 6.235136763039615, "min_child_weight": 2.4292177280462814, "subsample": 0.8934851729723894}, "datetime": {"datetime": "2020-04-25 14:33:08", "elapsed": 8008.268988, "delta": 26.661085}}
{"target": 0.6012970000000001, "params": {"alpha": 0.5343951794439294, "colsample_bytree": 0.5668934921297846, "lam": 0.9515638175819381, "max_depth": 6.066693659507395, "min_child_weight": 2.678931312940114, "subsample": 0.8639670278370175}, "datetime": {"datetime": "2020-04-25 14:33:46", "elapsed": 8046.187194, "delta": 37.918206}}
{"target": 0.6435090000000001, "params": {"alpha": 0.9644501217276696, "colsample_bytree": 0.847632738653018, "lam": 0.5745498006010881, "max_depth": 5.225776702573496, "min_child_weight": 4.146779043359003, "subsample": 0.846458410056975}, "datetime": {"datetime": "2020-04-25 14:34:14", "elapsed": 8074.44213, "delta": 28.254936}}
{"target": 0.6295144, "params": {"alpha": 0.5714391705008829, "colsample_bytree": 0.8510230928789062, "lam": 0.01673068141729539, "max_depth": 7.810212294562356, "min_child_weight": 9.409732817696295, "subsample": 0.7437181278330253}, "datetime": {"datetime": "2020-04-25 14:34:54", "elapsed": 8113.780346, "delta": 39.338216}}
{"target": 0.634588, "params": {"alpha": 0.7078634933037214, "colsample_bytree": 0.790391632659001, "lam": 0.8061985681812084, "max_depth": 9.994588916750345, "min_child_weight": 9.821589321564012, "subsample": 0.6076850207810539}, "datetime": {"datetime": "2020-04-25 14:35:31", "elapsed": 8151.163073, "delta": 37.382727}}
{"target": 0.6269776, "params": {"alpha": 0.4690506042949345, "colsample_bytree": 0.8263966993345129, "lam": 0.9064532911653546, "max_depth": 6.164931762831511, "min_child_weight": 1.9345066521607603, "subsample": 0.8518130901269214}, "datetime": {"datetime": "2020-04-25 14:36:06", "elapsed": 8185.898363, "delta": 34.73529}}
{"target": 0.6043412, "params": {"alpha": 0.018652346504796302, "colsample_bytree": 0.8719477550021048, "lam": 0.028153455305294006, "max_depth": 9.903434584029508, "min_child_weight": 3.4870477594352973, "subsample": 0.8200526349462198}, "datetime": {"datetime": "2020-04-25 14:36:35", "elapsed": 8214.734168, "delta": 28.835805}}
{"target": 0.6409696, "params": {"alpha": 0.9993204670143788, "colsample_bytree": 0.6425042574782265, "lam": 0.6423472797042598, "max_depth": 8.276457478748663, "min_child_weight": 8.2484513360906, "subsample": 0.8506281173091541}, "datetime": {"datetime": "2020-04-25 14:37:19", "elapsed": 8258.790741, "delta": 44.056573}}
{"target": 0.6295064, "params": {"alpha": 0.9803645762631548, "colsample_bytree": 0.8814500648087256, "lam": 0.6753250946029214, "max_depth": 7.8665688262736335, "min_child_weight": 9.986620241420304, "subsample": 0.8513585158080206}, "datetime": {"datetime": "2020-04-25 14:37:48", "elapsed": 8288.228089, "delta": 29.437348}}
{"target": 0.6337014, "params": {"alpha": 0.7467624746018483, "colsample_bytree": 0.8696569841334796, "lam": 0.9322820355658974, "max_depth": 6.7357949199363105, "min_child_weight": 2.833348878196909, "subsample": 0.8564094150076595}, "datetime": {"datetime": "2020-04-25 14:38:26", "elapsed": 8325.726303, "delta": 37.498214}}
{"target": 0.6332438, "params": {"alpha": 0.08400600317396545, "colsample_bytree": 0.8744613454763788, "lam": 0.33457757657955634, "max_depth": 7.168169128570185, "min_child_weight": 6.997101420231973, "subsample": 0.7866175589603193}, "datetime": {"datetime": "2020-04-25 14:38:57", "elapsed": 8356.689672, "delta": 30.963369}}
{"target": 0.6365510000000001, "params": {"alpha": 0.9389888971478886, "colsample_bytree": 0.7713424641484009, "lam": 0.8847557992660476, "max_depth": 7.354388426758467, "min_child_weight": 8.241458606353268, "subsample": 0.8753549185996392}, "datetime": {"datetime": "2020-04-25 14:39:30", "elapsed": 8390.401921, "delta": 33.712249}}
{"target": 0.6294442, "params": {"alpha": 0.7723434457825193, "colsample_bytree": 0.8926099525472754, "lam": 0.4935216546469041, "max_depth": 4.541186088858707, "min_child_weight": 3.45259330906397, "subsample": 0.6506064476658717}, "datetime": {"datetime": "2020-04-25 14:40:05", "elapsed": 8424.67969, "delta": 34.277769}}
{"target": 0.616496, "params": {"alpha": 0.03695862738319988, "colsample_bytree": 0.8911025479807697, "lam": 0.5744632588156593, "max_depth": 3.6859438865124012, "min_child_weight": 9.076799788449351, "subsample": 0.5276392983422581}, "datetime": {"datetime": "2020-04-25 14:40:44", "elapsed": 8463.999497, "delta": 39.319807}}
{"target": 0.6426911999999999, "params": {"alpha": 0.06367146175674343, "colsample_bytree": 0.8536465810245311, "lam": 0.5359033090552129, "max_depth": 9.284585001774332, "min_child_weight": 8.13365950949954, "subsample": 0.8672932313145771}, "datetime": {"datetime": "2020-04-25 14:41:22", "elapsed": 8502.08306, "delta": 38.083563}}
{"target": 0.556625, "params": {"alpha": 0.9999999993792118, "colsample_bytree": 0.9, "lam": 0.0, "max_depth": 9.999999991830457, "min_child_weight": 1.0, "subsample": 0.5}, "datetime": {"datetime": "2020-04-25 14:42:04", "elapsed": 8544.081322, "delta": 41.998262}}
{"target": 0.641115, "params": {"alpha": 0.36404956885967155, "colsample_bytree": 0.8502548521246424, "lam": 0.7305198695489812, "max_depth": 9.955335938326542, "min_child_weight": 8.891937920024066, "subsample": 0.8959691686873336}, "datetime": {"datetime": "2020-04-25 14:42:37", "elapsed": 8576.990121, "delta": 32.908799}}
{"target": 0.6124206, "params": {"alpha": 0.4262532245853162, "colsample_bytree": 0.9, "lam": 1.0, "max_depth": 8.46571820149979, "min_child_weight": 1.5596321927292998, "subsample": 0.9}, "datetime": {"datetime": "2020-04-25 14:43:07", "elapsed": 8607.480384, "delta": 30.490263}}
{"target": 0.6286948, "params": {"alpha": 0.9985066592728763, "colsample_bytree": 0.6531813243933784, "lam": 0.8537011959106662, "max_depth": 8.550601119268851, "min_child_weight": 7.08363700031867, "subsample": 0.840850279761074}, "datetime": {"datetime": "2020-04-25 14:43:43", "elapsed": 8643.227179, "delta": 35.746795}}
{"target": 0.6318140000000001, "params": {"alpha": 0.4529775840721286, "colsample_bytree": 0.859162673608665, "lam": 0.9925677003107265, "max_depth": 5.550450738929193, "min_child_weight": 2.4619355788331316, "subsample": 0.8297107489996038}, "datetime": {"datetime": "2020-04-25 14:44:25", "elapsed": 8685.119353, "delta": 41.892174}}
{"target": 0.608864, "params": {"alpha": 0.45286185577435023, "colsample_bytree": 0.8918326556176921, "lam": 0.006133735999420131, "max_depth": 8.555743971041803, "min_child_weight": 5.464685557095682, "subsample": 0.8067796837388675}, "datetime": {"datetime": "2020-04-25 14:45:02", "elapsed": 8722.197676, "delta": 37.078323}}
{"target": 0.6358417999999999, "params": {"alpha": 0.9816847329362615, "colsample_bytree": 0.8510455705612929, "lam": 0.03136992252337134, "max_depth": 6.03907243673341, "min_child_weight": 6.010363919535795, "subsample": 0.8458003484533456}, "datetime": {"datetime": "2020-04-25 14:45:51", "elapsed": 8770.866816, "delta": 48.66914}}
{"target": 0.6267148, "params": {"alpha": 0.9466524919971443, "colsample_bytree": 0.8931027117241956, "lam": 0.022579528664102844, "max_depth": 5.887263600620697, "min_child_weight": 4.911461965164812, "subsample": 0.7593145538927808}, "datetime": {"datetime": "2020-04-25 14:46:28", "elapsed": 8808.135138, "delta": 37.268322}}
{"target": 0.6355346000000001, "params": {"alpha": 0.9990065045305235, "colsample_bytree": 0.8273660318303024, "lam": 0.6034912218928399, "max_depth": 9.009492240660443, "min_child_weight": 6.393357597817814, "subsample": 0.8541963775850485}, "datetime": {"datetime": "2020-04-25 14:46:58", "elapsed": 8837.838266, "delta": 29.703128}}
{"target": 0.639972, "params": {"alpha": 0.24843264673176169, "colsample_bytree": 0.843564884013676, "lam": 0.7361518475152755, "max_depth": 8.605422045991494, "min_child_weight": 9.649189583351257, "subsample": 0.7766706744941136}, "datetime": {"datetime": "2020-04-25 14:47:34", "elapsed": 8873.725054, "delta": 35.886788}}
{"target": 0.6248538, "params": {"alpha": 0.13202515488698208, "colsample_bytree": 0.7346321123727743, "lam": 0.14867923841543085, "max_depth": 9.00936509059932, "min_child_weight": 4.901098877331443, "subsample": 0.5037037807346881}, "datetime": {"datetime": "2020-04-25 14:48:11", "elapsed": 8911.111398, "delta": 37.386344}}
{"target": 0.6257185999999999, "params": {"alpha": 0.041333867714551165, "colsample_bytree": 0.6948308824061084, "lam": 0.007669449236990644, "max_depth": 5.383120022155303, "min_child_weight": 8.771033425786225, "subsample": 0.5786561392128561}, "datetime": {"datetime": "2020-04-25 14:48:41", "elapsed": 8941.527712, "delta": 30.416314}}
{"target": 0.630298, "params": {"alpha": 0.786859941123697, "colsample_bytree": 0.8854156995862652, "lam": 0.28674890252339824, "max_depth": 4.56379435008764, "min_child_weight": 8.253314818214147, "subsample": 0.8971513415431807}, "datetime": {"datetime": "2020-04-25 14:49:12", "elapsed": 8972.100046, "delta": 30.572334}}
{"target": 0.6429186, "params": {"alpha": 0.48331868066577854, "colsample_bytree": 0.7595277494426325, "lam": 0.9308802010202578, "max_depth": 9.998519861692888, "min_child_weight": 9.598175023162849, "subsample": 0.8794769675441265}, "datetime": {"datetime": "2020-04-25 14:49:54", "elapsed": 9013.781078, "delta": 41.681032}}
{"target": 0.6244649999999999, "params": {"alpha": 0.3056247196168528, "colsample_bytree": 0.8839413723372052, "lam": 0.4019620154644017, "max_depth": 9.272369801440835, "min_child_weight": 6.760306859010872, "subsample": 0.7540896493989869}, "datetime": {"datetime": "2020-04-25 14:50:29", "elapsed": 9049.281204, "delta": 35.500126}}
{"target": 0.6160094, "params": {"alpha": 0.6683246569107487, "colsample_bytree": 0.8936147403770167, "lam": 0.07074132314846204, "max_depth": 7.297478210421691, "min_child_weight": 3.376049336595415, "subsample": 0.8988936393109342}, "datetime": {"datetime": "2020-04-25 14:51:18", "elapsed": 9098.049168, "delta": 48.767964}}
{"target": 0.6308994, "params": {"alpha": 0.49238196415272806, "colsample_bytree": 0.7326718836026334, "lam": 0.9876184882295209, "max_depth": 6.946000237041556, "min_child_weight": 9.026139169907688, "subsample": 0.7038294960414799}, "datetime": {"datetime": "2020-04-25 14:51:53", "elapsed": 9133.487101, "delta": 35.437933}}
{"target": 0.6360314, "params": {"alpha": 0.623336689441715, "colsample_bytree": 0.7686160199483234, "lam": 0.02456717159671562, "max_depth": 5.619690300532559, "min_child_weight": 7.987326329066411, "subsample": 0.8732542279667876}, "datetime": {"datetime": "2020-04-25 14:52:36", "elapsed": 9175.755264, "delta": 42.268163}}
