{"target": 0.6458628, "params": {"alpha": 0.8373148676087762, "colsample_bytree": 0.8953794961557151, "lam": 0.07756511930671361, "max_depth": 9.333035759394068, "min_child_weight": 7.220642699131071, "subsample": 0.8854549948206614}, "datetime": {"datetime": "2020-04-24 22:38:28", "elapsed": 1176.81084, "delta": 6.849645}}
{"target": 0.6256218, "params": {"alpha": 0.925025950891975, "colsample_bytree": 0.5778838123117409, "lam": 0.06129734445471113, "max_depth": 9.376095418316712, "min_child_weight": 7.438161394125805, "subsample": 0.8604846686465586}, "datetime": {"datetime": "2020-04-24 22:38:36", "elapsed": 1185.092196, "delta": 8.281356}}
{"target": 0.5990586, "params": {"alpha": 0.08402008824836316, "colsample_bytree": 0.8789145820358109, "lam": 0.008881677637628926, "max_depth": 3.2317543293332394, "min_child_weight": 3.1724574573869413, "subsample": 0.8058404925328646}, "datetime": {"datetime": "2020-04-24 22:38:43", "elapsed": 1191.261736, "delta": 6.16954}}
{"target": 0.6016552, "params": {"alpha": 0.9646184974918995, "colsample_bytree": 0.7498405142418765, "lam": 0.9823615760093037, "max_depth": 8.399807742830626, "min_child_weight": 1.0056331687538531, "subsample": 0.6589838354442624}, "datetime": {"datetime": "2020-04-24 22:38:51", "elapsed": 1199.154981, "delta": 7.893245}}
{"target": 0.6334859999999999, "params": {"alpha": 0.04767427235056909, "colsample_bytree": 0.8773086158638331, "lam": 0.010869799046323902, "max_depth": 7.173976238110927, "min_child_weight": 7.541193150153439, "subsample": 0.8862184879767423}, "datetime": {"datetime": "2020-04-24 22:38:57", "elapsed": 1205.255645, "delta": 6.100664}}
{"target": 0.6194986, "params": {"alpha": 0.9652754152174866, "colsample_bytree": 0.8982854471930743, "lam": 0.06750877912702902, "max_depth": 4.282148104814372, "min_child_weight": 7.931589911993196, "subsample": 0.5394249976982819}, "datetime": {"datetime": "2020-04-24 22:39:05", "elapsed": 1213.660062, "delta": 8.404417}}
{"target": 0.6300044, "params": {"alpha": 0.06947602768820749, "colsample_bytree": 0.8999633136632635, "lam": 0.16292415259405568, "max_depth": 9.804717071658882, "min_child_weight": 9.975112970960922, "subsample": 0.5239393140509803}, "datetime": {"datetime": "2020-04-24 22:39:13", "elapsed": 1221.601259, "delta": 7.941197}}
{"target": 0.6217688, "params": {"alpha": 0.10596399908577192, "colsample_bytree": 0.8508492142872774, "lam": 0.1860774036770757, "max_depth": 7.643461230740413, "min_child_weight": 5.631971860482412, "subsample": 0.8957231795956337}, "datetime": {"datetime": "2020-04-24 22:39:21", "elapsed": 1229.233303, "delta": 7.632044}}
{"target": 0.6002524, "params": {"alpha": 0.030683692906365412, "colsample_bytree": 0.8960348532454576, "lam": 0.7890743971506905, "max_depth": 7.3975818607234505, "min_child_weight": 1.420794274348531, "subsample": 0.6329264734022461}, "datetime": {"datetime": "2020-04-24 22:39:29", "elapsed": 1237.144589, "delta": 7.911286}}
{"target": 0.6384668, "params": {"alpha": 0.069167709524809, "colsample_bytree": 0.8854423872304162, "lam": 0.521758403103896, "max_depth": 6.335679020752656, "min_child_weight": 7.301177294491485, "subsample": 0.887848011519601}, "datetime": {"datetime": "2020-04-24 22:39:37", "elapsed": 1245.128532, "delta": 7.983943}}
{"target": 0.6373962000000001, "params": {"alpha": 0.007163924996939075, "colsample_bytree": 0.7151690397669455, "lam": 0.05861658051123142, "max_depth": 6.062306456212822, "min_child_weight": 8.75374266486173, "subsample": 0.8893729642980508}, "datetime": {"datetime": "2020-04-24 22:39:43", "elapsed": 1251.61926, "delta": 6.490728}}
{"target": 0.630196, "params": {"alpha": 0.9915097273470292, "colsample_bytree": 0.7948367511530074, "lam": 0.9594475364939792, "max_depth": 7.085643287348996, "min_child_weight": 9.55218260171796, "subsample": 0.6238383348618711}, "datetime": {"datetime": "2020-04-24 22:39:52", "elapsed": 1260.563464, "delta": 8.944204}}
{"target": 0.6180888, "params": {"alpha": 0.9862991346272059, "colsample_bytree": 0.5577865186357028, "lam": 0.03846118759639827, "max_depth": 5.194780676737594, "min_child_weight": 2.941473456176783, "subsample": 0.8947169706256395}, "datetime": {"datetime": "2020-04-24 22:40:00", "elapsed": 1268.812417, "delta": 8.248953}}
{"target": 0.625329, "params": {"alpha": 0.9547704826127305, "colsample_bytree": 0.8912487413728365, "lam": 0.03206847651820166, "max_depth": 9.674078905997247, "min_child_weight": 7.931990762360324, "subsample": 0.8482861802734296}, "datetime": {"datetime": "2020-04-24 22:40:09", "elapsed": 1277.186443, "delta": 8.374026}}
{"target": 0.6375556, "params": {"alpha": 0.9158567917569845, "colsample_bytree": 0.7386353440037747, "lam": 0.00445767002316555, "max_depth": 6.776695780519768, "min_child_weight": 8.903224549194757, "subsample": 0.8887474569182506}, "datetime": {"datetime": "2020-04-24 22:40:17", "elapsed": 1285.683016, "delta": 8.496573}}
{"target": 0.6282565999999999, "params": {"alpha": 0.9341633207214162, "colsample_bytree": 0.8881602788001692, "lam": 0.09638912323786875, "max_depth": 8.786884623135684, "min_child_weight": 7.241502134325672, "subsample": 0.676084970470552}, "datetime": {"datetime": "2020-04-24 22:40:25", "elapsed": 1293.142231, "delta": 7.459215}}
{"target": 0.6125717999999999, "params": {"alpha": 0.9567955808447249, "colsample_bytree": 0.8554812441806776, "lam": 0.5708190624633027, "max_depth": 5.566701355957511, "min_child_weight": 2.186365432141639, "subsample": 0.543937696661019}, "datetime": {"datetime": "2020-04-24 22:40:34", "elapsed": 1302.153057, "delta": 9.010826}}
{"target": 0.634261, "params": {"alpha": 0.02897465902177132, "colsample_bytree": 0.7778400412345426, "lam": 0.9429563883661073, "max_depth": 8.48865902630892, "min_child_weight": 8.534163197540453, "subsample": 0.8717434394025148}, "datetime": {"datetime": "2020-04-24 22:40:42", "elapsed": 1311.104587, "delta": 8.95153}}
{"target": 0.6364124, "params": {"alpha": 0.046613578548137524, "colsample_bytree": 0.887072130971315, "lam": 0.03327325642981904, "max_depth": 8.780147145202278, "min_child_weight": 6.727839856895778, "subsample": 0.8916320221919023}, "datetime": {"datetime": "2020-04-24 22:40:51", "elapsed": 1319.224092, "delta": 8.119505}}
{"target": 0.6254194, "params": {"alpha": 0.9210775679402552, "colsample_bytree": 0.8712245376293064, "lam": 0.035761332302050475, "max_depth": 7.278945186790771, "min_child_weight": 9.377557617201987, "subsample": 0.857010986766807}, "datetime": {"datetime": "2020-04-24 22:40:59", "elapsed": 1327.441073, "delta": 8.216981}}
{"target": 0.6380132, "params": {"alpha": 0.966736806324902, "colsample_bytree": 0.8194800560271984, "lam": 0.3875950538258758, "max_depth": 8.22973544662345, "min_child_weight": 8.448272598041687, "subsample": 0.5721382651156792}, "datetime": {"datetime": "2020-04-24 22:41:07", "elapsed": 1335.310028, "delta": 7.868955}}
{"target": 0.5888572000000001, "params": {"alpha": 0.0, "colsample_bytree": 0.8999999924742995, "lam": 0.0, "max_depth": 3.0, "min_child_weight": 5.40544880985259, "subsample": 0.5}, "datetime": {"datetime": "2020-04-24 22:41:14", "elapsed": 1343.001401, "delta": 7.691373}}
{"target": 0.6229476, "params": {"alpha": 0.007252085806256137, "colsample_bytree": 0.8998994977273634, "lam": 0.944560116392881, "max_depth": 6.499334644442531, "min_child_weight": 4.780980456100259, "subsample": 0.5642705155825953}, "datetime": {"datetime": "2020-04-24 22:41:21", "elapsed": 1350.110751, "delta": 7.10935}}
{"target": 0.635692, "params": {"alpha": 0.2118622868564336, "colsample_bytree": 0.717921889603068, "lam": 0.9551588202933868, "max_depth": 7.866354241818186, "min_child_weight": 9.31945635257829, "subsample": 0.5911709515891556}, "datetime": {"datetime": "2020-04-24 22:41:28", "elapsed": 1356.436725, "delta": 6.325974}}
{"target": 0.638228, "params": {"alpha": 0.9999999921022528, "colsample_bytree": 0.899999909467681, "lam": 1.0, "max_depth": 4.528491743295834, "min_child_weight": 10.0, "subsample": 0.8999999961517964}, "datetime": {"datetime": "2020-04-24 22:41:38", "elapsed": 1366.218875, "delta": 9.78215}}
{"target": 0.6332164, "params": {"alpha": 0.9858653965728846, "colsample_bytree": 0.8938312581314276, "lam": 0.000939931504498781, "max_depth": 4.326996730352429, "min_child_weight": 2.104441677000105, "subsample": 0.5888080179291878}, "datetime": {"datetime": "2020-04-24 22:41:44", "elapsed": 1372.961024, "delta": 6.742149}}
{"target": 0.6406446, "params": {"alpha": 0.9906114782765805, "colsample_bytree": 0.8223937632346034, "lam": 0.8683975637913971, "max_depth": 6.578676340998395, "min_child_weight": 9.125218622775792, "subsample": 0.8185676481930004}, "datetime": {"datetime": "2020-04-24 22:41:54", "elapsed": 1382.754778, "delta": 9.793754}}
{"target": 0.6216457999999999, "params": {"alpha": 0.969050375247088, "colsample_bytree": 0.6065890904144564, "lam": 0.005159933993324151, "max_depth": 7.470321662634686, "min_child_weight": 4.736964024749893, "subsample": 0.8463767562851299}, "datetime": {"datetime": "2020-04-24 22:42:04", "elapsed": 1392.275011, "delta": 9.520233}}
{"target": 0.631813, "params": {"alpha": 0.044849559435330866, "colsample_bytree": 0.6445417461769459, "lam": 0.4575399601172734, "max_depth": 9.970402231710466, "min_child_weight": 9.99207633303823, "subsample": 0.7654194551408481}, "datetime": {"datetime": "2020-04-24 22:42:13", "elapsed": 1401.854058, "delta": 9.579047}}
{"target": 0.6243462, "params": {"alpha": 0.07989995759224078, "colsample_bytree": 0.8549518402490236, "lam": 0.9831757024193278, "max_depth": 3.928815733602431, "min_child_weight": 1.2521975362978424, "subsample": 0.883660476585254}, "datetime": {"datetime": "2020-04-24 22:42:21", "elapsed": 1409.533074, "delta": 7.679016}}
{"target": 0.6414911999999999, "params": {"alpha": 0.9609995343540321, "colsample_bytree": 0.8839969342551143, "lam": 0.2250442723669671, "max_depth": 6.609708793717297, "min_child_weight": 8.943188829064415, "subsample": 0.8788463144762724}, "datetime": {"datetime": "2020-04-24 22:42:29", "elapsed": 1417.988209, "delta": 8.455135}}
{"target": 0.629282, "params": {"alpha": 0.5891067075456354, "colsample_bytree": 0.8936404030623945, "lam": 1.0, "max_depth": 3.715007106482652, "min_child_weight": 5.321327229609275, "subsample": 0.8999999999999999}, "datetime": {"datetime": "2020-04-24 22:42:38", "elapsed": 1426.432706, "delta": 8.444497}}
{"target": 0.6344852000000001, "params": {"alpha": 0.9655850395152378, "colsample_bytree": 0.7408243656850348, "lam": 0.289805651692984, "max_depth": 6.742702671783469, "min_child_weight": 9.338440552656824, "subsample": 0.7963428118976364}, "datetime": {"datetime": "2020-04-24 22:42:50", "elapsed": 1438.849862, "delta": 12.417156}}
{"target": 0.6302486, "params": {"alpha": 0.029641652869524804, "colsample_bytree": 0.8090241764740242, "lam": 0.9637997713085068, "max_depth": 9.989123821618001, "min_child_weight": 8.17795811451651, "subsample": 0.6423373654455915}, "datetime": {"datetime": "2020-04-24 22:43:01", "elapsed": 1449.880274, "delta": 11.030412}}
{"target": 0.6311206, "params": {"alpha": 0.0034745679613210623, "colsample_bytree": 0.8923346934397007, "lam": 0.9880499168419693, "max_depth": 4.661946359283268, "min_child_weight": 5.0976962276818725, "subsample": 0.8944859700666454}, "datetime": {"datetime": "2020-04-24 22:43:09", "elapsed": 1458.092352, "delta": 8.212078}}
{"target": 0.6287212, "params": {"alpha": 0.0, "colsample_bytree": 0.8999999941075006, "lam": 0.999999988395231, "max_depth": 5.793410179082463, "min_child_weight": 2.301838684916494, "subsample": 0.8999999970414799}, "datetime": {"datetime": "2020-04-24 22:43:20", "elapsed": 1468.529216, "delta": 10.436864}}
{"target": 0.6222038, "params": {"alpha": 0.9999999928527591, "colsample_bytree": 0.899999999999998, "lam": 0.9999999999999981, "max_depth": 10.0, "min_child_weight": 4.6780641581706925, "subsample": 0.8999999976232724}, "datetime": {"datetime": "2020-04-24 22:43:29", "elapsed": 1477.240551, "delta": 8.711335}}
{"target": 0.631124, "params": {"alpha": 0.9903348384996389, "colsample_bytree": 0.6903909433662522, "lam": 0.2248439508703307, "max_depth": 8.639730518250353, "min_child_weight": 9.96711019631402, "subsample": 0.8250315189537472}, "datetime": {"datetime": "2020-04-24 22:43:38", "elapsed": 1486.924909, "delta": 9.684358}}
{"target": 0.5924381999999999, "params": {"alpha": 0.003475343211617648, "colsample_bytree": 0.899999999099321, "lam": 0.9910699245642323, "max_depth": 9.999999989727998, "min_child_weight": 2.0351807867727736, "subsample": 0.8346648233062178}, "datetime": {"datetime": "2020-04-24 22:43:49", "elapsed": 1497.637302, "delta": 10.712393}}
{"target": 0.6364842, "params": {"alpha": 0.9896954910397745, "colsample_bytree": 0.83798274657178, "lam": 0.024119817935714494, "max_depth": 8.288727633165328, "min_child_weight": 8.30274951268428, "subsample": 0.898056300961465}, "datetime": {"datetime": "2020-04-24 22:43:56", "elapsed": 1504.354991, "delta": 6.717689}}
{"target": 0.6311924, "params": {"alpha": 0.6922785214932723, "colsample_bytree": 0.8923452701153559, "lam": 0.9795449626445355, "max_depth": 3.795165005385788, "min_child_weight": 3.7284918786881214, "subsample": 0.8493363244706008}, "datetime": {"datetime": "2020-04-24 22:44:03", "elapsed": 1511.816829, "delta": 7.461838}}
{"target": 0.6287575999999999, "params": {"alpha": 0.9263127882470372, "colsample_bytree": 0.672287947915723, "lam": 0.0499827852763749, "max_depth": 9.9630278077476, "min_child_weight": 8.395375046641028, "subsample": 0.816291352384698}, "datetime": {"datetime": "2020-04-24 22:44:15", "elapsed": 1523.788157, "delta": 11.971328}}
{"target": 0.6183306, "params": {"alpha": 0.9528751046760547, "colsample_bytree": 0.6427777435411592, "lam": 0.9972727587396548, "max_depth": 4.193061192071662, "min_child_weight": 4.349301835935811, "subsample": 0.882855595950458}, "datetime": {"datetime": "2020-04-24 22:44:24", "elapsed": 1533.041308, "delta": 9.253151}}
{"target": 0.632694, "params": {"alpha": 0.0031020127039250722, "colsample_bytree": 0.6550572867170106, "lam": 0.9923140200581558, "max_depth": 6.682379515362461, "min_child_weight": 9.063739768783183, "subsample": 0.6081281520255285}, "datetime": {"datetime": "2020-04-24 22:44:33", "elapsed": 1542.098969, "delta": 9.057661}}
{"target": 0.6184841999999999, "params": {"alpha": 0.923847479204222, "colsample_bytree": 0.9, "lam": 0.9999999819673568, "max_depth": 7.286002038915899, "min_child_weight": 2.1221569017528212, "subsample": 0.9}, "datetime": {"datetime": "2020-04-24 22:44:41", "elapsed": 1549.584024, "delta": 7.485055}}
{"target": 0.6268864000000001, "params": {"alpha": 0.1665060024191657, "colsample_bytree": 0.8483747191713008, "lam": 0.9767207420833194, "max_depth": 7.083545082227626, "min_child_weight": 2.81976989699974, "subsample": 0.8364479406892147}, "datetime": {"datetime": "2020-04-24 22:44:52", "elapsed": 1560.790333, "delta": 11.206309}}
{"target": 0.6351530000000001, "params": {"alpha": 1.0, "colsample_bytree": 0.9, "lam": 0.8054631929885371, "max_depth": 9.999999982147878, "min_child_weight": 8.034191572163722, "subsample": 0.8999999951131901}, "datetime": {"datetime": "2020-04-24 22:45:02", "elapsed": 1570.435719, "delta": 9.645386}}
{"target": 0.6332604, "params": {"alpha": 0.5882531914542776, "colsample_bytree": 0.8976438617691569, "lam": 0.9500011085338211, "max_depth": 6.1128968814070115, "min_child_weight": 7.2877040852309936, "subsample": 0.7954750194672622}, "datetime": {"datetime": "2020-04-24 22:45:10", "elapsed": 1578.830332, "delta": 8.394613}}
{"target": 0.5956558000000001, "params": {"alpha": 1.883005284491403e-09, "colsample_bytree": 0.9, "lam": 6.613343246147916e-09, "max_depth": 3.0, "min_child_weight": 9.095059421715552, "subsample": 0.9}, "datetime": {"datetime": "2020-04-24 22:45:17", "elapsed": 1585.822921, "delta": 6.992589}}
{"target": 0.634623, "params": {"alpha": 0.08672197739907772, "colsample_bytree": 0.8908909263845599, "lam": 0.4268970203106369, "max_depth": 8.330044453067392, "min_child_weight": 9.959110797493507, "subsample": 0.708366695424341}, "datetime": {"datetime": "2020-04-24 22:45:28", "elapsed": 1596.715828, "delta": 10.892907}}
{"target": 0.6278608, "params": {"alpha": 1.0, "colsample_bytree": 0.8999999969176886, "lam": 0.9999999984115336, "max_depth": 9.999999992833482, "min_child_weight": 9.999999999609834, "subsample": 0.5000005939035266}, "datetime": {"datetime": "2020-04-24 22:45:37", "elapsed": 1605.411316, "delta": 8.695488}}
{"target": 0.6279398, "params": {"alpha": 0.7036791098438288, "colsample_bytree": 0.7688039486354369, "lam": 0.520794492659285, "max_depth": 8.436006596538036, "min_child_weight": 7.796963618345912, "subsample": 0.8877078552501098}, "datetime": {"datetime": "2020-04-24 22:45:45", "elapsed": 1613.796862, "delta": 8.385546}}
{"target": 0.6232246, "params": {"alpha": 0.008161703863423853, "colsample_bytree": 0.8972111955304147, "lam": 0.6792510546490104, "max_depth": 9.685713282625166, "min_child_weight": 8.855430453231794, "subsample": 0.6738481937668429}, "datetime": {"datetime": "2020-04-24 22:45:54", "elapsed": 1622.387641, "delta": 8.590779}}
{"target": 0.6033954, "params": {"alpha": 0.9400084783152004, "colsample_bytree": 0.5504080618139733, "lam": 0.9155360270554854, "max_depth": 9.809353431662739, "min_child_weight": 7.515937057345044, "subsample": 0.5420500752699764}, "datetime": {"datetime": "2020-04-24 22:46:05", "elapsed": 1633.512881, "delta": 11.12524}}
{"target": 0.6415649999999999, "params": {"alpha": 0.998587990131816, "colsample_bytree": 0.8169585729576962, "lam": 0.047191953389659536, "max_depth": 9.581579873880289, "min_child_weight": 6.723422539690176, "subsample": 0.8776268854080926}, "datetime": {"datetime": "2020-04-24 22:46:14", "elapsed": 1642.550501, "delta": 9.03762}}
{"target": 0.6255615999999999, "params": {"alpha": 0.1768841362796555, "colsample_bytree": 0.8882066131459809, "lam": 0.9814667351084482, "max_depth": 9.571682885674788, "min_child_weight": 6.734850982465144, "subsample": 0.5199342665957747}, "datetime": {"datetime": "2020-04-24 22:46:23", "elapsed": 1651.851311, "delta": 9.30081}}
{"target": 0.63382, "params": {"alpha": 0.023385708135288397, "colsample_bytree": 0.8466772606289699, "lam": 0.9314411354143929, "max_depth": 9.463875317299232, "min_child_weight": 5.370150665701532, "subsample": 0.8946806373175713}, "datetime": {"datetime": "2020-04-24 22:46:31", "elapsed": 1660.08174, "delta": 8.230429}}
{"target": 0.6226768, "params": {"alpha": 0.40838844327463997, "colsample_bytree": 0.8111405172254376, "lam": 0.017889780955236523, "max_depth": 9.443031466374435, "min_child_weight": 6.80394071885268, "subsample": 0.8609578028608695}, "datetime": {"datetime": "2020-04-24 22:46:42", "elapsed": 1670.650052, "delta": 10.568312}}
{"target": 0.6367314000000001, "params": {"alpha": 0.2790766367648806, "colsample_bytree": 0.8416323787562853, "lam": 0.021921139883962493, "max_depth": 6.189796203984003, "min_child_weight": 4.82290076952382, "subsample": 0.8945768039418942}, "datetime": {"datetime": "2020-04-24 22:46:53", "elapsed": 1681.59356, "delta": 10.943508}}
{"target": 0.6341846, "params": {"alpha": 0.03271108435009917, "colsample_bytree": 0.8752252574358153, "lam": 0.03118079114632899, "max_depth": 5.26525937452818, "min_child_weight": 3.7477252734175837, "subsample": 0.8945331337192381}, "datetime": {"datetime": "2020-04-24 22:47:01", "elapsed": 1689.952832, "delta": 8.359272}}
{"target": 0.6425034000000001, "params": {"alpha": 0.818031756535471, "colsample_bytree": 0.8118370771569067, "lam": 0.8607912831539761, "max_depth": 9.93563897317195, "min_child_weight": 9.570055579866313, "subsample": 0.7723633476117956}, "datetime": {"datetime": "2020-04-24 22:47:10", "elapsed": 1698.816743, "delta": 8.863911}}
{"target": 0.6305238, "params": {"alpha": 0.07270004846555245, "colsample_bytree": 0.8537513935463765, "lam": 0.9943758526719032, "max_depth": 6.6602171240829176, "min_child_weight": 6.05597564120435, "subsample": 0.786361399314826}, "datetime": {"datetime": "2020-04-24 22:47:20", "elapsed": 1708.476835, "delta": 9.660092}}
{"target": 0.6370682000000001, "params": {"alpha": 0.0, "colsample_bytree": 0.8999999991869322, "lam": 0.9999999999999989, "max_depth": 9.999999997671978, "min_child_weight": 10.0, "subsample": 0.8999999999999995}, "datetime": {"datetime": "2020-04-24 22:47:29", "elapsed": 1717.6145, "delta": 9.137665}}
{"target": 0.5878126, "params": {"alpha": 0.6349260404500984, "colsample_bytree": 0.8940550198634851, "lam": 0.9785626456838534, "max_depth": 9.612023492415958, "min_child_weight": 1.4561773198142185, "subsample": 0.5259186629156082}, "datetime": {"datetime": "2020-04-24 22:47:39", "elapsed": 1727.690464, "delta": 10.075964}}
{"target": 0.6324796, "params": {"alpha": 0.6752504296742211, "colsample_bytree": 0.8771329891834494, "lam": 0.6050327053776884, "max_depth": 8.184989463388867, "min_child_weight": 9.997106128658606, "subsample": 0.8383772009879986}, "datetime": {"datetime": "2020-04-24 22:47:49", "elapsed": 1737.518829, "delta": 9.828365}}
{"target": 0.6432186000000001, "params": {"alpha": 0.013401097788395822, "colsample_bytree": 0.7354647895178406, "lam": 0.1407202917445911, "max_depth": 6.930989675852862, "min_child_weight": 9.882951540607698, "subsample": 0.870364677446978}, "datetime": {"datetime": "2020-04-24 22:47:59", "elapsed": 1747.727188, "delta": 10.208359}}
{"target": 0.6375086, "params": {"alpha": 0.9927393641906316, "colsample_bytree": 0.8924703840410688, "lam": 0.08045156835281908, "max_depth": 6.827737510415643, "min_child_weight": 9.050774610066348, "subsample": 0.8214067422316544}, "datetime": {"datetime": "2020-04-24 22:48:10", "elapsed": 1758.645136, "delta": 10.917948}}
