{"target": 0.6202344, "params": {"alpha": 0.012743311514946898, "colsample_bytree": 0.8867649243309426, "lam": 0.01098460332354978, "max_depth": 4.758523858076153, "min_child_weight": 9.866402625947607, "subsample": 0.8024613021302285}, "datetime": {"datetime": "2020-04-25 13:53:58", "elapsed": 1231.756632, "delta": 8.453657}}
{"target": 0.6015222, "params": {"alpha": 0.025321161750863075, "colsample_bytree": 0.5250568750996215, "lam": 0.2634416319782531, "max_depth": 5.073067804293914, "min_child_weight": 9.706748143247568, "subsample": 0.532228912085044}, "datetime": {"datetime": "2020-04-25 13:54:05", "elapsed": 1238.975566, "delta": 7.218934}}
{"target": 0.6420924, "params": {"alpha": 0.49751432990889977, "colsample_bytree": 0.766269623102124, "lam": 0.627807035700005, "max_depth": 5.503917702978709, "min_child_weight": 8.734634196971278, "subsample": 0.8795508391058082}, "datetime": {"datetime": "2020-04-25 13:54:14", "elapsed": 1247.227505, "delta": 8.251939}}
{"target": 0.5995608, "params": {"alpha": 0.14574799442195308, "colsample_bytree": 0.8796678109902787, "lam": 0.13905016625128697, "max_depth": 3.058546327065497, "min_child_weight": 6.023482112756711, "subsample": 0.8757356379505215}, "datetime": {"datetime": "2020-04-25 13:54:22", "elapsed": 1255.389668, "delta": 8.162163}}
{"target": 0.6355668, "params": {"alpha": 0.5238442655716365, "colsample_bytree": 0.8948961766462953, "lam": 0.5657902035211637, "max_depth": 5.28132187282338, "min_child_weight": 9.86099958904623, "subsample": 0.8732307305213967}, "datetime": {"datetime": "2020-04-25 13:54:31", "elapsed": 1264.295585, "delta": 8.905917}}
{"target": 0.6386618000000001, "params": {"alpha": 0.1621107195428264, "colsample_bytree": 0.7587340133932412, "lam": 0.4133422719062857, "max_depth": 5.4781963622030965, "min_child_weight": 7.574821420700256, "subsample": 0.8981445786139364}, "datetime": {"datetime": "2020-04-25 13:54:40", "elapsed": 1273.329288, "delta": 9.033703}}
{"target": 0.6052964000000001, "params": {"alpha": 0.13248055821215154, "colsample_bytree": 0.5085023331491071, "lam": 0.32438662364442306, "max_depth": 8.19042802920313, "min_child_weight": 9.947326045988543, "subsample": 0.8714604701054383}, "datetime": {"datetime": "2020-04-25 13:54:49", "elapsed": 1282.121672, "delta": 8.792384}}
{"target": 0.6221848, "params": {"alpha": 0.006357991162640908, "colsample_bytree": 0.8396159573473849, "lam": 0.12623810771640354, "max_depth": 5.6972646178260025, "min_child_weight": 2.8060371888386584, "subsample": 0.8026107160399363}, "datetime": {"datetime": "2020-04-25 13:54:58", "elapsed": 1291.154718, "delta": 9.033046}}
{"target": 0.6202932, "params": {"alpha": 0.047586967536989544, "colsample_bytree": 0.8850898508390421, "lam": 0.7769199944357853, "max_depth": 3.5572180614755124, "min_child_weight": 1.7524288694905592, "subsample": 0.8835942720861842}, "datetime": {"datetime": "2020-04-25 13:55:05", "elapsed": 1298.89194, "delta": 7.737222}}
{"target": 0.6285234, "params": {"alpha": 0.41097976698042693, "colsample_bytree": 0.8039759112890501, "lam": 0.6212382280299994, "max_depth": 3.9947130850696024, "min_child_weight": 8.291569203976069, "subsample": 0.8855842587241811}, "datetime": {"datetime": "2020-04-25 13:55:14", "elapsed": 1307.107297, "delta": 8.215357}}
{"target": 0.6334474, "params": {"alpha": 0.950110009562964, "colsample_bytree": 0.832885471251543, "lam": 0.546224101992475, "max_depth": 5.1100363536270725, "min_child_weight": 8.542578017733245, "subsample": 0.8837418082964874}, "datetime": {"datetime": "2020-04-25 13:55:22", "elapsed": 1315.731586, "delta": 8.624289}}
{"target": 0.6376194, "params": {"alpha": 1.0, "colsample_bytree": 0.7597150389007349, "lam": 0.3049461730953117, "max_depth": 4.548179003690531, "min_child_weight": 1.0000000200528574, "subsample": 0.9}, "datetime": {"datetime": "2020-04-25 13:55:30", "elapsed": 1323.848191, "delta": 8.116605}}
{"target": 0.6163505999999999, "params": {"alpha": 0.056196367155391, "colsample_bytree": 0.8512137372836799, "lam": 0.6692187139038221, "max_depth": 3.690309763210442, "min_child_weight": 9.419041386226395, "subsample": 0.5361330475890411}, "datetime": {"datetime": "2020-04-25 13:55:39", "elapsed": 1332.128818, "delta": 8.280627}}
{"target": 0.6383848000000001, "params": {"alpha": 0.4106733049898128, "colsample_bytree": 0.6719773370408798, "lam": 0.8060009834663202, "max_depth": 6.141213168459504, "min_child_weight": 9.710024841073487, "subsample": 0.8952099829832671}, "datetime": {"datetime": "2020-04-25 13:55:48", "elapsed": 1341.360721, "delta": 9.231903}}
{"target": 0.5941578, "params": {"alpha": 0.9820463888944683, "colsample_bytree": 0.6732467253683176, "lam": 0.9540317999594122, "max_depth": 9.980481853143694, "min_child_weight": 2.2503525243355376, "subsample": 0.5599071609117483}, "datetime": {"datetime": "2020-04-25 13:55:57", "elapsed": 1350.631378, "delta": 9.270657}}
{"target": 0.6402884, "params": {"alpha": 0.028192098089958928, "colsample_bytree": 0.8919623710596842, "lam": 0.946977427600246, "max_depth": 7.39643008460099, "min_child_weight": 5.3983071466447194, "subsample": 0.8139476513480576}, "datetime": {"datetime": "2020-04-25 13:56:06", "elapsed": 1359.448923, "delta": 8.817545}}
{"target": 0.6390696, "params": {"alpha": 0.8039164421617426, "colsample_bytree": 0.8878666401037947, "lam": 0.0629053533217836, "max_depth": 8.243106900046946, "min_child_weight": 9.10135380449298, "subsample": 0.5847642739495247}, "datetime": {"datetime": "2020-04-25 13:56:15", "elapsed": 1368.258885, "delta": 8.809962}}
{"target": 0.6236544, "params": {"alpha": 0.45540804992276174, "colsample_bytree": 0.8626497892938518, "lam": 0.20283785365214735, "max_depth": 4.47071635676576, "min_child_weight": 1.0097463270913807, "subsample": 0.8980344304276345}, "datetime": {"datetime": "2020-04-25 13:56:23", "elapsed": 1376.410709, "delta": 8.151824}}
{"target": 0.63018, "params": {"alpha": 0.5489342509899524, "colsample_bytree": 0.8722911282489876, "lam": 0.3843278331942036, "max_depth": 6.4063160990599, "min_child_weight": 9.990553209386121, "subsample": 0.88731428613203}, "datetime": {"datetime": "2020-04-25 13:56:31", "elapsed": 1384.180445, "delta": 7.769736}}
{"target": 0.6202382, "params": {"alpha": 1.0, "colsample_bytree": 0.8999999685781894, "lam": 2.6779030874061067e-09, "max_depth": 8.474909405247903, "min_child_weight": 2.5451486789530957, "subsample": 0.9}, "datetime": {"datetime": "2020-04-25 13:56:42", "elapsed": 1395.096949, "delta": 10.916504}}
{"target": 0.6192154000000001, "params": {"alpha": 0.9759614995257334, "colsample_bytree": 0.8775260471412729, "lam": 0.20498664629207164, "max_depth": 6.881606600974349, "min_child_weight": 2.5697280152831388, "subsample": 0.5668448044387093}, "datetime": {"datetime": "2020-04-25 13:56:51", "elapsed": 1404.717318, "delta": 9.620369}}
{"target": 0.638782, "params": {"alpha": 0.23725802772074667, "colsample_bytree": 0.8841040016122375, "lam": 0.4746824144445507, "max_depth": 5.079643785180971, "min_child_weight": 6.925299660287229, "subsample": 0.8280430467032638}, "datetime": {"datetime": "2020-04-25 13:57:00", "elapsed": 1413.697233, "delta": 8.979915}}
{"target": 0.6391346, "params": {"alpha": 0.03089853778525109, "colsample_bytree": 0.8403360198872514, "lam": 0.97593259519583, "max_depth": 6.772940298623784, "min_child_weight": 5.952105369344224, "subsample": 0.8695943261986379}, "datetime": {"datetime": "2020-04-25 13:57:10", "elapsed": 1423.144503, "delta": 9.44727}}
{"target": 0.6252816000000001, "params": {"alpha": 8.56300295746717e-08, "colsample_bytree": 0.8999999999997016, "lam": 8.563060259895304e-08, "max_depth": 9.999999999985839, "min_child_weight": 6.588307029480186, "subsample": 0.5000000342516224}, "datetime": {"datetime": "2020-04-25 13:57:18", "elapsed": 1431.065489, "delta": 7.920986}}
{"target": 0.6393025999999999, "params": {"alpha": 0.0341428931579949, "colsample_bytree": 0.8657428340476357, "lam": 0.038505551857356934, "max_depth": 9.952703147397278, "min_child_weight": 9.424689399233463, "subsample": 0.8912804221273837}, "datetime": {"datetime": "2020-04-25 13:57:29", "elapsed": 1442.543409, "delta": 11.47792}}
{"target": 0.600109, "params": {"alpha": 0.01493216939221198, "colsample_bytree": 0.8901692614176798, "lam": 0.5019390782158519, "max_depth": 3.094588058266464, "min_child_weight": 3.6941866505596304, "subsample": 0.5039582743870191}, "datetime": {"datetime": "2020-04-25 13:57:38", "elapsed": 1451.522931, "delta": 8.979522}}
{"target": 0.6329626, "params": {"alpha": 0.452265124824171, "colsample_bytree": 0.8990601555592685, "lam": 0.8886592153195655, "max_depth": 7.869164664246422, "min_child_weight": 8.79715968314759, "subsample": 0.8774110697705151}, "datetime": {"datetime": "2020-04-25 13:57:48", "elapsed": 1462.028249, "delta": 10.505318}}
{"target": 0.6308268, "params": {"alpha": 0.8964167114018343, "colsample_bytree": 0.8916892926819509, "lam": 0.6058336440901338, "max_depth": 9.94283792685166, "min_child_weight": 8.257386643540311, "subsample": 0.8397722079514305}, "datetime": {"datetime": "2020-04-25 13:57:59", "elapsed": 1472.896925, "delta": 10.868676}}
{"target": 0.631721, "params": {"alpha": 0.2702501055454627, "colsample_bytree": 0.8342540084837096, "lam": 0.7135072372431998, "max_depth": 7.683229216232753, "min_child_weight": 6.792794458465834, "subsample": 0.8953797840218366}, "datetime": {"datetime": "2020-04-25 13:58:09", "elapsed": 1482.185413, "delta": 9.288488}}
{"target": 0.6471628, "params": {"alpha": 0.8192653910637021, "colsample_bytree": 0.7936799988370675, "lam": 0.9070139409300724, "max_depth": 6.313756260312054, "min_child_weight": 9.037288032310476, "subsample": 0.8724340135446182}, "datetime": {"datetime": "2020-04-25 13:58:17", "elapsed": 1490.460925, "delta": 8.275512}}
{"target": 0.628243, "params": {"alpha": 0.9999997501052658, "colsample_bytree": 0.9, "lam": 0.9999999525380746, "max_depth": 9.999999544222701, "min_child_weight": 6.0011297393421055, "subsample": 0.9}, "datetime": {"datetime": "2020-04-25 13:58:28", "elapsed": 1502.029803, "delta": 11.568878}}
{"target": 0.6359589999999999, "params": {"alpha": 0.9917690079942459, "colsample_bytree": 0.747031470115638, "lam": 0.9946433884999695, "max_depth": 6.914185124267374, "min_child_weight": 9.164924374473156, "subsample": 0.697960401164827}, "datetime": {"datetime": "2020-04-25 13:58:39", "elapsed": 1512.609683, "delta": 10.57988}}
{"target": 0.6320088, "params": {"alpha": 0.3457217278968251, "colsample_bytree": 0.7698436420927035, "lam": 0.7922985477170161, "max_depth": 6.0982470652959275, "min_child_weight": 7.831044047400099, "subsample": 0.879511604117091}, "datetime": {"datetime": "2020-04-25 13:58:48", "elapsed": 1521.774675, "delta": 9.164992}}
{"target": 0.6279661999999999, "params": {"alpha": 0.0, "colsample_bytree": 0.8999999987579353, "lam": 0.9999999967826085, "max_depth": 8.353764784488876, "min_child_weight": 4.9276577744901475, "subsample": 0.8999999984783305}, "datetime": {"datetime": "2020-04-25 13:58:58", "elapsed": 1531.319114, "delta": 9.544439}}
{"target": 0.6339083999999999, "params": {"alpha": 0.8526269822129652, "colsample_bytree": 0.7621521373167309, "lam": 0.6138218255341047, "max_depth": 5.961696016380628, "min_child_weight": 8.630690739785503, "subsample": 0.8969045953930679}, "datetime": {"datetime": "2020-04-25 13:59:06", "elapsed": 1539.417991, "delta": 8.098877}}
{"target": 0.6303536000000001, "params": {"alpha": 0.7809708068563039, "colsample_bytree": 0.873004893782827, "lam": 0.6951248626146463, "max_depth": 5.973815090679974, "min_child_weight": 9.393835754605329, "subsample": 0.8853644636403037}, "datetime": {"datetime": "2020-04-25 13:59:16", "elapsed": 1549.078642, "delta": 9.660651}}
{"target": 0.6181584, "params": {"alpha": 0.8905013852365848, "colsample_bytree": 0.6017863459199052, "lam": 0.9757647087449561, "max_depth": 6.595215478247136, "min_child_weight": 8.898576295490676, "subsample": 0.8850777232699895}, "datetime": {"datetime": "2020-04-25 13:59:25", "elapsed": 1558.989463, "delta": 9.910821}}
{"target": 0.6423463999999999, "params": {"alpha": 0.46473284198813547, "colsample_bytree": 0.7840669278414897, "lam": 0.9177298059108807, "max_depth": 6.317036691852962, "min_child_weight": 8.982768746931697, "subsample": 0.7930313123922936}, "datetime": {"datetime": "2020-04-25 13:59:34", "elapsed": 1567.876038, "delta": 8.886575}}
{"target": 0.6214506, "params": {"alpha": 0.9350557126348666, "colsample_bytree": 0.8890698847889467, "lam": 0.5485904485238325, "max_depth": 5.903752038894292, "min_child_weight": 3.3979572380346768, "subsample": 0.8868461586529319}, "datetime": {"datetime": "2020-04-25 13:59:43", "elapsed": 1576.406604, "delta": 8.530566}}
{"target": 0.6072688, "params": {"alpha": 0.989610791815351, "colsample_bytree": 0.5571243962760531, "lam": 0.24032263548568922, "max_depth": 9.992439568361167, "min_child_weight": 5.1313095896953484, "subsample": 0.8960462637949859}, "datetime": {"datetime": "2020-04-25 13:59:55", "elapsed": 1588.422795, "delta": 12.016191}}
{"target": 0.632273, "params": {"alpha": 0.46537912730859843, "colsample_bytree": 0.696612333790336, "lam": 0.11421108344087483, "max_depth": 7.709392671695915, "min_child_weight": 7.494701109753727, "subsample": 0.8540271407471085}, "datetime": {"datetime": "2020-04-25 14:00:05", "elapsed": 1598.427129, "delta": 10.004334}}
{"target": 0.6256426000000002, "params": {"alpha": 0.03433312176593617, "colsample_bytree": 0.8526941924563254, "lam": 0.07827372042220448, "max_depth": 4.120763585636505, "min_child_weight": 9.974184773687186, "subsample": 0.5658150883176268}, "datetime": {"datetime": "2020-04-25 14:00:12", "elapsed": 1605.234345, "delta": 6.807216}}
{"target": 0.6357887999999999, "params": {"alpha": 0.3008818053574377, "colsample_bytree": 0.8146168639406057, "lam": 0.5462692166304501, "max_depth": 5.0142544700189955, "min_child_weight": 8.360887837179902, "subsample": 0.8981377849348242}, "datetime": {"datetime": "2020-04-25 14:00:21", "elapsed": 1614.852891, "delta": 9.618546}}
{"target": 0.6416646, "params": {"alpha": 0.6160286746671254, "colsample_bytree": 0.8065542875477919, "lam": 0.03545596899566772, "max_depth": 5.374936888292034, "min_child_weight": 9.990171570491304, "subsample": 0.600091359613029}, "datetime": {"datetime": "2020-04-25 14:00:30", "elapsed": 1624.034043, "delta": 9.181152}}
{"target": 0.6281059999999999, "params": {"alpha": 0.16636900151070144, "colsample_bytree": 0.8698023150850918, "lam": 0.8201476354948976, "max_depth": 4.425138092416808, "min_child_weight": 9.249019830280506, "subsample": 0.8504255886839136}, "datetime": {"datetime": "2020-04-25 14:00:41", "elapsed": 1634.532998, "delta": 10.498955}}
{"target": 0.6201094, "params": {"alpha": 0.999780234483992, "colsample_bytree": 0.5918503654442918, "lam": 0.24403898357784026, "max_depth": 3.631930098192274, "min_child_weight": 8.829987830578633, "subsample": 0.8816743581929534}, "datetime": {"datetime": "2020-04-25 14:00:51", "elapsed": 1644.709983, "delta": 10.176985}}
{"target": 0.6302194, "params": {"alpha": 0.8620112805793586, "colsample_bytree": 0.6632793676535629, "lam": 0.1439763090956051, "max_depth": 5.146727537611315, "min_child_weight": 9.994461667764728, "subsample": 0.8984498946409849}, "datetime": {"datetime": "2020-04-25 14:01:00", "elapsed": 1653.89328, "delta": 9.183297}}
{"target": 0.6338178000000001, "params": {"alpha": 0.9917814145121634, "colsample_bytree": 0.8935874685926075, "lam": 0.20658174807256036, "max_depth": 4.574550390120931, "min_child_weight": 5.196980643413466, "subsample": 0.8914800504772812}, "datetime": {"datetime": "2020-04-25 14:01:09", "elapsed": 1662.968582, "delta": 9.075302}}
{"target": 0.6259516, "params": {"alpha": 0.005288525183502979, "colsample_bytree": 0.8903836972125814, "lam": 0.7898244849307593, "max_depth": 4.006472250486786, "min_child_weight": 6.8854525142438385, "subsample": 0.8830303421711421}, "datetime": {"datetime": "2020-04-25 14:01:17", "elapsed": 1670.651847, "delta": 7.683265}}
{"target": 0.6241856000000001, "params": {"alpha": 0.47518562272889586, "colsample_bytree": 0.8986050454827648, "lam": 0.9394904917588749, "max_depth": 6.834224223210111, "min_child_weight": 5.086967531682591, "subsample": 0.7292340363936838}, "datetime": {"datetime": "2020-04-25 14:01:26", "elapsed": 1679.636389, "delta": 8.984542}}
{"target": 0.6330517999999999, "params": {"alpha": 0.006545314318054829, "colsample_bytree": 0.8399969566075527, "lam": 0.8158865363044011, "max_depth": 9.378125977466592, "min_child_weight": 7.288957256590129, "subsample": 0.7627693254219203}, "datetime": {"datetime": "2020-04-25 14:01:37", "elapsed": 1690.494941, "delta": 10.858552}}
{"target": 0.6295812, "params": {"alpha": 0.028897514631730736, "colsample_bytree": 0.8597915088825541, "lam": 0.7387334907528755, "max_depth": 4.670866858102964, "min_child_weight": 3.3155203488651583, "subsample": 0.8962047515076295}, "datetime": {"datetime": "2020-04-25 14:01:45", "elapsed": 1698.841899, "delta": 8.346958}}
{"target": 0.6042403999999999, "params": {"alpha": 0.9933304776779998, "colsample_bytree": 0.8916980822357619, "lam": 0.24717232087718, "max_depth": 8.513519039698007, "min_child_weight": 3.602599738208608, "subsample": 0.5113734603436317}, "datetime": {"datetime": "2020-04-25 14:01:54", "elapsed": 1707.783323, "delta": 8.941424}}
{"target": 0.6229948, "params": {"alpha": 0.17639601116982329, "colsample_bytree": 0.893851185307579, "lam": 0.18233076829867745, "max_depth": 9.989363218233976, "min_child_weight": 3.9750892560275823, "subsample": 0.8800175299562476}, "datetime": {"datetime": "2020-04-25 14:02:05", "elapsed": 1718.689059, "delta": 10.905736}}
{"target": 0.6399096, "params": {"alpha": 0.03679410871338973, "colsample_bytree": 0.830304414052727, "lam": 0.1680086911926142, "max_depth": 6.235838286899418, "min_child_weight": 6.248744837875972, "subsample": 0.8889483738031618}, "datetime": {"datetime": "2020-04-25 14:02:17", "elapsed": 1730.557216, "delta": 11.868157}}
{"target": 0.6419302, "params": {"alpha": 0.43504693381269677, "colsample_bytree": 0.8181305324951345, "lam": 0.020676521009579396, "max_depth": 7.509587736777288, "min_child_weight": 9.778904003911967, "subsample": 0.8564443655115506}, "datetime": {"datetime": "2020-04-25 14:02:29", "elapsed": 1742.464273, "delta": 11.907057}}
{"target": 0.6320471999999999, "params": {"alpha": 1.0, "colsample_bytree": 0.8999999956065873, "lam": 0.858117395851545, "max_depth": 8.514315394246275, "min_child_weight": 8.910422450621914, "subsample": 0.5000000941862741}, "datetime": {"datetime": "2020-04-25 14:02:40", "elapsed": 1753.892484, "delta": 11.428211}}
{"target": 0.6330226, "params": {"alpha": 0.04839214977289674, "colsample_bytree": 0.8994552431681744, "lam": 0.11131390186628409, "max_depth": 4.996374764191462, "min_child_weight": 5.286050765912105, "subsample": 0.8985472547295819}, "datetime": {"datetime": "2020-04-25 14:02:51", "elapsed": 1764.541934, "delta": 10.64945}}
{"target": 0.6333802, "params": {"alpha": 0.9911301287805427, "colsample_bytree": 0.8002171996070058, "lam": 0.42285468510893387, "max_depth": 7.46209662809749, "min_child_weight": 7.74326683197462, "subsample": 0.5805492517613183}, "datetime": {"datetime": "2020-04-25 14:03:02", "elapsed": 1775.340307, "delta": 10.798373}}
{"target": 0.6199204, "params": {"alpha": 0.9256191580507714, "colsample_bytree": 0.8999999999999986, "lam": 1.0801912416286553e-08, "max_depth": 5.29161355379219, "min_child_weight": 1.0000000147899109, "subsample": 0.8999999999999958}, "datetime": {"datetime": "2020-04-25 14:03:11", "elapsed": 1784.232302, "delta": 8.891995}}
{"target": 0.6041901999999999, "params": {"alpha": 0.9999999877442952, "colsample_bytree": 0.9, "lam": 0.9999999803281834, "max_depth": 3.000000022644525, "min_child_weight": 8.270145053739173, "subsample": 0.8999999936634446}, "datetime": {"datetime": "2020-04-25 14:03:21", "elapsed": 1794.381627, "delta": 10.149325}}
{"target": 0.6284836, "params": {"alpha": 0.0568892088043208, "colsample_bytree": 0.8768907571408009, "lam": 0.6332035971473696, "max_depth": 4.8224573139111335, "min_child_weight": 9.762070136000148, "subsample": 0.5398114971091225}, "datetime": {"datetime": "2020-04-25 14:03:31", "elapsed": 1804.13505, "delta": 9.753423}}
{"target": 0.6322658000000001, "params": {"alpha": 0.0007760825730285248, "colsample_bytree": 0.8610299198038702, "lam": 0.3710603898446908, "max_depth": 8.553573796642928, "min_child_weight": 7.605478304624309, "subsample": 0.7844688997758026}, "datetime": {"datetime": "2020-04-25 14:03:42", "elapsed": 1815.123139, "delta": 10.988089}}
{"target": 0.617683, "params": {"alpha": 0.09353999353821019, "colsample_bytree": 0.8980025958789501, "lam": 0.4966313691069447, "max_depth": 9.910468246399716, "min_child_weight": 7.082390023135763, "subsample": 0.6183687019398345}, "datetime": {"datetime": "2020-04-25 14:03:52", "elapsed": 1826.021502, "delta": 10.898363}}
{"target": 0.6224904, "params": {"alpha": 0.0019758068700118647, "colsample_bytree": 0.6822967771233935, "lam": 0.979462411788546, "max_depth": 8.669334708185756, "min_child_weight": 6.577206883154095, "subsample": 0.8308609491569237}, "datetime": {"datetime": "2020-04-25 14:04:05", "elapsed": 1838.950486, "delta": 12.928984}}
{"target": 0.6001672, "params": {"alpha": 1.8800207450167118e-10, "colsample_bytree": 0.9, "lam": 8.55494326722164e-10, "max_depth": 3.0, "min_child_weight": 6.773926698324583, "subsample": 0.5000000003814176}, "datetime": {"datetime": "2020-04-25 14:04:15", "elapsed": 1848.772574, "delta": 9.822088}}
{"target": 0.6077118, "params": {"alpha": 0.9970847331665706, "colsample_bytree": 0.6334904128471448, "lam": 0.6765717184736031, "max_depth": 9.786367238307715, "min_child_weight": 5.6049431241185, "subsample": 0.5052585310387874}, "datetime": {"datetime": "2020-04-25 14:04:26", "elapsed": 1859.537852, "delta": 10.765278}}
