{"target": 0.6354872, "params": {"alpha": 0.9898948482388611, "colsample_bytree": 0.8883949537247517, "lam": 0.1328390620807567, "max_depth": 6.183727656325977, "min_child_weight": 4.553660844736876, "subsample": 0.8861103088104451}, "datetime": {"datetime": "2020-04-25 15:06:48", "elapsed": 851.121813, "delta": 5.115916}}
{"target": 0.583386, "params": {"alpha": 0.8733903732370818, "colsample_bytree": 0.6123022582406611, "lam": 0.10018624635183071, "max_depth": 3.348813062600828, "min_child_weight": 1.0270851386144375, "subsample": 0.8903254862598313}, "datetime": {"datetime": "2020-04-25 15:06:52", "elapsed": 855.526555, "delta": 4.404742}}
{"target": 0.6193732, "params": {"alpha": 0.9967128381448174, "colsample_bytree": 0.8686559697290561, "lam": 0.003365287354356483, "max_depth": 7.312818142179323, "min_child_weight": 4.362869872400136, "subsample": 0.8914069887941791}, "datetime": {"datetime": "2020-04-25 15:06:58", "elapsed": 861.156558, "delta": 5.630003}}
{"target": 0.624282, "params": {"alpha": 0.9999999977844795, "colsample_bytree": 0.9, "lam": 1.0, "max_depth": 8.20269808243254, "min_child_weight": 3.8861351595145375, "subsample": 0.899999996731086}, "datetime": {"datetime": "2020-04-25 15:07:03", "elapsed": 866.907327, "delta": 5.750769}}
{"target": 0.6384122, "params": {"alpha": 0.037593355295474695, "colsample_bytree": 0.6717207902911246, "lam": 0.9183329833352237, "max_depth": 7.425544905207478, "min_child_weight": 5.822850128680637, "subsample": 0.8812867354939619}, "datetime": {"datetime": "2020-04-25 15:07:08", "elapsed": 871.937785, "delta": 5.030458}}
{"target": 0.6234662, "params": {"alpha": 0.8173605924883546, "colsample_bytree": 0.8575931319964418, "lam": 0.9605262069235551, "max_depth": 4.48061390559552, "min_child_weight": 1.0013018407532184, "subsample": 0.506530010164752}, "datetime": {"datetime": "2020-04-25 15:07:14", "elapsed": 877.750647, "delta": 5.812862}}
{"target": 0.6382412000000002, "params": {"alpha": 0.02611230298919176, "colsample_bytree": 0.892091384480056, "lam": 0.3841042694983031, "max_depth": 5.278135337212268, "min_child_weight": 6.25445589317498, "subsample": 0.7661696813062875}, "datetime": {"datetime": "2020-04-25 15:07:20", "elapsed": 883.464395, "delta": 5.713748}}
{"target": 0.6294198, "params": {"alpha": 0.5632962618388974, "colsample_bytree": 0.894632085562467, "lam": 0.5184363280187209, "max_depth": 4.851797726713863, "min_child_weight": 9.310589949254721, "subsample": 0.8579808625819962}, "datetime": {"datetime": "2020-04-25 15:07:26", "elapsed": 889.471378, "delta": 6.006983}}
{"target": 0.6328096, "params": {"alpha": 0.9758193492252694, "colsample_bytree": 0.8845341712260752, "lam": 0.8965042556688279, "max_depth": 5.488593889019006, "min_child_weight": 8.037236267944596, "subsample": 0.5728860039883314}, "datetime": {"datetime": "2020-04-25 15:07:31", "elapsed": 895.012691, "delta": 5.541313}}
{"target": 0.5986682, "params": {"alpha": 0.9945479293296655, "colsample_bytree": 0.8661565485449492, "lam": 0.8755463113563444, "max_depth": 9.282841858265286, "min_child_weight": 1.1350850404519675, "subsample": 0.5458442706326166}, "datetime": {"datetime": "2020-04-25 15:07:40", "elapsed": 903.516285, "delta": 8.503594}}
{"target": 0.6340809999999999, "params": {"alpha": 0.36322920358826194, "colsample_bytree": 0.8818619204411178, "lam": 0.9993739187860642, "max_depth": 5.827452503125013, "min_child_weight": 1.6278010457639616, "subsample": 0.8834700412978542}, "datetime": {"datetime": "2020-04-25 15:07:47", "elapsed": 910.177779, "delta": 6.661494}}
{"target": 0.6012694, "params": {"alpha": 1.0, "colsample_bytree": 0.899754336337062, "lam": 0.9999999820542497, "max_depth": 3.0, "min_child_weight": 8.08430638608703, "subsample": 0.5000000122642158}, "datetime": {"datetime": "2020-04-25 15:07:51", "elapsed": 914.736398, "delta": 4.558619}}
{"target": 0.6225936000000001, "params": {"alpha": 0.9519924660102308, "colsample_bytree": 0.8999999113679665, "lam": 1.0, "max_depth": 9.999999843264657, "min_child_weight": 5.328291943334921, "subsample": 0.9}, "datetime": {"datetime": "2020-04-25 15:07:57", "elapsed": 920.405489, "delta": 5.669091}}
{"target": 0.6188448000000001, "params": {"alpha": 0.026160787978778632, "colsample_bytree": 0.8940996163750676, "lam": 0.011928732060770275, "max_depth": 4.390489480291362, "min_child_weight": 7.060889465617583, "subsample": 0.5088802672241979}, "datetime": {"datetime": "2020-04-25 15:08:03", "elapsed": 926.296849, "delta": 5.89136}}
{"target": 0.6275601999999999, "params": {"alpha": 0.020412771942490728, "colsample_bytree": 0.8999999936945297, "lam": 0.9751102407287, "max_depth": 5.498637644865246, "min_child_weight": 7.178130225678865, "subsample": 0.8978428259201641}, "datetime": {"datetime": "2020-04-25 15:08:10", "elapsed": 933.569791, "delta": 7.272942}}
{"target": 0.5775851999999999, "params": {"alpha": 0.015926488628026148, "colsample_bytree": 0.5791467550338814, "lam": 0.034722582878809916, "max_depth": 6.685203414038762, "min_child_weight": 1.4065699017822526, "subsample": 0.8540362064964084}, "datetime": {"datetime": "2020-04-25 15:08:16", "elapsed": 939.31608, "delta": 5.746289}}
{"target": 0.6412156, "params": {"alpha": 0.6101900999582236, "colsample_bytree": 0.8828169157493632, "lam": 0.01460605512023172, "max_depth": 6.014968994553404, "min_child_weight": 9.130121986350701, "subsample": 0.6498784223277085}, "datetime": {"datetime": "2020-04-25 15:08:22", "elapsed": 945.36926, "delta": 6.05318}}
{"target": 0.631134, "params": {"alpha": 1.0, "colsample_bytree": 0.9, "lam": 0.053684235600476915, "max_depth": 4.958512431359698, "min_child_weight": 6.183424960848156, "subsample": 0.8999999811787966}, "datetime": {"datetime": "2020-04-25 15:08:27", "elapsed": 950.988426, "delta": 5.619166}}
{"target": 0.6338358, "params": {"alpha": 2.9071064720118642e-08, "colsample_bytree": 0.9, "lam": 1.1781086019248889e-08, "max_depth": 8.326673106743414, "min_child_weight": 10.0, "subsample": 0.9}, "datetime": {"datetime": "2020-04-25 15:08:33", "elapsed": 956.911511, "delta": 5.923085}}
{"target": 0.6292941999999999, "params": {"alpha": 0.16369055619839323, "colsample_bytree": 0.886182990261982, "lam": 0.9576627672814172, "max_depth": 7.512993608170875, "min_child_weight": 5.574290612574195, "subsample": 0.8360738414516495}, "datetime": {"datetime": "2020-04-25 15:08:39", "elapsed": 963.03593, "delta": 6.124419}}
{"target": 0.6308822000000001, "params": {"alpha": 0.022448113471625453, "colsample_bytree": 0.8956917278053412, "lam": 0.07955144298515893, "max_depth": 3.924996005004162, "min_child_weight": 8.34977603900915, "subsample": 0.5907465052470291}, "datetime": {"datetime": "2020-04-25 15:08:47", "elapsed": 970.186738, "delta": 7.150808}}
{"target": 0.6190312, "params": {"alpha": 0.09361919985050127, "colsample_bytree": 0.6997421221332685, "lam": 0.9973026904942734, "max_depth": 8.757852801588701, "min_child_weight": 5.048870574488959, "subsample": 0.8887604870191161}, "datetime": {"datetime": "2020-04-25 15:08:53", "elapsed": 976.809941, "delta": 6.623203}}
{"target": 0.6235379999999999, "params": {"alpha": 6.771916230242655e-08, "colsample_bytree": 0.8999999097923908, "lam": 0.0, "max_depth": 6.111232354288192, "min_child_weight": 4.236271200181796, "subsample": 0.9}, "datetime": {"datetime": "2020-04-25 15:09:00", "elapsed": 983.585388, "delta": 6.775447}}
{"target": 0.5940268, "params": {"alpha": 0.9989589284569788, "colsample_bytree": 0.5553349996739827, "lam": 0.5768767057375718, "max_depth": 9.143116695109782, "min_child_weight": 4.062325879740205, "subsample": 0.7511210241023121}, "datetime": {"datetime": "2020-04-25 15:09:07", "elapsed": 990.575678, "delta": 6.99029}}
{"target": 0.616406, "params": {"alpha": 0.009712573696966653, "colsample_bytree": 0.8878061426002014, "lam": 0.36639649811695374, "max_depth": 8.417231497513846, "min_child_weight": 3.7075546438223324, "subsample": 0.8552897887915447}, "datetime": {"datetime": "2020-04-25 15:09:15", "elapsed": 998.64926, "delta": 8.073582}}
{"target": 0.6307156, "params": {"alpha": 0.04387966471543081, "colsample_bytree": 0.8970607694601811, "lam": 0.5875125294905365, "max_depth": 6.2768266719527075, "min_child_weight": 7.7455353271239495, "subsample": 0.5898377297421241}, "datetime": {"datetime": "2020-04-25 15:09:22", "elapsed": 1005.638959, "delta": 6.989699}}
{"target": 0.6218912000000001, "params": {"alpha": 0.4354825195367902, "colsample_bytree": 0.8729762804543723, "lam": 0.8053119942775964, "max_depth": 4.924700152330649, "min_child_weight": 6.234504307842539, "subsample": 0.5841947959063677}, "datetime": {"datetime": "2020-04-25 15:09:27", "elapsed": 1010.795615, "delta": 5.156656}}
{"target": 0.6058828, "params": {"alpha": 0.033927332292554735, "colsample_bytree": 0.5669661545191257, "lam": 0.12131169168197553, "max_depth": 4.269822823890043, "min_child_weight": 8.665433908816205, "subsample": 0.8995317908858717}, "datetime": {"datetime": "2020-04-25 15:09:32", "elapsed": 1015.272581, "delta": 4.476966}}
{"target": 0.6094630000000001, "params": {"alpha": 0.6403797255839474, "colsample_bytree": 0.8853282832976017, "lam": 0.10398726507206935, "max_depth": 9.995113536868256, "min_child_weight": 1.7732878972615618, "subsample": 0.8975095187185893}, "datetime": {"datetime": "2020-04-25 15:09:37", "elapsed": 1020.970994, "delta": 5.698413}}
{"target": 0.628668, "params": {"alpha": 0.9999999942308854, "colsample_bytree": 0.8999999497664124, "lam": 1.0, "max_depth": 4.206443480433361, "min_child_weight": 8.228758523810706, "subsample": 0.8999997028812086}, "datetime": {"datetime": "2020-04-25 15:09:45", "elapsed": 1028.159936, "delta": 7.188942}}
{"target": 0.6389594, "params": {"alpha": 0.9999999984328158, "colsample_bytree": 0.8999999993731264, "lam": 0.9999999984328158, "max_depth": 7.037651500389877, "min_child_weight": 9.999999996563623, "subsample": 0.8999999993731264}, "datetime": {"datetime": "2020-04-25 15:09:51", "elapsed": 1035.062547, "delta": 6.902611}}
{"target": 0.6237926, "params": {"alpha": 0.16486046055437698, "colsample_bytree": 0.8958128646877648, "lam": 0.8611092612531929, "max_depth": 7.2901181740292085, "min_child_weight": 9.342860665223641, "subsample": 0.52829824772968}, "datetime": {"datetime": "2020-04-25 15:09:59", "elapsed": 1042.20695, "delta": 7.144403}}
{"target": 0.628668, "params": {"alpha": 0.27664212477352024, "colsample_bytree": 0.859376261521225, "lam": 0.0512648984677776, "max_depth": 7.513945357069606, "min_child_weight": 8.239882875871697, "subsample": 0.5025830162637152}, "datetime": {"datetime": "2020-04-25 15:10:04", "elapsed": 1048.087934, "delta": 5.880984}}
{"target": 0.6273116, "params": {"alpha": 0.5162753055388701, "colsample_bytree": 0.899310330545658, "lam": 0.06441585718978948, "max_depth": 5.153264915816912, "min_child_weight": 3.0851923981196725, "subsample": 0.7647645916763757}, "datetime": {"datetime": "2020-04-25 15:10:10", "elapsed": 1053.366508, "delta": 5.278574}}
{"target": 0.632981, "params": {"alpha": 0.11029569720396726, "colsample_bytree": 0.882885463635116, "lam": 0.1707934858918374, "max_depth": 4.70283547673637, "min_child_weight": 4.075957192403768, "subsample": 0.8869624400439822}, "datetime": {"datetime": "2020-04-25 15:10:16", "elapsed": 1059.612761, "delta": 6.246253}}
{"target": 0.5940808000000001, "params": {"alpha": 0.9072871421294307, "colsample_bytree": 0.5392409449769725, "lam": 0.8787867363217432, "max_depth": 4.232114935381783, "min_child_weight": 9.998134495053614, "subsample": 0.548209495654729}, "datetime": {"datetime": "2020-04-25 15:10:24", "elapsed": 1067.139305, "delta": 7.526544}}
{"target": 0.6360720000000001, "params": {"alpha": 0.004645118119207092, "colsample_bytree": 0.8816308168420244, "lam": 0.5087359003365186, "max_depth": 5.9225647496018, "min_child_weight": 3.7713195039920624, "subsample": 0.8865012063128903}, "datetime": {"datetime": "2020-04-25 15:10:29", "elapsed": 1072.586164, "delta": 5.446859}}
{"target": 0.6347086, "params": {"alpha": 0.007824024610141422, "colsample_bytree": 0.885671597111668, "lam": 0.23225800740883618, "max_depth": 9.979594696613518, "min_child_weight": 9.512559033009095, "subsample": 0.8722117350342209}, "datetime": {"datetime": "2020-04-25 15:10:35", "elapsed": 1078.332051, "delta": 5.745887}}
{"target": 0.6242702, "params": {"alpha": 0.9887851834810917, "colsample_bytree": 0.8724667683724859, "lam": 0.08350894321230173, "max_depth": 7.0112439199346035, "min_child_weight": 5.914783537629795, "subsample": 0.7531041863477299}, "datetime": {"datetime": "2020-04-25 15:10:42", "elapsed": 1085.243309, "delta": 6.911258}}
{"target": 0.6288422, "params": {"alpha": 1.0, "colsample_bytree": 0.8999999766756797, "lam": 1.0, "max_depth": 8.401653146958326, "min_child_weight": 8.767161724578969, "subsample": 0.6999605609236772}, "datetime": {"datetime": "2020-04-25 15:10:49", "elapsed": 1092.310139, "delta": 7.06683}}
{"target": 0.6391728, "params": {"alpha": 0.9916519764559163, "colsample_bytree": 0.7770175640427299, "lam": 0.11414322533584875, "max_depth": 4.990436094219049, "min_child_weight": 4.588902993363792, "subsample": 0.8760973442966276}, "datetime": {"datetime": "2020-04-25 15:10:55", "elapsed": 1098.420633, "delta": 6.110494}}
{"target": 0.6300420000000001, "params": {"alpha": 0.0039052969413096994, "colsample_bytree": 0.8551675027825658, "lam": 0.15316824656356798, "max_depth": 6.330192366381086, "min_child_weight": 6.965075309166724, "subsample": 0.5859048050946242}, "datetime": {"datetime": "2020-04-25 15:11:03", "elapsed": 1106.214151, "delta": 7.793518}}
{"target": 0.6271014, "params": {"alpha": 0.06768453946687558, "colsample_bytree": 0.8806420265824755, "lam": 0.028588109497019176, "max_depth": 7.634755576260947, "min_child_weight": 9.409629167785363, "subsample": 0.5352226091769692}, "datetime": {"datetime": "2020-04-25 15:11:10", "elapsed": 1113.422185, "delta": 7.208034}}
{"target": 0.6355316, "params": {"alpha": 0.971509740858388, "colsample_bytree": 0.8960601029273769, "lam": 0.055792998653583226, "max_depth": 9.497124974287274, "min_child_weight": 8.785098302585688, "subsample": 0.8801561308346948}, "datetime": {"datetime": "2020-04-25 15:11:17", "elapsed": 1120.78129, "delta": 7.359105}}
{"target": 0.5968351999999999, "params": {"alpha": 5.266895173232345e-09, "colsample_bytree": 0.5, "lam": 0.0, "max_depth": 9.999999974212392, "min_child_weight": 8.959593308392297, "subsample": 0.6984873714052773}, "datetime": {"datetime": "2020-04-25 15:11:24", "elapsed": 1128.008958, "delta": 7.227668}}
{"target": 0.6377402, "params": {"alpha": 0.05225431799611169, "colsample_bytree": 0.8886104636873355, "lam": 0.9859610998124736, "max_depth": 6.194887930018494, "min_child_weight": 8.126151796002276, "subsample": 0.8113664407561005}, "datetime": {"datetime": "2020-04-25 15:11:30", "elapsed": 1133.814516, "delta": 5.805558}}
{"target": 0.612152, "params": {"alpha": 0.9736270785662618, "colsample_bytree": 0.8998974406741813, "lam": 0.9569541296203552, "max_depth": 3.912498085788663, "min_child_weight": 6.0385723307777806, "subsample": 0.6044244527161052}, "datetime": {"datetime": "2020-04-25 15:11:38", "elapsed": 1141.252354, "delta": 7.437838}}
{"target": 0.633646, "params": {"alpha": 0.9551426820839211, "colsample_bytree": 0.8977300485327577, "lam": 0.015212263195885312, "max_depth": 8.826296880635777, "min_child_weight": 7.5820101054857085, "subsample": 0.801590377905113}, "datetime": {"datetime": "2020-04-25 15:11:45", "elapsed": 1148.859959, "delta": 7.607605}}
{"target": 0.6295186000000002, "params": {"alpha": 0.9989691061507052, "colsample_bytree": 0.7473132986454948, "lam": 0.9885534106722509, "max_depth": 9.258162225943378, "min_child_weight": 6.187385929581515, "subsample": 0.8829033882014736}, "datetime": {"datetime": "2020-04-25 15:11:53", "elapsed": 1156.197231, "delta": 7.337272}}
{"target": 0.636662, "params": {"alpha": 0.4092124566910813, "colsample_bytree": 0.8926375071792976, "lam": 0.031202329959624686, "max_depth": 5.551163864757422, "min_child_weight": 9.93145369216704, "subsample": 0.8329919903864611}, "datetime": {"datetime": "2020-04-25 15:12:01", "elapsed": 1164.388891, "delta": 8.19166}}
{"target": 0.634539, "params": {"alpha": 0.9714324405217352, "colsample_bytree": 0.8869685188382541, "lam": 0.3268323664959778, "max_depth": 5.093082335127715, "min_child_weight": 2.6130642705114955, "subsample": 0.8858012922635217}, "datetime": {"datetime": "2020-04-25 15:12:08", "elapsed": 1171.391623, "delta": 7.002732}}
{"target": 0.6443458, "params": {"alpha": 0.9621747851559913, "colsample_bytree": 0.8797099299160249, "lam": 0.9984014140930653, "max_depth": 9.901796743768163, "min_child_weight": 9.451356681145892, "subsample": 0.5818322723418609}, "datetime": {"datetime": "2020-04-25 15:12:16", "elapsed": 1179.250741, "delta": 7.859118}}
{"target": 0.6412516, "params": {"alpha": 0.09735911674495368, "colsample_bytree": 0.8997307295059186, "lam": 0.6617143643817008, "max_depth": 5.099343808436957, "min_child_weight": 1.1923211231988518, "subsample": 0.8421599603004903}, "datetime": {"datetime": "2020-04-25 15:12:23", "elapsed": 1187.040369, "delta": 7.789628}}
{"target": 0.6332196, "params": {"alpha": 0.5530282741747283, "colsample_bytree": 0.847275786462619, "lam": 0.6908886603990753, "max_depth": 5.978874296366637, "min_child_weight": 7.804511377023698, "subsample": 0.8592846912413501}, "datetime": {"datetime": "2020-04-25 15:12:31", "elapsed": 1194.211705, "delta": 7.171336}}
{"target": 0.6341114, "params": {"alpha": 0.1828728160515377, "colsample_bytree": 0.8972847411895213, "lam": 0.2776450710466227, "max_depth": 7.437397455468883, "min_child_weight": 9.921308365372774, "subsample": 0.8194649747737002}, "datetime": {"datetime": "2020-04-25 15:12:39", "elapsed": 1202.999809, "delta": 8.788104}}
{"target": 0.61344, "params": {"alpha": 0.04108001396816807, "colsample_bytree": 0.8749804470462924, "lam": 0.8315715246959631, "max_depth": 9.982120152324907, "min_child_weight": 4.877315932195506, "subsample": 0.5031015051443253}, "datetime": {"datetime": "2020-04-25 15:12:45", "elapsed": 1208.858012, "delta": 5.858203}}
{"target": 0.6320346000000001, "params": {"alpha": 0.0663323628040513, "colsample_bytree": 0.8783283377386963, "lam": 0.7334455619435227, "max_depth": 8.399235578749867, "min_child_weight": 8.842057419113662, "subsample": 0.8936487275179861}, "datetime": {"datetime": "2020-04-25 15:12:54", "elapsed": 1217.283072, "delta": 8.42506}}
{"target": 0.6382367999999999, "params": {"alpha": 1.1061494274377418e-08, "colsample_bytree": 0.8999999988295337, "lam": 0.9999999809356916, "max_depth": 4.629513883155965, "min_child_weight": 9.999999997206926, "subsample": 0.8999999986137056}, "datetime": {"datetime": "2020-04-25 15:13:00", "elapsed": 1223.654267, "delta": 6.371195}}
{"target": 0.6303341999999998, "params": {"alpha": 0.9927896560142158, "colsample_bytree": 0.8677554271863199, "lam": 0.37875509213117786, "max_depth": 3.9336875687997703, "min_child_weight": 4.784434443701626, "subsample": 0.8999024916158058}, "datetime": {"datetime": "2020-04-25 15:13:08", "elapsed": 1231.153093, "delta": 7.498826}}
{"target": 0.5937224, "params": {"alpha": 0.0, "colsample_bytree": 0.5, "lam": 1.0, "max_depth": 6.854386989291838, "min_child_weight": 6.715606346084312, "subsample": 0.9}, "datetime": {"datetime": "2020-04-25 15:13:15", "elapsed": 1239.074944, "delta": 7.921851}}
{"target": 0.617652, "params": {"alpha": 0.8901562718730444, "colsample_bytree": 0.8825949530241428, "lam": 0.7158859552247021, "max_depth": 4.474159802316235, "min_child_weight": 1.025589756124562, "subsample": 0.8821645221459835}, "datetime": {"datetime": "2020-04-25 15:13:23", "elapsed": 1246.779478, "delta": 7.704534}}
{"target": 0.6002850000000001, "params": {"alpha": 0.68012350295459, "colsample_bytree": 0.8042040021681232, "lam": 0.9477817561049858, "max_depth": 3.4593049638915043, "min_child_weight": 1.6047988066537107, "subsample": 0.5095070925971856}, "datetime": {"datetime": "2020-04-25 15:13:29", "elapsed": 1252.732157, "delta": 5.952679}}
{"target": 0.6325068, "params": {"alpha": 0.0023580051370279964, "colsample_bytree": 0.8143036805022847, "lam": 0.3313200103058578, "max_depth": 8.452636504266883, "min_child_weight": 5.6310073190251755, "subsample": 0.8835362488550325}, "datetime": {"datetime": "2020-04-25 15:13:37", "elapsed": 1260.88582, "delta": 8.153663}}
{"target": 0.6359418000000001, "params": {"alpha": 0.017069605002209, "colsample_bytree": 0.89600261106184, "lam": 0.12781790981009444, "max_depth": 4.04343196030397, "min_child_weight": 9.473537948576123, "subsample": 0.5007034100433316}, "datetime": {"datetime": "2020-04-25 15:13:45", "elapsed": 1268.932695, "delta": 8.046875}}
{"target": 0.6082774, "params": {"alpha": 0.014558101954793568, "colsample_bytree": 0.8662195340479169, "lam": 0.14871871204536224, "max_depth": 3.64369443248453, "min_child_weight": 4.493071277069046, "subsample": 0.5283867549520532}, "datetime": {"datetime": "2020-04-25 15:13:55", "elapsed": 1278.247203, "delta": 9.314508}}
{"target": 0.6215752, "params": {"alpha": 0.565536875027341, "colsample_bytree": 0.8962296871839559, "lam": 0.018368777902665334, "max_depth": 9.940734446636302, "min_child_weight": 5.218659183137158, "subsample": 0.8976212323575112}, "datetime": {"datetime": "2020-04-25 15:14:01", "elapsed": 1284.738796, "delta": 6.491593}}
{"target": 0.6371005999999999, "params": {"alpha": 0.7724544990154893, "colsample_bytree": 0.8999999929309195, "lam": 0.999999982327303, "max_depth": 10.0, "min_child_weight": 9.380440916923623, "subsample": 0.9}, "datetime": {"datetime": "2020-04-25 15:14:10", "elapsed": 1293.839688, "delta": 9.100892}}
