{"target": 0.6407952, "params": {"alpha": 0.9854032150800817, "colsample_bytree": 0.8689782433437623, "lam": 0.1418883598519608, "max_depth": 7.241210449172337, "min_child_weight": 7.263650231706038, "subsample": 0.8924332091303653}, "datetime": {"datetime": "2020-04-25 10:47:27", "elapsed": 3646.256718, "delta": 18.393449}}
{"target": 0.6290020000000001, "params": {"alpha": 0.03859312960461048, "colsample_bytree": 0.8881821971096686, "lam": 0.045347328499805606, "max_depth": 7.418095179001619, "min_child_weight": 7.020929889269536, "subsample": 0.5292048914764156}, "datetime": {"datetime": "2020-04-25 10:47:43", "elapsed": 3662.347358, "delta": 16.09064}}
{"target": 0.6120132, "params": {"alpha": 0.8218712568908257, "colsample_bytree": 0.5914837770727814, "lam": 0.4651161062330257, "max_depth": 5.43507844600787, "min_child_weight": 6.455794089399284, "subsample": 0.8978038208430669}, "datetime": {"datetime": "2020-04-25 10:47:59", "elapsed": 3679.118834, "delta": 16.771476}}
{"target": 0.6321564000000001, "params": {"alpha": 0.001739966112965896, "colsample_bytree": 0.8087246073876835, "lam": 0.006122056213433424, "max_depth": 6.739097869539423, "min_child_weight": 8.677640801432933, "subsample": 0.5393931055784646}, "datetime": {"datetime": "2020-04-25 10:48:16", "elapsed": 3696.128752, "delta": 17.009918}}
{"target": 0.5944043999999999, "params": {"alpha": 0.10510820191817727, "colsample_bytree": 0.5814250362766609, "lam": 0.9857192553801382, "max_depth": 3.8720448310690325, "min_child_weight": 4.465739694884742, "subsample": 0.8757376663739798}, "datetime": {"datetime": "2020-04-25 10:48:34", "elapsed": 3713.763003, "delta": 17.634251}}
{"target": 0.623401, "params": {"alpha": 0.9301697806386614, "colsample_bytree": 0.8879730384671983, "lam": 0.0022911869968791354, "max_depth": 6.928697141803789, "min_child_weight": 4.32136007176915, "subsample": 0.8891253719037432}, "datetime": {"datetime": "2020-04-25 10:48:51", "elapsed": 3730.948922, "delta": 17.185919}}
{"target": 0.6324577999999998, "params": {"alpha": 0.04932345875756816, "colsample_bytree": 0.8859648365236197, "lam": 0.03815808066847681, "max_depth": 6.109060050158215, "min_child_weight": 6.658925467991058, "subsample": 0.863969331114615}, "datetime": {"datetime": "2020-04-25 10:49:10", "elapsed": 3749.494828, "delta": 18.545906}}
{"target": 0.6110329999999999, "params": {"alpha": 0.008198682035344795, "colsample_bytree": 0.5488219195577763, "lam": 0.9826741562547777, "max_depth": 7.274529592519671, "min_child_weight": 8.617342366657887, "subsample": 0.8962881146474049}, "datetime": {"datetime": "2020-04-25 10:49:24", "elapsed": 3763.9231, "delta": 14.428272}}
{"target": 0.6357062, "params": {"alpha": 0.13175451741969324, "colsample_bytree": 0.8826019468547828, "lam": 0.008779907662133102, "max_depth": 7.027341074484518, "min_child_weight": 6.682843677042211, "subsample": 0.8881836856090921}, "datetime": {"datetime": "2020-04-25 10:49:43", "elapsed": 3782.938467, "delta": 19.015367}}
{"target": 0.6270905999999999, "params": {"alpha": 0.9832650738633988, "colsample_bytree": 0.8961477157577538, "lam": 0.1460738802124637, "max_depth": 4.254223799306883, "min_child_weight": 5.2487988754259565, "subsample": 0.7498786034675361}, "datetime": {"datetime": "2020-04-25 10:50:03", "elapsed": 3802.983567, "delta": 20.0451}}
{"target": 0.6296229999999999, "params": {"alpha": 0.028662559090089634, "colsample_bytree": 0.8388067669972172, "lam": 0.7821573772343906, "max_depth": 8.989349191595457, "min_child_weight": 6.27634512754572, "subsample": 0.8871959339721145}, "datetime": {"datetime": "2020-04-25 10:50:21", "elapsed": 3820.854515, "delta": 17.870948}}
{"target": 0.6373476, "params": {"alpha": 0.6549199131871407, "colsample_bytree": 0.7635293817788253, "lam": 0.5080733970557912, "max_depth": 5.936408964963878, "min_child_weight": 9.152855646759143, "subsample": 0.7676927683680315}, "datetime": {"datetime": "2020-04-25 10:50:34", "elapsed": 3834.168527, "delta": 13.314012}}
{"target": 0.6340828000000001, "params": {"alpha": 0.0015646126384745163, "colsample_bytree": 0.8845573387734844, "lam": 0.9522356564209422, "max_depth": 5.14571225714258, "min_child_weight": 3.363500553658497, "subsample": 0.8969348255533673}, "datetime": {"datetime": "2020-04-25 10:50:52", "elapsed": 3851.791193, "delta": 17.622666}}
{"target": 0.6163208, "params": {"alpha": 0.04171296786854073, "colsample_bytree": 0.8869558283805838, "lam": 0.9608030328952515, "max_depth": 7.331107860023439, "min_child_weight": 6.267033578667709, "subsample": 0.8992757470694885}, "datetime": {"datetime": "2020-04-25 10:51:12", "elapsed": 3871.452663, "delta": 19.66147}}
{"target": 0.6339734, "params": {"alpha": 0.02409285776938641, "colsample_bytree": 0.8476441154325445, "lam": 0.6045002474929869, "max_depth": 4.369323948219474, "min_child_weight": 7.460226782406822, "subsample": 0.896085849382143}, "datetime": {"datetime": "2020-04-25 10:51:28", "elapsed": 3887.860097, "delta": 16.407434}}
{"target": 0.6467892, "params": {"alpha": 0.6517366799982884, "colsample_bytree": 0.888070529693815, "lam": 0.9941184245628882, "max_depth": 5.296275498880949, "min_child_weight": 1.4639421717176675, "subsample": 0.8253065776230495}, "datetime": {"datetime": "2020-04-25 10:51:43", "elapsed": 3902.777258, "delta": 14.917161}}
{"target": 0.6280056, "params": {"alpha": 0.9946367729227613, "colsample_bytree": 0.8121183101919909, "lam": 0.5046633596891559, "max_depth": 4.909984527991499, "min_child_weight": 7.028483194451691, "subsample": 0.7023745597522453}, "datetime": {"datetime": "2020-04-25 10:51:59", "elapsed": 3919.235733, "delta": 16.458475}}
{"target": 0.6332237999999999, "params": {"alpha": 0.9934801826467221, "colsample_bytree": 0.8351465965668905, "lam": 0.04222290243028781, "max_depth": 6.806907844545276, "min_child_weight": 8.261056391044104, "subsample": 0.8748914153377638}, "datetime": {"datetime": "2020-04-25 10:52:17", "elapsed": 3936.68838, "delta": 17.452647}}
{"target": 0.6333056, "params": {"alpha": 0.5074960161996019, "colsample_bytree": 0.8842693526703891, "lam": 0.9717189622815866, "max_depth": 6.9082016581637395, "min_child_weight": 8.067979228234835, "subsample": 0.8371377693878734}, "datetime": {"datetime": "2020-04-25 10:52:33", "elapsed": 3953.124561, "delta": 16.436181}}
{"target": 0.6191652, "params": {"alpha": 0.6240199115903299, "colsample_bytree": 0.8952229213076082, "lam": 0.6018262918192572, "max_depth": 8.965777902279251, "min_child_weight": 5.317039896726491, "subsample": 0.8996736863788761}, "datetime": {"datetime": "2020-04-25 10:52:50", "elapsed": 3969.670297, "delta": 16.545736}}
{"target": 0.6219812, "params": {"alpha": 0.9815474598323246, "colsample_bytree": 0.8973211331706172, "lam": 0.14814080274614383, "max_depth": 7.296137923824461, "min_child_weight": 9.907582479713623, "subsample": 0.524515510842277}, "datetime": {"datetime": "2020-04-25 10:53:07", "elapsed": 3987.154845, "delta": 17.484548}}
{"target": 0.6351865999999999, "params": {"alpha": 0.9149234449009042, "colsample_bytree": 0.8780357025412899, "lam": 0.9002112219483682, "max_depth": 7.696334829925276, "min_child_weight": 6.244167126012609, "subsample": 0.842143928597568}, "datetime": {"datetime": "2020-04-25 10:53:23", "elapsed": 4002.907279, "delta": 15.752434}}
{"target": 0.607575, "params": {"alpha": 0.9087185145274342, "colsample_bytree": 0.8834672310985909, "lam": 0.02148728848019854, "max_depth": 9.317837921541187, "min_child_weight": 5.84552590878214, "subsample": 0.5615446964549814}, "datetime": {"datetime": "2020-04-25 10:53:41", "elapsed": 4020.25218, "delta": 17.344901}}
{"target": 0.6323148, "params": {"alpha": 0.5823587932689736, "colsample_bytree": 0.8790777767558631, "lam": 0.10062694121604487, "max_depth": 7.689095018708173, "min_child_weight": 7.209155891127828, "subsample": 0.7904276345747028}, "datetime": {"datetime": "2020-04-25 10:54:01", "elapsed": 4040.276502, "delta": 20.024322}}
{"target": 0.6311439999999999, "params": {"alpha": 0.8892529612434925, "colsample_bytree": 0.8977688824855992, "lam": 0.9619448658276376, "max_depth": 7.7310677142636655, "min_child_weight": 5.484621626524156, "subsample": 0.8593329288065512}, "datetime": {"datetime": "2020-04-25 10:54:17", "elapsed": 4056.815853, "delta": 16.539351}}
{"target": 0.6338588, "params": {"alpha": 0.04225738760126185, "colsample_bytree": 0.8425600451305177, "lam": 0.028750738409792254, "max_depth": 6.635618796135397, "min_child_weight": 7.332922333508969, "subsample": 0.8825917007379411}, "datetime": {"datetime": "2020-04-25 10:54:34", "elapsed": 4073.27643, "delta": 16.460577}}
{"target": 0.6221876, "params": {"alpha": 0.10746047020050975, "colsample_bytree": 0.8751201475867321, "lam": 0.8977046912037077, "max_depth": 6.5852992165555015, "min_child_weight": 1.0090567961407206, "subsample": 0.8880644854242523}, "datetime": {"datetime": "2020-04-25 10:54:52", "elapsed": 4091.653952, "delta": 18.377522}}
{"target": 0.629459, "params": {"alpha": 0.6714311264970019, "colsample_bytree": 0.89039460725216, "lam": 0.03050478939659429, "max_depth": 9.676497062845481, "min_child_weight": 8.328353247952236, "subsample": 0.7457861166174973}, "datetime": {"datetime": "2020-04-25 10:55:14", "elapsed": 4113.651244, "delta": 21.997292}}
{"target": 0.6159711999999999, "params": {"alpha": 0.6307814310190398, "colsample_bytree": 0.8994270338512393, "lam": 0.29941014320639503, "max_depth": 3.707627895547249, "min_child_weight": 1.8251274415947174, "subsample": 0.7568119956724506}, "datetime": {"datetime": "2020-04-25 10:55:34", "elapsed": 4133.834983, "delta": 20.183739}}
{"target": 0.6305455999999999, "params": {"alpha": 0.40092258679233994, "colsample_bytree": 0.8651752919780866, "lam": 0.5325962399568275, "max_depth": 5.540800930474122, "min_child_weight": 6.874506166445575, "subsample": 0.6525274642927222}, "datetime": {"datetime": "2020-04-25 10:55:51", "elapsed": 4150.299503, "delta": 16.46452}}
{"target": 0.619769, "params": {"alpha": 0.22857952956992167, "colsample_bytree": 0.8930625357099486, "lam": 0.981257951875133, "max_depth": 5.991354039381484, "min_child_weight": 1.8737096954123285, "subsample": 0.8766103749073273}, "datetime": {"datetime": "2020-04-25 10:56:13", "elapsed": 4172.311332, "delta": 22.011829}}
{"target": 0.6000738, "params": {"alpha": 0.8345060931808197, "colsample_bytree": 0.8873272249618278, "lam": 0.9773542034781029, "max_depth": 3.0458640810256954, "min_child_weight": 3.0244775699342146, "subsample": 0.7918994898608658}, "datetime": {"datetime": "2020-04-25 10:56:26", "elapsed": 4186.013689, "delta": 13.702357}}
{"target": 0.6309644000000001, "params": {"alpha": 6.407892796463365e-09, "colsample_bytree": 0.8999999999999799, "lam": 0.0, "max_depth": 9.99999994285233, "min_child_weight": 9.735904082262435, "subsample": 0.8999999680834003}, "datetime": {"datetime": "2020-04-25 10:56:46", "elapsed": 4205.758543, "delta": 19.744854}}
{"target": 0.6234081999999999, "params": {"alpha": 0.39455028411160165, "colsample_bytree": 0.7860318482093265, "lam": 0.9766235922592574, "max_depth": 9.269072242612605, "min_child_weight": 6.902412237395233, "subsample": 0.6759355445782812}, "datetime": {"datetime": "2020-04-25 10:57:05", "elapsed": 4225.228995, "delta": 19.470452}}
{"target": 0.6026414, "params": {"alpha": 0.1966718208183691, "colsample_bytree": 0.8972236856185102, "lam": 0.9813290181940464, "max_depth": 7.691487372397414, "min_child_weight": 1.0659531161307219, "subsample": 0.7305426297542049}, "datetime": {"datetime": "2020-04-25 10:57:22", "elapsed": 4241.839658, "delta": 16.610663}}
{"target": 0.5844428, "params": {"alpha": 0.7212472986922553, "colsample_bytree": 0.883233290537053, "lam": 0.6012073220937032, "max_depth": 3.15320222585892, "min_child_weight": 1.001668360912669, "subsample": 0.5540223814902467}, "datetime": {"datetime": "2020-04-25 10:57:47", "elapsed": 4267.027131, "delta": 25.187473}}
{"target": 0.633434, "params": {"alpha": 0.5172509374478269, "colsample_bytree": 0.7906709933798768, "lam": 0.2775326815951955, "max_depth": 5.377163498631999, "min_child_weight": 7.996815196855017, "subsample": 0.8650987130901493}, "datetime": {"datetime": "2020-04-25 10:58:09", "elapsed": 4289.002806, "delta": 21.975675}}
{"target": 0.6345332, "params": {"alpha": 0.9999999878990093, "colsample_bytree": 0.8999999951596038, "lam": 0.9999999878990093, "max_depth": 9.999999975607151, "min_child_weight": 7.793533711364981, "subsample": 0.8999999951596038}, "datetime": {"datetime": "2020-04-25 10:58:31", "elapsed": 4310.828026, "delta": 21.82522}}
{"target": 0.6331263999999999, "params": {"alpha": 0.0644374565112753, "colsample_bytree": 0.8834765129321334, "lam": 0.8742725956426992, "max_depth": 7.706502906627441, "min_child_weight": 9.982674977716199, "subsample": 0.6285884444232785}, "datetime": {"datetime": "2020-04-25 10:58:49", "elapsed": 4328.711994, "delta": 17.883968}}
{"target": 0.6251390000000001, "params": {"alpha": 0.9989028340936771, "colsample_bytree": 0.7657258409121197, "lam": 0.8332551267225565, "max_depth": 8.392398031356201, "min_child_weight": 4.44298959592698, "subsample": 0.7286554711609927}, "datetime": {"datetime": "2020-04-25 10:59:07", "elapsed": 4346.701609, "delta": 17.989615}}
{"target": 0.6308931999999999, "params": {"alpha": 0.5001021579791758, "colsample_bytree": 0.8648014790662341, "lam": 0.2323001115764608, "max_depth": 4.563805854789328, "min_child_weight": 8.4958056624988, "subsample": 0.5371898943900869}, "datetime": {"datetime": "2020-04-25 10:59:25", "elapsed": 4364.73013, "delta": 18.028521}}
{"target": 0.6278942, "params": {"alpha": 0.06331388220589951, "colsample_bytree": 0.8947638691046653, "lam": 0.9983448962285586, "max_depth": 7.557919653043559, "min_child_weight": 8.459455423771562, "subsample": 0.7238970926292788}, "datetime": {"datetime": "2020-04-25 10:59:45", "elapsed": 4384.771745, "delta": 20.041615}}
{"target": 0.5823636, "params": {"alpha": 1.813309070290497e-08, "colsample_bytree": 0.5056482671632371, "lam": 1.0, "max_depth": 10.0, "min_child_weight": 3.6929975095972716, "subsample": 0.9}, "datetime": {"datetime": "2020-04-25 11:00:05", "elapsed": 4404.546613, "delta": 19.774868}}
{"target": 0.5840888, "params": {"alpha": 0.970150111921395, "colsample_bytree": 0.5403339237218829, "lam": 0.008446994908860361, "max_depth": 9.871033669967982, "min_child_weight": 2.7114771847552688, "subsample": 0.8786564690408767}, "datetime": {"datetime": "2020-04-25 11:00:29", "elapsed": 4429.049108, "delta": 24.502495}}
{"target": 0.644511, "params": {"alpha": 0.5391778200683783, "colsample_bytree": 0.8144529066218145, "lam": 0.9843902217977135, "max_depth": 8.26199389766619, "min_child_weight": 8.0429527755748, "subsample": 0.8633089447791504}, "datetime": {"datetime": "2020-04-25 11:00:50", "elapsed": 4449.651914, "delta": 20.602806}}
{"target": 0.63249, "params": {"alpha": 0.8860510334635313, "colsample_bytree": 0.8089896013953192, "lam": 0.20127758519200534, "max_depth": 9.999475522289027, "min_child_weight": 6.527068499244261, "subsample": 0.8758461921617547}, "datetime": {"datetime": "2020-04-25 11:01:08", "elapsed": 4467.907473, "delta": 18.255559}}
{"target": 0.6371594, "params": {"alpha": 0.018621798700868664, "colsample_bytree": 0.8803834782624151, "lam": 0.3553441843151033, "max_depth": 9.615668033226497, "min_child_weight": 8.162512010062153, "subsample": 0.7766657592204326}, "datetime": {"datetime": "2020-04-25 11:01:29", "elapsed": 4488.769315, "delta": 20.861842}}
{"target": 0.6306155999999999, "params": {"alpha": 0.6489608492818718, "colsample_bytree": 0.8987254168233698, "lam": 0.7442939356819037, "max_depth": 4.955573207832964, "min_child_weight": 1.0982328330651234, "subsample": 0.8972193982024396}, "datetime": {"datetime": "2020-04-25 11:01:47", "elapsed": 4507.16419, "delta": 18.394875}}
{"target": 0.579706, "params": {"alpha": 0.5704361363652936, "colsample_bytree": 0.8950460431517326, "lam": 0.8947544846292289, "max_depth": 9.967408439248988, "min_child_weight": 1.8958439250877572, "subsample": 0.5894599661348833}, "datetime": {"datetime": "2020-04-25 11:02:08", "elapsed": 4528.228257, "delta": 21.064067}}
{"target": 0.5929101999999999, "params": {"alpha": 0.05758504690602473, "colsample_bytree": 0.6714931307019619, "lam": 0.9640910690516582, "max_depth": 3.073180359290176, "min_child_weight": 6.415410693236317, "subsample": 0.5320679313709218}, "datetime": {"datetime": "2020-04-25 11:02:23", "elapsed": 4542.829397, "delta": 14.60114}}
{"target": 0.6399326000000001, "params": {"alpha": 0.37716137336134126, "colsample_bytree": 0.8355389267369189, "lam": 0.7925004569807698, "max_depth": 7.76390924337559, "min_child_weight": 7.629272124722138, "subsample": 0.8950270520124932}, "datetime": {"datetime": "2020-04-25 11:02:42", "elapsed": 4561.98342, "delta": 19.154023}}
{"target": 0.6244594, "params": {"alpha": 0.09162560535825348, "colsample_bytree": 0.8939839397696416, "lam": 0.49931954420914215, "max_depth": 9.383110796460073, "min_child_weight": 3.877202076698898, "subsample": 0.5201924241500265}, "datetime": {"datetime": "2020-04-25 11:03:01", "elapsed": 4580.467315, "delta": 18.483895}}
{"target": 0.6334372, "params": {"alpha": 0.2015570724425958, "colsample_bytree": 0.8950584910453417, "lam": 0.9540100812580583, "max_depth": 8.313228240346636, "min_child_weight": 7.336820494325077, "subsample": 0.8671457109045934}, "datetime": {"datetime": "2020-04-25 11:03:20", "elapsed": 4599.893049, "delta": 19.425734}}
{"target": 0.6153696, "params": {"alpha": 0.07413604532874829, "colsample_bytree": 0.7028284311933355, "lam": 0.7314491397983357, "max_depth": 3.9726532071098033, "min_child_weight": 5.958890592941259, "subsample": 0.5203857510594714}, "datetime": {"datetime": "2020-04-25 11:03:35", "elapsed": 4614.961534, "delta": 15.068485}}
{"target": 0.6425406, "params": {"alpha": 0.06205002142246574, "colsample_bytree": 0.8982534395075861, "lam": 0.014958954131091495, "max_depth": 8.00814683720885, "min_child_weight": 9.77067468439567, "subsample": 0.8604420277640512}, "datetime": {"datetime": "2020-04-25 11:03:57", "elapsed": 4636.377006, "delta": 21.415472}}
{"target": 0.6164474, "params": {"alpha": 0.0007005765955138132, "colsample_bytree": 0.8916705064392368, "lam": 0.004567755119475492, "max_depth": 4.261372030283047, "min_child_weight": 5.331149590241812, "subsample": 0.5549790068600665}, "datetime": {"datetime": "2020-04-25 11:04:17", "elapsed": 4656.634954, "delta": 20.257948}}
{"target": 0.6392697999999999, "params": {"alpha": 0.9164836582179153, "colsample_bytree": 0.89760425095137, "lam": 0.6274490931414584, "max_depth": 6.338831210501782, "min_child_weight": 7.019158118728549, "subsample": 0.869190038211882}, "datetime": {"datetime": "2020-04-25 11:04:32", "elapsed": 4672.228225, "delta": 15.593271}}
{"target": 0.6187678000000001, "params": {"alpha": 0.9327641425789183, "colsample_bytree": 0.8872749901604512, "lam": 0.9647308871089607, "max_depth": 5.117791257168157, "min_child_weight": 1.8986619702280747, "subsample": 0.8651559323464748}, "datetime": {"datetime": "2020-04-25 11:04:50", "elapsed": 4689.944414, "delta": 17.716189}}
{"target": 0.6160646, "params": {"alpha": 0.9142486811473164, "colsample_bytree": 0.8922064124119584, "lam": 0.3934776286336158, "max_depth": 5.853189733850168, "min_child_weight": 1.370018395641197, "subsample": 0.8842588845218612}, "datetime": {"datetime": "2020-04-25 11:05:11", "elapsed": 4711.099055, "delta": 21.154641}}
{"target": 0.6417704, "params": {"alpha": 0.43864494500440754, "colsample_bytree": 0.8369473158146135, "lam": 0.9917083636939984, "max_depth": 8.261006502573835, "min_child_weight": 8.543216500984473, "subsample": 0.8914724209831428}, "datetime": {"datetime": "2020-04-25 11:05:31", "elapsed": 4731.105449, "delta": 20.006394}}
{"target": 0.6242362, "params": {"alpha": 0.9943067907229793, "colsample_bytree": 0.6749209858066214, "lam": 0.4206042749873379, "max_depth": 5.428653057000842, "min_child_weight": 3.15805144775511, "subsample": 0.8574908277383897}, "datetime": {"datetime": "2020-04-25 11:05:49", "elapsed": 4748.72618, "delta": 17.620731}}
{"target": 0.6278893999999999, "params": {"alpha": 0.32092276542841347, "colsample_bytree": 0.8669316587899074, "lam": 0.9978905755499058, "max_depth": 5.496623084003259, "min_child_weight": 1.240580466467398, "subsample": 0.5299173779737274}, "datetime": {"datetime": "2020-04-25 11:06:05", "elapsed": 4764.941701, "delta": 16.215521}}
{"target": 0.6332452, "params": {"alpha": 0.8840135623116773, "colsample_bytree": 0.8828617962438567, "lam": 0.9637009183893898, "max_depth": 8.670985366611324, "min_child_weight": 8.66838560069587, "subsample": 0.7640593838875893}, "datetime": {"datetime": "2020-04-25 11:06:24", "elapsed": 4784.071766, "delta": 19.130065}}
{"target": 0.6303213999999999, "params": {"alpha": 0.6316737702587141, "colsample_bytree": 0.8823886626910972, "lam": 0.7613659482116595, "max_depth": 7.393841868152603, "min_child_weight": 9.98581563739333, "subsample": 0.8093295589746394}, "datetime": {"datetime": "2020-04-25 11:06:44", "elapsed": 4803.660608, "delta": 19.588842}}
{"target": 0.6338777999999999, "params": {"alpha": 0.007771949958264579, "colsample_bytree": 0.8821410139765968, "lam": 0.7940789100758718, "max_depth": 6.51296661454405, "min_child_weight": 7.695250320881022, "subsample": 0.8831576612537693}, "datetime": {"datetime": "2020-04-25 11:07:04", "elapsed": 4823.294555, "delta": 19.633947}}
{"target": 0.6013809999999999, "params": {"alpha": 0.0, "colsample_bytree": 0.8999999884613704, "lam": 0.9608712345853452, "max_depth": 3.0000000101469992, "min_child_weight": 8.130162160229823, "subsample": 0.5000000151992938}, "datetime": {"datetime": "2020-04-25 11:07:26", "elapsed": 4845.59924, "delta": 22.304685}}
