{"target": 0.6382816, "params": {"alpha": 0.35132881068819855, "colsample_bytree": 0.8079923787301173, "lam": 0.3991392493582645, "max_depth": 5.268022511020828, "min_child_weight": 9.750824242278151, "subsample": 0.5769552109852423}, "datetime": {"datetime": "2020-04-25 09:46:40", "elapsed": 0.0, "delta": 0.0}}
{"target": 0.6085212, "params": {"alpha": 0.5255373764092488, "colsample_bytree": 0.5440792824228411, "lam": 0.07501484219631671, "max_depth": 5.126348695900798, "min_child_weight": 4.211468828771281, "subsample": 0.7153167142550323}, "datetime": {"datetime": "2020-04-25 09:46:44", "elapsed": 3.269615, "delta": 3.269615}}
{"target": 0.5719277999999999, "params": {"alpha": 0.6955768614014354, "colsample_bytree": 0.5892712586389147, "lam": 0.27117704477748494, "max_depth": 3.44608102090265, "min_child_weight": 6.659827685575564, "subsample": 0.7747214887444712}, "datetime": {"datetime": "2020-04-25 09:46:47", "elapsed": 6.279357, "delta": 3.009742}}
{"target": 0.6182230000000001, "params": {"alpha": 0.7555282820190707, "colsample_bytree": 0.6551925607417641, "lam": 0.6709673195832336, "max_depth": 9.643920816290551, "min_child_weight": 6.071185420953504, "subsample": 0.6169820599218476}, "datetime": {"datetime": "2020-04-25 09:46:51", "elapsed": 10.847261, "delta": 4.567904}}
{"target": 0.5915484, "params": {"alpha": 0.8886466218710642, "colsample_bytree": 0.8459081295373181, "lam": 0.2115116195142891, "max_depth": 8.154959855287341, "min_child_weight": 1.1337058264544835, "subsample": 0.6250907387622012}, "datetime": {"datetime": "2020-04-25 09:46:55", "elapsed": 14.796135, "delta": 3.948874}}
{"target": 0.6051447999999999, "params": {"alpha": 0.46619822189552085, "colsample_bytree": 0.5664513763451579, "lam": 0.8565421555162211, "max_depth": 7.421953104005253, "min_child_weight": 8.256335360972297, "subsample": 0.5257233022684173}, "datetime": {"datetime": "2020-04-25 09:46:58", "elapsed": 17.987927, "delta": 3.191792}}
{"target": 0.5899080000000001, "params": {"alpha": 0.4020353374207294, "colsample_bytree": 0.6415174791697859, "lam": 0.7557824112349355, "max_depth": 3.0750678994777028, "min_child_weight": 3.6577011836989657, "subsample": 0.8392886175293015}, "datetime": {"datetime": "2020-04-25 09:47:01", "elapsed": 21.109175, "delta": 3.121248}}
{"target": 0.6410394, "params": {"alpha": 0.7398705559115936, "colsample_bytree": 0.8417619009424631, "lam": 0.5074697709594129, "max_depth": 5.03549203901165, "min_child_weight": 6.703339015694806, "subsample": 0.7669692759274624}, "datetime": {"datetime": "2020-04-25 09:47:05", "elapsed": 24.433789, "delta": 3.324614}}
{"target": 0.5954550000000001, "params": {"alpha": 0.6983120263360136, "colsample_bytree": 0.5245675074828158, "lam": 0.7340204630410055, "max_depth": 9.999419164900027, "min_child_weight": 2.9134637255730595, "subsample": 0.8156156998644064}, "datetime": {"datetime": "2020-04-25 09:47:11", "elapsed": 30.276753, "delta": 5.842964}}
{"target": 0.6260772, "params": {"alpha": 0.08372408653467245, "colsample_bytree": 0.87308162251423, "lam": 0.3277949752052255, "max_depth": 7.482342762235907, "min_child_weight": 3.9976992781430463, "subsample": 0.5874404340336008}, "datetime": {"datetime": "2020-04-25 09:47:14", "elapsed": 33.693699, "delta": 3.416946}}
{"target": 0.6368754000000001, "params": {"alpha": 1.0, "colsample_bytree": 0.9, "lam": 0.0, "max_depth": 10.0, "min_child_weight": 10.0, "subsample": 0.9}, "datetime": {"datetime": "2020-04-25 09:47:20", "elapsed": 39.971598, "delta": 6.277899}}
{"target": 0.6089886, "params": {"alpha": 1.0, "colsample_bytree": 0.9, "lam": 1.0, "max_depth": 3.0, "min_child_weight": 10.0, "subsample": 0.9}, "datetime": {"datetime": "2020-04-25 09:47:24", "elapsed": 43.972194, "delta": 4.000596}}
{"target": 0.6082310000000001, "params": {"alpha": 1.0, "colsample_bytree": 0.9, "lam": 1.0, "max_depth": 3.0, "min_child_weight": 1.0, "subsample": 0.9}, "datetime": {"datetime": "2020-04-25 09:47:28", "elapsed": 48.101066, "delta": 4.128872}}
{"target": 0.6365276, "params": {"alpha": 1.0, "colsample_bytree": 0.9, "lam": 0.0, "max_depth": 6.968535345659512, "min_child_weight": 9.574477371931675, "subsample": 0.9}, "datetime": {"datetime": "2020-04-25 09:47:33", "elapsed": 53.152721, "delta": 5.051655}}
{"target": 0.6370682000000001, "params": {"alpha": 0.0, "colsample_bytree": 0.9, "lam": 1.0, "max_depth": 10.0, "min_child_weight": 10.0, "subsample": 0.9}, "datetime": {"datetime": "2020-04-25 09:47:40", "elapsed": 59.479733, "delta": 6.327012}}
{"target": 0.6386526, "params": {"alpha": 1.0, "colsample_bytree": 0.9, "lam": 1.0, "max_depth": 5.957017632103195, "min_child_weight": 4.132221712618123, "subsample": 0.5}, "datetime": {"datetime": "2020-04-25 09:47:44", "elapsed": 63.242316, "delta": 3.762583}}
{"target": 0.6248986000000001, "params": {"alpha": 0.0, "colsample_bytree": 0.9, "lam": 1.0, "max_depth": 5.468544428964453, "min_child_weight": 1.0, "subsample": 0.9}, "datetime": {"datetime": "2020-04-25 09:47:48", "elapsed": 67.762547, "delta": 4.520231}}
{"target": 0.6291114, "params": {"alpha": 0.0, "colsample_bytree": 0.9, "lam": 1.0, "max_depth": 4.829854882355866, "min_child_weight": 7.973622250609743, "subsample": 0.9}, "datetime": {"datetime": "2020-04-25 09:47:52", "elapsed": 72.216852, "delta": 4.454305}}
{"target": 0.6294256, "params": {"alpha": 0.0, "colsample_bytree": 0.9, "lam": 0.0, "max_depth": 9.620511289254525, "min_child_weight": 8.612022347016099, "subsample": 0.5}, "datetime": {"datetime": "2020-04-25 09:47:57", "elapsed": 76.817114, "delta": 4.600262}}
{"target": 0.6091542, "params": {"alpha": 0.08581784134485226, "colsample_bytree": 0.8583917532309133, "lam": 0.023457977635909844, "max_depth": 3.238658136824734, "min_child_weight": 1.0953736649675716, "subsample": 0.7433753860701978}, "datetime": {"datetime": "2020-04-25 09:48:01", "elapsed": 80.537869, "delta": 3.720755}}
{"target": 0.6306956, "params": {"alpha": 1.0, "colsample_bytree": 0.9, "lam": 0.0, "max_depth": 7.135208912602253, "min_child_weight": 6.388819214031317, "subsample": 0.9}, "datetime": {"datetime": "2020-04-25 09:48:06", "elapsed": 85.277118, "delta": 4.739249}}
{"target": 0.6259577999999999, "params": {"alpha": 0.856824873491853, "colsample_bytree": 0.8894512709400002, "lam": 0.8113192842756279, "max_depth": 5.516732634845862, "min_child_weight": 8.876239786142243, "subsample": 0.503102332198976}, "datetime": {"datetime": "2020-04-25 09:48:09", "elapsed": 88.886704, "delta": 3.609586}}
{"target": 0.616729, "params": {"alpha": 0.0, "colsample_bytree": 0.9, "lam": 1.0, "max_depth": 10.0, "min_child_weight": 1.0, "subsample": 0.5}, "datetime": {"datetime": "2020-04-25 09:48:14", "elapsed": 94.17461, "delta": 5.287906}}
{"target": 0.6408044, "params": {"alpha": 0.0, "colsample_bytree": 0.9, "lam": 0.1559452076469698, "max_depth": 5.470152619794438, "min_child_weight": 5.667682889319033, "subsample": 0.8999999533396996}, "datetime": {"datetime": "2020-04-25 09:48:19", "elapsed": 98.534968, "delta": 4.360358}}
{"target": 0.6333482, "params": {"alpha": 0.07595495762514781, "colsample_bytree": 0.8889472694338674, "lam": 0.07005598332828555, "max_depth": 3.689713147201692, "min_child_weight": 9.989941106247265, "subsample": 0.7443160073511876}, "datetime": {"datetime": "2020-04-25 09:48:23", "elapsed": 102.412435, "delta": 3.877467}}
{"target": 0.6061738, "params": {"alpha": 0.00015210399344317145, "colsample_bytree": 0.9, "lam": 1.592575963552872e-08, "max_depth": 10.0, "min_child_weight": 4.962759687246416, "subsample": 0.5020202670805416}, "datetime": {"datetime": "2020-04-25 09:48:28", "elapsed": 107.395576, "delta": 4.983141}}
{"target": 0.6396658, "params": {"alpha": 0.3994488579449794, "colsample_bytree": 0.8396338407963804, "lam": 0.9934995263038479, "max_depth": 6.67298354554813, "min_child_weight": 5.4902797328955195, "subsample": 0.8957521849326682}, "datetime": {"datetime": "2020-04-25 09:48:33", "elapsed": 112.370848, "delta": 4.975272}}
{"target": 0.6293662, "params": {"alpha": 0.00712962845408005, "colsample_bytree": 0.8846721536094057, "lam": 0.45868684663161596, "max_depth": 6.92080857540873, "min_child_weight": 9.958540716195085, "subsample": 0.5510917977212614}, "datetime": {"datetime": "2020-04-25 09:48:37", "elapsed": 116.397086, "delta": 4.026238}}
{"target": 0.6307761999999999, "params": {"alpha": 0.7103856271921724, "colsample_bytree": 0.8935965521288423, "lam": 0.1331551013287361, "max_depth": 5.18097976714009, "min_child_weight": 9.958991662694357, "subsample": 0.8828691465495293}, "datetime": {"datetime": "2020-04-25 09:48:41", "elapsed": 120.633256, "delta": 4.23617}}
{"target": 0.6220246, "params": {"alpha": 0.04269913299845729, "colsample_bytree": 0.8823314704529324, "lam": 0.8665817366114363, "max_depth": 5.073023809409163, "min_child_weight": 5.843992640995164, "subsample": 0.5210965363070974}, "datetime": {"datetime": "2020-04-25 09:48:44", "elapsed": 124.200611, "delta": 3.567355}}
{"target": 0.6329084, "params": {"alpha": 0.5358091762406891, "colsample_bytree": 0.858803948711206, "lam": 0.93258441456353, "max_depth": 9.84643222986783, "min_child_weight": 7.345572541033107, "subsample": 0.859270871073168}, "datetime": {"datetime": "2020-04-25 09:48:51", "elapsed": 130.588652, "delta": 6.388041}}
{"target": 0.5961848, "params": {"alpha": 0.059214490719882586, "colsample_bytree": 0.5000000008156474, "lam": 0.3848626241629475, "max_depth": 10.0, "min_child_weight": 8.49256796208095, "subsample": 0.9}, "datetime": {"datetime": "2020-04-25 09:48:57", "elapsed": 137.015261, "delta": 6.426609}}
{"target": 0.6203801999999999, "params": {"alpha": 0.9666037007312848, "colsample_bytree": 0.8492639752183797, "lam": 0.8107811676030308, "max_depth": 9.912206698404344, "min_child_weight": 9.082564928415342, "subsample": 0.5255487144016875}, "datetime": {"datetime": "2020-04-25 09:49:02", "elapsed": 141.939434, "delta": 4.924173}}
{"target": 0.626057, "params": {"alpha": 1.0, "colsample_bytree": 0.9, "lam": 0.9863471283654979, "max_depth": 6.597261130777671, "min_child_weight": 3.1808268742265264, "subsample": 0.9}, "datetime": {"datetime": "2020-04-25 09:49:07", "elapsed": 147.104198, "delta": 5.164764}}
{"target": 0.6190664, "params": {"alpha": 0.8180838458101631, "colsample_bytree": 0.8788462081220629, "lam": 0.9921605500423542, "max_depth": 9.962697903834702, "min_child_weight": 4.3168887389364095, "subsample": 0.5672965451762291}, "datetime": {"datetime": "2020-04-25 09:49:13", "elapsed": 152.500214, "delta": 5.396016}}
{"target": 0.6247078, "params": {"alpha": 0.12774815861429045, "colsample_bytree": 0.8945835985032995, "lam": 0.014802456081897675, "max_depth": 5.998850285013852, "min_child_weight": 7.796925746275976, "subsample": 0.5396243088758956}, "datetime": {"datetime": "2020-04-25 09:49:17", "elapsed": 156.517282, "delta": 4.017068}}
{"target": 0.6276702000000001, "params": {"alpha": 0.14282421296191994, "colsample_bytree": 0.8177160873204332, "lam": 0.8401314151272353, "max_depth": 4.415968655479462, "min_child_weight": 9.967098259172822, "subsample": 0.898650381214325}, "datetime": {"datetime": "2020-04-25 09:49:21", "elapsed": 161.159755, "delta": 4.642473}}
{"target": 0.6291692, "params": {"alpha": 0.8699537137197679, "colsample_bytree": 0.8930266536561884, "lam": 0.19090742113423476, "max_depth": 4.326335690094044, "min_child_weight": 2.2939667484686197, "subsample": 0.8049272300850947}, "datetime": {"datetime": "2020-04-25 09:49:26", "elapsed": 165.387165, "delta": 4.22741}}
{"target": 0.6268393999999999, "params": {"alpha": 0.9990380593937905, "colsample_bytree": 0.8885938462546534, "lam": 0.8807828251515571, "max_depth": 4.117548285946938, "min_child_weight": 5.122526642906941, "subsample": 0.8621630257664958}, "datetime": {"datetime": "2020-04-25 09:49:30", "elapsed": 169.873441, "delta": 4.486276}}
{"target": 0.6222522, "params": {"alpha": 0.8677879599616455, "colsample_bytree": 0.898371941817669, "lam": 0.012026127952185384, "max_depth": 8.552989417410467, "min_child_weight": 9.831986141278493, "subsample": 0.5154985380101322}, "datetime": {"datetime": "2020-04-25 09:49:35", "elapsed": 174.384812, "delta": 4.511371}}
{"target": 0.5748274, "params": {"alpha": 0.07398310027341148, "colsample_bytree": 0.899436019610928, "lam": 0.07555438714240525, "max_depth": 9.971673113938563, "min_child_weight": 1.9527085290871669, "subsample": 0.816678070210241}, "datetime": {"datetime": "2020-04-25 09:49:42", "elapsed": 181.298239, "delta": 6.913427}}
{"target": 0.5921837999999999, "params": {"alpha": 0.966903179555305, "colsample_bytree": 0.5733614960189924, "lam": 0.9991301323961829, "max_depth": 5.128280717133299, "min_child_weight": 1.2538054296166343, "subsample": 0.5304620556469004}, "datetime": {"datetime": "2020-04-25 09:49:45", "elapsed": 185.048067, "delta": 3.749828}}
{"target": 0.6199136000000001, "params": {"alpha": 0.025655956577382955, "colsample_bytree": 0.8455007497847871, "lam": 0.9435675253266769, "max_depth": 8.07277894284615, "min_child_weight": 1.421060578641864, "subsample": 0.5629144258191985}, "datetime": {"datetime": "2020-04-25 09:49:50", "elapsed": 189.690442, "delta": 4.642375}}
{"target": 0.625003, "params": {"alpha": 1.0, "colsample_bytree": 0.8999999978350185, "lam": 0.7867761123614825, "max_depth": 5.352096493262676, "min_child_weight": 5.685635148047971, "subsample": 0.899999994553719}, "datetime": {"datetime": "2020-04-25 09:49:55", "elapsed": 194.338734, "delta": 4.648292}}
{"target": 0.6283448, "params": {"alpha": 0.09626598003579157, "colsample_bytree": 0.8414501283564231, "lam": 0.9725837867321124, "max_depth": 8.7781258616175, "min_child_weight": 5.610953479354334, "subsample": 0.8420692347786578}, "datetime": {"datetime": "2020-04-25 09:50:01", "elapsed": 200.344649, "delta": 6.005915}}
{"target": 0.6224982000000001, "params": {"alpha": 0.18237011018423532, "colsample_bytree": 0.8984892514983129, "lam": 0.7828955442183217, "max_depth": 4.069208234964824, "min_child_weight": 2.416358733091779, "subsample": 0.564565678504636}, "datetime": {"datetime": "2020-04-25 09:50:04", "elapsed": 203.978546, "delta": 3.633897}}
{"target": 0.5926703999999999, "params": {"alpha": 0.7868124313453985, "colsample_bytree": 0.8591942806203132, "lam": 0.007996229541151423, "max_depth": 3.3538382313935964, "min_child_weight": 4.220277111502771, "subsample": 0.5376685538325615}, "datetime": {"datetime": "2020-04-25 09:50:08", "elapsed": 207.386522, "delta": 3.407976}}
{"target": 0.6317252, "params": {"alpha": 0.062345644045405546, "colsample_bytree": 0.894612071172791, "lam": 0.9922210090257344, "max_depth": 6.364012202983414, "min_child_weight": 3.9101666619019224, "subsample": 0.8889724501540537}, "datetime": {"datetime": "2020-04-25 09:50:13", "elapsed": 212.565467, "delta": 5.178945}}
{"target": 0.5862495999999999, "params": {"alpha": 0.8887421468465134, "colsample_bytree": 0.8570556239385803, "lam": 0.9967716397357146, "max_depth": 9.974997810951471, "min_child_weight": 1.3813459024244954, "subsample": 0.8884027033171342}, "datetime": {"datetime": "2020-04-25 09:50:20", "elapsed": 220.173221, "delta": 7.607754}}
{"target": 0.5847354, "params": {"alpha": 0.26924002136169756, "colsample_bytree": 0.8936326604526159, "lam": 0.008910792084172892, "max_depth": 6.134367636178146, "min_child_weight": 1.127857751863907, "subsample": 0.6457609134534329}, "datetime": {"datetime": "2020-04-25 09:50:25", "elapsed": 224.589914, "delta": 4.416693}}
{"target": 0.6356299999999999, "params": {"alpha": 0.0, "colsample_bytree": 0.9, "lam": 4.320546290537858e-09, "max_depth": 10.0, "min_child_weight": 10.0, "subsample": 0.6023917700364492}, "datetime": {"datetime": "2020-04-25 09:50:30", "elapsed": 229.97174, "delta": 5.381826}}
{"target": 0.563827, "params": {"alpha": 0.009956251027036567, "colsample_bytree": 0.5612264230713389, "lam": 0.8167921265911037, "max_depth": 3.076934477643949, "min_child_weight": 9.926274224138252, "subsample": 0.6610500862692887}, "datetime": {"datetime": "2020-04-25 09:50:34", "elapsed": 233.778528, "delta": 3.806788}}
{"target": 0.6118825999999999, "params": {"alpha": 0.004462379369666869, "colsample_bytree": 0.8910777732228323, "lam": 0.8885635101753089, "max_depth": 4.162051765366776, "min_child_weight": 9.989598897064761, "subsample": 0.5048429931946099}, "datetime": {"datetime": "2020-04-25 09:50:38", "elapsed": 237.435879, "delta": 3.657351}}
{"target": 0.6366444, "params": {"alpha": 0.7014511295075917, "colsample_bytree": 0.8859467680744912, "lam": 0.10149863986212815, "max_depth": 8.738786383440663, "min_child_weight": 7.638341120510733, "subsample": 0.8630455698304629}, "datetime": {"datetime": "2020-04-25 09:50:44", "elapsed": 243.423013, "delta": 5.987134}}
{"target": 0.620641, "params": {"alpha": 0.6242217286828816, "colsample_bytree": 0.8314030498729781, "lam": 0.8503707819661784, "max_depth": 8.035549551015105, "min_child_weight": 5.003573039565802, "subsample": 0.5037604705523819}, "datetime": {"datetime": "2020-04-25 09:50:48", "elapsed": 247.750682, "delta": 4.327669}}
{"target": 0.6339224000000001, "params": {"alpha": 0.29572667126648666, "colsample_bytree": 0.8981173619194867, "lam": 0.03317691058843564, "max_depth": 4.429072772289149, "min_child_weight": 8.761729179039811, "subsample": 0.8984459456269802}, "datetime": {"datetime": "2020-04-25 09:50:53", "elapsed": 252.413345, "delta": 4.662663}}
{"target": 0.6423570000000001, "params": {"alpha": 0.007118062881517395, "colsample_bytree": 0.8983257887283909, "lam": 0.09113733436845961, "max_depth": 8.705616846976113, "min_child_weight": 9.423944862881894, "subsample": 0.8843388039464691}, "datetime": {"datetime": "2020-04-25 09:50:59", "elapsed": 258.39952, "delta": 5.986175}}
{"target": 0.627792, "params": {"alpha": 0.09322463532245828, "colsample_bytree": 0.8595272809045764, "lam": 0.009356812139659998, "max_depth": 6.920773127218587, "min_child_weight": 5.612964193905595, "subsample": 0.8802851321035488}, "datetime": {"datetime": "2020-04-25 09:51:04", "elapsed": 263.802407, "delta": 5.402887}}
{"target": 0.6359386, "params": {"alpha": 0.12528750463149785, "colsample_bytree": 0.84848679552396, "lam": 0.08929253045799213, "max_depth": 6.151107226807527, "min_child_weight": 9.42701996823895, "subsample": 0.8932804547115001}, "datetime": {"datetime": "2020-04-25 09:51:09", "elapsed": 268.51716, "delta": 4.714753}}
{"target": 0.6422943999999999, "params": {"alpha": 0.8723616756161227, "colsample_bytree": 0.8925280148499626, "lam": 0.9764150509276945, "max_depth": 9.044297856337447, "min_child_weight": 9.93441417855093, "subsample": 0.891586060299201}, "datetime": {"datetime": "2020-04-25 09:51:15", "elapsed": 274.565369, "delta": 6.048209}}
{"target": 0.630238, "params": {"alpha": 0.7642909614185944, "colsample_bytree": 0.8909352485253855, "lam": 0.8717199724107794, "max_depth": 7.307907271622772, "min_child_weight": 9.120262579354478, "subsample": 0.8519751379170679}, "datetime": {"datetime": "2020-04-25 09:51:20", "elapsed": 279.780785, "delta": 5.215416}}
{"target": 0.6335414, "params": {"alpha": 0.06554428172680293, "colsample_bytree": 0.8587091444964388, "lam": 0.9368360810928453, "max_depth": 7.5040367211212935, "min_child_weight": 6.786591378613845, "subsample": 0.8788468001278436}, "datetime": {"datetime": "2020-04-25 09:51:26", "elapsed": 285.371917, "delta": 5.591132}}
{"target": 0.6264012, "params": {"alpha": 0.9593059674411646, "colsample_bytree": 0.8623388281523658, "lam": 0.9660755894627934, "max_depth": 4.174946019588807, "min_child_weight": 3.4080465464007768, "subsample": 0.733110449980019}, "datetime": {"datetime": "2020-04-25 09:51:30", "elapsed": 289.55239, "delta": 4.180473}}
{"target": 0.6370505999999999, "params": {"alpha": 0.9708266652730677, "colsample_bytree": 0.864305964120841, "lam": 0.024908160023288106, "max_depth": 9.666280627352648, "min_child_weight": 5.825681273900691, "subsample": 0.8767519869063126}, "datetime": {"datetime": "2020-04-25 09:51:37", "elapsed": 296.553082, "delta": 7.000692}}
{"target": 0.5909909999999999, "params": {"alpha": 0.10581887587079009, "colsample_bytree": 0.5107896327331867, "lam": 0.09658564722125229, "max_depth": 4.492595232569185, "min_child_weight": 9.966158740191561, "subsample": 0.51201985027571}, "datetime": {"datetime": "2020-04-25 09:51:41", "elapsed": 300.615522, "delta": 4.06244}}
{"target": 0.607464, "params": {"alpha": 0.9646337528486347, "colsample_bytree": 0.8719814384140606, "lam": 0.02404008092421872, "max_depth": 6.144594646739392, "min_child_weight": 3.453358558249607, "subsample": 0.5494331473758879}, "datetime": {"datetime": "2020-04-25 09:51:45", "elapsed": 304.771442, "delta": 4.15592}}
{"target": 0.6156526, "params": {"alpha": 0.3664510993182414, "colsample_bytree": 0.8850861739600228, "lam": 0.3278085210365438, "max_depth": 3.9954701391308998, "min_child_weight": 4.187145184684993, "subsample": 0.8990295996635469}, "datetime": {"datetime": "2020-04-25 09:51:49", "elapsed": 309.144744, "delta": 4.373302}}
{"target": 0.6153042, "params": {"alpha": 0.022833616581410587, "colsample_bytree": 0.8386484962017082, "lam": 0.8697590689967223, "max_depth": 8.716693669471583, "min_child_weight": 3.031600985906854, "subsample": 0.8869147629166381}, "datetime": {"datetime": "2020-04-25 09:51:56", "elapsed": 315.755946, "delta": 6.611202}}
{"target": 0.5421194, "params": {"alpha": 0.08834988485272555, "colsample_bytree": 0.5059044501661887, "lam": 0.8007272283766647, "max_depth": 8.968267498387377, "min_child_weight": 1.0003764802675659, "subsample": 0.7750152668594494}, "datetime": {"datetime": "2020-04-25 09:52:02", "elapsed": 322.200613, "delta": 6.444667}}
{"target": 0.6201322, "params": {"alpha": 0.8607065613564308, "colsample_bytree": 0.8534555859269306, "lam": 0.9761350279333701, "max_depth": 8.490465566618811, "min_child_weight": 3.103253617907131, "subsample": 0.5148016773023365}, "datetime": {"datetime": "2020-04-25 09:52:08", "elapsed": 327.280272, "delta": 5.079659}}
