{"target": 0.6115978, "params": {"alpha": 0.8464871151007443, "colsample_bytree": 0.8990416612587191, "lam": 0.022679673487896013, "max_depth": 8.112950576407902, "min_child_weight": 3.663906658521244, "subsample": 0.8786448606143841}, "datetime": {"datetime": "2020-04-25 10:06:49", "elapsed": 1208.980841, "delta": 8.747559}}
{"target": 0.5614146, "params": {"alpha": 0.02976348885273805, "colsample_bytree": 0.5255865113263607, "lam": 0.9724948287841131, "max_depth": 7.5404276144902935, "min_child_weight": 2.028186703850414, "subsample": 0.5572404372995652}, "datetime": {"datetime": "2020-04-25 10:06:57", "elapsed": 1216.578378, "delta": 7.597537}}
{"target": 0.557078, "params": {"alpha": 0.0, "colsample_bytree": 0.5000000000000481, "lam": 0.0, "max_depth": 3.1087084001604106, "min_child_weight": 4.124147601222369, "subsample": 0.8392363690688418}, "datetime": {"datetime": "2020-04-25 10:07:04", "elapsed": 1223.50157, "delta": 6.923192}}
{"target": 0.5533996, "params": {"alpha": 0.8687366131273833, "colsample_bytree": 0.504059828115196, "lam": 0.378114250376107, "max_depth": 3.0195700284554396, "min_child_weight": 1.4458348203011673, "subsample": 0.8859105130470248}, "datetime": {"datetime": "2020-04-25 10:07:12", "elapsed": 1231.590035, "delta": 8.088465}}
{"target": 0.6292882, "params": {"alpha": 0.8627674395381311, "colsample_bytree": 0.8627834665968198, "lam": 0.057201110303546354, "max_depth": 8.168780618376276, "min_child_weight": 9.05212366759437, "subsample": 0.8933310698355772}, "datetime": {"datetime": "2020-04-25 10:07:22", "elapsed": 1241.55786, "delta": 9.967825}}
{"target": 0.5954356, "params": {"alpha": 0.9983256717910032, "colsample_bytree": 0.7072087668801488, "lam": 0.9967115154200351, "max_depth": 3.166591819195815, "min_child_weight": 5.195231649542821, "subsample": 0.8363312266479728}, "datetime": {"datetime": "2020-04-25 10:07:29", "elapsed": 1248.433648, "delta": 6.875788}}
{"target": 0.626219, "params": {"alpha": 0.016777384218556124, "colsample_bytree": 0.6776807513869924, "lam": 0.9843351576169841, "max_depth": 5.509348327963898, "min_child_weight": 9.638194818279306, "subsample": 0.5198948732479733}, "datetime": {"datetime": "2020-04-25 10:07:35", "elapsed": 1254.829116, "delta": 6.395468}}
{"target": 0.6175406, "params": {"alpha": 0.8547284396887196, "colsample_bytree": 0.8851645927738707, "lam": 0.9702914123290078, "max_depth": 8.194794552175914, "min_child_weight": 2.421508687271347, "subsample": 0.8890299848156739}, "datetime": {"datetime": "2020-04-25 10:07:45", "elapsed": 1264.812944, "delta": 9.983828}}
{"target": 0.6033054, "params": {"alpha": 0.45773859087092716, "colsample_bytree": 0.8914936249149372, "lam": 0.875171194582626, "max_depth": 4.276164430863085, "min_child_weight": 7.414620766015085, "subsample": 0.5296729539021429}, "datetime": {"datetime": "2020-04-25 10:07:53", "elapsed": 1272.347297, "delta": 7.534353}}
{"target": 0.6233722, "params": {"alpha": 1.5883522101655715e-07, "colsample_bytree": 0.8949579346662189, "lam": 0.364018202009563, "max_depth": 4.318880857129284, "min_child_weight": 1.0000002421232677, "subsample": 0.8999999796879641}, "datetime": {"datetime": "2020-04-25 10:08:01", "elapsed": 1280.361944, "delta": 8.014647}}
{"target": 0.6354952, "params": {"alpha": 0.2717538545130306, "colsample_bytree": 0.8744234421652022, "lam": 0.32226369456945925, "max_depth": 6.017332172709523, "min_child_weight": 8.315983542147723, "subsample": 0.897150117241676}, "datetime": {"datetime": "2020-04-25 10:08:08", "elapsed": 1288.162896, "delta": 7.800952}}
{"target": 0.6202506000000001, "params": {"alpha": 0.9699705508648333, "colsample_bytree": 0.7764584334780478, "lam": 0.4111297590190006, "max_depth": 4.397237759021984, "min_child_weight": 6.414385356837218, "subsample": 0.8881072914516555}, "datetime": {"datetime": "2020-04-25 10:08:16", "elapsed": 1296.007247, "delta": 7.844351}}
{"target": 0.6240312, "params": {"alpha": 0.05739911369044792, "colsample_bytree": 0.6378591354394474, "lam": 0.1911932421614989, "max_depth": 4.897438532117954, "min_child_weight": 7.825252479536022, "subsample": 0.8994644289049076}, "datetime": {"datetime": "2020-04-25 10:08:24", "elapsed": 1303.84796, "delta": 7.840713}}
{"target": 0.6226170000000001, "params": {"alpha": 0.9900828765587703, "colsample_bytree": 0.8429512063393247, "lam": 0.45178680459843334, "max_depth": 5.707779158388652, "min_child_weight": 6.640852558355915, "subsample": 0.5884980955204983}, "datetime": {"datetime": "2020-04-25 10:08:32", "elapsed": 1311.266775, "delta": 7.418815}}
{"target": 0.6279205999999999, "params": {"alpha": 0.04476469207141098, "colsample_bytree": 0.8963935243698494, "lam": 0.9233267918917136, "max_depth": 4.772482115762334, "min_child_weight": 1.9509706595351834, "subsample": 0.8531608495656609}, "datetime": {"datetime": "2020-04-25 10:08:38", "elapsed": 1317.766009, "delta": 6.499234}}
{"target": 0.6397758, "params": {"alpha": 0.025600938743837953, "colsample_bytree": 0.8229816603586007, "lam": 0.5580480636971854, "max_depth": 5.12931204646196, "min_child_weight": 6.244457245681444, "subsample": 0.8810078036821267}, "datetime": {"datetime": "2020-04-25 10:08:47", "elapsed": 1326.645737, "delta": 8.879728}}
{"target": 0.6384314, "params": {"alpha": 0.018135489636431523, "colsample_bytree": 0.8179962750525962, "lam": 0.08643981850011084, "max_depth": 9.596134612742723, "min_child_weight": 9.854610918767694, "subsample": 0.8843788290117822}, "datetime": {"datetime": "2020-04-25 10:08:57", "elapsed": 1336.361033, "delta": 9.715296}}
{"target": 0.6276008000000001, "params": {"alpha": 0.7361107415239925, "colsample_bytree": 0.8652431978591952, "lam": 0.3394272099552874, "max_depth": 4.025953979940325, "min_child_weight": 8.250726642274422, "subsample": 0.8580917528143602}, "datetime": {"datetime": "2020-04-25 10:09:04", "elapsed": 1344.102676, "delta": 7.741643}}
{"target": 0.6385384, "params": {"alpha": 0.7686471208993632, "colsample_bytree": 0.8684040057429571, "lam": 0.12647561033016763, "max_depth": 9.156490740364335, "min_child_weight": 9.990726106795334, "subsample": 0.869444874648801}, "datetime": {"datetime": "2020-04-25 10:09:14", "elapsed": 1354.049709, "delta": 9.947033}}
{"target": 0.6387784, "params": {"alpha": 0.722898156320337, "colsample_bytree": 0.887501155322425, "lam": 0.04249480996648225, "max_depth": 5.207016505196821, "min_child_weight": 9.304397862247358, "subsample": 0.5694715492744793}, "datetime": {"datetime": "2020-04-25 10:09:22", "elapsed": 1362.08202, "delta": 8.032311}}
{"target": 0.6339134, "params": {"alpha": 0.9999999231841573, "colsample_bytree": 0.8999999951577449, "lam": 0.8975506480341104, "max_depth": 5.601635717069868, "min_child_weight": 4.51984972510381, "subsample": 0.8999999692736629}, "datetime": {"datetime": "2020-04-25 10:09:31", "elapsed": 1370.896213, "delta": 8.814193}}
{"target": 0.6244758, "params": {"alpha": 0.12681790442787155, "colsample_bytree": 0.8649742157618296, "lam": 0.9756873602245841, "max_depth": 9.845317953433078, "min_child_weight": 6.386256448383052, "subsample": 0.5636334392345178}, "datetime": {"datetime": "2020-04-25 10:09:40", "elapsed": 1379.927942, "delta": 9.031729}}
{"target": 0.6338724000000001, "params": {"alpha": 0.6577988387113427, "colsample_bytree": 0.8998798924423308, "lam": 0.7116563292873881, "max_depth": 6.286430182592011, "min_child_weight": 7.992175596242287, "subsample": 0.6051233752779875}, "datetime": {"datetime": "2020-04-25 10:09:48", "elapsed": 1388.078768, "delta": 8.150826}}
{"target": 0.6327552, "params": {"alpha": 0.10266204080859631, "colsample_bytree": 0.8913184370760412, "lam": 0.03497461396885426, "max_depth": 8.95831177516604, "min_child_weight": 8.571740197405795, "subsample": 0.8923998949142175}, "datetime": {"datetime": "2020-04-25 10:09:59", "elapsed": 1399.080178, "delta": 11.00141}}
{"target": 0.48405960000000003, "params": {"alpha": 0.0, "colsample_bytree": 0.5, "lam": 0.0, "max_depth": 9.999999999443205, "min_child_weight": 1.0, "subsample": 0.5}, "datetime": {"datetime": "2020-04-25 10:10:09", "elapsed": 1408.871042, "delta": 9.790864}}
{"target": 0.6229851999999999, "params": {"alpha": 0.09844805224982944, "colsample_bytree": 0.619318938057426, "lam": 0.9944353213632465, "max_depth": 9.11318562802998, "min_child_weight": 7.731260259202276, "subsample": 0.8075284982875909}, "datetime": {"datetime": "2020-04-25 10:10:20", "elapsed": 1419.278467, "delta": 10.407425}}
{"target": 0.6122221999999999, "params": {"alpha": 0.1793067876093949, "colsample_bytree": 0.5474162827222914, "lam": 0.9453242487681244, "max_depth": 5.931935249384183, "min_child_weight": 9.961431953588903, "subsample": 0.8753347228703918}, "datetime": {"datetime": "2020-04-25 10:10:27", "elapsed": 1426.84314, "delta": 7.564673}}
{"target": 0.6382367999999999, "params": {"alpha": 1.057303472004468e-08, "colsample_bytree": 0.9, "lam": 1.0, "max_depth": 5.411721591420709, "min_child_weight": 10.0, "subsample": 0.9}, "datetime": {"datetime": "2020-04-25 10:10:36", "elapsed": 1435.859945, "delta": 9.016805}}
{"target": 0.6043944, "params": {"alpha": 0.957706735422413, "colsample_bytree": 0.5209834027513006, "lam": 0.9344159070113568, "max_depth": 7.861782856572069, "min_child_weight": 5.125685878888861, "subsample": 0.8891254583116273}, "datetime": {"datetime": "2020-04-25 10:10:46", "elapsed": 1445.963854, "delta": 10.103909}}
{"target": 0.6343251999999999, "params": {"alpha": 0.5889718142708378, "colsample_bytree": 0.8281877871066603, "lam": 0.34611637542003415, "max_depth": 7.527469239974424, "min_child_weight": 4.572050081568096, "subsample": 0.8741458168446622}, "datetime": {"datetime": "2020-04-25 10:10:55", "elapsed": 1454.526464, "delta": 8.56261}}
{"target": 0.6303594, "params": {"alpha": 0.04336489120462195, "colsample_bytree": 0.8519084735483049, "lam": 0.0036930815940272588, "max_depth": 9.15567671705081, "min_child_weight": 4.633029608776051, "subsample": 0.8593627566168272}, "datetime": {"datetime": "2020-04-25 10:11:04", "elapsed": 1464.220043, "delta": 9.693579}}
{"target": 0.6099444, "params": {"alpha": 0.07480066815208508, "colsample_bytree": 0.890888515130572, "lam": 0.07201691718485903, "max_depth": 3.589198651068422, "min_child_weight": 2.8835551129313686, "subsample": 0.5413200753274284}, "datetime": {"datetime": "2020-04-25 10:11:13", "elapsed": 1472.655024, "delta": 8.434981}}
{"target": 0.6224482, "params": {"alpha": 0.035286900471572236, "colsample_bytree": 0.8905737992098417, "lam": 0.5459985976755005, "max_depth": 7.194342667062697, "min_child_weight": 3.2942895857397554, "subsample": 0.8824855860390565}, "datetime": {"datetime": "2020-04-25 10:11:23", "elapsed": 1482.637615, "delta": 9.982591}}
{"target": 0.6417643999999999, "params": {"alpha": 0.7537135745897106, "colsample_bytree": 0.8882401610295314, "lam": 0.39161543628890905, "max_depth": 5.7206311839886785, "min_child_weight": 7.244833963300174, "subsample": 0.8851399876348909}, "datetime": {"datetime": "2020-04-25 10:11:32", "elapsed": 1491.932165, "delta": 9.29455}}
{"target": 0.6473601999999999, "params": {"alpha": 0.051215362393881914, "colsample_bytree": 0.8931320707578847, "lam": 0.9361020038300273, "max_depth": 9.267598749677964, "min_child_weight": 9.671501448371698, "subsample": 0.861150956949619}, "datetime": {"datetime": "2020-04-25 10:11:42", "elapsed": 1501.804401, "delta": 9.872236}}
{"target": 0.635524, "params": {"alpha": 1.0, "colsample_bytree": 0.9, "lam": 0.0, "max_depth": 8.349413669705054, "min_child_weight": 7.794675222523033, "subsample": 0.9}, "datetime": {"datetime": "2020-04-25 10:11:51", "elapsed": 1511.133889, "delta": 9.329488}}
{"target": 0.6395058, "params": {"alpha": 0.4541550365448336, "colsample_bytree": 0.8939662035816716, "lam": 0.9929144326580751, "max_depth": 8.341215814852793, "min_child_weight": 6.540539638285665, "subsample": 0.8907574551189947}, "datetime": {"datetime": "2020-04-25 10:12:02", "elapsed": 1521.794739, "delta": 10.66085}}
{"target": 0.6376306, "params": {"alpha": 0.12114468192260908, "colsample_bytree": 0.8369609076502873, "lam": 0.03480996718641949, "max_depth": 7.2563614243575465, "min_child_weight": 9.924924267371134, "subsample": 0.8991023752124585}, "datetime": {"datetime": "2020-04-25 10:12:11", "elapsed": 1530.781907, "delta": 8.987168}}
{"target": 0.6419346, "params": {"alpha": 0.022001674212243416, "colsample_bytree": 0.8784916116975872, "lam": 0.08552624921381957, "max_depth": 6.9492558668087705, "min_child_weight": 9.323950232946268, "subsample": 0.8184160338166812}, "datetime": {"datetime": "2020-04-25 10:12:20", "elapsed": 1539.430719, "delta": 8.648812}}
{"target": 0.6309326000000001, "params": {"alpha": 0.027174374711115168, "colsample_bytree": 0.897324340889311, "lam": 0.4821385730055794, "max_depth": 9.583898352228006, "min_child_weight": 9.133262772411051, "subsample": 0.8791028891376516}, "datetime": {"datetime": "2020-04-25 10:12:30", "elapsed": 1549.937887, "delta": 10.507168}}
{"target": 0.6419678, "params": {"alpha": 0.9830206618852844, "colsample_bytree": 0.8897029099277931, "lam": 0.023312560835593188, "max_depth": 9.412198712595046, "min_child_weight": 8.920472597067793, "subsample": 0.8490842335427398}, "datetime": {"datetime": "2020-04-25 10:12:39", "elapsed": 1559.138783, "delta": 9.200896}}
{"target": 0.6213934, "params": {"alpha": 0.005894594271947051, "colsample_bytree": 0.8753111961092614, "lam": 0.9918774805672341, "max_depth": 9.199783787312228, "min_child_weight": 8.391857011068392, "subsample": 0.5315406582550242}, "datetime": {"datetime": "2020-04-25 10:12:48", "elapsed": 1567.950636, "delta": 8.811853}}
{"target": 0.6328842, "params": {"alpha": 0.645650803179628, "colsample_bytree": 0.8949135175989753, "lam": 0.997625539986688, "max_depth": 7.453587077966826, "min_child_weight": 7.202710939004247, "subsample": 0.8476970139972759}, "datetime": {"datetime": "2020-04-25 10:12:58", "elapsed": 1577.899782, "delta": 9.949146}}
{"target": 0.6199282, "params": {"alpha": 0.9999999999976575, "colsample_bytree": 0.8999999992257635, "lam": 0.0, "max_depth": 5.2997358744409, "min_child_weight": 1.0, "subsample": 0.8999999999997065}, "datetime": {"datetime": "2020-04-25 10:13:06", "elapsed": 1586.234143, "delta": 8.334361}}
{"target": 0.6201397999999999, "params": {"alpha": 0.018288567623281238, "colsample_bytree": 0.5649284061892894, "lam": 0.02709377203346852, "max_depth": 8.269566206505022, "min_child_weight": 9.974100904430694, "subsample": 0.8094111597044371}, "datetime": {"datetime": "2020-04-25 10:13:15", "elapsed": 1595.235782, "delta": 9.001639}}
{"target": 0.6279087999999999, "params": {"alpha": 0.3291189797624726, "colsample_bytree": 0.8594064807705656, "lam": 0.005329167639518628, "max_depth": 7.891228481584224, "min_child_weight": 4.78705836250876, "subsample": 0.8980618242894634}, "datetime": {"datetime": "2020-04-25 10:13:25", "elapsed": 1604.937007, "delta": 9.701225}}
{"target": 0.6400044, "params": {"alpha": 0.9999999841411034, "colsample_bytree": 0.8999999777796901, "lam": 0.9999999819196203, "max_depth": 5.740225020549309, "min_child_weight": 3.29692877994528, "subsample": 0.9}, "datetime": {"datetime": "2020-04-25 10:13:35", "elapsed": 1614.396529, "delta": 9.459522}}
{"target": 0.6277796, "params": {"alpha": 0.15445714512335007, "colsample_bytree": 0.894202281814905, "lam": 0.8665704440180315, "max_depth": 9.881413376291999, "min_child_weight": 3.5744322315744834, "subsample": 0.8990469276210717}, "datetime": {"datetime": "2020-04-25 10:13:47", "elapsed": 1626.687072, "delta": 12.290543}}
{"target": 0.635483, "params": {"alpha": 0.04509837196731581, "colsample_bytree": 0.8699570791858111, "lam": 0.054351753257899205, "max_depth": 8.749652169097285, "min_child_weight": 9.988644919989385, "subsample": 0.8996868159455818}, "datetime": {"datetime": "2020-04-25 10:13:58", "elapsed": 1637.608296, "delta": 10.921224}}
{"target": 0.5929788, "params": {"alpha": 0.985170220209846, "colsample_bytree": 0.532928789925314, "lam": 0.03849631552458577, "max_depth": 9.696240725959143, "min_child_weight": 9.297041247073473, "subsample": 0.5510773881775679}, "datetime": {"datetime": "2020-04-25 10:14:07", "elapsed": 1646.919787, "delta": 9.311491}}
{"target": 0.612304, "params": {"alpha": 0.07579885762503202, "colsample_bytree": 0.8820750512466393, "lam": 0.08511284362327787, "max_depth": 9.970924609362735, "min_child_weight": 3.8202362970069745, "subsample": 0.890735934065459}, "datetime": {"datetime": "2020-04-25 10:14:18", "elapsed": 1657.702908, "delta": 10.783121}}
{"target": 0.6242072000000001, "params": {"alpha": 0.9746081879030926, "colsample_bytree": 0.8917244118163283, "lam": 0.12654303746545714, "max_depth": 5.477849052389712, "min_child_weight": 8.02794837059465, "subsample": 0.5240813670171336}, "datetime": {"datetime": "2020-04-25 10:14:27", "elapsed": 1666.848093, "delta": 9.145185}}
{"target": 0.6395374, "params": {"alpha": 0.17749093918046888, "colsample_bytree": 0.8411153240885347, "lam": 0.007614159765984674, "max_depth": 6.753848790562628, "min_child_weight": 8.437433931951446, "subsample": 0.8982661767392868}, "datetime": {"datetime": "2020-04-25 10:14:37", "elapsed": 1676.802423, "delta": 9.95433}}
{"target": 0.6363898000000001, "params": {"alpha": 0.3161450175535043, "colsample_bytree": 0.8925358332301772, "lam": 0.07982684776319293, "max_depth": 9.589436192383506, "min_child_weight": 6.193419735237754, "subsample": 0.8938006728678782}, "datetime": {"datetime": "2020-04-25 10:14:49", "elapsed": 1688.632797, "delta": 11.830374}}
{"target": 0.6408050000000001, "params": {"alpha": 0.944315775841484, "colsample_bytree": 0.879997509892301, "lam": 0.5707636101262142, "max_depth": 5.836434007172794, "min_child_weight": 3.9562069987813167, "subsample": 0.8815650137579785}, "datetime": {"datetime": "2020-04-25 10:15:00", "elapsed": 1699.686672, "delta": 11.053875}}
{"target": 0.6397128000000001, "params": {"alpha": 0.03357160293718786, "colsample_bytree": 0.6944157629027502, "lam": 0.9903533008844966, "max_depth": 9.111560004818639, "min_child_weight": 9.374368896737382, "subsample": 0.8367909199673262}, "datetime": {"datetime": "2020-04-25 10:15:10", "elapsed": 1710.002624, "delta": 10.315952}}
{"target": 0.6213858, "params": {"alpha": 0.022939106036406698, "colsample_bytree": 0.897518146964442, "lam": 0.06290392344187679, "max_depth": 4.358512907719932, "min_child_weight": 2.042958291759531, "subsample": 0.8730791291471971}, "datetime": {"datetime": "2020-04-25 10:15:21", "elapsed": 1720.758579, "delta": 10.755955}}
{"target": 0.632647, "params": {"alpha": 0.9999999567597134, "colsample_bytree": 0.9, "lam": 1.0, "max_depth": 4.935759664979157, "min_child_weight": 3.3772634710290235, "subsample": 0.8999999667848567}, "datetime": {"datetime": "2020-04-25 10:15:31", "elapsed": 1730.433549, "delta": 9.67497}}
{"target": 0.6306954, "params": {"alpha": 0.9087212148111095, "colsample_bytree": 0.855588770082224, "lam": 0.020003422102663926, "max_depth": 4.950241748706337, "min_child_weight": 3.450135092219721, "subsample": 0.8940476995088372}, "datetime": {"datetime": "2020-04-25 10:15:41", "elapsed": 1740.734343, "delta": 10.300794}}
{"target": 0.6287778, "params": {"alpha": 0.09400537076915483, "colsample_bytree": 0.7244961018476452, "lam": 0.9155441405946095, "max_depth": 9.440748293221798, "min_child_weight": 9.921042809859642, "subsample": 0.8971498481185797}, "datetime": {"datetime": "2020-04-25 10:15:51", "elapsed": 1750.741253, "delta": 10.00691}}
{"target": 0.6377998, "params": {"alpha": 0.9999999735849046, "colsample_bytree": 0.8559327904008726, "lam": 0.9403527875696689, "max_depth": 9.092857219457606, "min_child_weight": 9.399269935131565, "subsample": 0.8936907083125832}, "datetime": {"datetime": "2020-04-25 10:16:03", "elapsed": 1763.066771, "delta": 12.325518}}
{"target": 0.6219344, "params": {"alpha": 0.2226803492253232, "colsample_bytree": 0.8844105173948247, "lam": 0.8352562802226211, "max_depth": 5.638153071787859, "min_child_weight": 9.722197824051735, "subsample": 0.5119226090260002}, "datetime": {"datetime": "2020-04-25 10:16:13", "elapsed": 1772.527835, "delta": 9.461064}}
{"target": 0.6228703999999999, "params": {"alpha": 0.9314540321811383, "colsample_bytree": 0.8784937939313823, "lam": 0.6945288859519138, "max_depth": 4.423629124885791, "min_child_weight": 8.894542059630716, "subsample": 0.8119685713192277}, "datetime": {"datetime": "2020-04-25 10:16:23", "elapsed": 1782.350544, "delta": 9.822709}}
{"target": 0.6286728, "params": {"alpha": 0.0, "colsample_bytree": 0.8999999999673703, "lam": 0.810086661883491, "max_depth": 6.525621683760719, "min_child_weight": 9.290832872787943, "subsample": 0.7596341896585258}, "datetime": {"datetime": "2020-04-25 10:16:33", "elapsed": 1792.434756, "delta": 10.084212}}
{"target": 0.630831, "params": {"alpha": 0.8793186634622372, "colsample_bytree": 0.8339027529632393, "lam": 0.9664509984402551, "max_depth": 7.264317776253678, "min_child_weight": 9.76949835889815, "subsample": 0.6572119868914073}, "datetime": {"datetime": "2020-04-25 10:16:42", "elapsed": 1801.426407, "delta": 8.991651}}
{"target": 0.6063672, "params": {"alpha": 0.0039261004048036785, "colsample_bytree": 0.8914205127446424, "lam": 0.8015879337600825, "max_depth": 8.660404133717517, "min_child_weight": 2.0449055307630646, "subsample": 0.8821530294677553}, "datetime": {"datetime": "2020-04-25 10:16:54", "elapsed": 1813.950027, "delta": 12.52362}}
{"target": 0.6255062, "params": {"alpha": 0.14299457601126997, "colsample_bytree": 0.8736146075883048, "lam": 0.9996221514636185, "max_depth": 4.499697737073285, "min_child_weight": 1.04827275823959, "subsample": 0.5190856863337295}, "datetime": {"datetime": "2020-04-25 10:17:03", "elapsed": 1822.570335, "delta": 8.620308}}
