{"target": 0.5892120000000001, "params": {"alpha": 0.9597152793542496, "colsample_bytree": 0.8926333017766682, "lam": 0.16527125882476512, "max_depth": 3.3512786066549896, "min_child_weight": 9.87675933102075, "subsample": 0.5173454480226446}, "datetime": {"datetime": "2020-04-25 12:28:14", "elapsed": 514.572075, "delta": 3.888576}}
{"target": 0.6178136000000001, "params": {"alpha": 0.01197353926439415, "colsample_bytree": 0.8888063546445302, "lam": 0.7416164026177031, "max_depth": 8.381856148435823, "min_child_weight": 5.438796004559661, "subsample": 0.872033120049814}, "datetime": {"datetime": "2020-04-25 12:28:18", "elapsed": 518.461501, "delta": 3.889426}}
{"target": 0.6375172, "params": {"alpha": 0.2762288313929565, "colsample_bytree": 0.8900020875362151, "lam": 0.9825468259756336, "max_depth": 6.71398158141037, "min_child_weight": 5.811589513216257, "subsample": 0.8783683013404275}, "datetime": {"datetime": "2020-04-25 12:28:23", "elapsed": 523.654626, "delta": 5.193125}}
{"target": 0.633652, "params": {"alpha": 0.9648700894459775, "colsample_bytree": 0.8698823595874744, "lam": 0.899762215607688, "max_depth": 6.137046319955861, "min_child_weight": 1.0314463421237823, "subsample": 0.7681609690539042}, "datetime": {"datetime": "2020-04-25 12:28:28", "elapsed": 527.97262, "delta": 4.317994}}
{"target": 0.6266938, "params": {"alpha": 4.2158262144331626e-07, "colsample_bytree": 0.9, "lam": 1.0, "max_depth": 7.213259232551031, "min_child_weight": 5.008924364721454, "subsample": 0.8999999883564325}, "datetime": {"datetime": "2020-04-25 12:28:32", "elapsed": 532.617776, "delta": 4.645156}}
{"target": 0.6077045999999999, "params": {"alpha": 0.7102159794518392, "colsample_bytree": 0.8994945598841818, "lam": 0.9977570111506424, "max_depth": 9.724930306444396, "min_child_weight": 2.744485650380833, "subsample": 0.8950335916356909}, "datetime": {"datetime": "2020-04-25 12:28:38", "elapsed": 538.198322, "delta": 5.580546}}
{"target": 0.619207, "params": {"alpha": 0.043780134354360234, "colsample_bytree": 0.5483129861488568, "lam": 0.0014895225070770124, "max_depth": 6.792259578398848, "min_child_weight": 4.56892908617297, "subsample": 0.8302572439833686}, "datetime": {"datetime": "2020-04-25 12:28:43", "elapsed": 543.464972, "delta": 5.26665}}
{"target": 0.611899, "params": {"alpha": 0.9076361939336989, "colsample_bytree": 0.8093248134650926, "lam": 0.9405772295648351, "max_depth": 9.109181018656393, "min_child_weight": 4.272243941406886, "subsample": 0.5233248986608805}, "datetime": {"datetime": "2020-04-25 12:28:47", "elapsed": 547.547144, "delta": 4.082172}}
{"target": 0.6194554, "params": {"alpha": 0.5578170692556985, "colsample_bytree": 0.8859759762882905, "lam": 0.934736433642172, "max_depth": 7.3779340423440445, "min_child_weight": 6.413068508966498, "subsample": 0.5064655295893512}, "datetime": {"datetime": "2020-04-25 12:28:53", "elapsed": 552.83027, "delta": 5.283126}}
{"target": 0.6361557999999999, "params": {"alpha": 0.05243845123883739, "colsample_bytree": 0.6742493307880839, "lam": 0.895303394058406, "max_depth": 5.81688318359881, "min_child_weight": 5.392354296096511, "subsample": 0.8619998762556998}, "datetime": {"datetime": "2020-04-25 12:28:58", "elapsed": 557.786476, "delta": 4.956206}}
{"target": 0.6421968, "params": {"alpha": 0.01794348903059173, "colsample_bytree": 0.8558865885019249, "lam": 0.5622299059276746, "max_depth": 5.0768810535983775, "min_child_weight": 3.563004575071246, "subsample": 0.8905968186046522}, "datetime": {"datetime": "2020-04-25 12:29:02", "elapsed": 562.048152, "delta": 4.261676}}
{"target": 0.61867, "params": {"alpha": 0.9383120939676912, "colsample_bytree": 0.8985068850993234, "lam": 0.05360890431780485, "max_depth": 8.249653830996849, "min_child_weight": 6.8854683368095095, "subsample": 0.503750441803334}, "datetime": {"datetime": "2020-04-25 12:29:06", "elapsed": 566.24864, "delta": 4.200488}}
{"target": 0.6319056, "params": {"alpha": 0.9833158224583612, "colsample_bytree": 0.8600000868100683, "lam": 0.202851665940063, "max_depth": 5.5166383802392, "min_child_weight": 9.965898823128098, "subsample": 0.8839528679488806}, "datetime": {"datetime": "2020-04-25 12:29:11", "elapsed": 570.845869, "delta": 4.597229}}
{"target": 0.6353042, "params": {"alpha": 0.17992131380355858, "colsample_bytree": 0.856435425050678, "lam": 0.9212019256035326, "max_depth": 5.82550455473663, "min_child_weight": 6.190351198429261, "subsample": 0.8694764155161463}, "datetime": {"datetime": "2020-04-25 12:29:16", "elapsed": 575.757105, "delta": 4.911236}}
{"target": 0.6326602, "params": {"alpha": 0.9999999945173422, "colsample_bytree": 0.8999999977780562, "lam": 0.9999999945734754, "max_depth": 5.679284660336356, "min_child_weight": 5.9025717425507755, "subsample": 0.8999999978293902}, "datetime": {"datetime": "2020-04-25 12:29:20", "elapsed": 580.040271, "delta": 4.283166}}
{"target": 0.6152520000000001, "params": {"alpha": 0.9771221405262955, "colsample_bytree": 0.5533872356700477, "lam": 0.13845014966383073, "max_depth": 6.011645726231974, "min_child_weight": 5.443867936212738, "subsample": 0.8895004071962379}, "datetime": {"datetime": "2020-04-25 12:29:25", "elapsed": 585.000592, "delta": 4.960321}}
{"target": 0.6217188, "params": {"alpha": 0.02887207410147019, "colsample_bytree": 0.8963594782577919, "lam": 0.8986907971058592, "max_depth": 4.520995827427302, "min_child_weight": 8.711541551816385, "subsample": 0.5019077112220318}, "datetime": {"datetime": "2020-04-25 12:29:30", "elapsed": 590.033367, "delta": 5.032775}}
{"target": 0.6062542000000001, "params": {"alpha": 0.9261213794974824, "colsample_bytree": 0.8638691804762814, "lam": 0.9977157901116932, "max_depth": 9.961574935247263, "min_child_weight": 1.0609766520302513, "subsample": 0.8927481827368969}, "datetime": {"datetime": "2020-04-25 12:29:36", "elapsed": 596.381741, "delta": 6.348374}}
{"target": 0.6426598, "params": {"alpha": 0.14591175592765915, "colsample_bytree": 0.8461129370733613, "lam": 0.07293084543868134, "max_depth": 8.588236645507752, "min_child_weight": 9.689620670769271, "subsample": 0.8558586391542768}, "datetime": {"datetime": "2020-04-25 12:29:41", "elapsed": 601.191428, "delta": 4.809687}}
{"target": 0.6254542000000001, "params": {"alpha": 0.00170415615978603, "colsample_bytree": 0.8844248184312098, "lam": 0.742505145184777, "max_depth": 9.993951379196124, "min_child_weight": 6.804142987036544, "subsample": 0.5450585847180762}, "datetime": {"datetime": "2020-04-25 12:29:47", "elapsed": 607.153211, "delta": 5.961783}}
{"target": 0.6060026, "params": {"alpha": 0.020972997975004293, "colsample_bytree": 0.586378809015733, "lam": 0.7647393517719131, "max_depth": 5.050393419720756, "min_child_weight": 3.898536389827744, "subsample": 0.8792417457271111}, "datetime": {"datetime": "2020-04-25 12:29:52", "elapsed": 611.761464, "delta": 4.608253}}
{"target": 0.6356748, "params": {"alpha": 0.09787267132509991, "colsample_bytree": 0.8085838482730341, "lam": 0.30940315412206953, "max_depth": 7.649254331136702, "min_child_weight": 8.739948714942196, "subsample": 0.8986914886894566}, "datetime": {"datetime": "2020-04-25 12:29:57", "elapsed": 616.78355, "delta": 5.022086}}
{"target": 0.6081638, "params": {"alpha": 1.0, "colsample_bytree": 0.8999999506182327, "lam": 0.6674601219130741, "max_depth": 7.007922759724337, "min_child_weight": 1.0, "subsample": 0.8999999275436433}, "datetime": {"datetime": "2020-04-25 12:30:01", "elapsed": 621.286665, "delta": 4.503115}}
{"target": 0.6409594000000001, "params": {"alpha": 0.0047001207846181225, "colsample_bytree": 0.8274539691325291, "lam": 0.5985283313624741, "max_depth": 7.365887134742593, "min_child_weight": 5.784251130486611, "subsample": 0.8133031285114194}, "datetime": {"datetime": "2020-04-25 12:30:05", "elapsed": 625.460256, "delta": 4.173591}}
{"target": 0.6044604, "params": {"alpha": 0.0, "colsample_bytree": 0.5, "lam": 0.9999999997109481, "max_depth": 5.851701896819167, "min_child_weight": 7.963396746311366, "subsample": 0.8999999995597382}, "datetime": {"datetime": "2020-04-25 12:30:10", "elapsed": 629.942111, "delta": 4.481855}}
{"target": 0.6293241999999999, "params": {"alpha": 0.0004383321303600418, "colsample_bytree": 0.8632735752788878, "lam": 0.059673867092981836, "max_depth": 4.004201491515946, "min_child_weight": 6.815732342905168, "subsample": 0.8578073335776192}, "datetime": {"datetime": "2020-04-25 12:30:15", "elapsed": 635.249193, "delta": 5.307082}}
{"target": 0.632521, "params": {"alpha": 0.04271323450698061, "colsample_bytree": 0.8712071441735987, "lam": 0.9756593247743717, "max_depth": 9.980928749254396, "min_child_weight": 9.703096770330063, "subsample": 0.749385634953389}, "datetime": {"datetime": "2020-04-25 12:30:21", "elapsed": 640.998426, "delta": 5.749233}}
{"target": 0.6311304000000001, "params": {"alpha": 0.02226257421841482, "colsample_bytree": 0.8756768208501844, "lam": 0.9229281092694116, "max_depth": 5.753417563847851, "min_child_weight": 5.263840816325201, "subsample": 0.7410523063333582}, "datetime": {"datetime": "2020-04-25 12:30:25", "elapsed": 645.295606, "delta": 4.29718}}
{"target": 0.6332516000000001, "params": {"alpha": 0.4025556762943424, "colsample_bytree": 0.8750818436996273, "lam": 0.5496190699915231, "max_depth": 6.846073975378879, "min_child_weight": 7.534484415925191, "subsample": 0.8928201337046267}, "datetime": {"datetime": "2020-04-25 12:30:29", "elapsed": 649.670737, "delta": 4.375131}}
{"target": 0.6209512000000001, "params": {"alpha": 0.9597304014217087, "colsample_bytree": 0.8756364674072472, "lam": 0.9778816438623044, "max_depth": 4.151009097136317, "min_child_weight": 3.5403962280842105, "subsample": 0.88674697912291}, "datetime": {"datetime": "2020-04-25 12:30:35", "elapsed": 655.1256, "delta": 5.454863}}
{"target": 0.63426, "params": {"alpha": 0.9999998952612656, "colsample_bytree": 0.8808079265813566, "lam": 0.9999999067705824, "max_depth": 8.453449664697525, "min_child_weight": 4.1468302418796466, "subsample": 0.9}, "datetime": {"datetime": "2020-04-25 12:30:40", "elapsed": 659.866727, "delta": 4.741127}}
{"target": 0.633065, "params": {"alpha": 0.01710251555490594, "colsample_bytree": 0.886133686541251, "lam": 0.4086878488605833, "max_depth": 4.786062376908692, "min_child_weight": 9.70305110077359, "subsample": 0.8881433726449459}, "datetime": {"datetime": "2020-04-25 12:30:44", "elapsed": 664.307204, "delta": 4.440477}}
{"target": 0.622566, "params": {"alpha": 1.0, "colsample_bytree": 0.9, "lam": 0.9993369540945994, "max_depth": 9.999999996034441, "min_child_weight": 9.332156002959525, "subsample": 0.5}, "datetime": {"datetime": "2020-04-25 12:30:49", "elapsed": 668.738071, "delta": 4.430867}}
{"target": 0.6322976, "params": {"alpha": 0.7443351921080474, "colsample_bytree": 0.8710863831328883, "lam": 0.5290142366139526, "max_depth": 8.632185148985874, "min_child_weight": 6.446076326833474, "subsample": 0.8977525886277871}, "datetime": {"datetime": "2020-04-25 12:30:54", "elapsed": 673.72037, "delta": 4.982299}}
{"target": 0.6386649999999999, "params": {"alpha": 0.9523067157876495, "colsample_bytree": 0.8675806487196485, "lam": 0.6090693398899367, "max_depth": 7.246815630758811, "min_child_weight": 7.626004259480263, "subsample": 0.7881343563581376}, "datetime": {"datetime": "2020-04-25 12:30:58", "elapsed": 678.55505, "delta": 4.83468}}
{"target": 0.6411754000000001, "params": {"alpha": 0.6611314953334108, "colsample_bytree": 0.8980031817785582, "lam": 0.8935240233348956, "max_depth": 5.992778140300345, "min_child_weight": 9.893948464229156, "subsample": 0.890226228639851}, "datetime": {"datetime": "2020-04-25 12:31:03", "elapsed": 683.16379, "delta": 4.60874}}
{"target": 0.6099954000000001, "params": {"alpha": 0.8848125908319179, "colsample_bytree": 0.8873971925972819, "lam": 0.11571580972225526, "max_depth": 3.9342760171512925, "min_child_weight": 2.3222642923120853, "subsample": 0.5331921408661525}, "datetime": {"datetime": "2020-04-25 12:31:09", "elapsed": 688.979803, "delta": 5.816013}}
{"target": 0.6347710000000001, "params": {"alpha": 0.41651733081204234, "colsample_bytree": 0.8947615784352454, "lam": 0.29107223770207813, "max_depth": 9.948578840419323, "min_child_weight": 7.881264778463447, "subsample": 0.8247307633208207}, "datetime": {"datetime": "2020-04-25 12:31:15", "elapsed": 694.975865, "delta": 5.996062}}
{"target": 0.6438917999999999, "params": {"alpha": 0.0, "colsample_bytree": 0.8999999893175266, "lam": 7.519286216860675e-09, "max_depth": 6.3746845281717235, "min_child_weight": 8.753063642299741, "subsample": 0.899999988908004}, "datetime": {"datetime": "2020-04-25 12:31:21", "elapsed": 701.278651, "delta": 6.302786}}
{"target": 0.632828, "params": {"alpha": 0.5011740871171408, "colsample_bytree": 0.8968816963805168, "lam": 0.9405667335757554, "max_depth": 6.199311938444605, "min_child_weight": 9.192288368060861, "subsample": 0.8442585129534284}, "datetime": {"datetime": "2020-04-25 12:31:27", "elapsed": 706.982602, "delta": 5.703951}}
{"target": 0.6305238000000001, "params": {"alpha": 0.9962559793735289, "colsample_bytree": 0.8760311432029342, "lam": 0.9680586837061494, "max_depth": 8.33729528743966, "min_child_weight": 9.30600762100847, "subsample": 0.7154232388601515}, "datetime": {"datetime": "2020-04-25 12:31:33", "elapsed": 712.945057, "delta": 5.962455}}
{"target": 0.6285372, "params": {"alpha": 1.0038880227000462e-08, "colsample_bytree": 0.8999999871194204, "lam": 0.7301637182081674, "max_depth": 3.7788603333246913, "min_child_weight": 9.999999972840847, "subsample": 0.8999999596716695}, "datetime": {"datetime": "2020-04-25 12:31:38", "elapsed": 717.73124, "delta": 4.786183}}
{"target": 0.63965, "params": {"alpha": 0.04767691668822127, "colsample_bytree": 0.8849198564371314, "lam": 0.0754233603935015, "max_depth": 5.785850833192169, "min_child_weight": 8.417768106096126, "subsample": 0.8818014043451623}, "datetime": {"datetime": "2020-04-25 12:31:42", "elapsed": 722.558136, "delta": 4.826896}}
{"target": 0.6222038, "params": {"alpha": 0.999999999992002, "colsample_bytree": 0.8999999424433173, "lam": 0.999999999992002, "max_depth": 9.999999999982448, "min_child_weight": 5.423267442001081, "subsample": 0.8999999999968008}, "datetime": {"datetime": "2020-04-25 12:31:48", "elapsed": 728.043566, "delta": 5.48543}}
{"target": 0.6266342, "params": {"alpha": 0.009399881357545325, "colsample_bytree": 0.7491273376357587, "lam": 0.7178562288233956, "max_depth": 6.426745384298952, "min_child_weight": 5.928970854102439, "subsample": 0.876459637499719}, "datetime": {"datetime": "2020-04-25 12:31:54", "elapsed": 734.342105, "delta": 6.298539}}
{"target": 0.5130216, "params": {"alpha": 0.9999999769911485, "colsample_bytree": 0.5000000081817784, "lam": 5.087031829448339e-09, "max_depth": 9.99999999659537, "min_child_weight": 1.0, "subsample": 0.8999999777337212}, "datetime": {"datetime": "2020-04-25 12:32:01", "elapsed": 741.106074, "delta": 6.763969}}
{"target": 0.5989207999999999, "params": {"alpha": 0.9962219726138395, "colsample_bytree": 0.5021680413384363, "lam": 0.4792615382919203, "max_depth": 9.185968906993311, "min_child_weight": 5.8652943648367355, "subsample": 0.8203356157716604}, "datetime": {"datetime": "2020-04-25 12:32:08", "elapsed": 747.793383, "delta": 6.687309}}
{"target": 0.638695, "params": {"alpha": 0.27584112056530063, "colsample_bytree": 0.8620025766192393, "lam": 0.26808570426825473, "max_depth": 7.713314748813492, "min_child_weight": 5.910944238364785, "subsample": 0.8942570107713648}, "datetime": {"datetime": "2020-04-25 12:32:14", "elapsed": 754.483811, "delta": 6.690428}}
{"target": 0.622797, "params": {"alpha": 0.36437614895960724, "colsample_bytree": 0.8811691984878088, "lam": 0.02417015067515038, "max_depth": 9.759228674517377, "min_child_weight": 4.757602225997822, "subsample": 0.5094084522926086}, "datetime": {"datetime": "2020-04-25 12:32:19", "elapsed": 759.469687, "delta": 4.985876}}
{"target": 0.6364468, "params": {"alpha": 1.9924645678516306e-08, "colsample_bytree": 0.899999999946403, "lam": 0.010684595948661512, "max_depth": 9.443902900540657, "min_child_weight": 8.630319887317237, "subsample": 0.8478815940202936}, "datetime": {"datetime": "2020-04-25 12:32:24", "elapsed": 764.463968, "delta": 4.994281}}
{"target": 0.6268201999999999, "params": {"alpha": 0.14788378740547214, "colsample_bytree": 0.8709484583511556, "lam": 0.0034975180582084153, "max_depth": 9.949109599069546, "min_child_weight": 5.204372025136156, "subsample": 0.8994394580446157}, "datetime": {"datetime": "2020-04-25 12:32:30", "elapsed": 769.756768, "delta": 5.2928}}
{"target": 0.6409824, "params": {"alpha": 0.06984875330672968, "colsample_bytree": 0.8926597223426035, "lam": 0.939030537314946, "max_depth": 6.24085894149227, "min_child_weight": 8.105294636310575, "subsample": 0.8890184939072826}, "datetime": {"datetime": "2020-04-25 12:32:35", "elapsed": 775.57653, "delta": 5.819762}}
{"target": 0.6220304, "params": {"alpha": 0.9819237287307745, "colsample_bytree": 0.8883173671793985, "lam": 0.9790668873485134, "max_depth": 5.683603479785793, "min_child_weight": 8.762042581501536, "subsample": 0.5473688547751825}, "datetime": {"datetime": "2020-04-25 12:32:42", "elapsed": 781.974676, "delta": 6.398146}}
{"target": 0.6277944, "params": {"alpha": 0.011956705824430558, "colsample_bytree": 0.899999999999965, "lam": 0.9999999999999581, "max_depth": 4.222036448980067, "min_child_weight": 1.0, "subsample": 0.8999999999999846}, "datetime": {"datetime": "2020-04-25 12:32:48", "elapsed": 788.414958, "delta": 6.440282}}
{"target": 0.6224542000000001, "params": {"alpha": 0.9999999980219108, "colsample_bytree": 0.8999999581614074, "lam": 3.3016741002844843e-08, "max_depth": 9.999999978399863, "min_child_weight": 9.923141083356471, "subsample": 0.5380598039623123}, "datetime": {"datetime": "2020-04-25 12:32:54", "elapsed": 794.477321, "delta": 6.062363}}
{"target": 0.6071176, "params": {"alpha": 0.0, "colsample_bytree": 0.9, "lam": 0.0, "max_depth": 8.32946240047021, "min_child_weight": 1.0610134994081226, "subsample": 0.8999999839253926}, "datetime": {"datetime": "2020-04-25 12:33:00", "elapsed": 800.073712, "delta": 5.596391}}
{"target": 0.6045976000000001, "params": {"alpha": 0.6748427589772671, "colsample_bytree": 0.5016241172020856, "lam": 0.9288104356947297, "max_depth": 6.091906205355892, "min_child_weight": 9.978157367477156, "subsample": 0.768535060684133}, "datetime": {"datetime": "2020-04-25 12:33:05", "elapsed": 805.070225, "delta": 4.996513}}
{"target": 0.6011714, "params": {"alpha": 0.9422353492415299, "colsample_bytree": 0.8717744572153874, "lam": 0.8213073752733898, "max_depth": 5.589109629745198, "min_child_weight": 1.0334906992898556, "subsample": 0.5051619934264203}, "datetime": {"datetime": "2020-04-25 12:33:11", "elapsed": 811.264264, "delta": 6.194039}}
{"target": 0.6315588, "params": {"alpha": 0.7965674174516449, "colsample_bytree": 0.887922596649531, "lam": 0.2817469827408309, "max_depth": 4.570456357832628, "min_child_weight": 1.9072471127925703, "subsample": 0.8671249150061942}, "datetime": {"datetime": "2020-04-25 12:33:18", "elapsed": 817.765559, "delta": 6.501295}}
{"target": 0.6114371999999999, "params": {"alpha": 0.012602295830845045, "colsample_bytree": 0.560921330075042, "lam": 0.4413276867921271, "max_depth": 8.955988401652911, "min_child_weight": 8.24059972120877, "subsample": 0.6240285782090362}, "datetime": {"datetime": "2020-04-25 12:33:25", "elapsed": 825.213886, "delta": 7.448327}}
{"target": 0.6135617999999999, "params": {"alpha": 0.9710907026057697, "colsample_bytree": 0.6680329961853082, "lam": 0.3395815889848516, "max_depth": 5.8456190721041486, "min_child_weight": 1.4868653263181406, "subsample": 0.8764153025383598}, "datetime": {"datetime": "2020-04-25 12:33:30", "elapsed": 830.550531, "delta": 5.336645}}
{"target": 0.6180396, "params": {"alpha": 0.9945381709733518, "colsample_bytree": 0.8835054020914157, "lam": 0.963459428977992, "max_depth": 9.002099145176894, "min_child_weight": 6.627804871839884, "subsample": 0.5032300145108617}, "datetime": {"datetime": "2020-04-25 12:33:37", "elapsed": 837.434918, "delta": 6.884387}}
{"target": 0.6347693999999999, "params": {"alpha": 0.9098363577406655, "colsample_bytree": 0.8868587892116572, "lam": 0.6272184237057437, "max_depth": 8.213520337938274, "min_child_weight": 7.829237393348488, "subsample": 0.8495376400842942}, "datetime": {"datetime": "2020-04-25 12:33:43", "elapsed": 843.249571, "delta": 5.814653}}
{"target": 0.6172636, "params": {"alpha": 0.9862503460785861, "colsample_bytree": 0.5359635770158112, "lam": 0.9696088385727788, "max_depth": 4.767001522246093, "min_child_weight": 6.789890163761916, "subsample": 0.8322953457108562}, "datetime": {"datetime": "2020-04-25 12:33:51", "elapsed": 851.54243, "delta": 8.292859}}
{"target": 0.6290774, "params": {"alpha": 0.05332860723635291, "colsample_bytree": 0.8286194459645397, "lam": 0.850569128189998, "max_depth": 9.99684556367749, "min_child_weight": 7.574604008979769, "subsample": 0.7340850208850467}, "datetime": {"datetime": "2020-04-25 12:33:58", "elapsed": 858.244507, "delta": 6.702077}}
{"target": 0.6169654000000001, "params": {"alpha": 0.03111969539937065, "colsample_bytree": 0.7927505076840919, "lam": 0.09634547237856428, "max_depth": 3.8103539745816657, "min_child_weight": 7.6625805304211205, "subsample": 0.5084326635810437}, "datetime": {"datetime": "2020-04-25 12:34:03", "elapsed": 863.357622, "delta": 5.113115}}
{"target": 0.6032466000000001, "params": {"alpha": 0.9913239867596613, "colsample_bytree": 0.8910332750762255, "lam": 0.02505771433277293, "max_depth": 9.892237604408317, "min_child_weight": 4.449673140475417, "subsample": 0.5055487312476471}, "datetime": {"datetime": "2020-04-25 12:34:10", "elapsed": 870.33829, "delta": 6.980668}}
