{"target": 0.5402693999999999, "params": {"alpha": 1.0129627155005805e-09, "colsample_bytree": 0.5000000045047819, "lam": 1.0, "max_depth": 10.0, "min_child_weight": 1.0000000155477584, "subsample": 0.5}, "datetime": {"datetime": "2020-04-24 23:42:02", "elapsed": 4990.787948, "delta": 21.941532}}
{"target": 0.6036425999999999, "params": {"alpha": 0.9970873891931749, "colsample_bytree": 0.8415823471259315, "lam": 0.4289887381927364, "max_depth": 8.792823345337611, "min_child_weight": 1.0258861107293522, "subsample": 0.5141999468202485}, "datetime": {"datetime": "2020-04-24 23:42:24", "elapsed": 5012.54895, "delta": 21.761002}}
{"target": 0.6177784, "params": {"alpha": 0.8714822016814017, "colsample_bytree": 0.8794486046793537, "lam": 0.8331188281629078, "max_depth": 7.7269158311938595, "min_child_weight": 6.351010791503393, "subsample": 0.5150087286814415}, "datetime": {"datetime": "2020-04-24 23:42:47", "elapsed": 5035.960707, "delta": 23.411757}}
{"target": 0.6034796, "params": {"alpha": 0.9686482505990442, "colsample_bytree": 0.8655280933900978, "lam": 0.9903580365230221, "max_depth": 8.888752643844558, "min_child_weight": 3.1673650583632806, "subsample": 0.6047651216354321}, "datetime": {"datetime": "2020-04-24 23:43:07", "elapsed": 5056.024362, "delta": 20.063655}}
{"target": 0.607499, "params": {"alpha": 0.9858498038428426, "colsample_bytree": 0.8676199330317569, "lam": 0.7619440075962082, "max_depth": 9.91620516671913, "min_child_weight": 2.205540232118857, "subsample": 0.5055097667806667}, "datetime": {"datetime": "2020-04-24 23:43:32", "elapsed": 5080.638124, "delta": 24.613762}}
{"target": 0.5711468, "params": {"alpha": 1.0, "colsample_bytree": 0.5, "lam": 0.0, "max_depth": 4.196808608906836, "min_child_weight": 1.000000000053656, "subsample": 0.5000000000214346}, "datetime": {"datetime": "2020-04-24 23:43:53", "elapsed": 5101.578521, "delta": 20.940397}}
{"target": 0.638917, "params": {"alpha": 0.4323104068373126, "colsample_bytree": 0.8982569002682257, "lam": 0.3473405315933835, "max_depth": 7.113843103462738, "min_child_weight": 7.250380934664604, "subsample": 0.8959338341613352}, "datetime": {"datetime": "2020-04-24 23:44:13", "elapsed": 5121.119117, "delta": 19.540596}}
{"target": 0.6334778, "params": {"alpha": 0.5102837268232028, "colsample_bytree": 0.8976606269115215, "lam": 0.9458820771056984, "max_depth": 5.962539891505349, "min_child_weight": 8.039832589997065, "subsample": 0.7761707498861914}, "datetime": {"datetime": "2020-04-24 23:44:31", "elapsed": 5139.694597, "delta": 18.57548}}
{"target": 0.6327498, "params": {"alpha": 0.45459468701977235, "colsample_bytree": 0.8958428631653563, "lam": 0.22908102825603105, "max_depth": 7.624938989375469, "min_child_weight": 8.419382091133976, "subsample": 0.8983765049565213}, "datetime": {"datetime": "2020-04-24 23:44:56", "elapsed": 5164.311174, "delta": 24.616577}}
{"target": 0.5892759999999999, "params": {"alpha": 0.9339153418826857, "colsample_bytree": 0.8506324666777159, "lam": 0.08902175828075154, "max_depth": 3.002927603029783, "min_child_weight": 6.252250331328959, "subsample": 0.5465291499096446}, "datetime": {"datetime": "2020-04-24 23:45:10", "elapsed": 5178.172442, "delta": 13.861268}}
{"target": 0.6347328, "params": {"alpha": 0.9783526328801362, "colsample_bytree": 0.8472699084402908, "lam": 0.4397601179026276, "max_depth": 7.456630492117614, "min_child_weight": 7.758900691442915, "subsample": 0.8897501388115976}, "datetime": {"datetime": "2020-04-24 23:45:32", "elapsed": 5200.213995, "delta": 22.041553}}
{"target": 0.6384418000000001, "params": {"alpha": 0.09125610780761584, "colsample_bytree": 0.6671782854452962, "lam": 0.002378117478244568, "max_depth": 4.807334278699119, "min_child_weight": 3.2237507043317617, "subsample": 0.8997633198128466}, "datetime": {"datetime": "2020-04-24 23:45:53", "elapsed": 5221.793951, "delta": 21.579956}}
{"target": 0.610724, "params": {"alpha": 0.16174565178062272, "colsample_bytree": 0.6780356440403674, "lam": 0.004892589264785974, "max_depth": 4.892998009384371, "min_child_weight": 3.297075980633445, "subsample": 0.5196565512568212}, "datetime": {"datetime": "2020-04-24 23:46:17", "elapsed": 5245.702789, "delta": 23.908838}}
{"target": 0.6386803999999999, "params": {"alpha": 0.971580848059888, "colsample_bytree": 0.7459235447882564, "lam": 0.2151859565761195, "max_depth": 8.040270620978376, "min_child_weight": 9.038098827017482, "subsample": 0.757572264359827}, "datetime": {"datetime": "2020-04-24 23:46:41", "elapsed": 5269.268949, "delta": 23.56616}}
{"target": 0.6243792, "params": {"alpha": 0.05207984477879557, "colsample_bytree": 0.8930956256145453, "lam": 0.0026546412331585056, "max_depth": 9.980691869894029, "min_child_weight": 6.998786212791224, "subsample": 0.5089082795917752}, "datetime": {"datetime": "2020-04-24 23:46:58", "elapsed": 5286.866475, "delta": 17.597526}}
{"target": 0.6083658, "params": {"alpha": 0.05158710909184594, "colsample_bytree": 0.8872195588313732, "lam": 0.44746079237891045, "max_depth": 8.63336930522654, "min_child_weight": 3.2413484813586497, "subsample": 0.8842740657682983}, "datetime": {"datetime": "2020-04-24 23:47:25", "elapsed": 5313.340946, "delta": 26.474471}}
{"target": 0.6117998, "params": {"alpha": 0.9958005117845395, "colsample_bytree": 0.8513151294838996, "lam": 0.06824582086134945, "max_depth": 8.590851746242155, "min_child_weight": 2.5357830916314152, "subsample": 0.879054042787385}, "datetime": {"datetime": "2020-04-24 23:47:51", "elapsed": 5340.070126, "delta": 26.72918}}
{"target": 0.6343460000000001, "params": {"alpha": 0.00032490067566781633, "colsample_bytree": 0.8819606218859206, "lam": 0.7618128872845911, "max_depth": 6.003709419616899, "min_child_weight": 9.99984072255662, "subsample": 0.8602941920833154}, "datetime": {"datetime": "2020-04-24 23:48:21", "elapsed": 5369.36314, "delta": 29.293014}}
{"target": 0.6466386, "params": {"alpha": 0.04279675862381793, "colsample_bytree": 0.7397007643236021, "lam": 0.3240405189663894, "max_depth": 8.71066615802715, "min_child_weight": 9.765834174319913, "subsample": 0.7842247323441203}, "datetime": {"datetime": "2020-04-24 23:48:44", "elapsed": 5392.923282, "delta": 23.560142}}
{"target": 0.6037826000000001, "params": {"alpha": 0.9961724715853757, "colsample_bytree": 0.8914976328764694, "lam": 0.03418407107111643, "max_depth": 3.5614651078901383, "min_child_weight": 2.5135426581449094, "subsample": 0.5104741768161696}, "datetime": {"datetime": "2020-04-24 23:49:11", "elapsed": 5419.839934, "delta": 26.916652}}
{"target": 0.6380913999999999, "params": {"alpha": 0.03581467913333736, "colsample_bytree": 0.850386158874882, "lam": 0.16977178004562588, "max_depth": 9.48189403506451, "min_child_weight": 8.655843666389345, "subsample": 0.8862617922495826}, "datetime": {"datetime": "2020-04-24 23:49:43", "elapsed": 5451.268859, "delta": 31.428925}}
{"target": 0.6401528, "params": {"alpha": 0.01819285465805287, "colsample_bytree": 0.897138264422688, "lam": 0.7638479050137329, "max_depth": 9.15793710240516, "min_child_weight": 9.16621348197608, "subsample": 0.8943999367734607}, "datetime": {"datetime": "2020-04-24 23:50:09", "elapsed": 5477.284552, "delta": 26.015693}}
{"target": 0.6195246000000001, "params": {"alpha": 0.13215658201988456, "colsample_bytree": 0.893689242163272, "lam": 0.18916061946932028, "max_depth": 4.295385519207835, "min_child_weight": 2.9037092137261804, "subsample": 0.831032027754097}, "datetime": {"datetime": "2020-04-24 23:50:27", "elapsed": 5495.484978, "delta": 18.200426}}
{"target": 0.6281566000000001, "params": {"alpha": 0.014833477716061916, "colsample_bytree": 0.8703008515826045, "lam": 0.040055530362474, "max_depth": 4.257377869436314, "min_child_weight": 8.682583908801053, "subsample": 0.8651722098880488}, "datetime": {"datetime": "2020-04-24 23:50:51", "elapsed": 5519.270867, "delta": 23.785889}}
{"target": 0.6248962, "params": {"alpha": 0.32277196265804126, "colsample_bytree": 0.899999999992727, "lam": 1.0, "max_depth": 4.524874240218512, "min_child_weight": 1.0, "subsample": 0.8999999999902959}, "datetime": {"datetime": "2020-04-24 23:51:12", "elapsed": 5540.167747, "delta": 20.89688}}
{"target": 0.6349308, "params": {"alpha": 0.22982421710182577, "colsample_bytree": 0.8757743163632501, "lam": 0.060125179094177694, "max_depth": 7.089248382904363, "min_child_weight": 8.01755645095402, "subsample": 0.781532914269102}, "datetime": {"datetime": "2020-04-24 23:51:40", "elapsed": 5568.232754, "delta": 28.065007}}
{"target": 0.6248494, "params": {"alpha": 0.010029654704073465, "colsample_bytree": 0.8678078516503552, "lam": 0.7815120415083121, "max_depth": 4.003669556282909, "min_child_weight": 8.337652334993273, "subsample": 0.8706922236612331}, "datetime": {"datetime": "2020-04-24 23:52:07", "elapsed": 5595.155538, "delta": 26.922784}}
{"target": 0.6358141999999999, "params": {"alpha": 0.8873985678657962, "colsample_bytree": 0.8712433515187319, "lam": 0.8931259473521087, "max_depth": 4.8339072856991105, "min_child_weight": 8.579218301138924, "subsample": 0.8579451567154041}, "datetime": {"datetime": "2020-04-24 23:52:33", "elapsed": 5621.571708, "delta": 26.41617}}
{"target": 0.6386693999999999, "params": {"alpha": 0.7563110882285948, "colsample_bytree": 0.863649514416903, "lam": 0.24074091125713315, "max_depth": 8.678039072194514, "min_child_weight": 8.452820110652643, "subsample": 0.8644840070702238}, "datetime": {"datetime": "2020-04-24 23:52:54", "elapsed": 5642.823914, "delta": 21.252206}}
{"target": 0.594612, "params": {"alpha": 0.0, "colsample_bytree": 0.5000000000030062, "lam": 0.0, "max_depth": 6.472380401621704, "min_child_weight": 9.999999999991118, "subsample": 0.8999999999953078}, "datetime": {"datetime": "2020-04-24 23:53:15", "elapsed": 5663.652081, "delta": 20.828167}}
{"target": 0.6320194, "params": {"alpha": 0.3834421695853424, "colsample_bytree": 0.8764298700796666, "lam": 0.05687079925258165, "max_depth": 8.760075030359737, "min_child_weight": 7.436488377167619, "subsample": 0.8587826021754323}, "datetime": {"datetime": "2020-04-24 23:53:44", "elapsed": 5692.974098, "delta": 29.322017}}
{"target": 0.6417564, "params": {"alpha": 0.08142380908876323, "colsample_bytree": 0.7256348616685782, "lam": 0.3216822315861335, "max_depth": 7.277935238327098, "min_child_weight": 9.937843499253315, "subsample": 0.8823535006930712}, "datetime": {"datetime": "2020-04-24 23:54:05", "elapsed": 5713.666099, "delta": 20.692001}}
{"target": 0.6383708, "params": {"alpha": 0.37643641950975604, "colsample_bytree": 0.8648118471101625, "lam": 0.18139885482409335, "max_depth": 6.0982690408087645, "min_child_weight": 9.827316303075996, "subsample": 0.8988969433173065}, "datetime": {"datetime": "2020-04-24 23:54:24", "elapsed": 5732.143786, "delta": 18.477687}}
{"target": 0.6088435999999999, "params": {"alpha": 2.9067816551854222e-09, "colsample_bytree": 0.9, "lam": 1.0, "max_depth": 7.6312259359220525, "min_child_weight": 2.03171500906017, "subsample": 0.9}, "datetime": {"datetime": "2020-04-24 23:54:43", "elapsed": 5751.734088, "delta": 19.590302}}
{"target": 0.6244042000000001, "params": {"alpha": 0.9875184661197128, "colsample_bytree": 0.8846158363271049, "lam": 0.5957410149603561, "max_depth": 6.261432277753437, "min_child_weight": 3.9856946948299923, "subsample": 0.5597105308090171}, "datetime": {"datetime": "2020-04-24 23:55:07", "elapsed": 5775.546031, "delta": 23.811943}}
{"target": 0.6084626, "params": {"alpha": 0.0074153905394580555, "colsample_bytree": 0.8494047148252066, "lam": 0.4052836475678615, "max_depth": 3.8626146984087733, "min_child_weight": 9.945298883333304, "subsample": 0.5197471814610334}, "datetime": {"datetime": "2020-04-24 23:55:30", "elapsed": 5798.899697, "delta": 23.353666}}
{"target": 0.6381792, "params": {"alpha": 0.8788364572206879, "colsample_bytree": 0.8975815131232335, "lam": 0.03739629129066668, "max_depth": 9.964179872219228, "min_child_weight": 8.530138042673485, "subsample": 0.8532283104194904}, "datetime": {"datetime": "2020-04-24 23:55:58", "elapsed": 5826.438956, "delta": 27.539259}}
{"target": 0.5991314, "params": {"alpha": 0.9910773235569276, "colsample_bytree": 0.8048888514860684, "lam": 0.9971420764939964, "max_depth": 3.0403166868386537, "min_child_weight": 2.6018448913396726, "subsample": 0.8346006602847342}, "datetime": {"datetime": "2020-04-24 23:56:21", "elapsed": 5849.145324, "delta": 22.706368}}
{"target": 0.6374818, "params": {"alpha": 0.006500130037597085, "colsample_bytree": 0.8367894665060642, "lam": 0.13028199653306982, "max_depth": 8.630609483961756, "min_child_weight": 8.128849578674522, "subsample": 0.8930904601969201}, "datetime": {"datetime": "2020-04-24 23:56:39", "elapsed": 5867.51611, "delta": 18.370786}}
{"target": 0.6271990000000001, "params": {"alpha": 0.005994397497504522, "colsample_bytree": 0.6592427714183141, "lam": 0.5526890580228432, "max_depth": 3.7036649199579803, "min_child_weight": 2.2194032532746517, "subsample": 0.8610034538117097}, "datetime": {"datetime": "2020-04-24 23:57:00", "elapsed": 5888.452374, "delta": 20.936264}}
{"target": 0.6347453999999999, "params": {"alpha": 0.9921248706154387, "colsample_bytree": 0.897642948147646, "lam": 0.8922454840062883, "max_depth": 6.023123290899744, "min_child_weight": 6.475167172553762, "subsample": 0.877402017205287}, "datetime": {"datetime": "2020-04-24 23:57:22", "elapsed": 5911.007892, "delta": 22.555518}}
{"target": 0.6166311999999999, "params": {"alpha": 0.278348246645269, "colsample_bytree": 0.7263360818911785, "lam": 0.9996471031984867, "max_depth": 4.458778995427226, "min_child_weight": 9.852630640618482, "subsample": 0.6507404371388484}, "datetime": {"datetime": "2020-04-24 23:57:46", "elapsed": 5934.725728, "delta": 23.717836}}
{"target": 0.633932, "params": {"alpha": 0.21579817069968066, "colsample_bytree": 0.6513267881878553, "lam": 0.014044425880431421, "max_depth": 9.340888915643223, "min_child_weight": 4.798688735562907, "subsample": 0.8821085279632506}, "datetime": {"datetime": "2020-04-24 23:58:19", "elapsed": 5967.637226, "delta": 32.911498}}
{"target": 0.6321156, "params": {"alpha": 0.6378954533819735, "colsample_bytree": 0.886707699596752, "lam": 0.013218627788998405, "max_depth": 5.797960505601786, "min_child_weight": 4.303690812589069, "subsample": 0.8973902457570395}, "datetime": {"datetime": "2020-04-24 23:58:51", "elapsed": 5999.257547, "delta": 31.620321}}
{"target": 0.6259591999999999, "params": {"alpha": 0.9609438118218125, "colsample_bytree": 0.860620541974007, "lam": 0.3601871624032774, "max_depth": 9.207252671736075, "min_child_weight": 7.410968253586981, "subsample": 0.8703641569939216}, "datetime": {"datetime": "2020-04-24 23:59:15", "elapsed": 6023.238393, "delta": 23.980846}}
{"target": 0.6437382000000001, "params": {"alpha": 0.8720626350735238, "colsample_bytree": 0.8870651153806326, "lam": 0.5864614136360451, "max_depth": 8.972575618202649, "min_child_weight": 7.0792610289523195, "subsample": 0.8026124760650932}, "datetime": {"datetime": "2020-04-24 23:59:41", "elapsed": 6049.735302, "delta": 26.496909}}
{"target": 0.6294678, "params": {"alpha": 0.6564581426518739, "colsample_bytree": 0.8954526122404365, "lam": 0.4607674597872301, "max_depth": 9.36079756812875, "min_child_weight": 6.495570189431941, "subsample": 0.8005703973213876}, "datetime": {"datetime": "2020-04-25 00:00:12", "elapsed": 6080.364633, "delta": 30.629331}}
{"target": 0.629258, "params": {"alpha": 0.9513268179664663, "colsample_bytree": 0.8917576520109274, "lam": 0.016597034797279697, "max_depth": 4.918371644968503, "min_child_weight": 5.590693555697431, "subsample": 0.5112374797204393}, "datetime": {"datetime": "2020-04-25 00:00:35", "elapsed": 6103.157113, "delta": 22.79248}}
{"target": 0.6364416, "params": {"alpha": 0.0367307907998744, "colsample_bytree": 0.8954972599543671, "lam": 0.9836471001741875, "max_depth": 5.804807613672814, "min_child_weight": 8.097784110654624, "subsample": 0.5815407042227388}, "datetime": {"datetime": "2020-04-25 00:01:00", "elapsed": 6128.13381, "delta": 24.976697}}
{"target": 0.6289804, "params": {"alpha": 0.8081681224318488, "colsample_bytree": 0.874058814194249, "lam": 0.6729890322678315, "max_depth": 9.627410786256071, "min_child_weight": 6.982473350502727, "subsample": 0.8127867761728274}, "datetime": {"datetime": "2020-04-25 00:01:22", "elapsed": 6150.827699, "delta": 22.693889}}
{"target": 0.6359155999999999, "params": {"alpha": 0.9648136698660955, "colsample_bytree": 0.8816810761543243, "lam": 0.030193894325649118, "max_depth": 4.799283888417797, "min_child_weight": 3.961211337148921, "subsample": 0.5364157643997651}, "datetime": {"datetime": "2020-04-25 00:01:43", "elapsed": 6171.49916, "delta": 20.671461}}
{"target": 0.5888476, "params": {"alpha": 0.999999999999999, "colsample_bytree": 0.9, "lam": 3.2373643694454966e-17, "max_depth": 3.0, "min_child_weight": 4.74172824553961, "subsample": 0.5}, "datetime": {"datetime": "2020-04-25 00:02:12", "elapsed": 6200.174769, "delta": 28.675609}}
{"target": 0.5997769999999999, "params": {"alpha": 1.8419865762772794e-10, "colsample_bytree": 0.5515689035247415, "lam": 1.0, "max_depth": 6.09249834237254, "min_child_weight": 2.0546901373174484, "subsample": 0.8999999999263517}, "datetime": {"datetime": "2020-04-25 00:02:42", "elapsed": 6230.771547, "delta": 30.596778}}
{"target": 0.6132226000000001, "params": {"alpha": 0.7354509870615616, "colsample_bytree": 0.6016285576442757, "lam": 0.04599435013104347, "max_depth": 8.20170468018823, "min_child_weight": 4.353897977641995, "subsample": 0.8757194807129443}, "datetime": {"datetime": "2020-04-25 00:03:09", "elapsed": 6257.551541, "delta": 26.779994}}
{"target": 0.6314266, "params": {"alpha": 0.9676780652031244, "colsample_bytree": 0.8898125234983575, "lam": 0.4745332869537565, "max_depth": 8.642741568076177, "min_child_weight": 9.699833694370474, "subsample": 0.8419450754216781}, "datetime": {"datetime": "2020-04-25 00:03:38", "elapsed": 6286.598749, "delta": 29.047208}}
{"target": 0.587677, "params": {"alpha": 0.9945430851994218, "colsample_bytree": 0.7708103534081961, "lam": 0.36405017929772643, "max_depth": 3.0200025224249507, "min_child_weight": 9.055921309756116, "subsample": 0.5005299934067093}, "datetime": {"datetime": "2020-04-25 00:04:01", "elapsed": 6309.310437, "delta": 22.711688}}
{"target": 0.6241546, "params": {"alpha": 0.03002482751787594, "colsample_bytree": 0.8563223617975134, "lam": 0.03040856476723508, "max_depth": 9.59218329241964, "min_child_weight": 4.760429100118552, "subsample": 0.6559160534693925}, "datetime": {"datetime": "2020-04-25 00:04:26", "elapsed": 6334.260272, "delta": 24.949835}}
{"target": 0.6352095999999999, "params": {"alpha": 0.98747462479714, "colsample_bytree": 0.8602744374199811, "lam": 0.007578129515542709, "max_depth": 4.697358617132975, "min_child_weight": 4.216919290434917, "subsample": 0.8801326579445303}, "datetime": {"datetime": "2020-04-25 00:05:05", "elapsed": 6373.537321, "delta": 39.277049}}
{"target": 0.6341262000000001, "params": {"alpha": 0.9908417886666516, "colsample_bytree": 0.8936157691382277, "lam": 0.905423036904313, "max_depth": 9.903859997824782, "min_child_weight": 9.325794130726257, "subsample": 0.8510109469631563}, "datetime": {"datetime": "2020-04-25 00:05:38", "elapsed": 6407.00222, "delta": 33.464899}}
{"target": 0.6390741999999999, "params": {"alpha": 0.33724756151641555, "colsample_bytree": 0.7778233331056765, "lam": 0.017869445653886373, "max_depth": 9.585038486282844, "min_child_weight": 9.548579006398507, "subsample": 0.8760345800727243}, "datetime": {"datetime": "2020-04-25 00:06:25", "elapsed": 6453.384005, "delta": 46.381785}}
{"target": 0.6319064, "params": {"alpha": 0.8781683180961611, "colsample_bytree": 0.8854542520910931, "lam": 0.04019970905999881, "max_depth": 5.124136091408881, "min_child_weight": 7.491008845767346, "subsample": 0.8906904141204829}, "datetime": {"datetime": "2020-04-25 00:06:54", "elapsed": 6482.918259, "delta": 29.534254}}
{"target": 0.642408, "params": {"alpha": 0.5493136197919979, "colsample_bytree": 0.8835174933512572, "lam": 0.964345271243119, "max_depth": 9.931050638939386, "min_child_weight": 9.972968153323194, "subsample": 0.8220122068652838}, "datetime": {"datetime": "2020-04-25 00:07:15", "elapsed": 6504.081994, "delta": 21.163735}}
{"target": 0.6352322, "params": {"alpha": 0.9822173333949112, "colsample_bytree": 0.8850049730252041, "lam": 0.9743680698164182, "max_depth": 7.663937446102864, "min_child_weight": 7.838913167660504, "subsample": 0.8497901468662301}, "datetime": {"datetime": "2020-04-25 00:07:40", "elapsed": 6528.913491, "delta": 24.831497}}
{"target": 0.6089886, "params": {"alpha": 0.9999999998277035, "colsample_bytree": 0.8999999999310814, "lam": 0.9999999998277035, "max_depth": 3.1612580342024996, "min_child_weight": 9.999999999897398, "subsample": 0.8999999999310814}, "datetime": {"datetime": "2020-04-25 00:08:05", "elapsed": 6553.996056, "delta": 25.082565}}
{"target": 0.6360505999999999, "params": {"alpha": 0.031170986538168632, "colsample_bytree": 0.8262250559786967, "lam": 0.004580282164423077, "max_depth": 6.648604522351125, "min_child_weight": 8.14781983044011, "subsample": 0.8986722272917002}, "datetime": {"datetime": "2020-04-25 00:08:28", "elapsed": 6577.075831, "delta": 23.079775}}
{"target": 0.6389302, "params": {"alpha": 0.21048970998873395, "colsample_bytree": 0.8877309018560486, "lam": 0.45900892788934056, "max_depth": 9.93771492692119, "min_child_weight": 9.930815682158885, "subsample": 0.8999847357928232}, "datetime": {"datetime": "2020-04-25 00:08:56", "elapsed": 6604.263634, "delta": 27.187803}}
{"target": 0.6173298, "params": {"alpha": 0.04536358698102849, "colsample_bytree": 0.890936428059176, "lam": 0.9722594539105153, "max_depth": 6.98760097923351, "min_child_weight": 6.641397218363972, "subsample": 0.5196857453217228}, "datetime": {"datetime": "2020-04-25 00:09:22", "elapsed": 6630.810083, "delta": 26.546449}}
