{"target": 0.5975912, "params": {"alpha": 0.0035099876258902762, "colsample_bytree": 0.8658578014969507, "lam": 0.0610029897925507, "max_depth": 3.040786825517296, "min_child_weight": 7.30732708099129, "subsample": 0.5848771516322545}, "datetime": {"datetime": "2020-04-25 15:01:16", "elapsed": 519.523311, "delta": 3.893471}}
{"target": 0.6244662, "params": {"alpha": 7.260248212248072e-08, "colsample_bytree": 0.9, "lam": 1.0, "max_depth": 10.0, "min_child_weight": 10.0, "subsample": 0.5}, "datetime": {"datetime": "2020-04-25 15:01:20", "elapsed": 523.913452, "delta": 4.390141}}
{"target": 0.6324250000000001, "params": {"alpha": 0.20927923450516128, "colsample_bytree": 0.892734926345099, "lam": 0.017918874707897436, "max_depth": 3.7829807468090584, "min_child_weight": 8.973886075062419, "subsample": 0.8955247619553064}, "datetime": {"datetime": "2020-04-25 15:01:25", "elapsed": 528.554363, "delta": 4.640911}}
{"target": 0.604396, "params": {"alpha": 0.15959045850120968, "colsample_bytree": 0.8896218550612167, "lam": 0.01995060920499836, "max_depth": 3.101654746148347, "min_child_weight": 3.819452208385816, "subsample": 0.8923855547350579}, "datetime": {"datetime": "2020-04-25 15:01:28", "elapsed": 532.088259, "delta": 3.533896}}
{"target": 0.6415217999999999, "params": {"alpha": 0.9728540567089387, "colsample_bytree": 0.650207282980203, "lam": 0.9657891974628986, "max_depth": 5.735787811097992, "min_child_weight": 7.927506356707881, "subsample": 0.8743213088168954}, "datetime": {"datetime": "2020-04-25 15:01:32", "elapsed": 535.890494, "delta": 3.802235}}
{"target": 0.6137166, "params": {"alpha": 0.9377130935115402, "colsample_bytree": 0.8895215017798548, "lam": 0.019036669455958166, "max_depth": 6.636914050793434, "min_child_weight": 3.7011117290151487, "subsample": 0.5013822319339883}, "datetime": {"datetime": "2020-04-25 15:01:36", "elapsed": 540.055539, "delta": 4.165045}}
{"target": 0.6150382000000001, "params": {"alpha": 0.9269552843520479, "colsample_bytree": 0.6020897642658604, "lam": 0.906260470826667, "max_depth": 4.807604399465493, "min_child_weight": 7.437885164991422, "subsample": 0.8671927372307053}, "datetime": {"datetime": "2020-04-25 15:01:40", "elapsed": 543.832979, "delta": 3.77744}}
{"target": 0.6029, "params": {"alpha": 0.05200495863011734, "colsample_bytree": 0.8838136243802632, "lam": 0.8429574087880328, "max_depth": 3.4593864415097366, "min_child_weight": 7.0227027749348645, "subsample": 0.8742658278035944}, "datetime": {"datetime": "2020-04-25 15:01:45", "elapsed": 548.370417, "delta": 4.537438}}
{"target": 0.5474821999999999, "params": {"alpha": 1.3417945208957247e-08, "colsample_bytree": 0.5000000017473375, "lam": 1.0, "max_depth": 9.984103283845023, "min_child_weight": 1.0000000091525418, "subsample": 0.9}, "datetime": {"datetime": "2020-04-25 15:01:50", "elapsed": 553.47867, "delta": 5.108253}}
{"target": 0.6015331999999999, "params": {"alpha": 0.5019534579811746, "colsample_bytree": 0.6069550484711314, "lam": 0.6073402777751947, "max_depth": 6.839946096369529, "min_child_weight": 2.360372099259762, "subsample": 0.893917591867802}, "datetime": {"datetime": "2020-04-25 15:01:55", "elapsed": 558.664413, "delta": 5.185743}}
{"target": 0.5673828000000001, "params": {"alpha": 0.8192496028693913, "colsample_bytree": 0.8957209218317281, "lam": 0.0, "max_depth": 6.284732470081645, "min_child_weight": 1.0000000026531346, "subsample": 0.5}, "datetime": {"datetime": "2020-04-25 15:02:00", "elapsed": 563.819155, "delta": 5.154742}}
{"target": 0.6260958, "params": {"alpha": 0.5203224900057776, "colsample_bytree": 0.8939928626303201, "lam": 0.7892328467607964, "max_depth": 7.261763565429995, "min_child_weight": 4.144159302606802, "subsample": 0.8938506240621691}, "datetime": {"datetime": "2020-04-25 15:02:05", "elapsed": 568.454042, "delta": 4.634887}}
{"target": 0.6013562, "params": {"alpha": 1.0, "colsample_bytree": 0.9, "lam": 1.0, "max_depth": 3.000000006634118, "min_child_weight": 1.0, "subsample": 0.5000000031667652}, "datetime": {"datetime": "2020-04-25 15:02:09", "elapsed": 572.551238, "delta": 4.097196}}
{"target": 0.6290826, "params": {"alpha": 0.05047421496089621, "colsample_bytree": 0.8376754449081192, "lam": 0.011712360675048994, "max_depth": 5.082298472037378, "min_child_weight": 3.295994162936521, "subsample": 0.8573650254870563}, "datetime": {"datetime": "2020-04-25 15:02:13", "elapsed": 576.422429, "delta": 3.871191}}
{"target": 0.6141858, "params": {"alpha": 0.9450092520867664, "colsample_bytree": 0.8996677009759615, "lam": 0.8517568127470087, "max_depth": 5.183271334397138, "min_child_weight": 1.9892711176099607, "subsample": 0.5349869186567037}, "datetime": {"datetime": "2020-04-25 15:02:17", "elapsed": 580.99507, "delta": 4.572641}}
{"target": 0.6037497999999999, "params": {"alpha": 0.9400503062935306, "colsample_bytree": 0.8991697412950248, "lam": 0.9190896261031217, "max_depth": 3.0225409408033572, "min_child_weight": 6.857703729212465, "subsample": 0.7191418502511707}, "datetime": {"datetime": "2020-04-25 15:02:22", "elapsed": 585.973616, "delta": 4.978546}}
{"target": 0.6248582, "params": {"alpha": 0.9999999960445916, "colsample_bytree": 0.9, "lam": 0.9999999917978868, "max_depth": 4.953956818576868, "min_child_weight": 5.9075386551455145, "subsample": 0.899999997850243}, "datetime": {"datetime": "2020-04-25 15:02:26", "elapsed": 590.076131, "delta": 4.102515}}
{"target": 0.5980112, "params": {"alpha": 6.989662191780877e-05, "colsample_bytree": 0.8813958139045353, "lam": 0.22184653906667007, "max_depth": 4.374708454257485, "min_child_weight": 1.017048444365067, "subsample": 0.5407013703594544}, "datetime": {"datetime": "2020-04-25 15:02:31", "elapsed": 595.038509, "delta": 4.962378}}
{"target": 0.6251316, "params": {"alpha": 0.31782616959334486, "colsample_bytree": 0.8932747816741596, "lam": 0.12394944516052997, "max_depth": 4.534705346497745, "min_child_weight": 2.3913879920547183, "subsample": 0.8922657320606516}, "datetime": {"datetime": "2020-04-25 15:02:36", "elapsed": 599.72758, "delta": 4.689071}}
{"target": 0.5940018, "params": {"alpha": 0.017508707785744315, "colsample_bytree": 0.8994430079172548, "lam": 0.9570637538386084, "max_depth": 3.4079119095193042, "min_child_weight": 9.870505948057641, "subsample": 0.7999402533825497}, "datetime": {"datetime": "2020-04-25 15:02:40", "elapsed": 603.960758, "delta": 4.233178}}
{"target": 0.6347786, "params": {"alpha": 0.9708314246111088, "colsample_bytree": 0.8813577023226886, "lam": 0.14948597388057172, "max_depth": 8.809845477954227, "min_child_weight": 7.0728124950581535, "subsample": 0.836705808275393}, "datetime": {"datetime": "2020-04-25 15:02:46", "elapsed": 609.110171, "delta": 5.149413}}
{"target": 0.628818, "params": {"alpha": 0.32950522692140893, "colsample_bytree": 0.8994608441354062, "lam": 0.019983746937253577, "max_depth": 9.9943896255302, "min_child_weight": 9.999682929556553, "subsample": 0.7021621726060757}, "datetime": {"datetime": "2020-04-25 15:02:50", "elapsed": 613.677414, "delta": 4.567243}}
{"target": 0.630723, "params": {"alpha": 0.0831772531475744, "colsample_bytree": 0.8662309356749808, "lam": 0.07032885826411173, "max_depth": 8.090889276712709, "min_child_weight": 9.953496240436438, "subsample": 0.5886715858761694}, "datetime": {"datetime": "2020-04-25 15:02:54", "elapsed": 617.327434, "delta": 3.65002}}
{"target": 0.6204364, "params": {"alpha": 0.9814855575548124, "colsample_bytree": 0.876704308054074, "lam": 0.9134634227537065, "max_depth": 9.123641234711801, "min_child_weight": 7.093746536341895, "subsample": 0.513166881375494}, "datetime": {"datetime": "2020-04-25 15:02:58", "elapsed": 621.247025, "delta": 3.919591}}
{"target": 0.6020009999999999, "params": {"alpha": 0.16293798725555786, "colsample_bytree": 0.7591840342968668, "lam": 0.9557948786387315, "max_depth": 3.0088730588878754, "min_child_weight": 3.854626476752082, "subsample": 0.5142405908132781}, "datetime": {"datetime": "2020-04-25 15:03:03", "elapsed": 626.302397, "delta": 5.055372}}
{"target": 0.6324441999999999, "params": {"alpha": 0.5496586797194206, "colsample_bytree": 0.843503017855435, "lam": 0.39579224399307644, "max_depth": 5.075653450647458, "min_child_weight": 3.445149543743631, "subsample": 0.8537952015039443}, "datetime": {"datetime": "2020-04-25 15:03:07", "elapsed": 630.683054, "delta": 4.380657}}
{"target": 0.6152331999999999, "params": {"alpha": 0.9772943216408031, "colsample_bytree": 0.8811631322687203, "lam": 0.6390329729452765, "max_depth": 6.0909304487056275, "min_child_weight": 1.3507594004646553, "subsample": 0.8397795750098582}, "datetime": {"datetime": "2020-04-25 15:03:11", "elapsed": 634.35215, "delta": 3.669096}}
{"target": 0.6315772, "params": {"alpha": 0.9860112661422318, "colsample_bytree": 0.8605196315539536, "lam": 0.023539498838423434, "max_depth": 9.219773887209495, "min_child_weight": 4.963766902564984, "subsample": 0.8575428884056147}, "datetime": {"datetime": "2020-04-25 15:03:16", "elapsed": 639.315916, "delta": 4.963766}}
{"target": 0.6243451999999999, "params": {"alpha": 0.010038123324112025, "colsample_bytree": 0.8691565176739873, "lam": 0.997614391574715, "max_depth": 7.4069276078019115, "min_child_weight": 6.436611063353902, "subsample": 0.5260255274364914}, "datetime": {"datetime": "2020-04-25 15:03:20", "elapsed": 643.64843, "delta": 4.332514}}
{"target": 0.6137784, "params": {"alpha": 0.8306943187572583, "colsample_bytree": 0.5600255619158763, "lam": 0.02445951711773442, "max_depth": 6.8704051039537966, "min_child_weight": 6.549954603726031, "subsample": 0.8994474770370335}, "datetime": {"datetime": "2020-04-25 15:03:26", "elapsed": 649.429307, "delta": 5.780877}}
{"target": 0.64283, "params": {"alpha": 0.10532479677414042, "colsample_bytree": 0.8776743497103559, "lam": 0.9520815502843395, "max_depth": 5.943892465134325, "min_child_weight": 7.4790292955473845, "subsample": 0.8631892480943089}, "datetime": {"datetime": "2020-04-25 15:03:30", "elapsed": 653.966952, "delta": 4.537645}}
{"target": 0.630789, "params": {"alpha": 0.008171475590164734, "colsample_bytree": 0.8642563807350496, "lam": 0.1449354928642207, "max_depth": 9.442326040964783, "min_child_weight": 7.607204288412362, "subsample": 0.8884821752063095}, "datetime": {"datetime": "2020-04-25 15:03:36", "elapsed": 659.40996, "delta": 5.443008}}
{"target": 0.6329300000000001, "params": {"alpha": 0.061097117724255856, "colsample_bytree": 0.6751421622144541, "lam": 0.9772130917840225, "max_depth": 6.482952575106272, "min_child_weight": 7.5151130468340135, "subsample": 0.8687317245850954}, "datetime": {"datetime": "2020-04-25 15:03:40", "elapsed": 663.929812, "delta": 4.519852}}
{"target": 0.6310087999999999, "params": {"alpha": 0.34399765719527897, "colsample_bytree": 0.8745413575348215, "lam": 0.994749707399506, "max_depth": 4.798950340943691, "min_child_weight": 8.15896246586512, "subsample": 0.8952745950036542}, "datetime": {"datetime": "2020-04-25 15:03:45", "elapsed": 668.787882, "delta": 4.85807}}
{"target": 0.6372348000000001, "params": {"alpha": 0.9999999999999999, "colsample_bytree": 0.9, "lam": 1.0, "max_depth": 7.635291451014679, "min_child_weight": 8.71215384771764, "subsample": 0.8999999999999998}, "datetime": {"datetime": "2020-04-25 15:03:49", "elapsed": 672.992142, "delta": 4.20426}}
{"target": 0.6265588, "params": {"alpha": 0.9439234172858285, "colsample_bytree": 0.890752421972803, "lam": 0.34168730578515016, "max_depth": 8.056397752960311, "min_child_weight": 4.513262432384709, "subsample": 0.8892225762710378}, "datetime": {"datetime": "2020-04-25 15:03:55", "elapsed": 678.286127, "delta": 5.293985}}
{"target": 0.6333012, "params": {"alpha": 0.8014968866369556, "colsample_bytree": 0.7776336161514822, "lam": 0.013478918597645717, "max_depth": 4.890634699141018, "min_child_weight": 3.0396414159240837, "subsample": 0.8882216750611351}, "datetime": {"datetime": "2020-04-25 15:03:59", "elapsed": 682.313375, "delta": 4.027248}}
{"target": 0.6370328000000001, "params": {"alpha": 0.2991931162017113, "colsample_bytree": 0.8346335371644618, "lam": 0.965966374739232, "max_depth": 5.047422389790309, "min_child_weight": 1.03377499647755, "subsample": 0.7299346015370225}, "datetime": {"datetime": "2020-04-25 15:04:04", "elapsed": 687.792374, "delta": 5.478999}}
{"target": 0.6244334, "params": {"alpha": 0.6764473139836507, "colsample_bytree": 0.6339307109187626, "lam": 0.9868523391553148, "max_depth": 9.978964549687348, "min_child_weight": 7.509049417890679, "subsample": 0.8756171344982653}, "datetime": {"datetime": "2020-04-25 15:04:09", "elapsed": 692.532089, "delta": 4.739715}}
{"target": 0.6247708000000001, "params": {"alpha": 0.5705833325984558, "colsample_bytree": 0.9, "lam": 1.0, "max_depth": 10.0, "min_child_weight": 1.6379877382232373, "subsample": 0.5}, "datetime": {"datetime": "2020-04-25 15:04:15", "elapsed": 698.559904, "delta": 6.027815}}
{"target": 0.6407796, "params": {"alpha": 0.0, "colsample_bytree": 0.9, "lam": 3.09074937305026e-07, "max_depth": 5.428926590709276, "min_child_weight": 6.833616476655091, "subsample": 0.8529494078092131}, "datetime": {"datetime": "2020-04-25 15:04:20", "elapsed": 703.829088, "delta": 5.269184}}
{"target": 0.6194491999999999, "params": {"alpha": 0.9652697887165729, "colsample_bytree": 0.8770830597725354, "lam": 0.0037878869379435187, "max_depth": 3.8757950411964557, "min_child_weight": 5.525811988507666, "subsample": 0.5176558138567969}, "datetime": {"datetime": "2020-04-25 15:04:26", "elapsed": 709.859251, "delta": 6.030163}}
{"target": 0.6289398, "params": {"alpha": 0.9665459875621383, "colsample_bytree": 0.8789004086371899, "lam": 0.0032859930839646, "max_depth": 8.893573442233157, "min_child_weight": 9.792372563211396, "subsample": 0.5556058087761193}, "datetime": {"datetime": "2020-04-25 15:04:30", "elapsed": 714.003722, "delta": 4.144471}}
{"target": 0.6099354, "params": {"alpha": 0.6624760209468519, "colsample_bytree": 0.8912528824070065, "lam": 0.004916861144958928, "max_depth": 7.344564766800227, "min_child_weight": 2.040437937137982, "subsample": 0.8809200777945454}, "datetime": {"datetime": "2020-04-25 15:04:35", "elapsed": 718.876866, "delta": 4.873144}}
{"target": 0.6379162, "params": {"alpha": 0.9977673428866605, "colsample_bytree": 0.899200362104475, "lam": 0.028155781232297672, "max_depth": 9.337563505072414, "min_child_weight": 6.037146523302409, "subsample": 0.8911801658279116}, "datetime": {"datetime": "2020-04-25 15:04:41", "elapsed": 724.651147, "delta": 5.774281}}
{"target": 0.638495, "params": {"alpha": 0.19354615855953672, "colsample_bytree": 0.8446531257888548, "lam": 0.0960866426121314, "max_depth": 9.90263331461805, "min_child_weight": 8.109230678180658, "subsample": 0.5417780924577807}, "datetime": {"datetime": "2020-04-25 15:04:46", "elapsed": 729.447945, "delta": 4.796798}}
{"target": 0.6285234, "params": {"alpha": 0.2747122691164525, "colsample_bytree": 0.8388045499001475, "lam": 0.32187002352136884, "max_depth": 6.126852080894399, "min_child_weight": 9.966631897538845, "subsample": 0.5186348105432862}, "datetime": {"datetime": "2020-04-25 15:04:51", "elapsed": 734.739818, "delta": 5.291873}}
{"target": 0.6373485999999999, "params": {"alpha": 0.0002642606798651803, "colsample_bytree": 0.8904322697435783, "lam": 0.16030539399508537, "max_depth": 7.57206153831676, "min_child_weight": 9.144876622690749, "subsample": 0.8090541929363277}, "datetime": {"datetime": "2020-04-25 15:04:56", "elapsed": 739.584353, "delta": 4.844535}}
{"target": 0.6298395999999999, "params": {"alpha": 0.18216041382388515, "colsample_bytree": 0.8962173760264596, "lam": 0.048830623357515646, "max_depth": 8.729851812471367, "min_child_weight": 9.437451509361363, "subsample": 0.7245818750766311}, "datetime": {"datetime": "2020-04-25 15:05:02", "elapsed": 745.293934, "delta": 5.709581}}
{"target": 0.6357, "params": {"alpha": 0.9852450447254091, "colsample_bytree": 0.7316879763227047, "lam": 0.9914163417688463, "max_depth": 6.297167920914582, "min_child_weight": 7.445755451260135, "subsample": 0.8812668150997345}, "datetime": {"datetime": "2020-04-25 15:05:07", "elapsed": 750.688906, "delta": 5.394972}}
{"target": 0.6325261999999999, "params": {"alpha": 0.840300570033232, "colsample_bytree": 0.87811041878053, "lam": 0.019062069004550763, "max_depth": 7.813508991595669, "min_child_weight": 9.133165730162716, "subsample": 0.8118998975251259}, "datetime": {"datetime": "2020-04-25 15:05:13", "elapsed": 756.688903, "delta": 5.999997}}
{"target": 0.6076908, "params": {"alpha": 0.2673437708419678, "colsample_bytree": 0.8795203871945503, "lam": 0.619468574600484, "max_depth": 6.727886423445335, "min_child_weight": 3.3764735302686155, "subsample": 0.8602676557597024}, "datetime": {"datetime": "2020-04-25 15:05:19", "elapsed": 762.823064, "delta": 6.134161}}
{"target": 0.6194272, "params": {"alpha": 0.9857422041307504, "colsample_bytree": 0.8942620353320422, "lam": 0.8335697833243308, "max_depth": 7.128441152484294, "min_child_weight": 4.244370673331025, "subsample": 0.5718872936403369}, "datetime": {"datetime": "2020-04-25 15:05:24", "elapsed": 767.792765, "delta": 4.969701}}
{"target": 0.6045344, "params": {"alpha": 0.6772864150026752, "colsample_bytree": 0.8653470836027302, "lam": 0.929676138386101, "max_depth": 8.278308884878417, "min_child_weight": 3.0284708270568856, "subsample": 0.6156688938568852}, "datetime": {"datetime": "2020-04-25 15:05:29", "elapsed": 773.032935, "delta": 5.24017}}
{"target": 0.6243182, "params": {"alpha": 0.02833023221532005, "colsample_bytree": 0.8829602743621415, "lam": 0.06593051601621036, "max_depth": 5.530710417398669, "min_child_weight": 1.8001176210995684, "subsample": 0.8936354169993929}, "datetime": {"datetime": "2020-04-25 15:05:34", "elapsed": 778.059216, "delta": 5.026281}}
{"target": 0.602886, "params": {"alpha": 0.1462761468606949, "colsample_bytree": 0.5301233591858973, "lam": 0.9893820415969954, "max_depth": 6.16615671510819, "min_child_weight": 3.482033607527511, "subsample": 0.8632915493472473}, "datetime": {"datetime": "2020-04-25 15:05:39", "elapsed": 782.962204, "delta": 4.902988}}
{"target": 0.6096828000000001, "params": {"alpha": 0.8589483910853267, "colsample_bytree": 0.5903523235958099, "lam": 0.94699945045084, "max_depth": 9.914428618712126, "min_child_weight": 5.86643694071608, "subsample": 0.5153449076943045}, "datetime": {"datetime": "2020-04-25 15:05:45", "elapsed": 788.794751, "delta": 5.832547}}
{"target": 0.6367459999999999, "params": {"alpha": 0.18633663893386765, "colsample_bytree": 0.8823885163479468, "lam": 0.8284263184561146, "max_depth": 6.2814207731975245, "min_child_weight": 4.048438887105649, "subsample": 0.8124319354505516}, "datetime": {"datetime": "2020-04-25 15:05:51", "elapsed": 794.715012, "delta": 5.920261}}
{"target": 0.5992756, "params": {"alpha": 0.9999999999992074, "colsample_bytree": 0.5085398826493308, "lam": 0.9999999999992158, "max_depth": 6.4057985726422055, "min_child_weight": 9.999999999995422, "subsample": 0.8999999999988604}, "datetime": {"datetime": "2020-04-25 15:05:57", "elapsed": 800.829968, "delta": 6.114956}}
{"target": 0.6114444000000001, "params": {"alpha": 0.9711540336432987, "colsample_bytree": 0.6998715103685026, "lam": 0.9078907738929635, "max_depth": 6.958213292015865, "min_child_weight": 1.7644623252216514, "subsample": 0.5126990793154995}, "datetime": {"datetime": "2020-04-25 15:06:03", "elapsed": 807.065703, "delta": 6.235735}}
{"target": 0.5632704000000001, "params": {"alpha": 0.9799682256807676, "colsample_bytree": 0.5507253952282262, "lam": 0.01319411677144744, "max_depth": 3.0140740875875407, "min_child_weight": 9.817834793703863, "subsample": 0.657230503213731}, "datetime": {"datetime": "2020-04-25 15:06:09", "elapsed": 812.545012, "delta": 5.479309}}
{"target": 0.6105352, "params": {"alpha": 0.03201145529654048, "colsample_bytree": 0.5124076095982686, "lam": 0.13017039246777684, "max_depth": 8.400789806845262, "min_child_weight": 3.6148820530696657, "subsample": 0.8400785233625765}, "datetime": {"datetime": "2020-04-25 15:06:15", "elapsed": 818.963378, "delta": 6.418366}}
{"target": 0.636328, "params": {"alpha": 0.9169982344750135, "colsample_bytree": 0.8999999949001904, "lam": 1.0, "max_depth": 4.430701443183218, "min_child_weight": 3.6093479825417285, "subsample": 0.8574896252329073}, "datetime": {"datetime": "2020-04-25 15:06:21", "elapsed": 824.507917, "delta": 5.544539}}
{"target": 0.6120374000000001, "params": {"alpha": 0.5044442410235811, "colsample_bytree": 0.8603794851278994, "lam": 0.015841947532169387, "max_depth": 9.75728326487188, "min_child_weight": 5.8874949904295715, "subsample": 0.5041336877272828}, "datetime": {"datetime": "2020-04-25 15:06:27", "elapsed": 830.624468, "delta": 6.116551}}
{"target": 0.6103792, "params": {"alpha": 0.9956415350260756, "colsample_bytree": 0.8234505456867411, "lam": 0.9446052996072807, "max_depth": 6.47842551920824, "min_child_weight": 2.9045144635276205, "subsample": 0.524249247510137}, "datetime": {"datetime": "2020-04-25 15:06:32", "elapsed": 835.384458, "delta": 4.75999}}
{"target": 0.6323086, "params": {"alpha": 0.9889443912073487, "colsample_bytree": 0.8881597923651292, "lam": 0.09356081781940306, "max_depth": 7.976403832601671, "min_child_weight": 6.269000355517939, "subsample": 0.8665489385519922}, "datetime": {"datetime": "2020-04-25 15:06:37", "elapsed": 840.989401, "delta": 5.604943}}
{"target": 0.6357956, "params": {"alpha": 0.4473520937628389, "colsample_bytree": 0.8976780030483711, "lam": 0.13138016946141529, "max_depth": 4.869189183403135, "min_child_weight": 9.13983145834609, "subsample": 0.569998636206354}, "datetime": {"datetime": "2020-04-25 15:06:42", "elapsed": 846.005897, "delta": 5.016496}}
