{"target": 0.6430051999999999, "params": {"alpha": 0.47940264856327874, "colsample_bytree": 0.8883572559035648, "lam": 0.0753395135948367, "max_depth": 9.901854842833734, "min_child_weight": 9.022780851388342, "subsample": 0.7614095829392249}, "datetime": {"datetime": "2020-04-25 13:45:37", "elapsed": 730.835727, "delta": 8.211518}}
{"target": 0.6143948000000001, "params": {"alpha": 0.9886347563643604, "colsample_bytree": 0.8989353007264894, "lam": 0.20288312363143635, "max_depth": 6.5076327422953195, "min_child_weight": 4.215907405606237, "subsample": 0.5089413152839726}, "datetime": {"datetime": "2020-04-25 13:45:43", "elapsed": 736.946755, "delta": 6.111028}}
{"target": 0.6196188, "params": {"alpha": 0.06407767187871938, "colsample_bytree": 0.837823681020873, "lam": 0.9537219368487763, "max_depth": 6.749764852957478, "min_child_weight": 3.482195492212596, "subsample": 0.604309062848223}, "datetime": {"datetime": "2020-04-25 13:45:50", "elapsed": 743.055639, "delta": 6.108884}}
{"target": 0.6135122, "params": {"alpha": 0.06262317392712013, "colsample_bytree": 0.7426249210086262, "lam": 0.2836125023007746, "max_depth": 7.957262203256815, "min_child_weight": 5.772170799013522, "subsample": 0.8906586112281444}, "datetime": {"datetime": "2020-04-25 13:45:57", "elapsed": 750.258962, "delta": 7.203323}}
{"target": 0.6276562, "params": {"alpha": 0.009847012279325495, "colsample_bytree": 0.8921526641992572, "lam": 0.7312875511731509, "max_depth": 6.995071552056434, "min_child_weight": 9.746091978833485, "subsample": 0.8800503748106584}, "datetime": {"datetime": "2020-04-25 13:46:03", "elapsed": 756.755769, "delta": 6.496807}}
{"target": 0.6216944, "params": {"alpha": 0.4250299656761509, "colsample_bytree": 0.8936503597842314, "lam": 0.34713535301881715, "max_depth": 5.501230045355416, "min_child_weight": 3.810731017774654, "subsample": 0.8471096108167091}, "datetime": {"datetime": "2020-04-25 13:46:10", "elapsed": 763.683584, "delta": 6.927815}}
{"target": 0.6075076, "params": {"alpha": 0.00021622387975139823, "colsample_bytree": 0.504784487632925, "lam": 0.07730048716988769, "max_depth": 5.064253439587825, "min_child_weight": 8.352847677901329, "subsample": 0.8295662546138408}, "datetime": {"datetime": "2020-04-25 13:46:17", "elapsed": 770.300936, "delta": 6.617352}}
{"target": 0.6105056, "params": {"alpha": 0.9067754582031122, "colsample_bytree": 0.8129793648918509, "lam": 0.1937228545155344, "max_depth": 4.682987600581117, "min_child_weight": 7.009953118995794, "subsample": 0.51767013200666}, "datetime": {"datetime": "2020-04-25 13:46:22", "elapsed": 775.789728, "delta": 5.488792}}
{"target": 0.638781, "params": {"alpha": 0.8164096886404342, "colsample_bytree": 0.8965360834036584, "lam": 0.18649812966120793, "max_depth": 9.990100503548998, "min_child_weight": 9.102296153064225, "subsample": 0.5440748904118584}, "datetime": {"datetime": "2020-04-25 13:46:29", "elapsed": 782.776452, "delta": 6.986724}}
{"target": 0.6239318, "params": {"alpha": 0.010834515596097716, "colsample_bytree": 0.8948541035356032, "lam": 0.2157492910447748, "max_depth": 4.524643826072427, "min_child_weight": 5.807475705752879, "subsample": 0.7062218970924765}, "datetime": {"datetime": "2020-04-25 13:46:34", "elapsed": 787.955474, "delta": 5.179022}}
{"target": 0.6259526, "params": {"alpha": 0.9662862666922826, "colsample_bytree": 0.8991150188425194, "lam": 0.9034607780504313, "max_depth": 4.165801158461379, "min_child_weight": 5.479006299126138, "subsample": 0.8602201067947335}, "datetime": {"datetime": "2020-04-25 13:46:41", "elapsed": 794.32629, "delta": 6.370816}}
{"target": 0.6384801999999999, "params": {"alpha": 0.8455649047174641, "colsample_bytree": 0.8873756971481916, "lam": 0.62391745435156, "max_depth": 8.349676824650246, "min_child_weight": 8.730245413538888, "subsample": 0.8664463891533214}, "datetime": {"datetime": "2020-04-25 13:46:48", "elapsed": 801.780919, "delta": 7.454629}}
{"target": 0.6328113999999999, "params": {"alpha": 0.41783262849827785, "colsample_bytree": 0.8964758013034304, "lam": 0.39258599164336405, "max_depth": 9.187765098452365, "min_child_weight": 9.680990489114667, "subsample": 0.8876927647301851}, "datetime": {"datetime": "2020-04-25 13:46:56", "elapsed": 809.378743, "delta": 7.597824}}
{"target": 0.6239502, "params": {"alpha": 0.9891811179317388, "colsample_bytree": 0.8759790683869804, "lam": 0.007969547804672517, "max_depth": 9.798319137209944, "min_child_weight": 6.472688610190447, "subsample": 0.7878581697416576}, "datetime": {"datetime": "2020-04-25 13:47:04", "elapsed": 817.051885, "delta": 7.673142}}
{"target": 0.6269971999999999, "params": {"alpha": 0.36185883074878555, "colsample_bytree": 0.8564480650359569, "lam": 0.9800737020900769, "max_depth": 9.998941142167233, "min_child_weight": 6.786977292591787, "subsample": 0.8960428551601982}, "datetime": {"datetime": "2020-04-25 13:47:12", "elapsed": 825.484707, "delta": 8.432822}}
{"target": 0.6382594, "params": {"alpha": 0.10863692602998498, "colsample_bytree": 0.8786750197041229, "lam": 0.2639333665848701, "max_depth": 9.998464956801321, "min_child_weight": 7.4986433394914, "subsample": 0.8926854846062879}, "datetime": {"datetime": "2020-04-25 13:47:21", "elapsed": 834.406684, "delta": 8.921977}}
{"target": 0.6388847999999999, "params": {"alpha": 0.039644092512925444, "colsample_bytree": 0.7548729658370292, "lam": 0.9225409160828226, "max_depth": 5.176897446955648, "min_child_weight": 9.52867595692708, "subsample": 0.8913462183508019}, "datetime": {"datetime": "2020-04-25 13:47:27", "elapsed": 840.520862, "delta": 6.114178}}
{"target": 0.6224128, "params": {"alpha": 0.02571789273226399, "colsample_bytree": 0.8980903668237347, "lam": 0.9953253862674459, "max_depth": 7.82134460625934, "min_child_weight": 9.696162467885959, "subsample": 0.6603570755630753}, "datetime": {"datetime": "2020-04-25 13:47:33", "elapsed": 846.836937, "delta": 6.316075}}
{"target": 0.5474434, "params": {"alpha": 1.0, "colsample_bytree": 0.5000000013878854, "lam": 0.0, "max_depth": 3.000000001868048, "min_child_weight": 1.000000001211256, "subsample": 0.8797253099008703}, "datetime": {"datetime": "2020-04-25 13:47:39", "elapsed": 852.990177, "delta": 6.15324}}
{"target": 0.6125786000000001, "params": {"alpha": 0.9395889222095458, "colsample_bytree": 0.8661275316223754, "lam": 0.9792860532212818, "max_depth": 5.432019141720739, "min_child_weight": 3.4298702636473033, "subsample": 0.5806825061347152}, "datetime": {"datetime": "2020-04-25 13:47:46", "elapsed": 859.037128, "delta": 6.046951}}
{"target": 0.630659, "params": {"alpha": 0.9585496386853187, "colsample_bytree": 0.8977760722690742, "lam": 0.4683016185520179, "max_depth": 8.272060412490154, "min_child_weight": 2.9389134598017166, "subsample": 0.6761273239141428}, "datetime": {"datetime": "2020-04-25 13:47:52", "elapsed": 865.825361, "delta": 6.788233}}
{"target": 0.6075286, "params": {"alpha": 0.9193149405284327, "colsample_bytree": 0.8700850484660727, "lam": 0.7767357760353083, "max_depth": 7.6092704768279145, "min_child_weight": 2.036055861980597, "subsample": 0.6483204961982856}, "datetime": {"datetime": "2020-04-25 13:47:59", "elapsed": 872.288627, "delta": 6.463266}}
{"target": 0.616949, "params": {"alpha": 0.030320616263345146, "colsample_bytree": 0.866148790261363, "lam": 0.00369064655815432, "max_depth": 4.004083261857202, "min_child_weight": 2.7567826567072844, "subsample": 0.5074466146416182}, "datetime": {"datetime": "2020-04-25 13:48:05", "elapsed": 878.529565, "delta": 6.240938}}
{"target": 0.6207388, "params": {"alpha": 0.11847656325689482, "colsample_bytree": 0.8854198106292077, "lam": 0.8190117660416202, "max_depth": 8.789038531680472, "min_child_weight": 3.9220717773488425, "subsample": 0.7552732693926707}, "datetime": {"datetime": "2020-04-25 13:48:13", "elapsed": 886.523414, "delta": 7.993849}}
{"target": 0.6310894, "params": {"alpha": 0.974825735526243, "colsample_bytree": 0.8937999493006006, "lam": 0.9693279816534223, "max_depth": 3.642825576010919, "min_child_weight": 8.84004201755901, "subsample": 0.8640305030799911}, "datetime": {"datetime": "2020-04-25 13:48:19", "elapsed": 892.889369, "delta": 6.365955}}
{"target": 0.6300824, "params": {"alpha": 0.09002027889860631, "colsample_bytree": 0.9, "lam": 0.8222213263273832, "max_depth": 4.267161509886563, "min_child_weight": 2.475698896736202, "subsample": 0.8999999997567116}, "datetime": {"datetime": "2020-04-25 13:48:26", "elapsed": 899.72445, "delta": 6.835081}}
{"target": 0.5991152, "params": {"alpha": 1.0, "colsample_bytree": 0.9, "lam": 1.0, "max_depth": 10.0, "min_child_weight": 1.0000000021022613, "subsample": 0.9}, "datetime": {"datetime": "2020-04-25 13:48:36", "elapsed": 909.528138, "delta": 9.803688}}
{"target": 0.6248569999999999, "params": {"alpha": 0.007606972711675693, "colsample_bytree": 0.9, "lam": 1.0, "max_depth": 4.8440912351015895, "min_child_weight": 6.207346580519778, "subsample": 0.9}, "datetime": {"datetime": "2020-04-25 13:48:43", "elapsed": 916.309265, "delta": 6.781127}}
{"target": 0.6341388, "params": {"alpha": 0.9886212595762319, "colsample_bytree": 0.8390340667121694, "lam": 0.9646834015881002, "max_depth": 5.397650586166208, "min_child_weight": 6.836042799983714, "subsample": 0.8905515517693295}, "datetime": {"datetime": "2020-04-25 13:48:49", "elapsed": 922.774284, "delta": 6.465019}}
{"target": 0.6217827999999999, "params": {"alpha": 0.008949832127281399, "colsample_bytree": 0.894398883904969, "lam": 0.5653888301413263, "max_depth": 8.518512570578832, "min_child_weight": 2.526743603180419, "subsample": 0.8487070712938639}, "datetime": {"datetime": "2020-04-25 13:48:58", "elapsed": 931.408794, "delta": 8.63451}}
{"target": 0.6130262, "params": {"alpha": 0.9684452135687247, "colsample_bytree": 0.5512129879203296, "lam": 0.002283596967503021, "max_depth": 6.930971174369021, "min_child_weight": 8.828333283615034, "subsample": 0.8989071521381298}, "datetime": {"datetime": "2020-04-25 13:49:05", "elapsed": 938.852734, "delta": 7.44394}}
{"target": 0.6419102, "params": {"alpha": 0.6555511185178887, "colsample_bytree": 0.8941850977934795, "lam": 0.3958781528274975, "max_depth": 7.404190413239705, "min_child_weight": 7.707894841057509, "subsample": 0.892583882188861}, "datetime": {"datetime": "2020-04-25 13:49:13", "elapsed": 946.641584, "delta": 7.78885}}
{"target": 0.5951932, "params": {"alpha": 0.9677553019381048, "colsample_bytree": 0.8909999763638636, "lam": 0.03804724007495974, "max_depth": 4.1001435852780155, "min_child_weight": 2.235918786017023, "subsample": 0.5397638807847754}, "datetime": {"datetime": "2020-04-25 13:49:19", "elapsed": 953.008709, "delta": 6.367125}}
{"target": 0.6169136, "params": {"alpha": 0.7863083610684962, "colsample_bytree": 0.8854870024490353, "lam": 0.3188432028060012, "max_depth": 5.728623590120342, "min_child_weight": 1.0340805241769164, "subsample": 0.8643997260532579}, "datetime": {"datetime": "2020-04-25 13:49:27", "elapsed": 960.057561, "delta": 7.048852}}
{"target": 0.6375176, "params": {"alpha": 0.9525326028464782, "colsample_bytree": 0.8952409435100654, "lam": 0.17288009527886572, "max_depth": 8.32520168230986, "min_child_weight": 7.961416375717009, "subsample": 0.8560391683426944}, "datetime": {"datetime": "2020-04-25 13:49:34", "elapsed": 967.541905, "delta": 7.484344}}
{"target": 0.6314074000000001, "params": {"alpha": 0.05746261045864309, "colsample_bytree": 0.8812011519325529, "lam": 0.05426631745958821, "max_depth": 7.856722861393699, "min_child_weight": 8.40437325298995, "subsample": 0.5541570508048196}, "datetime": {"datetime": "2020-04-25 13:49:41", "elapsed": 974.831182, "delta": 7.289277}}
{"target": 0.6322546, "params": {"alpha": 0.9854836299071921, "colsample_bytree": 0.8715311076471979, "lam": 0.39544816770615143, "max_depth": 7.339099987421528, "min_child_weight": 9.350173379567494, "subsample": 0.8990497956501724}, "datetime": {"datetime": "2020-04-25 13:49:50", "elapsed": 983.115674, "delta": 8.284492}}
{"target": 0.6282588, "params": {"alpha": 0.17790286420570856, "colsample_bytree": 0.7575042981405373, "lam": 0.9884662593687161, "max_depth": 5.039247086145292, "min_child_weight": 9.992119335346551, "subsample": 0.8633527897288458}, "datetime": {"datetime": "2020-04-25 13:49:56", "elapsed": 989.625998, "delta": 6.510324}}
{"target": 0.6368180000000001, "params": {"alpha": 0.9668332327565688, "colsample_bytree": 0.8735938816617053, "lam": 0.0031643974695950705, "max_depth": 9.88101753085939, "min_child_weight": 8.616534706977971, "subsample": 0.826766922041182}, "datetime": {"datetime": "2020-04-25 13:50:05", "elapsed": 998.845488, "delta": 9.21949}}
{"target": 0.5946882, "params": {"alpha": 0.9999999994045684, "colsample_bytree": 0.5000000117264787, "lam": 0.9999999976414451, "max_depth": 4.620573715098275, "min_child_weight": 7.494562971630545, "subsample": 0.8999999983375778}, "datetime": {"datetime": "2020-04-25 13:50:13", "elapsed": 1006.569809, "delta": 7.724321}}
{"target": 0.6196796000000001, "params": {"alpha": 0.06073134720636186, "colsample_bytree": 0.8892702595916862, "lam": 0.00974148197175273, "max_depth": 4.61495675239041, "min_child_weight": 3.8812546386772873, "subsample": 0.5114202909402188}, "datetime": {"datetime": "2020-04-25 13:50:20", "elapsed": 1014.033362, "delta": 7.463553}}
{"target": 0.628113, "params": {"alpha": 0.9959569098747204, "colsample_bytree": 0.8094261476092544, "lam": 0.4716313452922307, "max_depth": 5.3545523241421895, "min_child_weight": 6.161193497356591, "subsample": 0.8976580139417925}, "datetime": {"datetime": "2020-04-25 13:50:27", "elapsed": 1020.477797, "delta": 6.444435}}
{"target": 0.6369068, "params": {"alpha": 0.9862631371376959, "colsample_bytree": 0.8847372104236129, "lam": 0.008049231120730527, "max_depth": 7.547626846573033, "min_child_weight": 9.99704891665112, "subsample": 0.8213479891009292}, "datetime": {"datetime": "2020-04-25 13:50:35", "elapsed": 1028.638131, "delta": 8.160334}}
{"target": 0.6310819999999999, "params": {"alpha": 0.941000275079663, "colsample_bytree": 0.866447148248819, "lam": 0.13953611361671692, "max_depth": 6.584840884004863, "min_child_weight": 9.930476958369345, "subsample": 0.71857845431053}, "datetime": {"datetime": "2020-04-25 13:50:43", "elapsed": 1036.153999, "delta": 7.515868}}
{"target": 0.6365334, "params": {"alpha": 0.9999999999999992, "colsample_bytree": 0.8999999999950649, "lam": 0.9999999999876622, "max_depth": 9.950782595746926, "min_child_weight": 9.8675108345573, "subsample": 0.8999999999950656}, "datetime": {"datetime": "2020-04-25 13:50:52", "elapsed": 1046.011593, "delta": 9.857594}}
{"target": 0.6007856, "params": {"alpha": 0.9716139557883954, "colsample_bytree": 0.895923225396811, "lam": 0.1779748695052873, "max_depth": 3.3503096576393343, "min_child_weight": 3.4569898973600126, "subsample": 0.8521851702445238}, "datetime": {"datetime": "2020-04-25 13:50:59", "elapsed": 1052.321675, "delta": 6.310082}}
{"target": 0.6400868, "params": {"alpha": 0.9849892575310234, "colsample_bytree": 0.864547197063831, "lam": 0.5738148196649376, "max_depth": 7.698253171570497, "min_child_weight": 7.10189547874044, "subsample": 0.8965157178013975}, "datetime": {"datetime": "2020-04-25 13:51:07", "elapsed": 1060.928892, "delta": 8.607217}}
{"target": 0.6220113999999999, "params": {"alpha": 0.9032425125994153, "colsample_bytree": 0.8365609932644023, "lam": 0.16018156047201282, "max_depth": 5.3750091518163305, "min_child_weight": 8.335085832347495, "subsample": 0.5020075350458868}, "datetime": {"datetime": "2020-04-25 13:51:13", "elapsed": 1067.011002, "delta": 6.08211}}
{"target": 0.6392718000000001, "params": {"alpha": 0.01587623382478176, "colsample_bytree": 0.8455850271075299, "lam": 0.6522973563760996, "max_depth": 6.044186295336445, "min_child_weight": 6.7782695222103015, "subsample": 0.823264513151112}, "datetime": {"datetime": "2020-04-25 13:51:22", "elapsed": 1075.767676, "delta": 8.756674}}
{"target": 0.608991, "params": {"alpha": 0.8279464769354963, "colsample_bytree": 0.9, "lam": 1.0, "max_depth": 3.0, "min_child_weight": 9.999999998939474, "subsample": 0.9}, "datetime": {"datetime": "2020-04-25 13:51:29", "elapsed": 1082.623713, "delta": 6.856037}}
{"target": 0.6334002, "params": {"alpha": 0.9022340792700622, "colsample_bytree": 0.8916271218751644, "lam": 0.5225020517792165, "max_depth": 9.23642971992572, "min_child_weight": 6.1662983723806, "subsample": 0.5668085723044729}, "datetime": {"datetime": "2020-04-25 13:51:38", "elapsed": 1091.068487, "delta": 8.444774}}
{"target": 0.6375216, "params": {"alpha": 0.5403458708961233, "colsample_bytree": 0.8931272978039753, "lam": 0.6831795266106273, "max_depth": 6.331695642442891, "min_child_weight": 5.729663844593393, "subsample": 0.8862656587678986}, "datetime": {"datetime": "2020-04-25 13:51:45", "elapsed": 1099.02422, "delta": 7.955733}}
{"target": 0.5963558000000001, "params": {"alpha": 0.991538980532652, "colsample_bytree": 0.8950341212135691, "lam": 0.9016482517585114, "max_depth": 3.081216027564253, "min_child_weight": 6.646239776169607, "subsample": 0.6821405507644308}, "datetime": {"datetime": "2020-04-25 13:51:52", "elapsed": 1105.83527, "delta": 6.81105}}
{"target": 0.6347484, "params": {"alpha": 1.0, "colsample_bytree": 0.8999999608998626, "lam": 1.0, "max_depth": 5.925260016688898, "min_child_weight": 5.272743894027013, "subsample": 0.8999999834690958}, "datetime": {"datetime": "2020-04-25 13:52:00", "elapsed": 1113.759802, "delta": 7.924532}}
{"target": 0.6349332, "params": {"alpha": 0.0, "colsample_bytree": 0.8999999880580825, "lam": 1.0, "max_depth": 5.397573095231695, "min_child_weight": 9.225483695116482, "subsample": 0.9}, "datetime": {"datetime": "2020-04-25 13:52:08", "elapsed": 1121.546799, "delta": 7.786997}}
{"target": 0.6318674, "params": {"alpha": 0.3664325841652779, "colsample_bytree": 0.8777117286612943, "lam": 0.38742793362217764, "max_depth": 8.78903761889335, "min_child_weight": 6.754475036670267, "subsample": 0.872398654448215}, "datetime": {"datetime": "2020-04-25 13:52:17", "elapsed": 1130.83035, "delta": 9.283551}}
{"target": 0.6366526, "params": {"alpha": 0.4595928930143529, "colsample_bytree": 0.8149386505742708, "lam": 0.6433318251441663, "max_depth": 6.652159390776214, "min_child_weight": 6.871114572104705, "subsample": 0.8748095573313626}, "datetime": {"datetime": "2020-04-25 13:52:25", "elapsed": 1138.993694, "delta": 8.163344}}
{"target": 0.6259398, "params": {"alpha": 0.03722932545890911, "colsample_bytree": 0.8609163600566675, "lam": 0.2261663102253989, "max_depth": 4.127197520576633, "min_child_weight": 7.56499846009171, "subsample": 0.8624500926550043}, "datetime": {"datetime": "2020-04-25 13:52:33", "elapsed": 1146.450998, "delta": 7.457304}}
{"target": 0.6230214000000001, "params": {"alpha": 0.008937273852534289, "colsample_bytree": 0.8907659896289799, "lam": 0.4968406450068623, "max_depth": 6.937245936030688, "min_child_weight": 5.3946547882150675, "subsample": 0.611458583436526}, "datetime": {"datetime": "2020-04-25 13:52:42", "elapsed": 1155.758479, "delta": 9.307481}}
{"target": 0.6401212000000001, "params": {"alpha": 0.6973170206362175, "colsample_bytree": 0.8999999468602206, "lam": 0.6811297494993034, "max_depth": 5.937596266004376, "min_child_weight": 6.505987419234268, "subsample": 0.8813498691942748}, "datetime": {"datetime": "2020-04-25 13:52:50", "elapsed": 1164.036002, "delta": 8.277523}}
{"target": 0.6223980000000001, "params": {"alpha": 0.05845915855683692, "colsample_bytree": 0.8776611756441881, "lam": 0.7204452796679244, "max_depth": 6.618934739827417, "min_child_weight": 4.399372726533278, "subsample": 0.8915358678757421}, "datetime": {"datetime": "2020-04-25 13:52:59", "elapsed": 1172.841061, "delta": 8.805059}}
{"target": 0.6255725999999999, "params": {"alpha": 0.07418467568616316, "colsample_bytree": 0.8710307282387983, "lam": 0.9963049399579101, "max_depth": 5.709555063559817, "min_child_weight": 2.2073862044806742, "subsample": 0.8810035667324172}, "datetime": {"datetime": "2020-04-25 13:53:08", "elapsed": 1181.254631, "delta": 8.41357}}
{"target": 0.6143395999999999, "params": {"alpha": 0.9335258055770148, "colsample_bytree": 0.5112601544827211, "lam": 0.23972075342401644, "max_depth": 8.321153279940642, "min_child_weight": 6.578086545419309, "subsample": 0.5581203190414774}, "datetime": {"datetime": "2020-04-25 13:53:16", "elapsed": 1189.297564, "delta": 8.042933}}
{"target": 0.6238062, "params": {"alpha": 0.28696789488519947, "colsample_bytree": 0.8459535226874586, "lam": 0.6569666361479064, "max_depth": 7.4478454668087615, "min_child_weight": 4.466400480499721, "subsample": 0.514373790401955}, "datetime": {"datetime": "2020-04-25 13:53:24", "elapsed": 1197.119443, "delta": 7.821879}}
{"target": 0.6314992, "params": {"alpha": 0.9967190216325118, "colsample_bytree": 0.8186461769917153, "lam": 0.831162434859637, "max_depth": 9.936361846426006, "min_child_weight": 6.62253130619482, "subsample": 0.5088080737595336}, "datetime": {"datetime": "2020-04-25 13:53:32", "elapsed": 1205.747969, "delta": 8.628526}}
{"target": 0.6020708, "params": {"alpha": 0.04538888586034162, "colsample_bytree": 0.878564440384858, "lam": 0.9832168202943583, "max_depth": 9.998905640038526, "min_child_weight": 1.0500454823754057, "subsample": 0.5380407398858053}, "datetime": {"datetime": "2020-04-25 13:53:42", "elapsed": 1215.329027, "delta": 9.581058}}
{"target": 0.6296732, "params": {"alpha": 0.9951327694984536, "colsample_bytree": 0.8926209565200315, "lam": 0.19527203955473182, "max_depth": 4.198479729662894, "min_child_weight": 8.260608983852098, "subsample": 0.8807903831315161}, "datetime": {"datetime": "2020-04-25 13:53:50", "elapsed": 1223.302975, "delta": 7.973948}}
