{"target": 0.6364118, "params": {"alpha": 0.1683778864988672, "colsample_bytree": 0.8543425488417051, "lam": 0.061353956593538705, "max_depth": 9.127818777906505, "min_child_weight": 6.5046006090234565, "subsample": 0.8598581203982666}, "datetime": {"datetime": "2020-04-25 09:58:50", "elapsed": 730.201325, "delta": 7.961797}}
{"target": 0.6296232, "params": {"alpha": 0.0, "colsample_bytree": 0.9, "lam": 0.0, "max_depth": 5.6481467299172765, "min_child_weight": 9.43148236474395, "subsample": 0.5}, "datetime": {"datetime": "2020-04-25 09:58:56", "elapsed": 735.957945, "delta": 5.75662}}
{"target": 0.6309518, "params": {"alpha": 0.9250598317602844, "colsample_bytree": 0.8701092409812625, "lam": 0.27132718702126524, "max_depth": 6.645173618533562, "min_child_weight": 4.900228173343729, "subsample": 0.8402934924601677}, "datetime": {"datetime": "2020-04-25 09:59:04", "elapsed": 743.479443, "delta": 7.521498}}
{"target": 0.6375872, "params": {"alpha": 0.02852251214119772, "colsample_bytree": 0.8985692154782392, "lam": 0.861299489312988, "max_depth": 6.205171246990892, "min_child_weight": 4.9258009685120285, "subsample": 0.873978609333007}, "datetime": {"datetime": "2020-04-25 09:59:10", "elapsed": 749.651769, "delta": 6.172326}}
{"target": 0.6225718, "params": {"alpha": 0.06715393302081507, "colsample_bytree": 0.876590837041995, "lam": 0.9625493445465474, "max_depth": 7.293864730113827, "min_child_weight": 4.871195882369525, "subsample": 0.8880912092397768}, "datetime": {"datetime": "2020-04-25 09:59:17", "elapsed": 756.419902, "delta": 6.768133}}
{"target": 0.603362, "params": {"alpha": 0.9714698322414312, "colsample_bytree": 0.8031545472878443, "lam": 0.022516153264361072, "max_depth": 3.7862391304112446, "min_child_weight": 1.0804616741769606, "subsample": 0.5241986748479462}, "datetime": {"datetime": "2020-04-25 09:59:22", "elapsed": 761.440577, "delta": 5.020675}}
{"target": 0.6407902, "params": {"alpha": 1.0, "colsample_bytree": 0.9, "lam": 0.12551600699537138, "max_depth": 8.613220625046802, "min_child_weight": 8.356171917112277, "subsample": 0.9}, "datetime": {"datetime": "2020-04-25 09:59:29", "elapsed": 769.117441, "delta": 7.676864}}
{"target": 0.6322325999999999, "params": {"alpha": 0.3714123097558403, "colsample_bytree": 0.8990238041838846, "lam": 0.8957140376488517, "max_depth": 5.504847366698502, "min_child_weight": 4.378492088802739, "subsample": 0.8706203036835312}, "datetime": {"datetime": "2020-04-25 09:59:36", "elapsed": 775.807106, "delta": 6.689665}}
{"target": 0.6316834, "params": {"alpha": 0.3982194235597408, "colsample_bytree": 0.897232717309324, "lam": 0.136864969964141, "max_depth": 9.72866820023551, "min_child_weight": 9.60660395320356, "subsample": 0.8873442074078708}, "datetime": {"datetime": "2020-04-25 09:59:44", "elapsed": 783.886936, "delta": 8.07983}}
{"target": 0.6193132, "params": {"alpha": 0.9944329170549273, "colsample_bytree": 0.8842653582910456, "lam": 0.9761865869016029, "max_depth": 6.833949496499367, "min_child_weight": 4.163322463592031, "subsample": 0.581507884335157}, "datetime": {"datetime": "2020-04-25 09:59:50", "elapsed": 789.942677, "delta": 6.055741}}
{"target": 0.6010626, "params": {"alpha": 0.011113906451652144, "colsample_bytree": 0.8999999959498088, "lam": 0.31219893669177823, "max_depth": 3.0116130573002966, "min_child_weight": 10.0, "subsample": 0.9}, "datetime": {"datetime": "2020-04-25 09:59:56", "elapsed": 795.922055, "delta": 5.979378}}
{"target": 0.5802476000000001, "params": {"alpha": 0.0, "colsample_bytree": 0.9, "lam": 0.9992076709387168, "max_depth": 8.63948970448862, "min_child_weight": 1.0, "subsample": 0.5126929418724071}, "datetime": {"datetime": "2020-04-25 10:00:03", "elapsed": 802.755826, "delta": 6.833771}}
{"target": 0.6317616, "params": {"alpha": 0.0038429185975866753, "colsample_bytree": 0.8864608914178826, "lam": 0.9144487695545571, "max_depth": 7.369106598956085, "min_child_weight": 2.9371980814270264, "subsample": 0.7800386589858581}, "datetime": {"datetime": "2020-04-25 10:00:10", "elapsed": 809.587852, "delta": 6.832026}}
{"target": 0.6328638, "params": {"alpha": 0.005339320086878319, "colsample_bytree": 0.889743729639352, "lam": 0.6851956128733694, "max_depth": 9.94195071755142, "min_child_weight": 7.687463827619266, "subsample": 0.6003598526525726}, "datetime": {"datetime": "2020-04-25 10:00:17", "elapsed": 816.396582, "delta": 6.80873}}
{"target": 0.6253054, "params": {"alpha": 0.847342463694343, "colsample_bytree": 0.8999999999630421, "lam": 0.24161389070458064, "max_depth": 5.056725569177547, "min_child_weight": 1.307586164244507, "subsample": 0.8999999999882473}, "datetime": {"datetime": "2020-04-25 10:00:23", "elapsed": 822.830723, "delta": 6.434141}}
{"target": 0.6197123999999999, "params": {"alpha": 0.15198076332560762, "colsample_bytree": 0.8828134693983339, "lam": 0.8098606717608524, "max_depth": 7.582043852305329, "min_child_weight": 1.853977936280194, "subsample": 0.8958232864456854}, "datetime": {"datetime": "2020-04-25 10:00:30", "elapsed": 830.047577, "delta": 7.216854}}
{"target": 0.624739, "params": {"alpha": 0.6187094792259227, "colsample_bytree": 0.856455866657482, "lam": 0.9066235841408736, "max_depth": 8.888322960926724, "min_child_weight": 4.296283326677403, "subsample": 0.8786613812320514}, "datetime": {"datetime": "2020-04-25 10:00:38", "elapsed": 837.276364, "delta": 7.228787}}
{"target": 0.6151782000000001, "params": {"alpha": 0.9981061174583926, "colsample_bytree": 0.8767579569839742, "lam": 0.9806513658477276, "max_depth": 4.393523027992669, "min_child_weight": 4.455773186722164, "subsample": 0.5340475069816126}, "datetime": {"datetime": "2020-04-25 10:00:43", "elapsed": 842.766527, "delta": 5.490163}}
{"target": 0.6004412, "params": {"alpha": 0.060548580824821174, "colsample_bytree": 0.8981413156751235, "lam": 0.968041600521285, "max_depth": 3.446514527005278, "min_child_weight": 2.9400753659181866, "subsample": 0.8961747635961255}, "datetime": {"datetime": "2020-04-25 10:00:48", "elapsed": 848.139665, "delta": 5.373138}}
{"target": 0.604641, "params": {"alpha": 0.1275112142423408, "colsample_bytree": 0.8907540745419434, "lam": 0.9321385316422106, "max_depth": 3.2735235954939568, "min_child_weight": 5.674564068248959, "subsample": 0.8950794938378364}, "datetime": {"datetime": "2020-04-25 10:00:54", "elapsed": 853.619093, "delta": 5.479428}}
{"target": 0.6357762000000001, "params": {"alpha": 0.02360077489512802, "colsample_bytree": 0.8906305899951751, "lam": 0.9603163370352663, "max_depth": 7.369273669008632, "min_child_weight": 9.712250866625492, "subsample": 0.8916911693990346}, "datetime": {"datetime": "2020-04-25 10:01:02", "elapsed": 861.383132, "delta": 7.764039}}
{"target": 0.6208408, "params": {"alpha": 0.007453581966533229, "colsample_bytree": 0.564145661238342, "lam": 0.22682100479556244, "max_depth": 4.561414894556848, "min_child_weight": 5.690046765230876, "subsample": 0.8386482988515531}, "datetime": {"datetime": "2020-04-25 10:01:08", "elapsed": 868.016282, "delta": 6.63315}}
{"target": 0.6094754, "params": {"alpha": 0.9159232928011409, "colsample_bytree": 0.5437128196090686, "lam": 0.1574079811841469, "max_depth": 7.932203000357678, "min_child_weight": 3.6596353521317475, "subsample": 0.8985261120953572}, "datetime": {"datetime": "2020-04-25 10:01:16", "elapsed": 875.587661, "delta": 7.571379}}
{"target": 0.6273672, "params": {"alpha": 0.9999999980644586, "colsample_bytree": 0.8999999992257834, "lam": 0.6696364773674705, "max_depth": 9.119304256039442, "min_child_weight": 7.940696722890093, "subsample": 0.8999999992257834}, "datetime": {"datetime": "2020-04-25 10:01:24", "elapsed": 883.873453, "delta": 8.285792}}
{"target": 0.6397458, "params": {"alpha": 0.03793896605735991, "colsample_bytree": 0.8547072049049309, "lam": 0.04948283106087281, "max_depth": 8.501694386803889, "min_child_weight": 8.12768951654839, "subsample": 0.8892430737655816}, "datetime": {"datetime": "2020-04-25 10:01:32", "elapsed": 891.722074, "delta": 7.848621}}
{"target": 0.6290732, "params": {"alpha": 0.931983978631745, "colsample_bytree": 0.8291760450401042, "lam": 0.021686861719786843, "max_depth": 9.690092925279718, "min_child_weight": 6.635836220066835, "subsample": 0.6356405486271921}, "datetime": {"datetime": "2020-04-25 10:01:39", "elapsed": 898.992975, "delta": 7.270901}}
{"target": 0.6293382, "params": {"alpha": 0.3857489167059702, "colsample_bytree": 0.8794830511397608, "lam": 0.8788254619584895, "max_depth": 3.793132840554108, "min_child_weight": 8.869139728590453, "subsample": 0.8772006479544003}, "datetime": {"datetime": "2020-04-25 10:01:45", "elapsed": 905.137406, "delta": 6.144431}}
{"target": 0.6359064, "params": {"alpha": 0.3339560308620304, "colsample_bytree": 0.8752210347305379, "lam": 0.5403990113914624, "max_depth": 6.12695136556835, "min_child_weight": 9.850329174304147, "subsample": 0.8389744572966387}, "datetime": {"datetime": "2020-04-25 10:01:52", "elapsed": 911.739236, "delta": 6.60183}}
{"target": 0.6278118, "params": {"alpha": 0.2023868386765284, "colsample_bytree": 0.9, "lam": 0.708233964017682, "max_depth": 8.278748338664762, "min_child_weight": 2.1103068403330436, "subsample": 0.5}, "datetime": {"datetime": "2020-04-25 10:01:58", "elapsed": 917.288208, "delta": 5.548972}}
{"target": 0.6325936000000001, "params": {"alpha": 0.04031077259494198, "colsample_bytree": 0.893224164905454, "lam": 0.3257614056274304, "max_depth": 7.8108022959962335, "min_child_weight": 9.089492416074812, "subsample": 0.8689425904841427}, "datetime": {"datetime": "2020-04-25 10:02:05", "elapsed": 924.997717, "delta": 7.709509}}
{"target": 0.6328386, "params": {"alpha": 0.4094849026851286, "colsample_bytree": 0.8829107979678648, "lam": 0.9681441914931009, "max_depth": 6.495932413732647, "min_child_weight": 9.688968206964354, "subsample": 0.5070318817797315}, "datetime": {"datetime": "2020-04-25 10:02:11", "elapsed": 930.349798, "delta": 5.352081}}
{"target": 0.6433907999999999, "params": {"alpha": 0.981154046180923, "colsample_bytree": 0.8998927884344858, "lam": 0.4961537365045745, "max_depth": 5.042232246113828, "min_child_weight": 3.434742192448199, "subsample": 0.8856110612602063}, "datetime": {"datetime": "2020-04-25 10:02:18", "elapsed": 937.489851, "delta": 7.140053}}
{"target": 0.6275299999999999, "params": {"alpha": 0.15671512678136423, "colsample_bytree": 0.8888214063240998, "lam": 0.20553792235352775, "max_depth": 4.818883656403406, "min_child_weight": 9.917196923657768, "subsample": 0.6390699989386985}, "datetime": {"datetime": "2020-04-25 10:02:24", "elapsed": 943.379999, "delta": 5.890148}}
{"target": 0.6041901999999999, "params": {"alpha": 0.988820473294386, "colsample_bytree": 0.9, "lam": 1.0, "max_depth": 3.0000000215503575, "min_child_weight": 8.383619100716892, "subsample": 0.9}, "datetime": {"datetime": "2020-04-25 10:02:31", "elapsed": 950.320228, "delta": 6.940229}}
{"target": 0.6232116, "params": {"alpha": 0.5954895315993562, "colsample_bytree": 0.5619569093281551, "lam": 0.9793138260825167, "max_depth": 7.198049501274497, "min_child_weight": 9.973514791111807, "subsample": 0.8747981977273416}, "datetime": {"datetime": "2020-04-25 10:02:38", "elapsed": 957.918319, "delta": 7.598091}}
{"target": 0.6096492, "params": {"alpha": 0.03507890928797752, "colsample_bytree": 0.8981265556237117, "lam": 0.8679111265441591, "max_depth": 8.154265543561618, "min_child_weight": 3.7996331387288245, "subsample": 0.5239690585725181}, "datetime": {"datetime": "2020-04-25 10:02:45", "elapsed": 964.727422, "delta": 6.809103}}
{"target": 0.6183076, "params": {"alpha": 0.8468393754726907, "colsample_bytree": 0.8958269986010918, "lam": 0.3221230951619575, "max_depth": 5.027612971597773, "min_child_weight": 2.902230990654105, "subsample": 0.5063024366624442}, "datetime": {"datetime": "2020-04-25 10:02:51", "elapsed": 971.168379, "delta": 6.440957}}
{"target": 0.597342, "params": {"alpha": 0.9952391122125143, "colsample_bytree": 0.8567609536539886, "lam": 0.0660006872644402, "max_depth": 3.2336876718148213, "min_child_weight": 3.372253959339457, "subsample": 0.8631316041303009}, "datetime": {"datetime": "2020-04-25 10:02:59", "elapsed": 978.401541, "delta": 7.233162}}
{"target": 0.6063816000000001, "params": {"alpha": 0.10964371742487267, "colsample_bytree": 0.5341001143682579, "lam": 0.5842786463862291, "max_depth": 4.510759382461553, "min_child_weight": 2.5133494407812806, "subsample": 0.8974553709064028}, "datetime": {"datetime": "2020-04-25 10:03:06", "elapsed": 985.525691, "delta": 7.12415}}
{"target": 0.6248569999999999, "params": {"alpha": 0.0, "colsample_bytree": 0.8999999796423577, "lam": 1.0, "max_depth": 4.635383033418355, "min_child_weight": 5.7206940847228696, "subsample": 0.9}, "datetime": {"datetime": "2020-04-25 10:03:12", "elapsed": 992.118012, "delta": 6.592321}}
{"target": 0.6279074, "params": {"alpha": 0.030869994759215813, "colsample_bytree": 0.896294793465874, "lam": 0.01428063172612859, "max_depth": 9.446970066083182, "min_child_weight": 7.648879332974317, "subsample": 0.6005047777563411}, "datetime": {"datetime": "2020-04-25 10:03:19", "elapsed": 998.945718, "delta": 6.827706}}
{"target": 0.6368824, "params": {"alpha": 0.03664674464997064, "colsample_bytree": 0.8347423196793968, "lam": 0.4121136194779407, "max_depth": 5.571703101267234, "min_child_weight": 7.195778750908149, "subsample": 0.8516477847924717}, "datetime": {"datetime": "2020-04-25 10:03:26", "elapsed": 1005.651583, "delta": 6.705865}}
{"target": 0.6187582, "params": {"alpha": 0.01155007850342804, "colsample_bytree": 0.8433789077345804, "lam": 0.08989698904646193, "max_depth": 5.228006122208346, "min_child_weight": 4.613473942916814, "subsample": 0.5311754485452337}, "datetime": {"datetime": "2020-04-25 10:03:32", "elapsed": 1011.333009, "delta": 5.681426}}
{"target": 0.6424344, "params": {"alpha": 0.6633061515609113, "colsample_bytree": 0.8820614702625413, "lam": 0.11640520706380486, "max_depth": 7.269999356942526, "min_child_weight": 8.579170307836737, "subsample": 0.8952178408901352}, "datetime": {"datetime": "2020-04-25 10:03:39", "elapsed": 1018.913179, "delta": 7.58017}}
{"target": 0.6158645999999999, "params": {"alpha": 0.9875584143819589, "colsample_bytree": 0.8979819211121174, "lam": 0.961348366063411, "max_depth": 4.1244149437784525, "min_child_weight": 1.0381692907964704, "subsample": 0.8852695737635687}, "datetime": {"datetime": "2020-04-25 10:03:46", "elapsed": 1025.909727, "delta": 6.996548}}
{"target": 0.6350543999999999, "params": {"alpha": 0.03605049486200762, "colsample_bytree": 0.8802003661989732, "lam": 0.992598489744605, "max_depth": 9.694929561339306, "min_child_weight": 8.250710043669603, "subsample": 0.8749966802160809}, "datetime": {"datetime": "2020-04-25 10:03:56", "elapsed": 1035.31655, "delta": 9.406823}}
{"target": 0.6328362000000001, "params": {"alpha": 0.03139237998067246, "colsample_bytree": 0.8881373976345237, "lam": 0.3003715081232309, "max_depth": 8.371915764040828, "min_child_weight": 7.193392286948052, "subsample": 0.8824271868452147}, "datetime": {"datetime": "2020-04-25 10:04:04", "elapsed": 1043.470668, "delta": 8.154118}}
{"target": 0.6394385999999999, "params": {"alpha": 0.5306781511225152, "colsample_bytree": 0.8987246434178827, "lam": 0.00691309037203125, "max_depth": 9.133310717846282, "min_child_weight": 5.564228656851935, "subsample": 0.878995602635722}, "datetime": {"datetime": "2020-04-25 10:04:12", "elapsed": 1051.709863, "delta": 8.239195}}
{"target": 0.6277486000000001, "params": {"alpha": 0.02838040641094397, "colsample_bytree": 0.896266256058101, "lam": 0.3068664183663701, "max_depth": 3.9170457159810925, "min_child_weight": 9.456706010650946, "subsample": 0.8511001203984299}, "datetime": {"datetime": "2020-04-25 10:04:19", "elapsed": 1058.688358, "delta": 6.978495}}
{"target": 0.6279958, "params": {"alpha": 5.839219195877619e-07, "colsample_bytree": 0.8702305478097423, "lam": 0.538989176558588, "max_depth": 5.040692400596157, "min_child_weight": 5.261778672976576, "subsample": 0.8999995798209517}, "datetime": {"datetime": "2020-04-25 10:04:27", "elapsed": 1066.354832, "delta": 7.666474}}
{"target": 0.6126174000000001, "params": {"alpha": 0.032076947752646134, "colsample_bytree": 0.8052995219053516, "lam": 0.11866376062456474, "max_depth": 4.969779370812167, "min_child_weight": 6.589363279738656, "subsample": 0.5148811146296836}, "datetime": {"datetime": "2020-04-25 10:04:33", "elapsed": 1073.131442, "delta": 6.77661}}
{"target": 0.6206346, "params": {"alpha": 0.024523279873906345, "colsample_bytree": 0.5996674499865899, "lam": 0.011231127729850021, "max_depth": 5.982967035733649, "min_child_weight": 5.981091560783446, "subsample": 0.8884874995554177}, "datetime": {"datetime": "2020-04-25 10:04:41", "elapsed": 1081.128327, "delta": 7.996885}}
{"target": 0.6204066, "params": {"alpha": 0.1690268961030864, "colsample_bytree": 0.8238462861396005, "lam": 0.9962915401833694, "max_depth": 4.979945195383218, "min_child_weight": 3.5050396460640796, "subsample": 0.6135075565120999}, "datetime": {"datetime": "2020-04-25 10:04:48", "elapsed": 1087.903857, "delta": 6.77553}}
{"target": 0.6230931999999999, "params": {"alpha": 0.18388601654726322, "colsample_bytree": 0.8658235652626667, "lam": 0.40743320575361597, "max_depth": 9.793644690266262, "min_child_weight": 5.414044410443333, "subsample": 0.8794090550955016}, "datetime": {"datetime": "2020-04-25 10:04:58", "elapsed": 1097.382424, "delta": 9.478567}}
{"target": 0.6395624, "params": {"alpha": 0.017681865846075673, "colsample_bytree": 0.8988481794502776, "lam": 0.9037463754741072, "max_depth": 8.672251912722768, "min_child_weight": 9.902270435478881, "subsample": 0.8831031813286476}, "datetime": {"datetime": "2020-04-25 10:05:06", "elapsed": 1105.858431, "delta": 8.476007}}
{"target": 0.6137912, "params": {"alpha": 0.8666400861030545, "colsample_bytree": 0.8888251815103602, "lam": 0.05592999985774394, "max_depth": 9.974179053115574, "min_child_weight": 5.719697711256673, "subsample": 0.6183306904696602}, "datetime": {"datetime": "2020-04-25 10:05:14", "elapsed": 1113.923787, "delta": 8.065356}}
{"target": 0.6321771999999999, "params": {"alpha": 0.7181539046177723, "colsample_bytree": 0.8756059263238425, "lam": 0.0594703952700677, "max_depth": 6.4318698641529, "min_child_weight": 8.629004163627766, "subsample": 0.5723549481763583}, "datetime": {"datetime": "2020-04-25 10:05:21", "elapsed": 1120.409021, "delta": 6.485234}}
{"target": 0.6207056, "params": {"alpha": 0.6231134758481236, "colsample_bytree": 0.8979640767399493, "lam": 0.9937073125350985, "max_depth": 6.265152028937733, "min_child_weight": 5.352530147365909, "subsample": 0.7028196935317501}, "datetime": {"datetime": "2020-04-25 10:05:27", "elapsed": 1126.837994, "delta": 6.428973}}
{"target": 0.6390720000000001, "params": {"alpha": 0.0012455509069454473, "colsample_bytree": 0.8475900754457181, "lam": 0.988068863796712, "max_depth": 9.397045534749505, "min_child_weight": 7.535518302617291, "subsample": 0.573096058504041}, "datetime": {"datetime": "2020-04-25 10:05:35", "elapsed": 1134.516783, "delta": 7.678789}}
{"target": 0.62664, "params": {"alpha": 0.9712985748584495, "colsample_bytree": 0.6669997334421087, "lam": 0.977306383978916, "max_depth": 5.690577346406461, "min_child_weight": 3.7602027792030768, "subsample": 0.7630223715803328}, "datetime": {"datetime": "2020-04-25 10:05:42", "elapsed": 1142.174661, "delta": 7.657878}}
{"target": 0.6132902, "params": {"alpha": 0.9999999962217537, "colsample_bytree": 0.9, "lam": 0.9999999976658835, "max_depth": 9.966916153483607, "min_child_weight": 2.944410355633145, "subsample": 0.9}, "datetime": {"datetime": "2020-04-25 10:05:52", "elapsed": 1151.786633, "delta": 9.611972}}
{"target": 0.628564, "params": {"alpha": 0.9221576008676149, "colsample_bytree": 0.876894631691838, "lam": 0.31057846066627526, "max_depth": 4.656659873117552, "min_child_weight": 7.720632633002104, "subsample": 0.8953404371489655}, "datetime": {"datetime": "2020-04-25 10:05:59", "elapsed": 1158.884954, "delta": 7.098321}}
{"target": 0.6202078, "params": {"alpha": 0.994855145679037, "colsample_bytree": 0.894428422945418, "lam": 0.040101736123791976, "max_depth": 7.880274876005661, "min_child_weight": 8.23063773541433, "subsample": 0.5192911968523419}, "datetime": {"datetime": "2020-04-25 10:06:07", "elapsed": 1166.380877, "delta": 7.495923}}
{"target": 0.6272538, "params": {"alpha": 0.9002707275720869, "colsample_bytree": 0.8943553808552762, "lam": 0.010543197755890521, "max_depth": 4.6665232904162295, "min_child_weight": 4.313802660860836, "subsample": 0.8652019492968419}, "datetime": {"datetime": "2020-04-25 10:06:14", "elapsed": 1173.700993, "delta": 7.320116}}
{"target": 0.6340633999999999, "params": {"alpha": 0.8334794617687299, "colsample_bytree": 0.8967045238925746, "lam": 0.32729613602792584, "max_depth": 9.542954305592444, "min_child_weight": 6.689021111992323, "subsample": 0.8905420027928499}, "datetime": {"datetime": "2020-04-25 10:06:23", "elapsed": 1182.553259, "delta": 8.852266}}
{"target": 0.6240353999999999, "params": {"alpha": 0.9617318023645701, "colsample_bytree": 0.7541213332344749, "lam": 0.9914734218024261, "max_depth": 9.959036910573296, "min_child_weight": 6.925298798182074, "subsample": 0.5224255419752413}, "datetime": {"datetime": "2020-04-25 10:06:32", "elapsed": 1191.290589, "delta": 8.73733}}
{"target": 0.5989172, "params": {"alpha": 1.0, "colsample_bytree": 0.5000000039979421, "lam": 1.3048745656685812e-09, "max_depth": 9.071765800135015, "min_child_weight": 6.216884145981598, "subsample": 0.8999999995464575}, "datetime": {"datetime": "2020-04-25 10:06:40", "elapsed": 1200.233282, "delta": 8.942693}}
