{"target": 0.6254820000000001, "params": {"alpha": 0.9577055650325933, "colsample_bytree": 0.8828416013978151, "lam": 0.9490382737638036, "max_depth": 4.083739025909294, "min_child_weight": 5.835091255746082, "subsample": 0.8823775652894774}, "datetime": {"datetime": "2020-04-25 12:24:09", "elapsed": 269.573062, "delta": 2.564963}}
{"target": 0.6159812, "params": {"alpha": 0.07064035547039249, "colsample_bytree": 0.8888676445514481, "lam": 0.04434260977114424, "max_depth": 9.377674953369487, "min_child_weight": 6.32701292102322, "subsample": 0.7951249444860105}, "datetime": {"datetime": "2020-04-25 12:24:13", "elapsed": 272.795264, "delta": 3.222202}}
{"target": 0.6211978, "params": {"alpha": 0.10278096565517014, "colsample_bytree": 0.8952038776172255, "lam": 0.05477554106697036, "max_depth": 6.53026992657739, "min_child_weight": 3.3314815206194486, "subsample": 0.8880370322663673}, "datetime": {"datetime": "2020-04-25 12:24:16", "elapsed": 276.014678, "delta": 3.219414}}
{"target": 0.6356042000000001, "params": {"alpha": 0.04977611203483079, "colsample_bytree": 0.8943841779339777, "lam": 0.42330486762924247, "max_depth": 9.920954556999984, "min_child_weight": 9.934960606810133, "subsample": 0.769566866128383}, "datetime": {"datetime": "2020-04-25 12:24:19", "elapsed": 279.102436, "delta": 3.087758}}
{"target": 0.5961292, "params": {"alpha": 0.1902450907811407, "colsample_bytree": 0.8690539053470892, "lam": 0.6958482693578236, "max_depth": 3.3440657558223994, "min_child_weight": 2.004099558919501, "subsample": 0.5069279991153037}, "datetime": {"datetime": "2020-04-25 12:24:22", "elapsed": 281.883456, "delta": 2.78102}}
{"target": 0.5782372, "params": {"alpha": 0.15828765367788455, "colsample_bytree": 0.5244782464444663, "lam": 0.9944950005770054, "max_depth": 3.0499801011052567, "min_child_weight": 6.602041275976317, "subsample": 0.8952353338911336}, "datetime": {"datetime": "2020-04-25 12:24:25", "elapsed": 284.801346, "delta": 2.91789}}
{"target": 0.6152318, "params": {"alpha": 0.9652198861211387, "colsample_bytree": 0.5270585627350824, "lam": 0.3142097118473479, "max_depth": 8.323799861233056, "min_child_weight": 7.190250892549963, "subsample": 0.8799905099162525}, "datetime": {"datetime": "2020-04-25 12:24:27", "elapsed": 287.646376, "delta": 2.84503}}
{"target": 0.634277, "params": {"alpha": 0.9880348748115534, "colsample_bytree": 0.8948851674586705, "lam": 0.8179439759381999, "max_depth": 8.156904084391128, "min_child_weight": 6.553677691842846, "subsample": 0.8841039302128613}, "datetime": {"datetime": "2020-04-25 12:24:30", "elapsed": 290.579935, "delta": 2.933559}}
{"target": 0.6194852, "params": {"alpha": 0.9547201764214841, "colsample_bytree": 0.812868740040587, "lam": 0.0013506987794337233, "max_depth": 8.80516802225209, "min_child_weight": 4.676064449553969, "subsample": 0.8945233895169126}, "datetime": {"datetime": "2020-04-25 12:24:34", "elapsed": 293.724293, "delta": 3.144358}}
{"target": 0.6349928, "params": {"alpha": 0.05370938143749027, "colsample_bytree": 0.8937366602263345, "lam": 0.4289017736180405, "max_depth": 4.378724013245667, "min_child_weight": 1.0468852325835158, "subsample": 0.8714239156215182}, "datetime": {"datetime": "2020-04-25 12:24:36", "elapsed": 296.399416, "delta": 2.675123}}
{"target": 0.6240650000000001, "params": {"alpha": 0.8276982071347068, "colsample_bytree": 0.8989016307835469, "lam": 0.9464602339800414, "max_depth": 4.7854289706092725, "min_child_weight": 6.143630807477553, "subsample": 0.5286988128250723}, "datetime": {"datetime": "2020-04-25 12:24:40", "elapsed": 299.785038, "delta": 3.385622}}
{"target": 0.6179344, "params": {"alpha": 0.8398713071515875, "colsample_bytree": 0.8932798624900213, "lam": 0.14651700527547284, "max_depth": 7.8634697914975975, "min_child_weight": 5.051171393253089, "subsample": 0.894730620669609}, "datetime": {"datetime": "2020-04-25 12:24:43", "elapsed": 303.011747, "delta": 3.226709}}
{"target": 0.628668, "params": {"alpha": 1.0, "colsample_bytree": 0.8999999955832375, "lam": 0.9999999977781837, "max_depth": 4.234241818541251, "min_child_weight": 8.041704554624255, "subsample": 0.8999999981906512}, "datetime": {"datetime": "2020-04-25 12:24:46", "elapsed": 305.812897, "delta": 2.80115}}
{"target": 0.619576, "params": {"alpha": 0.8978257606000872, "colsample_bytree": 0.7680559968381364, "lam": 0.03765881684366157, "max_depth": 9.951704650616115, "min_child_weight": 5.280943233522878, "subsample": 0.8058139465734515}, "datetime": {"datetime": "2020-04-25 12:24:49", "elapsed": 309.488095, "delta": 3.675198}}
{"target": 0.6078956, "params": {"alpha": 0.8999777136441288, "colsample_bytree": 0.8896034490140421, "lam": 0.8919108057420572, "max_depth": 3.1834068330057734, "min_child_weight": 4.294664774676546, "subsample": 0.5107305839828031}, "datetime": {"datetime": "2020-04-25 12:24:52", "elapsed": 312.437612, "delta": 2.949517}}
{"target": 0.6140384, "params": {"alpha": 0.0014158695706933955, "colsample_bytree": 0.591922622713771, "lam": 0.562739909900206, "max_depth": 7.916023987926723, "min_child_weight": 4.4558288117470575, "subsample": 0.807362855659296}, "datetime": {"datetime": "2020-04-25 12:24:55", "elapsed": 315.354587, "delta": 2.916975}}
{"target": 0.6390732, "params": {"alpha": 0.4386161548690878, "colsample_bytree": 0.8784613998465425, "lam": 0.05965349626918215, "max_depth": 9.990365234796688, "min_child_weight": 9.60289978690786, "subsample": 0.8455415298075968}, "datetime": {"datetime": "2020-04-25 12:24:59", "elapsed": 318.791661, "delta": 3.437074}}
{"target": 0.6354462, "params": {"alpha": 3.664677720663008e-08, "colsample_bytree": 0.9, "lam": 0.0, "max_depth": 4.928289482222381, "min_child_weight": 5.114366732225562, "subsample": 0.8999999210798607}, "datetime": {"datetime": "2020-04-25 12:25:02", "elapsed": 322.350145, "delta": 3.558484}}
{"target": 0.638884, "params": {"alpha": 0.04799015277754459, "colsample_bytree": 0.8810846843451253, "lam": 0.8621661593816415, "max_depth": 9.905105895511262, "min_child_weight": 8.42065056660918, "subsample": 0.8606808786813573}, "datetime": {"datetime": "2020-04-25 12:25:05", "elapsed": 325.415571, "delta": 3.065426}}
{"target": 0.6366482, "params": {"alpha": 0.6325505642115576, "colsample_bytree": 0.7912126769177851, "lam": 0.0028785482429408704, "max_depth": 5.336430360970644, "min_child_weight": 3.8144149719296827, "subsample": 0.8946134519194562}, "datetime": {"datetime": "2020-04-25 12:25:09", "elapsed": 328.683335, "delta": 3.267764}}
{"target": 0.6226322, "params": {"alpha": 0.03972219587781589, "colsample_bytree": 0.5319104981863334, "lam": 0.20153853416952716, "max_depth": 5.819083955369315, "min_child_weight": 9.950204128346869, "subsample": 0.8558085951268997}, "datetime": {"datetime": "2020-04-25 12:25:11", "elapsed": 331.617432, "delta": 2.934097}}
{"target": 0.6367223999999999, "params": {"alpha": 0.9525268041449113, "colsample_bytree": 0.8954454760091797, "lam": 0.9614022398906847, "max_depth": 9.406781675850617, "min_child_weight": 5.80914097993938, "subsample": 0.8465703535262195}, "datetime": {"datetime": "2020-04-25 12:25:15", "elapsed": 334.838077, "delta": 3.220645}}
{"target": 0.6214242, "params": {"alpha": 0.9971983017811173, "colsample_bytree": 0.8577839093782662, "lam": 0.788825283490508, "max_depth": 8.548423288153325, "min_child_weight": 3.3669323571621232, "subsample": 0.8609211530681002}, "datetime": {"datetime": "2020-04-25 12:25:18", "elapsed": 338.325185, "delta": 3.487108}}
{"target": 0.5855596000000001, "params": {"alpha": 0.07166804462458398, "colsample_bytree": 0.8901036984082068, "lam": 0.07739880105629504, "max_depth": 8.19449589793265, "min_child_weight": 3.360135730930532, "subsample": 0.5846471914246631}, "datetime": {"datetime": "2020-04-25 12:25:21", "elapsed": 341.484307, "delta": 3.159122}}
{"target": 0.6323877999999999, "params": {"alpha": 0.004687657963786895, "colsample_bytree": 0.8825014600708891, "lam": 0.5154370290071978, "max_depth": 9.999627580384356, "min_child_weight": 8.464444347706793, "subsample": 0.5669778400898625}, "datetime": {"datetime": "2020-04-25 12:25:24", "elapsed": 344.545803, "delta": 3.061496}}
{"target": 0.6243944, "params": {"alpha": 0.9900556384052374, "colsample_bytree": 0.8750953813349087, "lam": 0.021179042908004653, "max_depth": 9.390232905001643, "min_child_weight": 8.014576295086368, "subsample": 0.5139124765049552}, "datetime": {"datetime": "2020-04-25 12:25:27", "elapsed": 347.459714, "delta": 2.913911}}
{"target": 0.6317802, "params": {"alpha": 0.03162675914299884, "colsample_bytree": 0.8942046667271091, "lam": 0.1025044889617096, "max_depth": 4.519806018791262, "min_child_weight": 5.973509684755888, "subsample": 0.610151488609802}, "datetime": {"datetime": "2020-04-25 12:25:30", "elapsed": 350.582764, "delta": 3.12305}}
{"target": 0.6286054, "params": {"alpha": 0.9412158703569797, "colsample_bytree": 0.8708969710873873, "lam": 0.02627905109618711, "max_depth": 4.700253785809535, "min_child_weight": 6.041046891238704, "subsample": 0.8690172740590252}, "datetime": {"datetime": "2020-04-25 12:25:34", "elapsed": 353.946119, "delta": 3.363355}}
{"target": 0.639806, "params": {"alpha": 0.10055330838435028, "colsample_bytree": 0.8758865042120088, "lam": 0.008701455417928883, "max_depth": 4.742793442859771, "min_child_weight": 3.4557626357634006, "subsample": 0.8895113655750775}, "datetime": {"datetime": "2020-04-25 12:25:37", "elapsed": 357.37126, "delta": 3.425141}}
{"target": 0.5675744, "params": {"alpha": 0.0, "colsample_bytree": 0.5, "lam": 0.0, "max_depth": 4.545146067588908, "min_child_weight": 1.0, "subsample": 0.5}, "datetime": {"datetime": "2020-04-25 12:25:41", "elapsed": 361.201697, "delta": 3.830437}}
{"target": 0.6301954, "params": {"alpha": 0.0258105201980241, "colsample_bytree": 0.8485778577102219, "lam": 0.08270973097765388, "max_depth": 6.895323546515542, "min_child_weight": 6.271876788173666, "subsample": 0.8716042423696195}, "datetime": {"datetime": "2020-04-25 12:25:44", "elapsed": 364.111592, "delta": 2.909895}}
{"target": 0.6309644000000001, "params": {"alpha": 0.0, "colsample_bytree": 0.8999999996738794, "lam": 0.0, "max_depth": 9.999999996653075, "min_child_weight": 9.999999998677605, "subsample": 0.8999999996603534}, "datetime": {"datetime": "2020-04-25 12:25:47", "elapsed": 367.607005, "delta": 3.495413}}
{"target": 0.6319492, "params": {"alpha": 0.9916043711295635, "colsample_bytree": 0.8624442824742375, "lam": 0.989658166046291, "max_depth": 5.371204851775998, "min_child_weight": 7.745649818923352, "subsample": 0.6201322825901706}, "datetime": {"datetime": "2020-04-25 12:25:51", "elapsed": 370.890911, "delta": 3.283906}}
{"target": 0.6455992, "params": {"alpha": 0.0005518568730619178, "colsample_bytree": 0.8452196369116706, "lam": 0.31818688320119237, "max_depth": 9.15789637904722, "min_child_weight": 8.690383778949089, "subsample": 0.892323128520845}, "datetime": {"datetime": "2020-04-25 12:25:54", "elapsed": 374.439143, "delta": 3.548232}}
{"target": 0.6375930000000001, "params": {"alpha": 0.11710618870987588, "colsample_bytree": 0.7830318689556213, "lam": 0.021830460102600258, "max_depth": 9.473042474323478, "min_child_weight": 9.153911408266802, "subsample": 0.8802920241554879}, "datetime": {"datetime": "2020-04-25 12:25:58", "elapsed": 378.042941, "delta": 3.603798}}
{"target": 0.6399992, "params": {"alpha": 0.04075632621559311, "colsample_bytree": 0.8992465110060068, "lam": 0.6310927968722012, "max_depth": 9.985147639365213, "min_child_weight": 6.864267179980063, "subsample": 0.7996163053846251}, "datetime": {"datetime": "2020-04-25 12:26:02", "elapsed": 381.875683, "delta": 3.832742}}
{"target": 0.6255714, "params": {"alpha": 0.23106673470226002, "colsample_bytree": 0.8456615524700581, "lam": 0.9979865479556095, "max_depth": 4.775736407949426, "min_child_weight": 1.456989989033933, "subsample": 0.875701219892101}, "datetime": {"datetime": "2020-04-25 12:26:05", "elapsed": 385.56387, "delta": 3.688187}}
{"target": 0.6393732, "params": {"alpha": 0.9625625721512018, "colsample_bytree": 0.8983186322412273, "lam": 0.21405750962596415, "max_depth": 7.095437857883886, "min_child_weight": 7.130372688577547, "subsample": 0.876072102483411}, "datetime": {"datetime": "2020-04-25 12:26:09", "elapsed": 389.041009, "delta": 3.477139}}
{"target": 0.6443985999999999, "params": {"alpha": 0.21445211761878014, "colsample_bytree": 0.8998096481276928, "lam": 0.41969616539576016, "max_depth": 8.692560294875324, "min_child_weight": 9.769519543176642, "subsample": 0.8576401191201508}, "datetime": {"datetime": "2020-04-25 12:26:13", "elapsed": 393.124538, "delta": 4.083529}}
{"target": 0.6369618, "params": {"alpha": 0.8695798400650714, "colsample_bytree": 0.8988869453897024, "lam": 0.310660264234752, "max_depth": 5.03921025634282, "min_child_weight": 7.98712801025835, "subsample": 0.8805081958146564}, "datetime": {"datetime": "2020-04-25 12:26:16", "elapsed": 396.54848, "delta": 3.423942}}
{"target": 0.6020122, "params": {"alpha": 0.023353420860228735, "colsample_bytree": 0.8539282988798569, "lam": 0.7585383445527747, "max_depth": 3.055214915559862, "min_child_weight": 8.603538595276987, "subsample": 0.6106419609468585}, "datetime": {"datetime": "2020-04-25 12:26:20", "elapsed": 400.348248, "delta": 3.799768}}
{"target": 0.6318933999999999, "params": {"alpha": 0.09758467464792275, "colsample_bytree": 0.8974574702744935, "lam": 0.4926571886011848, "max_depth": 5.274641654611914, "min_child_weight": 7.714831354742545, "subsample": 0.895845821568291}, "datetime": {"datetime": "2020-04-25 12:26:23", "elapsed": 403.586058, "delta": 3.23781}}
{"target": 0.6340128, "params": {"alpha": 0.6352447177839853, "colsample_bytree": 0.8977536578887955, "lam": 0.993537550717225, "max_depth": 8.16328515996693, "min_child_weight": 9.912171139311477, "subsample": 0.8209969900410787}, "datetime": {"datetime": "2020-04-25 12:26:27", "elapsed": 407.367465, "delta": 3.781407}}
{"target": 0.622804, "params": {"alpha": 0.9999999999999999, "colsample_bytree": 0.8999999999999999, "lam": 0.9999999999999996, "max_depth": 5.083348672995968, "min_child_weight": 1.817835383223757, "subsample": 0.5000000115784216}, "datetime": {"datetime": "2020-04-25 12:26:31", "elapsed": 411.369984, "delta": 4.002519}}
{"target": 0.6362152, "params": {"alpha": 0.9826485603935817, "colsample_bytree": 0.897687659372179, "lam": 0.2554898269754462, "max_depth": 6.196375748800406, "min_child_weight": 7.619090729063883, "subsample": 0.8428655354167014}, "datetime": {"datetime": "2020-04-25 12:26:35", "elapsed": 415.317461, "delta": 3.947477}}
{"target": 0.5748476, "params": {"alpha": 1.0, "colsample_bytree": 0.5000000124842183, "lam": 1.0, "max_depth": 8.131037457489501, "min_child_weight": 2.386954273687143, "subsample": 0.9}, "datetime": {"datetime": "2020-04-25 12:26:39", "elapsed": 419.029203, "delta": 3.711742}}
{"target": 0.6409657999999999, "params": {"alpha": 0.09038468418796042, "colsample_bytree": 0.8987543971418963, "lam": 0.9537535972641376, "max_depth": 5.027249722972693, "min_child_weight": 4.006198683426346, "subsample": 0.8821903257758577}, "datetime": {"datetime": "2020-04-25 12:26:42", "elapsed": 422.232616, "delta": 3.203413}}
{"target": 0.6344146000000002, "params": {"alpha": 0.04842168610570852, "colsample_bytree": 0.8686070642415271, "lam": 0.27831871227625393, "max_depth": 9.447251953682066, "min_child_weight": 9.486914339325388, "subsample": 0.8328590678052663}, "datetime": {"datetime": "2020-04-25 12:26:46", "elapsed": 426.604615, "delta": 4.371999}}
{"target": 0.6226478, "params": {"alpha": 0.13298500012655656, "colsample_bytree": 0.8980703258181941, "lam": 0.9611778362014585, "max_depth": 4.527397939890745, "min_child_weight": 4.261519417490768, "subsample": 0.5280538640484879}, "datetime": {"datetime": "2020-04-25 12:26:51", "elapsed": 431.014103, "delta": 4.409488}}
{"target": 0.615348, "params": {"alpha": 0.976019031745101, "colsample_bytree": 0.8738532833330737, "lam": 0.332625290718643, "max_depth": 5.8725413533548965, "min_child_weight": 2.9977438122017883, "subsample": 0.8590312625113594}, "datetime": {"datetime": "2020-04-25 12:26:55", "elapsed": 435.065325, "delta": 4.051222}}
{"target": 0.5558376, "params": {"alpha": 1.2282720593230968e-09, "colsample_bytree": 0.5000000018700476, "lam": 1.0, "max_depth": 3.0, "min_child_weight": 10.0, "subsample": 0.9}, "datetime": {"datetime": "2020-04-25 12:27:00", "elapsed": 439.733096, "delta": 4.667771}}
{"target": 0.609886, "params": {"alpha": 0.9977709293325941, "colsample_bytree": 0.8992608832330382, "lam": 0.9824699388049363, "max_depth": 9.950202199608976, "min_child_weight": 2.004711623502096, "subsample": 0.5052165958132725}, "datetime": {"datetime": "2020-04-25 12:27:04", "elapsed": 444.264416, "delta": 4.53132}}
{"target": 0.6380448, "params": {"alpha": 0.28020608667037106, "colsample_bytree": 0.7743115052606169, "lam": 0.21311234327520112, "max_depth": 8.202991927403772, "min_child_weight": 9.948913671240698, "subsample": 0.8643772931157734}, "datetime": {"datetime": "2020-04-25 12:27:07", "elapsed": 447.551337, "delta": 3.286921}}
{"target": 0.6228886, "params": {"alpha": 0.6258843137873576, "colsample_bytree": 0.8967884562122803, "lam": 0.983233066277219, "max_depth": 4.060627565644859, "min_child_weight": 1.0260347745664258, "subsample": 0.8793619092578441}, "datetime": {"datetime": "2020-04-25 12:27:11", "elapsed": 451.067686, "delta": 3.516349}}
{"target": 0.5975498, "params": {"alpha": 0.15339465691002352, "colsample_bytree": 0.89910243464794, "lam": 0.9515066344200002, "max_depth": 3.0427545293900145, "min_child_weight": 5.561583830137939, "subsample": 0.8775991529976854}, "datetime": {"datetime": "2020-04-25 12:27:15", "elapsed": 455.494416, "delta": 4.42673}}
{"target": 0.6339086, "params": {"alpha": 0.8659925277561266, "colsample_bytree": 0.8998523399328566, "lam": 0.47920946286928623, "max_depth": 6.969514302934202, "min_child_weight": 6.345910955362492, "subsample": 0.8433267596069727}, "datetime": {"datetime": "2020-04-25 12:27:20", "elapsed": 459.961963, "delta": 4.467547}}
{"target": 0.63401, "params": {"alpha": 0.9842170749738545, "colsample_bytree": 0.8268435613919658, "lam": 0.5722312355465778, "max_depth": 8.948511294649215, "min_child_weight": 5.857621299110045, "subsample": 0.5342198834582239}, "datetime": {"datetime": "2020-04-25 12:27:24", "elapsed": 463.819768, "delta": 3.857805}}
{"target": 0.6412804, "params": {"alpha": 0.6866118892892623, "colsample_bytree": 0.8898639159531188, "lam": 0.003051879218927356, "max_depth": 9.299814204974265, "min_child_weight": 9.973769977109091, "subsample": 0.86391094001614}, "datetime": {"datetime": "2020-04-25 12:27:28", "elapsed": 468.123312, "delta": 4.303544}}
{"target": 0.6259806, "params": {"alpha": 0.5928305658120401, "colsample_bytree": 0.8817997657257539, "lam": 0.3221696469037274, "max_depth": 4.023874743208678, "min_child_weight": 3.410128322849055, "subsample": 0.8771739089330175}, "datetime": {"datetime": "2020-04-25 12:27:32", "elapsed": 472.153909, "delta": 4.030597}}
{"target": 0.6398042, "params": {"alpha": 0.02300479093493346, "colsample_bytree": 0.8824347425339345, "lam": 0.5011303519915483, "max_depth": 9.666329788263443, "min_child_weight": 8.21097647785297, "subsample": 0.8735316672528679}, "datetime": {"datetime": "2020-04-25 12:27:36", "elapsed": 476.144032, "delta": 3.990123}}
{"target": 0.6386736, "params": {"alpha": 0.8689361213757183, "colsample_bytree": 0.889255064239961, "lam": 0.18626734320484462, "max_depth": 7.4016957357804145, "min_child_weight": 8.150608819170134, "subsample": 0.892437824043946}, "datetime": {"datetime": "2020-04-25 12:27:40", "elapsed": 480.194761, "delta": 4.050729}}
{"target": 0.6373624, "params": {"alpha": 1.0, "colsample_bytree": 0.8999998857232293, "lam": 1.0, "max_depth": 7.877873532084755, "min_child_weight": 8.405850960492236, "subsample": 0.8999998398873501}, "datetime": {"datetime": "2020-04-25 12:27:44", "elapsed": 484.604579, "delta": 4.409818}}
{"target": 0.6373219999999999, "params": {"alpha": 0.14396542079974362, "colsample_bytree": 0.8955903367496367, "lam": 0.5340686313935377, "max_depth": 9.004845001622794, "min_child_weight": 8.605438243357911, "subsample": 0.8851502800534554}, "datetime": {"datetime": "2020-04-25 12:27:49", "elapsed": 488.906071, "delta": 4.301492}}
{"target": 0.6238736, "params": {"alpha": 0.03216666903313248, "colsample_bytree": 0.8901884004182339, "lam": 0.9230766196254279, "max_depth": 5.801752589365281, "min_child_weight": 9.9851276085655, "subsample": 0.6536205927938329}, "datetime": {"datetime": "2020-04-25 12:27:53", "elapsed": 492.682961, "delta": 3.77689}}
{"target": 0.6406792, "params": {"alpha": 0.9378271993466056, "colsample_bytree": 0.8378794657590798, "lam": 0.9923099233939736, "max_depth": 5.893124679097728, "min_child_weight": 9.383107273926601, "subsample": 0.8149570379428995}, "datetime": {"datetime": "2020-04-25 12:27:56", "elapsed": 496.287309, "delta": 3.604348}}
{"target": 0.6369038, "params": {"alpha": 0.15345271345561673, "colsample_bytree": 0.8876875538805051, "lam": 0.1321103176213787, "max_depth": 4.5149622698067, "min_child_weight": 9.95902842859017, "subsample": 0.8779880015966588}, "datetime": {"datetime": "2020-04-25 12:28:01", "elapsed": 501.217921, "delta": 4.930612}}
{"target": 0.6354576, "params": {"alpha": 0.834465078175794, "colsample_bytree": 0.8923143460933242, "lam": 0.9326326835323236, "max_depth": 7.11783031704677, "min_child_weight": 9.47908895806061, "subsample": 0.8571669281997397}, "datetime": {"datetime": "2020-04-25 12:28:06", "elapsed": 505.76578, "delta": 4.547859}}
{"target": 0.6347646, "params": {"alpha": 0.009457790858135029, "colsample_bytree": 0.819573649274358, "lam": 0.06946921211039292, "max_depth": 7.625493137158721, "min_child_weight": 5.103970161532576, "subsample": 0.8866460827886649}, "datetime": {"datetime": "2020-04-25 12:28:11", "elapsed": 510.683499, "delta": 4.917719}}
