{"target": 0.6011278, "params": {"alpha": 0.037917567186916856, "colsample_bytree": 0.5389406550071552, "lam": 0.2989581997983799, "max_depth": 5.658218060263315, "min_child_weight": 7.679507598559073, "subsample": 0.5879261665237301}, "datetime": {"datetime": "2020-04-25 14:52:36", "elapsed": 0.0, "delta": 0.0}}
{"target": 0.5999724000000001, "params": {"alpha": 0.6522176617890817, "colsample_bytree": 0.724021359484754, "lam": 0.09610430749391541, "max_depth": 4.850881809222283, "min_child_weight": 1.6575816773086054, "subsample": 0.6945525324602443}, "datetime": {"datetime": "2020-04-25 14:52:37", "elapsed": 0.801687, "delta": 0.801687}}
{"target": 0.635209, "params": {"alpha": 0.7932208250521533, "colsample_bytree": 0.7746058058860142, "lam": 0.03413383916512902, "max_depth": 9.753106255749863, "min_child_weight": 7.848027857129358, "subsample": 0.6569052378079421}, "datetime": {"datetime": "2020-04-25 14:52:38", "elapsed": 1.96512, "delta": 1.163433}}
{"target": 0.5984064, "params": {"alpha": 0.3700703121460349, "colsample_bytree": 0.8602028564726152, "lam": 0.35288853987311875, "max_depth": 3.1725609642490964, "min_child_weight": 5.42968359961607, "subsample": 0.670063701637618}, "datetime": {"datetime": "2020-04-25 14:52:39", "elapsed": 2.69151, "delta": 0.72639}}
{"target": 0.5875923999999999, "params": {"alpha": 0.8614439502119678, "colsample_bytree": 0.5377120168195642, "lam": 0.530450400469537, "max_depth": 3.8538411737133567, "min_child_weight": 3.485759951956348, "subsample": 0.5464059457338762}, "datetime": {"datetime": "2020-04-25 14:52:40", "elapsed": 3.464251, "delta": 0.772741}}
{"target": 0.6214337999999999, "params": {"alpha": 0.8731101768562637, "colsample_bytree": 0.571087038528076, "lam": 0.3711627821285396, "max_depth": 5.524819227767246, "min_child_weight": 6.273174243487055, "subsample": 0.8894973168050624}, "datetime": {"datetime": "2020-04-25 14:52:41", "elapsed": 4.314127, "delta": 0.849876}}
{"target": 0.6357584, "params": {"alpha": 0.061279510234810375, "colsample_bytree": 0.7875598917317876, "lam": 0.6601126701607584, "max_depth": 7.091184302422388, "min_child_weight": 6.934340490962421, "subsample": 0.6810574507657303}, "datetime": {"datetime": "2020-04-25 14:52:42", "elapsed": 5.208296, "delta": 0.894169}}
{"target": 0.595716, "params": {"alpha": 0.9598638616197894, "colsample_bytree": 0.5020361347618999, "lam": 0.9251330435094383, "max_depth": 7.694130406218153, "min_child_weight": 6.462059963310232, "subsample": 0.6764825490508136}, "datetime": {"datetime": "2020-04-25 14:52:43", "elapsed": 6.194052, "delta": 0.985756}}
{"target": 0.6181968, "params": {"alpha": 0.17181803591307154, "colsample_bytree": 0.8053645008888177, "lam": 0.22532324531073467, "max_depth": 7.760111117511584, "min_child_weight": 3.235961645975396, "subsample": 0.7915312645679934}, "datetime": {"datetime": "2020-04-25 14:52:44", "elapsed": 7.25664, "delta": 1.062588}}
{"target": 0.6062088, "params": {"alpha": 0.024967237467901304, "colsample_bytree": 0.5121215463502162, "lam": 0.943926017321451, "max_depth": 7.6267696951911965, "min_child_weight": 7.623514553277695, "subsample": 0.8774227761574085}, "datetime": {"datetime": "2020-04-25 14:52:45", "elapsed": 8.245291, "delta": 0.988651}}
{"target": 0.633492, "params": {"alpha": 1.0, "colsample_bytree": 0.9, "lam": 0.0, "max_depth": 7.684276722762081, "min_child_weight": 10.0, "subsample": 0.9}, "datetime": {"datetime": "2020-04-25 14:52:46", "elapsed": 9.882128, "delta": 1.636837}}
{"target": 0.6351734, "params": {"alpha": 0.0, "colsample_bytree": 0.9, "lam": 0.0, "max_depth": 7.427169155740631, "min_child_weight": 5.8091943737221285, "subsample": 0.9}, "datetime": {"datetime": "2020-04-25 14:52:48", "elapsed": 11.412758, "delta": 1.53063}}
{"target": 0.5778882000000001, "params": {"alpha": 1.0, "colsample_bytree": 0.9, "lam": 0.0, "max_depth": 10.0, "min_child_weight": 1.0, "subsample": 0.6573667320614398}, "datetime": {"datetime": "2020-04-25 14:52:50", "elapsed": 13.542092, "delta": 2.129334}}
{"target": 0.6315338, "params": {"alpha": 0.45121565632029403, "colsample_bytree": 0.8720450312240428, "lam": 0.8767059236822236, "max_depth": 9.977767380872386, "min_child_weight": 9.919068658665115, "subsample": 0.5150965032198843}, "datetime": {"datetime": "2020-04-25 14:52:52", "elapsed": 15.235969, "delta": 1.693877}}
{"target": 0.6089886, "params": {"alpha": 1.0, "colsample_bytree": 0.9, "lam": 1.0, "max_depth": 3.0, "min_child_weight": 10.0, "subsample": 0.9}, "datetime": {"datetime": "2020-04-25 14:52:53", "elapsed": 16.612362, "delta": 1.376393}}
{"target": 0.6230398, "params": {"alpha": 0.0, "colsample_bytree": 0.9, "lam": 1.0, "max_depth": 5.891616152398847, "min_child_weight": 1.0, "subsample": 0.9}, "datetime": {"datetime": "2020-04-25 14:52:54", "elapsed": 17.944308, "delta": 1.331946}}
{"target": 0.6324794, "params": {"alpha": 0.9976059919622351, "colsample_bytree": 0.9, "lam": 0.9999759698800744, "max_depth": 4.04526763840837, "min_child_weight": 7.359864250902548, "subsample": 0.9}, "datetime": {"datetime": "2020-04-25 14:52:56", "elapsed": 19.305346, "delta": 1.361038}}
{"target": 0.6145978, "params": {"alpha": 0.012477415914871948, "colsample_bytree": 0.8894633430439264, "lam": 0.9237630739530227, "max_depth": 9.977192154342147, "min_child_weight": 3.5438275772538708, "subsample": 0.5058102996248649}, "datetime": {"datetime": "2020-04-25 14:52:57", "elapsed": 21.009654, "delta": 1.704308}}
{"target": 0.6254904, "params": {"alpha": 0.023405699774548316, "colsample_bytree": 0.8615923529290868, "lam": 0.06597578210062649, "max_depth": 9.758165007934526, "min_child_weight": 9.991619145434923, "subsample": 0.5157436572189869}, "datetime": {"datetime": "2020-04-25 14:52:59", "elapsed": 22.659026, "delta": 1.649372}}
{"target": 0.6238648, "params": {"alpha": 0.30552177528407576, "colsample_bytree": 0.8919946322585465, "lam": 0.9822372939149858, "max_depth": 5.575671692525645, "min_child_weight": 4.759012532632735, "subsample": 0.7647162430574692}, "datetime": {"datetime": "2020-04-25 14:53:01", "elapsed": 24.09438, "delta": 1.435354}}
{"target": 0.6250844000000001, "params": {"alpha": 0.8582168339743795, "colsample_bytree": 0.8912705028710466, "lam": 0.12337852390643045, "max_depth": 6.364905634160511, "min_child_weight": 7.531399635107249, "subsample": 0.5368260911164559}, "datetime": {"datetime": "2020-04-25 14:53:02", "elapsed": 25.409549, "delta": 1.315169}}
{"target": 0.5986168, "params": {"alpha": 0.06634399749023157, "colsample_bytree": 0.8366971390199163, "lam": 0.3802967731599197, "max_depth": 3.194587613348239, "min_child_weight": 1.0829124275327056, "subsample": 0.8639387244897032}, "datetime": {"datetime": "2020-04-25 14:53:03", "elapsed": 26.662088, "delta": 1.252539}}
{"target": 0.6300136, "params": {"alpha": 0.9411791294466741, "colsample_bytree": 0.7949062647915166, "lam": 0.11796566180691359, "max_depth": 9.989873973184485, "min_child_weight": 9.678538803022779, "subsample": 0.8113231656085522}, "datetime": {"datetime": "2020-04-25 14:53:05", "elapsed": 28.256985, "delta": 1.594897}}
{"target": 0.6315834, "params": {"alpha": 0.05225382702894399, "colsample_bytree": 0.8954284393799561, "lam": 0.06845674582565309, "max_depth": 9.918311570291767, "min_child_weight": 6.8868948395153975, "subsample": 0.6296159919484652}, "datetime": {"datetime": "2020-04-25 14:53:06", "elapsed": 29.883581, "delta": 1.626596}}
{"target": 0.5277294, "params": {"alpha": 0.0, "colsample_bytree": 0.5, "lam": 0.9505871415568558, "max_depth": 8.789572034395373, "min_child_weight": 1.1763366092842946, "subsample": 0.5}, "datetime": {"datetime": "2020-04-25 14:53:08", "elapsed": 31.658954, "delta": 1.775373}}
{"target": 0.6204219999999999, "params": {"alpha": 0.9488621527630857, "colsample_bytree": 0.8786101302246119, "lam": 0.8467250764189689, "max_depth": 9.237976562219423, "min_child_weight": 3.3184114070354975, "subsample": 0.8603290534064987}, "datetime": {"datetime": "2020-04-25 14:53:10", "elapsed": 33.33742, "delta": 1.678466}}
{"target": 0.6318644, "params": {"alpha": 0.39049223727396654, "colsample_bytree": 0.8979726227078787, "lam": 0.9560344309026684, "max_depth": 6.277607534021113, "min_child_weight": 9.67313441713443, "subsample": 0.8791221389586114}, "datetime": {"datetime": "2020-04-25 14:53:11", "elapsed": 34.70124, "delta": 1.36382}}
{"target": 0.6218738, "params": {"alpha": 0.9560706957907649, "colsample_bytree": 0.8861091539522575, "lam": 0.9171009719812935, "max_depth": 3.5595538046538238, "min_child_weight": 1.2723590893822905, "subsample": 0.8212813946077481}, "datetime": {"datetime": "2020-04-25 14:53:12", "elapsed": 35.909546, "delta": 1.208306}}
{"target": 0.6149822, "params": {"alpha": 0.9057913902665158, "colsample_bytree": 0.8959379113680135, "lam": 0.27581414858785624, "max_depth": 9.939764761251048, "min_child_weight": 4.788129728021338, "subsample": 0.579889942132827}, "datetime": {"datetime": "2020-04-25 14:53:14", "elapsed": 37.713608, "delta": 1.804062}}
{"target": 0.5987802, "params": {"alpha": 0.0032533320598659987, "colsample_bytree": 0.8824435188330041, "lam": 0.012218850692174654, "max_depth": 3.190929044017027, "min_child_weight": 9.71792483557426, "subsample": 0.8549336568348752}, "datetime": {"datetime": "2020-04-25 14:53:15", "elapsed": 38.953121, "delta": 1.239513}}
{"target": 0.6234268000000001, "params": {"alpha": 0.9713284673051549, "colsample_bytree": 0.8698596970665793, "lam": 0.8592348255562946, "max_depth": 9.859663432848487, "min_child_weight": 8.482895435122277, "subsample": 0.6883853844239196}, "datetime": {"datetime": "2020-04-25 14:53:17", "elapsed": 40.65975, "delta": 1.706629}}
{"target": 0.6357548, "params": {"alpha": 0.013114592345345844, "colsample_bytree": 0.8712130948362526, "lam": 0.9755927418419571, "max_depth": 4.845821733602593, "min_child_weight": 6.717628492825795, "subsample": 0.8950319891285029}, "datetime": {"datetime": "2020-04-25 14:53:18", "elapsed": 41.988552, "delta": 1.328802}}
{"target": 0.6335736, "params": {"alpha": 0.8974141809492294, "colsample_bytree": 0.8832741648772142, "lam": 0.7290443860177033, "max_depth": 8.79439184489424, "min_child_weight": 9.803339563716298, "subsample": 0.5167139803814249}, "datetime": {"datetime": "2020-04-25 14:53:20", "elapsed": 43.60208, "delta": 1.613528}}
{"target": 0.6065001999999999, "params": {"alpha": 1.0, "colsample_bytree": 0.9, "lam": 0.0, "max_depth": 3.247644925353106, "min_child_weight": 1.8171128193720012, "subsample": 0.9}, "datetime": {"datetime": "2020-04-25 14:53:21", "elapsed": 44.985005, "delta": 1.382925}}
{"target": 0.6219687999999999, "params": {"alpha": 0.41745130449661305, "colsample_bytree": 0.8892754187641907, "lam": 0.927711002999589, "max_depth": 6.624809856631814, "min_child_weight": 6.68878003657715, "subsample": 0.8921162643554272}, "datetime": {"datetime": "2020-04-25 14:53:23", "elapsed": 46.586462, "delta": 1.601457}}
{"target": 0.6203206, "params": {"alpha": 1.0, "colsample_bytree": 0.9, "lam": 0.3509574006775969, "max_depth": 7.271772426397861, "min_child_weight": 2.6639305732684795, "subsample": 0.5}, "datetime": {"datetime": "2020-04-25 14:53:25", "elapsed": 48.186245, "delta": 1.599783}}
{"target": 0.5955556, "params": {"alpha": 0.0, "colsample_bytree": 0.9, "lam": 1.0, "max_depth": 3.007271261813108, "min_child_weight": 8.298355403757933, "subsample": 0.608341109942667}, "datetime": {"datetime": "2020-04-25 14:53:26", "elapsed": 49.587187, "delta": 1.400942}}
{"target": 0.6204172000000001, "params": {"alpha": 0.9412779581568065, "colsample_bytree": 0.8694105657350786, "lam": 0.22056358879480564, "max_depth": 5.580717871819028, "min_child_weight": 9.801263401190027, "subsample": 0.5211172695984271}, "datetime": {"datetime": "2020-04-25 14:53:27", "elapsed": 51.010313, "delta": 1.423126}}
{"target": 0.6158159999999999, "params": {"alpha": 0.10732324759140333, "colsample_bytree": 0.9, "lam": 9.300168130591375e-10, "max_depth": 8.210719117030186, "min_child_weight": 7.035990926953751, "subsample": 0.5000000008921146}, "datetime": {"datetime": "2020-04-25 14:53:29", "elapsed": 52.64457, "delta": 1.634257}}
{"target": 0.6107022000000001, "params": {"alpha": 0.006028792188392251, "colsample_bytree": 0.8988284889257889, "lam": 0.01650954806247329, "max_depth": 6.072307172034077, "min_child_weight": 5.492833148723814, "subsample": 0.5106692861679856}, "datetime": {"datetime": "2020-04-25 14:53:31", "elapsed": 54.137335, "delta": 1.492765}}
{"target": 0.6305246, "params": {"alpha": 0.9923724324319025, "colsample_bytree": 0.8869862087413936, "lam": 0.969346186064352, "max_depth": 5.911577881603477, "min_child_weight": 2.099789492574234, "subsample": 0.8426290301467727}, "datetime": {"datetime": "2020-04-25 14:53:32", "elapsed": 55.718639, "delta": 1.581304}}
{"target": 0.5952333999999999, "params": {"alpha": 0.9949560873028689, "colsample_bytree": 0.6229086209047913, "lam": 0.047181344124624824, "max_depth": 7.2793536370073, "min_child_weight": 1.2924820222479556, "subsample": 0.8656662592052995}, "datetime": {"datetime": "2020-04-25 14:53:34", "elapsed": 57.252998, "delta": 1.534359}}
{"target": 0.6204702, "params": {"alpha": 0.056088361410038035, "colsample_bytree": 0.888802861153893, "lam": 0.8063306335145966, "max_depth": 3.8511616494324614, "min_child_weight": 3.4685298173104773, "subsample": 0.8871093722222447}, "datetime": {"datetime": "2020-04-25 14:53:35", "elapsed": 58.645308, "delta": 1.39231}}
{"target": 0.6265434, "params": {"alpha": 0.9036590242445341, "colsample_bytree": 0.8863776223895996, "lam": 0.06343453247574582, "max_depth": 3.8972004028936156, "min_child_weight": 7.59278350843185, "subsample": 0.7615589858254033}, "datetime": {"datetime": "2020-04-25 14:53:36", "elapsed": 60.042146, "delta": 1.396838}}
{"target": 0.6366280000000001, "params": {"alpha": 0.02387098739251492, "colsample_bytree": 0.8828622985583194, "lam": 0.7915415226873154, "max_depth": 6.221153480468095, "min_child_weight": 9.992507813126345, "subsample": 0.7399005557944777}, "datetime": {"datetime": "2020-04-25 14:53:38", "elapsed": 61.510721, "delta": 1.468575}}
{"target": 0.6171530000000001, "params": {"alpha": 0.9999999993101262, "colsample_bytree": 0.7157451280745123, "lam": 0.0, "max_depth": 9.939595566548505, "min_child_weight": 3.5421708390218196, "subsample": 0.9}, "datetime": {"datetime": "2020-04-25 14:53:40", "elapsed": 63.466582, "delta": 1.955861}}
{"target": 0.6379588, "params": {"alpha": 0.011299334037157549, "colsample_bytree": 0.8060288676425127, "lam": 0.9995811695380568, "max_depth": 7.790474688087458, "min_child_weight": 5.339395954091705, "subsample": 0.7985582303743748}, "datetime": {"datetime": "2020-04-25 14:53:42", "elapsed": 65.160079, "delta": 1.693497}}
{"target": 0.5985322, "params": {"alpha": 0.9876054572583794, "colsample_bytree": 0.8877803153382173, "lam": 0.9668356309422691, "max_depth": 3.0321359287009013, "min_child_weight": 4.599143960597587, "subsample": 0.8596760510867945}, "datetime": {"datetime": "2020-04-25 14:53:43", "elapsed": 66.663731, "delta": 1.503652}}
{"target": 0.6182794000000001, "params": {"alpha": 0.05485289415831307, "colsample_bytree": 0.6713214524361459, "lam": 0.9113766402657213, "max_depth": 9.935237312342295, "min_child_weight": 5.307866288669557, "subsample": 0.890964637098538}, "datetime": {"datetime": "2020-04-25 14:53:45", "elapsed": 68.954825, "delta": 2.291094}}
{"target": 0.6324704000000001, "params": {"alpha": 0.05018787632338939, "colsample_bytree": 0.8973332762322472, "lam": 0.6819706383447476, "max_depth": 9.284984991936625, "min_child_weight": 9.75902512235813, "subsample": 0.7966019988889426}, "datetime": {"datetime": "2020-04-25 14:53:47", "elapsed": 70.832222, "delta": 1.877397}}
{"target": 0.6439256, "params": {"alpha": 6.0901678928027e-05, "colsample_bytree": 0.8015798588411995, "lam": 0.9410152674423402, "max_depth": 6.42607083803692, "min_child_weight": 3.5316699759091073, "subsample": 0.8736757974616599}, "datetime": {"datetime": "2020-04-25 14:53:49", "elapsed": 72.341472, "delta": 1.50925}}
{"target": 0.6336516, "params": {"alpha": 0.9997373255084421, "colsample_bytree": 0.8992257127392245, "lam": 0.1903077888892687, "max_depth": 6.857679877310652, "min_child_weight": 4.046482234269928, "subsample": 0.8936288453094863}, "datetime": {"datetime": "2020-04-25 14:53:50", "elapsed": 74.034466, "delta": 1.692994}}
{"target": 0.6226636, "params": {"alpha": 0.028434962489097826, "colsample_bytree": 0.8893806284751169, "lam": 0.9496327106409213, "max_depth": 9.82228051006354, "min_child_weight": 8.350931893028749, "subsample": 0.6031507660499967}, "datetime": {"datetime": "2020-04-25 14:53:52", "elapsed": 76.060926, "delta": 2.02646}}
{"target": 0.6275592000000001, "params": {"alpha": 0.024985124622344923, "colsample_bytree": 0.898269247657711, "lam": 0.9244789579581133, "max_depth": 7.768761110598714, "min_child_weight": 9.936475024132829, "subsample": 0.6787534327851682}, "datetime": {"datetime": "2020-04-25 14:53:54", "elapsed": 77.874101, "delta": 1.813175}}
{"target": 0.6375442, "params": {"alpha": 0.40970402492026836, "colsample_bytree": 0.8364249993104881, "lam": 0.7708429366489071, "max_depth": 4.937929911513388, "min_child_weight": 9.91798405535426, "subsample": 0.8962548769529439}, "datetime": {"datetime": "2020-04-25 14:53:56", "elapsed": 79.472145, "delta": 1.598044}}
{"target": 0.6193136000000001, "params": {"alpha": 0.8990506272353902, "colsample_bytree": 0.8363824071134198, "lam": 0.06822227869481479, "max_depth": 9.959491717321436, "min_child_weight": 6.459587449349422, "subsample": 0.8843304148131395}, "datetime": {"datetime": "2020-04-25 14:53:58", "elapsed": 81.556133, "delta": 2.083988}}
{"target": 0.597773, "params": {"alpha": 0.020152038804508, "colsample_bytree": 0.5766934697851062, "lam": 0.6026933868219871, "max_depth": 6.903465031716044, "min_child_weight": 4.4652928421426346, "subsample": 0.8880983437719022}, "datetime": {"datetime": "2020-04-25 14:54:00", "elapsed": 83.276139, "delta": 1.720006}}
{"target": 0.5899342, "params": {"alpha": 0.9915511379788233, "colsample_bytree": 0.539578050434562, "lam": 0.6954392426991568, "max_depth": 9.543272656592615, "min_child_weight": 9.990395784054837, "subsample": 0.5377063220523426}, "datetime": {"datetime": "2020-04-25 14:54:01", "elapsed": 85.034333, "delta": 1.758194}}
{"target": 0.6373782, "params": {"alpha": 0.9727099182914545, "colsample_bytree": 0.8546624065850266, "lam": 0.18400234197372145, "max_depth": 4.618179289338385, "min_child_weight": 5.156490387676883, "subsample": 0.7855187957780987}, "datetime": {"datetime": "2020-04-25 14:54:03", "elapsed": 86.819802, "delta": 1.785469}}
{"target": 0.633271, "params": {"alpha": 0.14052325699787604, "colsample_bytree": 0.8939650396473038, "lam": 0.7054384915752736, "max_depth": 5.924162234310589, "min_child_weight": 3.009819344992131, "subsample": 0.890589637173459}, "datetime": {"datetime": "2020-04-25 14:54:05", "elapsed": 88.622788, "delta": 1.802986}}
{"target": 0.6243466, "params": {"alpha": 0.0, "colsample_bytree": 0.9, "lam": 0.67582415125673, "max_depth": 9.462788458661354, "min_child_weight": 4.334336493662882, "subsample": 0.9}, "datetime": {"datetime": "2020-04-25 14:54:07", "elapsed": 90.551185, "delta": 1.928397}}
{"target": 0.6309202, "params": {"alpha": 0.11418900108617991, "colsample_bytree": 0.8639184435191944, "lam": 0.9990730809881632, "max_depth": 5.289874332323033, "min_child_weight": 9.954107832649703, "subsample": 0.5794825940362144}, "datetime": {"datetime": "2020-04-25 14:54:09", "elapsed": 92.096254, "delta": 1.545069}}
{"target": 0.6200656, "params": {"alpha": 0.09279173294909593, "colsample_bytree": 0.8956264587467071, "lam": 0.9680546101651868, "max_depth": 6.837559388266975, "min_child_weight": 2.4054257736177616, "subsample": 0.8912820601395945}, "datetime": {"datetime": "2020-04-25 14:54:10", "elapsed": 93.84898, "delta": 1.752726}}
{"target": 0.6080472, "params": {"alpha": 0.9354071024104089, "colsample_bytree": 0.5923603563058644, "lam": 0.8993610944661772, "max_depth": 4.726478119307475, "min_child_weight": 1.120691432149742, "subsample": 0.8556881584383933}, "datetime": {"datetime": "2020-04-25 14:54:12", "elapsed": 95.530155, "delta": 1.681175}}
{"target": 0.6226656, "params": {"alpha": 0.3431213856073684, "colsample_bytree": 0.899999999131864, "lam": 1.0, "max_depth": 4.8194451380926076, "min_child_weight": 2.0233507121858647, "subsample": 0.5}, "datetime": {"datetime": "2020-04-25 14:54:14", "elapsed": 97.157675, "delta": 1.62752}}
{"target": 0.5752656, "params": {"alpha": 0.9048042976554967, "colsample_bytree": 0.5118104401705807, "lam": 0.009676168487707693, "max_depth": 3.4889312675103734, "min_child_weight": 6.230481659731865, "subsample": 0.8832650298230434}, "datetime": {"datetime": "2020-04-25 14:54:15", "elapsed": 98.643432, "delta": 1.485757}}
{"target": 0.6265042, "params": {"alpha": 0.9866175659203783, "colsample_bytree": 0.8977250450814496, "lam": 0.75662843086497, "max_depth": 5.720245156161518, "min_child_weight": 1.0165279401188467, "subsample": 0.547439234784501}, "datetime": {"datetime": "2020-04-25 14:54:17", "elapsed": 100.291428, "delta": 1.647996}}
{"target": 0.6405562, "params": {"alpha": 0.42714478526616195, "colsample_bytree": 0.8843489334442272, "lam": 0.060856930575734824, "max_depth": 4.971768800057875, "min_child_weight": 6.983603806639656, "subsample": 0.8874178612631579}, "datetime": {"datetime": "2020-04-25 14:54:18", "elapsed": 101.941927, "delta": 1.650499}}
{"target": 0.6367316, "params": {"alpha": 0.7481196225432845, "colsample_bytree": 0.8924840870435907, "lam": 0.03094709265390294, "max_depth": 9.852927415407306, "min_child_weight": 9.12150517048506, "subsample": 0.5789328311582336}, "datetime": {"datetime": "2020-04-25 14:54:20", "elapsed": 103.737671, "delta": 1.795744}}
