{"target": 0.643323, "params": {"alpha": 0.02246354712402121, "colsample_bytree": 0.8984473044255723, "lam": 0.9535474630758339, "max_depth": 9.345371294145338, "min_child_weight": 9.984081487445668, "subsample": 0.7230699735981029}, "datetime": {"datetime": "2020-04-25 11:34:39", "elapsed": 6478.668101, "delta": 33.045732}}
{"target": 0.6317622, "params": {"alpha": 0.23152244361856134, "colsample_bytree": 0.8070870926954343, "lam": 0.9858118042397385, "max_depth": 8.786166373249907, "min_child_weight": 8.222391863871678, "subsample": 0.8997545287754143}, "datetime": {"datetime": "2020-04-25 11:35:07", "elapsed": 6506.642695, "delta": 27.974594}}
{"target": 0.6296284, "params": {"alpha": 0.006173747533913976, "colsample_bytree": 0.8231023315431615, "lam": 0.9873639878582616, "max_depth": 5.020010838660021, "min_child_weight": 9.324338351727862, "subsample": 0.8558046473996019}, "datetime": {"datetime": "2020-04-25 11:35:36", "elapsed": 6535.669137, "delta": 29.026442}}
{"target": 0.6339256000000001, "params": {"alpha": 0.016289919947025444, "colsample_bytree": 0.8281163006467887, "lam": 0.8490810237274745, "max_depth": 5.5936595046315, "min_child_weight": 9.589989827462517, "subsample": 0.8313075542016775}, "datetime": {"datetime": "2020-04-25 11:36:05", "elapsed": 6564.921803, "delta": 29.252666}}
{"target": 0.6073106000000001, "params": {"alpha": 0.0019017115541313245, "colsample_bytree": 0.7775214058202874, "lam": 0.02562785850319549, "max_depth": 4.837553838785272, "min_child_weight": 8.485180004869823, "subsample": 0.5215672811281247}, "datetime": {"datetime": "2020-04-25 11:36:35", "elapsed": 6595.177228, "delta": 30.255425}}
{"target": 0.6085314000000001, "params": {"alpha": 0.9834047175615328, "colsample_bytree": 0.8850946719679602, "lam": 0.005405549765314932, "max_depth": 3.824797029561837, "min_child_weight": 2.298153212529215, "subsample": 0.7257424232383909}, "datetime": {"datetime": "2020-04-25 11:37:01", "elapsed": 6620.25744, "delta": 25.080212}}
{"target": 0.6271872000000001, "params": {"alpha": 0.0207700468136216, "colsample_bytree": 0.8965361292513838, "lam": 0.014198845919490166, "max_depth": 8.638665910148179, "min_child_weight": 6.61518181159855, "subsample": 0.8208986162483636}, "datetime": {"datetime": "2020-04-25 11:37:30", "elapsed": 6649.791796, "delta": 29.534356}}
{"target": 0.6357674, "params": {"alpha": 0.09383476156962678, "colsample_bytree": 0.8372744629121283, "lam": 0.0028651657930723884, "max_depth": 4.924922517168786, "min_child_weight": 9.467821237816755, "subsample": 0.8427150054442711}, "datetime": {"datetime": "2020-04-25 11:37:52", "elapsed": 6672.187351, "delta": 22.395555}}
{"target": 0.6285046, "params": {"alpha": 0.019445510757130524, "colsample_bytree": 0.6329948192631393, "lam": 0.9749785110913906, "max_depth": 7.909928798796527, "min_child_weight": 9.925796914978164, "subsample": 0.8750719767063009}, "datetime": {"datetime": "2020-04-25 11:38:16", "elapsed": 6695.360283, "delta": 23.172932}}
{"target": 0.6401742, "params": {"alpha": 0.05223454222922508, "colsample_bytree": 0.874313392034259, "lam": 0.9724155154543141, "max_depth": 5.791137320591158, "min_child_weight": 8.79391578754404, "subsample": 0.8755305324496638}, "datetime": {"datetime": "2020-04-25 11:38:44", "elapsed": 6724.159559, "delta": 28.799276}}
{"target": 0.628077, "params": {"alpha": 0.9913144430238287, "colsample_bytree": 0.8836978336019312, "lam": 0.48022743526551137, "max_depth": 4.657546024425601, "min_child_weight": 2.914443806177529, "subsample": 0.8683665132153544}, "datetime": {"datetime": "2020-04-25 11:39:08", "elapsed": 6747.440523, "delta": 23.280964}}
{"target": 0.6270938, "params": {"alpha": 0.7418593068504465, "colsample_bytree": 0.8988377744354044, "lam": 0.27490314396292004, "max_depth": 5.543185858575452, "min_child_weight": 3.340738385107604, "subsample": 0.8912969702369837}, "datetime": {"datetime": "2020-04-25 11:39:34", "elapsed": 6773.612503, "delta": 26.17198}}
{"target": 0.6325246000000001, "params": {"alpha": 0.9027955347352518, "colsample_bytree": 0.8989928611645275, "lam": 0.07378971304186766, "max_depth": 6.157574503834704, "min_child_weight": 9.959148326060378, "subsample": 0.8471355493268211}, "datetime": {"datetime": "2020-04-25 11:39:59", "elapsed": 6798.502724, "delta": 24.890221}}
{"target": 0.6328566, "params": {"alpha": 0.010212988978299586, "colsample_bytree": 0.6588691882891125, "lam": 0.017449881011649793, "max_depth": 6.291411943976732, "min_child_weight": 7.74972688515614, "subsample": 0.8938573271092236}, "datetime": {"datetime": "2020-04-25 11:40:34", "elapsed": 6833.397571, "delta": 34.894847}}
{"target": 0.593732, "params": {"alpha": 1.0239980210963149e-08, "colsample_bytree": 0.8999999998429695, "lam": 1.2150183121601143e-08, "max_depth": 3.0, "min_child_weight": 7.6704892699847695, "subsample": 0.5000000082920336}, "datetime": {"datetime": "2020-04-25 11:41:02", "elapsed": 6861.89051, "delta": 28.492939}}
{"target": 0.6137406000000001, "params": {"alpha": 0.9729481823756655, "colsample_bytree": 0.6109878500121981, "lam": 0.01365449016492326, "max_depth": 6.08693540353865, "min_child_weight": 4.125628507394055, "subsample": 0.8692121321795767}, "datetime": {"datetime": "2020-04-25 11:41:22", "elapsed": 6881.562712, "delta": 19.672202}}
{"target": 0.6202164, "params": {"alpha": 0.7164845817407065, "colsample_bytree": 0.8951283943055415, "lam": 0.07570284762488488, "max_depth": 4.071663721228454, "min_child_weight": 1.032487163215103, "subsample": 0.8976442069876798}, "datetime": {"datetime": "2020-04-25 11:41:48", "elapsed": 6907.82494, "delta": 26.262228}}
{"target": 0.6411404, "params": {"alpha": 0.9715378769163299, "colsample_bytree": 0.8591478806954429, "lam": 0.973198777606247, "max_depth": 9.556834264478784, "min_child_weight": 7.079492344539311, "subsample": 0.8921694221853016}, "datetime": {"datetime": "2020-04-25 11:42:30", "elapsed": 6949.709794, "delta": 41.884854}}
{"target": 0.6350684, "params": {"alpha": 0.9786119505278518, "colsample_bytree": 0.7043247299778064, "lam": 0.9763568655646292, "max_depth": 6.097823941098627, "min_child_weight": 8.173975317148617, "subsample": 0.8975145973408698}, "datetime": {"datetime": "2020-04-25 11:42:56", "elapsed": 6975.583728, "delta": 25.873934}}
{"target": 0.6299973999999999, "params": {"alpha": 0.426994037777251, "colsample_bytree": 0.7434243299319798, "lam": 0.18387997068811335, "max_depth": 5.096708379041532, "min_child_weight": 9.44749201190107, "subsample": 0.779216083874182}, "datetime": {"datetime": "2020-04-25 11:43:27", "elapsed": 7006.601359, "delta": 31.017631}}
{"target": 0.6365674, "params": {"alpha": 0.002669882271347346, "colsample_bytree": 0.6589038614430622, "lam": 0.8197093353761958, "max_depth": 5.3632561633027, "min_child_weight": 8.440771319344819, "subsample": 0.8719820847459725}, "datetime": {"datetime": "2020-04-25 11:43:56", "elapsed": 7035.808026, "delta": 29.206667}}
{"target": 0.6448617999999999, "params": {"alpha": 0.7747880356405576, "colsample_bytree": 0.8171955578965702, "lam": 0.9787676219116129, "max_depth": 6.046224999001056, "min_child_weight": 9.827358391244909, "subsample": 0.8354731695837969}, "datetime": {"datetime": "2020-04-25 11:44:23", "elapsed": 7062.756714, "delta": 26.948688}}
{"target": 0.6328954, "params": {"alpha": 0.03195308962224164, "colsample_bytree": 0.8884430452266263, "lam": 0.004802788474171704, "max_depth": 8.260620812488918, "min_child_weight": 9.371723220323878, "subsample": 0.8178248962066682}, "datetime": {"datetime": "2020-04-25 11:44:51", "elapsed": 7090.553674, "delta": 27.79696}}
{"target": 0.6060079999999999, "params": {"alpha": 0.05864819212263528, "colsample_bytree": 0.8970020924091169, "lam": 0.9926303283145024, "max_depth": 7.640544715204077, "min_child_weight": 2.4456564278725947, "subsample": 0.5552841514616669}, "datetime": {"datetime": "2020-04-25 11:45:19", "elapsed": 7118.962408, "delta": 28.408734}}
{"target": 0.6320678, "params": {"alpha": 0.058735345044357845, "colsample_bytree": 0.8946325012133034, "lam": 0.4075532350348954, "max_depth": 3.8789361828314806, "min_child_weight": 8.322118628946802, "subsample": 0.592910318426814}, "datetime": {"datetime": "2020-04-25 11:45:45", "elapsed": 7144.262925, "delta": 25.300517}}
{"target": 0.6350772000000001, "params": {"alpha": 0.94080184703393, "colsample_bytree": 0.8494832167500872, "lam": 0.8755302809401546, "max_depth": 5.980115437864237, "min_child_weight": 9.597456207047289, "subsample": 0.8935190479367696}, "datetime": {"datetime": "2020-04-25 11:46:16", "elapsed": 7175.593051, "delta": 31.330126}}
{"target": 0.6165548, "params": {"alpha": 0.2088196952371404, "colsample_bytree": 0.8332852853563693, "lam": 0.006094539846834168, "max_depth": 6.9622322796807445, "min_child_weight": 4.733507446482165, "subsample": 0.5552795827270534}, "datetime": {"datetime": "2020-04-25 11:46:45", "elapsed": 7204.534819, "delta": 28.941768}}
{"target": 0.6317028, "params": {"alpha": 0.8967921126597506, "colsample_bytree": 0.7829006756446049, "lam": 0.9510842422880743, "max_depth": 6.186575112166274, "min_child_weight": 9.90057289365038, "subsample": 0.6514161130936655}, "datetime": {"datetime": "2020-04-25 11:47:16", "elapsed": 7235.792603, "delta": 31.257784}}
{"target": 0.6151546000000001, "params": {"alpha": 0.640489809815022, "colsample_bytree": 0.8770749707747405, "lam": 0.95773397053126, "max_depth": 4.05312102703531, "min_child_weight": 1.9210895401795125, "subsample": 0.6153648995970629}, "datetime": {"datetime": "2020-04-25 11:47:47", "elapsed": 7266.962511, "delta": 31.169908}}
{"target": 0.6216666, "params": {"alpha": 0.014682604848092928, "colsample_bytree": 0.8786433755997771, "lam": 0.9462626971429563, "max_depth": 7.300163780812893, "min_child_weight": 4.029974785495817, "subsample": 0.8999999399325472}, "datetime": {"datetime": "2020-04-25 11:48:21", "elapsed": 7300.979881, "delta": 34.01737}}
{"target": 0.6402506, "params": {"alpha": 0.4970184571418752, "colsample_bytree": 0.8731393184223764, "lam": 0.9494689895025284, "max_depth": 8.328384667724247, "min_child_weight": 4.820654346252469, "subsample": 0.8495925267427255}, "datetime": {"datetime": "2020-04-25 11:48:53", "elapsed": 7332.804048, "delta": 31.824167}}
{"target": 0.6416888000000001, "params": {"alpha": 0.8031836018987055, "colsample_bytree": 0.8825866429363823, "lam": 0.07665104570957948, "max_depth": 7.547350749050292, "min_child_weight": 8.221296840182394, "subsample": 0.8858831596242606}, "datetime": {"datetime": "2020-04-25 11:49:27", "elapsed": 7366.988163, "delta": 34.184115}}
{"target": 0.6002092, "params": {"alpha": 0.7050174156539645, "colsample_bytree": 0.596761267830604, "lam": 0.9754934275011604, "max_depth": 6.080835450827587, "min_child_weight": 8.997803089317296, "subsample": 0.5078452113955447}, "datetime": {"datetime": "2020-04-25 11:49:53", "elapsed": 7392.69179, "delta": 25.703627}}
{"target": 0.6394944, "params": {"alpha": 0.4185581430467362, "colsample_bytree": 0.898823896166673, "lam": 0.9853239123609219, "max_depth": 6.052938008072776, "min_child_weight": 9.976186717352624, "subsample": 0.8214078095729875}, "datetime": {"datetime": "2020-04-25 11:50:17", "elapsed": 7416.949058, "delta": 24.257268}}
{"target": 0.6154612, "params": {"alpha": 0.005498071607419219, "colsample_bytree": 0.6028265764346161, "lam": 0.07094310457883557, "max_depth": 4.143473150316468, "min_child_weight": 8.658455643701059, "subsample": 0.8933843195386522}, "datetime": {"datetime": "2020-04-25 11:50:45", "elapsed": 7444.902145, "delta": 27.953087}}
{"target": 0.6343108, "params": {"alpha": 0.9616674851899512, "colsample_bytree": 0.8623483864350439, "lam": 0.9882282106737088, "max_depth": 8.649323356923485, "min_child_weight": 4.748152984262971, "subsample": 0.8578583556636685}, "datetime": {"datetime": "2020-04-25 11:51:21", "elapsed": 7481.084437, "delta": 36.182292}}
{"target": 0.6272452000000001, "params": {"alpha": 0.962231021623927, "colsample_bytree": 0.8777016419091928, "lam": 0.010215321865257976, "max_depth": 3.633223295978914, "min_child_weight": 7.830585281246991, "subsample": 0.6316525084460782}, "datetime": {"datetime": "2020-04-25 11:51:58", "elapsed": 7517.296419, "delta": 36.211982}}
{"target": 0.626559, "params": {"alpha": 0.008847666689908662, "colsample_bytree": 0.8901393131645493, "lam": 0.4498071123181472, "max_depth": 9.321835777850174, "min_child_weight": 6.76821552224107, "subsample": 0.6643245311474919}, "datetime": {"datetime": "2020-04-25 11:52:30", "elapsed": 7549.568722, "delta": 32.272303}}
{"target": 0.6397616, "params": {"alpha": 0.0037596035477533984, "colsample_bytree": 0.7085045739013718, "lam": 0.965265567342541, "max_depth": 8.25132526037616, "min_child_weight": 8.861966474764358, "subsample": 0.8939024950493575}, "datetime": {"datetime": "2020-04-25 11:53:04", "elapsed": 7583.919683, "delta": 34.350961}}
{"target": 0.6461944, "params": {"alpha": 0.054549198151696676, "colsample_bytree": 0.845440041740001, "lam": 0.9779642978279853, "max_depth": 5.428628923986057, "min_child_weight": 8.155176746652199, "subsample": 0.5851832923646306}, "datetime": {"datetime": "2020-04-25 11:53:32", "elapsed": 7611.896497, "delta": 27.976814}}
{"target": 0.606692, "params": {"alpha": 1.0, "colsample_bytree": 0.8999999964969125, "lam": 1.2370879777201815e-09, "max_depth": 3.000000031619152, "min_child_weight": 5.079260015049943, "subsample": 0.9}, "datetime": {"datetime": "2020-04-25 11:54:02", "elapsed": 7641.373667, "delta": 29.47717}}
{"target": 0.6373257999999999, "params": {"alpha": 0.9771951072426427, "colsample_bytree": 0.7023277336579198, "lam": 0.11072157015547512, "max_depth": 6.093418186856975, "min_child_weight": 8.987304002950786, "subsample": 0.8617558206005913}, "datetime": {"datetime": "2020-04-25 11:54:28", "elapsed": 7668.208904, "delta": 26.835237}}
{"target": 0.635705, "params": {"alpha": 0.9999999815743305, "colsample_bytree": 0.8672687781622002, "lam": 0.9511481601986308, "max_depth": 9.374289407269925, "min_child_weight": 9.999999959369763, "subsample": 0.9}, "datetime": {"datetime": "2020-04-25 11:55:05", "elapsed": 7704.289619, "delta": 36.080715}}
{"target": 0.5996370000000001, "params": {"alpha": 0.9999999994981141, "colsample_bytree": 0.7769897751452577, "lam": 0.0, "max_depth": 3.0, "min_child_weight": 7.637483193745752, "subsample": 0.8999999996381807}, "datetime": {"datetime": "2020-04-25 11:55:35", "elapsed": 7734.687352, "delta": 30.397733}}
{"target": 0.6420302, "params": {"alpha": 0.024302543105447882, "colsample_bytree": 0.8510501071944581, "lam": 0.5776785109516204, "max_depth": 5.602974304180529, "min_child_weight": 8.550994227013645, "subsample": 0.5825042319322524}, "datetime": {"datetime": "2020-04-25 11:56:02", "elapsed": 7761.466093, "delta": 26.778741}}
{"target": 0.6293516, "params": {"alpha": 0.9465821420308251, "colsample_bytree": 0.8242672041796945, "lam": 0.3627980989294429, "max_depth": 5.149899414856512, "min_child_weight": 8.488580819901916, "subsample": 0.6520216259426852}, "datetime": {"datetime": "2020-04-25 11:56:31", "elapsed": 7790.319737, "delta": 28.853644}}
{"target": 0.6077054, "params": {"alpha": 0.9999999953573548, "colsample_bytree": 0.899999998142942, "lam": 0.21833360918758324, "max_depth": 10.0, "min_child_weight": 2.6152429227238625, "subsample": 0.9}, "datetime": {"datetime": "2020-04-25 11:56:59", "elapsed": 7818.870044, "delta": 28.550307}}
{"target": 0.6379562, "params": {"alpha": 0.01743220695293579, "colsample_bytree": 0.8714688737916727, "lam": 0.007972603731233874, "max_depth": 7.532404365336249, "min_child_weight": 9.67899452743044, "subsample": 0.5915561558239822}, "datetime": {"datetime": "2020-04-25 11:57:27", "elapsed": 7846.647074, "delta": 27.77703}}
{"target": 0.6139490000000001, "params": {"alpha": 0.44614605233967985, "colsample_bytree": 0.621626572817871, "lam": 0.6940087188808214, "max_depth": 8.08953731602629, "min_child_weight": 4.294863641647468, "subsample": 0.8930267880289533}, "datetime": {"datetime": "2020-04-25 11:58:04", "elapsed": 7883.332067, "delta": 36.684993}}
{"target": 0.6289290000000001, "params": {"alpha": 0.9686998314799061, "colsample_bytree": 0.8576343153368101, "lam": 0.003638923102129099, "max_depth": 9.253134591126326, "min_child_weight": 4.73761588025314, "subsample": 0.869506481776533}, "datetime": {"datetime": "2020-04-25 11:58:32", "elapsed": 7911.941872, "delta": 28.609805}}
{"target": 0.6274952, "params": {"alpha": 0.062226652726098064, "colsample_bytree": 0.8964610768335222, "lam": 0.9602515618727945, "max_depth": 4.286060813577933, "min_child_weight": 3.5495717576790016, "subsample": 0.866207247422593}, "datetime": {"datetime": "2020-04-25 11:59:06", "elapsed": 7945.657114, "delta": 33.715242}}
{"target": 0.6354016, "params": {"alpha": 0.013832244325381327, "colsample_bytree": 0.8886704467703888, "lam": 0.8577164330912214, "max_depth": 9.89594199600924, "min_child_weight": 6.8281524843697285, "subsample": 0.8943246565434533}, "datetime": {"datetime": "2020-04-25 11:59:38", "elapsed": 7977.713876, "delta": 32.056762}}
{"target": 0.6138893999999999, "params": {"alpha": 0.004216605029283116, "colsample_bytree": 0.7518140037057233, "lam": 0.960026457728428, "max_depth": 9.821411716076065, "min_child_weight": 5.259114383393717, "subsample": 0.5302162613712718}, "datetime": {"datetime": "2020-04-25 12:00:12", "elapsed": 8011.528291, "delta": 33.814415}}
{"target": 0.6327826, "params": {"alpha": 0.9677908954314407, "colsample_bytree": 0.889688231450312, "lam": 0.4490017042806165, "max_depth": 5.410438736502834, "min_child_weight": 6.94381114239146, "subsample": 0.8799932083052131}, "datetime": {"datetime": "2020-04-25 12:00:40", "elapsed": 8039.897943, "delta": 28.369652}}
{"target": 0.5974870000000001, "params": {"alpha": 0.9996185588087532, "colsample_bytree": 0.6083797243037177, "lam": 0.9991310896051601, "max_depth": 9.999999970191778, "min_child_weight": 3.486325567192449, "subsample": 0.5}, "datetime": {"datetime": "2020-04-25 12:01:15", "elapsed": 8075.070892, "delta": 35.172949}}
{"target": 0.639299, "params": {"alpha": 0.9658248560664421, "colsample_bytree": 0.8937563175661417, "lam": 0.31809486743154425, "max_depth": 9.971338248191014, "min_child_weight": 8.411986146815721, "subsample": 0.8892939669203326}, "datetime": {"datetime": "2020-04-25 12:01:54", "elapsed": 8113.690284, "delta": 38.619392}}
{"target": 0.6177962, "params": {"alpha": 0.049479842020994536, "colsample_bytree": 0.8668419963796214, "lam": 0.9696817782634214, "max_depth": 6.724942488685404, "min_child_weight": 2.8103102273586833, "subsample": 0.8739030452739448}, "datetime": {"datetime": "2020-04-25 12:02:23", "elapsed": 8142.874602, "delta": 29.184318}}
{"target": 0.6342174, "params": {"alpha": 0.9935989495417059, "colsample_bytree": 0.889026085389305, "lam": 0.2686836661801767, "max_depth": 3.75383799103356, "min_child_weight": 7.55782680561648, "subsample": 0.889901164146693}, "datetime": {"datetime": "2020-04-25 12:02:57", "elapsed": 8176.403696, "delta": 33.529094}}
{"target": 0.6387470000000001, "params": {"alpha": 0.05401319414839434, "colsample_bytree": 0.79083499514612, "lam": 0.6696732114851804, "max_depth": 5.719466286653384, "min_child_weight": 7.7596148194393315, "subsample": 0.8977652473533321}, "datetime": {"datetime": "2020-04-25 12:03:36", "elapsed": 8215.276318, "delta": 38.872622}}
{"target": 0.6350085999999999, "params": {"alpha": 0.9570346330184164, "colsample_bytree": 0.890716971530183, "lam": 0.03019841025604486, "max_depth": 8.919326500241262, "min_child_weight": 6.765341473065051, "subsample": 0.8375421929404181}, "datetime": {"datetime": "2020-04-25 12:04:15", "elapsed": 8254.362012, "delta": 39.085694}}
{"target": 0.6350388, "params": {"alpha": 0.3643657049439416, "colsample_bytree": 0.7635521009156349, "lam": 0.8569778814099006, "max_depth": 5.180890377616658, "min_child_weight": 8.165306034079578, "subsample": 0.6026015431327358}, "datetime": {"datetime": "2020-04-25 12:04:51", "elapsed": 8290.495103, "delta": 36.133091}}
{"target": 0.6012558, "params": {"alpha": 0.9264015417342589, "colsample_bytree": 0.8887230613592016, "lam": 0.5687101576939315, "max_depth": 8.311156894946365, "min_child_weight": 2.518209009844228, "subsample": 0.5215042848009355}, "datetime": {"datetime": "2020-04-25 12:05:23", "elapsed": 8322.70819, "delta": 32.213087}}
{"target": 0.609856, "params": {"alpha": 0.0, "colsample_bytree": 0.9, "lam": 0.0, "max_depth": 3.071025308862019, "min_child_weight": 3.6067341849076633, "subsample": 0.899999999280959}, "datetime": {"datetime": "2020-04-25 12:05:55", "elapsed": 8354.390011, "delta": 31.681821}}
{"target": 0.6245269999999999, "params": {"alpha": 0.9752023930068872, "colsample_bytree": 0.8297397024337021, "lam": 0.9903673118523436, "max_depth": 9.099834446002788, "min_child_weight": 7.36928410664504, "subsample": 0.556583221835227}, "datetime": {"datetime": "2020-04-25 12:06:33", "elapsed": 8392.414386, "delta": 38.024375}}
{"target": 0.630654, "params": {"alpha": 0.6079007815752021, "colsample_bytree": 0.8492981123113237, "lam": 0.007770313090966319, "max_depth": 9.47167975400343, "min_child_weight": 5.191708160552492, "subsample": 0.8967525163596244}, "datetime": {"datetime": "2020-04-25 12:07:07", "elapsed": 8426.947404, "delta": 34.533018}}
{"target": 0.6248254, "params": {"alpha": 0.9973209107099694, "colsample_bytree": 0.8867227671160576, "lam": 0.9984293965720937, "max_depth": 5.248623375102174, "min_child_weight": 3.417170148594393, "subsample": 0.6538608088755999}, "datetime": {"datetime": "2020-04-25 12:07:33", "elapsed": 8452.335148, "delta": 25.387744}}
{"target": 0.5959722000000001, "params": {"alpha": 0.9965833363058149, "colsample_bytree": 0.637276063137113, "lam": 0.925912241677718, "max_depth": 9.107711091555583, "min_child_weight": 2.0885943849048254, "subsample": 0.8868963665700829}, "datetime": {"datetime": "2020-04-25 12:08:13", "elapsed": 8493.015953, "delta": 40.680805}}
