{"target": 0.6275660000000001, "params": {"alpha": 0.8695799160728037, "colsample_bytree": 0.8672766421961062, "lam": 0.9572972441693406, "max_depth": 3.5487816267095917, "min_child_weight": 6.7950212143623325, "subsample": 0.8718935376244652}, "datetime": {"datetime": "2020-04-24 22:48:21", "elapsed": 1769.81788, "delta": 11.172744}}
{"target": 0.6298068, "params": {"alpha": 0.651195240051986, "colsample_bytree": 0.8937477215153267, "lam": 0.48016681667169736, "max_depth": 3.741241013110578, "min_child_weight": 6.92282043906415, "subsample": 0.7452347671803009}, "datetime": {"datetime": "2020-04-24 22:48:30", "elapsed": 1778.653968, "delta": 8.836088}}
{"target": 0.6295462, "params": {"alpha": 0.9965494843394462, "colsample_bytree": 0.6788650423987338, "lam": 0.8228039415584109, "max_depth": 7.536953795829875, "min_child_weight": 8.938199964961324, "subsample": 0.8338074855958013}, "datetime": {"datetime": "2020-04-24 22:48:40", "elapsed": 1788.66277, "delta": 10.008802}}
{"target": 0.6089832, "params": {"alpha": 0.6992339180107928, "colsample_bytree": 0.6141410842340447, "lam": 0.024211715684305468, "max_depth": 4.262529563401836, "min_child_weight": 2.5730463797269834, "subsample": 0.8945067912296965}, "datetime": {"datetime": "2020-04-24 22:48:51", "elapsed": 1799.83791, "delta": 11.17514}}
{"target": 0.6181648, "params": {"alpha": 0.9833285206520824, "colsample_bytree": 0.8901687743095448, "lam": 0.9038844300605903, "max_depth": 4.159174852141875, "min_child_weight": 4.716531616997842, "subsample": 0.876326083423433}, "datetime": {"datetime": "2020-04-24 22:49:03", "elapsed": 1811.350086, "delta": 11.512176}}
{"target": 0.6140848, "params": {"alpha": 1.0, "colsample_bytree": 0.8999999480978774, "lam": 2.3747796057362467e-08, "max_depth": 7.447718086867857, "min_child_weight": 3.184289995451308, "subsample": 0.9}, "datetime": {"datetime": "2020-04-24 22:49:11", "elapsed": 1819.923703, "delta": 8.573617}}
{"target": 0.5495954, "params": {"alpha": 0.0, "colsample_bytree": 0.5, "lam": 0.045453284912906684, "max_depth": 9.010266102401985, "min_child_weight": 1.9183336222995913, "subsample": 0.9}, "datetime": {"datetime": "2020-04-24 22:49:25", "elapsed": 1833.931109, "delta": 14.007406}}
{"target": 0.6264674, "params": {"alpha": 0.9816158652985008, "colsample_bytree": 0.7615775633208959, "lam": 0.03443683819501042, "max_depth": 9.990763407213803, "min_child_weight": 6.9235560424879985, "subsample": 0.523083344053996}, "datetime": {"datetime": "2020-04-24 22:49:37", "elapsed": 1845.816658, "delta": 11.885549}}
{"target": 0.6347596, "params": {"alpha": 0.10756421087016677, "colsample_bytree": 0.8827240580907911, "lam": 0.07298446044560503, "max_depth": 5.429773927676537, "min_child_weight": 6.2400661101396, "subsample": 0.8999367301603971}, "datetime": {"datetime": "2020-04-24 22:49:48", "elapsed": 1856.613065, "delta": 10.796407}}
{"target": 0.615396, "params": {"alpha": 0.28632576919408514, "colsample_bytree": 0.5717111811364636, "lam": 0.9890831405730335, "max_depth": 5.345350958992433, "min_child_weight": 3.5573918679740677, "subsample": 0.898865625269296}, "datetime": {"datetime": "2020-04-24 22:49:58", "elapsed": 1866.789856, "delta": 10.176791}}
{"target": 0.637655, "params": {"alpha": 0.04509575136151034, "colsample_bytree": 0.8301527946345908, "lam": 0.9479121147161659, "max_depth": 9.001209270642047, "min_child_weight": 7.7389948056123465, "subsample": 0.8520006354902887}, "datetime": {"datetime": "2020-04-24 22:50:09", "elapsed": 1877.410893, "delta": 10.621037}}
{"target": 0.5508186, "params": {"alpha": 0.0, "colsample_bytree": 0.5000000000097704, "lam": 1.3784605408309282e-11, "max_depth": 9.999999999982204, "min_child_weight": 3.2473758698327684, "subsample": 0.5000000000351559}, "datetime": {"datetime": "2020-04-24 22:50:21", "elapsed": 1889.305316, "delta": 11.894423}}
{"target": 0.6300950000000001, "params": {"alpha": 0.298104389977751, "colsample_bytree": 0.8678170716669087, "lam": 0.0009262931029343502, "max_depth": 5.004107867511956, "min_child_weight": 9.24086522564287, "subsample": 0.8653911787912395}, "datetime": {"datetime": "2020-04-24 22:50:32", "elapsed": 1900.176313, "delta": 10.870997}}
{"target": 0.6305694, "params": {"alpha": 0.084005529434373, "colsample_bytree": 0.8684881442475803, "lam": 0.03578018927022053, "max_depth": 6.335429244287107, "min_child_weight": 3.386195642298888, "subsample": 0.8939408175373669}, "datetime": {"datetime": "2020-04-24 22:50:43", "elapsed": 1912.061001, "delta": 11.884688}}
{"target": 0.6365772, "params": {"alpha": 0.9439388628354164, "colsample_bytree": 0.8675975538952094, "lam": 0.9839580825225666, "max_depth": 6.328968641368868, "min_child_weight": 3.930427309730624, "subsample": 0.8926814117964246}, "datetime": {"datetime": "2020-04-24 22:50:56", "elapsed": 1924.510131, "delta": 12.44913}}
{"target": 0.6290172, "params": {"alpha": 0.9461959536780525, "colsample_bytree": 0.8989790510753066, "lam": 0.47364468956370653, "max_depth": 6.978066792947077, "min_child_weight": 6.869204233443279, "subsample": 0.8804348034155449}, "datetime": {"datetime": "2020-04-24 22:51:07", "elapsed": 1935.176389, "delta": 10.666258}}
{"target": 0.6306480000000001, "params": {"alpha": 0.03383884863850528, "colsample_bytree": 0.7319965922946273, "lam": 0.9770418944710918, "max_depth": 8.210500721238056, "min_child_weight": 9.148413860795875, "subsample": 0.5475944279590783}, "datetime": {"datetime": "2020-04-24 22:51:19", "elapsed": 1947.135216, "delta": 11.958827}}
{"target": 0.6055702000000001, "params": {"alpha": 1.0, "colsample_bytree": 0.9, "lam": 1.0, "max_depth": 7.535901582905368, "min_child_weight": 1.000000001918781, "subsample": 0.9}, "datetime": {"datetime": "2020-04-24 22:51:29", "elapsed": 1957.766009, "delta": 10.630793}}
{"target": 0.5795004, "params": {"alpha": 0.872203620882639, "colsample_bytree": 0.5659716591183203, "lam": 0.8538430838990713, "max_depth": 3.0307941236762574, "min_child_weight": 5.898169523159218, "subsample": 0.8520306304436409}, "datetime": {"datetime": "2020-04-24 22:51:39", "elapsed": 1967.405121, "delta": 9.639112}}
{"target": 0.6161042, "params": {"alpha": 0.9101231142452707, "colsample_bytree": 0.8966869733246448, "lam": 0.6209890116414162, "max_depth": 4.344588552117944, "min_child_weight": 1.5725846429323296, "subsample": 0.8894419598852654}, "datetime": {"datetime": "2020-04-24 22:51:50", "elapsed": 1978.473606, "delta": 11.068485}}
{"target": 0.5893928, "params": {"alpha": 0.0, "colsample_bytree": 0.5148383082857844, "lam": 1.0, "max_depth": 8.882695836551965, "min_child_weight": 2.534128799731979, "subsample": 0.5}, "datetime": {"datetime": "2020-04-24 22:52:00", "elapsed": 1988.633487, "delta": 10.159881}}
{"target": 0.638123, "params": {"alpha": 0.16320234744147577, "colsample_bytree": 0.8684654609727971, "lam": 0.04200590296281059, "max_depth": 6.8488794017325025, "min_child_weight": 9.996707909476688, "subsample": 0.8784650373754488}, "datetime": {"datetime": "2020-04-24 22:52:10", "elapsed": 1998.425041, "delta": 9.791554}}
{"target": 0.6411431999999999, "params": {"alpha": 0.9268081858049121, "colsample_bytree": 0.8967299298959786, "lam": 0.017079422858648163, "max_depth": 5.274303798184523, "min_child_weight": 2.5204308073025055, "subsample": 0.8917966860717152}, "datetime": {"datetime": "2020-04-24 22:52:23", "elapsed": 2011.968081, "delta": 13.54304}}
{"target": 0.6104078, "params": {"alpha": 0.014441746088409202, "colsample_bytree": 0.89345042689292, "lam": 0.9637946949003133, "max_depth": 7.317048476780663, "min_child_weight": 3.2355246342984403, "subsample": 0.5832968869879748}, "datetime": {"datetime": "2020-04-24 22:52:34", "elapsed": 2022.755826, "delta": 10.787745}}
{"target": 0.6158772000000001, "params": {"alpha": 0.004178700846904415, "colsample_bytree": 0.6404089631547755, "lam": 0.9636744788554017, "max_depth": 5.221645239011634, "min_child_weight": 2.16493241644542, "subsample": 0.5867911297525787}, "datetime": {"datetime": "2020-04-24 22:52:45", "elapsed": 2033.968127, "delta": 11.212301}}
{"target": 0.6270582, "params": {"alpha": 0.9812851053574954, "colsample_bytree": 0.9, "lam": 1.0, "max_depth": 7.299648721577764, "min_child_weight": 3.1607068182792295, "subsample": 0.8999998529122597}, "datetime": {"datetime": "2020-04-24 22:52:57", "elapsed": 2046.072801, "delta": 12.104674}}
{"target": 0.630537, "params": {"alpha": 0.999999945112336, "colsample_bytree": 0.8999999780450813, "lam": 6.354068691155298e-13, "max_depth": 9.8845896742762, "min_child_weight": 6.457488570862816, "subsample": 0.8999999780450808}, "datetime": {"datetime": "2020-04-24 22:53:11", "elapsed": 2059.920232, "delta": 13.847431}}
{"target": 0.6327244000000001, "params": {"alpha": 0.004833366691437857, "colsample_bytree": 0.6814509763549047, "lam": 0.06360589334745248, "max_depth": 6.898717546394185, "min_child_weight": 8.567567299371706, "subsample": 0.8461279316590294}, "datetime": {"datetime": "2020-04-24 22:53:22", "elapsed": 2070.358524, "delta": 10.438292}}
{"target": 0.6402112, "params": {"alpha": 0.025385548985113693, "colsample_bytree": 0.7691894968359685, "lam": 0.02923136077558597, "max_depth": 9.476630356301216, "min_child_weight": 9.957164384154114, "subsample": 0.8606304580271102}, "datetime": {"datetime": "2020-04-24 22:53:35", "elapsed": 2083.442879, "delta": 13.084355}}
{"target": 0.6062094, "params": {"alpha": 0.05784449232031286, "colsample_bytree": 0.5560206988496756, "lam": 0.9983734100617252, "max_depth": 4.470045055837362, "min_child_weight": 5.188840613680076, "subsample": 0.7937538047608539}, "datetime": {"datetime": "2020-04-24 22:53:46", "elapsed": 2095.010517, "delta": 11.567638}}
{"target": 0.5934186, "params": {"alpha": 1.0, "colsample_bytree": 0.9, "lam": 1.0, "max_depth": 3.189987174047247, "min_child_weight": 3.6049394843847637, "subsample": 0.5000000038933797}, "datetime": {"datetime": "2020-04-24 22:53:57", "elapsed": 2105.146706, "delta": 10.136189}}
{"target": 0.6212489999999999, "params": {"alpha": 0.9511719444360329, "colsample_bytree": 0.8973325418616127, "lam": 0.00867343566299339, "max_depth": 5.8241011647327765, "min_child_weight": 5.281893831694989, "subsample": 0.8065113230450403}, "datetime": {"datetime": "2020-04-24 22:54:09", "elapsed": 2117.417293, "delta": 12.270587}}
{"target": 0.6330758, "params": {"alpha": 0.6774244756911618, "colsample_bytree": 0.8298871814399065, "lam": 0.03453072898906062, "max_depth": 5.189920436414447, "min_child_weight": 4.052067097223931, "subsample": 0.8672504414164184}, "datetime": {"datetime": "2020-04-24 22:54:23", "elapsed": 2131.628599, "delta": 14.211306}}
{"target": 0.6350856, "params": {"alpha": 0.9999999686040196, "colsample_bytree": 0.8999999874416079, "lam": 0.9999999686040196, "max_depth": 6.042984404004641, "min_child_weight": 9.046096796577508, "subsample": 0.8947254742844911}, "datetime": {"datetime": "2020-04-24 22:54:39", "elapsed": 2147.321341, "delta": 15.692742}}
{"target": 0.6322956, "params": {"alpha": 0.15623514895400303, "colsample_bytree": 0.8262458907453423, "lam": 2.1164347868363187e-05, "max_depth": 8.281236081913292, "min_child_weight": 6.324163537678575, "subsample": 0.8925172490047483}, "datetime": {"datetime": "2020-04-24 22:54:54", "elapsed": 2163.01849, "delta": 15.697149}}
{"target": 0.6334698, "params": {"alpha": 0.9998822615467653, "colsample_bytree": 0.8470955675864345, "lam": 0.0027464319934277226, "max_depth": 9.337181744054806, "min_child_weight": 6.960896445662498, "subsample": 0.8555479910270436}, "datetime": {"datetime": "2020-04-24 22:55:05", "elapsed": 2173.806058, "delta": 10.787568}}
{"target": 0.6276214, "params": {"alpha": 0.8320920640240282, "colsample_bytree": 0.821849679088454, "lam": 0.18766047090881233, "max_depth": 5.8948326790692, "min_child_weight": 6.699584195727448, "subsample": 0.8992365378348122}, "datetime": {"datetime": "2020-04-24 22:55:19", "elapsed": 2187.502495, "delta": 13.696437}}
{"target": 0.6046457999999999, "params": {"alpha": 0.0658231687951385, "colsample_bytree": 0.8536420774655976, "lam": 0.9541669485451644, "max_depth": 3.0371959099349897, "min_child_weight": 2.0082275383051513, "subsample": 0.8753899985287579}, "datetime": {"datetime": "2020-04-24 22:55:31", "elapsed": 2199.616112, "delta": 12.113617}}
{"target": 0.5644034, "params": {"alpha": 1.0, "colsample_bytree": 0.5000000677941144, "lam": 1.0, "max_depth": 10.0, "min_child_weight": 3.100402185295842, "subsample": 0.9}, "datetime": {"datetime": "2020-04-24 22:55:46", "elapsed": 2214.248685, "delta": 14.632573}}
{"target": 0.6264460000000001, "params": {"alpha": 0.03661758545526228, "colsample_bytree": 0.8919952434182205, "lam": 0.9223902212917787, "max_depth": 8.659281466618259, "min_child_weight": 4.80383574787845, "subsample": 0.88149312723099}, "datetime": {"datetime": "2020-04-24 22:55:57", "elapsed": 2225.620482, "delta": 11.371797}}
{"target": 0.6416218, "params": {"alpha": 0.3082719903819241, "colsample_bytree": 0.8980972976304755, "lam": 0.10914146138282754, "max_depth": 6.595027987675671, "min_child_weight": 5.724836577013227, "subsample": 0.8921987765478772}, "datetime": {"datetime": "2020-04-24 22:56:12", "elapsed": 2241.022299, "delta": 15.401817}}
{"target": 0.6203776, "params": {"alpha": 0.9972043804971759, "colsample_bytree": 0.8433391358919347, "lam": 0.19656291677898463, "max_depth": 8.619536118069812, "min_child_weight": 4.38120950419977, "subsample": 0.8608242025378919}, "datetime": {"datetime": "2020-04-24 22:56:23", "elapsed": 2251.786519, "delta": 10.76422}}
{"target": 0.6396957999999999, "params": {"alpha": 0.9999999881604368, "colsample_bytree": 0.8999999988932481, "lam": 3.874563280996073e-08, "max_depth": 4.920362529063986, "min_child_weight": 8.169585276460708, "subsample": 0.8999999993741907}, "datetime": {"datetime": "2020-04-24 22:56:40", "elapsed": 2268.18203, "delta": 16.395511}}
{"target": 0.6260918, "params": {"alpha": 0.9999999999999973, "colsample_bytree": 0.8999999797048726, "lam": 0.9999999999999972, "max_depth": 7.0000911242190025, "min_child_weight": 6.790406815408162, "subsample": 0.8999999797048751}, "datetime": {"datetime": "2020-04-24 22:56:54", "elapsed": 2282.796027, "delta": 14.613997}}
{"target": 0.623286, "params": {"alpha": 0.27120528016538814, "colsample_bytree": 0.8417137580285615, "lam": 0.9518788090082467, "max_depth": 5.122462971457807, "min_child_weight": 8.42673932220247, "subsample": 0.5537309405798689}, "datetime": {"datetime": "2020-04-24 22:57:07", "elapsed": 2295.664305, "delta": 12.868278}}
{"target": 0.6364764, "params": {"alpha": 0.9993021504590639, "colsample_bytree": 0.6573136751366749, "lam": 0.10084187816763401, "max_depth": 5.147579513605354, "min_child_weight": 8.960696733603815, "subsample": 0.6414397904068716}, "datetime": {"datetime": "2020-04-24 22:57:20", "elapsed": 2309.083404, "delta": 13.419099}}
{"target": 0.6299574, "params": {"alpha": 0.5728689350005243, "colsample_bytree": 0.8514940807400251, "lam": 0.04625866071693374, "max_depth": 6.928123477190528, "min_child_weight": 4.914219561360399, "subsample": 0.8760022347166292}, "datetime": {"datetime": "2020-04-24 22:57:33", "elapsed": 2321.988196, "delta": 12.904792}}
{"target": 0.6073106, "params": {"alpha": 5.5854651348677715e-09, "colsample_bytree": 0.9, "lam": 0.9999999977955336, "max_depth": 6.048577243092877, "min_child_weight": 1.3270033858898909, "subsample": 0.5000000016870452}, "datetime": {"datetime": "2020-04-24 22:57:45", "elapsed": 2333.567397, "delta": 11.579201}}
{"target": 0.5946830000000001, "params": {"alpha": 0.9999999913461844, "colsample_bytree": 0.8999999999999999, "lam": 0.9999999999999972, "max_depth": 3.0932950287202936, "min_child_weight": 5.7839466153255295, "subsample": 0.5000000000000001}, "datetime": {"datetime": "2020-04-24 22:57:59", "elapsed": 2347.598629, "delta": 14.031232}}
{"target": 0.6173983999999999, "params": {"alpha": 0.4051353774156955, "colsample_bytree": 0.8891771442377208, "lam": 0.3136335129494018, "max_depth": 4.933478237571228, "min_child_weight": 5.544588310759224, "subsample": 0.8119162252869496}, "datetime": {"datetime": "2020-04-24 22:58:12", "elapsed": 2360.687352, "delta": 13.088723}}
{"target": 0.6448566, "params": {"alpha": 0.039723375233604696, "colsample_bytree": 0.7849597081738459, "lam": 0.00499903630637788, "max_depth": 6.22731768406517, "min_child_weight": 9.445433203957014, "subsample": 0.8992695426659123}, "datetime": {"datetime": "2020-04-24 22:58:27", "elapsed": 2375.146112, "delta": 14.45876}}
{"target": 0.6313522, "params": {"alpha": 0.9317323331116273, "colsample_bytree": 0.7766467646224922, "lam": 0.38579645873281143, "max_depth": 4.871977160495149, "min_child_weight": 8.460072976560841, "subsample": 0.8205553183235894}, "datetime": {"datetime": "2020-04-24 22:58:39", "elapsed": 2387.970415, "delta": 12.824303}}
{"target": 0.6276982, "params": {"alpha": 0.8711492013926543, "colsample_bytree": 0.6442167675564688, "lam": 0.0036363430009437314, "max_depth": 4.9591623464480366, "min_child_weight": 9.989748461502188, "subsample": 0.5162205144404969}, "datetime": {"datetime": "2020-04-24 22:58:54", "elapsed": 2402.199041, "delta": 14.228626}}
{"target": 0.636883, "params": {"alpha": 0.9881691819648614, "colsample_bytree": 0.8109283810407866, "lam": 0.04889333679224117, "max_depth": 6.6507196177202195, "min_child_weight": 9.431602697139223, "subsample": 0.8823836725637817}, "datetime": {"datetime": "2020-04-24 22:59:06", "elapsed": 2414.177686, "delta": 11.978645}}
{"target": 0.6284626, "params": {"alpha": 0.9933094945133717, "colsample_bytree": 0.8999999994132475, "lam": 0.9999999745149944, "max_depth": 6.1682162367785285, "min_child_weight": 2.0042386493595123, "subsample": 0.9}, "datetime": {"datetime": "2020-04-24 22:59:19", "elapsed": 2427.280754, "delta": 13.103068}}
{"target": 0.603164, "params": {"alpha": 0.467554725361672, "colsample_bytree": 0.8984067249383192, "lam": 0.889960330371997, "max_depth": 3.470020780327461, "min_child_weight": 8.657866112227103, "subsample": 0.8733674219020995}, "datetime": {"datetime": "2020-04-24 22:59:31", "elapsed": 2439.230321, "delta": 11.949567}}
{"target": 0.6352526000000001, "params": {"alpha": 0.9401004607484539, "colsample_bytree": 0.7209793318529467, "lam": 0.09614389337452711, "max_depth": 5.603833230926937, "min_child_weight": 9.49186661165682, "subsample": 0.6621008097174885}, "datetime": {"datetime": "2020-04-24 22:59:41", "elapsed": 2449.366148, "delta": 10.135827}}
{"target": 0.6250714, "params": {"alpha": 0.0823005107421797, "colsample_bytree": 0.8993303167054265, "lam": 0.9849459900519096, "max_depth": 9.89202462534268, "min_child_weight": 4.83715748498739, "subsample": 0.5247609068567123}, "datetime": {"datetime": "2020-04-24 22:59:53", "elapsed": 2461.755779, "delta": 12.389631}}
{"target": 0.646328, "params": {"alpha": 0.8321350908115812, "colsample_bytree": 0.8953116530199159, "lam": 0.6001301735667163, "max_depth": 9.139900658299826, "min_child_weight": 7.301638845325898, "subsample": 0.8599977998768444}, "datetime": {"datetime": "2020-04-24 23:00:04", "elapsed": 2472.795917, "delta": 11.040138}}
{"target": 0.6164493999999999, "params": {"alpha": 0.0009595929282933957, "colsample_bytree": 0.8648448376267743, "lam": 0.09448186973947081, "max_depth": 7.925266555558302, "min_child_weight": 2.5899843287258726, "subsample": 0.8983185218387884}, "datetime": {"datetime": "2020-04-24 23:00:18", "elapsed": 2486.351465, "delta": 13.555548}}
{"target": 0.6372822, "params": {"alpha": 0.09574706231585894, "colsample_bytree": 0.8473806079412862, "lam": 0.9908321468201533, "max_depth": 6.839308293366459, "min_child_weight": 7.248725991699517, "subsample": 0.7845795918831561}, "datetime": {"datetime": "2020-04-24 23:00:36", "elapsed": 2504.141753, "delta": 17.790288}}
{"target": 0.6217140000000001, "params": {"alpha": 0.45826361539256866, "colsample_bytree": 0.8320525149503655, "lam": 0.018440140068903488, "max_depth": 3.7359199742560776, "min_child_weight": 9.257612894800921, "subsample": 0.5443443996273498}, "datetime": {"datetime": "2020-04-24 23:00:51", "elapsed": 2519.478525, "delta": 15.336772}}
{"target": 0.6076872, "params": {"alpha": 0.10373536671201933, "colsample_bytree": 0.8771254300764557, "lam": 0.9996080188666789, "max_depth": 3.747769701915222, "min_child_weight": 2.9736897633624797, "subsample": 0.5028752692444289}, "datetime": {"datetime": "2020-04-24 23:01:08", "elapsed": 2536.408329, "delta": 16.929804}}
{"target": 0.6254082, "params": {"alpha": 1.0, "colsample_bytree": 0.9, "lam": 1.0, "max_depth": 8.628816744347725, "min_child_weight": 6.350499952654408, "subsample": 0.8999999822305697}, "datetime": {"datetime": "2020-04-24 23:01:22", "elapsed": 2550.528628, "delta": 14.120299}}
{"target": 0.6337737999999999, "params": {"alpha": 0.06828522806108894, "colsample_bytree": 0.8481031243257888, "lam": 0.11275364267072663, "max_depth": 5.666201017869904, "min_child_weight": 9.488361772278955, "subsample": 0.8806146322040143}, "datetime": {"datetime": "2020-04-24 23:01:39", "elapsed": 2567.786522, "delta": 17.257894}}
{"target": 0.6297704, "params": {"alpha": 0.9896416006783822, "colsample_bytree": 0.8934230099656746, "lam": 0.895680760777414, "max_depth": 3.9363021262961366, "min_child_weight": 7.668007695491113, "subsample": 0.8714010408563023}, "datetime": {"datetime": "2020-04-24 23:01:57", "elapsed": 2585.397716, "delta": 17.611194}}
{"target": 0.619186, "params": {"alpha": 0.7903621433122213, "colsample_bytree": 0.8849807924979836, "lam": 0.044193573767674854, "max_depth": 5.684557947989591, "min_child_weight": 3.406139727243771, "subsample": 0.8923080933323368}, "datetime": {"datetime": "2020-04-24 23:02:10", "elapsed": 2598.30997, "delta": 12.912254}}
