{"target": 0.624179, "params": {"alpha": 0.6176709228707211, "colsample_bytree": 0.896555672398155, "lam": 0.9256687199563102, "max_depth": 3.6865166785565817, "min_child_weight": 4.215294016790839, "subsample": 0.8963136181342202}, "datetime": {"datetime": "2020-04-25 13:50:17", "elapsed": 5436.849202, "delta": 21.16538}}
{"target": 0.643294, "params": {"alpha": 0.9287005495847663, "colsample_bytree": 0.7873237567504903, "lam": 0.7811855835038111, "max_depth": 8.301400819363721, "min_child_weight": 8.534312126907723, "subsample": 0.8574767506423582}, "datetime": {"datetime": "2020-04-25 13:50:40", "elapsed": 5459.998977, "delta": 23.149775}}
{"target": 0.5617810000000001, "params": {"alpha": 0.99999997401258, "colsample_bytree": 0.5, "lam": 6.289975882827063e-09, "max_depth": 3.0000000272010463, "min_child_weight": 10.0, "subsample": 0.9}, "datetime": {"datetime": "2020-04-25 13:51:03", "elapsed": 5482.805017, "delta": 22.80604}}
{"target": 0.636621, "params": {"alpha": 0.005183524629089664, "colsample_bytree": 0.8763440168257517, "lam": 0.5977440427140419, "max_depth": 5.008879770757998, "min_child_weight": 2.830624811067414, "subsample": 0.8102015239805003}, "datetime": {"datetime": "2020-04-25 13:51:23", "elapsed": 5503.593857, "delta": 20.78884}}
{"target": 0.6173932, "params": {"alpha": 0.9458809150840487, "colsample_bytree": 0.873280682951681, "lam": 0.7639499300231596, "max_depth": 8.60479998646327, "min_child_weight": 8.77341936327905, "subsample": 0.5367183279946661}, "datetime": {"datetime": "2020-04-25 13:51:42", "elapsed": 5522.013687, "delta": 18.41983}}
{"target": 0.6282876000000001, "params": {"alpha": 0.980855126617279, "colsample_bytree": 0.8983782128309292, "lam": 0.9652699646750409, "max_depth": 4.90089670010323, "min_child_weight": 3.927906407316576, "subsample": 0.8920286602127112}, "datetime": {"datetime": "2020-04-25 13:52:06", "elapsed": 5546.509762, "delta": 24.496075}}
{"target": 0.6295060000000001, "params": {"alpha": 0.0014077084508206106, "colsample_bytree": 0.8886396331274236, "lam": 0.08642801187447913, "max_depth": 4.443341646740622, "min_child_weight": 5.255402196171123, "subsample": 0.869482456026444}, "datetime": {"datetime": "2020-04-25 13:52:33", "elapsed": 5573.299958, "delta": 26.790196}}
{"target": 0.6281764, "params": {"alpha": 0.9791587314361044, "colsample_bytree": 0.7387599405977393, "lam": 0.9963851127124942, "max_depth": 6.380038488599042, "min_child_weight": 7.998925467358396, "subsample": 0.8886493343090742}, "datetime": {"datetime": "2020-04-25 13:53:03", "elapsed": 5603.582557, "delta": 30.282599}}
{"target": 0.6503388000000001, "params": {"alpha": 0.004589962864644415, "colsample_bytree": 0.7144673753313288, "lam": 0.5884708579975836, "max_depth": 9.14388022553879, "min_child_weight": 7.996071048638454, "subsample": 0.8585463423611108}, "datetime": {"datetime": "2020-04-25 13:53:25", "elapsed": 5625.415399, "delta": 21.832842}}
{"target": 0.6391956000000001, "params": {"alpha": 0.6891832732925756, "colsample_bytree": 0.89197505201078, "lam": 0.9698779537863013, "max_depth": 5.414050637536647, "min_child_weight": 3.7691750683637606, "subsample": 0.840219793587013}, "datetime": {"datetime": "2020-04-25 13:53:43", "elapsed": 5643.354026, "delta": 17.938627}}
{"target": 0.6452273999999999, "params": {"alpha": 0.06374686973636345, "colsample_bytree": 0.8169292505192979, "lam": 0.7839762459531611, "max_depth": 8.973743242467915, "min_child_weight": 8.157886928781405, "subsample": 0.806993522593087}, "datetime": {"datetime": "2020-04-25 13:54:06", "elapsed": 5665.935523, "delta": 22.581497}}
{"target": 0.5966266, "params": {"alpha": 0.01031063125044096, "colsample_bytree": 0.8088651586026259, "lam": 0.006704250319937377, "max_depth": 6.53711632474927, "min_child_weight": 1.0692683476646367, "subsample": 0.8879505769762654}, "datetime": {"datetime": "2020-04-25 13:54:28", "elapsed": 5688.616758, "delta": 22.681235}}
{"target": 0.641171, "params": {"alpha": 0.07505613846842574, "colsample_bytree": 0.7974073865222107, "lam": 0.8532297498110749, "max_depth": 9.066591853243331, "min_child_weight": 7.980121378121943, "subsample": 0.8557302068924841}, "datetime": {"datetime": "2020-04-25 13:54:51", "elapsed": 5711.534477, "delta": 22.917719}}
{"target": 0.6366122, "params": {"alpha": 0.9652538910312948, "colsample_bytree": 0.8957481449711874, "lam": 0.0102252619723594, "max_depth": 7.75426920210214, "min_child_weight": 9.291167224064658, "subsample": 0.894957572508897}, "datetime": {"datetime": "2020-04-25 13:55:16", "elapsed": 5735.91958, "delta": 24.385103}}
{"target": 0.6473478, "params": {"alpha": 0.9262665829793284, "colsample_bytree": 0.7882889032941933, "lam": 0.012258646334311396, "max_depth": 6.533187049245327, "min_child_weight": 9.910432787321723, "subsample": 0.8696150756466754}, "datetime": {"datetime": "2020-04-25 13:55:52", "elapsed": 5771.778167, "delta": 35.858587}}
{"target": 0.5946032000000001, "params": {"alpha": 0.9999999999984605, "colsample_bytree": 0.5, "lam": 0.0, "max_depth": 6.445234342909041, "min_child_weight": 9.999999999995778, "subsample": 0.9}, "datetime": {"datetime": "2020-04-25 13:56:18", "elapsed": 5798.153354, "delta": 26.375187}}
{"target": 0.6318428, "params": {"alpha": 0.9642383458606065, "colsample_bytree": 0.8793023772239202, "lam": 0.10930097961640095, "max_depth": 6.475427926599727, "min_child_weight": 9.745802636808282, "subsample": 0.8328112948559134}, "datetime": {"datetime": "2020-04-25 13:56:45", "elapsed": 5825.415176, "delta": 27.261822}}
{"target": 0.6446912000000001, "params": {"alpha": 0.5996853048263393, "colsample_bytree": 0.7175275568361741, "lam": 0.028252923154648113, "max_depth": 6.710839148553154, "min_child_weight": 9.852357348086727, "subsample": 0.8694001589265037}, "datetime": {"datetime": "2020-04-25 13:57:14", "elapsed": 5854.359305, "delta": 28.944129}}
{"target": 0.6382336000000001, "params": {"alpha": 0.06138024543442211, "colsample_bytree": 0.6802057853875119, "lam": 0.7368984522965932, "max_depth": 5.707065580994594, "min_child_weight": 9.404391358276804, "subsample": 0.6326207753600018}, "datetime": {"datetime": "2020-04-25 13:57:47", "elapsed": 5887.399449, "delta": 33.040144}}
{"target": 0.6330169999999999, "params": {"alpha": 0.04337605273243317, "colsample_bytree": 0.677301809202042, "lam": 0.994332462101403, "max_depth": 5.54205316418421, "min_child_weight": 9.292488676208762, "subsample": 0.7491420465433525}, "datetime": {"datetime": "2020-04-25 13:58:15", "elapsed": 5914.79691, "delta": 27.397461}}
{"target": 0.6350568, "params": {"alpha": 0.9556467853880932, "colsample_bytree": 0.8632846585019858, "lam": 0.18920876804447562, "max_depth": 7.527979104676141, "min_child_weight": 9.907529032441596, "subsample": 0.8947295638044612}, "datetime": {"datetime": "2020-04-25 13:58:38", "elapsed": 5938.074072, "delta": 23.277162}}
{"target": 0.6162226, "params": {"alpha": 0.9973664833694155, "colsample_bytree": 0.8796661866639324, "lam": 0.9891145499691064, "max_depth": 5.640287461100714, "min_child_weight": 3.6973559429818614, "subsample": 0.6968922224193006}, "datetime": {"datetime": "2020-04-25 13:59:04", "elapsed": 5964.263237, "delta": 26.189165}}
{"target": 0.6407262000000001, "params": {"alpha": 0.7365998334631754, "colsample_bytree": 0.8993567353589259, "lam": 0.1591724739304876, "max_depth": 6.962962676376906, "min_child_weight": 9.975893754911194, "subsample": 0.77084239072526}, "datetime": {"datetime": "2020-04-25 13:59:29", "elapsed": 5989.32044, "delta": 25.057203}}
{"target": 0.6403662, "params": {"alpha": 0.02149939819141855, "colsample_bytree": 0.719231292813261, "lam": 0.040397615992377456, "max_depth": 6.072394617078349, "min_child_weight": 8.9168621976433, "subsample": 0.8623001522477922}, "datetime": {"datetime": "2020-04-25 13:59:57", "elapsed": 6017.594367, "delta": 28.273927}}
{"target": 0.6297900000000001, "params": {"alpha": 0.03309309083885614, "colsample_bytree": 0.858859161714623, "lam": 0.46296277274258735, "max_depth": 9.567691903838973, "min_child_weight": 7.722766565857002, "subsample": 0.8960878295404409}, "datetime": {"datetime": "2020-04-25 14:00:26", "elapsed": 6045.820047, "delta": 28.22568}}
{"target": 0.6272888000000001, "params": {"alpha": 0.018779585610502636, "colsample_bytree": 0.758000187748964, "lam": 0.9478721551286163, "max_depth": 7.091295953898325, "min_child_weight": 9.930632311252864, "subsample": 0.6650118465452959}, "datetime": {"datetime": "2020-04-25 14:00:48", "elapsed": 6068.50966, "delta": 22.689613}}
{"target": 0.5817401999999999, "params": {"alpha": 0.9999999977989716, "colsample_bytree": 0.9, "lam": 3.167216414170956e-09, "max_depth": 8.885643549332785, "min_child_weight": 1.0, "subsample": 0.8999999998739031}, "datetime": {"datetime": "2020-04-25 14:01:14", "elapsed": 6093.960705, "delta": 25.451045}}
{"target": 0.6207748000000001, "params": {"alpha": 0.9999999999996542, "colsample_bytree": 0.9, "lam": 1.0, "max_depth": 9.999999999998082, "min_child_weight": 1.0, "subsample": 0.5}, "datetime": {"datetime": "2020-04-25 14:01:41", "elapsed": 6120.892145, "delta": 26.93144}}
{"target": 0.6334424000000001, "params": {"alpha": 0.9943319938314386, "colsample_bytree": 0.8029016168929368, "lam": 0.6900133336197475, "max_depth": 5.229485088712505, "min_child_weight": 5.439568160951426, "subsample": 0.8489537185722957}, "datetime": {"datetime": "2020-04-25 14:02:02", "elapsed": 6141.999091, "delta": 21.106946}}
{"target": 0.6319186, "params": {"alpha": 0.4927715048887483, "colsample_bytree": 0.7038818073784833, "lam": 0.6176376965216461, "max_depth": 7.6931574173083295, "min_child_weight": 7.027423961867052, "subsample": 0.7330046791704559}, "datetime": {"datetime": "2020-04-25 14:02:26", "elapsed": 6166.389071, "delta": 24.38998}}
{"target": 0.6418026, "params": {"alpha": 0.01114733079496677, "colsample_bytree": 0.688133255844122, "lam": 0.7870387920295925, "max_depth": 9.191001641875832, "min_child_weight": 8.384155673034364, "subsample": 0.856531082198304}, "datetime": {"datetime": "2020-04-25 14:02:54", "elapsed": 6194.663109, "delta": 28.274038}}
{"target": 0.6312487999999999, "params": {"alpha": 0.024211099632839628, "colsample_bytree": 0.886804908140526, "lam": 0.016008490602667513, "max_depth": 5.929547403400829, "min_child_weight": 9.305929304965703, "subsample": 0.606881889976582}, "datetime": {"datetime": "2020-04-25 14:03:20", "elapsed": 6220.271601, "delta": 25.608492}}
{"target": 0.6342688, "params": {"alpha": 0.9572075604275441, "colsample_bytree": 0.876174374325394, "lam": 0.026223360220747782, "max_depth": 6.9024921308172615, "min_child_weight": 9.761120338717834, "subsample": 0.8054228453894989}, "datetime": {"datetime": "2020-04-25 14:03:47", "elapsed": 6246.87676, "delta": 26.605159}}
{"target": 0.6298732, "params": {"alpha": 0.6303015420698179, "colsample_bytree": 0.864065610529063, "lam": 0.9917356074100148, "max_depth": 5.817006339153771, "min_child_weight": 9.712702031692299, "subsample": 0.5707915967885067}, "datetime": {"datetime": "2020-04-25 14:04:17", "elapsed": 6277.454758, "delta": 30.577998}}
{"target": 0.638982, "params": {"alpha": 0.025455033019167073, "colsample_bytree": 0.8273736610702889, "lam": 0.488325211359502, "max_depth": 8.843127683434707, "min_child_weight": 8.120100345251988, "subsample": 0.8112858287330966}, "datetime": {"datetime": "2020-04-25 14:04:41", "elapsed": 6300.946751, "delta": 23.491993}}
{"target": 0.6354488, "params": {"alpha": 0.5902993060887958, "colsample_bytree": 0.6925038203079981, "lam": 0.7611634534326577, "max_depth": 5.825245454446808, "min_child_weight": 9.071331538132402, "subsample": 0.8046114104058546}, "datetime": {"datetime": "2020-04-25 14:05:09", "elapsed": 6328.97958, "delta": 28.032829}}
{"target": 0.6349206, "params": {"alpha": 0.004994066215673221, "colsample_bytree": 0.891254423253617, "lam": 0.8228657755861193, "max_depth": 5.708777256244458, "min_child_weight": 9.029066226388867, "subsample": 0.5882727467260742}, "datetime": {"datetime": "2020-04-25 14:05:41", "elapsed": 6361.38297, "delta": 32.40339}}
{"target": 0.5919209999999999, "params": {"alpha": 0.0, "colsample_bytree": 0.9, "lam": 3.2357841588585694e-09, "max_depth": 3.0000001054778322, "min_child_weight": 1.828184872012381, "subsample": 0.5}, "datetime": {"datetime": "2020-04-25 14:06:05", "elapsed": 6385.22325, "delta": 23.84028}}
{"target": 0.6299823999999999, "params": {"alpha": 0.5977243301388376, "colsample_bytree": 0.7870639712490579, "lam": 0.0690190539807829, "max_depth": 4.691609643204247, "min_child_weight": 6.304695699376165, "subsample": 0.7548845879157284}, "datetime": {"datetime": "2020-04-25 14:06:32", "elapsed": 6412.660468, "delta": 27.437218}}
{"target": 0.5968669999999999, "params": {"alpha": 0.0062567703143021625, "colsample_bytree": 0.8949766806129997, "lam": 0.020327892427709937, "max_depth": 3.464147922428655, "min_child_weight": 8.005310317546995, "subsample": 0.8466429121391208}, "datetime": {"datetime": "2020-04-25 14:06:59", "elapsed": 6439.456983, "delta": 26.796515}}
{"target": 0.6011877999999999, "params": {"alpha": 0.8212674302521369, "colsample_bytree": 0.8619977853079213, "lam": 0.053351851255147964, "max_depth": 3.1051974084499876, "min_child_weight": 7.112172909744125, "subsample": 0.8879648482598244}, "datetime": {"datetime": "2020-04-25 14:07:22", "elapsed": 6462.415096, "delta": 22.958113}}
{"target": 0.6317118, "params": {"alpha": 0.5872879559231615, "colsample_bytree": 0.8497921805529731, "lam": 0.023061307012529064, "max_depth": 6.399111536136093, "min_child_weight": 9.931826734436376, "subsample": 0.7695913883258136}, "datetime": {"datetime": "2020-04-25 14:08:00", "elapsed": 6499.841825, "delta": 37.426729}}
{"target": 0.6067044, "params": {"alpha": 7.904495481579115e-08, "colsample_bytree": 0.8999999985473077, "lam": 2.3324729746799986e-09, "max_depth": 3.0000000364245945, "min_child_weight": 4.582472323547022, "subsample": 0.9}, "datetime": {"datetime": "2020-04-25 14:08:24", "elapsed": 6524.465918, "delta": 24.624093}}
{"target": 0.630995, "params": {"alpha": 0.9925645598223468, "colsample_bytree": 0.8484817813068322, "lam": 0.34442895932869455, "max_depth": 4.045925822680475, "min_child_weight": 7.810366771399363, "subsample": 0.8093913425250738}, "datetime": {"datetime": "2020-04-25 14:08:48", "elapsed": 6548.549417, "delta": 24.083499}}
{"target": 0.6353886, "params": {"alpha": 0.6324824384980555, "colsample_bytree": 0.8488596240285798, "lam": 0.026239303495276478, "max_depth": 6.905139485800436, "min_child_weight": 9.929599166643166, "subsample": 0.8754734840579372}, "datetime": {"datetime": "2020-04-25 14:09:15", "elapsed": 6575.070542, "delta": 26.521125}}
{"target": 0.6358708, "params": {"alpha": 0.7335739452044266, "colsample_bytree": 0.7639985071024051, "lam": 0.4979991064526781, "max_depth": 6.617678533375537, "min_child_weight": 9.90187618727532, "subsample": 0.8866992016163319}, "datetime": {"datetime": "2020-04-25 14:09:35", "elapsed": 6595.235214, "delta": 20.164672}}
{"target": 0.6348014, "params": {"alpha": 0.0056069985480876605, "colsample_bytree": 0.7987572483105072, "lam": 0.4688578002262831, "max_depth": 5.829282890661376, "min_child_weight": 9.26936605754532, "subsample": 0.8595705621695398}, "datetime": {"datetime": "2020-04-25 14:10:07", "elapsed": 6626.891907, "delta": 31.656693}}
{"target": 0.6358273999999999, "params": {"alpha": 0.9864150243748457, "colsample_bytree": 0.8381535441719294, "lam": 0.15399260699870776, "max_depth": 4.6722793199986965, "min_child_weight": 3.3899151652335093, "subsample": 0.8989031189596468}, "datetime": {"datetime": "2020-04-25 14:10:32", "elapsed": 6652.307896, "delta": 25.415989}}
{"target": 0.6323160000000001, "params": {"alpha": 0.056210688882529336, "colsample_bytree": 0.6456016996943467, "lam": 0.04618577720406303, "max_depth": 6.764653506089045, "min_child_weight": 9.961815929478522, "subsample": 0.8699825079053117}, "datetime": {"datetime": "2020-04-25 14:10:58", "elapsed": 6678.519561, "delta": 26.211665}}
{"target": 0.6366802, "params": {"alpha": 0.9712639921100371, "colsample_bytree": 0.7048466409496099, "lam": 0.6669381243236617, "max_depth": 7.838093039640283, "min_child_weight": 9.44504728740284, "subsample": 0.7864886795381887}, "datetime": {"datetime": "2020-04-25 14:11:22", "elapsed": 6702.115929, "delta": 23.596368}}
{"target": 0.6458413999999999, "params": {"alpha": 0.05598989047057634, "colsample_bytree": 0.8578507206998186, "lam": 0.9952936421881664, "max_depth": 5.699222510475192, "min_child_weight": 7.42790952429268, "subsample": 0.8962791567290305}, "datetime": {"datetime": "2020-04-25 14:11:59", "elapsed": 6738.772416, "delta": 36.656487}}
{"target": 0.6372045999999999, "params": {"alpha": 0.6515813761070498, "colsample_bytree": 0.8300110483151546, "lam": 0.015020906757616248, "max_depth": 8.599228975885623, "min_child_weight": 8.998696885034196, "subsample": 0.8730307911525517}, "datetime": {"datetime": "2020-04-25 14:12:28", "elapsed": 6768.089604, "delta": 29.317188}}
{"target": 0.6374806000000001, "params": {"alpha": 0.9795614721912226, "colsample_bytree": 0.7936127828722003, "lam": 0.03618245717905855, "max_depth": 6.8221028386769245, "min_child_weight": 9.961127626190203, "subsample": 0.5328121500538282}, "datetime": {"datetime": "2020-04-25 14:12:51", "elapsed": 6791.076541, "delta": 22.986937}}
{"target": 0.6035717999999999, "params": {"alpha": 0.4681883648753642, "colsample_bytree": 0.5540005677642337, "lam": 0.026519505782105157, "max_depth": 4.042232370622548, "min_child_weight": 7.283047508908784, "subsample": 0.8913103430704095}, "datetime": {"datetime": "2020-04-25 14:13:17", "elapsed": 6817.557204, "delta": 26.480663}}
{"target": 0.6365782, "params": {"alpha": 0.9359301754229092, "colsample_bytree": 0.8447273556020773, "lam": 0.527010381458243, "max_depth": 5.195925015527044, "min_child_weight": 2.168879664856208, "subsample": 0.8609831890156303}, "datetime": {"datetime": "2020-04-25 14:13:51", "elapsed": 6850.815095, "delta": 33.257891}}
{"target": 0.6278897999999999, "params": {"alpha": 0.025570602664554576, "colsample_bytree": 0.7421459554644925, "lam": 0.6541609803607996, "max_depth": 8.764514437224776, "min_child_weight": 7.578427568624615, "subsample": 0.8968697454467066}, "datetime": {"datetime": "2020-04-25 14:14:24", "elapsed": 6883.901292, "delta": 33.086197}}
{"target": 0.6333288, "params": {"alpha": 0.055372949576727004, "colsample_bytree": 0.8523470400395532, "lam": 0.02622453349457987, "max_depth": 6.192991124352158, "min_child_weight": 6.796353324272782, "subsample": 0.8686429905497182}, "datetime": {"datetime": "2020-04-25 14:14:49", "elapsed": 6909.304061, "delta": 25.402769}}
{"target": 0.6269254, "params": {"alpha": 0.11256685548343015, "colsample_bytree": 0.8926397748710598, "lam": 0.5165267041619119, "max_depth": 8.729356882651398, "min_child_weight": 4.4620345077823576, "subsample": 0.8487901096091939}, "datetime": {"datetime": "2020-04-25 14:15:20", "elapsed": 6940.356999, "delta": 31.052938}}
{"target": 0.620096, "params": {"alpha": 0.037467979360712333, "colsample_bytree": 0.8140306344968371, "lam": 0.007611529493855684, "max_depth": 7.209417111025303, "min_child_weight": 3.9291788248748967, "subsample": 0.5219806496958437}, "datetime": {"datetime": "2020-04-25 14:15:42", "elapsed": 6961.722095, "delta": 21.365096}}
{"target": 0.6331352000000001, "params": {"alpha": 0.9683171196243876, "colsample_bytree": 0.8700019353327793, "lam": 0.0034325020665729733, "max_depth": 6.665661030876674, "min_child_weight": 4.991122709970755, "subsample": 0.8892412585655813}, "datetime": {"datetime": "2020-04-25 14:16:14", "elapsed": 6993.712546, "delta": 31.990451}}
{"target": 0.5931336, "params": {"alpha": 0.005741028814972293, "colsample_bytree": 0.5631841248329201, "lam": 0.9943532869703071, "max_depth": 7.88572115135104, "min_child_weight": 3.3022797410613562, "subsample": 0.5820161040881178}, "datetime": {"datetime": "2020-04-25 14:16:48", "elapsed": 7028.046187, "delta": 34.333641}}
{"target": 0.6227458, "params": {"alpha": 0.7507764903222616, "colsample_bytree": 0.825347261734712, "lam": 0.9734008955419359, "max_depth": 8.281543066633306, "min_child_weight": 8.29147625833777, "subsample": 0.8873493426122891}, "datetime": {"datetime": "2020-04-25 14:17:11", "elapsed": 7051.061941, "delta": 23.015754}}
{"target": 0.5909648000000001, "params": {"alpha": 0.9931296618881914, "colsample_bytree": 0.5579334409731725, "lam": 0.9932992700572747, "max_depth": 9.083567543065069, "min_child_weight": 7.829125506308857, "subsample": 0.5044908108787266}, "datetime": {"datetime": "2020-04-25 14:17:41", "elapsed": 7081.254451, "delta": 30.19251}}
{"target": 0.6401314000000001, "params": {"alpha": 0.011062014930445008, "colsample_bytree": 0.8590942851987753, "lam": 0.6514015573256546, "max_depth": 5.004085840444107, "min_child_weight": 1.0270423066643768, "subsample": 0.7768894921049047}, "datetime": {"datetime": "2020-04-25 14:18:08", "elapsed": 7108.033181, "delta": 26.77873}}
{"target": 0.6367678, "params": {"alpha": 0.9814379595159597, "colsample_bytree": 0.667632112621869, "lam": 0.7525025603848101, "max_depth": 8.742404565453235, "min_child_weight": 8.677171130135381, "subsample": 0.8991742625995709}, "datetime": {"datetime": "2020-04-25 14:18:33", "elapsed": 7132.684253, "delta": 24.651072}}
{"target": 0.6367795999999999, "params": {"alpha": 0.8418930912457004, "colsample_bytree": 0.8989937190885204, "lam": 0.5981792323980303, "max_depth": 5.377078163675316, "min_child_weight": 3.9365005574300254, "subsample": 0.8903050839122135}, "datetime": {"datetime": "2020-04-25 14:19:01", "elapsed": 7161.292818, "delta": 28.608565}}
