{"target": 0.6356194000000001, "params": {"alpha": 0.9748970451040313, "colsample_bytree": 0.8163874800993876, "lam": 0.8424924163906728, "max_depth": 4.698544479033103, "min_child_weight": 1.0178546981218506, "subsample": 0.8332762756399924}, "datetime": {"datetime": "2020-04-24 22:20:35", "elapsed": 103.477727, "delta": 1.489254}}
{"target": 0.6354676, "params": {"alpha": 0.9483943681572535, "colsample_bytree": 0.8954494008381852, "lam": 0.14449804805084154, "max_depth": 4.809697728178456, "min_child_weight": 5.691449701936251, "subsample": 0.8546483927883365}, "datetime": {"datetime": "2020-04-24 22:20:36", "elapsed": 105.073774, "delta": 1.596047}}
{"target": 0.6247548, "params": {"alpha": 0.010995282707746079, "colsample_bytree": 0.8809926932390113, "lam": 0.8945089189999422, "max_depth": 8.965366909386113, "min_child_weight": 6.183584924032795, "subsample": 0.8967294271891104}, "datetime": {"datetime": "2020-04-24 22:20:38", "elapsed": 106.928774, "delta": 1.855}}
{"target": 0.6354165999999999, "params": {"alpha": 0.9975604001612333, "colsample_bytree": 0.8813108992006516, "lam": 0.845039048722138, "max_depth": 9.832375276328158, "min_child_weight": 7.850589508592678, "subsample": 0.5928413077776347}, "datetime": {"datetime": "2020-04-24 22:20:40", "elapsed": 108.766196, "delta": 1.837422}}
{"target": 0.6378929999999999, "params": {"alpha": 0.0, "colsample_bytree": 0.8999999969476358, "lam": 0.0, "max_depth": 9.910642043503156, "min_child_weight": 8.723229029244283, "subsample": 0.8999999989596188}, "datetime": {"datetime": "2020-04-24 22:20:42", "elapsed": 110.811352, "delta": 2.045156}}
{"target": 0.6331348, "params": {"alpha": 0.2178774881950022, "colsample_bytree": 0.8915221696343001, "lam": 0.011412509550716932, "max_depth": 5.391101187564244, "min_child_weight": 5.097475532546751, "subsample": 0.8969508846125003}, "datetime": {"datetime": "2020-04-24 22:20:44", "elapsed": 112.323933, "delta": 1.512581}}
{"target": 0.6279672000000001, "params": {"alpha": 0.02782628191722547, "colsample_bytree": 0.8071880886044349, "lam": 0.9198197789423211, "max_depth": 6.000943657408066, "min_child_weight": 6.6204964877768635, "subsample": 0.6095417040950188}, "datetime": {"datetime": "2020-04-24 22:20:45", "elapsed": 113.863491, "delta": 1.539558}}
{"target": 0.6433034, "params": {"alpha": 0.9947310734910547, "colsample_bytree": 0.8578344219819694, "lam": 0.07234068536954275, "max_depth": 6.960032502832632, "min_child_weight": 9.825362381924986, "subsample": 0.8649959850455693}, "datetime": {"datetime": "2020-04-24 22:20:47", "elapsed": 115.677482, "delta": 1.813991}}
{"target": 0.6226674, "params": {"alpha": 0.1315217545032148, "colsample_bytree": 0.5696767995625359, "lam": 0.9493945334206242, "max_depth": 9.152955912901225, "min_child_weight": 7.816616269424701, "subsample": 0.8993605657675547}, "datetime": {"datetime": "2020-04-24 22:20:49", "elapsed": 117.570686, "delta": 1.893204}}
{"target": 0.6206838, "params": {"alpha": 0.42686384478558215, "colsample_bytree": 0.8925967090356948, "lam": 0.018311641360691522, "max_depth": 4.262961156190925, "min_child_weight": 1.1029665172254084, "subsample": 0.8855553948733959}, "datetime": {"datetime": "2020-04-24 22:20:50", "elapsed": 119.027591, "delta": 1.456905}}
{"target": 0.6166724, "params": {"alpha": 0.04833291045209709, "colsample_bytree": 0.5121038124245919, "lam": 0.035394630493653656, "max_depth": 9.430784957937437, "min_child_weight": 9.590254565788495, "subsample": 0.8657864546514297}, "datetime": {"datetime": "2020-04-24 22:20:53", "elapsed": 121.156744, "delta": 2.129153}}
{"target": 0.6334236, "params": {"alpha": 0.9991919781508541, "colsample_bytree": 0.8656831646497016, "lam": 0.09446772970844741, "max_depth": 8.984580567899082, "min_child_weight": 8.333969114827925, "subsample": 0.8002217626327608}, "datetime": {"datetime": "2020-04-24 22:20:54", "elapsed": 123.036304, "delta": 1.87956}}
{"target": 0.6412924, "params": {"alpha": 0.47711071664327565, "colsample_bytree": 0.8974159305182666, "lam": 0.23883978485056767, "max_depth": 9.79919178442548, "min_child_weight": 9.996273562659756, "subsample": 0.895233259428468}, "datetime": {"datetime": "2020-04-24 22:20:57", "elapsed": 125.144649, "delta": 2.108345}}
{"target": 0.6336506, "params": {"alpha": 0.46413552684096226, "colsample_bytree": 0.8455467223112225, "lam": 0.03602791852167275, "max_depth": 8.324935099196892, "min_child_weight": 4.322355721411538, "subsample": 0.8976760233693606}, "datetime": {"datetime": "2020-04-24 22:20:58", "elapsed": 126.952678, "delta": 1.808029}}
{"target": 0.6197007999999999, "params": {"alpha": 0.988157201057273, "colsample_bytree": 0.5098811673155659, "lam": 0.3771220316431336, "max_depth": 7.964518611531105, "min_child_weight": 9.655211898738274, "subsample": 0.8459044360234771}, "datetime": {"datetime": "2020-04-24 22:21:00", "elapsed": 128.657161, "delta": 1.704483}}
{"target": 0.6277459999999999, "params": {"alpha": 0.9975481956878532, "colsample_bytree": 0.8896347816064969, "lam": 0.8626771529610349, "max_depth": 4.536049528093494, "min_child_weight": 8.177386908061159, "subsample": 0.5243948028097083}, "datetime": {"datetime": "2020-04-24 22:21:02", "elapsed": 130.323846, "delta": 1.666685}}
{"target": 0.6319953999999999, "params": {"alpha": 0.9999998942571616, "colsample_bytree": 0.9, "lam": 1.0, "max_depth": 3.639758818178202, "min_child_weight": 2.9034399115167164, "subsample": 0.9}, "datetime": {"datetime": "2020-04-24 22:21:03", "elapsed": 132.016126, "delta": 1.69228}}
{"target": 0.632733, "params": {"alpha": 0.08329926844415592, "colsample_bytree": 0.8950727154584375, "lam": 0.011580686610649482, "max_depth": 5.455558254269889, "min_child_weight": 2.994522343379937, "subsample": 0.8965246922498362}, "datetime": {"datetime": "2020-04-24 22:21:05", "elapsed": 133.643668, "delta": 1.627542}}
{"target": 0.6354428000000001, "params": {"alpha": 0.09014761371612123, "colsample_bytree": 0.8956473971974852, "lam": 0.5167994582020715, "max_depth": 8.250097308382202, "min_child_weight": 8.697698766965107, "subsample": 0.8658648874167358}, "datetime": {"datetime": "2020-04-24 22:21:07", "elapsed": 135.490725, "delta": 1.847057}}
{"target": 0.6325291999999999, "params": {"alpha": 0.9663112546373901, "colsample_bytree": 0.8841440750396563, "lam": 0.017883953145570453, "max_depth": 8.998954233641339, "min_child_weight": 9.888050535220511, "subsample": 0.6817500049472471}, "datetime": {"datetime": "2020-04-24 22:21:09", "elapsed": 137.583849, "delta": 2.093124}}
{"target": 0.6269896, "params": {"alpha": 0.5743240475341588, "colsample_bytree": 0.8315819190014658, "lam": 0.9326211652103885, "max_depth": 9.971846675145024, "min_child_weight": 7.146051099019222, "subsample": 0.8500232089078186}, "datetime": {"datetime": "2020-04-24 22:21:11", "elapsed": 139.840311, "delta": 2.256462}}
{"target": 0.6295729999999999, "params": {"alpha": 0.993547797445815, "colsample_bytree": 0.8956303422903391, "lam": 0.11921476290947985, "max_depth": 8.504600506409382, "min_child_weight": 6.681178649746826, "subsample": 0.8483658207637613}, "datetime": {"datetime": "2020-04-24 22:21:13", "elapsed": 141.916878, "delta": 2.076567}}
{"target": 0.6271276, "params": {"alpha": 0.934842845217163, "colsample_bytree": 0.8873376786565725, "lam": 0.7336768450219527, "max_depth": 4.45850171242467, "min_child_weight": 2.547515766140924, "subsample": 0.8557980348624321}, "datetime": {"datetime": "2020-04-24 22:21:15", "elapsed": 143.753374, "delta": 1.836496}}
{"target": 0.5722536, "params": {"alpha": 0.03120575286231142, "colsample_bytree": 0.5027256076914755, "lam": 0.9837680039244453, "max_depth": 6.909740991074946, "min_child_weight": 1.0529309202296335, "subsample": 0.8571054894268331}, "datetime": {"datetime": "2020-04-24 22:21:17", "elapsed": 145.723266, "delta": 1.969892}}
{"target": 0.600326, "params": {"alpha": 0.8892436555307142, "colsample_bytree": 0.885870956796045, "lam": 0.9096636961106123, "max_depth": 3.197562463207778, "min_child_weight": 4.541451295778751, "subsample": 0.603786536232305}, "datetime": {"datetime": "2020-04-24 22:21:19", "elapsed": 147.387039, "delta": 1.663773}}
{"target": 0.627264, "params": {"alpha": 0.9973291904737499, "colsample_bytree": 0.8658898348235922, "lam": 0.8399517849588306, "max_depth": 5.578612549624348, "min_child_weight": 5.664367183316942, "subsample": 0.5021970399093966}, "datetime": {"datetime": "2020-04-24 22:21:21", "elapsed": 149.268264, "delta": 1.881225}}
{"target": 0.6248582, "params": {"alpha": 0.9999999998120879, "colsample_bytree": 0.9, "lam": 0.9999999999458287, "max_depth": 4.785986034044371, "min_child_weight": 6.051976366962531, "subsample": 0.899999999895415}, "datetime": {"datetime": "2020-04-24 22:21:23", "elapsed": 151.36621, "delta": 2.097946}}
{"target": 0.5901416, "params": {"alpha": 0.3346943688473999, "colsample_bytree": 0.5141739371798768, "lam": 0.9749005956968938, "max_depth": 9.96712268317074, "min_child_weight": 1.3554836088450475, "subsample": 0.8868838219187645}, "datetime": {"datetime": "2020-04-24 22:21:26", "elapsed": 154.216476, "delta": 2.850266}}
{"target": 0.6028732000000001, "params": {"alpha": 0.9595087311014594, "colsample_bytree": 0.885723286271228, "lam": 0.10487648818105155, "max_depth": 3.129716347397587, "min_child_weight": 3.5886072121046166, "subsample": 0.8456031563012542}, "datetime": {"datetime": "2020-04-24 22:21:27", "elapsed": 155.954092, "delta": 1.737616}}
{"target": 0.6082310000000001, "params": {"alpha": 1.0, "colsample_bytree": 0.9, "lam": 1.0, "max_depth": 3.003072042532109, "min_child_weight": 1.0, "subsample": 0.8999999996636503}, "datetime": {"datetime": "2020-04-24 22:21:29", "elapsed": 157.789629, "delta": 1.835537}}
{"target": 0.6219136, "params": {"alpha": 0.05469944128146472, "colsample_bytree": 0.8999999966763801, "lam": 0.2693219572764802, "max_depth": 10.0, "min_child_weight": 4.6653210135596455, "subsample": 0.8938251933870445}, "datetime": {"datetime": "2020-04-24 22:21:32", "elapsed": 160.295385, "delta": 2.505756}}
{"target": 0.6138402000000001, "params": {"alpha": 0.9999999999434674, "colsample_bytree": 0.9, "lam": 1.0, "max_depth": 4.2968197042450855, "min_child_weight": 1.224408829028163, "subsample": 0.5225446774435196}, "datetime": {"datetime": "2020-04-24 22:21:34", "elapsed": 162.350874, "delta": 2.055489}}
{"target": 0.6297222, "params": {"alpha": 0.04339810437553138, "colsample_bytree": 0.8918992522934046, "lam": 0.8371191311386871, "max_depth": 5.060092039785801, "min_child_weight": 7.90471249747347, "subsample": 0.8938247717275455}, "datetime": {"datetime": "2020-04-24 22:21:36", "elapsed": 164.43543, "delta": 2.084556}}
{"target": 0.6298242000000001, "params": {"alpha": 0.6199847053662454, "colsample_bytree": 0.8711790731503265, "lam": 0.9975563381463282, "max_depth": 7.683963240098279, "min_child_weight": 7.559602391047686, "subsample": 0.5619707923466707}, "datetime": {"datetime": "2020-04-24 22:21:38", "elapsed": 166.593449, "delta": 2.158019}}
{"target": 0.6333192000000001, "params": {"alpha": 0.4078038827810997, "colsample_bytree": 0.8889419470518417, "lam": 0.13619630837687957, "max_depth": 6.297693588581481, "min_child_weight": 9.14259609295132, "subsample": 0.8778972297125225}, "datetime": {"datetime": "2020-04-24 22:21:40", "elapsed": 168.467542, "delta": 1.874093}}
{"target": 0.6280978, "params": {"alpha": 0.9463668274843718, "colsample_bytree": 0.8956444752009045, "lam": 0.32386092106667086, "max_depth": 3.6063448755492935, "min_child_weight": 9.13926021627936, "subsample": 0.8873101530299907}, "datetime": {"datetime": "2020-04-24 22:21:42", "elapsed": 170.617533, "delta": 2.149991}}
{"target": 0.6354606, "params": {"alpha": 0.9335326389841083, "colsample_bytree": 0.8957126197696268, "lam": 0.039620280419627174, "max_depth": 6.675439976117316, "min_child_weight": 4.16556507948159, "subsample": 0.8565069260921656}, "datetime": {"datetime": "2020-04-24 22:21:44", "elapsed": 173.017801, "delta": 2.400268}}
{"target": 0.6322867999999999, "params": {"alpha": 0.571579515440471, "colsample_bytree": 0.8863378200797447, "lam": 0.01243761869034421, "max_depth": 3.7943450884187104, "min_child_weight": 7.76993529965659, "subsample": 0.5784579080961079}, "datetime": {"datetime": "2020-04-24 22:21:47", "elapsed": 175.135053, "delta": 2.117252}}
{"target": 0.5986255999999999, "params": {"alpha": 0.13823177316437063, "colsample_bytree": 0.8579970379480639, "lam": 0.8242856453817458, "max_depth": 3.010000155348786, "min_child_weight": 9.267584448029814, "subsample": 0.5101276558652652}, "datetime": {"datetime": "2020-04-24 22:21:49", "elapsed": 177.148033, "delta": 2.01298}}
{"target": 0.6304344000000001, "params": {"alpha": 1.0, "colsample_bytree": 0.8999999998601993, "lam": 1.0, "max_depth": 6.507186835616304, "min_child_weight": 7.610832391961015, "subsample": 0.8999999998850114}, "datetime": {"datetime": "2020-04-24 22:21:51", "elapsed": 179.658918, "delta": 2.510885}}
{"target": 0.6292926, "params": {"alpha": 0.6266164335914565, "colsample_bytree": 0.8896217142843093, "lam": 0.0334893311052511, "max_depth": 5.241090075527582, "min_child_weight": 6.6169185348537995, "subsample": 0.5914241066581278}, "datetime": {"datetime": "2020-04-24 22:21:53", "elapsed": 181.603304, "delta": 1.944386}}
{"target": 0.6055550000000001, "params": {"alpha": 0.5897396984252804, "colsample_bytree": 0.5398216539806288, "lam": 0.22522356508148933, "max_depth": 4.08231979214216, "min_child_weight": 8.367105465598016, "subsample": 0.8808103094438736}, "datetime": {"datetime": "2020-04-24 22:21:55", "elapsed": 183.868529, "delta": 2.265225}}
{"target": 0.6311408000000001, "params": {"alpha": 0.8851287013498625, "colsample_bytree": 0.8789884142581577, "lam": 0.6862025176802293, "max_depth": 4.483885776300788, "min_child_weight": 9.87963440542254, "subsample": 0.5782311745456111}, "datetime": {"datetime": "2020-04-24 22:21:57", "elapsed": 185.890619, "delta": 2.02209}}
{"target": 0.6332127999999999, "params": {"alpha": 0.2849247171296184, "colsample_bytree": 0.8835677503018509, "lam": 0.4629933391434874, "max_depth": 9.295773777545634, "min_child_weight": 7.4880553329883375, "subsample": 0.8990430506476381}, "datetime": {"datetime": "2020-04-24 22:22:00", "elapsed": 188.343316, "delta": 2.452697}}
{"target": 0.5974259999999999, "params": {"alpha": 0.9999999998604157, "colsample_bytree": 0.8999999999623958, "lam": 0.0, "max_depth": 3.0, "min_child_weight": 9.999999999059263, "subsample": 0.5}, "datetime": {"datetime": "2020-04-24 22:22:02", "elapsed": 190.779369, "delta": 2.436053}}
{"target": 0.6361384, "params": {"alpha": 0.006406599125859169, "colsample_bytree": 0.8640837090171506, "lam": 0.9505166791249755, "max_depth": 7.334435816822095, "min_child_weight": 9.411698789162427, "subsample": 0.7917063903735557}, "datetime": {"datetime": "2020-04-24 22:22:04", "elapsed": 193.051793, "delta": 2.272424}}
{"target": 0.5913018000000001, "params": {"alpha": 0.9426527889260521, "colsample_bytree": 0.5339509237113552, "lam": 0.037723378648972905, "max_depth": 5.4386863658642675, "min_child_weight": 1.1006191024550325, "subsample": 0.872140845302356}, "datetime": {"datetime": "2020-04-24 22:22:07", "elapsed": 195.127456, "delta": 2.075663}}
{"target": 0.6382342, "params": {"alpha": 0.29768550755353135, "colsample_bytree": 0.8999999820719424, "lam": 0.9999998663636075, "max_depth": 4.860504840990315, "min_child_weight": 9.999999991299882, "subsample": 0.8999999360677382}, "datetime": {"datetime": "2020-04-24 22:22:09", "elapsed": 197.338163, "delta": 2.210707}}
{"target": 0.62266, "params": {"alpha": 0.06468092842636519, "colsample_bytree": 0.8929477461755211, "lam": 0.12929872707333345, "max_depth": 7.2791595200268295, "min_child_weight": 4.98494297300809, "subsample": 0.8815585846479694}, "datetime": {"datetime": "2020-04-24 22:22:11", "elapsed": 199.947477, "delta": 2.609314}}
{"target": 0.6365225999999999, "params": {"alpha": 0.5751914764933357, "colsample_bytree": 0.8920652752127369, "lam": 0.5945839007853237, "max_depth": 5.895570816520384, "min_child_weight": 6.140216848377913, "subsample": 0.891897332206049}, "datetime": {"datetime": "2020-04-24 22:22:14", "elapsed": 202.309722, "delta": 2.362245}}
{"target": 0.6365334, "params": {"alpha": 1.0, "colsample_bytree": 0.8999997723480735, "lam": 1.0, "max_depth": 10.0, "min_child_weight": 10.0, "subsample": 0.8999997716651007}, "datetime": {"datetime": "2020-04-24 22:22:16", "elapsed": 204.754037, "delta": 2.444315}}
{"target": 0.6340206, "params": {"alpha": 0.9319813274785093, "colsample_bytree": 0.8918478918226515, "lam": 0.9839523549027311, "max_depth": 8.007902163867124, "min_child_weight": 5.563721773909612, "subsample": 0.8549297097968169}, "datetime": {"datetime": "2020-04-24 22:22:19", "elapsed": 207.531232, "delta": 2.777195}}
{"target": 0.6379394, "params": {"alpha": 0.3296678516169067, "colsample_bytree": 0.8920768662279863, "lam": 0.46499658126277865, "max_depth": 7.456096731742643, "min_child_weight": 9.92826653323679, "subsample": 0.8979734315759595}, "datetime": {"datetime": "2020-04-24 22:22:21", "elapsed": 209.652768, "delta": 2.121536}}
{"target": 0.6336584000000001, "params": {"alpha": 0.9934560155879704, "colsample_bytree": 0.8965876987606727, "lam": 0.08609254007289735, "max_depth": 8.338382854379024, "min_child_weight": 9.316296238195, "subsample": 0.8924352631883116}, "datetime": {"datetime": "2020-04-24 22:22:23", "elapsed": 212.10767, "delta": 2.454902}}
{"target": 0.6254932000000001, "params": {"alpha": 0.1740617790668092, "colsample_bytree": 0.8932086795641072, "lam": 0.0011585753232340457, "max_depth": 3.772014464672671, "min_child_weight": 6.283058952744758, "subsample": 0.8947016872289209}, "datetime": {"datetime": "2020-04-24 22:22:26", "elapsed": 214.29105, "delta": 2.18338}}
{"target": 0.6137425999999999, "params": {"alpha": 0.8964198736535625, "colsample_bytree": 0.8519013445286185, "lam": 0.015485721592487511, "max_depth": 5.720367971527198, "min_child_weight": 3.6468016392564713, "subsample": 0.5581461445952137}, "datetime": {"datetime": "2020-04-24 22:22:28", "elapsed": 216.833888, "delta": 2.542838}}
{"target": 0.6443314000000001, "params": {"alpha": 0.04374953895435363, "colsample_bytree": 0.8223067043993455, "lam": 0.10897942507888425, "max_depth": 6.79320708347226, "min_child_weight": 7.884136218795462, "subsample": 0.899239218257287}, "datetime": {"datetime": "2020-04-24 22:22:30", "elapsed": 219.048283, "delta": 2.214395}}
{"target": 0.6295136, "params": {"alpha": 0.1255878801056577, "colsample_bytree": 0.8743900210689524, "lam": 0.9647861826277583, "max_depth": 5.533678370603496, "min_child_weight": 4.204712874294906, "subsample": 0.8710929284983171}, "datetime": {"datetime": "2020-04-24 22:22:33", "elapsed": 221.589122, "delta": 2.540839}}
{"target": 0.6180762, "params": {"alpha": 0.9991837995179419, "colsample_bytree": 0.522595039518358, "lam": 0.940533746818843, "max_depth": 9.958994357207526, "min_child_weight": 9.886217226238342, "subsample": 0.6091972446051793}, "datetime": {"datetime": "2020-04-24 22:22:36", "elapsed": 224.317397, "delta": 2.728275}}
{"target": 0.6321943999999999, "params": {"alpha": 0.9977255598288671, "colsample_bytree": 0.8861061262010714, "lam": 0.20865186367812594, "max_depth": 7.7434698386139535, "min_child_weight": 4.188436062026391, "subsample": 0.8924052334004166}, "datetime": {"datetime": "2020-04-24 22:22:38", "elapsed": 226.961461, "delta": 2.644064}}
{"target": 0.6271912000000001, "params": {"alpha": 0.06804500009213121, "colsample_bytree": 0.8269840449599748, "lam": 0.935115517368122, "max_depth": 8.93264860001019, "min_child_weight": 9.997877881572487, "subsample": 0.7005361689040082}, "datetime": {"datetime": "2020-04-24 22:22:41", "elapsed": 229.440724, "delta": 2.479263}}
{"target": 0.6129346, "params": {"alpha": 0.007769830002266054, "colsample_bytree": 0.6180279290207094, "lam": 0.012543543882969077, "max_depth": 8.624268465824773, "min_child_weight": 3.5001355911405896, "subsample": 0.8963131198234229}, "datetime": {"datetime": "2020-04-24 22:22:44", "elapsed": 232.551877, "delta": 3.111153}}
{"target": 0.638558, "params": {"alpha": 0.03869025011278482, "colsample_bytree": 0.8732313349189105, "lam": 0.2635459332228429, "max_depth": 9.911648106115283, "min_child_weight": 9.55659171620992, "subsample": 0.8682867292984191}, "datetime": {"datetime": "2020-04-24 22:22:47", "elapsed": 235.185241, "delta": 2.633364}}
{"target": 0.6076652, "params": {"alpha": 0.7936698486125147, "colsample_bytree": 0.8752304559590443, "lam": 0.846589085008789, "max_depth": 9.495273135040899, "min_child_weight": 1.016752943034438, "subsample": 0.8736771109308007}, "datetime": {"datetime": "2020-04-24 22:22:49", "elapsed": 238.024016, "delta": 2.838775}}
{"target": 0.634769, "params": {"alpha": 0.019424482140615984, "colsample_bytree": 0.8899775900699043, "lam": 0.27129511414173957, "max_depth": 4.892280120577089, "min_child_weight": 9.579258150467902, "subsample": 0.8083576596387242}, "datetime": {"datetime": "2020-04-24 22:22:52", "elapsed": 240.418073, "delta": 2.394057}}
{"target": 0.6172686, "params": {"alpha": 0.9986418982732262, "colsample_bytree": 0.8682979488790042, "lam": 0.025444338015690127, "max_depth": 9.544041624464992, "min_child_weight": 4.635927886929451, "subsample": 0.8614951001190845}, "datetime": {"datetime": "2020-04-24 22:22:55", "elapsed": 243.251413, "delta": 2.83334}}
{"target": 0.6437164000000001, "params": {"alpha": 0.07607526269864529, "colsample_bytree": 0.8920469344855906, "lam": 0.025250248352195692, "max_depth": 7.094930822625836, "min_child_weight": 8.323375506727377, "subsample": 0.8906111988496552}, "datetime": {"datetime": "2020-04-24 22:22:57", "elapsed": 245.912171, "delta": 2.660758}}
