{"target": 0.6283284, "params": {"alpha": 0.59447055199463, "colsample_bytree": 0.6577771624843302, "lam": 0.017619465037097326, "max_depth": 4.7827688637902845, "min_child_weight": 4.9439262182690005, "subsample": 0.7468957084630802}, "datetime": {"datetime": "2020-04-25 12:19:40", "elapsed": 0.0, "delta": 0.0}}
{"target": 0.6324422, "params": {"alpha": 0.4331445278377697, "colsample_bytree": 0.7025247782635362, "lam": 0.301076454401515, "max_depth": 8.800530503202937, "min_child_weight": 9.834360004002251, "subsample": 0.6850393831630505}, "datetime": {"datetime": "2020-04-25 12:19:41", "elapsed": 1.057595, "delta": 1.057595}}
{"target": 0.6089580000000001, "params": {"alpha": 0.5976916969380189, "colsample_bytree": 0.6215474899975285, "lam": 0.8667849306387031, "max_depth": 4.49238044738906, "min_child_weight": 4.4898908750642565, "subsample": 0.7115224528483227}, "datetime": {"datetime": "2020-04-25 12:19:42", "elapsed": 1.860959, "delta": 0.803364}}
{"target": 0.6249614, "params": {"alpha": 0.4548282704721097, "colsample_bytree": 0.5808121186995867, "lam": 0.07650793722438243, "max_depth": 4.878033122097988, "min_child_weight": 4.827627517596664, "subsample": 0.8383465814812674}, "datetime": {"datetime": "2020-04-25 12:19:42", "elapsed": 2.676388, "delta": 0.815429}}
{"target": 0.62592, "params": {"alpha": 0.5742318209925986, "colsample_bytree": 0.7698072809815006, "lam": 0.23626627817393808, "max_depth": 6.859642015220845, "min_child_weight": 5.565516014704058, "subsample": 0.7637894608346832}, "datetime": {"datetime": "2020-04-25 12:19:43", "elapsed": 3.591999, "delta": 0.915611}}
{"target": 0.6238494, "params": {"alpha": 0.7280486656833786, "colsample_bytree": 0.6519718547038809, "lam": 0.8511482329084658, "max_depth": 9.102330913144193, "min_child_weight": 6.506010395076585, "subsample": 0.616827003587775}, "datetime": {"datetime": "2020-04-25 12:19:44", "elapsed": 4.676269, "delta": 1.08427}}
{"target": 0.6206886, "params": {"alpha": 0.6809676159491213, "colsample_bytree": 0.6213378996423146, "lam": 0.5124426276507081, "max_depth": 9.825288296250202, "min_child_weight": 8.272751146156228, "subsample": 0.7693800047742587}, "datetime": {"datetime": "2020-04-25 12:19:46", "elapsed": 5.939078, "delta": 1.262809}}
{"target": 0.6281592, "params": {"alpha": 0.4073398191894477, "colsample_bytree": 0.6287585411360692, "lam": 0.11195755237151983, "max_depth": 7.5896441863783135, "min_child_weight": 6.031828690710167, "subsample": 0.6272873459325322}, "datetime": {"datetime": "2020-04-25 12:19:47", "elapsed": 6.92913, "delta": 0.990052}}
{"target": 0.6174402, "params": {"alpha": 0.6181128600582324, "colsample_bytree": 0.6555924641233091, "lam": 0.6230106185272446, "max_depth": 4.275683967992057, "min_child_weight": 1.1831406760448469, "subsample": 0.8520102381316029}, "datetime": {"datetime": "2020-04-25 12:19:48", "elapsed": 7.720441, "delta": 0.791311}}
{"target": 0.6134904000000001, "params": {"alpha": 0.9509484615454681, "colsample_bytree": 0.74319963259949, "lam": 0.6312786702085977, "max_depth": 7.314755641025045, "min_child_weight": 5.336820830001187, "subsample": 0.6244129553397131}, "datetime": {"datetime": "2020-04-25 12:19:48", "elapsed": 8.629111, "delta": 0.90867}}
{"target": 0.5920186000000001, "params": {"alpha": 0.001505207985321711, "colsample_bytree": 0.7549422299838477, "lam": 0.0, "max_depth": 3.0000000000000004, "min_child_weight": 9.999999999999996, "subsample": 0.5}, "datetime": {"datetime": "2020-04-25 12:19:50", "elapsed": 9.934181, "delta": 1.30507}}
{"target": 0.5784748000000001, "params": {"alpha": 0.26040472855625185, "colsample_bytree": 0.8421743706544234, "lam": 0.4161274855645968, "max_depth": 9.678832758607003, "min_child_weight": 1.0262914093680586, "subsample": 0.6838553142946936}, "datetime": {"datetime": "2020-04-25 12:19:52", "elapsed": 12.05696, "delta": 2.122779}}
{"target": 0.6090348000000001, "params": {"alpha": 0.004038538585542262, "colsample_bytree": 0.8605510437113346, "lam": 0.043784334292814586, "max_depth": 3.303726103736164, "min_child_weight": 1.0299175771549796, "subsample": 0.7628128326083412}, "datetime": {"datetime": "2020-04-25 12:19:53", "elapsed": 13.251447, "delta": 1.194487}}
{"target": 0.6173104, "params": {"alpha": 0.9108438143518918, "colsample_bytree": 0.5842791016370464, "lam": 0.15138027421457967, "max_depth": 6.256749757393176, "min_child_weight": 8.879890030795242, "subsample": 0.8972510788099096}, "datetime": {"datetime": "2020-04-25 12:19:55", "elapsed": 14.733713, "delta": 1.482266}}
{"target": 0.6202496, "params": {"alpha": 0.022725978785128054, "colsample_bytree": 0.8753728397576095, "lam": 0.9835784568643744, "max_depth": 9.055854946563203, "min_child_weight": 9.147571720441853, "subsample": 0.6668681484262318}, "datetime": {"datetime": "2020-04-25 12:19:56", "elapsed": 16.323396, "delta": 1.589683}}
{"target": 0.6034726, "params": {"alpha": 0.9999999974078811, "colsample_bytree": 0.8999999962521211, "lam": 0.08619984417870272, "max_depth": 3.0, "min_child_weight": 2.542112367598669, "subsample": 0.8803916975773528}, "datetime": {"datetime": "2020-04-25 12:19:57", "elapsed": 17.615972, "delta": 1.292576}}
{"target": 0.6277846, "params": {"alpha": 0.12730855824572906, "colsample_bytree": 0.8602186026599092, "lam": 0.04712280897169352, "max_depth": 9.979382218260657, "min_child_weight": 5.966099505600852, "subsample": 0.5627119322667209}, "datetime": {"datetime": "2020-04-25 12:19:59", "elapsed": 19.387166, "delta": 1.771194}}
{"target": 0.6259790000000001, "params": {"alpha": 0.0775717869592506, "colsample_bytree": 0.8914193945094642, "lam": 0.06387745852701476, "max_depth": 6.675928152099763, "min_child_weight": 8.494591355335682, "subsample": 0.5465492419033683}, "datetime": {"datetime": "2020-04-25 12:20:01", "elapsed": 20.986185, "delta": 1.599019}}
{"target": 0.6073106, "params": {"alpha": 3.43347296182093e-12, "colsample_bytree": 0.9, "lam": 1.0, "max_depth": 6.329607768122501, "min_child_weight": 1.173875058466945, "subsample": 0.5}, "datetime": {"datetime": "2020-04-25 12:20:02", "elapsed": 22.439572, "delta": 1.453387}}
{"target": 0.6397358, "params": {"alpha": 0.9896935305179628, "colsample_bytree": 0.8666691315659425, "lam": 0.6919830081015342, "max_depth": 8.489783729049918, "min_child_weight": 9.8852302570441, "subsample": 0.5939369359836699}, "datetime": {"datetime": "2020-04-25 12:20:04", "elapsed": 24.124008, "delta": 1.684436}}
{"target": 0.6327626000000001, "params": {"alpha": 0.8093129615226702, "colsample_bytree": 0.8486860143894216, "lam": 0.05607819262097602, "max_depth": 9.817100431697401, "min_child_weight": 9.713842943094722, "subsample": 0.601160820732493}, "datetime": {"datetime": "2020-04-25 12:20:06", "elapsed": 25.954716, "delta": 1.830708}}
{"target": 0.6041574, "params": {"alpha": 0.952208039276879, "colsample_bytree": 0.6665837875296529, "lam": 0.019070834151835525, "max_depth": 5.2355908783568434, "min_child_weight": 1.2089744626914225, "subsample": 0.5914597560823454}, "datetime": {"datetime": "2020-04-25 12:20:07", "elapsed": 27.412668, "delta": 1.457952}}
{"target": 0.6276608, "params": {"alpha": 0.8409142257979269, "colsample_bytree": 0.8942473262289897, "lam": 0.03985980701375358, "max_depth": 8.254612221630303, "min_child_weight": 9.741949068281773, "subsample": 0.5613356255932374}, "datetime": {"datetime": "2020-04-25 12:20:09", "elapsed": 28.908762, "delta": 1.496094}}
{"target": 0.6365334, "params": {"alpha": 1.0, "colsample_bytree": 0.9, "lam": 0.9999999997810165, "max_depth": 9.9999999998369, "min_child_weight": 10.0, "subsample": 0.8999999998898577}, "datetime": {"datetime": "2020-04-25 12:20:11", "elapsed": 30.728635, "delta": 1.819873}}
{"target": 0.5947009999999999, "params": {"alpha": 0.734089716313666, "colsample_bytree": 0.534412787841279, "lam": 0.8576864411002122, "max_depth": 8.677130305879395, "min_child_weight": 9.981812966210013, "subsample": 0.5264960668021966}, "datetime": {"datetime": "2020-04-25 12:20:12", "elapsed": 32.311766, "delta": 1.583131}}
{"target": 0.6029742, "params": {"alpha": 0.0, "colsample_bytree": 0.9, "lam": 0.17378399926443736, "max_depth": 3.0, "min_child_weight": 7.07486996431604, "subsample": 0.9}, "datetime": {"datetime": "2020-04-25 12:20:14", "elapsed": 33.685594, "delta": 1.373828}}
{"target": 0.6089886, "params": {"alpha": 1.0, "colsample_bytree": 0.9, "lam": 1.0, "max_depth": 3.0, "min_child_weight": 10.0, "subsample": 0.9}, "datetime": {"datetime": "2020-04-25 12:20:15", "elapsed": 35.063152, "delta": 1.377558}}
{"target": 0.6366978000000001, "params": {"alpha": 0.15716752860384176, "colsample_bytree": 0.7879846786841144, "lam": 0.873459181384602, "max_depth": 5.773610014566646, "min_child_weight": 9.943856580815176, "subsample": 0.8936784726208035}, "datetime": {"datetime": "2020-04-25 12:20:16", "elapsed": 36.567432, "delta": 1.50428}}
{"target": 0.6355004000000001, "params": {"alpha": 1.0, "colsample_bytree": 0.9, "lam": 0.24457988812849052, "max_depth": 9.508622599584852, "min_child_weight": 6.950826516235396, "subsample": 0.9}, "datetime": {"datetime": "2020-04-25 12:20:18", "elapsed": 38.422319, "delta": 1.854887}}
{"target": 0.5790364, "params": {"alpha": 0.825092148438408, "colsample_bytree": 0.5868464193383358, "lam": 0.9096064490791557, "max_depth": 3.189241005817319, "min_child_weight": 1.076515181837027, "subsample": 0.5849993670907818}, "datetime": {"datetime": "2020-04-25 12:20:20", "elapsed": 39.764745, "delta": 1.342426}}
{"target": 0.6184274, "params": {"alpha": 0.0, "colsample_bytree": 0.8999999997650153, "lam": 1.0, "max_depth": 9.18268450758366, "min_child_weight": 3.911053617206667, "subsample": 0.9}, "datetime": {"datetime": "2020-04-25 12:20:21", "elapsed": 41.629095, "delta": 1.86435}}
{"target": 0.6389813999999999, "params": {"alpha": 0.7312089454616257, "colsample_bytree": 0.8909574131064062, "lam": 0.9180059833052775, "max_depth": 7.079279026809958, "min_child_weight": 7.9390779620248395, "subsample": 0.8598730552262634}, "datetime": {"datetime": "2020-04-25 12:20:23", "elapsed": 43.079132, "delta": 1.450037}}
{"target": 0.6210438, "params": {"alpha": 0.10901854595204041, "colsample_bytree": 0.8589437020352737, "lam": 0.3585187195164832, "max_depth": 4.578653393723224, "min_child_weight": 3.042171664913834, "subsample": 0.500745479024922}, "datetime": {"datetime": "2020-04-25 12:20:24", "elapsed": 44.608648, "delta": 1.529516}}
{"target": 0.6293138, "params": {"alpha": 1.0, "colsample_bytree": 0.9, "lam": 0.0, "max_depth": 4.40463927350169, "min_child_weight": 9.97018988346686, "subsample": 0.9}, "datetime": {"datetime": "2020-04-25 12:20:26", "elapsed": 46.147384, "delta": 1.538736}}
{"target": 0.6325936000000001, "params": {"alpha": 0.0870535530751555, "colsample_bytree": 0.8821786381315884, "lam": 0.2460339199455266, "max_depth": 9.056316546412402, "min_child_weight": 7.41757794812966, "subsample": 0.8780741932351073}, "datetime": {"datetime": "2020-04-25 12:20:28", "elapsed": 48.027029, "delta": 1.879645}}
{"target": 0.5813752, "params": {"alpha": 0.9921717439097382, "colsample_bytree": 0.5338319430534546, "lam": 0.9743982110803396, "max_depth": 9.913486396948919, "min_child_weight": 2.090915682234993, "subsample": 0.7839574346448464}, "datetime": {"datetime": "2020-04-25 12:20:30", "elapsed": 50.330092, "delta": 2.303063}}
{"target": 0.6002508, "params": {"alpha": 0.03210641734607056, "colsample_bytree": 0.5271034876701721, "lam": 0.061393611078187416, "max_depth": 8.247725178219147, "min_child_weight": 2.2271704360201348, "subsample": 0.8283818758019912}, "datetime": {"datetime": "2020-04-25 12:20:32", "elapsed": 52.155255, "delta": 1.825163}}
{"target": 0.6380556000000001, "params": {"alpha": 0.9983756654364715, "colsample_bytree": 0.8414608814636606, "lam": 0.9520229349282826, "max_depth": 7.698909404566737, "min_child_weight": 9.971451594136987, "subsample": 0.8655547415836072}, "datetime": {"datetime": "2020-04-25 12:20:34", "elapsed": 53.857267, "delta": 1.702012}}
{"target": 0.6272426, "params": {"alpha": 0.8725383638575743, "colsample_bytree": 0.888187249481203, "lam": 0.6833359169999095, "max_depth": 4.467760101019818, "min_child_weight": 8.383639707177004, "subsample": 0.5056469151592897}, "datetime": {"datetime": "2020-04-25 12:20:35", "elapsed": 55.332066, "delta": 1.474799}}
{"target": 0.627099, "params": {"alpha": 0.046236930686873734, "colsample_bytree": 0.8236328920986691, "lam": 0.09934377488343127, "max_depth": 4.381090027066394, "min_child_weight": 8.559985982690709, "subsample": 0.8935082605861615}, "datetime": {"datetime": "2020-04-25 12:20:37", "elapsed": 56.78533, "delta": 1.453264}}
{"target": 0.597415, "params": {"alpha": 0.07737653156657287, "colsample_bytree": 0.5638497476200076, "lam": 0.205828283628105, "max_depth": 9.77803706849296, "min_child_weight": 4.400147433760631, "subsample": 0.7990791088963414}, "datetime": {"datetime": "2020-04-25 12:20:39", "elapsed": 58.99066, "delta": 2.20533}}
{"target": 0.6295976000000001, "params": {"alpha": 0.978122056437454, "colsample_bytree": 0.8784489872981893, "lam": 0.3084914023108304, "max_depth": 9.018364282667768, "min_child_weight": 8.934833793688394, "subsample": 0.881352716904523}, "datetime": {"datetime": "2020-04-25 12:20:41", "elapsed": 60.834029, "delta": 1.843369}}
{"target": 0.631248, "params": {"alpha": 0.6053711195917331, "colsample_bytree": 0.8988215999521412, "lam": 0.5869238090521947, "max_depth": 4.933404887733392, "min_child_weight": 6.881738963783672, "subsample": 0.8931558607686201}, "datetime": {"datetime": "2020-04-25 12:20:42", "elapsed": 62.337545, "delta": 1.503516}}
{"target": 0.6425438, "params": {"alpha": 0.10430329339714395, "colsample_bytree": 0.8890793160136659, "lam": 0.034862214493698196, "max_depth": 9.404804031197283, "min_child_weight": 9.897231817815628, "subsample": 0.7919965907234183}, "datetime": {"datetime": "2020-04-25 12:20:44", "elapsed": 64.177484, "delta": 1.839939}}
{"target": 0.5672748, "params": {"alpha": 0.9732954288736836, "colsample_bytree": 0.5298651679427948, "lam": 0.06750341795495884, "max_depth": 3.283357416650003, "min_child_weight": 6.177633401491415, "subsample": 0.6099696519169027}, "datetime": {"datetime": "2020-04-25 12:20:46", "elapsed": 65.757283, "delta": 1.579799}}
{"target": 0.6194126000000001, "params": {"alpha": 0.9524944636586784, "colsample_bytree": 0.8925206141817745, "lam": 0.896973231892695, "max_depth": 6.524039467934868, "min_child_weight": 2.0339348416278513, "subsample": 0.8673180663304956}, "datetime": {"datetime": "2020-04-25 12:20:47", "elapsed": 67.445235, "delta": 1.687952}}
{"target": 0.603356, "params": {"alpha": 0.0, "colsample_bytree": 0.9, "lam": 1.0, "max_depth": 8.315451263782231, "min_child_weight": 1.000000000806304, "subsample": 0.9}, "datetime": {"datetime": "2020-04-25 12:20:49", "elapsed": 69.307582, "delta": 1.862347}}
{"target": 0.6380667999999999, "params": {"alpha": 1.0, "colsample_bytree": 0.9, "lam": 1.0, "max_depth": 5.667186373796438, "min_child_weight": 9.926753929532273, "subsample": 0.9}, "datetime": {"datetime": "2020-04-25 12:20:51", "elapsed": 70.871273, "delta": 1.563691}}
{"target": 0.6419219999999999, "params": {"alpha": 0.003965222758502862, "colsample_bytree": 0.8749233079445606, "lam": 0.9960279113568279, "max_depth": 9.947571005774257, "min_child_weight": 5.99307481029826, "subsample": 0.8559410989808027}, "datetime": {"datetime": "2020-04-25 12:20:53", "elapsed": 72.875147, "delta": 2.003874}}
{"target": 0.625246, "params": {"alpha": 0.0426291372723131, "colsample_bytree": 0.8803947668001566, "lam": 0.8362529772740637, "max_depth": 6.214699140494838, "min_child_weight": 7.014468724023225, "subsample": 0.6589090219128046}, "datetime": {"datetime": "2020-04-25 12:20:54", "elapsed": 74.448259, "delta": 1.573112}}
{"target": 0.6309267999999999, "params": {"alpha": 0.7609713704329948, "colsample_bytree": 0.8924445596481803, "lam": 0.8616337353764478, "max_depth": 9.973714407259644, "min_child_weight": 6.357970921589772, "subsample": 0.752879821495875}, "datetime": {"datetime": "2020-04-25 12:20:56", "elapsed": 76.553842, "delta": 2.105583}}
{"target": 0.636246, "params": {"alpha": 0.937731553223518, "colsample_bytree": 0.8735913157613369, "lam": 0.040668785638849125, "max_depth": 4.5910500646742, "min_child_weight": 3.0205816856855012, "subsample": 0.8928365820162038}, "datetime": {"datetime": "2020-04-25 12:20:58", "elapsed": 78.134258, "delta": 1.580416}}
{"target": 0.6311701999999999, "params": {"alpha": 0.07078529692748203, "colsample_bytree": 0.8967435744969262, "lam": 0.21145911341417978, "max_depth": 6.072251217819407, "min_child_weight": 9.8059106581666, "subsample": 0.8851620203503672}, "datetime": {"datetime": "2020-04-25 12:21:00", "elapsed": 79.710254, "delta": 1.575996}}
{"target": 0.6249708, "params": {"alpha": 0.08384726816155952, "colsample_bytree": 0.8971776665505988, "lam": 0.8761274773068005, "max_depth": 3.770681379349579, "min_child_weight": 9.532890951836281, "subsample": 0.8386525303582372}, "datetime": {"datetime": "2020-04-25 12:21:01", "elapsed": 81.189425, "delta": 1.479171}}
{"target": 0.6243498, "params": {"alpha": 0.9815199232003468, "colsample_bytree": 0.8467226141337164, "lam": 0.024138389062467347, "max_depth": 6.484545927497491, "min_child_weight": 7.06435984850702, "subsample": 0.5162193334543896}, "datetime": {"datetime": "2020-04-25 12:21:03", "elapsed": 83.07071, "delta": 1.881285}}
{"target": 0.601688, "params": {"alpha": 0.01577157610403357, "colsample_bytree": 0.8647704097928823, "lam": 0.9770554572327508, "max_depth": 3.051528190108789, "min_child_weight": 3.5562156591209106, "subsample": 0.8827147419759629}, "datetime": {"datetime": "2020-04-25 12:21:05", "elapsed": 84.735285, "delta": 1.664575}}
{"target": 0.6357136000000001, "params": {"alpha": 0.0379808997107024, "colsample_bytree": 0.8716387218754087, "lam": 0.6976690228183628, "max_depth": 8.008157499138914, "min_child_weight": 9.999197125472667, "subsample": 0.8685320266173029}, "datetime": {"datetime": "2020-04-25 12:21:06", "elapsed": 86.523318, "delta": 1.788033}}
{"target": 0.6384364, "params": {"alpha": 0.4822820362582455, "colsample_bytree": 0.8700772607869673, "lam": 0.46887489673270144, "max_depth": 9.131623530689549, "min_child_weight": 9.989976463087672, "subsample": 0.8775920502901446}, "datetime": {"datetime": "2020-04-25 12:21:08", "elapsed": 88.364604, "delta": 1.841286}}
{"target": 0.6431464000000001, "params": {"alpha": 0.037743109718876844, "colsample_bytree": 0.8798657874040912, "lam": 0.1987681783544537, "max_depth": 5.402735642226865, "min_child_weight": 3.9004485857471307, "subsample": 0.8756218312406883}, "datetime": {"datetime": "2020-04-25 12:21:10", "elapsed": 90.012991, "delta": 1.648387}}
{"target": 0.6133718, "params": {"alpha": 0.0037990513730030706, "colsample_bytree": 0.5251918301244801, "lam": 0.3344577449065631, "max_depth": 9.881226140859035, "min_child_weight": 6.79764803613704, "subsample": 0.8759154208174473}, "datetime": {"datetime": "2020-04-25 12:21:12", "elapsed": 92.196203, "delta": 2.183212}}
{"target": 0.6068384, "params": {"alpha": 0.5358251265136889, "colsample_bytree": 0.8788236143074588, "lam": 0.04696934840289135, "max_depth": 6.661655735382007, "min_child_weight": 1.0773094719345255, "subsample": 0.880368099562021}, "datetime": {"datetime": "2020-04-25 12:21:14", "elapsed": 94.0771, "delta": 1.880897}}
{"target": 0.6241616, "params": {"alpha": 0.12120251672727411, "colsample_bytree": 0.8798401005062297, "lam": 0.21040112455492255, "max_depth": 8.622960845790637, "min_child_weight": 5.745970274653782, "subsample": 0.523196446668912}, "datetime": {"datetime": "2020-04-25 12:21:16", "elapsed": 96.012899, "delta": 1.935799}}
{"target": 0.6135798, "params": {"alpha": 0.09715530234663683, "colsample_bytree": 0.8748314264364137, "lam": 0.2168532602338341, "max_depth": 5.589215468584806, "min_child_weight": 2.483859117687129, "subsample": 0.8952785298496324}, "datetime": {"datetime": "2020-04-25 12:21:18", "elapsed": 98.060593, "delta": 2.047694}}
{"target": 0.6355404, "params": {"alpha": 0.9812796025195739, "colsample_bytree": 0.899999999992706, "lam": 0.9999999999924121, "max_depth": 5.024514423410665, "min_child_weight": 8.619604681442697, "subsample": 0.8999999999545282}, "datetime": {"datetime": "2020-04-25 12:21:20", "elapsed": 99.757369, "delta": 1.696776}}
{"target": 0.6271994, "params": {"alpha": 0.9508487165426592, "colsample_bytree": 0.8671193632640748, "lam": 0.762059773482662, "max_depth": 4.931626639507149, "min_child_weight": 1.0685119876580065, "subsample": 0.882185586796576}, "datetime": {"datetime": "2020-04-25 12:21:21", "elapsed": 101.254526, "delta": 1.497157}}
{"target": 0.620849, "params": {"alpha": 0.14896968548201417, "colsample_bytree": 0.8938372419950662, "lam": 0.12192452843310253, "max_depth": 4.063049035888904, "min_child_weight": 4.587247557961543, "subsample": 0.8607878778336391}, "datetime": {"datetime": "2020-04-25 12:21:23", "elapsed": 102.93086, "delta": 1.676334}}
{"target": 0.6331694, "params": {"alpha": 0.9858385194309699, "colsample_bytree": 0.7566031514163842, "lam": 0.09861634684301546, "max_depth": 5.695604760801514, "min_child_weight": 4.181115247223278, "subsample": 0.8754041058495543}, "datetime": {"datetime": "2020-04-25 12:21:25", "elapsed": 104.772429, "delta": 1.841569}}
{"target": 0.6079868, "params": {"alpha": 0.010289764404771806, "colsample_bytree": 0.8981554455278661, "lam": 0.07017275848128346, "max_depth": 6.046913284820036, "min_child_weight": 4.587648341778592, "subsample": 0.5104357801960084}, "datetime": {"datetime": "2020-04-25 12:21:26", "elapsed": 106.499568, "delta": 1.727139}}
