{"target": 0.6297226, "params": {"alpha": 0.42973121271185766, "colsample_bytree": 0.8659479801583214, "lam": 0.45472798123726454, "max_depth": 4.887290291739021, "min_child_weight": 3.3939292053045054, "subsample": 0.8782734367702182}, "datetime": {"datetime": "2020-04-25 11:07:49", "elapsed": 4868.682682, "delta": 23.083442}}
{"target": 0.6089796, "params": {"alpha": 0.9510238667583594, "colsample_bytree": 0.8590211839614256, "lam": 0.9875079280317933, "max_depth": 8.312711419872443, "min_child_weight": 1.4031725578837202, "subsample": 0.5183661382215151}, "datetime": {"datetime": "2020-04-25 11:08:08", "elapsed": 4887.88128, "delta": 19.198598}}
{"target": 0.6373422, "params": {"alpha": 0.5764534246125548, "colsample_bytree": 0.8894663002563932, "lam": 0.991357713998609, "max_depth": 7.963432827102117, "min_child_weight": 6.222342475529603, "subsample": 0.8068277067726213}, "datetime": {"datetime": "2020-04-25 11:08:27", "elapsed": 4907.107986, "delta": 19.226706}}
{"target": 0.6440998, "params": {"alpha": 0.012750430381495875, "colsample_bytree": 0.8999999999532213, "lam": 0.01274873059324536, "max_depth": 8.810782907326912, "min_child_weight": 8.15343529229186, "subsample": 0.8999999999705245}, "datetime": {"datetime": "2020-04-25 11:08:49", "elapsed": 4929.151706, "delta": 22.04372}}
{"target": 0.6474268000000001, "params": {"alpha": 0.004407854655756438, "colsample_bytree": 0.8797178890345021, "lam": 0.9799426880891695, "max_depth": 8.878337549316292, "min_child_weight": 9.573616306389814, "subsample": 0.8680031676403068}, "datetime": {"datetime": "2020-04-25 11:09:09", "elapsed": 4948.504823, "delta": 19.353117}}
{"target": 0.6188012, "params": {"alpha": 0.02172842738618397, "colsample_bytree": 0.8465955903373117, "lam": 0.9861328196390183, "max_depth": 9.11702589292695, "min_child_weight": 4.770870905134529, "subsample": 0.5961970449254962}, "datetime": {"datetime": "2020-04-25 11:09:27", "elapsed": 4966.365494, "delta": 17.860671}}
{"target": 0.5823988, "params": {"alpha": 0.9345096479128243, "colsample_bytree": 0.6301183071841919, "lam": 0.9830404140815093, "max_depth": 3.3881648263217756, "min_child_weight": 3.220932978098679, "subsample": 0.5032427431035464}, "datetime": {"datetime": "2020-04-25 11:09:42", "elapsed": 4981.445296, "delta": 15.079802}}
{"target": 0.6241834, "params": {"alpha": 0.9918854712174746, "colsample_bytree": 0.8906396679380834, "lam": 0.9711706316246833, "max_depth": 5.306209392050189, "min_child_weight": 1.4832763768435528, "subsample": 0.8093822802854325}, "datetime": {"datetime": "2020-04-25 11:10:08", "elapsed": 5007.548703, "delta": 26.103407}}
{"target": 0.625222, "params": {"alpha": 0.4693931257562428, "colsample_bytree": 0.8270338187836213, "lam": 0.637723097393557, "max_depth": 5.185528092417991, "min_child_weight": 1.5525098205501495, "subsample": 0.7432164192046824}, "datetime": {"datetime": "2020-04-25 11:10:28", "elapsed": 5027.919792, "delta": 20.371089}}
{"target": 0.629902, "params": {"alpha": 0.5464889321915694, "colsample_bytree": 0.8920849760761619, "lam": 0.9766209749827583, "max_depth": 5.231021081149631, "min_child_weight": 1.5048845815172647, "subsample": 0.8874520378286412}, "datetime": {"datetime": "2020-04-25 11:10:50", "elapsed": 5050.174691, "delta": 22.254899}}
{"target": 0.6025184, "params": {"alpha": 0.0793834964947141, "colsample_bytree": 0.8899911087947698, "lam": 0.6295164929193142, "max_depth": 4.707368317961022, "min_child_weight": 2.4841126895207526, "subsample": 0.5599461314689638}, "datetime": {"datetime": "2020-04-25 11:11:12", "elapsed": 5071.607101, "delta": 21.43241}}
{"target": 0.5748823999999999, "params": {"alpha": 0.045410888747625555, "colsample_bytree": 0.5251862671246441, "lam": 0.9467590658574632, "max_depth": 3.390549574579535, "min_child_weight": 1.9650673475853935, "subsample": 0.7846218455354786}, "datetime": {"datetime": "2020-04-25 11:11:34", "elapsed": 5093.966223, "delta": 22.359122}}
{"target": 0.6370866, "params": {"alpha": 0.07226163608169611, "colsample_bytree": 0.883294694435774, "lam": 0.12570239121024385, "max_depth": 7.67395280565925, "min_child_weight": 7.04025937742741, "subsample": 0.8943499121158859}, "datetime": {"datetime": "2020-04-25 11:11:57", "elapsed": 5116.674135, "delta": 22.707912}}
{"target": 0.6168784, "params": {"alpha": 0.46590025722805783, "colsample_bytree": 0.8719633130701374, "lam": 0.9949956900084358, "max_depth": 5.751299595545529, "min_child_weight": 1.0761238368917474, "subsample": 0.8395626030760313}, "datetime": {"datetime": "2020-04-25 11:12:17", "elapsed": 5136.527605, "delta": 19.85347}}
{"target": 0.5568259999999999, "params": {"alpha": 0.9999999999991851, "colsample_bytree": 0.5000000127312646, "lam": 0.41698283799908753, "max_depth": 7.495144536423396, "min_child_weight": 1.0477683741250938, "subsample": 0.7933440409776265}, "datetime": {"datetime": "2020-04-25 11:12:36", "elapsed": 5155.995829, "delta": 19.468224}}
{"target": 0.597805, "params": {"alpha": 0.0, "colsample_bytree": 0.5000000168246056, "lam": 0.0, "max_depth": 5.290083155247099, "min_child_weight": 3.3398594457084236, "subsample": 0.8999999949107463}, "datetime": {"datetime": "2020-04-25 11:12:59", "elapsed": 5178.666463, "delta": 22.670634}}
{"target": 0.6128538000000001, "params": {"alpha": 0.12431782009778813, "colsample_bytree": 0.8871361598525092, "lam": 0.9368878698328899, "max_depth": 6.985318587275515, "min_child_weight": 1.9675348160022645, "subsample": 0.5005166961158476}, "datetime": {"datetime": "2020-04-25 11:13:25", "elapsed": 5205.18236, "delta": 26.515897}}
{"target": 0.6299948000000001, "params": {"alpha": 0.013559370169069607, "colsample_bytree": 0.8780961214721925, "lam": 0.05375953955903401, "max_depth": 9.95244567526369, "min_child_weight": 7.808135619060663, "subsample": 0.8321631800414122}, "datetime": {"datetime": "2020-04-25 11:13:46", "elapsed": 5225.865915, "delta": 20.683555}}
{"target": 0.62097, "params": {"alpha": 0.062353241488772304, "colsample_bytree": 0.8862950938105596, "lam": 0.10045931267855623, "max_depth": 9.319319333055688, "min_child_weight": 3.2842085801101155, "subsample": 0.8958951436721156}, "datetime": {"datetime": "2020-04-25 11:14:12", "elapsed": 5252.159925, "delta": 26.29401}}
{"target": 0.5701436, "params": {"alpha": 0.9773514345808235, "colsample_bytree": 0.8935484827056573, "lam": 0.13279680739648414, "max_depth": 9.532901952378996, "min_child_weight": 1.0784094903380983, "subsample": 0.8195560913310305}, "datetime": {"datetime": "2020-04-25 11:14:37", "elapsed": 5276.498132, "delta": 24.338207}}
{"target": 0.6316858, "params": {"alpha": 0.05859959251067537, "colsample_bytree": 0.891414039926337, "lam": 0.9774644408852663, "max_depth": 5.144200495148802, "min_child_weight": 4.121378727707581, "subsample": 0.776371748914789}, "datetime": {"datetime": "2020-04-25 11:14:55", "elapsed": 5295.174515, "delta": 18.676383}}
{"target": 0.5804338, "params": {"alpha": 0.9628537184861441, "colsample_bytree": 0.5137408403445411, "lam": 0.9866948397180647, "max_depth": 3.368251345032518, "min_child_weight": 7.573023023736162, "subsample": 0.8750514860174008}, "datetime": {"datetime": "2020-04-25 11:15:20", "elapsed": 5319.562719, "delta": 24.388204}}
{"target": 0.5972302, "params": {"alpha": 0.016318855158018453, "colsample_bytree": 0.88457944357217, "lam": 0.9002982441906998, "max_depth": 3.1747438151646206, "min_child_weight": 4.934540163645833, "subsample": 0.5083090965873368}, "datetime": {"datetime": "2020-04-25 11:15:42", "elapsed": 5341.490321, "delta": 21.927602}}
{"target": 0.6374722, "params": {"alpha": 0.09307927729457532, "colsample_bytree": 0.8302189527863211, "lam": 0.15796117213970873, "max_depth": 7.192541680197587, "min_child_weight": 8.880791984722936, "subsample": 0.8766271877968672}, "datetime": {"datetime": "2020-04-25 11:16:03", "elapsed": 5362.472615, "delta": 20.982294}}
{"target": 0.6346838, "params": {"alpha": 0.629137833819284, "colsample_bytree": 0.7090652736057191, "lam": 0.7659699881476284, "max_depth": 6.404545633009952, "min_child_weight": 7.937579453480582, "subsample": 0.8930850308852911}, "datetime": {"datetime": "2020-04-25 11:16:26", "elapsed": 5385.329002, "delta": 22.856387}}
{"target": 0.5932408, "params": {"alpha": 0.14322322598710913, "colsample_bytree": 0.5555046816042142, "lam": 0.006405590368288028, "max_depth": 4.030690580701043, "min_child_weight": 1.1230731924510713, "subsample": 0.8488921158251173}, "datetime": {"datetime": "2020-04-25 11:16:48", "elapsed": 5407.315211, "delta": 21.986209}}
{"target": 0.6290296000000001, "params": {"alpha": 0.9236788094657001, "colsample_bytree": 0.8933339490474295, "lam": 0.5169464370283727, "max_depth": 4.997255951007923, "min_child_weight": 1.8828112366104401, "subsample": 0.7422852092439808}, "datetime": {"datetime": "2020-04-25 11:17:14", "elapsed": 5433.83773, "delta": 26.522519}}
{"target": 0.6202568000000002, "params": {"alpha": 0.9580048672289341, "colsample_bytree": 0.8956748561041645, "lam": 0.10709102630145217, "max_depth": 9.8972649681089, "min_child_weight": 9.964085666296839, "subsample": 0.5006446373136935}, "datetime": {"datetime": "2020-04-25 11:17:38", "elapsed": 5458.054259, "delta": 24.216529}}
{"target": 0.6301012000000001, "params": {"alpha": 0.9868829923809835, "colsample_bytree": 0.8751691737366625, "lam": 0.988916021123639, "max_depth": 3.532685721235233, "min_child_weight": 9.199286481313829, "subsample": 0.8666726576691692}, "datetime": {"datetime": "2020-04-25 11:18:11", "elapsed": 5491.179882, "delta": 33.125623}}
{"target": 0.5474821999999999, "params": {"alpha": 0.0, "colsample_bytree": 0.5, "lam": 0.9999999999999861, "max_depth": 9.999999999999998, "min_child_weight": 1.0, "subsample": 0.9}, "datetime": {"datetime": "2020-04-25 11:18:42", "elapsed": 5521.305088, "delta": 30.125206}}
{"target": 0.5840964, "params": {"alpha": 3.9775614550985206e-08, "colsample_bytree": 0.9, "lam": 0.0, "max_depth": 8.769357422171327, "min_child_weight": 1.8329356762287943, "subsample": 0.5}, "datetime": {"datetime": "2020-04-25 11:19:00", "elapsed": 5540.066189, "delta": 18.761101}}
{"target": 0.5450844, "params": {"alpha": 0.4557428937158211, "colsample_bytree": 0.508773227720456, "lam": 0.06094057015862686, "max_depth": 9.003786250709332, "min_child_weight": 3.1504869875296264, "subsample": 0.5074263053034448}, "datetime": {"datetime": "2020-04-25 11:19:29", "elapsed": 5568.682778, "delta": 28.616589}}
{"target": 0.6409558000000001, "params": {"alpha": 0.9776894550890707, "colsample_bytree": 0.8588040019370357, "lam": 0.5113057123287001, "max_depth": 5.710955460325963, "min_child_weight": 9.999292501804597, "subsample": 0.8673256108555232}, "datetime": {"datetime": "2020-04-25 11:19:52", "elapsed": 5591.612275, "delta": 22.929497}}
{"target": 0.6270334, "params": {"alpha": 0.5523649006406448, "colsample_bytree": 0.8945051144958553, "lam": 0.024343957916242887, "max_depth": 4.811011277150361, "min_child_weight": 5.388436033573856, "subsample": 0.6539332430071577}, "datetime": {"datetime": "2020-04-25 11:20:16", "elapsed": 5615.650496, "delta": 24.038221}}
{"target": 0.6271936, "params": {"alpha": 0.8584196578962557, "colsample_bytree": 0.8903548361350404, "lam": 0.9911358991820506, "max_depth": 3.7013722107396125, "min_child_weight": 5.975046907547011, "subsample": 0.8303428727246428}, "datetime": {"datetime": "2020-04-25 11:20:46", "elapsed": 5646.198527, "delta": 30.548031}}
{"target": 0.6244289999999999, "params": {"alpha": 0.976620353531148, "colsample_bytree": 0.893688313261209, "lam": 0.973030064226265, "max_depth": 6.719100356882185, "min_child_weight": 8.647329938001654, "subsample": 0.620878718224056}, "datetime": {"datetime": "2020-04-25 11:21:07", "elapsed": 5666.436776, "delta": 20.238249}}
{"target": 0.6070048, "params": {"alpha": 0.9870900735826852, "colsample_bytree": 0.8959651439653954, "lam": 0.16685481640051092, "max_depth": 8.483745626122314, "min_child_weight": 1.6166248655448838, "subsample": 0.8962150096648063}, "datetime": {"datetime": "2020-04-25 11:21:33", "elapsed": 5692.799507, "delta": 26.362731}}
{"target": 0.6353245999999999, "params": {"alpha": 0.02064075303655688, "colsample_bytree": 0.7032771641935547, "lam": 0.08043474058365807, "max_depth": 4.901283300333999, "min_child_weight": 9.108846820840087, "subsample": 0.5999462066600925}, "datetime": {"datetime": "2020-04-25 11:21:59", "elapsed": 5718.994633, "delta": 26.195126}}
{"target": 0.6264912, "params": {"alpha": 0.032259524322022726, "colsample_bytree": 0.8133890681330779, "lam": 0.900148113056351, "max_depth": 6.304200201711608, "min_child_weight": 9.963583183280104, "subsample": 0.6168250660133237}, "datetime": {"datetime": "2020-04-25 11:22:24", "elapsed": 5743.52758, "delta": 24.532947}}
{"target": 0.6298238, "params": {"alpha": 0.5616111577808524, "colsample_bytree": 0.8043957354072315, "lam": 0.9649945173762019, "max_depth": 6.578192322146676, "min_child_weight": 9.209249959024525, "subsample": 0.8826485593758402}, "datetime": {"datetime": "2020-04-25 11:22:55", "elapsed": 5774.340536, "delta": 30.812956}}
{"target": 0.6308166000000001, "params": {"alpha": 0.004062446020006605, "colsample_bytree": 0.8970718969825364, "lam": 0.6741827425169747, "max_depth": 4.5916935778266685, "min_child_weight": 8.78303999298551, "subsample": 0.6153673331177456}, "datetime": {"datetime": "2020-04-25 11:23:21", "elapsed": 5800.340567, "delta": 26.000031}}
{"target": 0.6222814, "params": {"alpha": 0.09158744898509485, "colsample_bytree": 0.8330976546954434, "lam": 0.9389962741764832, "max_depth": 3.6481366354871447, "min_child_weight": 1.005593566418698, "subsample": 0.765055483048385}, "datetime": {"datetime": "2020-04-25 11:23:48", "elapsed": 5827.782541, "delta": 27.441974}}
{"target": 0.6057538, "params": {"alpha": 0.01591840148969703, "colsample_bytree": 0.5625403612812138, "lam": 0.46887643956843117, "max_depth": 4.395828008897559, "min_child_weight": 7.009540953663566, "subsample": 0.6121554545003055}, "datetime": {"datetime": "2020-04-25 11:24:11", "elapsed": 5850.751006, "delta": 22.968465}}
{"target": 0.598537, "params": {"alpha": 0.0016622247121335088, "colsample_bytree": 0.871746873631023, "lam": 0.7580074963074162, "max_depth": 3.3620608716028366, "min_child_weight": 7.187857007824576, "subsample": 0.8193695419898062}, "datetime": {"datetime": "2020-04-25 11:24:29", "elapsed": 5868.748447, "delta": 17.997441}}
{"target": 0.5927616, "params": {"alpha": 0.7689120300632759, "colsample_bytree": 0.8925938966474067, "lam": 0.4137601251127012, "max_depth": 3.3861661613372105, "min_child_weight": 5.706733756665424, "subsample": 0.5276427117360021}, "datetime": {"datetime": "2020-04-25 11:24:53", "elapsed": 5892.597416, "delta": 23.848969}}
{"target": 0.6331671999999999, "params": {"alpha": 0.0033569466085746624, "colsample_bytree": 0.8977803791577044, "lam": 0.9030534641129192, "max_depth": 8.946447810729879, "min_child_weight": 9.207933130327511, "subsample": 0.851726162528202}, "datetime": {"datetime": "2020-04-25 11:25:19", "elapsed": 5918.739743, "delta": 26.142327}}
{"target": 0.6298102, "params": {"alpha": 0.006303344277332368, "colsample_bytree": 0.8466955886475424, "lam": 0.9983709140942609, "max_depth": 7.890065097845342, "min_child_weight": 9.261048735036438, "subsample": 0.528144880499694}, "datetime": {"datetime": "2020-04-25 11:25:42", "elapsed": 5941.933005, "delta": 23.193262}}
{"target": 0.6029180000000001, "params": {"alpha": 0.396958946312003, "colsample_bytree": 0.8902108002756046, "lam": 0.6679596798539186, "max_depth": 3.3027179000561704, "min_child_weight": 9.047704709316418, "subsample": 0.569507638086011}, "datetime": {"datetime": "2020-04-25 11:26:02", "elapsed": 5961.945932, "delta": 20.012927}}
{"target": 0.6434376, "params": {"alpha": 0.9873923430802909, "colsample_bytree": 0.8995275926015907, "lam": 0.4073157786959646, "max_depth": 9.144166418942968, "min_child_weight": 8.935964549493995, "subsample": 0.8002730076983622}, "datetime": {"datetime": "2020-04-25 11:26:30", "elapsed": 5990.119472, "delta": 28.17354}}
{"target": 0.639623, "params": {"alpha": 0.002214783582196511, "colsample_bytree": 0.8890788959198637, "lam": 0.0655043548623282, "max_depth": 5.935950436392233, "min_child_weight": 2.4164584814980397, "subsample": 0.8748747359334222}, "datetime": {"datetime": "2020-04-25 11:26:56", "elapsed": 6015.674414, "delta": 25.554942}}
{"target": 0.6016596, "params": {"alpha": 0.6736107738957074, "colsample_bytree": 0.5376198957000267, "lam": 0.33666146362950666, "max_depth": 4.47890324134985, "min_child_weight": 4.937357899057493, "subsample": 0.8917806823260033}, "datetime": {"datetime": "2020-04-25 11:27:23", "elapsed": 6042.616727, "delta": 26.942313}}
{"target": 0.6134556, "params": {"alpha": 0.022638824023105242, "colsample_bytree": 0.8979434119827494, "lam": 0.614489994707775, "max_depth": 9.980813801433172, "min_child_weight": 2.942132578925374, "subsample": 0.675694008324667}, "datetime": {"datetime": "2020-04-25 11:27:45", "elapsed": 6064.254504, "delta": 21.637777}}
{"target": 0.6208102, "params": {"alpha": 0.0057572075444949355, "colsample_bytree": 0.8847623940326523, "lam": 0.012862648203875282, "max_depth": 6.094342551983292, "min_child_weight": 2.8145901480847657, "subsample": 0.875186908803591}, "datetime": {"datetime": "2020-04-25 11:28:13", "elapsed": 6093.062738, "delta": 28.808234}}
{"target": 0.6244818000000001, "params": {"alpha": 0.9078028830386725, "colsample_bytree": 0.8790303641506161, "lam": 0.7114325308767333, "max_depth": 9.980444082853126, "min_child_weight": 7.405228642555152, "subsample": 0.5429010766644032}, "datetime": {"datetime": "2020-04-25 11:28:40", "elapsed": 6119.774627, "delta": 26.711889}}
{"target": 0.6240368000000001, "params": {"alpha": 0.928297634291674, "colsample_bytree": 0.8520679051755767, "lam": 0.4916243575431892, "max_depth": 7.394062472024098, "min_child_weight": 3.948128373505475, "subsample": 0.8974915977553145}, "datetime": {"datetime": "2020-04-25 11:29:03", "elapsed": 6142.267147, "delta": 22.49252}}
{"target": 0.6312004, "params": {"alpha": 0.6326893823302782, "colsample_bytree": 0.8700438067643447, "lam": 0.8522522195245715, "max_depth": 8.91973630482744, "min_child_weight": 7.902586226892224, "subsample": 0.5104596137689251}, "datetime": {"datetime": "2020-04-25 11:29:26", "elapsed": 6166.068629, "delta": 23.801482}}
{"target": 0.6129134, "params": {"alpha": 0.6841327715713921, "colsample_bytree": 0.899999991663534, "lam": 1.0, "max_depth": 7.245741236541777, "min_child_weight": 3.339326930026522, "subsample": 0.5229470525253155}, "datetime": {"datetime": "2020-04-25 11:29:51", "elapsed": 6191.143603, "delta": 25.074974}}
{"target": 0.6136326, "params": {"alpha": 0.0368787879881759, "colsample_bytree": 0.8914483791931778, "lam": 0.4140654266391188, "max_depth": 6.541992793301127, "min_child_weight": 1.7767493687343339, "subsample": 0.8591098620708592}, "datetime": {"datetime": "2020-04-25 11:30:13", "elapsed": 6212.291227, "delta": 21.147624}}
{"target": 0.6094968, "params": {"alpha": 0.9730065717303641, "colsample_bytree": 0.8076198086926663, "lam": 0.21180849124670365, "max_depth": 9.987314641306295, "min_child_weight": 4.083335751351701, "subsample": 0.8421684122851313}, "datetime": {"datetime": "2020-04-25 11:30:45", "elapsed": 6244.388835, "delta": 32.097608}}
{"target": 0.6428338, "params": {"alpha": 0.009823473267251193, "colsample_bytree": 0.8231657827002182, "lam": 0.8570047108415916, "max_depth": 5.892600163000342, "min_child_weight": 8.414196900315648, "subsample": 0.8585844849349904}, "datetime": {"datetime": "2020-04-25 11:31:06", "elapsed": 6266.163212, "delta": 21.774377}}
{"target": 0.633678, "params": {"alpha": 0.015585879848580952, "colsample_bytree": 0.6954701722409848, "lam": 0.9674945009841316, "max_depth": 5.946152264144477, "min_child_weight": 8.709611021456201, "subsample": 0.587012584113521}, "datetime": {"datetime": "2020-04-25 11:31:28", "elapsed": 6288.202079, "delta": 22.038867}}
{"target": 0.6475788, "params": {"alpha": 0.02195180890672721, "colsample_bytree": 0.8864477323246114, "lam": 0.9941757680665775, "max_depth": 5.918618849920355, "min_child_weight": 9.334574687289916, "subsample": 0.8996675294012111}, "datetime": {"datetime": "2020-04-25 11:31:53", "elapsed": 6312.708303, "delta": 24.506224}}
{"target": 0.6381704, "params": {"alpha": 0.10685513940778646, "colsample_bytree": 0.7552195401455889, "lam": 0.9591318175415608, "max_depth": 5.322078765720471, "min_child_weight": 8.620848688604871, "subsample": 0.7569207623138712}, "datetime": {"datetime": "2020-04-25 11:32:16", "elapsed": 6336.198916, "delta": 23.490613}}
{"target": 0.6232132, "params": {"alpha": 0.07729609422808636, "colsample_bytree": 0.8687783736763632, "lam": 0.06569378725092034, "max_depth": 5.4992327429606735, "min_child_weight": 2.002539090890785, "subsample": 0.8975731732834944}, "datetime": {"datetime": "2020-04-25 11:32:43", "elapsed": 6362.263142, "delta": 26.064226}}
{"target": 0.6264158, "params": {"alpha": 0.9628113681672684, "colsample_bytree": 0.8733667311157836, "lam": 0.4192051505718164, "max_depth": 6.74843843983083, "min_child_weight": 7.344938452044175, "subsample": 0.5570161818213422}, "datetime": {"datetime": "2020-04-25 11:33:07", "elapsed": 6386.714598, "delta": 24.451456}}
{"target": 0.643055, "params": {"alpha": 0.0, "colsample_bytree": 0.8999999999999352, "lam": 0.0, "max_depth": 9.241864765100416, "min_child_weight": 9.999999999705656, "subsample": 0.8999999999825089}, "datetime": {"datetime": "2020-04-25 11:33:41", "elapsed": 6420.292329, "delta": 33.577731}}
{"target": 0.6239798000000001, "params": {"alpha": 0.9494360669832035, "colsample_bytree": 0.882843297208689, "lam": 0.16973638515890332, "max_depth": 4.84910417662434, "min_child_weight": 9.288947461783074, "subsample": 0.8037096964315311}, "datetime": {"datetime": "2020-04-25 11:34:06", "elapsed": 6445.622369, "delta": 25.33004}}
