{"target": 0.6316309999999999, "params": {"alpha": 0.32103776495926506, "colsample_bytree": 0.8835018063040614, "lam": 0.026382725541722496, "max_depth": 9.973879407431074, "min_child_weight": 7.474577984790394, "subsample": 0.8476532711932463}, "datetime": {"datetime": "2020-04-25 15:24:27", "elapsed": 1911.054514, "delta": 11.088699}}
{"target": 0.620924, "params": {"alpha": 0.05608695739308012, "colsample_bytree": 0.8966603450561348, "lam": 0.11830782064148748, "max_depth": 4.398632025944837, "min_child_weight": 9.182526385102058, "subsample": 0.5048598655511679}, "datetime": {"datetime": "2020-04-25 15:24:37", "elapsed": 1920.144503, "delta": 9.089989}}
{"target": 0.6284204, "params": {"alpha": 0.7064496415813776, "colsample_bytree": 0.8967220632282539, "lam": 0.16134110917774014, "max_depth": 4.2668061514400915, "min_child_weight": 8.366452070202797, "subsample": 0.7014157335072633}, "datetime": {"datetime": "2020-04-25 15:24:46", "elapsed": 1929.244659, "delta": 9.100156}}
{"target": 0.6240346, "params": {"alpha": 0.34316336224058763, "colsample_bytree": 0.8520042378221413, "lam": 0.9395986075509651, "max_depth": 9.495629276413236, "min_child_weight": 6.8484525454536325, "subsample": 0.5149767347365212}, "datetime": {"datetime": "2020-04-25 15:24:55", "elapsed": 1938.942876, "delta": 9.698217}}
{"target": 0.6171184000000001, "params": {"alpha": 0.03573542398946428, "colsample_bytree": 0.7835986918641309, "lam": 0.12481910877503, "max_depth": 3.6937459493981892, "min_child_weight": 9.882667094580503, "subsample": 0.5165005130311935}, "datetime": {"datetime": "2020-04-25 15:25:05", "elapsed": 1948.282093, "delta": 9.339217}}
{"target": 0.5760244, "params": {"alpha": 0.984051925177846, "colsample_bytree": 0.5060977303792886, "lam": 0.2643552063255038, "max_depth": 8.101387470568675, "min_child_weight": 2.2203515825531768, "subsample": 0.8816389542037979}, "datetime": {"datetime": "2020-04-25 15:25:17", "elapsed": 1960.64147, "delta": 12.359377}}
{"target": 0.6336758, "params": {"alpha": 0.029888920362973193, "colsample_bytree": 0.8734717397583993, "lam": 0.404586333732892, "max_depth": 5.085156835518332, "min_child_weight": 8.603720967246362, "subsample": 0.866376461345637}, "datetime": {"datetime": "2020-04-25 15:25:27", "elapsed": 1970.238715, "delta": 9.597245}}
{"target": 0.6339834, "params": {"alpha": 0.01901203757108816, "colsample_bytree": 0.8013940290305245, "lam": 0.7006830798596307, "max_depth": 9.98306282722372, "min_child_weight": 7.868343511440861, "subsample": 0.8222509943059264}, "datetime": {"datetime": "2020-04-25 15:25:37", "elapsed": 1980.223417, "delta": 9.984702}}
{"target": 0.6424354, "params": {"alpha": 0.9934015023858263, "colsample_bytree": 0.8639281612279438, "lam": 0.9134452017911115, "max_depth": 5.593387826794338, "min_child_weight": 6.686594165582624, "subsample": 0.7506697436750895}, "datetime": {"datetime": "2020-04-25 15:25:50", "elapsed": 1993.301009, "delta": 13.077592}}
{"target": 0.6334606, "params": {"alpha": 0.019139227500199363, "colsample_bytree": 0.8127424797180902, "lam": 0.9713062313554294, "max_depth": 7.102311279370832, "min_child_weight": 8.627240595763293, "subsample": 0.8968063654939715}, "datetime": {"datetime": "2020-04-25 15:26:02", "elapsed": 2005.253929, "delta": 11.95292}}
{"target": 0.6317577999999999, "params": {"alpha": 0.01038060498379012, "colsample_bytree": 0.6575066882308671, "lam": 0.2400996555098912, "max_depth": 5.682141331304347, "min_child_weight": 9.964266445826489, "subsample": 0.8857684872439369}, "datetime": {"datetime": "2020-04-25 15:26:11", "elapsed": 2014.332847, "delta": 9.078918}}
{"target": 0.635208, "params": {"alpha": 0.02167183447352994, "colsample_bytree": 0.8551497198100253, "lam": 0.2737224328566279, "max_depth": 5.735716252169028, "min_child_weight": 5.48560078992251, "subsample": 0.887422723429965}, "datetime": {"datetime": "2020-04-25 15:26:20", "elapsed": 2023.832224, "delta": 9.499377}}
{"target": 0.6276322000000001, "params": {"alpha": 0.4003058960529613, "colsample_bytree": 0.837006548386044, "lam": 0.5052934550801437, "max_depth": 6.17567582318642, "min_child_weight": 9.186712583632128, "subsample": 0.8402452441709705}, "datetime": {"datetime": "2020-04-25 15:26:30", "elapsed": 2033.196692, "delta": 9.364468}}
{"target": 0.6257311999999999, "params": {"alpha": 0.06630562895581293, "colsample_bytree": 0.6961086495320726, "lam": 0.002011693422079852, "max_depth": 6.865507186177014, "min_child_weight": 8.315424917891042, "subsample": 0.8012252975311962}, "datetime": {"datetime": "2020-04-25 15:26:43", "elapsed": 2046.203622, "delta": 13.00693}}
{"target": 0.6417490000000001, "params": {"alpha": 0.8525459514418743, "colsample_bytree": 0.8991593575692687, "lam": 0.5471549198533261, "max_depth": 4.662128055143221, "min_child_weight": 4.158349857974112, "subsample": 0.883274125965132}, "datetime": {"datetime": "2020-04-25 15:26:54", "elapsed": 2057.479542, "delta": 11.27592}}
{"target": 0.6363407999999999, "params": {"alpha": 0.9046945830923642, "colsample_bytree": 0.8963315399116447, "lam": 0.03133117709579747, "max_depth": 5.303170562685013, "min_child_weight": 4.253840614785794, "subsample": 0.8717385831120508}, "datetime": {"datetime": "2020-04-25 15:27:04", "elapsed": 2067.441485, "delta": 9.961943}}
{"target": 0.6325802, "params": {"alpha": 0.6588288719591949, "colsample_bytree": 0.8964093190643934, "lam": 0.031529580853670636, "max_depth": 9.908050753405284, "min_child_weight": 8.346021533719087, "subsample": 0.5648877447700609}, "datetime": {"datetime": "2020-04-25 15:27:16", "elapsed": 2079.209052, "delta": 11.767567}}
{"target": 0.600357, "params": {"alpha": 0.02222714037611473, "colsample_bytree": 0.8708681949516912, "lam": 0.0018547517146543235, "max_depth": 3.0125652266265286, "min_child_weight": 2.0754212297082772, "subsample": 0.8649462766366216}, "datetime": {"datetime": "2020-04-25 15:27:26", "elapsed": 2089.648197, "delta": 10.439145}}
{"target": 0.6292586, "params": {"alpha": 0.002000767787887603, "colsample_bytree": 0.8877909367379414, "lam": 0.6245649040067957, "max_depth": 4.0958299009109975, "min_child_weight": 7.985639550469382, "subsample": 0.707030234986515}, "datetime": {"datetime": "2020-04-25 15:27:40", "elapsed": 2103.157617, "delta": 13.50942}}
{"target": 0.6381287999999999, "params": {"alpha": 0.9749542939262372, "colsample_bytree": 0.8505710549337233, "lam": 0.8584988813660229, "max_depth": 5.8572824800192596, "min_child_weight": 5.1827160669031676, "subsample": 0.876111276248517}, "datetime": {"datetime": "2020-04-25 15:27:48", "elapsed": 2111.760343, "delta": 8.602726}}
{"target": 0.6347548, "params": {"alpha": 0.9090851458277704, "colsample_bytree": 0.8917087790660532, "lam": 0.6898311856640159, "max_depth": 5.606436522112622, "min_child_weight": 6.027928775584035, "subsample": 0.8964066231363188}, "datetime": {"datetime": "2020-04-25 15:28:01", "elapsed": 2124.33415, "delta": 12.573807}}
{"target": 0.6458212000000001, "params": {"alpha": 0.9976362296898562, "colsample_bytree": 0.875730280783015, "lam": 0.5978256854059408, "max_depth": 5.834598722605113, "min_child_weight": 7.0378974109895776, "subsample": 0.7560494089045402}, "datetime": {"datetime": "2020-04-25 15:28:12", "elapsed": 2136.080723, "delta": 11.746573}}
{"target": 0.6371290000000001, "params": {"alpha": 0.001847110446844269, "colsample_bytree": 0.8674775811994357, "lam": 0.8922243029046477, "max_depth": 9.66326782149761, "min_child_weight": 9.159614075305841, "subsample": 0.8668177054300732}, "datetime": {"datetime": "2020-04-25 15:28:24", "elapsed": 2147.193379, "delta": 11.112656}}
{"target": 0.6357708000000001, "params": {"alpha": 0.219317873638324, "colsample_bytree": 0.8831810779212886, "lam": 0.9561081758759323, "max_depth": 9.992051247577184, "min_child_weight": 9.407530693578188, "subsample": 0.6136072133506025}, "datetime": {"datetime": "2020-04-25 15:28:35", "elapsed": 2159.005894, "delta": 11.812515}}
{"target": 0.6253196, "params": {"alpha": 0.004923348578469544, "colsample_bytree": 0.8982440433606819, "lam": 0.09285965053929035, "max_depth": 8.203631157222798, "min_child_weight": 8.94912234887143, "subsample": 0.6717411305743638}, "datetime": {"datetime": "2020-04-25 15:28:47", "elapsed": 2171.00707, "delta": 12.001176}}
{"target": 0.6315653999999999, "params": {"alpha": 0.9915995442728418, "colsample_bytree": 0.8658989255592406, "lam": 0.9988851611606893, "max_depth": 8.572018272893747, "min_child_weight": 6.2337330967938325, "subsample": 0.816567079312085}, "datetime": {"datetime": "2020-04-25 15:28:59", "elapsed": 2183.08124, "delta": 12.07417}}
{"target": 0.6247184000000001, "params": {"alpha": 0.9901359863685226, "colsample_bytree": 0.8584822460035965, "lam": 0.6111342384247164, "max_depth": 4.54931202800406, "min_child_weight": 3.230784319909541, "subsample": 0.8760616034518184}, "datetime": {"datetime": "2020-04-25 15:29:14", "elapsed": 2197.540177, "delta": 14.458937}}
{"target": 0.6408334, "params": {"alpha": 0.011164075345348912, "colsample_bytree": 0.8747753045572885, "lam": 0.08664004637766054, "max_depth": 9.389351016599672, "min_child_weight": 8.596415028092295, "subsample": 0.837214556472333}, "datetime": {"datetime": "2020-04-25 15:29:25", "elapsed": 2208.670132, "delta": 11.129955}}
{"target": 0.6297934, "params": {"alpha": 0.3175046646906408, "colsample_bytree": 0.8919933933864095, "lam": 1.0, "max_depth": 4.415257098340976, "min_child_weight": 1.6449948446698044, "subsample": 0.8999999997932461}, "datetime": {"datetime": "2020-04-25 15:29:35", "elapsed": 2218.719849, "delta": 10.049717}}
{"target": 0.6307046, "params": {"alpha": 0.08085511978502091, "colsample_bytree": 0.8694629886815407, "lam": 0.35275907975017307, "max_depth": 3.8232022015662075, "min_child_weight": 9.472901276412298, "subsample": 0.8768596530977555}, "datetime": {"datetime": "2020-04-25 15:29:46", "elapsed": 2229.681886, "delta": 10.962037}}
{"target": 0.6372899999999999, "params": {"alpha": 0.29075836607166383, "colsample_bytree": 0.8925133556820943, "lam": 0.9923797311591137, "max_depth": 3.698670130470252, "min_child_weight": 4.819392493735114, "subsample": 0.6933737493766288}, "datetime": {"datetime": "2020-04-25 15:29:58", "elapsed": 2241.985524, "delta": 12.303638}}
{"target": 0.6289739999999999, "params": {"alpha": 0.6160963299533362, "colsample_bytree": 0.7213232940566962, "lam": 0.011718993691751, "max_depth": 9.05528968766546, "min_child_weight": 7.9649759206134725, "subsample": 0.8837316755391895}, "datetime": {"datetime": "2020-04-25 15:30:11", "elapsed": 2254.642587, "delta": 12.657063}}
{"target": 0.6254074, "params": {"alpha": 0.12225169011506032, "colsample_bytree": 0.8851451725508218, "lam": 0.9909747498727749, "max_depth": 3.7779226109664523, "min_child_weight": 4.205366065524494, "subsample": 0.6053624261076388}, "datetime": {"datetime": "2020-04-25 15:30:21", "elapsed": 2264.225042, "delta": 9.582455}}
{"target": 0.6141108, "params": {"alpha": 0.8673193415066037, "colsample_bytree": 0.892576054425865, "lam": 0.9189149082035112, "max_depth": 9.552408740721972, "min_child_weight": 9.957962808635601, "subsample": 0.5020916873693364}, "datetime": {"datetime": "2020-04-25 15:30:32", "elapsed": 2276.015427, "delta": 11.790385}}
{"target": 0.593731, "params": {"alpha": 0.7737312131703006, "colsample_bytree": 0.8999999971926859, "lam": 0.9987608634956281, "max_depth": 9.998469532417907, "min_child_weight": 2.1609514876795974, "subsample": 0.8865886902487375}, "datetime": {"datetime": "2020-04-25 15:30:46", "elapsed": 2289.094367, "delta": 13.07894}}
{"target": 0.6347919999999999, "params": {"alpha": 0.0010606104327209875, "colsample_bytree": 0.6916772304203022, "lam": 0.9277004194241733, "max_depth": 7.791408144304825, "min_child_weight": 9.147197896245084, "subsample": 0.8982346030044782}, "datetime": {"datetime": "2020-04-25 15:30:56", "elapsed": 2299.86025, "delta": 10.765883}}
{"target": 0.6081004000000001, "params": {"alpha": 0.0, "colsample_bytree": 0.5, "lam": 0.0, "max_depth": 7.755492408191784, "min_child_weight": 9.999999873170976, "subsample": 0.9}, "datetime": {"datetime": "2020-04-25 15:31:07", "elapsed": 2310.818341, "delta": 10.958091}}
{"target": 0.6276668, "params": {"alpha": 8.868405368546244e-09, "colsample_bytree": 0.8999999959738497, "lam": 0.9999999846917366, "max_depth": 9.99999997329624, "min_child_weight": 3.510986391721051, "subsample": 0.8588504530256891}, "datetime": {"datetime": "2020-04-25 15:31:20", "elapsed": 2323.196216, "delta": 12.377875}}
{"target": 0.62263, "params": {"alpha": 0.5238995820167658, "colsample_bytree": 0.8974016934313098, "lam": 0.917879963121296, "max_depth": 4.092500778004631, "min_child_weight": 5.190161882362897, "subsample": 0.8667558501252268}, "datetime": {"datetime": "2020-04-25 15:31:34", "elapsed": 2337.243875, "delta": 14.047659}}
{"target": 0.5984670000000001, "params": {"alpha": 0.01797387116046012, "colsample_bytree": 0.8710944641061322, "lam": 0.9981012748056967, "max_depth": 3.4635627802379187, "min_child_weight": 5.983686381657791, "subsample": 0.5410881227503207}, "datetime": {"datetime": "2020-04-25 15:31:46", "elapsed": 2349.164251, "delta": 11.920376}}
{"target": 0.631687, "params": {"alpha": 0.49224702510971974, "colsample_bytree": 0.897397644311217, "lam": 0.025400697415533635, "max_depth": 9.198119000324654, "min_child_weight": 9.37868221724593, "subsample": 0.8906691804186606}, "datetime": {"datetime": "2020-04-25 15:31:57", "elapsed": 2360.292463, "delta": 11.128212}}
{"target": 0.6367304, "params": {"alpha": 0.6799626690332267, "colsample_bytree": 0.6821561987444638, "lam": 0.9652719549582501, "max_depth": 8.876450552791173, "min_child_weight": 9.360298503442236, "subsample": 0.8704212582204647}, "datetime": {"datetime": "2020-04-25 15:32:06", "elapsed": 2369.287415, "delta": 8.994952}}
{"target": 0.5740608, "params": {"alpha": 0.944172782915881, "colsample_bytree": 0.533422707857322, "lam": 0.9616974888727637, "max_depth": 3.125437466765199, "min_child_weight": 8.024864556290385, "subsample": 0.8956648505695413}, "datetime": {"datetime": "2020-04-25 15:32:17", "elapsed": 2380.436202, "delta": 11.148787}}
{"target": 0.5536738, "params": {"alpha": 0.0, "colsample_bytree": 0.5000000010399415, "lam": 1.0, "max_depth": 3.0, "min_child_weight": 1.0, "subsample": 0.9}, "datetime": {"datetime": "2020-04-25 15:32:28", "elapsed": 2391.736295, "delta": 11.300093}}
{"target": 0.634208, "params": {"alpha": 0.8592428841728988, "colsample_bytree": 0.8355949846037352, "lam": 0.9756648001846464, "max_depth": 7.178877078588253, "min_child_weight": 9.275131270022408, "subsample": 0.8447939521178434}, "datetime": {"datetime": "2020-04-25 15:32:39", "elapsed": 2402.896603, "delta": 11.160308}}
{"target": 0.641293, "params": {"alpha": 0.9823529836109571, "colsample_bytree": 0.7970920712825789, "lam": 0.7832066884059512, "max_depth": 9.99499645366064, "min_child_weight": 9.080478188592071, "subsample": 0.5960623110874648}, "datetime": {"datetime": "2020-04-25 15:32:51", "elapsed": 2414.202098, "delta": 11.305495}}
{"target": 0.592068, "params": {"alpha": 0.9681180946685733, "colsample_bytree": 0.8952390691554944, "lam": 0.200795009986513, "max_depth": 9.894351007479472, "min_child_weight": 3.145000410378318, "subsample": 0.5510431197281727}, "datetime": {"datetime": "2020-04-25 15:33:03", "elapsed": 2426.419954, "delta": 12.217856}}
{"target": 0.6323302000000001, "params": {"alpha": 0.016802345546982345, "colsample_bytree": 0.6599426257949425, "lam": 0.05631520973751325, "max_depth": 4.9757269826618575, "min_child_weight": 6.869286067183205, "subsample": 0.8899128637928868}, "datetime": {"datetime": "2020-04-25 15:33:13", "elapsed": 2436.809041, "delta": 10.389087}}
{"target": 0.6220914, "params": {"alpha": 0.15074005028615511, "colsample_bytree": 0.8532342656146347, "lam": 0.446931224307231, "max_depth": 6.23242662092003, "min_child_weight": 2.0369351824988615, "subsample": 0.8914873488608336}, "datetime": {"datetime": "2020-04-25 15:33:26", "elapsed": 2449.475553, "delta": 12.666512}}
{"target": 0.6371284, "params": {"alpha": 0.23104667865412398, "colsample_bytree": 0.7646980684023633, "lam": 0.4887128962295221, "max_depth": 8.265023315778866, "min_child_weight": 9.987763158466398, "subsample": 0.8844912564336682}, "datetime": {"datetime": "2020-04-25 15:33:39", "elapsed": 2462.93963, "delta": 13.464077}}
{"target": 0.6446708000000001, "params": {"alpha": 0.029122452792275766, "colsample_bytree": 0.8633310388555029, "lam": 0.5157044060545232, "max_depth": 6.328437797262113, "min_child_weight": 6.8365904043313765, "subsample": 0.8911335817495265}, "datetime": {"datetime": "2020-04-25 15:33:52", "elapsed": 2475.480538, "delta": 12.540908}}
{"target": 0.6316854, "params": {"alpha": 0.932289637173524, "colsample_bytree": 0.8729858869349807, "lam": 0.15593442649283262, "max_depth": 4.889044208798801, "min_child_weight": 8.880603995461016, "subsample": 0.5142822314959558}, "datetime": {"datetime": "2020-04-25 15:34:06", "elapsed": 2489.346289, "delta": 13.865751}}
{"target": 0.6400515999999999, "params": {"alpha": 0.9121661290881807, "colsample_bytree": 0.8642229301067632, "lam": 0.007817070937153447, "max_depth": 4.630271079757906, "min_child_weight": 4.174285284523638, "subsample": 0.8713770329793114}, "datetime": {"datetime": "2020-04-25 15:34:20", "elapsed": 2504.033542, "delta": 14.687253}}
{"target": 0.6347716, "params": {"alpha": 0.006011133147465708, "colsample_bytree": 0.8206914760674198, "lam": 0.011676253482877152, "max_depth": 3.9867022962011434, "min_child_weight": 9.585461420844059, "subsample": 0.8457685368476577}, "datetime": {"datetime": "2020-04-25 15:34:33", "elapsed": 2516.240749, "delta": 12.207207}}
{"target": 0.6220231999999999, "params": {"alpha": 0.9969878537772956, "colsample_bytree": 0.8600540073041858, "lam": 0.7488109209656691, "max_depth": 5.71066704752235, "min_child_weight": 7.123742002756883, "subsample": 0.5183702892875441}, "datetime": {"datetime": "2020-04-25 15:34:47", "elapsed": 2530.196391, "delta": 13.955642}}
{"target": 0.6156378, "params": {"alpha": 0.9442640137135988, "colsample_bytree": 0.8959260831335474, "lam": 0.10864960390574152, "max_depth": 4.259935852454623, "min_child_weight": 2.359561366090126, "subsample": 0.5094760586252158}, "datetime": {"datetime": "2020-04-25 15:35:00", "elapsed": 2543.761768, "delta": 13.565377}}
{"target": 0.621205, "params": {"alpha": 0.050318878789061494, "colsample_bytree": 0.8572752323962705, "lam": 0.003591395858252744, "max_depth": 8.681967418553047, "min_child_weight": 6.116294507650306, "subsample": 0.6586942102380305}, "datetime": {"datetime": "2020-04-25 15:35:14", "elapsed": 2558.073831, "delta": 14.312063}}
{"target": 0.6325288, "params": {"alpha": 0.025331914051432425, "colsample_bytree": 0.6628235293223227, "lam": 0.9665717452585277, "max_depth": 8.919284558648236, "min_child_weight": 9.471013519705371, "subsample": 0.8891819755932322}, "datetime": {"datetime": "2020-04-25 15:35:25", "elapsed": 2568.376274, "delta": 10.302443}}
{"target": 0.6276782000000001, "params": {"alpha": 0.009373990313998326, "colsample_bytree": 0.8843436896097424, "lam": 0.5349169140675687, "max_depth": 6.406725256933907, "min_child_weight": 7.170488310817013, "subsample": 0.7807569559533603}, "datetime": {"datetime": "2020-04-25 15:35:36", "elapsed": 2579.661604, "delta": 11.28533}}
{"target": 0.6203989999999999, "params": {"alpha": 0.13096048781128733, "colsample_bytree": 0.8037087337951625, "lam": 0.366003640874621, "max_depth": 5.957606988623673, "min_child_weight": 6.526326296220863, "subsample": 0.7787152343559339}, "datetime": {"datetime": "2020-04-25 15:35:48", "elapsed": 2591.144379, "delta": 11.482775}}
{"target": 0.6027815999999999, "params": {"alpha": 0.002727749617415287, "colsample_bytree": 0.7573128954720946, "lam": 0.40496067560363336, "max_depth": 4.6076349399155285, "min_child_weight": 5.216418062069699, "subsample": 0.526233691384737}, "datetime": {"datetime": "2020-04-25 15:36:01", "elapsed": 2604.908126, "delta": 13.763747}}
{"target": 0.6293848000000001, "params": {"alpha": 0.8808576311885985, "colsample_bytree": 0.8814603099440563, "lam": 0.2958496905353084, "max_depth": 6.2497876910117744, "min_child_weight": 8.886437140758702, "subsample": 0.552144531300801}, "datetime": {"datetime": "2020-04-25 15:36:17", "elapsed": 2620.236067, "delta": 15.327941}}
{"target": 0.6411318, "params": {"alpha": 0.01798373203979642, "colsample_bytree": 0.8317245670543623, "lam": 0.007430492501169117, "max_depth": 6.105868541384618, "min_child_weight": 8.643272453987898, "subsample": 0.7056927838984155}, "datetime": {"datetime": "2020-04-25 15:36:32", "elapsed": 2635.478637, "delta": 15.24257}}
{"target": 0.6237303999999999, "params": {"alpha": 0.15835553637167166, "colsample_bytree": 0.8830465348883192, "lam": 0.014919825010036414, "max_depth": 5.454063306466163, "min_child_weight": 8.219567787957818, "subsample": 0.6055920136715818}, "datetime": {"datetime": "2020-04-25 15:36:44", "elapsed": 2647.261719, "delta": 11.783082}}
{"target": 0.6329290000000001, "params": {"alpha": 0.04048609722674146, "colsample_bytree": 0.8147428912535084, "lam": 0.6399663742877463, "max_depth": 7.007110181968731, "min_child_weight": 6.235422787569229, "subsample": 0.8823799734513655}, "datetime": {"datetime": "2020-04-25 15:36:58", "elapsed": 2661.646499, "delta": 14.38478}}
{"target": 0.6430170000000001, "params": {"alpha": 0.3971697824002006, "colsample_bytree": 0.8273697482913327, "lam": 0.9700246148568933, "max_depth": 8.616447118747846, "min_child_weight": 7.928961841505403, "subsample": 0.8875745732352592}, "datetime": {"datetime": "2020-04-25 15:37:12", "elapsed": 2675.538446, "delta": 13.891947}}
