{"target": 0.6321648, "params": {"alpha": 0.9985083678332561, "colsample_bytree": 0.879535059694444, "lam": 0.029576479875985662, "max_depth": 7.652160514423912, "min_child_weight": 5.438145592653193, "subsample": 0.8924316547701673}, "datetime": {"datetime": "2020-04-25 15:54:46", "elapsed": 3729.370712, "delta": 18.452216}}
{"target": 0.6411576, "params": {"alpha": 0.9814319754578086, "colsample_bytree": 0.8459980525412465, "lam": 0.9677561172893432, "max_depth": 7.5502892807959485, "min_child_weight": 7.784929725929794, "subsample": 0.8196497970600667}, "datetime": {"datetime": "2020-04-25 15:55:03", "elapsed": 3746.294257, "delta": 16.923545}}
{"target": 0.6264192000000001, "params": {"alpha": 0.9999999985989594, "colsample_bytree": 0.8999999971916025, "lam": 0.0, "max_depth": 9.999999994958001, "min_child_weight": 9.999999991215454, "subsample": 0.5000000027829217}, "datetime": {"datetime": "2020-04-25 15:55:23", "elapsed": 3766.26864, "delta": 19.974383}}
{"target": 0.6347303999999999, "params": {"alpha": 0.002440857955188336, "colsample_bytree": 0.744785862784999, "lam": 0.6557078895972962, "max_depth": 6.524897551464839, "min_child_weight": 8.091370851291563, "subsample": 0.8765383376304952}, "datetime": {"datetime": "2020-04-25 15:55:40", "elapsed": 3783.502413, "delta": 17.233773}}
{"target": 0.6159036, "params": {"alpha": 2.3481711235129267e-08, "colsample_bytree": 0.899999990427499, "lam": 0.014644357785284464, "max_depth": 5.094017638983807, "min_child_weight": 5.48257717090528, "subsample": 0.5437821443480066}, "datetime": {"datetime": "2020-04-25 15:56:03", "elapsed": 3806.981195, "delta": 23.478782}}
{"target": 0.6429966, "params": {"alpha": 0.9949315807382988, "colsample_bytree": 0.8559107821703615, "lam": 0.8335320567426858, "max_depth": 6.496581694829196, "min_child_weight": 9.592287531842638, "subsample": 0.8239861706406488}, "datetime": {"datetime": "2020-04-25 15:56:21", "elapsed": 3824.882997, "delta": 17.901802}}
{"target": 0.6344000000000001, "params": {"alpha": 0.9952006037357213, "colsample_bytree": 0.8694058575863357, "lam": 0.9763218781501088, "max_depth": 6.254296685271942, "min_child_weight": 9.21820404785341, "subsample": 0.7073292844448587}, "datetime": {"datetime": "2020-04-25 15:56:42", "elapsed": 3845.299998, "delta": 20.417001}}
{"target": 0.6363764, "params": {"alpha": 0.9426371421702284, "colsample_bytree": 0.8258995048195187, "lam": 0.645303925903607, "max_depth": 5.766932735149519, "min_child_weight": 6.849979708457364, "subsample": 0.8778894264581601}, "datetime": {"datetime": "2020-04-25 15:56:58", "elapsed": 3861.138795, "delta": 15.838797}}
{"target": 0.6395334, "params": {"alpha": 0.9812325281226827, "colsample_bytree": 0.6485580637242186, "lam": 0.9226067405456484, "max_depth": 5.7000238983318035, "min_child_weight": 5.8884866309874715, "subsample": 0.8521020891990325}, "datetime": {"datetime": "2020-04-25 15:57:18", "elapsed": 3881.569081, "delta": 20.430286}}
{"target": 0.616204, "params": {"alpha": 0.6934121027446298, "colsample_bytree": 0.8834882595938915, "lam": 0.001039276382228338, "max_depth": 7.794465023388221, "min_child_weight": 8.47250921519732, "subsample": 0.526937604682538}, "datetime": {"datetime": "2020-04-25 15:57:38", "elapsed": 3901.4409, "delta": 19.871819}}
{"target": 0.6205609999999999, "params": {"alpha": 0.004566022902656841, "colsample_bytree": 0.8807831048746619, "lam": 0.04224436480236593, "max_depth": 3.519525729749915, "min_child_weight": 5.475268166898278, "subsample": 0.8795568594485383}, "datetime": {"datetime": "2020-04-25 15:57:56", "elapsed": 3919.173174, "delta": 17.732274}}
{"target": 0.6166448000000001, "params": {"alpha": 0.022441541876012994, "colsample_bytree": 0.8884338578766682, "lam": 0.025963405913747573, "max_depth": 7.633789736925103, "min_child_weight": 3.799898535508907, "subsample": 0.8811146667361814}, "datetime": {"datetime": "2020-04-25 15:58:13", "elapsed": 3936.954216, "delta": 17.781042}}
{"target": 0.6449388, "params": {"alpha": 0.5827267330813841, "colsample_bytree": 0.7553362510983752, "lam": 0.14995541092838294, "max_depth": 8.48864575028259, "min_child_weight": 8.34633011988678, "subsample": 0.7637961879098158}, "datetime": {"datetime": "2020-04-25 15:58:29", "elapsed": 3952.817302, "delta": 15.863086}}
{"target": 0.630184, "params": {"alpha": 0.003104618532554615, "colsample_bytree": 0.7811207619737179, "lam": 0.16863235357405304, "max_depth": 7.128575142819385, "min_child_weight": 8.937373124372499, "subsample": 0.541897640359414}, "datetime": {"datetime": "2020-04-25 15:58:47", "elapsed": 3970.246841, "delta": 17.429539}}
{"target": 0.639462, "params": {"alpha": 0.3636227781942114, "colsample_bytree": 0.8897360057451134, "lam": 0.9479125758237985, "max_depth": 9.681602133683981, "min_child_weight": 7.743290945590313, "subsample": 0.8386709002865637}, "datetime": {"datetime": "2020-04-25 15:59:05", "elapsed": 3988.772242, "delta": 18.525401}}
{"target": 0.6182846000000001, "params": {"alpha": 0.027084676424538268, "colsample_bytree": 0.6096090273148924, "lam": 0.997426496274038, "max_depth": 6.787399049857693, "min_child_weight": 8.989060988291257, "subsample": 0.5559633722196539}, "datetime": {"datetime": "2020-04-25 15:59:24", "elapsed": 4007.224756, "delta": 18.452514}}
{"target": 0.6143302, "params": {"alpha": 0.9725413254541445, "colsample_bytree": 0.8683733300106311, "lam": 0.9374313179828674, "max_depth": 5.961292993809295, "min_child_weight": 6.262655112633065, "subsample": 0.6113288360639627}, "datetime": {"datetime": "2020-04-25 15:59:41", "elapsed": 4025.054818, "delta": 17.830062}}
{"target": 0.6219048, "params": {"alpha": 1.0, "colsample_bytree": 0.8999999890143413, "lam": 0.9999999941635882, "max_depth": 9.276303107203416, "min_child_weight": 1.8644602446630545, "subsample": 0.5002489724417374}, "datetime": {"datetime": "2020-04-25 15:59:57", "elapsed": 4040.222317, "delta": 15.167499}}
{"target": 0.6404076, "params": {"alpha": 0.08100393232783276, "colsample_bytree": 0.8957063854782017, "lam": 0.9646660187200617, "max_depth": 9.180487974598378, "min_child_weight": 8.745978946731931, "subsample": 0.8961730852110814}, "datetime": {"datetime": "2020-04-25 16:00:14", "elapsed": 4057.931164, "delta": 17.708847}}
{"target": 0.5974259999999999, "params": {"alpha": 1.0, "colsample_bytree": 0.9, "lam": 1.1712347717319244e-08, "max_depth": 3.0, "min_child_weight": 9.999999962772868, "subsample": 0.5}, "datetime": {"datetime": "2020-04-25 16:00:36", "elapsed": 4079.331854, "delta": 21.40069}}
{"target": 0.625316, "params": {"alpha": 0.990784512876881, "colsample_bytree": 0.6068758924989066, "lam": 0.0035977265405128245, "max_depth": 8.815183687039728, "min_child_weight": 9.868574057387685, "subsample": 0.8629487582037375}, "datetime": {"datetime": "2020-04-25 16:00:52", "elapsed": 4096.028544, "delta": 16.69669}}
{"target": 0.6227672, "params": {"alpha": 0.9416329735348126, "colsample_bytree": 0.877867731455281, "lam": 0.02440459237907633, "max_depth": 8.315390171857741, "min_child_weight": 8.383589167235904, "subsample": 0.8488020021418645}, "datetime": {"datetime": "2020-04-25 16:01:05", "elapsed": 4108.112043, "delta": 12.083499}}
{"target": 0.62568, "params": {"alpha": 0.4215634926850498, "colsample_bytree": 0.8894016445063153, "lam": 0.9627816150407205, "max_depth": 9.028214650465209, "min_child_weight": 6.371875974742157, "subsample": 0.8161145343393197}, "datetime": {"datetime": "2020-04-25 16:01:26", "elapsed": 4129.888136, "delta": 21.776093}}
{"target": 0.6289158, "params": {"alpha": 0.9544077771024493, "colsample_bytree": 0.8747030008946814, "lam": 0.093990817186831, "max_depth": 5.831533663636536, "min_child_weight": 7.170429155261331, "subsample": 0.8470888116460574}, "datetime": {"datetime": "2020-04-25 16:01:46", "elapsed": 4149.807639, "delta": 19.919503}}
{"target": 0.6083132, "params": {"alpha": 0.08011361598765698, "colsample_bytree": 0.6220074868666696, "lam": 0.9507600334830327, "max_depth": 9.779669365769074, "min_child_weight": 6.133206425695665, "subsample": 0.5982330508638376}, "datetime": {"datetime": "2020-04-25 16:02:04", "elapsed": 4167.096606, "delta": 17.288967}}
{"target": 0.6344374, "params": {"alpha": 0.0032832837744867227, "colsample_bytree": 0.7787252270451495, "lam": 0.8036449447967211, "max_depth": 7.378505355391895, "min_child_weight": 9.540478011407675, "subsample": 0.8726590193270699}, "datetime": {"datetime": "2020-04-25 16:02:17", "elapsed": 4180.32399, "delta": 13.227384}}
{"target": 0.5908716, "params": {"alpha": 0.9823981483423667, "colsample_bytree": 0.5095777947364499, "lam": 0.04550386945811691, "max_depth": 9.995836234224917, "min_child_weight": 5.014304021291662, "subsample": 0.8501984653905279}, "datetime": {"datetime": "2020-04-25 16:02:34", "elapsed": 4197.475639, "delta": 17.151649}}
{"target": 0.6392342, "params": {"alpha": 0.8722059053051109, "colsample_bytree": 0.8881820556379028, "lam": 0.5146426007232691, "max_depth": 7.163937172387097, "min_child_weight": 8.775044741093101, "subsample": 0.8546964508153225}, "datetime": {"datetime": "2020-04-25 16:02:52", "elapsed": 4215.61986, "delta": 18.144221}}
{"target": 0.6355596, "params": {"alpha": 0.4499246462321601, "colsample_bytree": 0.8334512130348852, "lam": 0.09796323630424808, "max_depth": 8.81937106751348, "min_child_weight": 8.579958881325911, "subsample": 0.7925462405354147}, "datetime": {"datetime": "2020-04-25 16:03:14", "elapsed": 4237.170754, "delta": 21.550894}}
{"target": 0.6098414, "params": {"alpha": 0.9959444072259039, "colsample_bytree": 0.9, "lam": 0.0, "max_depth": 3.0, "min_child_weight": 3.7102784812592646, "subsample": 0.8999999999998425}, "datetime": {"datetime": "2020-04-25 16:03:34", "elapsed": 4257.255649, "delta": 20.084895}}
{"target": 0.6205698000000001, "params": {"alpha": 0.94537090311316, "colsample_bytree": 0.5859831899069378, "lam": 0.5164322716928385, "max_depth": 9.261616317176333, "min_child_weight": 8.459914093865969, "subsample": 0.7449941757664131}, "datetime": {"datetime": "2020-04-25 16:03:58", "elapsed": 4281.382044, "delta": 24.126395}}
{"target": 0.640471, "params": {"alpha": 0.9922692467084144, "colsample_bytree": 0.710960372050921, "lam": 0.9898129263461274, "max_depth": 8.803720441339031, "min_child_weight": 9.862393488197984, "subsample": 0.869396598163166}, "datetime": {"datetime": "2020-04-25 16:04:14", "elapsed": 4297.427104, "delta": 16.04506}}
{"target": 0.6186032, "params": {"alpha": 0.9723364886307296, "colsample_bytree": 0.834782743439445, "lam": 0.639928283568358, "max_depth": 6.401631271512494, "min_child_weight": 7.951307098614306, "subsample": 0.6851333604955137}, "datetime": {"datetime": "2020-04-25 16:04:37", "elapsed": 4320.897418, "delta": 23.470314}}
{"target": 0.5983455999999999, "params": {"alpha": 0.0005137623399408906, "colsample_bytree": 0.9, "lam": 0.9944367640398056, "max_depth": 3.0885357109566396, "min_child_weight": 3.1583311873304893, "subsample": 0.5000000148805743}, "datetime": {"datetime": "2020-04-25 16:04:56", "elapsed": 4339.183211, "delta": 18.285793}}
{"target": 0.6004039999999999, "params": {"alpha": 0.15166932435955438, "colsample_bytree": 0.5221290947573065, "lam": 0.9633385647217642, "max_depth": 8.029820024185664, "min_child_weight": 3.983136584866773, "subsample": 0.5016997508197797}, "datetime": {"datetime": "2020-04-25 16:05:15", "elapsed": 4358.393905, "delta": 19.210694}}
{"target": 0.6112715999999999, "params": {"alpha": 0.989203197139109, "colsample_bytree": 0.8957224868680576, "lam": 0.9096457168935376, "max_depth": 9.99315706416926, "min_child_weight": 4.292635136673197, "subsample": 0.5762668843425225}, "datetime": {"datetime": "2020-04-25 16:05:31", "elapsed": 4374.521646, "delta": 16.127741}}
{"target": 0.6414266, "params": {"alpha": 0.4038790148763757, "colsample_bytree": 0.7912128524074258, "lam": 0.01108442132824361, "max_depth": 6.104027818083284, "min_child_weight": 8.408045012390751, "subsample": 0.7973555101708505}, "datetime": {"datetime": "2020-04-25 16:05:49", "elapsed": 4392.884045, "delta": 18.362399}}
{"target": 0.6056393999999999, "params": {"alpha": 0.9523345569027303, "colsample_bytree": 0.8863820262727047, "lam": 0.049031281213873235, "max_depth": 7.516112521476825, "min_child_weight": 3.2553297187532033, "subsample": 0.7979440970958667}, "datetime": {"datetime": "2020-04-25 16:06:10", "elapsed": 4414.085565, "delta": 21.20152}}
{"target": 0.6330728, "params": {"alpha": 0.9936504018697953, "colsample_bytree": 0.8152659519328016, "lam": 0.16679508805686938, "max_depth": 6.092703153247806, "min_child_weight": 6.426659414717037, "subsample": 0.7835866562369866}, "datetime": {"datetime": "2020-04-25 16:06:26", "elapsed": 4429.36239, "delta": 15.276825}}
{"target": 0.6245315999999999, "params": {"alpha": 0.6881555745654647, "colsample_bytree": 0.8874775371731567, "lam": 0.01769401464935494, "max_depth": 9.488593050537261, "min_child_weight": 6.73472615683272, "subsample": 0.5138652571609094}, "datetime": {"datetime": "2020-04-25 16:06:49", "elapsed": 4452.917041, "delta": 23.554651}}
{"target": 0.6285942, "params": {"alpha": 0.9982998241494269, "colsample_bytree": 0.8937199025693718, "lam": 0.08045100569137908, "max_depth": 3.6112291591496404, "min_child_weight": 8.179712793540684, "subsample": 0.8453848585726013}, "datetime": {"datetime": "2020-04-25 16:07:11", "elapsed": 4474.37993, "delta": 21.462889}}
{"target": 0.6115046, "params": {"alpha": 0.11962088360225509, "colsample_bytree": 0.8997942216539123, "lam": 0.9790450273413275, "max_depth": 9.727140438534885, "min_child_weight": 6.194470688359058, "subsample": 0.7369924163245923}, "datetime": {"datetime": "2020-04-25 16:07:30", "elapsed": 4493.614233, "delta": 19.234303}}
{"target": 0.6309902, "params": {"alpha": 0.06886986669602913, "colsample_bytree": 0.734268462174468, "lam": 0.9816651798890077, "max_depth": 8.415951015564723, "min_child_weight": 7.407833765135283, "subsample": 0.8714025914887868}, "datetime": {"datetime": "2020-04-25 16:07:52", "elapsed": 4515.727272, "delta": 22.113039}}
{"target": 0.624884, "params": {"alpha": 0.9838483369960471, "colsample_bytree": 0.6355216177202632, "lam": 0.9488819455307621, "max_depth": 6.85626166444517, "min_child_weight": 8.783440573116344, "subsample": 0.8778940045862614}, "datetime": {"datetime": "2020-04-25 16:08:12", "elapsed": 4535.703899, "delta": 19.976627}}
{"target": 0.5654256, "params": {"alpha": 8.330222869059234e-09, "colsample_bytree": 0.500000037784972, "lam": 4.791691154040807e-08, "max_depth": 7.984381177417887, "min_child_weight": 2.7539919578179144, "subsample": 0.500000028415141}, "datetime": {"datetime": "2020-04-25 16:08:29", "elapsed": 4552.739179, "delta": 17.03528}}
{"target": 0.6245778000000001, "params": {"alpha": 0.984484665038308, "colsample_bytree": 0.8828785999128419, "lam": 0.008632578488337095, "max_depth": 4.332233908541335, "min_child_weight": 4.9302473496614585, "subsample": 0.6999243155408159}, "datetime": {"datetime": "2020-04-25 16:08:48", "elapsed": 4571.191517, "delta": 18.452338}}
{"target": 0.5992287999999999, "params": {"alpha": 1.0, "colsample_bytree": 0.8999999914693121, "lam": 0.011949079852284761, "max_depth": 8.501060025595027, "min_child_weight": 1.0, "subsample": 0.8999999987300017}, "datetime": {"datetime": "2020-04-25 16:09:06", "elapsed": 4589.711174, "delta": 18.519657}}
{"target": 0.6245054, "params": {"alpha": 0.99999992530735, "colsample_bytree": 0.8758597353382769, "lam": 1.0, "max_depth": 9.969497330756228, "min_child_weight": 6.838681418345231, "subsample": 0.5126956581093987}, "datetime": {"datetime": "2020-04-25 16:09:25", "elapsed": 4608.299815, "delta": 18.588641}}
{"target": 0.6051316, "params": {"alpha": 0.08657127715011059, "colsample_bytree": 0.5852903445795151, "lam": 0.9917062114135393, "max_depth": 8.492426504002001, "min_child_weight": 9.9754836691054, "subsample": 0.6581276826168239}, "datetime": {"datetime": "2020-04-25 16:09:44", "elapsed": 4627.365119, "delta": 19.065304}}
{"target": 0.6054332, "params": {"alpha": 0.05731304508921953, "colsample_bytree": 0.8904836596868946, "lam": 0.2546304795570009, "max_depth": 5.7998314280244525, "min_child_weight": 1.0430555576160847, "subsample": 0.8445285724154323}, "datetime": {"datetime": "2020-04-25 16:10:01", "elapsed": 4644.629736, "delta": 17.264617}}
{"target": 0.6309034, "params": {"alpha": 0.9848942140280101, "colsample_bytree": 0.8733616484230351, "lam": 0.008152292882808498, "max_depth": 7.309553428524433, "min_child_weight": 9.126105963603926, "subsample": 0.8684668183581576}, "datetime": {"datetime": "2020-04-25 16:10:24", "elapsed": 4667.483971, "delta": 22.854235}}
{"target": 0.6201608, "params": {"alpha": 0.020101254421311165, "colsample_bytree": 0.6599369219903637, "lam": 0.9997108695439221, "max_depth": 3.705385821931976, "min_child_weight": 4.741877644527595, "subsample": 0.5078934883966559}, "datetime": {"datetime": "2020-04-25 16:10:41", "elapsed": 4684.689143, "delta": 17.205172}}
{"target": 0.619222, "params": {"alpha": 0.020109451280128754, "colsample_bytree": 0.7256062265731433, "lam": 0.9998857626518339, "max_depth": 7.646991469935445, "min_child_weight": 5.299437205483457, "subsample": 0.5168183679559795}, "datetime": {"datetime": "2020-04-25 16:11:00", "elapsed": 4703.362334, "delta": 18.673191}}
{"target": 0.6346375999999999, "params": {"alpha": 0.9361689936530868, "colsample_bytree": 0.8817496514213206, "lam": 0.07858737908920765, "max_depth": 8.843024623175278, "min_child_weight": 5.43505345604379, "subsample": 0.8906428567368871}, "datetime": {"datetime": "2020-04-25 16:11:22", "elapsed": 4725.724035, "delta": 22.361701}}
{"target": 0.6342996, "params": {"alpha": 0.3072245809689144, "colsample_bytree": 0.8999999999999997, "lam": 2.2245178545528908e-08, "max_depth": 3.7435548277423045, "min_child_weight": 6.534182103447024, "subsample": 0.9}, "datetime": {"datetime": "2020-04-25 16:11:42", "elapsed": 4745.514488, "delta": 19.790453}}
{"target": 0.6239636, "params": {"alpha": 0.4428082354158126, "colsample_bytree": 0.8842310536720384, "lam": 0.0068648846667693775, "max_depth": 3.998762022883735, "min_child_weight": 1.2547195936609397, "subsample": 0.8828874505082644}, "datetime": {"datetime": "2020-04-25 16:12:02", "elapsed": 4765.853763, "delta": 20.339275}}
{"target": 0.6450745999999999, "params": {"alpha": 0.3643712262514378, "colsample_bytree": 0.8267736592856165, "lam": 0.06864754387242566, "max_depth": 8.028089065020778, "min_child_weight": 9.759226002090255, "subsample": 0.8819756804545278}, "datetime": {"datetime": "2020-04-25 16:12:24", "elapsed": 4787.437184, "delta": 21.583421}}
{"target": 0.603084, "params": {"alpha": 0.04658421318753614, "colsample_bytree": 0.5924573060122318, "lam": 0.8833543343737237, "max_depth": 9.062475337889913, "min_child_weight": 6.090156337149331, "subsample": 0.8716126158455051}, "datetime": {"datetime": "2020-04-25 16:12:42", "elapsed": 4806.080578, "delta": 18.643394}}
{"target": 0.6186078, "params": {"alpha": 0.06394682757078152, "colsample_bytree": 0.8720118181862255, "lam": 0.9126159549313592, "max_depth": 8.379247701147284, "min_child_weight": 4.985749342285879, "subsample": 0.769363799790035}, "datetime": {"datetime": "2020-04-25 16:13:04", "elapsed": 4827.225909, "delta": 21.145331}}
{"target": 0.6470754, "params": {"alpha": 0.3116374023470446, "colsample_bytree": 0.8366975488095658, "lam": 0.6887182803137987, "max_depth": 5.669336180685466, "min_child_weight": 9.978012880964929, "subsample": 0.8733529485835602}, "datetime": {"datetime": "2020-04-25 16:13:27", "elapsed": 4850.785789, "delta": 23.55988}}
{"target": 0.6268772, "params": {"alpha": 0.9999999955285985, "colsample_bytree": 0.9, "lam": 1.0, "max_depth": 5.1994148810814735, "min_child_weight": 9.999999953787437, "subsample": 0.5006993339780672}, "datetime": {"datetime": "2020-04-25 16:13:47", "elapsed": 4870.421997, "delta": 19.636208}}
{"target": 0.601269, "params": {"alpha": 0.05593189839746182, "colsample_bytree": 0.8547543771053998, "lam": 0.9605329680498045, "max_depth": 3.058585763354423, "min_child_weight": 3.434057898374223, "subsample": 0.8913082848336474}, "datetime": {"datetime": "2020-04-25 16:14:09", "elapsed": 4892.775951, "delta": 22.353954}}
{"target": 0.621356, "params": {"alpha": 0.053829640932190226, "colsample_bytree": 0.6962671930665407, "lam": 0.9875086904328433, "max_depth": 8.06946713077765, "min_child_weight": 4.259303971078684, "subsample": 0.8393485288331054}, "datetime": {"datetime": "2020-04-25 16:14:33", "elapsed": 4916.506614, "delta": 23.730663}}
{"target": 0.6321231999999999, "params": {"alpha": 0.9880835652261399, "colsample_bytree": 0.8998577807070962, "lam": 0.7479787394617815, "max_depth": 6.494973429847986, "min_child_weight": 6.909956106751655, "subsample": 0.8383305909293461}, "datetime": {"datetime": "2020-04-25 16:14:51", "elapsed": 4934.302522, "delta": 17.795908}}
{"target": 0.6192794, "params": {"alpha": 0.3845362912743589, "colsample_bytree": 0.8999999891165748, "lam": 0.9999999878446807, "max_depth": 6.781274025889729, "min_child_weight": 1.1582358786190101, "subsample": 0.5}, "datetime": {"datetime": "2020-04-25 16:15:17", "elapsed": 4960.756777, "delta": 26.454255}}
{"target": 0.6438599999999999, "params": {"alpha": 0.9999999996537958, "colsample_bytree": 0.8999999998615184, "lam": 6.582079413943126e-07, "max_depth": 8.887874468911903, "min_child_weight": 9.999999997552301, "subsample": 0.8999998998771517}, "datetime": {"datetime": "2020-04-25 16:15:37", "elapsed": 4981.056462, "delta": 20.299685}}
{"target": 0.6261748, "params": {"alpha": 0.8529808059497339, "colsample_bytree": 0.8894793286276379, "lam": 0.033095743881463746, "max_depth": 4.105462231970749, "min_child_weight": 5.888145985119267, "subsample": 0.7708255662880159}, "datetime": {"datetime": "2020-04-25 16:16:00", "elapsed": 5003.624952, "delta": 22.56849}}
