{"target": 0.6389596, "params": {"alpha": 7.1582443793780586e-09, "colsample_bytree": 0.8999999836932019, "lam": 0.9999999987759312, "max_depth": 6.849925280734905, "min_child_weight": 9.999999992527158, "subsample": 0.9}, "datetime": {"datetime": "2020-04-25 10:17:13", "elapsed": 1832.676884, "delta": 10.106549}}
{"target": 0.6263178, "params": {"alpha": 0.132868994540965, "colsample_bytree": 0.8887024696919867, "lam": 0.44588043413825373, "max_depth": 6.710695682220766, "min_child_weight": 5.156613699126542, "subsample": 0.8902171496712661}, "datetime": {"datetime": "2020-04-25 10:17:23", "elapsed": 1842.489892, "delta": 9.813008}}
{"target": 0.6472108000000001, "params": {"alpha": 0.5266088947377251, "colsample_bytree": 0.8914903247881538, "lam": 0.955155564852295, "max_depth": 7.676626640772839, "min_child_weight": 6.020156430285423, "subsample": 0.8917358804561719}, "datetime": {"datetime": "2020-04-25 10:17:35", "elapsed": 1855.203154, "delta": 12.713262}}
{"target": 0.6384754000000001, "params": {"alpha": 0.07324558727385222, "colsample_bytree": 0.6498910129156396, "lam": 0.039610799639658745, "max_depth": 7.24618164190467, "min_child_weight": 8.791842253576824, "subsample": 0.8819158895752874}, "datetime": {"datetime": "2020-04-25 10:17:47", "elapsed": 1867.000992, "delta": 11.797838}}
{"target": 0.6190709999999999, "params": {"alpha": 0.014576193766730805, "colsample_bytree": 0.8976462879207326, "lam": 0.9944304823924556, "max_depth": 7.787958967529792, "min_child_weight": 5.8205499531481735, "subsample": 0.5838708966202568}, "datetime": {"datetime": "2020-04-25 10:17:59", "elapsed": 1879.228428, "delta": 12.227436}}
{"target": 0.6237630000000001, "params": {"alpha": 0.22646143908912342, "colsample_bytree": 0.886147077708072, "lam": 0.4404308067512951, "max_depth": 4.784183371610007, "min_child_weight": 6.961289887444987, "subsample": 0.8988818771161498}, "datetime": {"datetime": "2020-04-25 10:18:09", "elapsed": 1888.893909, "delta": 9.665481}}
{"target": 0.6225582, "params": {"alpha": 0.002197790627350482, "colsample_bytree": 0.6442649782760177, "lam": 0.945014511854642, "max_depth": 4.073684827809381, "min_child_weight": 7.2648572433933944, "subsample": 0.8532974689580068}, "datetime": {"datetime": "2020-04-25 10:18:20", "elapsed": 1899.413959, "delta": 10.52005}}
{"target": 0.6300053999999999, "params": {"alpha": 0.05629243971238351, "colsample_bytree": 0.6738929515178727, "lam": 0.555408329449319, "max_depth": 4.745299585281637, "min_child_weight": 8.379639154270038, "subsample": 0.500040797734552}, "datetime": {"datetime": "2020-04-25 10:18:31", "elapsed": 1910.576104, "delta": 11.162145}}
{"target": 0.6436566, "params": {"alpha": 0.9925579052643537, "colsample_bytree": 0.6944000940721093, "lam": 0.46343207312966916, "max_depth": 5.882045187983406, "min_child_weight": 9.029967142144079, "subsample": 0.7447393290678218}, "datetime": {"datetime": "2020-04-25 10:18:40", "elapsed": 1920.053234, "delta": 9.47713}}
{"target": 0.6232278, "params": {"alpha": 4.674659061696344e-10, "colsample_bytree": 0.8999999999311068, "lam": 1.0, "max_depth": 10.0, "min_child_weight": 1.8256041795793567, "subsample": 0.8999999997909154}, "datetime": {"datetime": "2020-04-25 10:18:54", "elapsed": 1933.76792, "delta": 13.714686}}
{"target": 0.6292826, "params": {"alpha": 0.03425638206917825, "colsample_bytree": 0.8763079459273337, "lam": 0.24978447306419382, "max_depth": 4.2021034199526035, "min_child_weight": 8.195802247956127, "subsample": 0.8803427994952961}, "datetime": {"datetime": "2020-04-25 10:19:05", "elapsed": 1944.716436, "delta": 10.948516}}
{"target": 0.6139502, "params": {"alpha": 0.5837128734210723, "colsample_bytree": 0.5138235386346842, "lam": 0.07849719628122498, "max_depth": 5.397777753654738, "min_child_weight": 8.76236194674635, "subsample": 0.6876679941917163}, "datetime": {"datetime": "2020-04-25 10:19:15", "elapsed": 1954.324992, "delta": 9.608556}}
{"target": 0.6414194, "params": {"alpha": 0.9906992689468246, "colsample_bytree": 0.8063091383216485, "lam": 0.34553502862370744, "max_depth": 6.4112221766111634, "min_child_weight": 8.596244866802563, "subsample": 0.8578447711458352}, "datetime": {"datetime": "2020-04-25 10:19:24", "elapsed": 1963.367788, "delta": 9.042796}}
{"target": 0.6035290000000001, "params": {"alpha": 0.01615499343304838, "colsample_bytree": 0.5998784493176101, "lam": 0.4995653814369443, "max_depth": 5.445573684282141, "min_child_weight": 7.8173067523453, "subsample": 0.5026974913315765}, "datetime": {"datetime": "2020-04-25 10:19:33", "elapsed": 1972.694932, "delta": 9.327144}}
{"target": 0.6298298, "params": {"alpha": 1.0, "colsample_bytree": 0.8999999664153637, "lam": 0.0, "max_depth": 5.634627817386557, "min_child_weight": 5.107519592989576, "subsample": 0.8999999664153637}, "datetime": {"datetime": "2020-04-25 10:19:43", "elapsed": 1982.905447, "delta": 10.210515}}
{"target": 0.6317322, "params": {"alpha": 0.006343789414735679, "colsample_bytree": 0.8910411044218551, "lam": 0.555946278218432, "max_depth": 4.241481044870355, "min_child_weight": 6.434633842288868, "subsample": 0.8482801492002789}, "datetime": {"datetime": "2020-04-25 10:19:53", "elapsed": 1992.308146, "delta": 9.402699}}
{"target": 0.6390598000000001, "params": {"alpha": 0.9919689881745455, "colsample_bytree": 0.8323345284708333, "lam": 0.5642457674900007, "max_depth": 6.566435707946036, "min_child_weight": 9.089519817791132, "subsample": 0.7634445964272268}, "datetime": {"datetime": "2020-04-25 10:20:04", "elapsed": 2003.309813, "delta": 11.001667}}
{"target": 0.6401188, "params": {"alpha": 0.9951198026727032, "colsample_bytree": 0.8832909776782887, "lam": 0.7280630801570431, "max_depth": 6.553042068555681, "min_child_weight": 7.9564864035715965, "subsample": 0.8104174401789215}, "datetime": {"datetime": "2020-04-25 10:20:17", "elapsed": 2016.84568, "delta": 13.535867}}
{"target": 0.636122, "params": {"alpha": 0.10282901458569083, "colsample_bytree": 0.8805708979691846, "lam": 0.024178677580114938, "max_depth": 4.221177033100709, "min_child_weight": 8.65710771061297, "subsample": 0.5510252578705115}, "datetime": {"datetime": "2020-04-25 10:20:27", "elapsed": 2026.423706, "delta": 9.578026}}
{"target": 0.6295344, "params": {"alpha": 0.990149779300722, "colsample_bytree": 0.8575192005111962, "lam": 0.004604444669750851, "max_depth": 5.7800158256956, "min_child_weight": 9.491397680574545, "subsample": 0.6013979401439049}, "datetime": {"datetime": "2020-04-25 10:20:36", "elapsed": 2036.206203, "delta": 9.782497}}
{"target": 0.6378550000000001, "params": {"alpha": 0.8822519083049727, "colsample_bytree": 0.821658457710001, "lam": 0.3794198274606718, "max_depth": 5.643071262281911, "min_child_weight": 8.938664149909329, "subsample": 0.8818655720350589}, "datetime": {"datetime": "2020-04-25 10:20:49", "elapsed": 2048.246603, "delta": 12.0404}}
{"target": 0.6347571999999999, "params": {"alpha": 0.0022936535606776776, "colsample_bytree": 0.7793720483262232, "lam": 0.8554322942615253, "max_depth": 4.5987575904091695, "min_child_weight": 6.8999677629996325, "subsample": 0.8268507589790284}, "datetime": {"datetime": "2020-04-25 10:21:01", "elapsed": 2060.672891, "delta": 12.426288}}
{"target": 0.5987956, "params": {"alpha": 0.8918140749446156, "colsample_bytree": 0.8968229143027594, "lam": 0.3338027508586914, "max_depth": 7.699370531663595, "min_child_weight": 1.9537987700724906, "subsample": 0.5036325363460614}, "datetime": {"datetime": "2020-04-25 10:21:12", "elapsed": 2071.656425, "delta": 10.983534}}
{"target": 0.6374326, "params": {"alpha": 0.9813240973533478, "colsample_bytree": 0.8965345052760108, "lam": 0.46499114301124933, "max_depth": 9.53206284225164, "min_child_weight": 9.964826750718908, "subsample": 0.887245002819512}, "datetime": {"datetime": "2020-04-25 10:21:25", "elapsed": 2084.335312, "delta": 12.678887}}
{"target": 0.634049, "params": {"alpha": 0.24547699575125514, "colsample_bytree": 0.8700287424975479, "lam": 0.5532698045670784, "max_depth": 5.853703199696289, "min_child_weight": 6.292981857640562, "subsample": 0.861323737799762}, "datetime": {"datetime": "2020-04-25 10:21:38", "elapsed": 2097.260385, "delta": 12.925073}}
{"target": 0.6360775999999999, "params": {"alpha": 0.7095996239248386, "colsample_bytree": 0.8631966112995695, "lam": 0.7973120811810416, "max_depth": 6.035500380569635, "min_child_weight": 7.19163760304465, "subsample": 0.8597640521196585}, "datetime": {"datetime": "2020-04-25 10:21:48", "elapsed": 2107.363189, "delta": 10.102804}}
{"target": 0.6035974000000001, "params": {"alpha": 0.9259311307642919, "colsample_bytree": 0.8775933596870222, "lam": 0.9877763515839802, "max_depth": 3.198440427025424, "min_child_weight": 6.7310031770138945, "subsample": 0.8969544350411635}, "datetime": {"datetime": "2020-04-25 10:21:59", "elapsed": 2118.805687, "delta": 11.442498}}
{"target": 0.6414044, "params": {"alpha": 0.9998199098944213, "colsample_bytree": 0.8948548280640055, "lam": 0.7640006393729741, "max_depth": 5.29266304211431, "min_child_weight": 1.586016812438884, "subsample": 0.8788702754056491}, "datetime": {"datetime": "2020-04-25 10:22:11", "elapsed": 2130.387658, "delta": 11.581971}}
{"target": 0.6269684, "params": {"alpha": 0.9900075760170449, "colsample_bytree": 0.8050026705618842, "lam": 0.9320797943046352, "max_depth": 5.64030899931641, "min_child_weight": 1.0576050386407123, "subsample": 0.8696200249303809}, "datetime": {"datetime": "2020-04-25 10:22:22", "elapsed": 2141.83093, "delta": 11.443272}}
{"target": 0.6151894, "params": {"alpha": 0.030798462860618825, "colsample_bytree": 0.8908017659076072, "lam": 0.5604013807552333, "max_depth": 7.271147487953745, "min_child_weight": 1.003370088271895, "subsample": 0.5994610501614424}, "datetime": {"datetime": "2020-04-25 10:22:33", "elapsed": 2152.382768, "delta": 10.551838}}
{"target": 0.6334799999999999, "params": {"alpha": 0.2614156536749318, "colsample_bytree": 0.8868203261142558, "lam": 0.986926807260365, "max_depth": 9.204297323095599, "min_child_weight": 9.48810721760175, "subsample": 0.8969995499985863}, "datetime": {"datetime": "2020-04-25 10:22:45", "elapsed": 2165.089212, "delta": 12.706444}}
{"target": 0.6359494, "params": {"alpha": 0.8056072470850929, "colsample_bytree": 0.8502358222435699, "lam": 0.9943420164249394, "max_depth": 7.31823293685762, "min_child_weight": 6.142550747647633, "subsample": 0.8937727624796237}, "datetime": {"datetime": "2020-04-25 10:22:59", "elapsed": 2178.509425, "delta": 13.420213}}
{"target": 0.6325288, "params": {"alpha": 0.3319377369623949, "colsample_bytree": 0.873975891770717, "lam": 0.47227858813179224, "max_depth": 9.263717556188698, "min_child_weight": 7.2221621202899, "subsample": 0.8652961368273271}, "datetime": {"datetime": "2020-04-25 10:23:13", "elapsed": 2192.271151, "delta": 13.761726}}
{"target": 0.6283338, "params": {"alpha": 0.9896663409671872, "colsample_bytree": 0.8972107433690083, "lam": 0.7313374401744129, "max_depth": 5.539272325339896, "min_child_weight": 1.1491660918972706, "subsample": 0.646516447477292}, "datetime": {"datetime": "2020-04-25 10:23:26", "elapsed": 2205.527704, "delta": 13.256553}}
{"target": 0.6178276, "params": {"alpha": 0.32172936363537197, "colsample_bytree": 0.8704484046696477, "lam": 0.14060188898413417, "max_depth": 8.795426181167857, "min_child_weight": 4.763361457305558, "subsample": 0.5108985357060505}, "datetime": {"datetime": "2020-04-25 10:23:37", "elapsed": 2216.910337, "delta": 11.382633}}
{"target": 0.5948812, "params": {"alpha": 0.9951044117478026, "colsample_bytree": 0.5028181728108116, "lam": 0.9982623410407121, "max_depth": 8.310065875470555, "min_child_weight": 9.64557005279527, "subsample": 0.8877517729239375}, "datetime": {"datetime": "2020-04-25 10:23:51", "elapsed": 2230.923629, "delta": 14.013292}}
{"target": 0.6381348000000001, "params": {"alpha": 0.04030379794441907, "colsample_bytree": 0.8884044591774585, "lam": 0.49065359268120545, "max_depth": 5.632334510454388, "min_child_weight": 3.848719388736186, "subsample": 0.8238633100033361}, "datetime": {"datetime": "2020-04-25 10:24:05", "elapsed": 2244.404676, "delta": 13.481047}}
{"target": 0.6219742000000001, "params": {"alpha": 0.013372701416851207, "colsample_bytree": 0.6075150944298849, "lam": 0.036627107887073906, "max_depth": 8.801874338821015, "min_child_weight": 5.310023217128735, "subsample": 0.8873051101764668}, "datetime": {"datetime": "2020-04-25 10:24:18", "elapsed": 2257.845115, "delta": 13.440439}}
{"target": 0.6183989999999999, "params": {"alpha": 0.008840865231006356, "colsample_bytree": 0.7970402771210315, "lam": 0.7407307698955348, "max_depth": 3.960117116531897, "min_child_weight": 5.025426186774246, "subsample": 0.5744472121767913}, "datetime": {"datetime": "2020-04-25 10:24:29", "elapsed": 2268.917813, "delta": 11.072698}}
{"target": 0.6135619999999999, "params": {"alpha": 0.9934198711903734, "colsample_bytree": 0.8630022904761114, "lam": 0.9554334458938719, "max_depth": 4.571736240213588, "min_child_weight": 2.420228945004082, "subsample": 0.5817205819747822}, "datetime": {"datetime": "2020-04-25 10:24:40", "elapsed": 2280.070367, "delta": 11.152554}}
{"target": 0.6356338, "params": {"alpha": 0.4197427683427214, "colsample_bytree": 0.8648145701817402, "lam": 0.8659975648431506, "max_depth": 7.386327227749392, "min_child_weight": 5.779976810166847, "subsample": 0.8682589737520354}, "datetime": {"datetime": "2020-04-25 10:24:52", "elapsed": 2292.176498, "delta": 12.106131}}
{"target": 0.6242884, "params": {"alpha": 0.9931293306959686, "colsample_bytree": 0.8972920426280244, "lam": 0.5680709243988376, "max_depth": 5.728907228716461, "min_child_weight": 2.3529171144983176, "subsample": 0.8989501383340388}, "datetime": {"datetime": "2020-04-25 10:25:04", "elapsed": 2303.864945, "delta": 11.688447}}
{"target": 0.6432551999999999, "params": {"alpha": 2.475174409684058e-08, "colsample_bytree": 0.8999999889519978, "lam": 0.999999976899902, "max_depth": 8.521060228274466, "min_child_weight": 8.968646142312883, "subsample": 0.8999999832262533}, "datetime": {"datetime": "2020-04-25 10:25:16", "elapsed": 2315.509804, "delta": 11.644859}}
{"target": 0.6228846, "params": {"alpha": 0.9245701689493117, "colsample_bytree": 0.8951283512302799, "lam": 0.5369687678151223, "max_depth": 9.644362121963926, "min_child_weight": 4.8012240880091035, "subsample": 0.8940280474024824}, "datetime": {"datetime": "2020-04-25 10:25:31", "elapsed": 2330.315995, "delta": 14.806191}}
{"target": 0.6197264, "params": {"alpha": 0.5630073346175366, "colsample_bytree": 0.8974794017212098, "lam": 0.8094593771249416, "max_depth": 5.9291367032175835, "min_child_weight": 3.802543231447896, "subsample": 0.5284464031454184}, "datetime": {"datetime": "2020-04-25 10:25:42", "elapsed": 2342.093538, "delta": 11.777543}}
{"target": 0.6303922, "params": {"alpha": 0.9325040101106361, "colsample_bytree": 0.888314098894929, "lam": 0.9991412543785623, "max_depth": 8.347456477868576, "min_child_weight": 7.233563485217537, "subsample": 0.608907121231709}, "datetime": {"datetime": "2020-04-25 10:25:55", "elapsed": 2354.806413, "delta": 12.712875}}
{"target": 0.634863, "params": {"alpha": 0.027673737784373875, "colsample_bytree": 0.8989778247102849, "lam": 0.37549424607854387, "max_depth": 4.974899304356965, "min_child_weight": 8.023048632101759, "subsample": 0.6380127761025951}, "datetime": {"datetime": "2020-04-25 10:26:06", "elapsed": 2366.19557, "delta": 11.389157}}
{"target": 0.6309250000000001, "params": {"alpha": 0.09115023987753801, "colsample_bytree": 0.8916875558045414, "lam": 0.34929409816932, "max_depth": 5.15164847647375, "min_child_weight": 2.754891954178647, "subsample": 0.8959705592234861}, "datetime": {"datetime": "2020-04-25 10:26:20", "elapsed": 2379.629846, "delta": 13.434276}}
{"target": 0.6316482, "params": {"alpha": 0.014125025708856986, "colsample_bytree": 0.8853579394716911, "lam": 0.45078119446307907, "max_depth": 4.762453010900384, "min_child_weight": 3.9346361799642042, "subsample": 0.8848505729888179}, "datetime": {"datetime": "2020-04-25 10:26:31", "elapsed": 2390.362784, "delta": 10.732938}}
{"target": 0.6249636000000001, "params": {"alpha": 0.9508607266420855, "colsample_bytree": 0.899863235238187, "lam": 0.08767578379036267, "max_depth": 5.688267391960794, "min_child_weight": 4.283499872930755, "subsample": 0.5325656421849437}, "datetime": {"datetime": "2020-04-25 10:26:43", "elapsed": 2402.3825, "delta": 12.019716}}
{"target": 0.6228002, "params": {"alpha": 0.9939182611032915, "colsample_bytree": 0.8996360411587379, "lam": 0.4962156638415621, "max_depth": 4.191168580013125, "min_child_weight": 3.330213613607966, "subsample": 0.8866242030485225}, "datetime": {"datetime": "2020-04-25 10:26:55", "elapsed": 2414.286858, "delta": 11.904358}}
{"target": 0.6310276, "params": {"alpha": 0.03728359596676811, "colsample_bytree": 0.8604522398986696, "lam": 0.0022342812546566337, "max_depth": 5.32826435358712, "min_child_weight": 3.8254286052104898, "subsample": 0.8813351299064363}, "datetime": {"datetime": "2020-04-25 10:27:07", "elapsed": 2427.005735, "delta": 12.718877}}
{"target": 0.6391508, "params": {"alpha": 0.9993104962383326, "colsample_bytree": 0.8881713557748598, "lam": 0.11760182046392487, "max_depth": 8.943518432156736, "min_child_weight": 8.756022230938726, "subsample": 0.5980447082437051}, "datetime": {"datetime": "2020-04-25 10:27:19", "elapsed": 2438.855158, "delta": 11.849423}}
{"target": 0.6128642, "params": {"alpha": 0.9828508993228574, "colsample_bytree": 0.840236806079202, "lam": 0.010269113394788976, "max_depth": 7.616549626648219, "min_child_weight": 4.778451313326202, "subsample": 0.6629546404927935}, "datetime": {"datetime": "2020-04-25 10:27:31", "elapsed": 2451.092288, "delta": 12.23713}}
{"target": 0.6392346, "params": {"alpha": 0.8801255012988318, "colsample_bytree": 0.8877971182512231, "lam": 0.8424642778960281, "max_depth": 8.393508506967946, "min_child_weight": 5.156129121832323, "subsample": 0.8575610741248032}, "datetime": {"datetime": "2020-04-25 10:27:45", "elapsed": 2464.401922, "delta": 13.309634}}
{"target": 0.5825343999999999, "params": {"alpha": 0.06684572015089207, "colsample_bytree": 0.5066747181471946, "lam": 0.9794249622090446, "max_depth": 4.160055603436852, "min_child_weight": 8.847355251284041, "subsample": 0.7074179119622014}, "datetime": {"datetime": "2020-04-25 10:27:56", "elapsed": 2475.875026, "delta": 11.473104}}
{"target": 0.6251844, "params": {"alpha": 0.4342945823750076, "colsample_bytree": 0.8998996595571871, "lam": 0.012534129174853526, "max_depth": 4.1683809894363515, "min_child_weight": 9.158885302057593, "subsample": 0.6282412298184985}, "datetime": {"datetime": "2020-04-25 10:28:09", "elapsed": 2488.445722, "delta": 12.570696}}
{"target": 0.6177556, "params": {"alpha": 0.9845921516210935, "colsample_bytree": 0.8820735920175189, "lam": 0.7043252803420442, "max_depth": 4.796510690532661, "min_child_weight": 6.247876697066699, "subsample": 0.6692478457577589}, "datetime": {"datetime": "2020-04-25 10:28:21", "elapsed": 2500.27296, "delta": 11.827238}}
{"target": 0.624609, "params": {"alpha": 0.9751915193861567, "colsample_bytree": 0.8938281262920506, "lam": 0.9545966047565141, "max_depth": 8.868086884656929, "min_child_weight": 9.92650883698297, "subsample": 0.5457600435036177}, "datetime": {"datetime": "2020-04-25 10:28:32", "elapsed": 2512.120872, "delta": 11.847912}}
{"target": 0.6188043999999999, "params": {"alpha": 0.01766162439929153, "colsample_bytree": 0.8511774510494721, "lam": 0.9352237185034241, "max_depth": 9.967887174276752, "min_child_weight": 4.51543546959485, "subsample": 0.73196181642503}, "datetime": {"datetime": "2020-04-25 10:28:46", "elapsed": 2525.810254, "delta": 13.689382}}
{"target": 0.6296847999999999, "params": {"alpha": 0.013468273334472203, "colsample_bytree": 0.8525250763518373, "lam": 0.23224586482129483, "max_depth": 5.668013730499553, "min_child_weight": 9.946820246565546, "subsample": 0.8072314824469939}, "datetime": {"datetime": "2020-04-25 10:29:00", "elapsed": 2539.344729, "delta": 13.534475}}
{"target": 0.6271216, "params": {"alpha": 0.49922706659994676, "colsample_bytree": 0.6262040158782821, "lam": 0.034785506898454055, "max_depth": 6.514626929823849, "min_child_weight": 9.761444087229863, "subsample": 0.6284704579836285}, "datetime": {"datetime": "2020-04-25 10:29:14", "elapsed": 2554.115568, "delta": 14.770839}}
{"target": 0.6057404, "params": {"alpha": 0.7894662507281512, "colsample_bytree": 0.85928183222526, "lam": 0.962422922533099, "max_depth": 3.2178984128458454, "min_child_weight": 4.068861489105002, "subsample": 0.5106803129258493}, "datetime": {"datetime": "2020-04-25 10:29:26", "elapsed": 2565.59381, "delta": 11.478242}}
{"target": 0.6439498, "params": {"alpha": 0.966801331292081, "colsample_bytree": 0.7054746129906985, "lam": 0.98133843052879, "max_depth": 6.35799611323975, "min_child_weight": 8.869852049973913, "subsample": 0.730612789974633}, "datetime": {"datetime": "2020-04-25 10:29:39", "elapsed": 2578.684968, "delta": 13.091158}}
{"target": 0.628668, "params": {"alpha": 1.0, "colsample_bytree": 0.9, "lam": 0.9999999999997715, "max_depth": 3.8830187767874156, "min_child_weight": 8.092650685396688, "subsample": 0.8999999999976582}, "datetime": {"datetime": "2020-04-25 10:29:51", "elapsed": 2591.108968, "delta": 12.424}}
{"target": 0.6286484, "params": {"alpha": 0.7234577903186717, "colsample_bytree": 0.8810555548745085, "lam": 0.980368300874132, "max_depth": 3.674371194004251, "min_child_weight": 9.908834625130755, "subsample": 0.8465189820763181}, "datetime": {"datetime": "2020-04-25 10:30:03", "elapsed": 2602.468197, "delta": 11.359229}}
