{"target": 0.6288464, "params": {"alpha": 0.8639036402114669, "colsample_bytree": 0.7731237718678736, "lam": 0.37816781259575105, "max_depth": 5.860955896147853, "min_child_weight": 8.726875656222596, "subsample": 0.6450649537571511}, "datetime": {"datetime": "2020-04-25 12:49:21", "elapsed": 10960.719513, "delta": 37.994231}}
{"target": 0.6286136, "params": {"alpha": 0.04220846031953873, "colsample_bytree": 0.8959093866891681, "lam": 0.9936243054634132, "max_depth": 4.001813354325731, "min_child_weight": 1.8626590076892324, "subsample": 0.7703059866398594}, "datetime": {"datetime": "2020-04-25 12:50:10", "elapsed": 11009.926074, "delta": 49.206561}}
{"target": 0.6272544, "params": {"alpha": 0.99989524168391, "colsample_bytree": 0.8904484382648858, "lam": 0.016844988698662484, "max_depth": 9.991688348764066, "min_child_weight": 6.449263774838466, "subsample": 0.8990856466811112}, "datetime": {"datetime": "2020-04-25 12:50:50", "elapsed": 11049.755826, "delta": 39.829752}}
{"target": 0.6106400000000001, "params": {"alpha": 0.36343779417938016, "colsample_bytree": 0.5324700202525646, "lam": 0.019665013454339242, "max_depth": 9.940032696063653, "min_child_weight": 6.156776350117615, "subsample": 0.8851314087693086}, "datetime": {"datetime": "2020-04-25 12:51:37", "elapsed": 11096.637243, "delta": 46.881417}}
{"target": 0.6304981999999999, "params": {"alpha": 0.026217567986906, "colsample_bytree": 0.7709797310867835, "lam": 0.9006062544234744, "max_depth": 9.9867903569193, "min_child_weight": 5.958757575561443, "subsample": 0.8964329402797222}, "datetime": {"datetime": "2020-04-25 12:52:24", "elapsed": 11143.919899, "delta": 47.282656}}
{"target": 0.62377, "params": {"alpha": 0.9910396605912356, "colsample_bytree": 0.5833504944730916, "lam": 0.4345556642038446, "max_depth": 5.66306796339307, "min_child_weight": 9.736621677665715, "subsample": 0.860921057129102}, "datetime": {"datetime": "2020-04-25 12:53:11", "elapsed": 11190.242207, "delta": 46.322308}}
{"target": 0.6135893999999998, "params": {"alpha": 0.8901745959551762, "colsample_bytree": 0.8844635289710898, "lam": 0.2961322151166682, "max_depth": 4.597258522023411, "min_child_weight": 3.6350717471270166, "subsample": 0.535871758153043}, "datetime": {"datetime": "2020-04-25 12:53:52", "elapsed": 11232.209467, "delta": 41.96726}}
{"target": 0.6309666, "params": {"alpha": 0.012856227745268844, "colsample_bytree": 0.8776030553031235, "lam": 0.017721598124878613, "max_depth": 8.31932581814875, "min_child_weight": 5.239479382457173, "subsample": 0.6677586609932069}, "datetime": {"datetime": "2020-04-25 12:54:31", "elapsed": 11271.047452, "delta": 38.837985}}
{"target": 0.638433, "params": {"alpha": 0.9999999789871442, "colsample_bytree": 0.8999999917789718, "lam": 0.9999999775016933, "max_depth": 9.999999984241645, "min_child_weight": 9.052424255214811, "subsample": 0.8999999940234703}, "datetime": {"datetime": "2020-04-25 12:55:09", "elapsed": 11308.241711, "delta": 37.194259}}
{"target": 0.6308284000000001, "params": {"alpha": 0.03452705925344324, "colsample_bytree": 0.8838852098509664, "lam": 0.9720104079834561, "max_depth": 5.665549079138212, "min_child_weight": 5.275216814974667, "subsample": 0.8616421285735832}, "datetime": {"datetime": "2020-04-25 12:55:44", "elapsed": 11343.594726, "delta": 35.353015}}
{"target": 0.6356841999999999, "params": {"alpha": 0.04048372151562474, "colsample_bytree": 0.7268843591132746, "lam": 0.4974155552753262, "max_depth": 5.785374925128492, "min_child_weight": 4.334878632939828, "subsample": 0.8862722582928424}, "datetime": {"datetime": "2020-04-25 12:56:26", "elapsed": 11385.296674, "delta": 41.701948}}
{"target": 0.6321884, "params": {"alpha": 0.9155993387995546, "colsample_bytree": 0.8921994636077366, "lam": 0.9464654979990643, "max_depth": 5.3569424958596645, "min_child_weight": 8.69007187263751, "subsample": 0.8316003860730645}, "datetime": {"datetime": "2020-04-25 12:57:13", "elapsed": 11432.69935, "delta": 47.402676}}
{"target": 0.6292222, "params": {"alpha": 0.9999999999998146, "colsample_bytree": 0.899999999999974, "lam": 0.9999999999999899, "max_depth": 4.483715734177888, "min_child_weight": 9.999999999999522, "subsample": 0.8999999999998984}, "datetime": {"datetime": "2020-04-25 12:58:00", "elapsed": 11479.941779, "delta": 47.242429}}
{"target": 0.6305834, "params": {"alpha": 0.03382200443355077, "colsample_bytree": 0.6455004868319887, "lam": 0.0018698348577768087, "max_depth": 8.973105237400851, "min_child_weight": 9.520337274765092, "subsample": 0.8570845020805999}, "datetime": {"datetime": "2020-04-25 12:58:47", "elapsed": 11526.761631, "delta": 46.819852}}
{"target": 0.6217498, "params": {"alpha": 0.35392947511925743, "colsample_bytree": 0.8903130336192127, "lam": 0.001324739121087326, "max_depth": 8.493649488134675, "min_child_weight": 5.339934616040883, "subsample": 0.8587485308720582}, "datetime": {"datetime": "2020-04-25 12:59:56", "elapsed": 11596.141208, "delta": 69.379577}}
{"target": 0.6206392, "params": {"alpha": 0.9550105220337098, "colsample_bytree": 0.8163001959393754, "lam": 0.666678411587361, "max_depth": 5.162745991988079, "min_child_weight": 1.00262969666869, "subsample": 0.8791359380715547}, "datetime": {"datetime": "2020-04-25 13:00:36", "elapsed": 11635.728494, "delta": 39.587286}}
{"target": 0.6372574, "params": {"alpha": 0.9588046023292378, "colsample_bytree": 0.8008187502364477, "lam": 0.019630114557660283, "max_depth": 9.953753314594842, "min_child_weight": 8.911092262484436, "subsample": 0.8874000793178127}, "datetime": {"datetime": "2020-04-25 13:01:32", "elapsed": 11691.625167, "delta": 55.896673}}
{"target": 0.6064160000000001, "params": {"alpha": 0.9133302405829787, "colsample_bytree": 0.8958273665771175, "lam": 0.4255674182286041, "max_depth": 4.589667484204272, "min_child_weight": 1.1807479065263276, "subsample": 0.5566795017311651}, "datetime": {"datetime": "2020-04-25 13:02:04", "elapsed": 11723.750749, "delta": 32.125582}}
{"target": 0.6207355999999999, "params": {"alpha": 0.0134673639669598, "colsample_bytree": 0.8971206155577927, "lam": 0.11098631080568955, "max_depth": 8.335331311489387, "min_child_weight": 4.232828829497935, "subsample": 0.639450725852968}, "datetime": {"datetime": "2020-04-25 13:02:50", "elapsed": 11769.449963, "delta": 45.699214}}
{"target": 0.6286682000000001, "params": {"alpha": 1.0, "colsample_bytree": 0.9, "lam": 1.2366268123113189e-07, "max_depth": 10.0, "min_child_weight": 8.111649772438813, "subsample": 0.5}, "datetime": {"datetime": "2020-04-25 13:03:41", "elapsed": 11820.371534, "delta": 50.921571}}
{"target": 0.6457552, "params": {"alpha": 0.883080623527543, "colsample_bytree": 0.8936036893901492, "lam": 0.11410031166696755, "max_depth": 8.817045535779055, "min_child_weight": 9.378211114677724, "subsample": 0.8684629262335137}, "datetime": {"datetime": "2020-04-25 13:04:18", "elapsed": 11857.848194, "delta": 37.47666}}
{"target": 0.6424148000000001, "params": {"alpha": 0.7731221337930483, "colsample_bytree": 0.8801533297121367, "lam": 0.20771841860427265, "max_depth": 8.939897130325651, "min_child_weight": 8.844332933930641, "subsample": 0.8827179720292835}, "datetime": {"datetime": "2020-04-25 13:04:58", "elapsed": 11897.985457, "delta": 40.137263}}
{"target": 0.6241196, "params": {"alpha": 0.6440006338368373, "colsample_bytree": 0.8913603675079609, "lam": 0.7709455243045745, "max_depth": 3.972197195033956, "min_child_weight": 2.37556971678684, "subsample": 0.8442938016450297}, "datetime": {"datetime": "2020-04-25 13:05:39", "elapsed": 11938.942805, "delta": 40.957348}}
{"target": 0.6372348000000001, "params": {"alpha": 1.0, "colsample_bytree": 0.9, "lam": 1.0, "max_depth": 8.185331536184119, "min_child_weight": 8.893916926806606, "subsample": 0.9}, "datetime": {"datetime": "2020-04-25 13:06:27", "elapsed": 11986.773212, "delta": 47.830407}}
{"target": 0.6420876, "params": {"alpha": 0.6758810995350854, "colsample_bytree": 0.8730583164867057, "lam": 0.9899431746092597, "max_depth": 6.468097038839128, "min_child_weight": 9.633315022030317, "subsample": 0.8365557397163279}, "datetime": {"datetime": "2020-04-25 13:07:13", "elapsed": 12032.676298, "delta": 45.903086}}
{"target": 0.6328948, "params": {"alpha": 0.8741071531901939, "colsample_bytree": 0.8559771432630647, "lam": 0.1280119066090224, "max_depth": 7.285022596598122, "min_child_weight": 5.481667286061837, "subsample": 0.8834467367121753}, "datetime": {"datetime": "2020-04-25 13:07:56", "elapsed": 12075.765095, "delta": 43.088797}}
{"target": 0.6436071999999999, "params": {"alpha": 0.6990859435129683, "colsample_bytree": 0.8907410063497938, "lam": 0.9817464671764736, "max_depth": 8.301017087826155, "min_child_weight": 7.697459190245462, "subsample": 0.8914473141841099}, "datetime": {"datetime": "2020-04-25 13:08:51", "elapsed": 12130.24131, "delta": 54.476215}}
{"target": 0.5962148, "params": {"alpha": 0.9360870859058135, "colsample_bytree": 0.8982146850590399, "lam": 0.00808195167030723, "max_depth": 3.0928485456013526, "min_child_weight": 7.30469961467227, "subsample": 0.5221724754918688}, "datetime": {"datetime": "2020-04-25 13:09:42", "elapsed": 12181.40621, "delta": 51.1649}}
{"target": 0.6352095999999999, "params": {"alpha": 0.9572410477148925, "colsample_bytree": 0.8773321219700585, "lam": 0.22352675131953825, "max_depth": 5.4136939790523435, "min_child_weight": 4.360759987514711, "subsample": 0.870725418590891}, "datetime": {"datetime": "2020-04-25 13:10:34", "elapsed": 12234.077409, "delta": 52.671199}}
{"target": 0.6157085999999999, "params": {"alpha": 0.9773585690112498, "colsample_bytree": 0.611889575445293, "lam": 0.1717451464295725, "max_depth": 4.218965470256613, "min_child_weight": 1.0103026928363166, "subsample": 0.8898109275827308}, "datetime": {"datetime": "2020-04-25 13:11:19", "elapsed": 12279.192959, "delta": 45.11555}}
{"target": 0.6341208, "params": {"alpha": 0.5072420043088508, "colsample_bytree": 0.7603444584248928, "lam": 0.11768045520069237, "max_depth": 5.47349713839546, "min_child_weight": 9.982737279497607, "subsample": 0.5939164467587423}, "datetime": {"datetime": "2020-04-25 13:12:21", "elapsed": 12340.283254, "delta": 61.090295}}
{"target": 0.6198116, "params": {"alpha": 0.41911973501236577, "colsample_bytree": 0.8917972832625263, "lam": 0.8750389187202555, "max_depth": 4.473992629197824, "min_child_weight": 4.298278285663418, "subsample": 0.8868665750049266}, "datetime": {"datetime": "2020-04-25 13:13:06", "elapsed": 12386.177079, "delta": 45.893825}}
{"target": 0.6100256, "params": {"alpha": 0.0009642002503202907, "colsample_bytree": 0.8590943372386022, "lam": 0.9733830666633034, "max_depth": 6.852509481394783, "min_child_weight": 1.2014531451484665, "subsample": 0.5369463806226535}, "datetime": {"datetime": "2020-04-25 13:13:53", "elapsed": 12432.543989, "delta": 46.36691}}
{"target": 0.6286634, "params": {"alpha": 1.0, "colsample_bytree": 0.8999999994589887, "lam": 5.116595240482794e-10, "max_depth": 4.670413044866055, "min_child_weight": 5.660396291524594, "subsample": 0.8999999965492911}, "datetime": {"datetime": "2020-04-25 13:14:36", "elapsed": 12475.360049, "delta": 42.81606}}
{"target": 0.625924, "params": {"alpha": 0.0018645335386461293, "colsample_bytree": 0.8816137965653047, "lam": 0.736961919308027, "max_depth": 4.651178855235215, "min_child_weight": 7.08622826923031, "subsample": 0.5598748390227684}, "datetime": {"datetime": "2020-04-25 13:15:23", "elapsed": 12522.34326, "delta": 46.983211}}
{"target": 0.6294308, "params": {"alpha": 0.9986888988478659, "colsample_bytree": 0.8753423723827702, "lam": 0.012321100130444962, "max_depth": 5.08711718766618, "min_child_weight": 2.6172412432850702, "subsample": 0.8241600022481603}, "datetime": {"datetime": "2020-04-25 13:16:04", "elapsed": 12563.840942, "delta": 41.497682}}
{"target": 0.63781, "params": {"alpha": 0.9981635099123247, "colsample_bytree": 0.8158728528149132, "lam": 0.028360706407356218, "max_depth": 8.972803413289338, "min_child_weight": 9.069716878501485, "subsample": 0.8979741334811893}, "datetime": {"datetime": "2020-04-25 13:16:57", "elapsed": 12616.655205, "delta": 52.814263}}
{"target": 0.6313974000000001, "params": {"alpha": 0.04520721245671655, "colsample_bytree": 0.8679250600063306, "lam": 0.03838071618454231, "max_depth": 4.004944287868568, "min_child_weight": 7.041788978248578, "subsample": 0.8185601031349716}, "datetime": {"datetime": "2020-04-25 13:17:45", "elapsed": 12664.420611, "delta": 47.765406}}
{"target": 0.6272716, "params": {"alpha": 0.570369326355326, "colsample_bytree": 0.8867876177879094, "lam": 0.02495778917887137, "max_depth": 4.2542527045388105, "min_child_weight": 7.595950707309706, "subsample": 0.7213483056481463}, "datetime": {"datetime": "2020-04-25 13:18:42", "elapsed": 12721.464967, "delta": 57.044356}}
{"target": 0.6010899999999999, "params": {"alpha": 0.022401123162322012, "colsample_bytree": 0.8713226064145679, "lam": 0.9899364542488428, "max_depth": 3.343554828454838, "min_child_weight": 8.675533200757759, "subsample": 0.7972369737296027}, "datetime": {"datetime": "2020-04-25 13:19:24", "elapsed": 12763.999423, "delta": 42.534456}}
{"target": 0.6448917999999999, "params": {"alpha": 0.7061201098138046, "colsample_bytree": 0.8691560904171228, "lam": 0.5145306990897598, "max_depth": 8.743221692169579, "min_child_weight": 9.568294977165868, "subsample": 0.8964653222267112}, "datetime": {"datetime": "2020-04-25 13:20:01", "elapsed": 12801.176747, "delta": 37.177324}}
{"target": 0.6293236, "params": {"alpha": 0.45175544049454186, "colsample_bytree": 0.8937933000984097, "lam": 0.031270259998058436, "max_depth": 7.20754215169705, "min_child_weight": 7.2844974973253365, "subsample": 0.870957399416876}, "datetime": {"datetime": "2020-04-25 13:20:43", "elapsed": 12842.311874, "delta": 41.135127}}
{"target": 0.6396388, "params": {"alpha": 0.9948217455876172, "colsample_bytree": 0.835876456775463, "lam": 0.1595795215777105, "max_depth": 6.834767366399976, "min_child_weight": 9.050753490241606, "subsample": 0.8537692322352184}, "datetime": {"datetime": "2020-04-25 13:21:33", "elapsed": 12892.989526, "delta": 50.677652}}
{"target": 0.6362782, "params": {"alpha": 0.011571926987109293, "colsample_bytree": 0.8958589520186175, "lam": 0.1663756843405536, "max_depth": 7.5516818856284935, "min_child_weight": 6.081880777191349, "subsample": 0.8859593737607494}, "datetime": {"datetime": "2020-04-25 13:22:28", "elapsed": 12948.22767, "delta": 55.238144}}
{"target": 0.6199222000000001, "params": {"alpha": 0.12261139622618866, "colsample_bytree": 0.8856345432302245, "lam": 0.06183448079914866, "max_depth": 7.562759803934657, "min_child_weight": 6.183176229955444, "subsample": 0.522454273929658}, "datetime": {"datetime": "2020-04-25 13:23:19", "elapsed": 12998.991922, "delta": 50.764252}}
{"target": 0.6343168, "params": {"alpha": 0.9785890051679272, "colsample_bytree": 0.8893865118109423, "lam": 0.8856502146394968, "max_depth": 7.106981545280501, "min_child_weight": 2.35080168469225, "subsample": 0.8890237918924151}, "datetime": {"datetime": "2020-04-25 13:24:01", "elapsed": 13041.197759, "delta": 42.205837}}
{"target": 0.6391937999999999, "params": {"alpha": 0.9569217828004434, "colsample_bytree": 0.8601549243751643, "lam": 0.5519052104513152, "max_depth": 8.55627837858102, "min_child_weight": 8.969165832001849, "subsample": 0.7494154202006378}, "datetime": {"datetime": "2020-04-25 13:24:42", "elapsed": 13082.219758, "delta": 41.021999}}
{"target": 0.6378216, "params": {"alpha": 0.44691701254381777, "colsample_bytree": 0.885483624377057, "lam": 0.9656351719709487, "max_depth": 6.948442046039579, "min_child_weight": 9.935052577085356, "subsample": 0.6098330576428513}, "datetime": {"datetime": "2020-04-25 13:25:31", "elapsed": 13131.078561, "delta": 48.858803}}
{"target": 0.6256282, "params": {"alpha": 0.0365116931774736, "colsample_bytree": 0.7667415697229825, "lam": 0.475003779032237, "max_depth": 6.009046175261661, "min_child_weight": 7.3396802033948605, "subsample": 0.8584146046290079}, "datetime": {"datetime": "2020-04-25 13:26:04", "elapsed": 13163.886167, "delta": 32.807606}}
{"target": 0.6182496000000001, "params": {"alpha": 0.6142896471853899, "colsample_bytree": 0.8986141831388312, "lam": 0.1343604249431718, "max_depth": 6.999557136381668, "min_child_weight": 8.430581854721073, "subsample": 0.6089330546777961}, "datetime": {"datetime": "2020-04-25 13:26:47", "elapsed": 13206.496809, "delta": 42.610642}}
{"target": 0.6364846, "params": {"alpha": 0.00011815678635629379, "colsample_bytree": 0.8874700159499408, "lam": 0.13377004283333793, "max_depth": 9.966844044271282, "min_child_weight": 8.892313140054508, "subsample": 0.5775310911005052}, "datetime": {"datetime": "2020-04-25 13:27:29", "elapsed": 13249.1859, "delta": 42.689091}}
{"target": 0.6438374, "params": {"alpha": 0.5438080620980308, "colsample_bytree": 0.826304692174294, "lam": 0.951757743166236, "max_depth": 8.04305678587306, "min_child_weight": 9.22575564173925, "subsample": 0.8748333678888423}, "datetime": {"datetime": "2020-04-25 13:28:32", "elapsed": 13311.712728, "delta": 62.526828}}
{"target": 0.6413134, "params": {"alpha": 0.5857375813218098, "colsample_bytree": 0.8349111015787531, "lam": 0.9562756770599673, "max_depth": 8.303343026648449, "min_child_weight": 9.470166766130728, "subsample": 0.8602247504224927}, "datetime": {"datetime": "2020-04-25 13:29:36", "elapsed": 13375.922013, "delta": 64.209285}}
{"target": 0.6365306000000001, "params": {"alpha": 0.0460797964175369, "colsample_bytree": 0.8989110034107932, "lam": 0.9772129705068843, "max_depth": 7.786116461877526, "min_child_weight": 9.320584746987338, "subsample": 0.8588300772467865}, "datetime": {"datetime": "2020-04-25 13:30:30", "elapsed": 13429.342639, "delta": 53.420626}}
{"target": 0.6129206, "params": {"alpha": 0.9999999707995022, "colsample_bytree": 0.8999999977409175, "lam": 0.9999999943522966, "max_depth": 6.910192890574628, "min_child_weight": 1.000000062885016, "subsample": 0.8999999999999979}, "datetime": {"datetime": "2020-04-25 13:31:18", "elapsed": 13478.120377, "delta": 48.777738}}
{"target": 0.6320463999999999, "params": {"alpha": 0.027613965096914384, "colsample_bytree": 0.8819685976703724, "lam": 0.9905943479338175, "max_depth": 9.995444333212337, "min_child_weight": 7.474098153299252, "subsample": 0.8947056699792337}, "datetime": {"datetime": "2020-04-25 13:32:02", "elapsed": 13522.093358, "delta": 43.972981}}
{"target": 0.6273042, "params": {"alpha": 0.6657894160206023, "colsample_bytree": 0.8618832744832623, "lam": 0.9961085376635633, "max_depth": 8.264066232576539, "min_child_weight": 8.205231448289972, "subsample": 0.5394681988645564}, "datetime": {"datetime": "2020-04-25 13:32:37", "elapsed": 13556.313151, "delta": 34.219793}}
{"target": 0.64542, "params": {"alpha": 0.021919449155355486, "colsample_bytree": 0.8459020400001929, "lam": 0.9554930823962954, "max_depth": 5.500870165720327, "min_child_weight": 8.208990089206527, "subsample": 0.8301519041907025}, "datetime": {"datetime": "2020-04-25 13:33:22", "elapsed": 13602.171293, "delta": 45.858142}}
