{"target": 0.6342196, "params": {"alpha": 0.33334523480563205, "colsample_bytree": 0.8897533037203769, "lam": 0.028145008812145655, "max_depth": 6.232412912566297, "min_child_weight": 7.960736634142134, "subsample": 0.8002660857049348}, "datetime": {"datetime": "2020-04-25 16:16:18", "elapsed": 5021.555945, "delta": 17.930993}}
{"target": 0.6390046, "params": {"alpha": 0.389096041680955, "colsample_bytree": 0.8200400230924023, "lam": 0.35859443309043515, "max_depth": 7.4075496464792545, "min_child_weight": 8.235820867023428, "subsample": 0.8071011515820821}, "datetime": {"datetime": "2020-04-25 16:16:42", "elapsed": 5045.670258, "delta": 24.114313}}
{"target": 0.6084685999999999, "params": {"alpha": 0.9808867562143805, "colsample_bytree": 0.8716718480147336, "lam": 0.9486718659157115, "max_depth": 8.779313504746277, "min_child_weight": 3.367184936888817, "subsample": 0.537425928870361}, "datetime": {"datetime": "2020-04-25 16:17:00", "elapsed": 5063.818217, "delta": 18.147959}}
{"target": 0.6419317999999999, "params": {"alpha": 0.7737094594026909, "colsample_bytree": 0.8766941943216755, "lam": 0.028639790073365146, "max_depth": 8.30316543685985, "min_child_weight": 9.998698071515253, "subsample": 0.8802693367903559}, "datetime": {"datetime": "2020-04-25 16:17:20", "elapsed": 5083.136197, "delta": 19.31798}}
{"target": 0.6302238000000001, "params": {"alpha": 0.12599441127990185, "colsample_bytree": 0.7976020856928072, "lam": 0.9265737139404754, "max_depth": 9.562236147901416, "min_child_weight": 7.498877334581646, "subsample": 0.8983642630715002}, "datetime": {"datetime": "2020-04-25 16:17:50", "elapsed": 5113.483481, "delta": 30.347284}}
{"target": 0.6314612000000001, "params": {"alpha": 0.9633962135375199, "colsample_bytree": 0.6786208881658804, "lam": 0.9227931646498895, "max_depth": 7.260389629400523, "min_child_weight": 5.234102894330147, "subsample": 0.8825527861161193}, "datetime": {"datetime": "2020-04-25 16:18:15", "elapsed": 5138.374944, "delta": 24.891463}}
{"target": 0.6201658, "params": {"alpha": 0.38108884185644654, "colsample_bytree": 0.7032540137360296, "lam": 0.008546288411794056, "max_depth": 8.322494541845, "min_child_weight": 8.155079538199544, "subsample": 0.5424703680408074}, "datetime": {"datetime": "2020-04-25 16:18:39", "elapsed": 5163.033098, "delta": 24.658154}}
{"target": 0.6304565999999999, "params": {"alpha": 0.6610899400149711, "colsample_bytree": 0.8516134749185396, "lam": 0.6581640543625414, "max_depth": 6.562619773327593, "min_child_weight": 9.957091574592496, "subsample": 0.7840474188641353}, "datetime": {"datetime": "2020-04-25 16:19:02", "elapsed": 5185.301403, "delta": 22.268305}}
{"target": 0.6303813999999999, "params": {"alpha": 1.0, "colsample_bytree": 0.8999999976233274, "lam": 0.9999999990462453, "max_depth": 4.589001061574516, "min_child_weight": 2.2051706494653636, "subsample": 0.9}, "datetime": {"datetime": "2020-04-25 16:19:23", "elapsed": 5206.355122, "delta": 21.053719}}
{"target": 0.6322622, "params": {"alpha": 0.9692289458729294, "colsample_bytree": 0.7005758990237814, "lam": 0.9579983461266404, "max_depth": 5.313285362508663, "min_child_weight": 6.4498648864520405, "subsample": 0.8396529822730794}, "datetime": {"datetime": "2020-04-25 16:19:48", "elapsed": 5231.903894, "delta": 25.548772}}
{"target": 0.6247564, "params": {"alpha": 0.08583553662156085, "colsample_bytree": 0.8986158325252387, "lam": 0.014531018147398544, "max_depth": 3.8509562748389152, "min_child_weight": 6.220220461625661, "subsample": 0.6259133915271174}, "datetime": {"datetime": "2020-04-25 16:20:15", "elapsed": 5258.863777, "delta": 26.959883}}
{"target": 0.6307848, "params": {"alpha": 0.9905532899584029, "colsample_bytree": 0.6613395507100577, "lam": 0.9579917160772392, "max_depth": 7.760609661475307, "min_child_weight": 4.504493788043046, "subsample": 0.872252830693852}, "datetime": {"datetime": "2020-04-25 16:20:40", "elapsed": 5283.991836, "delta": 25.128059}}
{"target": 0.6387006, "params": {"alpha": 0.8370440904304209, "colsample_bytree": 0.8909716597429262, "lam": 0.4288302033136777, "max_depth": 8.15927225191666, "min_child_weight": 7.8954048560950625, "subsample": 0.7769988681688375}, "datetime": {"datetime": "2020-04-25 16:21:02", "elapsed": 5305.265702, "delta": 21.273866}}
{"target": 0.6333588000000001, "params": {"alpha": 0.9704288632208486, "colsample_bytree": 0.7918847336498964, "lam": 0.9700066587074705, "max_depth": 5.083594526465061, "min_child_weight": 7.7243525260676975, "subsample": 0.8928338104163246}, "datetime": {"datetime": "2020-04-25 16:21:25", "elapsed": 5328.3459, "delta": 23.080198}}
{"target": 0.6355614, "params": {"alpha": 0.28879907562933615, "colsample_bytree": 0.7283206114304409, "lam": 0.010415330113281662, "max_depth": 6.23840877547025, "min_child_weight": 9.454315297038889, "subsample": 0.6486552534676768}, "datetime": {"datetime": "2020-04-25 16:21:44", "elapsed": 5347.591778, "delta": 19.245878}}
{"target": 0.637799, "params": {"alpha": 0.816823637109948, "colsample_bytree": 0.8582772849260525, "lam": 0.9451342957087644, "max_depth": 8.833046554219127, "min_child_weight": 8.30336088958514, "subsample": 0.8776273921504096}, "datetime": {"datetime": "2020-04-25 16:22:13", "elapsed": 5376.748871, "delta": 29.157093}}
{"target": 0.6272162, "params": {"alpha": 0.8771256888898581, "colsample_bytree": 0.8997882858847412, "lam": 0.37682487623113103, "max_depth": 3.623250065944067, "min_child_weight": 6.83057176017965, "subsample": 0.8898816434147141}, "datetime": {"datetime": "2020-04-25 16:22:31", "elapsed": 5394.938587, "delta": 18.189716}}
{"target": 0.6377564, "params": {"alpha": 0.04901633522616111, "colsample_bytree": 0.8992263434932037, "lam": 0.33535903848344495, "max_depth": 7.429149108528662, "min_child_weight": 8.40712332504388, "subsample": 0.7724961098314909}, "datetime": {"datetime": "2020-04-25 16:22:51", "elapsed": 5415.078017, "delta": 20.13943}}
{"target": 0.6374139999999999, "params": {"alpha": 0.971879600921145, "colsample_bytree": 0.8907965719851236, "lam": 0.0707802287427256, "max_depth": 8.323093467933372, "min_child_weight": 6.929701236157339, "subsample": 0.7030639363676033}, "datetime": {"datetime": "2020-04-25 16:23:17", "elapsed": 5440.671877, "delta": 25.59386}}
{"target": 0.6308994, "params": {"alpha": 0.43514783330270446, "colsample_bytree": 0.7640630757996978, "lam": 0.9834568611654703, "max_depth": 5.382909582285881, "min_child_weight": 8.084097813574846, "subsample": 0.7490753192812042}, "datetime": {"datetime": "2020-04-25 16:23:38", "elapsed": 5461.960057, "delta": 21.28818}}
{"target": 0.6248628, "params": {"alpha": 0.9388765082631931, "colsample_bytree": 0.871087255424426, "lam": 0.00408617682549739, "max_depth": 7.196464657214673, "min_child_weight": 7.567209606961725, "subsample": 0.699805779552557}, "datetime": {"datetime": "2020-04-25 16:23:59", "elapsed": 5482.814265, "delta": 20.854208}}
{"target": 0.6240080000000001, "params": {"alpha": 0.06897568159982526, "colsample_bytree": 0.8848171647111278, "lam": 0.05346646964629098, "max_depth": 7.825780378192363, "min_child_weight": 5.915750646892399, "subsample": 0.5820391913771742}, "datetime": {"datetime": "2020-04-25 16:24:21", "elapsed": 5505.071152, "delta": 22.256887}}
{"target": 0.6324434, "params": {"alpha": 0.35686953767985474, "colsample_bytree": 0.8945016604023066, "lam": 0.8540693740763936, "max_depth": 5.040510523041251, "min_child_weight": 1.028273315343573, "subsample": 0.5007768103700057}, "datetime": {"datetime": "2020-04-25 16:24:46", "elapsed": 5529.520796, "delta": 24.449644}}
{"target": 0.598901, "params": {"alpha": 1.0, "colsample_bytree": 0.9, "lam": 2.0764985229493576e-09, "max_depth": 3.0, "min_child_weight": 9.999999998509772, "subsample": 0.9}, "datetime": {"datetime": "2020-04-25 16:25:19", "elapsed": 5562.513301, "delta": 32.992505}}
{"target": 0.619144, "params": {"alpha": 0.9981145438097045, "colsample_bytree": 0.5604553731014728, "lam": 0.38835397135877336, "max_depth": 6.2576980835549465, "min_child_weight": 5.600989334368022, "subsample": 0.8827006962363841}, "datetime": {"datetime": "2020-04-25 16:25:44", "elapsed": 5587.616467, "delta": 25.103166}}
{"target": 0.6250992, "params": {"alpha": 0.03369021326750221, "colsample_bytree": 0.8391555666778527, "lam": 0.011612453157533453, "max_depth": 9.68413170038491, "min_child_weight": 6.439714199718379, "subsample": 0.8208654564723907}, "datetime": {"datetime": "2020-04-25 16:26:09", "elapsed": 5612.220363, "delta": 24.603896}}
{"target": 0.5995436000000001, "params": {"alpha": 0.1993302842762018, "colsample_bytree": 0.8833004533804187, "lam": 0.9623093681892158, "max_depth": 9.133195102199998, "min_child_weight": 2.253923993804967, "subsample": 0.5541694350347445}, "datetime": {"datetime": "2020-04-25 16:26:29", "elapsed": 5632.823827, "delta": 20.603464}}
{"target": 0.6291778000000001, "params": {"alpha": 0.9751804819316245, "colsample_bytree": 0.8703376875886586, "lam": 0.9930367269008474, "max_depth": 7.374286046264684, "min_child_weight": 4.486792909440821, "subsample": 0.8988140155199512}, "datetime": {"datetime": "2020-04-25 16:26:54", "elapsed": 5657.465747, "delta": 24.64192}}
{"target": 0.5994216, "params": {"alpha": 0.9516192150106033, "colsample_bytree": 0.8844930007952023, "lam": 0.5713818995530398, "max_depth": 7.841436261392884, "min_child_weight": 3.7878576926861216, "subsample": 0.5442006963071632}, "datetime": {"datetime": "2020-04-25 16:27:18", "elapsed": 5681.612718, "delta": 24.146971}}
{"target": 0.6347723999999999, "params": {"alpha": 0.8773332045023642, "colsample_bytree": 0.8504086102628743, "lam": 0.5369929609105454, "max_depth": 6.386857752655272, "min_child_weight": 3.9762273448415604, "subsample": 0.7480350880326238}, "datetime": {"datetime": "2020-04-25 16:27:38", "elapsed": 5701.950973, "delta": 20.338255}}
{"target": 0.6422209999999999, "params": {"alpha": 0.059298784882843125, "colsample_bytree": 0.8901247370357915, "lam": 0.9742906120128156, "max_depth": 5.588072401540638, "min_child_weight": 4.360138516620684, "subsample": 0.8960442710025731}, "datetime": {"datetime": "2020-04-25 16:28:03", "elapsed": 5726.948677, "delta": 24.997704}}
{"target": 0.6340418000000001, "params": {"alpha": 0.010734159740427796, "colsample_bytree": 0.8964401006700764, "lam": 0.022582669282496748, "max_depth": 8.896768574021202, "min_child_weight": 5.519816576620765, "subsample": 0.570536598617491}, "datetime": {"datetime": "2020-04-25 16:28:22", "elapsed": 5745.734701, "delta": 18.786024}}
{"target": 0.6323408, "params": {"alpha": 0.1511918461211107, "colsample_bytree": 0.6844755618601317, "lam": 0.9755590873090202, "max_depth": 5.327750696129658, "min_child_weight": 9.97067792791863, "subsample": 0.8610146590676027}, "datetime": {"datetime": "2020-04-25 16:28:45", "elapsed": 5769.034305, "delta": 23.299604}}
{"target": 0.611541, "params": {"alpha": 0.0, "colsample_bytree": 0.8999999697038912, "lam": 1.0, "max_depth": 7.0465401585140635, "min_child_weight": 1.0, "subsample": 0.9}, "datetime": {"datetime": "2020-04-25 16:29:08", "elapsed": 5791.906856, "delta": 22.872551}}
{"target": 0.6312414000000001, "params": {"alpha": 0.008260549274520801, "colsample_bytree": 0.898584797974166, "lam": 0.05487660588085963, "max_depth": 9.742927834105354, "min_child_weight": 7.832519979256677, "subsample": 0.6050099901770327}, "datetime": {"datetime": "2020-04-25 16:29:30", "elapsed": 5813.613192, "delta": 21.706336}}
{"target": 0.6222006, "params": {"alpha": 0.0, "colsample_bytree": 0.8999999770097539, "lam": 0.9999999425252961, "max_depth": 9.9999999736889, "min_child_weight": 4.55484094190916, "subsample": 0.8999999999998535}, "datetime": {"datetime": "2020-04-25 16:29:50", "elapsed": 5833.416607, "delta": 19.803415}}
{"target": 0.5816914000000001, "params": {"alpha": 0.9908199651524151, "colsample_bytree": 0.8933304273736867, "lam": 0.3663770840784636, "max_depth": 7.559238979519759, "min_child_weight": 1.4589396060212594, "subsample": 0.50962733393929}, "datetime": {"datetime": "2020-04-25 16:30:12", "elapsed": 5855.907801, "delta": 22.491194}}
{"target": 0.636872, "params": {"alpha": 0.017366312509024984, "colsample_bytree": 0.8778590652425, "lam": 0.9373848714183426, "max_depth": 4.876807689512924, "min_child_weight": 3.66561128428917, "subsample": 0.8886395943306316}, "datetime": {"datetime": "2020-04-25 16:30:34", "elapsed": 5877.538891, "delta": 21.63109}}
{"target": 0.623989, "params": {"alpha": 0.9877103572740509, "colsample_bytree": 0.8408788052873578, "lam": 0.891667777858148, "max_depth": 3.797121233072822, "min_child_weight": 5.123337093166188, "subsample": 0.8625467220414456}, "datetime": {"datetime": "2020-04-25 16:31:05", "elapsed": 5908.915965, "delta": 31.377074}}
{"target": 0.6290346, "params": {"alpha": 0.1080571422874621, "colsample_bytree": 0.8969191731107917, "lam": 0.4675020545910049, "max_depth": 9.901260965755089, "min_child_weight": 9.595278690121313, "subsample": 0.5520515160763442}, "datetime": {"datetime": "2020-04-25 16:31:35", "elapsed": 5938.887786, "delta": 29.971821}}
{"target": 0.6309644000000001, "params": {"alpha": 3.6763653510071855e-08, "colsample_bytree": 0.8999999997037126, "lam": 3.904154499478883e-08, "max_depth": 9.999999992350364, "min_child_weight": 9.99999995845546, "subsample": 0.899999999187448}, "datetime": {"datetime": "2020-04-25 16:32:07", "elapsed": 5971.019667, "delta": 32.131881}}
{"target": 0.6330998, "params": {"alpha": 0.5440122715268401, "colsample_bytree": 0.6995652169928079, "lam": 0.5111860224840782, "max_depth": 7.761827577279453, "min_child_weight": 9.761705956457607, "subsample": 0.8930592217985933}, "datetime": {"datetime": "2020-04-25 16:32:35", "elapsed": 5998.10434, "delta": 27.084673}}
{"target": 0.6386952, "params": {"alpha": 0.03635051558148472, "colsample_bytree": 0.8676334452780147, "lam": 0.0033004309599906634, "max_depth": 9.46034029607997, "min_child_weight": 9.058326886777097, "subsample": 0.7397807274517326}, "datetime": {"datetime": "2020-04-25 16:32:58", "elapsed": 6021.31679, "delta": 23.21245}}
{"target": 0.6311374, "params": {"alpha": 0.030148600772968992, "colsample_bytree": 0.8758929010263481, "lam": 0.005091873734989871, "max_depth": 4.538046902809693, "min_child_weight": 7.289084560640826, "subsample": 0.8879706534791549}, "datetime": {"datetime": "2020-04-25 16:33:18", "elapsed": 6041.321954, "delta": 20.005164}}
{"target": 0.6146256, "params": {"alpha": 0.9999999961144818, "colsample_bytree": 0.8999999887778107, "lam": 0.029886077616207953, "max_depth": 9.999999989670847, "min_child_weight": 4.14939424532556, "subsample": 0.8999999872571901}, "datetime": {"datetime": "2020-04-25 16:33:38", "elapsed": 6061.256328, "delta": 19.934374}}
{"target": 0.635988, "params": {"alpha": 0.9884115972406089, "colsample_bytree": 0.8907819982754439, "lam": 0.9302459856585595, "max_depth": 6.8036724866432525, "min_child_weight": 8.893490647766043, "subsample": 0.8958682296639786}, "datetime": {"datetime": "2020-04-25 16:34:02", "elapsed": 6085.554878, "delta": 24.29855}}
{"target": 0.6377362, "params": {"alpha": 0.21641663405921185, "colsample_bytree": 0.8781799696057797, "lam": 0.2324926652009075, "max_depth": 5.747154647784478, "min_child_weight": 9.814706502913975, "subsample": 0.7877290317421188}, "datetime": {"datetime": "2020-04-25 16:34:25", "elapsed": 6108.736475, "delta": 23.181597}}
{"target": 0.6348242, "params": {"alpha": 0.5418420232079185, "colsample_bytree": 0.8188146956386892, "lam": 0.9895587475702861, "max_depth": 7.381207627087642, "min_child_weight": 7.404714983530586, "subsample": 0.8758082343592171}, "datetime": {"datetime": "2020-04-25 16:34:50", "elapsed": 6133.987977, "delta": 25.251502}}
{"target": 0.6357352, "params": {"alpha": 0.9814507380183215, "colsample_bytree": 0.8649869107830286, "lam": 0.38479624881545005, "max_depth": 7.381710805257118, "min_child_weight": 8.538460448560716, "subsample": 0.7936854973597902}, "datetime": {"datetime": "2020-04-25 16:35:13", "elapsed": 6156.579013, "delta": 22.591036}}
{"target": 0.6302566000000001, "params": {"alpha": 0.9964595316150182, "colsample_bytree": 0.8437971170079559, "lam": 0.0023311967034436165, "max_depth": 5.884440599385279, "min_child_weight": 8.99504399759486, "subsample": 0.7540512331011009}, "datetime": {"datetime": "2020-04-25 16:35:37", "elapsed": 6180.649621, "delta": 24.070608}}
{"target": 0.6178302, "params": {"alpha": 0.16888904749698996, "colsample_bytree": 0.5528369940970621, "lam": 0.08463637143272751, "max_depth": 6.173591051680817, "min_child_weight": 8.89202487419745, "subsample": 0.8909586475798614}, "datetime": {"datetime": "2020-04-25 16:35:55", "elapsed": 6198.323804, "delta": 17.674183}}
{"target": 0.6206434, "params": {"alpha": 0.49034328831019935, "colsample_bytree": 0.8990673599231641, "lam": 0.7992897026463015, "max_depth": 4.015590623468359, "min_child_weight": 1.0092271605921308, "subsample": 0.8505290333076059}, "datetime": {"datetime": "2020-04-25 16:36:19", "elapsed": 6222.771375, "delta": 24.447571}}
{"target": 0.6410473999999999, "params": {"alpha": 0.027748033998302946, "colsample_bytree": 0.8933396233865074, "lam": 0.9904234713050379, "max_depth": 8.292599228206539, "min_child_weight": 8.102976803974435, "subsample": 0.8913195877635289}, "datetime": {"datetime": "2020-04-25 16:36:47", "elapsed": 6250.140318, "delta": 27.368943}}
{"target": 0.5967864, "params": {"alpha": 0.9639638294605255, "colsample_bytree": 0.8764864079378254, "lam": 0.8876168035047783, "max_depth": 3.426011177607955, "min_child_weight": 7.710479973740803, "subsample": 0.8725055380710522}, "datetime": {"datetime": "2020-04-25 16:37:16", "elapsed": 6279.485826, "delta": 29.345508}}
{"target": 0.6245769999999999, "params": {"alpha": 0.9465894926241321, "colsample_bytree": 0.8872475001508853, "lam": 0.987439819830187, "max_depth": 6.311013674176817, "min_child_weight": 1.5985637559507548, "subsample": 0.538323857239726}, "datetime": {"datetime": "2020-04-25 16:37:41", "elapsed": 6305.002649, "delta": 25.516823}}
{"target": 0.6136698, "params": {"alpha": 0.9471484159893875, "colsample_bytree": 0.8790669607893271, "lam": 0.2317651423110273, "max_depth": 3.6705214626628315, "min_child_weight": 8.538741214075262, "subsample": 0.507275175366907}, "datetime": {"datetime": "2020-04-25 16:38:06", "elapsed": 6329.861562, "delta": 24.858913}}
{"target": 0.621378, "params": {"alpha": 0.44616334564839233, "colsample_bytree": 0.8966470377424665, "lam": 0.9375081770282734, "max_depth": 4.0876196297084135, "min_child_weight": 6.612194044443214, "subsample": 0.7636092537589272}, "datetime": {"datetime": "2020-04-25 16:38:34", "elapsed": 6357.206987, "delta": 27.345425}}
{"target": 0.5839474, "params": {"alpha": 0.010648188404741687, "colsample_bytree": 0.5865199498141513, "lam": 0.9288078915775857, "max_depth": 3.940196286068113, "min_child_weight": 8.487491429111827, "subsample": 0.5011797868026878}, "datetime": {"datetime": "2020-04-25 16:38:53", "elapsed": 6376.514299, "delta": 19.307312}}
{"target": 0.6234645999999999, "params": {"alpha": 0.015168297340813819, "colsample_bytree": 0.8929750411876143, "lam": 0.3899741043155803, "max_depth": 4.371453584544788, "min_child_weight": 1.7215061939512655, "subsample": 0.8917723619296907}, "datetime": {"datetime": "2020-04-25 16:39:21", "elapsed": 6405.046243, "delta": 28.531944}}
{"target": 0.6342118, "params": {"alpha": 0.9765003366962086, "colsample_bytree": 0.8871904450714418, "lam": 0.9842993819805705, "max_depth": 4.895908714454227, "min_child_weight": 9.313744234812846, "subsample": 0.8865450668843293}, "datetime": {"datetime": "2020-04-25 16:39:51", "elapsed": 6434.429207, "delta": 29.382964}}
{"target": 0.6103486, "params": {"alpha": 0.059693765680194355, "colsample_bytree": 0.881458150786351, "lam": 0.9747960215158433, "max_depth": 3.8321377970053243, "min_child_weight": 2.1478629475346223, "subsample": 0.8887086633714476}, "datetime": {"datetime": "2020-04-25 16:40:16", "elapsed": 6459.302695, "delta": 24.873488}}
{"target": 0.6383402, "params": {"alpha": 0.9907289568350219, "colsample_bytree": 0.8942503830015632, "lam": 0.014555288357451124, "max_depth": 5.662864024091564, "min_child_weight": 8.062354959932534, "subsample": 0.646469528033926}, "datetime": {"datetime": "2020-04-25 16:40:46", "elapsed": 6489.127041, "delta": 29.824346}}
{"target": 0.6340892, "params": {"alpha": 0.06698216181895678, "colsample_bytree": 0.8561959760625011, "lam": 0.9903701697011702, "max_depth": 5.4244550382221846, "min_child_weight": 8.81767335155189, "subsample": 0.8811915641261205}, "datetime": {"datetime": "2020-04-25 16:41:09", "elapsed": 6512.8476, "delta": 23.720559}}
{"target": 0.6326084, "params": {"alpha": 0.0011148974038667214, "colsample_bytree": 0.812552483322962, "lam": 0.9275950712482288, "max_depth": 8.968075263727805, "min_child_weight": 8.175830021233065, "subsample": 0.8798790761038617}, "datetime": {"datetime": "2020-04-25 16:41:41", "elapsed": 6544.585418, "delta": 31.737818}}
{"target": 0.6154832000000001, "params": {"alpha": 0.9609358978378554, "colsample_bytree": 0.8700120430090149, "lam": 0.005384369353561902, "max_depth": 3.892426802985007, "min_child_weight": 1.0577397754458673, "subsample": 0.7489118248896991}, "datetime": {"datetime": "2020-04-25 16:42:06", "elapsed": 6569.480775, "delta": 24.895357}}
{"target": 0.6236924, "params": {"alpha": 0.0027674858213729836, "colsample_bytree": 0.6917329091447725, "lam": 0.01955563395444504, "max_depth": 8.626167270629264, "min_child_weight": 5.301334648436307, "subsample": 0.8695639526911052}, "datetime": {"datetime": "2020-04-25 16:42:34", "elapsed": 6597.949151, "delta": 28.468376}}
{"target": 0.5926823999999999, "params": {"alpha": 0.9304945315976738, "colsample_bytree": 0.5105732859762631, "lam": 0.9692284442364361, "max_depth": 9.314864411216483, "min_child_weight": 2.881500772152267, "subsample": 0.805199436524501}, "datetime": {"datetime": "2020-04-25 16:43:05", "elapsed": 6628.762779, "delta": 30.813628}}
