{"target": 0.6273078, "params": {"alpha": 0.9733441053881474, "colsample_bytree": 0.891193170523963, "lam": 0.9523946592950578, "max_depth": 7.740585650020768, "min_child_weight": 7.302011018140156, "subsample": 0.889811356247344}, "datetime": {"datetime": "2020-04-25 12:42:23", "elapsed": 1363.349252, "delta": 8.771462}}
{"target": 0.6343247999999999, "params": {"alpha": 0.9720641728545625, "colsample_bytree": 0.8480333306742143, "lam": 0.9989997241291112, "max_depth": 5.149294848864492, "min_child_weight": 2.367577483801356, "subsample": 0.85286347621598}, "datetime": {"datetime": "2020-04-25 12:42:32", "elapsed": 1371.822404, "delta": 8.473152}}
{"target": 0.630618, "params": {"alpha": 0.9328902829318423, "colsample_bytree": 0.8444236251343035, "lam": 0.038279015902148994, "max_depth": 5.2927085481294185, "min_child_weight": 7.452951876500697, "subsample": 0.8949429819672232}, "datetime": {"datetime": "2020-04-25 12:42:39", "elapsed": 1378.698811, "delta": 6.876407}}
{"target": 0.6344698, "params": {"alpha": 0.9999999975278184, "colsample_bytree": 0.8999999999999986, "lam": 9.364967907414787e-10, "max_depth": 6.9776843421869, "min_child_weight": 3.884268516206652, "subsample": 0.8999999999999989}, "datetime": {"datetime": "2020-04-25 12:42:46", "elapsed": 1386.050526, "delta": 7.351715}}
{"target": 0.6296982, "params": {"alpha": 0.9414617300396109, "colsample_bytree": 0.8642286046819239, "lam": 0.9775659759723598, "max_depth": 4.746856850121808, "min_child_weight": 1.9098071188638654, "subsample": 0.8946602982064981}, "datetime": {"datetime": "2020-04-25 12:42:54", "elapsed": 1393.935515, "delta": 7.884989}}
{"target": 0.6349848, "params": {"alpha": 0.8687520440840208, "colsample_bytree": 0.8817705178134163, "lam": 0.6056828362091726, "max_depth": 7.470651445569708, "min_child_weight": 8.868341806292381, "subsample": 0.7228553812147563}, "datetime": {"datetime": "2020-04-25 12:43:02", "elapsed": 1402.029986, "delta": 8.094471}}
{"target": 0.6348269999999999, "params": {"alpha": 0.0425587808066934, "colsample_bytree": 0.7879036938951673, "lam": 0.12624595237505365, "max_depth": 8.521173858586609, "min_child_weight": 9.768815627728662, "subsample": 0.8987084380354149}, "datetime": {"datetime": "2020-04-25 12:43:10", "elapsed": 1410.436321, "delta": 8.406335}}
{"target": 0.6373206, "params": {"alpha": 0.047487951952862706, "colsample_bytree": 0.893328515319424, "lam": 0.5480131781131258, "max_depth": 7.2340424087225275, "min_child_weight": 9.861166981094764, "subsample": 0.844264636558956}, "datetime": {"datetime": "2020-04-25 12:43:20", "elapsed": 1419.82323, "delta": 9.386909}}
{"target": 0.6334296, "params": {"alpha": 0.862283009986258, "colsample_bytree": 0.8854350222220964, "lam": 0.03132250025056593, "max_depth": 9.252949069168235, "min_child_weight": 9.425234663688757, "subsample": 0.8789258417802608}, "datetime": {"datetime": "2020-04-25 12:43:30", "elapsed": 1429.918718, "delta": 10.095488}}
{"target": 0.6245516, "params": {"alpha": 0.3165755126641421, "colsample_bytree": 0.812164041738795, "lam": 0.005797839392561288, "max_depth": 7.826013810706821, "min_child_weight": 4.165401645598036, "subsample": 0.8953095936004807}, "datetime": {"datetime": "2020-04-25 12:43:39", "elapsed": 1439.401637, "delta": 9.482919}}
{"target": 0.6293947999999999, "params": {"alpha": 0.19233305481915375, "colsample_bytree": 0.8988463201288723, "lam": 0.9942998163545326, "max_depth": 9.833989939014387, "min_child_weight": 4.343515148098335, "subsample": 0.8819694495887984}, "datetime": {"datetime": "2020-04-25 12:43:50", "elapsed": 1449.70462, "delta": 10.302983}}
{"target": 0.6208986000000001, "params": {"alpha": 0.9761041793242903, "colsample_bytree": 0.851722045189128, "lam": 0.001284796402682642, "max_depth": 4.953363129636043, "min_child_weight": 1.7719782846431258, "subsample": 0.891862076486601}, "datetime": {"datetime": "2020-04-25 12:44:01", "elapsed": 1461.026793, "delta": 11.322173}}
{"target": 0.6213686, "params": {"alpha": 0.0, "colsample_bytree": 0.8999999689394361, "lam": 3.5544718318383044e-09, "max_depth": 4.405866805428717, "min_child_weight": 9.999999997133845, "subsample": 0.5000000026683216}, "datetime": {"datetime": "2020-04-25 12:44:08", "elapsed": 1467.920108, "delta": 6.893315}}
{"target": 0.6380068, "params": {"alpha": 0.02086516653745374, "colsample_bytree": 0.8849903449994238, "lam": 0.5525504562937049, "max_depth": 9.97481363900529, "min_child_weight": 5.792101174722892, "subsample": 0.8585361783002443}, "datetime": {"datetime": "2020-04-25 12:44:19", "elapsed": 1479.174332, "delta": 11.254224}}
{"target": 0.6208856, "params": {"alpha": 0.8187699341239953, "colsample_bytree": 0.8851944060803849, "lam": 0.9816225892773384, "max_depth": 4.6135174093445706, "min_child_weight": 3.040454152994161, "subsample": 0.5075760927238422}, "datetime": {"datetime": "2020-04-25 12:44:27", "elapsed": 1486.96906, "delta": 7.794728}}
{"target": 0.6140722000000001, "params": {"alpha": 0.9739363453564059, "colsample_bytree": 0.577430659192845, "lam": 0.0038914269473101504, "max_depth": 6.816499984691903, "min_child_weight": 7.169472857381104, "subsample": 0.7010239801885944}, "datetime": {"datetime": "2020-04-25 12:44:37", "elapsed": 1496.872821, "delta": 9.903761}}
{"target": 0.6283016, "params": {"alpha": 0.02137129485795941, "colsample_bytree": 0.8317224810709531, "lam": 0.002392712472209846, "max_depth": 9.80686045332277, "min_child_weight": 7.39754286220528, "subsample": 0.5559880645736954}, "datetime": {"datetime": "2020-04-25 12:44:47", "elapsed": 1507.225443, "delta": 10.352622}}
{"target": 0.6316304, "params": {"alpha": 0.3844654637499135, "colsample_bytree": 0.8994554269290855, "lam": 0.05107870732899522, "max_depth": 5.900187460946599, "min_child_weight": 8.677772778078968, "subsample": 0.8965167126655844}, "datetime": {"datetime": "2020-04-25 12:44:57", "elapsed": 1517.42187, "delta": 10.196427}}
{"target": 0.6367771999999999, "params": {"alpha": 0.026864296243043206, "colsample_bytree": 0.87892995033738, "lam": 0.003839319736944735, "max_depth": 6.905527477733139, "min_child_weight": 9.941938457815318, "subsample": 0.8577058118117048}, "datetime": {"datetime": "2020-04-25 12:45:05", "elapsed": 1525.22245, "delta": 7.80058}}
{"target": 0.6383606000000001, "params": {"alpha": 0.007329954834872532, "colsample_bytree": 0.8885562450195488, "lam": 0.9791135797398253, "max_depth": 6.439658278482314, "min_child_weight": 6.655225355787463, "subsample": 0.8884914071219057}, "datetime": {"datetime": "2020-04-25 12:45:14", "elapsed": 1533.846264, "delta": 8.623814}}
{"target": 0.6288424, "params": {"alpha": 0.007491464525557601, "colsample_bytree": 0.801030903487725, "lam": 0.3891134950386468, "max_depth": 7.742696106253573, "min_child_weight": 6.317946253314914, "subsample": 0.8942200977423943}, "datetime": {"datetime": "2020-04-25 12:45:22", "elapsed": 1541.773987, "delta": 7.927723}}
{"target": 0.6308806, "params": {"alpha": 0.054969520530676275, "colsample_bytree": 0.8968049440981651, "lam": 0.6915418301491532, "max_depth": 4.628691445016347, "min_child_weight": 2.389027758238128, "subsample": 0.7051104617628772}, "datetime": {"datetime": "2020-04-25 12:45:31", "elapsed": 1550.712371, "delta": 8.938384}}
{"target": 0.6370262, "params": {"alpha": 0.6765229395443343, "colsample_bytree": 0.8444638895382104, "lam": 0.028410036583725984, "max_depth": 7.51434375734763, "min_child_weight": 6.554312379077674, "subsample": 0.8631430906875794}, "datetime": {"datetime": "2020-04-25 12:45:40", "elapsed": 1560.212707, "delta": 9.500336}}
{"target": 0.6390282, "params": {"alpha": 0.9206729269722406, "colsample_bytree": 0.8775381587846982, "lam": 0.9800896078943078, "max_depth": 6.1410612720564, "min_child_weight": 8.676396479264831, "subsample": 0.8597249314637176}, "datetime": {"datetime": "2020-04-25 12:45:48", "elapsed": 1568.334894, "delta": 8.122187}}
{"target": 0.5506404, "params": {"alpha": 2.670182022177423e-08, "colsample_bytree": 0.5000000133937401, "lam": 1.0, "max_depth": 8.995360965166576, "min_child_weight": 1.1946959483582666, "subsample": 0.5000000199621764}, "datetime": {"datetime": "2020-04-25 12:45:56", "elapsed": 1576.40245, "delta": 8.067556}}
{"target": 0.6408742000000001, "params": {"alpha": 0.9608685299875448, "colsample_bytree": 0.8632034066208844, "lam": 0.062068551772933134, "max_depth": 9.856273451031322, "min_child_weight": 8.347466453073693, "subsample": 0.8472952263423614}, "datetime": {"datetime": "2020-04-25 12:46:06", "elapsed": 1585.794473, "delta": 9.392023}}
{"target": 0.6249596000000001, "params": {"alpha": 0.9406536284976352, "colsample_bytree": 0.8835483163721485, "lam": 0.48683664426394335, "max_depth": 4.36408099411401, "min_child_weight": 2.64564249733809, "subsample": 0.8582658574364367}, "datetime": {"datetime": "2020-04-25 12:46:15", "elapsed": 1594.838816, "delta": 9.044343}}
{"target": 0.6259706, "params": {"alpha": 0.948045198884036, "colsample_bytree": 0.8897624471622194, "lam": 0.3737892018430411, "max_depth": 7.755889471170284, "min_child_weight": 6.2444633241892, "subsample": 0.7260850843963569}, "datetime": {"datetime": "2020-04-25 12:46:23", "elapsed": 1603.033233, "delta": 8.194417}}
{"target": 0.6128804, "params": {"alpha": 0.08855308930072348, "colsample_bytree": 0.8930807409084742, "lam": 0.5228618095109807, "max_depth": 8.250692824772724, "min_child_weight": 1.6863087280018418, "subsample": 0.7938775750959504}, "datetime": {"datetime": "2020-04-25 12:46:34", "elapsed": 1613.823059, "delta": 10.789826}}
{"target": 0.6353405999999999, "params": {"alpha": 0.15836456225181983, "colsample_bytree": 0.8977375513300875, "lam": 0.0313702346765915, "max_depth": 7.745255921480573, "min_child_weight": 9.882897010342576, "subsample": 0.8900775351115482}, "datetime": {"datetime": "2020-04-25 12:46:42", "elapsed": 1622.293577, "delta": 8.470518}}
{"target": 0.6244066, "params": {"alpha": 0.03200136862444103, "colsample_bytree": 0.8164312736134822, "lam": 0.013756187793283914, "max_depth": 6.772307840998174, "min_child_weight": 9.382951571415811, "subsample": 0.5403586338520521}, "datetime": {"datetime": "2020-04-25 12:46:54", "elapsed": 1634.187052, "delta": 11.893475}}
{"target": 0.6097587999999999, "params": {"alpha": 0.10756410672436123, "colsample_bytree": 0.5189572607745357, "lam": 0.0348638999580273, "max_depth": 5.192513369087587, "min_child_weight": 5.627178490589343, "subsample": 0.6223719656264701}, "datetime": {"datetime": "2020-04-25 12:47:04", "elapsed": 1644.149203, "delta": 9.962151}}
{"target": 0.6164343999999999, "params": {"alpha": 0.9970345313953073, "colsample_bytree": 0.850665931401013, "lam": 0.030627917273453265, "max_depth": 5.117677182040776, "min_child_weight": 8.015021675425206, "subsample": 0.5297836692390947}, "datetime": {"datetime": "2020-04-25 12:47:13", "elapsed": 1652.725396, "delta": 8.576193}}
{"target": 0.6231534, "params": {"alpha": 0.9999999999997343, "colsample_bytree": 0.8999999129083586, "lam": 1.0, "max_depth": 4.902939578241904, "min_child_weight": 5.012083480171578, "subsample": 0.8999999999997601}, "datetime": {"datetime": "2020-04-25 12:47:22", "elapsed": 1661.67968, "delta": 8.954284}}
{"target": 0.6060802, "params": {"alpha": 0.9729128433332861, "colsample_bytree": 0.831045474508656, "lam": 0.9506514374686162, "max_depth": 3.1524862665252322, "min_child_weight": 3.1903407815449927, "subsample": 0.8990386321622537}, "datetime": {"datetime": "2020-04-25 12:47:31", "elapsed": 1670.844445, "delta": 9.164765}}
{"target": 0.6251532, "params": {"alpha": 0.3518145252620193, "colsample_bytree": 0.8783328560426658, "lam": 0.05880998724474573, "max_depth": 6.13912146265735, "min_child_weight": 4.311348606759699, "subsample": 0.8837487196882816}, "datetime": {"datetime": "2020-04-25 12:47:40", "elapsed": 1680.560225, "delta": 9.71578}}
{"target": 0.6291254000000001, "params": {"alpha": 2.1525426191353918e-16, "colsample_bytree": 0.8999999999945997, "lam": 0.9999999999999991, "max_depth": 9.930627422853247, "min_child_weight": 6.364941009106522, "subsample": 0.8999999999960591}, "datetime": {"datetime": "2020-04-25 12:47:53", "elapsed": 1692.858003, "delta": 12.297778}}
{"target": 0.6322281999999999, "params": {"alpha": 0.9708710488287963, "colsample_bytree": 0.8864339074496165, "lam": 0.9901370800409595, "max_depth": 6.247158994734351, "min_child_weight": 9.424759208934658, "subsample": 0.858141639159846}, "datetime": {"datetime": "2020-04-25 12:48:02", "elapsed": 1702.134437, "delta": 9.276434}}
{"target": 0.6418934000000001, "params": {"alpha": 0.8602536704235556, "colsample_bytree": 0.8879770577462001, "lam": 0.540431609954803, "max_depth": 4.848250341489715, "min_child_weight": 9.962227818955242, "subsample": 0.5865290348559298}, "datetime": {"datetime": "2020-04-25 12:48:11", "elapsed": 1711.339902, "delta": 9.205465}}
{"target": 0.6295816000000001, "params": {"alpha": 0.44273015238028834, "colsample_bytree": 0.8442125721298852, "lam": 0.49566295333372656, "max_depth": 5.5958565381792305, "min_child_weight": 9.987659784946644, "subsample": 0.8742154668627347}, "datetime": {"datetime": "2020-04-25 12:48:20", "elapsed": 1720.149946, "delta": 8.810044}}
{"target": 0.6284744, "params": {"alpha": 0.9999999599506688, "colsample_bytree": 0.899999990852388, "lam": 0.9999999839838485, "max_depth": 6.836352028756493, "min_child_weight": 3.5478058906475005, "subsample": 0.8999999980994954}, "datetime": {"datetime": "2020-04-25 12:48:33", "elapsed": 1732.973506, "delta": 12.82356}}
{"target": 0.6359026, "params": {"alpha": 0.9737716530789049, "colsample_bytree": 0.8989743681665383, "lam": 0.5898310766259359, "max_depth": 5.588286745934659, "min_child_weight": 9.451843661935586, "subsample": 0.7252387398999944}, "datetime": {"datetime": "2020-04-25 12:48:42", "elapsed": 1742.39061, "delta": 9.417104}}
{"target": 0.5970451999999999, "params": {"alpha": 0.9559968306785502, "colsample_bytree": 0.8464181505341304, "lam": 0.943172817645539, "max_depth": 3.2115914216418924, "min_child_weight": 6.014461833264863, "subsample": 0.5183913462709073}, "datetime": {"datetime": "2020-04-25 12:48:56", "elapsed": 1756.351389, "delta": 13.960779}}
{"target": 0.6222006, "params": {"alpha": 0.0, "colsample_bytree": 0.8999999991477872, "lam": 0.9999999979187321, "max_depth": 9.999999998558138, "min_child_weight": 5.356110560926289, "subsample": 0.8999999951353741}, "datetime": {"datetime": "2020-04-25 12:49:06", "elapsed": 1766.462227, "delta": 10.110838}}
{"target": 0.6398284000000001, "params": {"alpha": 0.032596259875262046, "colsample_bytree": 0.8848078435101667, "lam": 0.317141218914644, "max_depth": 9.763273979683554, "min_child_weight": 7.2734165406479985, "subsample": 0.7604060294605299}, "datetime": {"datetime": "2020-04-25 12:49:19", "elapsed": 1778.784743, "delta": 12.322516}}
{"target": 0.6197060000000001, "params": {"alpha": 0.9917662124010871, "colsample_bytree": 0.8807110578505941, "lam": 0.34999642504548834, "max_depth": 9.144876055919957, "min_child_weight": 7.488130877678765, "subsample": 0.742920887876526}, "datetime": {"datetime": "2020-04-25 12:49:29", "elapsed": 1789.199251, "delta": 10.414508}}
{"target": 0.6405946, "params": {"alpha": 0.0051393300145358145, "colsample_bytree": 0.8643588686419926, "lam": 0.04981279972197361, "max_depth": 5.117384014136487, "min_child_weight": 8.156430799529126, "subsample": 0.8755336990660816}, "datetime": {"datetime": "2020-04-25 12:49:38", "elapsed": 1797.703598, "delta": 8.504347}}
{"target": 0.614212, "params": {"alpha": 0.6058949965999911, "colsample_bytree": 0.8993974674841372, "lam": 0.00022443580280240294, "max_depth": 9.38575856367012, "min_child_weight": 5.07773698671914, "subsample": 0.8024156268583408}, "datetime": {"datetime": "2020-04-25 12:49:48", "elapsed": 1807.776401, "delta": 10.072803}}
{"target": 0.6346480000000001, "params": {"alpha": 0.4769875402258664, "colsample_bytree": 0.895129349681604, "lam": 0.35640514526136025, "max_depth": 7.836353277962825, "min_child_weight": 7.349226656608714, "subsample": 0.8764873638996065}, "datetime": {"datetime": "2020-04-25 12:50:01", "elapsed": 1821.213546, "delta": 13.437145}}
{"target": 0.6015691999999999, "params": {"alpha": 0.9903938536641347, "colsample_bytree": 0.8332185875681233, "lam": 0.660538252753717, "max_depth": 8.034562650606695, "min_child_weight": 4.140473335706606, "subsample": 0.5813651833769697}, "datetime": {"datetime": "2020-04-25 12:50:12", "elapsed": 1832.44628, "delta": 11.232734}}
{"target": 0.6304609999999999, "params": {"alpha": 0.8149024989650425, "colsample_bytree": 0.8962387451379805, "lam": 0.9618936650852552, "max_depth": 4.752584737568296, "min_child_weight": 7.218929952174099, "subsample": 0.8840642616411063}, "datetime": {"datetime": "2020-04-25 12:50:22", "elapsed": 1842.552981, "delta": 10.106701}}
{"target": 0.6402072000000001, "params": {"alpha": 0.008655053515696842, "colsample_bytree": 0.8741600207456928, "lam": 0.6276338959777663, "max_depth": 4.926653616449709, "min_child_weight": 4.415125531109311, "subsample": 0.8872774885619377}, "datetime": {"datetime": "2020-04-25 12:50:32", "elapsed": 1852.490456, "delta": 9.937475}}
{"target": 0.612977, "params": {"alpha": 0.9779376409205516, "colsample_bytree": 0.8653138129332927, "lam": 0.9461333650485293, "max_depth": 7.807795893045702, "min_child_weight": 3.2631604648894914, "subsample": 0.8630525586412754}, "datetime": {"datetime": "2020-04-25 12:50:45", "elapsed": 1865.214123, "delta": 12.723667}}
{"target": 0.6020390000000001, "params": {"alpha": 3.7739649293737474e-07, "colsample_bytree": 0.8829806270984276, "lam": 2.557550072989044e-07, "max_depth": 7.488964123825653, "min_child_weight": 1.6154416314438607, "subsample": 0.8999999173369211}, "datetime": {"datetime": "2020-04-25 12:50:56", "elapsed": 1875.88574, "delta": 10.671617}}
{"target": 0.6286962, "params": {"alpha": 0.2128303625976855, "colsample_bytree": 0.8910714079592268, "lam": 0.9983566891561664, "max_depth": 5.638122950643903, "min_child_weight": 2.5979792197275344, "subsample": 0.5799917198990703}, "datetime": {"datetime": "2020-04-25 12:51:04", "elapsed": 1883.858247, "delta": 7.972507}}
{"target": 0.6190758, "params": {"alpha": 0.9809335086512407, "colsample_bytree": 0.8668003024824681, "lam": 0.9949869419370544, "max_depth": 5.824863387463312, "min_child_weight": 2.578677497920435, "subsample": 0.5407251969531927}, "datetime": {"datetime": "2020-04-25 12:51:13", "elapsed": 1893.194074, "delta": 9.335827}}
{"target": 0.6250264, "params": {"alpha": 0.6364158124238186, "colsample_bytree": 0.8938048224915043, "lam": 0.9086743996563457, "max_depth": 8.682465646322981, "min_child_weight": 3.813392831431628, "subsample": 0.8724609131659506}, "datetime": {"datetime": "2020-04-25 12:51:25", "elapsed": 1904.832581, "delta": 11.638507}}
{"target": 0.6230398, "params": {"alpha": 7.007731475440059e-08, "colsample_bytree": 0.8999999999971251, "lam": 0.9999997517066624, "max_depth": 5.887015542803182, "min_child_weight": 1.4559849811123704, "subsample": 0.8999999992852631}, "datetime": {"datetime": "2020-04-25 12:51:36", "elapsed": 1915.795482, "delta": 10.962901}}
{"target": 0.629027, "params": {"alpha": 0.0734173627440825, "colsample_bytree": 0.8597447714051245, "lam": 0.9365483627120994, "max_depth": 5.018197996434315, "min_child_weight": 8.353846373151423, "subsample": 0.8907892768774299}, "datetime": {"datetime": "2020-04-25 12:51:45", "elapsed": 1925.629996, "delta": 9.834514}}
{"target": 0.631813, "params": {"alpha": 0.5846650657995927, "colsample_bytree": 0.8768280458699976, "lam": 0.8472910793267168, "max_depth": 4.588521114025641, "min_child_weight": 9.974711769268769, "subsample": 0.895291297786223}, "datetime": {"datetime": "2020-04-25 12:51:56", "elapsed": 1936.371687, "delta": 10.741691}}
{"target": 0.6405024, "params": {"alpha": 0.03581865767477466, "colsample_bytree": 0.8136378320064572, "lam": 0.5585529269316726, "max_depth": 9.349206602353046, "min_child_weight": 6.704199772587025, "subsample": 0.5810693571881087}, "datetime": {"datetime": "2020-04-25 12:52:08", "elapsed": 1948.151387, "delta": 11.7797}}
{"target": 0.614807, "params": {"alpha": 0.9570466469469016, "colsample_bytree": 0.7885538583154521, "lam": 0.979362860880175, "max_depth": 6.847168292746629, "min_child_weight": 4.283141918184176, "subsample": 0.5056896343502606}, "datetime": {"datetime": "2020-04-25 12:52:18", "elapsed": 1958.383295, "delta": 10.231908}}
{"target": 0.6114534, "params": {"alpha": 0.9066827253370101, "colsample_bytree": 0.5492839736010042, "lam": 0.14075493997669597, "max_depth": 4.77519439261567, "min_child_weight": 8.021589500334468, "subsample": 0.899575324514438}, "datetime": {"datetime": "2020-04-25 12:52:26", "elapsed": 1965.95718, "delta": 7.573885}}
{"target": 0.6289452, "params": {"alpha": 1.4072576375338292e-07, "colsample_bytree": 0.8999999502590126, "lam": 0.9999999918258697, "max_depth": 7.462681190291635, "min_child_weight": 4.141368375412558, "subsample": 0.8999999967303479}, "datetime": {"datetime": "2020-04-25 12:52:37", "elapsed": 1977.06196, "delta": 11.10478}}
{"target": 0.6290856, "params": {"alpha": 0.9643127654883322, "colsample_bytree": 0.8925378068576775, "lam": 0.9222044116554806, "max_depth": 7.635908480808158, "min_child_weight": 9.71334042999276, "subsample": 0.6547406819845611}, "datetime": {"datetime": "2020-04-25 12:52:47", "elapsed": 1987.62789, "delta": 10.56593}}
{"target": 0.633409, "params": {"alpha": 0.4848663076817712, "colsample_bytree": 0.8785610941824322, "lam": 0.04979774085976629, "max_depth": 9.993063493789334, "min_child_weight": 8.592807638191893, "subsample": 0.8878069367189791}, "datetime": {"datetime": "2020-04-25 12:52:59", "elapsed": 1999.550504, "delta": 11.922614}}
