{"target": 0.6403535999999999, "params": {"alpha": 0.6611579354896223, "colsample_bytree": 0.7025915868282353, "lam": 0.12470193188613121, "max_depth": 9.163258999221377, "min_child_weight": 9.76978053823751, "subsample": 0.8726428878855338}, "datetime": {"datetime": "2020-04-24 22:18:51", "elapsed": 0.0, "delta": 0.0}}
{"target": 0.6005956, "params": {"alpha": 0.0490827970126827, "colsample_bytree": 0.7343874730193917, "lam": 0.010329516853021192, "max_depth": 3.33287930336431, "min_child_weight": 9.894250186944992, "subsample": 0.6988787733406505}, "datetime": {"datetime": "2020-04-24 22:18:52", "elapsed": 0.724225, "delta": 0.724225}}
{"target": 0.6064425999999999, "params": {"alpha": 0.22847526599063883, "colsample_bytree": 0.5101713078155071, "lam": 0.2798152182595145, "max_depth": 4.901375822594675, "min_child_weight": 1.555288196865336, "subsample": 0.749958012558246}, "datetime": {"datetime": "2020-04-24 22:18:53", "elapsed": 1.524389, "delta": 0.800164}}
{"target": 0.6222026, "params": {"alpha": 0.4536577400044367, "colsample_bytree": 0.8832127447604903, "lam": 0.8730623479610102, "max_depth": 4.590403771400082, "min_child_weight": 3.1767997231739837, "subsample": 0.5107271333862888}, "datetime": {"datetime": "2020-04-24 22:18:54", "elapsed": 2.31699, "delta": 0.792601}}
{"target": 0.6010354, "params": {"alpha": 0.8890767008285929, "colsample_bytree": 0.5544956542327326, "lam": 0.18310748472229188, "max_depth": 8.353108534074662, "min_child_weight": 5.467685129136738, "subsample": 0.6598547672813813}, "datetime": {"datetime": "2020-04-24 22:18:55", "elapsed": 3.279216, "delta": 0.962226}}
{"target": 0.5813877999999999, "params": {"alpha": 0.441994564493153, "colsample_bytree": 0.5353942098758577, "lam": 0.39580882031672326, "max_depth": 9.890349872245439, "min_child_weight": 3.151443259819886, "subsample": 0.596222261031303}, "datetime": {"datetime": "2020-04-24 22:18:56", "elapsed": 4.609721, "delta": 1.330505}}
{"target": 0.6094414, "params": {"alpha": 0.8502181795565106, "colsample_bytree": 0.7066496653892251, "lam": 0.33370881034787525, "max_depth": 7.740934868626259, "min_child_weight": 5.279185053769643, "subsample": 0.5439881980714656}, "datetime": {"datetime": "2020-04-24 22:18:57", "elapsed": 5.55759, "delta": 0.947869}}
{"target": 0.6188277999999999, "params": {"alpha": 0.9262760902039991, "colsample_bytree": 0.7462472378478302, "lam": 0.36677016733438994, "max_depth": 6.5942527478234965, "min_child_weight": 6.054847895800831, "subsample": 0.8037216883488063}, "datetime": {"datetime": "2020-04-24 22:18:58", "elapsed": 6.43809, "delta": 0.8805}}
{"target": 0.5941262, "params": {"alpha": 0.893747800672667, "colsample_bytree": 0.6088157705492099, "lam": 0.4118173865909729, "max_depth": 3.746475746455921, "min_child_weight": 3.0988351300031662, "subsample": 0.5046396564690147}, "datetime": {"datetime": "2020-04-24 22:18:59", "elapsed": 7.192831, "delta": 0.754741}}
{"target": 0.6323586000000001, "params": {"alpha": 0.34299155756039057, "colsample_bytree": 0.8908520677045453, "lam": 0.005391045792326965, "max_depth": 4.605024938490678, "min_child_weight": 3.5855607003484313, "subsample": 0.8042444466642147}, "datetime": {"datetime": "2020-04-24 22:18:59", "elapsed": 7.98658, "delta": 0.793749}}
{"target": 0.6391432, "params": {"alpha": 0.03980147820271629, "colsample_bytree": 0.7305430842830845, "lam": 0.8502890598419606, "max_depth": 9.642003516580651, "min_child_weight": 9.939087446579498, "subsample": 0.8038155358391675}, "datetime": {"datetime": "2020-04-24 22:19:01", "elapsed": 9.695499, "delta": 1.708919}}
{"target": 0.6364183999999999, "params": {"alpha": 0.06670377815770323, "colsample_bytree": 0.8836896264032164, "lam": 0.04213962406150096, "max_depth": 9.085377731220449, "min_child_weight": 9.610705879627211, "subsample": 0.7695142683853189}, "datetime": {"datetime": "2020-04-24 22:19:03", "elapsed": 11.233943, "delta": 1.538444}}
{"target": 0.6427672, "params": {"alpha": 0.9505117123851433, "colsample_bytree": 0.8972493200857393, "lam": 0.9745689139927484, "max_depth": 9.871042468592318, "min_child_weight": 9.881649355154815, "subsample": 0.6025536354961119}, "datetime": {"datetime": "2020-04-24 22:19:04", "elapsed": 12.74554, "delta": 1.511597}}
{"target": 0.643338, "params": {"alpha": 0.054414396692343714, "colsample_bytree": 0.7938417141780456, "lam": 0.9720058491401026, "max_depth": 6.4462209620610444, "min_child_weight": 9.978767089552873, "subsample": 0.880665085008268}, "datetime": {"datetime": "2020-04-24 22:19:05", "elapsed": 13.962706, "delta": 1.217166}}
{"target": 0.6458202, "params": {"alpha": 0.957682943924746, "colsample_bytree": 0.8883882381957026, "lam": 0.32672724962646604, "max_depth": 8.115841902109548, "min_child_weight": 9.971785158470304, "subsample": 0.8625413123644952}, "datetime": {"datetime": "2020-04-24 22:19:07", "elapsed": 15.382461, "delta": 1.419755}}
{"target": 0.6270682, "params": {"alpha": 0.010294822299570683, "colsample_bytree": 0.888145804655261, "lam": 0.8971882519843682, "max_depth": 4.677105818845215, "min_child_weight": 5.904458733639947, "subsample": 0.5969792587465275}, "datetime": {"datetime": "2020-04-24 22:19:08", "elapsed": 16.645105, "delta": 1.262644}}
{"target": 0.6325996, "params": {"alpha": 1.0, "colsample_bytree": 0.8999999894505014, "lam": 0.8021679915385594, "max_depth": 9.50543676249891, "min_child_weight": 9.775065674189785, "subsample": 0.9}, "datetime": {"datetime": "2020-04-24 22:19:10", "elapsed": 18.45134, "delta": 1.806235}}
{"target": 0.6052722, "params": {"alpha": 0.2333457665518356, "colsample_bytree": 0.5631658965728732, "lam": 0.10091381240941477, "max_depth": 6.956454273787823, "min_child_weight": 9.92234296355579, "subsample": 0.582145210114184}, "datetime": {"datetime": "2020-04-24 22:19:11", "elapsed": 19.795503, "delta": 1.344163}}
{"target": 0.6005472000000001, "params": {"alpha": 1.0, "colsample_bytree": 0.9, "lam": 0.0, "max_depth": 7.791170237971971, "min_child_weight": 1.0, "subsample": 0.9}, "datetime": {"datetime": "2020-04-24 22:19:13", "elapsed": 21.418875, "delta": 1.623372}}
{"target": 0.6022434000000001, "params": {"alpha": 0.9611951397942465, "colsample_bytree": 0.7946069873603914, "lam": 0.9682495879202904, "max_depth": 3.0876676232494025, "min_child_weight": 9.563730129228881, "subsample": 0.8953502865396029}, "datetime": {"datetime": "2020-04-24 22:19:14", "elapsed": 22.572878, "delta": 1.154003}}
{"target": 0.602881, "params": {"alpha": 0.46080913367761456, "colsample_bytree": 0.893015713558394, "lam": 0.908675075438523, "max_depth": 3.2223158492928365, "min_child_weight": 1.0080336691366212, "subsample": 0.7433502088367643}, "datetime": {"datetime": "2020-04-24 22:19:15", "elapsed": 23.648089, "delta": 1.075211}}
{"target": 0.55426, "params": {"alpha": 0.0, "colsample_bytree": 0.5, "lam": 1.0, "max_depth": 3.0, "min_child_weight": 3.5472340874289605, "subsample": 0.9}, "datetime": {"datetime": "2020-04-24 22:19:16", "elapsed": 24.802997, "delta": 1.154908}}
{"target": 0.6420782, "params": {"alpha": 0.03989182936007074, "colsample_bytree": 0.7812461449303238, "lam": 0.015626351845135056, "max_depth": 9.980283321534483, "min_child_weight": 9.939355742845306, "subsample": 0.8017911328532609}, "datetime": {"datetime": "2020-04-24 22:19:18", "elapsed": 26.367547, "delta": 1.56455}}
{"target": 0.5599259999999999, "params": {"alpha": 0.03725336492548159, "colsample_bytree": 0.8763545594767069, "lam": 0.10491053912098003, "max_depth": 9.911894877444496, "min_child_weight": 1.1376056631833784, "subsample": 0.7010184327906233}, "datetime": {"datetime": "2020-04-24 22:19:20", "elapsed": 28.364886, "delta": 1.997339}}
{"target": 0.6201082, "params": {"alpha": 0.0, "colsample_bytree": 0.9, "lam": 0.0, "max_depth": 6.8138425065180686, "min_child_weight": 3.5120967620680243, "subsample": 0.6936780960947342}, "datetime": {"datetime": "2020-04-24 22:19:21", "elapsed": 29.768907, "delta": 1.404021}}
{"target": 0.6351136, "params": {"alpha": 0.984728530096223, "colsample_bytree": 0.881470014291974, "lam": 0.06378941558591722, "max_depth": 4.894629867250908, "min_child_weight": 1.8380697205566752, "subsample": 0.8416169817421013}, "datetime": {"datetime": "2020-04-24 22:19:22", "elapsed": 31.032541, "delta": 1.263634}}
{"target": 0.5903404, "params": {"alpha": 0.8032906635402007, "colsample_bytree": 0.5085477270549996, "lam": 0.03387690551913913, "max_depth": 9.983210566214218, "min_child_weight": 9.867010589808004, "subsample": 0.51135543555813}, "datetime": {"datetime": "2020-04-24 22:19:24", "elapsed": 32.617358, "delta": 1.584817}}
{"target": 0.5999698, "params": {"alpha": 1.0, "colsample_bytree": 0.9, "lam": 0.0, "max_depth": 3.0, "min_child_weight": 6.777487834606866, "subsample": 0.9}, "datetime": {"datetime": "2020-04-24 22:19:25", "elapsed": 33.773525, "delta": 1.156167}}
{"target": 0.60657, "params": {"alpha": 0.0, "colsample_bytree": 0.9, "lam": 1.0, "max_depth": 8.573866443220723, "min_child_weight": 1.0, "subsample": 0.9}, "datetime": {"datetime": "2020-04-24 22:19:27", "elapsed": 35.555878, "delta": 1.782353}}
{"target": 0.6015689999999999, "params": {"alpha": 0.9928356583852149, "colsample_bytree": 0.631728334249142, "lam": 0.9175786599775247, "max_depth": 9.695936262784706, "min_child_weight": 1.01687377161246, "subsample": 0.5679421211061313}, "datetime": {"datetime": "2020-04-24 22:19:29", "elapsed": 37.501965, "delta": 1.946087}}
{"target": 0.5941089999999999, "params": {"alpha": 1.0, "colsample_bytree": 0.5, "lam": 1.0, "max_depth": 6.87260900849769, "min_child_weight": 3.7505031177049566, "subsample": 0.9}, "datetime": {"datetime": "2020-04-24 22:19:30", "elapsed": 38.882519, "delta": 1.380554}}
{"target": 0.6220344, "params": {"alpha": 0.5660880704343492, "colsample_bytree": 0.9, "lam": 1.0, "max_depth": 10.0, "min_child_weight": 5.232580403369359, "subsample": 0.9}, "datetime": {"datetime": "2020-04-24 22:19:32", "elapsed": 40.810175, "delta": 1.927656}}
{"target": 0.6074225999999999, "params": {"alpha": 1.0, "colsample_bytree": 0.9, "lam": 1.0, "max_depth": 6.086668552513711, "min_child_weight": 1.0, "subsample": 0.5}, "datetime": {"datetime": "2020-04-24 22:19:34", "elapsed": 42.186407, "delta": 1.376232}}
{"target": 0.6346248000000001, "params": {"alpha": 1.0, "colsample_bytree": 0.9, "lam": 0.0, "max_depth": 5.25372323357333, "min_child_weight": 10.0, "subsample": 0.9}, "datetime": {"datetime": "2020-04-24 22:19:35", "elapsed": 43.480652, "delta": 1.294245}}
{"target": 0.6371917999999999, "params": {"alpha": 0.0, "colsample_bytree": 0.9, "lam": 0.5644964462015801, "max_depth": 4.691810592413373, "min_child_weight": 8.658083487390826, "subsample": 0.9}, "datetime": {"datetime": "2020-04-24 22:19:36", "elapsed": 44.993601, "delta": 1.512949}}
{"target": 0.6041622, "params": {"alpha": 0.0, "colsample_bytree": 0.9, "lam": 0.0, "max_depth": 5.2060683751006875, "min_child_weight": 1.0, "subsample": 0.5}, "datetime": {"datetime": "2020-04-24 22:19:38", "elapsed": 46.392995, "delta": 1.399394}}
{"target": 0.6169144, "params": {"alpha": 0.999051581175514, "colsample_bytree": 0.8958559063898621, "lam": 0.7860234091196551, "max_depth": 9.544576204482592, "min_child_weight": 3.53994824626127, "subsample": 0.8715252010170402}, "datetime": {"datetime": "2020-04-24 22:19:40", "elapsed": 48.52817, "delta": 2.135175}}
{"target": 0.6316010000000001, "params": {"alpha": 0.003983784488951758, "colsample_bytree": 0.8537187161375992, "lam": 0.8823869131318103, "max_depth": 4.145299510967947, "min_child_weight": 9.930489541573355, "subsample": 0.7681260734502802}, "datetime": {"datetime": "2020-04-24 22:19:41", "elapsed": 49.88473, "delta": 1.35656}}
{"target": 0.5928442, "params": {"alpha": 1.0, "colsample_bytree": 0.9, "lam": 0.0, "max_depth": 3.0, "min_child_weight": 1.0, "subsample": 0.5}, "datetime": {"datetime": "2020-04-24 22:19:43", "elapsed": 51.1229, "delta": 1.23817}}
{"target": 0.6354786, "params": {"alpha": 1.3999299753090518e-11, "colsample_bytree": 0.9, "lam": 1.0, "max_depth": 6.4692304441207495, "min_child_weight": 5.310199613573966, "subsample": 0.9}, "datetime": {"datetime": "2020-04-24 22:19:44", "elapsed": 52.505606, "delta": 1.382706}}
{"target": 0.6359322000000001, "params": {"alpha": 0.3070669608072151, "colsample_bytree": 0.7471490531335103, "lam": 0.02419668324961366, "max_depth": 5.31665557641513, "min_child_weight": 6.186904217147133, "subsample": 0.8889024958877703}, "datetime": {"datetime": "2020-04-24 22:19:45", "elapsed": 53.987216, "delta": 1.48161}}
{"target": 0.6370524, "params": {"alpha": 0.011870551476591773, "colsample_bytree": 0.8919519062775911, "lam": 0.09671052080760956, "max_depth": 6.301622064124965, "min_child_weight": 9.972832986476725, "subsample": 0.8559200870621144}, "datetime": {"datetime": "2020-04-24 22:19:47", "elapsed": 55.405872, "delta": 1.418656}}
{"target": 0.637183, "params": {"alpha": 0.49036294513483814, "colsample_bytree": 0.8928865137099782, "lam": 0.050441671462491566, "max_depth": 8.799199178743805, "min_child_weight": 9.994777705095933, "subsample": 0.8728326222082046}, "datetime": {"datetime": "2020-04-24 22:19:48", "elapsed": 57.037782, "delta": 1.63191}}
{"target": 0.6285416, "params": {"alpha": 0.09646359387945924, "colsample_bytree": 0.8558036505448243, "lam": 0.8649685037594395, "max_depth": 9.97221089217126, "min_child_weight": 7.556254183778504, "subsample": 0.5198422616420396}, "datetime": {"datetime": "2020-04-24 22:19:50", "elapsed": 58.777038, "delta": 1.739256}}
{"target": 0.631239, "params": {"alpha": 0.9121746711003608, "colsample_bytree": 0.7854629731116336, "lam": 0.0798921722765954, "max_depth": 7.672035782458811, "min_child_weight": 8.037651033485943, "subsample": 0.8862283597375216}, "datetime": {"datetime": "2020-04-24 22:19:52", "elapsed": 60.472215, "delta": 1.695177}}
{"target": 0.62794, "params": {"alpha": 0.0074905874704037645, "colsample_bytree": 0.8445269533711689, "lam": 0.0679193569566443, "max_depth": 9.578562886156845, "min_child_weight": 5.444905708551564, "subsample": 0.7977247338625024}, "datetime": {"datetime": "2020-04-24 22:19:54", "elapsed": 62.285397, "delta": 1.813182}}
{"target": 0.6138066, "params": {"alpha": 0.9999999967831084, "colsample_bytree": 0.5797806747485001, "lam": 0.9474828090657047, "max_depth": 5.7653129404470045, "min_child_weight": 9.479117303271785, "subsample": 0.9}, "datetime": {"datetime": "2020-04-24 22:19:55", "elapsed": 63.734861, "delta": 1.449464}}
{"target": 0.6291852, "params": {"alpha": 0.17887587550363981, "colsample_bytree": 0.7187896843362369, "lam": 0.21466185241176394, "max_depth": 9.980009506915593, "min_child_weight": 7.808420146503405, "subsample": 0.8933326488687228}, "datetime": {"datetime": "2020-04-24 22:19:57", "elapsed": 65.639029, "delta": 1.904168}}
{"target": 0.6040677999999999, "params": {"alpha": 0.015299260739177867, "colsample_bytree": 0.8827787053152641, "lam": 0.979199184726133, "max_depth": 9.254433204082835, "min_child_weight": 4.377296316928037, "subsample": 0.5056919424528891}, "datetime": {"datetime": "2020-04-24 22:19:59", "elapsed": 67.429062, "delta": 1.790033}}
{"target": 0.6308142, "params": {"alpha": 0.015390981345824839, "colsample_bytree": 0.7629597960746783, "lam": 0.0353836658057225, "max_depth": 8.150253946182813, "min_child_weight": 7.162489608737444, "subsample": 0.8852280988987608}, "datetime": {"datetime": "2020-04-24 22:20:01", "elapsed": 69.258452, "delta": 1.82939}}
{"target": 0.6356524, "params": {"alpha": 1.0, "colsample_bytree": 0.9, "lam": 1.0, "max_depth": 5.018550419499673, "min_child_weight": 4.011739704873668, "subsample": 0.9}, "datetime": {"datetime": "2020-04-24 22:20:02", "elapsed": 70.689245, "delta": 1.430793}}
{"target": 0.6360088, "params": {"alpha": 0.8214753641118568, "colsample_bytree": 0.8551263182369868, "lam": 0.07192105508125701, "max_depth": 5.659148765192095, "min_child_weight": 4.703118836984606, "subsample": 0.8839792297767601}, "datetime": {"datetime": "2020-04-24 22:20:04", "elapsed": 72.242317, "delta": 1.553072}}
{"target": 0.6350384, "params": {"alpha": 0.06934913863595626, "colsample_bytree": 0.8661636348563333, "lam": 0.9464906047117957, "max_depth": 9.859226441866795, "min_child_weight": 9.018034723895376, "subsample": 0.8947439127011695}, "datetime": {"datetime": "2020-04-24 22:20:06", "elapsed": 74.168342, "delta": 1.926025}}
{"target": 0.6293556, "params": {"alpha": 0.9211976740242583, "colsample_bytree": 0.8849444960943883, "lam": 0.9885605327203684, "max_depth": 8.215015188622356, "min_child_weight": 9.4137457637843, "subsample": 0.610961211425501}, "datetime": {"datetime": "2020-04-24 22:20:07", "elapsed": 75.730931, "delta": 1.562589}}
{"target": 0.5972144, "params": {"alpha": 0.043559367227840595, "colsample_bytree": 0.7848399674108082, "lam": 0.8863973075795714, "max_depth": 3.096821620897931, "min_child_weight": 7.517330639258023, "subsample": 0.8885341535329963}, "datetime": {"datetime": "2020-04-24 22:20:09", "elapsed": 77.173597, "delta": 1.442666}}
{"target": 0.6302314, "params": {"alpha": 0.07083214974217888, "colsample_bytree": 0.8643451186203999, "lam": 0.0223093875630761, "max_depth": 6.70623788081123, "min_child_weight": 6.481936635278079, "subsample": 0.875679306918393}, "datetime": {"datetime": "2020-04-24 22:20:10", "elapsed": 78.75108, "delta": 1.577483}}
{"target": 0.6245406, "params": {"alpha": 0.2743140728768785, "colsample_bytree": 0.8987529188870121, "lam": 0.9808901551370465, "max_depth": 5.338704314224157, "min_child_weight": 1.6229820512697315, "subsample": 0.8572373265442552}, "datetime": {"datetime": "2020-04-24 22:20:12", "elapsed": 80.277777, "delta": 1.526697}}
{"target": 0.6389594000000001, "params": {"alpha": 0.9460340971132033, "colsample_bytree": 0.8999999966271346, "lam": 0.999999986513025, "max_depth": 6.606471401435277, "min_child_weight": 9.999999993163899, "subsample": 0.9}, "datetime": {"datetime": "2020-04-24 22:20:13", "elapsed": 81.794782, "delta": 1.517005}}
{"target": 0.6230502, "params": {"alpha": 6.250391706519995e-09, "colsample_bytree": 0.9, "lam": 3.469445690525695e-18, "max_depth": 3.7344302566384227, "min_child_weight": 2.2254914721392907, "subsample": 0.8999999986610423}, "datetime": {"datetime": "2020-04-24 22:20:15", "elapsed": 83.339368, "delta": 1.544586}}
{"target": 0.6099268, "params": {"alpha": 0.749287831798068, "colsample_bytree": 0.885903389950098, "lam": 0.14299590757846403, "max_depth": 9.914747405515396, "min_child_weight": 5.29209183979485, "subsample": 0.5179804550642244}, "datetime": {"datetime": "2020-04-24 22:20:17", "elapsed": 85.129975, "delta": 1.790607}}
{"target": 0.6288978, "params": {"alpha": 0.35692019931108254, "colsample_bytree": 0.8875418192003472, "lam": 0.9917976503448012, "max_depth": 9.911734516856644, "min_child_weight": 9.90566693165585, "subsample": 0.5078273530041693}, "datetime": {"datetime": "2020-04-24 22:20:18", "elapsed": 86.904744, "delta": 1.774769}}
{"target": 0.6199956, "params": {"alpha": 0.06698689704371297, "colsample_bytree": 0.5435743247982283, "lam": 0.036093335560938744, "max_depth": 7.899897116584976, "min_child_weight": 9.82140258210439, "subsample": 0.8682877047258895}, "datetime": {"datetime": "2020-04-24 22:20:20", "elapsed": 88.53037, "delta": 1.625626}}
{"target": 0.6303757999999999, "params": {"alpha": 0.97097320817344, "colsample_bytree": 0.8938917715966908, "lam": 0.05553117208276748, "max_depth": 5.437688031628673, "min_child_weight": 7.701220073016346, "subsample": 0.7467464398715803}, "datetime": {"datetime": "2020-04-24 22:20:21", "elapsed": 89.962427, "delta": 1.432057}}
{"target": 0.6275626, "params": {"alpha": 0.276776849128867, "colsample_bytree": 0.8846511076266357, "lam": 0.9761408357483475, "max_depth": 5.870131340464961, "min_child_weight": 9.715391712170987, "subsample": 0.5081698199307112}, "datetime": {"datetime": "2020-04-24 22:20:23", "elapsed": 91.510977, "delta": 1.54855}}
{"target": 0.6376647999999999, "params": {"alpha": 0.03158898952704903, "colsample_bytree": 0.8442752291240097, "lam": 0.7747557051237657, "max_depth": 6.372559854892062, "min_child_weight": 7.992511511190514, "subsample": 0.8708104079582601}, "datetime": {"datetime": "2020-04-24 22:20:24", "elapsed": 92.99067, "delta": 1.479693}}
{"target": 0.641229, "params": {"alpha": 0.7198015339042485, "colsample_bytree": 0.8995810139256715, "lam": 0.8494805378892846, "max_depth": 5.110775978483675, "min_child_weight": 6.811454850203328, "subsample": 0.8492912905369518}, "datetime": {"datetime": "2020-04-24 22:20:26", "elapsed": 94.503318, "delta": 1.512648}}
{"target": 0.6394561999999999, "params": {"alpha": 0.9976135435463563, "colsample_bytree": 0.8805276476436854, "lam": 0.9953470507315118, "max_depth": 9.066052981753998, "min_child_weight": 7.082803254222171, "subsample": 0.7521315011617933}, "datetime": {"datetime": "2020-04-24 22:20:28", "elapsed": 96.301354, "delta": 1.798036}}
{"target": 0.5757712, "params": {"alpha": 0.9634271518405303, "colsample_bytree": 0.8461392757164818, "lam": 0.9963101228726976, "max_depth": 8.634673589321359, "min_child_weight": 2.174464515073022, "subsample": 0.5174196376126788}, "datetime": {"datetime": "2020-04-24 22:20:30", "elapsed": 98.15754, "delta": 1.856186}}
{"target": 0.6311678, "params": {"alpha": 0.09685742694764943, "colsample_bytree": 0.8590694801995546, "lam": 0.012026963068261787, "max_depth": 4.958842122722796, "min_child_weight": 7.280649019195787, "subsample": 0.8984387829575973}, "datetime": {"datetime": "2020-04-24 22:20:31", "elapsed": 99.717752, "delta": 1.560212}}
{"target": 0.6132902, "params": {"alpha": 1.0, "colsample_bytree": 0.9, "lam": 1.0, "max_depth": 9.99999999999685, "min_child_weight": 2.5814145134877324, "subsample": 0.9}, "datetime": {"datetime": "2020-04-24 22:20:33", "elapsed": 101.988473, "delta": 2.270721}}
