{"target": 0.6204411999999999, "params": {"alpha": 0.0, "colsample_bytree": 0.8608198103733428, "lam": 1.4716966220767144e-10, "max_depth": 7.388898843800805, "min_child_weight": 7.3600349168187025, "subsample": 0.5925802367802901}, "datetime": {"datetime": "2020-04-25 15:37:21", "elapsed": 2684.791172, "delta": 9.252726}}
{"target": 0.6233688, "params": {"alpha": 0.008647468649742196, "colsample_bytree": 0.8927779074466196, "lam": 0.030462833413926305, "max_depth": 3.7025193985236324, "min_child_weight": 2.2205776484629656, "subsample": 0.89943430029027}, "datetime": {"datetime": "2020-04-25 15:37:34", "elapsed": 2697.460617, "delta": 12.669445}}
{"target": 0.6085737999999999, "params": {"alpha": 0.9780340997196667, "colsample_bytree": 0.8422779354954366, "lam": 0.04185181343364164, "max_depth": 5.819299985065922, "min_child_weight": 2.608937226375658, "subsample": 0.526947019345838}, "datetime": {"datetime": "2020-04-25 15:37:45", "elapsed": 2708.846458, "delta": 11.385841}}
{"target": 0.6351178, "params": {"alpha": 0.9592852095641254, "colsample_bytree": 0.8409234995970509, "lam": 0.4422457320245976, "max_depth": 5.39006076704654, "min_child_weight": 6.977220544573634, "subsample": 0.8735565804394854}, "datetime": {"datetime": "2020-04-25 15:37:59", "elapsed": 2722.134763, "delta": 13.288305}}
{"target": 0.6464721999999999, "params": {"alpha": 0.7219667180384111, "colsample_bytree": 0.8836705554667216, "lam": 0.0348029017710928, "max_depth": 8.316760728737687, "min_child_weight": 8.218652756246115, "subsample": 0.5860389570731556}, "datetime": {"datetime": "2020-04-25 15:38:11", "elapsed": 2734.165026, "delta": 12.030263}}
{"target": 0.6285187999999999, "params": {"alpha": 0.9759404590668916, "colsample_bytree": 0.8490478900216987, "lam": 0.9789329262419494, "max_depth": 8.099220394661323, "min_child_weight": 6.495023822027807, "subsample": 0.5488418920905003}, "datetime": {"datetime": "2020-04-25 15:38:25", "elapsed": 2748.174759, "delta": 14.009733}}
{"target": 0.623347, "params": {"alpha": 0.06812126360041426, "colsample_bytree": 0.8970545790165902, "lam": 0.008312977922584674, "max_depth": 3.987016565718645, "min_child_weight": 3.0185641596118344, "subsample": 0.8984714321788023}, "datetime": {"datetime": "2020-04-25 15:38:40", "elapsed": 2763.504004, "delta": 15.329245}}
{"target": 0.62138, "params": {"alpha": 0.9671627858613058, "colsample_bytree": 0.8814655970797833, "lam": 0.9128157328030703, "max_depth": 4.701255445147684, "min_child_weight": 2.9691915790362824, "subsample": 0.5648459244941035}, "datetime": {"datetime": "2020-04-25 15:38:53", "elapsed": 2776.746131, "delta": 13.242127}}
{"target": 0.6379678, "params": {"alpha": 0.014120518595159504, "colsample_bytree": 0.6881768464461684, "lam": 0.9499161948386894, "max_depth": 5.842582756678796, "min_child_weight": 7.898215892117191, "subsample": 0.87867179749915}, "datetime": {"datetime": "2020-04-25 15:39:08", "elapsed": 2791.305618, "delta": 14.559487}}
{"target": 0.6437398, "params": {"alpha": 0.9763128432040235, "colsample_bytree": 0.8716066703338161, "lam": 0.7863120682464658, "max_depth": 5.726043787610566, "min_child_weight": 7.398874421028939, "subsample": 0.8773313509494961}, "datetime": {"datetime": "2020-04-25 15:39:21", "elapsed": 2804.936099, "delta": 13.630481}}
{"target": 0.6233972000000001, "params": {"alpha": 0.5179594023837868, "colsample_bytree": 0.8931861407000314, "lam": 0.5419072939517101, "max_depth": 8.440850008858959, "min_child_weight": 7.761430382437864, "subsample": 0.5335010364361927}, "datetime": {"datetime": "2020-04-25 15:39:38", "elapsed": 2821.42786, "delta": 16.491761}}
{"target": 0.6233326, "params": {"alpha": 0.018904345766096564, "colsample_bytree": 0.8961408502119228, "lam": 0.8809681642396681, "max_depth": 4.093946496791926, "min_child_weight": 4.629540922968964, "subsample": 0.8821969434333019}, "datetime": {"datetime": "2020-04-25 15:39:53", "elapsed": 2836.439461, "delta": 15.011601}}
{"target": 0.6169496, "params": {"alpha": 0.03266404424535829, "colsample_bytree": 0.7507409302050105, "lam": 0.9921000176788027, "max_depth": 9.092750439742096, "min_child_weight": 3.465795390656711, "subsample": 0.8602610902215473}, "datetime": {"datetime": "2020-04-25 15:40:05", "elapsed": 2848.549329, "delta": 12.109868}}
{"target": 0.6412397999999999, "params": {"alpha": 0.4107875466298645, "colsample_bytree": 0.880397522605755, "lam": 0.003377635841018911, "max_depth": 8.413254489621279, "min_child_weight": 8.044868312696483, "subsample": 0.7841717071026801}, "datetime": {"datetime": "2020-04-25 15:40:19", "elapsed": 2862.821128, "delta": 14.271799}}
{"target": 0.6324848, "params": {"alpha": 0.9684421645975627, "colsample_bytree": 0.8980671604379291, "lam": 0.026208886857577163, "max_depth": 8.424666280171554, "min_child_weight": 8.136701412212954, "subsample": 0.5178486867413375}, "datetime": {"datetime": "2020-04-25 15:40:38", "elapsed": 2881.724432, "delta": 18.903304}}
{"target": 0.6272960000000001, "params": {"alpha": 0.8220143294178492, "colsample_bytree": 0.7957610034922411, "lam": 0.9443986619152747, "max_depth": 8.050436628802927, "min_child_weight": 6.46877079079799, "subsample": 0.897692565485632}, "datetime": {"datetime": "2020-04-25 15:40:51", "elapsed": 2894.544255, "delta": 12.819823}}
{"target": 0.6433074, "params": {"alpha": 0.6439363806524371, "colsample_bytree": 0.8947750368438854, "lam": 0.053526233469147644, "max_depth": 8.597894901167848, "min_child_weight": 9.953037773044707, "subsample": 0.7521654928363186}, "datetime": {"datetime": "2020-04-25 15:41:07", "elapsed": 2910.643336, "delta": 16.099081}}
{"target": 0.6101126, "params": {"alpha": 0.017648669876187295, "colsample_bytree": 0.897576157092054, "lam": 0.3105300805903718, "max_depth": 7.044208781870364, "min_child_weight": 1.941889883101015, "subsample": 0.8829505669264526}, "datetime": {"datetime": "2020-04-25 15:41:19", "elapsed": 2922.887058, "delta": 12.243722}}
{"target": 0.6399429999999999, "params": {"alpha": 0.9211601984753122, "colsample_bytree": 0.8309065905678106, "lam": 0.4406160934898534, "max_depth": 8.848314331730544, "min_child_weight": 9.989289127854978, "subsample": 0.8675868159503275}, "datetime": {"datetime": "2020-04-25 15:41:36", "elapsed": 2939.463121, "delta": 16.576063}}
{"target": 0.6370762, "params": {"alpha": 0.8794532527634279, "colsample_bytree": 0.8996551823277101, "lam": 0.9518099660046389, "max_depth": 3.6738356334866333, "min_child_weight": 7.640070554229114, "subsample": 0.5673800324976939}, "datetime": {"datetime": "2020-04-25 15:41:52", "elapsed": 2955.431932, "delta": 15.968811}}
{"target": 0.6303042, "params": {"alpha": 0.4219925275965788, "colsample_bytree": 0.8897019117606245, "lam": 0.6716271276868605, "max_depth": 5.294787107545939, "min_child_weight": 1.3148913161191522, "subsample": 0.8882917963821885}, "datetime": {"datetime": "2020-04-25 15:42:03", "elapsed": 2967.082354, "delta": 11.650422}}
{"target": 0.6222012, "params": {"alpha": 0.9495349168678361, "colsample_bytree": 0.8777820515478161, "lam": 0.21586705346199297, "max_depth": 8.077688965499739, "min_child_weight": 9.972381074661014, "subsample": 0.5100216391963489}, "datetime": {"datetime": "2020-04-25 15:42:18", "elapsed": 2981.766929, "delta": 14.684575}}
{"target": 0.6293721999999999, "params": {"alpha": 0.3965473296887808, "colsample_bytree": 0.8628126449544464, "lam": 0.5427873920908156, "max_depth": 9.531924581663185, "min_child_weight": 6.971924204605196, "subsample": 0.8200534695694461}, "datetime": {"datetime": "2020-04-25 15:42:38", "elapsed": 3001.33937, "delta": 19.572441}}
{"target": 0.6076280000000001, "params": {"alpha": 0.9959719692864702, "colsample_bytree": 0.8919770426446556, "lam": 0.6690775723582939, "max_depth": 9.62036854087441, "min_child_weight": 5.514971735877893, "subsample": 0.6329897506349751}, "datetime": {"datetime": "2020-04-25 15:42:52", "elapsed": 3015.962699, "delta": 14.623329}}
{"target": 0.6331936, "params": {"alpha": 0.06532697827091849, "colsample_bytree": 0.8593065497754404, "lam": 0.29067552835032207, "max_depth": 9.927403791666764, "min_child_weight": 8.982124632248114, "subsample": 0.52186015083278}, "datetime": {"datetime": "2020-04-25 15:43:09", "elapsed": 3033.069745, "delta": 17.107046}}
{"target": 0.5982066, "params": {"alpha": 0.0, "colsample_bytree": 0.9, "lam": 0.9999999986567414, "max_depth": 3.0000006432676356, "min_child_weight": 4.75064961812293, "subsample": 0.5}, "datetime": {"datetime": "2020-04-25 15:43:24", "elapsed": 3048.008688, "delta": 14.938943}}
{"target": 0.6237902, "params": {"alpha": 0.9560857009028217, "colsample_bytree": 0.899958493095598, "lam": 0.9092093085385767, "max_depth": 3.970900399396549, "min_child_weight": 9.962061180014283, "subsample": 0.8823170410577303}, "datetime": {"datetime": "2020-04-25 15:43:40", "elapsed": 3063.399166, "delta": 15.390478}}
{"target": 0.6421963999999999, "params": {"alpha": 0.019033064121637522, "colsample_bytree": 0.8143049767943076, "lam": 0.11065586824860263, "max_depth": 5.0603445801551015, "min_child_weight": 5.990631684747225, "subsample": 0.8571970424549668}, "datetime": {"datetime": "2020-04-25 15:43:53", "elapsed": 3076.464854, "delta": 13.065688}}
{"target": 0.625233, "params": {"alpha": 0.9803371149112442, "colsample_bytree": 0.7990746357375811, "lam": 0.9693836033951074, "max_depth": 8.596466817969326, "min_child_weight": 5.036593574380229, "subsample": 0.5782652737697651}, "datetime": {"datetime": "2020-04-25 15:44:10", "elapsed": 3093.093498, "delta": 16.628644}}
{"target": 0.6175474, "params": {"alpha": 0.9883256388106685, "colsample_bytree": 0.5551606219225345, "lam": 0.9727306182215577, "max_depth": 9.993018367658745, "min_child_weight": 9.728507753001455, "subsample": 0.8547621247035131}, "datetime": {"datetime": "2020-04-25 15:44:22", "elapsed": 3105.953358, "delta": 12.85986}}
{"target": 0.6269842, "params": {"alpha": 0.9140838638348642, "colsample_bytree": 0.8075173974570344, "lam": 0.9909612304232439, "max_depth": 3.900155184458373, "min_child_weight": 4.246767548405423, "subsample": 0.8550098045429033}, "datetime": {"datetime": "2020-04-25 15:44:37", "elapsed": 3120.434925, "delta": 14.481567}}
{"target": 0.6122832, "params": {"alpha": 0.5013482671914441, "colsample_bytree": 0.8784209163249592, "lam": 0.4731975783907152, "max_depth": 3.387503059675656, "min_child_weight": 7.873340791206324, "subsample": 0.7100134445153661}, "datetime": {"datetime": "2020-04-25 15:44:49", "elapsed": 3133.053548, "delta": 12.618623}}
{"target": 0.6363674, "params": {"alpha": 0.9948493841248451, "colsample_bytree": 0.8127648743639656, "lam": 0.031224219129151187, "max_depth": 5.935409335148657, "min_child_weight": 7.833493761275187, "subsample": 0.8948899824305285}, "datetime": {"datetime": "2020-04-25 15:45:02", "elapsed": 3145.622373, "delta": 12.568825}}
{"target": 0.6182063999999999, "params": {"alpha": 0.9791047439045228, "colsample_bytree": 0.8925888609210388, "lam": 0.9626230360603163, "max_depth": 4.11762014834985, "min_child_weight": 7.37640810785795, "subsample": 0.5435225806006421}, "datetime": {"datetime": "2020-04-25 15:45:20", "elapsed": 3163.225312, "delta": 17.602939}}
{"target": 0.6272142, "params": {"alpha": 0.44842227667376766, "colsample_bytree": 0.8927616005244177, "lam": 0.15726064923118355, "max_depth": 8.800359426942387, "min_child_weight": 5.1841774908123766, "subsample": 0.8740994694419189}, "datetime": {"datetime": "2020-04-25 15:45:38", "elapsed": 3181.464717, "delta": 18.239405}}
{"target": 0.6130292, "params": {"alpha": 0.9999999950383747, "colsample_bytree": 0.8789870294901105, "lam": 0.9999999876365809, "max_depth": 3.561994957682891, "min_child_weight": 10.0, "subsample": 0.5000000107075244}, "datetime": {"datetime": "2020-04-25 15:45:58", "elapsed": 3201.664981, "delta": 20.200264}}
{"target": 0.63771, "params": {"alpha": 0.12859992423541466, "colsample_bytree": 0.845725096223628, "lam": 0.3691905115037485, "max_depth": 9.791267199358044, "min_child_weight": 8.340960409489355, "subsample": 0.8739419891915992}, "datetime": {"datetime": "2020-04-25 15:46:17", "elapsed": 3220.303582, "delta": 18.638601}}
{"target": 0.6341484, "params": {"alpha": 0.009675053032427217, "colsample_bytree": 0.8978827668293161, "lam": 0.8721598918524276, "max_depth": 8.583257131034475, "min_child_weight": 6.944784077240502, "subsample": 0.8281508114194263}, "datetime": {"datetime": "2020-04-25 15:46:30", "elapsed": 3233.928519, "delta": 13.624937}}
{"target": 0.6424418000000001, "params": {"alpha": 0.0, "colsample_bytree": 0.9, "lam": 0.0, "max_depth": 5.821774185961358, "min_child_weight": 7.971974469227174, "subsample": 0.8999999974352825}, "datetime": {"datetime": "2020-04-25 15:46:47", "elapsed": 3250.266815, "delta": 16.338296}}
{"target": 0.6403452000000001, "params": {"alpha": 0.555310427678841, "colsample_bytree": 0.8814602608199973, "lam": 0.9445260196321114, "max_depth": 8.704735144097686, "min_child_weight": 9.490768907605345, "subsample": 0.8779079193397921}, "datetime": {"datetime": "2020-04-25 15:47:01", "elapsed": 3264.935512, "delta": 14.668697}}
{"target": 0.6188086, "params": {"alpha": 0.9817155205794925, "colsample_bytree": 0.8755856487131441, "lam": 0.45816662245966844, "max_depth": 9.922349826116085, "min_child_weight": 4.213178360972535, "subsample": 0.8469175302195071}, "datetime": {"datetime": "2020-04-25 15:47:19", "elapsed": 3282.600032, "delta": 17.66452}}
{"target": 0.6354455999999999, "params": {"alpha": 0.9999999993317229, "colsample_bytree": 0.8952613293990814, "lam": 0.9925669161388747, "max_depth": 8.987671525777731, "min_child_weight": 9.213494564685474, "subsample": 0.8988348745799507}, "datetime": {"datetime": "2020-04-25 15:47:39", "elapsed": 3302.7105, "delta": 20.110468}}
{"target": 0.6389896, "params": {"alpha": 0.9752877005304179, "colsample_bytree": 0.8994770339892244, "lam": 0.0886030405897189, "max_depth": 5.233025186880676, "min_child_weight": 3.433552235295497, "subsample": 0.8911379239951516}, "datetime": {"datetime": "2020-04-25 15:47:58", "elapsed": 3322.06438, "delta": 19.35388}}
{"target": 0.6424884000000001, "params": {"alpha": 0.9651388230015941, "colsample_bytree": 0.8165808508034103, "lam": 0.49442361390822676, "max_depth": 6.319973959535318, "min_child_weight": 6.550820832087615, "subsample": 0.8669415996805896}, "datetime": {"datetime": "2020-04-25 15:48:16", "elapsed": 3339.790025, "delta": 17.725645}}
{"target": 0.6255776, "params": {"alpha": 0.4850107290789908, "colsample_bytree": 0.7115460234333202, "lam": 0.9206616346354652, "max_depth": 7.883455366305804, "min_child_weight": 8.443280537970022, "subsample": 0.8830054836083971}, "datetime": {"datetime": "2020-04-25 15:48:31", "elapsed": 3354.28984, "delta": 14.499815}}
{"target": 0.6216557999999999, "params": {"alpha": 0.015958733941693337, "colsample_bytree": 0.7868911265338909, "lam": 0.5238721884695703, "max_depth": 7.416474853735835, "min_child_weight": 5.350106018979792, "subsample": 0.7296665313215007}, "datetime": {"datetime": "2020-04-25 15:48:49", "elapsed": 3372.23814, "delta": 17.9483}}
{"target": 0.6247136, "params": {"alpha": 0.846075950140438, "colsample_bytree": 0.8639492453021563, "lam": 0.9932393390301238, "max_depth": 9.737108561848444, "min_child_weight": 3.6458534407210466, "subsample": 0.5673065168423992}, "datetime": {"datetime": "2020-04-25 15:49:02", "elapsed": 3385.840555, "delta": 13.602415}}
{"target": 0.6254205999999999, "params": {"alpha": 0.1140541720465067, "colsample_bytree": 0.871716370728953, "lam": 0.9991251102652424, "max_depth": 3.9683222003344367, "min_child_weight": 7.666227644488941, "subsample": 0.5448689234544222}, "datetime": {"datetime": "2020-04-25 15:49:17", "elapsed": 3400.782618, "delta": 14.942063}}
{"target": 0.6404601999999999, "params": {"alpha": 0.9435896469915047, "colsample_bytree": 0.7024186736843879, "lam": 0.916794011476795, "max_depth": 5.915976876170871, "min_child_weight": 6.560545540485259, "subsample": 0.8675103104561278}, "datetime": {"datetime": "2020-04-25 15:49:30", "elapsed": 3413.31847, "delta": 12.535852}}
{"target": 0.5913424, "params": {"alpha": 0.5743032331178762, "colsample_bytree": 0.899358581341021, "lam": 0.8003312582612718, "max_depth": 3.4514642669310995, "min_child_weight": 4.144876243906815, "subsample": 0.5901944727520864}, "datetime": {"datetime": "2020-04-25 15:49:48", "elapsed": 3431.448312, "delta": 18.129842}}
{"target": 0.6010258, "params": {"alpha": 0.0456411427125476, "colsample_bytree": 0.5800128435613403, "lam": 0.9810270794340747, "max_depth": 3.8637473392745196, "min_child_weight": 3.338047386302055, "subsample": 0.8811899938311649}, "datetime": {"datetime": "2020-04-25 15:50:01", "elapsed": 3444.856663, "delta": 13.408351}}
{"target": 0.6316656, "params": {"alpha": 0.9997355453661929, "colsample_bytree": 0.863324388129195, "lam": 0.35777182120880746, "max_depth": 7.303400070578539, "min_child_weight": 6.6123524196644325, "subsample": 0.8686073579476558}, "datetime": {"datetime": "2020-04-25 15:50:17", "elapsed": 3460.817019, "delta": 15.960356}}
{"target": 0.5729698000000001, "params": {"alpha": 0.9847708804344575, "colsample_bytree": 0.5296766170886269, "lam": 0.2104637926272218, "max_depth": 3.0482366978857516, "min_child_weight": 2.4500303772462955, "subsample": 0.770524125998148}, "datetime": {"datetime": "2020-04-25 15:50:39", "elapsed": 3482.644575, "delta": 21.827556}}
{"target": 0.6346642, "params": {"alpha": 0.5437597343997052, "colsample_bytree": 0.8649050664155054, "lam": 0.6604182983811371, "max_depth": 9.235247502923245, "min_child_weight": 9.020979498570565, "subsample": 0.5838814302421221}, "datetime": {"datetime": "2020-04-25 15:50:56", "elapsed": 3499.831897, "delta": 17.187322}}
{"target": 0.6143338, "params": {"alpha": 0.9377076685661878, "colsample_bytree": 0.8425761865872607, "lam": 0.6478811827443416, "max_depth": 5.072360110024125, "min_child_weight": 4.886683905040702, "subsample": 0.8662510523255763}, "datetime": {"datetime": "2020-04-25 15:51:13", "elapsed": 3516.657647, "delta": 16.82575}}
{"target": 0.6313434000000001, "params": {"alpha": 0.9927067656108822, "colsample_bytree": 0.8716871430202995, "lam": 0.28459068890390193, "max_depth": 5.859107878432908, "min_child_weight": 5.319117554097581, "subsample": 0.8368950946897957}, "datetime": {"datetime": "2020-04-25 15:51:26", "elapsed": 3529.598832, "delta": 12.941185}}
{"target": 0.6354786, "params": {"alpha": 0.0, "colsample_bytree": 0.8999999505336403, "lam": 1.0, "max_depth": 5.7629563786756615, "min_child_weight": 5.1341236294225325, "subsample": 0.8999999978988035}, "datetime": {"datetime": "2020-04-25 15:51:40", "elapsed": 3543.640233, "delta": 14.041401}}
{"target": 0.6363380000000001, "params": {"alpha": 0.9749919595466022, "colsample_bytree": 0.8603347907199892, "lam": 0.8228804195069783, "max_depth": 6.31868434808904, "min_child_weight": 4.503782949062675, "subsample": 0.8857519961082216}, "datetime": {"datetime": "2020-04-25 15:51:59", "elapsed": 3562.951603, "delta": 19.31137}}
{"target": 0.6068505999999999, "params": {"alpha": 0.9053964300188144, "colsample_bytree": 0.6084783721019074, "lam": 0.9212309938219729, "max_depth": 4.586798691657727, "min_child_weight": 3.985230087816692, "subsample": 0.8774420956034961}, "datetime": {"datetime": "2020-04-25 15:52:16", "elapsed": 3579.789138, "delta": 16.837535}}
{"target": 0.6332278, "params": {"alpha": 0.10494334023369223, "colsample_bytree": 0.8622322891664986, "lam": 0.021819517636459507, "max_depth": 6.729828537738626, "min_child_weight": 9.10166494433953, "subsample": 0.7794704555491025}, "datetime": {"datetime": "2020-04-25 15:52:35", "elapsed": 3598.445554, "delta": 18.656416}}
{"target": 0.6454294, "params": {"alpha": 0.32917520378521425, "colsample_bytree": 0.8570149504272173, "lam": 0.9967728254269215, "max_depth": 9.26584424978299, "min_child_weight": 6.099732238337757, "subsample": 0.8556035489105003}, "datetime": {"datetime": "2020-04-25 15:52:49", "elapsed": 3612.425836, "delta": 13.980282}}
{"target": 0.6037686, "params": {"alpha": 0.9877746984639733, "colsample_bytree": 0.8885088051238027, "lam": 0.18609552407341168, "max_depth": 3.056793654708349, "min_child_weight": 5.919751828021361, "subsample": 0.899223823519478}, "datetime": {"datetime": "2020-04-25 15:53:03", "elapsed": 3626.912188, "delta": 14.486352}}
{"target": 0.623897, "params": {"alpha": 0.9255499564325016, "colsample_bytree": 0.8982510280264029, "lam": 0.9969439935790239, "max_depth": 9.019122133120742, "min_child_weight": 4.398240304110153, "subsample": 0.8973894144404081}, "datetime": {"datetime": "2020-04-25 15:53:21", "elapsed": 3644.454771, "delta": 17.542583}}
{"target": 0.5404304, "params": {"alpha": 8.298480229532023e-10, "colsample_bytree": 0.50000000079131, "lam": 0.0, "max_depth": 3.0, "min_child_weight": 3.626971041885275, "subsample": 0.5000000005681569}, "datetime": {"datetime": "2020-04-25 15:53:39", "elapsed": 3663.036519, "delta": 18.581748}}
{"target": 0.6283032000000001, "params": {"alpha": 0.4920055564527619, "colsample_bytree": 0.8995512486280426, "lam": 0.3031263811814846, "max_depth": 8.762909642555421, "min_child_weight": 9.904410938297756, "subsample": 0.8864766731551987}, "datetime": {"datetime": "2020-04-25 15:53:54", "elapsed": 3677.920308, "delta": 14.883789}}
{"target": 0.6274989999999999, "params": {"alpha": 0.40340394129740287, "colsample_bytree": 0.7067421314019983, "lam": 0.594622372687226, "max_depth": 9.979416018490543, "min_child_weight": 7.780667103881851, "subsample": 0.522089694818297}, "datetime": {"datetime": "2020-04-25 15:54:12", "elapsed": 3695.262477, "delta": 17.342169}}
{"target": 0.6256267999999999, "params": {"alpha": 0.2896989426332861, "colsample_bytree": 0.8850141038605887, "lam": 0.9932529373684057, "max_depth": 9.276397224925395, "min_child_weight": 5.669815249447048, "subsample": 0.874107225577306}, "datetime": {"datetime": "2020-04-25 15:54:27", "elapsed": 3710.918496, "delta": 15.656019}}
