{"target": 0.6238545999999999, "params": {"alpha": 0.8736697693302781, "colsample_bytree": 0.8813792594707441, "lam": 0.11580636660171229, "max_depth": 9.939625468424186, "min_child_weight": 7.589143195599152, "subsample": 0.8076770571498351}, "datetime": {"datetime": "2020-04-25 09:52:14", "elapsed": 333.825019, "delta": 6.544747}}
{"target": 0.6240256000000001, "params": {"alpha": 0.9883225565644966, "colsample_bytree": 0.6850813211797862, "lam": 0.923049986343428, "max_depth": 8.544050092812007, "min_child_weight": 6.837854904762956, "subsample": 0.8975372821649954}, "datetime": {"datetime": "2020-04-25 09:52:21", "elapsed": 340.449174, "delta": 6.624155}}
{"target": 0.631789, "params": {"alpha": 0.2878768471233777, "colsample_bytree": 0.8794872172718107, "lam": 0.692128918146558, "max_depth": 9.122205848240066, "min_child_weight": 8.776706523942249, "subsample": 0.8494410686487627}, "datetime": {"datetime": "2020-04-25 09:52:27", "elapsed": 346.561006, "delta": 6.111832}}
{"target": 0.631699, "params": {"alpha": 0.11768567920974327, "colsample_bytree": 0.8854581128912193, "lam": 0.1070660695353709, "max_depth": 9.958677590572302, "min_child_weight": 6.725120014064423, "subsample": 0.8874834383058937}, "datetime": {"datetime": "2020-04-25 09:52:34", "elapsed": 353.497265, "delta": 6.936259}}
{"target": 0.6389594, "params": {"alpha": 0.9999999970972542, "colsample_bytree": 0.8999999986997342, "lam": 0.9999999920424161, "max_depth": 6.825104680046141, "min_child_weight": 9.99999999371588, "subsample": 0.8999999936362099}, "datetime": {"datetime": "2020-04-25 09:52:39", "elapsed": 358.962412, "delta": 5.465147}}
{"target": 0.6406968000000001, "params": {"alpha": 0.2507507560119724, "colsample_bytree": 0.692180971566337, "lam": 0.504361622122019, "max_depth": 5.806565403067893, "min_child_weight": 6.863556620315391, "subsample": 0.8912392420732433}, "datetime": {"datetime": "2020-04-25 09:52:44", "elapsed": 364.221641, "delta": 5.259229}}
{"target": 0.6422366, "params": {"alpha": 0.022835107817574807, "colsample_bytree": 0.8800353278416935, "lam": 0.8110468134417769, "max_depth": 5.833502610939478, "min_child_weight": 9.960436494860838, "subsample": 0.8261324380236018}, "datetime": {"datetime": "2020-04-25 09:52:49", "elapsed": 369.108997, "delta": 4.887356}}
{"target": 0.6243824, "params": {"alpha": 0.42642759348354575, "colsample_bytree": 0.8999487157253223, "lam": 0.026431206248136774, "max_depth": 5.447394275747689, "min_child_weight": 6.49857322545248, "subsample": 0.8907651850395503}, "datetime": {"datetime": "2020-04-25 09:52:54", "elapsed": 374.041605, "delta": 4.932608}}
{"target": 0.6324796000000001, "params": {"alpha": 0.9999999996347869, "colsample_bytree": 0.8999999997112588, "lam": 0.9999999954931922, "max_depth": 3.9120593655167055, "min_child_weight": 7.034392084482535, "subsample": 0.9}, "datetime": {"datetime": "2020-04-25 09:52:59", "elapsed": 378.4716, "delta": 4.429995}}
{"target": 0.6135842, "params": {"alpha": 0.8863976595150416, "colsample_bytree": 0.5308508829710329, "lam": 0.7649508317113621, "max_depth": 4.844440702840722, "min_child_weight": 7.1075710108892505, "subsample": 0.8983597092674009}, "datetime": {"datetime": "2020-04-25 09:53:04", "elapsed": 383.522922, "delta": 5.051322}}
{"target": 0.6369334, "params": {"alpha": 0.8432471946857155, "colsample_bytree": 0.8800700823443558, "lam": 0.6740403543443249, "max_depth": 6.313402003992895, "min_child_weight": 6.982089475527673, "subsample": 0.5770962938855708}, "datetime": {"datetime": "2020-04-25 09:53:08", "elapsed": 388.084332, "delta": 4.56141}}
{"target": 0.5935606, "params": {"alpha": 0.9621584024532881, "colsample_bytree": 0.8474072531021327, "lam": 0.5376836606018811, "max_depth": 3.0590298058391845, "min_child_weight": 2.293278226378241, "subsample": 0.5478652912782414}, "datetime": {"datetime": "2020-04-25 09:53:12", "elapsed": 392.130803, "delta": 4.046471}}
{"target": 0.5971097999999999, "params": {"alpha": 0.025212505226589355, "colsample_bytree": 0.8928950323709451, "lam": 0.031791316474928166, "max_depth": 3.156610408671924, "min_child_weight": 8.979614912105838, "subsample": 0.8630949918233826}, "datetime": {"datetime": "2020-04-25 09:53:17", "elapsed": 396.549134, "delta": 4.418331}}
{"target": 0.6214368, "params": {"alpha": 0.0048665442855339025, "colsample_bytree": 0.8872001438861483, "lam": 0.5428646535621932, "max_depth": 6.432500748729304, "min_child_weight": 5.8108336366678035, "subsample": 0.6226267251887433}, "datetime": {"datetime": "2020-04-25 09:53:21", "elapsed": 401.170242, "delta": 4.621108}}
{"target": 0.6365334, "params": {"alpha": 0.9999999932897672, "colsample_bytree": 0.9, "lam": 0.9999999993618476, "max_depth": 9.999999996618351, "min_child_weight": 9.851429051854563, "subsample": 0.8999999940465112}, "datetime": {"datetime": "2020-04-25 09:53:28", "elapsed": 407.921376, "delta": 6.751134}}
{"target": 0.6254316, "params": {"alpha": 0.5597418383100079, "colsample_bytree": 0.8931557224807787, "lam": 0.33175930429029243, "max_depth": 7.953659101853781, "min_child_weight": 6.037402863045405, "subsample": 0.8960878094683685}, "datetime": {"datetime": "2020-04-25 09:53:34", "elapsed": 413.783408, "delta": 5.862032}}
{"target": 0.6107414, "params": {"alpha": 0.09352005497282512, "colsample_bytree": 0.5149576934090462, "lam": 0.6815786305157706, "max_depth": 6.780976766653609, "min_child_weight": 4.89066489092537, "subsample": 0.8984736373128327}, "datetime": {"datetime": "2020-04-25 09:53:40", "elapsed": 419.462171, "delta": 5.678763}}
{"target": 0.6334642, "params": {"alpha": 0.6431149268307904, "colsample_bytree": 0.8986895587639723, "lam": 0.796901149454249, "max_depth": 5.2853031917958795, "min_child_weight": 6.955035215047685, "subsample": 0.8784467744807072}, "datetime": {"datetime": "2020-04-25 09:53:45", "elapsed": 424.362334, "delta": 4.900163}}
{"target": 0.6242074, "params": {"alpha": 0.9999999994551433, "colsample_bytree": 0.9, "lam": 1.0, "max_depth": 4.689786455293716, "min_child_weight": 1.0000000018403419, "subsample": 0.5669619481055833}, "datetime": {"datetime": "2020-04-25 09:53:49", "elapsed": 428.74276, "delta": 4.380426}}
{"target": 0.6133571999999999, "params": {"alpha": 0.9680704367492957, "colsample_bytree": 0.8607203072029818, "lam": 0.6032233730258302, "max_depth": 3.7050461555373095, "min_child_weight": 8.052368637200802, "subsample": 0.5218509860955792}, "datetime": {"datetime": "2020-04-25 09:53:53", "elapsed": 432.807427, "delta": 4.064667}}
{"target": 0.5721234, "params": {"alpha": 1.0, "colsample_bytree": 0.8999999806718804, "lam": 0.09027995372091312, "max_depth": 10.0, "min_child_weight": 1.3728528427381677, "subsample": 0.5}, "datetime": {"datetime": "2020-04-25 09:53:59", "elapsed": 438.696767, "delta": 5.88934}}
{"target": 0.602952, "params": {"alpha": 0.6915880786305382, "colsample_bytree": 0.8892115335980666, "lam": 0.9775437347904252, "max_depth": 7.020982579697015, "min_child_weight": 1.4424967476966137, "subsample": 0.5319420779094255}, "datetime": {"datetime": "2020-04-25 09:54:04", "elapsed": 443.512338, "delta": 4.815571}}
{"target": 0.6284561999999999, "params": {"alpha": 0.9890532247623743, "colsample_bytree": 0.864811289779928, "lam": 0.06663471938841414, "max_depth": 8.434698587048974, "min_child_weight": 4.723638915511989, "subsample": 0.8992807144283677}, "datetime": {"datetime": "2020-04-25 09:54:10", "elapsed": 449.638752, "delta": 6.126414}}
{"target": 0.6247716, "params": {"alpha": 0.23863833141116675, "colsample_bytree": 0.8679933955303092, "lam": 0.9564072180912174, "max_depth": 4.189650433828605, "min_child_weight": 1.1218439149721862, "subsample": 0.8656998364528208}, "datetime": {"datetime": "2020-04-25 09:54:15", "elapsed": 454.860403, "delta": 5.221651}}
{"target": 0.6331521999999999, "params": {"alpha": 0.05036504332717828, "colsample_bytree": 0.89999628477622, "lam": 0.10236270051601293, "max_depth": 4.502850836263948, "min_child_weight": 3.243527477565859, "subsample": 0.8988044301388844}, "datetime": {"datetime": "2020-04-25 09:54:20", "elapsed": 459.996074, "delta": 5.135671}}
{"target": 0.6124464, "params": {"alpha": 0.9778466135148333, "colsample_bytree": 0.8360636171729606, "lam": 1.0, "max_depth": 3.959541254464144, "min_child_weight": 6.199494103430781, "subsample": 0.5000000027059892}, "datetime": {"datetime": "2020-04-25 09:54:24", "elapsed": 463.895237, "delta": 3.899163}}
{"target": 0.6250856, "params": {"alpha": 0.5677153121431477, "colsample_bytree": 0.8849515385735501, "lam": 0.8927204797543722, "max_depth": 9.979352142202064, "min_child_weight": 6.073741648991621, "subsample": 0.8355130029011202}, "datetime": {"datetime": "2020-04-25 09:54:32", "elapsed": 471.247588, "delta": 7.352351}}
{"target": 0.6482928, "params": {"alpha": 5.378915262347433e-10, "colsample_bytree": 0.9, "lam": 0.39238684001607577, "max_depth": 9.128618101994078, "min_child_weight": 7.74057135737112, "subsample": 0.9}, "datetime": {"datetime": "2020-04-25 09:54:38", "elapsed": 478.228123, "delta": 6.980535}}
{"target": 0.6358128, "params": {"alpha": 0.02531477142062888, "colsample_bytree": 0.8882790417495163, "lam": 0.10202290247723544, "max_depth": 7.691972531839895, "min_child_weight": 7.837547712460465, "subsample": 0.8616414910374717}, "datetime": {"datetime": "2020-04-25 09:54:45", "elapsed": 484.651282, "delta": 6.423159}}
{"target": 0.6416142, "params": {"alpha": 0.08588896296943127, "colsample_bytree": 0.8668491992463131, "lam": 0.5425252159473368, "max_depth": 4.648788110104682, "min_child_weight": 6.982651036496323, "subsample": 0.8408048425477571}, "datetime": {"datetime": "2020-04-25 09:54:50", "elapsed": 489.619514, "delta": 4.968232}}
{"target": 0.6019456, "params": {"alpha": 0.9996892659093807, "colsample_bytree": 0.8970984831549988, "lam": 0.12817409030722104, "max_depth": 9.741871953998015, "min_child_weight": 3.6401835027634206, "subsample": 0.5110863102375685}, "datetime": {"datetime": "2020-04-25 09:54:56", "elapsed": 495.830719, "delta": 6.211205}}
{"target": 0.6326284, "params": {"alpha": 1.0, "colsample_bytree": 0.8999999990751261, "lam": 1.0, "max_depth": 8.04565645071608, "min_child_weight": 10.0, "subsample": 0.9}, "datetime": {"datetime": "2020-04-25 09:55:02", "elapsed": 502.093415, "delta": 6.262696}}
{"target": 0.6340158, "params": {"alpha": 0.9580258882981831, "colsample_bytree": 0.8420383052215512, "lam": 0.9189667538185331, "max_depth": 7.050068754320757, "min_child_weight": 5.154060938094425, "subsample": 0.8754240417273099}, "datetime": {"datetime": "2020-04-25 09:55:09", "elapsed": 508.415041, "delta": 6.321626}}
{"target": 0.6039772, "params": {"alpha": 0.1336722157758098, "colsample_bytree": 0.7681035666776496, "lam": 0.9949212242516319, "max_depth": 9.985609093574531, "min_child_weight": 2.710644438440837, "subsample": 0.5376850600397625}, "datetime": {"datetime": "2020-04-25 09:55:15", "elapsed": 514.859256, "delta": 6.444215}}
{"target": 0.6222564, "params": {"alpha": 0.04893279688946328, "colsample_bytree": 0.8835310839813522, "lam": 0.6009206337528673, "max_depth": 9.303818226633709, "min_child_weight": 9.981571336902732, "subsample": 0.5223450840288734}, "datetime": {"datetime": "2020-04-25 09:55:21", "elapsed": 520.391752, "delta": 5.532496}}
{"target": 0.6312626000000001, "params": {"alpha": 0.8324592560908575, "colsample_bytree": 0.8840099522648468, "lam": 0.3919682866215086, "max_depth": 6.345482249708488, "min_child_weight": 9.781022309422479, "subsample": 0.5232062459972974}, "datetime": {"datetime": "2020-04-25 09:55:26", "elapsed": 525.253053, "delta": 4.861301}}
{"target": 0.628523, "params": {"alpha": 0.09872466589583506, "colsample_bytree": 0.8852472290013416, "lam": 0.40405523588330094, "max_depth": 5.054261470051098, "min_child_weight": 9.04899530869157, "subsample": 0.8845556371669218}, "datetime": {"datetime": "2020-04-25 09:55:31", "elapsed": 530.718872, "delta": 5.465819}}
{"target": 0.5987372, "params": {"alpha": 0.9672965303528805, "colsample_bytree": 0.5598758140427521, "lam": 0.13832989672074725, "max_depth": 6.535284655663061, "min_child_weight": 7.382804088197934, "subsample": 0.5875736490639303}, "datetime": {"datetime": "2020-04-25 09:55:36", "elapsed": 536.092254, "delta": 5.373382}}
{"target": 0.6175698, "params": {"alpha": 0.04645412774309765, "colsample_bytree": 0.8679848406621743, "lam": 0.8532504465298286, "max_depth": 5.545503950952991, "min_child_weight": 2.3282972137545164, "subsample": 0.5911630475601682}, "datetime": {"datetime": "2020-04-25 09:55:42", "elapsed": 542.035654, "delta": 5.9434}}
{"target": 0.5977542, "params": {"alpha": 0.05290610784331984, "colsample_bytree": 0.5088190829598177, "lam": 0.9748519920764316, "max_depth": 6.091222069965374, "min_child_weight": 6.682549677592769, "subsample": 0.829248775827474}, "datetime": {"datetime": "2020-04-25 09:55:48", "elapsed": 547.835741, "delta": 5.800087}}
{"target": 0.6300886, "params": {"alpha": 0.5759611299259807, "colsample_bytree": 0.8812603339872148, "lam": 0.010105233124039992, "max_depth": 8.108725387736518, "min_child_weight": 9.943781792418271, "subsample": 0.858365580260818}, "datetime": {"datetime": "2020-04-25 09:55:55", "elapsed": 554.395389, "delta": 6.559648}}
{"target": 0.6058416, "params": {"alpha": 0.03137604114531012, "colsample_bytree": 0.8720942249285917, "lam": 0.9957461375373748, "max_depth": 3.0687784608494644, "min_child_weight": 1.2132769136116126, "subsample": 0.5105740164427456}, "datetime": {"datetime": "2020-04-25 09:55:59", "elapsed": 558.867244, "delta": 4.471855}}
{"target": 0.6336299999999999, "params": {"alpha": 0.9603551144473947, "colsample_bytree": 0.8741864060602398, "lam": 0.7800221516773584, "max_depth": 7.538649294325163, "min_child_weight": 7.540966922041161, "subsample": 0.8944861552631695}, "datetime": {"datetime": "2020-04-25 09:56:06", "elapsed": 565.408592, "delta": 6.541348}}
{"target": 0.5918424, "params": {"alpha": 0.9812040400782049, "colsample_bytree": 0.8971339295601758, "lam": 0.2038279352338297, "max_depth": 3.42473603398979, "min_child_weight": 9.931435984814625, "subsample": 0.7737830749088292}, "datetime": {"datetime": "2020-04-25 09:56:11", "elapsed": 570.424751, "delta": 5.016159}}
{"target": 0.624387, "params": {"alpha": 0.07757269239040754, "colsample_bytree": 0.8913315676894038, "lam": 0.1385806919257696, "max_depth": 6.429755317410276, "min_child_weight": 4.203634401613272, "subsample": 0.8841790231919179}, "datetime": {"datetime": "2020-04-25 09:56:16", "elapsed": 576.020348, "delta": 5.595597}}
{"target": 0.6359162, "params": {"alpha": 0.07303132367011733, "colsample_bytree": 0.898420068460154, "lam": 0.8809015954477106, "max_depth": 8.641164190401444, "min_child_weight": 7.610057834500837, "subsample": 0.7420470181125987}, "datetime": {"datetime": "2020-04-25 09:56:23", "elapsed": 582.735949, "delta": 6.715601}}
{"target": 0.6377738, "params": {"alpha": 0.37178228039130845, "colsample_bytree": 0.8991407323399933, "lam": 0.5187871208424921, "max_depth": 5.0491649566218495, "min_child_weight": 7.643258056777094, "subsample": 0.6293581936551341}, "datetime": {"datetime": "2020-04-25 09:56:28", "elapsed": 587.506756, "delta": 4.770807}}
{"target": 0.6289382, "params": {"alpha": 0.044785280839623964, "colsample_bytree": 0.8918289987747527, "lam": 0.3858617884428853, "max_depth": 8.29522509603274, "min_child_weight": 4.341213588033765, "subsample": 0.8808168993307643}, "datetime": {"datetime": "2020-04-25 09:56:34", "elapsed": 594.231997, "delta": 6.725241}}
{"target": 0.6072306, "params": {"alpha": 0.7303870556996732, "colsample_bytree": 0.5119979210372549, "lam": 0.015352337754413914, "max_depth": 9.49564075516432, "min_child_weight": 4.899767539203811, "subsample": 0.8355970534211681}, "datetime": {"datetime": "2020-04-25 09:56:42", "elapsed": 601.237737, "delta": 7.00574}}
{"target": 0.6387308, "params": {"alpha": 0.9568888375623487, "colsample_bytree": 0.8992688494552608, "lam": 0.844054815397631, "max_depth": 9.440725732575613, "min_child_weight": 7.586509435922316, "subsample": 0.5670929796642264}, "datetime": {"datetime": "2020-04-25 09:56:48", "elapsed": 607.308236, "delta": 6.070499}}
{"target": 0.6352431999999999, "params": {"alpha": 0.14413220615609024, "colsample_bytree": 0.8521838850824657, "lam": 0.017949492685294888, "max_depth": 6.1318781076927555, "min_child_weight": 9.97231924341638, "subsample": 0.8577992502354235}, "datetime": {"datetime": "2020-04-25 09:56:53", "elapsed": 613.044251, "delta": 5.736015}}
{"target": 0.6351158, "params": {"alpha": 0.7153304454020802, "colsample_bytree": 0.8909086320505037, "lam": 0.9693787826547806, "max_depth": 7.625669115973807, "min_child_weight": 4.088872367352838, "subsample": 0.8569391483221499}, "datetime": {"datetime": "2020-04-25 09:57:00", "elapsed": 619.614563, "delta": 6.570312}}
{"target": 0.6278608, "params": {"alpha": 0.9999999618554168, "colsample_bytree": 0.9, "lam": 1.0, "max_depth": 10.0, "min_child_weight": 10.0, "subsample": 0.5000000552734734}, "datetime": {"datetime": "2020-04-25 09:57:06", "elapsed": 625.27415, "delta": 5.659587}}
{"target": 0.634412, "params": {"alpha": 0.09153676893606977, "colsample_bytree": 0.8467881048944703, "lam": 0.6969366492227226, "max_depth": 6.907247532195628, "min_child_weight": 8.46045731256192, "subsample": 0.8918326048877012}, "datetime": {"datetime": "2020-04-25 09:57:12", "elapsed": 631.973717, "delta": 6.699567}}
{"target": 0.6038436, "params": {"alpha": 0.02787368889985653, "colsample_bytree": 0.7466847610514025, "lam": 0.03111074430336891, "max_depth": 3.0032291987641093, "min_child_weight": 2.6269799956779227, "subsample": 0.8902858256002799}, "datetime": {"datetime": "2020-04-25 09:57:18", "elapsed": 637.734593, "delta": 5.760876}}
{"target": 0.6085578, "params": {"alpha": 0.044378524564874344, "colsample_bytree": 0.8864545084378237, "lam": 0.03991006324713242, "max_depth": 7.5424352472543275, "min_child_weight": 2.5761082286528856, "subsample": 0.7943464517624785}, "datetime": {"datetime": "2020-04-25 09:57:25", "elapsed": 644.370366, "delta": 6.635773}}
{"target": 0.6176004, "params": {"alpha": 0.8505931448127563, "colsample_bytree": 0.8977343960475466, "lam": 0.8684630540090825, "max_depth": 5.034527895539773, "min_child_weight": 9.944720457982635, "subsample": 0.6628910277935347}, "datetime": {"datetime": "2020-04-25 09:57:30", "elapsed": 649.581195, "delta": 5.210829}}
{"target": 0.6304914, "params": {"alpha": 0.7323887031864096, "colsample_bytree": 0.888098909335141, "lam": 0.9664546760408251, "max_depth": 5.132384568882829, "min_child_weight": 2.947928272189122, "subsample": 0.8920901902612153}, "datetime": {"datetime": "2020-04-25 09:57:35", "elapsed": 655.094437, "delta": 5.513242}}
{"target": 0.6241787999999999, "params": {"alpha": 0.24186286135342627, "colsample_bytree": 0.8944136506620801, "lam": 0.8713829152089362, "max_depth": 3.601525825504006, "min_child_weight": 8.066220686795624, "subsample": 0.8959297572604294}, "datetime": {"datetime": "2020-04-25 09:57:41", "elapsed": 660.798954, "delta": 5.704517}}
{"target": 0.631486, "params": {"alpha": 0.009981232837134257, "colsample_bytree": 0.8731305896880259, "lam": 0.9894392578585659, "max_depth": 4.815354723920384, "min_child_weight": 4.813038988629325, "subsample": 0.8503542595016211}, "datetime": {"datetime": "2020-04-25 09:57:47", "elapsed": 667.234989, "delta": 6.436035}}
{"target": 0.6410254, "params": {"alpha": 0.9218442487701661, "colsample_bytree": 0.8732039688444719, "lam": 0.2477117774905938, "max_depth": 9.221286756123396, "min_child_weight": 9.426541888049378, "subsample": 0.8800330581116698}, "datetime": {"datetime": "2020-04-25 09:57:55", "elapsed": 674.278138, "delta": 7.043149}}
{"target": 0.6296256, "params": {"alpha": 0.3697625964466882, "colsample_bytree": 0.8605297272273922, "lam": 0.4146288687961244, "max_depth": 6.71143764936188, "min_child_weight": 7.090137384860099, "subsample": 0.8636715709611025}, "datetime": {"datetime": "2020-04-25 09:58:01", "elapsed": 681.127791, "delta": 6.849653}}
{"target": 0.6400783999999999, "params": {"alpha": 0.01378676720122185, "colsample_bytree": 0.8527230302108563, "lam": 0.8203477448655027, "max_depth": 9.459118251726593, "min_child_weight": 6.885424306853909, "subsample": 0.8963914400762}, "datetime": {"datetime": "2020-04-25 09:58:09", "elapsed": 688.727729, "delta": 7.599938}}
{"target": 0.6149066, "params": {"alpha": 0.9751918387640683, "colsample_bytree": 0.8837906257234543, "lam": 0.9510424521003451, "max_depth": 8.819982796346297, "min_child_weight": 6.3721459480450395, "subsample": 0.6592266216222951}, "datetime": {"datetime": "2020-04-25 09:58:16", "elapsed": 695.238806, "delta": 6.511077}}
{"target": 0.6082582000000001, "params": {"alpha": 0.02111786293945428, "colsample_bytree": 0.864475469914546, "lam": 0.02625065736233745, "max_depth": 4.467074369589305, "min_child_weight": 1.540113142735461, "subsample": 0.5442852782260658}, "datetime": {"datetime": "2020-04-25 09:58:21", "elapsed": 700.3225, "delta": 5.083694}}
{"target": 0.6211597999999999, "params": {"alpha": 0.8911302770960697, "colsample_bytree": 0.5823892376975358, "lam": 0.6894370215030434, "max_depth": 9.511801898636937, "min_child_weight": 9.972062676654149, "subsample": 0.8989628762079693}, "datetime": {"datetime": "2020-04-25 09:58:28", "elapsed": 707.772543, "delta": 7.450043}}
{"target": 0.6283914, "params": {"alpha": 0.8895084166048598, "colsample_bytree": 0.8903701648223269, "lam": 0.7576842818708074, "max_depth": 6.753037646227027, "min_child_weight": 6.0888413854063925, "subsample": 0.8974291099546231}, "datetime": {"datetime": "2020-04-25 09:58:34", "elapsed": 713.896929, "delta": 6.124386}}
{"target": 0.588519, "params": {"alpha": 1.0, "colsample_bytree": 0.5000000041651131, "lam": 0.9999999879942109, "max_depth": 9.981434242332426, "min_child_weight": 5.538605443137909, "subsample": 0.9}, "datetime": {"datetime": "2020-04-25 09:58:43", "elapsed": 722.239528, "delta": 8.342599}}
