{"target": 0.6195326, "params": {"alpha": 0.9777014916243812, "colsample_bytree": 0.8486494363400976, "lam": 0.05848315068005727, "max_depth": 4.239304371152557, "min_child_weight": 4.163147754123262, "subsample": 0.8612911645191175}, "datetime": {"datetime": "2020-04-25 12:34:16", "elapsed": 876.271303, "delta": 5.933013}}
{"target": 0.6221724, "params": {"alpha": 0.9697997126181735, "colsample_bytree": 0.8949101785218734, "lam": 0.32251305834201494, "max_depth": 4.678121286797797, "min_child_weight": 9.169137953212386, "subsample": 0.8880454523189549}, "datetime": {"datetime": "2020-04-25 12:34:22", "elapsed": 882.159584, "delta": 5.888281}}
{"target": 0.6328614, "params": {"alpha": 0.7444551067383598, "colsample_bytree": 0.8775409847648362, "lam": 0.9790420391776431, "max_depth": 6.202522998840714, "min_child_weight": 1.367782723472072, "subsample": 0.889402362400475}, "datetime": {"datetime": "2020-04-25 12:34:29", "elapsed": 888.90259, "delta": 6.743006}}
{"target": 0.6035086, "params": {"alpha": 0.003474712500762478, "colsample_bytree": 0.8989082671845222, "lam": 0.04471575595543986, "max_depth": 3.0504735932294618, "min_child_weight": 3.0018325795614165, "subsample": 0.8860203737208944}, "datetime": {"datetime": "2020-04-25 12:34:35", "elapsed": 894.679384, "delta": 5.776794}}
{"target": 0.6037816, "params": {"alpha": 0.9790392510494047, "colsample_bytree": 0.5115992499469587, "lam": 0.9837829391108963, "max_depth": 6.081502572682523, "min_child_weight": 1.340544457234912, "subsample": 0.886328531407013}, "datetime": {"datetime": "2020-04-25 12:34:40", "elapsed": 900.109969, "delta": 5.430585}}
{"target": 0.6245094, "params": {"alpha": 0.01282039517687783, "colsample_bytree": 0.8630700753373113, "lam": 0.30532621202020904, "max_depth": 6.5011229844849465, "min_child_weight": 8.422045646190215, "subsample": 0.8836867251573843}, "datetime": {"datetime": "2020-04-25 12:34:47", "elapsed": 907.262443, "delta": 7.152474}}
{"target": 0.5897018, "params": {"alpha": 0.0, "colsample_bytree": 0.5, "lam": 0.0, "max_depth": 3.992661252138004, "min_child_weight": 5.831501872408424, "subsample": 0.899999998417061}, "datetime": {"datetime": "2020-04-25 12:34:55", "elapsed": 914.743633, "delta": 7.48119}}
{"target": 0.6302171999999999, "params": {"alpha": 0.0957915600599677, "colsample_bytree": 0.8949050109845451, "lam": 0.9342918144666332, "max_depth": 8.064383159397003, "min_child_weight": 9.01345832952347, "subsample": 0.8855149403391658}, "datetime": {"datetime": "2020-04-25 12:35:01", "elapsed": 920.819558, "delta": 6.075925}}
{"target": 0.6259549999999999, "params": {"alpha": 0.6572933787135914, "colsample_bytree": 0.8894734010153864, "lam": 0.013088064163679025, "max_depth": 6.629576351309117, "min_child_weight": 8.973413990572947, "subsample": 0.733779684897366}, "datetime": {"datetime": "2020-04-25 12:35:07", "elapsed": 926.935592, "delta": 6.116034}}
{"target": 0.6350144, "params": {"alpha": 0.37288833020324086, "colsample_bytree": 0.8495051002409675, "lam": 0.8813310799242697, "max_depth": 5.190819963955056, "min_child_weight": 7.8007331133802, "subsample": 0.8856418246814639}, "datetime": {"datetime": "2020-04-25 12:35:13", "elapsed": 933.189501, "delta": 6.253909}}
{"target": 0.63107, "params": {"alpha": 0.3798750533312001, "colsample_bytree": 0.888646015776509, "lam": 0.07221228628793419, "max_depth": 4.920443431728927, "min_child_weight": 3.9925091892958253, "subsample": 0.8943449139786089}, "datetime": {"datetime": "2020-04-25 12:35:20", "elapsed": 940.41789, "delta": 7.228389}}
{"target": 0.6292359999999999, "params": {"alpha": 0.6265148673918409, "colsample_bytree": 0.6618314301545595, "lam": 0.9666579205194286, "max_depth": 5.249209752994008, "min_child_weight": 5.5982370002229365, "subsample": 0.8639704076006445}, "datetime": {"datetime": "2020-04-25 12:35:28", "elapsed": 948.490418, "delta": 8.072528}}
{"target": 0.6366828, "params": {"alpha": 0.7259105433093133, "colsample_bytree": 0.8854662268786999, "lam": 0.9387728828339937, "max_depth": 5.849772656667318, "min_child_weight": 7.93224856535326, "subsample": 0.8358221544937652}, "datetime": {"datetime": "2020-04-25 12:35:34", "elapsed": 954.578878, "delta": 6.08846}}
{"target": 0.6374470000000001, "params": {"alpha": 0.00475444904505129, "colsample_bytree": 0.8922992373299479, "lam": 0.9342935998631745, "max_depth": 5.52977384221588, "min_child_weight": 4.337306980157779, "subsample": 0.8317631870874225}, "datetime": {"datetime": "2020-04-25 12:35:42", "elapsed": 962.288774, "delta": 7.709896}}
{"target": 0.6123594000000001, "params": {"alpha": 0.9486250670347802, "colsample_bytree": 0.896757773317001, "lam": 0.12261190543346756, "max_depth": 9.844385540046439, "min_child_weight": 6.147829072392053, "subsample": 0.6824095151334699}, "datetime": {"datetime": "2020-04-25 12:35:50", "elapsed": 970.106252, "delta": 7.817478}}
{"target": 0.6380022000000001, "params": {"alpha": 0.3718826602631191, "colsample_bytree": 0.8564146847108252, "lam": 0.08403379215751994, "max_depth": 8.723084880238765, "min_child_weight": 9.973540048342375, "subsample": 0.8578135307213548}, "datetime": {"datetime": "2020-04-25 12:35:59", "elapsed": 979.30235, "delta": 9.196098}}
{"target": 0.6416852, "params": {"alpha": 0.06255540614901245, "colsample_bytree": 0.8779446563097202, "lam": 0.16955334016032442, "max_depth": 7.668279102485015, "min_child_weight": 9.629765951676323, "subsample": 0.8598431858476168}, "datetime": {"datetime": "2020-04-25 12:36:07", "elapsed": 987.44081, "delta": 8.13846}}
{"target": 0.6198319999999999, "params": {"alpha": 0.1091115749406486, "colsample_bytree": 0.5624296972743297, "lam": 0.02492034642464569, "max_depth": 7.491313407482912, "min_child_weight": 9.454775847135942, "subsample": 0.8823571441884666}, "datetime": {"datetime": "2020-04-25 12:36:13", "elapsed": 993.285627, "delta": 5.844817}}
{"target": 0.6351772, "params": {"alpha": 0.9926439697986579, "colsample_bytree": 0.8756750770409758, "lam": 0.030816551851121643, "max_depth": 4.665911261072317, "min_child_weight": 7.68947804076073, "subsample": 0.8641625306337994}, "datetime": {"datetime": "2020-04-25 12:36:21", "elapsed": 1000.938988, "delta": 7.653361}}
{"target": 0.6256584, "params": {"alpha": 0.02126433607645617, "colsample_bytree": 0.6278575995659782, "lam": 0.04458819592016838, "max_depth": 5.298505554937028, "min_child_weight": 9.983348301049457, "subsample": 0.8716360845394013}, "datetime": {"datetime": "2020-04-25 12:36:27", "elapsed": 1007.521894, "delta": 6.582906}}
{"target": 0.610053, "params": {"alpha": 0.9025388051043363, "colsample_bytree": 0.8962024528575001, "lam": 0.9877950921198689, "max_depth": 9.1081815944485, "min_child_weight": 1.4151829609974413, "subsample": 0.5009389589759159}, "datetime": {"datetime": "2020-04-25 12:36:35", "elapsed": 1015.187649, "delta": 7.665755}}
{"target": 0.6225495999999999, "params": {"alpha": 0.72738683338233, "colsample_bytree": 0.8939443643910499, "lam": 0.6247468880507528, "max_depth": 3.97329295804679, "min_child_weight": 6.735353726203296, "subsample": 0.6421829794403813}, "datetime": {"datetime": "2020-04-25 12:36:41", "elapsed": 1021.608759, "delta": 6.42111}}
{"target": 0.6174877999999999, "params": {"alpha": 0.007769685843080687, "colsample_bytree": 0.8915706610651273, "lam": 0.8854950794698981, "max_depth": 6.482568107617346, "min_child_weight": 1.0938001105384343, "subsample": 0.8550334756007703}, "datetime": {"datetime": "2020-04-25 12:36:49", "elapsed": 1028.962124, "delta": 7.353365}}
{"target": 0.6297736, "params": {"alpha": 0.13386987945098938, "colsample_bytree": 0.8760280513364616, "lam": 0.15268544184043942, "max_depth": 5.5189476397892845, "min_child_weight": 3.4165707629611655, "subsample": 0.856711438563373}, "datetime": {"datetime": "2020-04-25 12:36:56", "elapsed": 1035.681536, "delta": 6.719412}}
{"target": 0.6364768000000001, "params": {"alpha": 0.00744215775212298, "colsample_bytree": 0.8436407898264177, "lam": 0.04588536094926565, "max_depth": 5.655129752539942, "min_child_weight": 4.397798124428172, "subsample": 0.8667069728286709}, "datetime": {"datetime": "2020-04-25 12:37:02", "elapsed": 1042.12172, "delta": 6.440184}}
{"target": 0.6203856, "params": {"alpha": 0.37715358467252647, "colsample_bytree": 0.8635416662794957, "lam": 0.12358578574236878, "max_depth": 5.23188602034236, "min_child_weight": 1.0738174127277587, "subsample": 0.8538653986206803}, "datetime": {"datetime": "2020-04-25 12:37:12", "elapsed": 1052.518616, "delta": 10.396896}}
{"target": 0.6256062000000001, "params": {"alpha": 0.03338223694935161, "colsample_bytree": 0.8474391087141632, "lam": 0.9830236471803298, "max_depth": 9.388796938483674, "min_child_weight": 1.7925103421683866, "subsample": 0.8514436686020601}, "datetime": {"datetime": "2020-04-25 12:37:19", "elapsed": 1058.835057, "delta": 6.316441}}
{"target": 0.626625, "params": {"alpha": 0.0224173972744125, "colsample_bytree": 0.8888968365674035, "lam": 0.6753216906296019, "max_depth": 4.37885401826574, "min_child_weight": 3.607946076109643, "subsample": 0.8574946277899181}, "datetime": {"datetime": "2020-04-25 12:37:25", "elapsed": 1065.484081, "delta": 6.649024}}
{"target": 0.6345506, "params": {"alpha": 0.4643268814626097, "colsample_bytree": 0.8981356279773965, "lam": 0.02916873617798632, "max_depth": 6.021482670737523, "min_child_weight": 7.502405184767414, "subsample": 0.8709208558342556}, "datetime": {"datetime": "2020-04-25 12:37:32", "elapsed": 1072.318836, "delta": 6.834755}}
{"target": 0.63093, "params": {"alpha": 0.4238216185708069, "colsample_bytree": 0.8769555306618899, "lam": 0.13809699275763132, "max_depth": 9.635568160491554, "min_child_weight": 9.913325636203519, "subsample": 0.8812031931593871}, "datetime": {"datetime": "2020-04-25 12:37:39", "elapsed": 1078.750308, "delta": 6.431472}}
{"target": 0.6246538, "params": {"alpha": 0.921807858693384, "colsample_bytree": 0.620900193984242, "lam": 0.039314226957942955, "max_depth": 9.981364036301487, "min_child_weight": 9.492211108379633, "subsample": 0.8137596455133422}, "datetime": {"datetime": "2020-04-25 12:37:47", "elapsed": 1086.876307, "delta": 8.125999}}
{"target": 0.6420076, "params": {"alpha": 0.9922012034809091, "colsample_bytree": 0.7871585686253997, "lam": 0.0052234906335748565, "max_depth": 7.1415951520189145, "min_child_weight": 6.273791193120434, "subsample": 0.8961105636531097}, "datetime": {"datetime": "2020-04-25 12:37:54", "elapsed": 1094.060407, "delta": 7.1841}}
{"target": 0.620193, "params": {"alpha": 0.4468781065410986, "colsample_bytree": 0.8837186923217424, "lam": 0.9176373017386342, "max_depth": 9.422174157729302, "min_child_weight": 5.975712099779343, "subsample": 0.8161895145887814}, "datetime": {"datetime": "2020-04-25 12:38:02", "elapsed": 1101.799355, "delta": 7.738948}}
{"target": 0.6451948, "params": {"alpha": 0.8501530841283143, "colsample_bytree": 0.8183837175942311, "lam": 0.01245324358415989, "max_depth": 9.958133791499673, "min_child_weight": 9.134430901384471, "subsample": 0.8971328250192361}, "datetime": {"datetime": "2020-04-25 12:38:07", "elapsed": 1107.41519, "delta": 5.615835}}
{"target": 0.6406620000000001, "params": {"alpha": 0.9999999999708498, "colsample_bytree": 0.8649378646599906, "lam": 4.245898857229897e-08, "max_depth": 9.99999999989528, "min_child_weight": 8.892664853874264, "subsample": 0.6683106521215414}, "datetime": {"datetime": "2020-04-25 12:38:15", "elapsed": 1114.828602, "delta": 7.413412}}
{"target": 0.620595, "params": {"alpha": 0.9923323313835162, "colsample_bytree": 0.8972329019467633, "lam": 0.6063767398554815, "max_depth": 9.23366011833683, "min_child_weight": 4.675593090878882, "subsample": 0.8906580918555371}, "datetime": {"datetime": "2020-04-25 12:38:22", "elapsed": 1122.199213, "delta": 7.370611}}
{"target": 0.6191936, "params": {"alpha": 0.9873702438467565, "colsample_bytree": 0.8759696727619816, "lam": 0.9388368339445564, "max_depth": 8.600011371809899, "min_child_weight": 5.593336647757625, "subsample": 0.6895629865860892}, "datetime": {"datetime": "2020-04-25 12:38:30", "elapsed": 1129.819131, "delta": 7.619918}}
{"target": 0.6336502, "params": {"alpha": 0.9341403074024063, "colsample_bytree": 0.8822599336462357, "lam": 0.01747657469978825, "max_depth": 5.2754805463413526, "min_child_weight": 8.491054745963378, "subsample": 0.8656596650487013}, "datetime": {"datetime": "2020-04-25 12:38:36", "elapsed": 1136.636236, "delta": 6.817105}}
{"target": 0.6318476000000001, "params": {"alpha": 0.9601349705538949, "colsample_bytree": 0.8785403773704631, "lam": 0.7122105588997732, "max_depth": 9.435603258125248, "min_child_weight": 7.025456819109378, "subsample": 0.8796105480413128}, "datetime": {"datetime": "2020-04-25 12:38:44", "elapsed": 1144.195379, "delta": 7.559143}}
{"target": 0.5954998, "params": {"alpha": 0.05665840679025613, "colsample_bytree": 0.8809138488606747, "lam": 0.9582261672057402, "max_depth": 3.358059976915726, "min_child_weight": 9.961304271485856, "subsample": 0.5563890774730258}, "datetime": {"datetime": "2020-04-25 12:38:51", "elapsed": 1150.88004, "delta": 6.684661}}
{"target": 0.6339879999999999, "params": {"alpha": 0.6730641340529177, "colsample_bytree": 0.879898509447633, "lam": 0.9416931117646791, "max_depth": 7.31266135633056, "min_child_weight": 3.7927734996050946, "subsample": 0.8920935956761041}, "datetime": {"datetime": "2020-04-25 12:38:58", "elapsed": 1158.278537, "delta": 7.398497}}
{"target": 0.6370116, "params": {"alpha": 0.0029380787239643436, "colsample_bytree": 0.7604326557209695, "lam": 0.9924077909436259, "max_depth": 8.23420508844249, "min_child_weight": 6.513616350538961, "subsample": 0.8794280670533889}, "datetime": {"datetime": "2020-04-25 12:39:05", "elapsed": 1165.569142, "delta": 7.290605}}
{"target": 0.5976224, "params": {"alpha": 0.16417629491891153, "colsample_bytree": 0.8999999993959481, "lam": 0.04527376894408513, "max_depth": 3.0527586378959604, "min_child_weight": 4.875105610913163, "subsample": 0.5215558218783187}, "datetime": {"datetime": "2020-04-25 12:39:11", "elapsed": 1171.623488, "delta": 6.054346}}
{"target": 0.6386793999999999, "params": {"alpha": 0.9999999996642559, "colsample_bytree": 0.8999999997189524, "lam": 0.0, "max_depth": 6.550467010132588, "min_child_weight": 6.546960269413533, "subsample": 0.8999999998609558}, "datetime": {"datetime": "2020-04-25 12:39:19", "elapsed": 1179.011082, "delta": 7.387594}}
{"target": 0.5956558000000001, "params": {"alpha": 1.910333998278393e-08, "colsample_bytree": 0.8999999999999999, "lam": 0.0, "max_depth": 3.000000151280868, "min_child_weight": 9.13340193011221, "subsample": 0.8999999960421127}, "datetime": {"datetime": "2020-04-25 12:39:26", "elapsed": 1186.435122, "delta": 7.42404}}
{"target": 0.6186014, "params": {"alpha": 0.8927834057867542, "colsample_bytree": 0.8604771703997798, "lam": 0.9721211044511968, "max_depth": 7.595482572563645, "min_child_weight": 3.2779896987412127, "subsample": 0.5133757310542222}, "datetime": {"datetime": "2020-04-25 12:39:33", "elapsed": 1192.824476, "delta": 6.389354}}
{"target": 0.6274379999999999, "params": {"alpha": 0.00469697032093519, "colsample_bytree": 0.6675911116061748, "lam": 0.9253972297354435, "max_depth": 7.170572758976314, "min_child_weight": 5.986665026954637, "subsample": 0.8957652032381576}, "datetime": {"datetime": "2020-04-25 12:39:41", "elapsed": 1201.182247, "delta": 8.357771}}
{"target": 0.6384040000000001, "params": {"alpha": 0.02750571736162044, "colsample_bytree": 0.8011013289926463, "lam": 0.7080464553601657, "max_depth": 8.484427420563549, "min_child_weight": 6.693475845123359, "subsample": 0.5920513665471103}, "datetime": {"datetime": "2020-04-25 12:39:47", "elapsed": 1207.43468, "delta": 6.252433}}
{"target": 0.632193, "params": {"alpha": 0.0976811249755476, "colsample_bytree": 0.8972298723787713, "lam": 0.855201180652422, "max_depth": 8.680416716635808, "min_child_weight": 7.399343219892663, "subsample": 0.8224062233781446}, "datetime": {"datetime": "2020-04-25 12:39:54", "elapsed": 1214.535919, "delta": 7.101239}}
{"target": 0.6152994000000002, "params": {"alpha": 0.0011120144120444486, "colsample_bytree": 0.8654223520634361, "lam": 0.09427116928263257, "max_depth": 7.737863545136875, "min_child_weight": 5.8071076973850975, "subsample": 0.5832056505994863}, "datetime": {"datetime": "2020-04-25 12:40:02", "elapsed": 1222.025577, "delta": 7.489658}}
{"target": 0.6326812, "params": {"alpha": 0.19834508705896303, "colsample_bytree": 0.8999766628442378, "lam": 0.9095807030924024, "max_depth": 7.861950456825463, "min_child_weight": 3.855398438212972, "subsample": 0.8474349220681491}, "datetime": {"datetime": "2020-04-25 12:40:08", "elapsed": 1228.490915, "delta": 6.465338}}
{"target": 0.6046875999999999, "params": {"alpha": 0.9662540233746548, "colsample_bytree": 0.8710223974249609, "lam": 0.06062370344408341, "max_depth": 7.743640791666467, "min_child_weight": 2.488340423710607, "subsample": 0.8896144496839551}, "datetime": {"datetime": "2020-04-25 12:40:17", "elapsed": 1236.760294, "delta": 8.269379}}
{"target": 0.6272266, "params": {"alpha": 0.2909915849443153, "colsample_bytree": 0.8468193531385476, "lam": 0.7384856052552755, "max_depth": 7.363824082311067, "min_child_weight": 5.667006837500809, "subsample": 0.8995504878841708}, "datetime": {"datetime": "2020-04-25 12:40:25", "elapsed": 1245.123164, "delta": 8.36287}}
{"target": 0.6172124, "params": {"alpha": 0.02825980868491118, "colsample_bytree": 0.857343110156258, "lam": 0.9778673604248345, "max_depth": 5.650282623886508, "min_child_weight": 7.90522735992722, "subsample": 0.5321940065298538}, "datetime": {"datetime": "2020-04-25 12:40:33", "elapsed": 1253.201811, "delta": 8.078647}}
{"target": 0.6353858, "params": {"alpha": 5.222353285144149e-09, "colsample_bytree": 0.8999999996649134, "lam": 0.9999999928602432, "max_depth": 5.228722794999536, "min_child_weight": 3.519394422407329, "subsample": 0.899999997631287}, "datetime": {"datetime": "2020-04-25 12:40:41", "elapsed": 1260.730081, "delta": 7.52827}}
{"target": 0.6412244, "params": {"alpha": 6.708602196802851e-13, "colsample_bytree": 0.9, "lam": 1.2862418380380693e-07, "max_depth": 7.3937200892331685, "min_child_weight": 9.999999919439254, "subsample": 0.7841700789843108}, "datetime": {"datetime": "2020-04-25 12:40:49", "elapsed": 1269.312014, "delta": 8.581933}}
{"target": 0.5836184, "params": {"alpha": 0.9196048924595575, "colsample_bytree": 0.5000000086237997, "lam": 5.5215074723117535e-09, "max_depth": 6.256672431374806, "min_child_weight": 1.0, "subsample": 0.8999999809644984}, "datetime": {"datetime": "2020-04-25 12:40:56", "elapsed": 1275.780118, "delta": 6.468104}}
{"target": 0.627817, "params": {"alpha": 0.029925677731713285, "colsample_bytree": 0.8844567550542586, "lam": 0.9876972615837438, "max_depth": 7.288366873133136, "min_child_weight": 3.4099716908956794, "subsample": 0.8118352892929657}, "datetime": {"datetime": "2020-04-25 12:41:03", "elapsed": 1283.372028, "delta": 7.59191}}
{"target": 0.6295396, "params": {"alpha": 0.9999999885111945, "colsample_bytree": 0.8999999982090721, "lam": 0.9999999858193972, "max_depth": 9.37303594423157, "min_child_weight": 9.999999993247608, "subsample": 0.5073914208267903}, "datetime": {"datetime": "2020-04-25 12:41:11", "elapsed": 1291.663076, "delta": 8.291048}}
{"target": 0.6111422, "params": {"alpha": 0.7987523474311089, "colsample_bytree": 0.5316379981014495, "lam": 0.9995025057395246, "max_depth": 5.977973009723966, "min_child_weight": 6.147529584334739, "subsample": 0.5594109111522295}, "datetime": {"datetime": "2020-04-25 12:41:20", "elapsed": 1300.540518, "delta": 8.877442}}
{"target": 0.6163493999999999, "params": {"alpha": 0.7029193373890684, "colsample_bytree": 0.8765785319104814, "lam": 0.017257764395209207, "max_depth": 4.128794632963882, "min_child_weight": 5.858488485273343, "subsample": 0.5255431462127482}, "datetime": {"datetime": "2020-04-25 12:41:27", "elapsed": 1307.626485, "delta": 7.085967}}
{"target": 0.633472, "params": {"alpha": 0.062453317700098765, "colsample_bytree": 0.8622027990114169, "lam": 0.11892915631584922, "max_depth": 5.018514402677662, "min_child_weight": 6.451736921077891, "subsample": 0.8938454658114863}, "datetime": {"datetime": "2020-04-25 12:41:36", "elapsed": 1316.478585, "delta": 8.8521}}
{"target": 0.6395519999999999, "params": {"alpha": 0.9601466240558421, "colsample_bytree": 0.8775131497502817, "lam": 0.003228908980145162, "max_depth": 6.38438340984896, "min_child_weight": 8.048433997663222, "subsample": 0.8745171775284745}, "datetime": {"datetime": "2020-04-25 12:41:44", "elapsed": 1323.85536, "delta": 7.376775}}
{"target": 0.6384685999999999, "params": {"alpha": 0.0025751298961297353, "colsample_bytree": 0.8349617983751445, "lam": 0.9705666534774019, "max_depth": 4.868834645239113, "min_child_weight": 6.509884754443301, "subsample": 0.8696202417327734}, "datetime": {"datetime": "2020-04-25 12:41:50", "elapsed": 1329.966382, "delta": 6.111022}}
{"target": 0.5727462, "params": {"alpha": 0.9861036614851247, "colsample_bytree": 0.5750759157152412, "lam": 0.0038211649987686114, "max_depth": 3.056968822754566, "min_child_weight": 3.649575162978944, "subsample": 0.8210095720849238}, "datetime": {"datetime": "2020-04-25 12:41:57", "elapsed": 1337.226345, "delta": 7.259963}}
{"target": 0.6387727999999999, "params": {"alpha": 0.01179042252342355, "colsample_bytree": 0.8919503063774026, "lam": 0.8962113216729601, "max_depth": 8.91386617521089, "min_child_weight": 9.89306732598799, "subsample": 0.829035058002137}, "datetime": {"datetime": "2020-04-25 12:42:07", "elapsed": 1347.48052, "delta": 10.254175}}
{"target": 0.6288788, "params": {"alpha": 0.5558423319972663, "colsample_bytree": 0.7617706594401461, "lam": 0.06137610606260613, "max_depth": 8.881217953264784, "min_child_weight": 5.375430967314093, "subsample": 0.5028881029181616}, "datetime": {"datetime": "2020-04-25 12:42:14", "elapsed": 1354.57779, "delta": 7.09727}}
