{"target": 0.5998606, "params": {"alpha": 0.057044998339391584, "colsample_bytree": 0.8531800371743209, "lam": 0.04121843893333821, "max_depth": 8.109070834474347, "min_child_weight": 2.155912176939771, "subsample": 0.7364396918309345}, "datetime": {"datetime": "2020-04-25 16:42:00", "elapsed": 11313.044902, "delta": 46.710298}}
{"target": 0.6065189999999999, "params": {"alpha": 0.058802538302856644, "colsample_bytree": 0.5718566571633372, "lam": 0.73255314235024, "max_depth": 7.2201956933143725, "min_child_weight": 2.7446461799850423, "subsample": 0.8731232258735093}, "datetime": {"datetime": "2020-04-25 16:42:39", "elapsed": 11352.695764, "delta": 39.650862}}
{"target": 0.6416984, "params": {"alpha": 0.9912452462786656, "colsample_bytree": 0.8745890700436989, "lam": 0.6461990237928555, "max_depth": 5.710972892703733, "min_child_weight": 7.312044213838248, "subsample": 0.8833165688818536}, "datetime": {"datetime": "2020-04-25 16:43:11", "elapsed": 11384.155754, "delta": 31.45999}}
{"target": 0.6355107999999999, "params": {"alpha": 0.4204066876294821, "colsample_bytree": 0.8168458000974452, "lam": 0.5726577195432074, "max_depth": 8.020956767083515, "min_child_weight": 9.31695353122221, "subsample": 0.8891314261040925}, "datetime": {"datetime": "2020-04-25 16:43:55", "elapsed": 11428.815828, "delta": 44.660074}}
{"target": 0.6427742000000001, "params": {"alpha": 0.9423466079551354, "colsample_bytree": 0.7938276490000473, "lam": 0.6406407059915152, "max_depth": 9.158959508820924, "min_child_weight": 9.090374120080199, "subsample": 0.897099767330243}, "datetime": {"datetime": "2020-04-25 16:44:39", "elapsed": 11472.628831, "delta": 43.813003}}
{"target": 0.6284094, "params": {"alpha": 0.9999999998696986, "colsample_bytree": 0.8999999999223245, "lam": 0.9999998379272172, "max_depth": 4.293176753236729, "min_child_weight": 4.278496605840809, "subsample": 0.8999999999081677}, "datetime": {"datetime": "2020-04-25 16:45:18", "elapsed": 11511.643794, "delta": 39.014963}}
{"target": 0.6349022, "params": {"alpha": 0.6666683504092251, "colsample_bytree": 0.8013626234329336, "lam": 0.05609323328359628, "max_depth": 5.298119809502529, "min_child_weight": 4.937891217920839, "subsample": 0.8957753321053483}, "datetime": {"datetime": "2020-04-25 16:45:54", "elapsed": 11547.493574, "delta": 35.84978}}
{"target": 0.6322905999999999, "params": {"alpha": 0.9781774038774191, "colsample_bytree": 0.711294376873449, "lam": 0.20486322512943378, "max_depth": 8.87339058386311, "min_child_weight": 9.905730328273048, "subsample": 0.8963828058509254}, "datetime": {"datetime": "2020-04-25 16:46:36", "elapsed": 11589.594261, "delta": 42.100687}}
{"target": 0.6379385999999999, "params": {"alpha": 0.16233264305278639, "colsample_bytree": 0.8849779451578823, "lam": 0.03568532332222907, "max_depth": 9.950685499525662, "min_child_weight": 6.752749295827817, "subsample": 0.8763605416585725}, "datetime": {"datetime": "2020-04-25 16:47:16", "elapsed": 11629.707805, "delta": 40.113544}}
{"target": 0.6335772000000001, "params": {"alpha": 0.7409317304138053, "colsample_bytree": 0.70297235315064, "lam": 0.015228223110145267, "max_depth": 4.538408815104579, "min_child_weight": 7.410624938320774, "subsample": 0.8973756519083442}, "datetime": {"datetime": "2020-04-25 16:47:51", "elapsed": 11664.422666, "delta": 34.714861}}
{"target": 0.6391595999999999, "params": {"alpha": 0.0013558441185711478, "colsample_bytree": 0.6842352189323054, "lam": 0.766508331734061, "max_depth": 7.634426441678189, "min_child_weight": 9.18836907451536, "subsample": 0.8948549360426015}, "datetime": {"datetime": "2020-04-25 16:48:39", "elapsed": 11712.373095, "delta": 47.950429}}
{"target": 0.6261659999999999, "params": {"alpha": 0.21420448135899228, "colsample_bytree": 0.8764200492555624, "lam": 0.9517389951920869, "max_depth": 5.659830034318285, "min_child_weight": 1.0289609919434581, "subsample": 0.8803503221110713}, "datetime": {"datetime": "2020-04-25 16:49:24", "elapsed": 11757.593038, "delta": 45.219943}}
{"target": 0.5998196, "params": {"alpha": 0.9630889559413097, "colsample_bytree": 0.8879095511908053, "lam": 0.34838761057413337, "max_depth": 3.1551838869127113, "min_child_weight": 1.777100324395842, "subsample": 0.8673696872925527}, "datetime": {"datetime": "2020-04-25 16:50:06", "elapsed": 11799.39824, "delta": 41.805202}}
{"target": 0.6346928, "params": {"alpha": 0.024516844803176285, "colsample_bytree": 0.7175785810057966, "lam": 0.2302662159826957, "max_depth": 5.459647011025858, "min_child_weight": 1.0615469112355704, "subsample": 0.898451161556034}, "datetime": {"datetime": "2020-04-25 16:50:47", "elapsed": 11840.735247, "delta": 41.337007}}
{"target": 0.6383152, "params": {"alpha": 0.10566501897321179, "colsample_bytree": 0.8836772844895617, "lam": 0.4439395999042087, "max_depth": 7.344243775355324, "min_child_weight": 9.086609075673405, "subsample": 0.8804198972398982}, "datetime": {"datetime": "2020-04-25 16:51:33", "elapsed": 11886.182222, "delta": 45.446975}}
{"target": 0.6384738, "params": {"alpha": 0.022680134629129545, "colsample_bytree": 0.8723659182267158, "lam": 0.9880769856469535, "max_depth": 7.241135253237345, "min_child_weight": 5.739249008315686, "subsample": 0.8729448966835684}, "datetime": {"datetime": "2020-04-25 16:52:14", "elapsed": 11928.025248, "delta": 41.843026}}
{"target": 0.6170724, "params": {"alpha": 0.6930737490482534, "colsample_bytree": 0.7024316960557719, "lam": 0.9952648242002062, "max_depth": 5.8769240629180945, "min_child_weight": 2.1391818276936454, "subsample": 0.897294809467406}, "datetime": {"datetime": "2020-04-25 16:52:56", "elapsed": 11969.179814, "delta": 41.154566}}
{"target": 0.6260926, "params": {"alpha": 0.31361125137583945, "colsample_bytree": 0.8509528408252405, "lam": 0.5169772929662815, "max_depth": 7.254232973191559, "min_child_weight": 5.209590890836909, "subsample": 0.8969331477490103}, "datetime": {"datetime": "2020-04-25 16:53:31", "elapsed": 12004.755047, "delta": 35.575233}}
{"target": 0.6372596, "params": {"alpha": 0.8551300499919995, "colsample_bytree": 0.701445733066736, "lam": 0.006100201126939653, "max_depth": 6.073342620231758, "min_child_weight": 9.9893712064604, "subsample": 0.5576033578404886}, "datetime": {"datetime": "2020-04-25 16:54:14", "elapsed": 12047.82096, "delta": 43.065913}}
{"target": 0.626522, "params": {"alpha": 0.9830412097181201, "colsample_bytree": 0.6948553183104601, "lam": 0.04158097734271737, "max_depth": 7.565557646381632, "min_child_weight": 6.533962263609038, "subsample": 0.8849830155672065}, "datetime": {"datetime": "2020-04-25 16:54:50", "elapsed": 12083.038538, "delta": 35.217578}}
{"target": 0.6338214, "params": {"alpha": 0.7956692149181597, "colsample_bytree": 0.717382320409534, "lam": 0.030755961217491246, "max_depth": 6.083726977632765, "min_child_weight": 9.025523546988003, "subsample": 0.8913468810475392}, "datetime": {"datetime": "2020-04-25 16:55:21", "elapsed": 12114.918315, "delta": 31.879777}}
{"target": 0.6023480000000001, "params": {"alpha": 0.05615099350293906, "colsample_bytree": 0.860447982042992, "lam": 0.044397445817307535, "max_depth": 7.6504005697152335, "min_child_weight": 4.375508351061357, "subsample": 0.5084332548137575}, "datetime": {"datetime": "2020-04-25 16:55:57", "elapsed": 12150.325661, "delta": 35.407346}}
{"target": 0.6311806000000001, "params": {"alpha": 0.9700935112664938, "colsample_bytree": 0.8581899809823601, "lam": 0.5543635795685137, "max_depth": 3.617133533770036, "min_child_weight": 9.491594961592323, "subsample": 0.8665430543397941}, "datetime": {"datetime": "2020-04-25 16:56:38", "elapsed": 12191.349445, "delta": 41.023784}}
{"target": 0.6298655999999999, "params": {"alpha": 0.557715218419875, "colsample_bytree": 0.728224421755299, "lam": 0.9507709788322198, "max_depth": 7.3397619919466655, "min_child_weight": 9.629832838059642, "subsample": 0.8929582973913215}, "datetime": {"datetime": "2020-04-25 16:57:29", "elapsed": 12242.038395, "delta": 50.68895}}
{"target": 0.6286046, "params": {"alpha": 0.4978254066514688, "colsample_bytree": 0.7658138211058971, "lam": 0.7415122101483399, "max_depth": 6.522955687447118, "min_child_weight": 4.001396230153773, "subsample": 0.5296395445417443}, "datetime": {"datetime": "2020-04-25 16:58:11", "elapsed": 12284.283532, "delta": 42.245137}}
{"target": 0.5928473999999999, "params": {"alpha": 0.705792887017598, "colsample_bytree": 0.9, "lam": 7.044577548353066e-09, "max_depth": 3.0000000048049076, "min_child_weight": 1.0000000148141182, "subsample": 0.5}, "datetime": {"datetime": "2020-04-25 16:58:49", "elapsed": 12322.084186, "delta": 37.800654}}
{"target": 0.6357079999999999, "params": {"alpha": 0.6203892493193206, "colsample_bytree": 0.8889564616917247, "lam": 0.942621799720935, "max_depth": 4.759601758745365, "min_child_weight": 3.2233145837537496, "subsample": 0.8753675954833308}, "datetime": {"datetime": "2020-04-25 16:59:30", "elapsed": 12363.727544, "delta": 41.643358}}
{"target": 0.6381766000000001, "params": {"alpha": 0.894940537899756, "colsample_bytree": 0.657267948581103, "lam": 0.005359775928350796, "max_depth": 6.2763461078150975, "min_child_weight": 9.953597095757335, "subsample": 0.8943704971734174}, "datetime": {"datetime": "2020-04-25 17:00:15", "elapsed": 12408.991079, "delta": 45.263535}}
{"target": 0.6360531999999999, "params": {"alpha": 0.2792391385410746, "colsample_bytree": 0.7161451962828429, "lam": 0.9838882100287052, "max_depth": 6.062433371366159, "min_child_weight": 9.197839962082087, "subsample": 0.8833742667474433}, "datetime": {"datetime": "2020-04-25 17:00:54", "elapsed": 12447.641196, "delta": 38.650117}}
{"target": 0.6226172, "params": {"alpha": 0.9993423414651966, "colsample_bytree": 0.7857426023618141, "lam": 0.9378737397165896, "max_depth": 7.928972003521816, "min_child_weight": 3.0219838850944423, "subsample": 0.8854538742459692}, "datetime": {"datetime": "2020-04-25 17:01:42", "elapsed": 12495.910121, "delta": 48.268925}}
{"target": 0.6400132000000001, "params": {"alpha": 0.9847276337245849, "colsample_bytree": 0.7598021042400671, "lam": 0.2513186385738282, "max_depth": 7.776177917864891, "min_child_weight": 7.963028746613542, "subsample": 0.8841183311758588}, "datetime": {"datetime": "2020-04-25 17:02:37", "elapsed": 12550.723824, "delta": 54.813703}}
{"target": 0.644993, "params": {"alpha": 0.9682911056412474, "colsample_bytree": 0.7515976506403066, "lam": 0.03688971947507491, "max_depth": 8.022632446443968, "min_child_weight": 7.693845560557839, "subsample": 0.8857716570851688}, "datetime": {"datetime": "2020-04-25 17:03:35", "elapsed": 12608.272496, "delta": 57.548672}}
{"target": 0.6408156, "params": {"alpha": 0.29261073612071187, "colsample_bytree": 0.7725917887739635, "lam": 0.26161834556891783, "max_depth": 4.688157743130106, "min_child_weight": 7.589767575319465, "subsample": 0.8482314571706133}, "datetime": {"datetime": "2020-04-25 17:04:10", "elapsed": 12643.892599, "delta": 35.620103}}
{"target": 0.6365106, "params": {"alpha": 0.9545740253635657, "colsample_bytree": 0.888001375938843, "lam": 0.8177334027298337, "max_depth": 6.442724253121779, "min_child_weight": 9.161589128655658, "subsample": 0.5998768708581972}, "datetime": {"datetime": "2020-04-25 17:04:51", "elapsed": 12684.506436, "delta": 40.613837}}
{"target": 0.643339, "params": {"alpha": 0.01201920268756096, "colsample_bytree": 0.8534784891364402, "lam": 0.5076252498716447, "max_depth": 9.996329300295512, "min_child_weight": 9.830184534441628, "subsample": 0.8762339220419508}, "datetime": {"datetime": "2020-04-25 17:05:43", "elapsed": 12736.767439, "delta": 52.261003}}
{"target": 0.6440634000000001, "params": {"alpha": 0.5647444843206499, "colsample_bytree": 0.8275647869879108, "lam": 0.0026555816581813607, "max_depth": 5.967214574707556, "min_child_weight": 9.38527571811773, "subsample": 0.8107464960738489}, "datetime": {"datetime": "2020-04-25 17:06:20", "elapsed": 12773.060676, "delta": 36.293237}}
{"target": 0.6410086, "params": {"alpha": 0.5084788764623043, "colsample_bytree": 0.7984764432124923, "lam": 0.012276736741561711, "max_depth": 6.809382225377988, "min_child_weight": 9.371760564569804, "subsample": 0.7276239334349157}, "datetime": {"datetime": "2020-04-25 17:07:06", "elapsed": 12819.567322, "delta": 46.506646}}
{"target": 0.6266158000000001, "params": {"alpha": 0.38985118903308347, "colsample_bytree": 0.8878244737418539, "lam": 0.00019402889598996165, "max_depth": 4.523246498721326, "min_child_weight": 7.969403198712607, "subsample": 0.6061389507414353}, "datetime": {"datetime": "2020-04-25 17:07:48", "elapsed": 12861.95332, "delta": 42.385998}}
{"target": 0.6399178, "params": {"alpha": 0.4416420652991576, "colsample_bytree": 0.7177505251122186, "lam": 0.24712476801887495, "max_depth": 5.451838264716168, "min_child_weight": 9.967026490345289, "subsample": 0.8266558222854526}, "datetime": {"datetime": "2020-04-25 17:08:31", "elapsed": 12904.668756, "delta": 42.715436}}
{"target": 0.6359627999999999, "params": {"alpha": 0.2537157701291751, "colsample_bytree": 0.8196848767984092, "lam": 0.9400662142530607, "max_depth": 7.948835538400973, "min_child_weight": 5.647135779790009, "subsample": 0.8936371471718456}, "datetime": {"datetime": "2020-04-25 17:09:26", "elapsed": 12959.3567, "delta": 54.687944}}
{"target": 0.631195, "params": {"alpha": 0.045395477979401355, "colsample_bytree": 0.7767552170146799, "lam": 0.8400821781605085, "max_depth": 5.393476816052269, "min_child_weight": 8.228861874270823, "subsample": 0.8844942447704498}, "datetime": {"datetime": "2020-04-25 17:10:05", "elapsed": 12998.81336, "delta": 39.45666}}
{"target": 0.640127, "params": {"alpha": 0.03618923993503265, "colsample_bytree": 0.8724309181214025, "lam": 0.7252517243354284, "max_depth": 8.701429521447016, "min_child_weight": 8.679077449741744, "subsample": 0.8586737816663347}, "datetime": {"datetime": "2020-04-25 17:10:52", "elapsed": 13045.62436, "delta": 46.811}}
{"target": 0.6343201999999999, "params": {"alpha": 0.11062165617169506, "colsample_bytree": 0.79507296171979, "lam": 0.04244085480218629, "max_depth": 5.147803817845412, "min_child_weight": 1.0872710258189828, "subsample": 0.8897052769933711}, "datetime": {"datetime": "2020-04-25 17:11:38", "elapsed": 13091.42704, "delta": 45.80268}}
{"target": 0.6438599999999999, "params": {"alpha": 0.9999999999999999, "colsample_bytree": 0.9, "lam": 0.0, "max_depth": 8.99494514131397, "min_child_weight": 10.0, "subsample": 0.9}, "datetime": {"datetime": "2020-04-25 17:12:23", "elapsed": 13136.213089, "delta": 44.786049}}
{"target": 0.6340468, "params": {"alpha": 0.3105924050011547, "colsample_bytree": 0.7580809378852176, "lam": 0.007802064478363624, "max_depth": 7.314698124601989, "min_child_weight": 9.422318728291387, "subsample": 0.8985379000770148}, "datetime": {"datetime": "2020-04-25 17:13:08", "elapsed": 13181.69636, "delta": 45.483271}}
{"target": 0.6215482, "params": {"alpha": 0.000264987875797873, "colsample_bytree": 0.8826755583154025, "lam": 0.06967551765780566, "max_depth": 9.906598832042338, "min_child_weight": 2.960499209457078, "subsample": 0.8870382832661032}, "datetime": {"datetime": "2020-04-25 17:14:05", "elapsed": 13238.355849, "delta": 56.659489}}
{"target": 0.636096, "params": {"alpha": 0.4003358279764474, "colsample_bytree": 0.7150327932178207, "lam": 0.587623119022476, "max_depth": 6.3660520289996665, "min_child_weight": 9.08517494231075, "subsample": 0.8471806508647401}, "datetime": {"datetime": "2020-04-25 17:14:47", "elapsed": 13280.054784, "delta": 41.698935}}
{"target": 0.6394704, "params": {"alpha": 0.5757119400665025, "colsample_bytree": 0.8192823055364797, "lam": 0.04559696418341652, "max_depth": 5.982430769971902, "min_child_weight": 9.72642575865937, "subsample": 0.7614915335727793}, "datetime": {"datetime": "2020-04-25 17:15:23", "elapsed": 13316.734047, "delta": 36.679263}}
{"target": 0.6342288, "params": {"alpha": 0.01722915359976418, "colsample_bytree": 0.8608521680877135, "lam": 0.805458014077884, "max_depth": 5.540143814864699, "min_child_weight": 6.447877675090401, "subsample": 0.8899160114205098}, "datetime": {"datetime": "2020-04-25 17:16:03", "elapsed": 13356.763992, "delta": 40.029945}}
{"target": 0.6236157999999999, "params": {"alpha": 0.9857895997479573, "colsample_bytree": 0.8814916542349862, "lam": 0.756914494554392, "max_depth": 7.630678632049597, "min_child_weight": 9.302376654106602, "subsample": 0.5559044617328082}, "datetime": {"datetime": "2020-04-25 17:16:37", "elapsed": 13390.623369, "delta": 33.859377}}
{"target": 0.6363968000000001, "params": {"alpha": 0.948575623797062, "colsample_bytree": 0.8896325412774337, "lam": 0.25207870701148594, "max_depth": 9.514106948156641, "min_child_weight": 8.795363842334538, "subsample": 0.8995756668849568}, "datetime": {"datetime": "2020-04-25 17:17:21", "elapsed": 13434.24737, "delta": 43.624001}}
{"target": 0.6376562, "params": {"alpha": 0.6224917972455608, "colsample_bytree": 0.8693474462303519, "lam": 0.8597500169031664, "max_depth": 9.064639485256329, "min_child_weight": 7.810634830676434, "subsample": 0.8950708287912407}, "datetime": {"datetime": "2020-04-25 17:18:08", "elapsed": 13481.173782, "delta": 46.926412}}
{"target": 0.6219366, "params": {"alpha": 0.03773157746244715, "colsample_bytree": 0.7269641667722357, "lam": 0.7218857695270998, "max_depth": 8.580461956278354, "min_child_weight": 8.021356470697652, "subsample": 0.8982125593728405}, "datetime": {"datetime": "2020-04-25 17:19:00", "elapsed": 13533.973698, "delta": 52.799916}}
