{"target": 0.6330790000000001, "params": {"alpha": 0.4274930256983349, "colsample_bytree": 0.8075525774256032, "lam": 0.3617144072766876, "max_depth": 9.96934848873968, "min_child_weight": 9.288945004438606, "subsample": 0.8925208635094738}, "datetime": {"datetime": "2020-04-25 14:57:01", "elapsed": 264.72797, "delta": 3.378509}}
{"target": 0.6196542, "params": {"alpha": 0.9986020571542729, "colsample_bytree": 0.8868418766270876, "lam": 0.8742174205548274, "max_depth": 4.492128327938653, "min_child_weight": 4.67569697222341, "subsample": 0.6389591734771033}, "datetime": {"datetime": "2020-04-25 14:57:04", "elapsed": 267.413638, "delta": 2.685668}}
{"target": 0.6313312000000001, "params": {"alpha": 0.012908528262812857, "colsample_bytree": 0.8889996940518319, "lam": 0.02133919097894932, "max_depth": 5.026649973491789, "min_child_weight": 9.78098432588088, "subsample": 0.8966548037220203}, "datetime": {"datetime": "2020-04-25 14:57:07", "elapsed": 270.177838, "delta": 2.7642}}
{"target": 0.640177, "params": {"alpha": 0.9384361369557075, "colsample_bytree": 0.8736198818224958, "lam": 0.00711883786658174, "max_depth": 7.249959009200236, "min_child_weight": 6.697270230178881, "subsample": 0.8343437118923622}, "datetime": {"datetime": "2020-04-25 14:57:10", "elapsed": 273.675762, "delta": 3.497924}}
{"target": 0.6247104, "params": {"alpha": 0.036200150359582906, "colsample_bytree": 0.8809747812220089, "lam": 0.916294924566585, "max_depth": 4.822396846909577, "min_child_weight": 4.780021338744426, "subsample": 0.8650456490055056}, "datetime": {"datetime": "2020-04-25 14:57:13", "elapsed": 276.947612, "delta": 3.27185}}
{"target": 0.6315017999999999, "params": {"alpha": 0.0032217175030546663, "colsample_bytree": 0.8675021749344586, "lam": 0.7128940797043266, "max_depth": 7.456775049546181, "min_child_weight": 5.922583113898673, "subsample": 0.5217414482301426}, "datetime": {"datetime": "2020-04-25 14:57:17", "elapsed": 280.756861, "delta": 3.809249}}
{"target": 0.614194, "params": {"alpha": 0.2358282603590247, "colsample_bytree": 0.8870644661584715, "lam": 0.9639668563729674, "max_depth": 9.772102091533839, "min_child_weight": 1.005231064027986, "subsample": 0.8251920373974311}, "datetime": {"datetime": "2020-04-25 14:57:21", "elapsed": 284.968587, "delta": 4.211726}}
{"target": 0.590594, "params": {"alpha": 0.023337578000966808, "colsample_bytree": 0.7395489181349126, "lam": 0.8968789952218332, "max_depth": 3.0706831981406277, "min_child_weight": 5.034776176535101, "subsample": 0.8971734096474586}, "datetime": {"datetime": "2020-04-25 14:57:24", "elapsed": 288.069044, "delta": 3.100457}}
{"target": 0.6312089999999999, "params": {"alpha": 0.0485885948568211, "colsample_bytree": 0.8736978362430325, "lam": 0.9599918417519792, "max_depth": 9.979938645480829, "min_child_weight": 7.05528146847536, "subsample": 0.7084541151251313}, "datetime": {"datetime": "2020-04-25 14:57:28", "elapsed": 291.107462, "delta": 3.038418}}
{"target": 0.6126237999999999, "params": {"alpha": 0.8543381811828494, "colsample_bytree": 0.8996092913431029, "lam": 0.07954559666200967, "max_depth": 4.9526950539194505, "min_child_weight": 1.088774824255772, "subsample": 0.8892200019860746}, "datetime": {"datetime": "2020-04-25 14:57:31", "elapsed": 294.20787, "delta": 3.100408}}
{"target": 0.6305270000000001, "params": {"alpha": 0.8151934770507552, "colsample_bytree": 0.8551282563802096, "lam": 0.07484185035403057, "max_depth": 5.742737250180526, "min_child_weight": 6.772595620897311, "subsample": 0.8665760861223952}, "datetime": {"datetime": "2020-04-25 14:57:34", "elapsed": 297.421727, "delta": 3.213857}}
{"target": 0.6373049999999999, "params": {"alpha": 0.6733562346138208, "colsample_bytree": 0.8913021310822619, "lam": 0.26913035360610527, "max_depth": 5.66731060537726, "min_child_weight": 9.517233887084416, "subsample": 0.8988920221420997}, "datetime": {"datetime": "2020-04-25 14:57:37", "elapsed": 300.389766, "delta": 2.968039}}
{"target": 0.6350808, "params": {"alpha": 0.9652742534198872, "colsample_bytree": 0.8618647235920651, "lam": 0.04173122639179783, "max_depth": 8.621662474865726, "min_child_weight": 9.678353122943076, "subsample": 0.7885954133267682}, "datetime": {"datetime": "2020-04-25 14:57:40", "elapsed": 303.467959, "delta": 3.078193}}
{"target": 0.6197028, "params": {"alpha": 0.014214403154435562, "colsample_bytree": 0.8507875300571491, "lam": 0.9730439853426615, "max_depth": 7.314770875187517, "min_child_weight": 3.5245880344693132, "subsample": 0.8782462068753432}, "datetime": {"datetime": "2020-04-25 14:57:43", "elapsed": 306.42084, "delta": 2.952881}}
{"target": 0.6009538, "params": {"alpha": 0.10566426832286054, "colsample_bytree": 0.8962026970112121, "lam": 3.1916341414410094e-08, "max_depth": 6.694536063004616, "min_child_weight": 2.7132173041942798, "subsample": 0.5000000547138025}, "datetime": {"datetime": "2020-04-25 14:57:46", "elapsed": 309.811168, "delta": 3.390328}}
{"target": 0.606149, "params": {"alpha": 0.9717414016156198, "colsample_bytree": 0.6276463911458294, "lam": 0.0401828690363365, "max_depth": 5.880873306648777, "min_child_weight": 4.075196801636185, "subsample": 0.8038715435493877}, "datetime": {"datetime": "2020-04-25 14:57:50", "elapsed": 313.157595, "delta": 3.346427}}
{"target": 0.6248652, "params": {"alpha": 0.029875698269616113, "colsample_bytree": 0.8858840659849412, "lam": 0.8579429794096999, "max_depth": 7.273482472873366, "min_child_weight": 7.868899113448876, "subsample": 0.6398063148337032}, "datetime": {"datetime": "2020-04-25 14:57:52", "elapsed": 316.059397, "delta": 2.901802}}
{"target": 0.639977, "params": {"alpha": 0.07528193287435214, "colsample_bytree": 0.8687946147262244, "lam": 0.9993598851784209, "max_depth": 5.8953797048404475, "min_child_weight": 3.712424573597973, "subsample": 0.8142455358456324}, "datetime": {"datetime": "2020-04-25 14:57:55", "elapsed": 319.068536, "delta": 3.009139}}
{"target": 0.638228, "params": {"alpha": 1.0, "colsample_bytree": 0.9, "lam": 1.0, "max_depth": 4.965127939612624, "min_child_weight": 10.0, "subsample": 0.9}, "datetime": {"datetime": "2020-04-25 14:57:59", "elapsed": 322.271585, "delta": 3.203049}}
{"target": 0.6356658, "params": {"alpha": 0.008710607912882584, "colsample_bytree": 0.8815039569207821, "lam": 0.22530801131783373, "max_depth": 4.668141737031844, "min_child_weight": 6.553608771428993, "subsample": 0.7986453455423332}, "datetime": {"datetime": "2020-04-25 14:58:02", "elapsed": 325.243942, "delta": 2.972357}}
{"target": 0.6203569999999999, "params": {"alpha": 0.9476733788253009, "colsample_bytree": 0.8942251874540215, "lam": 0.8790296123701427, "max_depth": 4.103243994452378, "min_child_weight": 2.554574358131923, "subsample": 0.8696289523152987}, "datetime": {"datetime": "2020-04-25 14:58:05", "elapsed": 328.197394, "delta": 2.953452}}
{"target": 0.6001793999999999, "params": {"alpha": 0.15851829133677453, "colsample_bytree": 0.8971152799655681, "lam": 0.9656182437126173, "max_depth": 3.184428474236003, "min_child_weight": 1.1795398309837073, "subsample": 0.6221545774445301}, "datetime": {"datetime": "2020-04-25 14:58:08", "elapsed": 331.355074, "delta": 3.15768}}
{"target": 0.6172702, "params": {"alpha": 0.8810427828299945, "colsample_bytree": 0.8827792313866635, "lam": 0.984205876060224, "max_depth": 9.999838316566187, "min_child_weight": 1.0776750281342942, "subsample": 0.830629817745739}, "datetime": {"datetime": "2020-04-25 14:58:12", "elapsed": 335.611956, "delta": 4.256882}}
{"target": 0.6291948, "params": {"alpha": 0.01628592516631744, "colsample_bytree": 0.8998576551216884, "lam": 0.7310392428003053, "max_depth": 7.429092993417309, "min_child_weight": 6.653397959643873, "subsample": 0.8765899815641602}, "datetime": {"datetime": "2020-04-25 14:58:15", "elapsed": 338.873544, "delta": 3.261588}}
{"target": 0.6127032, "params": {"alpha": 0.8296305218623449, "colsample_bytree": 0.8707419126590468, "lam": 0.9754573584274376, "max_depth": 6.837048177095595, "min_child_weight": 1.036283569407941, "subsample": 0.8051932192601527}, "datetime": {"datetime": "2020-04-25 14:58:19", "elapsed": 342.653512, "delta": 3.779968}}
{"target": 0.6197594, "params": {"alpha": 0.0084935090381546, "colsample_bytree": 0.7962260562916411, "lam": 0.9973370463415796, "max_depth": 6.130318508607508, "min_child_weight": 6.6561069461253215, "subsample": 0.5062407225599187}, "datetime": {"datetime": "2020-04-25 14:58:22", "elapsed": 345.923486, "delta": 3.269974}}
{"target": 0.5919239999999999, "params": {"alpha": 0.9906787841523875, "colsample_bytree": 0.8294769119385635, "lam": 0.08568058934081879, "max_depth": 3.074707832786694, "min_child_weight": 3.807370559770522, "subsample": 0.5212905413268061}, "datetime": {"datetime": "2020-04-25 14:58:26", "elapsed": 349.240069, "delta": 3.316583}}
{"target": 0.6285518, "params": {"alpha": 0.7365699859483139, "colsample_bytree": 0.8996747670596528, "lam": 0.9080343136582575, "max_depth": 9.758401106474695, "min_child_weight": 6.3239390144924394, "subsample": 0.8284476449699429}, "datetime": {"datetime": "2020-04-25 14:58:29", "elapsed": 352.585224, "delta": 3.345155}}
{"target": 0.6217576, "params": {"alpha": 0.01904330888963679, "colsample_bytree": 0.8894651654014396, "lam": 0.01698845428705109, "max_depth": 8.1603989835399, "min_child_weight": 4.928230002110333, "subsample": 0.7661684704846408}, "datetime": {"datetime": "2020-04-25 14:58:33", "elapsed": 356.273203, "delta": 3.687979}}
{"target": 0.602028, "params": {"alpha": 0.0848939065841623, "colsample_bytree": 0.5548265939260505, "lam": 0.9697746796792395, "max_depth": 4.175572171324859, "min_child_weight": 6.317886928422034, "subsample": 0.893574397635682}, "datetime": {"datetime": "2020-04-25 14:58:36", "elapsed": 359.993043, "delta": 3.71984}}
{"target": 0.6282357999999999, "params": {"alpha": 0.6940832992267096, "colsample_bytree": 0.896537603978298, "lam": 0.14129161772424137, "max_depth": 7.334579778456968, "min_child_weight": 5.50606735708448, "subsample": 0.8981470712296926}, "datetime": {"datetime": "2020-04-25 14:58:40", "elapsed": 363.378439, "delta": 3.385396}}
{"target": 0.6338542, "params": {"alpha": 0.9629017156395817, "colsample_bytree": 0.8996357753021835, "lam": 0.04338538734703201, "max_depth": 6.7720510317579565, "min_child_weight": 8.655360500719391, "subsample": 0.8389162369351306}, "datetime": {"datetime": "2020-04-25 14:58:43", "elapsed": 366.913118, "delta": 3.534679}}
{"target": 0.6183524, "params": {"alpha": 0.08999222483830827, "colsample_bytree": 0.8847445858040761, "lam": 0.9846261543474071, "max_depth": 5.0474288516843036, "min_child_weight": 2.489207458376418, "subsample": 0.8703176830554431}, "datetime": {"datetime": "2020-04-25 14:58:47", "elapsed": 370.243294, "delta": 3.330176}}
{"target": 0.6411084, "params": {"alpha": 0.9373374226319398, "colsample_bytree": 0.8941145555803435, "lam": 0.986224431694171, "max_depth": 6.715636579077524, "min_child_weight": 9.802781531724138, "subsample": 0.5970301355290418}, "datetime": {"datetime": "2020-04-25 14:58:51", "elapsed": 374.094711, "delta": 3.851417}}
{"target": 0.6310058, "params": {"alpha": 0.8793416206718684, "colsample_bytree": 0.888131385092815, "lam": 0.023540212046661235, "max_depth": 6.360716294737625, "min_child_weight": 9.753640262775733, "subsample": 0.8867304197771662}, "datetime": {"datetime": "2020-04-25 14:58:54", "elapsed": 377.466945, "delta": 3.372234}}
{"target": 0.6339114, "params": {"alpha": 0.020605606788907438, "colsample_bytree": 0.8990872524991225, "lam": 0.04412271398846257, "max_depth": 5.918681875938266, "min_child_weight": 9.530687891788348, "subsample": 0.8792528617415473}, "datetime": {"datetime": "2020-04-25 14:58:58", "elapsed": 381.338981, "delta": 3.872036}}
{"target": 0.6438599999999999, "params": {"alpha": 1.0, "colsample_bytree": 0.9, "lam": 2.7588089181033987e-06, "max_depth": 9.243000339198442, "min_child_weight": 10.0, "subsample": 0.9}, "datetime": {"datetime": "2020-04-25 14:59:02", "elapsed": 385.548976, "delta": 4.209995}}
{"target": 0.6302892, "params": {"alpha": 0.4353123563477179, "colsample_bytree": 0.8942534609954436, "lam": 0.8309249368550878, "max_depth": 6.477468084275688, "min_child_weight": 3.3918638522779165, "subsample": 0.5522732488100032}, "datetime": {"datetime": "2020-04-25 14:59:07", "elapsed": 390.142564, "delta": 4.593588}}
{"target": 0.6222428, "params": {"alpha": 0.49626515687338946, "colsample_bytree": 0.8999999999992616, "lam": 0.9999999999986073, "max_depth": 10.0, "min_child_weight": 4.3007133515252045, "subsample": 0.9}, "datetime": {"datetime": "2020-04-25 14:59:11", "elapsed": 394.890574, "delta": 4.74801}}
{"target": 0.6302456, "params": {"alpha": 0.9509172121102246, "colsample_bytree": 0.8896724236142879, "lam": 0.9997221356852838, "max_depth": 7.283075057924956, "min_child_weight": 8.303530254759256, "subsample": 0.617711308345128}, "datetime": {"datetime": "2020-04-25 14:59:16", "elapsed": 399.670802, "delta": 4.780228}}
{"target": 0.6208848, "params": {"alpha": 0.6498070757333189, "colsample_bytree": 0.8893586590209046, "lam": 0.0941209020072401, "max_depth": 7.196628342924737, "min_child_weight": 6.985665471648841, "subsample": 0.5135343312042988}, "datetime": {"datetime": "2020-04-25 14:59:20", "elapsed": 403.385797, "delta": 3.714995}}
{"target": 0.6341256, "params": {"alpha": 0.9880987264323522, "colsample_bytree": 0.891493256754279, "lam": 0.6054475787772214, "max_depth": 7.239715232981955, "min_child_weight": 9.333353408527232, "subsample": 0.6059060092750391}, "datetime": {"datetime": "2020-04-25 14:59:24", "elapsed": 407.39318, "delta": 4.007383}}
{"target": 0.5983568, "params": {"alpha": 0.013202928462986874, "colsample_bytree": 0.8355389344982063, "lam": 0.042769043974454135, "max_depth": 3.4718904644826276, "min_child_weight": 2.8545135789673863, "subsample": 0.5009013770220583}, "datetime": {"datetime": "2020-04-25 14:59:27", "elapsed": 410.902887, "delta": 3.509707}}
{"target": 0.6200752, "params": {"alpha": 0.9635671429540283, "colsample_bytree": 0.8920044871048052, "lam": 0.7679556441644536, "max_depth": 5.617038935559107, "min_child_weight": 3.4744161758481553, "subsample": 0.8620249564631192}, "datetime": {"datetime": "2020-04-25 14:59:31", "elapsed": 415.014255, "delta": 4.111368}}
{"target": 0.6343281999999999, "params": {"alpha": 0.921646884457219, "colsample_bytree": 0.8836385346791255, "lam": 0.180619529179749, "max_depth": 5.1079342137587975, "min_child_weight": 2.5353757677796076, "subsample": 0.6564746133302961}, "datetime": {"datetime": "2020-04-25 14:59:35", "elapsed": 418.925809, "delta": 3.911554}}
{"target": 0.6342549999999999, "params": {"alpha": 0.04890616103555767, "colsample_bytree": 0.87493180241189, "lam": 0.3319733737438896, "max_depth": 9.990821739049768, "min_child_weight": 3.4583242504900897, "subsample": 0.8931553176010572}, "datetime": {"datetime": "2020-04-25 14:59:40", "elapsed": 423.216691, "delta": 4.290882}}
{"target": 0.6077163999999999, "params": {"alpha": 0.03964001443761833, "colsample_bytree": 0.8686315258708237, "lam": 0.001861760309117777, "max_depth": 9.998697091726791, "min_child_weight": 3.8086294332464687, "subsample": 0.7504494618331854}, "datetime": {"datetime": "2020-04-25 14:59:44", "elapsed": 427.9869, "delta": 4.770209}}
{"target": 0.6330832000000001, "params": {"alpha": 0.5223997963712733, "colsample_bytree": 0.8821105080434504, "lam": 0.0025970373208503705, "max_depth": 9.228053004679147, "min_child_weight": 8.352682279677683, "subsample": 0.547966476085032}, "datetime": {"datetime": "2020-04-25 14:59:48", "elapsed": 431.870555, "delta": 3.883655}}
{"target": 0.6299501999999999, "params": {"alpha": 0.8446927634990427, "colsample_bytree": 0.8797743732029827, "lam": 0.7433153343214166, "max_depth": 9.015634652026716, "min_child_weight": 5.252924080800235, "subsample": 0.8724052215709311}, "datetime": {"datetime": "2020-04-25 14:59:52", "elapsed": 436.004155, "delta": 4.1336}}
{"target": 0.6223798, "params": {"alpha": 0.9781682529860491, "colsample_bytree": 0.8857466668991039, "lam": 0.09223040765178314, "max_depth": 4.744508589921374, "min_child_weight": 3.5678169119093077, "subsample": 0.5191628322651793}, "datetime": {"datetime": "2020-04-25 14:59:57", "elapsed": 440.096049, "delta": 4.091894}}
{"target": 0.63294, "params": {"alpha": 0.514911242210719, "colsample_bytree": 0.8711126703950431, "lam": 0.035933100464030976, "max_depth": 9.071101668785449, "min_child_weight": 6.354622857166003, "subsample": 0.8849306219485995}, "datetime": {"datetime": "2020-04-25 15:00:01", "elapsed": 444.675828, "delta": 4.579779}}
{"target": 0.6357653999999999, "params": {"alpha": 0.9019824964754742, "colsample_bytree": 0.8977143006476085, "lam": 0.9916119853804841, "max_depth": 5.32527477546331, "min_child_weight": 7.32895091377914, "subsample": 0.7056977700333575}, "datetime": {"datetime": "2020-04-25 15:00:06", "elapsed": 449.441097, "delta": 4.765269}}
{"target": 0.6322846, "params": {"alpha": 0.9909332836246119, "colsample_bytree": 0.8688603095450349, "lam": 0.8120281528277021, "max_depth": 9.304844388454274, "min_child_weight": 9.761759129359241, "subsample": 0.892523885846042}, "datetime": {"datetime": "2020-04-25 15:00:11", "elapsed": 454.46763, "delta": 5.026533}}
{"target": 0.6197108, "params": {"alpha": 0.9742284675335526, "colsample_bytree": 0.8999999204811795, "lam": 1.0, "max_depth": 6.5805266367825785, "min_child_weight": 5.6988825097063645, "subsample": 0.8999999999999997}, "datetime": {"datetime": "2020-04-25 15:00:15", "elapsed": 458.72941, "delta": 4.26178}}
{"target": 0.6145194, "params": {"alpha": 0.08697503233054027, "colsample_bytree": 0.8427992458255806, "lam": 0.894623995016458, "max_depth": 9.922352319128859, "min_child_weight": 2.7105745915274753, "subsample": 0.8526418596321079}, "datetime": {"datetime": "2020-04-25 15:00:20", "elapsed": 463.416487, "delta": 4.687077}}
{"target": 0.6340745999999999, "params": {"alpha": 0.9471383624025708, "colsample_bytree": 0.867786694883167, "lam": 0.9967260501311559, "max_depth": 7.910676754351186, "min_child_weight": 4.951419385036794, "subsample": 0.8492114897236989}, "datetime": {"datetime": "2020-04-25 15:00:25", "elapsed": 468.374126, "delta": 4.957639}}
{"target": 0.635341, "params": {"alpha": 0.07659876330081783, "colsample_bytree": 0.8927100175611193, "lam": 0.3446738874495099, "max_depth": 6.351953972970232, "min_child_weight": 3.83433551574527, "subsample": 0.8976059371696469}, "datetime": {"datetime": "2020-04-25 15:00:29", "elapsed": 472.104681, "delta": 3.730555}}
{"target": 0.6404799999999999, "params": {"alpha": 1.0, "colsample_bytree": 0.9, "lam": 1.0, "max_depth": 5.856940846558093, "min_child_weight": 8.394122188163488, "subsample": 0.9}, "datetime": {"datetime": "2020-04-25 15:00:33", "elapsed": 476.172065, "delta": 4.067384}}
{"target": 0.6389558, "params": {"alpha": 0.9974359201179751, "colsample_bytree": 0.693124817397172, "lam": 0.9393488694060735, "max_depth": 5.0868558390023, "min_child_weight": 8.465536453341844, "subsample": 0.8788144849753602}, "datetime": {"datetime": "2020-04-25 15:00:37", "elapsed": 480.528529, "delta": 4.356464}}
{"target": 0.6324814, "params": {"alpha": 0.05708759170527322, "colsample_bytree": 0.8999254281721081, "lam": 0.967304057209957, "max_depth": 9.953421382651245, "min_child_weight": 5.551144628172911, "subsample": 0.8118035628925149}, "datetime": {"datetime": "2020-04-25 15:00:41", "elapsed": 485.089694, "delta": 4.561165}}
{"target": 0.6092742, "params": {"alpha": 0.0826501658543688, "colsample_bytree": 0.8995073803270981, "lam": 0.9455131894363217, "max_depth": 6.401934364400846, "min_child_weight": 3.2899415872722666, "subsample": 0.5487187193037366}, "datetime": {"datetime": "2020-04-25 15:00:46", "elapsed": 489.818831, "delta": 4.729137}}
{"target": 0.6190635999999999, "params": {"alpha": 0.21576984686325473, "colsample_bytree": 0.8568973737560481, "lam": 0.2614199736042335, "max_depth": 6.865001987430848, "min_child_weight": 1.3076030445383173, "subsample": 0.8746904928506763}, "datetime": {"datetime": "2020-04-25 15:00:50", "elapsed": 493.193614, "delta": 3.374783}}
{"target": 0.6253698, "params": {"alpha": 0.8011400650730649, "colsample_bytree": 0.8628696009174049, "lam": 0.9481162737531608, "max_depth": 8.363883157381888, "min_child_weight": 4.378292822075304, "subsample": 0.5069160103589833}, "datetime": {"datetime": "2020-04-25 15:00:54", "elapsed": 497.536263, "delta": 4.342649}}
{"target": 0.5952302, "params": {"alpha": 0.33917861672467453, "colsample_bytree": 0.8984157509101327, "lam": 0.5211628540090367, "max_depth": 7.934026883301063, "min_child_weight": 1.095555477033675, "subsample": 0.8949235289610393}, "datetime": {"datetime": "2020-04-25 15:00:58", "elapsed": 501.49802, "delta": 3.961757}}
{"target": 0.6104714, "params": {"alpha": 0.0855224036353952, "colsample_bytree": 0.5129697565999266, "lam": 0.9978416843713235, "max_depth": 5.213862133513462, "min_child_weight": 9.399306765302326, "subsample": 0.8732650934979789}, "datetime": {"datetime": "2020-04-25 15:01:03", "elapsed": 506.154572, "delta": 4.656552}}
{"target": 0.622763, "params": {"alpha": 0.007995082852939706, "colsample_bytree": 0.8614141444535228, "lam": 0.4245505790813062, "max_depth": 9.999823310056236, "min_child_weight": 6.196337887502764, "subsample": 0.8781502883545658}, "datetime": {"datetime": "2020-04-25 15:01:07", "elapsed": 510.619796, "delta": 4.465224}}
{"target": 0.5787064000000001, "params": {"alpha": 0.04660808085633228, "colsample_bytree": 0.6458782942039665, "lam": 0.08538275307312015, "max_depth": 9.947246610538283, "min_child_weight": 1.1074121051112695, "subsample": 0.8558255880107357}, "datetime": {"datetime": "2020-04-25 15:01:12", "elapsed": 515.62984, "delta": 5.010044}}
