{"target": 0.6108, "params": {"alpha": 0.8891988504628371, "colsample_bytree": 0.8624535387187844, "lam": 0.9669671802709581, "max_depth": 7.669794178836221, "min_child_weight": 2.1308667875958567, "subsample": 0.5711335019593797}, "datetime": {"datetime": "2020-04-25 16:43:38", "elapsed": 6662.072275, "delta": 33.309496}}
{"target": 0.6366332, "params": {"alpha": 0.9999999958908629, "colsample_bytree": 0.8999999995840546, "lam": 0.9999999973421402, "max_depth": 5.589641204855764, "min_child_weight": 7.025777437635945, "subsample": 0.8999999979621632}, "datetime": {"datetime": "2020-04-25 16:44:06", "elapsed": 6689.851586, "delta": 27.779311}}
{"target": 0.5594766, "params": {"alpha": 0.9929972631172954, "colsample_bytree": 0.5129975890651329, "lam": 0.04016879724771172, "max_depth": 9.753872346594331, "min_child_weight": 1.0450135567601926, "subsample": 0.8968104453972883}, "datetime": {"datetime": "2020-04-25 16:44:33", "elapsed": 6716.712559, "delta": 26.860973}}
{"target": 0.6250297999999999, "params": {"alpha": 0.5828585157202569, "colsample_bytree": 0.880397691014136, "lam": 0.23293293821436056, "max_depth": 3.6533127084020536, "min_child_weight": 7.07523002198432, "subsample": 0.5157765000444239}, "datetime": {"datetime": "2020-04-25 16:45:11", "elapsed": 6754.873357, "delta": 38.160798}}
{"target": 0.6320720000000001, "params": {"alpha": 0.8035040796980725, "colsample_bytree": 0.8600390665107776, "lam": 0.9981087030978502, "max_depth": 9.034115147319419, "min_child_weight": 8.150625603301823, "subsample": 0.5389986011535597}, "datetime": {"datetime": "2020-04-25 16:45:44", "elapsed": 6788.005567, "delta": 33.13221}}
{"target": 0.6334607999999999, "params": {"alpha": 0.3893078576272987, "colsample_bytree": 0.8729968092675822, "lam": 0.05960114242104031, "max_depth": 7.332925294700321, "min_child_weight": 8.785841599445394, "subsample": 0.7711343114217339}, "datetime": {"datetime": "2020-04-25 16:46:10", "elapsed": 6813.658258, "delta": 25.652691}}
{"target": 0.5522816, "params": {"alpha": 0.9872550636057122, "colsample_bytree": 0.5093878979857877, "lam": 0.9812556986093084, "max_depth": 3.0574730641011474, "min_child_weight": 9.344446000902083, "subsample": 0.8831469834452133}, "datetime": {"datetime": "2020-04-25 16:46:36", "elapsed": 6839.571184, "delta": 25.912926}}
{"target": 0.6309582, "params": {"alpha": 0.4667548190988473, "colsample_bytree": 0.874496971118679, "lam": 0.9239288829520664, "max_depth": 5.614586676310514, "min_child_weight": 2.198745856647891, "subsample": 0.8947886558050864}, "datetime": {"datetime": "2020-04-25 16:47:07", "elapsed": 6870.941923, "delta": 31.370739}}
{"target": 0.613253, "params": {"alpha": 0.4100582766994726, "colsample_bytree": 0.5685682023673538, "lam": 0.9992635504711506, "max_depth": 9.969265105539051, "min_child_weight": 6.64873748574706, "subsample": 0.8191822745553405}, "datetime": {"datetime": "2020-04-25 16:47:37", "elapsed": 6900.855595, "delta": 29.913672}}
{"target": 0.6362232, "params": {"alpha": 0.8894808404731048, "colsample_bytree": 0.893716112711552, "lam": 0.9891474427621224, "max_depth": 9.41270574235716, "min_child_weight": 7.716716705925204, "subsample": 0.8972560206390032}, "datetime": {"datetime": "2020-04-25 16:48:06", "elapsed": 6929.637047, "delta": 28.781452}}
{"target": 0.6343013999999999, "params": {"alpha": 0.014367215422163238, "colsample_bytree": 0.8750203841378836, "lam": 0.2833823097561782, "max_depth": 5.489889839988617, "min_child_weight": 4.70376485810754, "subsample": 0.8849722206175641}, "datetime": {"datetime": "2020-04-25 16:48:36", "elapsed": 6959.936315, "delta": 30.299268}}
{"target": 0.6291229999999999, "params": {"alpha": 0.03257354718219496, "colsample_bytree": 0.8885500319223474, "lam": 0.9904343752208168, "max_depth": 5.165702786536638, "min_child_weight": 6.181263162721905, "subsample": 0.7421358379543204}, "datetime": {"datetime": "2020-04-25 16:49:01", "elapsed": 6984.819746, "delta": 24.883431}}
{"target": 0.6226056, "params": {"alpha": 0.652537392608233, "colsample_bytree": 0.8755908371570877, "lam": 0.9562402091063559, "max_depth": 4.810556944753845, "min_child_weight": 8.679268443422622, "subsample": 0.5619880770231122}, "datetime": {"datetime": "2020-04-25 16:49:28", "elapsed": 7012.02566, "delta": 27.205914}}
{"target": 0.6353924, "params": {"alpha": 0.993109332525871, "colsample_bytree": 0.8884964848951062, "lam": 0.4946285110448747, "max_depth": 6.909069339343512, "min_child_weight": 4.736485761150611, "subsample": 0.8966546045622434}, "datetime": {"datetime": "2020-04-25 16:50:05", "elapsed": 7049.040591, "delta": 37.014931}}
{"target": 0.6301672, "params": {"alpha": 0.0024300852482378454, "colsample_bytree": 0.8171951969428448, "lam": 0.4926764326838775, "max_depth": 6.629781275495634, "min_child_weight": 8.691291770790972, "subsample": 0.5857844319975993}, "datetime": {"datetime": "2020-04-25 16:50:39", "elapsed": 7082.549647, "delta": 33.509056}}
{"target": 0.5788204, "params": {"alpha": 2.588605521139463e-08, "colsample_bytree": 0.9, "lam": 2.0156459584867207e-08, "max_depth": 10.0, "min_child_weight": 1.0000000226134835, "subsample": 0.9}, "datetime": {"datetime": "2020-04-25 16:51:08", "elapsed": 7111.225216, "delta": 28.675569}}
{"target": 0.639317, "params": {"alpha": 0.015591410389552363, "colsample_bytree": 0.7584520990153256, "lam": 0.48942350189926664, "max_depth": 8.060440701843106, "min_child_weight": 9.406881775054543, "subsample": 0.7927453759471599}, "datetime": {"datetime": "2020-04-25 16:51:36", "elapsed": 7140.005467, "delta": 28.780251}}
{"target": 0.6374981999999999, "params": {"alpha": 0.9470885963922923, "colsample_bytree": 0.8974661616093994, "lam": 0.6904746751354053, "max_depth": 9.99370909590121, "min_child_weight": 9.294505938105218, "subsample": 0.585756075521515}, "datetime": {"datetime": "2020-04-25 16:52:07", "elapsed": 7170.376827, "delta": 30.37136}}
{"target": 0.6429244000000001, "params": {"alpha": 0.9148333229855716, "colsample_bytree": 0.8893338527118719, "lam": 0.6637363447658611, "max_depth": 5.9676435633223175, "min_child_weight": 9.933863660567006, "subsample": 0.8545562813074226}, "datetime": {"datetime": "2020-04-25 16:52:37", "elapsed": 7200.135211, "delta": 29.758384}}
{"target": 0.6368754000000001, "params": {"alpha": 1.0, "colsample_bytree": 0.9, "lam": 0.0, "max_depth": 10.0, "min_child_weight": 10.0, "subsample": 0.9}, "datetime": {"datetime": "2020-04-25 16:53:11", "elapsed": 7234.481537, "delta": 34.346326}}
{"target": 0.6406302, "params": {"alpha": 0.012008156029980399, "colsample_bytree": 0.8684173643034254, "lam": 0.9921305152010376, "max_depth": 5.885039250146082, "min_child_weight": 9.939383579894626, "subsample": 0.8939670950696441}, "datetime": {"datetime": "2020-04-25 16:53:35", "elapsed": 7258.194268, "delta": 23.712731}}
{"target": 0.637838, "params": {"alpha": 0.5523021928192293, "colsample_bytree": 0.829880328352891, "lam": 0.9866027914253968, "max_depth": 9.586492701589462, "min_child_weight": 9.118761399692985, "subsample": 0.5597461010645577}, "datetime": {"datetime": "2020-04-25 16:53:59", "elapsed": 7282.31721, "delta": 24.122942}}
{"target": 0.6380667999999999, "params": {"alpha": 0.9999999843410576, "colsample_bytree": 0.8999999855350074, "lam": 1.0, "max_depth": 6.405942744253091, "min_child_weight": 9.999999272857416, "subsample": 0.8999999777948474}, "datetime": {"datetime": "2020-04-25 16:54:28", "elapsed": 7311.870319, "delta": 29.553109}}
{"target": 0.6298254, "params": {"alpha": 0.24394183913605616, "colsample_bytree": 0.898914700664901, "lam": 0.44665379353022294, "max_depth": 8.205974272643438, "min_child_weight": 8.245790493825563, "subsample": 0.849525921855161}, "datetime": {"datetime": "2020-04-25 16:55:00", "elapsed": 7343.502093, "delta": 31.631774}}
{"target": 0.5715658, "params": {"alpha": 0.9357648220659518, "colsample_bytree": 0.5580416125302132, "lam": 0.9292684567472739, "max_depth": 3.4407687462041143, "min_child_weight": 7.484920984368367, "subsample": 0.5016770266751183}, "datetime": {"datetime": "2020-04-25 16:55:35", "elapsed": 7378.243241, "delta": 34.741148}}
{"target": 0.6100258000000001, "params": {"alpha": 0.9579092549303937, "colsample_bytree": 0.8654343093235684, "lam": 0.9942745068420127, "max_depth": 5.116484411437373, "min_child_weight": 1.0717276755189526, "subsample": 0.5182706087232549}, "datetime": {"datetime": "2020-04-25 16:56:08", "elapsed": 7411.771648, "delta": 33.528407}}
{"target": 0.6316016, "params": {"alpha": 0.026785624814053, "colsample_bytree": 0.6900717529385095, "lam": 0.0295002705448989, "max_depth": 7.81940650228437, "min_child_weight": 8.27357242583647, "subsample": 0.8970109354417583}, "datetime": {"datetime": "2020-04-25 16:56:40", "elapsed": 7443.109459, "delta": 31.337811}}
{"target": 0.6221774, "params": {"alpha": 0.0038512266662245054, "colsample_bytree": 0.8707945187173802, "lam": 0.9850807126306875, "max_depth": 5.673808617361512, "min_child_weight": 7.678582747398734, "subsample": 0.6738626405503222}, "datetime": {"datetime": "2020-04-25 16:57:10", "elapsed": 7473.992257, "delta": 30.882798}}
{"target": 0.606337, "params": {"alpha": 0.14174779328922882, "colsample_bytree": 0.7035254319707377, "lam": 0.7050120827063676, "max_depth": 9.946201471192726, "min_child_weight": 3.7469866268772454, "subsample": 0.8961653332467128}, "datetime": {"datetime": "2020-04-25 16:57:45", "elapsed": 7508.762089, "delta": 34.769832}}
{"target": 0.6280642, "params": {"alpha": 0.014228840523273667, "colsample_bytree": 0.8126650490318003, "lam": 0.9018254373847401, "max_depth": 5.966897046733298, "min_child_weight": 6.746636331103697, "subsample": 0.8799981006865267}, "datetime": {"datetime": "2020-04-25 16:58:12", "elapsed": 7535.859346, "delta": 27.097257}}
{"target": 0.6364458, "params": {"alpha": 0.6527459962719154, "colsample_bytree": 0.6497242935173677, "lam": 0.9959840068676075, "max_depth": 5.641911069088611, "min_child_weight": 8.540953400904979, "subsample": 0.8894783804541746}, "datetime": {"datetime": "2020-04-25 16:58:46", "elapsed": 7569.772732, "delta": 33.913386}}
{"target": 0.6362132, "params": {"alpha": 0.6414528466452678, "colsample_bytree": 0.8786465633398768, "lam": 0.9741260788824283, "max_depth": 4.150127804499983, "min_child_weight": 7.704553584275073, "subsample": 0.878612633029831}, "datetime": {"datetime": "2020-04-25 16:59:15", "elapsed": 7598.836313, "delta": 29.063581}}
{"target": 0.6370682000000001, "params": {"alpha": 3.2722031100633723e-09, "colsample_bytree": 0.9, "lam": 0.9999999932119139, "max_depth": 9.999999994738907, "min_child_weight": 9.999999994593578, "subsample": 0.9}, "datetime": {"datetime": "2020-04-25 16:59:52", "elapsed": 7635.434792, "delta": 36.598479}}
{"target": 0.629589, "params": {"alpha": 0.034068866748697135, "colsample_bytree": 0.8839047913174554, "lam": 0.3678612211095431, "max_depth": 4.637475670760273, "min_child_weight": 3.1638439555605284, "subsample": 0.7060974034195275}, "datetime": {"datetime": "2020-04-25 17:00:24", "elapsed": 7667.761364, "delta": 32.326572}}
{"target": 0.6372354, "params": {"alpha": 0.3079155503797464, "colsample_bytree": 0.8959047342123396, "lam": 0.9393064242307407, "max_depth": 4.9766063371625275, "min_child_weight": 1.012477177320202, "subsample": 0.7924288382032254}, "datetime": {"datetime": "2020-04-25 17:00:49", "elapsed": 7692.259481, "delta": 24.498117}}
{"target": 0.6247070000000001, "params": {"alpha": 0.32034597753625393, "colsample_bytree": 0.8407155223665932, "lam": 0.9958145203340281, "max_depth": 8.630097955853032, "min_child_weight": 9.326980839201292, "subsample": 0.6549323156891351}, "datetime": {"datetime": "2020-04-25 17:01:22", "elapsed": 7725.645626, "delta": 33.386145}}
{"target": 0.6339537999999999, "params": {"alpha": 0.9133440290981307, "colsample_bytree": 0.8611892040275464, "lam": 0.29913955658334235, "max_depth": 8.845899185447866, "min_child_weight": 8.221245027091545, "subsample": 0.6444517306294024}, "datetime": {"datetime": "2020-04-25 17:01:58", "elapsed": 7762.059186, "delta": 36.41356}}
{"target": 0.6217802, "params": {"alpha": 0.25283613728002075, "colsample_bytree": 0.6020726357555654, "lam": 0.5927559614404412, "max_depth": 4.856862841002545, "min_child_weight": 1.0102082057423365, "subsample": 0.8895051415156257}, "datetime": {"datetime": "2020-04-25 17:02:33", "elapsed": 7796.464668, "delta": 34.405482}}
{"target": 0.6353504, "params": {"alpha": 0.0028152033110359076, "colsample_bytree": 0.8891123081836358, "lam": 0.9842008695369757, "max_depth": 6.645964350038188, "min_child_weight": 6.921140507253334, "subsample": 0.7767325897658974}, "datetime": {"datetime": "2020-04-25 17:03:02", "elapsed": 7825.720172, "delta": 29.255504}}
{"target": 0.604882, "params": {"alpha": 0.2674513398603725, "colsample_bytree": 0.5125571990877883, "lam": 0.9560228498994816, "max_depth": 6.476079777797327, "min_child_weight": 1.40228019475606, "subsample": 0.8628359293327468}, "datetime": {"datetime": "2020-04-25 17:03:29", "elapsed": 7852.620718, "delta": 26.900546}}
{"target": 0.6409005999999999, "params": {"alpha": 0.030095520564483946, "colsample_bytree": 0.8986428681749283, "lam": 0.4337356656520276, "max_depth": 6.063456684538742, "min_child_weight": 8.230814837043283, "subsample": 0.8961243434170012}, "datetime": {"datetime": "2020-04-25 17:04:01", "elapsed": 7884.743737, "delta": 32.123019}}
{"target": 0.6431514, "params": {"alpha": 0.3326017313319438, "colsample_bytree": 0.8999999510009383, "lam": 0.9999999585831572, "max_depth": 9.38250411219641, "min_child_weight": 9.06912858548405, "subsample": 0.9}, "datetime": {"datetime": "2020-04-25 17:04:39", "elapsed": 7922.135429, "delta": 37.391692}}
{"target": 0.6369239999999999, "params": {"alpha": 0.04678116312193681, "colsample_bytree": 0.889977657180899, "lam": 0.04364777123044916, "max_depth": 7.47944910011943, "min_child_weight": 8.294436912446153, "subsample": 0.8780023814130347}, "datetime": {"datetime": "2020-04-25 17:05:08", "elapsed": 7951.57505, "delta": 29.439621}}
{"target": 0.6439527999999999, "params": {"alpha": 0.45135643570169914, "colsample_bytree": 0.8990288192720988, "lam": 0.9969824826903877, "max_depth": 9.10123209164854, "min_child_weight": 8.066766495827075, "subsample": 0.8808964019191035}, "datetime": {"datetime": "2020-04-25 17:05:40", "elapsed": 7984.007892, "delta": 32.432842}}
{"target": 0.6235182, "params": {"alpha": 0.9997291878799551, "colsample_bytree": 0.7293111728835748, "lam": 0.9486073998205833, "max_depth": 6.210253997906589, "min_child_weight": 1.024667284139739, "subsample": 0.5150608630641904}, "datetime": {"datetime": "2020-04-25 17:06:03", "elapsed": 8006.503538, "delta": 22.495646}}
{"target": 0.6223118, "params": {"alpha": 0.6726305648783037, "colsample_bytree": 0.8845716884983459, "lam": 0.9800373071858102, "max_depth": 5.912340341448864, "min_child_weight": 9.974987349646163, "subsample": 0.5249120641546976}, "datetime": {"datetime": "2020-04-25 17:06:34", "elapsed": 8037.257347, "delta": 30.753809}}
{"target": 0.634355, "params": {"alpha": 0.35542822255621365, "colsample_bytree": 0.8919257761695605, "lam": 0.6062434962810553, "max_depth": 4.871302165611931, "min_child_weight": 7.0325281963746535, "subsample": 0.894951556353794}, "datetime": {"datetime": "2020-04-25 17:07:02", "elapsed": 8065.203336, "delta": 27.945989}}
{"target": 0.6342714, "params": {"alpha": 0.2781575684034344, "colsample_bytree": 0.887804875517948, "lam": 0.1967936479699106, "max_depth": 6.547875603780335, "min_child_weight": 6.851560600846839, "subsample": 0.8877633262561719}, "datetime": {"datetime": "2020-04-25 17:07:33", "elapsed": 8096.219751, "delta": 31.016415}}
{"target": 0.6177520000000001, "params": {"alpha": 0.047323928076463795, "colsample_bytree": 0.8619509861897876, "lam": 0.0800829820119221, "max_depth": 9.404542578387638, "min_child_weight": 3.467906911518436, "subsample": 0.8985970596515378}, "datetime": {"datetime": "2020-04-25 17:08:09", "elapsed": 8132.803874, "delta": 36.584123}}
{"target": 0.6155198, "params": {"alpha": 0.991431202138211, "colsample_bytree": 0.8962586979608602, "lam": 0.03587422841747778, "max_depth": 8.930148993102305, "min_child_weight": 6.55902862193893, "subsample": 0.6904943594240399}, "datetime": {"datetime": "2020-04-25 17:08:44", "elapsed": 8167.173093, "delta": 34.369219}}
{"target": 0.6152960000000001, "params": {"alpha": 0.05764591971921629, "colsample_bytree": 0.6597120949108246, "lam": 0.01456576532638898, "max_depth": 4.422149673630724, "min_child_weight": 3.6696631204475736, "subsample": 0.8647594556364906}, "datetime": {"datetime": "2020-04-25 17:09:13", "elapsed": 8196.508051, "delta": 29.334958}}
{"target": 0.6279118, "params": {"alpha": 0.5140421938794796, "colsample_bytree": 0.8713675801333804, "lam": 0.0451720850226941, "max_depth": 8.631149713108227, "min_child_weight": 7.25661347688863, "subsample": 0.8099434881061619}, "datetime": {"datetime": "2020-04-25 17:09:50", "elapsed": 8233.370594, "delta": 36.862543}}
{"target": 0.6280186, "params": {"alpha": 0.8698030171841473, "colsample_bytree": 0.8557856272976733, "lam": 0.39028989673512116, "max_depth": 8.271898844190503, "min_child_weight": 7.3206265729759075, "subsample": 0.7485015652701296}, "datetime": {"datetime": "2020-04-25 17:10:23", "elapsed": 8266.68751, "delta": 33.316916}}
{"target": 0.6309473999999999, "params": {"alpha": 0.44029202221941965, "colsample_bytree": 0.7667783105473598, "lam": 0.03936214149800954, "max_depth": 9.839312930225248, "min_child_weight": 8.385044628295425, "subsample": 0.8982555853600238}, "datetime": {"datetime": "2020-04-25 17:10:59", "elapsed": 8302.373546, "delta": 35.686036}}
{"target": 0.6264816, "params": {"alpha": 0.0, "colsample_bytree": 0.8957143688934434, "lam": 5.295598553209146e-13, "max_depth": 5.941919812606982, "min_child_weight": 3.268810382916554, "subsample": 0.885835919133686}, "datetime": {"datetime": "2020-04-25 17:11:29", "elapsed": 8332.490727, "delta": 30.117181}}
{"target": 0.6371682, "params": {"alpha": 0.7232620856001338, "colsample_bytree": 0.8773506402573694, "lam": 0.14819662466044503, "max_depth": 9.267176164349255, "min_child_weight": 7.35967702105572, "subsample": 0.870284126499572}, "datetime": {"datetime": "2020-04-25 17:12:07", "elapsed": 8370.255964, "delta": 37.765237}}
{"target": 0.6368208, "params": {"alpha": 0.04681801878020586, "colsample_bytree": 0.8645875766961908, "lam": 0.9620380431269514, "max_depth": 4.610254015161854, "min_child_weight": 8.722605258250445, "subsample": 0.8957121758647759}, "datetime": {"datetime": "2020-04-25 17:12:40", "elapsed": 8404.069865, "delta": 33.813901}}
{"target": 0.6429978000000001, "params": {"alpha": 0.017600990068394218, "colsample_bytree": 0.8863863768719117, "lam": 0.9194283354440236, "max_depth": 8.23380388673069, "min_child_weight": 9.737542628322775, "subsample": 0.8569572928180684}, "datetime": {"datetime": "2020-04-25 17:13:17", "elapsed": 8440.786431, "delta": 36.716566}}
{"target": 0.6295257999999999, "params": {"alpha": 0.013277242661528743, "colsample_bytree": 0.8023750280126389, "lam": 0.03623140221253518, "max_depth": 5.057174645978338, "min_child_weight": 2.501072012584097, "subsample": 0.8880790143109094}, "datetime": {"datetime": "2020-04-25 17:13:56", "elapsed": 8479.272905, "delta": 38.486474}}
