{"target": 0.6373954, "params": {"alpha": 0.03371499569722747, "colsample_bytree": 0.8584974180929928, "lam": 0.6792212626968765, "max_depth": 6.227782352072801, "min_child_weight": 6.158348219367781, "subsample": 0.8905872598579686}, "datetime": {"datetime": "2020-04-25 14:18:41", "elapsed": 2714.972576, "delta": 12.912896}}
{"target": 0.6269427999999999, "params": {"alpha": 0.5942561304660642, "colsample_bytree": 0.891205738900473, "lam": 0.8760440743067271, "max_depth": 7.894066896743469, "min_child_weight": 4.3545361902811015, "subsample": 0.8936939109199968}, "datetime": {"datetime": "2020-04-25 14:18:56", "elapsed": 2729.621067, "delta": 14.648491}}
{"target": 0.605748, "params": {"alpha": 1.0, "colsample_bytree": 0.9, "lam": 1.0, "max_depth": 8.533211941800221, "min_child_weight": 1.00000006281807, "subsample": 0.9}, "datetime": {"datetime": "2020-04-25 14:19:10", "elapsed": 2743.107316, "delta": 13.486249}}
{"target": 0.614156, "params": {"alpha": 0.0036923438085726523, "colsample_bytree": 0.9, "lam": 0.0, "max_depth": 5.646693235713253, "min_child_weight": 5.661819202966697, "subsample": 0.5000000002976489}, "datetime": {"datetime": "2020-04-25 14:19:22", "elapsed": 2755.383537, "delta": 12.276221}}
{"target": 0.6322525999999999, "params": {"alpha": 0.3493915250750089, "colsample_bytree": 0.8741501936792275, "lam": 0.09633646719498379, "max_depth": 9.304141085849793, "min_child_weight": 7.588071258278285, "subsample": 0.8920312304133167}, "datetime": {"datetime": "2020-04-25 14:19:35", "elapsed": 2768.925466, "delta": 13.541929}}
{"target": 0.6147859999999999, "params": {"alpha": 0.05893500303668908, "colsample_bytree": 0.5626097285101265, "lam": 0.01787852972267312, "max_depth": 8.94767996430977, "min_child_weight": 6.852593263828129, "subsample": 0.8862059875800448}, "datetime": {"datetime": "2020-04-25 14:19:48", "elapsed": 2781.980989, "delta": 13.055523}}
{"target": 0.6322612, "params": {"alpha": 0.01567165032996687, "colsample_bytree": 0.885481838523611, "lam": 0.20901332055663047, "max_depth": 7.244454834222256, "min_child_weight": 3.9677729544038796, "subsample": 0.871081130352169}, "datetime": {"datetime": "2020-04-25 14:20:02", "elapsed": 2795.124117, "delta": 13.143128}}
{"target": 0.640063, "params": {"alpha": 0.15763972800234693, "colsample_bytree": 0.8887419124819959, "lam": 0.024072071004520246, "max_depth": 5.882470719909918, "min_child_weight": 5.20918009104408, "subsample": 0.8860509712064528}, "datetime": {"datetime": "2020-04-25 14:20:14", "elapsed": 2807.62167, "delta": 12.497553}}
{"target": 0.6234592000000001, "params": {"alpha": 0.9290184917571351, "colsample_bytree": 0.8172556225966626, "lam": 0.7306637649251746, "max_depth": 7.6553205292596935, "min_child_weight": 5.61034246211328, "subsample": 0.5082751623560702}, "datetime": {"datetime": "2020-04-25 14:20:25", "elapsed": 2818.952243, "delta": 11.330573}}
{"target": 0.6420986, "params": {"alpha": 0.9548025514997793, "colsample_bytree": 0.8957711556960819, "lam": 0.6533763040595111, "max_depth": 9.462200333000164, "min_child_weight": 6.8348088859806655, "subsample": 0.8625888101530944}, "datetime": {"datetime": "2020-04-25 14:20:40", "elapsed": 2833.718713, "delta": 14.76647}}
{"target": 0.6308746000000001, "params": {"alpha": 0.047317418169715686, "colsample_bytree": 0.8084813895277307, "lam": 0.11826723333475975, "max_depth": 7.099544594514963, "min_child_weight": 4.958623113351689, "subsample": 0.8970045368313474}, "datetime": {"datetime": "2020-04-25 14:20:55", "elapsed": 2848.139446, "delta": 14.420733}}
{"target": 0.6038, "params": {"alpha": 0.10078197238180064, "colsample_bytree": 0.5664007360605239, "lam": 0.9287237408976768, "max_depth": 5.102978169962194, "min_child_weight": 2.5004095352501565, "subsample": 0.8783208255143784}, "datetime": {"datetime": "2020-04-25 14:21:09", "elapsed": 2862.518188, "delta": 14.378742}}
{"target": 0.6273283999999999, "params": {"alpha": 0.033841901026420484, "colsample_bytree": 0.7160245201672144, "lam": 0.5067925534472789, "max_depth": 5.619111936056806, "min_child_weight": 8.313835834002685, "subsample": 0.5081717775758297}, "datetime": {"datetime": "2020-04-25 14:21:22", "elapsed": 2875.325578, "delta": 12.80739}}
{"target": 0.6098125999999999, "params": {"alpha": 0.9557454596796555, "colsample_bytree": 0.8453436569235115, "lam": 0.9795155264285459, "max_depth": 3.029791127043198, "min_child_weight": 2.3746500614740076, "subsample": 0.7412426970304389}, "datetime": {"datetime": "2020-04-25 14:21:38", "elapsed": 2891.708948, "delta": 16.38337}}
{"target": 0.6313245999999999, "params": {"alpha": 0.0776429096506871, "colsample_bytree": 0.8605207720365515, "lam": 0.14217068888737738, "max_depth": 9.481639650460401, "min_child_weight": 6.877222683576703, "subsample": 0.8705683109049573}, "datetime": {"datetime": "2020-04-25 14:21:54", "elapsed": 2907.53862, "delta": 15.829672}}
{"target": 0.6350486, "params": {"alpha": 0.7652788418676408, "colsample_bytree": 0.8187071785421417, "lam": 0.4538721025788266, "max_depth": 5.123085505218056, "min_child_weight": 7.441169801942866, "subsample": 0.8826909453394765}, "datetime": {"datetime": "2020-04-25 14:22:09", "elapsed": 2922.088588, "delta": 14.549968}}
{"target": 0.6428962, "params": {"alpha": 0.9271282207309147, "colsample_bytree": 0.7361984271299492, "lam": 0.017327988845413644, "max_depth": 5.814472636652143, "min_child_weight": 9.982152832398539, "subsample": 0.8609850707256017}, "datetime": {"datetime": "2020-04-25 14:22:22", "elapsed": 2935.228576, "delta": 13.139988}}
{"target": 0.6333254, "params": {"alpha": 0.052236792215286765, "colsample_bytree": 0.7008561230166555, "lam": 0.9585309008093447, "max_depth": 4.959906228983259, "min_child_weight": 8.91507960192516, "subsample": 0.891041254511485}, "datetime": {"datetime": "2020-04-25 14:22:36", "elapsed": 2949.841401, "delta": 14.612825}}
{"target": 0.639842, "params": {"alpha": 0.0036180338610772855, "colsample_bytree": 0.838901744681019, "lam": 0.8126075588443509, "max_depth": 5.465278426170828, "min_child_weight": 7.074329364084749, "subsample": 0.8444305457021273}, "datetime": {"datetime": "2020-04-25 14:22:50", "elapsed": 2963.721703, "delta": 13.880302}}
{"target": 0.62673, "params": {"alpha": 0.9999999995964974, "colsample_bytree": 0.8999999752642647, "lam": 0.9798125100657972, "max_depth": 4.642599810220848, "min_child_weight": 6.491320761955385, "subsample": 0.899999999838599}, "datetime": {"datetime": "2020-04-25 14:23:05", "elapsed": 2978.294587, "delta": 14.572884}}
{"target": 0.6273956, "params": {"alpha": 0.005480740971377407, "colsample_bytree": 0.8084013966839871, "lam": 0.03750764531873685, "max_depth": 4.154018208152813, "min_child_weight": 3.2883104025296426, "subsample": 0.8880233477112073}, "datetime": {"datetime": "2020-04-25 14:23:17", "elapsed": 2990.485459, "delta": 12.190872}}
{"target": 0.6320678, "params": {"alpha": 0.9997784613511029, "colsample_bytree": 0.8996462515671079, "lam": 0.029259156446275858, "max_depth": 5.374478021635136, "min_child_weight": 4.439262208358189, "subsample": 0.8593988065448572}, "datetime": {"datetime": "2020-04-25 14:23:31", "elapsed": 3004.692387, "delta": 14.206928}}
{"target": 0.632708, "params": {"alpha": 0.010171565497466784, "colsample_bytree": 0.8867587717479488, "lam": 0.026117278473530958, "max_depth": 9.290583265090948, "min_child_weight": 7.315634448811645, "subsample": 0.8061422373313798}, "datetime": {"datetime": "2020-04-25 14:23:46", "elapsed": 3019.140006, "delta": 14.447619}}
{"target": 0.6363542000000001, "params": {"alpha": 0.012735177421448807, "colsample_bytree": 0.8092022319898365, "lam": 0.7427894229941638, "max_depth": 5.888067339582147, "min_child_weight": 9.94038263202431, "subsample": 0.8420359256782317}, "datetime": {"datetime": "2020-04-25 14:24:04", "elapsed": 3037.574896, "delta": 18.43489}}
{"target": 0.6435736000000001, "params": {"alpha": 0.9430931720913165, "colsample_bytree": 0.7639763523677499, "lam": 0.6894698421090518, "max_depth": 8.478767025785453, "min_child_weight": 7.832892980874719, "subsample": 0.8934118203778104}, "datetime": {"datetime": "2020-04-25 14:24:19", "elapsed": 3052.348497, "delta": 14.773601}}
{"target": 0.6336725999999999, "params": {"alpha": 0.032489222690040065, "colsample_bytree": 0.7112016501837675, "lam": 0.7931094152793073, "max_depth": 8.960242924095537, "min_child_weight": 7.2564564853583775, "subsample": 0.8819339951679172}, "datetime": {"datetime": "2020-04-25 14:24:39", "elapsed": 3072.303832, "delta": 19.955335}}
{"target": 0.6350666, "params": {"alpha": 0.9857150216758813, "colsample_bytree": 0.8054957186233278, "lam": 0.4800761711885788, "max_depth": 6.944712517250613, "min_child_weight": 7.023170003182697, "subsample": 0.8919685496986385}, "datetime": {"datetime": "2020-04-25 14:24:50", "elapsed": 3083.775448, "delta": 11.471616}}
{"target": 0.6319142, "params": {"alpha": 0.7209772484312252, "colsample_bytree": 0.8973969406488136, "lam": 0.3851986425881313, "max_depth": 5.64673364919115, "min_child_weight": 5.413773803508243, "subsample": 0.8875113629827035}, "datetime": {"datetime": "2020-04-25 14:25:06", "elapsed": 3099.449712, "delta": 15.674264}}
{"target": 0.644932, "params": {"alpha": 0.265759722707294, "colsample_bytree": 0.8907948774755361, "lam": 0.7512102178586995, "max_depth": 5.833391090210123, "min_child_weight": 7.1518651919696214, "subsample": 0.8772219416775886}, "datetime": {"datetime": "2020-04-25 14:25:20", "elapsed": 3113.507765, "delta": 14.058053}}
{"target": 0.6173572, "params": {"alpha": 0.931593382614423, "colsample_bytree": 0.8915845373155407, "lam": 0.3313573354981576, "max_depth": 9.941087620711695, "min_child_weight": 4.402960297912742, "subsample": 0.8538698636170594}, "datetime": {"datetime": "2020-04-25 14:25:37", "elapsed": 3130.763627, "delta": 17.255862}}
{"target": 0.648462, "params": {"alpha": 0.018755183803331632, "colsample_bytree": 0.8437805504066902, "lam": 0.6095351738064618, "max_depth": 9.988039652020014, "min_child_weight": 9.60883621173234, "subsample": 0.8012637579421247}, "datetime": {"datetime": "2020-04-25 14:25:56", "elapsed": 3149.626465, "delta": 18.862838}}
{"target": 0.6306191999999999, "params": {"alpha": 0.9402449000718726, "colsample_bytree": 0.880423348136971, "lam": 0.6670607257031521, "max_depth": 9.993016528794605, "min_child_weight": 6.311435149557842, "subsample": 0.8887656570990574}, "datetime": {"datetime": "2020-04-25 14:26:13", "elapsed": 3166.798349, "delta": 17.171884}}
{"target": 0.6316824000000001, "params": {"alpha": 0.9716932037615332, "colsample_bytree": 0.7346183002166862, "lam": 0.9320074455201357, "max_depth": 8.805843240050141, "min_child_weight": 6.192722752772914, "subsample": 0.8376805866994324}, "datetime": {"datetime": "2020-04-25 14:26:27", "elapsed": 3180.93712, "delta": 14.138771}}
{"target": 0.6198404, "params": {"alpha": 0.4042674134010824, "colsample_bytree": 0.8979701294946629, "lam": 0.7876228383691382, "max_depth": 8.147493952658461, "min_child_weight": 2.9019435995040146, "subsample": 0.8747488674518951}, "datetime": {"datetime": "2020-04-25 14:26:43", "elapsed": 3196.143856, "delta": 15.206736}}
{"target": 0.6273026, "params": {"alpha": 0.6480302125578858, "colsample_bytree": 0.8329854781904225, "lam": 0.5906673758470479, "max_depth": 7.6933618979783915, "min_child_weight": 7.7950131823025615, "subsample": 0.8830641684810216}, "datetime": {"datetime": "2020-04-25 14:26:57", "elapsed": 3210.330424, "delta": 14.186568}}
{"target": 0.6384448, "params": {"alpha": 0.7925316398729021, "colsample_bytree": 0.7698234336226664, "lam": 0.15674816540914382, "max_depth": 6.910472665315692, "min_child_weight": 7.993762893048498, "subsample": 0.7714257395755115}, "datetime": {"datetime": "2020-04-25 14:27:10", "elapsed": 3223.922405, "delta": 13.591981}}
{"target": 0.636243, "params": {"alpha": 0.9999999745094581, "colsample_bytree": 0.8274587694023425, "lam": 0.9999999969829788, "max_depth": 7.321375636842841, "min_child_weight": 9.999999777940458, "subsample": 0.8999999829556609}, "datetime": {"datetime": "2020-04-25 14:27:25", "elapsed": 3239.013145, "delta": 15.09074}}
{"target": 0.6363742, "params": {"alpha": 0.031029820141116993, "colsample_bytree": 0.8475009778041497, "lam": 0.04642364492189599, "max_depth": 7.522591245320245, "min_child_weight": 8.3563223780012, "subsample": 0.8796373371108464}, "datetime": {"datetime": "2020-04-25 14:27:39", "elapsed": 3252.241596, "delta": 13.228451}}
{"target": 0.6384116000000001, "params": {"alpha": 0.9912415079655312, "colsample_bytree": 0.8918798589596317, "lam": 0.018594955771589428, "max_depth": 8.465210349929333, "min_child_weight": 9.642349959750788, "subsample": 0.8946510044283925}, "datetime": {"datetime": "2020-04-25 14:27:52", "elapsed": 3265.908618, "delta": 13.667022}}
{"target": 0.641712, "params": {"alpha": 0.09070230729553241, "colsample_bytree": 0.8506812407700766, "lam": 0.9212340087964039, "max_depth": 7.921481888085001, "min_child_weight": 6.045655965227315, "subsample": 0.8881904765277877}, "datetime": {"datetime": "2020-04-25 14:28:08", "elapsed": 3282.002583, "delta": 16.093965}}
{"target": 0.6292458, "params": {"alpha": 0.42849566541356443, "colsample_bytree": 0.8654671467361306, "lam": 0.2995328836620884, "max_depth": 7.018441086857616, "min_child_weight": 7.986937423562445, "subsample": 0.5185818089488535}, "datetime": {"datetime": "2020-04-25 14:28:24", "elapsed": 3297.675691, "delta": 15.673108}}
{"target": 0.6221384000000001, "params": {"alpha": 0.006180931645947907, "colsample_bytree": 0.8916668320149455, "lam": 0.14264117909263263, "max_depth": 6.460806169458111, "min_child_weight": 5.427102155162766, "subsample": 0.8651490118503489}, "datetime": {"datetime": "2020-04-25 14:28:38", "elapsed": 3311.385612, "delta": 13.709921}}
{"target": 0.6290606, "params": {"alpha": 0.1554911580401248, "colsample_bytree": 0.8695352296220478, "lam": 0.9511071487577039, "max_depth": 7.457861952868253, "min_child_weight": 5.98698914357652, "subsample": 0.5270798611525971}, "datetime": {"datetime": "2020-04-25 14:28:51", "elapsed": 3324.843742, "delta": 13.45813}}
{"target": 0.629405, "params": {"alpha": 0.04002667477828603, "colsample_bytree": 0.8737735054896005, "lam": 0.585433422011089, "max_depth": 7.349190893437436, "min_child_weight": 6.139446274975526, "subsample": 0.8991154271615953}, "datetime": {"datetime": "2020-04-25 14:29:09", "elapsed": 3343.018808, "delta": 18.175066}}
{"target": 0.6435936000000001, "params": {"alpha": 0.4412952823926385, "colsample_bytree": 0.6514308465342896, "lam": 0.033164213855292, "max_depth": 5.84474757114081, "min_child_weight": 4.575639634539586, "subsample": 0.8533607236026292}, "datetime": {"datetime": "2020-04-25 14:29:27", "elapsed": 3360.085917, "delta": 17.067109}}
{"target": 0.6026898, "params": {"alpha": 0.9072612829130643, "colsample_bytree": 0.5115867661369099, "lam": 0.05181252513611134, "max_depth": 5.969132417413291, "min_child_weight": 4.173555665796579, "subsample": 0.5791991978774649}, "datetime": {"datetime": "2020-04-25 14:29:43", "elapsed": 3376.372445, "delta": 16.286528}}
{"target": 0.618426, "params": {"alpha": 0.06749211827294388, "colsample_bytree": 0.586742675342768, "lam": 0.27147809361352104, "max_depth": 5.666839191568745, "min_child_weight": 4.874813208329174, "subsample": 0.8766439341130905}, "datetime": {"datetime": "2020-04-25 14:29:59", "elapsed": 3392.049414, "delta": 15.676969}}
{"target": 0.6453681999999998, "params": {"alpha": 0.2878239107276872, "colsample_bytree": 0.7462117701658155, "lam": 0.002110994446665404, "max_depth": 5.3743653187326474, "min_child_weight": 4.869827007387624, "subsample": 0.8813840534246513}, "datetime": {"datetime": "2020-04-25 14:30:14", "elapsed": 3407.246845, "delta": 15.197431}}
{"target": 0.626938, "params": {"alpha": 0.005660978069895628, "colsample_bytree": 0.8391255324171946, "lam": 0.929319726192488, "max_depth": 3.720525825458602, "min_child_weight": 3.3627592894975074, "subsample": 0.6344408697214532}, "datetime": {"datetime": "2020-04-25 14:30:29", "elapsed": 3422.41337, "delta": 15.166525}}
{"target": 0.6246266, "params": {"alpha": 0.230495838586247, "colsample_bytree": 0.6330652826944814, "lam": 0.4726219506231293, "max_depth": 5.8278803293595045, "min_child_weight": 6.605919414728747, "subsample": 0.8860730119547735}, "datetime": {"datetime": "2020-04-25 14:30:45", "elapsed": 3438.469087, "delta": 16.055717}}
{"target": 0.620189, "params": {"alpha": 0.9999983043353853, "colsample_bytree": 0.8999993217341541, "lam": 0.5019604964684029, "max_depth": 9.210516216819618, "min_child_weight": 5.768923744212428, "subsample": 0.8999993916278164}, "datetime": {"datetime": "2020-04-25 14:31:03", "elapsed": 3456.970993, "delta": 18.501906}}
{"target": 0.6249652000000001, "params": {"alpha": 0.960504416624139, "colsample_bytree": 0.8260936796776177, "lam": 0.8944455952423055, "max_depth": 8.606173990576254, "min_child_weight": 6.109963390399201, "subsample": 0.5140451507626351}, "datetime": {"datetime": "2020-04-25 14:31:21", "elapsed": 3474.916357, "delta": 17.945364}}
{"target": 0.5558376, "params": {"alpha": 2.7195295339214498e-08, "colsample_bytree": 0.5000000006041058, "lam": 0.9999999999396039, "max_depth": 3.0000000030896485, "min_child_weight": 10.0, "subsample": 0.9}, "datetime": {"datetime": "2020-04-25 14:31:37", "elapsed": 3490.626709, "delta": 15.710352}}
{"target": 0.6164386000000001, "params": {"alpha": 0.0, "colsample_bytree": 0.9, "lam": 1.0, "max_depth": 7.015116403377838, "min_child_weight": 2.3955249907922425, "subsample": 0.5}, "datetime": {"datetime": "2020-04-25 14:31:52", "elapsed": 3505.294459, "delta": 14.66775}}
{"target": 0.6350423999999999, "params": {"alpha": 0.9348350740414272, "colsample_bytree": 0.8466999943988052, "lam": 0.32225318154652305, "max_depth": 7.2744681605837345, "min_child_weight": 7.429195612837694, "subsample": 0.8999888662500303}, "datetime": {"datetime": "2020-04-25 14:32:10", "elapsed": 3523.885236, "delta": 18.590777}}
{"target": 0.6357142, "params": {"alpha": 0.4663215011316819, "colsample_bytree": 0.8543580035827132, "lam": 0.0008296561886496079, "max_depth": 5.162280539769944, "min_child_weight": 4.325911955920775, "subsample": 0.8442434027054101}, "datetime": {"datetime": "2020-04-25 14:32:27", "elapsed": 3540.54491, "delta": 16.659674}}
{"target": 0.6034792, "params": {"alpha": 0.06643010623531798, "colsample_bytree": 0.583142812074394, "lam": 0.08278650921765396, "max_depth": 7.5058687270829685, "min_child_weight": 4.2498064916128, "subsample": 0.8583197409178869}, "datetime": {"datetime": "2020-04-25 14:32:45", "elapsed": 3558.124964, "delta": 17.580054}}
{"target": 0.62505, "params": {"alpha": 0.9554516589816112, "colsample_bytree": 0.7557882472595947, "lam": 0.5290550737036784, "max_depth": 9.009831368460222, "min_child_weight": 6.729531589574769, "subsample": 0.8727442655409097}, "datetime": {"datetime": "2020-04-25 14:33:07", "elapsed": 3580.338188, "delta": 22.213224}}
{"target": 0.60749, "params": {"alpha": 0.6823674515101609, "colsample_bytree": 0.507441573022817, "lam": 0.02065173357854644, "max_depth": 5.863918417811307, "min_child_weight": 5.215774891402513, "subsample": 0.8967866739492483}, "datetime": {"datetime": "2020-04-25 14:33:24", "elapsed": 3597.897552, "delta": 17.559364}}
{"target": 0.6062786, "params": {"alpha": 0.0, "colsample_bytree": 0.9, "lam": 0.7144256301231111, "max_depth": 3.000000000265813, "min_child_weight": 1.00000000328854, "subsample": 0.9}, "datetime": {"datetime": "2020-04-25 14:33:42", "elapsed": 3615.220599, "delta": 17.323047}}
{"target": 0.6265666, "params": {"alpha": 0.7981798687089603, "colsample_bytree": 0.7626520142840305, "lam": 0.8275005695302193, "max_depth": 7.970287546636084, "min_child_weight": 6.125300771298994, "subsample": 0.8972183663766113}, "datetime": {"datetime": "2020-04-25 14:33:59", "elapsed": 3632.911902, "delta": 17.691303}}
{"target": 0.6322176, "params": {"alpha": 2.432444369391022e-08, "colsample_bytree": 0.9, "lam": 0.9906052890152377, "max_depth": 7.680465424833378, "min_child_weight": 9.999999955743373, "subsample": 0.9}, "datetime": {"datetime": "2020-04-25 14:34:18", "elapsed": 3651.209321, "delta": 18.297419}}
{"target": 0.6292228, "params": {"alpha": 0.9105672732843869, "colsample_bytree": 0.7156080678277774, "lam": 0.9851918919582571, "max_depth": 7.300273730903419, "min_child_weight": 6.982748239204599, "subsample": 0.8921415931831973}, "datetime": {"datetime": "2020-04-25 14:34:36", "elapsed": 3669.687889, "delta": 18.478568}}
{"target": 0.6173776, "params": {"alpha": 0.702555381960075, "colsample_bytree": 0.8856554299036021, "lam": 0.98399916683086, "max_depth": 9.1825710485748, "min_child_weight": 6.119263961486888, "subsample": 0.7186786598835493}, "datetime": {"datetime": "2020-04-25 14:34:54", "elapsed": 3687.420066, "delta": 17.732177}}
{"target": 0.6392163999999999, "params": {"alpha": 0.4947422050309668, "colsample_bytree": 0.8860740714057465, "lam": 0.199389506961261, "max_depth": 5.716141273640084, "min_child_weight": 4.540119593180362, "subsample": 0.8700597911879522}, "datetime": {"datetime": "2020-04-25 14:35:12", "elapsed": 3706.036517, "delta": 18.616451}}
{"target": 0.6310894, "params": {"alpha": 0.044769380607296516, "colsample_bytree": 0.8959808071782774, "lam": 0.9709517610206321, "max_depth": 6.404873915457001, "min_child_weight": 2.890870744736522, "subsample": 0.8876190749415742}, "datetime": {"datetime": "2020-04-25 14:35:28", "elapsed": 3721.568837, "delta": 15.53232}}
{"target": 0.6346536, "params": {"alpha": 0.9786448641306519, "colsample_bytree": 0.8980361291663419, "lam": 0.6376115003388269, "max_depth": 8.662814327069482, "min_child_weight": 8.057251342465387, "subsample": 0.8572032915236052}, "datetime": {"datetime": "2020-04-25 14:35:46", "elapsed": 3739.56396, "delta": 17.995123}}
