{"target": 0.6428694, "params": {"alpha": 0.9253842971379533, "colsample_bytree": 0.7211881680238637, "lam": 0.7392745542234461, "max_depth": 5.827791307210216, "min_child_weight": 8.161006833974515, "subsample": 0.814459476559465}, "datetime": {"datetime": "2020-04-25 10:30:15", "elapsed": 2614.820882, "delta": 12.352685}}
{"target": 0.6341747999999999, "params": {"alpha": 0.6438347869884239, "colsample_bytree": 0.8588846533693022, "lam": 0.5627089904308361, "max_depth": 4.749160993541793, "min_child_weight": 8.280432656202002, "subsample": 0.7736654714174939}, "datetime": {"datetime": "2020-04-25 10:30:28", "elapsed": 2627.889821, "delta": 13.068939}}
{"target": 0.6382032, "params": {"alpha": 0.9400923514877562, "colsample_bytree": 0.6581225415584053, "lam": 0.9229339801829171, "max_depth": 6.565590447379753, "min_child_weight": 8.531541314978151, "subsample": 0.8901928755586939}, "datetime": {"datetime": "2020-04-25 10:30:41", "elapsed": 2640.989225, "delta": 13.099404}}
{"target": 0.6383439999999999, "params": {"alpha": 0.981236931740287, "colsample_bytree": 0.8767573419192358, "lam": 0.002906769614473226, "max_depth": 9.006053621777063, "min_child_weight": 9.923959718942656, "subsample": 0.8019266946484986}, "datetime": {"datetime": "2020-04-25 10:30:57", "elapsed": 2656.742798, "delta": 15.753573}}
{"target": 0.6421340000000001, "params": {"alpha": 0.06898318413898352, "colsample_bytree": 0.88592634706447, "lam": 0.9657263893812539, "max_depth": 7.868001392556586, "min_child_weight": 8.34570955991968, "subsample": 0.8908713067966225}, "datetime": {"datetime": "2020-04-25 10:31:13", "elapsed": 2672.489733, "delta": 15.746935}}
{"target": 0.6338535999999999, "params": {"alpha": 0.9980211395757399, "colsample_bytree": 0.8976980926937665, "lam": 0.7121685279095358, "max_depth": 5.267313011064259, "min_child_weight": 3.892341902068901, "subsample": 0.7539816745499568}, "datetime": {"datetime": "2020-04-25 10:31:26", "elapsed": 2685.770919, "delta": 13.281186}}
{"target": 0.6219466, "params": {"alpha": 0.00568201469674523, "colsample_bytree": 0.5415265542877792, "lam": 0.9572487534319755, "max_depth": 5.526780345750732, "min_child_weight": 4.906127312702097, "subsample": 0.8778857759496279}, "datetime": {"datetime": "2020-04-25 10:31:39", "elapsed": 2699.090105, "delta": 13.319186}}
{"target": 0.6373960000000001, "params": {"alpha": 0.9006310808855458, "colsample_bytree": 0.8593456366225116, "lam": 0.9931490156623731, "max_depth": 6.150485292828039, "min_child_weight": 4.186833329414464, "subsample": 0.8913195159344187}, "datetime": {"datetime": "2020-04-25 10:31:53", "elapsed": 2713.200442, "delta": 14.110337}}
{"target": 0.6381830000000001, "params": {"alpha": 0.9658437706198043, "colsample_bytree": 0.8828801907841616, "lam": 0.8761439080580008, "max_depth": 7.915040348668245, "min_child_weight": 4.6751269429765365, "subsample": 0.8829464667547551}, "datetime": {"datetime": "2020-04-25 10:32:07", "elapsed": 2726.905568, "delta": 13.705126}}
{"target": 0.6361924, "params": {"alpha": 0.8569648430961049, "colsample_bytree": 0.8606222010459108, "lam": 0.9726011516025883, "max_depth": 6.04436357200339, "min_child_weight": 8.706704633030302, "subsample": 0.7691441191311879}, "datetime": {"datetime": "2020-04-25 10:32:19", "elapsed": 2738.833748, "delta": 11.92818}}
{"target": 0.639887, "params": {"alpha": 0.9627293120103335, "colsample_bytree": 0.8449764501144695, "lam": 0.5614115271358189, "max_depth": 5.983151231851796, "min_child_weight": 8.425793779875693, "subsample": 0.780505490923894}, "datetime": {"datetime": "2020-04-25 10:32:33", "elapsed": 2753.040476, "delta": 14.206728}}
{"target": 0.6410424, "params": {"alpha": 0.9638158324870323, "colsample_bytree": 0.7279816086528278, "lam": 0.9024062349910242, "max_depth": 6.2575372743723054, "min_child_weight": 9.46023577955179, "subsample": 0.7987123988756839}, "datetime": {"datetime": "2020-04-25 10:32:46", "elapsed": 2765.508335, "delta": 12.467859}}
{"target": 0.6180711999999999, "params": {"alpha": 0.9301001293155075, "colsample_bytree": 0.8999999974012428, "lam": 0.835206820424506, "max_depth": 7.42596497294754, "min_child_weight": 1.0, "subsample": 0.9}, "datetime": {"datetime": "2020-04-25 10:33:03", "elapsed": 2782.354335, "delta": 16.846}}
{"target": 0.6315858000000001, "params": {"alpha": 0.5987048659105062, "colsample_bytree": 0.7404481029032349, "lam": 0.01832246797438808, "max_depth": 7.022405291456466, "min_child_weight": 9.104525968187763, "subsample": 0.8726595964213928}, "datetime": {"datetime": "2020-04-25 10:33:18", "elapsed": 2797.449651, "delta": 15.095316}}
{"target": 0.6432634, "params": {"alpha": 0.7527273430373214, "colsample_bytree": 0.868850317192239, "lam": 0.3052084796638519, "max_depth": 6.871443620717811, "min_child_weight": 9.975703548060293, "subsample": 0.8076336431126199}, "datetime": {"datetime": "2020-04-25 10:33:33", "elapsed": 2812.958536, "delta": 15.508885}}
{"target": 0.6412264, "params": {"alpha": 0.005749329862680397, "colsample_bytree": 0.8672702815739386, "lam": 0.025277627442398365, "max_depth": 7.507221092699299, "min_child_weight": 8.780406066490952, "subsample": 0.579159040481966}, "datetime": {"datetime": "2020-04-25 10:33:47", "elapsed": 2826.78596, "delta": 13.827424}}
{"target": 0.6006048, "params": {"alpha": 0.9999999893883668, "colsample_bytree": 0.9, "lam": 0.0, "max_depth": 3.0, "min_child_weight": 1.0000000048004551, "subsample": 0.899999997897335}, "datetime": {"datetime": "2020-04-25 10:34:01", "elapsed": 2840.539071, "delta": 13.753111}}
{"target": 0.6318628, "params": {"alpha": 0.48495884031298286, "colsample_bytree": 0.8992099083424556, "lam": 0.9086409295612042, "max_depth": 8.293817605771434, "min_child_weight": 5.507541214914865, "subsample": 0.8960511666076438}, "datetime": {"datetime": "2020-04-25 10:34:13", "elapsed": 2853.071199, "delta": 12.532128}}
{"target": 0.6248372, "params": {"alpha": 0.009641779059372468, "colsample_bytree": 0.8779287424701933, "lam": 0.44453985808520335, "max_depth": 8.277782618452573, "min_child_weight": 8.165437060577908, "subsample": 0.8488180247851385}, "datetime": {"datetime": "2020-04-25 10:34:30", "elapsed": 2869.427158, "delta": 16.355959}}
{"target": 0.6340505999999999, "params": {"alpha": 0.08960164612227683, "colsample_bytree": 0.7936786436445367, "lam": 0.9946698047988967, "max_depth": 7.298001418292461, "min_child_weight": 8.930554386736715, "subsample": 0.6700471320603978}, "datetime": {"datetime": "2020-04-25 10:34:44", "elapsed": 2883.288801, "delta": 13.861643}}
{"target": 0.6409292, "params": {"alpha": 0.9100758033092227, "colsample_bytree": 0.8910453940883054, "lam": 0.016629816604907477, "max_depth": 6.475197130542813, "min_child_weight": 7.80979169124228, "subsample": 0.8967825446977611}, "datetime": {"datetime": "2020-04-25 10:34:58", "elapsed": 2897.437362, "delta": 14.148561}}
{"target": 0.6193942, "params": {"alpha": 0.8927090180906845, "colsample_bytree": 0.8478344380804834, "lam": 0.9366646662016826, "max_depth": 9.218821461036349, "min_child_weight": 4.961548543564855, "subsample": 0.5529578995211839}, "datetime": {"datetime": "2020-04-25 10:35:13", "elapsed": 2912.653241, "delta": 15.215879}}
{"target": 0.6427113999999999, "params": {"alpha": 0.0023838437175194294, "colsample_bytree": 0.8860398459568997, "lam": 0.8470863798577577, "max_depth": 5.826290199986575, "min_child_weight": 5.624233633213367, "subsample": 0.8927037596686644}, "datetime": {"datetime": "2020-04-25 10:35:29", "elapsed": 2928.448467, "delta": 15.795226}}
{"target": 0.6135092, "params": {"alpha": 0.9860863086731416, "colsample_bytree": 0.5126496273268694, "lam": 0.906722057254844, "max_depth": 5.5182999709849785, "min_child_weight": 9.009233543085752, "subsample": 0.7821049356606076}, "datetime": {"datetime": "2020-04-25 10:35:47", "elapsed": 2946.654136, "delta": 18.205669}}
{"target": 0.6353074, "params": {"alpha": 0.019756157275556352, "colsample_bytree": 0.8886987733193994, "lam": 0.9532003829958953, "max_depth": 9.140735117477934, "min_child_weight": 7.558405290991543, "subsample": 0.8402371973209211}, "datetime": {"datetime": "2020-04-25 10:36:03", "elapsed": 2962.428986, "delta": 15.77485}}
{"target": 0.6240517999999999, "params": {"alpha": 0.8651218113580205, "colsample_bytree": 0.763402341194062, "lam": 0.9882993232109609, "max_depth": 9.902115201789707, "min_child_weight": 8.050554537879934, "subsample": 0.6730906299825643}, "datetime": {"datetime": "2020-04-25 10:36:21", "elapsed": 2980.871903, "delta": 18.442917}}
{"target": 0.6333866, "params": {"alpha": 0.10299562294421516, "colsample_bytree": 0.8543027992726626, "lam": 0.018001102439807015, "max_depth": 7.444244100917486, "min_child_weight": 8.441823432731706, "subsample": 0.8711500913816803}, "datetime": {"datetime": "2020-04-25 10:36:39", "elapsed": 2998.301752, "delta": 17.429849}}
{"target": 0.6406660000000001, "params": {"alpha": 0.672515046460126, "colsample_bytree": 0.898830003584645, "lam": 0.03652113848343319, "max_depth": 7.081302546804717, "min_child_weight": 7.888282919135958, "subsample": 0.8548991877186544}, "datetime": {"datetime": "2020-04-25 10:36:52", "elapsed": 3012.045321, "delta": 13.743569}}
{"target": 0.6203217999999999, "params": {"alpha": 0.10254426588432641, "colsample_bytree": 0.6458136711607614, "lam": 0.9550083489629777, "max_depth": 9.783099812653376, "min_child_weight": 6.894423106096276, "subsample": 0.8982998196263962}, "datetime": {"datetime": "2020-04-25 10:37:10", "elapsed": 3029.66898, "delta": 17.623659}}
{"target": 0.622207, "params": {"alpha": 0.027986045010032656, "colsample_bytree": 0.6314118830377002, "lam": 0.01883474820591502, "max_depth": 8.67525392506224, "min_child_weight": 8.02183406303259, "subsample": 0.8941832308010467}, "datetime": {"datetime": "2020-04-25 10:37:26", "elapsed": 3046.104247, "delta": 16.435267}}
{"target": 0.620054, "params": {"alpha": 0.0216869564852602, "colsample_bytree": 0.8624794668646852, "lam": 0.013340899203092227, "max_depth": 9.20828044927877, "min_child_weight": 9.285700727522858, "subsample": 0.5323080566161482}, "datetime": {"datetime": "2020-04-25 10:37:39", "elapsed": 3058.833769, "delta": 12.729522}}
{"target": 0.6104293999999999, "params": {"alpha": 0.059785269771252425, "colsample_bytree": 0.5838014385354079, "lam": 0.0060639036583564065, "max_depth": 7.335203191523518, "min_child_weight": 9.32631861439312, "subsample": 0.585681907844787}, "datetime": {"datetime": "2020-04-25 10:37:53", "elapsed": 3072.81178, "delta": 13.978011}}
{"target": 0.6227364, "params": {"alpha": 0.8380153067112249, "colsample_bytree": 0.8809989575896153, "lam": 0.9842960114503391, "max_depth": 7.934246813437021, "min_child_weight": 3.3760602658651164, "subsample": 0.8627563743699453}, "datetime": {"datetime": "2020-04-25 10:38:09", "elapsed": 3089.101789, "delta": 16.290009}}
{"target": 0.6279640000000001, "params": {"alpha": 0.004530944817884519, "colsample_bytree": 0.6683379459883333, "lam": 0.05316734030409165, "max_depth": 8.617103319198131, "min_child_weight": 3.871511869127267, "subsample": 0.8559839910542941}, "datetime": {"datetime": "2020-04-25 10:38:25", "elapsed": 3104.510913, "delta": 15.409124}}
{"target": 0.6285954, "params": {"alpha": 0.992752421019915, "colsample_bytree": 0.8085990753759134, "lam": 0.984875857921335, "max_depth": 7.64162313143234, "min_child_weight": 8.340833535374255, "subsample": 0.8939664155357616}, "datetime": {"datetime": "2020-04-25 10:38:40", "elapsed": 3119.556765, "delta": 15.045852}}
{"target": 0.6056358000000001, "params": {"alpha": 0.0, "colsample_bytree": 0.9, "lam": 0.4273332175945301, "max_depth": 3.000000015075491, "min_child_weight": 1.0000000232510557, "subsample": 0.9}, "datetime": {"datetime": "2020-04-25 10:38:53", "elapsed": 3132.492433, "delta": 12.935668}}
{"target": 0.6412384, "params": {"alpha": 0.012055859434619176, "colsample_bytree": 0.8486507343525438, "lam": 0.07229716420612176, "max_depth": 9.993343469140548, "min_child_weight": 8.407149174348152, "subsample": 0.8599245258244919}, "datetime": {"datetime": "2020-04-25 10:39:10", "elapsed": 3149.260501, "delta": 16.768068}}
{"target": 0.627618, "params": {"alpha": 0.0, "colsample_bytree": 0.8999999565009006, "lam": 1.6452326859934936e-07, "max_depth": 9.474251020627504, "min_child_weight": 5.753634054254715, "subsample": 0.8999999681437586}, "datetime": {"datetime": "2020-04-25 10:39:26", "elapsed": 3166.0651, "delta": 16.804599}}
{"target": 0.6442958, "params": {"alpha": 0.9253512891814724, "colsample_bytree": 0.8419761854062983, "lam": 0.05555299669873237, "max_depth": 6.608138327612879, "min_child_weight": 9.938195647162646, "subsample": 0.8107687123081814}, "datetime": {"datetime": "2020-04-25 10:39:42", "elapsed": 3181.71058, "delta": 15.64548}}
{"target": 0.6130318, "params": {"alpha": 0.9304104874574731, "colsample_bytree": 0.8746066916698867, "lam": 0.8088571204831053, "max_depth": 9.203477113727605, "min_child_weight": 2.0490522722384505, "subsample": 0.5092626622056917}, "datetime": {"datetime": "2020-04-25 10:39:59", "elapsed": 3198.44482, "delta": 16.73424}}
{"target": 0.6347714, "params": {"alpha": 0.9755283368585614, "colsample_bytree": 0.8082928228012372, "lam": 0.694539949448749, "max_depth": 5.643145203643582, "min_child_weight": 7.6847493343239694, "subsample": 0.833619735301518}, "datetime": {"datetime": "2020-04-25 10:40:15", "elapsed": 3214.908601, "delta": 16.463781}}
{"target": 0.6272152, "params": {"alpha": 0.01741084970728002, "colsample_bytree": 0.8984482324036014, "lam": 0.9478473173744691, "max_depth": 5.917508099074794, "min_child_weight": 3.0538481870369845, "subsample": 0.8069583031029455}, "datetime": {"datetime": "2020-04-25 10:40:31", "elapsed": 3231.11188, "delta": 16.203279}}
{"target": 0.597386, "params": {"alpha": 5.635948625604289e-09, "colsample_bytree": 0.8999999991991191, "lam": 0.0, "max_depth": 3.0046430101418213, "min_child_weight": 1.8542458593487041, "subsample": 0.504294595722784}, "datetime": {"datetime": "2020-04-25 10:40:43", "elapsed": 3242.431955, "delta": 11.320075}}
{"target": 0.6397107999999999, "params": {"alpha": 0.9672986897931862, "colsample_bytree": 0.8964340231296266, "lam": 0.18096688119039428, "max_depth": 8.703443148534165, "min_child_weight": 9.844765087574702, "subsample": 0.8892724179718137}, "datetime": {"datetime": "2020-04-25 10:40:58", "elapsed": 3258.131833, "delta": 15.699878}}
{"target": 0.6082428, "params": {"alpha": 0.0003556137995774922, "colsample_bytree": 0.8548642024223256, "lam": 0.03600884763208112, "max_depth": 8.05381970496928, "min_child_weight": 3.507639992635478, "subsample": 0.5251262863689077}, "datetime": {"datetime": "2020-04-25 10:41:12", "elapsed": 3271.261332, "delta": 13.129499}}
{"target": 0.6305198, "params": {"alpha": 0.01501001617117248, "colsample_bytree": 0.8672348793533426, "lam": 0.9841030856536724, "max_depth": 8.296433804594976, "min_child_weight": 6.846519952381437, "subsample": 0.5564587673581315}, "datetime": {"datetime": "2020-04-25 10:41:26", "elapsed": 3285.758721, "delta": 14.497389}}
{"target": 0.6094647999999999, "params": {"alpha": 0.9363240679517558, "colsample_bytree": 0.8077730932446957, "lam": 0.11665666545624542, "max_depth": 9.22890882552354, "min_child_weight": 2.5143498450905373, "subsample": 0.8813305058655592}, "datetime": {"datetime": "2020-04-25 10:41:43", "elapsed": 3302.456297, "delta": 16.697576}}
{"target": 0.614856, "params": {"alpha": 0.9999999998533222, "colsample_bytree": 0.9, "lam": 0.1510600272264137, "max_depth": 7.082199986905757, "min_child_weight": 1.0111233737426584, "subsample": 0.9}, "datetime": {"datetime": "2020-04-25 10:41:59", "elapsed": 3318.727225, "delta": 16.270928}}
{"target": 0.6411545999999999, "params": {"alpha": 0.03980452934201906, "colsample_bytree": 0.7729135137263188, "lam": 0.9847248806583851, "max_depth": 7.3464146487993105, "min_child_weight": 7.890898418169911, "subsample": 0.8466176853098668}, "datetime": {"datetime": "2020-04-25 10:42:16", "elapsed": 3336.138768, "delta": 17.411543}}
{"target": 0.636255, "params": {"alpha": 0.007953737406471872, "colsample_bytree": 0.8980573872666122, "lam": 0.9904879756429888, "max_depth": 7.533494262684753, "min_child_weight": 7.540395351277729, "subsample": 0.7139901420043246}, "datetime": {"datetime": "2020-04-25 10:42:32", "elapsed": 3351.947327, "delta": 15.808559}}
{"target": 0.6032888, "params": {"alpha": 0.990848367768476, "colsample_bytree": 0.876031312637527, "lam": 0.76204574343333, "max_depth": 9.00590549097019, "min_child_weight": 3.206302699382356, "subsample": 0.8878347676278702}, "datetime": {"datetime": "2020-04-25 10:42:48", "elapsed": 3368.017962, "delta": 16.070635}}
{"target": 0.6314618, "params": {"alpha": 0.019453638827536812, "colsample_bytree": 0.8416323738057185, "lam": 0.05827353395096535, "max_depth": 5.8124504600043005, "min_child_weight": 5.0160400052489145, "subsample": 0.8870820015366088}, "datetime": {"datetime": "2020-04-25 10:43:02", "elapsed": 3381.991035, "delta": 13.973073}}
{"target": 0.6218904000000001, "params": {"alpha": 0.03000686112607931, "colsample_bytree": 0.8527801757790507, "lam": 0.4129678809684145, "max_depth": 3.991220082001867, "min_child_weight": 7.363918018458019, "subsample": 0.5589708069890265}, "datetime": {"datetime": "2020-04-25 10:43:15", "elapsed": 3395.069893, "delta": 13.078858}}
{"target": 0.5905115999999999, "params": {"alpha": 0.0, "colsample_bytree": 0.9, "lam": 1.3481412950108315e-08, "max_depth": 7.684572138557467, "min_child_weight": 1.000000039170132, "subsample": 0.8491487339661081}, "datetime": {"datetime": "2020-04-25 10:43:29", "elapsed": 3408.992063, "delta": 13.92217}}
{"target": 0.613406, "params": {"alpha": 0.1470548901783908, "colsample_bytree": 0.6020899428831945, "lam": 0.03158756872319424, "max_depth": 7.5777483268458505, "min_child_weight": 3.888303506622951, "subsample": 0.8883881979489393}, "datetime": {"datetime": "2020-04-25 10:43:47", "elapsed": 3426.24886, "delta": 17.256797}}
{"target": 0.619721, "params": {"alpha": 0.9831607141774646, "colsample_bytree": 0.617521477156579, "lam": 0.42772969190979204, "max_depth": 6.732236493461336, "min_child_weight": 9.91192330644303, "subsample": 0.7943770624843081}, "datetime": {"datetime": "2020-04-25 10:44:02", "elapsed": 3441.986269, "delta": 15.737409}}
{"target": 0.6244662, "params": {"alpha": 1.0221422097971914e-08, "colsample_bytree": 0.9, "lam": 1.0, "max_depth": 10.0, "min_child_weight": 9.747800785100265, "subsample": 0.5000000015255521}, "datetime": {"datetime": "2020-04-25 10:44:19", "elapsed": 3458.671932, "delta": 16.685663}}
{"target": 0.6168275999999999, "params": {"alpha": 0.4558885304488627, "colsample_bytree": 0.632570910011036, "lam": 0.9875415956241107, "max_depth": 7.855890529848724, "min_child_weight": 6.5912165201739175, "subsample": 0.8837744754356991}, "datetime": {"datetime": "2020-04-25 10:44:39", "elapsed": 3478.876939, "delta": 20.205007}}
{"target": 0.6332023999999999, "params": {"alpha": 0.7575222723999006, "colsample_bytree": 0.8960482799483789, "lam": 0.21560648425022055, "max_depth": 6.1155616293288695, "min_child_weight": 7.319947169294952, "subsample": 0.7452886630754221}, "datetime": {"datetime": "2020-04-25 10:44:58", "elapsed": 3497.497826, "delta": 18.620887}}
{"target": 0.6376341999999999, "params": {"alpha": 0.8967851822938125, "colsample_bytree": 0.8976467593599404, "lam": 0.10437796808565891, "max_depth": 6.247010511641738, "min_child_weight": 9.64789240552301, "subsample": 0.8944116358744245}, "datetime": {"datetime": "2020-04-25 10:45:13", "elapsed": 3512.339877, "delta": 14.842051}}
{"target": 0.6370078, "params": {"alpha": 0.9998912974529239, "colsample_bytree": 0.8997575628995953, "lam": 0.07666978364389254, "max_depth": 9.99308609864803, "min_child_weight": 9.012908137328749, "subsample": 0.5858698012210981}, "datetime": {"datetime": "2020-04-25 10:45:31", "elapsed": 3530.703812, "delta": 18.363935}}
{"target": 0.6325270000000001, "params": {"alpha": 0.7322481627138628, "colsample_bytree": 0.6740460171277132, "lam": 0.1656355104810201, "max_depth": 6.643256676461473, "min_child_weight": 8.179216851375463, "subsample": 0.8968695077913375}, "datetime": {"datetime": "2020-04-25 10:45:48", "elapsed": 3547.314376, "delta": 16.610564}}
{"target": 0.6375179999999999, "params": {"alpha": 0.045168828579247866, "colsample_bytree": 0.8329200025575643, "lam": 0.07048824168851542, "max_depth": 8.824362122822716, "min_child_weight": 7.577685525004388, "subsample": 0.8787921517906031}, "datetime": {"datetime": "2020-04-25 10:46:06", "elapsed": 3565.438179, "delta": 18.123803}}
{"target": 0.6285446, "params": {"alpha": 0.4507647613046726, "colsample_bytree": 0.8731329378703565, "lam": 0.05105398131726002, "max_depth": 6.807841253676341, "min_child_weight": 9.861629525389269, "subsample": 0.8764305753361372}, "datetime": {"datetime": "2020-04-25 10:46:20", "elapsed": 3579.498996, "delta": 14.060817}}
{"target": 0.6292313999999999, "params": {"alpha": 0.0, "colsample_bytree": 0.8999999999999903, "lam": 0.9999999999999978, "max_depth": 3.7016120837941755, "min_child_weight": 9.999999999999995, "subsample": 0.8999999999999915}, "datetime": {"datetime": "2020-04-25 10:46:34", "elapsed": 3593.46583, "delta": 13.966834}}
{"target": 0.6419886, "params": {"alpha": 0.9860617708928676, "colsample_bytree": 0.8698498038265519, "lam": 0.05465441912303415, "max_depth": 7.395656613849419, "min_child_weight": 8.623371940238304, "subsample": 0.8593613363851014}, "datetime": {"datetime": "2020-04-25 10:46:49", "elapsed": 3608.753757, "delta": 15.287927}}
{"target": 0.6393380000000001, "params": {"alpha": 0.042545072045721, "colsample_bytree": 0.6851383436327103, "lam": 0.009822667539828411, "max_depth": 6.671806203031251, "min_child_weight": 8.849968038482274, "subsample": 0.8803022191979923}, "datetime": {"datetime": "2020-04-25 10:47:08", "elapsed": 3627.863269, "delta": 19.109512}}
