{"target": 0.6282758, "params": {"alpha": 0.9447862327219488, "colsample_bytree": 0.8973280240965671, "lam": 0.005885329986661136, "max_depth": 8.6841673345309, "min_child_weight": 9.161414480288567, "subsample": 0.5559956938685995}, "datetime": {"datetime": "2020-04-25 16:00:15", "elapsed": 8808.662394, "delta": 27.957248}}
{"target": 0.6128804000000001, "params": {"alpha": 0.3477922310542747, "colsample_bytree": 0.5891357346864645, "lam": 0.019307331880567213, "max_depth": 5.564386143644345, "min_child_weight": 4.396056169534422, "subsample": 0.8890659646385377}, "datetime": {"datetime": "2020-04-25 16:00:51", "elapsed": 8844.903027, "delta": 36.240633}}
{"target": 0.6321958, "params": {"alpha": 0.13305310524475533, "colsample_bytree": 0.7575082571129975, "lam": 0.5660166598548885, "max_depth": 7.7504258349061015, "min_child_weight": 8.970730369682489, "subsample": 0.5268433347079086}, "datetime": {"datetime": "2020-04-25 16:01:27", "elapsed": 8880.115455, "delta": 35.212428}}
{"target": 0.5989397999999999, "params": {"alpha": 0.8637921055649672, "colsample_bytree": 0.8657359460654118, "lam": 0.03518294713394632, "max_depth": 5.87663265103158, "min_child_weight": 2.707134240209728, "subsample": 0.527007396039079}, "datetime": {"datetime": "2020-04-25 16:01:58", "elapsed": 8911.552042, "delta": 31.436587}}
{"target": 0.6294468, "params": {"alpha": 0.05813482897556499, "colsample_bytree": 0.8639391311972289, "lam": 0.992599226313644, "max_depth": 3.658838204364986, "min_child_weight": 8.409217745221538, "subsample": 0.7300773151419303}, "datetime": {"datetime": "2020-04-25 16:02:40", "elapsed": 8953.18552, "delta": 41.633478}}
{"target": 0.6429234, "params": {"alpha": 0.5153907964117289, "colsample_bytree": 0.7937592354093044, "lam": 0.07126689045085677, "max_depth": 5.9604484218138785, "min_child_weight": 4.661527832638311, "subsample": 0.8417577095789956}, "datetime": {"datetime": "2020-04-25 16:03:13", "elapsed": 8986.080734, "delta": 32.895214}}
{"target": 0.593506, "params": {"alpha": 0.9714077892134295, "colsample_bytree": 0.5417367004167974, "lam": 0.10742686549460245, "max_depth": 7.532029957262965, "min_child_weight": 4.929834022951366, "subsample": 0.538447491215666}, "datetime": {"datetime": "2020-04-25 16:03:44", "elapsed": 9017.964643, "delta": 31.883909}}
{"target": 0.609805, "params": {"alpha": 0.9976730149217888, "colsample_bytree": 0.8447435755200354, "lam": 0.04329330227163264, "max_depth": 4.116194918562485, "min_child_weight": 1.0564413586275345, "subsample": 0.5443552970730197}, "datetime": {"datetime": "2020-04-25 16:04:16", "elapsed": 9049.788281, "delta": 31.823638}}
{"target": 0.5537666, "params": {"alpha": 0.9954484926182895, "colsample_bytree": 0.5028055108759559, "lam": 0.9949602884963493, "max_depth": 3.303723553465762, "min_child_weight": 7.611671786232597, "subsample": 0.5817606642846221}, "datetime": {"datetime": "2020-04-25 16:04:45", "elapsed": 9078.604778, "delta": 28.816497}}
{"target": 0.6347042, "params": {"alpha": 0.016693589030460365, "colsample_bytree": 0.7600685142807628, "lam": 0.9659659815272232, "max_depth": 9.330196742900796, "min_child_weight": 8.781487506615147, "subsample": 0.5265250603296494}, "datetime": {"datetime": "2020-04-25 16:05:13", "elapsed": 9106.947977, "delta": 28.343199}}
{"target": 0.6168472, "params": {"alpha": 0.9400141465398374, "colsample_bytree": 0.8745265436454026, "lam": 0.023697178234713068, "max_depth": 3.6676395341559926, "min_child_weight": 8.851489726881674, "subsample": 0.6510070295783158}, "datetime": {"datetime": "2020-04-25 16:05:45", "elapsed": 9138.593434, "delta": 31.645457}}
{"target": 0.6405854, "params": {"alpha": 0.018936928525937202, "colsample_bytree": 0.8854126992246181, "lam": 0.6892493132585621, "max_depth": 5.249401821703611, "min_child_weight": 9.915273642169133, "subsample": 0.6041321268601321}, "datetime": {"datetime": "2020-04-25 16:06:21", "elapsed": 9174.153831, "delta": 35.560397}}
{"target": 0.6224616000000001, "params": {"alpha": 0.0, "colsample_bytree": 0.8999999999888405, "lam": 0.03765436162633451, "max_depth": 8.996872156989014, "min_child_weight": 2.778775229397492, "subsample": 0.8999999999969277}, "datetime": {"datetime": "2020-04-25 16:06:55", "elapsed": 9208.579698, "delta": 34.425867}}
{"target": 0.6161774, "params": {"alpha": 0.21973958770256818, "colsample_bytree": 0.8581966379961976, "lam": 0.8680396217660801, "max_depth": 6.587177295221607, "min_child_weight": 6.250844219645836, "subsample": 0.508876936092042}, "datetime": {"datetime": "2020-04-25 16:07:28", "elapsed": 9241.708868, "delta": 33.12917}}
{"target": 0.6176406, "params": {"alpha": 0.13179001240370913, "colsample_bytree": 0.7371191009776565, "lam": 0.05661669088336729, "max_depth": 4.293936427776714, "min_child_weight": 9.495832150480581, "subsample": 0.6805625035704671}, "datetime": {"datetime": "2020-04-25 16:08:06", "elapsed": 9279.576301, "delta": 37.867433}}
{"target": 0.6325892000000001, "params": {"alpha": 0.013403784544387842, "colsample_bytree": 0.6972177326993069, "lam": 0.015097800455409094, "max_depth": 8.102414015254787, "min_child_weight": 7.775440787970652, "subsample": 0.8694859289303796}, "datetime": {"datetime": "2020-04-25 16:08:34", "elapsed": 9307.086707, "delta": 27.510406}}
{"target": 0.645678, "params": {"alpha": 0.0023673723488563114, "colsample_bytree": 0.8820905536587085, "lam": 0.9476160324732065, "max_depth": 9.963519081889036, "min_child_weight": 9.720112970942496, "subsample": 0.864851190009279}, "datetime": {"datetime": "2020-04-25 16:09:15", "elapsed": 9348.219111, "delta": 41.132404}}
{"target": 0.6057194, "params": {"alpha": 1.0, "colsample_bytree": 0.8996513684039429, "lam": 0.0, "max_depth": 3.0, "min_child_weight": 5.318704544060848, "subsample": 0.8975717572201649}, "datetime": {"datetime": "2020-04-25 16:09:51", "elapsed": 9384.502754, "delta": 36.283643}}
{"target": 0.6200372, "params": {"alpha": 0.06865068138563168, "colsample_bytree": 0.867785029146024, "lam": 0.9491380859894014, "max_depth": 5.196874857737601, "min_child_weight": 6.798559799066349, "subsample": 0.5404812554313486}, "datetime": {"datetime": "2020-04-25 16:10:26", "elapsed": 9419.383127, "delta": 34.880373}}
{"target": 0.635768, "params": {"alpha": 0.41637503955904587, "colsample_bytree": 0.8710600424034444, "lam": 0.9934436737555947, "max_depth": 5.761311332912419, "min_child_weight": 6.979005884098528, "subsample": 0.8630636613230867}, "datetime": {"datetime": "2020-04-25 16:11:02", "elapsed": 9455.539637, "delta": 36.15651}}
{"target": 0.6373331999999999, "params": {"alpha": 0.5714635670971471, "colsample_bytree": 0.8929661128886108, "lam": 0.08110378617129865, "max_depth": 6.443292280698087, "min_child_weight": 9.020526527180849, "subsample": 0.8909568861072428}, "datetime": {"datetime": "2020-04-25 16:11:40", "elapsed": 9493.43538, "delta": 37.895743}}
{"target": 0.6145946, "params": {"alpha": 0.10147487933858801, "colsample_bytree": 0.8981814237586947, "lam": 0.9576533481134696, "max_depth": 4.163771089114139, "min_child_weight": 5.45403920172268, "subsample": 0.6525309209964064}, "datetime": {"datetime": "2020-04-25 16:12:11", "elapsed": 9524.411819, "delta": 30.976439}}
{"target": 0.6260342, "params": {"alpha": 0.004290412483504036, "colsample_bytree": 0.8716961541402797, "lam": 0.5018382069904008, "max_depth": 9.910307749939857, "min_child_weight": 5.897866388849584, "subsample": 0.895209311003119}, "datetime": {"datetime": "2020-04-25 16:12:51", "elapsed": 9565.033035, "delta": 40.621216}}
{"target": 0.6368582, "params": {"alpha": 0.42753568851611934, "colsample_bytree": 0.863673698651386, "lam": 0.9658667817238777, "max_depth": 7.184186883311845, "min_child_weight": 5.640538913527065, "subsample": 0.856492218328185}, "datetime": {"datetime": "2020-04-25 16:13:36", "elapsed": 9610.032312, "delta": 44.999277}}
{"target": 0.6338581999999999, "params": {"alpha": 0.019149689400605796, "colsample_bytree": 0.7950090814865394, "lam": 0.05435093503707511, "max_depth": 9.205805745395285, "min_child_weight": 9.87196576235554, "subsample": 0.7574868810918951}, "datetime": {"datetime": "2020-04-25 16:14:26", "elapsed": 9659.324691, "delta": 49.292379}}
{"target": 0.5748354, "params": {"alpha": 1.0, "colsample_bytree": 0.5000000003123393, "lam": 1.0, "max_depth": 9.99999999995685, "min_child_weight": 3.92385096402347, "subsample": 0.9}, "datetime": {"datetime": "2020-04-25 16:15:12", "elapsed": 9705.119945, "delta": 45.795254}}
{"target": 0.6410972, "params": {"alpha": 0.03754748684512854, "colsample_bytree": 0.7977006036689916, "lam": 0.21913958203449457, "max_depth": 4.977865933601748, "min_child_weight": 9.991965095560978, "subsample": 0.6962018042666978}, "datetime": {"datetime": "2020-04-25 16:15:54", "elapsed": 9747.888853, "delta": 42.768908}}
{"target": 0.6110808, "params": {"alpha": 0.9784256063160783, "colsample_bytree": 0.6450675503611256, "lam": 0.0009269644742427863, "max_depth": 3.7854278663381704, "min_child_weight": 4.475454905853599, "subsample": 0.8823252068265599}, "datetime": {"datetime": "2020-04-25 16:16:44", "elapsed": 9797.787168, "delta": 49.898315}}
{"target": 0.6287126, "params": {"alpha": 0.13987936585444127, "colsample_bytree": 0.7975980075258309, "lam": 0.3552864876380982, "max_depth": 7.2179221325347, "min_child_weight": 7.388841645728533, "subsample": 0.5559164363147531}, "datetime": {"datetime": "2020-04-25 16:17:23", "elapsed": 9836.787948, "delta": 39.00078}}
{"target": 0.635943, "params": {"alpha": 0.9762790141112698, "colsample_bytree": 0.8823979293730109, "lam": 0.4979109939212478, "max_depth": 4.6483317711381105, "min_child_weight": 3.951733801574791, "subsample": 0.8493584482415604}, "datetime": {"datetime": "2020-04-25 16:18:02", "elapsed": 9875.691349, "delta": 38.903401}}
{"target": 0.6423146, "params": {"alpha": 0.39694637714098935, "colsample_bytree": 0.8644046709569037, "lam": 0.9564778298848786, "max_depth": 9.980725110860325, "min_child_weight": 7.568426304697237, "subsample": 0.7104818358656044}, "datetime": {"datetime": "2020-04-25 16:18:41", "elapsed": 9914.512059, "delta": 38.82071}}
{"target": 0.6223388, "params": {"alpha": 0.023650116246082264, "colsample_bytree": 0.877046483527474, "lam": 0.07580745296513591, "max_depth": 8.591315864139284, "min_child_weight": 4.4509034743564975, "subsample": 0.8730770989892611}, "datetime": {"datetime": "2020-04-25 16:19:21", "elapsed": 9954.903072, "delta": 40.391013}}
{"target": 0.6151244, "params": {"alpha": 0.5364949319289615, "colsample_bytree": 0.8999999999953886, "lam": 0.9999999854233295, "max_depth": 9.999999999997852, "min_child_weight": 3.0347364970854405, "subsample": 0.5369625867172779}, "datetime": {"datetime": "2020-04-25 16:20:00", "elapsed": 9993.505783, "delta": 38.602711}}
{"target": 0.6356868, "params": {"alpha": 0.8641775463208597, "colsample_bytree": 0.8915757649185163, "lam": 0.012495079742998572, "max_depth": 4.75992000956572, "min_child_weight": 7.850360743413791, "subsample": 0.8772939585711663}, "datetime": {"datetime": "2020-04-25 16:20:33", "elapsed": 10026.948902, "delta": 33.443119}}
{"target": 0.6148302000000001, "params": {"alpha": 0.9812540008764998, "colsample_bytree": 0.8631850683654863, "lam": 0.5566472889197505, "max_depth": 7.66132289918319, "min_child_weight": 3.6322005189827595, "subsample": 0.5469016938532293}, "datetime": {"datetime": "2020-04-25 16:21:10", "elapsed": 10063.956724, "delta": 37.007822}}
{"target": 0.641807, "params": {"alpha": 0.9502392375784375, "colsample_bytree": 0.8878989848864, "lam": 0.39444052726262224, "max_depth": 5.541925160201506, "min_child_weight": 7.855276310492214, "subsample": 0.899796860267502}, "datetime": {"datetime": "2020-04-25 16:21:47", "elapsed": 10100.486097, "delta": 36.529373}}
{"target": 0.6300321999999999, "params": {"alpha": 0.5283913787710962, "colsample_bytree": 0.898566552291934, "lam": 0.9696341258486408, "max_depth": 3.826504380415809, "min_child_weight": 2.001889003525458, "subsample": 0.8999589789765053}, "datetime": {"datetime": "2020-04-25 16:22:32", "elapsed": 10145.767453, "delta": 45.281356}}
{"target": 0.5953352, "params": {"alpha": 0.999999999185793, "colsample_bytree": 0.9, "lam": 0.8328251767118803, "max_depth": 3.0, "min_child_weight": 2.9815000092805044, "subsample": 0.5}, "datetime": {"datetime": "2020-04-25 16:23:08", "elapsed": 10181.68566, "delta": 35.918207}}
{"target": 0.6360644, "params": {"alpha": 0.8820848731699873, "colsample_bytree": 0.8863330700952989, "lam": 0.7894871960856383, "max_depth": 6.584532623593872, "min_child_weight": 6.632661021541699, "subsample": 0.8837923550263413}, "datetime": {"datetime": "2020-04-25 16:23:44", "elapsed": 10217.83007, "delta": 36.14441}}
{"target": 0.6272749999999999, "params": {"alpha": 0.6146374093398832, "colsample_bytree": 0.844617550258278, "lam": 0.7065414109116112, "max_depth": 7.039471936994785, "min_child_weight": 2.516960019137615, "subsample": 0.8780874021566836}, "datetime": {"datetime": "2020-04-25 16:24:16", "elapsed": 10249.486061, "delta": 31.655991}}
{"target": 0.6397546000000001, "params": {"alpha": 0.9398190157414503, "colsample_bytree": 0.6762946990585523, "lam": 0.07869484835647678, "max_depth": 8.05938109403463, "min_child_weight": 9.878427454735231, "subsample": 0.8779604908116532}, "datetime": {"datetime": "2020-04-25 16:24:53", "elapsed": 10286.944406, "delta": 37.458345}}
{"target": 0.6285242, "params": {"alpha": 0.963372976493235, "colsample_bytree": 0.7937293373224683, "lam": 0.13265289032973682, "max_depth": 8.332174018805942, "min_child_weight": 9.916587698256636, "subsample": 0.5614777583979803}, "datetime": {"datetime": "2020-04-25 16:25:30", "elapsed": 10323.265704, "delta": 36.321298}}
{"target": 0.6292096, "params": {"alpha": 0.9671409471370486, "colsample_bytree": 0.7949965983278, "lam": 0.8597951184568696, "max_depth": 7.544074298432032, "min_child_weight": 7.401407361039447, "subsample": 0.8803553812600691}, "datetime": {"datetime": "2020-04-25 16:26:04", "elapsed": 10357.083147, "delta": 33.817443}}
{"target": 0.6356872000000001, "params": {"alpha": 0.03470395857989683, "colsample_bytree": 0.83337435068691, "lam": 0.9990040757610013, "max_depth": 6.5353782956202355, "min_child_weight": 9.97699334622867, "subsample": 0.8998928717577255}, "datetime": {"datetime": "2020-04-25 16:26:35", "elapsed": 10388.851821, "delta": 31.768674}}
{"target": 0.6223101999999999, "params": {"alpha": 0.9644183877214316, "colsample_bytree": 0.8848195434086268, "lam": 0.9715010004504372, "max_depth": 3.689638430930425, "min_child_weight": 6.642765193461221, "subsample": 0.6679155296853019}, "datetime": {"datetime": "2020-04-25 16:27:10", "elapsed": 10423.568201, "delta": 34.71638}}
{"target": 0.6262046, "params": {"alpha": 0.9447994059386994, "colsample_bytree": 0.869833487971473, "lam": 0.04013536616513458, "max_depth": 4.679928489693438, "min_child_weight": 4.1144527033493965, "subsample": 0.8900723426903456}, "datetime": {"datetime": "2020-04-25 16:27:43", "elapsed": 10456.579398, "delta": 33.011197}}
{"target": 0.6291542, "params": {"alpha": 0.9431907539444022, "colsample_bytree": 0.7250269682557249, "lam": 0.5422335186213321, "max_depth": 7.7951956838704515, "min_child_weight": 6.581529685604162, "subsample": 0.5040606344430618}, "datetime": {"datetime": "2020-04-25 16:28:18", "elapsed": 10491.980323, "delta": 35.400925}}
{"target": 0.632346, "params": {"alpha": 0.11404861289427415, "colsample_bytree": 0.8957308298605355, "lam": 0.04892301435468149, "max_depth": 3.957517892351239, "min_child_weight": 3.892330681685668, "subsample": 0.635395722509462}, "datetime": {"datetime": "2020-04-25 16:28:49", "elapsed": 10522.374748, "delta": 30.394425}}
{"target": 0.6284259999999999, "params": {"alpha": 0.99679975863942, "colsample_bytree": 0.8463866135628311, "lam": 0.013747275144087356, "max_depth": 4.3735904212097605, "min_child_weight": 4.848623286958933, "subsample": 0.5064298609418091}, "datetime": {"datetime": "2020-04-25 16:29:18", "elapsed": 10551.684438, "delta": 29.30969}}
{"target": 0.6374166, "params": {"alpha": 0.9999850697216691, "colsample_bytree": 0.8989628058457079, "lam": 1.7212456093136189e-07, "max_depth": 8.106356135937778, "min_child_weight": 9.361407209477667, "subsample": 0.8983904818886788}, "datetime": {"datetime": "2020-04-25 16:29:54", "elapsed": 10587.776258, "delta": 36.09182}}
{"target": 0.636262, "params": {"alpha": 0.2585967301105556, "colsample_bytree": 0.6476453309384171, "lam": 0.0203842970527065, "max_depth": 6.456658399941721, "min_child_weight": 4.8018435301126825, "subsample": 0.8945243212142411}, "datetime": {"datetime": "2020-04-25 16:30:49", "elapsed": 10642.072727, "delta": 54.296469}}
{"target": 0.6314596, "params": {"alpha": 0.12411944705771638, "colsample_bytree": 0.8860951636625533, "lam": 0.013777290452827051, "max_depth": 4.697254377951861, "min_child_weight": 4.494643707885888, "subsample": 0.8594977095250632}, "datetime": {"datetime": "2020-04-25 16:31:26", "elapsed": 10680.01041, "delta": 37.937683}}
{"target": 0.634734, "params": {"alpha": 0.00208605408276219, "colsample_bytree": 0.8327988430957036, "lam": 0.05999675795555748, "max_depth": 6.43311426739777, "min_child_weight": 6.614928185358941, "subsample": 0.8755366427543961}, "datetime": {"datetime": "2020-04-25 16:32:06", "elapsed": 10719.130402, "delta": 39.119992}}
{"target": 0.6284252, "params": {"alpha": 5.86326683689798e-10, "colsample_bytree": 0.9, "lam": 0.9999999990801371, "max_depth": 3.8106313538662087, "min_child_weight": 3.8637921017403047, "subsample": 0.9}, "datetime": {"datetime": "2020-04-25 16:32:51", "elapsed": 10764.746046, "delta": 45.615644}}
{"target": 0.5824886, "params": {"alpha": 0.06986178959739742, "colsample_bytree": 0.8838163445606875, "lam": 0.5414364205350786, "max_depth": 9.957409248570874, "min_child_weight": 1.0094219208426207, "subsample": 0.8724367587380442}, "datetime": {"datetime": "2020-04-25 16:33:26", "elapsed": 10799.403369, "delta": 34.657323}}
{"target": 0.6380163999999999, "params": {"alpha": 0.9810545291055888, "colsample_bytree": 0.836404668142402, "lam": 0.9278487604677055, "max_depth": 5.677220444340996, "min_child_weight": 5.852388026245058, "subsample": 0.8622085296269464}, "datetime": {"datetime": "2020-04-25 16:34:02", "elapsed": 10835.74156, "delta": 36.338191}}
{"target": 0.6145626, "params": {"alpha": 0.9810522755099849, "colsample_bytree": 0.8999095647651181, "lam": 0.5521348390688214, "max_depth": 5.086009099801576, "min_child_weight": 3.789292937337414, "subsample": 0.527078641704182}, "datetime": {"datetime": "2020-04-25 16:34:37", "elapsed": 10870.992449, "delta": 35.250889}}
{"target": 0.6167652, "params": {"alpha": 0.7041900858382316, "colsample_bytree": 0.8973858012938991, "lam": 0.1764110872018001, "max_depth": 4.123353802422186, "min_child_weight": 4.307457915440571, "subsample": 0.5622099106999429}, "datetime": {"datetime": "2020-04-25 16:35:12", "elapsed": 10905.732256, "delta": 34.739807}}
{"target": 0.6279168, "params": {"alpha": 0.9938064506174373, "colsample_bytree": 0.633226616820981, "lam": 0.9853165372648154, "max_depth": 4.742261677089717, "min_child_weight": 3.9272069949871637, "subsample": 0.8950286642508045}, "datetime": {"datetime": "2020-04-25 16:35:57", "elapsed": 10950.473121, "delta": 44.740865}}
{"target": 0.6362973999999999, "params": {"alpha": 0.011132934326864574, "colsample_bytree": 0.6675151422354523, "lam": 0.8696358556022916, "max_depth": 9.981514538838221, "min_child_weight": 9.282864302055756, "subsample": 0.8948925618348054}, "datetime": {"datetime": "2020-04-25 16:36:34", "elapsed": 10987.818674, "delta": 37.345553}}
{"target": 0.6175216, "params": {"alpha": 0.0284650516193079, "colsample_bytree": 0.8632337904601617, "lam": 0.43207840957474986, "max_depth": 9.246471953842338, "min_child_weight": 3.7808166303507416, "subsample": 0.8816714759369833}, "datetime": {"datetime": "2020-04-25 16:37:07", "elapsed": 11021.013482, "delta": 33.194808}}
{"target": 0.6286558, "params": {"alpha": 0.36687460416844364, "colsample_bytree": 0.8890247806017486, "lam": 0.02610481314441082, "max_depth": 3.6438383017309506, "min_child_weight": 6.711199973462734, "subsample": 0.8230506663151103}, "datetime": {"datetime": "2020-04-25 16:37:45", "elapsed": 11059.02022, "delta": 38.006738}}
{"target": 0.6448182, "params": {"alpha": 0.016650168652227904, "colsample_bytree": 0.8922017536452873, "lam": 0.013776601597747962, "max_depth": 7.005042274161204, "min_child_weight": 7.6542318333293355, "subsample": 0.5681067017846341}, "datetime": {"datetime": "2020-04-25 16:38:11", "elapsed": 11084.842576, "delta": 25.822356}}
{"target": 0.6374582, "params": {"alpha": 0.5426162892487812, "colsample_bytree": 0.8457297213087572, "lam": 0.9324255130630921, "max_depth": 6.010901961958844, "min_child_weight": 1.6226446292126626, "subsample": 0.8922083502993579}, "datetime": {"datetime": "2020-04-25 16:38:58", "elapsed": 11131.606336, "delta": 46.76376}}
{"target": 0.6081934, "params": {"alpha": 0.7280667206546719, "colsample_bytree": 0.5189140203932467, "lam": 0.967102519125159, "max_depth": 6.394623841357248, "min_child_weight": 1.7669183615671809, "subsample": 0.8393221441313555}, "datetime": {"datetime": "2020-04-25 16:39:46", "elapsed": 11179.081744, "delta": 47.475408}}
{"target": 0.6340304000000001, "params": {"alpha": 0.5807744279918817, "colsample_bytree": 0.8217626198496361, "lam": 0.013990861064578142, "max_depth": 9.91484137779404, "min_child_weight": 7.127891808644243, "subsample": 0.8936566260138048}, "datetime": {"datetime": "2020-04-25 16:40:37", "elapsed": 11230.97504, "delta": 51.893296}}
{"target": 0.6058185999999999, "params": {"alpha": 0.18817754041929435, "colsample_bytree": 0.8917819995173646, "lam": 0.7381290396088199, "max_depth": 6.542662628484757, "min_child_weight": 2.0320254916592146, "subsample": 0.8594881530975118}, "datetime": {"datetime": "2020-04-25 16:41:13", "elapsed": 11266.334604, "delta": 35.359564}}
