{"target": 0.5536738, "params": {"alpha": 1.4897919880780605e-08, "colsample_bytree": 0.5, "lam": 1.0, "max_depth": 3.0000000203862793, "min_child_weight": 1.0000000151791737, "subsample": 0.9}, "datetime": {"datetime": "2020-04-24 22:26:34", "elapsed": 462.72226, "delta": 4.024113}}
{"target": 0.6349626, "params": {"alpha": 0.041409403617204354, "colsample_bytree": 0.731249817606755, "lam": 0.8975283180415856, "max_depth": 9.01586434877347, "min_child_weight": 9.034995646705305, "subsample": 0.8807751532184132}, "datetime": {"datetime": "2020-04-24 22:26:38", "elapsed": 466.682627, "delta": 3.960367}}
{"target": 0.6209575999999999, "params": {"alpha": 0.15683877654668388, "colsample_bytree": 0.5233929313416625, "lam": 0.9742570094392211, "max_depth": 7.701240053352025, "min_child_weight": 8.508941936004192, "subsample": 0.7947124816140922}, "datetime": {"datetime": "2020-04-24 22:26:42", "elapsed": 470.328428, "delta": 3.645801}}
{"target": 0.6181206, "params": {"alpha": 3.88190430573997e-09, "colsample_bytree": 0.9, "lam": 1.0, "max_depth": 8.041448696433985, "min_child_weight": 3.307766018906294, "subsample": 0.8999999992244205}, "datetime": {"datetime": "2020-04-24 22:26:45", "elapsed": 473.901933, "delta": 3.573505}}
{"target": 0.5919628, "params": {"alpha": 0.27170428958986004, "colsample_bytree": 0.5081984900206148, "lam": 0.9963981724136722, "max_depth": 8.596780367795791, "min_child_weight": 9.487758084280712, "subsample": 0.8890631711205172}, "datetime": {"datetime": "2020-04-24 22:26:49", "elapsed": 477.546414, "delta": 3.644481}}
{"target": 0.6020053999999999, "params": {"alpha": 0.19123994528824706, "colsample_bytree": 0.842045431750791, "lam": 0.04047133518654045, "max_depth": 7.0115002662886665, "min_child_weight": 2.3016759724076428, "subsample": 0.8929317650574703}, "datetime": {"datetime": "2020-04-24 22:26:52", "elapsed": 480.6939, "delta": 3.147486}}
{"target": 0.5925884000000001, "params": {"alpha": 0.014175327086580536, "colsample_bytree": 0.8678500513025009, "lam": 0.6843416722604507, "max_depth": 3.0147375407251764, "min_child_weight": 2.602011092799181, "subsample": 0.5793858496715472}, "datetime": {"datetime": "2020-04-24 22:26:56", "elapsed": 484.89156, "delta": 4.19766}}
{"target": 0.6047306000000001, "params": {"alpha": 0.056229108224633784, "colsample_bytree": 0.8380235439308945, "lam": 0.941107224466917, "max_depth": 9.593514921099604, "min_child_weight": 3.3275669802375463, "subsample": 0.8821875387381148}, "datetime": {"datetime": "2020-04-24 22:27:00", "elapsed": 488.873893, "delta": 3.982333}}
{"target": 0.6015204, "params": {"alpha": 0.22566733137957518, "colsample_bytree": 0.6009287909708623, "lam": 0.024211988988397493, "max_depth": 9.98464529662173, "min_child_weight": 5.739203899669982, "subsample": 0.8902112366533892}, "datetime": {"datetime": "2020-04-24 22:27:04", "elapsed": 492.826935, "delta": 3.953042}}
{"target": 0.639166, "params": {"alpha": 0.9582611533599924, "colsample_bytree": 0.8855430947235718, "lam": 0.9107487973153054, "max_depth": 7.6739011260419066, "min_child_weight": 9.963988679994914, "subsample": 0.8898149155521733}, "datetime": {"datetime": "2020-04-24 22:27:08", "elapsed": 496.246844, "delta": 3.419909}}
{"target": 0.6281402, "params": {"alpha": 0.020779578374827357, "colsample_bytree": 0.8948300277653627, "lam": 0.22827205390032124, "max_depth": 3.6540858128913953, "min_child_weight": 8.271342740706682, "subsample": 0.8675736403602394}, "datetime": {"datetime": "2020-04-24 22:27:11", "elapsed": 499.49897, "delta": 3.252126}}
{"target": 0.6197112, "params": {"alpha": 0.9999999999578374, "colsample_bytree": 0.8999999999850318, "lam": 0.9999999661370105, "max_depth": 6.9329093668810575, "min_child_weight": 5.519592004429573, "subsample": 0.8999999999926154}, "datetime": {"datetime": "2020-04-24 22:27:15", "elapsed": 503.194184, "delta": 3.695214}}
{"target": 0.6316408000000001, "params": {"alpha": 0.02136695339201089, "colsample_bytree": 0.8978123622478715, "lam": 0.0853010354718603, "max_depth": 8.360639379087392, "min_child_weight": 5.622860282012041, "subsample": 0.8688153089556623}, "datetime": {"datetime": "2020-04-24 22:27:19", "elapsed": 507.189141, "delta": 3.994957}}
{"target": 0.6270246, "params": {"alpha": 0.6545582566789432, "colsample_bytree": 0.8946956732465913, "lam": 0.9710077955273078, "max_depth": 8.581049998174095, "min_child_weight": 4.367653553921161, "subsample": 0.8840918342059148}, "datetime": {"datetime": "2020-04-24 22:27:22", "elapsed": 511.008045, "delta": 3.818904}}
{"target": 0.5893586, "params": {"alpha": 0.68557095778697, "colsample_bytree": 0.5068790334257558, "lam": 0.07809092434418174, "max_depth": 4.105582086929804, "min_child_weight": 6.5175076716283264, "subsample": 0.6005387003499831}, "datetime": {"datetime": "2020-04-24 22:27:26", "elapsed": 514.470922, "delta": 3.462877}}
{"target": 0.6358371999999999, "params": {"alpha": 0.4795010752870287, "colsample_bytree": 0.883802977804964, "lam": 0.9872520019867841, "max_depth": 4.751918476739169, "min_child_weight": 5.114444751300615, "subsample": 0.7700248139987722}, "datetime": {"datetime": "2020-04-24 22:27:30", "elapsed": 518.578847, "delta": 4.107925}}
{"target": 0.5134369999999999, "params": {"alpha": 0.9535823201187145, "colsample_bytree": 0.5252038585285492, "lam": 0.025278108436781577, "max_depth": 9.966325320399237, "min_child_weight": 1.0345919059538664, "subsample": 0.5710633295503675}, "datetime": {"datetime": "2020-04-24 22:27:34", "elapsed": 523.086339, "delta": 4.507492}}
{"target": 0.652525, "params": {"alpha": 0.041051747487442114, "colsample_bytree": 0.8661383030244598, "lam": 0.5298895515544376, "max_depth": 9.025170173695635, "min_child_weight": 8.978324345091508, "subsample": 0.8898332175066582}, "datetime": {"datetime": "2020-04-24 22:27:39", "elapsed": 527.232881, "delta": 4.146542}}
{"target": 0.6118932, "params": {"alpha": 0.3345621939154266, "colsample_bytree": 0.8977999607417765, "lam": 2.723527449556439e-13, "max_depth": 5.006340898836358, "min_child_weight": 2.272214046084136, "subsample": 0.501516394299162}, "datetime": {"datetime": "2020-04-24 22:27:43", "elapsed": 531.467576, "delta": 4.234695}}
{"target": 0.6337075999999999, "params": {"alpha": 0.9529844804125823, "colsample_bytree": 0.8843715210747787, "lam": 0.9814121423609998, "max_depth": 6.883312485316445, "min_child_weight": 8.657865061740662, "subsample": 0.7699015729150889}, "datetime": {"datetime": "2020-04-24 22:27:47", "elapsed": 535.61723, "delta": 4.149654}}
{"target": 0.6280424, "params": {"alpha": 0.0, "colsample_bytree": 0.9, "lam": 0.940302004130487, "max_depth": 4.369714034077283, "min_child_weight": 2.3403438298446533, "subsample": 0.9}, "datetime": {"datetime": "2020-04-24 22:27:51", "elapsed": 539.320807, "delta": 3.703577}}
{"target": 0.6307886, "params": {"alpha": 0.9372645936765875, "colsample_bytree": 0.8961292613775431, "lam": 0.991683202277582, "max_depth": 4.32030807359177, "min_child_weight": 4.246469657755136, "subsample": 0.5683635363813893}, "datetime": {"datetime": "2020-04-24 22:27:55", "elapsed": 543.844762, "delta": 4.523955}}
{"target": 0.6233122, "params": {"alpha": 0.15224577987395183, "colsample_bytree": 0.8815452829654284, "lam": 0.035503883616228804, "max_depth": 9.191759117253863, "min_child_weight": 3.883705119229592, "subsample": 0.8913773479749065}, "datetime": {"datetime": "2020-04-24 22:28:00", "elapsed": 548.438799, "delta": 4.594037}}
{"target": 0.6303581999999999, "params": {"alpha": 0.9702631768543473, "colsample_bytree": 0.8790011505464104, "lam": 0.36186486722733935, "max_depth": 9.980353690237896, "min_child_weight": 6.890881517289699, "subsample": 0.8390310221823165}, "datetime": {"datetime": "2020-04-24 22:28:05", "elapsed": 553.792535, "delta": 5.353736}}
{"target": 0.6198950000000001, "params": {"alpha": 0.0016468894866127348, "colsample_bytree": 0.8389454564072134, "lam": 0.9930948204542415, "max_depth": 8.490301633842689, "min_child_weight": 7.027809819771574, "subsample": 0.6234522728443201}, "datetime": {"datetime": "2020-04-24 22:28:08", "elapsed": 557.097218, "delta": 3.304683}}
{"target": 0.6425346, "params": {"alpha": 0.9999999966544802, "colsample_bytree": 0.8999999944600515, "lam": 0.0, "max_depth": 8.029513666262972, "min_child_weight": 4.780322695698648, "subsample": 0.8999999970486572}, "datetime": {"datetime": "2020-04-24 22:28:12", "elapsed": 560.642623, "delta": 3.545405}}
{"target": 0.6265362, "params": {"alpha": 0.6554873286012186, "colsample_bytree": 0.6314652427978051, "lam": 0.1615619838953517, "max_depth": 6.531963350465891, "min_child_weight": 9.991938312294552, "subsample": 0.8852772830508258}, "datetime": {"datetime": "2020-04-24 22:28:16", "elapsed": 564.745705, "delta": 4.103082}}
{"target": 0.6197888, "params": {"alpha": 0.9818034325884492, "colsample_bytree": 0.8953825216725214, "lam": 0.8016150286182647, "max_depth": 9.242141150452559, "min_child_weight": 9.961033206798799, "subsample": 0.5178878582981399}, "datetime": {"datetime": "2020-04-24 22:28:20", "elapsed": 568.710845, "delta": 3.96514}}
{"target": 0.6397104, "params": {"alpha": 0.011799356905964675, "colsample_bytree": 0.876062492250002, "lam": 0.9591943846056791, "max_depth": 8.070597532051611, "min_child_weight": 8.989486993543943, "subsample": 0.7928381048172922}, "datetime": {"datetime": "2020-04-24 22:28:24", "elapsed": 572.672638, "delta": 3.961793}}
{"target": 0.6327772, "params": {"alpha": 0.9999999999998939, "colsample_bytree": 0.8999999999999576, "lam": 0.9999999999999039, "max_depth": 9.999999999999837, "min_child_weight": 8.849454990489594, "subsample": 0.5309098121943858}, "datetime": {"datetime": "2020-04-24 22:28:27", "elapsed": 576.098827, "delta": 3.426189}}
{"target": 0.6303813999999999, "params": {"alpha": 1.0, "colsample_bytree": 0.9, "lam": 1.0, "max_depth": 4.967278862193154, "min_child_weight": 1.994553660768895, "subsample": 0.8999999997588936}, "datetime": {"datetime": "2020-04-24 22:28:31", "elapsed": 579.973917, "delta": 3.87509}}
{"target": 0.626212, "params": {"alpha": 0.5368260016418865, "colsample_bytree": 0.8929972021704037, "lam": 0.7715815884687401, "max_depth": 4.056828431464552, "min_child_weight": 7.780318431025155, "subsample": 0.7958338759192851}, "datetime": {"datetime": "2020-04-24 22:28:36", "elapsed": 584.402193, "delta": 4.428276}}
{"target": 0.6328392, "params": {"alpha": 0.07887294131463063, "colsample_bytree": 0.6366245456781688, "lam": 0.9795825410222775, "max_depth": 7.312046974086835, "min_child_weight": 9.962522766682163, "subsample": 0.8158142228197803}, "datetime": {"datetime": "2020-04-24 22:28:40", "elapsed": 588.515817, "delta": 4.113624}}
{"target": 0.6034666, "params": {"alpha": 0.09215645456000232, "colsample_bytree": 0.8996446822694685, "lam": 0.9745213708725019, "max_depth": 3.20146233751014, "min_child_weight": 6.128110553286157, "subsample": 0.8578952871779568}, "datetime": {"datetime": "2020-04-24 22:28:44", "elapsed": 592.487718, "delta": 3.971901}}
{"target": 0.63117, "params": {"alpha": 0.045715007161724164, "colsample_bytree": 0.6390512167072332, "lam": 0.03485230599030942, "max_depth": 7.537777558109077, "min_child_weight": 7.802550230336765, "subsample": 0.8895153111049952}, "datetime": {"datetime": "2020-04-24 22:28:48", "elapsed": 596.617195, "delta": 4.129477}}
{"target": 0.6068502, "params": {"alpha": 0.07535437082758545, "colsample_bytree": 0.8180984499933415, "lam": 0.005119241727999935, "max_depth": 3.153198703097511, "min_child_weight": 4.697484469771915, "subsample": 0.875769129888631}, "datetime": {"datetime": "2020-04-24 22:28:52", "elapsed": 600.587272, "delta": 3.970077}}
{"target": 0.6313104, "params": {"alpha": 0.33324861437453757, "colsample_bytree": 0.8757705203332482, "lam": 0.9936438129377752, "max_depth": 5.313862058725303, "min_child_weight": 6.223669170091416, "subsample": 0.8144894662872948}, "datetime": {"datetime": "2020-04-24 22:28:58", "elapsed": 606.131902, "delta": 5.54463}}
{"target": 0.6390632, "params": {"alpha": 0.9613263003881451, "colsample_bytree": 0.8980904262139775, "lam": 0.23558358112123157, "max_depth": 9.189420797724127, "min_child_weight": 9.541720588395654, "subsample": 0.8560290161149043}, "datetime": {"datetime": "2020-04-24 22:29:02", "elapsed": 610.457366, "delta": 4.325464}}
{"target": 0.6064472000000001, "params": {"alpha": 0.009459160399791555, "colsample_bytree": 0.7659673846493429, "lam": 0.9593436657497211, "max_depth": 9.817360632778563, "min_child_weight": 1.0453778604180899, "subsample": 0.5368712460382468}, "datetime": {"datetime": "2020-04-24 22:29:07", "elapsed": 616.058651, "delta": 5.601285}}
{"target": 0.6324902, "params": {"alpha": 0.028813716894063313, "colsample_bytree": 0.8934598941065349, "lam": 0.1297703873487991, "max_depth": 8.852134340125131, "min_child_weight": 9.25997819564978, "subsample": 0.8941971097904159}, "datetime": {"datetime": "2020-04-24 22:29:12", "elapsed": 621.029874, "delta": 4.971223}}
{"target": 0.62165, "params": {"alpha": 0.03464145265061369, "colsample_bytree": 0.8974099744819243, "lam": 0.013886386486402724, "max_depth": 9.603762307718991, "min_child_weight": 7.9246825782296515, "subsample": 0.6752113055150812}, "datetime": {"datetime": "2020-04-24 22:29:17", "elapsed": 625.366194, "delta": 4.33632}}
{"target": 0.6369844, "params": {"alpha": 0.5241499954795664, "colsample_bytree": 0.8959843385858035, "lam": 0.9118662770634439, "max_depth": 8.470970769988973, "min_child_weight": 8.020775747003647, "subsample": 0.8765499297022312}, "datetime": {"datetime": "2020-04-24 22:29:22", "elapsed": 630.258232, "delta": 4.892038}}
{"target": 0.6166046000000001, "params": {"alpha": 0.03465950763654191, "colsample_bytree": 0.5654368414485813, "lam": 0.002991180928425652, "max_depth": 4.916537167310254, "min_child_weight": 4.211132899529416, "subsample": 0.8777970665514793}, "datetime": {"datetime": "2020-04-24 22:29:26", "elapsed": 634.926439, "delta": 4.668207}}
{"target": 0.6335620000000001, "params": {"alpha": 0.08327451932404539, "colsample_bytree": 0.8102994507806256, "lam": 0.40042311157031285, "max_depth": 9.0420184628404, "min_child_weight": 9.944535429217499, "subsample": 0.5780322428612344}, "datetime": {"datetime": "2020-04-24 22:29:30", "elapsed": 639.114897, "delta": 4.188458}}
{"target": 0.5723122, "params": {"alpha": 0.9870648648786031, "colsample_bytree": 0.5115456740298976, "lam": 0.26319028883505935, "max_depth": 3.4461063242334475, "min_child_weight": 9.911000135584889, "subsample": 0.8944332637592449}, "datetime": {"datetime": "2020-04-24 22:29:34", "elapsed": 642.328705, "delta": 3.213808}}
{"target": 0.6358547999999999, "params": {"alpha": 0.9528422965205153, "colsample_bytree": 0.8837587918038934, "lam": 0.004850033183329883, "max_depth": 6.652855805331184, "min_child_weight": 5.262464206345668, "subsample": 0.8696862947979616}, "datetime": {"datetime": "2020-04-24 22:29:38", "elapsed": 646.653764, "delta": 4.325059}}
{"target": 0.6380667999999999, "params": {"alpha": 1.0, "colsample_bytree": 0.8999999594355778, "lam": 1.0, "max_depth": 5.505903816985752, "min_child_weight": 10.0, "subsample": 0.8999999309723398}, "datetime": {"datetime": "2020-04-24 22:29:42", "elapsed": 650.72067, "delta": 4.066906}}
{"target": 0.6174785999999999, "params": {"alpha": 1.2219050825268443e-08, "colsample_bytree": 0.9, "lam": 8.029598107681289e-11, "max_depth": 4.660367671212741, "min_child_weight": 10.0, "subsample": 0.5}, "datetime": {"datetime": "2020-04-24 22:29:47", "elapsed": 656.088195, "delta": 5.367525}}
{"target": 0.6264702, "params": {"alpha": 0.749940826975743, "colsample_bytree": 0.8798094428185046, "lam": 0.7490687480116788, "max_depth": 4.983231890906469, "min_child_weight": 1.0214117190150467, "subsample": 0.896137969295929}, "datetime": {"datetime": "2020-04-24 22:29:53", "elapsed": 661.432319, "delta": 5.344124}}
{"target": 0.6140956, "params": {"alpha": 0.0, "colsample_bytree": 0.9, "lam": 0.0, "max_depth": 3.9383780446814307, "min_child_weight": 3.6471381395459566, "subsample": 0.5}, "datetime": {"datetime": "2020-04-24 22:29:57", "elapsed": 665.41792, "delta": 3.985601}}
{"target": 0.6203516, "params": {"alpha": 0.0021895236828526343, "colsample_bytree": 0.8203554065915799, "lam": 0.8738690601323773, "max_depth": 6.243813692424721, "min_child_weight": 2.6177963086248184, "subsample": 0.6200217758060237}, "datetime": {"datetime": "2020-04-24 22:30:02", "elapsed": 670.579072, "delta": 5.161152}}
{"target": 0.6316537999999999, "params": {"alpha": 0.38145393314533504, "colsample_bytree": 0.8942685363135131, "lam": 0.5270129280587597, "max_depth": 9.664082505782496, "min_child_weight": 8.429341356974906, "subsample": 0.8343941771590465}, "datetime": {"datetime": "2020-04-24 22:30:08", "elapsed": 676.486802, "delta": 5.90773}}
{"target": 0.5708654, "params": {"alpha": 0.0785512743900448, "colsample_bytree": 0.9, "lam": 0.058423220877499175, "max_depth": 8.703262206850006, "min_child_weight": 1.0, "subsample": 0.5}, "datetime": {"datetime": "2020-04-24 22:30:13", "elapsed": 681.886381, "delta": 5.399579}}
{"target": 0.6340006, "params": {"alpha": 0.03201652790444365, "colsample_bytree": 0.8768311709033135, "lam": 0.614038450667467, "max_depth": 9.073303458598378, "min_child_weight": 9.730714567462043, "subsample": 0.8880008943198509}, "datetime": {"datetime": "2020-04-24 22:30:18", "elapsed": 686.851066, "delta": 4.964685}}
{"target": 0.5957122, "params": {"alpha": 0.9376956202205953, "colsample_bytree": 0.8962367264306779, "lam": 0.006963279714648274, "max_depth": 3.108838966798917, "min_child_weight": 8.156865998940338, "subsample": 0.7333035379672015}, "datetime": {"datetime": "2020-04-24 22:30:23", "elapsed": 691.751749, "delta": 4.900683}}
{"target": 0.5951568, "params": {"alpha": 0.8005342629625716, "colsample_bytree": 0.5019705429603503, "lam": 0.9949655454700514, "max_depth": 4.660273827205651, "min_child_weight": 1.0033420027668014, "subsample": 0.8440740776354382}, "datetime": {"datetime": "2020-04-24 22:30:27", "elapsed": 695.992613, "delta": 4.240864}}
{"target": 0.6151228, "params": {"alpha": 0.9999999971233638, "colsample_bytree": 0.9, "lam": 0.0, "max_depth": 8.355965457935742, "min_child_weight": 4.4340038188746025, "subsample": 0.5}, "datetime": {"datetime": "2020-04-24 22:30:32", "elapsed": 700.551457, "delta": 4.558844}}
{"target": 0.6253373999999999, "params": {"alpha": 0.020755972751401952, "colsample_bytree": 0.8396003170861175, "lam": 0.8479611787936163, "max_depth": 9.969567400027241, "min_child_weight": 6.312869621979781, "subsample": 0.8204031405035093}, "datetime": {"datetime": "2020-04-24 22:30:37", "elapsed": 706.055783, "delta": 5.504326}}
{"target": 0.618674, "params": {"alpha": 0.9187715007296338, "colsample_bytree": 0.8857137685834207, "lam": 0.07367095864031659, "max_depth": 3.5686108664898253, "min_child_weight": 5.451417992824672, "subsample": 0.8856137003074906}, "datetime": {"datetime": "2020-04-24 22:30:43", "elapsed": 711.361053, "delta": 5.30527}}
{"target": 0.6322865999999999, "params": {"alpha": 0.6316111134499162, "colsample_bytree": 0.8527003156438626, "lam": 0.5816662562490097, "max_depth": 5.373322017370576, "min_child_weight": 7.671922245838651, "subsample": 0.8980227091891468}, "datetime": {"datetime": "2020-04-24 22:30:48", "elapsed": 716.639662, "delta": 5.278609}}
{"target": 0.643809, "params": {"alpha": 0.627205977412501, "colsample_bytree": 0.87212807495331, "lam": 0.0027517808979111713, "max_depth": 7.90137613288535, "min_child_weight": 6.275265437981674, "subsample": 0.8837422071158181}, "datetime": {"datetime": "2020-04-24 22:30:54", "elapsed": 722.390178, "delta": 5.750516}}
{"target": 0.6300665999999999, "params": {"alpha": 0.9423596790618411, "colsample_bytree": 0.8694510970612012, "lam": 0.009484880726461586, "max_depth": 7.660250261150244, "min_child_weight": 5.852851106523422, "subsample": 0.8485135171761804}, "datetime": {"datetime": "2020-04-24 22:30:59", "elapsed": 727.978765, "delta": 5.588587}}
{"target": 0.6014269999999999, "params": {"alpha": 0.1014822593273983, "colsample_bytree": 0.8821462067789668, "lam": 0.7407750837604206, "max_depth": 3.157222139947974, "min_child_weight": 9.997746029763919, "subsample": 0.858162587598202}, "datetime": {"datetime": "2020-04-24 22:31:04", "elapsed": 732.841102, "delta": 4.862337}}
{"target": 0.623992, "params": {"alpha": 0.6040203115553496, "colsample_bytree": 0.8293342256471237, "lam": 0.3629870412072672, "max_depth": 7.8023072240383415, "min_child_weight": 6.9033557894126005, "subsample": 0.8820428659632821}, "datetime": {"datetime": "2020-04-24 22:31:10", "elapsed": 738.961426, "delta": 6.120324}}
{"target": 0.6219428, "params": {"alpha": 0.9549509022226744, "colsample_bytree": 0.8572814050226384, "lam": 0.9888831279851431, "max_depth": 7.418662966586469, "min_child_weight": 1.0, "subsample": 0.5069216282519627}, "datetime": {"datetime": "2020-04-24 22:31:15", "elapsed": 743.379645, "delta": 4.418219}}
{"target": 0.6238308, "params": {"alpha": 0.8385908363755564, "colsample_bytree": 0.8785238426899672, "lam": 0.9678967413593282, "max_depth": 6.591085403208238, "min_child_weight": 4.003676184037268, "subsample": 0.5011841737637809}, "datetime": {"datetime": "2020-04-24 22:31:20", "elapsed": 748.619966, "delta": 5.240321}}
{"target": 0.6330876, "params": {"alpha": 0.9791296505716095, "colsample_bytree": 0.8889834022967722, "lam": 0.21358033240297303, "max_depth": 4.2396525742734, "min_child_weight": 1.1217831033695238, "subsample": 0.8729627155014048}, "datetime": {"datetime": "2020-04-24 22:31:25", "elapsed": 753.848895, "delta": 5.228929}}
{"target": 0.633869, "params": {"alpha": 0.9511794146247053, "colsample_bytree": 0.8921750414730654, "lam": 0.3698602663302816, "max_depth": 5.192525677184331, "min_child_weight": 9.113543264415915, "subsample": 0.6272574317978329}, "datetime": {"datetime": "2020-04-24 22:31:31", "elapsed": 759.643199, "delta": 5.794304}}
