{"target": 0.6100427999999999, "params": {"alpha": 0.1225728668345375, "colsample_bytree": 0.5167895276673523, "lam": 0.9422138619257542, "max_depth": 5.3877120468242, "min_child_weight": 1.0277147124380435, "subsample": 0.8813300397759756}, "datetime": {"datetime": "2020-04-25 14:58:20", "elapsed": 5093.97748, "delta": 18.586269}}
{"target": 0.6322438, "params": {"alpha": 0.9423257987794942, "colsample_bytree": 0.8709373267828995, "lam": 0.5653708225477553, "max_depth": 9.72933485809495, "min_child_weight": 7.228831841395795, "subsample": 0.8711314132883364}, "datetime": {"datetime": "2020-04-25 14:58:47", "elapsed": 5120.155558, "delta": 26.178078}}
{"target": 0.638939, "params": {"alpha": 1.0, "colsample_bytree": 0.8999999972221393, "lam": 8.076951629083233e-08, "max_depth": 6.060552845296956, "min_child_weight": 10.0, "subsample": 0.8999999942896055}, "datetime": {"datetime": "2020-04-25 14:59:11", "elapsed": 5144.365842, "delta": 24.210284}}
{"target": 0.638257, "params": {"alpha": 0.9613195606365461, "colsample_bytree": 0.8408990946545848, "lam": 0.031770301282363245, "max_depth": 7.681945784368314, "min_child_weight": 9.322250052815965, "subsample": 0.5591500925997345}, "datetime": {"datetime": "2020-04-25 14:59:32", "elapsed": 5165.278803, "delta": 20.912961}}
{"target": 0.63202, "params": {"alpha": 0.5377870821471541, "colsample_bytree": 0.892794883362737, "lam": 0.014663559870179088, "max_depth": 8.572225991395998, "min_child_weight": 9.603881129425218, "subsample": 0.7978508562512747}, "datetime": {"datetime": "2020-04-25 14:59:54", "elapsed": 5187.597216, "delta": 22.318413}}
{"target": 0.6068004, "params": {"alpha": 2.197644094855428e-09, "colsample_bytree": 0.9, "lam": 0.0, "max_depth": 7.407534856946369, "min_child_weight": 1.0000000031868659, "subsample": 0.9}, "datetime": {"datetime": "2020-04-25 15:00:15", "elapsed": 5208.054497, "delta": 20.457281}}
{"target": 0.6325711999999999, "params": {"alpha": 0.0020204662421124953, "colsample_bytree": 0.8778279061132892, "lam": 0.9493557749475408, "max_depth": 6.880281975308418, "min_child_weight": 6.711514473718552, "subsample": 0.844303780263471}, "datetime": {"datetime": "2020-04-25 15:00:36", "elapsed": 5229.592589, "delta": 21.538092}}
{"target": 0.6274238000000001, "params": {"alpha": 0.9996999300765153, "colsample_bytree": 0.7289572915099755, "lam": 0.9753167300796249, "max_depth": 8.832665579788177, "min_child_weight": 9.455337888033103, "subsample": 0.7603961658307965}, "datetime": {"datetime": "2020-04-25 15:00:59", "elapsed": 5252.713822, "delta": 23.121233}}
{"target": 0.6259121999999999, "params": {"alpha": 0.8302721293035932, "colsample_bytree": 0.7991649696094951, "lam": 0.11715438221170116, "max_depth": 9.998222677121893, "min_child_weight": 8.61804511349041, "subsample": 0.5096431391300512}, "datetime": {"datetime": "2020-04-25 15:01:22", "elapsed": 5275.115274, "delta": 22.401452}}
{"target": 0.6391286, "params": {"alpha": 0.8403442724349603, "colsample_bytree": 0.8959822508457764, "lam": 0.9898643641578717, "max_depth": 6.065481093492278, "min_child_weight": 7.347299543705359, "subsample": 0.8859688414838105}, "datetime": {"datetime": "2020-04-25 15:01:41", "elapsed": 5294.050686, "delta": 18.935412}}
{"target": 0.634935, "params": {"alpha": 0.7012833150883488, "colsample_bytree": 0.8573283786611623, "lam": 0.010212900171849504, "max_depth": 9.580115776894075, "min_child_weight": 9.194890749698887, "subsample": 0.729552364653303}, "datetime": {"datetime": "2020-04-25 15:02:03", "elapsed": 5316.985951, "delta": 22.935265}}
{"target": 0.6296066, "params": {"alpha": 0.007344044058227306, "colsample_bytree": 0.8036376018973919, "lam": 0.4677526824946262, "max_depth": 7.4962299588483985, "min_child_weight": 7.919056417987832, "subsample": 0.8751449270317342}, "datetime": {"datetime": "2020-04-25 15:02:28", "elapsed": 5341.472133, "delta": 24.486182}}
{"target": 0.6233204, "params": {"alpha": 0.5659140885972206, "colsample_bytree": 0.8464776534556413, "lam": 0.05845711315586366, "max_depth": 7.4513234920733495, "min_child_weight": 8.073772961606489, "subsample": 0.8073559440977764}, "datetime": {"datetime": "2020-04-25 15:02:46", "elapsed": 5359.684535, "delta": 18.212402}}
{"target": 0.619972, "params": {"alpha": 0.42238119371190863, "colsample_bytree": 0.8287947765152919, "lam": 0.00924079377628828, "max_depth": 6.209451394906796, "min_child_weight": 3.095655235506804, "subsample": 0.8894585436494351}, "datetime": {"datetime": "2020-04-25 15:03:09", "elapsed": 5382.579121, "delta": 22.894586}}
{"target": 0.6275999999999999, "params": {"alpha": 0.971716435542087, "colsample_bytree": 0.8952075987025689, "lam": 0.5893997345520015, "max_depth": 9.99805132852497, "min_child_weight": 9.968377098613521, "subsample": 0.6161700795338974}, "datetime": {"datetime": "2020-04-25 15:03:36", "elapsed": 5410.025978, "delta": 27.446857}}
{"target": 0.6318121999999999, "params": {"alpha": 0.8700213658968284, "colsample_bytree": 0.8854341820541627, "lam": 0.9640748897964272, "max_depth": 4.9870328802924275, "min_child_weight": 5.346951676082859, "subsample": 0.8552485201543314}, "datetime": {"datetime": "2020-04-25 15:03:59", "elapsed": 5433.02549, "delta": 22.999512}}
{"target": 0.6381553999999999, "params": {"alpha": 0.9795088686218225, "colsample_bytree": 0.8087489039481863, "lam": 0.008519255875458653, "max_depth": 6.0898771170414285, "min_child_weight": 8.157191218745599, "subsample": 0.894253320875047}, "datetime": {"datetime": "2020-04-25 15:04:28", "elapsed": 5461.784638, "delta": 28.759148}}
{"target": 0.6365248000000001, "params": {"alpha": 0.6061730547505777, "colsample_bytree": 0.750199441367633, "lam": 0.9231978455329175, "max_depth": 5.947350521930686, "min_child_weight": 9.997297782323878, "subsample": 0.8653667585816354}, "datetime": {"datetime": "2020-04-25 15:04:49", "elapsed": 5482.096376, "delta": 20.311738}}
{"target": 0.6268007999999999, "params": {"alpha": 0.5210099722492806, "colsample_bytree": 0.8247100601300557, "lam": 0.9941989467453256, "max_depth": 3.6406939291494442, "min_child_weight": 9.442307797729976, "subsample": 0.8854973792994029}, "datetime": {"datetime": "2020-04-25 15:05:15", "elapsed": 5508.478201, "delta": 26.381825}}
{"target": 0.6193868, "params": {"alpha": 0.0002514840564317167, "colsample_bytree": 0.8848575739875428, "lam": 0.8595735145447406, "max_depth": 8.557993175543867, "min_child_weight": 6.11008269444544, "subsample": 0.7882673868960302}, "datetime": {"datetime": "2020-04-25 15:05:42", "elapsed": 5535.667009, "delta": 27.188808}}
{"target": 0.6249768, "params": {"alpha": 0.9525191141653422, "colsample_bytree": 0.892628284619658, "lam": 0.8381169771695922, "max_depth": 7.206588941717164, "min_child_weight": 8.657852018017383, "subsample": 0.5066308019182596}, "datetime": {"datetime": "2020-04-25 15:06:09", "elapsed": 5562.500594, "delta": 26.833585}}
{"target": 0.6378826, "params": {"alpha": 0.8046438213730481, "colsample_bytree": 0.8027076560816271, "lam": 0.019406004870465954, "max_depth": 8.874093971839697, "min_child_weight": 7.361418411233774, "subsample": 0.895925124885553}, "datetime": {"datetime": "2020-04-25 15:06:31", "elapsed": 5584.518052, "delta": 22.017458}}
{"target": 0.6272378, "params": {"alpha": 0.04916083363325785, "colsample_bytree": 0.8808838881890262, "lam": 0.42204889635116793, "max_depth": 7.395027054766128, "min_child_weight": 3.28831360751367, "subsample": 0.8946355243446187}, "datetime": {"datetime": "2020-04-25 15:06:59", "elapsed": 5612.143739, "delta": 27.625687}}
{"target": 0.6333254, "params": {"alpha": 0.006642696014297789, "colsample_bytree": 0.8373926021990801, "lam": 0.08517148036581024, "max_depth": 8.28924700240253, "min_child_weight": 8.318509190015215, "subsample": 0.8764165532661752}, "datetime": {"datetime": "2020-04-25 15:07:21", "elapsed": 5634.373676, "delta": 22.229937}}
{"target": 0.6345706, "params": {"alpha": 0.9653771168389653, "colsample_bytree": 0.6336892322510254, "lam": 0.011806740611465694, "max_depth": 8.249351762206823, "min_child_weight": 9.28865350065741, "subsample": 0.5960707672355446}, "datetime": {"datetime": "2020-04-25 15:07:42", "elapsed": 5655.410401, "delta": 21.036725}}
{"target": 0.630893, "params": {"alpha": 0.007155228005193748, "colsample_bytree": 0.7637176054985759, "lam": 0.1339597143533936, "max_depth": 4.3918982577065, "min_child_weight": 8.804687385547737, "subsample": 0.611796248348908}, "datetime": {"datetime": "2020-04-25 15:08:04", "elapsed": 5677.756691, "delta": 22.34629}}
{"target": 0.6354295999999999, "params": {"alpha": 0.06298362705539495, "colsample_bytree": 0.8443361385214686, "lam": 0.9578281774767314, "max_depth": 8.176313302204957, "min_child_weight": 7.134166258384826, "subsample": 0.8785264681328304}, "datetime": {"datetime": "2020-04-25 15:08:28", "elapsed": 5701.875611, "delta": 24.11892}}
{"target": 0.6281586, "params": {"alpha": 0.9202757914980445, "colsample_bytree": 0.8898832477119882, "lam": 0.25469772938746293, "max_depth": 6.417635416231114, "min_child_weight": 8.174742150209195, "subsample": 0.740503171318325}, "datetime": {"datetime": "2020-04-25 15:08:55", "elapsed": 5729.000671, "delta": 27.12506}}
{"target": 0.6141752, "params": {"alpha": 0.43431182827552817, "colsample_bytree": 0.8764915194799996, "lam": 0.03927530780013966, "max_depth": 4.8628213891738366, "min_child_weight": 3.20971750631813, "subsample": 0.7451823807030021}, "datetime": {"datetime": "2020-04-25 15:09:18", "elapsed": 5751.413273, "delta": 22.412602}}
{"target": 0.6254824000000001, "params": {"alpha": 0.9438018314129802, "colsample_bytree": 0.8655487443872933, "lam": 0.023436450793096752, "max_depth": 5.415147402821202, "min_child_weight": 9.945428065677302, "subsample": 0.7832512339875368}, "datetime": {"datetime": "2020-04-25 15:09:40", "elapsed": 5773.652892, "delta": 22.239619}}
{"target": 0.636736, "params": {"alpha": 0.25144011416820944, "colsample_bytree": 0.7569743115602015, "lam": 0.006135498427995878, "max_depth": 5.698886386569865, "min_child_weight": 9.990883105156065, "subsample": 0.8858379485575036}, "datetime": {"datetime": "2020-04-25 15:10:04", "elapsed": 5797.392428, "delta": 23.739536}}
{"target": 0.635478, "params": {"alpha": 0.03712073214322409, "colsample_bytree": 0.7987981509112874, "lam": 0.04520378013130433, "max_depth": 7.039442034155504, "min_child_weight": 9.980226330315679, "subsample": 0.8636065203457908}, "datetime": {"datetime": "2020-04-25 15:10:27", "elapsed": 5820.920264, "delta": 23.527836}}
{"target": 0.6201594, "params": {"alpha": 1.0, "colsample_bytree": 0.9, "lam": 1.0, "max_depth": 6.944333832884986, "min_child_weight": 9.76566853273913, "subsample": 0.5216183186797544}, "datetime": {"datetime": "2020-04-25 15:10:54", "elapsed": 5847.656101, "delta": 26.735837}}
{"target": 0.6201684000000001, "params": {"alpha": 0.9759851554140758, "colsample_bytree": 0.7317809937167732, "lam": 0.30154529662818874, "max_depth": 8.190841447798078, "min_child_weight": 7.277035221052304, "subsample": 0.7024316097446868}, "datetime": {"datetime": "2020-04-25 15:11:17", "elapsed": 5870.724687, "delta": 23.068586}}
{"target": 0.5981418000000001, "params": {"alpha": 0.9619253357595509, "colsample_bytree": 0.5354669781636039, "lam": 0.048514347723794815, "max_depth": 8.254981518308892, "min_child_weight": 8.27717911320855, "subsample": 0.520349223313984}, "datetime": {"datetime": "2020-04-25 15:11:34", "elapsed": 5887.485816, "delta": 16.761129}}
{"target": 0.628752, "params": {"alpha": 0.4935516252897558, "colsample_bytree": 0.8800059184807307, "lam": 0.6228795461241065, "max_depth": 9.974115652295428, "min_child_weight": 5.348693323573715, "subsample": 0.8609606231663229}, "datetime": {"datetime": "2020-04-25 15:11:58", "elapsed": 5911.523374, "delta": 24.037558}}
{"target": 0.6252436, "params": {"alpha": 0.48349376509413244, "colsample_bytree": 0.7967259793406751, "lam": 0.08465607591802271, "max_depth": 6.821541228592949, "min_child_weight": 6.6064113750322315, "subsample": 0.5006313451384962}, "datetime": {"datetime": "2020-04-25 15:12:25", "elapsed": 5938.898923, "delta": 27.375549}}
{"target": 0.6360581999999999, "params": {"alpha": 0.9098406242948237, "colsample_bytree": 0.8921565539453348, "lam": 0.9831149543300455, "max_depth": 8.363017404315855, "min_child_weight": 8.762503528764274, "subsample": 0.860822165264379}, "datetime": {"datetime": "2020-04-25 15:12:51", "elapsed": 5964.579573, "delta": 25.68065}}
{"target": 0.6317274, "params": {"alpha": 0.4598311899769214, "colsample_bytree": 0.8936262937039121, "lam": 0.9928553514097225, "max_depth": 5.9920505048376675, "min_child_weight": 8.507827518114635, "subsample": 0.8787096667452745}, "datetime": {"datetime": "2020-04-25 15:13:13", "elapsed": 5986.641493, "delta": 22.06192}}
{"target": 0.632007, "params": {"alpha": 0.06944356069697077, "colsample_bytree": 0.7690899298541934, "lam": 0.03834545880410556, "max_depth": 5.796524373099745, "min_child_weight": 4.506588868157088, "subsample": 0.8811245790946802}, "datetime": {"datetime": "2020-04-25 15:13:35", "elapsed": 6008.199958, "delta": 21.558465}}
{"target": 0.6174186, "params": {"alpha": 0.9805622086689707, "colsample_bytree": 0.8834784037484336, "lam": 0.9478744169798817, "max_depth": 9.386308097068905, "min_child_weight": 6.890408758939952, "subsample": 0.5164273565111297}, "datetime": {"datetime": "2020-04-25 15:13:58", "elapsed": 6031.565002, "delta": 23.365044}}
{"target": 0.6100749999999999, "params": {"alpha": 0.1546973181422715, "colsample_bytree": 0.8974377122518238, "lam": 0.008528370219750614, "max_depth": 3.6413193904234316, "min_child_weight": 2.1134946225071776, "subsample": 0.8626468446961878}, "datetime": {"datetime": "2020-04-25 15:14:24", "elapsed": 6057.938313, "delta": 26.373311}}
{"target": 0.5432828000000001, "params": {"alpha": 0.0, "colsample_bytree": 0.5, "lam": 1.0, "max_depth": 7.690044568828433, "min_child_weight": 1.0000000093461718, "subsample": 0.500000002620273}, "datetime": {"datetime": "2020-04-25 15:14:48", "elapsed": 6081.488071, "delta": 23.549758}}
{"target": 0.5904072, "params": {"alpha": 0.972116323637958, "colsample_bytree": 0.894461578209007, "lam": 0.27212926826639605, "max_depth": 9.281353362044037, "min_child_weight": 2.260457596684991, "subsample": 0.537604793445762}, "datetime": {"datetime": "2020-04-25 15:15:14", "elapsed": 6107.1477, "delta": 25.659629}}
{"target": 0.5875114, "params": {"alpha": 2.530526567596881e-07, "colsample_bytree": 0.5000002380596598, "lam": 1.0, "max_depth": 4.6367383693028446, "min_child_weight": 4.022620761765318, "subsample": 0.9}, "datetime": {"datetime": "2020-04-25 15:15:42", "elapsed": 6135.379047, "delta": 28.231347}}
{"target": 0.643256, "params": {"alpha": 0.5411949200337988, "colsample_bytree": 0.7898799283861515, "lam": 0.21818498345505122, "max_depth": 5.731639527580527, "min_child_weight": 9.982830905486384, "subsample": 0.7416814843891667}, "datetime": {"datetime": "2020-04-25 15:16:06", "elapsed": 6159.966195, "delta": 24.587148}}
{"target": 0.6195958, "params": {"alpha": 0.9231747258541533, "colsample_bytree": 0.8815151124269645, "lam": 0.20103508748877974, "max_depth": 7.47962334801904, "min_child_weight": 2.9398843436444118, "subsample": 0.8856589155480953}, "datetime": {"datetime": "2020-04-25 15:16:33", "elapsed": 6186.69511, "delta": 26.728915}}
{"target": 0.6344932, "params": {"alpha": 0.9838503649857384, "colsample_bytree": 0.8567394827256132, "lam": 0.03166935283688577, "max_depth": 8.487307119564706, "min_child_weight": 8.596629050051204, "subsample": 0.8752675209288208}, "datetime": {"datetime": "2020-04-25 15:17:00", "elapsed": 6213.132343, "delta": 26.437233}}
{"target": 0.6397784, "params": {"alpha": 0.32206911364726654, "colsample_bytree": 0.7162150625291916, "lam": 0.6852904019880321, "max_depth": 7.7217793456861115, "min_child_weight": 9.404090189723732, "subsample": 0.8683760098381617}, "datetime": {"datetime": "2020-04-25 15:17:28", "elapsed": 6241.356511, "delta": 28.224168}}
{"target": 0.6171924, "params": {"alpha": 0.05957365984577545, "colsample_bytree": 0.8969003949872019, "lam": 0.9982594742271117, "max_depth": 7.447174197801108, "min_child_weight": 1.7366920521309321, "subsample": 0.8594384668030144}, "datetime": {"datetime": "2020-04-25 15:17:57", "elapsed": 6270.523079, "delta": 29.166568}}
{"target": 0.5911596000000001, "params": {"alpha": 0.7689046537893187, "colsample_bytree": 0.8873993749036438, "lam": 0.012117441762765968, "max_depth": 8.21160320320988, "min_child_weight": 1.2525244289548225, "subsample": 0.8859725701503767}, "datetime": {"datetime": "2020-04-25 15:18:30", "elapsed": 6303.61782, "delta": 33.094741}}
{"target": 0.6338846, "params": {"alpha": 0.9357989136274111, "colsample_bytree": 0.8296159121265518, "lam": 0.7349186343097636, "max_depth": 7.375300121628877, "min_child_weight": 7.158290896695067, "subsample": 0.5615145609964383}, "datetime": {"datetime": "2020-04-25 15:18:55", "elapsed": 6328.568998, "delta": 24.951178}}
{"target": 0.6223038000000001, "params": {"alpha": 0.015823154923756966, "colsample_bytree": 0.8938504008374195, "lam": 0.9990622226094433, "max_depth": 5.2072882703044, "min_child_weight": 4.371270697452261, "subsample": 0.5006464075143948}, "datetime": {"datetime": "2020-04-25 15:19:26", "elapsed": 6359.949298, "delta": 31.3803}}
{"target": 0.6351952000000001, "params": {"alpha": 0.016537910862875704, "colsample_bytree": 0.8525425159769398, "lam": 0.6961017459686788, "max_depth": 9.526376345959182, "min_child_weight": 7.29993781421329, "subsample": 0.8884603390833935}, "datetime": {"datetime": "2020-04-25 15:19:56", "elapsed": 6389.872937, "delta": 29.923639}}
{"target": 0.602395, "params": {"alpha": 0.036645234156707174, "colsample_bytree": 0.5301937390768867, "lam": 0.000889993018337143, "max_depth": 6.370092679981926, "min_child_weight": 8.021807002705579, "subsample": 0.5179173619466102}, "datetime": {"datetime": "2020-04-25 15:20:20", "elapsed": 6413.461096, "delta": 23.588159}}
{"target": 0.6360678, "params": {"alpha": 0.30847859711891223, "colsample_bytree": 0.8873832679744651, "lam": 0.5348042891737907, "max_depth": 5.320316707712889, "min_child_weight": 6.173203818201516, "subsample": 0.8965556498963834}, "datetime": {"datetime": "2020-04-25 15:20:49", "elapsed": 6442.158131, "delta": 28.697035}}
{"target": 0.6283646, "params": {"alpha": 0.07444287604173161, "colsample_bytree": 0.8932894322507198, "lam": 0.9985148761022338, "max_depth": 8.868835432851789, "min_child_weight": 7.4802002320498255, "subsample": 0.8774112247645551}, "datetime": {"datetime": "2020-04-25 15:21:18", "elapsed": 6471.755659, "delta": 29.597528}}
{"target": 0.6372788, "params": {"alpha": 0.5795513010047723, "colsample_bytree": 0.7409947660818668, "lam": 0.06804517189017378, "max_depth": 5.404859906993652, "min_child_weight": 9.16972247814294, "subsample": 0.8311414434449959}, "datetime": {"datetime": "2020-04-25 15:21:44", "elapsed": 6498.006953, "delta": 26.251294}}
{"target": 0.6296188, "params": {"alpha": 0.002259216004221164, "colsample_bytree": 0.8999998750000678, "lam": 0.9999999834599924, "max_depth": 4.952315534029396, "min_child_weight": 5.308302999089097, "subsample": 0.5000000475565869}, "datetime": {"datetime": "2020-04-25 15:22:14", "elapsed": 6527.818411, "delta": 29.811458}}
{"target": 0.6333838, "params": {"alpha": 0.5241428164422582, "colsample_bytree": 0.8094726654177571, "lam": 0.021500215792873867, "max_depth": 6.286381694425183, "min_child_weight": 6.673835897672953, "subsample": 0.8912826942318615}, "datetime": {"datetime": "2020-04-25 15:22:38", "elapsed": 6551.903837, "delta": 24.085426}}
{"target": 0.6323451999999999, "params": {"alpha": 0.07703555956126706, "colsample_bytree": 0.8681119578457522, "lam": 0.9433102063890523, "max_depth": 5.733144926374898, "min_child_weight": 5.784320766276814, "subsample": 0.8968979617591}, "datetime": {"datetime": "2020-04-25 15:23:02", "elapsed": 6575.313831, "delta": 23.409994}}
{"target": 0.6098524, "params": {"alpha": 0.9722771501802999, "colsample_bytree": 0.8186902160743399, "lam": 0.08728749696505378, "max_depth": 8.529517467856596, "min_child_weight": 5.9216206785175185, "subsample": 0.5183611668565993}, "datetime": {"datetime": "2020-04-25 15:23:29", "elapsed": 6602.651703, "delta": 27.337872}}
{"target": 0.624594, "params": {"alpha": 0.49746675037594423, "colsample_bytree": 0.886456326361865, "lam": 0.06686107575785194, "max_depth": 7.203977504466576, "min_child_weight": 4.977040935018055, "subsample": 0.8406903240044822}, "datetime": {"datetime": "2020-04-25 15:23:56", "elapsed": 6629.064872, "delta": 26.413169}}
{"target": 0.6354266, "params": {"alpha": 0.5725537738128753, "colsample_bytree": 0.7610542941467227, "lam": 0.7797539873133105, "max_depth": 9.017630049763046, "min_child_weight": 9.016590567684494, "subsample": 0.8740391619859122}, "datetime": {"datetime": "2020-04-25 15:24:23", "elapsed": 6656.357074, "delta": 27.292202}}
{"target": 0.6150432, "params": {"alpha": 0.04499877136182717, "colsample_bytree": 0.645233171911889, "lam": 0.9863623534202148, "max_depth": 3.8872664765974108, "min_child_weight": 1.0823868695894245, "subsample": 0.8718141434061204}, "datetime": {"datetime": "2020-04-25 15:24:51", "elapsed": 6684.589299, "delta": 28.232225}}
{"target": 0.6242248, "params": {"alpha": 0.02253956806603541, "colsample_bytree": 0.8754050233139409, "lam": 0.6549986368675338, "max_depth": 4.478316129711348, "min_child_weight": 6.927303914829612, "subsample": 0.8976377803485488}, "datetime": {"datetime": "2020-04-25 15:25:14", "elapsed": 6707.655105, "delta": 23.065806}}
{"target": 0.6400433999999999, "params": {"alpha": 0.29885370157908653, "colsample_bytree": 0.7443387542708679, "lam": 0.9907647211446873, "max_depth": 9.986833323137486, "min_child_weight": 7.809472404879509, "subsample": 0.5999540028664421}, "datetime": {"datetime": "2020-04-25 15:25:47", "elapsed": 6740.751189, "delta": 33.096084}}
