{"target": 0.6018752, "params": {"alpha": 0.8902487656763842, "colsample_bytree": 0.5715635982574103, "lam": 0.07850561628430652, "max_depth": 8.88834296800481, "min_child_weight": 6.41364370522581, "subsample": 0.7215050499305674}, "datetime": {"datetime": "2020-04-25 15:14:19", "elapsed": 1302.626089, "delta": 8.786401}}
{"target": 0.6433068, "params": {"alpha": 0.28776104405999814, "colsample_bytree": 0.8641738951507425, "lam": 0.020341365167302117, "max_depth": 8.128642648674791, "min_child_weight": 8.473308380915528, "subsample": 0.8668514851961691}, "datetime": {"datetime": "2020-04-25 15:14:28", "elapsed": 1311.454242, "delta": 8.828153}}
{"target": 0.6143912, "params": {"alpha": 0.001742043462083287, "colsample_bytree": 0.8471233229568141, "lam": 0.9892077137101423, "max_depth": 5.0080702899288445, "min_child_weight": 1.2711471575811406, "subsample": 0.7147884476941595}, "datetime": {"datetime": "2020-04-25 15:14:36", "elapsed": 1319.308047, "delta": 7.853805}}
{"target": 0.6251526000000001, "params": {"alpha": 1.0, "colsample_bytree": 0.9, "lam": 0.9999999998858577, "max_depth": 9.99999999899032, "min_child_weight": 6.156426064064816, "subsample": 0.5}, "datetime": {"datetime": "2020-04-25 15:14:44", "elapsed": 1327.509857, "delta": 8.20181}}
{"target": 0.6285298, "params": {"alpha": 0.5949638475307125, "colsample_bytree": 0.8733677706078866, "lam": 0.9569025500020784, "max_depth": 5.790345370141681, "min_child_weight": 1.0885955650215773, "subsample": 0.8621147548386979}, "datetime": {"datetime": "2020-04-25 15:14:53", "elapsed": 1336.245585, "delta": 8.735728}}
{"target": 0.6396468, "params": {"alpha": 0.06618102584302232, "colsample_bytree": 0.8471595639289846, "lam": 0.12184655533455624, "max_depth": 8.088922502055677, "min_child_weight": 8.045837306454944, "subsample": 0.8252806529890289}, "datetime": {"datetime": "2020-04-25 15:15:00", "elapsed": 1344.06444, "delta": 7.818855}}
{"target": 0.6238192, "params": {"alpha": 0.5786483465138961, "colsample_bytree": 0.8922756676733692, "lam": 0.9650604968669256, "max_depth": 6.781538526639758, "min_child_weight": 1.7970579647220086, "subsample": 0.8892280897136522}, "datetime": {"datetime": "2020-04-25 15:15:08", "elapsed": 1351.360773, "delta": 7.296333}}
{"target": 0.6367524, "params": {"alpha": 0.9641536893304458, "colsample_bytree": 0.8936250840537773, "lam": 0.013843649023185134, "max_depth": 7.054085405387491, "min_child_weight": 9.074038964226375, "subsample": 0.5540646323869334}, "datetime": {"datetime": "2020-04-25 15:15:17", "elapsed": 1360.93245, "delta": 9.571677}}
{"target": 0.6402662, "params": {"alpha": 0.016158391240087333, "colsample_bytree": 0.7686535912653736, "lam": 0.003226032708684934, "max_depth": 8.491977745482238, "min_child_weight": 8.399624453520463, "subsample": 0.7689624958166577}, "datetime": {"datetime": "2020-04-25 15:15:26", "elapsed": 1369.472257, "delta": 8.539807}}
{"target": 0.6280542, "params": {"alpha": 0.0035027520798034395, "colsample_bytree": 0.8265764859000586, "lam": 0.9293792067005324, "max_depth": 7.597174493937154, "min_child_weight": 5.985627960114159, "subsample": 0.8890936424790985}, "datetime": {"datetime": "2020-04-25 15:15:35", "elapsed": 1379.039148, "delta": 9.566891}}
{"target": 0.6380874000000001, "params": {"alpha": 0.6608167368509962, "colsample_bytree": 0.8131372431140009, "lam": 0.9828064930579696, "max_depth": 8.957859156845565, "min_child_weight": 7.482538623972516, "subsample": 0.8503794108749685}, "datetime": {"datetime": "2020-04-25 15:15:45", "elapsed": 1388.419019, "delta": 9.379871}}
{"target": 0.5967578, "params": {"alpha": 0.042364893336238496, "colsample_bytree": 0.5317240870326558, "lam": 0.1533812043885101, "max_depth": 7.518846658872359, "min_child_weight": 5.66336439243438, "subsample": 0.5226812242590108}, "datetime": {"datetime": "2020-04-25 15:15:53", "elapsed": 1396.189701, "delta": 7.770682}}
{"target": 0.6248621999999999, "params": {"alpha": 0.029720073306047645, "colsample_bytree": 0.8648720878365166, "lam": 0.8762454534137797, "max_depth": 6.915430952901994, "min_child_weight": 5.7125053944923145, "subsample": 0.6630924514388958}, "datetime": {"datetime": "2020-04-25 15:16:03", "elapsed": 1406.413199, "delta": 10.223498}}
{"target": 0.6311701999999999, "params": {"alpha": 0.900359561825129, "colsample_bytree": 0.6884013852232607, "lam": 0.9958572214704707, "max_depth": 8.444751341570207, "min_child_weight": 7.64211490408987, "subsample": 0.8969605937486826}, "datetime": {"datetime": "2020-04-25 15:16:12", "elapsed": 1415.890993, "delta": 9.477794}}
{"target": 0.6273754, "params": {"alpha": 0.9960239950840646, "colsample_bytree": 0.8468055385474753, "lam": 0.0728491434218348, "max_depth": 5.437952530277938, "min_child_weight": 7.57079790174867, "subsample": 0.5799721627918742}, "datetime": {"datetime": "2020-04-25 15:16:20", "elapsed": 1423.250629, "delta": 7.359636}}
{"target": 0.6029593999999999, "params": {"alpha": 0.0011192791544464248, "colsample_bytree": 0.9, "lam": 0.5720905210839701, "max_depth": 9.997308217987884, "min_child_weight": 1.0024528836772355, "subsample": 0.5008344252032758}, "datetime": {"datetime": "2020-04-25 15:16:29", "elapsed": 1433.018831, "delta": 9.768202}}
{"target": 0.6111162, "params": {"alpha": 0.2874823129435994, "colsample_bytree": 0.5163008202123397, "lam": 0.9599204980659755, "max_depth": 7.990617288266559, "min_child_weight": 4.943536706026821, "subsample": 0.8560567969619637}, "datetime": {"datetime": "2020-04-25 15:16:37", "elapsed": 1440.660507, "delta": 7.641676}}
{"target": 0.6352454, "params": {"alpha": 0.9999999999814075, "colsample_bytree": 0.8999999998559272, "lam": 0.6735850633629344, "max_depth": 9.974231730843155, "min_child_weight": 9.938536523854616, "subsample": 0.7321302961712604}, "datetime": {"datetime": "2020-04-25 15:16:45", "elapsed": 1448.211824, "delta": 7.551317}}
{"target": 0.6491364, "params": {"alpha": 0.9894178458718015, "colsample_bytree": 0.8413005194952315, "lam": 0.977250115998358, "max_depth": 8.208243275448561, "min_child_weight": 6.552493268984136, "subsample": 0.8186527306040414}, "datetime": {"datetime": "2020-04-25 15:16:53", "elapsed": 1457.055592, "delta": 8.843768}}
{"target": 0.6397503999999999, "params": {"alpha": 0.6832735208164485, "colsample_bytree": 0.8587023713248183, "lam": 0.9222054494673161, "max_depth": 8.372952721202346, "min_child_weight": 6.856524569805845, "subsample": 0.8738338483416763}, "datetime": {"datetime": "2020-04-25 15:17:03", "elapsed": 1467.023221, "delta": 9.967629}}
{"target": 0.6312911999999999, "params": {"alpha": 0.008530682814531398, "colsample_bytree": 0.853818701866599, "lam": 0.9919603873417367, "max_depth": 8.933222202563792, "min_child_weight": 7.587985744917649, "subsample": 0.7318362776224517}, "datetime": {"datetime": "2020-04-25 15:17:12", "elapsed": 1475.50914, "delta": 8.485919}}
{"target": 0.6073866000000001, "params": {"alpha": 0.932373747035215, "colsample_bytree": 0.8990616009584864, "lam": 0.9855106498400057, "max_depth": 7.726919739148842, "min_child_weight": 1.1369236993506935, "subsample": 0.5016960474562537}, "datetime": {"datetime": "2020-04-25 15:17:21", "elapsed": 1484.963573, "delta": 9.454433}}
{"target": 0.6282181999999998, "params": {"alpha": 0.892196195609721, "colsample_bytree": 0.8592418915909685, "lam": 0.9895893076887241, "max_depth": 8.681993002201489, "min_child_weight": 5.802730984438056, "subsample": 0.5634759566482023}, "datetime": {"datetime": "2020-04-25 15:17:31", "elapsed": 1494.882844, "delta": 9.919271}}
{"target": 0.6018524000000001, "params": {"alpha": 0.023593865515086354, "colsample_bytree": 0.8806631879218634, "lam": 0.9268942596274949, "max_depth": 9.986178992709501, "min_child_weight": 1.7388115445614658, "subsample": 0.8975762623832091}, "datetime": {"datetime": "2020-04-25 15:17:42", "elapsed": 1505.101073, "delta": 10.218229}}
{"target": 0.6212286, "params": {"alpha": 0.7480709571636801, "colsample_bytree": 0.8985471800097138, "lam": 0.9609829575142101, "max_depth": 7.341903618426944, "min_child_weight": 6.24410787562832, "subsample": 0.89789509293369}, "datetime": {"datetime": "2020-04-25 15:17:49", "elapsed": 1512.700695, "delta": 7.599622}}
{"target": 0.6367352000000001, "params": {"alpha": 0.11855781152159628, "colsample_bytree": 0.8886565037378289, "lam": 0.03703708625062141, "max_depth": 9.396367343443657, "min_child_weight": 5.6075953928870685, "subsample": 0.878139948648682}, "datetime": {"datetime": "2020-04-25 15:17:57", "elapsed": 1520.999744, "delta": 8.299049}}
{"target": 0.6319906, "params": {"alpha": 0.22110177581482127, "colsample_bytree": 0.885172050713005, "lam": 0.9998378469317324, "max_depth": 6.424966009424433, "min_child_weight": 3.9185528601646804, "subsample": 0.8648635567282097}, "datetime": {"datetime": "2020-04-25 15:18:05", "elapsed": 1528.969563, "delta": 7.969819}}
{"target": 0.6108230000000001, "params": {"alpha": 0.931119724277389, "colsample_bytree": 0.8877339353968741, "lam": 0.4513187729844762, "max_depth": 5.4261137768809835, "min_child_weight": 4.217122258737235, "subsample": 0.5195050684021751}, "datetime": {"datetime": "2020-04-25 15:18:15", "elapsed": 1538.55463, "delta": 9.585067}}
{"target": 0.5903822, "params": {"alpha": 0.9307015654821549, "colsample_bytree": 0.541061303395272, "lam": 0.05026481703953356, "max_depth": 3.8645469735149733, "min_child_weight": 4.617048739111265, "subsample": 0.7994259393404395}, "datetime": {"datetime": "2020-04-25 15:18:25", "elapsed": 1548.534775, "delta": 9.980145}}
{"target": 0.5894734, "params": {"alpha": 0.28577880593223437, "colsample_bytree": 0.5888972170646767, "lam": 0.2436159761846104, "max_depth": 9.989118512734457, "min_child_weight": 2.8898878680026314, "subsample": 0.8788014948736131}, "datetime": {"datetime": "2020-04-25 15:18:35", "elapsed": 1558.691351, "delta": 10.156576}}
{"target": 0.6071519999999999, "params": {"alpha": 0.9510673240331933, "colsample_bytree": 0.5383302222115574, "lam": 0.03164329542470945, "max_depth": 5.46269431617776, "min_child_weight": 8.726010530374916, "subsample": 0.8082494138378611}, "datetime": {"datetime": "2020-04-25 15:18:44", "elapsed": 1567.130168, "delta": 8.438817}}
{"target": 0.5977706000000002, "params": {"alpha": 0.8646789105838593, "colsample_bytree": 0.8901831959985804, "lam": 0.013524878881257418, "max_depth": 3.002057360858254, "min_child_weight": 7.182160025254957, "subsample": 0.5683901368185524}, "datetime": {"datetime": "2020-04-25 15:18:54", "elapsed": 1577.396558, "delta": 10.26639}}
{"target": 0.63347, "params": {"alpha": 0.9999999809853592, "colsample_bytree": 0.8963732580538915, "lam": 0.9949604914848009, "max_depth": 9.345224516989932, "min_child_weight": 5.02129346967311, "subsample": 0.5000000288309505}, "datetime": {"datetime": "2020-04-25 15:19:05", "elapsed": 1588.111354, "delta": 10.714796}}
{"target": 0.6301974, "params": {"alpha": 0.00022827280775050696, "colsample_bytree": 0.6863155538077704, "lam": 0.9518371853827851, "max_depth": 9.247665644196028, "min_child_weight": 6.619660319228931, "subsample": 0.8487738194589289}, "datetime": {"datetime": "2020-04-25 15:19:12", "elapsed": 1595.482288, "delta": 7.370934}}
{"target": 0.634817, "params": {"alpha": 0.9453702094077883, "colsample_bytree": 0.8741455090699677, "lam": 0.6327666637884427, "max_depth": 7.1788922841961655, "min_child_weight": 7.639125028499796, "subsample": 0.8956686843871129}, "datetime": {"datetime": "2020-04-25 15:19:21", "elapsed": 1604.712983, "delta": 9.230695}}
{"target": 0.6335536, "params": {"alpha": 0.8940160070236204, "colsample_bytree": 0.8875429034580187, "lam": 0.01295716187313678, "max_depth": 7.55350935043038, "min_child_weight": 8.529686137860082, "subsample": 0.8786105900195945}, "datetime": {"datetime": "2020-04-25 15:19:31", "elapsed": 1614.387096, "delta": 9.674113}}
{"target": 0.5978901999999999, "params": {"alpha": 0.040160388141830095, "colsample_bytree": 0.8923827074699318, "lam": 0.019427611400863243, "max_depth": 3.206558600080815, "min_child_weight": 8.802699534302008, "subsample": 0.5972882127378342}, "datetime": {"datetime": "2020-04-25 15:19:39", "elapsed": 1622.415995, "delta": 8.028899}}
{"target": 0.6320024, "params": {"alpha": 0.016524625226078227, "colsample_bytree": 0.8213511847707902, "lam": 0.9685363064126211, "max_depth": 6.94898485458835, "min_child_weight": 9.974783964051834, "subsample": 0.7009082517628081}, "datetime": {"datetime": "2020-04-25 15:19:47", "elapsed": 1630.670259, "delta": 8.254264}}
{"target": 0.6317016, "params": {"alpha": 0.3873963221065684, "colsample_bytree": 0.8827301362297066, "lam": 0.9879847776013034, "max_depth": 4.528328131252579, "min_child_weight": 3.632460599310516, "subsample": 0.873727859792203}, "datetime": {"datetime": "2020-04-25 15:19:58", "elapsed": 1642.061881, "delta": 11.391622}}
{"target": 0.6169550000000001, "params": {"alpha": 0.962052152391456, "colsample_bytree": 0.8709431609398615, "lam": 0.08035228659223748, "max_depth": 4.592030668069105, "min_child_weight": 6.965961533861325, "subsample": 0.691131539389671}, "datetime": {"datetime": "2020-04-25 15:20:08", "elapsed": 1651.193045, "delta": 9.131164}}
{"target": 0.6213215999999999, "params": {"alpha": 0.4267884059581939, "colsample_bytree": 0.8647582059825116, "lam": 0.11296731187311237, "max_depth": 5.248698888127699, "min_child_weight": 6.654515748303151, "subsample": 0.5155576048061857}, "datetime": {"datetime": "2020-04-25 15:20:16", "elapsed": 1659.518885, "delta": 8.32584}}
{"target": 0.5974458, "params": {"alpha": 0.9695387473397851, "colsample_bytree": 0.8683761981590912, "lam": 0.9833708614275916, "max_depth": 3.0304543395174774, "min_child_weight": 3.417205751859456, "subsample": 0.8001489335857419}, "datetime": {"datetime": "2020-04-25 15:20:24", "elapsed": 1667.856457, "delta": 8.337572}}
{"target": 0.6319942000000001, "params": {"alpha": 0.9899032127382597, "colsample_bytree": 0.8953073339982537, "lam": 0.9956761499461948, "max_depth": 5.3802760840962724, "min_child_weight": 1.0546561874251246, "subsample": 0.8888164532749192}, "datetime": {"datetime": "2020-04-25 15:20:36", "elapsed": 1679.194538, "delta": 11.338081}}
{"target": 0.6370074, "params": {"alpha": 0.0069966868568621665, "colsample_bytree": 0.8360252284828785, "lam": 0.8826696402060882, "max_depth": 5.4498916533964445, "min_child_weight": 5.847032763992693, "subsample": 0.8728006975151711}, "datetime": {"datetime": "2020-04-25 15:20:43", "elapsed": 1686.853361, "delta": 7.658823}}
{"target": 0.6015414, "params": {"alpha": 0.9773001045128573, "colsample_bytree": 0.8969770401783028, "lam": 0.2950939403665457, "max_depth": 3.144102444538606, "min_child_weight": 1.0880785244952451, "subsample": 0.5427593082621825}, "datetime": {"datetime": "2020-04-25 15:20:52", "elapsed": 1695.783431, "delta": 8.93007}}
{"target": 0.6339614, "params": {"alpha": 0.06124882775156959, "colsample_bytree": 0.881833405077824, "lam": 0.20876212489864288, "max_depth": 5.196338607658467, "min_child_weight": 7.487085976444418, "subsample": 0.7828545673805527}, "datetime": {"datetime": "2020-04-25 15:21:00", "elapsed": 1704.074832, "delta": 8.291401}}
{"target": 0.6161342, "params": {"alpha": 0.6422381515494777, "colsample_bytree": 0.8943404992078132, "lam": 0.13601963785618176, "max_depth": 9.253645784395637, "min_child_weight": 3.654486874387715, "subsample": 0.8904794312227539}, "datetime": {"datetime": "2020-04-25 15:21:11", "elapsed": 1714.526863, "delta": 10.452031}}
{"target": 0.6198596000000001, "params": {"alpha": 0.9415675233221202, "colsample_bytree": 0.8485114006090548, "lam": 0.954804608032818, "max_depth": 9.923318046780368, "min_child_weight": 2.7381291443155984, "subsample": 0.5132559287168552}, "datetime": {"datetime": "2020-04-25 15:21:22", "elapsed": 1726.08275, "delta": 11.555887}}
{"target": 0.6344682, "params": {"alpha": 0.9913046886718623, "colsample_bytree": 0.8182412648069457, "lam": 0.13485732163467323, "max_depth": 6.664248531898506, "min_child_weight": 7.2284090349695145, "subsample": 0.8806731981753899}, "datetime": {"datetime": "2020-04-25 15:21:31", "elapsed": 1734.82324, "delta": 8.74049}}
{"target": 0.6312826, "params": {"alpha": 0.35689405002199537, "colsample_bytree": 0.8752400796346129, "lam": 0.027025292745312623, "max_depth": 5.450800810395776, "min_child_weight": 9.344810172058203, "subsample": 0.762111234241593}, "datetime": {"datetime": "2020-04-25 15:21:43", "elapsed": 1746.474095, "delta": 11.650855}}
{"target": 0.628984, "params": {"alpha": 0.942215376562102, "colsample_bytree": 0.8698164570598252, "lam": 0.013930174388238958, "max_depth": 4.206924267590649, "min_child_weight": 9.125056908118921, "subsample": 0.8364846742467678}, "datetime": {"datetime": "2020-04-25 15:21:53", "elapsed": 1756.890454, "delta": 10.416359}}
{"target": 0.6253494, "params": {"alpha": 0.02997516243437648, "colsample_bytree": 0.835759808311648, "lam": 0.9860212445878048, "max_depth": 4.778405239633186, "min_child_weight": 8.616241843501015, "subsample": 0.5261408050036489}, "datetime": {"datetime": "2020-04-25 15:22:03", "elapsed": 1766.563728, "delta": 9.673274}}
{"target": 0.6414793999999999, "params": {"alpha": 0.9612858869627016, "colsample_bytree": 0.8217867768752541, "lam": 0.9127764770764448, "max_depth": 6.460619765848779, "min_child_weight": 8.73595524690195, "subsample": 0.8252528457023824}, "datetime": {"datetime": "2020-04-25 15:22:12", "elapsed": 1775.53289, "delta": 8.969162}}
{"target": 0.6261304, "params": {"alpha": 0.9846118870024642, "colsample_bytree": 0.7678720059391237, "lam": 0.9855700638562296, "max_depth": 8.682635171797315, "min_child_weight": 6.885203693519252, "subsample": 0.841854467841554}, "datetime": {"datetime": "2020-04-25 15:22:21", "elapsed": 1784.334296, "delta": 8.801406}}
{"target": 0.6210658, "params": {"alpha": 5.626006193222402e-09, "colsample_bytree": 0.9, "lam": 0.0, "max_depth": 4.9408087344330935, "min_child_weight": 1.0000000138380878, "subsample": 0.9}, "datetime": {"datetime": "2020-04-25 15:22:31", "elapsed": 1794.137864, "delta": 9.803568}}
{"target": 0.6344831999999999, "params": {"alpha": 0.006130761667054396, "colsample_bytree": 0.6625448812986059, "lam": 0.4966909533106082, "max_depth": 6.562810478720463, "min_child_weight": 8.972715847684999, "subsample": 0.8479858330111554}, "datetime": {"datetime": "2020-04-25 15:22:37", "elapsed": 1800.834881, "delta": 6.697017}}
{"target": 0.6382076, "params": {"alpha": 0.39345736324781766, "colsample_bytree": 0.8966249713876312, "lam": 0.9921393917504264, "max_depth": 7.9149843934414585, "min_child_weight": 7.698071464656019, "subsample": 0.8535877142982095}, "datetime": {"datetime": "2020-04-25 15:22:48", "elapsed": 1811.211081, "delta": 10.3762}}
{"target": 0.6369364, "params": {"alpha": 0.9847918750427332, "colsample_bytree": 0.841642472389782, "lam": 0.8854503054366782, "max_depth": 7.646937689647548, "min_child_weight": 7.095459308383723, "subsample": 0.7536494137177246}, "datetime": {"datetime": "2020-04-25 15:22:56", "elapsed": 1820.046084, "delta": 8.835003}}
{"target": 0.6338306, "params": {"alpha": 0.5820170862854858, "colsample_bytree": 0.8352157300110168, "lam": 0.4277631418534392, "max_depth": 9.036539417279213, "min_child_weight": 7.995234888874685, "subsample": 0.8618539338198654}, "datetime": {"datetime": "2020-04-25 15:23:06", "elapsed": 1829.475761, "delta": 9.429677}}
{"target": 0.6400718000000001, "params": {"alpha": 0.9875961519263473, "colsample_bytree": 0.8757643674292745, "lam": 0.9753322605613335, "max_depth": 8.048822722215842, "min_child_weight": 6.864255043207722, "subsample": 0.8712481632148107}, "datetime": {"datetime": "2020-04-25 15:23:17", "elapsed": 1840.639477, "delta": 11.163716}}
{"target": 0.6223496, "params": {"alpha": 0.9911787625701075, "colsample_bytree": 0.7514077191640235, "lam": 0.9321689926758499, "max_depth": 5.675779393639885, "min_child_weight": 9.086447654847301, "subsample": 0.5249479145705527}, "datetime": {"datetime": "2020-04-25 15:23:25", "elapsed": 1848.782027, "delta": 8.14255}}
{"target": 0.6288374000000001, "params": {"alpha": 0.0043990787741247095, "colsample_bytree": 0.8809419621452501, "lam": 0.9754539230333006, "max_depth": 4.400101663704662, "min_child_weight": 5.865996980962793, "subsample": 0.854577174714271}, "datetime": {"datetime": "2020-04-25 15:23:36", "elapsed": 1859.229291, "delta": 10.447264}}
{"target": 0.6248268, "params": {"alpha": 0.030357937625455578, "colsample_bytree": 0.8658254449514575, "lam": 0.5487861505409564, "max_depth": 4.463092887047752, "min_child_weight": 9.636777218621766, "subsample": 0.6779578703640985}, "datetime": {"datetime": "2020-04-25 15:23:45", "elapsed": 1868.7676, "delta": 9.538309}}
{"target": 0.619051, "params": {"alpha": 0.16944059906913211, "colsample_bytree": 0.5841615258265548, "lam": 0.9962557401361413, "max_depth": 9.566504851521845, "min_child_weight": 8.28755585618022, "subsample": 0.8687470991791608}, "datetime": {"datetime": "2020-04-25 15:23:55", "elapsed": 1878.267182, "delta": 9.499582}}
{"target": 0.6236597999999999, "params": {"alpha": 0.9836397837947727, "colsample_bytree": 0.8997190992893114, "lam": 0.4834303452019353, "max_depth": 8.437406722545097, "min_child_weight": 6.362098801236131, "subsample": 0.5872924604954985}, "datetime": {"datetime": "2020-04-25 15:24:05", "elapsed": 1888.667588, "delta": 10.400406}}
{"target": 0.6203107999999999, "params": {"alpha": 0.05213943547841671, "colsample_bytree": 0.8848105703112482, "lam": 0.9646479627062194, "max_depth": 7.1136569732148285, "min_child_weight": 1.4391594188260073, "subsample": 0.8927635378079348}, "datetime": {"datetime": "2020-04-25 15:24:16", "elapsed": 1899.965815, "delta": 11.298227}}
