{"target": 0.6278037999999999, "params": {"alpha": 0.992850162138533, "colsample_bytree": 0.7625877857281111, "lam": 0.016922566672066153, "max_depth": 6.007188471859939, "min_child_weight": 9.157397148835422, "subsample": 0.8265520370412958}, "datetime": {"datetime": "2020-04-25 00:09:40", "elapsed": 6648.339281, "delta": 17.529198}}
{"target": 0.6255262, "params": {"alpha": 0.993551061333141, "colsample_bytree": 0.6418276783230438, "lam": 0.1547426655481965, "max_depth": 4.864523282222777, "min_child_weight": 9.356301845651114, "subsample": 0.5500775197113984}, "datetime": {"datetime": "2020-04-25 00:10:02", "elapsed": 6670.756597, "delta": 22.417316}}
{"target": 0.6419075999999999, "params": {"alpha": 9.803023720642041e-07, "colsample_bytree": 0.9, "lam": 0.16092258975188636, "max_depth": 7.7283348440035, "min_child_weight": 8.335320797801751, "subsample": 0.8999999999999997}, "datetime": {"datetime": "2020-04-25 00:10:30", "elapsed": 6698.988505, "delta": 28.231908}}
{"target": 0.6373559999999999, "params": {"alpha": 0.9836255547187109, "colsample_bytree": 0.8768984530619192, "lam": 0.6427354588874797, "max_depth": 5.897488262090638, "min_child_weight": 9.940104430315944, "subsample": 0.7456094371254781}, "datetime": {"datetime": "2020-04-25 00:10:54", "elapsed": 6722.664413, "delta": 23.675908}}
{"target": 0.6316062, "params": {"alpha": 0.09684765022097985, "colsample_bytree": 0.685245247951362, "lam": 0.9144335511779863, "max_depth": 9.970628025388944, "min_child_weight": 9.810869606682118, "subsample": 0.7009509496794644}, "datetime": {"datetime": "2020-04-25 00:11:27", "elapsed": 6755.209192, "delta": 32.544779}}
{"target": 0.6341994, "params": {"alpha": 0.549905665275115, "colsample_bytree": 0.8415973558868264, "lam": 0.48941903489121474, "max_depth": 7.037441968859668, "min_child_weight": 9.848469506463399, "subsample": 0.8717908791260189}, "datetime": {"datetime": "2020-04-25 00:11:58", "elapsed": 6786.954311, "delta": 31.745119}}
{"target": 0.6353188000000001, "params": {"alpha": 0.3344102941246061, "colsample_bytree": 0.7603322541552606, "lam": 0.01195498192877531, "max_depth": 5.338247140994662, "min_child_weight": 9.305512157203697, "subsample": 0.5011898034819483}, "datetime": {"datetime": "2020-04-25 00:12:30", "elapsed": 6818.508066, "delta": 31.553755}}
{"target": 0.6305498, "params": {"alpha": 0.05313176695388022, "colsample_bytree": 0.8933395795249137, "lam": 0.5881407049391749, "max_depth": 3.795735993533282, "min_child_weight": 1.9006897493289485, "subsample": 0.7974724091045018}, "datetime": {"datetime": "2020-04-25 00:12:59", "elapsed": 6847.476366, "delta": 28.9683}}
{"target": 0.6351164, "params": {"alpha": 0.3613176842404807, "colsample_bytree": 0.8583898341866351, "lam": 0.019408615798023, "max_depth": 7.44726017932617, "min_child_weight": 6.414359709818535, "subsample": 0.8923976045462216}, "datetime": {"datetime": "2020-04-25 00:13:38", "elapsed": 6886.682516, "delta": 39.20615}}
{"target": 0.6357438, "params": {"alpha": 0.5117676380780145, "colsample_bytree": 0.8281575771275793, "lam": 0.2283856117084212, "max_depth": 9.376014054724713, "min_child_weight": 9.907333101380223, "subsample": 0.7869425410000548}, "datetime": {"datetime": "2020-04-25 00:14:14", "elapsed": 6922.922039, "delta": 36.239523}}
{"target": 0.6314044, "params": {"alpha": 0.9887320515598463, "colsample_bytree": 0.8429022143891823, "lam": 0.14812508019401083, "max_depth": 6.362333890434906, "min_child_weight": 7.829226488277452, "subsample": 0.8504732509573258}, "datetime": {"datetime": "2020-04-25 00:14:51", "elapsed": 6959.563751, "delta": 36.641712}}
{"target": 0.628243, "params": {"alpha": 0.9999999990253491, "colsample_bytree": 0.8999999992270252, "lam": 0.9999999997908361, "max_depth": 9.994226239839325, "min_child_weight": 6.163341196238379, "subsample": 0.8999999984897968}, "datetime": {"datetime": "2020-04-25 00:15:26", "elapsed": 6994.524495, "delta": 34.960744}}
{"target": 0.6397804, "params": {"alpha": 0.06149017062417783, "colsample_bytree": 0.811107143604672, "lam": 0.017489904157781178, "max_depth": 6.986449279846374, "min_child_weight": 3.708639904255037, "subsample": 0.8995976391930265}, "datetime": {"datetime": "2020-04-25 00:15:50", "elapsed": 7018.586052, "delta": 24.061557}}
{"target": 0.630873, "params": {"alpha": 0.02494390797635726, "colsample_bytree": 0.8205736237871237, "lam": 0.08697951955925076, "max_depth": 9.944611909354116, "min_child_weight": 7.122168468182726, "subsample": 0.8704842179151964}, "datetime": {"datetime": "2020-04-25 00:16:17", "elapsed": 7045.550993, "delta": 26.964941}}
{"target": 0.6112472, "params": {"alpha": 1.0, "colsample_bytree": 0.9, "lam": 0.36931644752385134, "max_depth": 4.507073258703788, "min_child_weight": 1.0, "subsample": 0.5}, "datetime": {"datetime": "2020-04-25 00:16:52", "elapsed": 7080.208607, "delta": 34.657614}}
{"target": 0.6209688, "params": {"alpha": 0.01461425877821565, "colsample_bytree": 0.7332859837912404, "lam": 0.4083325920987614, "max_depth": 9.939469568931177, "min_child_weight": 8.499345318814514, "subsample": 0.897040151054348}, "datetime": {"datetime": "2020-04-25 00:17:21", "elapsed": 7109.784794, "delta": 29.576187}}
{"target": 0.6304006, "params": {"alpha": 0.735445602287931, "colsample_bytree": 0.8226101562213353, "lam": 0.10382460549634143, "max_depth": 9.30144946013197, "min_child_weight": 8.95795600669161, "subsample": 0.8991309769181974}, "datetime": {"datetime": "2020-04-25 00:17:46", "elapsed": 7134.572193, "delta": 24.787399}}
{"target": 0.6315942, "params": {"alpha": 0.8325750894553444, "colsample_bytree": 0.8949404762321689, "lam": 0.9665175548494496, "max_depth": 8.120775889378255, "min_child_weight": 7.475430758272807, "subsample": 0.8884285656256559}, "datetime": {"datetime": "2020-04-25 00:18:17", "elapsed": 7165.5227, "delta": 30.950507}}
{"target": 0.6165117999999999, "params": {"alpha": 0.06971292840415888, "colsample_bytree": 0.8999786930643092, "lam": 0.9546978460834477, "max_depth": 5.814184551765779, "min_child_weight": 5.97224481682678, "subsample": 0.5274805170949823}, "datetime": {"datetime": "2020-04-25 00:18:38", "elapsed": 7186.432698, "delta": 20.909998}}
{"target": 0.6319642, "params": {"alpha": 0.041911043653554025, "colsample_bytree": 0.8826485817773568, "lam": 0.4623470899152554, "max_depth": 8.403556688079291, "min_child_weight": 7.45881766560846, "subsample": 0.8518336714647803}, "datetime": {"datetime": "2020-04-25 00:19:07", "elapsed": 7215.23148, "delta": 28.798782}}
{"target": 0.6248507999999999, "params": {"alpha": 0.9803287833215558, "colsample_bytree": 0.8426848423677133, "lam": 0.002724635069427661, "max_depth": 5.173015611976678, "min_child_weight": 4.629464897909332, "subsample": 0.8072740045089526}, "datetime": {"datetime": "2020-04-25 00:19:39", "elapsed": 7247.960232, "delta": 32.728752}}
{"target": 0.5984806, "params": {"alpha": 0.9675701682404532, "colsample_bytree": 0.854278578394389, "lam": 0.027907772542474674, "max_depth": 3.3497127058014073, "min_child_weight": 9.424181659955575, "subsample": 0.894666176049687}, "datetime": {"datetime": "2020-04-25 00:20:09", "elapsed": 7277.742814, "delta": 29.782582}}
{"target": 0.64062, "params": {"alpha": 0.9879250640091817, "colsample_bytree": 0.8412752289922969, "lam": 0.027197069103009897, "max_depth": 7.535446644018365, "min_child_weight": 7.244394852160876, "subsample": 0.8394975334446636}, "datetime": {"datetime": "2020-04-25 00:20:37", "elapsed": 7305.13171, "delta": 27.388896}}
{"target": 0.6285335999999999, "params": {"alpha": 0.00829883587465674, "colsample_bytree": 0.8973616358963273, "lam": 0.47060879611242723, "max_depth": 9.279622209422916, "min_child_weight": 5.070046838689629, "subsample": 0.8904511829699933}, "datetime": {"datetime": "2020-04-25 00:21:13", "elapsed": 7341.601382, "delta": 36.469672}}
{"target": 0.6218960000000001, "params": {"alpha": 0.926333497974432, "colsample_bytree": 0.7519876014938018, "lam": 0.0014878070844737135, "max_depth": 7.807291647877591, "min_child_weight": 6.5362787002561955, "subsample": 0.873228505200208}, "datetime": {"datetime": "2020-04-25 00:21:44", "elapsed": 7372.797905, "delta": 31.196523}}
{"target": 0.6186012000000001, "params": {"alpha": 0.9981800229252578, "colsample_bytree": 0.8982830584478007, "lam": 0.10130532608353027, "max_depth": 9.967544527363934, "min_child_weight": 8.685924946777167, "subsample": 0.5323748669756051}, "datetime": {"datetime": "2020-04-25 00:22:13", "elapsed": 7401.473685, "delta": 28.67578}}
{"target": 0.6151558, "params": {"alpha": 0.9466529367005859, "colsample_bytree": 0.8712230223118796, "lam": 0.9980319920938451, "max_depth": 6.100973470732036, "min_child_weight": 6.65018150332207, "subsample": 0.5152919888411411}, "datetime": {"datetime": "2020-04-25 00:22:44", "elapsed": 7432.834379, "delta": 31.360694}}
{"target": 0.61951, "params": {"alpha": 0.8654934634771577, "colsample_bytree": 0.8480038273279493, "lam": 0.4732578050745284, "max_depth": 4.545079619623518, "min_child_weight": 3.880058186252266, "subsample": 0.7159404486587919}, "datetime": {"datetime": "2020-04-25 00:23:21", "elapsed": 7469.276418, "delta": 36.442039}}
{"target": 0.627618, "params": {"alpha": 4.077896151327833e-18, "colsample_bytree": 0.8999999999988185, "lam": 1.7425482270889383e-12, "max_depth": 9.121940445291228, "min_child_weight": 5.676749157406088, "subsample": 0.8999999901483994}, "datetime": {"datetime": "2020-04-25 00:23:55", "elapsed": 7503.621458, "delta": 34.34504}}
{"target": 0.6384456, "params": {"alpha": 0.972825004808823, "colsample_bytree": 0.8730480376339063, "lam": 0.025617542915153613, "max_depth": 6.364938564507483, "min_child_weight": 7.037304540588483, "subsample": 0.8831469816337472}, "datetime": {"datetime": "2020-04-25 00:24:28", "elapsed": 7536.139129, "delta": 32.517671}}
{"target": 0.6385424000000001, "params": {"alpha": 0.33055233462210043, "colsample_bytree": 0.8583406341640694, "lam": 0.002487311528149627, "max_depth": 4.894828158649052, "min_child_weight": 6.114113492790583, "subsample": 0.8566978662025957}, "datetime": {"datetime": "2020-04-25 00:25:00", "elapsed": 7568.477483, "delta": 32.338354}}
{"target": 0.6247361999999999, "params": {"alpha": 0.7179500254270436, "colsample_bytree": 0.6482060589938765, "lam": 0.9852487161134104, "max_depth": 5.851601448819988, "min_child_weight": 9.893609923752564, "subsample": 0.5376975325618787}, "datetime": {"datetime": "2020-04-25 00:25:31", "elapsed": 7599.703814, "delta": 31.226331}}
{"target": 0.6375432, "params": {"alpha": 0.908274198199581, "colsample_bytree": 0.8756657882332061, "lam": 0.007914745217489583, "max_depth": 7.063968352415413, "min_child_weight": 7.318308170093157, "subsample": 0.894987980635668}, "datetime": {"datetime": "2020-04-25 00:25:59", "elapsed": 7627.886577, "delta": 28.182763}}
{"target": 0.6390931999999999, "params": {"alpha": 0.0665657808605783, "colsample_bytree": 0.899297104294968, "lam": 0.9809112654626456, "max_depth": 9.456234636166913, "min_child_weight": 8.131966958147107, "subsample": 0.8664660482337736}, "datetime": {"datetime": "2020-04-25 00:26:28", "elapsed": 7656.405127, "delta": 28.51855}}
{"target": 0.6262154, "params": {"alpha": 0.9280681830644196, "colsample_bytree": 0.8797370490106527, "lam": 0.1634783472166852, "max_depth": 4.452618884983039, "min_child_weight": 9.986475684705795, "subsample": 0.7078708699251444}, "datetime": {"datetime": "2020-04-25 00:27:07", "elapsed": 7695.573333, "delta": 39.168206}}
{"target": 0.6404928, "params": {"alpha": 0.037238465317624536, "colsample_bytree": 0.8979889072160931, "lam": 0.9902667199189131, "max_depth": 5.144253373119563, "min_child_weight": 3.426624433441471, "subsample": 0.7907471200206773}, "datetime": {"datetime": "2020-04-25 00:27:33", "elapsed": 7721.499682, "delta": 25.926349}}
{"target": 0.6250002, "params": {"alpha": 0.983188963260713, "colsample_bytree": 0.8687191356638193, "lam": 0.30666367659360105, "max_depth": 6.378861822341341, "min_child_weight": 4.589761676227512, "subsample": 0.8998656629322244}, "datetime": {"datetime": "2020-04-25 00:28:03", "elapsed": 7751.401614, "delta": 29.901932}}
{"target": 0.6320446000000001, "params": {"alpha": 0.20399671279846232, "colsample_bytree": 0.8285177968955428, "lam": 0.02500000992829776, "max_depth": 6.070887875350584, "min_child_weight": 6.114212459598702, "subsample": 0.8806155900751831}, "datetime": {"datetime": "2020-04-25 00:28:28", "elapsed": 7776.477013, "delta": 25.075399}}
{"target": 0.625023, "params": {"alpha": 0.7142855672803939, "colsample_bytree": 0.7886268215027191, "lam": 0.6585068668356832, "max_depth": 7.905246884530246, "min_child_weight": 9.027337089555159, "subsample": 0.7039005916295205}, "datetime": {"datetime": "2020-04-25 00:29:01", "elapsed": 7809.322435, "delta": 32.845422}}
{"target": 0.6314919999999999, "params": {"alpha": 0.9426959058519567, "colsample_bytree": 0.8963025536073674, "lam": 0.9852640536220774, "max_depth": 7.031708175872761, "min_child_weight": 4.185256827388731, "subsample": 0.8569811097264566}, "datetime": {"datetime": "2020-04-25 00:29:47", "elapsed": 7855.380879, "delta": 46.058444}}
{"target": 0.6482586, "params": {"alpha": 0.08932272741223235, "colsample_bytree": 0.8574454841797885, "lam": 0.19078644831782465, "max_depth": 7.061199065685716, "min_child_weight": 8.079663634520106, "subsample": 0.8908733567646236}, "datetime": {"datetime": "2020-04-25 00:30:24", "elapsed": 7892.554195, "delta": 37.173316}}
{"target": 0.6430748000000001, "params": {"alpha": 0.924664665960904, "colsample_bytree": 0.8695017993071523, "lam": 0.8685498281132119, "max_depth": 5.709901638125823, "min_child_weight": 7.827939936105216, "subsample": 0.8459728331466427}, "datetime": {"datetime": "2020-04-25 00:30:56", "elapsed": 7924.23602, "delta": 31.681825}}
{"target": 0.6248986000000001, "params": {"alpha": 0.0, "colsample_bytree": 0.8999999880340953, "lam": 0.9999999721862973, "max_depth": 5.406801638743285, "min_child_weight": 1.0, "subsample": 0.8999999768798699}, "datetime": {"datetime": "2020-04-25 00:31:22", "elapsed": 7950.248348, "delta": 26.012328}}
{"target": 0.5944594000000001, "params": {"alpha": 0.03758687845630959, "colsample_bytree": 0.8903452682563098, "lam": 0.6497615755929737, "max_depth": 9.230162621154147, "min_child_weight": 1.0184117519391793, "subsample": 0.8838728437250137}, "datetime": {"datetime": "2020-04-25 00:31:53", "elapsed": 7981.935299, "delta": 31.686951}}
{"target": 0.5795556, "params": {"alpha": 1.1481532389605132e-07, "colsample_bytree": 0.5, "lam": 0.990310844480473, "max_depth": 6.512006383555324, "min_child_weight": 5.761845151638295, "subsample": 0.5000001135187341}, "datetime": {"datetime": "2020-04-25 00:32:15", "elapsed": 8003.327473, "delta": 21.392174}}
{"target": 0.6363624000000001, "params": {"alpha": 0.07609023634466827, "colsample_bytree": 0.8573724984954693, "lam": 0.9996727265993729, "max_depth": 8.06710780299861, "min_child_weight": 8.118131572866542, "subsample": 0.7814352995758473}, "datetime": {"datetime": "2020-04-25 00:32:44", "elapsed": 8032.98623, "delta": 29.658757}}
{"target": 0.6166512, "params": {"alpha": 0.8733406577214773, "colsample_bytree": 0.8633103816884471, "lam": 0.9948601300381577, "max_depth": 6.266562625838112, "min_child_weight": 4.637077435190662, "subsample": 0.5161332321378174}, "datetime": {"datetime": "2020-04-25 00:33:19", "elapsed": 8067.199647, "delta": 34.213417}}
{"target": 0.6202904, "params": {"alpha": 0.8059345661101912, "colsample_bytree": 0.8970994993352579, "lam": 0.001900530728059624, "max_depth": 8.17451112512955, "min_child_weight": 5.706836340022073, "subsample": 0.5409456010443804}, "datetime": {"datetime": "2020-04-25 00:34:01", "elapsed": 8109.610482, "delta": 42.410835}}
{"target": 0.6180224, "params": {"alpha": 0.76261035014617, "colsample_bytree": 0.8953040620336659, "lam": 0.5031972319463033, "max_depth": 5.006187986064065, "min_child_weight": 6.3056556383604185, "subsample": 0.5232372602559734}, "datetime": {"datetime": "2020-04-25 00:34:30", "elapsed": 8138.364045, "delta": 28.753563}}
{"target": 0.6217706, "params": {"alpha": 0.0003290859487788955, "colsample_bytree": 0.7613832400431892, "lam": 0.04178570735062148, "max_depth": 5.979901496567314, "min_child_weight": 9.306075465927531, "subsample": 0.617348021148752}, "datetime": {"datetime": "2020-04-25 00:35:03", "elapsed": 8172.011426, "delta": 33.647381}}
{"target": 0.6248803999999999, "params": {"alpha": 0.9846996490353123, "colsample_bytree": 0.7288740459879517, "lam": 0.4279053509899251, "max_depth": 8.008008590951054, "min_child_weight": 9.963898720582593, "subsample": 0.8422862082736795}, "datetime": {"datetime": "2020-04-25 00:35:32", "elapsed": 8200.721437, "delta": 28.710011}}
{"target": 0.6482430000000001, "params": {"alpha": 0.9439138206320457, "colsample_bytree": 0.8651179825422353, "lam": 0.5928308022149938, "max_depth": 8.466482496554438, "min_child_weight": 8.482865673350597, "subsample": 0.8333625440410491}, "datetime": {"datetime": "2020-04-25 00:36:08", "elapsed": 8236.240209, "delta": 35.518772}}
{"target": 0.6378222, "params": {"alpha": 0.7664009570494744, "colsample_bytree": 0.8546923531836386, "lam": 0.03565796013679334, "max_depth": 5.0572461335278165, "min_child_weight": 9.560159450722315, "subsample": 0.5685255283866721}, "datetime": {"datetime": "2020-04-25 00:36:35", "elapsed": 8263.507694, "delta": 27.267485}}
{"target": 0.6381172, "params": {"alpha": 0.9762995733328249, "colsample_bytree": 0.8295193787499835, "lam": 0.015417268890598135, "max_depth": 4.909086032034228, "min_child_weight": 8.985231731853052, "subsample": 0.6890545491782264}, "datetime": {"datetime": "2020-04-25 00:37:17", "elapsed": 8305.912855, "delta": 42.405161}}
{"target": 0.6491054, "params": {"alpha": 0.949551894394329, "colsample_bytree": 0.7839708749920749, "lam": 0.9527534907293622, "max_depth": 8.480172042400564, "min_child_weight": 9.978940408061604, "subsample": 0.8115657921712185}, "datetime": {"datetime": "2020-04-25 00:37:43", "elapsed": 8331.481304, "delta": 25.568449}}
