{"target": 0.6149760000000001, "params": {"alpha": 0.9637855739922827, "colsample_bytree": 0.6008714536088112, "lam": 0.025821166781200278, "max_depth": 8.205289021551646, "min_child_weight": 9.963341621706117, "subsample": 0.7216788551788781}, "datetime": {"datetime": "2020-04-25 13:07:29", "elapsed": 2868.684904, "delta": 12.300425}}
{"target": 0.619295, "params": {"alpha": 0.4864647263419093, "colsample_bytree": 0.8900321401404307, "lam": 0.36230609649368584, "max_depth": 9.936966850311798, "min_child_weight": 5.1605173674497165, "subsample": 0.6734641727809428}, "datetime": {"datetime": "2020-04-25 13:07:43", "elapsed": 2883.548337, "delta": 14.863433}}
{"target": 0.6460334, "params": {"alpha": 0.1709911278616697, "colsample_bytree": 0.8472044545089339, "lam": 0.0014109388362222308, "max_depth": 7.216803071521416, "min_child_weight": 9.079259963939878, "subsample": 0.8884199073356887}, "datetime": {"datetime": "2020-04-25 13:07:58", "elapsed": 2898.188978, "delta": 14.640641}}
{"target": 0.6266746000000001, "params": {"alpha": 0.029969517105995602, "colsample_bytree": 0.7779100449074439, "lam": 0.0022502379162190334, "max_depth": 5.802770559717113, "min_child_weight": 5.550338132568978, "subsample": 0.8987948859288747}, "datetime": {"datetime": "2020-04-25 13:08:16", "elapsed": 2915.990399, "delta": 17.801421}}
{"target": 0.6463708, "params": {"alpha": 0.9687756633323774, "colsample_bytree": 0.8503913784490906, "lam": 0.006553282772677416, "max_depth": 8.587939785031065, "min_child_weight": 8.374475367528113, "subsample": 0.8982103185063395}, "datetime": {"datetime": "2020-04-25 13:08:32", "elapsed": 2931.947597, "delta": 15.957198}}
{"target": 0.6339576, "params": {"alpha": 6.501771429475798e-08, "colsample_bytree": 0.7206928784511711, "lam": 9.867013063550793e-05, "max_depth": 7.358677306048232, "min_child_weight": 5.636797388318578, "subsample": 0.899832500850746}, "datetime": {"datetime": "2020-04-25 13:08:50", "elapsed": 2949.940704, "delta": 17.993107}}
{"target": 0.6374662000000001, "params": {"alpha": 0.9966177405896823, "colsample_bytree": 0.8492991423852038, "lam": 0.051519372201791924, "max_depth": 8.248772862473617, "min_child_weight": 8.731727723381297, "subsample": 0.7767667712587045}, "datetime": {"datetime": "2020-04-25 13:09:05", "elapsed": 2965.458567, "delta": 15.517863}}
{"target": 0.6033864, "params": {"alpha": 0.18300179974530395, "colsample_bytree": 0.8880783295891446, "lam": 0.9784557359381717, "max_depth": 3.4440930403111185, "min_child_weight": 3.098496528647996, "subsample": 0.5551190926438502}, "datetime": {"datetime": "2020-04-25 13:09:24", "elapsed": 2984.277417, "delta": 18.81885}}
{"target": 0.6281426, "params": {"alpha": 0.9942725034634263, "colsample_bytree": 0.7075493463446549, "lam": 0.06997468330820789, "max_depth": 8.994470770449665, "min_child_weight": 8.61626489161907, "subsample": 0.7495687932668623}, "datetime": {"datetime": "2020-04-25 13:09:40", "elapsed": 3000.422543, "delta": 16.145126}}
{"target": 0.6367231999999999, "params": {"alpha": 0.7762757717098586, "colsample_bytree": 0.8973861162917212, "lam": 0.9827061543279524, "max_depth": 8.988131108174727, "min_child_weight": 9.999314108132754, "subsample": 0.8486285399579228}, "datetime": {"datetime": "2020-04-25 13:09:51", "elapsed": 3010.807259, "delta": 10.384716}}
{"target": 0.6196576, "params": {"alpha": 0.9735171154329163, "colsample_bytree": 0.8723156009970372, "lam": 0.9648064856206472, "max_depth": 6.423177892168493, "min_child_weight": 5.136282180966267, "subsample": 0.5072130744044508}, "datetime": {"datetime": "2020-04-25 13:10:11", "elapsed": 3030.751737, "delta": 19.944478}}
{"target": 0.6323284, "params": {"alpha": 0.6545147851772345, "colsample_bytree": 0.8955290414814624, "lam": 0.6314232332688839, "max_depth": 7.389034864551855, "min_child_weight": 9.911567679234672, "subsample": 0.8470876345861784}, "datetime": {"datetime": "2020-04-25 13:10:24", "elapsed": 3044.246921, "delta": 13.495184}}
{"target": 0.6406154, "params": {"alpha": 0.9232771664560103, "colsample_bytree": 0.8740213219853915, "lam": 0.007577565841655698, "max_depth": 7.518508005797208, "min_child_weight": 7.625669815854304, "subsample": 0.8861120543245383}, "datetime": {"datetime": "2020-04-25 13:10:39", "elapsed": 3059.538085, "delta": 15.291164}}
{"target": 0.6299666, "params": {"alpha": 0.9867946461626278, "colsample_bytree": 0.7165008918896922, "lam": 0.702751324066931, "max_depth": 4.837975218657943, "min_child_weight": 5.948410894377052, "subsample": 0.8876361413143702}, "datetime": {"datetime": "2020-04-25 13:10:53", "elapsed": 3073.593139, "delta": 14.055054}}
{"target": 0.6398986, "params": {"alpha": 0.37491552222531854, "colsample_bytree": 0.8786333304911398, "lam": 0.004341845006083478, "max_depth": 7.364504337959983, "min_child_weight": 8.873930768831926, "subsample": 0.8934054994451655}, "datetime": {"datetime": "2020-04-25 13:11:10", "elapsed": 3089.719714, "delta": 16.126575}}
{"target": 0.6387684, "params": {"alpha": 0.002686657744560783, "colsample_bytree": 0.8915790750937242, "lam": 0.33047198988206006, "max_depth": 7.289462893313734, "min_child_weight": 3.705716501819948, "subsample": 0.8832305288004199}, "datetime": {"datetime": "2020-04-25 13:11:27", "elapsed": 3107.459468, "delta": 17.739754}}
{"target": 0.6462122000000001, "params": {"alpha": 0.9414183568253269, "colsample_bytree": 0.8617054393309149, "lam": 0.9930718219830794, "max_depth": 5.217956994661977, "min_child_weight": 4.079026328362033, "subsample": 0.8523959447406464}, "datetime": {"datetime": "2020-04-25 13:11:45", "elapsed": 3125.552822, "delta": 18.093354}}
{"target": 0.6013748, "params": {"alpha": 0.0, "colsample_bytree": 0.9, "lam": 0.999999997859448, "max_depth": 3.0, "min_child_weight": 1.0, "subsample": 0.5}, "datetime": {"datetime": "2020-04-25 13:12:03", "elapsed": 3143.151219, "delta": 17.598397}}
{"target": 0.6425454, "params": {"alpha": 0.9902419952032713, "colsample_bytree": 0.8286961060204115, "lam": 0.5893279204143809, "max_depth": 5.388859120824579, "min_child_weight": 3.748006221369499, "subsample": 0.808105168546162}, "datetime": {"datetime": "2020-04-25 13:12:16", "elapsed": 3156.205368, "delta": 13.054149}}
{"target": 0.6283559999999999, "params": {"alpha": 0.9911655901148989, "colsample_bytree": 0.8804261704488903, "lam": 0.950405858287518, "max_depth": 5.109591667558916, "min_child_weight": 4.290448517235948, "subsample": 0.6454315561297861}, "datetime": {"datetime": "2020-04-25 13:12:30", "elapsed": 3170.544937, "delta": 14.339569}}
{"target": 0.6393595999999999, "params": {"alpha": 0.8289752045116657, "colsample_bytree": 0.8463677716353996, "lam": 0.9989863710382063, "max_depth": 5.172998960589361, "min_child_weight": 3.7592413229404738, "subsample": 0.8509312161473264}, "datetime": {"datetime": "2020-04-25 13:12:42", "elapsed": 3182.620042, "delta": 12.075105}}
{"target": 0.6300582, "params": {"alpha": 0.0, "colsample_bytree": 0.8999999922380789, "lam": 8.830876329498247e-08, "max_depth": 7.004037413651813, "min_child_weight": 4.3732012392840875, "subsample": 0.8999999141885479}, "datetime": {"datetime": "2020-04-25 13:12:59", "elapsed": 3198.795483, "delta": 16.175441}}
{"target": 0.6247022, "params": {"alpha": 0.4854468907948293, "colsample_bytree": 0.5937915132698752, "lam": 0.9994756878100268, "max_depth": 5.555373768461096, "min_child_weight": 6.534662188914574, "subsample": 0.8888430716173434}, "datetime": {"datetime": "2020-04-25 13:13:13", "elapsed": 3213.663743, "delta": 14.86826}}
{"target": 0.6429462, "params": {"alpha": 0.16096740650441332, "colsample_bytree": 0.8044341974572666, "lam": 0.9759803173710984, "max_depth": 6.993688657844467, "min_child_weight": 7.135589840123697, "subsample": 0.8174133082560662}, "datetime": {"datetime": "2020-04-25 13:13:27", "elapsed": 3226.719165, "delta": 13.055422}}
{"target": 0.64878, "params": {"alpha": 0.9394067116497766, "colsample_bytree": 0.8946524965646977, "lam": 0.5609726432813469, "max_depth": 5.410958424930129, "min_child_weight": 4.143286336329676, "subsample": 0.883670517654944}, "datetime": {"datetime": "2020-04-25 13:13:41", "elapsed": 3241.079774, "delta": 14.360609}}
{"target": 0.5888642000000001, "params": {"alpha": 0.6637407471075691, "colsample_bytree": 0.5536268365191428, "lam": 0.9676548981995059, "max_depth": 4.135604875153311, "min_child_weight": 5.866020092942947, "subsample": 0.5283938681509565}, "datetime": {"datetime": "2020-04-25 13:14:00", "elapsed": 3259.903473, "delta": 18.823699}}
{"target": 0.5919214, "params": {"alpha": 0.8836237413122285, "colsample_bytree": 0.9, "lam": 7.86463926413305e-17, "max_depth": 3.0, "min_child_weight": 4.561054732928214, "subsample": 0.8625795483619041}, "datetime": {"datetime": "2020-04-25 13:14:15", "elapsed": 3275.03566, "delta": 15.132187}}
{"target": 0.624091, "params": {"alpha": 1.0, "colsample_bytree": 0.8999998982164015, "lam": 1.0, "max_depth": 9.012877206205504, "min_child_weight": 4.171942041828242, "subsample": 0.9}, "datetime": {"datetime": "2020-04-25 13:14:31", "elapsed": 3291.052506, "delta": 16.016846}}
{"target": 0.6352692, "params": {"alpha": 0.3990299372515249, "colsample_bytree": 0.8926500561415958, "lam": 0.4785929738893422, "max_depth": 9.850443522836716, "min_child_weight": 6.915970299783091, "subsample": 0.7805490859878943}, "datetime": {"datetime": "2020-04-25 13:14:50", "elapsed": 3309.897327, "delta": 18.844821}}
{"target": 0.6334962, "params": {"alpha": 0.9575026980154666, "colsample_bytree": 0.8996519687844939, "lam": 0.6989601595422642, "max_depth": 9.978547426260384, "min_child_weight": 8.255472448395611, "subsample": 0.5574584882864406}, "datetime": {"datetime": "2020-04-25 13:15:11", "elapsed": 3331.141969, "delta": 21.244642}}
{"target": 0.6396954, "params": {"alpha": 0.954718112477775, "colsample_bytree": 0.8423940548267566, "lam": 0.011328478859100044, "max_depth": 8.044425904045838, "min_child_weight": 7.755789226298768, "subsample": 0.8365938722187896}, "datetime": {"datetime": "2020-04-25 13:15:32", "elapsed": 3352.091362, "delta": 20.949393}}
{"target": 0.636005, "params": {"alpha": 0.9662819184247167, "colsample_bytree": 0.8995629874842501, "lam": 0.6600934559400184, "max_depth": 5.249970388457539, "min_child_weight": 3.2926139736549587, "subsample": 0.8709004412830426}, "datetime": {"datetime": "2020-04-25 13:15:46", "elapsed": 3366.020391, "delta": 13.929029}}
{"target": 0.6408184, "params": {"alpha": 0.9515034560375789, "colsample_bytree": 0.8743318696908053, "lam": 0.6133208810648679, "max_depth": 4.84426329760775, "min_child_weight": 3.866605732010667, "subsample": 0.8908541245700025}, "datetime": {"datetime": "2020-04-25 13:16:00", "elapsed": 3379.820408, "delta": 13.800017}}
{"target": 0.6067264, "params": {"alpha": 0.8729708358127227, "colsample_bytree": 0.8881530257900629, "lam": 0.9604513164402686, "max_depth": 9.09504492446703, "min_child_weight": 1.0398332450975407, "subsample": 0.8540176365710491}, "datetime": {"datetime": "2020-04-25 13:16:15", "elapsed": 3395.609489, "delta": 15.789081}}
{"target": 0.6291818000000001, "params": {"alpha": 0.9812747823485133, "colsample_bytree": 0.87916588772056, "lam": 0.4056641319521306, "max_depth": 8.159422000594187, "min_child_weight": 7.062757836140977, "subsample": 0.8064562721094359}, "datetime": {"datetime": "2020-04-25 13:16:31", "elapsed": 3410.797121, "delta": 15.187632}}
{"target": 0.6384712, "params": {"alpha": 0.28603539257909405, "colsample_bytree": 0.8885568103313621, "lam": 0.8794104222516723, "max_depth": 7.423649564312096, "min_child_weight": 9.150596717725987, "subsample": 0.7278081571229383}, "datetime": {"datetime": "2020-04-25 13:16:46", "elapsed": 3426.326442, "delta": 15.529321}}
{"target": 0.6364734000000001, "params": {"alpha": 0.038084786751430344, "colsample_bytree": 0.879451539284849, "lam": 0.006127915978764276, "max_depth": 8.911425401824268, "min_child_weight": 9.049568299173735, "subsample": 0.8471583102889161}, "datetime": {"datetime": "2020-04-25 13:17:02", "elapsed": 3441.967239, "delta": 15.640797}}
{"target": 0.6028508, "params": {"alpha": 0.5461204364778337, "colsample_bytree": 0.5736551702486736, "lam": 0.07813563478126606, "max_depth": 8.654660212795193, "min_child_weight": 6.423079497463816, "subsample": 0.5102017125823157}, "datetime": {"datetime": "2020-04-25 13:17:20", "elapsed": 3460.246193, "delta": 18.278954}}
{"target": 0.633272, "params": {"alpha": 0.415104999201823, "colsample_bytree": 0.8481000211301684, "lam": 0.9810448921162984, "max_depth": 6.656098633327719, "min_child_weight": 9.944393832025886, "subsample": 0.8994651805586953}, "datetime": {"datetime": "2020-04-25 13:17:34", "elapsed": 3474.414446, "delta": 14.168253}}
{"target": 0.6312770000000001, "params": {"alpha": 0.05823116722155586, "colsample_bytree": 0.8905884160151756, "lam": 0.2842554061051856, "max_depth": 7.354983550623628, "min_child_weight": 9.346074636631641, "subsample": 0.8699853432846383}, "datetime": {"datetime": "2020-04-25 13:17:57", "elapsed": 3496.854725, "delta": 22.440279}}
{"target": 0.6359619999999999, "params": {"alpha": 0.43419897094809556, "colsample_bytree": 0.8706620368234608, "lam": 0.985027915326329, "max_depth": 6.473730086738831, "min_child_weight": 8.61676097385698, "subsample": 0.8345394127411843}, "datetime": {"datetime": "2020-04-25 13:18:13", "elapsed": 3513.066608, "delta": 16.211883}}
{"target": 0.6197269999999999, "params": {"alpha": 0.022352509525703224, "colsample_bytree": 0.8754836231025138, "lam": 0.0017174177515045796, "max_depth": 4.752773226421507, "min_child_weight": 4.879747668171425, "subsample": 0.587280496474543}, "datetime": {"datetime": "2020-04-25 13:18:30", "elapsed": 3530.047951, "delta": 16.981343}}
{"target": 0.6294828, "params": {"alpha": 0.0051921982707635594, "colsample_bytree": 0.8008138751850734, "lam": 0.9576932191363046, "max_depth": 4.957124088634615, "min_child_weight": 4.972312617003343, "subsample": 0.8778277498862297}, "datetime": {"datetime": "2020-04-25 13:18:49", "elapsed": 3549.23452, "delta": 19.186569}}
{"target": 0.6293268000000001, "params": {"alpha": 0.30652006648485064, "colsample_bytree": 0.814008127905147, "lam": 0.3392492783594465, "max_depth": 7.9016256089564445, "min_child_weight": 9.973138002163616, "subsample": 0.5906958889578675}, "datetime": {"datetime": "2020-04-25 13:19:04", "elapsed": 3564.198405, "delta": 14.963885}}
{"target": 0.6407706000000001, "params": {"alpha": 0.3684016839055879, "colsample_bytree": 0.8472201109715167, "lam": 0.9710195763491195, "max_depth": 7.624860236670475, "min_child_weight": 8.734238205706909, "subsample": 0.7941669936467319}, "datetime": {"datetime": "2020-04-25 13:19:20", "elapsed": 3580.221377, "delta": 16.022972}}
{"target": 0.623259, "params": {"alpha": 0.027179950633011263, "colsample_bytree": 0.672208912782188, "lam": 0.05473684959747238, "max_depth": 7.270381165211071, "min_child_weight": 3.2871280760074093, "subsample": 0.8818621857352229}, "datetime": {"datetime": "2020-04-25 13:19:34", "elapsed": 3594.262539, "delta": 14.041162}}
{"target": 0.6380450000000001, "params": {"alpha": 0.3172660462788225, "colsample_bytree": 0.8384637791997323, "lam": 0.25905697837171426, "max_depth": 4.652521530975301, "min_child_weight": 5.623114085998039, "subsample": 0.8932938260958396}, "datetime": {"datetime": "2020-04-25 13:19:52", "elapsed": 3611.924297, "delta": 17.661758}}
{"target": 0.6376660000000001, "params": {"alpha": 0.8081749172707543, "colsample_bytree": 0.8974661608176928, "lam": 0.41959496259530404, "max_depth": 8.278204647215153, "min_child_weight": 8.385640517492707, "subsample": 0.875315826922314}, "datetime": {"datetime": "2020-04-25 13:20:08", "elapsed": 3628.242905, "delta": 16.318608}}
{"target": 0.6352318, "params": {"alpha": 0.0038123630259118135, "colsample_bytree": 0.8968918635065988, "lam": 0.004704439048868303, "max_depth": 5.1960191634761115, "min_child_weight": 8.83303211817637, "subsample": 0.8452233725683264}, "datetime": {"datetime": "2020-04-25 13:20:27", "elapsed": 3647.050938, "delta": 18.808033}}
{"target": 0.6233282, "params": {"alpha": 0.9616769492819449, "colsample_bytree": 0.8849590919439222, "lam": 0.9612730955448742, "max_depth": 3.557455169069713, "min_child_weight": 6.799152248199259, "subsample": 0.8859285036170653}, "datetime": {"datetime": "2020-04-25 13:20:44", "elapsed": 3663.681654, "delta": 16.630716}}
{"target": 0.6362781999999999, "params": {"alpha": 0.985122348341005, "colsample_bytree": 0.8920305474554573, "lam": 0.6504686964011346, "max_depth": 5.320071919839732, "min_child_weight": 6.687401828243265, "subsample": 0.7070100515029972}, "datetime": {"datetime": "2020-04-25 13:21:02", "elapsed": 3682.658066, "delta": 18.976412}}
{"target": 0.6128290000000001, "params": {"alpha": 0.5807049586418437, "colsample_bytree": 0.8865572330903724, "lam": 0.95472890934101, "max_depth": 4.5274195034349844, "min_child_weight": 2.1829424944436107, "subsample": 0.5265956599967949}, "datetime": {"datetime": "2020-04-25 13:21:22", "elapsed": 3702.185952, "delta": 19.527886}}
{"target": 0.6229782, "params": {"alpha": 0.9999999997622627, "colsample_bytree": 0.8999999985765151, "lam": 0.9999999845060551, "max_depth": 5.935065006222828, "min_child_weight": 1.0000000227103079, "subsample": 0.8999999825627396}, "datetime": {"datetime": "2020-04-25 13:21:45", "elapsed": 3725.319511, "delta": 23.133559}}
{"target": 0.6155557999999999, "params": {"alpha": 0.024297578035914258, "colsample_bytree": 0.8781727321062791, "lam": 0.9565322860087526, "max_depth": 5.287433522223412, "min_child_weight": 1.8880630834001877, "subsample": 0.5900557596166103}, "datetime": {"datetime": "2020-04-25 13:22:01", "elapsed": 3741.176945, "delta": 15.857434}}
{"target": 0.6288818, "params": {"alpha": 0.3510990087575768, "colsample_bytree": 0.8996061007322191, "lam": 0.998264140680538, "max_depth": 6.942884406343757, "min_child_weight": 7.394955424744113, "subsample": 0.6300386180709331}, "datetime": {"datetime": "2020-04-25 13:22:23", "elapsed": 3763.577471, "delta": 22.400526}}
{"target": 0.6355790000000001, "params": {"alpha": 0.022782104468625164, "colsample_bytree": 0.6906878984675221, "lam": 0.48537135336014214, "max_depth": 9.847858875943775, "min_child_weight": 8.861640827551213, "subsample": 0.8747912175889649}, "datetime": {"datetime": "2020-04-25 13:22:41", "elapsed": 3781.31456, "delta": 17.737089}}
{"target": 0.6011864000000001, "params": {"alpha": 0.9999999912958952, "colsample_bytree": 0.9, "lam": 1.0, "max_depth": 3.033009797486996, "min_child_weight": 2.4066609378194967, "subsample": 0.5000000619603842}, "datetime": {"datetime": "2020-04-25 13:23:02", "elapsed": 3801.876276, "delta": 20.561716}}
{"target": 0.6378562, "params": {"alpha": 0.622521413219163, "colsample_bytree": 0.8913755225065427, "lam": 0.6031643075103402, "max_depth": 5.117980417680532, "min_child_weight": 4.044010622309857, "subsample": 0.8475700997131501}, "datetime": {"datetime": "2020-04-25 13:23:23", "elapsed": 3823.639831, "delta": 21.763555}}
{"target": 0.6391454, "params": {"alpha": 0.9131221837066359, "colsample_bytree": 0.8592417398975626, "lam": 0.5913941917091052, "max_depth": 5.509704015042397, "min_child_weight": 8.306438840510225, "subsample": 0.8901469805745575}, "datetime": {"datetime": "2020-04-25 13:23:41", "elapsed": 3840.88967, "delta": 17.249839}}
{"target": 0.6357474, "params": {"alpha": 0.9981233039262017, "colsample_bytree": 0.7828279144376122, "lam": 0.0771010749812453, "max_depth": 5.211669593926386, "min_child_weight": 3.800922807232979, "subsample": 0.8783805828116704}, "datetime": {"datetime": "2020-04-25 13:23:58", "elapsed": 3858.285722, "delta": 17.396052}}
{"target": 0.6100557999999999, "params": {"alpha": 0.03256678610712971, "colsample_bytree": 0.8391465770107643, "lam": 0.721627993877814, "max_depth": 8.976687286536686, "min_child_weight": 2.5879766733000737, "subsample": 0.8904333365107322}, "datetime": {"datetime": "2020-04-25 13:24:15", "elapsed": 3874.866808, "delta": 16.581086}}
{"target": 0.6354444, "params": {"alpha": 0.974302252354058, "colsample_bytree": 0.8684052305661885, "lam": 0.9961786286519234, "max_depth": 5.047107184626897, "min_child_weight": 8.076131180494166, "subsample": 0.8749022296810947}, "datetime": {"datetime": "2020-04-25 13:24:32", "elapsed": 3892.232755, "delta": 17.365947}}
{"target": 0.5963684, "params": {"alpha": 0.9205622088835923, "colsample_bytree": 0.8998327763421318, "lam": 0.8658455604966356, "max_depth": 6.593428403127147, "min_child_weight": 1.3345032429621249, "subsample": 0.5310601442269759}, "datetime": {"datetime": "2020-04-25 13:24:51", "elapsed": 3911.296326, "delta": 19.063571}}
{"target": 0.6325216, "params": {"alpha": 0.9999997786692213, "colsample_bytree": 0.8999999999584867, "lam": 0.6840771108420577, "max_depth": 9.999998988785562, "min_child_weight": 8.34265427887183, "subsample": 0.8999999999550031}, "datetime": {"datetime": "2020-04-25 13:25:09", "elapsed": 3929.173233, "delta": 17.876907}}
{"target": 0.6330921999999999, "params": {"alpha": 0.9718032441396833, "colsample_bytree": 0.877634618973423, "lam": 0.5122344065671182, "max_depth": 4.8018497754069145, "min_child_weight": 1.3504512336032861, "subsample": 0.7217243888586131}, "datetime": {"datetime": "2020-04-25 13:25:24", "elapsed": 3944.135915, "delta": 14.962682}}
{"target": 0.6401220000000001, "params": {"alpha": 0.8755258736199812, "colsample_bytree": 0.8917708847942564, "lam": 0.9962859895078215, "max_depth": 5.59747644965474, "min_child_weight": 2.1943861522898085, "subsample": 0.8363046396698286}, "datetime": {"datetime": "2020-04-25 13:25:47", "elapsed": 3966.823339, "delta": 22.687424}}
{"target": 0.6245200000000001, "params": {"alpha": 0.26747581134039433, "colsample_bytree": 0.8938986476773001, "lam": 0.06314596748243806, "max_depth": 4.054979825687156, "min_child_weight": 5.807816711082279, "subsample": 0.8662138887920492}, "datetime": {"datetime": "2020-04-25 13:25:59", "elapsed": 3979.470448, "delta": 12.647109}}
