{"target": 0.5711128000000001, "params": {"alpha": 0.9846111126026824, "colsample_bytree": 0.5817379683829057, "lam": 0.9573800821196682, "max_depth": 7.749784468930138, "min_child_weight": 1.0460524471712576, "subsample": 0.5428423396244475}, "datetime": {"datetime": "2020-04-25 12:21:28", "elapsed": 108.456358, "delta": 1.95679}}
{"target": 0.6308630000000001, "params": {"alpha": 0.0034816322062244387, "colsample_bytree": 0.8543488120377694, "lam": 0.9937062794235211, "max_depth": 6.126206961438037, "min_child_weight": 3.3061207400820276, "subsample": 0.8996270394317545}, "datetime": {"datetime": "2020-04-25 12:21:30", "elapsed": 110.318802, "delta": 1.862444}}
{"target": 0.6376324, "params": {"alpha": 0.2716067621995213, "colsample_bytree": 0.8785925591946722, "lam": 0.603188522479928, "max_depth": 7.701271573946845, "min_child_weight": 6.755011494135413, "subsample": 0.8999999396024553}, "datetime": {"datetime": "2020-04-25 12:21:32", "elapsed": 112.258769, "delta": 1.939967}}
{"target": 0.6395666000000001, "params": {"alpha": 0.16475538154749725, "colsample_bytree": 0.8969511172794642, "lam": 0.4692009625999517, "max_depth": 9.880325230946301, "min_child_weight": 7.843181511038936, "subsample": 0.5496664652588725}, "datetime": {"datetime": "2020-04-25 12:21:34", "elapsed": 114.496054, "delta": 2.237285}}
{"target": 0.5960848000000001, "params": {"alpha": 0.8120774747008952, "colsample_bytree": 0.8865430887547256, "lam": 0.03507453666828564, "max_depth": 3.323456362352679, "min_child_weight": 8.076836735357343, "subsample": 0.8657521677353052}, "datetime": {"datetime": "2020-04-25 12:21:36", "elapsed": 116.029991, "delta": 1.533937}}
{"target": 0.6345332, "params": {"alpha": 1.0, "colsample_bytree": 0.9, "lam": 0.9999999959259864, "max_depth": 9.99999997594657, "min_child_weight": 7.74598846049581, "subsample": 0.8999999979301545}, "datetime": {"datetime": "2020-04-25 12:21:38", "elapsed": 118.183776, "delta": 2.153785}}
{"target": 0.6391502, "params": {"alpha": 0.054610140194274126, "colsample_bytree": 0.8885270898507353, "lam": 0.9232257455687772, "max_depth": 5.722806582764941, "min_child_weight": 8.416853423363191, "subsample": 0.8605855688677422}, "datetime": {"datetime": "2020-04-25 12:21:40", "elapsed": 119.907416, "delta": 1.72364}}
{"target": 0.6300584, "params": {"alpha": 0.1252024881067616, "colsample_bytree": 0.8885546139690961, "lam": 0.9755693262634247, "max_depth": 4.781327751245196, "min_child_weight": 2.9913690923712033, "subsample": 0.8878428987311955}, "datetime": {"datetime": "2020-04-25 12:21:42", "elapsed": 121.822374, "delta": 1.914958}}
{"target": 0.5923828, "params": {"alpha": 0.9050244803457305, "colsample_bytree": 0.8970297823867359, "lam": 0.01318685831177091, "max_depth": 9.11885821329069, "min_child_weight": 2.418193409514505, "subsample": 0.8802776575509004}, "datetime": {"datetime": "2020-04-25 12:21:44", "elapsed": 124.113028, "delta": 2.290654}}
{"target": 0.635953, "params": {"alpha": 0.03526094183119721, "colsample_bytree": 0.891280462503707, "lam": 0.1651845759049697, "max_depth": 9.960457332088154, "min_child_weight": 9.487374149875649, "subsample": 0.5692742207919372}, "datetime": {"datetime": "2020-04-25 12:21:46", "elapsed": 126.401538, "delta": 2.28851}}
{"target": 0.6340296000000001, "params": {"alpha": 0.039192839339989516, "colsample_bytree": 0.8738099724384016, "lam": 0.4379365387841164, "max_depth": 4.6183927502759365, "min_child_weight": 9.962543140986241, "subsample": 0.5813111312318578}, "datetime": {"datetime": "2020-04-25 12:21:48", "elapsed": 128.273339, "delta": 1.871801}}
{"target": 0.6250998, "params": {"alpha": 0.8951948814949122, "colsample_bytree": 0.8885567866772861, "lam": 0.24240851201891112, "max_depth": 5.094646309107336, "min_child_weight": 4.850032656513459, "subsample": 0.8774484741009418}, "datetime": {"datetime": "2020-04-25 12:21:50", "elapsed": 130.111557, "delta": 1.838218}}
{"target": 0.6345711999999999, "params": {"alpha": 0.7453330692132817, "colsample_bytree": 0.8852088446753194, "lam": 0.9767408097945403, "max_depth": 6.22269359315527, "min_child_weight": 9.205530422220836, "subsample": 0.5118025108052974}, "datetime": {"datetime": "2020-04-25 12:21:52", "elapsed": 131.95394, "delta": 1.842383}}
{"target": 0.631351, "params": {"alpha": 0.9717403063289738, "colsample_bytree": 0.8338125700264196, "lam": 0.0663516627185543, "max_depth": 8.33151300894193, "min_child_weight": 6.211766119420487, "subsample": 0.8974110501709546}, "datetime": {"datetime": "2020-04-25 12:21:54", "elapsed": 134.018767, "delta": 2.064827}}
{"target": 0.6247248, "params": {"alpha": 0.0356477940474178, "colsample_bytree": 0.8908152285046761, "lam": 0.9740036481407633, "max_depth": 4.171351318058814, "min_child_weight": 7.57053228949374, "subsample": 0.719180436237627}, "datetime": {"datetime": "2020-04-25 12:21:56", "elapsed": 135.89514, "delta": 1.876373}}
{"target": 0.6265522000000001, "params": {"alpha": 0.12295102444608186, "colsample_bytree": 0.8963121355294383, "lam": 0.09058220789658955, "max_depth": 9.188612076562636, "min_child_weight": 9.873653234451039, "subsample": 0.5672050624596504}, "datetime": {"datetime": "2020-04-25 12:21:58", "elapsed": 137.887247, "delta": 1.992107}}
{"target": 0.6339834, "params": {"alpha": 0.08035263392021286, "colsample_bytree": 0.8644050336824975, "lam": 0.05294663390339838, "max_depth": 9.91069827447395, "min_child_weight": 8.08736994615807, "subsample": 0.8464629367174983}, "datetime": {"datetime": "2020-04-25 12:22:00", "elapsed": 140.261092, "delta": 2.373845}}
{"target": 0.6012446, "params": {"alpha": 0.04319408100362776, "colsample_bytree": 0.5162869900612311, "lam": 0.9461122484411435, "max_depth": 5.817002903080149, "min_child_weight": 1.0800135862790203, "subsample": 0.8542770704856342}, "datetime": {"datetime": "2020-04-25 12:22:02", "elapsed": 142.353727, "delta": 2.092635}}
{"target": 0.6104494, "params": {"alpha": 0.6956192892843156, "colsample_bytree": 0.5640213749906434, "lam": 0.422556064461194, "max_depth": 4.601588696592246, "min_child_weight": 9.928747945036523, "subsample": 0.8650019512801229}, "datetime": {"datetime": "2020-04-25 12:22:04", "elapsed": 144.379298, "delta": 2.025571}}
{"target": 0.6015952, "params": {"alpha": 0.1495573451898149, "colsample_bytree": 0.8845133187385892, "lam": 0.951055525090267, "max_depth": 9.747837818919647, "min_child_weight": 2.601824852584833, "subsample": 0.5746237819633592}, "datetime": {"datetime": "2020-04-25 12:22:07", "elapsed": 147.030693, "delta": 2.651395}}
{"target": 0.6286639999999999, "params": {"alpha": 0.8676244035964478, "colsample_bytree": 0.8809877480782533, "lam": 0.6951582525039938, "max_depth": 8.36403206120189, "min_child_weight": 7.093793676481787, "subsample": 0.5596425054705549}, "datetime": {"datetime": "2020-04-25 12:22:09", "elapsed": 149.119639, "delta": 2.088946}}
{"target": 0.6405436, "params": {"alpha": 0.16606629923399363, "colsample_bytree": 0.8917695530228995, "lam": 0.7909607323967356, "max_depth": 7.211398558506177, "min_child_weight": 8.68404364130911, "subsample": 0.8247127479437433}, "datetime": {"datetime": "2020-04-25 12:22:11", "elapsed": 151.118489, "delta": 1.99885}}
{"target": 0.6097872, "params": {"alpha": 0.03683076090432891, "colsample_bytree": 0.5993368893718789, "lam": 0.018458744248718406, "max_depth": 7.240500251532236, "min_child_weight": 7.477023926080046, "subsample": 0.8700760141552512}, "datetime": {"datetime": "2020-04-25 12:22:13", "elapsed": 153.420992, "delta": 2.302503}}
{"target": 0.6207712000000001, "params": {"alpha": 0.2660338314420535, "colsample_bytree": 0.8882427541854331, "lam": 0.04885773461249354, "max_depth": 4.8861074849664945, "min_child_weight": 7.130950946339242, "subsample": 0.5796996463688858}, "datetime": {"datetime": "2020-04-25 12:22:15", "elapsed": 155.451075, "delta": 2.030083}}
{"target": 0.6396796, "params": {"alpha": 0.8587930943919247, "colsample_bytree": 0.897983276568729, "lam": 0.02715966513108048, "max_depth": 9.957133258198507, "min_child_weight": 9.82454586534567, "subsample": 0.8167052855147254}, "datetime": {"datetime": "2020-04-25 12:22:18", "elapsed": 157.741838, "delta": 2.290763}}
{"target": 0.6325569999999999, "params": {"alpha": 0.1873650143772425, "colsample_bytree": 0.8967583636948501, "lam": 0.9785965517651071, "max_depth": 5.162255938392153, "min_child_weight": 9.954893598931355, "subsample": 0.8679124257467432}, "datetime": {"datetime": "2020-04-25 12:22:20", "elapsed": 159.742427, "delta": 2.000589}}
{"target": 0.6324468, "params": {"alpha": 0.03818640551384844, "colsample_bytree": 0.8876444280856606, "lam": 0.9720886978905119, "max_depth": 7.743474704165433, "min_child_weight": 5.6308172647543735, "subsample": 0.8330901317942241}, "datetime": {"datetime": "2020-04-25 12:22:22", "elapsed": 161.801804, "delta": 2.059377}}
{"target": 0.627427, "params": {"alpha": 0.8871191005072573, "colsample_bytree": 0.8879775383477468, "lam": 0.5035215841410446, "max_depth": 9.948515356287935, "min_child_weight": 9.431753143735435, "subsample": 0.8711349292649102}, "datetime": {"datetime": "2020-04-25 12:22:24", "elapsed": 164.260183, "delta": 2.458379}}
{"target": 0.6187035999999999, "params": {"alpha": 0.03957499812887966, "colsample_bytree": 0.5599023736018164, "lam": 0.053790593952544596, "max_depth": 9.687998811069843, "min_child_weight": 9.878552740575413, "subsample": 0.830805626634074}, "datetime": {"datetime": "2020-04-25 12:22:27", "elapsed": 166.924366, "delta": 2.664183}}
{"target": 0.6088682, "params": {"alpha": 0.8652692999216306, "colsample_bytree": 0.5564335958480467, "lam": 0.017482145961580486, "max_depth": 7.010301822704963, "min_child_weight": 3.582466955091946, "subsample": 0.8476309059648668}, "datetime": {"datetime": "2020-04-25 12:22:29", "elapsed": 169.11104, "delta": 2.186674}}
{"target": 0.6368958000000001, "params": {"alpha": 0.5818165257145543, "colsample_bytree": 0.8985415254132685, "lam": 0.6529783420326154, "max_depth": 8.149527218498228, "min_child_weight": 9.303347355564636, "subsample": 0.7959702120375828}, "datetime": {"datetime": "2020-04-25 12:22:31", "elapsed": 171.592153, "delta": 2.481113}}
{"target": 0.6366332, "params": {"alpha": 0.9677546742248362, "colsample_bytree": 0.9, "lam": 0.9999998345713833, "max_depth": 5.681713477698595, "min_child_weight": 7.1246516314750155, "subsample": 0.9}, "datetime": {"datetime": "2020-04-25 12:22:34", "elapsed": 174.107239, "delta": 2.515086}}
{"target": 0.6247258, "params": {"alpha": 0.9493246580474959, "colsample_bytree": 0.8343267848939522, "lam": 0.3494228872631522, "max_depth": 9.976398021668073, "min_child_weight": 7.19203579249389, "subsample": 0.5203503411303388}, "datetime": {"datetime": "2020-04-25 12:22:37", "elapsed": 176.867207, "delta": 2.759968}}
{"target": 0.6322934, "params": {"alpha": 0.9875119146066724, "colsample_bytree": 0.8717508987672646, "lam": 0.45201202009882224, "max_depth": 8.60160865224443, "min_child_weight": 9.986438758451886, "subsample": 0.8842394489884515}, "datetime": {"datetime": "2020-04-25 12:22:39", "elapsed": 179.658797, "delta": 2.79159}}
{"target": 0.613881, "params": {"alpha": 0.9622215064519882, "colsample_bytree": 0.874345701371329, "lam": 0.033802286510749124, "max_depth": 4.101562893353206, "min_child_weight": 1.1824827807602873, "subsample": 0.8544311073548929}, "datetime": {"datetime": "2020-04-25 12:22:42", "elapsed": 181.795033, "delta": 2.136236}}
{"target": 0.634628, "params": {"alpha": 0.07796481399726107, "colsample_bytree": 0.8916210718137745, "lam": 0.932196226409888, "max_depth": 9.35830106419299, "min_child_weight": 6.50986187066126, "subsample": 0.88479740686002}, "datetime": {"datetime": "2020-04-25 12:22:44", "elapsed": 184.229145, "delta": 2.434112}}
{"target": 0.597924, "params": {"alpha": 0.057715139920274994, "colsample_bytree": 0.7672424157089872, "lam": 0.9802402449797966, "max_depth": 3.015702369115113, "min_child_weight": 1.0083745928023244, "subsample": 0.8964350457640536}, "datetime": {"datetime": "2020-04-25 12:22:46", "elapsed": 186.457998, "delta": 2.228853}}
{"target": 0.6069521999999999, "params": {"alpha": 0.99020422698032, "colsample_bytree": 0.5711824066541497, "lam": 0.10344469727573369, "max_depth": 4.98724740055461, "min_child_weight": 3.852721286187739, "subsample": 0.5359079014042522}, "datetime": {"datetime": "2020-04-25 12:22:49", "elapsed": 188.915711, "delta": 2.457713}}
{"target": 0.6168882, "params": {"alpha": 0.046753156783966965, "colsample_bytree": 0.8521903494851193, "lam": 0.007731380710016333, "max_depth": 3.910699149746574, "min_child_weight": 2.309993521786603, "subsample": 0.8980151194018167}, "datetime": {"datetime": "2020-04-25 12:22:51", "elapsed": 191.200813, "delta": 2.285102}}
{"target": 0.6289904, "params": {"alpha": 0.07834009545696285, "colsample_bytree": 0.8455354881539002, "lam": 0.9565851032216219, "max_depth": 4.280463746042562, "min_child_weight": 1.157957576227266, "subsample": 0.5953160215795881}, "datetime": {"datetime": "2020-04-25 12:22:53", "elapsed": 193.49054, "delta": 2.289727}}
{"target": 0.6389596, "params": {"alpha": 1.4323892527207082e-07, "colsample_bytree": 0.899999999999999, "lam": 1.0, "max_depth": 7.240383163485154, "min_child_weight": 9.999999999999998, "subsample": 0.9}, "datetime": {"datetime": "2020-04-25 12:22:56", "elapsed": 195.757993, "delta": 2.267453}}
{"target": 0.6171386, "params": {"alpha": 0.9999999557357439, "colsample_bytree": 0.8999999998444052, "lam": 0.8161505013853073, "max_depth": 6.988758615689959, "min_child_weight": 9.999999967762756, "subsample": 0.5}, "datetime": {"datetime": "2020-04-25 12:22:58", "elapsed": 198.211767, "delta": 2.453774}}
{"target": 0.6287545999999999, "params": {"alpha": 0.0, "colsample_bytree": 0.9, "lam": 0.9349454778844751, "max_depth": 3.592115243903608, "min_child_weight": 6.334001210951463, "subsample": 0.500000020603141}, "datetime": {"datetime": "2020-04-25 12:23:00", "elapsed": 200.565831, "delta": 2.354064}}
{"target": 0.6187657999999999, "params": {"alpha": 0.30814336379588736, "colsample_bytree": 0.8931677730803242, "lam": 0.22988896038935225, "max_depth": 4.965703474674604, "min_child_weight": 9.095833745970037, "subsample": 0.5597485026242315}, "datetime": {"datetime": "2020-04-25 12:23:03", "elapsed": 202.884011, "delta": 2.31818}}
{"target": 0.6258166, "params": {"alpha": 0.05503313762290496, "colsample_bytree": 0.8856269090737976, "lam": 0.05600780639711478, "max_depth": 3.8280660629807333, "min_child_weight": 9.873347472519265, "subsample": 0.7651771139964025}, "datetime": {"datetime": "2020-04-25 12:23:05", "elapsed": 205.462292, "delta": 2.578281}}
{"target": 0.6109846, "params": {"alpha": 0.9119576857971498, "colsample_bytree": 0.8341342133189074, "lam": 0.9408400930719885, "max_depth": 4.173444208714596, "min_child_weight": 9.984491252845231, "subsample": 0.5555516937838387}, "datetime": {"datetime": "2020-04-25 12:23:08", "elapsed": 207.794089, "delta": 2.331797}}
{"target": 0.5972872, "params": {"alpha": 0.9318985125413732, "colsample_bytree": 0.9, "lam": 0.9058926732508297, "max_depth": 3.000000014734535, "min_child_weight": 7.780590461764854, "subsample": 0.5}, "datetime": {"datetime": "2020-04-25 12:23:10", "elapsed": 210.051827, "delta": 2.257738}}
{"target": 0.623139, "params": {"alpha": 0.9455526349685417, "colsample_bytree": 0.8986417067652581, "lam": 0.9911673193090328, "max_depth": 6.878510121314333, "min_child_weight": 8.49903703008772, "subsample": 0.5371635598497988}, "datetime": {"datetime": "2020-04-25 12:23:12", "elapsed": 212.352155, "delta": 2.300328}}
{"target": 0.6120686, "params": {"alpha": 0.7788730200542437, "colsample_bytree": 0.514799924413499, "lam": 0.9769957592353026, "max_depth": 7.077279900914084, "min_child_weight": 6.57375864979673, "subsample": 0.8509027906302968}, "datetime": {"datetime": "2020-04-25 12:23:15", "elapsed": 215.179515, "delta": 2.82736}}
{"target": 0.6182909999999999, "params": {"alpha": 0.6646936700834138, "colsample_bytree": 0.8675026149296077, "lam": 0.8362367541882673, "max_depth": 5.969497121959359, "min_child_weight": 4.033451696676731, "subsample": 0.8870841461040893}, "datetime": {"datetime": "2020-04-25 12:23:17", "elapsed": 217.66219, "delta": 2.482675}}
{"target": 0.6353386, "params": {"alpha": 0.52549436223293, "colsample_bytree": 0.896358227961946, "lam": 0.626982786569049, "max_depth": 6.238983469164486, "min_child_weight": 8.509732273700214, "subsample": 0.8133705244497088}, "datetime": {"datetime": "2020-04-25 12:23:20", "elapsed": 220.510473, "delta": 2.848283}}
{"target": 0.6238393999999999, "params": {"alpha": 0.9660373659912673, "colsample_bytree": 0.875721060804641, "lam": 0.9973724839969499, "max_depth": 3.8110521985811197, "min_child_weight": 2.487697093763023, "subsample": 0.7972280710853743}, "datetime": {"datetime": "2020-04-25 12:23:23", "elapsed": 223.006549, "delta": 2.496076}}
{"target": 0.6126387999999999, "params": {"alpha": 0.07096912387373011, "colsample_bytree": 0.7564999853687585, "lam": 0.9682606375502512, "max_depth": 9.981262357150115, "min_child_weight": 5.450413458093482, "subsample": 0.5111427044068311}, "datetime": {"datetime": "2020-04-25 12:23:26", "elapsed": 225.800366, "delta": 2.793817}}
{"target": 0.6181158, "params": {"alpha": 0.01685549932516106, "colsample_bytree": 0.8640221599308091, "lam": 0.9519906152578891, "max_depth": 7.958031190778386, "min_child_weight": 2.456345519815523, "subsample": 0.8779314601321555}, "datetime": {"datetime": "2020-04-25 12:23:28", "elapsed": 228.602299, "delta": 2.801933}}
{"target": 0.5743272, "params": {"alpha": 0.24686294677516796, "colsample_bytree": 0.8088226424118119, "lam": 0.14252251032907637, "max_depth": 9.996991877187458, "min_child_weight": 2.1210443681550246, "subsample": 0.8832751636166508}, "datetime": {"datetime": "2020-04-25 12:23:32", "elapsed": 232.246149, "delta": 3.64385}}
{"target": 0.6330588, "params": {"alpha": 0.13403933171386095, "colsample_bytree": 0.8855773377375398, "lam": 0.9901782291674496, "max_depth": 7.294194333867924, "min_child_weight": 7.902878281492564, "subsample": 0.8731014527114784}, "datetime": {"datetime": "2020-04-25 12:23:35", "elapsed": 234.694689, "delta": 2.44854}}
{"target": 0.633456, "params": {"alpha": 0.03766465764169735, "colsample_bytree": 0.8767175906165281, "lam": 0.02770586924633034, "max_depth": 8.402153840225127, "min_child_weight": 4.685913063906125, "subsample": 0.8820171029666449}, "datetime": {"datetime": "2020-04-25 12:23:37", "elapsed": 237.472997, "delta": 2.778308}}
{"target": 0.6450674, "params": {"alpha": 0.02369074316072306, "colsample_bytree": 0.8960030990763688, "lam": 0.22408963830361017, "max_depth": 9.842744048817355, "min_child_weight": 9.18551474859893, "subsample": 0.8942529122706404}, "datetime": {"datetime": "2020-04-25 12:23:40", "elapsed": 240.118145, "delta": 2.645148}}
{"target": 0.6312059999999999, "params": {"alpha": 0.024212398093503396, "colsample_bytree": 0.8638705087095349, "lam": 0.7893628020224519, "max_depth": 6.69559618984101, "min_child_weight": 9.475010678083883, "subsample": 0.8955805008926958}, "datetime": {"datetime": "2020-04-25 12:23:42", "elapsed": 242.622372, "delta": 2.504227}}
{"target": 0.6252038000000001, "params": {"alpha": 0.5969787737453227, "colsample_bytree": 0.8573981347199312, "lam": 0.8764036914810965, "max_depth": 8.691359868364707, "min_child_weight": 5.028582077299764, "subsample": 0.8724815235798082}, "datetime": {"datetime": "2020-04-25 12:23:45", "elapsed": 245.636489, "delta": 3.014117}}
{"target": 0.622744, "params": {"alpha": 0.34947706569403925, "colsample_bytree": 0.8972764392509516, "lam": 0.9112398633413422, "max_depth": 9.455081395616816, "min_child_weight": 7.468416761791735, "subsample": 0.7776591991458595}, "datetime": {"datetime": "2020-04-25 12:23:48", "elapsed": 248.664926, "delta": 3.028437}}
{"target": 0.62702, "params": {"alpha": 1.0, "colsample_bytree": 0.9, "lam": 1.0, "max_depth": 9.999999993170793, "min_child_weight": 4.011432171083473, "subsample": 0.9}, "datetime": {"datetime": "2020-04-25 12:23:52", "elapsed": 251.823791, "delta": 3.158865}}
{"target": 0.6306748000000001, "params": {"alpha": 0.010966222252620783, "colsample_bytree": 0.8975579176188329, "lam": 0.8863172877458154, "max_depth": 4.571738446548995, "min_child_weight": 5.6966048311142305, "subsample": 0.8857647723569867}, "datetime": {"datetime": "2020-04-25 12:23:54", "elapsed": 254.534049, "delta": 2.710258}}
{"target": 0.6271802, "params": {"alpha": 0.11061426539935859, "colsample_bytree": 0.8784748688852451, "lam": 0.004276594396776079, "max_depth": 8.365584193078579, "min_child_weight": 8.856131565593524, "subsample": 0.7388690888710552}, "datetime": {"datetime": "2020-04-25 12:23:57", "elapsed": 257.149222, "delta": 2.615173}}
{"target": 0.6219328000000001, "params": {"alpha": 0.955559519315411, "colsample_bytree": 0.5258612285688251, "lam": 0.04305697715578771, "max_depth": 5.556518918580525, "min_child_weight": 6.685386665992328, "subsample": 0.84119508109461}, "datetime": {"datetime": "2020-04-25 12:24:00", "elapsed": 260.217337, "delta": 3.068115}}
{"target": 0.6320204, "params": {"alpha": 0.25359310870029783, "colsample_bytree": 0.8972997789028219, "lam": 0.4592965845697101, "max_depth": 9.7279797985669, "min_child_weight": 5.429518066666719, "subsample": 0.8919169731138115}, "datetime": {"datetime": "2020-04-25 12:24:03", "elapsed": 263.471872, "delta": 3.254535}}
{"target": 0.5854394, "params": {"alpha": 0.0, "colsample_bytree": 0.9, "lam": 1.0, "max_depth": 10.0, "min_child_weight": 1.0000000142350214, "subsample": 0.508892326095404}, "datetime": {"datetime": "2020-04-25 12:24:07", "elapsed": 267.008099, "delta": 3.536227}}
