{"target": 0.568673, "params": {"alpha": 0.008226998482613879, "colsample_bytree": 0.8757493691390723, "lam": 0.060508054783249055, "max_depth": 9.899767368085694, "min_child_weight": 1.6503289227665183, "subsample": 0.5199674281151965}, "datetime": {"datetime": "2020-04-25 13:39:08", "elapsed": 341.382704, "delta": 5.933025}}
{"target": 0.6339349999999999, "params": {"alpha": 0.08054059958907567, "colsample_bytree": 0.8911410998488078, "lam": 0.8886469444616164, "max_depth": 7.180463936846892, "min_child_weight": 4.257902635281831, "subsample": 0.7972825617468944}, "datetime": {"datetime": "2020-04-25 13:39:13", "elapsed": 346.611197, "delta": 5.228493}}
{"target": 0.628767, "params": {"alpha": 0.9122586684625251, "colsample_bytree": 0.8903864937913428, "lam": 0.9433280772744558, "max_depth": 8.64665104490078, "min_child_weight": 7.10823018694592, "subsample": 0.8999999923113672}, "datetime": {"datetime": "2020-04-25 13:39:20", "elapsed": 353.292775, "delta": 6.681578}}
{"target": 0.6004186, "params": {"alpha": 0.8795557900218558, "colsample_bytree": 0.8277577001013341, "lam": 0.04159235140218731, "max_depth": 3.050064240379265, "min_child_weight": 2.0732344279205046, "subsample": 0.5624574431748464}, "datetime": {"datetime": "2020-04-25 13:39:24", "elapsed": 357.121384, "delta": 3.828609}}
{"target": 0.6290676000000001, "params": {"alpha": 0.9913647931716995, "colsample_bytree": 0.8778555231491281, "lam": 0.5046450957503288, "max_depth": 6.945732065271694, "min_child_weight": 5.335408505748239, "subsample": 0.8999929493338195}, "datetime": {"datetime": "2020-04-25 13:39:29", "elapsed": 362.468329, "delta": 5.346945}}
{"target": 0.6320716, "params": {"alpha": 0.010736270371602852, "colsample_bytree": 0.8984713798364887, "lam": 0.6142069924213104, "max_depth": 6.425362102860845, "min_child_weight": 2.6636727755276266, "subsample": 0.8174982175363649}, "datetime": {"datetime": "2020-04-25 13:39:34", "elapsed": 367.433591, "delta": 4.965262}}
{"target": 0.6373232, "params": {"alpha": 0.8792237371590318, "colsample_bytree": 0.8691789405912164, "lam": 0.7369386132513045, "max_depth": 6.11295192327435, "min_child_weight": 3.7977044682743935, "subsample": 0.5009500578203541}, "datetime": {"datetime": "2020-04-25 13:39:38", "elapsed": 371.862857, "delta": 4.429266}}
{"target": 0.6386206000000001, "params": {"alpha": 0.4911552849662688, "colsample_bytree": 0.8858521137648911, "lam": 0.4384064328152002, "max_depth": 7.616130429078686, "min_child_weight": 9.9486816479056, "subsample": 0.8858052369278308}, "datetime": {"datetime": "2020-04-25 13:39:44", "elapsed": 377.559213, "delta": 5.696356}}
{"target": 0.6237646, "params": {"alpha": 0.9304707463854394, "colsample_bytree": 0.8774036909065379, "lam": 0.25890210036981665, "max_depth": 9.975066244750595, "min_child_weight": 5.258497150375825, "subsample": 0.5471537117031124}, "datetime": {"datetime": "2020-04-25 13:39:50", "elapsed": 383.235461, "delta": 5.676248}}
{"target": 0.6241831999999999, "params": {"alpha": 0.019546864093907712, "colsample_bytree": 0.8956463029027062, "lam": 0.46670207932920427, "max_depth": 4.346129358667991, "min_child_weight": 9.902614628929205, "subsample": 0.8816647774260645}, "datetime": {"datetime": "2020-04-25 13:39:55", "elapsed": 388.267117, "delta": 5.031656}}
{"target": 0.6358998, "params": {"alpha": 0.9991480731473255, "colsample_bytree": 0.8423878898751569, "lam": 0.21676268776142082, "max_depth": 5.87843527725211, "min_child_weight": 9.999619967792558, "subsample": 0.6424115535064825}, "datetime": {"datetime": "2020-04-25 13:39:59", "elapsed": 392.78607, "delta": 4.518953}}
{"target": 0.5787392, "params": {"alpha": 0.7957207443076005, "colsample_bytree": 0.5847760049362647, "lam": 0.0724213254678503, "max_depth": 3.439899166270346, "min_child_weight": 9.987671180591187, "subsample": 0.6226850739991348}, "datetime": {"datetime": "2020-04-25 13:40:03", "elapsed": 396.831386, "delta": 4.045316}}
{"target": 0.6371264, "params": {"alpha": 0.9314607114023052, "colsample_bytree": 0.8911048831802098, "lam": 0.5482216370272959, "max_depth": 4.604579181853269, "min_child_weight": 8.043019651744585, "subsample": 0.8733774121489901}, "datetime": {"datetime": "2020-04-25 13:40:08", "elapsed": 401.682059, "delta": 4.850673}}
{"target": 0.6357072, "params": {"alpha": 0.9999999999752276, "colsample_bytree": 0.899999999993476, "lam": 0.7408666638334288, "max_depth": 9.735885177278195, "min_child_weight": 10.0, "subsample": 0.9}, "datetime": {"datetime": "2020-04-25 13:40:15", "elapsed": 408.524056, "delta": 6.841997}}
{"target": 0.6298602000000001, "params": {"alpha": 1.0, "colsample_bytree": 0.8999999943575616, "lam": 0.9999999780462587, "max_depth": 9.985662520717772, "min_child_weight": 7.3959026468197, "subsample": 0.8861134428523497}, "datetime": {"datetime": "2020-04-25 13:40:22", "elapsed": 415.65568, "delta": 7.131624}}
{"target": 0.6260244, "params": {"alpha": 0.02603644998640553, "colsample_bytree": 0.8300974705821559, "lam": 0.9890760378626987, "max_depth": 4.64223841179834, "min_child_weight": 8.572664447981744, "subsample": 0.5866360447369188}, "datetime": {"datetime": "2020-04-25 13:40:26", "elapsed": 419.73161, "delta": 4.07593}}
{"target": 0.5618559999999999, "params": {"alpha": 0.1480162665593049, "colsample_bytree": 0.5252452736093498, "lam": 0.9990457726069688, "max_depth": 3.0035378639444246, "min_child_weight": 7.207197969793927, "subsample": 0.5681821511550401}, "datetime": {"datetime": "2020-04-25 13:40:30", "elapsed": 423.763222, "delta": 4.031612}}
{"target": 0.6372327999999999, "params": {"alpha": 0.0012930236937027662, "colsample_bytree": 0.898826180209018, "lam": 0.15846588167025155, "max_depth": 5.112616109153691, "min_child_weight": 9.872123431809271, "subsample": 0.5842711072182107}, "datetime": {"datetime": "2020-04-25 13:40:35", "elapsed": 428.492113, "delta": 4.728891}}
{"target": 0.6229098, "params": {"alpha": 0.9305899572188252, "colsample_bytree": 0.5520122161307216, "lam": 0.010123841156998381, "max_depth": 4.945315606711234, "min_child_weight": 8.079861996931342, "subsample": 0.8974954197182395}, "datetime": {"datetime": "2020-04-25 13:40:40", "elapsed": 433.484537, "delta": 4.992424}}
{"target": 0.639613, "params": {"alpha": 0.0, "colsample_bytree": 0.9, "lam": 0.8689932413266599, "max_depth": 8.945386695730605, "min_child_weight": 10.0, "subsample": 0.9}, "datetime": {"datetime": "2020-04-25 13:40:46", "elapsed": 439.980623, "delta": 6.496086}}
{"target": 0.5946434, "params": {"alpha": 0.9755964872546304, "colsample_bytree": 0.8685625636142758, "lam": 0.05365646451571948, "max_depth": 3.0177862479344997, "min_child_weight": 4.880811352381407, "subsample": 0.5945792850772682}, "datetime": {"datetime": "2020-04-25 13:40:51", "elapsed": 444.375598, "delta": 4.394975}}
{"target": 0.5852222, "params": {"alpha": 0.022125042361445857, "colsample_bytree": 0.8997503366593365, "lam": 0.20955281691314365, "max_depth": 5.599366164133144, "min_child_weight": 1.1682009118577952, "subsample": 0.5141680388417275}, "datetime": {"datetime": "2020-04-25 13:40:55", "elapsed": 448.804382, "delta": 4.428784}}
{"target": 0.584321, "params": {"alpha": 1.0, "colsample_bytree": 0.9, "lam": 0.0, "max_depth": 7.5130962776265795, "min_child_weight": 1.0, "subsample": 0.5}, "datetime": {"datetime": "2020-04-25 13:41:00", "elapsed": 453.755714, "delta": 4.951332}}
{"target": 0.6082487999999999, "params": {"alpha": 0.3298088896659448, "colsample_bytree": 0.8884189822500896, "lam": 0.847120693092688, "max_depth": 3.0179412366423843, "min_child_weight": 2.718219900775353, "subsample": 0.7858731878214564}, "datetime": {"datetime": "2020-04-25 13:41:05", "elapsed": 458.487962, "delta": 4.732248}}
{"target": 0.6120964, "params": {"alpha": 0.8889142736411179, "colsample_bytree": 0.8841132491266335, "lam": 0.9708644474916766, "max_depth": 9.988247410653894, "min_child_weight": 4.602947815550328, "subsample": 0.7036758113216746}, "datetime": {"datetime": "2020-04-25 13:41:12", "elapsed": 465.825895, "delta": 7.337933}}
{"target": 0.6118278, "params": {"alpha": 0.9356849656318277, "colsample_bytree": 0.899292909293403, "lam": 0.8428289774949215, "max_depth": 4.179840488380372, "min_child_weight": 4.080377958015539, "subsample": 0.5541618536159351}, "datetime": {"datetime": "2020-04-25 13:41:17", "elapsed": 470.700106, "delta": 4.874211}}
{"target": 0.59026, "params": {"alpha": 0.03282311988468323, "colsample_bytree": 0.607304804404847, "lam": 0.8142177219264156, "max_depth": 5.865457285807213, "min_child_weight": 5.390616512806693, "subsample": 0.557218470122248}, "datetime": {"datetime": "2020-04-25 13:41:22", "elapsed": 476.01283, "delta": 5.312724}}
{"target": 0.6217358, "params": {"alpha": 0.8712571880278396, "colsample_bytree": 0.8959541685231334, "lam": 0.07914688093519284, "max_depth": 7.554930405918143, "min_child_weight": 7.179561627093698, "subsample": 0.6118659251229402}, "datetime": {"datetime": "2020-04-25 13:41:28", "elapsed": 481.590971, "delta": 5.578141}}
{"target": 0.6427786, "params": {"alpha": 0.9471599249971517, "colsample_bytree": 0.8304580157779098, "lam": 0.9896581240720275, "max_depth": 7.693612628840281, "min_child_weight": 9.216872980649766, "subsample": 0.8759353864483287}, "datetime": {"datetime": "2020-04-25 13:41:34", "elapsed": 487.750717, "delta": 6.159746}}
{"target": 0.6157014000000001, "params": {"alpha": 0.15382358627943327, "colsample_bytree": 0.512669683717419, "lam": 0.6541341675515624, "max_depth": 7.816408919446969, "min_child_weight": 8.021769998334637, "subsample": 0.8833255700436574}, "datetime": {"datetime": "2020-04-25 13:41:41", "elapsed": 494.127108, "delta": 6.376391}}
{"target": 0.6392342, "params": {"alpha": 0.9397356403818612, "colsample_bytree": 0.8967711453821476, "lam": 0.5874217570026784, "max_depth": 7.570000278806057, "min_child_weight": 8.529850290219372, "subsample": 0.8572045293371229}, "datetime": {"datetime": "2020-04-25 13:41:47", "elapsed": 500.725211, "delta": 6.598103}}
{"target": 0.6319182, "params": {"alpha": 0.9855131677705955, "colsample_bytree": 0.8974433809912732, "lam": 0.9909792062698971, "max_depth": 8.09392803449305, "min_child_weight": 9.600737369453629, "subsample": 0.8965103889230492}, "datetime": {"datetime": "2020-04-25 13:41:54", "elapsed": 507.191331, "delta": 6.46612}}
{"target": 0.6217922, "params": {"alpha": 0.09030489479689785, "colsample_bytree": 0.6143457660537943, "lam": 0.9594605958971766, "max_depth": 6.856929383750442, "min_child_weight": 9.999360894299482, "subsample": 0.8109994975239068}, "datetime": {"datetime": "2020-04-25 13:42:00", "elapsed": 513.201789, "delta": 6.010458}}
{"target": 0.6201772, "params": {"alpha": 0.9533443251050867, "colsample_bytree": 0.8972411349174482, "lam": 0.9663408721442515, "max_depth": 5.06837893140607, "min_child_weight": 5.89338930442176, "subsample": 0.5780447678652879}, "datetime": {"datetime": "2020-04-25 13:42:04", "elapsed": 517.943522, "delta": 4.741733}}
{"target": 0.6132294, "params": {"alpha": 0.9453960723043303, "colsample_bytree": 0.6256523065461302, "lam": 0.9970539631612911, "max_depth": 6.592709706391169, "min_child_weight": 4.718522131640521, "subsample": 0.8970353761139646}, "datetime": {"datetime": "2020-04-25 13:42:10", "elapsed": 523.78027, "delta": 5.836748}}
{"target": 0.6277166000000001, "params": {"alpha": 0.9860363356882926, "colsample_bytree": 0.8606569168892721, "lam": 0.0628402948778114, "max_depth": 3.9723145250288314, "min_child_weight": 1.0407593945855815, "subsample": 0.8970557682922312}, "datetime": {"datetime": "2020-04-25 13:42:15", "elapsed": 528.859413, "delta": 5.079143}}
{"target": 0.6344086000000001, "params": {"alpha": 0.9899504364709864, "colsample_bytree": 0.8970889648094912, "lam": 0.9826018690856309, "max_depth": 6.540852065408574, "min_child_weight": 9.812889598819764, "subsample": 0.8895450554369551}, "datetime": {"datetime": "2020-04-25 13:42:21", "elapsed": 534.706504, "delta": 5.847091}}
{"target": 0.619742, "params": {"alpha": 0.062053204576246856, "colsample_bytree": 0.891553257270531, "lam": 0.036745817250135704, "max_depth": 6.066570289056161, "min_child_weight": 4.172331123128382, "subsample": 0.6030527611875269}, "datetime": {"datetime": "2020-04-25 13:42:26", "elapsed": 539.973062, "delta": 5.266558}}
{"target": 0.6227814, "params": {"alpha": 0.9803587849367751, "colsample_bytree": 0.8982569742031263, "lam": 0.9246543919840632, "max_depth": 4.3841311244365615, "min_child_weight": 1.4050342052792715, "subsample": 0.8738984227546859}, "datetime": {"datetime": "2020-04-25 13:42:32", "elapsed": 545.332397, "delta": 5.359335}}
{"target": 0.6265584000000001, "params": {"alpha": 0.9838314945927847, "colsample_bytree": 0.8397739620220366, "lam": 0.9999999824074969, "max_depth": 7.09371390033324, "min_child_weight": 6.337490503468922, "subsample": 0.7727014589521672}, "datetime": {"datetime": "2020-04-25 13:42:38", "elapsed": 551.458057, "delta": 6.12566}}
{"target": 0.63608, "params": {"alpha": 0.018369241546172255, "colsample_bytree": 0.8855973311875164, "lam": 0.3571362122729259, "max_depth": 9.934503936656572, "min_child_weight": 6.687689417905985, "subsample": 0.8634728030421475}, "datetime": {"datetime": "2020-04-25 13:42:46", "elapsed": 559.152374, "delta": 7.694317}}
{"target": 0.635578, "params": {"alpha": 0.06890666231235043, "colsample_bytree": 0.8976374916910912, "lam": 0.9814021055476165, "max_depth": 5.526278685421678, "min_child_weight": 3.1086272743102352, "subsample": 0.8980808432130722}, "datetime": {"datetime": "2020-04-25 13:42:51", "elapsed": 564.950377, "delta": 5.798003}}
{"target": 0.6221676, "params": {"alpha": 0.12689210462316125, "colsample_bytree": 0.8991893568058781, "lam": 0.2604572845898343, "max_depth": 4.694036167739456, "min_child_weight": 2.0962318637240083, "subsample": 0.8880533924808773}, "datetime": {"datetime": "2020-04-25 13:42:57", "elapsed": 570.081365, "delta": 5.130988}}
{"target": 0.6150314, "params": {"alpha": 0.9548244501893055, "colsample_bytree": 0.8988633370201663, "lam": 0.03675761974756242, "max_depth": 4.3808565941433955, "min_child_weight": 9.932890066515064, "subsample": 0.5250784874692163}, "datetime": {"datetime": "2020-04-25 13:43:02", "elapsed": 575.05786, "delta": 4.976495}}
{"target": 0.6422348, "params": {"alpha": 0.9521012645528327, "colsample_bytree": 0.8170188636427689, "lam": 0.02473416752191815, "max_depth": 6.923950910397894, "min_child_weight": 9.889937021449164, "subsample": 0.8932073592100311}, "datetime": {"datetime": "2020-04-25 13:43:07", "elapsed": 580.918139, "delta": 5.860279}}
{"target": 0.6170858, "params": {"alpha": 0.036909901264236766, "colsample_bytree": 0.6699241883626849, "lam": 0.04662817232426464, "max_depth": 5.009891170426412, "min_child_weight": 7.4802608107274855, "subsample": 0.5186735881474189}, "datetime": {"datetime": "2020-04-25 13:43:12", "elapsed": 585.893851, "delta": 4.975712}}
{"target": 0.6274504000000001, "params": {"alpha": 0.04646969356236621, "colsample_bytree": 0.8974121789290231, "lam": 0.02414002961035178, "max_depth": 7.480456879862944, "min_child_weight": 9.29944176271019, "subsample": 0.5}, "datetime": {"datetime": "2020-04-25 13:43:18", "elapsed": 591.185714, "delta": 5.291863}}
{"target": 0.6427721999999999, "params": {"alpha": 0.9952100687756072, "colsample_bytree": 0.8977758254973083, "lam": 0.5118790864459304, "max_depth": 9.807938162110778, "min_child_weight": 9.142043441403251, "subsample": 0.8962211311156139}, "datetime": {"datetime": "2020-04-25 13:43:25", "elapsed": 599.022221, "delta": 7.836507}}
{"target": 0.6081854, "params": {"alpha": 0.9660220699116941, "colsample_bytree": 0.8724135449517574, "lam": 0.007810570291307162, "max_depth": 8.13468627264178, "min_child_weight": 4.6734244018935325, "subsample": 0.7915073825727285}, "datetime": {"datetime": "2020-04-25 13:43:31", "elapsed": 604.942542, "delta": 5.920321}}
{"target": 0.6193326000000001, "params": {"alpha": 0.8505461204326178, "colsample_bytree": 0.548312929410644, "lam": 0.5030294123135061, "max_depth": 9.976624849649593, "min_child_weight": 6.699729072082418, "subsample": 0.8284495354180221}, "datetime": {"datetime": "2020-04-25 13:43:39", "elapsed": 612.306342, "delta": 7.3638}}
{"target": 0.6180540000000001, "params": {"alpha": 0.41455042222430677, "colsample_bytree": 0.8506082347196513, "lam": 1.0, "max_depth": 9.989518702188239, "min_child_weight": 1.7936830373608028, "subsample": 0.9}, "datetime": {"datetime": "2020-04-25 13:43:47", "elapsed": 620.899023, "delta": 8.592681}}
{"target": 0.6051472, "params": {"alpha": 0.9053554386075334, "colsample_bytree": 0.841978029476794, "lam": 0.9445456462848245, "max_depth": 9.131103082646753, "min_child_weight": 1.6710836058738694, "subsample": 0.5206049890974273}, "datetime": {"datetime": "2020-04-25 13:43:54", "elapsed": 627.378653, "delta": 6.47963}}
{"target": 0.6193012, "params": {"alpha": 0.778307283950221, "colsample_bytree": 0.8991344097757465, "lam": 0.9800902968368412, "max_depth": 7.4432948014269735, "min_child_weight": 3.459773443348063, "subsample": 0.8436509051113428}, "datetime": {"datetime": "2020-04-25 13:44:00", "elapsed": 633.809965, "delta": 6.431312}}
{"target": 0.6334554000000001, "params": {"alpha": 0.9321266122544433, "colsample_bytree": 0.8898175309140507, "lam": 0.09250779990970481, "max_depth": 5.61215248676049, "min_child_weight": 9.672007641014899, "subsample": 0.8729460877387794}, "datetime": {"datetime": "2020-04-25 13:44:06", "elapsed": 639.819561, "delta": 6.009596}}
{"target": 0.6282220000000001, "params": {"alpha": 0.9501764971748289, "colsample_bytree": 0.7461948659065577, "lam": 0.24131768205354653, "max_depth": 7.460533919370909, "min_child_weight": 9.741983325145082, "subsample": 0.5110080101492612}, "datetime": {"datetime": "2020-04-25 13:44:12", "elapsed": 645.265374, "delta": 5.445813}}
{"target": 0.6259944, "params": {"alpha": 0.9910462044558367, "colsample_bytree": 0.8485998157996753, "lam": 0.26030176615610556, "max_depth": 5.541509953344626, "min_child_weight": 3.1686654014481963, "subsample": 0.5126333614067143}, "datetime": {"datetime": "2020-04-25 13:44:17", "elapsed": 650.398838, "delta": 5.133464}}
{"target": 0.6153644, "params": {"alpha": 0.009127919800707263, "colsample_bytree": 0.880551406761368, "lam": 0.9097840714615625, "max_depth": 4.251164447988166, "min_child_weight": 4.6518511029134535, "subsample": 0.8811639015834245}, "datetime": {"datetime": "2020-04-25 13:44:22", "elapsed": 655.928251, "delta": 5.529413}}
{"target": 0.6216352, "params": {"alpha": 0.9917924644015449, "colsample_bytree": 0.5165393601419573, "lam": 0.8196714245400506, "max_depth": 7.781221926971005, "min_child_weight": 7.654381427434613, "subsample": 0.8405067032119669}, "datetime": {"datetime": "2020-04-25 13:44:29", "elapsed": 662.245837, "delta": 6.317586}}
{"target": 0.5853886000000001, "params": {"alpha": 0.05537157938183808, "colsample_bytree": 0.5871652531621862, "lam": 0.9738676070877528, "max_depth": 9.385716875553332, "min_child_weight": 2.1099862008359582, "subsample": 0.8999999993996716}, "datetime": {"datetime": "2020-04-25 13:44:36", "elapsed": 669.809669, "delta": 7.563832}}
{"target": 0.6326729999999999, "params": {"alpha": 0.15317411272406034, "colsample_bytree": 0.8403121696961757, "lam": 0.7519239936638805, "max_depth": 9.988998199435734, "min_child_weight": 9.017176091195907, "subsample": 0.8870333071791789}, "datetime": {"datetime": "2020-04-25 13:44:44", "elapsed": 677.442677, "delta": 7.633008}}
{"target": 0.6013954, "params": {"alpha": 0.06974049280821548, "colsample_bytree": 0.8425733694115667, "lam": 0.9749293940240564, "max_depth": 3.001652641156616, "min_child_weight": 8.768749293266715, "subsample": 0.8398214600604319}, "datetime": {"datetime": "2020-04-25 13:44:49", "elapsed": 682.383383, "delta": 4.940706}}
{"target": 0.6336568, "params": {"alpha": 0.005188914084733098, "colsample_bytree": 0.7063289393952653, "lam": 0.10723233295018064, "max_depth": 7.234790561373629, "min_child_weight": 7.331905855357266, "subsample": 0.8945170943490649}, "datetime": {"datetime": "2020-04-25 13:44:56", "elapsed": 689.507702, "delta": 7.124319}}
{"target": 0.6304344000000001, "params": {"alpha": 0.9999999995821749, "colsample_bytree": 0.9, "lam": 0.9999999995202794, "max_depth": 6.851883033041904, "min_child_weight": 7.809363979459591, "subsample": 0.8999999994739737}, "datetime": {"datetime": "2020-04-25 13:45:03", "elapsed": 696.157806, "delta": 6.650104}}
{"target": 0.6400007999999999, "params": {"alpha": 0.028862159390776854, "colsample_bytree": 0.8678327761846629, "lam": 0.4939830536543319, "max_depth": 8.480952737766238, "min_child_weight": 9.346625464182017, "subsample": 0.8943617372869458}, "datetime": {"datetime": "2020-04-25 13:45:10", "elapsed": 703.425486, "delta": 7.26768}}
{"target": 0.6184352000000001, "params": {"alpha": 0.9999999986485911, "colsample_bytree": 0.9, "lam": 0.6239067111137593, "max_depth": 8.369670605822783, "min_child_weight": 5.211123394147393, "subsample": 0.9}, "datetime": {"datetime": "2020-04-25 13:45:17", "elapsed": 710.500889, "delta": 7.075403}}
{"target": 0.6408454, "params": {"alpha": 0.1655205152256609, "colsample_bytree": 0.893126146213885, "lam": 0.9650798313591258, "max_depth": 5.916418758065534, "min_child_weight": 9.98906379359712, "subsample": 0.785261378877989}, "datetime": {"datetime": "2020-04-25 13:45:23", "elapsed": 716.196343, "delta": 5.695454}}
{"target": 0.6196332, "params": {"alpha": 0.9611922603352805, "colsample_bytree": 0.8951811536467813, "lam": 0.1018162443402123, "max_depth": 5.609750313634121, "min_child_weight": 1.919313546876314, "subsample": 0.8903873590157858}, "datetime": {"datetime": "2020-04-25 13:45:29", "elapsed": 722.624209, "delta": 6.427866}}
