{"target": 0.623975, "params": {"alpha": 0.06062154112810603, "colsample_bytree": 0.8916741326750508, "lam": 0.8463730953035032, "max_depth": 9.004394080037354, "min_child_weight": 5.891125619129279, "subsample": 0.5088731447607564}, "datetime": {"datetime": "2020-04-25 14:54:22", "elapsed": 105.605191, "delta": 1.86752}}
{"target": 0.6313242000000001, "params": {"alpha": 0.9954541678402294, "colsample_bytree": 0.8755501690457899, "lam": 0.1358417403460852, "max_depth": 4.948786955335683, "min_child_weight": 6.422271680226203, "subsample": 0.5167326748068464}, "datetime": {"datetime": "2020-04-25 14:54:24", "elapsed": 107.340755, "delta": 1.735564}}
{"target": 0.6444976, "params": {"alpha": 0.030607210676416696, "colsample_bytree": 0.8867794166471495, "lam": 0.2802867575424445, "max_depth": 4.551297853109495, "min_child_weight": 9.042901410132014, "subsample": 0.8360356465184091}, "datetime": {"datetime": "2020-04-25 14:54:25", "elapsed": 109.058837, "delta": 1.718082}}
{"target": 0.6318486, "params": {"alpha": 1.0, "colsample_bytree": 0.9, "lam": 0.3703158907119919, "max_depth": 5.269503682621342, "min_child_weight": 8.313230391411876, "subsample": 0.9}, "datetime": {"datetime": "2020-04-25 14:54:27", "elapsed": 110.867186, "delta": 1.808349}}
{"target": 0.6378929999999999, "params": {"alpha": 0.0, "colsample_bytree": 0.9, "lam": 0.0, "max_depth": 10.0, "min_child_weight": 8.56388968246313, "subsample": 0.8999999993675853}, "datetime": {"datetime": "2020-04-25 14:54:29", "elapsed": 113.001813, "delta": 2.134627}}
{"target": 0.6216185999999999, "params": {"alpha": 0.967305580585697, "colsample_bytree": 0.8519565512281738, "lam": 0.9840651516918903, "max_depth": 6.675854568666201, "min_child_weight": 3.6208800943612003, "subsample": 0.8865118542717206}, "datetime": {"datetime": "2020-04-25 14:54:31", "elapsed": 114.711853, "delta": 1.71004}}
{"target": 0.6369494, "params": {"alpha": 0.0052073944233549385, "colsample_bytree": 0.8855092419432038, "lam": 0.12855348473984363, "max_depth": 6.888360080617513, "min_child_weight": 7.37918276777193, "subsample": 0.8180532624920118}, "datetime": {"datetime": "2020-04-25 14:54:33", "elapsed": 116.521471, "delta": 1.809618}}
{"target": 0.6239352, "params": {"alpha": 0.9674656873097905, "colsample_bytree": 0.8704606010067374, "lam": 0.026569012853841945, "max_depth": 8.382439226266435, "min_child_weight": 3.7038512198567872, "subsample": 0.8814742876657073}, "datetime": {"datetime": "2020-04-25 14:54:35", "elapsed": 118.403095, "delta": 1.881624}}
{"target": 0.6349284000000001, "params": {"alpha": 0.9946165263744863, "colsample_bytree": 0.8917650296737023, "lam": 0.14458804951772186, "max_depth": 5.514990237716344, "min_child_weight": 3.536909428163719, "subsample": 0.6454647407219863}, "datetime": {"datetime": "2020-04-25 14:54:36", "elapsed": 120.06964, "delta": 1.666545}}
{"target": 0.625116, "params": {"alpha": 0.18946069285544753, "colsample_bytree": 0.8939650566279596, "lam": 0.9136006822467672, "max_depth": 4.139318195033241, "min_child_weight": 8.759889380898095, "subsample": 0.854330305903024}, "datetime": {"datetime": "2020-04-25 14:54:38", "elapsed": 121.775456, "delta": 1.705816}}
{"target": 0.6279854, "params": {"alpha": 0.018787527286984185, "colsample_bytree": 0.8993412232203742, "lam": 0.8377111050314205, "max_depth": 7.762451789763708, "min_child_weight": 4.260012772665788, "subsample": 0.7170464015073674}, "datetime": {"datetime": "2020-04-25 14:54:40", "elapsed": 123.746173, "delta": 1.970717}}
{"target": 0.646492, "params": {"alpha": 0.19878207069615517, "colsample_bytree": 0.8572941842741659, "lam": 0.055560024788680495, "max_depth": 5.764979254596321, "min_child_weight": 9.569693519413445, "subsample": 0.8315861462710499}, "datetime": {"datetime": "2020-04-25 14:54:42", "elapsed": 125.35146, "delta": 1.605287}}
{"target": 0.6341032, "params": {"alpha": 0.9804232752799397, "colsample_bytree": 0.8839971029169825, "lam": 0.10924760099054631, "max_depth": 5.242715171228651, "min_child_weight": 5.3424719870286, "subsample": 0.8369549378714504}, "datetime": {"datetime": "2020-04-25 14:54:43", "elapsed": 127.092486, "delta": 1.741026}}
{"target": 0.6373797999999999, "params": {"alpha": 0.9336550320679763, "colsample_bytree": 0.8846110504507645, "lam": 0.07424066161482334, "max_depth": 9.04396134860751, "min_child_weight": 8.568178618787666, "subsample": 0.8966599671222034}, "datetime": {"datetime": "2020-04-25 14:54:46", "elapsed": 129.299365, "delta": 2.206879}}
{"target": 0.6188214000000001, "params": {"alpha": 0.43905985438571604, "colsample_bytree": 0.899040668417394, "lam": 0.06324161557842456, "max_depth": 4.378267455333511, "min_child_weight": 9.9752788920901, "subsample": 0.7855530430043636}, "datetime": {"datetime": "2020-04-25 14:54:48", "elapsed": 131.171247, "delta": 1.871882}}
{"target": 0.6320613999999999, "params": {"alpha": 0.013410060798649703, "colsample_bytree": 0.8938049248596889, "lam": 0.10821720531913315, "max_depth": 6.182673290469252, "min_child_weight": 9.891502542609285, "subsample": 0.8509259165528702}, "datetime": {"datetime": "2020-04-25 14:54:49", "elapsed": 133.033828, "delta": 1.862581}}
{"target": 0.633061, "params": {"alpha": 0.05337570925151103, "colsample_bytree": 0.8786234049790229, "lam": 0.973124653704685, "max_depth": 4.116551509847179, "min_child_weight": 5.4648681502653345, "subsample": 0.6958708073021895}, "datetime": {"datetime": "2020-04-25 14:54:51", "elapsed": 134.90627, "delta": 1.872442}}
{"target": 0.6345398, "params": {"alpha": 0.11594176778157672, "colsample_bytree": 0.8357644579307248, "lam": 0.24854907318156916, "max_depth": 5.5992944173227635, "min_child_weight": 8.87602965328401, "subsample": 0.8998499984974797}, "datetime": {"datetime": "2020-04-25 14:54:53", "elapsed": 136.826163, "delta": 1.919893}}
{"target": 0.6269834000000001, "params": {"alpha": 0.13013552400087547, "colsample_bytree": 0.8946265581613848, "lam": 0.9649329056546917, "max_depth": 8.3613439223326, "min_child_weight": 6.340616574716624, "subsample": 0.8936302634767723}, "datetime": {"datetime": "2020-04-25 14:54:55", "elapsed": 138.739423, "delta": 1.91326}}
{"target": 0.6128516, "params": {"alpha": 0.348808984426651, "colsample_bytree": 0.5198098331623056, "lam": 0.010071095639027972, "max_depth": 5.419529628638625, "min_child_weight": 9.863183048962929, "subsample": 0.8560497959257496}, "datetime": {"datetime": "2020-04-25 14:54:57", "elapsed": 140.479714, "delta": 1.740291}}
{"target": 0.6236854000000001, "params": {"alpha": 0.04847962531376915, "colsample_bytree": 0.8887207605167404, "lam": 0.9548517419092164, "max_depth": 5.214050449683898, "min_child_weight": 3.7204515605404214, "subsample": 0.5950984537600619}, "datetime": {"datetime": "2020-04-25 14:54:59", "elapsed": 142.284387, "delta": 1.804673}}
{"target": 0.6356536, "params": {"alpha": 0.8334637008417105, "colsample_bytree": 0.8479323114029618, "lam": 0.011324546018851023, "max_depth": 4.801788701561746, "min_child_weight": 8.9365626333987, "subsample": 0.8975480785971577}, "datetime": {"datetime": "2020-04-25 14:55:00", "elapsed": 144.053262, "delta": 1.768875}}
{"target": 0.6276252, "params": {"alpha": 0.9580804587668089, "colsample_bytree": 0.8847482785274977, "lam": 0.027479469124441214, "max_depth": 4.242105216639306, "min_child_weight": 3.6756453307716357, "subsample": 0.8550565112753881}, "datetime": {"datetime": "2020-04-25 14:55:02", "elapsed": 145.597517, "delta": 1.544255}}
{"target": 0.628881, "params": {"alpha": 0.9480705497047444, "colsample_bytree": 0.8919146598006531, "lam": 0.46518001374112683, "max_depth": 4.489751118419223, "min_child_weight": 6.280087371585776, "subsample": 0.8987381944757158}, "datetime": {"datetime": "2020-04-25 14:55:04", "elapsed": 147.390806, "delta": 1.793289}}
{"target": 0.6303348, "params": {"alpha": 0.06470601964304601, "colsample_bytree": 0.8894325705874073, "lam": 0.06502039357792411, "max_depth": 3.8711701309461786, "min_child_weight": 7.746205481297902, "subsample": 0.8846242871368639}, "datetime": {"datetime": "2020-04-25 14:55:06", "elapsed": 149.268962, "delta": 1.878156}}
{"target": 0.6235506000000001, "params": {"alpha": 0.7993535452655331, "colsample_bytree": 0.9, "lam": 0.006342573194187527, "max_depth": 6.227262964376532, "min_child_weight": 2.691222505230194, "subsample": 0.9}, "datetime": {"datetime": "2020-04-25 14:55:08", "elapsed": 151.443679, "delta": 2.174717}}
{"target": 0.6384346000000001, "params": {"alpha": 0.6279380582529979, "colsample_bytree": 0.8863311391764561, "lam": 0.2558154962195478, "max_depth": 9.994842378686412, "min_child_weight": 7.86898950577361, "subsample": 0.8915720392644544}, "datetime": {"datetime": "2020-04-25 14:55:10", "elapsed": 153.826374, "delta": 2.382695}}
{"target": 0.6348824000000001, "params": {"alpha": 0.037956015767058204, "colsample_bytree": 0.8862646576306088, "lam": 0.6916825619684746, "max_depth": 5.188313832048953, "min_child_weight": 9.841196918409285, "subsample": 0.8632794848437216}, "datetime": {"datetime": "2020-04-25 14:55:12", "elapsed": 156.054671, "delta": 2.228297}}
{"target": 0.6061378000000001, "params": {"alpha": 0.05465387995458959, "colsample_bytree": 0.8961857320727211, "lam": 0.948806032165794, "max_depth": 3.071554190098193, "min_child_weight": 2.176925351765627, "subsample": 0.813886157239246}, "datetime": {"datetime": "2020-04-25 14:55:14", "elapsed": 157.955731, "delta": 1.90106}}
{"target": 0.5818481999999999, "params": {"alpha": 0.002521957876265968, "colsample_bytree": 0.8770991326940796, "lam": 0.10541422001329992, "max_depth": 9.11521715935153, "min_child_weight": 2.337582547035881, "subsample": 0.842409601234612}, "datetime": {"datetime": "2020-04-25 14:55:17", "elapsed": 160.678527, "delta": 2.722796}}
{"target": 0.6429328, "params": {"alpha": 0.9801536036215699, "colsample_bytree": 0.8830802042239092, "lam": 0.07219786160711716, "max_depth": 7.527744816026772, "min_child_weight": 8.850334625277341, "subsample": 0.5703144080475538}, "datetime": {"datetime": "2020-04-25 14:55:19", "elapsed": 162.872939, "delta": 2.194412}}
{"target": 0.6407196000000001, "params": {"alpha": 0.9807522627974218, "colsample_bytree": 0.8678067894660891, "lam": 0.9012613766751766, "max_depth": 7.312730998411977, "min_child_weight": 9.754942317473933, "subsample": 0.597319945377987}, "datetime": {"datetime": "2020-04-25 14:55:21", "elapsed": 165.019706, "delta": 2.146767}}
{"target": 0.5910550000000001, "params": {"alpha": 0.963896188661285, "colsample_bytree": 0.5889213690503823, "lam": 0.932113198095458, "max_depth": 9.952219220960115, "min_child_weight": 1.6852874969217533, "subsample": 0.8542538387293646}, "datetime": {"datetime": "2020-04-25 14:55:24", "elapsed": 167.887466, "delta": 2.86776}}
{"target": 0.6278884, "params": {"alpha": 0.018518034820087292, "colsample_bytree": 0.8979382474143174, "lam": 0.9239365924400205, "max_depth": 4.121514624563341, "min_child_weight": 1.2740459080470043, "subsample": 0.8529248993983485}, "datetime": {"datetime": "2020-04-25 14:55:26", "elapsed": 169.93121, "delta": 2.043744}}
{"target": 0.6316067999999999, "params": {"alpha": 0.550405998795592, "colsample_bytree": 0.8899359771009427, "lam": 0.24523204826281364, "max_depth": 6.854652760249867, "min_child_weight": 9.130337339952986, "subsample": 0.5143590076752182}, "datetime": {"datetime": "2020-04-25 14:55:28", "elapsed": 172.061877, "delta": 2.130667}}
{"target": 0.637796, "params": {"alpha": 0.9748988984152135, "colsample_bytree": 0.8932684653217576, "lam": 0.815078043372137, "max_depth": 4.9189753368126485, "min_child_weight": 2.8390501213117183, "subsample": 0.8551290559855818}, "datetime": {"datetime": "2020-04-25 14:55:31", "elapsed": 174.260898, "delta": 2.199021}}
{"target": 0.6352236, "params": {"alpha": 0.3235265908605659, "colsample_bytree": 0.8772088634162005, "lam": 0.011057528355829183, "max_depth": 4.6630520396387745, "min_child_weight": 8.503206768584601, "subsample": 0.8859092132142492}, "datetime": {"datetime": "2020-04-25 14:55:33", "elapsed": 176.52147, "delta": 2.260572}}
{"target": 0.6372282, "params": {"alpha": 0.9760742749504954, "colsample_bytree": 0.8986541861781789, "lam": 0.9730954971179893, "max_depth": 8.244402570296176, "min_child_weight": 9.729365439469834, "subsample": 0.841223742749549}, "datetime": {"datetime": "2020-04-25 14:55:35", "elapsed": 178.996886, "delta": 2.475416}}
{"target": 0.6082128, "params": {"alpha": 0.9285558920624561, "colsample_bytree": 0.8836409646986096, "lam": 0.7772009509355272, "max_depth": 4.028187991618141, "min_child_weight": 9.00655597487025, "subsample": 0.5251054535151328}, "datetime": {"datetime": "2020-04-25 14:55:38", "elapsed": 181.551075, "delta": 2.554189}}
{"target": 0.6380667999999999, "params": {"alpha": 1.0, "colsample_bytree": 0.8999998327845389, "lam": 1.0, "max_depth": 5.570593898493148, "min_child_weight": 10.0, "subsample": 0.8999999756980032}, "datetime": {"datetime": "2020-04-25 14:55:40", "elapsed": 183.612679, "delta": 2.061604}}
{"target": 0.6309265999999999, "params": {"alpha": 0.8888355360504591, "colsample_bytree": 0.8775934818270715, "lam": 0.04147522680235427, "max_depth": 7.8360962999230654, "min_child_weight": 7.462677020221566, "subsample": 0.8630174605168957}, "datetime": {"datetime": "2020-04-25 14:55:43", "elapsed": 186.537799, "delta": 2.92512}}
{"target": 0.639592, "params": {"alpha": 0.9809805516671212, "colsample_bytree": 0.8986138583476578, "lam": 0.24022480960834014, "max_depth": 6.594840135477974, "min_child_weight": 9.171566290280593, "subsample": 0.8890927617128376}, "datetime": {"datetime": "2020-04-25 14:55:45", "elapsed": 188.963728, "delta": 2.425929}}
{"target": 0.605748, "params": {"alpha": 1.0, "colsample_bytree": 0.9, "lam": 0.9999999995495733, "max_depth": 8.578159768741331, "min_child_weight": 1.276122186489581, "subsample": 0.8999999998446913}, "datetime": {"datetime": "2020-04-25 14:55:48", "elapsed": 191.57488, "delta": 2.611152}}
{"target": 0.6326649999999999, "params": {"alpha": 0.0, "colsample_bytree": 0.899999999996989, "lam": 1.0, "max_depth": 6.472131198137027, "min_child_weight": 6.034617384354903, "subsample": 0.8999999999988222}, "datetime": {"datetime": "2020-04-25 14:55:51", "elapsed": 194.265053, "delta": 2.690173}}
{"target": 0.6255974, "params": {"alpha": 0.8702345179873325, "colsample_bytree": 0.8996129186427876, "lam": 0.2047492560379771, "max_depth": 9.962252672705693, "min_child_weight": 7.424039213233262, "subsample": 0.5704649302178113}, "datetime": {"datetime": "2020-04-25 14:55:53", "elapsed": 197.043616, "delta": 2.778563}}
{"target": 0.6340528000000001, "params": {"alpha": 0.9789633051862491, "colsample_bytree": 0.6857787116772139, "lam": 0.07378167158712967, "max_depth": 9.970462829772824, "min_child_weight": 8.550145226004462, "subsample": 0.8253906512853139}, "datetime": {"datetime": "2020-04-25 14:55:56", "elapsed": 199.950241, "delta": 2.906625}}
{"target": 0.63154, "params": {"alpha": 0.8778572147925404, "colsample_bytree": 0.8911868373701957, "lam": 0.9609505616245515, "max_depth": 4.715274964428266, "min_child_weight": 1.3320321598869402, "subsample": 0.8950926139903213}, "datetime": {"datetime": "2020-04-25 14:55:59", "elapsed": 202.998051, "delta": 3.04781}}
{"target": 0.6351734, "params": {"alpha": 1.8140965655664287e-07, "colsample_bytree": 0.8999999998001161, "lam": 6.375158768457279e-07, "max_depth": 6.653942369439354, "min_child_weight": 6.474147486064668, "subsample": 0.8999997443708061}, "datetime": {"datetime": "2020-04-25 14:56:03", "elapsed": 206.101548, "delta": 3.103497}}
{"target": 0.6297432, "params": {"alpha": 0.9648565787274781, "colsample_bytree": 0.8997712026915219, "lam": 0.3951162779185924, "max_depth": 8.15275316281518, "min_child_weight": 8.765723905712942, "subsample": 0.6771672631535695}, "datetime": {"datetime": "2020-04-25 14:56:05", "elapsed": 208.982042, "delta": 2.880494}}
{"target": 0.6239778, "params": {"alpha": 0.9688202171353456, "colsample_bytree": 0.8589303524635306, "lam": 0.017487833059611435, "max_depth": 9.99856531972468, "min_child_weight": 7.796798929965566, "subsample": 0.8228271939483364}, "datetime": {"datetime": "2020-04-25 14:56:08", "elapsed": 211.798432, "delta": 2.81639}}
{"target": 0.605755, "params": {"alpha": 0.05892514247691083, "colsample_bytree": 0.5183857131264612, "lam": 0.07602552700025467, "max_depth": 9.898918518269443, "min_child_weight": 7.1345071832008005, "subsample": 0.6781394853250631}, "datetime": {"datetime": "2020-04-25 14:56:11", "elapsed": 214.665979, "delta": 2.867547}}
{"target": 0.6365334, "params": {"alpha": 0.9999999999999993, "colsample_bytree": 0.899999999999998, "lam": 0.9999999515338928, "max_depth": 9.999999999999998, "min_child_weight": 9.99999995739774, "subsample": 0.8999999999999989}, "datetime": {"datetime": "2020-04-25 14:56:14", "elapsed": 218.077924, "delta": 3.411945}}
{"target": 0.5955474000000001, "params": {"alpha": 0.9046591337071799, "colsample_bytree": 0.5314856731781213, "lam": 0.0025411221835441866, "max_depth": 7.4243776153175425, "min_child_weight": 8.84157602039871, "subsample": 0.5526558758621791}, "datetime": {"datetime": "2020-04-25 14:56:18", "elapsed": 221.176868, "delta": 3.098944}}
{"target": 0.6011824, "params": {"alpha": 0.08452879185371087, "colsample_bytree": 0.5285155065771823, "lam": 0.6874286734544817, "max_depth": 3.783568771369355, "min_child_weight": 9.80980496195729, "subsample": 0.884184467918702}, "datetime": {"datetime": "2020-04-25 14:56:20", "elapsed": 223.615033, "delta": 2.438165}}
{"target": 0.627086, "params": {"alpha": 0.017454742658318367, "colsample_bytree": 0.8758670297666377, "lam": 0.08470770114168225, "max_depth": 9.951130823199321, "min_child_weight": 5.201038949720761, "subsample": 0.8454847206392766}, "datetime": {"datetime": "2020-04-25 14:56:23", "elapsed": 226.783453, "delta": 3.16842}}
{"target": 0.6356524, "params": {"alpha": 0.9999999947867977, "colsample_bytree": 0.8999999831817485, "lam": 0.9999999994369372, "max_depth": 5.176007864993172, "min_child_weight": 4.147498086137436, "subsample": 0.8999999831817485}, "datetime": {"datetime": "2020-04-25 14:56:26", "elapsed": 229.247513, "delta": 2.46406}}
{"target": 0.6245917999999999, "params": {"alpha": 0.22839206486680674, "colsample_bytree": 0.8912557235184355, "lam": 0.005613138305940235, "max_depth": 4.363985564205144, "min_child_weight": 5.3741458454190605, "subsample": 0.8741167567195591}, "datetime": {"datetime": "2020-04-25 14:56:28", "elapsed": 231.707125, "delta": 2.459612}}
{"target": 0.6227906, "params": {"alpha": 0.9216528992408897, "colsample_bytree": 0.8848507535375698, "lam": 0.5117813368850644, "max_depth": 4.037450557042933, "min_child_weight": 1.0551182069967746, "subsample": 0.5426713887809014}, "datetime": {"datetime": "2020-04-25 14:56:31", "elapsed": 234.444348, "delta": 2.737223}}
{"target": 0.6180028, "params": {"alpha": 0.9999999999989816, "colsample_bytree": 0.8999999999984774, "lam": 0.8748145007964632, "max_depth": 10.0, "min_child_weight": 3.4079739559459785, "subsample": 0.9}, "datetime": {"datetime": "2020-04-25 14:56:34", "elapsed": 237.67808, "delta": 3.233732}}
{"target": 0.6368848, "params": {"alpha": 0.09137991172761573, "colsample_bytree": 0.8566771698171696, "lam": 0.8482687030273998, "max_depth": 9.978622905884126, "min_child_weight": 9.799985627746064, "subsample": 0.7887580594006953}, "datetime": {"datetime": "2020-04-25 14:56:37", "elapsed": 241.034168, "delta": 3.356088}}
{"target": 0.6344890000000001, "params": {"alpha": 0.014149078198295806, "colsample_bytree": 0.899625785626572, "lam": 0.03562477700894573, "max_depth": 5.561727235853258, "min_child_weight": 9.447263635154686, "subsample": 0.5955573240461323}, "datetime": {"datetime": "2020-04-25 14:56:40", "elapsed": 243.964377, "delta": 2.930209}}
{"target": 0.6208042, "params": {"alpha": 0.7869292863528089, "colsample_bytree": 0.8909820360032528, "lam": 0.012548915150609852, "max_depth": 8.249239658865744, "min_child_weight": 5.682597787561333, "subsample": 0.5947519086215936}, "datetime": {"datetime": "2020-04-25 14:56:43", "elapsed": 246.751731, "delta": 2.787354}}
{"target": 0.5876964, "params": {"alpha": 0.9813412701497646, "colsample_bytree": 0.8999999920484013, "lam": 0.1552245678860501, "max_depth": 9.034752450589163, "min_child_weight": 2.552377178705944, "subsample": 0.6044458401495957}, "datetime": {"datetime": "2020-04-25 14:56:46", "elapsed": 249.584653, "delta": 2.832922}}
{"target": 0.5987704, "params": {"alpha": 0.9641982829538573, "colsample_bytree": 0.8597923102924769, "lam": 0.3678640808975898, "max_depth": 3.027392324029756, "min_child_weight": 8.766269803063851, "subsample": 0.8955504543531457}, "datetime": {"datetime": "2020-04-25 14:56:49", "elapsed": 252.237384, "delta": 2.652731}}
{"target": 0.644478, "params": {"alpha": 0.02910463118127371, "colsample_bytree": 0.8896112111561094, "lam": 0.9709216850142925, "max_depth": 7.428794779289821, "min_child_weight": 6.355443834260443, "subsample": 0.847283583364252}, "datetime": {"datetime": "2020-04-25 14:56:52", "elapsed": 255.113226, "delta": 2.875842}}
{"target": 0.6265658000000001, "params": {"alpha": 0.8196484651091734, "colsample_bytree": 0.8916652919467571, "lam": 0.9567256314283847, "max_depth": 7.9419842006889585, "min_child_weight": 9.99685326712477, "subsample": 0.6669481482119862}, "datetime": {"datetime": "2020-04-25 14:56:54", "elapsed": 258.0746, "delta": 2.961374}}
{"target": 0.6189668, "params": {"alpha": 0.09342260714904194, "colsample_bytree": 0.8713638051370356, "lam": 0.8545088685948268, "max_depth": 3.8787312220766412, "min_child_weight": 6.9368965206146065, "subsample": 0.5197937931763621}, "datetime": {"datetime": "2020-04-25 14:56:58", "elapsed": 261.349461, "delta": 3.274861}}
