{"target": 0.6298914, "params": {"alpha": 0.023549285209521043, "colsample_bytree": 0.8776371769595182, "lam": 0.02221583769605151, "max_depth": 7.619537739801612, "min_child_weight": 6.61113135660342, "subsample": 0.8159343647734549}, "datetime": {"datetime": "2020-04-24 22:31:35", "elapsed": 763.714773, "delta": 4.071574}}
{"target": 0.6231322, "params": {"alpha": 0.5505019813774032, "colsample_bytree": 0.8684049083298782, "lam": 0.04072191817049675, "max_depth": 8.639572566355188, "min_child_weight": 6.086350369538515, "subsample": 0.8056558832166356}, "datetime": {"datetime": "2020-04-24 22:31:41", "elapsed": 769.629488, "delta": 5.914715}}
{"target": 0.6038843999999999, "params": {"alpha": 0.006291077710646187, "colsample_bytree": 0.8268389688436648, "lam": 0.007317828955040406, "max_depth": 4.817644519999963, "min_child_weight": 2.0545799985667, "subsample": 0.8627665739546913}, "datetime": {"datetime": "2020-04-24 22:31:46", "elapsed": 774.515479, "delta": 4.885991}}
{"target": 0.6262047999999999, "params": {"alpha": 0.981254652625958, "colsample_bytree": 0.8794000364251975, "lam": 0.9986084663239663, "max_depth": 5.9529596920545185, "min_child_weight": 8.136849847374833, "subsample": 0.5313871860378864}, "datetime": {"datetime": "2020-04-24 22:31:50", "elapsed": 778.63151, "delta": 4.116031}}
{"target": 0.5711, "params": {"alpha": 0.0, "colsample_bytree": 0.5000000000801258, "lam": 0.0, "max_depth": 3.998300000809081, "min_child_weight": 1.0, "subsample": 0.5}, "datetime": {"datetime": "2020-04-24 22:31:55", "elapsed": 783.829331, "delta": 5.197821}}
{"target": 0.6067308, "params": {"alpha": 0.007017114568177774, "colsample_bytree": 0.5112390900499095, "lam": 0.08113288667590468, "max_depth": 6.04204178764455, "min_child_weight": 2.9983635420815014, "subsample": 0.7901980312957351}, "datetime": {"datetime": "2020-04-24 22:32:00", "elapsed": 788.232112, "delta": 4.402781}}
{"target": 0.6324417999999999, "params": {"alpha": 0.09337009840609212, "colsample_bytree": 0.8656633223193073, "lam": 0.9698122034036692, "max_depth": 5.178712499061641, "min_child_weight": 2.7264642173554545, "subsample": 0.8935046732565046}, "datetime": {"datetime": "2020-04-24 22:32:04", "elapsed": 793.010646, "delta": 4.778534}}
{"target": 0.63617, "params": {"alpha": 0.033152170307482964, "colsample_bytree": 0.8236746616268964, "lam": 0.5582673921113788, "max_depth": 8.944984315860479, "min_child_weight": 8.505488820049738, "subsample": 0.78236621787408}, "datetime": {"datetime": "2020-04-24 22:32:10", "elapsed": 798.165482, "delta": 5.154836}}
{"target": 0.5949206, "params": {"alpha": 0.23576588664570264, "colsample_bytree": 0.5073093066965609, "lam": 0.9687002011211117, "max_depth": 8.336086542124624, "min_child_weight": 5.678093354808076, "subsample": 0.8403474988450599}, "datetime": {"datetime": "2020-04-24 22:32:14", "elapsed": 802.836685, "delta": 4.671203}}
{"target": 0.628561, "params": {"alpha": 0.03571299555825247, "colsample_bytree": 0.6520927411775205, "lam": 0.943951004354172, "max_depth": 7.7944173328169635, "min_child_weight": 9.949418652391023, "subsample": 0.5567020823624901}, "datetime": {"datetime": "2020-04-24 22:32:20", "elapsed": 808.290276, "delta": 5.453591}}
{"target": 0.6376066, "params": {"alpha": 0.9905461374207983, "colsample_bytree": 0.8921636383258209, "lam": 0.14123281646146346, "max_depth": 6.2153639854299465, "min_child_weight": 9.510584402025215, "subsample": 0.899618396007563}, "datetime": {"datetime": "2020-04-24 22:32:25", "elapsed": 813.8993, "delta": 5.609024}}
{"target": 0.6442202, "params": {"alpha": 0.22679176178825822, "colsample_bytree": 0.8941728474524528, "lam": 0.9940465047079865, "max_depth": 6.480877771271247, "min_child_weight": 6.708695531089313, "subsample": 0.8115935374698087}, "datetime": {"datetime": "2020-04-24 22:32:33", "elapsed": 821.761724, "delta": 7.862424}}
{"target": 0.6228196, "params": {"alpha": 0.0734024252171036, "colsample_bytree": 0.8930182882726438, "lam": 0.6842343852199134, "max_depth": 3.92136668863071, "min_child_weight": 9.386360807659276, "subsample": 0.8516952476359607}, "datetime": {"datetime": "2020-04-24 22:32:38", "elapsed": 826.969778, "delta": 5.208054}}
{"target": 0.635893, "params": {"alpha": 0.9942405247706622, "colsample_bytree": 0.8395223279049585, "lam": 0.9999999763660081, "max_depth": 8.120636926306698, "min_child_weight": 8.001192967665753, "subsample": 0.8999998810353357}, "datetime": {"datetime": "2020-04-24 22:32:44", "elapsed": 832.563006, "delta": 5.593228}}
{"target": 0.6217468, "params": {"alpha": 0.9667712670665728, "colsample_bytree": 0.8922850363846815, "lam": 0.006570249519802673, "max_depth": 4.03318864006895, "min_child_weight": 4.145185822072259, "subsample": 0.8748138745517609}, "datetime": {"datetime": "2020-04-24 22:32:49", "elapsed": 838.04183, "delta": 5.478824}}
{"target": 0.6131198, "params": {"alpha": 0.046732049512521745, "colsample_bytree": 0.8887231271272644, "lam": 0.057938957409880865, "max_depth": 9.342910316800722, "min_child_weight": 2.820037504553781, "subsample": 0.8498531327408703}, "datetime": {"datetime": "2020-04-24 22:32:56", "elapsed": 844.276657, "delta": 6.234827}}
{"target": 0.5855754, "params": {"alpha": 0.9169969902942164, "colsample_bytree": 0.8857841615928225, "lam": 0.07263447813848689, "max_depth": 7.001473932007978, "min_child_weight": 1.013770216362674, "subsample": 0.5205079840368163}, "datetime": {"datetime": "2020-04-24 22:33:01", "elapsed": 849.901429, "delta": 5.624772}}
{"target": 0.609278, "params": {"alpha": 0.0, "colsample_bytree": 0.9, "lam": 0.0, "max_depth": 9.999999954567683, "min_child_weight": 5.608457888741215, "subsample": 0.5}, "datetime": {"datetime": "2020-04-24 22:33:08", "elapsed": 856.649142, "delta": 6.747713}}
{"target": 0.6408754, "params": {"alpha": 0.0020743436917913805, "colsample_bytree": 0.8885558062245367, "lam": 0.9297403406354613, "max_depth": 6.7036012222780545, "min_child_weight": 3.4224569178235766, "subsample": 0.890217720703557}, "datetime": {"datetime": "2020-04-24 22:33:15", "elapsed": 863.223076, "delta": 6.573934}}
{"target": 0.6172030000000001, "params": {"alpha": 0.12033407044060385, "colsample_bytree": 0.8895533265624546, "lam": 0.9874019790779919, "max_depth": 3.965420815714057, "min_child_weight": 4.703837596620235, "subsample": 0.512455493554248}, "datetime": {"datetime": "2020-04-24 22:33:20", "elapsed": 868.582863, "delta": 5.359787}}
{"target": 0.606668, "params": {"alpha": 0.7169339369878024, "colsample_bytree": 0.5222032522562174, "lam": 0.06864424654317403, "max_depth": 5.661403037760003, "min_child_weight": 5.404607953526933, "subsample": 0.8893818423478741}, "datetime": {"datetime": "2020-04-24 22:33:25", "elapsed": 873.568311, "delta": 4.985448}}
{"target": 0.6279306, "params": {"alpha": 0.14111863282502224, "colsample_bytree": 0.8926457777147078, "lam": 0.42502359950391855, "max_depth": 4.610947297484529, "min_child_weight": 9.99925974354228, "subsample": 0.8652756850752283}, "datetime": {"datetime": "2020-04-24 22:33:31", "elapsed": 879.876363, "delta": 6.308052}}
{"target": 0.6394426, "params": {"alpha": 0.9577504332554061, "colsample_bytree": 0.89885513982236, "lam": 0.517785685997571, "max_depth": 5.303200212956864, "min_child_weight": 8.746301288697914, "subsample": 0.8999206935019788}, "datetime": {"datetime": "2020-04-24 22:33:37", "elapsed": 885.25913, "delta": 5.382767}}
{"target": 0.6206864000000001, "params": {"alpha": 0.04807104780632909, "colsample_bytree": 0.8478383142539611, "lam": 0.03697814495430718, "max_depth": 4.416351967779272, "min_child_weight": 5.337106659085497, "subsample": 0.8649848839279624}, "datetime": {"datetime": "2020-04-24 22:33:42", "elapsed": 890.93172, "delta": 5.67259}}
{"target": 0.6390778, "params": {"alpha": 0.968594875909125, "colsample_bytree": 0.8986736351106313, "lam": 0.2610301305914139, "max_depth": 9.900939499634513, "min_child_weight": 9.312958215449337, "subsample": 0.8905508975787488}, "datetime": {"datetime": "2020-04-24 22:33:48", "elapsed": 896.864198, "delta": 5.932478}}
{"target": 0.6347618, "params": {"alpha": 0.9975538687385616, "colsample_bytree": 0.7230170805080539, "lam": 0.2290744906493246, "max_depth": 9.723063314104108, "min_child_weight": 9.921493736592518, "subsample": 0.8895758212768585}, "datetime": {"datetime": "2020-04-24 22:33:54", "elapsed": 902.903793, "delta": 6.039595}}
{"target": 0.5937996, "params": {"alpha": 0.5911255850417293, "colsample_bytree": 0.8985914392447909, "lam": 0.9816923081961841, "max_depth": 3.199423952982921, "min_child_weight": 9.929851929333793, "subsample": 0.5369105512711414}, "datetime": {"datetime": "2020-04-24 22:34:00", "elapsed": 908.130198, "delta": 5.226405}}
{"target": 0.6215828, "params": {"alpha": 1.0, "colsample_bytree": 0.8999999953274647, "lam": 0.9999999888690303, "max_depth": 8.734149183002858, "min_child_weight": 5.501627026750232, "subsample": 0.500000006711399}, "datetime": {"datetime": "2020-04-24 22:34:04", "elapsed": 912.664161, "delta": 4.533963}}
{"target": 0.6325244, "params": {"alpha": 0.9998364976020844, "colsample_bytree": 0.8858244451442958, "lam": 0.0718076405793916, "max_depth": 4.219864384405053, "min_child_weight": 9.727554305005473, "subsample": 0.6009795728863386}, "datetime": {"datetime": "2020-04-24 22:34:09", "elapsed": 917.894091, "delta": 5.22993}}
{"target": 0.6423012, "params": {"alpha": 0.9857808432314004, "colsample_bytree": 0.8500920525377865, "lam": 0.5554141286838811, "max_depth": 7.255918090153627, "min_child_weight": 9.261255833673484, "subsample": 0.7864039057084089}, "datetime": {"datetime": "2020-04-24 22:34:15", "elapsed": 923.686123, "delta": 5.792032}}
{"target": 0.6164438, "params": {"alpha": 0.9039139601300815, "colsample_bytree": 0.880691895702384, "lam": 0.9202323278108518, "max_depth": 4.208430981595428, "min_child_weight": 5.568218773274392, "subsample": 0.5059387747334015}, "datetime": {"datetime": "2020-04-24 22:34:21", "elapsed": 930.115892, "delta": 6.429769}}
{"target": 0.6383213999999999, "params": {"alpha": 0.9972233098999799, "colsample_bytree": 0.8890610552441272, "lam": 0.6046932945827916, "max_depth": 7.7129299236605, "min_child_weight": 8.790398442394235, "subsample": 0.8634104638806118}, "datetime": {"datetime": "2020-04-24 22:34:26", "elapsed": 934.996187, "delta": 4.880295}}
{"target": 0.6384394, "params": {"alpha": 0.06528243432190528, "colsample_bytree": 0.8719798782118271, "lam": 0.2674755439219636, "max_depth": 6.190684176152034, "min_child_weight": 8.167583323072439, "subsample": 0.8989064228647292}, "datetime": {"datetime": "2020-04-24 22:34:32", "elapsed": 940.45739, "delta": 5.461203}}
{"target": 0.624282, "params": {"alpha": 1.0, "colsample_bytree": 0.9, "lam": 0.9999999856444236, "max_depth": 7.920296036163125, "min_child_weight": 4.244911802683211, "subsample": 0.8999999924094835}, "datetime": {"datetime": "2020-04-24 22:34:38", "elapsed": 946.402517, "delta": 5.945127}}
{"target": 0.6242846, "params": {"alpha": 0.06878270406049991, "colsample_bytree": 0.89735224170235, "lam": 0.050323764558262374, "max_depth": 4.269021338980528, "min_child_weight": 7.767587488283054, "subsample": 0.8104263740484159}, "datetime": {"datetime": "2020-04-24 22:34:44", "elapsed": 952.155541, "delta": 5.753024}}
{"target": 0.6395618, "params": {"alpha": 0.7455387124623726, "colsample_bytree": 0.8741653822040765, "lam": 0.0029506616403486285, "max_depth": 5.8994329150460185, "min_child_weight": 6.050791205471038, "subsample": 0.8783734205435194}, "datetime": {"datetime": "2020-04-24 22:34:51", "elapsed": 959.358814, "delta": 7.203273}}
{"target": 0.6402045999999999, "params": {"alpha": 0.08790669959275621, "colsample_bytree": 0.8821569149388628, "lam": 0.997524963693374, "max_depth": 5.809362698488991, "min_child_weight": 7.620929199927513, "subsample": 0.8511719085316702}, "datetime": {"datetime": "2020-04-24 22:34:57", "elapsed": 966.017954, "delta": 6.65914}}
{"target": 0.6212764, "params": {"alpha": 0.01922721704552388, "colsample_bytree": 0.8451560013416456, "lam": 0.9780954051693453, "max_depth": 4.626392843447979, "min_child_weight": 1.419573509554465, "subsample": 0.557323760480901}, "datetime": {"datetime": "2020-04-24 22:35:03", "elapsed": 971.542839, "delta": 5.524885}}
{"target": 0.6358858, "params": {"alpha": 0.029532701181641197, "colsample_bytree": 0.8907542713358287, "lam": 0.02683718507262478, "max_depth": 5.102785759064927, "min_child_weight": 8.54804641955535, "subsample": 0.8810820804696373}, "datetime": {"datetime": "2020-04-24 22:35:08", "elapsed": 976.890641, "delta": 5.347802}}
{"target": 0.6357842, "params": {"alpha": 0.9011899483227263, "colsample_bytree": 0.8800283616014749, "lam": 0.982242609600929, "max_depth": 5.069049826008969, "min_child_weight": 7.775621615708016, "subsample": 0.8527125874034661}, "datetime": {"datetime": "2020-04-24 22:35:14", "elapsed": 982.418375, "delta": 5.527734}}
{"target": 0.613769, "params": {"alpha": 0.8648845726806733, "colsample_bytree": 0.8867412466666005, "lam": 0.8862560587549119, "max_depth": 5.244824938129156, "min_child_weight": 4.621814001735188, "subsample": 0.5301884047037559}, "datetime": {"datetime": "2020-04-24 22:35:20", "elapsed": 988.284208, "delta": 5.865833}}
{"target": 0.6374678, "params": {"alpha": 1.0, "colsample_bytree": 0.9, "lam": 1.0, "max_depth": 10.0, "min_child_weight": 6.8446818113355565, "subsample": 0.5000000122401327}, "datetime": {"datetime": "2020-04-24 22:35:25", "elapsed": 993.876454, "delta": 5.592246}}
{"target": 0.6273398, "params": {"alpha": 0.12951947303113853, "colsample_bytree": 0.8831050003408629, "lam": 0.9884263990729806, "max_depth": 6.006377566606255, "min_child_weight": 3.430327838129079, "subsample": 0.6869737868412454}, "datetime": {"datetime": "2020-04-24 22:35:32", "elapsed": 1000.696193, "delta": 6.819739}}
{"target": 0.6224376, "params": {"alpha": 0.2928431290373825, "colsample_bytree": 0.8900810938198215, "lam": 0.8653223596730031, "max_depth": 4.083412492087248, "min_child_weight": 6.293438846954457, "subsample": 0.8978752290252721}, "datetime": {"datetime": "2020-04-24 22:35:37", "elapsed": 1005.814115, "delta": 5.117922}}
{"target": 0.6033025999999999, "params": {"alpha": 0.9999999858037364, "colsample_bytree": 0.8999999999999999, "lam": 4.006404948766782e-08, "max_depth": 9.825534281625247, "min_child_weight": 2.927379686177551, "subsample": 0.9}, "datetime": {"datetime": "2020-04-24 22:35:45", "elapsed": 1013.609168, "delta": 7.795053}}
{"target": 0.6360948, "params": {"alpha": 0.643933036806013, "colsample_bytree": 0.8955988140995361, "lam": 0.052041787012269136, "max_depth": 4.659008562614119, "min_child_weight": 6.634426293674643, "subsample": 0.8771469342353448}, "datetime": {"datetime": "2020-04-24 22:35:51", "elapsed": 1019.921863, "delta": 6.312695}}
{"target": 0.6303143999999999, "params": {"alpha": 0.02435952492418103, "colsample_bytree": 0.6379807593051712, "lam": 0.08111186354581101, "max_depth": 8.891434308967005, "min_child_weight": 9.94812498803063, "subsample": 0.8775661875999972}, "datetime": {"datetime": "2020-04-24 22:35:57", "elapsed": 1025.922984, "delta": 6.001121}}
{"target": 0.6166344, "params": {"alpha": 0.0, "colsample_bytree": 0.7260131423126597, "lam": 1.0, "max_depth": 10.0, "min_child_weight": 1.8857799912325965, "subsample": 0.5}, "datetime": {"datetime": "2020-04-24 22:36:04", "elapsed": 1032.381621, "delta": 6.458637}}
{"target": 0.6443342, "params": {"alpha": 0.9999999999999998, "colsample_bytree": 0.8999999987912705, "lam": 0.9999999999999998, "max_depth": 5.647108765891256, "min_child_weight": 6.903146873601628, "subsample": 0.8932814827811785}, "datetime": {"datetime": "2020-04-24 22:36:12", "elapsed": 1040.852482, "delta": 8.470861}}
{"target": 0.6413292, "params": {"alpha": 0.7171163609901771, "colsample_bytree": 0.8718900304194287, "lam": 0.3984112577362072, "max_depth": 8.348671149285423, "min_child_weight": 9.71528122144831, "subsample": 0.8206609927426812}, "datetime": {"datetime": "2020-04-24 22:36:20", "elapsed": 1048.833722, "delta": 7.98124}}
{"target": 0.6241742, "params": {"alpha": 0.4922317682142565, "colsample_bytree": 0.8951762883143632, "lam": 0.14283879187999815, "max_depth": 8.673675288673653, "min_child_weight": 5.193922728368487, "subsample": 0.8946151915284279}, "datetime": {"datetime": "2020-04-24 22:36:26", "elapsed": 1054.164432, "delta": 5.33071}}
{"target": 0.6243844, "params": {"alpha": 0.8000020665636809, "colsample_bytree": 0.8945798594784302, "lam": 0.9798360308953957, "max_depth": 6.671203969565968, "min_child_weight": 6.26152548920824, "subsample": 0.5219160049888079}, "datetime": {"datetime": "2020-04-24 22:36:31", "elapsed": 1059.5415, "delta": 5.377068}}
{"target": 0.6376506000000001, "params": {"alpha": 0.0516363789806602, "colsample_bytree": 0.8984963694383491, "lam": 0.9321477553074984, "max_depth": 5.869806370166183, "min_child_weight": 6.85324057294469, "subsample": 0.8865665107188732}, "datetime": {"datetime": "2020-04-24 22:36:38", "elapsed": 1067.108882, "delta": 7.567382}}
{"target": 0.5858464, "params": {"alpha": 0.0, "colsample_bytree": 0.5199776652172834, "lam": 0.8284119281797219, "max_depth": 3.6627342356516173, "min_child_weight": 8.367775065185155, "subsample": 0.5061372348586411}, "datetime": {"datetime": "2020-04-24 22:36:45", "elapsed": 1073.72239, "delta": 6.613508}}
{"target": 0.6550292, "params": {"alpha": 0.994580882783169, "colsample_bytree": 0.8244414022605551, "lam": 0.024126493400554283, "max_depth": 6.761323981990753, "min_child_weight": 9.114027632191213, "subsample": 0.8214882481619089}, "datetime": {"datetime": "2020-04-24 22:36:52", "elapsed": 1080.821566, "delta": 7.099176}}
{"target": 0.6253386000000001, "params": {"alpha": 0.9696312489867789, "colsample_bytree": 0.7202998406859432, "lam": 0.02683947174981205, "max_depth": 7.34916229343974, "min_child_weight": 8.931005594360958, "subsample": 0.506350840077386}, "datetime": {"datetime": "2020-04-24 22:36:59", "elapsed": 1087.456865, "delta": 6.635299}}
{"target": 0.6334402, "params": {"alpha": 0.9812683829029697, "colsample_bytree": 0.8890814525821584, "lam": 0.019124079740407085, "max_depth": 4.795183607380261, "min_child_weight": 9.486706440587703, "subsample": 0.8953492898440725}, "datetime": {"datetime": "2020-04-24 22:37:03", "elapsed": 1092.053709, "delta": 4.596844}}
{"target": 0.6439078, "params": {"alpha": 0.9280402865389907, "colsample_bytree": 0.7633694987710833, "lam": 0.13233614241956682, "max_depth": 7.02120121151305, "min_child_weight": 9.133178896641668, "subsample": 0.8538038439720386}, "datetime": {"datetime": "2020-04-24 22:37:11", "elapsed": 1099.656086, "delta": 7.602377}}
{"target": 0.6262254, "params": {"alpha": 0.937587493094391, "colsample_bytree": 0.8987507905891556, "lam": 0.025639497885073914, "max_depth": 6.471046279700514, "min_child_weight": 9.149517349299444, "subsample": 0.593484451596842}, "datetime": {"datetime": "2020-04-24 22:37:18", "elapsed": 1106.541999, "delta": 6.885913}}
{"target": 0.6148374, "params": {"alpha": 0.14534536995555503, "colsample_bytree": 0.8898438180496723, "lam": 0.06411285360616348, "max_depth": 7.913707487676034, "min_child_weight": 4.085647740290261, "subsample": 0.8645341997332159}, "datetime": {"datetime": "2020-04-24 22:37:25", "elapsed": 1113.344768, "delta": 6.802769}}
{"target": 0.6325266, "params": {"alpha": 0.9963788395908526, "colsample_bytree": 0.8809148201978025, "lam": 0.23183403570167682, "max_depth": 7.0142378518163255, "min_child_weight": 8.39147827739847, "subsample": 0.8623261119729193}, "datetime": {"datetime": "2020-04-24 22:37:32", "elapsed": 1120.783524, "delta": 7.438756}}
{"target": 0.6220009999999999, "params": {"alpha": 0.9964799992179828, "colsample_bytree": 0.8970747287040282, "lam": 0.987110845619538, "max_depth": 5.285726102622659, "min_child_weight": 9.193612290283877, "subsample": 0.5558447693509626}, "datetime": {"datetime": "2020-04-24 22:37:39", "elapsed": 1127.337744, "delta": 6.55422}}
{"target": 0.638279, "params": {"alpha": 0.4707422774223987, "colsample_bytree": 0.899997888133766, "lam": 0.013626088639084988, "max_depth": 6.13507083412572, "min_child_weight": 4.1683321473979165, "subsample": 0.8676096443077281}, "datetime": {"datetime": "2020-04-24 22:37:46", "elapsed": 1134.570758, "delta": 7.233014}}
{"target": 0.6365918, "params": {"alpha": 0.22788223398654484, "colsample_bytree": 0.8896617534149742, "lam": 0.45434432140162595, "max_depth": 8.961549575182772, "min_child_weight": 9.163634353795484, "subsample": 0.8328273551583558}, "datetime": {"datetime": "2020-04-24 22:37:53", "elapsed": 1141.671629, "delta": 7.100871}}
{"target": 0.632647, "params": {"alpha": 1.0, "colsample_bytree": 0.8999999959048354, "lam": 1.0, "max_depth": 4.745829084582979, "min_child_weight": 3.408854694004179, "subsample": 0.9}, "datetime": {"datetime": "2020-04-24 22:38:01", "elapsed": 1149.502992, "delta": 7.831363}}
{"target": 0.6261352, "params": {"alpha": 0.9968558275122213, "colsample_bytree": 0.8732358010914565, "lam": 0.14828014460789862, "max_depth": 5.052354388124803, "min_child_weight": 1.0312952996564517, "subsample": 0.5014771199674402}, "datetime": {"datetime": "2020-04-24 22:38:09", "elapsed": 1157.222109, "delta": 7.719117}}
{"target": 0.6311968, "params": {"alpha": 0.017353019388646973, "colsample_bytree": 0.8921931367632007, "lam": 0.9608818376966506, "max_depth": 4.982233449937627, "min_child_weight": 9.88366211177926, "subsample": 0.5080135378216959}, "datetime": {"datetime": "2020-04-24 22:38:15", "elapsed": 1163.998851, "delta": 6.776742}}
{"target": 0.6107906, "params": {"alpha": 0.7594850458365104, "colsample_bytree": 0.8999999992782284, "lam": 1.0, "max_depth": 9.999999996955376, "min_child_weight": 3.2349826441832876, "subsample": 0.5}, "datetime": {"datetime": "2020-04-24 22:38:21", "elapsed": 1169.961195, "delta": 5.962344}}
