{"target": 0.6236273999999999, "params": {"alpha": 0.09709275517507598, "colsample_bytree": 0.6052318162688787, "lam": 0.9746889808062345, "max_depth": 7.823984768391024, "min_child_weight": 9.333165473750599, "subsample": 0.8644354967784394}, "datetime": {"datetime": "2020-04-24 23:19:54", "elapsed": 3662.248034, "delta": 20.967889}}
{"target": 0.6336923999999999, "params": {"alpha": 0.36494957519076265, "colsample_bytree": 0.8037230248161095, "lam": 0.966144836168707, "max_depth": 7.814999460820457, "min_child_weight": 8.36368007792552, "subsample": 0.5833558483588767}, "datetime": {"datetime": "2020-04-24 23:20:12", "elapsed": 3680.23044, "delta": 17.982406}}
{"target": 0.6350887999999999, "params": {"alpha": 0.952916096026624, "colsample_bytree": 0.8967551592718848, "lam": 0.0582153813995987, "max_depth": 8.589335870699788, "min_child_weight": 8.70639753174353, "subsample": 0.593796509656147}, "datetime": {"datetime": "2020-04-24 23:20:28", "elapsed": 3696.365714, "delta": 16.135274}}
{"target": 0.6369275999999999, "params": {"alpha": 0.03637449576263563, "colsample_bytree": 0.8908220320255253, "lam": 0.9916167493012359, "max_depth": 8.816375570517945, "min_child_weight": 8.887046171186771, "subsample": 0.886310054446606}, "datetime": {"datetime": "2020-04-24 23:20:51", "elapsed": 3719.195366, "delta": 22.829652}}
{"target": 0.5559688, "params": {"alpha": 8.51078370711136e-09, "colsample_bytree": 0.5000000371840742, "lam": 1.374353883643481e-08, "max_depth": 3.000000075892489, "min_child_weight": 5.850734979645428, "subsample": 0.8999999941097023}, "datetime": {"datetime": "2020-04-24 23:21:06", "elapsed": 3734.781757, "delta": 15.586391}}
{"target": 0.6289452, "params": {"alpha": 0.0, "colsample_bytree": 0.9, "lam": 0.9999999807426163, "max_depth": 6.641578169899685, "min_child_weight": 3.8946569902362005, "subsample": 0.8999999474079867}, "datetime": {"datetime": "2020-04-24 23:21:22", "elapsed": 3751.078619, "delta": 16.296862}}
{"target": 0.6195382, "params": {"alpha": 0.9811936796239822, "colsample_bytree": 0.8956930690057132, "lam": 0.6976716904099116, "max_depth": 3.693633686123806, "min_child_weight": 6.949031302014279, "subsample": 0.5420481673277613}, "datetime": {"datetime": "2020-04-24 23:21:42", "elapsed": 3770.721573, "delta": 19.642954}}
{"target": 0.6062569999999999, "params": {"alpha": 0.9948875515633377, "colsample_bytree": 0.5591459850660021, "lam": 0.10676655220239994, "max_depth": 9.724443343235404, "min_child_weight": 6.07593084949408, "subsample": 0.8175794750937407}, "datetime": {"datetime": "2020-04-24 23:21:57", "elapsed": 3785.903434, "delta": 15.181861}}
{"target": 0.6291254000000001, "params": {"alpha": 1.1333503244452361e-08, "colsample_bytree": 0.9, "lam": 0.9999999968997404, "max_depth": 10.0, "min_child_weight": 5.881221380551607, "subsample": 0.9}, "datetime": {"datetime": "2020-04-24 23:22:14", "elapsed": 3802.182255, "delta": 16.278821}}
{"target": 0.6255158, "params": {"alpha": 0.16108051542850266, "colsample_bytree": 0.8534060097336458, "lam": 0.9858580253387355, "max_depth": 5.406804594540656, "min_child_weight": 5.001683971613788, "subsample": 0.899176995390779}, "datetime": {"datetime": "2020-04-24 23:22:33", "elapsed": 3821.26385, "delta": 19.081595}}
{"target": 0.6330619999999999, "params": {"alpha": 0.9932659660821423, "colsample_bytree": 0.8251219449405749, "lam": 0.006662264236462323, "max_depth": 6.017740516121978, "min_child_weight": 4.313775996145991, "subsample": 0.8342449995196444}, "datetime": {"datetime": "2020-04-24 23:22:57", "elapsed": 3845.149594, "delta": 23.885744}}
{"target": 0.6252166, "params": {"alpha": 0.0, "colsample_bytree": 0.8999996172315794, "lam": 0.9999999512965514, "max_depth": 6.64009296719827, "min_child_weight": 7.339220676595506, "subsample": 0.5}, "datetime": {"datetime": "2020-04-24 23:23:13", "elapsed": 3861.785267, "delta": 16.635673}}
{"target": 0.6370004, "params": {"alpha": 0.471340066087265, "colsample_bytree": 0.8883655008492825, "lam": 0.04635341811722493, "max_depth": 7.70255351602082, "min_child_weight": 7.594995546159053, "subsample": 0.8889510246543432}, "datetime": {"datetime": "2020-04-24 23:23:32", "elapsed": 3880.15475, "delta": 18.369483}}
{"target": 0.6281836000000001, "params": {"alpha": 0.9930308275915148, "colsample_bytree": 0.8982863383595252, "lam": 0.990357072575271, "max_depth": 7.440780767873924, "min_child_weight": 9.297679889071, "subsample": 0.7289476277986318}, "datetime": {"datetime": "2020-04-24 23:23:48", "elapsed": 3896.121326, "delta": 15.966576}}
{"target": 0.6373288, "params": {"alpha": 0.6019640387657006, "colsample_bytree": 0.8378262734732491, "lam": 0.00616503286954817, "max_depth": 9.862072060586023, "min_child_weight": 7.214153176548429, "subsample": 0.8719114647073918}, "datetime": {"datetime": "2020-04-24 23:24:01", "elapsed": 3909.935536, "delta": 13.81421}}
{"target": 0.6030104, "params": {"alpha": 0.9152209606091777, "colsample_bytree": 0.8670228210316522, "lam": 0.07631363595241569, "max_depth": 3.4537583437241146, "min_child_weight": 1.0046251259440935, "subsample": 0.8452331229655696}, "datetime": {"datetime": "2020-04-24 23:24:19", "elapsed": 3927.616853, "delta": 17.681317}}
{"target": 0.6358842, "params": {"alpha": 0.026582544108175066, "colsample_bytree": 0.8368717842757015, "lam": 0.0010054488506576753, "max_depth": 6.421522809526442, "min_child_weight": 9.190361408035505, "subsample": 0.8593547153627852}, "datetime": {"datetime": "2020-04-24 23:24:33", "elapsed": 3941.413878, "delta": 13.797025}}
{"target": 0.6315638, "params": {"alpha": 0.9587960938510657, "colsample_bytree": 0.8523945419794814, "lam": 0.12077274436184704, "max_depth": 5.346237297881439, "min_child_weight": 8.432332739234187, "subsample": 0.8059916499472312}, "datetime": {"datetime": "2020-04-24 23:24:52", "elapsed": 3961.109332, "delta": 19.695454}}
{"target": 0.628431, "params": {"alpha": 0.022135564171371525, "colsample_bytree": 0.7087596274736393, "lam": 0.5212155868517966, "max_depth": 4.856136901766495, "min_child_weight": 9.395359314320297, "subsample": 0.5535119355660716}, "datetime": {"datetime": "2020-04-24 23:25:12", "elapsed": 3981.020004, "delta": 19.910672}}
{"target": 0.6301228, "params": {"alpha": 0.1301659461829363, "colsample_bytree": 0.8337026118811236, "lam": 0.40964634920273735, "max_depth": 6.949588358430704, "min_child_weight": 3.2907134436958905, "subsample": 0.8959771778859669}, "datetime": {"datetime": "2020-04-24 23:25:30", "elapsed": 3998.364938, "delta": 17.344934}}
{"target": 0.6261842, "params": {"alpha": 0.08178507929722234, "colsample_bytree": 0.8982830128852439, "lam": 0.9390280363612576, "max_depth": 8.797001241437819, "min_child_weight": 5.385194504079694, "subsample": 0.5246367538363073}, "datetime": {"datetime": "2020-04-24 23:25:52", "elapsed": 4020.283035, "delta": 21.918097}}
{"target": 0.6297903999999999, "params": {"alpha": 0.39670887150030687, "colsample_bytree": 0.8495429065211535, "lam": 0.443125687973708, "max_depth": 6.476352103044117, "min_child_weight": 6.319290397574848, "subsample": 0.8886946928355992}, "datetime": {"datetime": "2020-04-24 23:26:10", "elapsed": 4038.292369, "delta": 18.009334}}
{"target": 0.6366053999999999, "params": {"alpha": 0.05624993082002583, "colsample_bytree": 0.8496134794943204, "lam": 0.9530226994841549, "max_depth": 8.222047856855536, "min_child_weight": 9.668136650797518, "subsample": 0.7992617100253387}, "datetime": {"datetime": "2020-04-24 23:26:31", "elapsed": 4059.436309, "delta": 21.14394}}
{"target": 0.5540324, "params": {"alpha": 1.0, "colsample_bytree": 0.5, "lam": 0.9999999999986146, "max_depth": 9.999999999972419, "min_child_weight": 1.0000000000157325, "subsample": 0.8999999999973693}, "datetime": {"datetime": "2020-04-24 23:26:51", "elapsed": 4079.41542, "delta": 19.979111}}
{"target": 0.6397725999999999, "params": {"alpha": 0.9999999985873919, "colsample_bytree": 0.9, "lam": 0.999999999591919, "max_depth": 9.99999999043879, "min_child_weight": 7.750310304066054, "subsample": 0.5000000402267996}, "datetime": {"datetime": "2020-04-24 23:27:09", "elapsed": 4097.398066, "delta": 17.982646}}
{"target": 0.634096, "params": {"alpha": 0.7464784447647023, "colsample_bytree": 0.8726063705213509, "lam": 0.9289606570546425, "max_depth": 6.0181469264563905, "min_child_weight": 4.238566877043221, "subsample": 0.8932992498277035}, "datetime": {"datetime": "2020-04-24 23:27:30", "elapsed": 4119.024452, "delta": 21.626386}}
{"target": 0.6354858, "params": {"alpha": 0.5269566558756705, "colsample_bytree": 0.8850085625162936, "lam": 0.9598554232299249, "max_depth": 5.534327202533904, "min_child_weight": 6.911416667620017, "subsample": 0.8166481467855791}, "datetime": {"datetime": "2020-04-24 23:27:47", "elapsed": 4135.21503, "delta": 16.190578}}
{"target": 0.6205356, "params": {"alpha": 3.7596164350068293e-13, "colsample_bytree": 0.9, "lam": 0.6789497482011633, "max_depth": 5.626110802258691, "min_child_weight": 1.000000000000305, "subsample": 0.9}, "datetime": {"datetime": "2020-04-24 23:28:08", "elapsed": 4156.812543, "delta": 21.597513}}
{"target": 0.6099818, "params": {"alpha": 0.9999999984634311, "colsample_bytree": 0.8999999991422168, "lam": 0.9999999990283777, "max_depth": 3.0, "min_child_weight": 4.360791161581324, "subsample": 0.8999999992971572}, "datetime": {"datetime": "2020-04-24 23:28:24", "elapsed": 4173.004556, "delta": 16.192013}}
{"target": 0.6245158, "params": {"alpha": 0.12052755118486713, "colsample_bytree": 0.8797261814383546, "lam": 0.6373028525697562, "max_depth": 4.061300605372876, "min_child_weight": 1.0010615432377037, "subsample": 0.7859746394390645}, "datetime": {"datetime": "2020-04-24 23:28:46", "elapsed": 4194.472782, "delta": 21.468226}}
{"target": 0.6206136, "params": {"alpha": 0.015054888309072522, "colsample_bytree": 0.8999999897793419, "lam": 0.0, "max_depth": 3.6883780006255407, "min_child_weight": 4.15496160935586, "subsample": 0.8999999868610304}, "datetime": {"datetime": "2020-04-24 23:29:07", "elapsed": 4215.864357, "delta": 21.391575}}
{"target": 0.6248934, "params": {"alpha": 0.023062441697611957, "colsample_bytree": 0.8964670906396266, "lam": 0.5606181993164385, "max_depth": 5.132645402180335, "min_child_weight": 2.896770687706439, "subsample": 0.637810433525431}, "datetime": {"datetime": "2020-04-24 23:29:28", "elapsed": 4236.176536, "delta": 20.312179}}
{"target": 0.6440216000000001, "params": {"alpha": 0.10440731441081341, "colsample_bytree": 0.809874626796907, "lam": 0.5517089447196626, "max_depth": 6.750519095511328, "min_child_weight": 9.963155763190926, "subsample": 0.8827248603425948}, "datetime": {"datetime": "2020-04-24 23:29:50", "elapsed": 4258.285277, "delta": 22.108741}}
{"target": 0.6331978, "params": {"alpha": 0.003549802545379177, "colsample_bytree": 0.7118293554434848, "lam": 0.9812899268263527, "max_depth": 6.636408789624287, "min_child_weight": 7.063296122848121, "subsample": 0.887769919519331}, "datetime": {"datetime": "2020-04-24 23:30:10", "elapsed": 4278.659377, "delta": 20.3741}}
{"target": 0.6337400000000001, "params": {"alpha": 0.004770507946282199, "colsample_bytree": 0.7501231303314755, "lam": 0.001476824876212146, "max_depth": 7.689345741843732, "min_child_weight": 9.934057526778432, "subsample": 0.87194205154284}, "datetime": {"datetime": "2020-04-24 23:30:29", "elapsed": 4298.113406, "delta": 19.454029}}
{"target": 0.642666, "params": {"alpha": 0.9439037145366771, "colsample_bytree": 0.8830974223511783, "lam": 0.9770191852583864, "max_depth": 9.664545389121635, "min_child_weight": 6.531971835357103, "subsample": 0.8192152461509026}, "datetime": {"datetime": "2020-04-24 23:30:47", "elapsed": 4315.13113, "delta": 17.017724}}
{"target": 0.6251414000000001, "params": {"alpha": 0.2226839394443666, "colsample_bytree": 0.8452235095060309, "lam": 0.981231913967108, "max_depth": 7.060062391442624, "min_child_weight": 9.320114080833307, "subsample": 0.5161717027417223}, "datetime": {"datetime": "2020-04-24 23:31:06", "elapsed": 4334.193137, "delta": 19.062007}}
{"target": 0.6303696000000001, "params": {"alpha": 0.11124560921896742, "colsample_bytree": 0.8341030780583807, "lam": 0.01933254484873781, "max_depth": 5.540892439207943, "min_child_weight": 7.826968058005379, "subsample": 0.8962332650739187}, "datetime": {"datetime": "2020-04-24 23:31:28", "elapsed": 4356.173357, "delta": 21.98022}}
{"target": 0.619444, "params": {"alpha": 0.002594494289011373, "colsample_bytree": 0.8886032762838482, "lam": 0.6937607427914394, "max_depth": 6.377465705211918, "min_child_weight": 3.1212465528423086, "subsample": 0.8996337122537451}, "datetime": {"datetime": "2020-04-24 23:31:53", "elapsed": 4381.833567, "delta": 25.66021}}
{"target": 0.6295384, "params": {"alpha": 0.4148913675452256, "colsample_bytree": 0.7656276606443466, "lam": 0.007245112819641908, "max_depth": 6.884654843682519, "min_child_weight": 3.5327913432434483, "subsample": 0.8903861181817883}, "datetime": {"datetime": "2020-04-24 23:32:13", "elapsed": 4401.873409, "delta": 20.039842}}
{"target": 0.6450967999999999, "params": {"alpha": 0.01348787984227362, "colsample_bytree": 0.820306264617882, "lam": 0.8844247558677416, "max_depth": 5.840264959777967, "min_child_weight": 8.259720224264038, "subsample": 0.7924273656228539}, "datetime": {"datetime": "2020-04-24 23:32:34", "elapsed": 4422.719772, "delta": 20.846363}}
{"target": 0.6344024000000001, "params": {"alpha": 0.013160292752265268, "colsample_bytree": 0.8038114285647402, "lam": 0.009463371543505184, "max_depth": 6.146650091381191, "min_child_weight": 5.407251398290415, "subsample": 0.8499563665927303}, "datetime": {"datetime": "2020-04-24 23:32:53", "elapsed": 4441.916456, "delta": 19.196684}}
{"target": 0.6185748, "params": {"alpha": 0.9643652928803281, "colsample_bytree": 0.8795653212565997, "lam": 0.9462051205283452, "max_depth": 5.177252227581866, "min_child_weight": 2.932787686222273, "subsample": 0.5525929472235142}, "datetime": {"datetime": "2020-04-24 23:33:15", "elapsed": 4463.208015, "delta": 21.291559}}
{"target": 0.6321910000000001, "params": {"alpha": 0.9650645663565115, "colsample_bytree": 0.8949223127267234, "lam": 0.6265286175817465, "max_depth": 6.885558567756389, "min_child_weight": 3.7585665668208006, "subsample": 0.8987616963016845}, "datetime": {"datetime": "2020-04-24 23:33:35", "elapsed": 4483.441878, "delta": 20.233863}}
{"target": 0.6303099999999999, "params": {"alpha": 0.02224529718023316, "colsample_bytree": 0.8095143712159897, "lam": 0.5066666313244007, "max_depth": 5.601907497597619, "min_child_weight": 8.659676769678502, "subsample": 0.8313861262841498}, "datetime": {"datetime": "2020-04-24 23:33:52", "elapsed": 4500.584271, "delta": 17.142393}}
{"target": 0.6226818, "params": {"alpha": 0.03062081955129714, "colsample_bytree": 0.8990633199859203, "lam": 0.997892160248006, "max_depth": 4.1994202377028556, "min_child_weight": 7.2802261878788785, "subsample": 0.7989550815593669}, "datetime": {"datetime": "2020-04-24 23:34:14", "elapsed": 4522.568437, "delta": 21.984166}}
{"target": 0.6433956000000001, "params": {"alpha": 0.0370177220776674, "colsample_bytree": 0.7880001180611638, "lam": 0.9850695943293669, "max_depth": 6.0785617608330575, "min_child_weight": 8.349020567570017, "subsample": 0.8936026678176255}, "datetime": {"datetime": "2020-04-24 23:34:31", "elapsed": 4539.389344, "delta": 16.820907}}
{"target": 0.6330684, "params": {"alpha": 0.016610192049702155, "colsample_bytree": 0.7561446731450898, "lam": 0.5852287234555361, "max_depth": 8.610321841934049, "min_child_weight": 9.168544172149332, "subsample": 0.8978236177950354}, "datetime": {"datetime": "2020-04-24 23:34:49", "elapsed": 4557.93787, "delta": 18.548526}}
{"target": 0.607477, "params": {"alpha": 0.9736581098573167, "colsample_bytree": 0.8999999999807693, "lam": 0.9999999998884075, "max_depth": 3.000000000944342, "min_child_weight": 6.50572913436821, "subsample": 0.8999999999999952}, "datetime": {"datetime": "2020-04-24 23:35:06", "elapsed": 4575.087894, "delta": 17.150024}}
{"target": 0.6405542000000001, "params": {"alpha": 0.53297756972014, "colsample_bytree": 0.8748414925315052, "lam": 0.8822675585625347, "max_depth": 8.023415598906826, "min_child_weight": 8.73291410844568, "subsample": 0.8983384929122702}, "datetime": {"datetime": "2020-04-24 23:35:25", "elapsed": 4593.531834, "delta": 18.44394}}
{"target": 0.6364798, "params": {"alpha": 0.4443245977730619, "colsample_bytree": 0.8063382641237589, "lam": 0.23546953835923645, "max_depth": 8.343530261721583, "min_child_weight": 9.61323964048556, "subsample": 0.8640039855409796}, "datetime": {"datetime": "2020-04-24 23:35:48", "elapsed": 4616.229385, "delta": 22.697551}}
{"target": 0.6208948000000001, "params": {"alpha": 0.9919502123923691, "colsample_bytree": 0.8729933480519367, "lam": 0.018672092026738918, "max_depth": 3.7081891790461188, "min_child_weight": 8.633497051831071, "subsample": 0.8265261746693339}, "datetime": {"datetime": "2020-04-24 23:36:10", "elapsed": 4638.463952, "delta": 22.234567}}
{"target": 0.6239380000000001, "params": {"alpha": 0.48228405697612287, "colsample_bytree": 0.8999120739286202, "lam": 0.9565531021482112, "max_depth": 6.7991935801545065, "min_child_weight": 3.4297366094087596, "subsample": 0.8128373369985848}, "datetime": {"datetime": "2020-04-24 23:36:31", "elapsed": 4659.685504, "delta": 21.221552}}
{"target": 0.6309229999999999, "params": {"alpha": 0.9716064045306019, "colsample_bytree": 0.8804881121672069, "lam": 0.667535862946655, "max_depth": 7.212580991910044, "min_child_weight": 4.732556473574307, "subsample": 0.8498691089501587}, "datetime": {"datetime": "2020-04-24 23:36:53", "elapsed": 4681.300304, "delta": 21.6148}}
{"target": 0.6195193999999999, "params": {"alpha": 0.0, "colsample_bytree": 0.5116200604138051, "lam": 0.9823381602318149, "max_depth": 6.964270556169692, "min_child_weight": 4.714095447886015, "subsample": 0.8717324375180575}, "datetime": {"datetime": "2020-04-24 23:37:15", "elapsed": 4704.087202, "delta": 22.786898}}
{"target": 0.6335622, "params": {"alpha": 0.16921393492556336, "colsample_bytree": 0.8699868947550528, "lam": 0.7920800503122346, "max_depth": 9.178017713942296, "min_child_weight": 8.761413156052086, "subsample": 0.8978305152346693}, "datetime": {"datetime": "2020-04-24 23:37:33", "elapsed": 4721.499637, "delta": 17.412435}}
{"target": 0.592391, "params": {"alpha": 0.0, "colsample_bytree": 0.5000002485672662, "lam": 0.9999999997961438, "max_depth": 7.567272297330685, "min_child_weight": 3.5138997051211756, "subsample": 0.8999999998430998}, "datetime": {"datetime": "2020-04-24 23:37:57", "elapsed": 4745.168702, "delta": 23.669065}}
{"target": 0.6364006, "params": {"alpha": 0.17852724460236125, "colsample_bytree": 0.8272718319278778, "lam": 0.9896365014695727, "max_depth": 6.152102666523778, "min_child_weight": 8.688953868570083, "subsample": 0.6395881491688149}, "datetime": {"datetime": "2020-04-24 23:38:21", "elapsed": 4769.703953, "delta": 24.535251}}
{"target": 0.6368090000000001, "params": {"alpha": 0.9785494026493236, "colsample_bytree": 0.7444433872647588, "lam": 0.01594191398241873, "max_depth": 6.6693785990337116, "min_child_weight": 9.999774616021861, "subsample": 0.8965714624648815}, "datetime": {"datetime": "2020-04-24 23:38:39", "elapsed": 4787.615725, "delta": 17.911772}}
{"target": 0.6081136, "params": {"alpha": 0.5727430752763123, "colsample_bytree": 0.5645139472370257, "lam": 0.09102345319513316, "max_depth": 6.206164162094811, "min_child_weight": 4.291392426536328, "subsample": 0.8696620429759594}, "datetime": {"datetime": "2020-04-24 23:39:00", "elapsed": 4808.282385, "delta": 20.66666}}
{"target": 0.6434295999999999, "params": {"alpha": 0.004229228938316898, "colsample_bytree": 0.8984457550248619, "lam": 0.06901284846374311, "max_depth": 8.853929577587127, "min_child_weight": 7.671210005844034, "subsample": 0.8764120800762544}, "datetime": {"datetime": "2020-04-24 23:39:17", "elapsed": 4825.820698, "delta": 17.538313}}
{"target": 0.6377586, "params": {"alpha": 0.946562263148842, "colsample_bytree": 0.8178584664574429, "lam": 0.4852104159289583, "max_depth": 9.919474362719708, "min_child_weight": 9.509090290557713, "subsample": 0.7758700875136024}, "datetime": {"datetime": "2020-04-24 23:39:43", "elapsed": 4851.916711, "delta": 26.096013}}
{"target": 0.6304412000000001, "params": {"alpha": 0.970863682590904, "colsample_bytree": 0.7585073547680732, "lam": 0.010298883146321325, "max_depth": 9.900679261331845, "min_child_weight": 7.413779173890693, "subsample": 0.8878616137103905}, "datetime": {"datetime": "2020-04-24 23:40:08", "elapsed": 4876.944593, "delta": 25.027882}}
{"target": 0.6303312, "params": {"alpha": 0.28284886202574755, "colsample_bytree": 0.8863103513318159, "lam": 0.2641489921913982, "max_depth": 5.227386201760636, "min_child_weight": 6.828699272097923, "subsample": 0.899561769744339}, "datetime": {"datetime": "2020-04-24 23:40:32", "elapsed": 4900.173208, "delta": 23.228615}}
{"target": 0.636025, "params": {"alpha": 0.9104802564071491, "colsample_bytree": 0.8150731793463262, "lam": 0.3957468562405886, "max_depth": 5.205829758254032, "min_child_weight": 9.8436573964615, "subsample": 0.7667232687197288}, "datetime": {"datetime": "2020-04-24 23:40:48", "elapsed": 4917.067958, "delta": 16.89475}}
{"target": 0.630814, "params": {"alpha": 0.9973717467381195, "colsample_bytree": 0.7259877417581243, "lam": 0.9206288091040649, "max_depth": 6.0074439971254225, "min_child_weight": 8.547422246949584, "subsample": 0.8979835870344689}, "datetime": {"datetime": "2020-04-24 23:41:14", "elapsed": 4942.349757, "delta": 25.281799}}
{"target": 0.6260136000000001, "params": {"alpha": 0.6290859261788332, "colsample_bytree": 0.8717961928637492, "lam": 0.4971600400583951, "max_depth": 9.989741518153156, "min_child_weight": 8.044237390343747, "subsample": 0.6817065478485622}, "datetime": {"datetime": "2020-04-24 23:41:40", "elapsed": 4968.846416, "delta": 26.496659}}
