{"target": 0.6277174000000001, "params": {"alpha": 0.9523403762889321, "colsample_bytree": 0.8905478122726169, "lam": 0.926074794392662, "max_depth": 5.511067175721047, "min_child_weight": 4.42955194931798, "subsample": 0.8875747105330885}, "datetime": {"datetime": "2020-04-25 13:26:19", "elapsed": 3998.862398, "delta": 19.39195}}
{"target": 0.6253434, "params": {"alpha": 0.952269491851446, "colsample_bytree": 0.848591728927926, "lam": 0.7457639690604084, "max_depth": 4.2027409790989045, "min_child_weight": 7.516002761098965, "subsample": 0.5556211726395252}, "datetime": {"datetime": "2020-04-25 13:26:33", "elapsed": 4013.296515, "delta": 14.434117}}
{"target": 0.6052172, "params": {"alpha": 0.9857115809329262, "colsample_bytree": 0.8991161548364611, "lam": 0.0033421638527179054, "max_depth": 3.786451447153283, "min_child_weight": 3.2831329722607956, "subsample": 0.5033459662853719}, "datetime": {"datetime": "2020-04-25 13:26:55", "elapsed": 4035.223272, "delta": 21.926757}}
{"target": 0.644293, "params": {"alpha": 0.02295447526124339, "colsample_bytree": 0.8758285445252354, "lam": 0.9767987639208235, "max_depth": 6.141173168230923, "min_child_weight": 7.646145559508538, "subsample": 0.8780288207123684}, "datetime": {"datetime": "2020-04-25 13:27:17", "elapsed": 4057.403012, "delta": 22.17974}}
{"target": 0.6230008, "params": {"alpha": 0.9680022984629122, "colsample_bytree": 0.7595291536073768, "lam": 0.9994523534430604, "max_depth": 6.20133882160594, "min_child_weight": 5.545043865452581, "subsample": 0.8965864478900931}, "datetime": {"datetime": "2020-04-25 13:27:33", "elapsed": 4073.529007, "delta": 16.125995}}
{"target": 0.628789, "params": {"alpha": 0.7357734430634202, "colsample_bytree": 0.8519599713798633, "lam": 0.6670084726583513, "max_depth": 5.691296118699062, "min_child_weight": 5.198152920468131, "subsample": 0.8357050511786372}, "datetime": {"datetime": "2020-04-25 13:27:53", "elapsed": 4093.242274, "delta": 19.713267}}
{"target": 0.626907, "params": {"alpha": 0.9836863556288449, "colsample_bytree": 0.8830878650465124, "lam": 0.00802932630917308, "max_depth": 9.394088624429655, "min_child_weight": 9.873034830428645, "subsample": 0.5540668561535473}, "datetime": {"datetime": "2020-04-25 13:28:10", "elapsed": 4109.793524, "delta": 16.55125}}
{"target": 0.6063762, "params": {"alpha": 0.7742569450466673, "colsample_bytree": 0.8846569150701311, "lam": 0.5598527202274279, "max_depth": 6.057128792052826, "min_child_weight": 1.0886406638361172, "subsample": 0.845693849676366}, "datetime": {"datetime": "2020-04-25 13:28:29", "elapsed": 4129.054302, "delta": 19.260778}}
{"target": 0.6378794, "params": {"alpha": 0.40223163905695836, "colsample_bytree": 0.8995073625625638, "lam": 0.985200143078355, "max_depth": 5.390699976353755, "min_child_weight": 9.044018948626743, "subsample": 0.8710624575962149}, "datetime": {"datetime": "2020-04-25 13:28:50", "elapsed": 4149.877941, "delta": 20.823639}}
{"target": 0.610769, "params": {"alpha": 2.0559293681345266e-08, "colsample_bytree": 0.9, "lam": 1.0, "max_depth": 9.999999964352046, "min_child_weight": 3.3062657827234165, "subsample": 0.9}, "datetime": {"datetime": "2020-04-25 13:29:14", "elapsed": 4174.672155, "delta": 24.794214}}
{"target": 0.6295911999999999, "params": {"alpha": 0.973894892204896, "colsample_bytree": 0.8859839951606999, "lam": 0.9763580192511245, "max_depth": 4.852721321316126, "min_child_weight": 6.187602212675197, "subsample": 0.8709069057834129}, "datetime": {"datetime": "2020-04-25 13:29:31", "elapsed": 4190.836864, "delta": 16.164709}}
{"target": 0.6182712, "params": {"alpha": 0.7267079442100364, "colsample_bytree": 0.7239594355762019, "lam": 0.05648742523071537, "max_depth": 4.345062105529987, "min_child_weight": 5.199145080679599, "subsample": 0.8935074704308559}, "datetime": {"datetime": "2020-04-25 13:29:50", "elapsed": 4209.684325, "delta": 18.847461}}
{"target": 0.60694, "params": {"alpha": 0.48389353278322567, "colsample_bytree": 0.8852723703219187, "lam": 0.9488692996621967, "max_depth": 9.898752768623979, "min_child_weight": 3.8767069916028998, "subsample": 0.5099394194660084}, "datetime": {"datetime": "2020-04-25 13:30:07", "elapsed": 4227.31981, "delta": 17.635485}}
{"target": 0.6260209999999999, "params": {"alpha": 0.9244579379618938, "colsample_bytree": 0.8760557164859596, "lam": 0.08903050437122972, "max_depth": 5.332521225815595, "min_child_weight": 6.12234807859882, "subsample": 0.5779357964826881}, "datetime": {"datetime": "2020-04-25 13:30:23", "elapsed": 4243.433765, "delta": 16.113955}}
{"target": 0.6355976, "params": {"alpha": 0.5583324592057799, "colsample_bytree": 0.8957624705821141, "lam": 0.004097320543531069, "max_depth": 3.753796147599436, "min_child_weight": 7.356631995438464, "subsample": 0.8425081250716171}, "datetime": {"datetime": "2020-04-25 13:30:40", "elapsed": 4260.54855, "delta": 17.114785}}
{"target": 0.6253732000000001, "params": {"alpha": 0.6639868600200441, "colsample_bytree": 0.883198191319658, "lam": 0.40886006423988563, "max_depth": 4.528555009761652, "min_child_weight": 1.0177326075271584, "subsample": 0.735026055542997}, "datetime": {"datetime": "2020-04-25 13:30:58", "elapsed": 4278.464686, "delta": 17.916136}}
{"target": 0.6302628, "params": {"alpha": 0.9990657790213432, "colsample_bytree": 0.8748555308466888, "lam": 0.6241844040232546, "max_depth": 3.6696683931315555, "min_child_weight": 1.7052545327463602, "subsample": 0.8505270026139822}, "datetime": {"datetime": "2020-04-25 13:31:21", "elapsed": 4300.706586, "delta": 22.2419}}
{"target": 0.6347539999999999, "params": {"alpha": 0.9592551813610919, "colsample_bytree": 0.6707422331854817, "lam": 0.05037168378338952, "max_depth": 8.260788630813654, "min_child_weight": 8.201553145484343, "subsample": 0.8620983640060095}, "datetime": {"datetime": "2020-04-25 13:31:40", "elapsed": 4320.043014, "delta": 19.336428}}
{"target": 0.6299904, "params": {"alpha": 0.10580747451481542, "colsample_bytree": 0.6941445276936767, "lam": 0.007979923511655218, "max_depth": 7.067807450886324, "min_child_weight": 8.836656189800909, "subsample": 0.8489530058522562}, "datetime": {"datetime": "2020-04-25 13:31:54", "elapsed": 4334.396511, "delta": 14.353497}}
{"target": 0.6301538, "params": {"alpha": 0.23504003563101394, "colsample_bytree": 0.874755277271577, "lam": 0.006359379239485374, "max_depth": 4.911914701987527, "min_child_weight": 5.693981575744571, "subsample": 0.8925149111070477}, "datetime": {"datetime": "2020-04-25 13:32:19", "elapsed": 4359.23671, "delta": 24.840199}}
{"target": 0.6442398, "params": {"alpha": 0.05292543270906336, "colsample_bytree": 0.8912457235862485, "lam": 0.9288374924893205, "max_depth": 6.994843059562065, "min_child_weight": 7.254206456661631, "subsample": 0.8548585416397114}, "datetime": {"datetime": "2020-04-25 13:32:36", "elapsed": 4376.267866, "delta": 17.031156}}
{"target": 0.6232306, "params": {"alpha": 0.0017728694678720291, "colsample_bytree": 0.8474047269415439, "lam": 0.40501837871598356, "max_depth": 8.889258817361164, "min_child_weight": 7.250802353449444, "subsample": 0.5381387989186039}, "datetime": {"datetime": "2020-04-25 13:32:59", "elapsed": 4398.987631, "delta": 22.719765}}
{"target": 0.5972132, "params": {"alpha": 0.7676495152199564, "colsample_bytree": 0.8507325462994395, "lam": 0.9882546881446092, "max_depth": 3.057825983208955, "min_child_weight": 1.928134177820406, "subsample": 0.8940280175888426}, "datetime": {"datetime": "2020-04-25 13:33:17", "elapsed": 4417.586188, "delta": 18.598557}}
{"target": 0.6283374, "params": {"alpha": 0.007541739658869728, "colsample_bytree": 0.8182834598129478, "lam": 0.9664405953512485, "max_depth": 6.077637410643435, "min_child_weight": 2.579248431987047, "subsample": 0.865825370516621}, "datetime": {"datetime": "2020-04-25 13:33:38", "elapsed": 4438.321439, "delta": 20.735251}}
{"target": 0.6256318, "params": {"alpha": 0.027694168320475, "colsample_bytree": 0.8714628347506834, "lam": 0.5072481919726053, "max_depth": 9.616702454814924, "min_child_weight": 6.341203728261038, "subsample": 0.7254968830041423}, "datetime": {"datetime": "2020-04-25 13:33:58", "elapsed": 4458.221188, "delta": 19.899749}}
{"target": 0.6109738, "params": {"alpha": 0.856442114186598, "colsample_bytree": 0.8847097907183828, "lam": 0.9901696186271332, "max_depth": 4.504350555803979, "min_child_weight": 1.0125579472200195, "subsample": 0.5542978817102788}, "datetime": {"datetime": "2020-04-25 13:34:23", "elapsed": 4483.666805, "delta": 25.445617}}
{"target": 0.6274371999999999, "params": {"alpha": 0.036189965625928466, "colsample_bytree": 0.7326201797440823, "lam": 0.005586907957844667, "max_depth": 9.908556719407233, "min_child_weight": 9.278843456425326, "subsample": 0.8412126974769687}, "datetime": {"datetime": "2020-04-25 13:34:45", "elapsed": 4505.455392, "delta": 21.788587}}
{"target": 0.5802930000000001, "params": {"alpha": 0.9995879346772953, "colsample_bytree": 0.5955951523538505, "lam": 0.17445330254020464, "max_depth": 9.977900361529066, "min_child_weight": 3.0909064750782322, "subsample": 0.5392052617364362}, "datetime": {"datetime": "2020-04-25 13:34:59", "elapsed": 4519.646503, "delta": 14.191111}}
{"target": 0.6199058, "params": {"alpha": 0.030378329608131027, "colsample_bytree": 0.820353157772394, "lam": 0.9223852245705917, "max_depth": 8.97852193776466, "min_child_weight": 6.729205973835893, "subsample": 0.6575840582667927}, "datetime": {"datetime": "2020-04-25 13:35:25", "elapsed": 4544.841572, "delta": 25.195069}}
{"target": 0.6339083999999999, "params": {"alpha": 0.04868484325610822, "colsample_bytree": 0.6937849645243983, "lam": 0.6588092793602661, "max_depth": 9.327655804549785, "min_child_weight": 8.877677003554235, "subsample": 0.8982790322030729}, "datetime": {"datetime": "2020-04-25 13:35:49", "elapsed": 4568.704811, "delta": 23.863239}}
{"target": 0.5958112, "params": {"alpha": 0.10311332256480221, "colsample_bytree": 0.6508586730849206, "lam": 0.03661587864579652, "max_depth": 7.469208864448112, "min_child_weight": 1.0057845879334701, "subsample": 0.8862743830851186}, "datetime": {"datetime": "2020-04-25 13:36:10", "elapsed": 4590.654812, "delta": 21.950001}}
{"target": 0.62636, "params": {"alpha": 0.9437636870356322, "colsample_bytree": 0.6657776459911586, "lam": 0.8862167623189633, "max_depth": 9.995498217549233, "min_child_weight": 6.031798435793372, "subsample": 0.5273283355794047}, "datetime": {"datetime": "2020-04-25 13:36:28", "elapsed": 4608.235068, "delta": 17.580256}}
{"target": 0.6202046, "params": {"alpha": 0.435467984111234, "colsample_bytree": 0.6186192099234888, "lam": 0.9945437281820412, "max_depth": 8.163812036369581, "min_child_weight": 7.808895000623553, "subsample": 0.878779063307678}, "datetime": {"datetime": "2020-04-25 13:36:52", "elapsed": 4631.879569, "delta": 23.644501}}
{"target": 0.5943601999999999, "params": {"alpha": 0.13754292075624897, "colsample_bytree": 0.8994529335145897, "lam": 0.6364928756145727, "max_depth": 3.01141043644837, "min_child_weight": 3.884614535779074, "subsample": 0.5652377266607189}, "datetime": {"datetime": "2020-04-25 13:37:18", "elapsed": 4658.466004, "delta": 26.586435}}
{"target": 0.6378604, "params": {"alpha": 0.014134406456616455, "colsample_bytree": 0.8768457310883879, "lam": 0.010055746716583158, "max_depth": 7.859123630227082, "min_child_weight": 8.901565296359903, "subsample": 0.8600285719857439}, "datetime": {"datetime": "2020-04-25 13:37:39", "elapsed": 4678.773401, "delta": 20.307397}}
{"target": 0.6399381999999999, "params": {"alpha": 0.03036789439927723, "colsample_bytree": 0.8684991747165287, "lam": 0.9199909186248155, "max_depth": 9.985328270016026, "min_child_weight": 9.204100768620673, "subsample": 0.8669616523823754}, "datetime": {"datetime": "2020-04-25 13:38:03", "elapsed": 4702.706152, "delta": 23.932751}}
{"target": 0.6401236, "params": {"alpha": 0.16987979831405975, "colsample_bytree": 0.8985279584199797, "lam": 0.011491948910945848, "max_depth": 6.8925809879548225, "min_child_weight": 8.761379581548145, "subsample": 0.8928857256771304}, "datetime": {"datetime": "2020-04-25 13:38:22", "elapsed": 4722.203967, "delta": 19.497815}}
{"target": 0.6148692, "params": {"alpha": 0.07809446120952546, "colsample_bytree": 0.6124417309318392, "lam": 0.997599303440195, "max_depth": 9.938806867435716, "min_child_weight": 5.894794891349222, "subsample": 0.8522129602754953}, "datetime": {"datetime": "2020-04-25 13:38:48", "elapsed": 4747.96137, "delta": 25.757403}}
{"target": 0.5685484, "params": {"alpha": 0.8683782553150382, "colsample_bytree": 0.5051539718699607, "lam": 0.01020332687051917, "max_depth": 8.50230115771506, "min_child_weight": 3.440655577880999, "subsample": 0.889896395545442}, "datetime": {"datetime": "2020-04-25 13:39:14", "elapsed": 4774.006105, "delta": 26.044735}}
{"target": 0.631577, "params": {"alpha": 0.9875439065091243, "colsample_bytree": 0.8699598004259166, "lam": 0.014837134016336573, "max_depth": 9.855546966464555, "min_child_weight": 9.05856404758799, "subsample": 0.879934496690998}, "datetime": {"datetime": "2020-04-25 13:39:41", "elapsed": 4801.068946, "delta": 27.062841}}
{"target": 0.6309212000000001, "params": {"alpha": 0.38736354149444385, "colsample_bytree": 0.8981802007415314, "lam": 0.46027408805231373, "max_depth": 7.2266902792390555, "min_child_weight": 3.7323407761547926, "subsample": 0.8978523717206004}, "datetime": {"datetime": "2020-04-25 13:39:58", "elapsed": 4817.680694, "delta": 16.611748}}
{"target": 0.6366956, "params": {"alpha": 0.6123331921120145, "colsample_bytree": 0.8788146022313035, "lam": 0.16017800594708487, "max_depth": 9.935366109502942, "min_child_weight": 9.105977415979323, "subsample": 0.5555687476464614}, "datetime": {"datetime": "2020-04-25 13:40:19", "elapsed": 4839.491664, "delta": 21.81097}}
{"target": 0.6197942000000001, "params": {"alpha": 0.680857231682201, "colsample_bytree": 0.8366495252134464, "lam": 0.0669932118914609, "max_depth": 8.71907454919487, "min_child_weight": 8.10305119631974, "subsample": 0.8846860802142351}, "datetime": {"datetime": "2020-04-25 13:40:42", "elapsed": 4862.023382, "delta": 22.531718}}
{"target": 0.6289452, "params": {"alpha": 0.9709800443867607, "colsample_bytree": 0.8996327982106278, "lam": 0.060274532041059925, "max_depth": 8.85106266016245, "min_child_weight": 5.585942548818668, "subsample": 0.8182074461070377}, "datetime": {"datetime": "2020-04-25 13:41:06", "elapsed": 4885.935168, "delta": 23.911786}}
{"target": 0.6355786, "params": {"alpha": 0.06263381395545087, "colsample_bytree": 0.8667354700257635, "lam": 0.47863456682622507, "max_depth": 9.536310290233747, "min_child_weight": 8.899404472950899, "subsample": 0.8129824198307793}, "datetime": {"datetime": "2020-04-25 13:41:29", "elapsed": 4909.332148, "delta": 23.39698}}
{"target": 0.6096648, "params": {"alpha": 0.12331217171878628, "colsample_bytree": 0.8835661885039161, "lam": 0.938968355714336, "max_depth": 8.222776234526131, "min_child_weight": 4.5047079155151, "subsample": 0.5153031354970012}, "datetime": {"datetime": "2020-04-25 13:41:56", "elapsed": 4936.14816, "delta": 26.816012}}
{"target": 0.6431321999999999, "params": {"alpha": 0.5761934170528134, "colsample_bytree": 0.8738667749902231, "lam": 0.0006223746810991582, "max_depth": 4.730514527932155, "min_child_weight": 8.136006362669832, "subsample": 0.8802906512837214}, "datetime": {"datetime": "2020-04-25 13:42:17", "elapsed": 4956.759537, "delta": 20.611377}}
{"target": 0.6246913999999999, "params": {"alpha": 0.08742925208364505, "colsample_bytree": 0.8982620480053218, "lam": 0.09484879202240304, "max_depth": 4.82667105222885, "min_child_weight": 1.796287964546589, "subsample": 0.888928676414271}, "datetime": {"datetime": "2020-04-25 13:42:33", "elapsed": 4973.105252, "delta": 16.345715}}
{"target": 0.6040958, "params": {"alpha": 0.9532367183618989, "colsample_bytree": 0.6442042290727708, "lam": 0.03920598278957299, "max_depth": 6.88974203286692, "min_child_weight": 6.101159966811244, "subsample": 0.5355822164666837}, "datetime": {"datetime": "2020-04-25 13:42:56", "elapsed": 4996.042089, "delta": 22.936837}}
{"target": 0.62357, "params": {"alpha": 0.3211577853325862, "colsample_bytree": 0.8984658256066973, "lam": 0.026740371500431293, "max_depth": 4.318125017711802, "min_child_weight": 8.05882061407743, "subsample": 0.5414757257647174}, "datetime": {"datetime": "2020-04-25 13:43:19", "elapsed": 5019.202378, "delta": 23.160289}}
{"target": 0.6297036, "params": {"alpha": 0.8180778869950299, "colsample_bytree": 0.7928905315314223, "lam": 0.10996056827795142, "max_depth": 9.977224951861327, "min_child_weight": 8.058971860021426, "subsample": 0.5609354808146098}, "datetime": {"datetime": "2020-04-25 13:43:43", "elapsed": 5043.031504, "delta": 23.829126}}
{"target": 0.6012972, "params": {"alpha": 5.6596828326704034e-08, "colsample_bytree": 0.9, "lam": 7.47849930215788e-08, "max_depth": 3.0, "min_child_weight": 1.0, "subsample": 0.8999999979157266}, "datetime": {"datetime": "2020-04-25 13:44:06", "elapsed": 5066.506301, "delta": 23.474797}}
{"target": 0.63369, "params": {"alpha": 0.01963549193067815, "colsample_bytree": 0.8772746687188611, "lam": 0.452884635455463, "max_depth": 4.972010363483641, "min_child_weight": 3.7578390205459877, "subsample": 0.5943343739085192}, "datetime": {"datetime": "2020-04-25 13:44:30", "elapsed": 5090.013393, "delta": 23.507092}}
{"target": 0.6173424000000001, "params": {"alpha": 0.6583228501746903, "colsample_bytree": 0.8745802959625659, "lam": 0.3615268260129225, "max_depth": 4.273239504191127, "min_child_weight": 9.979140019388144, "subsample": 0.5423895885309448}, "datetime": {"datetime": "2020-04-25 13:44:48", "elapsed": 5107.916026, "delta": 17.902633}}
{"target": 0.5860057999999999, "params": {"alpha": 0.9569960309428994, "colsample_bytree": 0.5196471563050461, "lam": 0.9679677205257768, "max_depth": 3.5295511740146117, "min_child_weight": 8.363501723407957, "subsample": 0.6222704333088729}, "datetime": {"datetime": "2020-04-25 13:45:09", "elapsed": 5129.137838, "delta": 21.221812}}
{"target": 0.6369046, "params": {"alpha": 0.0604235541017093, "colsample_bytree": 0.8981160213154934, "lam": 0.005719049803182608, "max_depth": 6.974504205004623, "min_child_weight": 9.062104553959408, "subsample": 0.8275663542226586}, "datetime": {"datetime": "2020-04-25 13:45:31", "elapsed": 5151.402722, "delta": 22.264884}}
{"target": 0.619316, "params": {"alpha": 0.004907354513001283, "colsample_bytree": 0.8300556111474384, "lam": 0.5835154520994361, "max_depth": 5.560063752256513, "min_child_weight": 4.783799938734687, "subsample": 0.8662765310259297}, "datetime": {"datetime": "2020-04-25 13:45:55", "elapsed": 5175.445073, "delta": 24.042351}}
{"target": 0.6310509999999999, "params": {"alpha": 1.0, "colsample_bytree": 0.9, "lam": 4.181885798663542e-10, "max_depth": 8.881593282824547, "min_child_weight": 6.836916161973223, "subsample": 0.9}, "datetime": {"datetime": "2020-04-25 13:46:18", "elapsed": 5198.467757, "delta": 23.022684}}
{"target": 0.624848, "params": {"alpha": 0.9946608287450546, "colsample_bytree": 0.839003060696893, "lam": 0.9613707430046304, "max_depth": 9.215456275428052, "min_child_weight": 5.408058736949217, "subsample": 0.5387418982020956}, "datetime": {"datetime": "2020-04-25 13:46:47", "elapsed": 5227.030767, "delta": 28.56301}}
{"target": 0.6406504, "params": {"alpha": 0.9970798411240823, "colsample_bytree": 0.802609692775831, "lam": 0.9912817721981123, "max_depth": 8.838602488441083, "min_child_weight": 8.196873631133009, "subsample": 0.8524910486041073}, "datetime": {"datetime": "2020-04-25 13:47:08", "elapsed": 5248.389558, "delta": 21.358791}}
{"target": 0.6210104, "params": {"alpha": 0.7869222614378324, "colsample_bytree": 0.8776880015441825, "lam": 0.9999999678134299, "max_depth": 6.612651971261117, "min_child_weight": 1.0000000600615273, "subsample": 0.8896017437557652}, "datetime": {"datetime": "2020-04-25 13:47:32", "elapsed": 5271.915898, "delta": 23.52634}}
{"target": 0.6298344, "params": {"alpha": 0.9703684706716506, "colsample_bytree": 0.8847088817480842, "lam": 0.8853068384384455, "max_depth": 4.97218951769075, "min_child_weight": 9.807543766822054, "subsample": 0.857001036202519}, "datetime": {"datetime": "2020-04-25 13:47:59", "elapsed": 5299.446756, "delta": 27.530858}}
{"target": 0.6403886, "params": {"alpha": 0.9787737459722302, "colsample_bytree": 0.8177062138155993, "lam": 0.8795588140002149, "max_depth": 5.169981527792295, "min_child_weight": 3.970106042649546, "subsample": 0.8933409207830896}, "datetime": {"datetime": "2020-04-25 13:48:18", "elapsed": 5318.052463, "delta": 18.605707}}
{"target": 0.6348056, "params": {"alpha": 0.06899239511803534, "colsample_bytree": 0.8569443368143346, "lam": 0.4815963491325854, "max_depth": 8.382642636136378, "min_child_weight": 6.795752686037699, "subsample": 0.8672687654346}, "datetime": {"datetime": "2020-04-25 13:48:43", "elapsed": 5343.020688, "delta": 24.968225}}
{"target": 0.6227548, "params": {"alpha": 0.0002726325399639018, "colsample_bytree": 0.7713657095708428, "lam": 0.614079939052049, "max_depth": 4.2609260202212225, "min_child_weight": 9.784560122691243, "subsample": 0.8964209974176591}, "datetime": {"datetime": "2020-04-25 13:49:08", "elapsed": 5368.476285, "delta": 25.455597}}
{"target": 0.6362532, "params": {"alpha": 0.08360078045262953, "colsample_bytree": 0.8948224282121862, "lam": 0.07259947368201303, "max_depth": 5.744445506101226, "min_child_weight": 7.831604469029407, "subsample": 0.8998551055506148}, "datetime": {"datetime": "2020-04-25 13:49:36", "elapsed": 5396.411612, "delta": 27.935327}}
{"target": 0.6337712, "params": {"alpha": 0.9966059666578319, "colsample_bytree": 0.8943349622325762, "lam": 0.061800436562833405, "max_depth": 6.863536565123155, "min_child_weight": 7.8300436134332845, "subsample": 0.856922503226214}, "datetime": {"datetime": "2020-04-25 13:49:56", "elapsed": 5415.683822, "delta": 19.27221}}
